2016-01-28 03:19:16,196 DEBUG [EBRE22_DeviceApplicationSTTL-116710] Executing Test Case ID: STTL-116710
2016-01-28 03:19:16,202 DEBUG [EBRE22_DeviceApplicationSTTL-116710] Executing Init_Selendroid function with APK as parameter and clear data value with 1
2016-01-28 03:19:26,560 DEBUG [EBRE22_DeviceApplicationSTTL-116710] Exiting Init_Selendroid function
2016-01-28 03:19:26,573 DEBUG [EBRE22_DeviceApplicationSTTL-116710] TestCase with Description "History:Back Navigation" Execution started
2016-01-28 03:19:26,574 DEBUG [EBRE22_DeviceApplicationSTTL-116710] In execute keyword function
2016-01-28 03:19:26,574 DEBUG [EBRE22_DeviceApplicationSTTL-116710] Executing wait function:
2016-01-28 03:19:26,574 DEBUG [EBRE22_DeviceApplicationSTTL-116710] Started Executing wait function
2016-01-28 03:19:28,574 DEBUG [EBRE22_DeviceApplicationSTTL-116710] Exiting from wait function
2016-01-28 03:19:28,574 DEBUG [EBRE22_DeviceApplicationSTTL-116710] TestStepResult of wait: Pass
2016-01-28 03:19:28,574 DEBUG [EBRE22_DeviceApplicationSTTL-116710] In execute keyword function
2016-01-28 03:19:28,574 DEBUG [EBRE22_DeviceApplicationSTTL-116710] Executing validate_PageTitle function:
2016-01-28 03:19:28,621 DEBUG [EBRE22_DeviceApplicationSTTL-116710] The title of the page is *********************************: RE 2.2 Tests
2016-01-28 03:19:28,621 DEBUG [EBRE22_DeviceApplicationSTTL-116710] The page title found is correct
2016-01-28 03:19:28,621 DEBUG [EBRE22_DeviceApplicationSTTL-116710] Result of validate_PageTitle: pass
2016-01-28 03:19:28,621 DEBUG [EBRE22_DeviceApplicationSTTL-116710] In execute keyword function
2016-01-28 03:19:28,621 DEBUG [EBRE22_DeviceApplicationSTTL-116710] Executing link_Click function:
2016-01-28 03:19:29,243 DEBUG [EBRE22_DeviceApplicationSTTL-116710] Executing Click function
2016-01-28 03:19:30,284 DEBUG [EBRE22_DeviceApplicationSTTL-116710] Exiting Click function
2016-01-28 03:19:30,284 DEBUG [EBRE22_DeviceApplicationSTTL-116710] DeviceApplication_test_link clicked successfully
2016-01-28 03:19:30,284 DEBUG [EBRE22_DeviceApplicationSTTL-116710] TestStepResult of link_Click: Pass
2016-01-28 03:19:30,284 DEBUG [EBRE22_DeviceApplicationSTTL-116710] In execute keyword function
2016-01-28 03:19:30,284 DEBUG [EBRE22_DeviceApplicationSTTL-116710] Executing wait function:
2016-01-28 03:19:30,284 DEBUG [EBRE22_DeviceApplicationSTTL-116710] Started Executing wait function
2016-01-28 03:19:32,284 DEBUG [EBRE22_DeviceApplicationSTTL-116710] Exiting from wait function
2016-01-28 03:19:32,284 DEBUG [EBRE22_DeviceApplicationSTTL-116710] TestStepResult of wait: Pass
2016-01-28 03:19:32,284 DEBUG [EBRE22_DeviceApplicationSTTL-116710] In execute keyword function
2016-01-28 03:19:32,284 DEBUG [EBRE22_DeviceApplicationSTTL-116710] Executing validate_PageTitle function:
2016-01-28 03:19:32,322 DEBUG [EBRE22_DeviceApplicationSTTL-116710] The title of the page is *********************************: Device & Application
2016-01-28 03:19:32,322 DEBUG [EBRE22_DeviceApplicationSTTL-116710] The page title found is correct
2016-01-28 03:19:32,322 DEBUG [EBRE22_DeviceApplicationSTTL-116710] Result of validate_PageTitle: pass
2016-01-28 03:19:32,322 DEBUG [EBRE22_DeviceApplicationSTTL-116710] In execute keyword function
2016-01-28 03:19:32,322 DEBUG [EBRE22_DeviceApplicationSTTL-116710] Executing SelectTestToRun function:
2016-01-28 03:19:36,056 DEBUG [EBRE22_DeviceApplicationSTTL-116710] Successfull in selecting clicking the category
2016-01-28 03:19:36,056 DEBUG [EBRE22_DeviceApplicationSTTL-116710] TestStepResult of SelectTestToRun: pass
2016-01-28 03:19:36,057 DEBUG [EBRE22_DeviceApplicationSTTL-116710] In execute keyword function
2016-01-28 03:19:36,057 DEBUG [EBRE22_DeviceApplicationSTTL-116710] Executing validate_Text_Exists function:
2016-01-28 03:19:36,327 DEBUG [EBRE22_DeviceApplicationSTTL-116710] VT187-1424 Testcase Text found
2016-01-28 03:19:36,327 DEBUG [EBRE22_DeviceApplicationSTTL-116710] Result of validate_Text_Exists: Pass
2016-01-28 03:19:36,327 DEBUG [EBRE22_DeviceApplicationSTTL-116710] In execute keyword function
2016-01-28 03:19:36,327 DEBUG [EBRE22_DeviceApplicationSTTL-116710] Executing ClickRunTest function:
2016-01-28 03:19:36,684 DEBUG [EBRE22_DeviceApplicationSTTL-116710] Executing Click function
2016-01-28 03:19:37,660 DEBUG [EBRE22_DeviceApplicationSTTL-116710] Exiting Click function
2016-01-28 03:19:37,660 DEBUG [EBRE22_DeviceApplicationSTTL-116710] runtest_top_xpath Button clicked Successfully
2016-01-28 03:19:37,660 DEBUG [EBRE22_DeviceApplicationSTTL-116710] TestStepResult of ClickRunTest: pass
2016-01-28 03:19:37,660 DEBUG [EBRE22_DeviceApplicationSTTL-116710] In execute keyword function
2016-01-28 03:19:37,660 DEBUG [EBRE22_DeviceApplicationSTTL-116710] Executing validate_PageTitle function:
2016-01-28 03:19:37,685 DEBUG [EBRE22_DeviceApplicationSTTL-116710] The title of the page is *********************************: RE 2.2 Tests
2016-01-28 03:19:37,685 DEBUG [EBRE22_DeviceApplicationSTTL-116710] The page title found is correct
2016-01-28 03:19:37,685 DEBUG [EBRE22_DeviceApplicationSTTL-116710] Result of validate_PageTitle: pass
2016-01-28 03:19:37,685 DEBUG [EBRE22_DeviceApplicationSTTL-116710] allstep_result contains: passpassPassPassPassnull
2016-01-28 03:19:37,685 DEBUG [EBRE22_DeviceApplicationSTTL-116710] allexpected_result contains: nullpassnullPassnullpassnullpassnull
2016-01-28 03:19:37,685 DEBUG [EBRE22_DeviceApplicationSTTL-116710] Testcase_Result contains: nullpassnullPassnullpassnullpassnullpasspassPassPassPassnull
2016-01-28 03:19:37,685 DEBUG [EBRE22_DeviceApplicationSTTL-116710] Test case with description History:Back Navigation Pass
2016-01-28 03:19:38,683 DEBUG [EBRE22_DeviceApplicationSTTL-116710] Executing browser_Quit function
2016-01-28 03:19:38,683 DEBUG [EBRE22_DeviceApplicationSTTL-116710] Completed browser_Quit function
2016-01-28 03:19:38,683 DEBUG [EBRE22_DeviceApplicationSTTL-116710] Completed quitSelendroid function
2016-01-28 03:19:38,684 DEBUG [EBRE22_DeviceApplicationSTTL-116710] Row number:11
2016-01-28 03:19:38,710 DEBUG [EBRE22_DeviceApplicationSTTL-116710] Ending Test Case IDSTTL-116710
