2016-01-28 03:19:38,721 DEBUG [EBRE22_DeviceApplicationSTTL-116711] Executing Test Case ID: STTL-116711
2016-01-28 03:19:38,734 DEBUG [EBRE22_DeviceApplicationSTTL-116711] Executing Init_Selendroid function with APK as parameter and clear data value with 1
2016-01-28 03:19:49,337 DEBUG [EBRE22_DeviceApplicationSTTL-116711] Exiting Init_Selendroid function
2016-01-28 03:19:49,351 DEBUG [EBRE22_DeviceApplicationSTTL-116711] TestCase with Description "Hourglass hidden" Execution started
2016-01-28 03:19:49,351 DEBUG [EBRE22_DeviceApplicationSTTL-116711] In execute keyword function
2016-01-28 03:19:49,351 DEBUG [EBRE22_DeviceApplicationSTTL-116711] Executing wait function:
2016-01-28 03:19:49,351 DEBUG [EBRE22_DeviceApplicationSTTL-116711] Started Executing wait function
2016-01-28 03:19:52,351 DEBUG [EBRE22_DeviceApplicationSTTL-116711] Exiting from wait function
2016-01-28 03:19:52,351 DEBUG [EBRE22_DeviceApplicationSTTL-116711] TestStepResult of wait: Pass
2016-01-28 03:19:52,351 DEBUG [EBRE22_DeviceApplicationSTTL-116711] In execute keyword function
2016-01-28 03:19:52,351 DEBUG [EBRE22_DeviceApplicationSTTL-116711] Executing validate_PageTitle function:
2016-01-28 03:19:52,395 DEBUG [EBRE22_DeviceApplicationSTTL-116711] The title of the page is *********************************: RE 2.2 Tests
2016-01-28 03:19:52,395 DEBUG [EBRE22_DeviceApplicationSTTL-116711] The page title found is correct
2016-01-28 03:19:52,395 DEBUG [EBRE22_DeviceApplicationSTTL-116711] Result of validate_PageTitle: pass
2016-01-28 03:19:52,395 DEBUG [EBRE22_DeviceApplicationSTTL-116711] In execute keyword function
2016-01-28 03:19:52,395 DEBUG [EBRE22_DeviceApplicationSTTL-116711] Executing link_Click function:
2016-01-28 03:19:52,985 DEBUG [EBRE22_DeviceApplicationSTTL-116711] Executing Click function
2016-01-28 03:19:54,040 DEBUG [EBRE22_DeviceApplicationSTTL-116711] Exiting Click function
2016-01-28 03:19:54,040 DEBUG [EBRE22_DeviceApplicationSTTL-116711] DeviceApplication_test_link clicked successfully
2016-01-28 03:19:54,040 DEBUG [EBRE22_DeviceApplicationSTTL-116711] TestStepResult of link_Click: Pass
2016-01-28 03:19:54,040 DEBUG [EBRE22_DeviceApplicationSTTL-116711] In execute keyword function
2016-01-28 03:19:54,041 DEBUG [EBRE22_DeviceApplicationSTTL-116711] Executing wait function:
2016-01-28 03:19:54,041 DEBUG [EBRE22_DeviceApplicationSTTL-116711] Started Executing wait function
2016-01-28 03:19:56,041 DEBUG [EBRE22_DeviceApplicationSTTL-116711] Exiting from wait function
2016-01-28 03:19:56,041 DEBUG [EBRE22_DeviceApplicationSTTL-116711] TestStepResult of wait: Pass
2016-01-28 03:19:56,041 DEBUG [EBRE22_DeviceApplicationSTTL-116711] In execute keyword function
2016-01-28 03:19:56,041 DEBUG [EBRE22_DeviceApplicationSTTL-116711] Executing validate_PageTitle function:
2016-01-28 03:19:56,080 DEBUG [EBRE22_DeviceApplicationSTTL-116711] The title of the page is *********************************: Device & Application
2016-01-28 03:19:56,080 DEBUG [EBRE22_DeviceApplicationSTTL-116711] The page title found is correct
2016-01-28 03:19:56,080 DEBUG [EBRE22_DeviceApplicationSTTL-116711] Result of validate_PageTitle: pass
2016-01-28 03:19:56,080 DEBUG [EBRE22_DeviceApplicationSTTL-116711] In execute keyword function
2016-01-28 03:19:56,080 DEBUG [EBRE22_DeviceApplicationSTTL-116711] Executing SelectTestToRun function:
2016-01-28 03:19:59,736 DEBUG [EBRE22_DeviceApplicationSTTL-116711] Successfull in selecting clicking the category
2016-01-28 03:19:59,736 DEBUG [EBRE22_DeviceApplicationSTTL-116711] TestStepResult of SelectTestToRun: pass
2016-01-28 03:19:59,736 DEBUG [EBRE22_DeviceApplicationSTTL-116711] In execute keyword function
2016-01-28 03:19:59,736 DEBUG [EBRE22_DeviceApplicationSTTL-116711] Executing validate_Text_Exists function:
2016-01-28 03:19:59,996 DEBUG [EBRE22_DeviceApplicationSTTL-116711] VT187-1431 Testcase Text found
2016-01-28 03:19:59,996 DEBUG [EBRE22_DeviceApplicationSTTL-116711] Result of validate_Text_Exists: Pass
2016-01-28 03:19:59,996 DEBUG [EBRE22_DeviceApplicationSTTL-116711] In execute keyword function
2016-01-28 03:19:59,996 DEBUG [EBRE22_DeviceApplicationSTTL-116711] Executing ClickRunTest function:
2016-01-28 03:20:00,298 DEBUG [EBRE22_DeviceApplicationSTTL-116711] Executing Click function
2016-01-28 03:20:01,266 DEBUG [EBRE22_DeviceApplicationSTTL-116711] Exiting Click function
2016-01-28 03:20:01,266 DEBUG [EBRE22_DeviceApplicationSTTL-116711] runtest_top_xpath Button clicked Successfully
2016-01-28 03:20:01,266 DEBUG [EBRE22_DeviceApplicationSTTL-116711] TestStepResult of ClickRunTest: pass
2016-01-28 03:20:01,266 DEBUG [EBRE22_DeviceApplicationSTTL-116711] In execute keyword function
2016-01-28 03:20:01,266 DEBUG [EBRE22_DeviceApplicationSTTL-116711] Executing validate_isIconDisplayed function:
2016-01-28 03:20:01,267 DEBUG [EBRE22_DeviceApplicationSTTL-116711] Entered validate_isIconDisplayed function
2016-01-28 03:20:01,711 DEBUG [EBRE22_DeviceApplicationSTTL-116711] Result of validate_isIconDisplayed: Pass
2016-01-28 03:20:01,712 DEBUG [EBRE22_DeviceApplicationSTTL-116711] In execute keyword function
2016-01-28 03:20:01,712 DEBUG [EBRE22_DeviceApplicationSTTL-116711] Executing wait function:
2016-01-28 03:20:01,712 DEBUG [EBRE22_DeviceApplicationSTTL-116711] Started Executing wait function
2016-01-28 03:20:11,713 DEBUG [EBRE22_DeviceApplicationSTTL-116711] Exiting from wait function
2016-01-28 03:20:11,713 DEBUG [EBRE22_DeviceApplicationSTTL-116711] TestStepResult of wait: Pass
2016-01-28 03:20:11,713 DEBUG [EBRE22_DeviceApplicationSTTL-116711] In execute keyword function
2016-01-28 03:20:11,713 DEBUG [EBRE22_DeviceApplicationSTTL-116711] Executing CheckUITextContains function:
2016-01-28 03:20:11,713 DEBUG [EBRE22_DeviceApplicationSTTL-116711] Started executeCommandLine function
2016-01-28 03:20:15,734 DEBUG [EBRE22_DeviceApplicationSTTL-116711] Text is Present
2016-01-28 03:20:15,734 DEBUG [EBRE22_DeviceApplicationSTTL-116711] TestStepResult of CheckUITextContains: Pass
2016-01-28 03:20:15,734 DEBUG [EBRE22_DeviceApplicationSTTL-116711] In execute keyword function
2016-01-28 03:20:15,734 DEBUG [EBRE22_DeviceApplicationSTTL-116711] Executing ClickUIButtonText function:
2016-01-28 03:20:15,734 DEBUG [EBRE22_DeviceApplicationSTTL-116711] Entered ClickUIButtonText function
2016-01-28 03:20:15,734 DEBUG [EBRE22_DeviceApplicationSTTL-116711] Started executeCommandLine function
2016-01-28 03:20:19,755 DEBUG [EBRE22_DeviceApplicationSTTL-116711] Started executeCommandLine function
2016-01-28 03:20:23,775 DEBUG [EBRE22_DeviceApplicationSTTL-116711] Exiting ClickUIButtonText function
2016-01-28 03:20:23,775 DEBUG [EBRE22_DeviceApplicationSTTL-116711] TestStepResult of ClickUIButtonText: Pass
2016-01-28 03:20:23,775 DEBUG [EBRE22_DeviceApplicationSTTL-116711] In execute keyword function
2016-01-28 03:20:23,775 DEBUG [EBRE22_DeviceApplicationSTTL-116711] Executing validate_isIconDisplayed function:
2016-01-28 03:20:23,775 DEBUG [EBRE22_DeviceApplicationSTTL-116711] Entered validate_isIconDisplayed function
2016-01-28 03:20:24,404 DEBUG [EBRE22_DeviceApplicationSTTL-116711] Result of validate_isIconDisplayed: Pass
2016-01-28 03:20:24,404 DEBUG [EBRE22_DeviceApplicationSTTL-116711] allstep_result contains: PassPassPasspasspassPassPassPassnull
2016-01-28 03:20:24,404 DEBUG [EBRE22_DeviceApplicationSTTL-116711] allexpected_result contains: nullPassnullPassnullPassnullpassnullpassnull
2016-01-28 03:20:24,404 DEBUG [EBRE22_DeviceApplicationSTTL-116711] Testcase_Result contains: nullPassnullPassnullPassnullpassnullpassnullPassPassPasspasspassPassPassPassnull
2016-01-28 03:20:24,404 DEBUG [EBRE22_DeviceApplicationSTTL-116711] Test case with description Hourglass hidden Pass
2016-01-28 03:20:25,478 DEBUG [EBRE22_DeviceApplicationSTTL-116711] Executing browser_Quit function
2016-01-28 03:20:25,478 DEBUG [EBRE22_DeviceApplicationSTTL-116711] Completed browser_Quit function
2016-01-28 03:20:25,478 DEBUG [EBRE22_DeviceApplicationSTTL-116711] Completed quitSelendroid function
2016-01-28 03:20:25,478 DEBUG [EBRE22_DeviceApplicationSTTL-116711] Row number:12
2016-01-28 03:20:25,509 DEBUG [EBRE22_DeviceApplicationSTTL-116711] Ending Test Case IDSTTL-116711
