2016-01-28 03:18:06,865 DEBUG [EBRE22_DeviceApplicationSTTL-116708] Executing Test Case ID: STTL-116708
2016-01-28 03:18:06,871 DEBUG [EBRE22_DeviceApplicationSTTL-116708] Executing Init_Selendroid function with APK as parameter and clear data value with 1
2016-01-28 03:18:16,869 DEBUG [EBRE22_DeviceApplicationSTTL-116708] Exiting Init_Selendroid function
2016-01-28 03:18:16,884 DEBUG [EBRE22_DeviceApplicationSTTL-116708] TestCase with Description "Restore with ApplicationEvent" Execution started
2016-01-28 03:18:16,884 DEBUG [EBRE22_DeviceApplicationSTTL-116708] In execute keyword function
2016-01-28 03:18:16,884 DEBUG [EBRE22_DeviceApplicationSTTL-116708] Executing wait function:
2016-01-28 03:18:16,884 DEBUG [EBRE22_DeviceApplicationSTTL-116708] Started Executing wait function
2016-01-28 03:18:19,884 DEBUG [EBRE22_DeviceApplicationSTTL-116708] Exiting from wait function
2016-01-28 03:18:19,884 DEBUG [EBRE22_DeviceApplicationSTTL-116708] TestStepResult of wait: Pass
2016-01-28 03:18:19,884 DEBUG [EBRE22_DeviceApplicationSTTL-116708] In execute keyword function
2016-01-28 03:18:19,884 DEBUG [EBRE22_DeviceApplicationSTTL-116708] Executing validate_PageTitle function:
2016-01-28 03:18:19,929 DEBUG [EBRE22_DeviceApplicationSTTL-116708] The title of the page is *********************************: RE 2.2 Tests
2016-01-28 03:18:19,929 DEBUG [EBRE22_DeviceApplicationSTTL-116708] The page title found is correct
2016-01-28 03:18:19,929 DEBUG [EBRE22_DeviceApplicationSTTL-116708] Result of validate_PageTitle: pass
2016-01-28 03:18:19,929 DEBUG [EBRE22_DeviceApplicationSTTL-116708] In execute keyword function
2016-01-28 03:18:19,929 DEBUG [EBRE22_DeviceApplicationSTTL-116708] Executing link_Click function:
2016-01-28 03:18:20,582 DEBUG [EBRE22_DeviceApplicationSTTL-116708] Executing Click function
2016-01-28 03:18:21,642 DEBUG [EBRE22_DeviceApplicationSTTL-116708] Exiting Click function
2016-01-28 03:18:21,642 DEBUG [EBRE22_DeviceApplicationSTTL-116708] DeviceApplication_test_link clicked successfully
2016-01-28 03:18:21,643 DEBUG [EBRE22_DeviceApplicationSTTL-116708] TestStepResult of link_Click: Pass
2016-01-28 03:18:21,643 DEBUG [EBRE22_DeviceApplicationSTTL-116708] In execute keyword function
2016-01-28 03:18:21,643 DEBUG [EBRE22_DeviceApplicationSTTL-116708] Executing wait function:
2016-01-28 03:18:21,643 DEBUG [EBRE22_DeviceApplicationSTTL-116708] Started Executing wait function
2016-01-28 03:18:23,644 DEBUG [EBRE22_DeviceApplicationSTTL-116708] Exiting from wait function
2016-01-28 03:18:23,644 DEBUG [EBRE22_DeviceApplicationSTTL-116708] TestStepResult of wait: Pass
2016-01-28 03:18:23,644 DEBUG [EBRE22_DeviceApplicationSTTL-116708] In execute keyword function
2016-01-28 03:18:23,644 DEBUG [EBRE22_DeviceApplicationSTTL-116708] Executing validate_PageTitle function:
2016-01-28 03:18:23,679 DEBUG [EBRE22_DeviceApplicationSTTL-116708] The title of the page is *********************************: Device & Application
2016-01-28 03:18:23,679 DEBUG [EBRE22_DeviceApplicationSTTL-116708] The page title found is correct
2016-01-28 03:18:23,679 DEBUG [EBRE22_DeviceApplicationSTTL-116708] Result of validate_PageTitle: pass
2016-01-28 03:18:23,679 DEBUG [EBRE22_DeviceApplicationSTTL-116708] In execute keyword function
2016-01-28 03:18:23,679 DEBUG [EBRE22_DeviceApplicationSTTL-116708] Executing SelectTestToRun function:
2016-01-28 03:18:26,594 DEBUG [EBRE22_DeviceApplicationSTTL-116708] Successfull in selecting clicking the category
2016-01-28 03:18:26,594 DEBUG [EBRE22_DeviceApplicationSTTL-116708] TestStepResult of SelectTestToRun: pass
2016-01-28 03:18:26,594 DEBUG [EBRE22_DeviceApplicationSTTL-116708] In execute keyword function
2016-01-28 03:18:26,594 DEBUG [EBRE22_DeviceApplicationSTTL-116708] Executing validate_Text_Exists function:
2016-01-28 03:18:26,860 DEBUG [EBRE22_DeviceApplicationSTTL-116708] VT187-1370 Testcase Text found
2016-01-28 03:18:26,860 DEBUG [EBRE22_DeviceApplicationSTTL-116708] Result of validate_Text_Exists: Pass
2016-01-28 03:18:26,860 DEBUG [EBRE22_DeviceApplicationSTTL-116708] In execute keyword function
2016-01-28 03:18:26,861 DEBUG [EBRE22_DeviceApplicationSTTL-116708] Executing ClickRunTest function:
2016-01-28 03:18:27,183 DEBUG [EBRE22_DeviceApplicationSTTL-116708] Executing Click function
2016-01-28 03:18:28,207 DEBUG [EBRE22_DeviceApplicationSTTL-116708] Exiting Click function
2016-01-28 03:18:28,208 DEBUG [EBRE22_DeviceApplicationSTTL-116708] runtest_top_xpath Button clicked Successfully
2016-01-28 03:18:28,208 DEBUG [EBRE22_DeviceApplicationSTTL-116708] TestStepResult of ClickRunTest: pass
2016-01-28 03:18:28,208 DEBUG [EBRE22_DeviceApplicationSTTL-116708] In execute keyword function
2016-01-28 03:18:28,208 DEBUG [EBRE22_DeviceApplicationSTTL-116708] Executing validate_AppMinimized function:
2016-01-28 03:18:28,208 DEBUG [EBRE22_DeviceApplicationSTTL-116708] Started Executing validate_AppMinimized function
2016-01-28 03:18:28,208 DEBUG [EBRE22_DeviceApplicationSTTL-116708] Started Executing Validate_App_launched_Device function
2016-01-28 03:18:28,208 DEBUG [EBRE22_DeviceApplicationSTTL-116708] Entered CheckUIButtonExists function
2016-01-28 03:18:28,208 DEBUG [EBRE22_DeviceApplicationSTTL-116708] Started executeCommandLine function
2016-01-28 03:18:32,229 DEBUG [EBRE22_DeviceApplicationSTTL-116708] Exiting from executeCommandLine function
2016-01-28 03:18:32,229 DEBUG [EBRE22_DeviceApplicationSTTL-116708] Button is not Present
2016-01-28 03:18:32,229 DEBUG [EBRE22_DeviceApplicationSTTL-116708] Exiting from CheckUIButtonExists function
2016-01-28 03:18:32,229 DEBUG [EBRE22_DeviceApplicationSTTL-116708] Started executeCommandLine function
2016-01-28 03:18:36,250 DEBUG [EBRE22_DeviceApplicationSTTL-116708] Exiting from executeCommandLine function
2016-01-28 03:18:36,250 DEBUG [EBRE22_DeviceApplicationSTTL-116708] Started executeCommandLine function
2016-01-28 03:18:40,270 DEBUG [EBRE22_DeviceApplicationSTTL-116708] Exiting from executeCommandLine function
2016-01-28 03:18:40,270 DEBUG [EBRE22_DeviceApplicationSTTL-116708] Given App is not in Foreground
2016-01-28 03:18:40,270 DEBUG [EBRE22_DeviceApplicationSTTL-116708] Exiting Validate_App_launched_Device function
2016-01-28 03:18:40,270 DEBUG [EBRE22_DeviceApplicationSTTL-116708] Not in com.symbol.enterprisebrowser screen
2016-01-28 03:18:40,270 DEBUG [EBRE22_DeviceApplicationSTTL-116708] Exiting validate_AppMinimized function
2016-01-28 03:18:40,270 DEBUG [EBRE22_DeviceApplicationSTTL-116708] Result of validate_AppMinimized: Pass
2016-01-28 03:18:40,270 DEBUG [EBRE22_DeviceApplicationSTTL-116708] In execute keyword function
2016-01-28 03:18:40,270 DEBUG [EBRE22_DeviceApplicationSTTL-116708] Executing wait function:
2016-01-28 03:18:40,270 DEBUG [EBRE22_DeviceApplicationSTTL-116708] Started Executing wait function
2016-01-28 03:18:50,271 DEBUG [EBRE22_DeviceApplicationSTTL-116708] Exiting from wait function
2016-01-28 03:18:50,271 DEBUG [EBRE22_DeviceApplicationSTTL-116708] TestStepResult of wait: Pass
2016-01-28 03:18:50,271 DEBUG [EBRE22_DeviceApplicationSTTL-116708] In execute keyword function
2016-01-28 03:18:50,271 DEBUG [EBRE22_DeviceApplicationSTTL-116708] Executing validate_PageTitle function:
2016-01-28 03:18:50,315 DEBUG [EBRE22_DeviceApplicationSTTL-116708] The title of the page is *********************************: Device & Application
2016-01-28 03:18:50,315 DEBUG [EBRE22_DeviceApplicationSTTL-116708] The page title found is correct
2016-01-28 03:18:50,315 DEBUG [EBRE22_DeviceApplicationSTTL-116708] Result of validate_PageTitle: pass
2016-01-28 03:18:50,315 DEBUG [EBRE22_DeviceApplicationSTTL-116708] In execute keyword function
2016-01-28 03:18:50,315 DEBUG [EBRE22_DeviceApplicationSTTL-116708] Executing validate_Result function:
2016-01-28 03:18:50,552 DEBUG [EBRE22_DeviceApplicationSTTL-116708] Minimized Text found in {"applicationState":"Minimized"}
{"applicationState":"Restored"}
2016-01-28 03:18:50,553 DEBUG [EBRE22_DeviceApplicationSTTL-116708] Result of validate_Result: Pass
2016-01-28 03:18:50,553 DEBUG [EBRE22_DeviceApplicationSTTL-116708] In execute keyword function
2016-01-28 03:18:50,553 DEBUG [EBRE22_DeviceApplicationSTTL-116708] Executing validate_Result function:
2016-01-28 03:18:50,725 DEBUG [EBRE22_DeviceApplicationSTTL-116708] Restored Text found in {"applicationState":"Minimized"}
{"applicationState":"Restored"}
2016-01-28 03:18:50,725 DEBUG [EBRE22_DeviceApplicationSTTL-116708] Result of validate_Result: Pass
2016-01-28 03:18:50,725 DEBUG [EBRE22_DeviceApplicationSTTL-116708] allstep_result contains: PasspasspassPassPassPassnull
2016-01-28 03:18:50,725 DEBUG [EBRE22_DeviceApplicationSTTL-116708] allexpected_result contains: nullpassPassPassnullPassnullPassnullpassnullpassnull
2016-01-28 03:18:50,725 DEBUG [EBRE22_DeviceApplicationSTTL-116708] Testcase_Result contains: nullpassPassPassnullPassnullPassnullpassnullpassnullPasspasspassPassPassPassnull
2016-01-28 03:18:50,725 DEBUG [EBRE22_DeviceApplicationSTTL-116708] Test case with description Restore with ApplicationEvent Pass
2016-01-28 03:18:51,753 DEBUG [EBRE22_DeviceApplicationSTTL-116708] Executing browser_Quit function
2016-01-28 03:18:51,753 DEBUG [EBRE22_DeviceApplicationSTTL-116708] Completed browser_Quit function
2016-01-28 03:18:51,753 DEBUG [EBRE22_DeviceApplicationSTTL-116708] Completed quitSelendroid function
2016-01-28 03:18:51,753 DEBUG [EBRE22_DeviceApplicationSTTL-116708] Row number:9
2016-01-28 03:18:51,787 DEBUG [EBRE22_DeviceApplicationSTTL-116708] Ending Test Case IDSTTL-116708
