2016-01-28 03:15:08,835 DEBUG [EBRE22_DeviceApplicationSTTL-116704] Executing Test Case ID: STTL-116704
2016-01-28 03:15:08,841 DEBUG [EBRE22_DeviceApplicationSTTL-116704] Executing Init_Selendroid function with APK as parameter and clear data value with 1
2016-01-28 03:15:19,357 DEBUG [EBRE22_DeviceApplicationSTTL-116704] Exiting Init_Selendroid function
2016-01-28 03:15:19,371 DEBUG [EBRE22_DeviceApplicationSTTL-116704] TestCase with Description "Minimize with javascript ApplicationEvent" Execution started
2016-01-28 03:15:19,371 DEBUG [EBRE22_DeviceApplicationSTTL-116704] In execute keyword function
2016-01-28 03:15:19,371 DEBUG [EBRE22_DeviceApplicationSTTL-116704] Executing wait function:
2016-01-28 03:15:19,371 DEBUG [EBRE22_DeviceApplicationSTTL-116704] Started Executing wait function
2016-01-28 03:15:22,371 DEBUG [EBRE22_DeviceApplicationSTTL-116704] Exiting from wait function
2016-01-28 03:15:22,371 DEBUG [EBRE22_DeviceApplicationSTTL-116704] TestStepResult of wait: Pass
2016-01-28 03:15:22,371 DEBUG [EBRE22_DeviceApplicationSTTL-116704] In execute keyword function
2016-01-28 03:15:22,371 DEBUG [EBRE22_DeviceApplicationSTTL-116704] Executing validate_PageTitle function:
2016-01-28 03:15:22,415 DEBUG [EBRE22_DeviceApplicationSTTL-116704] The title of the page is *********************************: RE 2.2 Tests
2016-01-28 03:15:22,415 DEBUG [EBRE22_DeviceApplicationSTTL-116704] The page title found is correct
2016-01-28 03:15:22,415 DEBUG [EBRE22_DeviceApplicationSTTL-116704] Result of validate_PageTitle: pass
2016-01-28 03:15:22,415 DEBUG [EBRE22_DeviceApplicationSTTL-116704] In execute keyword function
2016-01-28 03:15:22,415 DEBUG [EBRE22_DeviceApplicationSTTL-116704] Executing link_Click function:
2016-01-28 03:15:23,016 DEBUG [EBRE22_DeviceApplicationSTTL-116704] Executing Click function
2016-01-28 03:15:24,028 DEBUG [EBRE22_DeviceApplicationSTTL-116704] Exiting Click function
2016-01-28 03:15:24,029 DEBUG [EBRE22_DeviceApplicationSTTL-116704] DeviceApplication_test_link clicked successfully
2016-01-28 03:15:24,029 DEBUG [EBRE22_DeviceApplicationSTTL-116704] TestStepResult of link_Click: Pass
2016-01-28 03:15:24,029 DEBUG [EBRE22_DeviceApplicationSTTL-116704] In execute keyword function
2016-01-28 03:15:24,029 DEBUG [EBRE22_DeviceApplicationSTTL-116704] Executing wait function:
2016-01-28 03:15:24,029 DEBUG [EBRE22_DeviceApplicationSTTL-116704] Started Executing wait function
2016-01-28 03:15:26,029 DEBUG [EBRE22_DeviceApplicationSTTL-116704] Exiting from wait function
2016-01-28 03:15:26,029 DEBUG [EBRE22_DeviceApplicationSTTL-116704] TestStepResult of wait: Pass
2016-01-28 03:15:26,029 DEBUG [EBRE22_DeviceApplicationSTTL-116704] In execute keyword function
2016-01-28 03:15:26,029 DEBUG [EBRE22_DeviceApplicationSTTL-116704] Executing validate_PageTitle function:
2016-01-28 03:15:26,074 DEBUG [EBRE22_DeviceApplicationSTTL-116704] The title of the page is *********************************: Device & Application
2016-01-28 03:15:26,074 DEBUG [EBRE22_DeviceApplicationSTTL-116704] The page title found is correct
2016-01-28 03:15:26,074 DEBUG [EBRE22_DeviceApplicationSTTL-116704] Result of validate_PageTitle: pass
2016-01-28 03:15:26,074 DEBUG [EBRE22_DeviceApplicationSTTL-116704] In execute keyword function
2016-01-28 03:15:26,074 DEBUG [EBRE22_DeviceApplicationSTTL-116704] Executing SelectTestToRun function:
2016-01-28 03:15:28,963 DEBUG [EBRE22_DeviceApplicationSTTL-116704] Successfull in selecting clicking the category
2016-01-28 03:15:28,963 DEBUG [EBRE22_DeviceApplicationSTTL-116704] TestStepResult of SelectTestToRun: pass
2016-01-28 03:15:28,963 DEBUG [EBRE22_DeviceApplicationSTTL-116704] In execute keyword function
2016-01-28 03:15:28,963 DEBUG [EBRE22_DeviceApplicationSTTL-116704] Executing validate_Text_Exists function:
2016-01-28 03:15:29,244 DEBUG [EBRE22_DeviceApplicationSTTL-116704] VT187-1369 Testcase Text found
2016-01-28 03:15:29,244 DEBUG [EBRE22_DeviceApplicationSTTL-116704] Result of validate_Text_Exists: Pass
2016-01-28 03:15:29,244 DEBUG [EBRE22_DeviceApplicationSTTL-116704] In execute keyword function
2016-01-28 03:15:29,244 DEBUG [EBRE22_DeviceApplicationSTTL-116704] Executing ClickRunTest function:
2016-01-28 03:15:29,591 DEBUG [EBRE22_DeviceApplicationSTTL-116704] Executing Click function
2016-01-28 03:15:30,605 DEBUG [EBRE22_DeviceApplicationSTTL-116704] Exiting Click function
2016-01-28 03:15:30,605 DEBUG [EBRE22_DeviceApplicationSTTL-116704] runtest_top_xpath Button clicked Successfully
2016-01-28 03:15:30,605 DEBUG [EBRE22_DeviceApplicationSTTL-116704] TestStepResult of ClickRunTest: pass
2016-01-28 03:15:30,605 DEBUG [EBRE22_DeviceApplicationSTTL-116704] In execute keyword function
2016-01-28 03:15:30,605 DEBUG [EBRE22_DeviceApplicationSTTL-116704] Executing wait function:
2016-01-28 03:15:30,605 DEBUG [EBRE22_DeviceApplicationSTTL-116704] Started Executing wait function
2016-01-28 03:15:32,605 DEBUG [EBRE22_DeviceApplicationSTTL-116704] Exiting from wait function
2016-01-28 03:15:32,605 DEBUG [EBRE22_DeviceApplicationSTTL-116704] TestStepResult of wait: Pass
2016-01-28 03:15:32,605 DEBUG [EBRE22_DeviceApplicationSTTL-116704] In execute keyword function
2016-01-28 03:15:32,605 DEBUG [EBRE22_DeviceApplicationSTTL-116704] Executing validate_AppMinimized function:
2016-01-28 03:15:32,605 DEBUG [EBRE22_DeviceApplicationSTTL-116704] Started Executing validate_AppMinimized function
2016-01-28 03:15:32,605 DEBUG [EBRE22_DeviceApplicationSTTL-116704] Started Executing Validate_App_launched_Device function
2016-01-28 03:15:32,605 DEBUG [EBRE22_DeviceApplicationSTTL-116704] Entered CheckUIButtonExists function
2016-01-28 03:15:32,605 DEBUG [EBRE22_DeviceApplicationSTTL-116704] Started executeCommandLine function
2016-01-28 03:15:36,626 DEBUG [EBRE22_DeviceApplicationSTTL-116704] Exiting from executeCommandLine function
2016-01-28 03:15:36,626 DEBUG [EBRE22_DeviceApplicationSTTL-116704] Button is not Present
2016-01-28 03:15:36,626 DEBUG [EBRE22_DeviceApplicationSTTL-116704] Exiting from CheckUIButtonExists function
2016-01-28 03:15:36,626 DEBUG [EBRE22_DeviceApplicationSTTL-116704] Started executeCommandLine function
2016-01-28 03:15:40,646 DEBUG [EBRE22_DeviceApplicationSTTL-116704] Exiting from executeCommandLine function
2016-01-28 03:15:40,646 DEBUG [EBRE22_DeviceApplicationSTTL-116704] Started executeCommandLine function
2016-01-28 03:15:44,667 DEBUG [EBRE22_DeviceApplicationSTTL-116704] Exiting from executeCommandLine function
2016-01-28 03:15:44,667 DEBUG [EBRE22_DeviceApplicationSTTL-116704] Given App is not in Foreground
2016-01-28 03:15:44,667 DEBUG [EBRE22_DeviceApplicationSTTL-116704] Exiting Validate_App_launched_Device function
2016-01-28 03:15:44,667 DEBUG [EBRE22_DeviceApplicationSTTL-116704] Not in com.symbol.enterprisebrowser screen
2016-01-28 03:15:44,667 DEBUG [EBRE22_DeviceApplicationSTTL-116704] Exiting validate_AppMinimized function
2016-01-28 03:15:44,667 DEBUG [EBRE22_DeviceApplicationSTTL-116704] Result of validate_AppMinimized: Pass
2016-01-28 03:15:44,667 DEBUG [EBRE22_DeviceApplicationSTTL-116704] In execute keyword function
2016-01-28 03:15:44,667 DEBUG [EBRE22_DeviceApplicationSTTL-116704] Executing launch_App_Device function:
2016-01-28 03:15:44,667 DEBUG [EBRE22_DeviceApplicationSTTL-116704] Started Executing Launch_App_Device function
2016-01-28 03:15:44,667 DEBUG [EBRE22_DeviceApplicationSTTL-116704] Started executeCommandLine function
2016-01-28 03:15:48,687 DEBUG [EBRE22_DeviceApplicationSTTL-116704] Exiting from executeCommandLine function
2016-01-28 03:15:49,687 DEBUG [EBRE22_DeviceApplicationSTTL-116704] Successfully launched the App
2016-01-28 03:15:49,687 DEBUG [EBRE22_DeviceApplicationSTTL-116704] Exiting Launch_App_Device function
2016-01-28 03:15:49,687 DEBUG [EBRE22_DeviceApplicationSTTL-116704] TestStepResult of launch_App_Device: Pass
2016-01-28 03:15:49,687 DEBUG [EBRE22_DeviceApplicationSTTL-116704] In execute keyword function
2016-01-28 03:15:49,687 DEBUG [EBRE22_DeviceApplicationSTTL-116704] Executing validate_Result function:
2016-01-28 03:15:49,985 DEBUG [EBRE22_DeviceApplicationSTTL-116704] Minimized Text found in "Minimized"
"Restored"
2016-01-28 03:15:49,985 DEBUG [EBRE22_DeviceApplicationSTTL-116704] Result of validate_Result: Pass
2016-01-28 03:15:49,985 DEBUG [EBRE22_DeviceApplicationSTTL-116704] In execute keyword function
2016-01-28 03:15:49,985 DEBUG [EBRE22_DeviceApplicationSTTL-116704] Executing validate_Result function:
2016-01-28 03:15:50,126 DEBUG [EBRE22_DeviceApplicationSTTL-116704] Restored Text found in "Minimized"
"Restored"
2016-01-28 03:15:50,126 DEBUG [EBRE22_DeviceApplicationSTTL-116704] Result of validate_Result: Pass
2016-01-28 03:15:50,126 DEBUG [EBRE22_DeviceApplicationSTTL-116704] allstep_result contains: PassPasspasspassPassPassPassnull
2016-01-28 03:15:50,126 DEBUG [EBRE22_DeviceApplicationSTTL-116704] allexpected_result contains: nullPassPassnullPassnullPassnullpassnullpassnull
2016-01-28 03:15:50,126 DEBUG [EBRE22_DeviceApplicationSTTL-116704] Testcase_Result contains: nullPassPassnullPassnullPassnullpassnullpassnullPassPasspasspassPassPassPassnull
2016-01-28 03:15:50,126 DEBUG [EBRE22_DeviceApplicationSTTL-116704] Test case with description Minimize with javascript ApplicationEvent Pass
2016-01-28 03:15:51,146 DEBUG [EBRE22_DeviceApplicationSTTL-116704] Executing browser_Quit function
2016-01-28 03:15:51,147 DEBUG [EBRE22_DeviceApplicationSTTL-116704] Completed browser_Quit function
2016-01-28 03:15:51,147 DEBUG [EBRE22_DeviceApplicationSTTL-116704] Completed quitSelendroid function
2016-01-28 03:15:51,147 DEBUG [EBRE22_DeviceApplicationSTTL-116704] Row number:5
2016-01-28 03:15:51,190 DEBUG [EBRE22_DeviceApplicationSTTL-116704] Ending Test Case IDSTTL-116704
