2016-01-28 03:13:12,098 DEBUG [EBRE22_DeviceApplicationSTTL-116702] Executing Test Case ID: STTL-116702
2016-01-28 03:13:12,104 DEBUG [EBRE22_DeviceApplicationSTTL-116702] Executing Init_Selendroid function with APK as parameter and clear data value with 1
2016-01-28 03:13:22,472 DEBUG [EBRE22_DeviceApplicationSTTL-116702] Exiting Init_Selendroid function
2016-01-28 03:13:22,487 DEBUG [EBRE22_DeviceApplicationSTTL-116702] TestCase with Description "Set the alarm with Repeat value to true." Execution started
2016-01-28 03:13:22,487 DEBUG [EBRE22_DeviceApplicationSTTL-116702] In execute keyword function
2016-01-28 03:13:22,487 DEBUG [EBRE22_DeviceApplicationSTTL-116702] Executing wait function:
2016-01-28 03:13:22,487 DEBUG [EBRE22_DeviceApplicationSTTL-116702] Started Executing wait function
2016-01-28 03:13:25,488 DEBUG [EBRE22_DeviceApplicationSTTL-116702] Exiting from wait function
2016-01-28 03:13:25,488 DEBUG [EBRE22_DeviceApplicationSTTL-116702] TestStepResult of wait: Pass
2016-01-28 03:13:25,488 DEBUG [EBRE22_DeviceApplicationSTTL-116702] In execute keyword function
2016-01-28 03:13:25,488 DEBUG [EBRE22_DeviceApplicationSTTL-116702] Executing validate_PageTitle function:
2016-01-28 03:13:25,529 DEBUG [EBRE22_DeviceApplicationSTTL-116702] The title of the page is *********************************: RE 2.2 Tests
2016-01-28 03:13:25,529 DEBUG [EBRE22_DeviceApplicationSTTL-116702] The page title found is correct
2016-01-28 03:13:25,529 DEBUG [EBRE22_DeviceApplicationSTTL-116702] Result of validate_PageTitle: pass
2016-01-28 03:13:25,529 DEBUG [EBRE22_DeviceApplicationSTTL-116702] In execute keyword function
2016-01-28 03:13:25,529 DEBUG [EBRE22_DeviceApplicationSTTL-116702] Executing link_Click function:
2016-01-28 03:13:26,103 DEBUG [EBRE22_DeviceApplicationSTTL-116702] Executing Click function
2016-01-28 03:13:27,127 DEBUG [EBRE22_DeviceApplicationSTTL-116702] Exiting Click function
2016-01-28 03:13:27,128 DEBUG [EBRE22_DeviceApplicationSTTL-116702] DeviceApplication_test_link clicked successfully
2016-01-28 03:13:27,128 DEBUG [EBRE22_DeviceApplicationSTTL-116702] TestStepResult of link_Click: Pass
2016-01-28 03:13:27,128 DEBUG [EBRE22_DeviceApplicationSTTL-116702] In execute keyword function
2016-01-28 03:13:27,128 DEBUG [EBRE22_DeviceApplicationSTTL-116702] Executing wait function:
2016-01-28 03:13:27,128 DEBUG [EBRE22_DeviceApplicationSTTL-116702] Started Executing wait function
2016-01-28 03:13:29,128 DEBUG [EBRE22_DeviceApplicationSTTL-116702] Exiting from wait function
2016-01-28 03:13:29,128 DEBUG [EBRE22_DeviceApplicationSTTL-116702] TestStepResult of wait: Pass
2016-01-28 03:13:29,128 DEBUG [EBRE22_DeviceApplicationSTTL-116702] In execute keyword function
2016-01-28 03:13:29,128 DEBUG [EBRE22_DeviceApplicationSTTL-116702] Executing validate_PageTitle function:
2016-01-28 03:13:29,166 DEBUG [EBRE22_DeviceApplicationSTTL-116702] The title of the page is *********************************: Device & Application
2016-01-28 03:13:29,167 DEBUG [EBRE22_DeviceApplicationSTTL-116702] The page title found is correct
2016-01-28 03:13:29,167 DEBUG [EBRE22_DeviceApplicationSTTL-116702] Result of validate_PageTitle: pass
2016-01-28 03:13:29,167 DEBUG [EBRE22_DeviceApplicationSTTL-116702] In execute keyword function
2016-01-28 03:13:29,167 DEBUG [EBRE22_DeviceApplicationSTTL-116702] Executing SelectTestToRun function:
2016-01-28 03:13:29,875 DEBUG [EBRE22_DeviceApplicationSTTL-116702] Successfull in selecting clicking the category
2016-01-28 03:13:29,875 DEBUG [EBRE22_DeviceApplicationSTTL-116702] TestStepResult of SelectTestToRun: pass
2016-01-28 03:13:29,875 DEBUG [EBRE22_DeviceApplicationSTTL-116702] In execute keyword function
2016-01-28 03:13:29,875 DEBUG [EBRE22_DeviceApplicationSTTL-116702] Executing validate_Text_Exists function:
2016-01-28 03:13:30,153 DEBUG [EBRE22_DeviceApplicationSTTL-116702] VT187-1349 Testcase Text found
2016-01-28 03:13:30,153 DEBUG [EBRE22_DeviceApplicationSTTL-116702] Result of validate_Text_Exists: Pass
2016-01-28 03:13:30,153 DEBUG [EBRE22_DeviceApplicationSTTL-116702] In execute keyword function
2016-01-28 03:13:30,153 DEBUG [EBRE22_DeviceApplicationSTTL-116702] Executing ClickRunTest function:
2016-01-28 03:13:30,446 DEBUG [EBRE22_DeviceApplicationSTTL-116702] Executing Click function
2016-01-28 03:13:31,486 DEBUG [EBRE22_DeviceApplicationSTTL-116702] Exiting Click function
2016-01-28 03:13:31,486 DEBUG [EBRE22_DeviceApplicationSTTL-116702] runtest_top_xpath Button clicked Successfully
2016-01-28 03:13:31,486 DEBUG [EBRE22_DeviceApplicationSTTL-116702] TestStepResult of ClickRunTest: pass
2016-01-28 03:13:31,486 DEBUG [EBRE22_DeviceApplicationSTTL-116702] In execute keyword function
2016-01-28 03:13:31,486 DEBUG [EBRE22_DeviceApplicationSTTL-116702] Executing wait function:
2016-01-28 03:13:31,486 DEBUG [EBRE22_DeviceApplicationSTTL-116702] Started Executing wait function
2016-01-28 03:14:31,489 DEBUG [EBRE22_DeviceApplicationSTTL-116702] Exiting from wait function
2016-01-28 03:14:31,489 DEBUG [EBRE22_DeviceApplicationSTTL-116702] TestStepResult of wait: Pass
2016-01-28 03:14:31,489 DEBUG [EBRE22_DeviceApplicationSTTL-116702] In execute keyword function
2016-01-28 03:14:31,489 DEBUG [EBRE22_DeviceApplicationSTTL-116702] Executing validate_Result function:
2016-01-28 03:14:31,741 DEBUG [EBRE22_DeviceApplicationSTTL-116702] Alarm Triggered Text found in Alarm Triggered
Count = 2
2016-01-28 03:14:31,741 DEBUG [EBRE22_DeviceApplicationSTTL-116702] Result of validate_Result: Pass
2016-01-28 03:14:31,741 DEBUG [EBRE22_DeviceApplicationSTTL-116702] In execute keyword function
2016-01-28 03:14:31,741 DEBUG [EBRE22_DeviceApplicationSTTL-116702] Executing validate_Result function:
2016-01-28 03:14:31,885 DEBUG [EBRE22_DeviceApplicationSTTL-116702] 2 Text found in Alarm Triggered
Count = 2
2016-01-28 03:14:31,885 DEBUG [EBRE22_DeviceApplicationSTTL-116702] Result of validate_Result: Pass
2016-01-28 03:14:31,885 DEBUG [EBRE22_DeviceApplicationSTTL-116702] allstep_result contains: PasspasspassPassPassPassnull
2016-01-28 03:14:31,885 DEBUG [EBRE22_DeviceApplicationSTTL-116702] allexpected_result contains: nullPassPassnullPassnullpassnullpassnull
2016-01-28 03:14:31,885 DEBUG [EBRE22_DeviceApplicationSTTL-116702] Testcase_Result contains: nullPassPassnullPassnullpassnullpassnullPasspasspassPassPassPassnull
2016-01-28 03:14:31,885 DEBUG [EBRE22_DeviceApplicationSTTL-116702] Test case with description Set the alarm with Repeat value to true. Pass
2016-01-28 03:14:32,945 DEBUG [EBRE22_DeviceApplicationSTTL-116702] Executing browser_Quit function
2016-01-28 03:14:32,945 DEBUG [EBRE22_DeviceApplicationSTTL-116702] Completed browser_Quit function
2016-01-28 03:14:32,945 DEBUG [EBRE22_DeviceApplicationSTTL-116702] Completed quitSelendroid function
2016-01-28 03:14:32,945 DEBUG [EBRE22_DeviceApplicationSTTL-116702] Row number:3
2016-01-28 03:14:32,974 DEBUG [EBRE22_DeviceApplicationSTTL-116702] Ending Test Case IDSTTL-116702
