2016-01-28 03:22:46,777 DEBUG [EBRE22_DeviceApplicationSTTL-116716] Executing Test Case ID: STTL-116716
2016-01-28 03:22:46,783 DEBUG [EBRE22_DeviceApplicationSTTL-116716] Executing Init_Selendroid function with APK as parameter and clear data value with 1
2016-01-28 03:22:57,218 DEBUG [EBRE22_DeviceApplicationSTTL-116716] Exiting Init_Selendroid function
2016-01-28 03:22:57,232 DEBUG [EBRE22_DeviceApplicationSTTL-116716] TestCase with Description "Timer with stop" Execution started
2016-01-28 03:22:57,232 DEBUG [EBRE22_DeviceApplicationSTTL-116716] In execute keyword function
2016-01-28 03:22:57,232 DEBUG [EBRE22_DeviceApplicationSTTL-116716] Executing wait function:
2016-01-28 03:22:57,232 DEBUG [EBRE22_DeviceApplicationSTTL-116716] Started Executing wait function
2016-01-28 03:23:00,232 DEBUG [EBRE22_DeviceApplicationSTTL-116716] Exiting from wait function
2016-01-28 03:23:00,232 DEBUG [EBRE22_DeviceApplicationSTTL-116716] TestStepResult of wait: Pass
2016-01-28 03:23:00,232 DEBUG [EBRE22_DeviceApplicationSTTL-116716] In execute keyword function
2016-01-28 03:23:00,232 DEBUG [EBRE22_DeviceApplicationSTTL-116716] Executing validate_PageTitle function:
2016-01-28 03:23:00,274 DEBUG [EBRE22_DeviceApplicationSTTL-116716] The title of the page is *********************************: RE 2.2 Tests
2016-01-28 03:23:00,274 DEBUG [EBRE22_DeviceApplicationSTTL-116716] The page title found is correct
2016-01-28 03:23:00,274 DEBUG [EBRE22_DeviceApplicationSTTL-116716] Result of validate_PageTitle: pass
2016-01-28 03:23:00,274 DEBUG [EBRE22_DeviceApplicationSTTL-116716] In execute keyword function
2016-01-28 03:23:00,274 DEBUG [EBRE22_DeviceApplicationSTTL-116716] Executing link_Click function:
2016-01-28 03:23:00,861 DEBUG [EBRE22_DeviceApplicationSTTL-116716] Executing Click function
2016-01-28 03:23:01,913 DEBUG [EBRE22_DeviceApplicationSTTL-116716] Exiting Click function
2016-01-28 03:23:01,913 DEBUG [EBRE22_DeviceApplicationSTTL-116716] DeviceApplication_test_link clicked successfully
2016-01-28 03:23:01,913 DEBUG [EBRE22_DeviceApplicationSTTL-116716] TestStepResult of link_Click: Pass
2016-01-28 03:23:01,913 DEBUG [EBRE22_DeviceApplicationSTTL-116716] In execute keyword function
2016-01-28 03:23:01,913 DEBUG [EBRE22_DeviceApplicationSTTL-116716] Executing wait function:
2016-01-28 03:23:01,913 DEBUG [EBRE22_DeviceApplicationSTTL-116716] Started Executing wait function
2016-01-28 03:23:03,915 DEBUG [EBRE22_DeviceApplicationSTTL-116716] Exiting from wait function
2016-01-28 03:23:03,915 DEBUG [EBRE22_DeviceApplicationSTTL-116716] TestStepResult of wait: Pass
2016-01-28 03:23:03,915 DEBUG [EBRE22_DeviceApplicationSTTL-116716] In execute keyword function
2016-01-28 03:23:03,915 DEBUG [EBRE22_DeviceApplicationSTTL-116716] Executing validate_PageTitle function:
2016-01-28 03:23:03,951 DEBUG [EBRE22_DeviceApplicationSTTL-116716] The title of the page is *********************************: Device & Application
2016-01-28 03:23:03,951 DEBUG [EBRE22_DeviceApplicationSTTL-116716] The page title found is correct
2016-01-28 03:23:03,951 DEBUG [EBRE22_DeviceApplicationSTTL-116716] Result of validate_PageTitle: pass
2016-01-28 03:23:03,952 DEBUG [EBRE22_DeviceApplicationSTTL-116716] In execute keyword function
2016-01-28 03:23:03,952 DEBUG [EBRE22_DeviceApplicationSTTL-116716] Executing SelectTestToRun function:
2016-01-28 03:23:09,507 DEBUG [EBRE22_DeviceApplicationSTTL-116716] Successfull in selecting clicking the category
2016-01-28 03:23:09,507 DEBUG [EBRE22_DeviceApplicationSTTL-116716] TestStepResult of SelectTestToRun: pass
2016-01-28 03:23:09,507 DEBUG [EBRE22_DeviceApplicationSTTL-116716] In execute keyword function
2016-01-28 03:23:09,507 DEBUG [EBRE22_DeviceApplicationSTTL-116716] Executing validate_Text_Exists function:
2016-01-28 03:23:09,777 DEBUG [EBRE22_DeviceApplicationSTTL-116716] VT187-2323 Testcase Text found
2016-01-28 03:23:09,777 DEBUG [EBRE22_DeviceApplicationSTTL-116716] Result of validate_Text_Exists: Pass
2016-01-28 03:23:09,778 DEBUG [EBRE22_DeviceApplicationSTTL-116716] In execute keyword function
2016-01-28 03:23:09,778 DEBUG [EBRE22_DeviceApplicationSTTL-116716] Executing ClickRunTest function:
2016-01-28 03:23:10,075 DEBUG [EBRE22_DeviceApplicationSTTL-116716] Executing Click function
2016-01-28 03:23:11,082 DEBUG [EBRE22_DeviceApplicationSTTL-116716] Exiting Click function
2016-01-28 03:23:11,082 DEBUG [EBRE22_DeviceApplicationSTTL-116716] runtest_top_xpath Button clicked Successfully
2016-01-28 03:23:11,082 DEBUG [EBRE22_DeviceApplicationSTTL-116716] TestStepResult of ClickRunTest: pass
2016-01-28 03:23:11,082 DEBUG [EBRE22_DeviceApplicationSTTL-116716] In execute keyword function
2016-01-28 03:23:11,082 DEBUG [EBRE22_DeviceApplicationSTTL-116716] Executing wait function:
2016-01-28 03:23:11,082 DEBUG [EBRE22_DeviceApplicationSTTL-116716] Started Executing wait function
2016-01-28 03:23:16,083 DEBUG [EBRE22_DeviceApplicationSTTL-116716] Exiting from wait function
2016-01-28 03:23:16,083 DEBUG [EBRE22_DeviceApplicationSTTL-116716] TestStepResult of wait: Pass
2016-01-28 03:23:16,083 DEBUG [EBRE22_DeviceApplicationSTTL-116716] In execute keyword function
2016-01-28 03:23:16,083 DEBUG [EBRE22_DeviceApplicationSTTL-116716] Executing CheckUITextContains function:
2016-01-28 03:23:16,083 DEBUG [EBRE22_DeviceApplicationSTTL-116716] Started executeCommandLine function
2016-01-28 03:23:20,105 DEBUG [EBRE22_DeviceApplicationSTTL-116716] Text is Present
2016-01-28 03:23:20,105 DEBUG [EBRE22_DeviceApplicationSTTL-116716] TestStepResult of CheckUITextContains: Pass
2016-01-28 03:23:20,105 DEBUG [EBRE22_DeviceApplicationSTTL-116716] In execute keyword function
2016-01-28 03:23:20,105 DEBUG [EBRE22_DeviceApplicationSTTL-116716] Executing ClickUIButtonText function:
2016-01-28 03:23:20,105 DEBUG [EBRE22_DeviceApplicationSTTL-116716] Entered ClickUIButtonText function
2016-01-28 03:23:20,105 DEBUG [EBRE22_DeviceApplicationSTTL-116716] Started executeCommandLine function
2016-01-28 03:23:24,126 DEBUG [EBRE22_DeviceApplicationSTTL-116716] Started executeCommandLine function
2016-01-28 03:23:28,601 DEBUG [EBRE22_DeviceApplicationSTTL-116716] Exiting ClickUIButtonText function
2016-01-28 03:23:28,602 DEBUG [EBRE22_DeviceApplicationSTTL-116716] TestStepResult of ClickUIButtonText: Pass
2016-01-28 03:23:28,602 DEBUG [EBRE22_DeviceApplicationSTTL-116716] allstep_result contains: PassPassPasspasspassPassPassPassnull
2016-01-28 03:23:28,602 DEBUG [EBRE22_DeviceApplicationSTTL-116716] allexpected_result contains: nullPassnullpassnullpassnull
2016-01-28 03:23:28,602 DEBUG [EBRE22_DeviceApplicationSTTL-116716] Testcase_Result contains: nullPassnullpassnullpassnullPassPassPasspasspassPassPassPassnull
2016-01-28 03:23:28,602 DEBUG [EBRE22_DeviceApplicationSTTL-116716] Test case with description Timer with stop Pass
2016-01-28 03:23:29,745 DEBUG [EBRE22_DeviceApplicationSTTL-116716] Executing browser_Quit function
2016-01-28 03:23:29,745 DEBUG [EBRE22_DeviceApplicationSTTL-116716] Completed browser_Quit function
2016-01-28 03:23:29,745 DEBUG [EBRE22_DeviceApplicationSTTL-116716] Completed quitSelendroid function
2016-01-28 03:23:29,745 DEBUG [EBRE22_DeviceApplicationSTTL-116716] Row number:17
2016-01-28 03:23:29,776 DEBUG [EBRE22_DeviceApplicationSTTL-116716] Ending Test Case IDSTTL-116716
