2016-01-28 03:24:17,250 DEBUG [EBRE22_DeviceApplicationSTTL-116718] Executing Test Case ID: STTL-116718
2016-01-28 03:24:17,257 DEBUG [EBRE22_DeviceApplicationSTTL-116718] Executing Init_Selendroid function with APK as parameter and clear data value with 1
2016-01-28 03:24:27,984 DEBUG [EBRE22_DeviceApplicationSTTL-116718] Exiting Init_Selendroid function
2016-01-28 03:24:27,997 DEBUG [EBRE22_DeviceApplicationSTTL-116718] TestCase with Description "Zoom- text parameter less than 1" Execution started
2016-01-28 03:24:27,998 DEBUG [EBRE22_DeviceApplicationSTTL-116718] In execute keyword function
2016-01-28 03:24:27,998 DEBUG [EBRE22_DeviceApplicationSTTL-116718] Executing wait function:
2016-01-28 03:24:27,998 DEBUG [EBRE22_DeviceApplicationSTTL-116718] Started Executing wait function
2016-01-28 03:24:30,998 DEBUG [EBRE22_DeviceApplicationSTTL-116718] Exiting from wait function
2016-01-28 03:24:30,998 DEBUG [EBRE22_DeviceApplicationSTTL-116718] TestStepResult of wait: Pass
2016-01-28 03:24:30,998 DEBUG [EBRE22_DeviceApplicationSTTL-116718] In execute keyword function
2016-01-28 03:24:30,998 DEBUG [EBRE22_DeviceApplicationSTTL-116718] Executing validate_PageTitle function:
2016-01-28 03:24:31,042 DEBUG [EBRE22_DeviceApplicationSTTL-116718] The title of the page is *********************************: RE 2.2 Tests
2016-01-28 03:24:31,042 DEBUG [EBRE22_DeviceApplicationSTTL-116718] The page title found is correct
2016-01-28 03:24:31,042 DEBUG [EBRE22_DeviceApplicationSTTL-116718] Result of validate_PageTitle: pass
2016-01-28 03:24:31,042 DEBUG [EBRE22_DeviceApplicationSTTL-116718] In execute keyword function
2016-01-28 03:24:31,042 DEBUG [EBRE22_DeviceApplicationSTTL-116718] Executing link_Click function:
2016-01-28 03:24:31,630 DEBUG [EBRE22_DeviceApplicationSTTL-116718] Executing Click function
2016-01-28 03:24:32,663 DEBUG [EBRE22_DeviceApplicationSTTL-116718] Exiting Click function
2016-01-28 03:24:32,663 DEBUG [EBRE22_DeviceApplicationSTTL-116718] DeviceApplication_test_link clicked successfully
2016-01-28 03:24:32,663 DEBUG [EBRE22_DeviceApplicationSTTL-116718] TestStepResult of link_Click: Pass
2016-01-28 03:24:32,663 DEBUG [EBRE22_DeviceApplicationSTTL-116718] In execute keyword function
2016-01-28 03:24:32,663 DEBUG [EBRE22_DeviceApplicationSTTL-116718] Executing wait function:
2016-01-28 03:24:32,663 DEBUG [EBRE22_DeviceApplicationSTTL-116718] Started Executing wait function
2016-01-28 03:24:34,664 DEBUG [EBRE22_DeviceApplicationSTTL-116718] Exiting from wait function
2016-01-28 03:24:34,664 DEBUG [EBRE22_DeviceApplicationSTTL-116718] TestStepResult of wait: Pass
2016-01-28 03:24:34,664 DEBUG [EBRE22_DeviceApplicationSTTL-116718] In execute keyword function
2016-01-28 03:24:34,664 DEBUG [EBRE22_DeviceApplicationSTTL-116718] Executing validate_PageTitle function:
2016-01-28 03:24:34,700 DEBUG [EBRE22_DeviceApplicationSTTL-116718] The title of the page is *********************************: Device & Application
2016-01-28 03:24:34,700 DEBUG [EBRE22_DeviceApplicationSTTL-116718] The page title found is correct
2016-01-28 03:24:34,700 DEBUG [EBRE22_DeviceApplicationSTTL-116718] Result of validate_PageTitle: pass
2016-01-28 03:24:34,700 DEBUG [EBRE22_DeviceApplicationSTTL-116718] In execute keyword function
2016-01-28 03:24:34,700 DEBUG [EBRE22_DeviceApplicationSTTL-116718] Executing SelectTestToRun function:
2016-01-28 03:24:40,896 DEBUG [EBRE22_DeviceApplicationSTTL-116718] Successfull in selecting clicking the category
2016-01-28 03:24:40,896 DEBUG [EBRE22_DeviceApplicationSTTL-116718] TestStepResult of SelectTestToRun: pass
2016-01-28 03:24:40,896 DEBUG [EBRE22_DeviceApplicationSTTL-116718] In execute keyword function
2016-01-28 03:24:40,896 DEBUG [EBRE22_DeviceApplicationSTTL-116718] Executing validate_Text_Exists function:
2016-01-28 03:24:41,190 DEBUG [EBRE22_DeviceApplicationSTTL-116718] VT187-1500 Testcase Text found
2016-01-28 03:24:41,190 DEBUG [EBRE22_DeviceApplicationSTTL-116718] Result of validate_Text_Exists: Pass
2016-01-28 03:24:41,190 DEBUG [EBRE22_DeviceApplicationSTTL-116718] In execute keyword function
2016-01-28 03:24:41,190 DEBUG [EBRE22_DeviceApplicationSTTL-116718] Executing TakeScreenshot function:
2016-01-28 03:24:41,938 DEBUG [EBRE22_DeviceApplicationSTTL-116718] Started Executing Validate_App_launched_Device function
2016-01-28 03:24:41,938 DEBUG [EBRE22_DeviceApplicationSTTL-116718] Entered CheckUIButtonExists function
2016-01-28 03:24:41,938 DEBUG [EBRE22_DeviceApplicationSTTL-116718] Started executeCommandLine function
2016-01-28 03:24:45,949 DEBUG [EBRE22_DeviceApplicationSTTL-116718] Exiting from executeCommandLine function
2016-01-28 03:24:45,949 DEBUG [EBRE22_DeviceApplicationSTTL-116718] Button is not Present
2016-01-28 03:24:45,949 DEBUG [EBRE22_DeviceApplicationSTTL-116718] Exiting from CheckUIButtonExists function
2016-01-28 03:24:45,949 DEBUG [EBRE22_DeviceApplicationSTTL-116718] Started executeCommandLine function
2016-01-28 03:24:49,969 DEBUG [EBRE22_DeviceApplicationSTTL-116718] Given App is in Foreground
2016-01-28 03:24:49,969 DEBUG [EBRE22_DeviceApplicationSTTL-116718] Exiting Validate_App_launched_Device function
2016-01-28 03:24:50,123 DEBUG [EBRE22_DeviceApplicationSTTL-116718] TestStepResult of TakeScreenshot: pass
2016-01-28 03:24:50,123 DEBUG [EBRE22_DeviceApplicationSTTL-116718] In execute keyword function
2016-01-28 03:24:50,123 DEBUG [EBRE22_DeviceApplicationSTTL-116718] Executing validate_Screenshot function:
2016-01-28 03:24:50,283 DEBUG [EBRE22_DeviceApplicationSTTL-116718] Match found with reference image
2016-01-28 03:24:50,283 DEBUG [EBRE22_DeviceApplicationSTTL-116718] Result of validate_Screenshot: Pass
2016-01-28 03:24:50,283 DEBUG [EBRE22_DeviceApplicationSTTL-116718] In execute keyword function
2016-01-28 03:24:50,283 DEBUG [EBRE22_DeviceApplicationSTTL-116718] Executing ClickRunTest function:
2016-01-28 03:24:50,594 DEBUG [EBRE22_DeviceApplicationSTTL-116718] Executing Click function
2016-01-28 03:24:51,605 DEBUG [EBRE22_DeviceApplicationSTTL-116718] Exiting Click function
2016-01-28 03:24:51,605 DEBUG [EBRE22_DeviceApplicationSTTL-116718] runtest_top_xpath Button clicked Successfully
2016-01-28 03:24:51,605 DEBUG [EBRE22_DeviceApplicationSTTL-116718] TestStepResult of ClickRunTest: pass
2016-01-28 03:24:51,605 DEBUG [EBRE22_DeviceApplicationSTTL-116718] In execute keyword function
2016-01-28 03:24:51,605 DEBUG [EBRE22_DeviceApplicationSTTL-116718] Executing wait function:
2016-01-28 03:24:51,605 DEBUG [EBRE22_DeviceApplicationSTTL-116718] Started Executing wait function
2016-01-28 03:24:53,606 DEBUG [EBRE22_DeviceApplicationSTTL-116718] Exiting from wait function
2016-01-28 03:24:53,606 DEBUG [EBRE22_DeviceApplicationSTTL-116718] TestStepResult of wait: Pass
2016-01-28 03:24:53,606 DEBUG [EBRE22_DeviceApplicationSTTL-116718] In execute keyword function
2016-01-28 03:24:53,606 DEBUG [EBRE22_DeviceApplicationSTTL-116718] Executing TakeScreenshot function:
2016-01-28 03:24:54,203 DEBUG [EBRE22_DeviceApplicationSTTL-116718] Started Executing Validate_App_launched_Device function
2016-01-28 03:24:54,203 DEBUG [EBRE22_DeviceApplicationSTTL-116718] Entered CheckUIButtonExists function
2016-01-28 03:24:54,203 DEBUG [EBRE22_DeviceApplicationSTTL-116718] Started executeCommandLine function
2016-01-28 03:24:58,217 DEBUG [EBRE22_DeviceApplicationSTTL-116718] Exiting from executeCommandLine function
2016-01-28 03:24:58,217 DEBUG [EBRE22_DeviceApplicationSTTL-116718] Button is not Present
2016-01-28 03:24:58,217 DEBUG [EBRE22_DeviceApplicationSTTL-116718] Exiting from CheckUIButtonExists function
2016-01-28 03:24:58,217 DEBUG [EBRE22_DeviceApplicationSTTL-116718] Started executeCommandLine function
2016-01-28 03:25:02,237 DEBUG [EBRE22_DeviceApplicationSTTL-116718] Given App is in Foreground
2016-01-28 03:25:02,237 DEBUG [EBRE22_DeviceApplicationSTTL-116718] Exiting Validate_App_launched_Device function
2016-01-28 03:25:02,343 DEBUG [EBRE22_DeviceApplicationSTTL-116718] TestStepResult of TakeScreenshot: pass
2016-01-28 03:25:02,343 DEBUG [EBRE22_DeviceApplicationSTTL-116718] In execute keyword function
2016-01-28 03:25:02,343 DEBUG [EBRE22_DeviceApplicationSTTL-116718] Executing validate_Screenshot function:
2016-01-28 03:25:02,487 DEBUG [EBRE22_DeviceApplicationSTTL-116718] Match found with reference image
2016-01-28 03:25:02,487 DEBUG [EBRE22_DeviceApplicationSTTL-116718] Result of validate_Screenshot: Pass
2016-01-28 03:25:02,487 DEBUG [EBRE22_DeviceApplicationSTTL-116718] allstep_result contains: passPasspasspasspassPassPassPassnull
2016-01-28 03:25:02,487 DEBUG [EBRE22_DeviceApplicationSTTL-116718] allexpected_result contains: nullPassnullPassnullPassnullpassnullpassnull
2016-01-28 03:25:02,488 DEBUG [EBRE22_DeviceApplicationSTTL-116718] Testcase_Result contains: nullPassnullPassnullPassnullpassnullpassnullpassPasspasspasspassPassPassPassnull
2016-01-28 03:25:02,488 DEBUG [EBRE22_DeviceApplicationSTTL-116718] Test case with description Zoom- text parameter less than 1 Pass
2016-01-28 03:25:03,642 DEBUG [EBRE22_DeviceApplicationSTTL-116718] Executing browser_Quit function
2016-01-28 03:25:03,642 DEBUG [EBRE22_DeviceApplicationSTTL-116718] Completed browser_Quit function
2016-01-28 03:25:03,642 DEBUG [EBRE22_DeviceApplicationSTTL-116718] Completed quitSelendroid function
2016-01-28 03:25:03,643 DEBUG [EBRE22_DeviceApplicationSTTL-116718] Row number:19
2016-01-28 03:25:03,678 DEBUG [EBRE22_DeviceApplicationSTTL-116718] Ending Test Case IDSTTL-116718
