2016-01-28 03:17:11,603 DEBUG [EBRE22_DeviceApplicationSTTL-116707] Executing Test Case ID: STTL-116707
2016-01-28 03:17:11,609 DEBUG [EBRE22_DeviceApplicationSTTL-116707] Executing Init_Selendroid function with APK as parameter and clear data value with 1
2016-01-28 03:17:21,605 DEBUG [EBRE22_DeviceApplicationSTTL-116707] Exiting Init_Selendroid function
2016-01-28 03:17:21,619 DEBUG [EBRE22_DeviceApplicationSTTL-116707] TestCase with Description "Device & Application Clear the Alarm when set using interval param" Execution started
2016-01-28 03:17:21,619 DEBUG [EBRE22_DeviceApplicationSTTL-116707] In execute keyword function
2016-01-28 03:17:21,619 DEBUG [EBRE22_DeviceApplicationSTTL-116707] Executing wait function:
2016-01-28 03:17:21,619 DEBUG [EBRE22_DeviceApplicationSTTL-116707] Started Executing wait function
2016-01-28 03:17:24,621 DEBUG [EBRE22_DeviceApplicationSTTL-116707] Exiting from wait function
2016-01-28 03:17:24,621 DEBUG [EBRE22_DeviceApplicationSTTL-116707] TestStepResult of wait: Pass
2016-01-28 03:17:24,621 DEBUG [EBRE22_DeviceApplicationSTTL-116707] In execute keyword function
2016-01-28 03:17:24,621 DEBUG [EBRE22_DeviceApplicationSTTL-116707] Executing validate_PageTitle function:
2016-01-28 03:17:24,672 DEBUG [EBRE22_DeviceApplicationSTTL-116707] The title of the page is *********************************: RE 2.2 Tests
2016-01-28 03:17:24,672 DEBUG [EBRE22_DeviceApplicationSTTL-116707] The page title found is correct
2016-01-28 03:17:24,672 DEBUG [EBRE22_DeviceApplicationSTTL-116707] Result of validate_PageTitle: pass
2016-01-28 03:17:24,672 DEBUG [EBRE22_DeviceApplicationSTTL-116707] In execute keyword function
2016-01-28 03:17:24,672 DEBUG [EBRE22_DeviceApplicationSTTL-116707] Executing link_Click function:
2016-01-28 03:17:25,300 DEBUG [EBRE22_DeviceApplicationSTTL-116707] Executing Click function
2016-01-28 03:17:26,338 DEBUG [EBRE22_DeviceApplicationSTTL-116707] Exiting Click function
2016-01-28 03:17:26,338 DEBUG [EBRE22_DeviceApplicationSTTL-116707] DeviceApplication_test_link clicked successfully
2016-01-28 03:17:26,338 DEBUG [EBRE22_DeviceApplicationSTTL-116707] TestStepResult of link_Click: Pass
2016-01-28 03:17:26,338 DEBUG [EBRE22_DeviceApplicationSTTL-116707] In execute keyword function
2016-01-28 03:17:26,338 DEBUG [EBRE22_DeviceApplicationSTTL-116707] Executing wait function:
2016-01-28 03:17:26,338 DEBUG [EBRE22_DeviceApplicationSTTL-116707] Started Executing wait function
2016-01-28 03:17:28,338 DEBUG [EBRE22_DeviceApplicationSTTL-116707] Exiting from wait function
2016-01-28 03:17:28,338 DEBUG [EBRE22_DeviceApplicationSTTL-116707] TestStepResult of wait: Pass
2016-01-28 03:17:28,338 DEBUG [EBRE22_DeviceApplicationSTTL-116707] In execute keyword function
2016-01-28 03:17:28,338 DEBUG [EBRE22_DeviceApplicationSTTL-116707] Executing validate_PageTitle function:
2016-01-28 03:17:28,369 DEBUG [EBRE22_DeviceApplicationSTTL-116707] The title of the page is *********************************: Device & Application
2016-01-28 03:17:28,369 DEBUG [EBRE22_DeviceApplicationSTTL-116707] The page title found is correct
2016-01-28 03:17:28,369 DEBUG [EBRE22_DeviceApplicationSTTL-116707] Result of validate_PageTitle: pass
2016-01-28 03:17:28,369 DEBUG [EBRE22_DeviceApplicationSTTL-116707] In execute keyword function
2016-01-28 03:17:28,369 DEBUG [EBRE22_DeviceApplicationSTTL-116707] Executing SelectTestToRun function:
2016-01-28 03:17:30,943 DEBUG [EBRE22_DeviceApplicationSTTL-116707] Successfull in selecting clicking the category
2016-01-28 03:17:30,943 DEBUG [EBRE22_DeviceApplicationSTTL-116707] TestStepResult of SelectTestToRun: pass
2016-01-28 03:17:30,943 DEBUG [EBRE22_DeviceApplicationSTTL-116707] In execute keyword function
2016-01-28 03:17:30,943 DEBUG [EBRE22_DeviceApplicationSTTL-116707] Executing validate_Text_Exists function:
2016-01-28 03:17:31,201 DEBUG [EBRE22_DeviceApplicationSTTL-116707] VT187-1352 Testcase Text found
2016-01-28 03:17:31,201 DEBUG [EBRE22_DeviceApplicationSTTL-116707] Result of validate_Text_Exists: Pass
2016-01-28 03:17:31,201 DEBUG [EBRE22_DeviceApplicationSTTL-116707] In execute keyword function
2016-01-28 03:17:31,202 DEBUG [EBRE22_DeviceApplicationSTTL-116707] Executing ClickRunTest function:
2016-01-28 03:17:31,548 DEBUG [EBRE22_DeviceApplicationSTTL-116707] Executing Click function
2016-01-28 03:17:32,565 DEBUG [EBRE22_DeviceApplicationSTTL-116707] Exiting Click function
2016-01-28 03:17:32,565 DEBUG [EBRE22_DeviceApplicationSTTL-116707] runtest_top_xpath Button clicked Successfully
2016-01-28 03:17:32,565 DEBUG [EBRE22_DeviceApplicationSTTL-116707] TestStepResult of ClickRunTest: pass
2016-01-28 03:17:32,565 DEBUG [EBRE22_DeviceApplicationSTTL-116707] In execute keyword function
2016-01-28 03:17:32,565 DEBUG [EBRE22_DeviceApplicationSTTL-116707] Executing wait function:
2016-01-28 03:17:32,565 DEBUG [EBRE22_DeviceApplicationSTTL-116707] Started Executing wait function
2016-01-28 03:18:05,569 DEBUG [EBRE22_DeviceApplicationSTTL-116707] Exiting from wait function
2016-01-28 03:18:05,569 DEBUG [EBRE22_DeviceApplicationSTTL-116707] TestStepResult of wait: Pass
2016-01-28 03:18:05,569 DEBUG [EBRE22_DeviceApplicationSTTL-116707] In execute keyword function
2016-01-28 03:18:05,569 DEBUG [EBRE22_DeviceApplicationSTTL-116707] Executing validate_Result function:
2016-01-28 03:18:05,835 DEBUG [EBRE22_DeviceApplicationSTTL-116707] Alarm Cleared Text found in Alarm Cleared
2016-01-28 03:18:05,835 DEBUG [EBRE22_DeviceApplicationSTTL-116707] Result of validate_Result: Pass
2016-01-28 03:18:05,835 DEBUG [EBRE22_DeviceApplicationSTTL-116707] allstep_result contains: PasspasspassPassPassPassnull
2016-01-28 03:18:05,835 DEBUG [EBRE22_DeviceApplicationSTTL-116707] allexpected_result contains: nullPassnullPassnullpassnullpassnull
2016-01-28 03:18:05,835 DEBUG [EBRE22_DeviceApplicationSTTL-116707] Testcase_Result contains: nullPassnullPassnullpassnullpassnullPasspasspassPassPassPassnull
2016-01-28 03:18:05,835 DEBUG [EBRE22_DeviceApplicationSTTL-116707] Test case with description Device & Application Clear the Alarm when set using interval param Pass
2016-01-28 03:18:06,811 DEBUG [EBRE22_DeviceApplicationSTTL-116707] Executing browser_Quit function
2016-01-28 03:18:06,811 DEBUG [EBRE22_DeviceApplicationSTTL-116707] Completed browser_Quit function
2016-01-28 03:18:06,811 DEBUG [EBRE22_DeviceApplicationSTTL-116707] Completed quitSelendroid function
2016-01-28 03:18:06,811 DEBUG [EBRE22_DeviceApplicationSTTL-116707] Row number:8
2016-01-28 03:18:06,849 DEBUG [EBRE22_DeviceApplicationSTTL-116707] Ending Test Case IDSTTL-116707
