2016-01-28 03:14:32,987 DEBUG [EBRE22_DeviceApplicationSTTL-116703] Executing Test Case ID: STTL-116703
2016-01-28 03:14:32,993 DEBUG [EBRE22_DeviceApplicationSTTL-116703] Executing Init_Selendroid function with APK as parameter and clear data value with 1
2016-01-28 03:14:43,557 DEBUG [EBRE22_DeviceApplicationSTTL-116703] Exiting Init_Selendroid function
2016-01-28 03:14:43,572 DEBUG [EBRE22_DeviceApplicationSTTL-116703] TestCase with Description "Application with Quit" Execution started
2016-01-28 03:14:43,572 DEBUG [EBRE22_DeviceApplicationSTTL-116703] In execute keyword function
2016-01-28 03:14:43,572 DEBUG [EBRE22_DeviceApplicationSTTL-116703] Executing wait function:
2016-01-28 03:14:43,572 DEBUG [EBRE22_DeviceApplicationSTTL-116703] Started Executing wait function
2016-01-28 03:14:46,572 DEBUG [EBRE22_DeviceApplicationSTTL-116703] Exiting from wait function
2016-01-28 03:14:46,572 DEBUG [EBRE22_DeviceApplicationSTTL-116703] TestStepResult of wait: Pass
2016-01-28 03:14:46,572 DEBUG [EBRE22_DeviceApplicationSTTL-116703] In execute keyword function
2016-01-28 03:14:46,572 DEBUG [EBRE22_DeviceApplicationSTTL-116703] Executing validate_PageTitle function:
2016-01-28 03:14:46,615 DEBUG [EBRE22_DeviceApplicationSTTL-116703] The title of the page is *********************************: RE 2.2 Tests
2016-01-28 03:14:46,615 DEBUG [EBRE22_DeviceApplicationSTTL-116703] The page title found is correct
2016-01-28 03:14:46,615 DEBUG [EBRE22_DeviceApplicationSTTL-116703] Result of validate_PageTitle: pass
2016-01-28 03:14:46,615 DEBUG [EBRE22_DeviceApplicationSTTL-116703] In execute keyword function
2016-01-28 03:14:46,615 DEBUG [EBRE22_DeviceApplicationSTTL-116703] Executing link_Click function:
2016-01-28 03:14:47,158 DEBUG [EBRE22_DeviceApplicationSTTL-116703] Executing Click function
2016-01-28 03:14:48,214 DEBUG [EBRE22_DeviceApplicationSTTL-116703] Exiting Click function
2016-01-28 03:14:48,214 DEBUG [EBRE22_DeviceApplicationSTTL-116703] DeviceApplication_test_link clicked successfully
2016-01-28 03:14:48,214 DEBUG [EBRE22_DeviceApplicationSTTL-116703] TestStepResult of link_Click: Pass
2016-01-28 03:14:48,214 DEBUG [EBRE22_DeviceApplicationSTTL-116703] In execute keyword function
2016-01-28 03:14:48,214 DEBUG [EBRE22_DeviceApplicationSTTL-116703] Executing wait function:
2016-01-28 03:14:48,214 DEBUG [EBRE22_DeviceApplicationSTTL-116703] Started Executing wait function
2016-01-28 03:14:50,214 DEBUG [EBRE22_DeviceApplicationSTTL-116703] Exiting from wait function
2016-01-28 03:14:50,214 DEBUG [EBRE22_DeviceApplicationSTTL-116703] TestStepResult of wait: Pass
2016-01-28 03:14:50,214 DEBUG [EBRE22_DeviceApplicationSTTL-116703] In execute keyword function
2016-01-28 03:14:50,214 DEBUG [EBRE22_DeviceApplicationSTTL-116703] Executing validate_PageTitle function:
2016-01-28 03:14:50,250 DEBUG [EBRE22_DeviceApplicationSTTL-116703] The title of the page is *********************************: Device & Application
2016-01-28 03:14:50,250 DEBUG [EBRE22_DeviceApplicationSTTL-116703] The page title found is correct
2016-01-28 03:14:50,250 DEBUG [EBRE22_DeviceApplicationSTTL-116703] Result of validate_PageTitle: pass
2016-01-28 03:14:50,250 DEBUG [EBRE22_DeviceApplicationSTTL-116703] In execute keyword function
2016-01-28 03:14:50,250 DEBUG [EBRE22_DeviceApplicationSTTL-116703] Executing SelectTestToRun function:
2016-01-28 03:14:53,020 DEBUG [EBRE22_DeviceApplicationSTTL-116703] Successfull in selecting clicking the category
2016-01-28 03:14:53,020 DEBUG [EBRE22_DeviceApplicationSTTL-116703] TestStepResult of SelectTestToRun: pass
2016-01-28 03:14:53,020 DEBUG [EBRE22_DeviceApplicationSTTL-116703] In execute keyword function
2016-01-28 03:14:53,020 DEBUG [EBRE22_DeviceApplicationSTTL-116703] Executing validate_Text_Exists function:
2016-01-28 03:14:53,287 DEBUG [EBRE22_DeviceApplicationSTTL-116703] VT187-1368 Testcase Text found
2016-01-28 03:14:53,287 DEBUG [EBRE22_DeviceApplicationSTTL-116703] Result of validate_Text_Exists: Pass
2016-01-28 03:14:53,287 DEBUG [EBRE22_DeviceApplicationSTTL-116703] In execute keyword function
2016-01-28 03:14:53,287 DEBUG [EBRE22_DeviceApplicationSTTL-116703] Executing ClickRunTest function:
2016-01-28 03:14:53,619 DEBUG [EBRE22_DeviceApplicationSTTL-116703] Executing Click function
2016-01-28 03:14:54,712 DEBUG [EBRE22_DeviceApplicationSTTL-116703] Exiting Click function
2016-01-28 03:14:54,712 DEBUG [EBRE22_DeviceApplicationSTTL-116703] runtest_top_xpath Button clicked Successfully
2016-01-28 03:14:54,712 DEBUG [EBRE22_DeviceApplicationSTTL-116703] TestStepResult of ClickRunTest: pass
2016-01-28 03:14:54,713 DEBUG [EBRE22_DeviceApplicationSTTL-116703] In execute keyword function
2016-01-28 03:14:54,713 DEBUG [EBRE22_DeviceApplicationSTTL-116703] Executing wait function:
2016-01-28 03:14:54,713 DEBUG [EBRE22_DeviceApplicationSTTL-116703] Started Executing wait function
2016-01-28 03:14:56,713 DEBUG [EBRE22_DeviceApplicationSTTL-116703] Exiting from wait function
2016-01-28 03:14:56,713 DEBUG [EBRE22_DeviceApplicationSTTL-116703] TestStepResult of wait: Pass
2016-01-28 03:14:56,713 DEBUG [EBRE22_DeviceApplicationSTTL-116703] In execute keyword function
2016-01-28 03:14:56,713 DEBUG [EBRE22_DeviceApplicationSTTL-116703] Executing validate_AppMinimized function:
2016-01-28 03:14:56,713 DEBUG [EBRE22_DeviceApplicationSTTL-116703] Started Executing validate_AppMinimized function
2016-01-28 03:14:56,713 DEBUG [EBRE22_DeviceApplicationSTTL-116703] Started Executing Validate_App_launched_Device function
2016-01-28 03:14:56,713 DEBUG [EBRE22_DeviceApplicationSTTL-116703] Entered CheckUIButtonExists function
2016-01-28 03:14:56,713 DEBUG [EBRE22_DeviceApplicationSTTL-116703] Started executeCommandLine function
2016-01-28 03:15:00,734 DEBUG [EBRE22_DeviceApplicationSTTL-116703] Exiting from executeCommandLine function
2016-01-28 03:15:00,734 DEBUG [EBRE22_DeviceApplicationSTTL-116703] Button is not Present
2016-01-28 03:15:00,734 DEBUG [EBRE22_DeviceApplicationSTTL-116703] Exiting from CheckUIButtonExists function
2016-01-28 03:15:00,734 DEBUG [EBRE22_DeviceApplicationSTTL-116703] Started executeCommandLine function
2016-01-28 03:15:04,755 DEBUG [EBRE22_DeviceApplicationSTTL-116703] Exiting from executeCommandLine function
2016-01-28 03:15:04,755 DEBUG [EBRE22_DeviceApplicationSTTL-116703] Started executeCommandLine function
2016-01-28 03:15:08,776 DEBUG [EBRE22_DeviceApplicationSTTL-116703] Exiting from executeCommandLine function
2016-01-28 03:15:08,776 DEBUG [EBRE22_DeviceApplicationSTTL-116703] Given App is not in Foreground
2016-01-28 03:15:08,776 DEBUG [EBRE22_DeviceApplicationSTTL-116703] Exiting Validate_App_launched_Device function
2016-01-28 03:15:08,776 DEBUG [EBRE22_DeviceApplicationSTTL-116703] Not in com.symbol.enterprisebrowser screen
2016-01-28 03:15:08,776 DEBUG [EBRE22_DeviceApplicationSTTL-116703] Exiting validate_AppMinimized function
2016-01-28 03:15:08,776 DEBUG [EBRE22_DeviceApplicationSTTL-116703] Result of validate_AppMinimized: Pass
2016-01-28 03:15:08,776 DEBUG [EBRE22_DeviceApplicationSTTL-116703] allstep_result contains: PasspasspassPassPassPassnull
2016-01-28 03:15:08,776 DEBUG [EBRE22_DeviceApplicationSTTL-116703] allexpected_result contains: nullPassnullPassnullpassnullpassnull
2016-01-28 03:15:08,776 DEBUG [EBRE22_DeviceApplicationSTTL-116703] Testcase_Result contains: nullPassnullPassnullpassnullpassnullPasspasspassPassPassPassnull
2016-01-28 03:15:08,776 DEBUG [EBRE22_DeviceApplicationSTTL-116703] Test case with description Application with Quit Pass
2016-01-28 03:15:08,788 DEBUG [EBRE22_DeviceApplicationSTTL-116703] Completed quitSelendroid function
2016-01-28 03:15:08,789 DEBUG [EBRE22_DeviceApplicationSTTL-116703] Row number:4
2016-01-28 03:15:08,821 DEBUG [EBRE22_DeviceApplicationSTTL-116703] Ending Test Case IDSTTL-116703
