2016-01-27 20:48:39,099 DEBUG [EBManual_SignalIndicator_JSSTTL-116714] Executing Test Case ID: STTL-116714
2016-01-27 20:48:39,106 DEBUG [EBManual_SignalIndicator_JSSTTL-116714] Executing Init_Selendroid function with APK as parameter and clear data value with 1
2016-01-27 20:48:49,527 DEBUG [EBManual_SignalIndicator_JSSTTL-116714] Exiting Init_Selendroid function
2016-01-27 20:48:49,542 DEBUG [EBManual_SignalIndicator_JSSTTL-116714] TestCase with Description "wlanStatus with callback after disabling wlan profile" Execution started
2016-01-27 20:48:49,542 DEBUG [EBManual_SignalIndicator_JSSTTL-116714] In execute keyword function
2016-01-27 20:48:49,542 DEBUG [EBManual_SignalIndicator_JSSTTL-116714] Executing wait function:
2016-01-27 20:48:49,542 DEBUG [EBManual_SignalIndicator_JSSTTL-116714] Started Executing wait function
2016-01-27 20:48:52,543 DEBUG [EBManual_SignalIndicator_JSSTTL-116714] Exiting from wait function
2016-01-27 20:48:52,543 DEBUG [EBManual_SignalIndicator_JSSTTL-116714] TestStepResult of wait: Pass
2016-01-27 20:48:52,543 DEBUG [EBManual_SignalIndicator_JSSTTL-116714] In execute keyword function
2016-01-27 20:48:52,543 DEBUG [EBManual_SignalIndicator_JSSTTL-116714] Executing validate_PageTitle function:
2016-01-27 20:48:52,584 DEBUG [EBManual_SignalIndicator_JSSTTL-116714] The title of the page is *********************************: Manual specs
2016-01-27 20:48:52,584 DEBUG [EBManual_SignalIndicator_JSSTTL-116714] The page title found is correct
2016-01-27 20:48:52,584 DEBUG [EBManual_SignalIndicator_JSSTTL-116714] Result of validate_PageTitle: pass
2016-01-27 20:48:52,584 DEBUG [EBManual_SignalIndicator_JSSTTL-116714] In execute keyword function
2016-01-27 20:48:52,584 DEBUG [EBManual_SignalIndicator_JSSTTL-116714] Executing link_Click function:
2016-01-27 20:48:53,307 DEBUG [EBManual_SignalIndicator_JSSTTL-116714] Executing Click function
2016-01-27 20:48:54,681 DEBUG [EBManual_SignalIndicator_JSSTTL-116714] Exiting Click function
2016-01-27 20:48:54,681 DEBUG [EBManual_SignalIndicator_JSSTTL-116714] signal_test_link clicked successfully
2016-01-27 20:48:54,681 DEBUG [EBManual_SignalIndicator_JSSTTL-116714] TestStepResult of link_Click: Pass
2016-01-27 20:48:54,681 DEBUG [EBManual_SignalIndicator_JSSTTL-116714] In execute keyword function
2016-01-27 20:48:54,681 DEBUG [EBManual_SignalIndicator_JSSTTL-116714] Executing validate_PageTitle function:
2016-01-27 20:48:54,697 DEBUG [EBManual_SignalIndicator_JSSTTL-116714] The title of the page is *********************************: Signal JS Test
2016-01-27 20:48:54,697 DEBUG [EBManual_SignalIndicator_JSSTTL-116714] The page title found is correct
2016-01-27 20:48:54,697 DEBUG [EBManual_SignalIndicator_JSSTTL-116714] Result of validate_PageTitle: pass
2016-01-27 20:48:54,697 DEBUG [EBManual_SignalIndicator_JSSTTL-116714] In execute keyword function
2016-01-27 20:48:54,697 DEBUG [EBManual_SignalIndicator_JSSTTL-116714] Executing SelectTestToRun function:
2016-01-27 20:48:58,647 DEBUG [EBManual_SignalIndicator_JSSTTL-116714] Successfull in selecting clicking the category
2016-01-27 20:48:58,647 DEBUG [EBManual_SignalIndicator_JSSTTL-116714] TestStepResult of SelectTestToRun: pass
2016-01-27 20:48:58,647 DEBUG [EBManual_SignalIndicator_JSSTTL-116714] In execute keyword function
2016-01-27 20:48:58,647 DEBUG [EBManual_SignalIndicator_JSSTTL-116714] Executing ClickRunTest function:
2016-01-27 20:48:59,028 DEBUG [EBManual_SignalIndicator_JSSTTL-116714] Executing Click function
2016-01-27 20:48:59,992 DEBUG [EBManual_SignalIndicator_JSSTTL-116714] Exiting Click function
2016-01-27 20:48:59,992 DEBUG [EBManual_SignalIndicator_JSSTTL-116714] runtest_top_xpath Button clicked Successfully
2016-01-27 20:48:59,992 DEBUG [EBManual_SignalIndicator_JSSTTL-116714] TestStepResult of ClickRunTest: pass
2016-01-27 20:48:59,992 DEBUG [EBManual_SignalIndicator_JSSTTL-116714] In execute keyword function
2016-01-27 20:48:59,992 DEBUG [EBManual_SignalIndicator_JSSTTL-116714] Executing validate_Text_Exists function:
2016-01-27 20:49:00,536 DEBUG [EBManual_SignalIndicator_JSSTTL-116714] VT298-0024 Testcase Text found
2016-01-27 20:49:00,537 DEBUG [EBManual_SignalIndicator_JSSTTL-116714] Result of validate_Text_Exists: Pass
2016-01-27 20:49:00,537 DEBUG [EBManual_SignalIndicator_JSSTTL-116714] In execute keyword function
2016-01-27 20:49:00,537 DEBUG [EBManual_SignalIndicator_JSSTTL-116714] Executing wifi_Mode function:
2016-01-27 20:49:00,537 DEBUG [EBManual_SignalIndicator_JSSTTL-116714] Started executeCommandLine function
2016-01-27 20:49:04,557 DEBUG [EBManual_SignalIndicator_JSSTTL-116714] Turning off WiFi
2016-01-27 20:49:04,557 DEBUG [EBManual_SignalIndicator_JSSTTL-116714] Started executeCommandLine function
2016-01-27 20:49:09,579 DEBUG [EBManual_SignalIndicator_JSSTTL-116714] Started executeCommandLine function
2016-01-27 20:49:23,601 DEBUG [EBManual_SignalIndicator_JSSTTL-116714] TestStepResult of wifi_Mode: pass
2016-01-27 20:49:23,601 DEBUG [EBManual_SignalIndicator_JSSTTL-116714] In execute keyword function
2016-01-27 20:49:23,601 DEBUG [EBManual_SignalIndicator_JSSTTL-116714] Executing wait function:
2016-01-27 20:49:23,601 DEBUG [EBManual_SignalIndicator_JSSTTL-116714] Started Executing wait function
2016-01-27 20:49:25,601 DEBUG [EBManual_SignalIndicator_JSSTTL-116714] Exiting from wait function
2016-01-27 20:49:25,601 DEBUG [EBManual_SignalIndicator_JSSTTL-116714] TestStepResult of wait: Pass
2016-01-27 20:49:25,601 DEBUG [EBManual_SignalIndicator_JSSTTL-116714] In execute keyword function
2016-01-27 20:49:25,601 DEBUG [EBManual_SignalIndicator_JSSTTL-116714] Executing press_Key function:
2016-01-27 20:49:25,601 DEBUG [EBManual_SignalIndicator_JSSTTL-116714] Started executeCommandLine function
2016-01-27 20:49:29,621 DEBUG [EBManual_SignalIndicator_JSSTTL-116714] Exiting from executeCommandLine function
2016-01-27 20:49:29,621 DEBUG [EBManual_SignalIndicator_JSSTTL-116714] pressed on the home key
2016-01-27 20:49:29,621 DEBUG [EBManual_SignalIndicator_JSSTTL-116714] home works
2016-01-27 20:49:30,621 DEBUG [EBManual_SignalIndicator_JSSTTL-116714] TestStepResult of press_Key: pass
2016-01-27 20:49:30,621 DEBUG [EBManual_SignalIndicator_JSSTTL-116714] In execute keyword function
2016-01-27 20:49:30,621 DEBUG [EBManual_SignalIndicator_JSSTTL-116714] Executing launch_App_Device function:
2016-01-27 20:49:30,621 DEBUG [EBManual_SignalIndicator_JSSTTL-116714] Started Executing Launch_App_Device function
2016-01-27 20:49:30,621 DEBUG [EBManual_SignalIndicator_JSSTTL-116714] Started executeCommandLine function
2016-01-27 20:49:34,643 DEBUG [EBManual_SignalIndicator_JSSTTL-116714] Exiting from executeCommandLine function
2016-01-27 20:49:35,643 DEBUG [EBManual_SignalIndicator_JSSTTL-116714] Successfully launched the App
2016-01-27 20:49:35,643 DEBUG [EBManual_SignalIndicator_JSSTTL-116714] Exiting Launch_App_Device function
2016-01-27 20:49:35,643 DEBUG [EBManual_SignalIndicator_JSSTTL-116714] TestStepResult of launch_App_Device: Pass
2016-01-27 20:49:35,643 DEBUG [EBManual_SignalIndicator_JSSTTL-116714] In execute keyword function
2016-01-27 20:49:35,643 DEBUG [EBManual_SignalIndicator_JSSTTL-116714] Executing wait function:
2016-01-27 20:49:35,643 DEBUG [EBManual_SignalIndicator_JSSTTL-116714] Started Executing wait function
2016-01-27 20:49:37,643 DEBUG [EBManual_SignalIndicator_JSSTTL-116714] Exiting from wait function
2016-01-27 20:49:37,643 DEBUG [EBManual_SignalIndicator_JSSTTL-116714] TestStepResult of wait: Pass
2016-01-27 20:49:37,643 DEBUG [EBManual_SignalIndicator_JSSTTL-116714] In execute keyword function
2016-01-27 20:49:37,643 DEBUG [EBManual_SignalIndicator_JSSTTL-116714] Executing ClickRunTest function:
2016-01-27 20:49:38,035 DEBUG [EBManual_SignalIndicator_JSSTTL-116714] Executing Click function
2016-01-27 20:49:39,158 DEBUG [EBManual_SignalIndicator_JSSTTL-116714] Exiting Click function
2016-01-27 20:49:39,158 DEBUG [EBManual_SignalIndicator_JSSTTL-116714] runtest_bottom_xpath Button clicked Successfully
2016-01-27 20:49:39,158 DEBUG [EBManual_SignalIndicator_JSSTTL-116714] TestStepResult of ClickRunTest: pass
2016-01-27 20:49:39,158 DEBUG [EBManual_SignalIndicator_JSSTTL-116714] In execute keyword function
2016-01-27 20:49:39,158 DEBUG [EBManual_SignalIndicator_JSSTTL-116714] Executing wait function:
2016-01-27 20:49:39,159 DEBUG [EBManual_SignalIndicator_JSSTTL-116714] Started Executing wait function
2016-01-27 20:49:41,160 DEBUG [EBManual_SignalIndicator_JSSTTL-116714] Exiting from wait function
2016-01-27 20:49:41,160 DEBUG [EBManual_SignalIndicator_JSSTTL-116714] TestStepResult of wait: Pass
2016-01-27 20:49:41,160 DEBUG [EBManual_SignalIndicator_JSSTTL-116714] In execute keyword function
2016-01-27 20:49:41,160 DEBUG [EBManual_SignalIndicator_JSSTTL-116714] Executing validate_Result function:
2016-01-27 20:49:41,438 DEBUG [EBManual_SignalIndicator_JSSTTL-116714] signalStrength Text found in Results
signalStrength : : 100
essid : :
macAddress : :
adapterName : :
dhcpServer : : 0.0.0.0
dhcpStatic : : undefined
gateway : : 0.0.0.0
ipAddress : : 0.0.0.0
rssi : : -37
subnetMask : : 0.0.0.0
wins : : undefined
2016-01-27 20:49:41,438 DEBUG [EBManual_SignalIndicator_JSSTTL-116714] Result of validate_Result: Pass
2016-01-27 20:49:41,438 DEBUG [EBManual_SignalIndicator_JSSTTL-116714] In execute keyword function
2016-01-27 20:49:41,438 DEBUG [EBManual_SignalIndicator_JSSTTL-116714] Executing validate_Result function:
2016-01-27 20:49:41,639 DEBUG [EBManual_SignalIndicator_JSSTTL-116714] essid Text found in Results
signalStrength : : 100
essid : :
macAddress : :
adapterName : :
dhcpServer : : 0.0.0.0
dhcpStatic : : undefined
gateway : : 0.0.0.0
ipAddress : : 0.0.0.0
rssi : : -37
subnetMask : : 0.0.0.0
wins : : undefined
2016-01-27 20:49:41,639 DEBUG [EBManual_SignalIndicator_JSSTTL-116714] Result of validate_Result: Pass
2016-01-27 20:49:41,639 DEBUG [EBManual_SignalIndicator_JSSTTL-116714] In execute keyword function
2016-01-27 20:49:41,639 DEBUG [EBManual_SignalIndicator_JSSTTL-116714] Executing validate_Result function:
2016-01-27 20:49:41,811 DEBUG [EBManual_SignalIndicator_JSSTTL-116714] macAddress Text found in Results
signalStrength : : 100
essid : :
macAddress : :
adapterName : :
dhcpServer : : 0.0.0.0
dhcpStatic : : undefined
gateway : : 0.0.0.0
ipAddress : : 0.0.0.0
rssi : : -37
subnetMask : : 0.0.0.0
wins : : undefined
2016-01-27 20:49:41,811 DEBUG [EBManual_SignalIndicator_JSSTTL-116714] Result of validate_Result: Pass
2016-01-27 20:49:41,811 DEBUG [EBManual_SignalIndicator_JSSTTL-116714] In execute keyword function
2016-01-27 20:49:41,811 DEBUG [EBManual_SignalIndicator_JSSTTL-116714] Executing validate_Result function:
2016-01-27 20:49:41,989 DEBUG [EBManual_SignalIndicator_JSSTTL-116714] adapterName Text found in Results
signalStrength : : 100
essid : :
macAddress : :
adapterName : :
dhcpServer : : 0.0.0.0
dhcpStatic : : undefined
gateway : : 0.0.0.0
ipAddress : : 0.0.0.0
rssi : : -37
subnetMask : : 0.0.0.0
wins : : undefined
2016-01-27 20:49:41,990 DEBUG [EBManual_SignalIndicator_JSSTTL-116714] Result of validate_Result: Pass
2016-01-27 20:49:41,990 DEBUG [EBManual_SignalIndicator_JSSTTL-116714] In execute keyword function
2016-01-27 20:49:41,990 DEBUG [EBManual_SignalIndicator_JSSTTL-116714] Executing validate_Result function:
2016-01-27 20:49:42,202 DEBUG [EBManual_SignalIndicator_JSSTTL-116714] dhcpServer Text found in Results
signalStrength : : 100
essid : :
macAddress : :
adapterName : :
dhcpServer : : 0.0.0.0
dhcpStatic : : undefined
gateway : : 0.0.0.0
ipAddress : : 0.0.0.0
rssi : : -37
subnetMask : : 0.0.0.0
wins : : undefined
2016-01-27 20:49:42,202 DEBUG [EBManual_SignalIndicator_JSSTTL-116714] Result of validate_Result: Pass
2016-01-27 20:49:42,202 DEBUG [EBManual_SignalIndicator_JSSTTL-116714] In execute keyword function
2016-01-27 20:49:42,202 DEBUG [EBManual_SignalIndicator_JSSTTL-116714] Executing validate_Result function:
2016-01-27 20:49:42,411 DEBUG [EBManual_SignalIndicator_JSSTTL-116714] dhcpStatic Text found in Results
signalStrength : : 100
essid : :
macAddress : :
adapterName : :
dhcpServer : : 0.0.0.0
dhcpStatic : : undefined
gateway : : 0.0.0.0
ipAddress : : 0.0.0.0
rssi : : -37
subnetMask : : 0.0.0.0
wins : : undefined
2016-01-27 20:49:42,411 DEBUG [EBManual_SignalIndicator_JSSTTL-116714] Result of validate_Result: Pass
2016-01-27 20:49:42,411 DEBUG [EBManual_SignalIndicator_JSSTTL-116714] In execute keyword function
2016-01-27 20:49:42,412 DEBUG [EBManual_SignalIndicator_JSSTTL-116714] Executing validate_Result function:
2016-01-27 20:49:42,565 DEBUG [EBManual_SignalIndicator_JSSTTL-116714] gateway Text found in Results
signalStrength : : 100
essid : :
macAddress : :
adapterName : :
dhcpServer : : 0.0.0.0
dhcpStatic : : undefined
gateway : : 0.0.0.0
ipAddress : : 0.0.0.0
rssi : : -37
subnetMask : : 0.0.0.0
wins : : undefined
2016-01-27 20:49:42,566 DEBUG [EBManual_SignalIndicator_JSSTTL-116714] Result of validate_Result: Pass
2016-01-27 20:49:42,566 DEBUG [EBManual_SignalIndicator_JSSTTL-116714] In execute keyword function
2016-01-27 20:49:42,566 DEBUG [EBManual_SignalIndicator_JSSTTL-116714] Executing validate_Result function:
2016-01-27 20:49:42,786 DEBUG [EBManual_SignalIndicator_JSSTTL-116714] ipAddress Text found in Results
signalStrength : : 100
essid : :
macAddress : :
adapterName : :
dhcpServer : : 0.0.0.0
dhcpStatic : : undefined
gateway : : 0.0.0.0
ipAddress : : 0.0.0.0
rssi : : -37
subnetMask : : 0.0.0.0
wins : : undefined
2016-01-27 20:49:42,787 DEBUG [EBManual_SignalIndicator_JSSTTL-116714] Result of validate_Result: Pass
2016-01-27 20:49:42,787 DEBUG [EBManual_SignalIndicator_JSSTTL-116714] In execute keyword function
2016-01-27 20:49:42,787 DEBUG [EBManual_SignalIndicator_JSSTTL-116714] Executing validate_Result function:
2016-01-27 20:49:42,962 DEBUG [EBManual_SignalIndicator_JSSTTL-116714] rssi Text found in Results
signalStrength : : 100
essid : :
macAddress : :
adapterName : :
dhcpServer : : 0.0.0.0
dhcpStatic : : undefined
gateway : : 0.0.0.0
ipAddress : : 0.0.0.0
rssi : : -37
subnetMask : : 0.0.0.0
wins : : undefined
2016-01-27 20:49:42,962 DEBUG [EBManual_SignalIndicator_JSSTTL-116714] Result of validate_Result: Pass
2016-01-27 20:49:42,962 DEBUG [EBManual_SignalIndicator_JSSTTL-116714] In execute keyword function
2016-01-27 20:49:42,962 DEBUG [EBManual_SignalIndicator_JSSTTL-116714] Executing validate_Result function:
2016-01-27 20:49:43,154 DEBUG [EBManual_SignalIndicator_JSSTTL-116714] subnetMask Text found in Results
signalStrength : : 100
essid : :
macAddress : :
adapterName : :
dhcpServer : : 0.0.0.0
dhcpStatic : : undefined
gateway : : 0.0.0.0
ipAddress : : 0.0.0.0
rssi : : -37
subnetMask : : 0.0.0.0
wins : : undefined
2016-01-27 20:49:43,154 DEBUG [EBManual_SignalIndicator_JSSTTL-116714] Result of validate_Result: Pass
2016-01-27 20:49:43,154 DEBUG [EBManual_SignalIndicator_JSSTTL-116714] In execute keyword function
2016-01-27 20:49:43,154 DEBUG [EBManual_SignalIndicator_JSSTTL-116714] Executing validate_Result function:
2016-01-27 20:49:43,355 DEBUG [EBManual_SignalIndicator_JSSTTL-116714] wins Text found in Results
signalStrength : : 100
essid : :
macAddress : :
adapterName : :
dhcpServer : : 0.0.0.0
dhcpStatic : : undefined
gateway : : 0.0.0.0
ipAddress : : 0.0.0.0
rssi : : -37
subnetMask : : 0.0.0.0
wins : : undefined
2016-01-27 20:49:43,355 DEBUG [EBManual_SignalIndicator_JSSTTL-116714] Result of validate_Result: Pass
2016-01-27 20:49:43,355 DEBUG [EBManual_SignalIndicator_JSSTTL-116714] In execute keyword function
2016-01-27 20:49:43,355 DEBUG [EBManual_SignalIndicator_JSSTTL-116714] Executing checkCallbackValues function:
2016-01-27 20:49:43,627 DEBUG [EBManual_SignalIndicator_JSSTTL-116714] wlan profile has been disabled
2016-01-27 20:49:43,627 DEBUG [EBManual_SignalIndicator_JSSTTL-116714] TestStepResult of checkCallbackValues: Pass
2016-01-27 20:49:43,627 DEBUG [EBManual_SignalIndicator_JSSTTL-116714] In execute keyword function
2016-01-27 20:49:43,627 DEBUG [EBManual_SignalIndicator_JSSTTL-116714] Executing wifi_Mode function:
2016-01-27 20:49:43,627 DEBUG [EBManual_SignalIndicator_JSSTTL-116714] Started executeCommandLine function
2016-01-27 20:49:47,643 DEBUG [EBManual_SignalIndicator_JSSTTL-116714] Turning on WiFi
2016-01-27 20:49:47,643 DEBUG [EBManual_SignalIndicator_JSSTTL-116714] Started executeCommandLine function
2016-01-27 20:49:52,665 DEBUG [EBManual_SignalIndicator_JSSTTL-116714] Started executeCommandLine function
2016-01-27 20:50:06,686 DEBUG [EBManual_SignalIndicator_JSSTTL-116714] TestStepResult of wifi_Mode: pass
2016-01-27 20:50:06,686 DEBUG [EBManual_SignalIndicator_JSSTTL-116714] In execute keyword function
2016-01-27 20:50:06,686 DEBUG [EBManual_SignalIndicator_JSSTTL-116714] Executing press_Key function:
2016-01-27 20:50:06,686 DEBUG [EBManual_SignalIndicator_JSSTTL-116714] Started executeCommandLine function
2016-01-27 20:50:10,706 DEBUG [EBManual_SignalIndicator_JSSTTL-116714] Exiting from executeCommandLine function
2016-01-27 20:50:10,706 DEBUG [EBManual_SignalIndicator_JSSTTL-116714] pressed on the home key
2016-01-27 20:50:10,706 DEBUG [EBManual_SignalIndicator_JSSTTL-116714] home works
2016-01-27 20:50:11,707 DEBUG [EBManual_SignalIndicator_JSSTTL-116714] TestStepResult of press_Key: pass
2016-01-27 20:50:11,707 DEBUG [EBManual_SignalIndicator_JSSTTL-116714] allstep_result contains: passpassPassPasspassPassPasspassPasspasspasspassPassPassnull
2016-01-27 20:50:11,707 DEBUG [EBManual_SignalIndicator_JSSTTL-116714] allexpected_result contains: nullPassPassPassPassPassPassPassPassPassPassPassnullPassnullpassnullpassnull
2016-01-27 20:50:11,707 DEBUG [EBManual_SignalIndicator_JSSTTL-116714] Testcase_Result contains: nullPassPassPassPassPassPassPassPassPassPassPassnullPassnullpassnullpassnullpasspassPassPasspassPassPasspassPasspasspasspassPassPassnull
2016-01-27 20:50:11,707 DEBUG [EBManual_SignalIndicator_JSSTTL-116714] Test case with description wlanStatus with callback after disabling wlan profile Pass
2016-01-27 20:50:12,596 DEBUG [EBManual_SignalIndicator_JSSTTL-116714] Executing browser_Quit function
2016-01-27 20:50:12,596 DEBUG [EBManual_SignalIndicator_JSSTTL-116714] Completed browser_Quit function
2016-01-27 20:50:12,596 DEBUG [EBManual_SignalIndicator_JSSTTL-116714] Completed quitSelendroid function
2016-01-27 20:50:12,597 DEBUG [EBManual_SignalIndicator_JSSTTL-116714] Row number:15
2016-01-27 20:50:12,632 DEBUG [EBManual_SignalIndicator_JSSTTL-116714] Ending Test Case IDSTTL-116714
