2016-01-27 20:52:01,518 DEBUG [EBManual_SignalIndicator_JSSTTL-116719] Executing Test Case ID: STTL-116719
2016-01-27 20:52:01,524 DEBUG [EBManual_SignalIndicator_JSSTTL-116719] Executing Init_Selendroid function with APK as parameter and clear data value with 1
2016-01-27 20:52:10,388 DEBUG [EBManual_SignalIndicator_JSSTTL-116719] Exiting Init_Selendroid function
2016-01-27 20:52:10,403 DEBUG [EBManual_SignalIndicator_JSSTTL-116719] TestCase with Description "Signal showIcon color with #000000 value" Execution started
2016-01-27 20:52:10,403 DEBUG [EBManual_SignalIndicator_JSSTTL-116719] In execute keyword function
2016-01-27 20:52:10,403 DEBUG [EBManual_SignalIndicator_JSSTTL-116719] Executing wait function:
2016-01-27 20:52:10,403 DEBUG [EBManual_SignalIndicator_JSSTTL-116719] Started Executing wait function
2016-01-27 20:52:13,404 DEBUG [EBManual_SignalIndicator_JSSTTL-116719] Exiting from wait function
2016-01-27 20:52:13,404 DEBUG [EBManual_SignalIndicator_JSSTTL-116719] TestStepResult of wait: Pass
2016-01-27 20:52:13,404 DEBUG [EBManual_SignalIndicator_JSSTTL-116719] In execute keyword function
2016-01-27 20:52:13,404 DEBUG [EBManual_SignalIndicator_JSSTTL-116719] Executing validate_PageTitle function:
2016-01-27 20:52:13,431 DEBUG [EBManual_SignalIndicator_JSSTTL-116719] The title of the page is *********************************: Manual specs
2016-01-27 20:52:13,431 DEBUG [EBManual_SignalIndicator_JSSTTL-116719] The page title found is correct
2016-01-27 20:52:13,431 DEBUG [EBManual_SignalIndicator_JSSTTL-116719] Result of validate_PageTitle: pass
2016-01-27 20:52:13,431 DEBUG [EBManual_SignalIndicator_JSSTTL-116719] In execute keyword function
2016-01-27 20:52:13,431 DEBUG [EBManual_SignalIndicator_JSSTTL-116719] Executing link_Click function:
2016-01-27 20:52:14,241 DEBUG [EBManual_SignalIndicator_JSSTTL-116719] Executing Click function
2016-01-27 20:52:15,675 DEBUG [EBManual_SignalIndicator_JSSTTL-116719] Exiting Click function
2016-01-27 20:52:15,675 DEBUG [EBManual_SignalIndicator_JSSTTL-116719] signal_test_link clicked successfully
2016-01-27 20:52:15,675 DEBUG [EBManual_SignalIndicator_JSSTTL-116719] TestStepResult of link_Click: Pass
2016-01-27 20:52:15,675 DEBUG [EBManual_SignalIndicator_JSSTTL-116719] In execute keyword function
2016-01-27 20:52:15,675 DEBUG [EBManual_SignalIndicator_JSSTTL-116719] Executing validate_PageTitle function:
2016-01-27 20:52:15,696 DEBUG [EBManual_SignalIndicator_JSSTTL-116719] The title of the page is *********************************: Signal JS Test
2016-01-27 20:52:15,696 DEBUG [EBManual_SignalIndicator_JSSTTL-116719] The page title found is correct
2016-01-27 20:52:15,696 DEBUG [EBManual_SignalIndicator_JSSTTL-116719] Result of validate_PageTitle: pass
2016-01-27 20:52:15,696 DEBUG [EBManual_SignalIndicator_JSSTTL-116719] In execute keyword function
2016-01-27 20:52:15,696 DEBUG [EBManual_SignalIndicator_JSSTTL-116719] Executing SelectTestToRun function:
2016-01-27 20:52:20,204 DEBUG [EBManual_SignalIndicator_JSSTTL-116719] Successfull in selecting clicking the category
2016-01-27 20:52:20,204 DEBUG [EBManual_SignalIndicator_JSSTTL-116719] TestStepResult of SelectTestToRun: pass
2016-01-27 20:52:20,204 DEBUG [EBManual_SignalIndicator_JSSTTL-116719] In execute keyword function
2016-01-27 20:52:20,204 DEBUG [EBManual_SignalIndicator_JSSTTL-116719] Executing ClickRunTest function:
2016-01-27 20:52:20,558 DEBUG [EBManual_SignalIndicator_JSSTTL-116719] Executing Click function
2016-01-27 20:52:21,482 DEBUG [EBManual_SignalIndicator_JSSTTL-116719] Exiting Click function
2016-01-27 20:52:21,482 DEBUG [EBManual_SignalIndicator_JSSTTL-116719] runtest_top_xpath Button clicked Successfully
2016-01-27 20:52:21,482 DEBUG [EBManual_SignalIndicator_JSSTTL-116719] TestStepResult of ClickRunTest: pass
2016-01-27 20:52:21,482 DEBUG [EBManual_SignalIndicator_JSSTTL-116719] In execute keyword function
2016-01-27 20:52:21,482 DEBUG [EBManual_SignalIndicator_JSSTTL-116719] Executing validate_Text_Exists function:
2016-01-27 20:52:22,143 DEBUG [EBManual_SignalIndicator_JSSTTL-116719] VT298-0016 Testcase Text found
2016-01-27 20:52:22,143 DEBUG [EBManual_SignalIndicator_JSSTTL-116719] Result of validate_Text_Exists: Pass
2016-01-27 20:52:22,143 DEBUG [EBManual_SignalIndicator_JSSTTL-116719] In execute keyword function
2016-01-27 20:52:22,143 DEBUG [EBManual_SignalIndicator_JSSTTL-116719] Executing ClickRunTest function:
2016-01-27 20:52:22,501 DEBUG [EBManual_SignalIndicator_JSSTTL-116719] Executing Click function
2016-01-27 20:52:23,473 DEBUG [EBManual_SignalIndicator_JSSTTL-116719] Exiting Click function
2016-01-27 20:52:23,473 DEBUG [EBManual_SignalIndicator_JSSTTL-116719] runtest_bottom_xpath Button clicked Successfully
2016-01-27 20:52:23,473 DEBUG [EBManual_SignalIndicator_JSSTTL-116719] TestStepResult of ClickRunTest: pass
2016-01-27 20:52:23,473 DEBUG [EBManual_SignalIndicator_JSSTTL-116719] In execute keyword function
2016-01-27 20:52:23,473 DEBUG [EBManual_SignalIndicator_JSSTTL-116719] Executing wait function:
2016-01-27 20:52:23,473 DEBUG [EBManual_SignalIndicator_JSSTTL-116719] Started Executing wait function
2016-01-27 20:52:26,473 DEBUG [EBManual_SignalIndicator_JSSTTL-116719] Exiting from wait function
2016-01-27 20:52:26,473 DEBUG [EBManual_SignalIndicator_JSSTTL-116719] TestStepResult of wait: Pass
2016-01-27 20:52:26,473 DEBUG [EBManual_SignalIndicator_JSSTTL-116719] In execute keyword function
2016-01-27 20:52:26,473 DEBUG [EBManual_SignalIndicator_JSSTTL-116719] Executing TakeScreenshot function:
2016-01-27 20:52:27,691 DEBUG [EBManual_SignalIndicator_JSSTTL-116719] 
2016-01-27 20:52:28,699 DEBUG [EBManual_SignalIndicator_JSSTTL-116719] Executing browser_Quit function
2016-01-27 20:52:28,699 DEBUG [EBManual_SignalIndicator_JSSTTL-116719] Completed browser_Quit function
2016-01-27 20:52:28,699 DEBUG [EBManual_SignalIndicator_JSSTTL-116719] Completed quitSelendroid function
2016-01-27 20:52:28,699 DEBUG [EBManual_SignalIndicator_JSSTTL-116719] Row number:20
