2016-01-27 20:52:28,808 DEBUG [EBManual_SignalIndicator_JSSTTL-116720] Executing Test Case ID: STTL-116720
2016-01-27 20:52:28,814 DEBUG [EBManual_SignalIndicator_JSSTTL-116720] Executing Init_Selendroid function with APK as parameter and clear data value with 1
2016-01-27 20:52:37,612 DEBUG [EBManual_SignalIndicator_JSSTTL-116720] Exiting Init_Selendroid function
2016-01-27 20:52:37,626 DEBUG [EBManual_SignalIndicator_JSSTTL-116720] TestCase with Description "wlanStatus with synch Without callback" Execution started
2016-01-27 20:52:37,627 DEBUG [EBManual_SignalIndicator_JSSTTL-116720] In execute keyword function
2016-01-27 20:52:37,627 DEBUG [EBManual_SignalIndicator_JSSTTL-116720] Executing wait function:
2016-01-27 20:52:37,627 DEBUG [EBManual_SignalIndicator_JSSTTL-116720] Started Executing wait function
2016-01-27 20:52:40,627 DEBUG [EBManual_SignalIndicator_JSSTTL-116720] Exiting from wait function
2016-01-27 20:52:40,627 DEBUG [EBManual_SignalIndicator_JSSTTL-116720] TestStepResult of wait: Pass
2016-01-27 20:52:40,627 DEBUG [EBManual_SignalIndicator_JSSTTL-116720] In execute keyword function
2016-01-27 20:52:40,627 DEBUG [EBManual_SignalIndicator_JSSTTL-116720] Executing validate_PageTitle function:
2016-01-27 20:52:40,672 DEBUG [EBManual_SignalIndicator_JSSTTL-116720] The title of the page is *********************************: Manual specs
2016-01-27 20:52:40,672 DEBUG [EBManual_SignalIndicator_JSSTTL-116720] The page title found is correct
2016-01-27 20:52:40,672 DEBUG [EBManual_SignalIndicator_JSSTTL-116720] Result of validate_PageTitle: pass
2016-01-27 20:52:40,672 DEBUG [EBManual_SignalIndicator_JSSTTL-116720] In execute keyword function
2016-01-27 20:52:40,672 DEBUG [EBManual_SignalIndicator_JSSTTL-116720] Executing link_Click function:
2016-01-27 20:52:41,458 DEBUG [EBManual_SignalIndicator_JSSTTL-116720] Executing Click function
2016-01-27 20:52:42,844 DEBUG [EBManual_SignalIndicator_JSSTTL-116720] Exiting Click function
2016-01-27 20:52:42,844 DEBUG [EBManual_SignalIndicator_JSSTTL-116720] signal_test_link clicked successfully
2016-01-27 20:52:42,844 DEBUG [EBManual_SignalIndicator_JSSTTL-116720] TestStepResult of link_Click: Pass
2016-01-27 20:52:42,844 DEBUG [EBManual_SignalIndicator_JSSTTL-116720] In execute keyword function
2016-01-27 20:52:42,844 DEBUG [EBManual_SignalIndicator_JSSTTL-116720] Executing validate_PageTitle function:
2016-01-27 20:52:42,862 DEBUG [EBManual_SignalIndicator_JSSTTL-116720] The title of the page is *********************************: Signal JS Test
2016-01-27 20:52:42,862 DEBUG [EBManual_SignalIndicator_JSSTTL-116720] The page title found is correct
2016-01-27 20:52:42,862 DEBUG [EBManual_SignalIndicator_JSSTTL-116720] Result of validate_PageTitle: pass
2016-01-27 20:52:42,862 DEBUG [EBManual_SignalIndicator_JSSTTL-116720] In execute keyword function
2016-01-27 20:52:42,862 DEBUG [EBManual_SignalIndicator_JSSTTL-116720] Executing SelectTestToRun function:
2016-01-27 20:52:47,563 DEBUG [EBManual_SignalIndicator_JSSTTL-116720] Successfull in selecting clicking the category
2016-01-27 20:52:47,563 DEBUG [EBManual_SignalIndicator_JSSTTL-116720] TestStepResult of SelectTestToRun: pass
2016-01-27 20:52:47,563 DEBUG [EBManual_SignalIndicator_JSSTTL-116720] In execute keyword function
2016-01-27 20:52:47,564 DEBUG [EBManual_SignalIndicator_JSSTTL-116720] Executing ClickRunTest function:
2016-01-27 20:52:47,911 DEBUG [EBManual_SignalIndicator_JSSTTL-116720] Executing Click function
2016-01-27 20:52:48,852 DEBUG [EBManual_SignalIndicator_JSSTTL-116720] Exiting Click function
2016-01-27 20:52:48,852 DEBUG [EBManual_SignalIndicator_JSSTTL-116720] runtest_top_xpath Button clicked Successfully
2016-01-27 20:52:48,853 DEBUG [EBManual_SignalIndicator_JSSTTL-116720] TestStepResult of ClickRunTest: pass
2016-01-27 20:52:48,853 DEBUG [EBManual_SignalIndicator_JSSTTL-116720] In execute keyword function
2016-01-27 20:52:48,853 DEBUG [EBManual_SignalIndicator_JSSTTL-116720] Executing validate_Text_Exists function:
2016-01-27 20:52:49,585 DEBUG [EBManual_SignalIndicator_JSSTTL-116720] VT298-0025 Testcase Text found
2016-01-27 20:52:49,585 DEBUG [EBManual_SignalIndicator_JSSTTL-116720] Result of validate_Text_Exists: Pass
2016-01-27 20:52:49,585 DEBUG [EBManual_SignalIndicator_JSSTTL-116720] In execute keyword function
2016-01-27 20:52:49,585 DEBUG [EBManual_SignalIndicator_JSSTTL-116720] Executing ClickRunTest function:
2016-01-27 20:52:49,966 DEBUG [EBManual_SignalIndicator_JSSTTL-116720] Executing Click function
2016-01-27 20:52:51,074 DEBUG [EBManual_SignalIndicator_JSSTTL-116720] Exiting Click function
2016-01-27 20:52:51,074 DEBUG [EBManual_SignalIndicator_JSSTTL-116720] runtest_bottom_xpath Button clicked Successfully
2016-01-27 20:52:51,074 DEBUG [EBManual_SignalIndicator_JSSTTL-116720] TestStepResult of ClickRunTest: pass
2016-01-27 20:52:51,074 DEBUG [EBManual_SignalIndicator_JSSTTL-116720] In execute keyword function
2016-01-27 20:52:51,074 DEBUG [EBManual_SignalIndicator_JSSTTL-116720] Executing wait function:
2016-01-27 20:52:51,074 DEBUG [EBManual_SignalIndicator_JSSTTL-116720] Started Executing wait function
2016-01-27 20:52:53,074 DEBUG [EBManual_SignalIndicator_JSSTTL-116720] Exiting from wait function
2016-01-27 20:52:53,074 DEBUG [EBManual_SignalIndicator_JSSTTL-116720] TestStepResult of wait: Pass
2016-01-27 20:52:53,074 DEBUG [EBManual_SignalIndicator_JSSTTL-116720] In execute keyword function
2016-01-27 20:52:53,074 DEBUG [EBManual_SignalIndicator_JSSTTL-116720] Executing wifi_Mode function:
2016-01-27 20:52:53,074 DEBUG [EBManual_SignalIndicator_JSSTTL-116720] Started executeCommandLine function
2016-01-27 20:52:57,094 DEBUG [EBManual_SignalIndicator_JSSTTL-116720] Turning off WiFi
2016-01-27 20:52:57,094 DEBUG [EBManual_SignalIndicator_JSSTTL-116720] Started executeCommandLine function
2016-01-27 20:53:02,116 DEBUG [EBManual_SignalIndicator_JSSTTL-116720] Started executeCommandLine function
2016-01-27 20:53:18,333 DEBUG [EBManual_SignalIndicator_JSSTTL-116720] TestStepResult of wifi_Mode: pass
2016-01-27 20:53:18,333 DEBUG [EBManual_SignalIndicator_JSSTTL-116720] In execute keyword function
2016-01-27 20:53:18,333 DEBUG [EBManual_SignalIndicator_JSSTTL-116720] Executing wait function:
2016-01-27 20:53:18,333 DEBUG [EBManual_SignalIndicator_JSSTTL-116720] Started Executing wait function
2016-01-27 20:53:20,333 DEBUG [EBManual_SignalIndicator_JSSTTL-116720] Exiting from wait function
2016-01-27 20:53:20,333 DEBUG [EBManual_SignalIndicator_JSSTTL-116720] TestStepResult of wait: Pass
2016-01-27 20:53:20,333 DEBUG [EBManual_SignalIndicator_JSSTTL-116720] In execute keyword function
2016-01-27 20:53:20,333 DEBUG [EBManual_SignalIndicator_JSSTTL-116720] Executing wifi_Mode function:
2016-01-27 20:53:20,333 DEBUG [EBManual_SignalIndicator_JSSTTL-116720] Started executeCommandLine function
2016-01-27 20:53:24,354 DEBUG [EBManual_SignalIndicator_JSSTTL-116720] Turning on WiFi
2016-01-27 20:53:24,354 DEBUG [EBManual_SignalIndicator_JSSTTL-116720] Started executeCommandLine function
2016-01-27 20:53:29,376 DEBUG [EBManual_SignalIndicator_JSSTTL-116720] Started executeCommandLine function
2016-01-27 20:53:43,398 DEBUG [EBManual_SignalIndicator_JSSTTL-116720] TestStepResult of wifi_Mode: pass
2016-01-27 20:53:43,398 DEBUG [EBManual_SignalIndicator_JSSTTL-116720] In execute keyword function
2016-01-27 20:53:43,398 DEBUG [EBManual_SignalIndicator_JSSTTL-116720] Executing wait function:
2016-01-27 20:53:43,398 DEBUG [EBManual_SignalIndicator_JSSTTL-116720] Started Executing wait function
2016-01-27 20:53:45,398 DEBUG [EBManual_SignalIndicator_JSSTTL-116720] Exiting from wait function
2016-01-27 20:53:45,398 DEBUG [EBManual_SignalIndicator_JSSTTL-116720] TestStepResult of wait: Pass
2016-01-27 20:53:45,398 DEBUG [EBManual_SignalIndicator_JSSTTL-116720] In execute keyword function
2016-01-27 20:53:45,398 DEBUG [EBManual_SignalIndicator_JSSTTL-116720] Executing press_Key function:
2016-01-27 20:53:45,398 DEBUG [EBManual_SignalIndicator_JSSTTL-116720] Started executeCommandLine function
2016-01-27 20:53:49,418 DEBUG [EBManual_SignalIndicator_JSSTTL-116720] Exiting from executeCommandLine function
2016-01-27 20:53:49,418 DEBUG [EBManual_SignalIndicator_JSSTTL-116720] pressed on the home key
2016-01-27 20:53:49,418 DEBUG [EBManual_SignalIndicator_JSSTTL-116720] home works
2016-01-27 20:53:50,418 DEBUG [EBManual_SignalIndicator_JSSTTL-116720] TestStepResult of press_Key: pass
2016-01-27 20:53:50,418 DEBUG [EBManual_SignalIndicator_JSSTTL-116720] In execute keyword function
2016-01-27 20:53:50,418 DEBUG [EBManual_SignalIndicator_JSSTTL-116720] Executing launch_App_Device function:
2016-01-27 20:53:50,418 DEBUG [EBManual_SignalIndicator_JSSTTL-116720] Started Executing Launch_App_Device function
2016-01-27 20:53:50,418 DEBUG [EBManual_SignalIndicator_JSSTTL-116720] Started executeCommandLine function
2016-01-27 20:53:54,441 DEBUG [EBManual_SignalIndicator_JSSTTL-116720] Exiting from executeCommandLine function
2016-01-27 20:53:55,441 DEBUG [EBManual_SignalIndicator_JSSTTL-116720] Successfully launched the App
2016-01-27 20:53:55,441 DEBUG [EBManual_SignalIndicator_JSSTTL-116720] Exiting Launch_App_Device function
2016-01-27 20:53:55,441 DEBUG [EBManual_SignalIndicator_JSSTTL-116720] TestStepResult of launch_App_Device: Pass
2016-01-27 20:53:55,441 DEBUG [EBManual_SignalIndicator_JSSTTL-116720] In execute keyword function
2016-01-27 20:53:55,441 DEBUG [EBManual_SignalIndicator_JSSTTL-116720] Executing wait function:
2016-01-27 20:53:55,441 DEBUG [EBManual_SignalIndicator_JSSTTL-116720] Started Executing wait function
2016-01-27 20:53:57,441 DEBUG [EBManual_SignalIndicator_JSSTTL-116720] Exiting from wait function
2016-01-27 20:53:57,441 DEBUG [EBManual_SignalIndicator_JSSTTL-116720] TestStepResult of wait: Pass
2016-01-27 20:53:57,441 DEBUG [EBManual_SignalIndicator_JSSTTL-116720] In execute keyword function
2016-01-27 20:53:57,441 DEBUG [EBManual_SignalIndicator_JSSTTL-116720] Executing validate_Result function:
2016-01-27 20:53:57,762 DEBUG [EBManual_SignalIndicator_JSSTTL-116720] signalStrength Text found in Results
signalStrength : : 100
essid : : "ard"
macAddress : : 40:83:de:7e:5e:f4
adapterName : : wlan0
dhcpServer : : 10.233.92.20
dhcpStatic : : undefined
gateway : : 10.233.82.254
ipAddress : : 10.233.82.34
rssi : : -37
subnetMask : : 255.255.255.0
wins : : undefined
2016-01-27 20:53:57,762 DEBUG [EBManual_SignalIndicator_JSSTTL-116720] Result of validate_Result: Pass
2016-01-27 20:53:57,762 DEBUG [EBManual_SignalIndicator_JSSTTL-116720] In execute keyword function
2016-01-27 20:53:57,762 DEBUG [EBManual_SignalIndicator_JSSTTL-116720] Executing validate_Result function:
2016-01-27 20:53:57,985 DEBUG [EBManual_SignalIndicator_JSSTTL-116720] essid Text found in Results
signalStrength : : 100
essid : : "ard"
macAddress : : 40:83:de:7e:5e:f4
adapterName : : wlan0
dhcpServer : : 10.233.92.20
dhcpStatic : : undefined
gateway : : 10.233.82.254
ipAddress : : 10.233.82.34
rssi : : -37
subnetMask : : 255.255.255.0
wins : : undefined
2016-01-27 20:53:57,985 DEBUG [EBManual_SignalIndicator_JSSTTL-116720] Result of validate_Result: Pass
2016-01-27 20:53:57,985 DEBUG [EBManual_SignalIndicator_JSSTTL-116720] In execute keyword function
2016-01-27 20:53:57,985 DEBUG [EBManual_SignalIndicator_JSSTTL-116720] Executing validate_Result function:
2016-01-27 20:53:58,239 DEBUG [EBManual_SignalIndicator_JSSTTL-116720] macAddress Text found in Results
signalStrength : : 100
essid : : "ard"
macAddress : : 40:83:de:7e:5e:f4
adapterName : : wlan0
dhcpServer : : 10.233.92.20
dhcpStatic : : undefined
gateway : : 10.233.82.254
ipAddress : : 10.233.82.34
rssi : : -37
subnetMask : : 255.255.255.0
wins : : undefined
2016-01-27 20:53:58,239 DEBUG [EBManual_SignalIndicator_JSSTTL-116720] Result of validate_Result: Pass
2016-01-27 20:53:58,239 DEBUG [EBManual_SignalIndicator_JSSTTL-116720] In execute keyword function
2016-01-27 20:53:58,239 DEBUG [EBManual_SignalIndicator_JSSTTL-116720] Executing validate_Result function:
2016-01-27 20:53:58,452 DEBUG [EBManual_SignalIndicator_JSSTTL-116720] adapterName Text found in Results
signalStrength : : 100
essid : : "ard"
macAddress : : 40:83:de:7e:5e:f4
adapterName : : wlan0
dhcpServer : : 10.233.92.20
dhcpStatic : : undefined
gateway : : 10.233.82.254
ipAddress : : 10.233.82.34
rssi : : -37
subnetMask : : 255.255.255.0
wins : : undefined
2016-01-27 20:53:58,452 DEBUG [EBManual_SignalIndicator_JSSTTL-116720] Result of validate_Result: Pass
2016-01-27 20:53:58,452 DEBUG [EBManual_SignalIndicator_JSSTTL-116720] In execute keyword function
2016-01-27 20:53:58,452 DEBUG [EBManual_SignalIndicator_JSSTTL-116720] Executing validate_Result function:
2016-01-27 20:53:58,721 DEBUG [EBManual_SignalIndicator_JSSTTL-116720] dhcpServer Text found in Results
signalStrength : : 100
essid : : "ard"
macAddress : : 40:83:de:7e:5e:f4
adapterName : : wlan0
dhcpServer : : 10.233.92.20
dhcpStatic : : undefined
gateway : : 10.233.82.254
ipAddress : : 10.233.82.34
rssi : : -37
subnetMask : : 255.255.255.0
wins : : undefined
2016-01-27 20:53:58,721 DEBUG [EBManual_SignalIndicator_JSSTTL-116720] Result of validate_Result: Pass
2016-01-27 20:53:58,721 DEBUG [EBManual_SignalIndicator_JSSTTL-116720] In execute keyword function
2016-01-27 20:53:58,721 DEBUG [EBManual_SignalIndicator_JSSTTL-116720] Executing validate_Result function:
2016-01-27 20:53:58,915 DEBUG [EBManual_SignalIndicator_JSSTTL-116720] dhcpStatic Text found in Results
signalStrength : : 100
essid : : "ard"
macAddress : : 40:83:de:7e:5e:f4
adapterName : : wlan0
dhcpServer : : 10.233.92.20
dhcpStatic : : undefined
gateway : : 10.233.82.254
ipAddress : : 10.233.82.34
rssi : : -37
subnetMask : : 255.255.255.0
wins : : undefined
2016-01-27 20:53:58,915 DEBUG [EBManual_SignalIndicator_JSSTTL-116720] Result of validate_Result: Pass
2016-01-27 20:53:58,915 DEBUG [EBManual_SignalIndicator_JSSTTL-116720] In execute keyword function
2016-01-27 20:53:58,915 DEBUG [EBManual_SignalIndicator_JSSTTL-116720] Executing validate_Result function:
2016-01-27 20:53:59,159 DEBUG [EBManual_SignalIndicator_JSSTTL-116720] gateway Text found in Results
signalStrength : : 100
essid : : "ard"
macAddress : : 40:83:de:7e:5e:f4
adapterName : : wlan0
dhcpServer : : 10.233.92.20
dhcpStatic : : undefined
gateway : : 10.233.82.254
ipAddress : : 10.233.82.34
rssi : : -37
subnetMask : : 255.255.255.0
wins : : undefined
2016-01-27 20:53:59,159 DEBUG [EBManual_SignalIndicator_JSSTTL-116720] Result of validate_Result: Pass
2016-01-27 20:53:59,159 DEBUG [EBManual_SignalIndicator_JSSTTL-116720] In execute keyword function
2016-01-27 20:53:59,159 DEBUG [EBManual_SignalIndicator_JSSTTL-116720] Executing validate_Result function:
2016-01-27 20:53:59,362 DEBUG [EBManual_SignalIndicator_JSSTTL-116720] ipAddress Text found in Results
signalStrength : : 100
essid : : "ard"
macAddress : : 40:83:de:7e:5e:f4
adapterName : : wlan0
dhcpServer : : 10.233.92.20
dhcpStatic : : undefined
gateway : : 10.233.82.254
ipAddress : : 10.233.82.34
rssi : : -37
subnetMask : : 255.255.255.0
wins : : undefined
2016-01-27 20:53:59,362 DEBUG [EBManual_SignalIndicator_JSSTTL-116720] Result of validate_Result: Pass
2016-01-27 20:53:59,362 DEBUG [EBManual_SignalIndicator_JSSTTL-116720] In execute keyword function
2016-01-27 20:53:59,362 DEBUG [EBManual_SignalIndicator_JSSTTL-116720] Executing validate_Result function:
2016-01-27 20:53:59,585 DEBUG [EBManual_SignalIndicator_JSSTTL-116720] rssi Text found in Results
signalStrength : : 100
essid : : "ard"
macAddress : : 40:83:de:7e:5e:f4
adapterName : : wlan0
dhcpServer : : 10.233.92.20
dhcpStatic : : undefined
gateway : : 10.233.82.254
ipAddress : : 10.233.82.34
rssi : : -37
subnetMask : : 255.255.255.0
wins : : undefined
2016-01-27 20:53:59,586 DEBUG [EBManual_SignalIndicator_JSSTTL-116720] Result of validate_Result: Pass
2016-01-27 20:53:59,586 DEBUG [EBManual_SignalIndicator_JSSTTL-116720] In execute keyword function
2016-01-27 20:53:59,586 DEBUG [EBManual_SignalIndicator_JSSTTL-116720] Executing validate_Result function:
2016-01-27 20:53:59,796 DEBUG [EBManual_SignalIndicator_JSSTTL-116720] subnetMask Text found in Results
signalStrength : : 100
essid : : "ard"
macAddress : : 40:83:de:7e:5e:f4
adapterName : : wlan0
dhcpServer : : 10.233.92.20
dhcpStatic : : undefined
gateway : : 10.233.82.254
ipAddress : : 10.233.82.34
rssi : : -37
subnetMask : : 255.255.255.0
wins : : undefined
2016-01-27 20:53:59,797 DEBUG [EBManual_SignalIndicator_JSSTTL-116720] Result of validate_Result: Pass
2016-01-27 20:53:59,797 DEBUG [EBManual_SignalIndicator_JSSTTL-116720] In execute keyword function
2016-01-27 20:53:59,797 DEBUG [EBManual_SignalIndicator_JSSTTL-116720] Executing validate_Result function:
2016-01-27 20:54:00,044 DEBUG [EBManual_SignalIndicator_JSSTTL-116720] wins Text found in Results
signalStrength : : 100
essid : : "ard"
macAddress : : 40:83:de:7e:5e:f4
adapterName : : wlan0
dhcpServer : : 10.233.92.20
dhcpStatic : : undefined
gateway : : 10.233.82.254
ipAddress : : 10.233.82.34
rssi : : -37
subnetMask : : 255.255.255.0
wins : : undefined
2016-01-27 20:54:00,044 DEBUG [EBManual_SignalIndicator_JSSTTL-116720] Result of validate_Result: Pass
2016-01-27 20:54:00,044 DEBUG [EBManual_SignalIndicator_JSSTTL-116720] In execute keyword function
2016-01-27 20:54:00,045 DEBUG [EBManual_SignalIndicator_JSSTTL-116720] Executing checkCallbackValues function:
2016-01-27 20:54:50,266 DEBUG [EBManual_SignalIndicator_JSSTTL-116720] Error: Unable to Find element :essid_xpath
2016-01-27 20:54:50,266 DEBUG [EBManual_SignalIndicator_JSSTTL-116720] 
2016-01-27 20:54:51,307 DEBUG [EBManual_SignalIndicator_JSSTTL-116720] Executing browser_Quit function
2016-01-27 20:54:51,307 DEBUG [EBManual_SignalIndicator_JSSTTL-116720] Completed browser_Quit function
2016-01-27 20:54:51,307 DEBUG [EBManual_SignalIndicator_JSSTTL-116720] Completed quitSelendroid function
2016-01-27 20:54:51,308 DEBUG [EBManual_SignalIndicator_JSSTTL-116720] Row number:21
