2016-01-27 20:51:06,891 DEBUG [EBManual_SignalIndicator_JSSTTL-116717] Executing Test Case ID: STTL-116717
2016-01-27 20:51:06,897 DEBUG [EBManual_SignalIndicator_JSSTTL-116717] Executing Init_Selendroid function with APK as parameter and clear data value with 1
2016-01-27 20:51:17,309 DEBUG [EBManual_SignalIndicator_JSSTTL-116717] Exiting Init_Selendroid function
2016-01-27 20:51:17,323 DEBUG [EBManual_SignalIndicator_JSSTTL-116717] TestCase with Description "Signal showIcon layout with invalid" Execution started
2016-01-27 20:51:17,323 DEBUG [EBManual_SignalIndicator_JSSTTL-116717] In execute keyword function
2016-01-27 20:51:17,323 DEBUG [EBManual_SignalIndicator_JSSTTL-116717] Executing wait function:
2016-01-27 20:51:17,323 DEBUG [EBManual_SignalIndicator_JSSTTL-116717] Started Executing wait function
2016-01-27 20:51:20,323 DEBUG [EBManual_SignalIndicator_JSSTTL-116717] Exiting from wait function
2016-01-27 20:51:20,323 DEBUG [EBManual_SignalIndicator_JSSTTL-116717] TestStepResult of wait: Pass
2016-01-27 20:51:20,323 DEBUG [EBManual_SignalIndicator_JSSTTL-116717] In execute keyword function
2016-01-27 20:51:20,323 DEBUG [EBManual_SignalIndicator_JSSTTL-116717] Executing validate_PageTitle function:
2016-01-27 20:51:20,363 DEBUG [EBManual_SignalIndicator_JSSTTL-116717] The title of the page is *********************************: Manual specs
2016-01-27 20:51:20,363 DEBUG [EBManual_SignalIndicator_JSSTTL-116717] The page title found is correct
2016-01-27 20:51:20,363 DEBUG [EBManual_SignalIndicator_JSSTTL-116717] Result of validate_PageTitle: pass
2016-01-27 20:51:20,363 DEBUG [EBManual_SignalIndicator_JSSTTL-116717] In execute keyword function
2016-01-27 20:51:20,363 DEBUG [EBManual_SignalIndicator_JSSTTL-116717] Executing link_Click function:
2016-01-27 20:51:21,033 DEBUG [EBManual_SignalIndicator_JSSTTL-116717] Executing Click function
2016-01-27 20:51:22,433 DEBUG [EBManual_SignalIndicator_JSSTTL-116717] Exiting Click function
2016-01-27 20:51:22,433 DEBUG [EBManual_SignalIndicator_JSSTTL-116717] signal_test_link clicked successfully
2016-01-27 20:51:22,433 DEBUG [EBManual_SignalIndicator_JSSTTL-116717] TestStepResult of link_Click: Pass
2016-01-27 20:51:22,433 DEBUG [EBManual_SignalIndicator_JSSTTL-116717] In execute keyword function
2016-01-27 20:51:22,433 DEBUG [EBManual_SignalIndicator_JSSTTL-116717] Executing validate_PageTitle function:
2016-01-27 20:51:22,450 DEBUG [EBManual_SignalIndicator_JSSTTL-116717] The title of the page is *********************************: Signal JS Test
2016-01-27 20:51:22,450 DEBUG [EBManual_SignalIndicator_JSSTTL-116717] The page title found is correct
2016-01-27 20:51:22,450 DEBUG [EBManual_SignalIndicator_JSSTTL-116717] Result of validate_PageTitle: pass
2016-01-27 20:51:22,450 DEBUG [EBManual_SignalIndicator_JSSTTL-116717] In execute keyword function
2016-01-27 20:51:22,450 DEBUG [EBManual_SignalIndicator_JSSTTL-116717] Executing SelectTestToRun function:
2016-01-27 20:51:26,738 DEBUG [EBManual_SignalIndicator_JSSTTL-116717] Successfull in selecting clicking the category
2016-01-27 20:51:26,738 DEBUG [EBManual_SignalIndicator_JSSTTL-116717] TestStepResult of SelectTestToRun: pass
2016-01-27 20:51:26,738 DEBUG [EBManual_SignalIndicator_JSSTTL-116717] In execute keyword function
2016-01-27 20:51:26,738 DEBUG [EBManual_SignalIndicator_JSSTTL-116717] Executing ClickRunTest function:
2016-01-27 20:51:27,068 DEBUG [EBManual_SignalIndicator_JSSTTL-116717] Executing Click function
2016-01-27 20:51:28,034 DEBUG [EBManual_SignalIndicator_JSSTTL-116717] Exiting Click function
2016-01-27 20:51:28,034 DEBUG [EBManual_SignalIndicator_JSSTTL-116717] runtest_top_xpath Button clicked Successfully
2016-01-27 20:51:28,035 DEBUG [EBManual_SignalIndicator_JSSTTL-116717] TestStepResult of ClickRunTest: pass
2016-01-27 20:51:28,035 DEBUG [EBManual_SignalIndicator_JSSTTL-116717] In execute keyword function
2016-01-27 20:51:28,035 DEBUG [EBManual_SignalIndicator_JSSTTL-116717] Executing validate_Text_Exists function:
2016-01-27 20:51:28,636 DEBUG [EBManual_SignalIndicator_JSSTTL-116717] VT298-0012 Testcase Text found
2016-01-27 20:51:28,637 DEBUG [EBManual_SignalIndicator_JSSTTL-116717] Result of validate_Text_Exists: Pass
2016-01-27 20:51:28,637 DEBUG [EBManual_SignalIndicator_JSSTTL-116717] In execute keyword function
2016-01-27 20:51:28,637 DEBUG [EBManual_SignalIndicator_JSSTTL-116717] Executing ClickRunTest function:
2016-01-27 20:51:28,968 DEBUG [EBManual_SignalIndicator_JSSTTL-116717] Executing Click function
2016-01-27 20:51:29,880 DEBUG [EBManual_SignalIndicator_JSSTTL-116717] Exiting Click function
2016-01-27 20:51:29,880 DEBUG [EBManual_SignalIndicator_JSSTTL-116717] runtest_bottom_xpath Button clicked Successfully
2016-01-27 20:51:29,880 DEBUG [EBManual_SignalIndicator_JSSTTL-116717] TestStepResult of ClickRunTest: pass
2016-01-27 20:51:29,880 DEBUG [EBManual_SignalIndicator_JSSTTL-116717] In execute keyword function
2016-01-27 20:51:29,880 DEBUG [EBManual_SignalIndicator_JSSTTL-116717] Executing wait function:
2016-01-27 20:51:29,880 DEBUG [EBManual_SignalIndicator_JSSTTL-116717] Started Executing wait function
2016-01-27 20:51:32,881 DEBUG [EBManual_SignalIndicator_JSSTTL-116717] Exiting from wait function
2016-01-27 20:51:32,881 DEBUG [EBManual_SignalIndicator_JSSTTL-116717] TestStepResult of wait: Pass
2016-01-27 20:51:32,881 DEBUG [EBManual_SignalIndicator_JSSTTL-116717] In execute keyword function
2016-01-27 20:51:32,881 DEBUG [EBManual_SignalIndicator_JSSTTL-116717] Executing validate_isIconDisplayed function:
2016-01-27 20:51:32,881 DEBUG [EBManual_SignalIndicator_JSSTTL-116717] Entered validate_isIconDisplayed function
2016-01-27 20:51:33,325 DEBUG [EBManual_SignalIndicator_JSSTTL-116717] Result of validate_isIconDisplayed: Pass
2016-01-27 20:51:33,325 DEBUG [EBManual_SignalIndicator_JSSTTL-116717] In execute keyword function
2016-01-27 20:51:33,325 DEBUG [EBManual_SignalIndicator_JSSTTL-116717] TestStepResult of : Function <> not found in the keyword class
2016-01-27 20:51:33,325 DEBUG [EBManual_SignalIndicator_JSSTTL-116717] allstep_result contains: Function <> not found in the keyword classPasspasspasspassPassPassnull
2016-01-27 20:51:33,325 DEBUG [EBManual_SignalIndicator_JSSTTL-116717] allexpected_result contains: nullPassnullPassnullpassnullpassnull
2016-01-27 20:51:33,325 DEBUG [EBManual_SignalIndicator_JSSTTL-116717] Testcase_Result contains: nullPassnullPassnullpassnullpassnullFunction <> not found in the keyword classPasspasspasspassPassPassnull
2016-01-27 20:51:33,325 DEBUG [EBManual_SignalIndicator_JSSTTL-116717] Test case with description Signal showIcon layout with invalid Pass
2016-01-27 20:51:34,318 DEBUG [EBManual_SignalIndicator_JSSTTL-116717] Executing browser_Quit function
2016-01-27 20:51:34,318 DEBUG [EBManual_SignalIndicator_JSSTTL-116717] Completed browser_Quit function
2016-01-27 20:51:34,318 DEBUG [EBManual_SignalIndicator_JSSTTL-116717] Completed quitSelendroid function
2016-01-27 20:51:34,319 DEBUG [EBManual_SignalIndicator_JSSTTL-116717] Row number:18
2016-01-27 20:51:34,351 DEBUG [EBManual_SignalIndicator_JSSTTL-116717] Ending Test Case IDSTTL-116717
