2016-01-27 20:43:14,839 DEBUG [EBManual_SignalIndicator_JSSTTL-116707] Executing Test Case ID: STTL-116707
2016-01-27 20:43:14,845 DEBUG [EBManual_SignalIndicator_JSSTTL-116707] Executing Init_Selendroid function with APK as parameter and clear data value with 1
2016-01-27 20:43:23,569 DEBUG [EBManual_SignalIndicator_JSSTTL-116707] Exiting Init_Selendroid function
2016-01-27 20:43:23,584 DEBUG [EBManual_SignalIndicator_JSSTTL-116707] TestCase with Description "Signal showIcon layout with left" Execution started
2016-01-27 20:43:23,584 DEBUG [EBManual_SignalIndicator_JSSTTL-116707] In execute keyword function
2016-01-27 20:43:23,584 DEBUG [EBManual_SignalIndicator_JSSTTL-116707] Executing wait function:
2016-01-27 20:43:23,584 DEBUG [EBManual_SignalIndicator_JSSTTL-116707] Started Executing wait function
2016-01-27 20:43:26,584 DEBUG [EBManual_SignalIndicator_JSSTTL-116707] Exiting from wait function
2016-01-27 20:43:26,584 DEBUG [EBManual_SignalIndicator_JSSTTL-116707] TestStepResult of wait: Pass
2016-01-27 20:43:26,584 DEBUG [EBManual_SignalIndicator_JSSTTL-116707] In execute keyword function
2016-01-27 20:43:26,584 DEBUG [EBManual_SignalIndicator_JSSTTL-116707] Executing validate_PageTitle function:
2016-01-27 20:43:26,626 DEBUG [EBManual_SignalIndicator_JSSTTL-116707] The title of the page is *********************************: Manual specs
2016-01-27 20:43:26,627 DEBUG [EBManual_SignalIndicator_JSSTTL-116707] The page title found is correct
2016-01-27 20:43:26,627 DEBUG [EBManual_SignalIndicator_JSSTTL-116707] Result of validate_PageTitle: pass
2016-01-27 20:43:26,627 DEBUG [EBManual_SignalIndicator_JSSTTL-116707] In execute keyword function
2016-01-27 20:43:26,627 DEBUG [EBManual_SignalIndicator_JSSTTL-116707] Executing link_Click function:
2016-01-27 20:43:27,575 DEBUG [EBManual_SignalIndicator_JSSTTL-116707] Executing Click function
2016-01-27 20:43:28,913 DEBUG [EBManual_SignalIndicator_JSSTTL-116707] Exiting Click function
2016-01-27 20:43:28,913 DEBUG [EBManual_SignalIndicator_JSSTTL-116707] signal_test_link clicked successfully
2016-01-27 20:43:28,913 DEBUG [EBManual_SignalIndicator_JSSTTL-116707] TestStepResult of link_Click: Pass
2016-01-27 20:43:28,913 DEBUG [EBManual_SignalIndicator_JSSTTL-116707] In execute keyword function
2016-01-27 20:43:28,913 DEBUG [EBManual_SignalIndicator_JSSTTL-116707] Executing validate_PageTitle function:
2016-01-27 20:43:28,947 DEBUG [EBManual_SignalIndicator_JSSTTL-116707] The title of the page is *********************************: Signal JS Test
2016-01-27 20:43:28,947 DEBUG [EBManual_SignalIndicator_JSSTTL-116707] The page title found is correct
2016-01-27 20:43:28,947 DEBUG [EBManual_SignalIndicator_JSSTTL-116707] Result of validate_PageTitle: pass
2016-01-27 20:43:28,948 DEBUG [EBManual_SignalIndicator_JSSTTL-116707] In execute keyword function
2016-01-27 20:43:28,948 DEBUG [EBManual_SignalIndicator_JSSTTL-116707] Executing SelectTestToRun function:
2016-01-27 20:43:32,110 DEBUG [EBManual_SignalIndicator_JSSTTL-116707] Successfull in selecting clicking the category
2016-01-27 20:43:32,110 DEBUG [EBManual_SignalIndicator_JSSTTL-116707] TestStepResult of SelectTestToRun: pass
2016-01-27 20:43:32,110 DEBUG [EBManual_SignalIndicator_JSSTTL-116707] In execute keyword function
2016-01-27 20:43:32,110 DEBUG [EBManual_SignalIndicator_JSSTTL-116707] Executing ClickRunTest function:
2016-01-27 20:43:32,471 DEBUG [EBManual_SignalIndicator_JSSTTL-116707] Executing Click function
2016-01-27 20:43:33,417 DEBUG [EBManual_SignalIndicator_JSSTTL-116707] Exiting Click function
2016-01-27 20:43:33,417 DEBUG [EBManual_SignalIndicator_JSSTTL-116707] runtest_top_xpath Button clicked Successfully
2016-01-27 20:43:33,418 DEBUG [EBManual_SignalIndicator_JSSTTL-116707] TestStepResult of ClickRunTest: pass
2016-01-27 20:43:33,418 DEBUG [EBManual_SignalIndicator_JSSTTL-116707] In execute keyword function
2016-01-27 20:43:33,418 DEBUG [EBManual_SignalIndicator_JSSTTL-116707] Executing validate_Text_Exists function:
2016-01-27 20:43:33,977 DEBUG [EBManual_SignalIndicator_JSSTTL-116707] VT298-0008 Testcase Text found
2016-01-27 20:43:33,978 DEBUG [EBManual_SignalIndicator_JSSTTL-116707] Result of validate_Text_Exists: Pass
2016-01-27 20:43:33,978 DEBUG [EBManual_SignalIndicator_JSSTTL-116707] In execute keyword function
2016-01-27 20:43:33,978 DEBUG [EBManual_SignalIndicator_JSSTTL-116707] Executing ClickRunTest function:
2016-01-27 20:43:34,349 DEBUG [EBManual_SignalIndicator_JSSTTL-116707] Executing Click function
2016-01-27 20:43:35,268 DEBUG [EBManual_SignalIndicator_JSSTTL-116707] Exiting Click function
2016-01-27 20:43:35,268 DEBUG [EBManual_SignalIndicator_JSSTTL-116707] runtest_bottom_xpath Button clicked Successfully
2016-01-27 20:43:35,268 DEBUG [EBManual_SignalIndicator_JSSTTL-116707] TestStepResult of ClickRunTest: pass
2016-01-27 20:43:35,268 DEBUG [EBManual_SignalIndicator_JSSTTL-116707] In execute keyword function
2016-01-27 20:43:35,268 DEBUG [EBManual_SignalIndicator_JSSTTL-116707] Executing wait function:
2016-01-27 20:43:35,268 DEBUG [EBManual_SignalIndicator_JSSTTL-116707] Started Executing wait function
2016-01-27 20:43:37,268 DEBUG [EBManual_SignalIndicator_JSSTTL-116707] Exiting from wait function
2016-01-27 20:43:37,268 DEBUG [EBManual_SignalIndicator_JSSTTL-116707] TestStepResult of wait: Pass
2016-01-27 20:43:37,268 DEBUG [EBManual_SignalIndicator_JSSTTL-116707] In execute keyword function
2016-01-27 20:43:37,268 DEBUG [EBManual_SignalIndicator_JSSTTL-116707] Executing TakeScreenshot function:
2016-01-27 20:43:38,928 DEBUG [EBManual_SignalIndicator_JSSTTL-116707] TestStepResult of TakeScreenshot: pass
2016-01-27 20:43:38,928 DEBUG [EBManual_SignalIndicator_JSSTTL-116707] In execute keyword function
2016-01-27 20:43:38,928 DEBUG [EBManual_SignalIndicator_JSSTTL-116707] Executing wait function:
2016-01-27 20:43:38,928 DEBUG [EBManual_SignalIndicator_JSSTTL-116707] Started Executing wait function
2016-01-27 20:43:40,929 DEBUG [EBManual_SignalIndicator_JSSTTL-116707] Exiting from wait function
2016-01-27 20:43:40,929 DEBUG [EBManual_SignalIndicator_JSSTTL-116707] TestStepResult of wait: Pass
2016-01-27 20:43:40,929 DEBUG [EBManual_SignalIndicator_JSSTTL-116707] In execute keyword function
2016-01-27 20:43:40,929 DEBUG [EBManual_SignalIndicator_JSSTTL-116707] Executing validate_Screenshot function:
2016-01-27 20:43:40,932 DEBUG [EBManual_SignalIndicator_JSSTTL-116707] Match found with reference image
2016-01-27 20:43:40,932 DEBUG [EBManual_SignalIndicator_JSSTTL-116707] Result of validate_Screenshot: Pass
2016-01-27 20:43:40,932 DEBUG [EBManual_SignalIndicator_JSSTTL-116707] allstep_result contains: PasspassPasspasspasspassPassPassnull
2016-01-27 20:43:40,932 DEBUG [EBManual_SignalIndicator_JSSTTL-116707] allexpected_result contains: nullPassnullPassnullpassnullpassnull
2016-01-27 20:43:40,932 DEBUG [EBManual_SignalIndicator_JSSTTL-116707] Testcase_Result contains: nullPassnullPassnullpassnullpassnullPasspassPasspasspasspassPassPassnull
2016-01-27 20:43:40,932 DEBUG [EBManual_SignalIndicator_JSSTTL-116707] Test case with description Signal showIcon layout with left Pass
2016-01-27 20:43:41,952 DEBUG [EBManual_SignalIndicator_JSSTTL-116707] Executing browser_Quit function
2016-01-27 20:43:41,952 DEBUG [EBManual_SignalIndicator_JSSTTL-116707] Completed browser_Quit function
2016-01-27 20:43:41,952 DEBUG [EBManual_SignalIndicator_JSSTTL-116707] Completed quitSelendroid function
2016-01-27 20:43:41,952 DEBUG [EBManual_SignalIndicator_JSSTTL-116707] Row number:8
2016-01-27 20:43:42,007 DEBUG [EBManual_SignalIndicator_JSSTTL-116707] Ending Test Case IDSTTL-116707
