2016-01-27 20:45:32,462 DEBUG [EBManual_SignalIndicator_JSSTTL-116712] Executing Test Case ID: STTL-116712
2016-01-27 20:45:32,469 DEBUG [EBManual_SignalIndicator_JSSTTL-116712] Executing Init_Selendroid function with APK as parameter and clear data value with 1
2016-01-27 20:45:41,248 DEBUG [EBManual_SignalIndicator_JSSTTL-116712] Exiting Init_Selendroid function
2016-01-27 20:45:41,262 DEBUG [EBManual_SignalIndicator_JSSTTL-116712] TestCase with Description "Signal hideIcon after calling showIcon method" Execution started
2016-01-27 20:45:41,262 DEBUG [EBManual_SignalIndicator_JSSTTL-116712] In execute keyword function
2016-01-27 20:45:41,262 DEBUG [EBManual_SignalIndicator_JSSTTL-116712] Executing wait function:
2016-01-27 20:45:41,262 DEBUG [EBManual_SignalIndicator_JSSTTL-116712] Started Executing wait function
2016-01-27 20:45:44,262 DEBUG [EBManual_SignalIndicator_JSSTTL-116712] Exiting from wait function
2016-01-27 20:45:44,262 DEBUG [EBManual_SignalIndicator_JSSTTL-116712] TestStepResult of wait: Pass
2016-01-27 20:45:44,262 DEBUG [EBManual_SignalIndicator_JSSTTL-116712] In execute keyword function
2016-01-27 20:45:44,262 DEBUG [EBManual_SignalIndicator_JSSTTL-116712] Executing validate_PageTitle function:
2016-01-27 20:45:44,302 DEBUG [EBManual_SignalIndicator_JSSTTL-116712] The title of the page is *********************************: Manual specs
2016-01-27 20:45:44,302 DEBUG [EBManual_SignalIndicator_JSSTTL-116712] The page title found is correct
2016-01-27 20:45:44,303 DEBUG [EBManual_SignalIndicator_JSSTTL-116712] Result of validate_PageTitle: pass
2016-01-27 20:45:44,303 DEBUG [EBManual_SignalIndicator_JSSTTL-116712] In execute keyword function
2016-01-27 20:45:44,303 DEBUG [EBManual_SignalIndicator_JSSTTL-116712] Executing link_Click function:
2016-01-27 20:45:45,036 DEBUG [EBManual_SignalIndicator_JSSTTL-116712] Executing Click function
2016-01-27 20:45:46,354 DEBUG [EBManual_SignalIndicator_JSSTTL-116712] Exiting Click function
2016-01-27 20:45:46,354 DEBUG [EBManual_SignalIndicator_JSSTTL-116712] signal_test_link clicked successfully
2016-01-27 20:45:46,354 DEBUG [EBManual_SignalIndicator_JSSTTL-116712] TestStepResult of link_Click: Pass
2016-01-27 20:45:46,354 DEBUG [EBManual_SignalIndicator_JSSTTL-116712] In execute keyword function
2016-01-27 20:45:46,354 DEBUG [EBManual_SignalIndicator_JSSTTL-116712] Executing validate_PageTitle function:
2016-01-27 20:45:46,369 DEBUG [EBManual_SignalIndicator_JSSTTL-116712] The title of the page is *********************************: Signal JS Test
2016-01-27 20:45:46,369 DEBUG [EBManual_SignalIndicator_JSSTTL-116712] The page title found is correct
2016-01-27 20:45:46,369 DEBUG [EBManual_SignalIndicator_JSSTTL-116712] Result of validate_PageTitle: pass
2016-01-27 20:45:46,369 DEBUG [EBManual_SignalIndicator_JSSTTL-116712] In execute keyword function
2016-01-27 20:45:46,369 DEBUG [EBManual_SignalIndicator_JSSTTL-116712] Executing SelectTestToRun function:
2016-01-27 20:45:50,041 DEBUG [EBManual_SignalIndicator_JSSTTL-116712] Successfull in selecting clicking the category
2016-01-27 20:45:50,041 DEBUG [EBManual_SignalIndicator_JSSTTL-116712] TestStepResult of SelectTestToRun: pass
2016-01-27 20:45:50,041 DEBUG [EBManual_SignalIndicator_JSSTTL-116712] In execute keyword function
2016-01-27 20:45:50,041 DEBUG [EBManual_SignalIndicator_JSSTTL-116712] Executing ClickRunTest function:
2016-01-27 20:45:50,409 DEBUG [EBManual_SignalIndicator_JSSTTL-116712] Executing Click function
2016-01-27 20:45:51,328 DEBUG [EBManual_SignalIndicator_JSSTTL-116712] Exiting Click function
2016-01-27 20:45:51,328 DEBUG [EBManual_SignalIndicator_JSSTTL-116712] runtest_top_xpath Button clicked Successfully
2016-01-27 20:45:51,328 DEBUG [EBManual_SignalIndicator_JSSTTL-116712] TestStepResult of ClickRunTest: pass
2016-01-27 20:45:51,328 DEBUG [EBManual_SignalIndicator_JSSTTL-116712] In execute keyword function
2016-01-27 20:45:51,328 DEBUG [EBManual_SignalIndicator_JSSTTL-116712] Executing validate_Text_Exists function:
2016-01-27 20:45:51,873 DEBUG [EBManual_SignalIndicator_JSSTTL-116712] VT298-0018 Testcase Text found
2016-01-27 20:45:51,873 DEBUG [EBManual_SignalIndicator_JSSTTL-116712] Result of validate_Text_Exists: Pass
2016-01-27 20:45:51,874 DEBUG [EBManual_SignalIndicator_JSSTTL-116712] In execute keyword function
2016-01-27 20:45:51,874 DEBUG [EBManual_SignalIndicator_JSSTTL-116712] Executing ClickRunTest function:
2016-01-27 20:45:52,202 DEBUG [EBManual_SignalIndicator_JSSTTL-116712] Executing Click function
2016-01-27 20:45:53,112 DEBUG [EBManual_SignalIndicator_JSSTTL-116712] Exiting Click function
2016-01-27 20:45:53,112 DEBUG [EBManual_SignalIndicator_JSSTTL-116712] runtest_bottom_xpath Button clicked Successfully
2016-01-27 20:45:53,112 DEBUG [EBManual_SignalIndicator_JSSTTL-116712] TestStepResult of ClickRunTest: pass
2016-01-27 20:45:53,112 DEBUG [EBManual_SignalIndicator_JSSTTL-116712] In execute keyword function
2016-01-27 20:45:53,112 DEBUG [EBManual_SignalIndicator_JSSTTL-116712] Executing TakeScreenshot function:
2016-01-27 20:45:54,711 DEBUG [EBManual_SignalIndicator_JSSTTL-116712] TestStepResult of TakeScreenshot: pass
2016-01-27 20:45:54,712 DEBUG [EBManual_SignalIndicator_JSSTTL-116712] In execute keyword function
2016-01-27 20:45:54,712 DEBUG [EBManual_SignalIndicator_JSSTTL-116712] Executing wait function:
2016-01-27 20:45:54,712 DEBUG [EBManual_SignalIndicator_JSSTTL-116712] Started Executing wait function
2016-01-27 20:45:56,712 DEBUG [EBManual_SignalIndicator_JSSTTL-116712] Exiting from wait function
2016-01-27 20:45:56,712 DEBUG [EBManual_SignalIndicator_JSSTTL-116712] TestStepResult of wait: Pass
2016-01-27 20:45:56,712 DEBUG [EBManual_SignalIndicator_JSSTTL-116712] In execute keyword function
2016-01-27 20:45:56,712 DEBUG [EBManual_SignalIndicator_JSSTTL-116712] Executing validate_isIconDisplayed function:
2016-01-27 20:45:56,712 DEBUG [EBManual_SignalIndicator_JSSTTL-116712] Entered validate_isIconDisplayed function
2016-01-27 20:45:57,093 DEBUG [EBManual_SignalIndicator_JSSTTL-116712] Result of validate_isIconDisplayed: Pass
2016-01-27 20:45:57,093 DEBUG [EBManual_SignalIndicator_JSSTTL-116712] In execute keyword function
2016-01-27 20:45:57,093 DEBUG [EBManual_SignalIndicator_JSSTTL-116712] Executing wait function:
2016-01-27 20:45:57,093 DEBUG [EBManual_SignalIndicator_JSSTTL-116712] Started Executing wait function
2016-01-27 20:46:09,094 DEBUG [EBManual_SignalIndicator_JSSTTL-116712] Exiting from wait function
2016-01-27 20:46:09,094 DEBUG [EBManual_SignalIndicator_JSSTTL-116712] TestStepResult of wait: Pass
2016-01-27 20:46:09,094 DEBUG [EBManual_SignalIndicator_JSSTTL-116712] In execute keyword function
2016-01-27 20:46:09,094 DEBUG [EBManual_SignalIndicator_JSSTTL-116712] Executing validate_isIconDisplayed function:
2016-01-27 20:46:09,094 DEBUG [EBManual_SignalIndicator_JSSTTL-116712] Entered validate_isIconDisplayed function
2016-01-27 20:46:09,564 DEBUG [EBManual_SignalIndicator_JSSTTL-116712] Result of validate_isIconDisplayed: Pass
2016-01-27 20:46:09,564 DEBUG [EBManual_SignalIndicator_JSSTTL-116712] allstep_result contains: PassPasspasspasspasspassPassPassnull
2016-01-27 20:46:09,564 DEBUG [EBManual_SignalIndicator_JSSTTL-116712] allexpected_result contains: nullPassnullPassnullPassnullpassnullpassnull
2016-01-27 20:46:09,564 DEBUG [EBManual_SignalIndicator_JSSTTL-116712] Testcase_Result contains: nullPassnullPassnullPassnullpassnullpassnullPassPasspasspasspasspassPassPassnull
2016-01-27 20:46:09,564 DEBUG [EBManual_SignalIndicator_JSSTTL-116712] Test case with description Signal hideIcon after calling showIcon method Pass
2016-01-27 20:46:10,553 DEBUG [EBManual_SignalIndicator_JSSTTL-116712] Executing browser_Quit function
2016-01-27 20:46:10,553 DEBUG [EBManual_SignalIndicator_JSSTTL-116712] Completed browser_Quit function
2016-01-27 20:46:10,553 DEBUG [EBManual_SignalIndicator_JSSTTL-116712] Completed quitSelendroid function
2016-01-27 20:46:10,554 DEBUG [EBManual_SignalIndicator_JSSTTL-116712] Row number:13
2016-01-27 20:46:10,580 DEBUG [EBManual_SignalIndicator_JSSTTL-116712] Ending Test Case IDSTTL-116712
