2016-01-27 20:38:55,186 DEBUG [EBManual_SignalIndicator_JSSTTL-116702] Executing Test Case ID: STTL-116702
2016-01-27 20:38:55,201 DEBUG [EBManual_SignalIndicator_JSSTTL-116702] Executing Init_Selendroid function with APK as parameter and clear data value with 1
2016-01-27 20:39:03,915 DEBUG [EBManual_SignalIndicator_JSSTTL-116702] Exiting Init_Selendroid function
2016-01-27 20:39:03,929 DEBUG [EBManual_SignalIndicator_JSSTTL-116702] TestCase with Description "Signal showIcon all property" Execution started
2016-01-27 20:39:03,929 DEBUG [EBManual_SignalIndicator_JSSTTL-116702] In execute keyword function
2016-01-27 20:39:03,929 DEBUG [EBManual_SignalIndicator_JSSTTL-116702] Executing wait function:
2016-01-27 20:39:03,929 DEBUG [EBManual_SignalIndicator_JSSTTL-116702] Started Executing wait function
2016-01-27 20:39:06,929 DEBUG [EBManual_SignalIndicator_JSSTTL-116702] Exiting from wait function
2016-01-27 20:39:06,929 DEBUG [EBManual_SignalIndicator_JSSTTL-116702] TestStepResult of wait: Pass
2016-01-27 20:39:06,929 DEBUG [EBManual_SignalIndicator_JSSTTL-116702] In execute keyword function
2016-01-27 20:39:06,929 DEBUG [EBManual_SignalIndicator_JSSTTL-116702] Executing validate_PageTitle function:
2016-01-27 20:39:06,972 DEBUG [EBManual_SignalIndicator_JSSTTL-116702] The title of the page is *********************************: Manual specs
2016-01-27 20:39:06,972 DEBUG [EBManual_SignalIndicator_JSSTTL-116702] The page title found is correct
2016-01-27 20:39:06,972 DEBUG [EBManual_SignalIndicator_JSSTTL-116702] Result of validate_PageTitle: pass
2016-01-27 20:39:06,972 DEBUG [EBManual_SignalIndicator_JSSTTL-116702] In execute keyword function
2016-01-27 20:39:06,972 DEBUG [EBManual_SignalIndicator_JSSTTL-116702] Executing link_Click function:
2016-01-27 20:39:07,748 DEBUG [EBManual_SignalIndicator_JSSTTL-116702] Executing Click function
2016-01-27 20:39:09,078 DEBUG [EBManual_SignalIndicator_JSSTTL-116702] Exiting Click function
2016-01-27 20:39:09,078 DEBUG [EBManual_SignalIndicator_JSSTTL-116702] signal_test_link clicked successfully
2016-01-27 20:39:09,078 DEBUG [EBManual_SignalIndicator_JSSTTL-116702] TestStepResult of link_Click: Pass
2016-01-27 20:39:09,078 DEBUG [EBManual_SignalIndicator_JSSTTL-116702] In execute keyword function
2016-01-27 20:39:09,078 DEBUG [EBManual_SignalIndicator_JSSTTL-116702] Executing validate_PageTitle function:
2016-01-27 20:39:09,097 DEBUG [EBManual_SignalIndicator_JSSTTL-116702] The title of the page is *********************************: Signal JS Test
2016-01-27 20:39:09,097 DEBUG [EBManual_SignalIndicator_JSSTTL-116702] The page title found is correct
2016-01-27 20:39:09,097 DEBUG [EBManual_SignalIndicator_JSSTTL-116702] Result of validate_PageTitle: pass
2016-01-27 20:39:09,097 DEBUG [EBManual_SignalIndicator_JSSTTL-116702] In execute keyword function
2016-01-27 20:39:09,097 DEBUG [EBManual_SignalIndicator_JSSTTL-116702] Executing SelectTestToRun function:
2016-01-27 20:39:11,881 DEBUG [EBManual_SignalIndicator_JSSTTL-116702] Successfull in selecting clicking the category
2016-01-27 20:39:11,881 DEBUG [EBManual_SignalIndicator_JSSTTL-116702] TestStepResult of SelectTestToRun: pass
2016-01-27 20:39:11,881 DEBUG [EBManual_SignalIndicator_JSSTTL-116702] In execute keyword function
2016-01-27 20:39:11,881 DEBUG [EBManual_SignalIndicator_JSSTTL-116702] Executing ClickRunTest function:
2016-01-27 20:39:12,233 DEBUG [EBManual_SignalIndicator_JSSTTL-116702] Executing Click function
2016-01-27 20:39:13,177 DEBUG [EBManual_SignalIndicator_JSSTTL-116702] Exiting Click function
2016-01-27 20:39:13,177 DEBUG [EBManual_SignalIndicator_JSSTTL-116702] runtest_top_xpath Button clicked Successfully
2016-01-27 20:39:13,177 DEBUG [EBManual_SignalIndicator_JSSTTL-116702] TestStepResult of ClickRunTest: pass
2016-01-27 20:39:13,177 DEBUG [EBManual_SignalIndicator_JSSTTL-116702] In execute keyword function
2016-01-27 20:39:13,177 DEBUG [EBManual_SignalIndicator_JSSTTL-116702] Executing validate_Text_Exists function:
2016-01-27 20:39:13,773 DEBUG [EBManual_SignalIndicator_JSSTTL-116702] VT298-0017 Testcase Text found
2016-01-27 20:39:13,773 DEBUG [EBManual_SignalIndicator_JSSTTL-116702] Result of validate_Text_Exists: Pass
2016-01-27 20:39:13,774 DEBUG [EBManual_SignalIndicator_JSSTTL-116702] In execute keyword function
2016-01-27 20:39:13,774 DEBUG [EBManual_SignalIndicator_JSSTTL-116702] Executing ClickRunTest function:
2016-01-27 20:39:14,087 DEBUG [EBManual_SignalIndicator_JSSTTL-116702] Executing Click function
2016-01-27 20:39:15,023 DEBUG [EBManual_SignalIndicator_JSSTTL-116702] Exiting Click function
2016-01-27 20:39:15,024 DEBUG [EBManual_SignalIndicator_JSSTTL-116702] runtest_bottom_xpath Button clicked Successfully
2016-01-27 20:39:15,024 DEBUG [EBManual_SignalIndicator_JSSTTL-116702] TestStepResult of ClickRunTest: pass
2016-01-27 20:39:15,024 DEBUG [EBManual_SignalIndicator_JSSTTL-116702] In execute keyword function
2016-01-27 20:39:15,024 DEBUG [EBManual_SignalIndicator_JSSTTL-116702] Executing wait function:
2016-01-27 20:39:15,024 DEBUG [EBManual_SignalIndicator_JSSTTL-116702] Started Executing wait function
2016-01-27 20:39:17,024 DEBUG [EBManual_SignalIndicator_JSSTTL-116702] Exiting from wait function
2016-01-27 20:39:17,024 DEBUG [EBManual_SignalIndicator_JSSTTL-116702] TestStepResult of wait: Pass
2016-01-27 20:39:17,024 DEBUG [EBManual_SignalIndicator_JSSTTL-116702] In execute keyword function
2016-01-27 20:39:17,024 DEBUG [EBManual_SignalIndicator_JSSTTL-116702] Executing TakeScreenshot function:
2016-01-27 20:39:18,789 DEBUG [EBManual_SignalIndicator_JSSTTL-116702] TestStepResult of TakeScreenshot: pass
2016-01-27 20:39:18,789 DEBUG [EBManual_SignalIndicator_JSSTTL-116702] In execute keyword function
2016-01-27 20:39:18,789 DEBUG [EBManual_SignalIndicator_JSSTTL-116702] Executing validate_Screenshot function:
2016-01-27 20:39:18,792 DEBUG [EBManual_SignalIndicator_JSSTTL-116702] Match found with reference image
2016-01-27 20:39:18,792 DEBUG [EBManual_SignalIndicator_JSSTTL-116702] Result of validate_Screenshot: Pass
2016-01-27 20:39:18,792 DEBUG [EBManual_SignalIndicator_JSSTTL-116702] In execute keyword function
2016-01-27 20:39:18,792 DEBUG [EBManual_SignalIndicator_JSSTTL-116702] Executing validate_Iconposition function:
2016-01-27 20:39:18,792 DEBUG [EBManual_SignalIndicator_JSSTTL-116702] Entered validate_Iconposition function
2016-01-27 20:39:19,746 DEBUG [EBManual_SignalIndicator_JSSTTL-116702] Result of validate_Iconposition: Pass
2016-01-27 20:39:19,746 DEBUG [EBManual_SignalIndicator_JSSTTL-116702] In execute keyword function
2016-01-27 20:39:19,746 DEBUG [EBManual_SignalIndicator_JSSTTL-116702] Executing validate_Iconposition function:
2016-01-27 20:39:19,746 DEBUG [EBManual_SignalIndicator_JSSTTL-116702] Entered validate_Iconposition function
2016-01-27 20:39:20,569 DEBUG [EBManual_SignalIndicator_JSSTTL-116702] Result of validate_Iconposition: Pass
2016-01-27 20:39:20,569 DEBUG [EBManual_SignalIndicator_JSSTTL-116702] allstep_result contains: passPasspasspasspassPassPassnull
2016-01-27 20:39:20,569 DEBUG [EBManual_SignalIndicator_JSSTTL-116702] allexpected_result contains: nullPassPassPassnullPassnullpassnullpassnull
2016-01-27 20:39:20,569 DEBUG [EBManual_SignalIndicator_JSSTTL-116702] Testcase_Result contains: nullPassPassPassnullPassnullpassnullpassnullpassPasspasspasspassPassPassnull
2016-01-27 20:39:20,569 DEBUG [EBManual_SignalIndicator_JSSTTL-116702] Test case with description Signal showIcon all property Pass
2016-01-27 20:39:21,550 DEBUG [EBManual_SignalIndicator_JSSTTL-116702] Executing browser_Quit function
2016-01-27 20:39:21,550 DEBUG [EBManual_SignalIndicator_JSSTTL-116702] Completed browser_Quit function
2016-01-27 20:39:21,550 DEBUG [EBManual_SignalIndicator_JSSTTL-116702] Completed quitSelendroid function
2016-01-27 20:39:21,550 DEBUG [EBManual_SignalIndicator_JSSTTL-116702] Row number:3
2016-01-27 20:39:21,583 DEBUG [EBManual_SignalIndicator_JSSTTL-116702] Ending Test Case IDSTTL-116702
