2016-01-27 20:42:49,574 DEBUG [EBManual_SignalIndicator_JSSTTL-116706] Executing Test Case ID: STTL-116706
2016-01-27 20:42:49,585 DEBUG [EBManual_SignalIndicator_JSSTTL-116706] Executing Init_Selendroid function with APK as parameter and clear data value with 1
2016-01-27 20:42:59,482 DEBUG [EBManual_SignalIndicator_JSSTTL-116706] Exiting Init_Selendroid function
2016-01-27 20:42:59,497 DEBUG [EBManual_SignalIndicator_JSSTTL-116706] TestCase with Description "Signal showIcon top with 80" Execution started
2016-01-27 20:42:59,497 DEBUG [EBManual_SignalIndicator_JSSTTL-116706] In execute keyword function
2016-01-27 20:42:59,497 DEBUG [EBManual_SignalIndicator_JSSTTL-116706] Executing wait function:
2016-01-27 20:42:59,497 DEBUG [EBManual_SignalIndicator_JSSTTL-116706] Started Executing wait function
2016-01-27 20:43:02,498 DEBUG [EBManual_SignalIndicator_JSSTTL-116706] Exiting from wait function
2016-01-27 20:43:02,498 DEBUG [EBManual_SignalIndicator_JSSTTL-116706] TestStepResult of wait: Pass
2016-01-27 20:43:02,498 DEBUG [EBManual_SignalIndicator_JSSTTL-116706] In execute keyword function
2016-01-27 20:43:02,498 DEBUG [EBManual_SignalIndicator_JSSTTL-116706] Executing validate_PageTitle function:
2016-01-27 20:43:02,540 DEBUG [EBManual_SignalIndicator_JSSTTL-116706] The title of the page is *********************************: Manual specs
2016-01-27 20:43:02,540 DEBUG [EBManual_SignalIndicator_JSSTTL-116706] The page title found is correct
2016-01-27 20:43:02,540 DEBUG [EBManual_SignalIndicator_JSSTTL-116706] Result of validate_PageTitle: pass
2016-01-27 20:43:02,540 DEBUG [EBManual_SignalIndicator_JSSTTL-116706] In execute keyword function
2016-01-27 20:43:02,540 DEBUG [EBManual_SignalIndicator_JSSTTL-116706] Executing link_Click function:
2016-01-27 20:43:03,248 DEBUG [EBManual_SignalIndicator_JSSTTL-116706] Executing Click function
2016-01-27 20:43:04,602 DEBUG [EBManual_SignalIndicator_JSSTTL-116706] Exiting Click function
2016-01-27 20:43:04,602 DEBUG [EBManual_SignalIndicator_JSSTTL-116706] signal_test_link clicked successfully
2016-01-27 20:43:04,602 DEBUG [EBManual_SignalIndicator_JSSTTL-116706] TestStepResult of link_Click: Pass
2016-01-27 20:43:04,602 DEBUG [EBManual_SignalIndicator_JSSTTL-116706] In execute keyword function
2016-01-27 20:43:04,602 DEBUG [EBManual_SignalIndicator_JSSTTL-116706] Executing validate_PageTitle function:
2016-01-27 20:43:04,623 DEBUG [EBManual_SignalIndicator_JSSTTL-116706] The title of the page is *********************************: Signal JS Test
2016-01-27 20:43:04,623 DEBUG [EBManual_SignalIndicator_JSSTTL-116706] The page title found is correct
2016-01-27 20:43:04,623 DEBUG [EBManual_SignalIndicator_JSSTTL-116706] Result of validate_PageTitle: pass
2016-01-27 20:43:04,623 DEBUG [EBManual_SignalIndicator_JSSTTL-116706] In execute keyword function
2016-01-27 20:43:04,623 DEBUG [EBManual_SignalIndicator_JSSTTL-116706] Executing SelectTestToRun function:
2016-01-27 20:43:07,585 DEBUG [EBManual_SignalIndicator_JSSTTL-116706] Successfull in selecting clicking the category
2016-01-27 20:43:07,585 DEBUG [EBManual_SignalIndicator_JSSTTL-116706] TestStepResult of SelectTestToRun: pass
2016-01-27 20:43:07,585 DEBUG [EBManual_SignalIndicator_JSSTTL-116706] In execute keyword function
2016-01-27 20:43:07,585 DEBUG [EBManual_SignalIndicator_JSSTTL-116706] Executing ClickRunTest function:
2016-01-27 20:43:07,902 DEBUG [EBManual_SignalIndicator_JSSTTL-116706] Executing Click function
2016-01-27 20:43:08,798 DEBUG [EBManual_SignalIndicator_JSSTTL-116706] Exiting Click function
2016-01-27 20:43:08,798 DEBUG [EBManual_SignalIndicator_JSSTTL-116706] runtest_top_xpath Button clicked Successfully
2016-01-27 20:43:08,798 DEBUG [EBManual_SignalIndicator_JSSTTL-116706] TestStepResult of ClickRunTest: pass
2016-01-27 20:43:08,798 DEBUG [EBManual_SignalIndicator_JSSTTL-116706] In execute keyword function
2016-01-27 20:43:08,798 DEBUG [EBManual_SignalIndicator_JSSTTL-116706] Executing validate_Text_Exists function:
2016-01-27 20:43:09,308 DEBUG [EBManual_SignalIndicator_JSSTTL-116706] VT298-0005 Testcase Text found
2016-01-27 20:43:09,309 DEBUG [EBManual_SignalIndicator_JSSTTL-116706] Result of validate_Text_Exists: Pass
2016-01-27 20:43:09,309 DEBUG [EBManual_SignalIndicator_JSSTTL-116706] In execute keyword function
2016-01-27 20:43:09,309 DEBUG [EBManual_SignalIndicator_JSSTTL-116706] Executing ClickRunTest function:
2016-01-27 20:43:09,617 DEBUG [EBManual_SignalIndicator_JSSTTL-116706] Executing Click function
2016-01-27 20:43:10,551 DEBUG [EBManual_SignalIndicator_JSSTTL-116706] Exiting Click function
2016-01-27 20:43:10,551 DEBUG [EBManual_SignalIndicator_JSSTTL-116706] runtest_bottom_xpath Button clicked Successfully
2016-01-27 20:43:10,551 DEBUG [EBManual_SignalIndicator_JSSTTL-116706] TestStepResult of ClickRunTest: pass
2016-01-27 20:43:10,551 DEBUG [EBManual_SignalIndicator_JSSTTL-116706] In execute keyword function
2016-01-27 20:43:10,551 DEBUG [EBManual_SignalIndicator_JSSTTL-116706] Executing wait function:
2016-01-27 20:43:10,551 DEBUG [EBManual_SignalIndicator_JSSTTL-116706] Started Executing wait function
2016-01-27 20:43:12,552 DEBUG [EBManual_SignalIndicator_JSSTTL-116706] Exiting from wait function
2016-01-27 20:43:12,552 DEBUG [EBManual_SignalIndicator_JSSTTL-116706] TestStepResult of wait: Pass
2016-01-27 20:43:12,552 DEBUG [EBManual_SignalIndicator_JSSTTL-116706] In execute keyword function
2016-01-27 20:43:12,552 DEBUG [EBManual_SignalIndicator_JSSTTL-116706] Executing validate_Iconposition function:
2016-01-27 20:43:12,552 DEBUG [EBManual_SignalIndicator_JSSTTL-116706] Entered validate_Iconposition function
2016-01-27 20:43:13,767 DEBUG [EBManual_SignalIndicator_JSSTTL-116706] Result of validate_Iconposition: Pass
2016-01-27 20:43:13,767 DEBUG [EBManual_SignalIndicator_JSSTTL-116706] allstep_result contains: PasspasspasspassPassPassnull
2016-01-27 20:43:13,767 DEBUG [EBManual_SignalIndicator_JSSTTL-116706] allexpected_result contains: nullPassnullPassnullpassnullpassnull
2016-01-27 20:43:13,767 DEBUG [EBManual_SignalIndicator_JSSTTL-116706] Testcase_Result contains: nullPassnullPassnullpassnullpassnullPasspasspasspassPassPassnull
2016-01-27 20:43:13,767 DEBUG [EBManual_SignalIndicator_JSSTTL-116706] Test case with description Signal showIcon top with 80 Pass
2016-01-27 20:43:14,791 DEBUG [EBManual_SignalIndicator_JSSTTL-116706] Executing browser_Quit function
2016-01-27 20:43:14,791 DEBUG [EBManual_SignalIndicator_JSSTTL-116706] Completed browser_Quit function
2016-01-27 20:43:14,791 DEBUG [EBManual_SignalIndicator_JSSTTL-116706] Completed quitSelendroid function
2016-01-27 20:43:14,792 DEBUG [EBManual_SignalIndicator_JSSTTL-116706] Row number:7
2016-01-27 20:43:14,827 DEBUG [EBManual_SignalIndicator_JSSTTL-116706] Ending Test Case IDSTTL-116706
