2016-01-27 17:26:09,671 DEBUG [EBManual_Application_JSSTTL-116718] Executing Test Case ID: STTL-116718
2016-01-27 17:26:09,698 DEBUG [EBManual_Application_JSSTTL-116718] Executing Init_Selendroid function with APK as parameter and clear data value with 1
2016-01-27 17:26:20,613 DEBUG [EBManual_Application_JSSTTL-116718] Exiting Init_Selendroid function
2016-01-27 17:26:20,665 DEBUG [EBManual_Application_JSSTTL-116718] TestCase with Description "Check for Application event callback ScreenOff/ScreenOn with background/foreground" Execution started
2016-01-27 17:26:20,665 DEBUG [EBManual_Application_JSSTTL-116718] In execute keyword function
2016-01-27 17:26:20,665 DEBUG [EBManual_Application_JSSTTL-116718] Executing wait function:
2016-01-27 17:26:20,665 DEBUG [EBManual_Application_JSSTTL-116718] Started Executing wait function
2016-01-27 17:26:23,665 DEBUG [EBManual_Application_JSSTTL-116718] Exiting from wait function
2016-01-27 17:26:23,665 DEBUG [EBManual_Application_JSSTTL-116718] TestStepResult of wait: Pass
2016-01-27 17:26:23,665 DEBUG [EBManual_Application_JSSTTL-116718] In execute keyword function
2016-01-27 17:26:23,665 DEBUG [EBManual_Application_JSSTTL-116718] Executing validate_PageTitle function:
2016-01-27 17:26:23,708 DEBUG [EBManual_Application_JSSTTL-116718] The title of the page is *********************************: Manual specs
2016-01-27 17:26:23,708 DEBUG [EBManual_Application_JSSTTL-116718] The page title found is correct
2016-01-27 17:26:23,708 DEBUG [EBManual_Application_JSSTTL-116718] Result of validate_PageTitle: pass
2016-01-27 17:26:23,708 DEBUG [EBManual_Application_JSSTTL-116718] In execute keyword function
2016-01-27 17:26:23,708 DEBUG [EBManual_Application_JSSTTL-116718] Executing link_Click function:
2016-01-27 17:26:24,246 DEBUG [EBManual_Application_JSSTTL-116718] Executing Click function
2016-01-27 17:26:25,263 DEBUG [EBManual_Application_JSSTTL-116718] Exiting Click function
2016-01-27 17:26:25,263 DEBUG [EBManual_Application_JSSTTL-116718] Application_test_link clicked successfully
2016-01-27 17:26:25,263 DEBUG [EBManual_Application_JSSTTL-116718] TestStepResult of link_Click: Pass
2016-01-27 17:26:25,263 DEBUG [EBManual_Application_JSSTTL-116718] In execute keyword function
2016-01-27 17:26:25,263 DEBUG [EBManual_Application_JSSTTL-116718] Executing validate_PageTitle function:
2016-01-27 17:26:25,289 DEBUG [EBManual_Application_JSSTTL-116718] The title of the page is *********************************: Application JS Test
2016-01-27 17:26:25,289 DEBUG [EBManual_Application_JSSTTL-116718] The page title found is correct
2016-01-27 17:26:25,289 DEBUG [EBManual_Application_JSSTTL-116718] Result of validate_PageTitle: pass
2016-01-27 17:26:25,289 DEBUG [EBManual_Application_JSSTTL-116718] In execute keyword function
2016-01-27 17:26:25,289 DEBUG [EBManual_Application_JSSTTL-116718] Executing SelectTestToRun function:
2016-01-27 17:26:30,104 DEBUG [EBManual_Application_JSSTTL-116718] Successfull in selecting clicking the category
2016-01-27 17:26:30,104 DEBUG [EBManual_Application_JSSTTL-116718] TestStepResult of SelectTestToRun: pass
2016-01-27 17:26:30,105 DEBUG [EBManual_Application_JSSTTL-116718] In execute keyword function
2016-01-27 17:26:30,105 DEBUG [EBManual_Application_JSSTTL-116718] Executing ClickRunTest function:
2016-01-27 17:26:30,463 DEBUG [EBManual_Application_JSSTTL-116718] Executing Click function
2016-01-27 17:26:31,437 DEBUG [EBManual_Application_JSSTTL-116718] Exiting Click function
2016-01-27 17:26:31,437 DEBUG [EBManual_Application_JSSTTL-116718] runtest_top_xpath Button clicked Successfully
2016-01-27 17:26:31,437 DEBUG [EBManual_Application_JSSTTL-116718] TestStepResult of ClickRunTest: pass
2016-01-27 17:26:31,437 DEBUG [EBManual_Application_JSSTTL-116718] In execute keyword function
2016-01-27 17:26:31,437 DEBUG [EBManual_Application_JSSTTL-116718] Executing validate_Text_Exists function:
2016-01-27 17:26:32,202 DEBUG [EBManual_Application_JSSTTL-116718] VT281-0080 Testcase Text found
2016-01-27 17:26:32,202 DEBUG [EBManual_Application_JSSTTL-116718] Result of validate_Text_Exists: Pass
2016-01-27 17:26:32,203 DEBUG [EBManual_Application_JSSTTL-116718] In execute keyword function
2016-01-27 17:26:32,203 DEBUG [EBManual_Application_JSSTTL-116718] Executing ClickRunTest function:
2016-01-27 17:26:32,586 DEBUG [EBManual_Application_JSSTTL-116718] Executing Click function
2016-01-27 17:26:33,767 DEBUG [EBManual_Application_JSSTTL-116718] Exiting Click function
2016-01-27 17:26:33,767 DEBUG [EBManual_Application_JSSTTL-116718] runtest_bottom_xpath Button clicked Successfully
2016-01-27 17:26:33,767 DEBUG [EBManual_Application_JSSTTL-116718] TestStepResult of ClickRunTest: pass
2016-01-27 17:26:33,767 DEBUG [EBManual_Application_JSSTTL-116718] In execute keyword function
2016-01-27 17:26:33,767 DEBUG [EBManual_Application_JSSTTL-116718] Executing wait function:
2016-01-27 17:26:33,767 DEBUG [EBManual_Application_JSSTTL-116718] Started Executing wait function
2016-01-27 17:26:35,767 DEBUG [EBManual_Application_JSSTTL-116718] Exiting from wait function
2016-01-27 17:26:35,767 DEBUG [EBManual_Application_JSSTTL-116718] TestStepResult of wait: Pass
2016-01-27 17:26:35,767 DEBUG [EBManual_Application_JSSTTL-116718] In execute keyword function
2016-01-27 17:26:35,767 DEBUG [EBManual_Application_JSSTTL-116718] Executing launch_App_Device function:
2016-01-27 17:26:35,767 DEBUG [EBManual_Application_JSSTTL-116718] Started Executing Launch_App_Device function
2016-01-27 17:26:35,767 DEBUG [EBManual_Application_JSSTTL-116718] Started executeCommandLine function
2016-01-27 17:26:39,786 DEBUG [EBManual_Application_JSSTTL-116718] Exiting from executeCommandLine function
2016-01-27 17:26:40,787 DEBUG [EBManual_Application_JSSTTL-116718] Successfully launched the App
2016-01-27 17:26:40,787 DEBUG [EBManual_Application_JSSTTL-116718] Exiting Launch_App_Device function
2016-01-27 17:26:40,787 DEBUG [EBManual_Application_JSSTTL-116718] TestStepResult of launch_App_Device: Pass
2016-01-27 17:26:40,787 DEBUG [EBManual_Application_JSSTTL-116718] In execute keyword function
2016-01-27 17:26:40,787 DEBUG [EBManual_Application_JSSTTL-116718] Executing press_Key function:
2016-01-27 17:26:40,787 DEBUG [EBManual_Application_JSSTTL-116718] Started executeCommandLine function
2016-01-27 17:26:44,806 DEBUG [EBManual_Application_JSSTTL-116718] Exiting from executeCommandLine function
2016-01-27 17:26:44,806 DEBUG [EBManual_Application_JSSTTL-116718] pressed on the back key
2016-01-27 17:26:44,806 DEBUG [EBManual_Application_JSSTTL-116718] Back works
2016-01-27 17:26:45,806 DEBUG [EBManual_Application_JSSTTL-116718] TestStepResult of press_Key: pass
2016-01-27 17:26:45,806 DEBUG [EBManual_Application_JSSTTL-116718] In execute keyword function
2016-01-27 17:26:45,806 DEBUG [EBManual_Application_JSSTTL-116718] Executing Lock_UnlockScreen function:
2016-01-27 17:26:45,806 DEBUG [EBManual_Application_JSSTTL-116718] locking screen
2016-01-27 17:26:45,806 DEBUG [EBManual_Application_JSSTTL-116718] Started executeCommandLine function
2016-01-27 17:26:50,826 DEBUG [EBManual_Application_JSSTTL-116718] TestStepResult of Lock_UnlockScreen: pass
2016-01-27 17:26:50,826 DEBUG [EBManual_Application_JSSTTL-116718] In execute keyword function
2016-01-27 17:26:50,826 DEBUG [EBManual_Application_JSSTTL-116718] Executing Lock_UnlockScreen function:
2016-01-27 17:26:50,826 DEBUG [EBManual_Application_JSSTTL-116718] unlocking screen
2016-01-27 17:26:50,826 DEBUG [EBManual_Application_JSSTTL-116718] Started executeCommandLine function
2016-01-27 17:26:54,846 DEBUG [EBManual_Application_JSSTTL-116718] Started executeCommandLine function
2016-01-27 17:26:58,866 DEBUG [EBManual_Application_JSSTTL-116718] TestStepResult of Lock_UnlockScreen: pass
2016-01-27 17:26:58,866 DEBUG [EBManual_Application_JSSTTL-116718] In execute keyword function
2016-01-27 17:26:58,866 DEBUG [EBManual_Application_JSSTTL-116718] Executing wait function:
2016-01-27 17:26:58,866 DEBUG [EBManual_Application_JSSTTL-116718] Started Executing wait function
2016-01-27 17:27:00,867 DEBUG [EBManual_Application_JSSTTL-116718] Exiting from wait function
2016-01-27 17:27:00,867 DEBUG [EBManual_Application_JSSTTL-116718] TestStepResult of wait: Pass
2016-01-27 17:27:00,867 DEBUG [EBManual_Application_JSSTTL-116718] In execute keyword function
2016-01-27 17:27:00,867 DEBUG [EBManual_Application_JSSTTL-116718] Executing link_Click function:
2016-01-27 17:27:01,235 DEBUG [EBManual_Application_JSSTTL-116718] Executing Click function
2016-01-27 17:27:02,421 DEBUG [EBManual_Application_JSSTTL-116718] Exiting Click function
2016-01-27 17:27:02,422 DEBUG [EBManual_Application_JSSTTL-116718] stopCallback_name_xpath clicked successfully
2016-01-27 17:27:02,422 DEBUG [EBManual_Application_JSSTTL-116718] TestStepResult of link_Click: Pass
2016-01-27 17:27:02,422 DEBUG [EBManual_Application_JSSTTL-116718] In execute keyword function
2016-01-27 17:27:02,422 DEBUG [EBManual_Application_JSSTTL-116718] Executing wait function:
2016-01-27 17:27:02,422 DEBUG [EBManual_Application_JSSTTL-116718] Started Executing wait function
2016-01-27 17:27:04,422 DEBUG [EBManual_Application_JSSTTL-116718] Exiting from wait function
2016-01-27 17:27:04,422 DEBUG [EBManual_Application_JSSTTL-116718] TestStepResult of wait: Pass
2016-01-27 17:27:04,422 DEBUG [EBManual_Application_JSSTTL-116718] In execute keyword function
2016-01-27 17:27:04,422 DEBUG [EBManual_Application_JSSTTL-116718] Executing validate_Result function:
2016-01-27 17:27:04,768 DEBUG [EBManual_Application_JSSTTL-116718] UIDestroyed Text found in Results
Event : : UIDestroyed
Event : : Deactivated
Event : : Activated
Event : : ScreenOff
Event : : Deactivated
Event : : Activated
Event : : ScreenOn
2016-01-27 17:27:04,768 DEBUG [EBManual_Application_JSSTTL-116718] Result of validate_Result: Pass
2016-01-27 17:27:04,768 DEBUG [EBManual_Application_JSSTTL-116718] In execute keyword function
2016-01-27 17:27:04,768 DEBUG [EBManual_Application_JSSTTL-116718] Executing validate_Result function:
2016-01-27 17:27:04,974 DEBUG [EBManual_Application_JSSTTL-116718] Deactivated Text found in Results
Event : : UIDestroyed
Event : : Deactivated
Event : : Activated
Event : : ScreenOff
Event : : Deactivated
Event : : Activated
Event : : ScreenOn
2016-01-27 17:27:04,975 DEBUG [EBManual_Application_JSSTTL-116718] Result of validate_Result: Pass
2016-01-27 17:27:04,975 DEBUG [EBManual_Application_JSSTTL-116718] In execute keyword function
2016-01-27 17:27:04,975 DEBUG [EBManual_Application_JSSTTL-116718] Executing validate_Result function:
2016-01-27 17:27:05,260 DEBUG [EBManual_Application_JSSTTL-116718] ScreenOff Text found in Results
Event : : UIDestroyed
Event : : Deactivated
Event : : Activated
Event : : ScreenOff
Event : : Deactivated
Event : : Activated
Event : : ScreenOn
2016-01-27 17:27:05,260 DEBUG [EBManual_Application_JSSTTL-116718] Result of validate_Result: Pass
2016-01-27 17:27:05,260 DEBUG [EBManual_Application_JSSTTL-116718] In execute keyword function
2016-01-27 17:27:05,260 DEBUG [EBManual_Application_JSSTTL-116718] Executing validate_Result function:
2016-01-27 17:27:05,429 DEBUG [EBManual_Application_JSSTTL-116718] Activated Text found in Results
Event : : UIDestroyed
Event : : Deactivated
Event : : Activated
Event : : ScreenOff
Event : : Deactivated
Event : : Activated
Event : : ScreenOn
2016-01-27 17:27:05,429 DEBUG [EBManual_Application_JSSTTL-116718] Result of validate_Result: Pass
2016-01-27 17:27:05,430 DEBUG [EBManual_Application_JSSTTL-116718] In execute keyword function
2016-01-27 17:27:05,430 DEBUG [EBManual_Application_JSSTTL-116718] Executing validate_Result function:
2016-01-27 17:27:05,592 DEBUG [EBManual_Application_JSSTTL-116718] ScreenOn Text found in Results
Event : : UIDestroyed
Event : : Deactivated
Event : : Activated
Event : : ScreenOff
Event : : Deactivated
Event : : Activated
Event : : ScreenOn
2016-01-27 17:27:05,592 DEBUG [EBManual_Application_JSSTTL-116718] Result of validate_Result: Pass
2016-01-27 17:27:05,592 DEBUG [EBManual_Application_JSSTTL-116718] allstep_result contains: PassPassPasspasspasspassPassPasspasspasspassPassPassnull
2016-01-27 17:27:05,592 DEBUG [EBManual_Application_JSSTTL-116718] allexpected_result contains: nullPassPassPassPassPassnullPassnullpassnullpassnull
2016-01-27 17:27:05,592 DEBUG [EBManual_Application_JSSTTL-116718] Testcase_Result contains: nullPassPassPassPassPassnullPassnullpassnullpassnullPassPassPasspasspasspassPassPasspasspasspassPassPassnull
2016-01-27 17:27:05,592 DEBUG [EBManual_Application_JSSTTL-116718] Test case with description Check for Application event callback ScreenOff/ScreenOn with background/foreground Pass
2016-01-27 17:27:06,769 DEBUG [EBManual_Application_JSSTTL-116718] Executing browser_Quit function
2016-01-27 17:27:06,769 DEBUG [EBManual_Application_JSSTTL-116718] Completed browser_Quit function
2016-01-27 17:27:06,769 DEBUG [EBManual_Application_JSSTTL-116718] Completed quitSelendroid function
2016-01-27 17:27:06,771 DEBUG [EBManual_Application_JSSTTL-116718] Row number:19
2016-01-27 17:27:06,855 DEBUG [EBManual_Application_JSSTTL-116718] Ending Test Case IDSTTL-116718
