2016-01-27 17:18:29,599 DEBUG [EBManual_Application_JSSTTL-116711] Executing Test Case ID: STTL-116711
2016-01-27 17:18:29,640 DEBUG [EBManual_Application_JSSTTL-116711] Executing Init_Selendroid function with APK as parameter and clear data value with 1
2016-01-27 17:18:39,954 DEBUG [EBManual_Application_JSSTTL-116711] Exiting Init_Selendroid function
2016-01-27 17:18:40,011 DEBUG [EBManual_Application_JSSTTL-116711] TestCase with Description "Native menu with Callback, fullscreen,JS call back, seperator" Execution started
2016-01-27 17:18:40,011 DEBUG [EBManual_Application_JSSTTL-116711] In execute keyword function
2016-01-27 17:18:40,011 DEBUG [EBManual_Application_JSSTTL-116711] Executing wait function:
2016-01-27 17:18:40,011 DEBUG [EBManual_Application_JSSTTL-116711] Started Executing wait function
2016-01-27 17:18:43,012 DEBUG [EBManual_Application_JSSTTL-116711] Exiting from wait function
2016-01-27 17:18:43,012 DEBUG [EBManual_Application_JSSTTL-116711] TestStepResult of wait: Pass
2016-01-27 17:18:43,012 DEBUG [EBManual_Application_JSSTTL-116711] In execute keyword function
2016-01-27 17:18:43,012 DEBUG [EBManual_Application_JSSTTL-116711] Executing validate_PageTitle function:
2016-01-27 17:18:43,057 DEBUG [EBManual_Application_JSSTTL-116711] The title of the page is *********************************: Manual specs
2016-01-27 17:18:43,057 DEBUG [EBManual_Application_JSSTTL-116711] The page title found is correct
2016-01-27 17:18:43,057 DEBUG [EBManual_Application_JSSTTL-116711] Result of validate_PageTitle: pass
2016-01-27 17:18:43,057 DEBUG [EBManual_Application_JSSTTL-116711] In execute keyword function
2016-01-27 17:18:43,057 DEBUG [EBManual_Application_JSSTTL-116711] Executing link_Click function:
2016-01-27 17:18:43,574 DEBUG [EBManual_Application_JSSTTL-116711] Executing Click function
2016-01-27 17:18:44,604 DEBUG [EBManual_Application_JSSTTL-116711] Exiting Click function
2016-01-27 17:18:44,605 DEBUG [EBManual_Application_JSSTTL-116711] Application_test_link clicked successfully
2016-01-27 17:18:44,605 DEBUG [EBManual_Application_JSSTTL-116711] TestStepResult of link_Click: Pass
2016-01-27 17:18:44,605 DEBUG [EBManual_Application_JSSTTL-116711] In execute keyword function
2016-01-27 17:18:44,605 DEBUG [EBManual_Application_JSSTTL-116711] Executing validate_PageTitle function:
2016-01-27 17:18:44,643 DEBUG [EBManual_Application_JSSTTL-116711] The title of the page is *********************************: Application JS Test
2016-01-27 17:18:44,643 DEBUG [EBManual_Application_JSSTTL-116711] The page title found is correct
2016-01-27 17:18:44,643 DEBUG [EBManual_Application_JSSTTL-116711] Result of validate_PageTitle: pass
2016-01-27 17:18:44,643 DEBUG [EBManual_Application_JSSTTL-116711] In execute keyword function
2016-01-27 17:18:44,643 DEBUG [EBManual_Application_JSSTTL-116711] Executing SelectTestToRun function:
2016-01-27 17:18:48,511 DEBUG [EBManual_Application_JSSTTL-116711] Successfull in selecting clicking the category
2016-01-27 17:18:48,512 DEBUG [EBManual_Application_JSSTTL-116711] TestStepResult of SelectTestToRun: pass
2016-01-27 17:18:48,512 DEBUG [EBManual_Application_JSSTTL-116711] In execute keyword function
2016-01-27 17:18:48,512 DEBUG [EBManual_Application_JSSTTL-116711] Executing ClickRunTest function:
2016-01-27 17:18:48,861 DEBUG [EBManual_Application_JSSTTL-116711] Executing Click function
2016-01-27 17:18:49,804 DEBUG [EBManual_Application_JSSTTL-116711] Exiting Click function
2016-01-27 17:18:49,804 DEBUG [EBManual_Application_JSSTTL-116711] runtest_top_xpath Button clicked Successfully
2016-01-27 17:18:49,804 DEBUG [EBManual_Application_JSSTTL-116711] TestStepResult of ClickRunTest: pass
2016-01-27 17:18:49,805 DEBUG [EBManual_Application_JSSTTL-116711] In execute keyword function
2016-01-27 17:18:49,805 DEBUG [EBManual_Application_JSSTTL-116711] Executing validate_Text_Exists function:
2016-01-27 17:18:50,376 DEBUG [EBManual_Application_JSSTTL-116711] VT281-0069 Testcase Text found
2016-01-27 17:18:50,376 DEBUG [EBManual_Application_JSSTTL-116711] Result of validate_Text_Exists: Pass
2016-01-27 17:18:50,377 DEBUG [EBManual_Application_JSSTTL-116711] In execute keyword function
2016-01-27 17:18:50,377 DEBUG [EBManual_Application_JSSTTL-116711] Executing ClickRunTest function:
2016-01-27 17:18:50,784 DEBUG [EBManual_Application_JSSTTL-116711] Executing Click function
2016-01-27 17:18:51,685 DEBUG [EBManual_Application_JSSTTL-116711] Exiting Click function
2016-01-27 17:18:51,685 DEBUG [EBManual_Application_JSSTTL-116711] runtest_bottom_xpath Button clicked Successfully
2016-01-27 17:18:51,685 DEBUG [EBManual_Application_JSSTTL-116711] TestStepResult of ClickRunTest: pass
2016-01-27 17:18:51,685 DEBUG [EBManual_Application_JSSTTL-116711] In execute keyword function
2016-01-27 17:18:51,685 DEBUG [EBManual_Application_JSSTTL-116711] Executing wait function:
2016-01-27 17:18:51,685 DEBUG [EBManual_Application_JSSTTL-116711] Started Executing wait function
2016-01-27 17:18:53,685 DEBUG [EBManual_Application_JSSTTL-116711] Exiting from wait function
2016-01-27 17:18:53,685 DEBUG [EBManual_Application_JSSTTL-116711] TestStepResult of wait: Pass
2016-01-27 17:18:53,685 DEBUG [EBManual_Application_JSSTTL-116711] In execute keyword function
2016-01-27 17:18:53,685 DEBUG [EBManual_Application_JSSTTL-116711] Executing press_Menu function:
2016-01-27 17:18:53,685 DEBUG [EBManual_Application_JSSTTL-116711] Entered press_Menu function
2016-01-27 17:18:53,685 DEBUG [EBManual_Application_JSSTTL-116711] Started executeCommandLine function
2016-01-27 17:18:57,704 DEBUG [EBManual_Application_JSSTTL-116711] Menu Clicked
2016-01-27 17:18:57,704 DEBUG [EBManual_Application_JSSTTL-116711] Exiting from press_Menu function
2016-01-27 17:18:57,704 DEBUG [EBManual_Application_JSSTTL-116711] TestStepResult of press_Menu: Pass
2016-01-27 17:18:57,704 DEBUG [EBManual_Application_JSSTTL-116711] In execute keyword function
2016-01-27 17:18:57,704 DEBUG [EBManual_Application_JSSTTL-116711] Executing ClickUITextView function:
2016-01-27 17:18:57,704 DEBUG [EBManual_Application_JSSTTL-116711] Entered ClickUITextView function
2016-01-27 17:18:57,727 DEBUG [EBManual_Application_JSSTTL-116711] Started executeCommandLine function
2016-01-27 17:19:01,744 DEBUG [EBManual_Application_JSSTTL-116711] Started executeCommandLine function
2016-01-27 17:19:05,764 DEBUG [EBManual_Application_JSSTTL-116711] Exiting ClickUITextView function
2016-01-27 17:19:05,764 DEBUG [EBManual_Application_JSSTTL-116711] TestStepResult of ClickUITextView: Pass
2016-01-27 17:19:05,764 DEBUG [EBManual_Application_JSSTTL-116711] In execute keyword function
2016-01-27 17:19:05,764 DEBUG [EBManual_Application_JSSTTL-116711] Executing validate_Page function:
2016-01-27 17:19:05,764 DEBUG [EBManual_Application_JSSTTL-116711] Entered validate_Page function
2016-01-27 17:19:06,058 DEBUG [EBManual_Application_JSSTTL-116711] Client ID Testcase Text not found
2016-01-27 17:19:06,058 DEBUG [EBManual_Application_JSSTTL-116711] Exiting from validate_Page function
2016-01-27 17:19:06,058 DEBUG [EBManual_Application_JSSTTL-116711] Result of validate_Page: Fail
2016-01-27 17:19:06,059 DEBUG [EBManual_Application_JSSTTL-116711] In execute keyword function
2016-01-27 17:19:06,059 DEBUG [EBManual_Application_JSSTTL-116711] Executing press_Key function:
2016-01-27 17:19:06,059 DEBUG [EBManual_Application_JSSTTL-116711] Started executeCommandLine function
2016-01-27 17:19:10,078 DEBUG [EBManual_Application_JSSTTL-116711] Exiting from executeCommandLine function
2016-01-27 17:19:10,078 DEBUG [EBManual_Application_JSSTTL-116711] pressed on the back key
2016-01-27 17:19:10,078 DEBUG [EBManual_Application_JSSTTL-116711] Back works
2016-01-27 17:19:11,079 DEBUG [EBManual_Application_JSSTTL-116711] TestStepResult of press_Key: pass
2016-01-27 17:19:11,079 DEBUG [EBManual_Application_JSSTTL-116711] In execute keyword function
2016-01-27 17:19:11,079 DEBUG [EBManual_Application_JSSTTL-116711] Executing ClickRunTest function:
2016-01-27 17:19:11,425 DEBUG [EBManual_Application_JSSTTL-116711] Executing Click function
2016-01-27 17:19:12,378 DEBUG [EBManual_Application_JSSTTL-116711] Exiting Click function
2016-01-27 17:19:12,378 DEBUG [EBManual_Application_JSSTTL-116711] runtest_bottom_xpath Button clicked Successfully
2016-01-27 17:19:12,378 DEBUG [EBManual_Application_JSSTTL-116711] TestStepResult of ClickRunTest: pass
2016-01-27 17:19:12,378 DEBUG [EBManual_Application_JSSTTL-116711] In execute keyword function
2016-01-27 17:19:12,378 DEBUG [EBManual_Application_JSSTTL-116711] Executing wait function:
2016-01-27 17:19:12,378 DEBUG [EBManual_Application_JSSTTL-116711] Started Executing wait function
2016-01-27 17:19:14,378 DEBUG [EBManual_Application_JSSTTL-116711] Exiting from wait function
2016-01-27 17:19:14,378 DEBUG [EBManual_Application_JSSTTL-116711] TestStepResult of wait: Pass
2016-01-27 17:19:14,378 DEBUG [EBManual_Application_JSSTTL-116711] In execute keyword function
2016-01-27 17:19:14,378 DEBUG [EBManual_Application_JSSTTL-116711] Executing press_Menu function:
2016-01-27 17:19:14,378 DEBUG [EBManual_Application_JSSTTL-116711] Entered press_Menu function
2016-01-27 17:19:14,378 DEBUG [EBManual_Application_JSSTTL-116711] Started executeCommandLine function
2016-01-27 17:19:18,398 DEBUG [EBManual_Application_JSSTTL-116711] Menu Clicked
2016-01-27 17:19:18,398 DEBUG [EBManual_Application_JSSTTL-116711] Exiting from press_Menu function
2016-01-27 17:19:18,398 DEBUG [EBManual_Application_JSSTTL-116711] TestStepResult of press_Menu: Pass
2016-01-27 17:19:18,398 DEBUG [EBManual_Application_JSSTTL-116711] In execute keyword function
2016-01-27 17:19:18,398 DEBUG [EBManual_Application_JSSTTL-116711] Executing ClickUITextView function:
2016-01-27 17:19:18,398 DEBUG [EBManual_Application_JSSTTL-116711] Entered ClickUITextView function
2016-01-27 17:19:18,450 DEBUG [EBManual_Application_JSSTTL-116711] Started executeCommandLine function
2016-01-27 17:19:22,468 DEBUG [EBManual_Application_JSSTTL-116711] Started executeCommandLine function
2016-01-27 17:19:26,487 DEBUG [EBManual_Application_JSSTTL-116711] Exiting ClickUITextView function
2016-01-27 17:19:26,487 DEBUG [EBManual_Application_JSSTTL-116711] TestStepResult of ClickUITextView: Pass
2016-01-27 17:19:26,487 DEBUG [EBManual_Application_JSSTTL-116711] In execute keyword function
2016-01-27 17:19:26,487 DEBUG [EBManual_Application_JSSTTL-116711] Executing validate_PageTitle function:
2016-01-27 17:19:26,529 DEBUG [EBManual_Application_JSSTTL-116711] The title of the page is *********************************: Application JS Test
2016-01-27 17:19:26,529 DEBUG [EBManual_Application_JSSTTL-116711] The page title found is correct
2016-01-27 17:19:26,529 DEBUG [EBManual_Application_JSSTTL-116711] Result of validate_PageTitle: pass
2016-01-27 17:19:26,529 DEBUG [EBManual_Application_JSSTTL-116711] In execute keyword function
2016-01-27 17:19:26,529 DEBUG [EBManual_Application_JSSTTL-116711] Executing ClickRunTest function:
2016-01-27 17:19:26,872 DEBUG [EBManual_Application_JSSTTL-116711] Executing Click function
2016-01-27 17:19:27,821 DEBUG [EBManual_Application_JSSTTL-116711] Exiting Click function
2016-01-27 17:19:27,821 DEBUG [EBManual_Application_JSSTTL-116711] runtest_bottom_xpath Button clicked Successfully
2016-01-27 17:19:27,821 DEBUG [EBManual_Application_JSSTTL-116711] TestStepResult of ClickRunTest: pass
2016-01-27 17:19:27,821 DEBUG [EBManual_Application_JSSTTL-116711] In execute keyword function
2016-01-27 17:19:27,821 DEBUG [EBManual_Application_JSSTTL-116711] Executing wait function:
2016-01-27 17:19:27,821 DEBUG [EBManual_Application_JSSTTL-116711] Started Executing wait function
2016-01-27 17:19:29,821 DEBUG [EBManual_Application_JSSTTL-116711] Exiting from wait function
2016-01-27 17:19:29,821 DEBUG [EBManual_Application_JSSTTL-116711] TestStepResult of wait: Pass
2016-01-27 17:19:29,821 DEBUG [EBManual_Application_JSSTTL-116711] In execute keyword function
2016-01-27 17:19:29,821 DEBUG [EBManual_Application_JSSTTL-116711] Executing press_Menu function:
2016-01-27 17:19:29,821 DEBUG [EBManual_Application_JSSTTL-116711] Entered press_Menu function
2016-01-27 17:19:29,821 DEBUG [EBManual_Application_JSSTTL-116711] Started executeCommandLine function
2016-01-27 17:19:33,841 DEBUG [EBManual_Application_JSSTTL-116711] Menu Clicked
2016-01-27 17:19:33,841 DEBUG [EBManual_Application_JSSTTL-116711] Exiting from press_Menu function
2016-01-27 17:19:33,841 DEBUG [EBManual_Application_JSSTTL-116711] TestStepResult of press_Menu: Pass
2016-01-27 17:19:33,841 DEBUG [EBManual_Application_JSSTTL-116711] In execute keyword function
2016-01-27 17:19:33,841 DEBUG [EBManual_Application_JSSTTL-116711] Executing ClickUITextView function:
2016-01-27 17:19:33,841 DEBUG [EBManual_Application_JSSTTL-116711] Entered ClickUITextView function
2016-01-27 17:19:33,892 DEBUG [EBManual_Application_JSSTTL-116711] Started executeCommandLine function
2016-01-27 17:19:37,911 DEBUG [EBManual_Application_JSSTTL-116711] Started executeCommandLine function
2016-01-27 17:19:42,406 DEBUG [EBManual_Application_JSSTTL-116711] Exiting ClickUITextView function
2016-01-27 17:19:42,406 DEBUG [EBManual_Application_JSSTTL-116711] TestStepResult of ClickUITextView: Pass
2016-01-27 17:19:42,406 DEBUG [EBManual_Application_JSSTTL-116711] In execute keyword function
2016-01-27 17:19:42,406 DEBUG [EBManual_Application_JSSTTL-116711] Executing wait function:
2016-01-27 17:19:42,406 DEBUG [EBManual_Application_JSSTTL-116711] Started Executing wait function
2016-01-27 17:19:44,406 DEBUG [EBManual_Application_JSSTTL-116711] Exiting from wait function
2016-01-27 17:19:44,406 DEBUG [EBManual_Application_JSSTTL-116711] TestStepResult of wait: Pass
2016-01-27 17:19:44,406 DEBUG [EBManual_Application_JSSTTL-116711] In execute keyword function
2016-01-27 17:19:44,406 DEBUG [EBManual_Application_JSSTTL-116711] Executing press_Menu function:
2016-01-27 17:19:44,406 DEBUG [EBManual_Application_JSSTTL-116711] Entered press_Menu function
2016-01-27 17:19:44,406 DEBUG [EBManual_Application_JSSTTL-116711] Started executeCommandLine function
2016-01-27 17:19:48,426 DEBUG [EBManual_Application_JSSTTL-116711] Menu Clicked
2016-01-27 17:19:48,426 DEBUG [EBManual_Application_JSSTTL-116711] Exiting from press_Menu function
2016-01-27 17:19:48,426 DEBUG [EBManual_Application_JSSTTL-116711] TestStepResult of press_Menu: Pass
2016-01-27 17:19:48,426 DEBUG [EBManual_Application_JSSTTL-116711] In execute keyword function
2016-01-27 17:19:48,426 DEBUG [EBManual_Application_JSSTTL-116711] Executing ClickUITextView function:
2016-01-27 17:19:48,426 DEBUG [EBManual_Application_JSSTTL-116711] Entered ClickUITextView function
2016-01-27 17:19:48,481 DEBUG [EBManual_Application_JSSTTL-116711] Started executeCommandLine function
2016-01-27 17:19:52,493 DEBUG [EBManual_Application_JSSTTL-116711] Started executeCommandLine function
2016-01-27 17:19:56,514 DEBUG [EBManual_Application_JSSTTL-116711] Exiting ClickUITextView function
2016-01-27 17:19:56,514 DEBUG [EBManual_Application_JSSTTL-116711] TestStepResult of ClickUITextView: Pass
2016-01-27 17:19:56,514 DEBUG [EBManual_Application_JSSTTL-116711] In execute keyword function
2016-01-27 17:19:56,514 DEBUG [EBManual_Application_JSSTTL-116711] Executing validate_Logdisplayed function:
2016-01-27 17:19:56,514 DEBUG [EBManual_Application_JSSTTL-116711] Entered validate_Log function
2016-01-27 17:19:56,514 DEBUG [EBManual_Application_JSSTTL-116711] Started executeCommandLine function
2016-01-27 17:20:00,535 DEBUG [EBManual_Application_JSSTTL-116711] Log displayed
2016-01-27 17:20:00,535 DEBUG [EBManual_Application_JSSTTL-116711] Exiting from validate_Logdisplayed function
2016-01-27 17:20:00,535 DEBUG [EBManual_Application_JSSTTL-116711] Result of validate_Logdisplayed: Pass
2016-01-27 17:20:00,535 DEBUG [EBManual_Application_JSSTTL-116711] In execute keyword function
2016-01-27 17:20:00,535 DEBUG [EBManual_Application_JSSTTL-116711] Executing validate_Logdisplayed function:
2016-01-27 17:20:00,535 DEBUG [EBManual_Application_JSSTTL-116711] Entered validate_Log function
2016-01-27 17:20:00,535 DEBUG [EBManual_Application_JSSTTL-116711] Started executeCommandLine function
2016-01-27 17:20:04,554 DEBUG [EBManual_Application_JSSTTL-116711] Log displayed
2016-01-27 17:20:04,554 DEBUG [EBManual_Application_JSSTTL-116711] Exiting from validate_Logdisplayed function
2016-01-27 17:20:04,554 DEBUG [EBManual_Application_JSSTTL-116711] Result of validate_Logdisplayed: Pass
2016-01-27 17:20:04,554 DEBUG [EBManual_Application_JSSTTL-116711] In execute keyword function
2016-01-27 17:20:04,554 DEBUG [EBManual_Application_JSSTTL-116711] Executing press_Key function:
2016-01-27 17:20:04,554 DEBUG [EBManual_Application_JSSTTL-116711] Started executeCommandLine function
2016-01-27 17:20:08,574 DEBUG [EBManual_Application_JSSTTL-116711] Exiting from executeCommandLine function
2016-01-27 17:20:08,574 DEBUG [EBManual_Application_JSSTTL-116711] pressed on the back key
2016-01-27 17:20:08,574 DEBUG [EBManual_Application_JSSTTL-116711] Back works
2016-01-27 17:20:09,574 DEBUG [EBManual_Application_JSSTTL-116711] TestStepResult of press_Key: pass
2016-01-27 17:20:09,574 DEBUG [EBManual_Application_JSSTTL-116711] In execute keyword function
2016-01-27 17:20:09,574 DEBUG [EBManual_Application_JSSTTL-116711] Executing press_Menu function:
2016-01-27 17:20:09,574 DEBUG [EBManual_Application_JSSTTL-116711] Entered press_Menu function
2016-01-27 17:20:09,574 DEBUG [EBManual_Application_JSSTTL-116711] Started executeCommandLine function
2016-01-27 17:20:13,595 DEBUG [EBManual_Application_JSSTTL-116711] Menu Clicked
2016-01-27 17:20:13,595 DEBUG [EBManual_Application_JSSTTL-116711] Exiting from press_Menu function
2016-01-27 17:20:13,595 DEBUG [EBManual_Application_JSSTTL-116711] TestStepResult of press_Menu: Pass
2016-01-27 17:20:13,595 DEBUG [EBManual_Application_JSSTTL-116711] In execute keyword function
2016-01-27 17:20:13,595 DEBUG [EBManual_Application_JSSTTL-116711] Executing ClickUITextView function:
2016-01-27 17:20:13,595 DEBUG [EBManual_Application_JSSTTL-116711] Entered ClickUITextView function
2016-01-27 17:20:13,629 DEBUG [EBManual_Application_JSSTTL-116711] Started executeCommandLine function
2016-01-27 17:20:17,644 DEBUG [EBManual_Application_JSSTTL-116711] Started executeCommandLine function
2016-01-27 17:20:22,124 DEBUG [EBManual_Application_JSSTTL-116711] Exiting ClickUITextView function
2016-01-27 17:20:22,124 DEBUG [EBManual_Application_JSSTTL-116711] TestStepResult of ClickUITextView: Pass
2016-01-27 17:20:22,124 DEBUG [EBManual_Application_JSSTTL-116711] In execute keyword function
2016-01-27 17:20:22,124 DEBUG [EBManual_Application_JSSTTL-116711] Executing validate_AppMinimized function:
2016-01-27 17:20:22,124 DEBUG [EBManual_Application_JSSTTL-116711] Started Executing validate_AppMinimized function
2016-01-27 17:20:22,124 DEBUG [EBManual_Application_JSSTTL-116711] Started Executing Validate_App_launched_Device function
2016-01-27 17:20:22,124 DEBUG [EBManual_Application_JSSTTL-116711] Entered CheckUIButtonExists function
2016-01-27 17:20:22,124 DEBUG [EBManual_Application_JSSTTL-116711] Started executeCommandLine function
2016-01-27 17:20:26,146 DEBUG [EBManual_Application_JSSTTL-116711] Exiting from executeCommandLine function
2016-01-27 17:20:26,146 DEBUG [EBManual_Application_JSSTTL-116711] Button is not Present
2016-01-27 17:20:26,146 DEBUG [EBManual_Application_JSSTTL-116711] Exiting from CheckUIButtonExists function
2016-01-27 17:20:26,146 DEBUG [EBManual_Application_JSSTTL-116711] Started executeCommandLine function
2016-01-27 17:20:30,166 DEBUG [EBManual_Application_JSSTTL-116711] Exiting from executeCommandLine function
2016-01-27 17:20:30,166 DEBUG [EBManual_Application_JSSTTL-116711] Started executeCommandLine function
2016-01-27 17:20:34,186 DEBUG [EBManual_Application_JSSTTL-116711] Exiting from executeCommandLine function
2016-01-27 17:20:34,186 DEBUG [EBManual_Application_JSSTTL-116711] Given App is not in Foreground
2016-01-27 17:20:34,186 DEBUG [EBManual_Application_JSSTTL-116711] Exiting Validate_App_launched_Device function
2016-01-27 17:20:34,186 DEBUG [EBManual_Application_JSSTTL-116711] Not in com.symbol.enterprisebrowser screen
2016-01-27 17:20:34,186 DEBUG [EBManual_Application_JSSTTL-116711] Exiting validate_AppMinimized function
2016-01-27 17:20:34,186 DEBUG [EBManual_Application_JSSTTL-116711] Result of validate_AppMinimized: Pass
2016-01-27 17:20:34,186 DEBUG [EBManual_Application_JSSTTL-116711] In execute keyword function
2016-01-27 17:20:34,186 DEBUG [EBManual_Application_JSSTTL-116711] TestStepResult of : Function <> not found in the keyword class
2016-01-27 17:20:34,186 DEBUG [EBManual_Application_JSSTTL-116711] allstep_result contains: Function <> not found in the keyword classPassPasspassPassPassPassPassPassPasspassPassPassPasspasspassPassPassPasspasspasspassPassPassnull
2016-01-27 17:20:34,186 DEBUG [EBManual_Application_JSSTTL-116711] allexpected_result contains: nullPassnullPassPassnullpassnullFailnullPassnullpassnullpassnull
2016-01-27 17:20:34,186 DEBUG [EBManual_Application_JSSTTL-116711] Testcase_Result contains: nullPassnullPassPassnullpassnullFailnullPassnullpassnullpassnullFunction <> not found in the keyword classPassPasspassPassPassPassPassPassPasspassPassPassPasspasspassPassPassPasspasspasspassPassPassnull
2016-01-27 17:20:34,186 DEBUG [EBManual_Application_JSSTTL-116711] Test case with description Native menu with Callback, fullscreen,JS call back, seperator Fail
2016-01-27 17:20:34,200 DEBUG [EBManual_Application_JSSTTL-116711] Completed quitSelendroid function
2016-01-27 17:20:34,202 DEBUG [EBManual_Application_JSSTTL-116711] Row number:12
