2016-01-27 17:14:32,399 DEBUG [EBManual_Application_JSSTTL-116703] Executing Test Case ID: STTL-116703
2016-01-27 17:14:32,463 DEBUG [EBManual_Application_JSSTTL-116703] Executing Init_Selendroid function with APK as parameter and clear data value with 1
2016-01-27 17:14:42,957 DEBUG [EBManual_Application_JSSTTL-116703] Exiting Init_Selendroid function
2016-01-27 17:14:43,065 DEBUG [EBManual_Application_JSSTTL-116703] TestCase with Description "Security token not passed" Execution started
2016-01-27 17:14:43,065 DEBUG [EBManual_Application_JSSTTL-116703] In execute keyword function
2016-01-27 17:14:43,065 DEBUG [EBManual_Application_JSSTTL-116703] Executing wait function:
2016-01-27 17:14:43,065 DEBUG [EBManual_Application_JSSTTL-116703] Started Executing wait function
2016-01-27 17:14:46,065 DEBUG [EBManual_Application_JSSTTL-116703] Exiting from wait function
2016-01-27 17:14:46,065 DEBUG [EBManual_Application_JSSTTL-116703] TestStepResult of wait: Pass
2016-01-27 17:14:46,065 DEBUG [EBManual_Application_JSSTTL-116703] In execute keyword function
2016-01-27 17:14:46,065 DEBUG [EBManual_Application_JSSTTL-116703] Executing validate_PageTitle function:
2016-01-27 17:14:46,107 DEBUG [EBManual_Application_JSSTTL-116703] The title of the page is *********************************: Manual specs
2016-01-27 17:14:46,107 DEBUG [EBManual_Application_JSSTTL-116703] The page title found is correct
2016-01-27 17:14:46,107 DEBUG [EBManual_Application_JSSTTL-116703] Result of validate_PageTitle: pass
2016-01-27 17:14:46,108 DEBUG [EBManual_Application_JSSTTL-116703] In execute keyword function
2016-01-27 17:14:46,108 DEBUG [EBManual_Application_JSSTTL-116703] Executing link_Click function:
2016-01-27 17:14:46,636 DEBUG [EBManual_Application_JSSTTL-116703] Executing Click function
2016-01-27 17:14:47,639 DEBUG [EBManual_Application_JSSTTL-116703] Exiting Click function
2016-01-27 17:14:47,639 DEBUG [EBManual_Application_JSSTTL-116703] Application_test_link clicked successfully
2016-01-27 17:14:47,639 DEBUG [EBManual_Application_JSSTTL-116703] TestStepResult of link_Click: Pass
2016-01-27 17:14:47,639 DEBUG [EBManual_Application_JSSTTL-116703] In execute keyword function
2016-01-27 17:14:47,639 DEBUG [EBManual_Application_JSSTTL-116703] Executing validate_PageTitle function:
2016-01-27 17:14:47,662 DEBUG [EBManual_Application_JSSTTL-116703] The title of the page is *********************************: Application JS Test
2016-01-27 17:14:47,662 DEBUG [EBManual_Application_JSSTTL-116703] The page title found is correct
2016-01-27 17:14:47,662 DEBUG [EBManual_Application_JSSTTL-116703] Result of validate_PageTitle: pass
2016-01-27 17:14:47,663 DEBUG [EBManual_Application_JSSTTL-116703] In execute keyword function
2016-01-27 17:14:47,663 DEBUG [EBManual_Application_JSSTTL-116703] Executing SelectTestToRun function:
2016-01-27 17:14:50,279 DEBUG [EBManual_Application_JSSTTL-116703] Successfull in selecting clicking the category
2016-01-27 17:14:50,279 DEBUG [EBManual_Application_JSSTTL-116703] TestStepResult of SelectTestToRun: pass
2016-01-27 17:14:50,280 DEBUG [EBManual_Application_JSSTTL-116703] In execute keyword function
2016-01-27 17:14:50,280 DEBUG [EBManual_Application_JSSTTL-116703] Executing ClickRunTest function:
2016-01-27 17:14:50,618 DEBUG [EBManual_Application_JSSTTL-116703] Executing Click function
2016-01-27 17:14:51,585 DEBUG [EBManual_Application_JSSTTL-116703] Exiting Click function
2016-01-27 17:14:51,585 DEBUG [EBManual_Application_JSSTTL-116703] runtest_top_xpath Button clicked Successfully
2016-01-27 17:14:51,585 DEBUG [EBManual_Application_JSSTTL-116703] TestStepResult of ClickRunTest: pass
2016-01-27 17:14:51,585 DEBUG [EBManual_Application_JSSTTL-116703] In execute keyword function
2016-01-27 17:14:51,585 DEBUG [EBManual_Application_JSSTTL-116703] Executing validate_Text_Exists function:
2016-01-27 17:14:52,174 DEBUG [EBManual_Application_JSSTTL-116703] VT281-0014 Testcase Text found
2016-01-27 17:14:52,174 DEBUG [EBManual_Application_JSSTTL-116703] Result of validate_Text_Exists: Pass
2016-01-27 17:14:52,175 DEBUG [EBManual_Application_JSSTTL-116703] In execute keyword function
2016-01-27 17:14:52,175 DEBUG [EBManual_Application_JSSTTL-116703] Executing ClickRunTest function:
2016-01-27 17:14:52,538 DEBUG [EBManual_Application_JSSTTL-116703] Executing Click function
2016-01-27 17:14:53,488 DEBUG [EBManual_Application_JSSTTL-116703] Exiting Click function
2016-01-27 17:14:53,488 DEBUG [EBManual_Application_JSSTTL-116703] runtest_bottom_xpath Button clicked Successfully
2016-01-27 17:14:53,488 DEBUG [EBManual_Application_JSSTTL-116703] TestStepResult of ClickRunTest: pass
2016-01-27 17:14:53,488 DEBUG [EBManual_Application_JSSTTL-116703] In execute keyword function
2016-01-27 17:14:53,488 DEBUG [EBManual_Application_JSSTTL-116703] Executing validate_Result function:
2016-01-27 17:14:53,735 DEBUG [EBManual_Application_JSSTTL-116703] false Text found in Results
Security Token Status : : false
2016-01-27 17:14:53,735 DEBUG [EBManual_Application_JSSTTL-116703] Result of validate_Result: Pass
2016-01-27 17:14:53,735 DEBUG [EBManual_Application_JSSTTL-116703] allstep_result contains: passpasspassPassPassnull
2016-01-27 17:14:53,735 DEBUG [EBManual_Application_JSSTTL-116703] allexpected_result contains: nullPassnullPassnullpassnullpassnull
2016-01-27 17:14:53,735 DEBUG [EBManual_Application_JSSTTL-116703] Testcase_Result contains: nullPassnullPassnullpassnullpassnullpasspasspassPassPassnull
2016-01-27 17:14:53,735 DEBUG [EBManual_Application_JSSTTL-116703] Test case with description Security token not passed Pass
2016-01-27 17:14:54,679 DEBUG [EBManual_Application_JSSTTL-116703] Executing browser_Quit function
2016-01-27 17:14:54,680 DEBUG [EBManual_Application_JSSTTL-116703] Completed browser_Quit function
2016-01-27 17:14:54,680 DEBUG [EBManual_Application_JSSTTL-116703] Completed quitSelendroid function
2016-01-27 17:14:54,681 DEBUG [EBManual_Application_JSSTTL-116703] Row number:4
2016-01-27 17:14:54,822 DEBUG [EBManual_Application_JSSTTL-116703] Ending Test Case IDSTTL-116703
