2016-01-27 17:16:54,628 DEBUG [EBManual_Application_JSSTTL-116708] Executing Test Case ID: STTL-116708
2016-01-27 17:16:54,661 DEBUG [EBManual_Application_JSSTTL-116708] Executing Init_Selendroid function with APK as parameter and clear data value with 1
2016-01-27 17:17:04,767 DEBUG [EBManual_Application_JSSTTL-116708] Exiting Init_Selendroid function
2016-01-27 17:17:04,837 DEBUG [EBManual_Application_JSSTTL-116708] TestCase with Description "database file path with pre defined db partition null" Execution started
2016-01-27 17:17:04,837 DEBUG [EBManual_Application_JSSTTL-116708] In execute keyword function
2016-01-27 17:17:04,837 DEBUG [EBManual_Application_JSSTTL-116708] Executing wait function:
2016-01-27 17:17:04,837 DEBUG [EBManual_Application_JSSTTL-116708] Started Executing wait function
2016-01-27 17:17:07,837 DEBUG [EBManual_Application_JSSTTL-116708] Exiting from wait function
2016-01-27 17:17:07,837 DEBUG [EBManual_Application_JSSTTL-116708] TestStepResult of wait: Pass
2016-01-27 17:17:07,838 DEBUG [EBManual_Application_JSSTTL-116708] In execute keyword function
2016-01-27 17:17:07,838 DEBUG [EBManual_Application_JSSTTL-116708] Executing validate_PageTitle function:
2016-01-27 17:17:07,880 DEBUG [EBManual_Application_JSSTTL-116708] The title of the page is *********************************: Manual specs
2016-01-27 17:17:07,880 DEBUG [EBManual_Application_JSSTTL-116708] The page title found is correct
2016-01-27 17:17:07,880 DEBUG [EBManual_Application_JSSTTL-116708] Result of validate_PageTitle: pass
2016-01-27 17:17:07,880 DEBUG [EBManual_Application_JSSTTL-116708] In execute keyword function
2016-01-27 17:17:07,880 DEBUG [EBManual_Application_JSSTTL-116708] Executing link_Click function:
2016-01-27 17:17:08,421 DEBUG [EBManual_Application_JSSTTL-116708] Executing Click function
2016-01-27 17:17:09,469 DEBUG [EBManual_Application_JSSTTL-116708] Exiting Click function
2016-01-27 17:17:09,469 DEBUG [EBManual_Application_JSSTTL-116708] Application_test_link clicked successfully
2016-01-27 17:17:09,469 DEBUG [EBManual_Application_JSSTTL-116708] TestStepResult of link_Click: Pass
2016-01-27 17:17:09,469 DEBUG [EBManual_Application_JSSTTL-116708] In execute keyword function
2016-01-27 17:17:09,469 DEBUG [EBManual_Application_JSSTTL-116708] Executing validate_PageTitle function:
2016-01-27 17:17:09,488 DEBUG [EBManual_Application_JSSTTL-116708] The title of the page is *********************************: Application JS Test
2016-01-27 17:17:09,489 DEBUG [EBManual_Application_JSSTTL-116708] The page title found is correct
2016-01-27 17:17:09,489 DEBUG [EBManual_Application_JSSTTL-116708] Result of validate_PageTitle: pass
2016-01-27 17:17:09,489 DEBUG [EBManual_Application_JSSTTL-116708] In execute keyword function
2016-01-27 17:17:09,489 DEBUG [EBManual_Application_JSSTTL-116708] Executing SelectTestToRun function:
2016-01-27 17:17:12,940 DEBUG [EBManual_Application_JSSTTL-116708] Successfull in selecting clicking the category
2016-01-27 17:17:12,940 DEBUG [EBManual_Application_JSSTTL-116708] TestStepResult of SelectTestToRun: pass
2016-01-27 17:17:12,940 DEBUG [EBManual_Application_JSSTTL-116708] In execute keyword function
2016-01-27 17:17:12,940 DEBUG [EBManual_Application_JSSTTL-116708] Executing ClickRunTest function:
2016-01-27 17:17:13,347 DEBUG [EBManual_Application_JSSTTL-116708] Executing Click function
2016-01-27 17:17:14,283 DEBUG [EBManual_Application_JSSTTL-116708] Exiting Click function
2016-01-27 17:17:14,283 DEBUG [EBManual_Application_JSSTTL-116708] runtest_top_xpath Button clicked Successfully
2016-01-27 17:17:14,283 DEBUG [EBManual_Application_JSSTTL-116708] TestStepResult of ClickRunTest: pass
2016-01-27 17:17:14,283 DEBUG [EBManual_Application_JSSTTL-116708] In execute keyword function
2016-01-27 17:17:14,284 DEBUG [EBManual_Application_JSSTTL-116708] Executing validate_Text_Exists function:
2016-01-27 17:17:14,853 DEBUG [EBManual_Application_JSSTTL-116708] VT281-0027 Testcase Text found
2016-01-27 17:17:14,854 DEBUG [EBManual_Application_JSSTTL-116708] Result of validate_Text_Exists: Pass
2016-01-27 17:17:14,854 DEBUG [EBManual_Application_JSSTTL-116708] In execute keyword function
2016-01-27 17:17:14,854 DEBUG [EBManual_Application_JSSTTL-116708] Executing ClickRunTest function:
2016-01-27 17:17:15,170 DEBUG [EBManual_Application_JSSTTL-116708] Executing Click function
2016-01-27 17:17:16,081 DEBUG [EBManual_Application_JSSTTL-116708] Exiting Click function
2016-01-27 17:17:16,081 DEBUG [EBManual_Application_JSSTTL-116708] runtest_bottom_xpath Button clicked Successfully
2016-01-27 17:17:16,081 DEBUG [EBManual_Application_JSSTTL-116708] TestStepResult of ClickRunTest: pass
2016-01-27 17:17:16,081 DEBUG [EBManual_Application_JSSTTL-116708] In execute keyword function
2016-01-27 17:17:16,081 DEBUG [EBManual_Application_JSSTTL-116708] Executing validate_Result function:
2016-01-27 17:17:16,375 DEBUG [EBManual_Application_JSSTTL-116708] /data/data/com.symbol.enterprisebrowser/rhodata/db/syncdb.sqlite Text found in Results
DB File Path with Local as Partition is : : /data/data/com.symbol.enterprisebrowser/rhodata/db/syncdb.sqlite
2016-01-27 17:17:16,376 DEBUG [EBManual_Application_JSSTTL-116708] Result of validate_Result: Pass
2016-01-27 17:17:16,376 DEBUG [EBManual_Application_JSSTTL-116708] allstep_result contains: passpasspassPassPassnull
2016-01-27 17:17:16,376 DEBUG [EBManual_Application_JSSTTL-116708] allexpected_result contains: nullPassnullPassnullpassnullpassnull
2016-01-27 17:17:16,376 DEBUG [EBManual_Application_JSSTTL-116708] Testcase_Result contains: nullPassnullPassnullpassnullpassnullpasspasspassPassPassnull
2016-01-27 17:17:16,376 DEBUG [EBManual_Application_JSSTTL-116708] Test case with description database file path with pre defined db partition null Pass
2016-01-27 17:17:17,305 DEBUG [EBManual_Application_JSSTTL-116708] Executing browser_Quit function
2016-01-27 17:17:17,305 DEBUG [EBManual_Application_JSSTTL-116708] Completed browser_Quit function
2016-01-27 17:17:17,305 DEBUG [EBManual_Application_JSSTTL-116708] Completed quitSelendroid function
2016-01-27 17:17:17,307 DEBUG [EBManual_Application_JSSTTL-116708] Row number:9
2016-01-27 17:17:17,386 DEBUG [EBManual_Application_JSSTTL-116708] Ending Test Case IDSTTL-116708
