2016-01-27 17:23:19,628 DEBUG [EBManual_Application_JSSTTL-116715] Executing Test Case ID: STTL-116715
2016-01-27 17:23:19,652 DEBUG [EBManual_Application_JSSTTL-116715] Executing Init_Selendroid function with APK as parameter and clear data value with 1
2016-01-27 17:23:30,002 DEBUG [EBManual_Application_JSSTTL-116715] Exiting Init_Selendroid function
2016-01-27 17:23:30,072 DEBUG [EBManual_Application_JSSTTL-116715] TestCase with Description "Check for Application event callback with pressing power button after minimizing application" Execution started
2016-01-27 17:23:30,072 DEBUG [EBManual_Application_JSSTTL-116715] In execute keyword function
2016-01-27 17:23:30,072 DEBUG [EBManual_Application_JSSTTL-116715] Executing wait function:
2016-01-27 17:23:30,072 DEBUG [EBManual_Application_JSSTTL-116715] Started Executing wait function
2016-01-27 17:23:33,073 DEBUG [EBManual_Application_JSSTTL-116715] Exiting from wait function
2016-01-27 17:23:33,073 DEBUG [EBManual_Application_JSSTTL-116715] TestStepResult of wait: Pass
2016-01-27 17:23:33,073 DEBUG [EBManual_Application_JSSTTL-116715] In execute keyword function
2016-01-27 17:23:33,073 DEBUG [EBManual_Application_JSSTTL-116715] Executing validate_PageTitle function:
2016-01-27 17:23:33,118 DEBUG [EBManual_Application_JSSTTL-116715] The title of the page is *********************************: Manual specs
2016-01-27 17:23:33,118 DEBUG [EBManual_Application_JSSTTL-116715] The page title found is correct
2016-01-27 17:23:33,118 DEBUG [EBManual_Application_JSSTTL-116715] Result of validate_PageTitle: pass
2016-01-27 17:23:33,119 DEBUG [EBManual_Application_JSSTTL-116715] In execute keyword function
2016-01-27 17:23:33,119 DEBUG [EBManual_Application_JSSTTL-116715] Executing link_Click function:
2016-01-27 17:23:33,679 DEBUG [EBManual_Application_JSSTTL-116715] Executing Click function
2016-01-27 17:23:34,701 DEBUG [EBManual_Application_JSSTTL-116715] Exiting Click function
2016-01-27 17:23:34,701 DEBUG [EBManual_Application_JSSTTL-116715] Application_test_link clicked successfully
2016-01-27 17:23:34,701 DEBUG [EBManual_Application_JSSTTL-116715] TestStepResult of link_Click: Pass
2016-01-27 17:23:34,701 DEBUG [EBManual_Application_JSSTTL-116715] In execute keyword function
2016-01-27 17:23:34,701 DEBUG [EBManual_Application_JSSTTL-116715] Executing validate_PageTitle function:
2016-01-27 17:23:34,723 DEBUG [EBManual_Application_JSSTTL-116715] The title of the page is *********************************: Application JS Test
2016-01-27 17:23:34,723 DEBUG [EBManual_Application_JSSTTL-116715] The page title found is correct
2016-01-27 17:23:34,723 DEBUG [EBManual_Application_JSSTTL-116715] Result of validate_PageTitle: pass
2016-01-27 17:23:34,724 DEBUG [EBManual_Application_JSSTTL-116715] In execute keyword function
2016-01-27 17:23:34,724 DEBUG [EBManual_Application_JSSTTL-116715] Executing SelectTestToRun function:
2016-01-27 17:23:39,389 DEBUG [EBManual_Application_JSSTTL-116715] Successfull in selecting clicking the category
2016-01-27 17:23:39,389 DEBUG [EBManual_Application_JSSTTL-116715] TestStepResult of SelectTestToRun: pass
2016-01-27 17:23:39,389 DEBUG [EBManual_Application_JSSTTL-116715] In execute keyword function
2016-01-27 17:23:39,389 DEBUG [EBManual_Application_JSSTTL-116715] Executing ClickRunTest function:
2016-01-27 17:23:39,793 DEBUG [EBManual_Application_JSSTTL-116715] Executing Click function
2016-01-27 17:23:40,793 DEBUG [EBManual_Application_JSSTTL-116715] Exiting Click function
2016-01-27 17:23:40,793 DEBUG [EBManual_Application_JSSTTL-116715] runtest_top_xpath Button clicked Successfully
2016-01-27 17:23:40,793 DEBUG [EBManual_Application_JSSTTL-116715] TestStepResult of ClickRunTest: pass
2016-01-27 17:23:40,793 DEBUG [EBManual_Application_JSSTTL-116715] In execute keyword function
2016-01-27 17:23:40,793 DEBUG [EBManual_Application_JSSTTL-116715] Executing validate_Text_Exists function:
2016-01-27 17:23:41,504 DEBUG [EBManual_Application_JSSTTL-116715] VT281-0077 Testcase Text found
2016-01-27 17:23:41,504 DEBUG [EBManual_Application_JSSTTL-116715] Result of validate_Text_Exists: Pass
2016-01-27 17:23:41,504 DEBUG [EBManual_Application_JSSTTL-116715] In execute keyword function
2016-01-27 17:23:41,504 DEBUG [EBManual_Application_JSSTTL-116715] Executing ClickRunTest function:
2016-01-27 17:23:41,836 DEBUG [EBManual_Application_JSSTTL-116715] Executing Click function
2016-01-27 17:23:42,914 DEBUG [EBManual_Application_JSSTTL-116715] Exiting Click function
2016-01-27 17:23:42,915 DEBUG [EBManual_Application_JSSTTL-116715] runtest_bottom_xpath Button clicked Successfully
2016-01-27 17:23:42,915 DEBUG [EBManual_Application_JSSTTL-116715] TestStepResult of ClickRunTest: pass
2016-01-27 17:23:42,915 DEBUG [EBManual_Application_JSSTTL-116715] In execute keyword function
2016-01-27 17:23:42,915 DEBUG [EBManual_Application_JSSTTL-116715] Executing wait function:
2016-01-27 17:23:42,915 DEBUG [EBManual_Application_JSSTTL-116715] Started Executing wait function
2016-01-27 17:23:44,915 DEBUG [EBManual_Application_JSSTTL-116715] Exiting from wait function
2016-01-27 17:23:44,915 DEBUG [EBManual_Application_JSSTTL-116715] TestStepResult of wait: Pass
2016-01-27 17:23:44,915 DEBUG [EBManual_Application_JSSTTL-116715] In execute keyword function
2016-01-27 17:23:44,915 DEBUG [EBManual_Application_JSSTTL-116715] Executing press_Key function:
2016-01-27 17:23:44,915 DEBUG [EBManual_Application_JSSTTL-116715] Started executeCommandLine function
2016-01-27 17:23:48,940 DEBUG [EBManual_Application_JSSTTL-116715] Exiting from executeCommandLine function
2016-01-27 17:23:48,940 DEBUG [EBManual_Application_JSSTTL-116715] pressed on the home key
2016-01-27 17:23:48,940 DEBUG [EBManual_Application_JSSTTL-116715] home works
2016-01-27 17:23:49,940 DEBUG [EBManual_Application_JSSTTL-116715] TestStepResult of press_Key: pass
2016-01-27 17:23:49,940 DEBUG [EBManual_Application_JSSTTL-116715] In execute keyword function
2016-01-27 17:23:49,940 DEBUG [EBManual_Application_JSSTTL-116715] Executing validate_AppMinimized function:
2016-01-27 17:23:49,940 DEBUG [EBManual_Application_JSSTTL-116715] Started Executing validate_AppMinimized function
2016-01-27 17:23:49,940 DEBUG [EBManual_Application_JSSTTL-116715] Started Executing Validate_App_launched_Device function
2016-01-27 17:23:49,940 DEBUG [EBManual_Application_JSSTTL-116715] Entered CheckUIButtonExists function
2016-01-27 17:23:49,940 DEBUG [EBManual_Application_JSSTTL-116715] Started executeCommandLine function
2016-01-27 17:23:53,960 DEBUG [EBManual_Application_JSSTTL-116715] Exiting from executeCommandLine function
2016-01-27 17:23:53,960 DEBUG [EBManual_Application_JSSTTL-116715] Button is not Present
2016-01-27 17:23:53,960 DEBUG [EBManual_Application_JSSTTL-116715] Exiting from CheckUIButtonExists function
2016-01-27 17:23:53,960 DEBUG [EBManual_Application_JSSTTL-116715] Started executeCommandLine function
2016-01-27 17:23:57,978 DEBUG [EBManual_Application_JSSTTL-116715] Exiting from executeCommandLine function
2016-01-27 17:23:57,978 DEBUG [EBManual_Application_JSSTTL-116715] Started executeCommandLine function
2016-01-27 17:24:01,999 DEBUG [EBManual_Application_JSSTTL-116715] Exiting from executeCommandLine function
2016-01-27 17:24:01,999 DEBUG [EBManual_Application_JSSTTL-116715] Given App is not in Foreground
2016-01-27 17:24:01,999 DEBUG [EBManual_Application_JSSTTL-116715] Exiting Validate_App_launched_Device function
2016-01-27 17:24:01,999 DEBUG [EBManual_Application_JSSTTL-116715] Not in com.symbol.enterprisebrowser screen
2016-01-27 17:24:01,999 DEBUG [EBManual_Application_JSSTTL-116715] Exiting validate_AppMinimized function
2016-01-27 17:24:01,999 DEBUG [EBManual_Application_JSSTTL-116715] Result of validate_AppMinimized: Pass
2016-01-27 17:24:01,999 DEBUG [EBManual_Application_JSSTTL-116715] In execute keyword function
2016-01-27 17:24:01,999 DEBUG [EBManual_Application_JSSTTL-116715] Executing Lock_UnlockScreen function:
2016-01-27 17:24:01,999 DEBUG [EBManual_Application_JSSTTL-116715] locking screen
2016-01-27 17:24:01,999 DEBUG [EBManual_Application_JSSTTL-116715] Started executeCommandLine function
2016-01-27 17:24:07,019 DEBUG [EBManual_Application_JSSTTL-116715] TestStepResult of Lock_UnlockScreen: pass
2016-01-27 17:24:07,019 DEBUG [EBManual_Application_JSSTTL-116715] In execute keyword function
2016-01-27 17:24:07,019 DEBUG [EBManual_Application_JSSTTL-116715] Executing Lock_UnlockScreen function:
2016-01-27 17:24:07,019 DEBUG [EBManual_Application_JSSTTL-116715] unlocking screen
2016-01-27 17:24:07,019 DEBUG [EBManual_Application_JSSTTL-116715] Started executeCommandLine function
2016-01-27 17:24:11,040 DEBUG [EBManual_Application_JSSTTL-116715] Started executeCommandLine function
2016-01-27 17:24:15,069 DEBUG [EBManual_Application_JSSTTL-116715] TestStepResult of Lock_UnlockScreen: pass
2016-01-27 17:24:15,069 DEBUG [EBManual_Application_JSSTTL-116715] In execute keyword function
2016-01-27 17:24:15,069 DEBUG [EBManual_Application_JSSTTL-116715] Executing launch_App_Device function:
2016-01-27 17:24:15,069 DEBUG [EBManual_Application_JSSTTL-116715] Started Executing Launch_App_Device function
2016-01-27 17:24:15,069 DEBUG [EBManual_Application_JSSTTL-116715] Started executeCommandLine function
2016-01-27 17:24:19,089 DEBUG [EBManual_Application_JSSTTL-116715] Exiting from executeCommandLine function
2016-01-27 17:24:20,089 DEBUG [EBManual_Application_JSSTTL-116715] Successfully launched the App
2016-01-27 17:24:20,089 DEBUG [EBManual_Application_JSSTTL-116715] Exiting Launch_App_Device function
2016-01-27 17:24:20,089 DEBUG [EBManual_Application_JSSTTL-116715] TestStepResult of launch_App_Device: Pass
2016-01-27 17:24:20,089 DEBUG [EBManual_Application_JSSTTL-116715] In execute keyword function
2016-01-27 17:24:20,089 DEBUG [EBManual_Application_JSSTTL-116715] Executing link_Click function:
2016-01-27 17:24:20,498 DEBUG [EBManual_Application_JSSTTL-116715] Executing Click function
2016-01-27 17:24:21,614 DEBUG [EBManual_Application_JSSTTL-116715] Exiting Click function
2016-01-27 17:24:21,614 DEBUG [EBManual_Application_JSSTTL-116715] stopCallback_name_xpath clicked successfully
2016-01-27 17:24:21,614 DEBUG [EBManual_Application_JSSTTL-116715] TestStepResult of link_Click: Pass
2016-01-27 17:24:21,614 DEBUG [EBManual_Application_JSSTTL-116715] In execute keyword function
2016-01-27 17:24:21,614 DEBUG [EBManual_Application_JSSTTL-116715] Executing validate_Result function:
2016-01-27 17:24:21,925 DEBUG [EBManual_Application_JSSTTL-116715] UIDestroyed Text found in Results
Event : : UIDestroyed
Event : : Deactivated
Event : : Activated
2016-01-27 17:24:21,926 DEBUG [EBManual_Application_JSSTTL-116715] Result of validate_Result: Pass
2016-01-27 17:24:21,926 DEBUG [EBManual_Application_JSSTTL-116715] In execute keyword function
2016-01-27 17:24:21,926 DEBUG [EBManual_Application_JSSTTL-116715] Executing validate_Result function:
2016-01-27 17:24:22,122 DEBUG [EBManual_Application_JSSTTL-116715] Deactivated Text found in Results
Event : : UIDestroyed
Event : : Deactivated
Event : : Activated
2016-01-27 17:24:22,122 DEBUG [EBManual_Application_JSSTTL-116715] Result of validate_Result: Pass
2016-01-27 17:24:22,123 DEBUG [EBManual_Application_JSSTTL-116715] In execute keyword function
2016-01-27 17:24:22,123 DEBUG [EBManual_Application_JSSTTL-116715] Executing validate_Result function:
2016-01-27 17:24:22,291 DEBUG [EBManual_Application_JSSTTL-116715] Activated Text found in Results
Event : : UIDestroyed
Event : : Deactivated
Event : : Activated
2016-01-27 17:24:22,291 DEBUG [EBManual_Application_JSSTTL-116715] Result of validate_Result: Pass
2016-01-27 17:24:22,291 DEBUG [EBManual_Application_JSSTTL-116715] In execute keyword function
2016-01-27 17:24:22,291 DEBUG [EBManual_Application_JSSTTL-116715] Executing validate_doesNotContain function:
2016-01-27 17:24:22,291 DEBUG [EBManual_Application_JSSTTL-116715] Entered validate_doesNotContain function
2016-01-27 17:24:22,498 DEBUG [EBManual_Application_JSSTTL-116715] ScreenOff Testcase Text not found
2016-01-27 17:24:22,498 DEBUG [EBManual_Application_JSSTTL-116715] Exiting from validate_doesNotContain function
2016-01-27 17:24:22,498 DEBUG [EBManual_Application_JSSTTL-116715] Result of validate_doesNotContain: Pass
2016-01-27 17:24:22,498 DEBUG [EBManual_Application_JSSTTL-116715] In execute keyword function
2016-01-27 17:24:22,498 DEBUG [EBManual_Application_JSSTTL-116715] Executing validate_doesNotContain function:
2016-01-27 17:24:22,498 DEBUG [EBManual_Application_JSSTTL-116715] Entered validate_doesNotContain function
2016-01-27 17:24:22,706 DEBUG [EBManual_Application_JSSTTL-116715] ScreenOn Testcase Text not found
2016-01-27 17:24:22,706 DEBUG [EBManual_Application_JSSTTL-116715] Exiting from validate_doesNotContain function
2016-01-27 17:24:22,706 DEBUG [EBManual_Application_JSSTTL-116715] Result of validate_doesNotContain: Pass
2016-01-27 17:24:22,706 DEBUG [EBManual_Application_JSSTTL-116715] allstep_result contains: PassPasspasspasspassPasspasspasspassPassPassnull
2016-01-27 17:24:22,706 DEBUG [EBManual_Application_JSSTTL-116715] allexpected_result contains: nullPassPassPassPassPassnullPassnullPassnullpassnullpassnull
2016-01-27 17:24:22,706 DEBUG [EBManual_Application_JSSTTL-116715] Testcase_Result contains: nullPassPassPassPassPassnullPassnullPassnullpassnullpassnullPassPasspasspasspassPasspasspasspassPassPassnull
2016-01-27 17:24:22,706 DEBUG [EBManual_Application_JSSTTL-116715] Test case with description Check for Application event callback with pressing power button after minimizing application Pass
2016-01-27 17:24:23,655 DEBUG [EBManual_Application_JSSTTL-116715] Executing browser_Quit function
2016-01-27 17:24:23,655 DEBUG [EBManual_Application_JSSTTL-116715] Completed browser_Quit function
2016-01-27 17:24:23,655 DEBUG [EBManual_Application_JSSTTL-116715] Completed quitSelendroid function
2016-01-27 17:24:23,657 DEBUG [EBManual_Application_JSSTTL-116715] Row number:16
2016-01-27 17:24:23,739 DEBUG [EBManual_Application_JSSTTL-116715] Ending Test Case IDSTTL-116715
