2016-01-27 17:17:53,473 DEBUG [EBManual_Application_JSSTTL-116710] Executing Test Case ID: STTL-116710
2016-01-27 17:17:53,496 DEBUG [EBManual_Application_JSSTTL-116710] Executing Init_Selendroid function with APK as parameter and clear data value with 1
2016-01-27 17:18:03,779 DEBUG [EBManual_Application_JSSTTL-116710] Exiting Init_Selendroid function
2016-01-27 17:18:03,826 DEBUG [EBManual_Application_JSSTTL-116710] TestCase with Description "Minimize and quit the application" Execution started
2016-01-27 17:18:03,826 DEBUG [EBManual_Application_JSSTTL-116710] In execute keyword function
2016-01-27 17:18:03,826 DEBUG [EBManual_Application_JSSTTL-116710] Executing wait function:
2016-01-27 17:18:03,826 DEBUG [EBManual_Application_JSSTTL-116710] Started Executing wait function
2016-01-27 17:18:06,826 DEBUG [EBManual_Application_JSSTTL-116710] Exiting from wait function
2016-01-27 17:18:06,826 DEBUG [EBManual_Application_JSSTTL-116710] TestStepResult of wait: Pass
2016-01-27 17:18:06,826 DEBUG [EBManual_Application_JSSTTL-116710] In execute keyword function
2016-01-27 17:18:06,826 DEBUG [EBManual_Application_JSSTTL-116710] Executing validate_PageTitle function:
2016-01-27 17:18:06,872 DEBUG [EBManual_Application_JSSTTL-116710] The title of the page is *********************************: Manual specs
2016-01-27 17:18:06,872 DEBUG [EBManual_Application_JSSTTL-116710] The page title found is correct
2016-01-27 17:18:06,872 DEBUG [EBManual_Application_JSSTTL-116710] Result of validate_PageTitle: pass
2016-01-27 17:18:06,872 DEBUG [EBManual_Application_JSSTTL-116710] In execute keyword function
2016-01-27 17:18:06,872 DEBUG [EBManual_Application_JSSTTL-116710] Executing link_Click function:
2016-01-27 17:18:07,408 DEBUG [EBManual_Application_JSSTTL-116710] Executing Click function
2016-01-27 17:18:08,428 DEBUG [EBManual_Application_JSSTTL-116710] Exiting Click function
2016-01-27 17:18:08,428 DEBUG [EBManual_Application_JSSTTL-116710] Application_test_link clicked successfully
2016-01-27 17:18:08,428 DEBUG [EBManual_Application_JSSTTL-116710] TestStepResult of link_Click: Pass
2016-01-27 17:18:08,428 DEBUG [EBManual_Application_JSSTTL-116710] In execute keyword function
2016-01-27 17:18:08,428 DEBUG [EBManual_Application_JSSTTL-116710] Executing validate_PageTitle function:
2016-01-27 17:18:08,451 DEBUG [EBManual_Application_JSSTTL-116710] The title of the page is *********************************: Application JS Test
2016-01-27 17:18:08,451 DEBUG [EBManual_Application_JSSTTL-116710] The page title found is correct
2016-01-27 17:18:08,451 DEBUG [EBManual_Application_JSSTTL-116710] Result of validate_PageTitle: pass
2016-01-27 17:18:08,451 DEBUG [EBManual_Application_JSSTTL-116710] In execute keyword function
2016-01-27 17:18:08,451 DEBUG [EBManual_Application_JSSTTL-116710] Executing SelectTestToRun function:
2016-01-27 17:18:12,099 DEBUG [EBManual_Application_JSSTTL-116710] Successfull in selecting clicking the category
2016-01-27 17:18:12,099 DEBUG [EBManual_Application_JSSTTL-116710] TestStepResult of SelectTestToRun: pass
2016-01-27 17:18:12,099 DEBUG [EBManual_Application_JSSTTL-116710] In execute keyword function
2016-01-27 17:18:12,099 DEBUG [EBManual_Application_JSSTTL-116710] Executing ClickRunTest function:
2016-01-27 17:18:12,506 DEBUG [EBManual_Application_JSSTTL-116710] Executing Click function
2016-01-27 17:18:13,496 DEBUG [EBManual_Application_JSSTTL-116710] Exiting Click function
2016-01-27 17:18:13,496 DEBUG [EBManual_Application_JSSTTL-116710] runtest_top_xpath Button clicked Successfully
2016-01-27 17:18:13,496 DEBUG [EBManual_Application_JSSTTL-116710] TestStepResult of ClickRunTest: pass
2016-01-27 17:18:13,496 DEBUG [EBManual_Application_JSSTTL-116710] In execute keyword function
2016-01-27 17:18:13,496 DEBUG [EBManual_Application_JSSTTL-116710] Executing validate_Text_Exists function:
2016-01-27 17:18:14,155 DEBUG [EBManual_Application_JSSTTL-116710] VT281-0032 Testcase Text found
2016-01-27 17:18:14,156 DEBUG [EBManual_Application_JSSTTL-116710] Result of validate_Text_Exists: Pass
2016-01-27 17:18:14,156 DEBUG [EBManual_Application_JSSTTL-116710] In execute keyword function
2016-01-27 17:18:14,156 DEBUG [EBManual_Application_JSSTTL-116710] Executing ClickRunTest function:
2016-01-27 17:18:14,492 DEBUG [EBManual_Application_JSSTTL-116710] Executing Click function
2016-01-27 17:18:15,399 DEBUG [EBManual_Application_JSSTTL-116710] Exiting Click function
2016-01-27 17:18:15,399 DEBUG [EBManual_Application_JSSTTL-116710] runtest_bottom_xpath Button clicked Successfully
2016-01-27 17:18:15,399 DEBUG [EBManual_Application_JSSTTL-116710] TestStepResult of ClickRunTest: pass
2016-01-27 17:18:15,399 DEBUG [EBManual_Application_JSSTTL-116710] In execute keyword function
2016-01-27 17:18:15,399 DEBUG [EBManual_Application_JSSTTL-116710] Executing wait function:
2016-01-27 17:18:15,400 DEBUG [EBManual_Application_JSSTTL-116710] Started Executing wait function
2016-01-27 17:18:17,400 DEBUG [EBManual_Application_JSSTTL-116710] Exiting from wait function
2016-01-27 17:18:17,400 DEBUG [EBManual_Application_JSSTTL-116710] TestStepResult of wait: Pass
2016-01-27 17:18:17,400 DEBUG [EBManual_Application_JSSTTL-116710] In execute keyword function
2016-01-27 17:18:17,400 DEBUG [EBManual_Application_JSSTTL-116710] Executing validate_AppMinimized function:
2016-01-27 17:18:17,400 DEBUG [EBManual_Application_JSSTTL-116710] Started Executing validate_AppMinimized function
2016-01-27 17:18:17,400 DEBUG [EBManual_Application_JSSTTL-116710] Started Executing Validate_App_launched_Device function
2016-01-27 17:18:17,400 DEBUG [EBManual_Application_JSSTTL-116710] Entered CheckUIButtonExists function
2016-01-27 17:18:17,400 DEBUG [EBManual_Application_JSSTTL-116710] Started executeCommandLine function
2016-01-27 17:18:21,421 DEBUG [EBManual_Application_JSSTTL-116710] Exiting from executeCommandLine function
2016-01-27 17:18:21,421 DEBUG [EBManual_Application_JSSTTL-116710] Button is not Present
2016-01-27 17:18:21,421 DEBUG [EBManual_Application_JSSTTL-116710] Exiting from CheckUIButtonExists function
2016-01-27 17:18:21,421 DEBUG [EBManual_Application_JSSTTL-116710] Started executeCommandLine function
2016-01-27 17:18:25,441 DEBUG [EBManual_Application_JSSTTL-116710] Exiting from executeCommandLine function
2016-01-27 17:18:25,441 DEBUG [EBManual_Application_JSSTTL-116710] Started executeCommandLine function
2016-01-27 17:18:29,461 DEBUG [EBManual_Application_JSSTTL-116710] Exiting from executeCommandLine function
2016-01-27 17:18:29,461 DEBUG [EBManual_Application_JSSTTL-116710] Given App is not in Foreground
2016-01-27 17:18:29,461 DEBUG [EBManual_Application_JSSTTL-116710] Exiting Validate_App_launched_Device function
2016-01-27 17:18:29,461 DEBUG [EBManual_Application_JSSTTL-116710] Not in com.symbol.enterprisebrowser screen
2016-01-27 17:18:29,461 DEBUG [EBManual_Application_JSSTTL-116710] Exiting validate_AppMinimized function
2016-01-27 17:18:29,461 DEBUG [EBManual_Application_JSSTTL-116710] Result of validate_AppMinimized: Pass
2016-01-27 17:18:29,461 DEBUG [EBManual_Application_JSSTTL-116710] In execute keyword function
2016-01-27 17:18:29,461 DEBUG [EBManual_Application_JSSTTL-116710] TestStepResult of : Function <> not found in the keyword class
2016-01-27 17:18:29,461 DEBUG [EBManual_Application_JSSTTL-116710] allstep_result contains: Function <> not found in the keyword classPasspasspasspassPassPassnull
2016-01-27 17:18:29,461 DEBUG [EBManual_Application_JSSTTL-116710] allexpected_result contains: nullPassnullPassnullpassnullpassnull
2016-01-27 17:18:29,461 DEBUG [EBManual_Application_JSSTTL-116710] Testcase_Result contains: nullPassnullPassnullpassnullpassnullFunction <> not found in the keyword classPasspasspasspassPassPassnull
2016-01-27 17:18:29,461 DEBUG [EBManual_Application_JSSTTL-116710] Test case with description Minimize and quit the application Pass
2016-01-27 17:18:29,476 DEBUG [EBManual_Application_JSSTTL-116710] Completed quitSelendroid function
2016-01-27 17:18:29,478 DEBUG [EBManual_Application_JSSTTL-116710] Row number:11
2016-01-27 17:18:29,564 DEBUG [EBManual_Application_JSSTTL-116710] Ending Test Case IDSTTL-116710
