2016-01-27 17:21:39,454 DEBUG [EBManual_Application_JSSTTL-116713] Executing Test Case ID: STTL-116713
2016-01-27 17:21:39,518 DEBUG [EBManual_Application_JSSTTL-116713] Executing Init_Selendroid function with APK as parameter and clear data value with 1
2016-01-27 17:21:50,390 DEBUG [EBManual_Application_JSSTTL-116713] Exiting Init_Selendroid function
2016-01-27 17:21:50,414 DEBUG [EBManual_Application_JSSTTL-116713] TestCase with Description "call a reserved menu item" Execution started
2016-01-27 17:21:50,414 DEBUG [EBManual_Application_JSSTTL-116713] In execute keyword function
2016-01-27 17:21:50,414 DEBUG [EBManual_Application_JSSTTL-116713] Executing wait function:
2016-01-27 17:21:50,414 DEBUG [EBManual_Application_JSSTTL-116713] Started Executing wait function
2016-01-27 17:21:55,414 DEBUG [EBManual_Application_JSSTTL-116713] Exiting from wait function
2016-01-27 17:21:55,414 DEBUG [EBManual_Application_JSSTTL-116713] TestStepResult of wait: Pass
2016-01-27 17:21:55,414 DEBUG [EBManual_Application_JSSTTL-116713] In execute keyword function
2016-01-27 17:21:55,414 DEBUG [EBManual_Application_JSSTTL-116713] Executing validate_PageTitle function:
2016-01-27 17:21:55,468 DEBUG [EBManual_Application_JSSTTL-116713] The title of the page is *********************************: Manual specs
2016-01-27 17:21:55,468 DEBUG [EBManual_Application_JSSTTL-116713] The page title found is correct
2016-01-27 17:21:55,468 DEBUG [EBManual_Application_JSSTTL-116713] Result of validate_PageTitle: pass
2016-01-27 17:21:55,468 DEBUG [EBManual_Application_JSSTTL-116713] In execute keyword function
2016-01-27 17:21:55,468 DEBUG [EBManual_Application_JSSTTL-116713] Executing link_Click function:
2016-01-27 17:21:55,986 DEBUG [EBManual_Application_JSSTTL-116713] Executing Click function
2016-01-27 17:21:57,023 DEBUG [EBManual_Application_JSSTTL-116713] Exiting Click function
2016-01-27 17:21:57,023 DEBUG [EBManual_Application_JSSTTL-116713] Application_test_link clicked successfully
2016-01-27 17:21:57,023 DEBUG [EBManual_Application_JSSTTL-116713] TestStepResult of link_Click: Pass
2016-01-27 17:21:57,024 DEBUG [EBManual_Application_JSSTTL-116713] In execute keyword function
2016-01-27 17:21:57,024 DEBUG [EBManual_Application_JSSTTL-116713] Executing wait function:
2016-01-27 17:21:57,024 DEBUG [EBManual_Application_JSSTTL-116713] Started Executing wait function
2016-01-27 17:22:02,025 DEBUG [EBManual_Application_JSSTTL-116713] Exiting from wait function
2016-01-27 17:22:02,025 DEBUG [EBManual_Application_JSSTTL-116713] TestStepResult of wait: Pass
2016-01-27 17:22:02,025 DEBUG [EBManual_Application_JSSTTL-116713] In execute keyword function
2016-01-27 17:22:02,025 DEBUG [EBManual_Application_JSSTTL-116713] Executing validate_PageTitle function:
2016-01-27 17:22:02,074 DEBUG [EBManual_Application_JSSTTL-116713] The title of the page is *********************************: Application JS Test
2016-01-27 17:22:02,074 DEBUG [EBManual_Application_JSSTTL-116713] The page title found is correct
2016-01-27 17:22:02,074 DEBUG [EBManual_Application_JSSTTL-116713] Result of validate_PageTitle: pass
2016-01-27 17:22:02,074 DEBUG [EBManual_Application_JSSTTL-116713] In execute keyword function
2016-01-27 17:22:02,074 DEBUG [EBManual_Application_JSSTTL-116713] Executing SelectTestToRun function:
2016-01-27 17:22:06,356 DEBUG [EBManual_Application_JSSTTL-116713] Successfull in selecting clicking the category
2016-01-27 17:22:06,356 DEBUG [EBManual_Application_JSSTTL-116713] TestStepResult of SelectTestToRun: pass
2016-01-27 17:22:06,356 DEBUG [EBManual_Application_JSSTTL-116713] In execute keyword function
2016-01-27 17:22:06,357 DEBUG [EBManual_Application_JSSTTL-116713] Executing ClickRunTest function:
2016-01-27 17:22:06,801 DEBUG [EBManual_Application_JSSTTL-116713] Executing Click function
2016-01-27 17:22:07,735 DEBUG [EBManual_Application_JSSTTL-116713] Exiting Click function
2016-01-27 17:22:07,735 DEBUG [EBManual_Application_JSSTTL-116713] runtest_top_xpath Button clicked Successfully
2016-01-27 17:22:07,735 DEBUG [EBManual_Application_JSSTTL-116713] TestStepResult of ClickRunTest: pass
2016-01-27 17:22:07,736 DEBUG [EBManual_Application_JSSTTL-116713] In execute keyword function
2016-01-27 17:22:07,736 DEBUG [EBManual_Application_JSSTTL-116713] Executing wait function:
2016-01-27 17:22:07,736 DEBUG [EBManual_Application_JSSTTL-116713] Started Executing wait function
2016-01-27 17:22:12,737 DEBUG [EBManual_Application_JSSTTL-116713] Exiting from wait function
2016-01-27 17:22:12,737 DEBUG [EBManual_Application_JSSTTL-116713] TestStepResult of wait: Pass
2016-01-27 17:22:12,737 DEBUG [EBManual_Application_JSSTTL-116713] In execute keyword function
2016-01-27 17:22:12,737 DEBUG [EBManual_Application_JSSTTL-116713] Executing validate_Text_Exists function:
2016-01-27 17:22:13,031 DEBUG [EBManual_Application_JSSTTL-116713] VT281-0074 Testcase Text found
2016-01-27 17:22:13,031 DEBUG [EBManual_Application_JSSTTL-116713] Result of validate_Text_Exists: Pass
2016-01-27 17:22:13,031 DEBUG [EBManual_Application_JSSTTL-116713] In execute keyword function
2016-01-27 17:22:13,031 DEBUG [EBManual_Application_JSSTTL-116713] Executing ClickRunTest function:
2016-01-27 17:22:13,337 DEBUG [EBManual_Application_JSSTTL-116713] Executing Click function
2016-01-27 17:22:14,460 DEBUG [EBManual_Application_JSSTTL-116713] Exiting Click function
2016-01-27 17:22:14,460 DEBUG [EBManual_Application_JSSTTL-116713] runtest_bottom_xpath Button clicked Successfully
2016-01-27 17:22:14,460 DEBUG [EBManual_Application_JSSTTL-116713] TestStepResult of ClickRunTest: pass
2016-01-27 17:22:14,460 DEBUG [EBManual_Application_JSSTTL-116713] In execute keyword function
2016-01-27 17:22:14,460 DEBUG [EBManual_Application_JSSTTL-116713] Executing wait function:
2016-01-27 17:22:14,460 DEBUG [EBManual_Application_JSSTTL-116713] Started Executing wait function
2016-01-27 17:22:16,460 DEBUG [EBManual_Application_JSSTTL-116713] Exiting from wait function
2016-01-27 17:22:16,460 DEBUG [EBManual_Application_JSSTTL-116713] TestStepResult of wait: Pass
2016-01-27 17:22:16,460 DEBUG [EBManual_Application_JSSTTL-116713] In execute keyword function
2016-01-27 17:22:16,460 DEBUG [EBManual_Application_JSSTTL-116713] Executing press_Menu function:
2016-01-27 17:22:16,460 DEBUG [EBManual_Application_JSSTTL-116713] Entered press_Menu function
2016-01-27 17:22:16,460 DEBUG [EBManual_Application_JSSTTL-116713] Started executeCommandLine function
2016-01-27 17:22:20,481 DEBUG [EBManual_Application_JSSTTL-116713] Menu Clicked
2016-01-27 17:22:20,481 DEBUG [EBManual_Application_JSSTTL-116713] Exiting from press_Menu function
2016-01-27 17:22:20,481 DEBUG [EBManual_Application_JSSTTL-116713] TestStepResult of press_Menu: Pass
2016-01-27 17:22:20,481 DEBUG [EBManual_Application_JSSTTL-116713] In execute keyword function
2016-01-27 17:22:20,481 DEBUG [EBManual_Application_JSSTTL-116713] Executing wait function:
2016-01-27 17:22:20,481 DEBUG [EBManual_Application_JSSTTL-116713] Started Executing wait function
2016-01-27 17:22:22,481 DEBUG [EBManual_Application_JSSTTL-116713] Exiting from wait function
2016-01-27 17:22:22,481 DEBUG [EBManual_Application_JSSTTL-116713] TestStepResult of wait: Pass
2016-01-27 17:22:22,481 DEBUG [EBManual_Application_JSSTTL-116713] In execute keyword function
2016-01-27 17:22:22,481 DEBUG [EBManual_Application_JSSTTL-116713] Executing ClickUITextView function:
2016-01-27 17:22:22,481 DEBUG [EBManual_Application_JSSTTL-116713] Entered ClickUITextView function
2016-01-27 17:22:22,533 DEBUG [EBManual_Application_JSSTTL-116713] Started executeCommandLine function
2016-01-27 17:22:26,553 DEBUG [EBManual_Application_JSSTTL-116713] Started executeCommandLine function
2016-01-27 17:22:30,574 DEBUG [EBManual_Application_JSSTTL-116713] Exiting ClickUITextView function
2016-01-27 17:22:30,574 DEBUG [EBManual_Application_JSSTTL-116713] TestStepResult of ClickUITextView: Pass
2016-01-27 17:22:30,574 DEBUG [EBManual_Application_JSSTTL-116713] In execute keyword function
2016-01-27 17:22:30,574 DEBUG [EBManual_Application_JSSTTL-116713] Executing wait function:
2016-01-27 17:22:30,574 DEBUG [EBManual_Application_JSSTTL-116713] Started Executing wait function
2016-01-27 17:22:32,574 DEBUG [EBManual_Application_JSSTTL-116713] Exiting from wait function
2016-01-27 17:22:32,574 DEBUG [EBManual_Application_JSSTTL-116713] TestStepResult of wait: Pass
2016-01-27 17:22:32,574 DEBUG [EBManual_Application_JSSTTL-116713] In execute keyword function
2016-01-27 17:22:32,574 DEBUG [EBManual_Application_JSSTTL-116713] Executing validate_Page function:
2016-01-27 17:22:32,574 DEBUG [EBManual_Application_JSSTTL-116713] Entered validate_Page function
2016-01-27 17:22:32,875 DEBUG [EBManual_Application_JSSTTL-116713] Loading Testcase Text found
2016-01-27 17:22:32,875 DEBUG [EBManual_Application_JSSTTL-116713] Exiting from validate_Page function
2016-01-27 17:22:32,875 DEBUG [EBManual_Application_JSSTTL-116713] Result of validate_Page: Pass
2016-01-27 17:22:32,875 DEBUG [EBManual_Application_JSSTTL-116713] In execute keyword function
2016-01-27 17:22:32,875 DEBUG [EBManual_Application_JSSTTL-116713] TestStepResult of : Function <> not found in the keyword class
2016-01-27 17:22:32,875 DEBUG [EBManual_Application_JSSTTL-116713] allstep_result contains: Function <> not found in the keyword classPassPassPassPassPasspassPasspasspassPassPassPassnull
2016-01-27 17:22:32,875 DEBUG [EBManual_Application_JSSTTL-116713] allexpected_result contains: nullPassnullPassnullpassnullpassnull
2016-01-27 17:22:32,875 DEBUG [EBManual_Application_JSSTTL-116713] Testcase_Result contains: nullPassnullPassnullpassnullpassnullFunction <> not found in the keyword classPassPassPassPassPasspassPasspasspassPassPassPassnull
2016-01-27 17:22:32,875 DEBUG [EBManual_Application_JSSTTL-116713] Test case with description call a reserved menu item Pass
2016-01-27 17:22:33,861 DEBUG [EBManual_Application_JSSTTL-116713] Executing browser_Quit function
2016-01-27 17:22:33,861 DEBUG [EBManual_Application_JSSTTL-116713] Completed browser_Quit function
2016-01-27 17:22:33,861 DEBUG [EBManual_Application_JSSTTL-116713] Completed quitSelendroid function
2016-01-27 17:22:33,862 DEBUG [EBManual_Application_JSSTTL-116713] Row number:14
2016-01-27 17:22:33,931 DEBUG [EBManual_Application_JSSTTL-116713] Ending Test Case IDSTTL-116713
