2016-01-27 17:11:50,164 DEBUG [EBManual_Application_JSSTTL-116701] Executing Test Case ID: STTL-116701
2016-01-27 17:12:25,380 DEBUG [EBManual_Application_JSSTTL-116701] Executing Init_Selendroid function with APK as parameter and clear data value with 1
2016-01-27 17:12:37,423 DEBUG [EBManual_Application_JSSTTL-116701] Exiting Init_Selendroid function
2016-01-27 17:12:37,551 DEBUG [EBManual_Application_JSSTTL-116701] TestCase with Description "Change Start page" Execution started
2016-01-27 17:12:37,551 DEBUG [EBManual_Application_JSSTTL-116701] In execute keyword function
2016-01-27 17:12:37,553 DEBUG [EBManual_Application_JSSTTL-116701] Executing wait function:
2016-01-27 17:12:37,553 DEBUG [EBManual_Application_JSSTTL-116701] Started Executing wait function
2016-01-27 17:12:40,554 DEBUG [EBManual_Application_JSSTTL-116701] Exiting from wait function
2016-01-27 17:12:40,554 DEBUG [EBManual_Application_JSSTTL-116701] TestStepResult of wait: Pass
2016-01-27 17:12:40,554 DEBUG [EBManual_Application_JSSTTL-116701] In execute keyword function
2016-01-27 17:12:40,554 DEBUG [EBManual_Application_JSSTTL-116701] Executing PullConfigxml function:
2016-01-27 17:12:40,555 DEBUG [EBManual_Application_JSSTTL-116701] Started executeCommandLine function
2016-01-27 17:12:44,575 DEBUG [EBManual_Application_JSSTTL-116701] TestStepResult of PullConfigxml: Pass
2016-01-27 17:12:44,575 DEBUG [EBManual_Application_JSSTTL-116701] In execute keyword function
2016-01-27 17:12:44,575 DEBUG [EBManual_Application_JSSTTL-116701] Executing PullBkpConfigxml function:
2016-01-27 17:12:44,576 DEBUG [EBManual_Application_JSSTTL-116701] Started executeCommandLine function
2016-01-27 17:12:48,596 DEBUG [EBManual_Application_JSSTTL-116701] TestStepResult of PullBkpConfigxml: Pass
2016-01-27 17:12:48,596 DEBUG [EBManual_Application_JSSTTL-116701] In execute keyword function
2016-01-27 17:12:48,596 DEBUG [EBManual_Application_JSSTTL-116701] Executing ChangeConfigxml function:
2016-01-27 17:12:48,596 DEBUG [EBManual_Application_JSSTTL-116701] Executing ChangeConfigxml function
2016-01-27 17:12:48,602 DEBUG [EBManual_Application_JSSTTL-116701] TestStepResult of ChangeConfigxml: Pass
2016-01-27 17:12:48,603 DEBUG [EBManual_Application_JSSTTL-116701] In execute keyword function
2016-01-27 17:12:48,603 DEBUG [EBManual_Application_JSSTTL-116701] Executing ChangeConfigxml function:
2016-01-27 17:12:48,603 DEBUG [EBManual_Application_JSSTTL-116701] Executing ChangeConfigxml function
2016-01-27 17:12:48,608 DEBUG [EBManual_Application_JSSTTL-116701] TestStepResult of ChangeConfigxml: Pass
2016-01-27 17:12:48,608 DEBUG [EBManual_Application_JSSTTL-116701] In execute keyword function
2016-01-27 17:12:48,608 DEBUG [EBManual_Application_JSSTTL-116701] Executing ChangeConfigxml function:
2016-01-27 17:12:48,608 DEBUG [EBManual_Application_JSSTTL-116701] Executing ChangeConfigxml function
2016-01-27 17:12:48,619 DEBUG [EBManual_Application_JSSTTL-116701] TestStepResult of ChangeConfigxml: Pass
2016-01-27 17:12:48,619 DEBUG [EBManual_Application_JSSTTL-116701] In execute keyword function
2016-01-27 17:12:48,619 DEBUG [EBManual_Application_JSSTTL-116701] Executing PushConfigxml function:
2016-01-27 17:12:48,619 DEBUG [EBManual_Application_JSSTTL-116701] Started executeCommandLine function
2016-01-27 17:12:52,643 DEBUG [EBManual_Application_JSSTTL-116701] TestStepResult of PushConfigxml: Pass
2016-01-27 17:12:52,643 DEBUG [EBManual_Application_JSSTTL-116701] allstep_result contains: PassPassPassPassPassPassPassnull
2016-01-27 17:12:52,644 DEBUG [EBManual_Application_JSSTTL-116701] allexpected_result contains: null
2016-01-27 17:12:52,644 DEBUG [EBManual_Application_JSSTTL-116701] Testcase_Result contains: nullPassPassPassPassPassPassPassnull
2016-01-27 17:12:52,644 DEBUG [EBManual_Application_JSSTTL-116701] Test case with description Change Start page Pass
2016-01-27 17:12:53,714 DEBUG [EBManual_Application_JSSTTL-116701] Executing browser_Quit function
2016-01-27 17:12:53,714 DEBUG [EBManual_Application_JSSTTL-116701] Completed browser_Quit function
2016-01-27 17:12:53,714 DEBUG [EBManual_Application_JSSTTL-116701] Completed quitSelendroid function
2016-01-27 17:12:53,719 DEBUG [EBManual_Application_JSSTTL-116701] Row number:2
2016-01-27 17:12:54,077 DEBUG [EBManual_Application_JSSTTL-116701] Ending Test Case IDSTTL-116701
