2016-01-27 17:17:17,493 DEBUG [EBManual_Application_JSSTTL-116709] Executing Test Case ID: STTL-116709
2016-01-27 17:17:17,504 DEBUG [EBManual_Application_JSSTTL-116709] Executing Init_Selendroid function with APK as parameter and clear data value with 1
2016-01-27 17:17:27,639 DEBUG [EBManual_Application_JSSTTL-116709] Exiting Init_Selendroid function
2016-01-27 17:17:27,670 DEBUG [EBManual_Application_JSSTTL-116709] TestCase with Description "Quit the application" Execution started
2016-01-27 17:17:27,670 DEBUG [EBManual_Application_JSSTTL-116709] In execute keyword function
2016-01-27 17:17:27,670 DEBUG [EBManual_Application_JSSTTL-116709] Executing wait function:
2016-01-27 17:17:27,670 DEBUG [EBManual_Application_JSSTTL-116709] Started Executing wait function
2016-01-27 17:17:30,671 DEBUG [EBManual_Application_JSSTTL-116709] Exiting from wait function
2016-01-27 17:17:30,671 DEBUG [EBManual_Application_JSSTTL-116709] TestStepResult of wait: Pass
2016-01-27 17:17:30,671 DEBUG [EBManual_Application_JSSTTL-116709] In execute keyword function
2016-01-27 17:17:30,671 DEBUG [EBManual_Application_JSSTTL-116709] Executing validate_PageTitle function:
2016-01-27 17:17:30,716 DEBUG [EBManual_Application_JSSTTL-116709] The title of the page is *********************************: Manual specs
2016-01-27 17:17:30,716 DEBUG [EBManual_Application_JSSTTL-116709] The page title found is correct
2016-01-27 17:17:30,716 DEBUG [EBManual_Application_JSSTTL-116709] Result of validate_PageTitle: pass
2016-01-27 17:17:30,716 DEBUG [EBManual_Application_JSSTTL-116709] In execute keyword function
2016-01-27 17:17:30,716 DEBUG [EBManual_Application_JSSTTL-116709] Executing link_Click function:
2016-01-27 17:17:31,193 DEBUG [EBManual_Application_JSSTTL-116709] Executing Click function
2016-01-27 17:17:32,225 DEBUG [EBManual_Application_JSSTTL-116709] Exiting Click function
2016-01-27 17:17:32,225 DEBUG [EBManual_Application_JSSTTL-116709] Application_test_link clicked successfully
2016-01-27 17:17:32,225 DEBUG [EBManual_Application_JSSTTL-116709] TestStepResult of link_Click: Pass
2016-01-27 17:17:32,225 DEBUG [EBManual_Application_JSSTTL-116709] In execute keyword function
2016-01-27 17:17:32,225 DEBUG [EBManual_Application_JSSTTL-116709] Executing validate_PageTitle function:
2016-01-27 17:17:32,256 DEBUG [EBManual_Application_JSSTTL-116709] The title of the page is *********************************: Application JS Test
2016-01-27 17:17:32,256 DEBUG [EBManual_Application_JSSTTL-116709] The page title found is correct
2016-01-27 17:17:32,256 DEBUG [EBManual_Application_JSSTTL-116709] Result of validate_PageTitle: pass
2016-01-27 17:17:32,256 DEBUG [EBManual_Application_JSSTTL-116709] In execute keyword function
2016-01-27 17:17:32,256 DEBUG [EBManual_Application_JSSTTL-116709] Executing SelectTestToRun function:
2016-01-27 17:17:35,909 DEBUG [EBManual_Application_JSSTTL-116709] Successfull in selecting clicking the category
2016-01-27 17:17:35,909 DEBUG [EBManual_Application_JSSTTL-116709] TestStepResult of SelectTestToRun: pass
2016-01-27 17:17:35,909 DEBUG [EBManual_Application_JSSTTL-116709] In execute keyword function
2016-01-27 17:17:35,910 DEBUG [EBManual_Application_JSSTTL-116709] Executing ClickRunTest function:
2016-01-27 17:17:36,253 DEBUG [EBManual_Application_JSSTTL-116709] Executing Click function
2016-01-27 17:17:37,205 DEBUG [EBManual_Application_JSSTTL-116709] Exiting Click function
2016-01-27 17:17:37,206 DEBUG [EBManual_Application_JSSTTL-116709] runtest_top_xpath Button clicked Successfully
2016-01-27 17:17:37,206 DEBUG [EBManual_Application_JSSTTL-116709] TestStepResult of ClickRunTest: pass
2016-01-27 17:17:37,206 DEBUG [EBManual_Application_JSSTTL-116709] In execute keyword function
2016-01-27 17:17:37,206 DEBUG [EBManual_Application_JSSTTL-116709] Executing validate_Text_Exists function:
2016-01-27 17:17:37,830 DEBUG [EBManual_Application_JSSTTL-116709] VT281-0031 Testcase Text found
2016-01-27 17:17:37,830 DEBUG [EBManual_Application_JSSTTL-116709] Result of validate_Text_Exists: Pass
2016-01-27 17:17:37,830 DEBUG [EBManual_Application_JSSTTL-116709] In execute keyword function
2016-01-27 17:17:37,830 DEBUG [EBManual_Application_JSSTTL-116709] Executing ClickRunTest function:
2016-01-27 17:17:38,124 DEBUG [EBManual_Application_JSSTTL-116709] Executing Click function
2016-01-27 17:17:39,153 DEBUG [EBManual_Application_JSSTTL-116709] Exiting Click function
2016-01-27 17:17:39,153 DEBUG [EBManual_Application_JSSTTL-116709] runtest_bottom_xpath Button clicked Successfully
2016-01-27 17:17:39,153 DEBUG [EBManual_Application_JSSTTL-116709] TestStepResult of ClickRunTest: pass
2016-01-27 17:17:39,153 DEBUG [EBManual_Application_JSSTTL-116709] In execute keyword function
2016-01-27 17:17:39,153 DEBUG [EBManual_Application_JSSTTL-116709] Executing wait function:
2016-01-27 17:17:39,153 DEBUG [EBManual_Application_JSSTTL-116709] Started Executing wait function
2016-01-27 17:17:41,154 DEBUG [EBManual_Application_JSSTTL-116709] Exiting from wait function
2016-01-27 17:17:41,154 DEBUG [EBManual_Application_JSSTTL-116709] TestStepResult of wait: Pass
2016-01-27 17:17:41,154 DEBUG [EBManual_Application_JSSTTL-116709] In execute keyword function
2016-01-27 17:17:41,154 DEBUG [EBManual_Application_JSSTTL-116709] Executing validate_AppMinimized function:
2016-01-27 17:17:41,154 DEBUG [EBManual_Application_JSSTTL-116709] Started Executing validate_AppMinimized function
2016-01-27 17:17:41,154 DEBUG [EBManual_Application_JSSTTL-116709] Started Executing Validate_App_launched_Device function
2016-01-27 17:17:41,154 DEBUG [EBManual_Application_JSSTTL-116709] Entered CheckUIButtonExists function
2016-01-27 17:17:41,154 DEBUG [EBManual_Application_JSSTTL-116709] Started executeCommandLine function
2016-01-27 17:17:45,174 DEBUG [EBManual_Application_JSSTTL-116709] Exiting from executeCommandLine function
2016-01-27 17:17:45,174 DEBUG [EBManual_Application_JSSTTL-116709] Button is not Present
2016-01-27 17:17:45,174 DEBUG [EBManual_Application_JSSTTL-116709] Exiting from CheckUIButtonExists function
2016-01-27 17:17:45,174 DEBUG [EBManual_Application_JSSTTL-116709] Started executeCommandLine function
2016-01-27 17:17:49,194 DEBUG [EBManual_Application_JSSTTL-116709] Exiting from executeCommandLine function
2016-01-27 17:17:49,194 DEBUG [EBManual_Application_JSSTTL-116709] Started executeCommandLine function
2016-01-27 17:17:53,214 DEBUG [EBManual_Application_JSSTTL-116709] Exiting from executeCommandLine function
2016-01-27 17:17:53,214 DEBUG [EBManual_Application_JSSTTL-116709] Given App is not in Foreground
2016-01-27 17:17:53,214 DEBUG [EBManual_Application_JSSTTL-116709] Exiting Validate_App_launched_Device function
2016-01-27 17:17:53,214 DEBUG [EBManual_Application_JSSTTL-116709] Not in com.symbol.enterprisebrowser screen
2016-01-27 17:17:53,214 DEBUG [EBManual_Application_JSSTTL-116709] Exiting validate_AppMinimized function
2016-01-27 17:17:53,214 DEBUG [EBManual_Application_JSSTTL-116709] Result of validate_AppMinimized: Pass
2016-01-27 17:17:53,214 DEBUG [EBManual_Application_JSSTTL-116709] In execute keyword function
2016-01-27 17:17:53,214 DEBUG [EBManual_Application_JSSTTL-116709] TestStepResult of : Function <> not found in the keyword class
2016-01-27 17:17:53,214 DEBUG [EBManual_Application_JSSTTL-116709] allstep_result contains: Function <> not found in the keyword classPasspasspasspassPassPassnull
2016-01-27 17:17:53,214 DEBUG [EBManual_Application_JSSTTL-116709] allexpected_result contains: nullPassnullPassnullpassnullpassnull
2016-01-27 17:17:53,214 DEBUG [EBManual_Application_JSSTTL-116709] Testcase_Result contains: nullPassnullPassnullpassnullpassnullFunction <> not found in the keyword classPasspasspasspassPassPassnull
2016-01-27 17:17:53,214 DEBUG [EBManual_Application_JSSTTL-116709] Test case with description Quit the application Pass
2016-01-27 17:17:53,230 DEBUG [EBManual_Application_JSSTTL-116709] Completed quitSelendroid function
2016-01-27 17:17:53,232 DEBUG [EBManual_Application_JSSTTL-116709] Row number:10
2016-01-27 17:17:53,334 DEBUG [EBManual_Application_JSSTTL-116709] Ending Test Case IDSTTL-116709
