2016-01-27 22:37:00,996 DEBUG [EBManual_Webview_JSSTTL-116702] Executing Test Case ID: STTL-116702
2016-01-27 22:37:01,003 DEBUG [EBManual_Webview_JSSTTL-116702] Executing Init_Selendroid function with APK as parameter and clear data value with 1
2016-01-27 22:37:10,851 DEBUG [EBManual_Webview_JSSTTL-116702] Exiting Init_Selendroid function
2016-01-27 22:37:10,866 DEBUG [EBManual_Webview_JSSTTL-116702] TestCase with Description "get activeTab as 1" Execution started
2016-01-27 22:37:10,866 DEBUG [EBManual_Webview_JSSTTL-116702] In execute keyword function
2016-01-27 22:37:10,866 DEBUG [EBManual_Webview_JSSTTL-116702] Executing wait function:
2016-01-27 22:37:10,866 DEBUG [EBManual_Webview_JSSTTL-116702] Started Executing wait function
2016-01-27 22:37:13,867 DEBUG [EBManual_Webview_JSSTTL-116702] Exiting from wait function
2016-01-27 22:37:13,867 DEBUG [EBManual_Webview_JSSTTL-116702] TestStepResult of wait: Pass
2016-01-27 22:37:13,867 DEBUG [EBManual_Webview_JSSTTL-116702] In execute keyword function
2016-01-27 22:37:13,867 DEBUG [EBManual_Webview_JSSTTL-116702] Executing validate_PageTitle function:
2016-01-27 22:37:13,907 DEBUG [EBManual_Webview_JSSTTL-116702] The title of the page is *********************************: Manual specs
2016-01-27 22:37:13,907 DEBUG [EBManual_Webview_JSSTTL-116702] The page title found is correct
2016-01-27 22:37:13,907 DEBUG [EBManual_Webview_JSSTTL-116702] Result of validate_PageTitle: pass
2016-01-27 22:37:13,907 DEBUG [EBManual_Webview_JSSTTL-116702] In execute keyword function
2016-01-27 22:37:13,907 DEBUG [EBManual_Webview_JSSTTL-116702] Executing link_Click function:
2016-01-27 22:37:14,635 DEBUG [EBManual_Webview_JSSTTL-116702] Executing Click function
2016-01-27 22:37:16,038 DEBUG [EBManual_Webview_JSSTTL-116702] Exiting Click function
2016-01-27 22:37:16,038 DEBUG [EBManual_Webview_JSSTTL-116702] webview_test_link clicked successfully
2016-01-27 22:37:16,038 DEBUG [EBManual_Webview_JSSTTL-116702] TestStepResult of link_Click: Pass
2016-01-27 22:37:16,038 DEBUG [EBManual_Webview_JSSTTL-116702] In execute keyword function
2016-01-27 22:37:16,038 DEBUG [EBManual_Webview_JSSTTL-116702] Executing validate_PageTitle function:
2016-01-27 22:37:16,053 DEBUG [EBManual_Webview_JSSTTL-116702] The title of the page is *********************************: Webview JS Test
2016-01-27 22:37:16,054 DEBUG [EBManual_Webview_JSSTTL-116702] The page title found is correct
2016-01-27 22:37:16,054 DEBUG [EBManual_Webview_JSSTTL-116702] Result of validate_PageTitle: pass
2016-01-27 22:37:16,054 DEBUG [EBManual_Webview_JSSTTL-116702] In execute keyword function
2016-01-27 22:37:16,054 DEBUG [EBManual_Webview_JSSTTL-116702] Executing SelectTestToRun function:
2016-01-27 22:37:19,030 DEBUG [EBManual_Webview_JSSTTL-116702] Successfull in selecting clicking the category
2016-01-27 22:37:19,030 DEBUG [EBManual_Webview_JSSTTL-116702] TestStepResult of SelectTestToRun: pass
2016-01-27 22:37:19,030 DEBUG [EBManual_Webview_JSSTTL-116702] In execute keyword function
2016-01-27 22:37:19,030 DEBUG [EBManual_Webview_JSSTTL-116702] Executing ClickRunTest function:
2016-01-27 22:37:19,357 DEBUG [EBManual_Webview_JSSTTL-116702] Executing Click function
2016-01-27 22:37:20,330 DEBUG [EBManual_Webview_JSSTTL-116702] Exiting Click function
2016-01-27 22:37:20,330 DEBUG [EBManual_Webview_JSSTTL-116702] runtest_top_xpath Button clicked Successfully
2016-01-27 22:37:20,330 DEBUG [EBManual_Webview_JSSTTL-116702] TestStepResult of ClickRunTest: pass
2016-01-27 22:37:20,330 DEBUG [EBManual_Webview_JSSTTL-116702] In execute keyword function
2016-01-27 22:37:20,330 DEBUG [EBManual_Webview_JSSTTL-116702] Executing validate_Text_Exists function:
2016-01-27 22:37:20,726 DEBUG [EBManual_Webview_JSSTTL-116702] VT301-0003 Testcase Text found
2016-01-27 22:37:20,726 DEBUG [EBManual_Webview_JSSTTL-116702] Result of validate_Text_Exists: Pass
2016-01-27 22:37:20,726 DEBUG [EBManual_Webview_JSSTTL-116702] In execute keyword function
2016-01-27 22:37:20,726 DEBUG [EBManual_Webview_JSSTTL-116702] Executing ClickRunTest function:
2016-01-27 22:37:21,036 DEBUG [EBManual_Webview_JSSTTL-116702] Executing Click function
2016-01-27 22:37:21,940 DEBUG [EBManual_Webview_JSSTTL-116702] Exiting Click function
2016-01-27 22:37:21,940 DEBUG [EBManual_Webview_JSSTTL-116702] runtest_bottom_xpath Button clicked Successfully
2016-01-27 22:37:21,940 DEBUG [EBManual_Webview_JSSTTL-116702] TestStepResult of ClickRunTest: pass
2016-01-27 22:37:21,940 DEBUG [EBManual_Webview_JSSTTL-116702] In execute keyword function
2016-01-27 22:37:21,940 DEBUG [EBManual_Webview_JSSTTL-116702] Executing wait function:
2016-01-27 22:37:21,940 DEBUG [EBManual_Webview_JSSTTL-116702] Started Executing wait function
2016-01-27 22:37:24,940 DEBUG [EBManual_Webview_JSSTTL-116702] Exiting from wait function
2016-01-27 22:37:24,940 DEBUG [EBManual_Webview_JSSTTL-116702] TestStepResult of wait: Pass
2016-01-27 22:37:24,940 DEBUG [EBManual_Webview_JSSTTL-116702] In execute keyword function
2016-01-27 22:37:24,940 DEBUG [EBManual_Webview_JSSTTL-116702] Executing SwitchApp function:
2016-01-27 22:37:25,030 DEBUG [EBManual_Webview_JSSTTL-116702] Successfully switched to NATIVE_APP
2016-01-27 22:37:25,030 DEBUG [EBManual_Webview_JSSTTL-116702] TestStepResult of SwitchApp: Pass
2016-01-27 22:37:25,030 DEBUG [EBManual_Webview_JSSTTL-116702] In execute keyword function
2016-01-27 22:37:25,030 DEBUG [EBManual_Webview_JSSTTL-116702] Executing wait function:
2016-01-27 22:37:25,030 DEBUG [EBManual_Webview_JSSTTL-116702] Started Executing wait function
2016-01-27 22:37:27,030 DEBUG [EBManual_Webview_JSSTTL-116702] Exiting from wait function
2016-01-27 22:37:27,030 DEBUG [EBManual_Webview_JSSTTL-116702] TestStepResult of wait: Pass
2016-01-27 22:37:27,030 DEBUG [EBManual_Webview_JSSTTL-116702] In execute keyword function
2016-01-27 22:37:27,030 DEBUG [EBManual_Webview_JSSTTL-116702] Executing ClickNativeIcon function:
2016-01-27 22:37:28,077 DEBUG [EBManual_Webview_JSSTTL-116702] [[AppiumTouchActionExtension: selendroid on ANDROID (fcbcbe4e-c912-8955-e600-7279ef5c1d1b)] -> xpath: //TextView[@id='title' and @value='Tab 1']]Clicked successfully
2016-01-27 22:37:28,077 DEBUG [EBManual_Webview_JSSTTL-116702] TestStepResult of ClickNativeIcon: pass
2016-01-27 22:37:28,077 DEBUG [EBManual_Webview_JSSTTL-116702] In execute keyword function
2016-01-27 22:37:28,077 DEBUG [EBManual_Webview_JSSTTL-116702] Executing wait function:
2016-01-27 22:37:28,077 DEBUG [EBManual_Webview_JSSTTL-116702] Started Executing wait function
2016-01-27 22:37:30,077 DEBUG [EBManual_Webview_JSSTTL-116702] Exiting from wait function
2016-01-27 22:37:30,077 DEBUG [EBManual_Webview_JSSTTL-116702] TestStepResult of wait: Pass
2016-01-27 22:37:30,077 DEBUG [EBManual_Webview_JSSTTL-116702] In execute keyword function
2016-01-27 22:37:30,077 DEBUG [EBManual_Webview_JSSTTL-116702] Executing ClickNativeIcon function:
2016-01-27 22:37:31,173 DEBUG [EBManual_Webview_JSSTTL-116702] [[AppiumTouchActionExtension: selendroid on ANDROID (fcbcbe4e-c912-8955-e600-7279ef5c1d1b)] -> xpath: //TextView[@id='title' and @value='Tab 0']]Clicked successfully
2016-01-27 22:37:31,173 DEBUG [EBManual_Webview_JSSTTL-116702] TestStepResult of ClickNativeIcon: pass
2016-01-27 22:37:31,173 DEBUG [EBManual_Webview_JSSTTL-116702] In execute keyword function
2016-01-27 22:37:31,173 DEBUG [EBManual_Webview_JSSTTL-116702] Executing wait function:
2016-01-27 22:37:31,173 DEBUG [EBManual_Webview_JSSTTL-116702] Started Executing wait function
2016-01-27 22:37:33,174 DEBUG [EBManual_Webview_JSSTTL-116702] Exiting from wait function
2016-01-27 22:37:33,174 DEBUG [EBManual_Webview_JSSTTL-116702] TestStepResult of wait: Pass
2016-01-27 22:37:33,174 DEBUG [EBManual_Webview_JSSTTL-116702] In execute keyword function
2016-01-27 22:37:33,174 DEBUG [EBManual_Webview_JSSTTL-116702] Executing SwitchApp function:
2016-01-27 22:37:33,309 DEBUG [EBManual_Webview_JSSTTL-116702] Successfully switched to WEBVIEW
2016-01-27 22:37:33,310 DEBUG [EBManual_Webview_JSSTTL-116702] TestStepResult of SwitchApp: Pass
2016-01-27 22:37:33,310 DEBUG [EBManual_Webview_JSSTTL-116702] In execute keyword function
2016-01-27 22:37:33,310 DEBUG [EBManual_Webview_JSSTTL-116702] Executing wait function:
2016-01-27 22:37:33,310 DEBUG [EBManual_Webview_JSSTTL-116702] Started Executing wait function
2016-01-27 22:37:35,310 DEBUG [EBManual_Webview_JSSTTL-116702] Exiting from wait function
2016-01-27 22:37:35,310 DEBUG [EBManual_Webview_JSSTTL-116702] TestStepResult of wait: Pass
2016-01-27 22:37:35,310 DEBUG [EBManual_Webview_JSSTTL-116702] In execute keyword function
2016-01-27 22:37:35,310 DEBUG [EBManual_Webview_JSSTTL-116702] Executing SelectTestToRun function:
2016-01-27 22:37:38,059 DEBUG [EBManual_Webview_JSSTTL-116702] Successfull in selecting clicking the category
2016-01-27 22:37:38,059 DEBUG [EBManual_Webview_JSSTTL-116702] TestStepResult of SelectTestToRun: pass
2016-01-27 22:37:38,060 DEBUG [EBManual_Webview_JSSTTL-116702] In execute keyword function
2016-01-27 22:37:38,060 DEBUG [EBManual_Webview_JSSTTL-116702] Executing ClickRunTest function:
2016-01-27 22:37:38,468 DEBUG [EBManual_Webview_JSSTTL-116702] Executing Click function
2016-01-27 22:37:39,558 DEBUG [EBManual_Webview_JSSTTL-116702] Exiting Click function
2016-01-27 22:37:39,558 DEBUG [EBManual_Webview_JSSTTL-116702] runtest_top_xpath Button clicked Successfully
2016-01-27 22:37:39,558 DEBUG [EBManual_Webview_JSSTTL-116702] TestStepResult of ClickRunTest: pass
2016-01-27 22:37:39,558 DEBUG [EBManual_Webview_JSSTTL-116702] In execute keyword function
2016-01-27 22:37:39,558 DEBUG [EBManual_Webview_JSSTTL-116702] Executing validate_Text_Exists function:
2016-01-27 22:37:40,206 DEBUG [EBManual_Webview_JSSTTL-116702] VT301-0004 Testcase Text found
2016-01-27 22:37:40,206 DEBUG [EBManual_Webview_JSSTTL-116702] Result of validate_Text_Exists: Pass
2016-01-27 22:37:40,206 DEBUG [EBManual_Webview_JSSTTL-116702] In execute keyword function
2016-01-27 22:37:40,206 DEBUG [EBManual_Webview_JSSTTL-116702] Executing ClickRunTest function:
2016-01-27 22:37:40,597 DEBUG [EBManual_Webview_JSSTTL-116702] Executing Click function
2016-01-27 22:37:41,717 DEBUG [EBManual_Webview_JSSTTL-116702] Exiting Click function
2016-01-27 22:37:41,717 DEBUG [EBManual_Webview_JSSTTL-116702] runtest_bottom_xpath Button clicked Successfully
2016-01-27 22:37:41,717 DEBUG [EBManual_Webview_JSSTTL-116702] TestStepResult of ClickRunTest: pass
2016-01-27 22:37:41,717 DEBUG [EBManual_Webview_JSSTTL-116702] In execute keyword function
2016-01-27 22:37:41,717 DEBUG [EBManual_Webview_JSSTTL-116702] Executing wait function:
2016-01-27 22:37:41,717 DEBUG [EBManual_Webview_JSSTTL-116702] Started Executing wait function
2016-01-27 22:37:46,717 DEBUG [EBManual_Webview_JSSTTL-116702] Exiting from wait function
2016-01-27 22:37:46,717 DEBUG [EBManual_Webview_JSSTTL-116702] TestStepResult of wait: Pass
2016-01-27 22:37:46,717 DEBUG [EBManual_Webview_JSSTTL-116702] In execute keyword function
2016-01-27 22:37:46,717 DEBUG [EBManual_Webview_JSSTTL-116702] Executing validate_Alert function:
2016-01-27 22:37:46,717 DEBUG [EBManual_Webview_JSSTTL-116702] Entered validate_Alert function
2016-01-27 22:37:46,761 DEBUG [EBManual_Webview_JSSTTL-116702] Alert found
2016-01-27 22:37:46,811 DEBUG [EBManual_Webview_JSSTTL-116702] Alert with correct Text found
2016-01-27 22:37:47,464 DEBUG [EBManual_Webview_JSSTTL-116702] Result of validate_Alert: Pass
2016-01-27 22:37:47,464 DEBUG [EBManual_Webview_JSSTTL-116702] In execute keyword function
2016-01-27 22:37:47,464 DEBUG [EBManual_Webview_JSSTTL-116702] TestStepResult of : Function <> not found in the keyword class
2016-01-27 22:37:47,464 DEBUG [EBManual_Webview_JSSTTL-116702] allstep_result contains: Function <> not found in the keyword classPasspasspasspassPassPassPasspassPasspassPassPassPasspasspasspassPassPassnull
2016-01-27 22:37:47,464 DEBUG [EBManual_Webview_JSSTTL-116702] allexpected_result contains: nullPassnullPassnullPassnullpassnullpassnull
2016-01-27 22:37:47,464 DEBUG [EBManual_Webview_JSSTTL-116702] Testcase_Result contains: nullPassnullPassnullPassnullpassnullpassnullFunction <> not found in the keyword classPasspasspasspassPassPassPasspassPasspassPassPassPasspasspasspassPassPassnull
2016-01-27 22:37:47,464 DEBUG [EBManual_Webview_JSSTTL-116702] Test case with description get activeTab as 1 Pass
2016-01-27 22:37:48,515 DEBUG [EBManual_Webview_JSSTTL-116702] Executing browser_Quit function
2016-01-27 22:37:48,515 DEBUG [EBManual_Webview_JSSTTL-116702] Completed browser_Quit function
2016-01-27 22:37:48,515 DEBUG [EBManual_Webview_JSSTTL-116702] Completed quitSelendroid function
2016-01-27 22:37:48,516 DEBUG [EBManual_Webview_JSSTTL-116702] Row number:3
2016-01-27 22:37:48,551 DEBUG [EBManual_Webview_JSSTTL-116702] Ending Test Case IDSTTL-116702
