2016-01-27 22:38:56,963 DEBUG [EBManual_Webview_JSSTTL-116705] Executing Test Case ID: STTL-116705
2016-01-27 22:38:56,969 DEBUG [EBManual_Webview_JSSTTL-116705] Executing Init_Selendroid function with APK as parameter and clear data value with 1
2016-01-27 22:39:07,298 DEBUG [EBManual_Webview_JSSTTL-116705] Exiting Init_Selendroid function
2016-01-27 22:39:07,314 DEBUG [EBManual_Webview_JSSTTL-116705] TestCase with Description "Do not set enableCache in Config.xml" Execution started
2016-01-27 22:39:07,314 DEBUG [EBManual_Webview_JSSTTL-116705] In execute keyword function
2016-01-27 22:39:07,314 DEBUG [EBManual_Webview_JSSTTL-116705] Executing wait function:
2016-01-27 22:39:07,314 DEBUG [EBManual_Webview_JSSTTL-116705] Started Executing wait function
2016-01-27 22:39:10,314 DEBUG [EBManual_Webview_JSSTTL-116705] Exiting from wait function
2016-01-27 22:39:10,314 DEBUG [EBManual_Webview_JSSTTL-116705] TestStepResult of wait: Pass
2016-01-27 22:39:10,314 DEBUG [EBManual_Webview_JSSTTL-116705] In execute keyword function
2016-01-27 22:39:10,314 DEBUG [EBManual_Webview_JSSTTL-116705] Executing validate_PageTitle function:
2016-01-27 22:39:10,353 DEBUG [EBManual_Webview_JSSTTL-116705] The title of the page is *********************************: Manual specs
2016-01-27 22:39:10,353 DEBUG [EBManual_Webview_JSSTTL-116705] The page title found is correct
2016-01-27 22:39:10,353 DEBUG [EBManual_Webview_JSSTTL-116705] Result of validate_PageTitle: pass
2016-01-27 22:39:10,354 DEBUG [EBManual_Webview_JSSTTL-116705] In execute keyword function
2016-01-27 22:39:10,354 DEBUG [EBManual_Webview_JSSTTL-116705] Executing link_Click function:
2016-01-27 22:39:11,158 DEBUG [EBManual_Webview_JSSTTL-116705] Executing Click function
2016-01-27 22:39:12,516 DEBUG [EBManual_Webview_JSSTTL-116705] Exiting Click function
2016-01-27 22:39:12,516 DEBUG [EBManual_Webview_JSSTTL-116705] webview_test_link clicked successfully
2016-01-27 22:39:12,516 DEBUG [EBManual_Webview_JSSTTL-116705] TestStepResult of link_Click: Pass
2016-01-27 22:39:12,516 DEBUG [EBManual_Webview_JSSTTL-116705] In execute keyword function
2016-01-27 22:39:12,516 DEBUG [EBManual_Webview_JSSTTL-116705] Executing validate_PageTitle function:
2016-01-27 22:39:12,536 DEBUG [EBManual_Webview_JSSTTL-116705] The title of the page is *********************************: Webview JS Test
2016-01-27 22:39:12,536 DEBUG [EBManual_Webview_JSSTTL-116705] The page title found is correct
2016-01-27 22:39:12,536 DEBUG [EBManual_Webview_JSSTTL-116705] Result of validate_PageTitle: pass
2016-01-27 22:39:12,536 DEBUG [EBManual_Webview_JSSTTL-116705] In execute keyword function
2016-01-27 22:39:12,537 DEBUG [EBManual_Webview_JSSTTL-116705] Executing SelectTestToRun function:
2016-01-27 22:39:15,876 DEBUG [EBManual_Webview_JSSTTL-116705] Successfull in selecting clicking the category
2016-01-27 22:39:15,876 DEBUG [EBManual_Webview_JSSTTL-116705] TestStepResult of SelectTestToRun: pass
2016-01-27 22:39:15,876 DEBUG [EBManual_Webview_JSSTTL-116705] In execute keyword function
2016-01-27 22:39:15,876 DEBUG [EBManual_Webview_JSSTTL-116705] Executing ClickRunTest function:
2016-01-27 22:39:16,240 DEBUG [EBManual_Webview_JSSTTL-116705] Executing Click function
2016-01-27 22:39:17,365 DEBUG [EBManual_Webview_JSSTTL-116705] Exiting Click function
2016-01-27 22:39:17,366 DEBUG [EBManual_Webview_JSSTTL-116705] runtest_top_xpath Button clicked Successfully
2016-01-27 22:39:17,366 DEBUG [EBManual_Webview_JSSTTL-116705] TestStepResult of ClickRunTest: pass
2016-01-27 22:39:17,366 DEBUG [EBManual_Webview_JSSTTL-116705] In execute keyword function
2016-01-27 22:39:17,366 DEBUG [EBManual_Webview_JSSTTL-116705] Executing validate_Text_Exists function:
2016-01-27 22:39:17,780 DEBUG [EBManual_Webview_JSSTTL-116705] VT301-0010 Testcase Text found
2016-01-27 22:39:17,780 DEBUG [EBManual_Webview_JSSTTL-116705] Result of validate_Text_Exists: Pass
2016-01-27 22:39:17,780 DEBUG [EBManual_Webview_JSSTTL-116705] In execute keyword function
2016-01-27 22:39:17,780 DEBUG [EBManual_Webview_JSSTTL-116705] Executing ClickRunTest function:
2016-01-27 22:39:18,112 DEBUG [EBManual_Webview_JSSTTL-116705] Executing Click function
2016-01-27 22:39:19,050 DEBUG [EBManual_Webview_JSSTTL-116705] Exiting Click function
2016-01-27 22:39:19,050 DEBUG [EBManual_Webview_JSSTTL-116705] runtest_bottom_xpath Button clicked Successfully
2016-01-27 22:39:19,050 DEBUG [EBManual_Webview_JSSTTL-116705] TestStepResult of ClickRunTest: pass
2016-01-27 22:39:19,050 DEBUG [EBManual_Webview_JSSTTL-116705] In execute keyword function
2016-01-27 22:39:19,050 DEBUG [EBManual_Webview_JSSTTL-116705] Executing validate_Result function:
2016-01-27 22:39:19,326 DEBUG [EBManual_Webview_JSSTTL-116705] true Text found in Result:
true
2016-01-27 22:39:19,326 DEBUG [EBManual_Webview_JSSTTL-116705] Result of validate_Result: Pass
2016-01-27 22:39:19,326 DEBUG [EBManual_Webview_JSSTTL-116705] allstep_result contains: passpasspassPassPassnull
2016-01-27 22:39:19,326 DEBUG [EBManual_Webview_JSSTTL-116705] allexpected_result contains: nullPassnullPassnullpassnullpassnull
2016-01-27 22:39:19,326 DEBUG [EBManual_Webview_JSSTTL-116705] Testcase_Result contains: nullPassnullPassnullpassnullpassnullpasspasspassPassPassnull
2016-01-27 22:39:19,326 DEBUG [EBManual_Webview_JSSTTL-116705] Test case with description Do not set enableCache in Config.xml Pass
2016-01-27 22:39:20,346 DEBUG [EBManual_Webview_JSSTTL-116705] Executing browser_Quit function
2016-01-27 22:39:20,346 DEBUG [EBManual_Webview_JSSTTL-116705] Completed browser_Quit function
2016-01-27 22:39:20,346 DEBUG [EBManual_Webview_JSSTTL-116705] Completed quitSelendroid function
2016-01-27 22:39:20,347 DEBUG [EBManual_Webview_JSSTTL-116705] Row number:6
2016-01-27 22:39:20,384 DEBUG [EBManual_Webview_JSSTTL-116705] Ending Test Case IDSTTL-116705
