2016-01-27 20:17:11,573 DEBUG [EBManual_OnDeviceConfig_JSSTTL-116706] Executing Test Case ID: STTL-116706
2016-01-27 20:17:11,581 DEBUG [EBManual_OnDeviceConfig_JSSTTL-116706] Executing Init_Selendroid function with APK as parameter and clear data value with 1
2016-01-27 20:17:21,393 DEBUG [EBManual_OnDeviceConfig_JSSTTL-116706] Exiting Init_Selendroid function
2016-01-27 20:17:21,411 DEBUG [EBManual_OnDeviceConfig_JSSTTL-116706] TestCase with Description "set local file path to start path tag in settings.html and click on set config button
" Execution started
2016-01-27 20:17:21,412 DEBUG [EBManual_OnDeviceConfig_JSSTTL-116706] In execute keyword function
2016-01-27 20:17:21,412 DEBUG [EBManual_OnDeviceConfig_JSSTTL-116706] Executing wait function:
2016-01-27 20:17:21,412 DEBUG [EBManual_OnDeviceConfig_JSSTTL-116706] Started Executing wait function
2016-01-27 20:17:24,412 DEBUG [EBManual_OnDeviceConfig_JSSTTL-116706] Exiting from wait function
2016-01-27 20:17:24,412 DEBUG [EBManual_OnDeviceConfig_JSSTTL-116706] TestStepResult of wait: Pass
2016-01-27 20:17:24,412 DEBUG [EBManual_OnDeviceConfig_JSSTTL-116706] In execute keyword function
2016-01-27 20:17:24,412 DEBUG [EBManual_OnDeviceConfig_JSSTTL-116706] Executing validate_PageTitle function:
2016-01-27 20:17:24,429 DEBUG [EBManual_OnDeviceConfig_JSSTTL-116706] The title of the page is *********************************: Welcome to Enterprise Browser
2016-01-27 20:17:24,429 DEBUG [EBManual_OnDeviceConfig_JSSTTL-116706] The page title found is correct
2016-01-27 20:17:24,429 DEBUG [EBManual_OnDeviceConfig_JSSTTL-116706] Result of validate_PageTitle: pass
2016-01-27 20:17:24,429 DEBUG [EBManual_OnDeviceConfig_JSSTTL-116706] In execute keyword function
2016-01-27 20:17:24,429 DEBUG [EBManual_OnDeviceConfig_JSSTTL-116706] Executing ClickNativeIcon function:
2016-01-27 20:17:25,734 DEBUG [EBManual_OnDeviceConfig_JSSTTL-116706] [[AppiumTouchActionExtension: selendroid on ANDROID (c36adc02-ec3f-17e4-a352-dab02c724277)] -> xpath: //*[@id="quitButton"]]Clicked successfully
2016-01-27 20:17:25,735 DEBUG [EBManual_OnDeviceConfig_JSSTTL-116706] TestStepResult of ClickNativeIcon: pass
2016-01-27 20:17:25,735 DEBUG [EBManual_OnDeviceConfig_JSSTTL-116706] In execute keyword function
2016-01-27 20:17:25,735 DEBUG [EBManual_OnDeviceConfig_JSSTTL-116706] Executing wait function:
2016-01-27 20:17:25,735 DEBUG [EBManual_OnDeviceConfig_JSSTTL-116706] Started Executing wait function
2016-01-27 20:17:27,735 DEBUG [EBManual_OnDeviceConfig_JSSTTL-116706] Exiting from wait function
2016-01-27 20:17:27,735 DEBUG [EBManual_OnDeviceConfig_JSSTTL-116706] TestStepResult of wait: Pass
2016-01-27 20:17:27,735 DEBUG [EBManual_OnDeviceConfig_JSSTTL-116706] In execute keyword function
2016-01-27 20:17:27,735 DEBUG [EBManual_OnDeviceConfig_JSSTTL-116706] Executing validate_PageTitle function:
2016-01-27 20:17:27,811 DEBUG [EBManual_OnDeviceConfig_JSSTTL-116706] The title of the page is *********************************: Welcome to Enterprise Browser
2016-01-27 20:17:27,811 DEBUG [EBManual_OnDeviceConfig_JSSTTL-116706] The page title found is incorrect
2016-01-27 20:17:27,811 DEBUG [EBManual_OnDeviceConfig_JSSTTL-116706] Result of validate_PageTitle: fail
2016-01-27 20:17:27,811 DEBUG [EBManual_OnDeviceConfig_JSSTTL-116706] In execute keyword function
2016-01-27 20:17:27,811 DEBUG [EBManual_OnDeviceConfig_JSSTTL-116706] Executing TypeinAddressbar function:
2016-01-27 20:17:27,811 DEBUG [EBManual_OnDeviceConfig_JSSTTL-116706] Executing SendData function
2016-01-27 20:18:17,985 DEBUG [EBManual_OnDeviceConfig_JSSTTL-116706] Error: Unable to Find element :setting_startpath_xpath
2016-01-27 20:18:17,985 DEBUG [EBManual_OnDeviceConfig_JSSTTL-116706] 
2016-01-27 20:18:19,034 DEBUG [EBManual_OnDeviceConfig_JSSTTL-116706] Executing browser_Quit function
2016-01-27 20:18:19,034 DEBUG [EBManual_OnDeviceConfig_JSSTTL-116706] Completed browser_Quit function
2016-01-27 20:18:19,034 DEBUG [EBManual_OnDeviceConfig_JSSTTL-116706] Completed quitSelendroid function
2016-01-27 20:18:19,036 DEBUG [EBManual_OnDeviceConfig_JSSTTL-116706] Row number:0
