2016-01-27 20:25:48,660 DEBUG [EBManual_OnDeviceConfig_JSSTTL-116717] Executing Test Case ID: STTL-116717
2016-01-27 20:25:48,668 DEBUG [EBManual_OnDeviceConfig_JSSTTL-116717] Executing Init_Selendroid function with APK as parameter and clear data value with 1
2016-01-27 20:25:58,433 DEBUG [EBManual_OnDeviceConfig_JSSTTL-116717] Exiting Init_Selendroid function
2016-01-27 20:25:58,452 DEBUG [EBManual_OnDeviceConfig_JSSTTL-116717] TestCase with Description "validate SettingsButton is enabled" Execution started
2016-01-27 20:25:58,452 DEBUG [EBManual_OnDeviceConfig_JSSTTL-116717] In execute keyword function
2016-01-27 20:25:58,452 DEBUG [EBManual_OnDeviceConfig_JSSTTL-116717] Executing wait function:
2016-01-27 20:25:58,452 DEBUG [EBManual_OnDeviceConfig_JSSTTL-116717] Started Executing wait function
2016-01-27 20:26:00,452 DEBUG [EBManual_OnDeviceConfig_JSSTTL-116717] Exiting from wait function
2016-01-27 20:26:00,452 DEBUG [EBManual_OnDeviceConfig_JSSTTL-116717] TestStepResult of wait: Pass
2016-01-27 20:26:00,452 DEBUG [EBManual_OnDeviceConfig_JSSTTL-116717] In execute keyword function
2016-01-27 20:26:00,452 DEBUG [EBManual_OnDeviceConfig_JSSTTL-116717] Executing SwitchApp function:
2016-01-27 20:26:00,546 DEBUG [EBManual_OnDeviceConfig_JSSTTL-116717] Successfully switched to NATIVE_APP
2016-01-27 20:26:00,546 DEBUG [EBManual_OnDeviceConfig_JSSTTL-116717] TestStepResult of SwitchApp: Pass
2016-01-27 20:26:00,546 DEBUG [EBManual_OnDeviceConfig_JSSTTL-116717] In execute keyword function
2016-01-27 20:26:00,546 DEBUG [EBManual_OnDeviceConfig_JSSTTL-116717] Executing wait function:
2016-01-27 20:26:00,546 DEBUG [EBManual_OnDeviceConfig_JSSTTL-116717] Started Executing wait function
2016-01-27 20:26:02,547 DEBUG [EBManual_OnDeviceConfig_JSSTTL-116717] Exiting from wait function
2016-01-27 20:26:02,547 DEBUG [EBManual_OnDeviceConfig_JSSTTL-116717] TestStepResult of wait: Pass
2016-01-27 20:26:02,547 DEBUG [EBManual_OnDeviceConfig_JSSTTL-116717] In execute keyword function
2016-01-27 20:26:02,547 DEBUG [EBManual_OnDeviceConfig_JSSTTL-116717] Executing validate_isIconDisplayed function:
2016-01-27 20:26:02,547 DEBUG [EBManual_OnDeviceConfig_JSSTTL-116717] Entered validate_isIconDisplayed function
2016-01-27 20:26:03,235 DEBUG [EBManual_OnDeviceConfig_JSSTTL-116717] SettingsButton_xpath Testcase Text not found
2016-01-27 20:26:03,235 DEBUG [EBManual_OnDeviceConfig_JSSTTL-116717] Exiting from validate_Iconposition function
2016-01-27 20:26:03,235 DEBUG [EBManual_OnDeviceConfig_JSSTTL-116717] Result of validate_isIconDisplayed: Fail
2016-01-27 20:26:03,235 DEBUG [EBManual_OnDeviceConfig_JSSTTL-116717] allstep_result contains: PassPassPassnull
2016-01-27 20:26:03,235 DEBUG [EBManual_OnDeviceConfig_JSSTTL-116717] allexpected_result contains: nullFailnull
2016-01-27 20:26:03,235 DEBUG [EBManual_OnDeviceConfig_JSSTTL-116717] Testcase_Result contains: nullFailnullPassPassPassnull
2016-01-27 20:26:03,235 DEBUG [EBManual_OnDeviceConfig_JSSTTL-116717] Test case with description validate SettingsButton is enabled Fail
2016-01-27 20:26:04,265 DEBUG [EBManual_OnDeviceConfig_JSSTTL-116717] Executing browser_Quit function
2016-01-27 20:26:04,265 DEBUG [EBManual_OnDeviceConfig_JSSTTL-116717] Completed browser_Quit function
2016-01-27 20:26:04,265 DEBUG [EBManual_OnDeviceConfig_JSSTTL-116717] Completed quitSelendroid function
2016-01-27 20:26:04,266 DEBUG [EBManual_OnDeviceConfig_JSSTTL-116717] Row number:18
