2016-01-27 20:20:12,092 DEBUG [EBManual_OnDeviceConfig_JSSTTL-116710] Executing Test Case ID: STTL-116710
2016-01-27 20:20:12,100 DEBUG [EBManual_OnDeviceConfig_JSSTTL-116710] Executing Init_Selendroid function with APK as parameter and clear data value with 1
2016-01-27 20:20:21,816 DEBUG [EBManual_OnDeviceConfig_JSSTTL-116710] Exiting Init_Selendroid function
2016-01-27 20:20:21,834 DEBUG [EBManual_OnDeviceConfig_JSSTTL-116710] TestCase with Description "validate setting ICON present in the badlink page" Execution started
2016-01-27 20:20:21,834 DEBUG [EBManual_OnDeviceConfig_JSSTTL-116710] In execute keyword function
2016-01-27 20:20:21,835 DEBUG [EBManual_OnDeviceConfig_JSSTTL-116710] Executing wait function:
2016-01-27 20:20:21,835 DEBUG [EBManual_OnDeviceConfig_JSSTTL-116710] Started Executing wait function
2016-01-27 20:20:23,835 DEBUG [EBManual_OnDeviceConfig_JSSTTL-116710] Exiting from wait function
2016-01-27 20:20:23,835 DEBUG [EBManual_OnDeviceConfig_JSSTTL-116710] TestStepResult of wait: Pass
2016-01-27 20:20:23,835 DEBUG [EBManual_OnDeviceConfig_JSSTTL-116710] In execute keyword function
2016-01-27 20:20:23,835 DEBUG [EBManual_OnDeviceConfig_JSSTTL-116710] Executing SwitchApp function:
2016-01-27 20:20:23,924 DEBUG [EBManual_OnDeviceConfig_JSSTTL-116710] Successfully switched to NATIVE_APP
2016-01-27 20:20:23,924 DEBUG [EBManual_OnDeviceConfig_JSSTTL-116710] TestStepResult of SwitchApp: Pass
2016-01-27 20:20:23,924 DEBUG [EBManual_OnDeviceConfig_JSSTTL-116710] In execute keyword function
2016-01-27 20:20:23,924 DEBUG [EBManual_OnDeviceConfig_JSSTTL-116710] Executing wait function:
2016-01-27 20:20:23,924 DEBUG [EBManual_OnDeviceConfig_JSSTTL-116710] Started Executing wait function
2016-01-27 20:20:25,924 DEBUG [EBManual_OnDeviceConfig_JSSTTL-116710] Exiting from wait function
2016-01-27 20:20:25,924 DEBUG [EBManual_OnDeviceConfig_JSSTTL-116710] TestStepResult of wait: Pass
2016-01-27 20:20:25,924 DEBUG [EBManual_OnDeviceConfig_JSSTTL-116710] In execute keyword function
2016-01-27 20:20:25,924 DEBUG [EBManual_OnDeviceConfig_JSSTTL-116710] Executing validate_isIconDisplayed function:
2016-01-27 20:20:25,925 DEBUG [EBManual_OnDeviceConfig_JSSTTL-116710] Entered validate_isIconDisplayed function
2016-01-27 20:20:26,318 DEBUG [EBManual_OnDeviceConfig_JSSTTL-116710] Result of validate_isIconDisplayed: Pass
2016-01-27 20:20:26,318 DEBUG [EBManual_OnDeviceConfig_JSSTTL-116710] In execute keyword function
2016-01-27 20:20:26,318 DEBUG [EBManual_OnDeviceConfig_JSSTTL-116710] Executing PullConfigxml function:
2016-01-27 20:20:26,318 DEBUG [EBManual_OnDeviceConfig_JSSTTL-116710] Started executeCommandLine function
2016-01-27 20:20:30,339 DEBUG [EBManual_OnDeviceConfig_JSSTTL-116710] TestStepResult of PullConfigxml: Pass
2016-01-27 20:20:30,339 DEBUG [EBManual_OnDeviceConfig_JSSTTL-116710] In execute keyword function
2016-01-27 20:20:30,339 DEBUG [EBManual_OnDeviceConfig_JSSTTL-116710] Executing ChangeConfigxml function:
2016-01-27 20:20:30,339 DEBUG [EBManual_OnDeviceConfig_JSSTTL-116710] Executing ChangeConfigxml function
2016-01-27 20:20:30,341 DEBUG [EBManual_OnDeviceConfig_JSSTTL-116710] TestStepResult of ChangeConfigxml: Pass
2016-01-27 20:20:30,341 DEBUG [EBManual_OnDeviceConfig_JSSTTL-116710] In execute keyword function
2016-01-27 20:20:30,341 DEBUG [EBManual_OnDeviceConfig_JSSTTL-116710] Executing ChangeConfigxml function:
2016-01-27 20:20:30,341 DEBUG [EBManual_OnDeviceConfig_JSSTTL-116710] Executing ChangeConfigxml function
2016-01-27 20:20:30,343 DEBUG [EBManual_OnDeviceConfig_JSSTTL-116710] TestStepResult of ChangeConfigxml: Pass
2016-01-27 20:20:30,344 DEBUG [EBManual_OnDeviceConfig_JSSTTL-116710] In execute keyword function
2016-01-27 20:20:30,344 DEBUG [EBManual_OnDeviceConfig_JSSTTL-116710] Executing ChangeConfigxml function:
2016-01-27 20:20:30,344 DEBUG [EBManual_OnDeviceConfig_JSSTTL-116710] Executing ChangeConfigxml function
2016-01-27 20:20:30,345 DEBUG [EBManual_OnDeviceConfig_JSSTTL-116710] TestStepResult of ChangeConfigxml: Pass
2016-01-27 20:20:30,346 DEBUG [EBManual_OnDeviceConfig_JSSTTL-116710] In execute keyword function
2016-01-27 20:20:30,346 DEBUG [EBManual_OnDeviceConfig_JSSTTL-116710] Executing PushConfigxml function:
2016-01-27 20:20:30,346 DEBUG [EBManual_OnDeviceConfig_JSSTTL-116710] Started executeCommandLine function
2016-01-27 20:20:34,367 DEBUG [EBManual_OnDeviceConfig_JSSTTL-116710] TestStepResult of PushConfigxml: Pass
2016-01-27 20:20:34,367 DEBUG [EBManual_OnDeviceConfig_JSSTTL-116710] allstep_result contains: PassPassPassPassPassPassPassPassnull
2016-01-27 20:20:34,367 DEBUG [EBManual_OnDeviceConfig_JSSTTL-116710] allexpected_result contains: nullPassnull
2016-01-27 20:20:34,367 DEBUG [EBManual_OnDeviceConfig_JSSTTL-116710] Testcase_Result contains: nullPassnullPassPassPassPassPassPassPassPassnull
2016-01-27 20:20:34,367 DEBUG [EBManual_OnDeviceConfig_JSSTTL-116710] Test case with description validate setting ICON present in the badlink page Pass
2016-01-27 20:20:35,370 DEBUG [EBManual_OnDeviceConfig_JSSTTL-116710] Executing browser_Quit function
2016-01-27 20:20:35,370 DEBUG [EBManual_OnDeviceConfig_JSSTTL-116710] Completed browser_Quit function
2016-01-27 20:20:35,370 DEBUG [EBManual_OnDeviceConfig_JSSTTL-116710] Completed quitSelendroid function
2016-01-27 20:20:35,370 DEBUG [EBManual_OnDeviceConfig_JSSTTL-116710] Row number:11
2016-01-27 20:20:35,424 DEBUG [EBManual_OnDeviceConfig_JSSTTL-116710] Ending Test Case IDSTTL-116710
