2016-01-27 20:13:22,898 DEBUG [EBManual_OnDeviceConfig_JSSTTL-116701] Executing Test Case ID: STTL-116701
2016-01-27 20:13:57,988 DEBUG [EBManual_OnDeviceConfig_JSSTTL-116701] Executing Init_Selendroid function with APK as parameter and clear data value with 1
2016-01-27 20:14:08,168 DEBUG [EBManual_OnDeviceConfig_JSSTTL-116701] Exiting Init_Selendroid function
2016-01-27 20:14:08,188 DEBUG [EBManual_OnDeviceConfig_JSSTTL-116701] TestCase with Description "Change Start page" Execution started
2016-01-27 20:14:08,188 DEBUG [EBManual_OnDeviceConfig_JSSTTL-116701] In execute keyword function
2016-01-27 20:14:08,188 DEBUG [EBManual_OnDeviceConfig_JSSTTL-116701] Executing wait function:
2016-01-27 20:14:08,188 DEBUG [EBManual_OnDeviceConfig_JSSTTL-116701] Started Executing wait function
2016-01-27 20:14:11,188 DEBUG [EBManual_OnDeviceConfig_JSSTTL-116701] Exiting from wait function
2016-01-27 20:14:11,188 DEBUG [EBManual_OnDeviceConfig_JSSTTL-116701] TestStepResult of wait: Pass
2016-01-27 20:14:11,188 DEBUG [EBManual_OnDeviceConfig_JSSTTL-116701] In execute keyword function
2016-01-27 20:14:11,188 DEBUG [EBManual_OnDeviceConfig_JSSTTL-116701] Executing PullConfigxml function:
2016-01-27 20:14:11,188 DEBUG [EBManual_OnDeviceConfig_JSSTTL-116701] Started executeCommandLine function
2016-01-27 20:14:15,209 DEBUG [EBManual_OnDeviceConfig_JSSTTL-116701] TestStepResult of PullConfigxml: Pass
2016-01-27 20:14:15,209 DEBUG [EBManual_OnDeviceConfig_JSSTTL-116701] In execute keyword function
2016-01-27 20:14:15,209 DEBUG [EBManual_OnDeviceConfig_JSSTTL-116701] Executing ChangeConfigxml function:
2016-01-27 20:14:15,209 DEBUG [EBManual_OnDeviceConfig_JSSTTL-116701] Executing ChangeConfigxml function
2016-01-27 20:14:15,211 DEBUG [EBManual_OnDeviceConfig_JSSTTL-116701] TestStepResult of ChangeConfigxml: Pass
2016-01-27 20:14:15,211 DEBUG [EBManual_OnDeviceConfig_JSSTTL-116701] In execute keyword function
2016-01-27 20:14:15,211 DEBUG [EBManual_OnDeviceConfig_JSSTTL-116701] Executing ChangeConfigxml function:
2016-01-27 20:14:15,211 DEBUG [EBManual_OnDeviceConfig_JSSTTL-116701] Executing ChangeConfigxml function
2016-01-27 20:14:15,213 DEBUG [EBManual_OnDeviceConfig_JSSTTL-116701] TestStepResult of ChangeConfigxml: Pass
2016-01-27 20:14:15,213 DEBUG [EBManual_OnDeviceConfig_JSSTTL-116701] In execute keyword function
2016-01-27 20:14:15,213 DEBUG [EBManual_OnDeviceConfig_JSSTTL-116701] Executing ChangeConfigxml function:
2016-01-27 20:14:15,213 DEBUG [EBManual_OnDeviceConfig_JSSTTL-116701] Executing ChangeConfigxml function
2016-01-27 20:14:15,215 DEBUG [EBManual_OnDeviceConfig_JSSTTL-116701] TestStepResult of ChangeConfigxml: Pass
2016-01-27 20:14:15,215 DEBUG [EBManual_OnDeviceConfig_JSSTTL-116701] In execute keyword function
2016-01-27 20:14:15,215 DEBUG [EBManual_OnDeviceConfig_JSSTTL-116701] Executing PushConfigxml function:
2016-01-27 20:14:15,215 DEBUG [EBManual_OnDeviceConfig_JSSTTL-116701] Started executeCommandLine function
2016-01-27 20:14:19,235 DEBUG [EBManual_OnDeviceConfig_JSSTTL-116701] TestStepResult of PushConfigxml: Pass
2016-01-27 20:14:19,235 DEBUG [EBManual_OnDeviceConfig_JSSTTL-116701] allstep_result contains: PassPassPassPassPassPassnull
2016-01-27 20:14:19,235 DEBUG [EBManual_OnDeviceConfig_JSSTTL-116701] allexpected_result contains: null
2016-01-27 20:14:19,235 DEBUG [EBManual_OnDeviceConfig_JSSTTL-116701] Testcase_Result contains: nullPassPassPassPassPassPassnull
2016-01-27 20:14:19,235 DEBUG [EBManual_OnDeviceConfig_JSSTTL-116701] Test case with description Change Start page Pass
2016-01-27 20:14:20,261 DEBUG [EBManual_OnDeviceConfig_JSSTTL-116701] Executing browser_Quit function
2016-01-27 20:14:20,261 DEBUG [EBManual_OnDeviceConfig_JSSTTL-116701] Completed browser_Quit function
2016-01-27 20:14:20,261 DEBUG [EBManual_OnDeviceConfig_JSSTTL-116701] Completed quitSelendroid function
2016-01-27 20:14:20,262 DEBUG [EBManual_OnDeviceConfig_JSSTTL-116701] Row number:2
2016-01-27 20:14:20,289 DEBUG [EBManual_OnDeviceConfig_JSSTTL-116701] Ending Test Case IDSTTL-116701
