2016-01-27 20:20:35,443 DEBUG [EBManual_OnDeviceConfig_JSSTTL-116711] Executing Test Case ID: STTL-116711
2016-01-27 20:20:35,450 DEBUG [EBManual_OnDeviceConfig_JSSTTL-116711] Executing Init_Selendroid function with APK as parameter and clear data value with 1
2016-01-27 20:20:45,400 DEBUG [EBManual_OnDeviceConfig_JSSTTL-116711] Exiting Init_Selendroid function
2016-01-27 20:20:45,418 DEBUG [EBManual_OnDeviceConfig_JSSTTL-116711] TestCase with Description "Set startPath to default start path again
" Execution started
2016-01-27 20:20:45,419 DEBUG [EBManual_OnDeviceConfig_JSSTTL-116711] In execute keyword function
2016-01-27 20:20:45,419 DEBUG [EBManual_OnDeviceConfig_JSSTTL-116711] Executing wait function:
2016-01-27 20:20:45,419 DEBUG [EBManual_OnDeviceConfig_JSSTTL-116711] Started Executing wait function
2016-01-27 20:20:48,419 DEBUG [EBManual_OnDeviceConfig_JSSTTL-116711] Exiting from wait function
2016-01-27 20:20:48,419 DEBUG [EBManual_OnDeviceConfig_JSSTTL-116711] TestStepResult of wait: Pass
2016-01-27 20:20:48,419 DEBUG [EBManual_OnDeviceConfig_JSSTTL-116711] In execute keyword function
2016-01-27 20:20:48,419 DEBUG [EBManual_OnDeviceConfig_JSSTTL-116711] Executing validate_PageTitle function:
2016-01-27 20:20:48,460 DEBUG [EBManual_OnDeviceConfig_JSSTTL-116711] The title of the page is *********************************: Welcome to Enterprise Browser
2016-01-27 20:20:48,460 DEBUG [EBManual_OnDeviceConfig_JSSTTL-116711] The page title found is correct
2016-01-27 20:20:48,460 DEBUG [EBManual_OnDeviceConfig_JSSTTL-116711] Result of validate_PageTitle: pass
2016-01-27 20:20:48,460 DEBUG [EBManual_OnDeviceConfig_JSSTTL-116711] In execute keyword function
2016-01-27 20:20:48,460 DEBUG [EBManual_OnDeviceConfig_JSSTTL-116711] Executing ClickNativeIcon function:
2016-01-27 20:20:49,771 DEBUG [EBManual_OnDeviceConfig_JSSTTL-116711] [[AppiumTouchActionExtension: selendroid on ANDROID (64334108-0f91-2dd5-45f1-9dcbfbb886db)] -> xpath: //*[@id="quitButton"]]Clicked successfully
2016-01-27 20:20:49,771 DEBUG [EBManual_OnDeviceConfig_JSSTTL-116711] TestStepResult of ClickNativeIcon: pass
2016-01-27 20:20:49,771 DEBUG [EBManual_OnDeviceConfig_JSSTTL-116711] In execute keyword function
2016-01-27 20:20:49,771 DEBUG [EBManual_OnDeviceConfig_JSSTTL-116711] Executing wait function:
2016-01-27 20:20:49,771 DEBUG [EBManual_OnDeviceConfig_JSSTTL-116711] Started Executing wait function
2016-01-27 20:20:51,772 DEBUG [EBManual_OnDeviceConfig_JSSTTL-116711] Exiting from wait function
2016-01-27 20:20:51,772 DEBUG [EBManual_OnDeviceConfig_JSSTTL-116711] TestStepResult of wait: Pass
2016-01-27 20:20:51,772 DEBUG [EBManual_OnDeviceConfig_JSSTTL-116711] In execute keyword function
2016-01-27 20:20:51,772 DEBUG [EBManual_OnDeviceConfig_JSSTTL-116711] Executing validate_PageTitle function:
2016-01-27 20:20:51,810 DEBUG [EBManual_OnDeviceConfig_JSSTTL-116711] The title of the page is *********************************: Welcome to Enterprise Browser
2016-01-27 20:20:51,810 DEBUG [EBManual_OnDeviceConfig_JSSTTL-116711] The page title found is incorrect
2016-01-27 20:20:51,810 DEBUG [EBManual_OnDeviceConfig_JSSTTL-116711] Result of validate_PageTitle: fail
2016-01-27 20:20:51,810 DEBUG [EBManual_OnDeviceConfig_JSSTTL-116711] In execute keyword function
2016-01-27 20:20:51,810 DEBUG [EBManual_OnDeviceConfig_JSSTTL-116711] Executing TypeinAddressbar function:
2016-01-27 20:20:51,810 DEBUG [EBManual_OnDeviceConfig_JSSTTL-116711] Executing SendData function
2016-01-27 20:21:42,068 DEBUG [EBManual_OnDeviceConfig_JSSTTL-116711] Error: Unable to Find element :setting_startpath_xpath
2016-01-27 20:21:42,068 DEBUG [EBManual_OnDeviceConfig_JSSTTL-116711] 
2016-01-27 20:21:43,085 DEBUG [EBManual_OnDeviceConfig_JSSTTL-116711] Executing browser_Quit function
2016-01-27 20:21:43,085 DEBUG [EBManual_OnDeviceConfig_JSSTTL-116711] Completed browser_Quit function
2016-01-27 20:21:43,085 DEBUG [EBManual_OnDeviceConfig_JSSTTL-116711] Completed quitSelendroid function
2016-01-27 20:21:43,086 DEBUG [EBManual_OnDeviceConfig_JSSTTL-116711] Row number:0
