2016-01-27 20:28:36,474 DEBUG [EBManual_OnDeviceConfig_JSSTTL-116721] Executing Test Case ID: STTL-116721
2016-01-27 20:28:36,481 DEBUG [EBManual_OnDeviceConfig_JSSTTL-116721] Executing Init_Selendroid function with APK as parameter and clear data value with 1
2016-01-27 20:28:46,654 DEBUG [EBManual_OnDeviceConfig_JSSTTL-116721] Exiting Init_Selendroid function
2016-01-27 20:28:46,665 DEBUG [EBManual_OnDeviceConfig_JSSTTL-116721] TestCase with Description "Validate Setting password with correct password and click OK button
" Execution started
2016-01-27 20:28:46,665 DEBUG [EBManual_OnDeviceConfig_JSSTTL-116721] In execute keyword function
2016-01-27 20:28:46,665 DEBUG [EBManual_OnDeviceConfig_JSSTTL-116721] Executing wait function:
2016-01-27 20:28:46,665 DEBUG [EBManual_OnDeviceConfig_JSSTTL-116721] Started Executing wait function
2016-01-27 20:28:49,665 DEBUG [EBManual_OnDeviceConfig_JSSTTL-116721] Exiting from wait function
2016-01-27 20:28:49,665 DEBUG [EBManual_OnDeviceConfig_JSSTTL-116721] TestStepResult of wait: Pass
2016-01-27 20:28:49,665 DEBUG [EBManual_OnDeviceConfig_JSSTTL-116721] In execute keyword function
2016-01-27 20:28:49,665 DEBUG [EBManual_OnDeviceConfig_JSSTTL-116721] Executing validate_PageTitle function:
2016-01-27 20:28:49,706 DEBUG [EBManual_OnDeviceConfig_JSSTTL-116721] The title of the page is *********************************: Welcome to Enterprise Browser
2016-01-27 20:28:49,706 DEBUG [EBManual_OnDeviceConfig_JSSTTL-116721] The page title found is correct
2016-01-27 20:28:49,706 DEBUG [EBManual_OnDeviceConfig_JSSTTL-116721] Result of validate_PageTitle: pass
2016-01-27 20:28:49,706 DEBUG [EBManual_OnDeviceConfig_JSSTTL-116721] In execute keyword function
2016-01-27 20:28:49,706 DEBUG [EBManual_OnDeviceConfig_JSSTTL-116721] Executing SwitchApp function:
2016-01-27 20:28:49,785 DEBUG [EBManual_OnDeviceConfig_JSSTTL-116721] Successfully switched to NATIVE_APP
2016-01-27 20:28:49,785 DEBUG [EBManual_OnDeviceConfig_JSSTTL-116721] TestStepResult of SwitchApp: Pass
2016-01-27 20:28:49,785 DEBUG [EBManual_OnDeviceConfig_JSSTTL-116721] In execute keyword function
2016-01-27 20:28:49,785 DEBUG [EBManual_OnDeviceConfig_JSSTTL-116721] Executing ClickNativeIcon function:
2016-01-27 20:28:50,065 DEBUG [EBManual_OnDeviceConfig_JSSTTL-116721] [[AppiumTouchActionExtension: selendroid on ANDROID (ddde3b95-cb8e-0d77-64ed-9a94b31deaf9)] -> xpath: (//Button[@id='settings_button'])[1]]Clicked Failed
2016-01-27 20:28:50,065 DEBUG [EBManual_OnDeviceConfig_JSSTTL-116721] TestStepResult of ClickNativeIcon: Fail
2016-01-27 20:28:50,065 DEBUG [EBManual_OnDeviceConfig_JSSTTL-116721] In execute keyword function
2016-01-27 20:28:50,065 DEBUG [EBManual_OnDeviceConfig_JSSTTL-116721] Executing wait function:
2016-01-27 20:28:50,065 DEBUG [EBManual_OnDeviceConfig_JSSTTL-116721] Started Executing wait function
2016-01-27 20:28:52,066 DEBUG [EBManual_OnDeviceConfig_JSSTTL-116721] Exiting from wait function
2016-01-27 20:28:52,066 DEBUG [EBManual_OnDeviceConfig_JSSTTL-116721] TestStepResult of wait: Pass
2016-01-27 20:28:52,066 DEBUG [EBManual_OnDeviceConfig_JSSTTL-116721] In execute keyword function
2016-01-27 20:28:52,066 DEBUG [EBManual_OnDeviceConfig_JSSTTL-116721] Executing EnterData function:
2016-01-27 20:28:52,066 DEBUG [EBManual_OnDeviceConfig_JSSTTL-116721] Executing SendData function
2016-01-27 20:29:42,413 DEBUG [EBManual_OnDeviceConfig_JSSTTL-116721] Error: Unable to Find element :SettingPwdenter_xpath
2016-01-27 20:29:42,413 DEBUG [EBManual_OnDeviceConfig_JSSTTL-116721] 
2016-01-27 20:29:43,413 DEBUG [EBManual_OnDeviceConfig_JSSTTL-116721] Executing browser_Quit function
2016-01-27 20:29:43,413 DEBUG [EBManual_OnDeviceConfig_JSSTTL-116721] Completed browser_Quit function
2016-01-27 20:29:43,413 DEBUG [EBManual_OnDeviceConfig_JSSTTL-116721] Completed quitSelendroid function
2016-01-27 20:29:43,415 DEBUG [EBManual_OnDeviceConfig_JSSTTL-116721] Row number:0
