2016-01-27 20:16:03,681 DEBUG [EBManual_OnDeviceConfig_JSSTTL-116705] Executing Test Case ID: STTL-116705
2016-01-27 20:16:03,689 DEBUG [EBManual_OnDeviceConfig_JSSTTL-116705] Executing Init_Selendroid function with APK as parameter and clear data value with 1
2016-01-27 20:16:13,895 DEBUG [EBManual_OnDeviceConfig_JSSTTL-116705] Exiting Init_Selendroid function
2016-01-27 20:16:13,912 DEBUG [EBManual_OnDeviceConfig_JSSTTL-116705] TestCase with Description "On click quit button on settings.html page its should quit EB
" Execution started
2016-01-27 20:16:13,913 DEBUG [EBManual_OnDeviceConfig_JSSTTL-116705] In execute keyword function
2016-01-27 20:16:13,913 DEBUG [EBManual_OnDeviceConfig_JSSTTL-116705] Executing wait function:
2016-01-27 20:16:13,913 DEBUG [EBManual_OnDeviceConfig_JSSTTL-116705] Started Executing wait function
2016-01-27 20:16:16,913 DEBUG [EBManual_OnDeviceConfig_JSSTTL-116705] Exiting from wait function
2016-01-27 20:16:16,913 DEBUG [EBManual_OnDeviceConfig_JSSTTL-116705] TestStepResult of wait: Pass
2016-01-27 20:16:16,913 DEBUG [EBManual_OnDeviceConfig_JSSTTL-116705] In execute keyword function
2016-01-27 20:16:16,913 DEBUG [EBManual_OnDeviceConfig_JSSTTL-116705] Executing validate_PageTitle function:
2016-01-27 20:16:16,930 DEBUG [EBManual_OnDeviceConfig_JSSTTL-116705] The title of the page is *********************************: Welcome to Enterprise Browser
2016-01-27 20:16:16,930 DEBUG [EBManual_OnDeviceConfig_JSSTTL-116705] The page title found is correct
2016-01-27 20:16:16,930 DEBUG [EBManual_OnDeviceConfig_JSSTTL-116705] Result of validate_PageTitle: pass
2016-01-27 20:16:16,930 DEBUG [EBManual_OnDeviceConfig_JSSTTL-116705] In execute keyword function
2016-01-27 20:16:16,930 DEBUG [EBManual_OnDeviceConfig_JSSTTL-116705] Executing ClickNativeIcon function:
2016-01-27 20:16:18,251 DEBUG [EBManual_OnDeviceConfig_JSSTTL-116705] [[AppiumTouchActionExtension: selendroid on ANDROID (b11f89ac-cdec-c9f0-4683-012642a8e840)] -> xpath: //*[@id="quitButton"]]Clicked successfully
2016-01-27 20:16:18,251 DEBUG [EBManual_OnDeviceConfig_JSSTTL-116705] TestStepResult of ClickNativeIcon: pass
2016-01-27 20:16:18,251 DEBUG [EBManual_OnDeviceConfig_JSSTTL-116705] In execute keyword function
2016-01-27 20:16:18,251 DEBUG [EBManual_OnDeviceConfig_JSSTTL-116705] Executing wait function:
2016-01-27 20:16:18,251 DEBUG [EBManual_OnDeviceConfig_JSSTTL-116705] Started Executing wait function
2016-01-27 20:16:20,251 DEBUG [EBManual_OnDeviceConfig_JSSTTL-116705] Exiting from wait function
2016-01-27 20:16:20,251 DEBUG [EBManual_OnDeviceConfig_JSSTTL-116705] TestStepResult of wait: Pass
2016-01-27 20:16:20,251 DEBUG [EBManual_OnDeviceConfig_JSSTTL-116705] In execute keyword function
2016-01-27 20:16:20,251 DEBUG [EBManual_OnDeviceConfig_JSSTTL-116705] Executing validate_PageTitle function:
2016-01-27 20:16:20,267 DEBUG [EBManual_OnDeviceConfig_JSSTTL-116705] The title of the page is *********************************: Welcome to Enterprise Browser
2016-01-27 20:16:20,267 DEBUG [EBManual_OnDeviceConfig_JSSTTL-116705] The page title found is incorrect
2016-01-27 20:16:20,267 DEBUG [EBManual_OnDeviceConfig_JSSTTL-116705] Result of validate_PageTitle: fail
2016-01-27 20:16:20,267 DEBUG [EBManual_OnDeviceConfig_JSSTTL-116705] In execute keyword function
2016-01-27 20:16:20,267 DEBUG [EBManual_OnDeviceConfig_JSSTTL-116705] Executing ClickNativeIcon function:
2016-01-27 20:17:10,496 DEBUG [EBManual_OnDeviceConfig_JSSTTL-116705] Error: Unable to Find element :setting_quitbutton_xpath
2016-01-27 20:17:10,497 DEBUG [EBManual_OnDeviceConfig_JSSTTL-116705] 
2016-01-27 20:17:11,530 DEBUG [EBManual_OnDeviceConfig_JSSTTL-116705] Executing browser_Quit function
2016-01-27 20:17:11,530 DEBUG [EBManual_OnDeviceConfig_JSSTTL-116705] Completed browser_Quit function
2016-01-27 20:17:11,530 DEBUG [EBManual_OnDeviceConfig_JSSTTL-116705] Completed quitSelendroid function
2016-01-27 20:17:11,531 DEBUG [EBManual_OnDeviceConfig_JSSTTL-116705] Row number:0
