2016-01-28 03:52:27,900 DEBUG [EBRE22_ImagerSTTL-116702] Executing Test Case ID: STTL-116702
2016-01-28 03:52:27,906 DEBUG [EBRE22_ImagerSTTL-116702] Executing Init_Selendroid function with APK as parameter and clear data value with 1
2016-01-28 03:52:37,586 DEBUG [EBRE22_ImagerSTTL-116702] Exiting Init_Selendroid function
2016-01-28 03:52:37,599 DEBUG [EBRE22_ImagerSTTL-116702] TestCase with Description "Enumerate Imager" Execution started
2016-01-28 03:52:37,599 DEBUG [EBRE22_ImagerSTTL-116702] In execute keyword function
2016-01-28 03:52:37,599 DEBUG [EBRE22_ImagerSTTL-116702] Executing wait function:
2016-01-28 03:52:37,599 DEBUG [EBRE22_ImagerSTTL-116702] Started Executing wait function
2016-01-28 03:52:40,599 DEBUG [EBRE22_ImagerSTTL-116702] Exiting from wait function
2016-01-28 03:52:40,599 DEBUG [EBRE22_ImagerSTTL-116702] TestStepResult of wait: Pass
2016-01-28 03:52:40,599 DEBUG [EBRE22_ImagerSTTL-116702] In execute keyword function
2016-01-28 03:52:40,599 DEBUG [EBRE22_ImagerSTTL-116702] Executing validate_PageTitle function:
2016-01-28 03:52:40,640 DEBUG [EBRE22_ImagerSTTL-116702] The title of the page is *********************************: RE 2.2 Tests
2016-01-28 03:52:40,640 DEBUG [EBRE22_ImagerSTTL-116702] The page title found is correct
2016-01-28 03:52:40,640 DEBUG [EBRE22_ImagerSTTL-116702] Result of validate_PageTitle: pass
2016-01-28 03:52:40,640 DEBUG [EBRE22_ImagerSTTL-116702] In execute keyword function
2016-01-28 03:52:40,640 DEBUG [EBRE22_ImagerSTTL-116702] Executing link_Click function:
2016-01-28 03:52:41,298 DEBUG [EBRE22_ImagerSTTL-116702] Executing Click function
2016-01-28 03:52:42,377 DEBUG [EBRE22_ImagerSTTL-116702] Exiting Click function
2016-01-28 03:52:42,377 DEBUG [EBRE22_ImagerSTTL-116702] imager_test_link clicked successfully
2016-01-28 03:52:42,377 DEBUG [EBRE22_ImagerSTTL-116702] TestStepResult of link_Click: Pass
2016-01-28 03:52:42,377 DEBUG [EBRE22_ImagerSTTL-116702] In execute keyword function
2016-01-28 03:52:42,377 DEBUG [EBRE22_ImagerSTTL-116702] Executing validate_PageTitle function:
2016-01-28 03:52:42,401 DEBUG [EBRE22_ImagerSTTL-116702] The title of the page is *********************************: PB and RE2.2 Semi Auto Frame Work : Imager
2016-01-28 03:52:42,401 DEBUG [EBRE22_ImagerSTTL-116702] The page title found is correct
2016-01-28 03:52:42,401 DEBUG [EBRE22_ImagerSTTL-116702] Result of validate_PageTitle: pass
2016-01-28 03:52:42,401 DEBUG [EBRE22_ImagerSTTL-116702] In execute keyword function
2016-01-28 03:52:42,401 DEBUG [EBRE22_ImagerSTTL-116702] Executing wait function:
2016-01-28 03:52:42,401 DEBUG [EBRE22_ImagerSTTL-116702] Started Executing wait function
2016-01-28 03:52:47,402 DEBUG [EBRE22_ImagerSTTL-116702] Exiting from wait function
2016-01-28 03:52:47,402 DEBUG [EBRE22_ImagerSTTL-116702] TestStepResult of wait: Pass
2016-01-28 03:52:47,402 DEBUG [EBRE22_ImagerSTTL-116702] In execute keyword function
2016-01-28 03:52:47,402 DEBUG [EBRE22_ImagerSTTL-116702] Executing SelectTestToRun function:
2016-01-28 03:52:48,066 DEBUG [EBRE22_ImagerSTTL-116702] Successfull in selecting clicking the category
2016-01-28 03:52:48,066 DEBUG [EBRE22_ImagerSTTL-116702] TestStepResult of SelectTestToRun: pass
2016-01-28 03:52:48,067 DEBUG [EBRE22_ImagerSTTL-116702] In execute keyword function
2016-01-28 03:52:48,067 DEBUG [EBRE22_ImagerSTTL-116702] Executing validate_Text_Exists function:
2016-01-28 03:52:48,324 DEBUG [EBRE22_ImagerSTTL-116702] VT187-0169 Testcase Text found
2016-01-28 03:52:48,324 DEBUG [EBRE22_ImagerSTTL-116702] Result of validate_Text_Exists: Pass
2016-01-28 03:52:48,324 DEBUG [EBRE22_ImagerSTTL-116702] In execute keyword function
2016-01-28 03:52:48,324 DEBUG [EBRE22_ImagerSTTL-116702] Executing ClickRunTest function:
2016-01-28 03:52:48,634 DEBUG [EBRE22_ImagerSTTL-116702] Executing Click function
2016-01-28 03:52:49,668 DEBUG [EBRE22_ImagerSTTL-116702] Exiting Click function
2016-01-28 03:52:49,668 DEBUG [EBRE22_ImagerSTTL-116702] runtest_top_xpath Button clicked Successfully
2016-01-28 03:52:49,668 DEBUG [EBRE22_ImagerSTTL-116702] TestStepResult of ClickRunTest: pass
2016-01-28 03:52:49,668 DEBUG [EBRE22_ImagerSTTL-116702] In execute keyword function
2016-01-28 03:52:49,668 DEBUG [EBRE22_ImagerSTTL-116702] Executing validate_Result function:
2016-01-28 03:52:49,943 DEBUG [EBRE22_ImagerSTTL-116702] imagerEnumEvent (JS):  Text found in imagerEnumEvent (JS): cam0 -- Back Facing Camera
cam1 -- Front Facing Camera
2016-01-28 03:52:49,943 DEBUG [EBRE22_ImagerSTTL-116702] Result of validate_Result: Pass
2016-01-28 03:52:49,943 DEBUG [EBRE22_ImagerSTTL-116702] allstep_result contains: passpassPassPassPassnull
2016-01-28 03:52:49,943 DEBUG [EBRE22_ImagerSTTL-116702] allexpected_result contains: nullPassnullPassnullpassnullpassnull
2016-01-28 03:52:49,943 DEBUG [EBRE22_ImagerSTTL-116702] Testcase_Result contains: nullPassnullPassnullpassnullpassnullpasspassPassPassPassnull
2016-01-28 03:52:49,943 DEBUG [EBRE22_ImagerSTTL-116702] Test case with description Enumerate Imager Pass
2016-01-28 03:52:50,865 DEBUG [EBRE22_ImagerSTTL-116702] Executing browser_Quit function
2016-01-28 03:52:50,865 DEBUG [EBRE22_ImagerSTTL-116702] Completed browser_Quit function
2016-01-28 03:52:50,865 DEBUG [EBRE22_ImagerSTTL-116702] Completed quitSelendroid function
2016-01-28 03:52:50,865 DEBUG [EBRE22_ImagerSTTL-116702] Row number:3
2016-01-28 03:52:50,888 DEBUG [EBRE22_ImagerSTTL-116702] Ending Test Case IDSTTL-116702
