2016-01-28 03:59:08,723 DEBUG [EBRE22_ImagerSTTL-116714] Executing Test Case ID: STTL-116714
2016-01-28 03:59:08,729 DEBUG [EBRE22_ImagerSTTL-116714] Executing Init_Selendroid function with APK as parameter and clear data value with 1
2016-01-28 03:59:18,631 DEBUG [EBRE22_ImagerSTTL-116714] Exiting Init_Selendroid function
2016-01-28 03:59:18,644 DEBUG [EBRE22_ImagerSTTL-116714] TestCase with Description "Imager Event with HTTP URL" Execution started
2016-01-28 03:59:18,645 DEBUG [EBRE22_ImagerSTTL-116714] In execute keyword function
2016-01-28 03:59:18,645 DEBUG [EBRE22_ImagerSTTL-116714] Executing wait function:
2016-01-28 03:59:18,645 DEBUG [EBRE22_ImagerSTTL-116714] Started Executing wait function
2016-01-28 03:59:21,645 DEBUG [EBRE22_ImagerSTTL-116714] Exiting from wait function
2016-01-28 03:59:21,645 DEBUG [EBRE22_ImagerSTTL-116714] TestStepResult of wait: Pass
2016-01-28 03:59:21,645 DEBUG [EBRE22_ImagerSTTL-116714] In execute keyword function
2016-01-28 03:59:21,645 DEBUG [EBRE22_ImagerSTTL-116714] Executing validate_PageTitle function:
2016-01-28 03:59:21,684 DEBUG [EBRE22_ImagerSTTL-116714] The title of the page is *********************************: RE 2.2 Tests
2016-01-28 03:59:21,684 DEBUG [EBRE22_ImagerSTTL-116714] The page title found is correct
2016-01-28 03:59:21,684 DEBUG [EBRE22_ImagerSTTL-116714] Result of validate_PageTitle: pass
2016-01-28 03:59:21,684 DEBUG [EBRE22_ImagerSTTL-116714] In execute keyword function
2016-01-28 03:59:21,684 DEBUG [EBRE22_ImagerSTTL-116714] Executing link_Click function:
2016-01-28 03:59:22,348 DEBUG [EBRE22_ImagerSTTL-116714] Executing Click function
2016-01-28 03:59:23,423 DEBUG [EBRE22_ImagerSTTL-116714] Exiting Click function
2016-01-28 03:59:23,423 DEBUG [EBRE22_ImagerSTTL-116714] imager_test_link clicked successfully
2016-01-28 03:59:23,423 DEBUG [EBRE22_ImagerSTTL-116714] TestStepResult of link_Click: Pass
2016-01-28 03:59:23,423 DEBUG [EBRE22_ImagerSTTL-116714] In execute keyword function
2016-01-28 03:59:23,423 DEBUG [EBRE22_ImagerSTTL-116714] Executing validate_PageTitle function:
2016-01-28 03:59:23,442 DEBUG [EBRE22_ImagerSTTL-116714] The title of the page is *********************************: PB and RE2.2 Semi Auto Frame Work : Imager
2016-01-28 03:59:23,442 DEBUG [EBRE22_ImagerSTTL-116714] The page title found is correct
2016-01-28 03:59:23,442 DEBUG [EBRE22_ImagerSTTL-116714] Result of validate_PageTitle: pass
2016-01-28 03:59:23,442 DEBUG [EBRE22_ImagerSTTL-116714] In execute keyword function
2016-01-28 03:59:23,442 DEBUG [EBRE22_ImagerSTTL-116714] Executing wait function:
2016-01-28 03:59:23,442 DEBUG [EBRE22_ImagerSTTL-116714] Started Executing wait function
2016-01-28 03:59:28,441 DEBUG [EBRE22_ImagerSTTL-116714] Exiting from wait function
2016-01-28 03:59:28,441 DEBUG [EBRE22_ImagerSTTL-116714] TestStepResult of wait: Pass
2016-01-28 03:59:28,441 DEBUG [EBRE22_ImagerSTTL-116714] In execute keyword function
2016-01-28 03:59:28,441 DEBUG [EBRE22_ImagerSTTL-116714] Executing SelectImager function:
2016-01-28 03:59:31,132 DEBUG [EBRE22_ImagerSTTL-116714] Successfull in selecting the imager: Back Facing Camera
2016-01-28 03:59:31,132 DEBUG [EBRE22_ImagerSTTL-116714] TestStepResult of SelectImager: Pass
2016-01-28 03:59:31,132 DEBUG [EBRE22_ImagerSTTL-116714] In execute keyword function
2016-01-28 03:59:31,132 DEBUG [EBRE22_ImagerSTTL-116714] Executing SelectTestToRun function:
2016-01-28 03:59:35,560 DEBUG [EBRE22_ImagerSTTL-116714] Successfull in selecting clicking the category
2016-01-28 03:59:35,560 DEBUG [EBRE22_ImagerSTTL-116714] TestStepResult of SelectTestToRun: pass
2016-01-28 03:59:35,560 DEBUG [EBRE22_ImagerSTTL-116714] In execute keyword function
2016-01-28 03:59:35,560 DEBUG [EBRE22_ImagerSTTL-116714] Executing validate_Text_Exists function:
2016-01-28 03:59:35,802 DEBUG [EBRE22_ImagerSTTL-116714] VT187-0224 Testcase Text found
2016-01-28 03:59:35,803 DEBUG [EBRE22_ImagerSTTL-116714] Result of validate_Text_Exists: Pass
2016-01-28 03:59:35,803 DEBUG [EBRE22_ImagerSTTL-116714] In execute keyword function
2016-01-28 03:59:35,803 DEBUG [EBRE22_ImagerSTTL-116714] Executing ClickRunTest function:
2016-01-28 03:59:36,121 DEBUG [EBRE22_ImagerSTTL-116714] Executing Click function
2016-01-28 03:59:37,164 DEBUG [EBRE22_ImagerSTTL-116714] Exiting Click function
2016-01-28 03:59:37,164 DEBUG [EBRE22_ImagerSTTL-116714] runtest_top_xpath Button clicked Successfully
2016-01-28 03:59:37,164 DEBUG [EBRE22_ImagerSTTL-116714] TestStepResult of ClickRunTest: pass
2016-01-28 03:59:37,164 DEBUG [EBRE22_ImagerSTTL-116714] In execute keyword function
2016-01-28 03:59:37,164 DEBUG [EBRE22_ImagerSTTL-116714] Executing wait function:
2016-01-28 03:59:37,164 DEBUG [EBRE22_ImagerSTTL-116714] Started Executing wait function
2016-01-28 03:59:52,161 DEBUG [EBRE22_ImagerSTTL-116714] Exiting from wait function
2016-01-28 03:59:52,161 DEBUG [EBRE22_ImagerSTTL-116714] TestStepResult of wait: Pass
2016-01-28 03:59:52,161 DEBUG [EBRE22_ImagerSTTL-116714] In execute keyword function
2016-01-28 03:59:52,161 DEBUG [EBRE22_ImagerSTTL-116714] Executing validate_Result function:
2016-01-28 03:59:52,432 DEBUG [EBRE22_ImagerSTTL-116714] Navigated successfully Text found in Navigated successfully
2016-01-28 03:59:52,432 DEBUG [EBRE22_ImagerSTTL-116714] Result of validate_Result: Pass
2016-01-28 03:59:52,432 DEBUG [EBRE22_ImagerSTTL-116714] allstep_result contains: PasspasspassPassPassPassPassnull
2016-01-28 03:59:52,432 DEBUG [EBRE22_ImagerSTTL-116714] allexpected_result contains: nullPassnullPassnullpassnullpassnull
2016-01-28 03:59:52,432 DEBUG [EBRE22_ImagerSTTL-116714] Testcase_Result contains: nullPassnullPassnullpassnullpassnullPasspasspassPassPassPassPassnull
2016-01-28 03:59:52,432 DEBUG [EBRE22_ImagerSTTL-116714] Test case with description Imager Event with HTTP URL Pass
2016-01-28 03:59:53,403 DEBUG [EBRE22_ImagerSTTL-116714] Executing browser_Quit function
2016-01-28 03:59:53,403 DEBUG [EBRE22_ImagerSTTL-116714] Completed browser_Quit function
2016-01-28 03:59:53,403 DEBUG [EBRE22_ImagerSTTL-116714] Completed quitSelendroid function
2016-01-28 03:59:53,404 DEBUG [EBRE22_ImagerSTTL-116714] Row number:15
2016-01-28 03:59:53,430 DEBUG [EBRE22_ImagerSTTL-116714] Ending Test Case IDSTTL-116714
