2016-01-28 03:53:50,700 DEBUG [EBRE22_ImagerSTTL-116705] Executing Test Case ID: STTL-116705
2016-01-28 03:53:50,706 DEBUG [EBRE22_ImagerSTTL-116705] Executing Init_Selendroid function with APK as parameter and clear data value with 1
2016-01-28 03:54:00,550 DEBUG [EBRE22_ImagerSTTL-116705] Exiting Init_Selendroid function
2016-01-28 03:54:00,563 DEBUG [EBRE22_ImagerSTTL-116705] TestCase with Description "Disable the camera Imager" Execution started
2016-01-28 03:54:00,563 DEBUG [EBRE22_ImagerSTTL-116705] In execute keyword function
2016-01-28 03:54:00,563 DEBUG [EBRE22_ImagerSTTL-116705] Executing wait function:
2016-01-28 03:54:00,563 DEBUG [EBRE22_ImagerSTTL-116705] Started Executing wait function
2016-01-28 03:54:03,564 DEBUG [EBRE22_ImagerSTTL-116705] Exiting from wait function
2016-01-28 03:54:03,564 DEBUG [EBRE22_ImagerSTTL-116705] TestStepResult of wait: Pass
2016-01-28 03:54:03,564 DEBUG [EBRE22_ImagerSTTL-116705] In execute keyword function
2016-01-28 03:54:03,564 DEBUG [EBRE22_ImagerSTTL-116705] Executing validate_PageTitle function:
2016-01-28 03:54:03,605 DEBUG [EBRE22_ImagerSTTL-116705] The title of the page is *********************************: RE 2.2 Tests
2016-01-28 03:54:03,605 DEBUG [EBRE22_ImagerSTTL-116705] The page title found is correct
2016-01-28 03:54:03,605 DEBUG [EBRE22_ImagerSTTL-116705] Result of validate_PageTitle: pass
2016-01-28 03:54:03,605 DEBUG [EBRE22_ImagerSTTL-116705] In execute keyword function
2016-01-28 03:54:03,606 DEBUG [EBRE22_ImagerSTTL-116705] Executing link_Click function:
2016-01-28 03:54:04,291 DEBUG [EBRE22_ImagerSTTL-116705] Executing Click function
2016-01-28 03:54:05,351 DEBUG [EBRE22_ImagerSTTL-116705] Exiting Click function
2016-01-28 03:54:05,351 DEBUG [EBRE22_ImagerSTTL-116705] imager_test_link clicked successfully
2016-01-28 03:54:05,351 DEBUG [EBRE22_ImagerSTTL-116705] TestStepResult of link_Click: Pass
2016-01-28 03:54:05,351 DEBUG [EBRE22_ImagerSTTL-116705] In execute keyword function
2016-01-28 03:54:05,351 DEBUG [EBRE22_ImagerSTTL-116705] Executing validate_PageTitle function:
2016-01-28 03:54:05,367 DEBUG [EBRE22_ImagerSTTL-116705] The title of the page is *********************************: PB and RE2.2 Semi Auto Frame Work : Imager
2016-01-28 03:54:05,367 DEBUG [EBRE22_ImagerSTTL-116705] The page title found is correct
2016-01-28 03:54:05,367 DEBUG [EBRE22_ImagerSTTL-116705] Result of validate_PageTitle: pass
2016-01-28 03:54:05,367 DEBUG [EBRE22_ImagerSTTL-116705] In execute keyword function
2016-01-28 03:54:05,367 DEBUG [EBRE22_ImagerSTTL-116705] Executing wait function:
2016-01-28 03:54:05,367 DEBUG [EBRE22_ImagerSTTL-116705] Started Executing wait function
2016-01-28 03:54:10,367 DEBUG [EBRE22_ImagerSTTL-116705] Exiting from wait function
2016-01-28 03:54:10,367 DEBUG [EBRE22_ImagerSTTL-116705] TestStepResult of wait: Pass
2016-01-28 03:54:10,367 DEBUG [EBRE22_ImagerSTTL-116705] In execute keyword function
2016-01-28 03:54:10,367 DEBUG [EBRE22_ImagerSTTL-116705] Executing SelectImager function:
2016-01-28 03:54:12,982 DEBUG [EBRE22_ImagerSTTL-116705] Successfull in selecting the imager: Back Facing Camera
2016-01-28 03:54:12,982 DEBUG [EBRE22_ImagerSTTL-116705] TestStepResult of SelectImager: Pass
2016-01-28 03:54:12,982 DEBUG [EBRE22_ImagerSTTL-116705] In execute keyword function
2016-01-28 03:54:12,982 DEBUG [EBRE22_ImagerSTTL-116705] Executing SelectTestToRun function:
2016-01-28 03:54:15,830 DEBUG [EBRE22_ImagerSTTL-116705] Successfull in selecting clicking the category
2016-01-28 03:54:15,830 DEBUG [EBRE22_ImagerSTTL-116705] TestStepResult of SelectTestToRun: pass
2016-01-28 03:54:15,830 DEBUG [EBRE22_ImagerSTTL-116705] In execute keyword function
2016-01-28 03:54:15,830 DEBUG [EBRE22_ImagerSTTL-116705] Executing validate_Text_Exists function:
2016-01-28 03:54:16,117 DEBUG [EBRE22_ImagerSTTL-116705] VT187-0177 Testcase Text found
2016-01-28 03:54:16,117 DEBUG [EBRE22_ImagerSTTL-116705] Result of validate_Text_Exists: Pass
2016-01-28 03:54:16,117 DEBUG [EBRE22_ImagerSTTL-116705] In execute keyword function
2016-01-28 03:54:16,117 DEBUG [EBRE22_ImagerSTTL-116705] Executing ClickRunTest function:
2016-01-28 03:54:16,458 DEBUG [EBRE22_ImagerSTTL-116705] Executing Click function
2016-01-28 03:54:17,538 DEBUG [EBRE22_ImagerSTTL-116705] Exiting Click function
2016-01-28 03:54:17,538 DEBUG [EBRE22_ImagerSTTL-116705] runtest_top_xpath Button clicked Successfully
2016-01-28 03:54:17,538 DEBUG [EBRE22_ImagerSTTL-116705] TestStepResult of ClickRunTest: pass
2016-01-28 03:54:17,538 DEBUG [EBRE22_ImagerSTTL-116705] In execute keyword function
2016-01-28 03:54:17,538 DEBUG [EBRE22_ImagerSTTL-116705] Executing wait function:
2016-01-28 03:54:17,538 DEBUG [EBRE22_ImagerSTTL-116705] Started Executing wait function
2016-01-28 03:54:19,538 DEBUG [EBRE22_ImagerSTTL-116705] Exiting from wait function
2016-01-28 03:54:19,538 DEBUG [EBRE22_ImagerSTTL-116705] TestStepResult of wait: Pass
2016-01-28 03:54:19,538 DEBUG [EBRE22_ImagerSTTL-116705] In execute keyword function
2016-01-28 03:54:19,538 DEBUG [EBRE22_ImagerSTTL-116705] Executing ClickRunTest function:
2016-01-28 03:54:19,900 DEBUG [EBRE22_ImagerSTTL-116705] Executing Click function
2016-01-28 03:54:20,960 DEBUG [EBRE22_ImagerSTTL-116705] Exiting Click function
2016-01-28 03:54:20,960 DEBUG [EBRE22_ImagerSTTL-116705] capture_xpath Button clicked Successfully
2016-01-28 03:54:20,960 DEBUG [EBRE22_ImagerSTTL-116705] TestStepResult of ClickRunTest: pass
2016-01-28 03:54:20,960 DEBUG [EBRE22_ImagerSTTL-116705] In execute keyword function
2016-01-28 03:54:20,960 DEBUG [EBRE22_ImagerSTTL-116705] Executing wait function:
2016-01-28 03:54:20,960 DEBUG [EBRE22_ImagerSTTL-116705] Started Executing wait function
2016-01-28 03:54:22,961 DEBUG [EBRE22_ImagerSTTL-116705] Exiting from wait function
2016-01-28 03:54:22,961 DEBUG [EBRE22_ImagerSTTL-116705] TestStepResult of wait: Pass
2016-01-28 03:54:22,961 DEBUG [EBRE22_ImagerSTTL-116705] In execute keyword function
2016-01-28 03:54:22,961 DEBUG [EBRE22_ImagerSTTL-116705] Executing ClickRunTest function:
2016-01-28 03:54:23,373 DEBUG [EBRE22_ImagerSTTL-116705] Executing Click function
2016-01-28 03:54:24,500 DEBUG [EBRE22_ImagerSTTL-116705] Exiting Click function
2016-01-28 03:54:24,500 DEBUG [EBRE22_ImagerSTTL-116705] disable_xpath Button clicked Successfully
2016-01-28 03:54:24,500 DEBUG [EBRE22_ImagerSTTL-116705] TestStepResult of ClickRunTest: pass
2016-01-28 03:54:24,500 DEBUG [EBRE22_ImagerSTTL-116705] In execute keyword function
2016-01-28 03:54:24,500 DEBUG [EBRE22_ImagerSTTL-116705] Executing validate_Text_Exists function:
2016-01-28 03:54:24,703 DEBUG [EBRE22_ImagerSTTL-116705] VT187-0177 Testcase Text found
2016-01-28 03:54:24,703 DEBUG [EBRE22_ImagerSTTL-116705] Result of validate_Text_Exists: Pass
2016-01-28 03:54:24,703 DEBUG [EBRE22_ImagerSTTL-116705] allstep_result contains: passPasspassPasspasspassPassPassPassPassnull
2016-01-28 03:54:24,703 DEBUG [EBRE22_ImagerSTTL-116705] allexpected_result contains: nullPassnullPassnullpassnullpassnull
2016-01-28 03:54:24,703 DEBUG [EBRE22_ImagerSTTL-116705] Testcase_Result contains: nullPassnullPassnullpassnullpassnullpassPasspassPasspasspassPassPassPassPassnull
2016-01-28 03:54:24,703 DEBUG [EBRE22_ImagerSTTL-116705] Test case with description Disable the camera Imager Pass
2016-01-28 03:54:25,700 DEBUG [EBRE22_ImagerSTTL-116705] Executing browser_Quit function
2016-01-28 03:54:25,700 DEBUG [EBRE22_ImagerSTTL-116705] Completed browser_Quit function
2016-01-28 03:54:25,700 DEBUG [EBRE22_ImagerSTTL-116705] Completed quitSelendroid function
2016-01-28 03:54:25,701 DEBUG [EBRE22_ImagerSTTL-116705] Row number:6
2016-01-28 03:54:25,741 DEBUG [EBRE22_ImagerSTTL-116705] Ending Test Case IDSTTL-116705
