2016-01-28 03:57:24,756 DEBUG [EBRE22_ImagerSTTL-116711] Executing Test Case ID: STTL-116711
2016-01-28 03:57:24,762 DEBUG [EBRE22_ImagerSTTL-116711] Executing Init_Selendroid function with APK as parameter and clear data value with 1
2016-01-28 03:57:35,098 DEBUG [EBRE22_ImagerSTTL-116711] Exiting Init_Selendroid function
2016-01-28 03:57:35,112 DEBUG [EBRE22_ImagerSTTL-116711] TestCase with Description "Destination to file system" Execution started
2016-01-28 03:57:35,112 DEBUG [EBRE22_ImagerSTTL-116711] In execute keyword function
2016-01-28 03:57:35,112 DEBUG [EBRE22_ImagerSTTL-116711] Executing wait function:
2016-01-28 03:57:35,112 DEBUG [EBRE22_ImagerSTTL-116711] Started Executing wait function
2016-01-28 03:57:38,112 DEBUG [EBRE22_ImagerSTTL-116711] Exiting from wait function
2016-01-28 03:57:38,112 DEBUG [EBRE22_ImagerSTTL-116711] TestStepResult of wait: Pass
2016-01-28 03:57:38,112 DEBUG [EBRE22_ImagerSTTL-116711] In execute keyword function
2016-01-28 03:57:38,112 DEBUG [EBRE22_ImagerSTTL-116711] Executing validate_PageTitle function:
2016-01-28 03:57:38,150 DEBUG [EBRE22_ImagerSTTL-116711] The title of the page is *********************************: RE 2.2 Tests
2016-01-28 03:57:38,150 DEBUG [EBRE22_ImagerSTTL-116711] The page title found is correct
2016-01-28 03:57:38,150 DEBUG [EBRE22_ImagerSTTL-116711] Result of validate_PageTitle: pass
2016-01-28 03:57:38,150 DEBUG [EBRE22_ImagerSTTL-116711] In execute keyword function
2016-01-28 03:57:38,150 DEBUG [EBRE22_ImagerSTTL-116711] Executing link_Click function:
2016-01-28 03:57:38,725 DEBUG [EBRE22_ImagerSTTL-116711] Executing Click function
2016-01-28 03:57:39,736 DEBUG [EBRE22_ImagerSTTL-116711] Exiting Click function
2016-01-28 03:57:39,736 DEBUG [EBRE22_ImagerSTTL-116711] imager_test_link clicked successfully
2016-01-28 03:57:39,736 DEBUG [EBRE22_ImagerSTTL-116711] TestStepResult of link_Click: Pass
2016-01-28 03:57:39,736 DEBUG [EBRE22_ImagerSTTL-116711] In execute keyword function
2016-01-28 03:57:39,736 DEBUG [EBRE22_ImagerSTTL-116711] Executing validate_PageTitle function:
2016-01-28 03:57:39,759 DEBUG [EBRE22_ImagerSTTL-116711] The title of the page is *********************************: PB and RE2.2 Semi Auto Frame Work : Imager
2016-01-28 03:57:39,759 DEBUG [EBRE22_ImagerSTTL-116711] The page title found is correct
2016-01-28 03:57:39,759 DEBUG [EBRE22_ImagerSTTL-116711] Result of validate_PageTitle: pass
2016-01-28 03:57:39,759 DEBUG [EBRE22_ImagerSTTL-116711] In execute keyword function
2016-01-28 03:57:39,759 DEBUG [EBRE22_ImagerSTTL-116711] Executing wait function:
2016-01-28 03:57:39,759 DEBUG [EBRE22_ImagerSTTL-116711] Started Executing wait function
2016-01-28 03:57:44,760 DEBUG [EBRE22_ImagerSTTL-116711] Exiting from wait function
2016-01-28 03:57:44,760 DEBUG [EBRE22_ImagerSTTL-116711] TestStepResult of wait: Pass
2016-01-28 03:57:44,760 DEBUG [EBRE22_ImagerSTTL-116711] In execute keyword function
2016-01-28 03:57:44,760 DEBUG [EBRE22_ImagerSTTL-116711] Executing SelectImager function:
2016-01-28 03:57:47,381 DEBUG [EBRE22_ImagerSTTL-116711] Successfull in selecting the imager: Back Facing Camera
2016-01-28 03:57:47,381 DEBUG [EBRE22_ImagerSTTL-116711] TestStepResult of SelectImager: Pass
2016-01-28 03:57:47,381 DEBUG [EBRE22_ImagerSTTL-116711] In execute keyword function
2016-01-28 03:57:47,381 DEBUG [EBRE22_ImagerSTTL-116711] Executing SelectTestToRun function:
2016-01-28 03:57:51,265 DEBUG [EBRE22_ImagerSTTL-116711] Successfull in selecting clicking the category
2016-01-28 03:57:51,265 DEBUG [EBRE22_ImagerSTTL-116711] TestStepResult of SelectTestToRun: pass
2016-01-28 03:57:51,266 DEBUG [EBRE22_ImagerSTTL-116711] In execute keyword function
2016-01-28 03:57:51,266 DEBUG [EBRE22_ImagerSTTL-116711] Executing validate_Text_Exists function:
2016-01-28 03:57:51,514 DEBUG [EBRE22_ImagerSTTL-116711] VT187-0208 Testcase Text found
2016-01-28 03:57:51,514 DEBUG [EBRE22_ImagerSTTL-116711] Result of validate_Text_Exists: Pass
2016-01-28 03:57:51,514 DEBUG [EBRE22_ImagerSTTL-116711] In execute keyword function
2016-01-28 03:57:51,514 DEBUG [EBRE22_ImagerSTTL-116711] Executing ClickRunTest function:
2016-01-28 03:57:51,871 DEBUG [EBRE22_ImagerSTTL-116711] Executing Click function
2016-01-28 03:57:52,890 DEBUG [EBRE22_ImagerSTTL-116711] Exiting Click function
2016-01-28 03:57:52,890 DEBUG [EBRE22_ImagerSTTL-116711] runtest_top_xpath Button clicked Successfully
2016-01-28 03:57:52,890 DEBUG [EBRE22_ImagerSTTL-116711] TestStepResult of ClickRunTest: pass
2016-01-28 03:57:52,890 DEBUG [EBRE22_ImagerSTTL-116711] In execute keyword function
2016-01-28 03:57:52,890 DEBUG [EBRE22_ImagerSTTL-116711] Executing wait function:
2016-01-28 03:57:52,890 DEBUG [EBRE22_ImagerSTTL-116711] Started Executing wait function
2016-01-28 03:57:57,891 DEBUG [EBRE22_ImagerSTTL-116711] Exiting from wait function
2016-01-28 03:57:57,891 DEBUG [EBRE22_ImagerSTTL-116711] TestStepResult of wait: Pass
2016-01-28 03:57:57,891 DEBUG [EBRE22_ImagerSTTL-116711] In execute keyword function
2016-01-28 03:57:57,891 DEBUG [EBRE22_ImagerSTTL-116711] Executing validate_Result function:
2016-01-28 03:57:58,209 DEBUG [EBRE22_ImagerSTTL-116711] OK: File Moved Text found in OK: File Moved
2016-01-28 03:57:58,209 DEBUG [EBRE22_ImagerSTTL-116711] Result of validate_Result: Pass
2016-01-28 03:57:58,209 DEBUG [EBRE22_ImagerSTTL-116711] allstep_result contains: PasspasspassPassPassPassPassnull
2016-01-28 03:57:58,209 DEBUG [EBRE22_ImagerSTTL-116711] allexpected_result contains: nullPassnullPassnullpassnullpassnull
2016-01-28 03:57:58,209 DEBUG [EBRE22_ImagerSTTL-116711] Testcase_Result contains: nullPassnullPassnullpassnullpassnullPasspasspassPassPassPassPassnull
2016-01-28 03:57:58,209 DEBUG [EBRE22_ImagerSTTL-116711] Test case with description Destination to file system Pass
2016-01-28 03:57:59,199 DEBUG [EBRE22_ImagerSTTL-116711] Executing browser_Quit function
2016-01-28 03:57:59,199 DEBUG [EBRE22_ImagerSTTL-116711] Completed browser_Quit function
2016-01-28 03:57:59,199 DEBUG [EBRE22_ImagerSTTL-116711] Completed quitSelendroid function
2016-01-28 03:57:59,199 DEBUG [EBRE22_ImagerSTTL-116711] Row number:12
2016-01-28 03:57:59,244 DEBUG [EBRE22_ImagerSTTL-116711] Ending Test Case IDSTTL-116711
