2016-01-28 02:56:52,281 DEBUG [EBRE22_APDSTTL-116704] Executing Test Case ID: STTL-116704
2016-01-28 02:56:52,286 DEBUG [EBRE22_APDSTTL-116704] Executing Init_Selendroid function with APK as parameter and clear data value with 1
2016-01-28 02:57:02,377 DEBUG [EBRE22_APDSTTL-116704] Exiting Init_Selendroid function
2016-01-28 02:57:02,389 DEBUG [EBRE22_APDSTTL-116704] TestCase with Description "Hide Progress Bar Command 0112" Execution started
2016-01-28 02:57:02,389 DEBUG [EBRE22_APDSTTL-116704] In execute keyword function
2016-01-28 02:57:02,389 DEBUG [EBRE22_APDSTTL-116704] Executing wait function:
2016-01-28 02:57:02,389 DEBUG [EBRE22_APDSTTL-116704] Started Executing wait function
2016-01-28 02:57:05,390 DEBUG [EBRE22_APDSTTL-116704] Exiting from wait function
2016-01-28 02:57:05,390 DEBUG [EBRE22_APDSTTL-116704] TestStepResult of wait: Pass
2016-01-28 02:57:05,390 DEBUG [EBRE22_APDSTTL-116704] In execute keyword function
2016-01-28 02:57:05,390 DEBUG [EBRE22_APDSTTL-116704] Executing validate_PageTitle function:
2016-01-28 02:57:05,430 DEBUG [EBRE22_APDSTTL-116704] The title of the page is *********************************: RE 2.2 Tests
2016-01-28 02:57:05,430 DEBUG [EBRE22_APDSTTL-116704] The page title found is correct
2016-01-28 02:57:05,430 DEBUG [EBRE22_APDSTTL-116704] Result of validate_PageTitle: pass
2016-01-28 02:57:05,430 DEBUG [EBRE22_APDSTTL-116704] In execute keyword function
2016-01-28 02:57:05,430 DEBUG [EBRE22_APDSTTL-116704] Executing link_Click function:
2016-01-28 02:57:06,040 DEBUG [EBRE22_APDSTTL-116704] Executing Click function
2016-01-28 02:57:07,054 DEBUG [EBRE22_APDSTTL-116704] Exiting Click function
2016-01-28 02:57:07,054 DEBUG [EBRE22_APDSTTL-116704] apd_test_link clicked successfully
2016-01-28 02:57:07,054 DEBUG [EBRE22_APDSTTL-116704] TestStepResult of link_Click: Pass
2016-01-28 02:57:07,054 DEBUG [EBRE22_APDSTTL-116704] In execute keyword function
2016-01-28 02:57:07,054 DEBUG [EBRE22_APDSTTL-116704] Executing validate_PageTitle function:
2016-01-28 02:57:07,165 DEBUG [EBRE22_APDSTTL-116704] The title of the page is *********************************: PB and RE2.2 Semi Auto Frame Work : APD
2016-01-28 02:57:07,165 DEBUG [EBRE22_APDSTTL-116704] The page title found is correct
2016-01-28 02:57:07,165 DEBUG [EBRE22_APDSTTL-116704] Result of validate_PageTitle: pass
2016-01-28 02:57:07,165 DEBUG [EBRE22_APDSTTL-116704] In execute keyword function
2016-01-28 02:57:07,165 DEBUG [EBRE22_APDSTTL-116704] Executing wait function:
2016-01-28 02:57:07,165 DEBUG [EBRE22_APDSTTL-116704] Started Executing wait function
2016-01-28 02:57:08,165 DEBUG [EBRE22_APDSTTL-116704] Exiting from wait function
2016-01-28 02:57:08,165 DEBUG [EBRE22_APDSTTL-116704] TestStepResult of wait: Pass
2016-01-28 02:57:08,165 DEBUG [EBRE22_APDSTTL-116704] In execute keyword function
2016-01-28 02:57:08,165 DEBUG [EBRE22_APDSTTL-116704] Executing SelectTestToRun function:
2016-01-28 02:57:11,038 DEBUG [EBRE22_APDSTTL-116704] Successfull in selecting clicking the category
2016-01-28 02:57:11,038 DEBUG [EBRE22_APDSTTL-116704] TestStepResult of SelectTestToRun: pass
2016-01-28 02:57:11,038 DEBUG [EBRE22_APDSTTL-116704] In execute keyword function
2016-01-28 02:57:11,038 DEBUG [EBRE22_APDSTTL-116704] Executing validate_Text_Exists function:
2016-01-28 02:57:11,311 DEBUG [EBRE22_APDSTTL-116704] VT187-0486 Testcase Text found
2016-01-28 02:57:11,311 DEBUG [EBRE22_APDSTTL-116704] Result of validate_Text_Exists: Pass
2016-01-28 02:57:11,311 DEBUG [EBRE22_APDSTTL-116704] In execute keyword function
2016-01-28 02:57:11,311 DEBUG [EBRE22_APDSTTL-116704] Executing wait function:
2016-01-28 02:57:11,311 DEBUG [EBRE22_APDSTTL-116704] Started Executing wait function
2016-01-28 02:57:12,311 DEBUG [EBRE22_APDSTTL-116704] Exiting from wait function
2016-01-28 02:57:12,311 DEBUG [EBRE22_APDSTTL-116704] TestStepResult of wait: Pass
2016-01-28 02:57:12,311 DEBUG [EBRE22_APDSTTL-116704] In execute keyword function
2016-01-28 02:57:12,311 DEBUG [EBRE22_APDSTTL-116704] Executing ClickRunTest function:
2016-01-28 02:57:12,613 DEBUG [EBRE22_APDSTTL-116704] Executing Click function
2016-01-28 02:57:13,607 DEBUG [EBRE22_APDSTTL-116704] Exiting Click function
2016-01-28 02:57:13,607 DEBUG [EBRE22_APDSTTL-116704] runtest_top_xpath Button clicked Successfully
2016-01-28 02:57:13,607 DEBUG [EBRE22_APDSTTL-116704] TestStepResult of ClickRunTest: pass
2016-01-28 02:57:13,607 DEBUG [EBRE22_APDSTTL-116704] In execute keyword function
2016-01-28 02:57:13,607 DEBUG [EBRE22_APDSTTL-116704] Executing wait function:
2016-01-28 02:57:13,607 DEBUG [EBRE22_APDSTTL-116704] Started Executing wait function
2016-01-28 02:57:18,607 DEBUG [EBRE22_APDSTTL-116704] Exiting from wait function
2016-01-28 02:57:18,607 DEBUG [EBRE22_APDSTTL-116704] TestStepResult of wait: Pass
2016-01-28 02:57:18,607 DEBUG [EBRE22_APDSTTL-116704] In execute keyword function
2016-01-28 02:57:18,607 DEBUG [EBRE22_APDSTTL-116704] Executing validate_Result function:
2016-01-28 02:57:25,621 DEBUG [EBRE22_APDSTTL-116704] ProgressbarOff274: 0 Text found in ProgressbarOff274: 0
2016-01-28 02:57:25,622 DEBUG [EBRE22_APDSTTL-116704] Result of validate_Result: Pass
2016-01-28 02:57:25,622 DEBUG [EBRE22_APDSTTL-116704] allstep_result contains: PasspassPasspassPassPassPassnull
2016-01-28 02:57:25,622 DEBUG [EBRE22_APDSTTL-116704] allexpected_result contains: nullPassnullPassnullpassnullpassnull
2016-01-28 02:57:25,622 DEBUG [EBRE22_APDSTTL-116704] Testcase_Result contains: nullPassnullPassnullpassnullpassnullPasspassPasspassPassPassPassnull
2016-01-28 02:57:25,622 DEBUG [EBRE22_APDSTTL-116704] Test case with description Hide Progress Bar Command 0112 Pass
2016-01-28 02:57:26,631 DEBUG [EBRE22_APDSTTL-116704] Executing browser_Quit function
2016-01-28 02:57:26,631 DEBUG [EBRE22_APDSTTL-116704] Completed browser_Quit function
2016-01-28 02:57:26,631 DEBUG [EBRE22_APDSTTL-116704] Completed quitSelendroid function
2016-01-28 02:57:26,631 DEBUG [EBRE22_APDSTTL-116704] Row number:5
2016-01-28 02:57:26,657 DEBUG [EBRE22_APDSTTL-116704] Ending Test Case IDSTTL-116704
