2016-01-28 02:57:26,670 DEBUG [EBRE22_APDSTTL-116705] Executing Test Case ID: STTL-116705
2016-01-28 02:57:26,675 DEBUG [EBRE22_APDSTTL-116705] Executing Init_Selendroid function with APK as parameter and clear data value with 1
2016-01-28 02:57:36,609 DEBUG [EBRE22_APDSTTL-116705] Exiting Init_Selendroid function
2016-01-28 02:57:36,621 DEBUG [EBRE22_APDSTTL-116705] TestCase with Description "Show Progress Bar Command 0113" Execution started
2016-01-28 02:57:36,621 DEBUG [EBRE22_APDSTTL-116705] In execute keyword function
2016-01-28 02:57:36,621 DEBUG [EBRE22_APDSTTL-116705] Executing wait function:
2016-01-28 02:57:36,621 DEBUG [EBRE22_APDSTTL-116705] Started Executing wait function
2016-01-28 02:57:39,621 DEBUG [EBRE22_APDSTTL-116705] Exiting from wait function
2016-01-28 02:57:39,621 DEBUG [EBRE22_APDSTTL-116705] TestStepResult of wait: Pass
2016-01-28 02:57:39,621 DEBUG [EBRE22_APDSTTL-116705] In execute keyword function
2016-01-28 02:57:39,621 DEBUG [EBRE22_APDSTTL-116705] Executing validate_PageTitle function:
2016-01-28 02:57:39,670 DEBUG [EBRE22_APDSTTL-116705] The title of the page is *********************************: RE 2.2 Tests
2016-01-28 02:57:39,670 DEBUG [EBRE22_APDSTTL-116705] The page title found is correct
2016-01-28 02:57:39,670 DEBUG [EBRE22_APDSTTL-116705] Result of validate_PageTitle: pass
2016-01-28 02:57:39,670 DEBUG [EBRE22_APDSTTL-116705] In execute keyword function
2016-01-28 02:57:39,670 DEBUG [EBRE22_APDSTTL-116705] Executing link_Click function:
2016-01-28 02:57:40,224 DEBUG [EBRE22_APDSTTL-116705] Executing Click function
2016-01-28 02:57:41,221 DEBUG [EBRE22_APDSTTL-116705] Exiting Click function
2016-01-28 02:57:41,221 DEBUG [EBRE22_APDSTTL-116705] apd_test_link clicked successfully
2016-01-28 02:57:41,221 DEBUG [EBRE22_APDSTTL-116705] TestStepResult of link_Click: Pass
2016-01-28 02:57:41,221 DEBUG [EBRE22_APDSTTL-116705] In execute keyword function
2016-01-28 02:57:41,221 DEBUG [EBRE22_APDSTTL-116705] Executing validate_PageTitle function:
2016-01-28 02:57:41,256 DEBUG [EBRE22_APDSTTL-116705] The title of the page is *********************************: PB and RE2.2 Semi Auto Frame Work : APD
2016-01-28 02:57:41,257 DEBUG [EBRE22_APDSTTL-116705] The page title found is correct
2016-01-28 02:57:41,257 DEBUG [EBRE22_APDSTTL-116705] Result of validate_PageTitle: pass
2016-01-28 02:57:41,257 DEBUG [EBRE22_APDSTTL-116705] In execute keyword function
2016-01-28 02:57:41,257 DEBUG [EBRE22_APDSTTL-116705] Executing wait function:
2016-01-28 02:57:41,257 DEBUG [EBRE22_APDSTTL-116705] Started Executing wait function
2016-01-28 02:57:42,257 DEBUG [EBRE22_APDSTTL-116705] Exiting from wait function
2016-01-28 02:57:42,257 DEBUG [EBRE22_APDSTTL-116705] TestStepResult of wait: Pass
2016-01-28 02:57:42,257 DEBUG [EBRE22_APDSTTL-116705] In execute keyword function
2016-01-28 02:57:42,257 DEBUG [EBRE22_APDSTTL-116705] Executing SelectTestToRun function:
2016-01-28 02:57:45,086 DEBUG [EBRE22_APDSTTL-116705] Successfull in selecting clicking the category
2016-01-28 02:57:45,086 DEBUG [EBRE22_APDSTTL-116705] TestStepResult of SelectTestToRun: pass
2016-01-28 02:57:45,086 DEBUG [EBRE22_APDSTTL-116705] In execute keyword function
2016-01-28 02:57:45,086 DEBUG [EBRE22_APDSTTL-116705] Executing validate_Text_Exists function:
2016-01-28 02:57:45,348 DEBUG [EBRE22_APDSTTL-116705] VT187-0484 Testcase Text found
2016-01-28 02:57:45,348 DEBUG [EBRE22_APDSTTL-116705] Result of validate_Text_Exists: Pass
2016-01-28 02:57:45,348 DEBUG [EBRE22_APDSTTL-116705] In execute keyword function
2016-01-28 02:57:45,348 DEBUG [EBRE22_APDSTTL-116705] Executing wait function:
2016-01-28 02:57:45,348 DEBUG [EBRE22_APDSTTL-116705] Started Executing wait function
2016-01-28 02:57:46,348 DEBUG [EBRE22_APDSTTL-116705] Exiting from wait function
2016-01-28 02:57:46,348 DEBUG [EBRE22_APDSTTL-116705] TestStepResult of wait: Pass
2016-01-28 02:57:46,348 DEBUG [EBRE22_APDSTTL-116705] In execute keyword function
2016-01-28 02:57:46,348 DEBUG [EBRE22_APDSTTL-116705] Executing ClickRunTest function:
2016-01-28 02:57:46,695 DEBUG [EBRE22_APDSTTL-116705] Executing Click function
2016-01-28 02:57:47,717 DEBUG [EBRE22_APDSTTL-116705] Exiting Click function
2016-01-28 02:57:47,717 DEBUG [EBRE22_APDSTTL-116705] runtest_top_xpath Button clicked Successfully
2016-01-28 02:57:47,717 DEBUG [EBRE22_APDSTTL-116705] TestStepResult of ClickRunTest: pass
2016-01-28 02:57:47,717 DEBUG [EBRE22_APDSTTL-116705] In execute keyword function
2016-01-28 02:57:47,717 DEBUG [EBRE22_APDSTTL-116705] Executing wait function:
2016-01-28 02:57:47,717 DEBUG [EBRE22_APDSTTL-116705] Started Executing wait function
2016-01-28 02:57:52,718 DEBUG [EBRE22_APDSTTL-116705] Exiting from wait function
2016-01-28 02:57:52,718 DEBUG [EBRE22_APDSTTL-116705] TestStepResult of wait: Pass
2016-01-28 02:57:52,718 DEBUG [EBRE22_APDSTTL-116705] In execute keyword function
2016-01-28 02:57:52,718 DEBUG [EBRE22_APDSTTL-116705] Executing validate_Result function:
2016-01-28 02:58:02,246 DEBUG [EBRE22_APDSTTL-116705] ProgressbarOn275: 0 Text found in ProgressbarOn275: 0
2016-01-28 02:58:02,246 DEBUG [EBRE22_APDSTTL-116705] Result of validate_Result: Pass
2016-01-28 02:58:02,246 DEBUG [EBRE22_APDSTTL-116705] allstep_result contains: PasspassPasspassPassPassPassnull
2016-01-28 02:58:02,246 DEBUG [EBRE22_APDSTTL-116705] allexpected_result contains: nullPassnullPassnullpassnullpassnull
2016-01-28 02:58:02,246 DEBUG [EBRE22_APDSTTL-116705] Testcase_Result contains: nullPassnullPassnullpassnullpassnullPasspassPasspassPassPassPassnull
2016-01-28 02:58:02,246 DEBUG [EBRE22_APDSTTL-116705] Test case with description Show Progress Bar Command 0113 Pass
2016-01-28 02:58:03,266 DEBUG [EBRE22_APDSTTL-116705] Executing browser_Quit function
2016-01-28 02:58:03,266 DEBUG [EBRE22_APDSTTL-116705] Completed browser_Quit function
2016-01-28 02:58:03,266 DEBUG [EBRE22_APDSTTL-116705] Completed quitSelendroid function
2016-01-28 02:58:03,266 DEBUG [EBRE22_APDSTTL-116705] Row number:6
2016-01-28 02:58:03,308 DEBUG [EBRE22_APDSTTL-116705] Ending Test Case IDSTTL-116705
