2016-01-28 02:58:30,882 DEBUG [EBRE22_APDSTTL-116707] Executing Test Case ID: STTL-116707
2016-01-28 02:58:30,889 DEBUG [EBRE22_APDSTTL-116707] Executing Init_Selendroid function with APK as parameter and clear data value with 1
2016-01-28 02:58:41,373 DEBUG [EBRE22_APDSTTL-116707] Exiting Init_Selendroid function
2016-01-28 02:58:41,386 DEBUG [EBRE22_APDSTTL-116707] TestCase with Description "Bluetooth Radio On Command 0114" Execution started
2016-01-28 02:58:41,386 DEBUG [EBRE22_APDSTTL-116707] In execute keyword function
2016-01-28 02:58:41,386 DEBUG [EBRE22_APDSTTL-116707] Executing wait function:
2016-01-28 02:58:41,386 DEBUG [EBRE22_APDSTTL-116707] Started Executing wait function
2016-01-28 02:58:44,387 DEBUG [EBRE22_APDSTTL-116707] Exiting from wait function
2016-01-28 02:58:44,387 DEBUG [EBRE22_APDSTTL-116707] TestStepResult of wait: Pass
2016-01-28 02:58:44,387 DEBUG [EBRE22_APDSTTL-116707] In execute keyword function
2016-01-28 02:58:44,387 DEBUG [EBRE22_APDSTTL-116707] Executing validate_PageTitle function:
2016-01-28 02:58:44,429 DEBUG [EBRE22_APDSTTL-116707] The title of the page is *********************************: RE 2.2 Tests
2016-01-28 02:58:44,429 DEBUG [EBRE22_APDSTTL-116707] The page title found is correct
2016-01-28 02:58:44,429 DEBUG [EBRE22_APDSTTL-116707] Result of validate_PageTitle: pass
2016-01-28 02:58:44,429 DEBUG [EBRE22_APDSTTL-116707] In execute keyword function
2016-01-28 02:58:44,429 DEBUG [EBRE22_APDSTTL-116707] Executing link_Click function:
2016-01-28 02:58:44,958 DEBUG [EBRE22_APDSTTL-116707] Executing Click function
2016-01-28 02:58:46,039 DEBUG [EBRE22_APDSTTL-116707] Exiting Click function
2016-01-28 02:58:46,039 DEBUG [EBRE22_APDSTTL-116707] apd_test_link clicked successfully
2016-01-28 02:58:46,039 DEBUG [EBRE22_APDSTTL-116707] TestStepResult of link_Click: Pass
2016-01-28 02:58:46,039 DEBUG [EBRE22_APDSTTL-116707] In execute keyword function
2016-01-28 02:58:46,039 DEBUG [EBRE22_APDSTTL-116707] Executing validate_PageTitle function:
2016-01-28 02:58:46,065 DEBUG [EBRE22_APDSTTL-116707] The title of the page is *********************************: PB and RE2.2 Semi Auto Frame Work : APD
2016-01-28 02:58:46,065 DEBUG [EBRE22_APDSTTL-116707] The page title found is correct
2016-01-28 02:58:46,065 DEBUG [EBRE22_APDSTTL-116707] Result of validate_PageTitle: pass
2016-01-28 02:58:46,065 DEBUG [EBRE22_APDSTTL-116707] In execute keyword function
2016-01-28 02:58:46,065 DEBUG [EBRE22_APDSTTL-116707] Executing wait function:
2016-01-28 02:58:46,065 DEBUG [EBRE22_APDSTTL-116707] Started Executing wait function
2016-01-28 02:58:47,065 DEBUG [EBRE22_APDSTTL-116707] Exiting from wait function
2016-01-28 02:58:47,065 DEBUG [EBRE22_APDSTTL-116707] TestStepResult of wait: Pass
2016-01-28 02:58:47,065 DEBUG [EBRE22_APDSTTL-116707] In execute keyword function
2016-01-28 02:58:47,065 DEBUG [EBRE22_APDSTTL-116707] Executing SelectTestToRun function:
2016-01-28 02:58:49,920 DEBUG [EBRE22_APDSTTL-116707] Successfull in selecting clicking the category
2016-01-28 02:58:49,920 DEBUG [EBRE22_APDSTTL-116707] TestStepResult of SelectTestToRun: pass
2016-01-28 02:58:49,920 DEBUG [EBRE22_APDSTTL-116707] In execute keyword function
2016-01-28 02:58:49,920 DEBUG [EBRE22_APDSTTL-116707] Executing validate_Text_Exists function:
2016-01-28 02:58:50,187 DEBUG [EBRE22_APDSTTL-116707] VT187-0488 Testcase Text found
2016-01-28 02:58:50,188 DEBUG [EBRE22_APDSTTL-116707] Result of validate_Text_Exists: Pass
2016-01-28 02:58:50,188 DEBUG [EBRE22_APDSTTL-116707] In execute keyword function
2016-01-28 02:58:50,188 DEBUG [EBRE22_APDSTTL-116707] Executing wait function:
2016-01-28 02:58:50,188 DEBUG [EBRE22_APDSTTL-116707] Started Executing wait function
2016-01-28 02:58:51,188 DEBUG [EBRE22_APDSTTL-116707] Exiting from wait function
2016-01-28 02:58:51,188 DEBUG [EBRE22_APDSTTL-116707] TestStepResult of wait: Pass
2016-01-28 02:58:51,188 DEBUG [EBRE22_APDSTTL-116707] In execute keyword function
2016-01-28 02:58:51,188 DEBUG [EBRE22_APDSTTL-116707] Executing ClickRunTest function:
2016-01-28 02:58:51,530 DEBUG [EBRE22_APDSTTL-116707] Executing Click function
2016-01-28 02:58:52,554 DEBUG [EBRE22_APDSTTL-116707] Exiting Click function
2016-01-28 02:58:52,554 DEBUG [EBRE22_APDSTTL-116707] runtest_top_xpath Button clicked Successfully
2016-01-28 02:58:52,554 DEBUG [EBRE22_APDSTTL-116707] TestStepResult of ClickRunTest: pass
2016-01-28 02:58:52,554 DEBUG [EBRE22_APDSTTL-116707] In execute keyword function
2016-01-28 02:58:52,554 DEBUG [EBRE22_APDSTTL-116707] Executing wait function:
2016-01-28 02:58:52,555 DEBUG [EBRE22_APDSTTL-116707] Started Executing wait function
2016-01-28 02:58:57,556 DEBUG [EBRE22_APDSTTL-116707] Exiting from wait function
2016-01-28 02:58:57,556 DEBUG [EBRE22_APDSTTL-116707] TestStepResult of wait: Pass
2016-01-28 02:58:57,556 DEBUG [EBRE22_APDSTTL-116707] In execute keyword function
2016-01-28 02:58:57,556 DEBUG [EBRE22_APDSTTL-116707] Executing validate_Result function:
2016-01-28 02:58:57,813 DEBUG [EBRE22_APDSTTL-116707] BTPowerOn: 0 Text found in BTPowerOn: 0
2016-01-28 02:58:57,814 DEBUG [EBRE22_APDSTTL-116707] Result of validate_Result: Pass
2016-01-28 02:58:57,814 DEBUG [EBRE22_APDSTTL-116707] allstep_result contains: PasspassPasspassPassPassPassnull
2016-01-28 02:58:57,814 DEBUG [EBRE22_APDSTTL-116707] allexpected_result contains: nullPassnullPassnullpassnullpassnull
2016-01-28 02:58:57,814 DEBUG [EBRE22_APDSTTL-116707] Testcase_Result contains: nullPassnullPassnullpassnullpassnullPasspassPasspassPassPassPassnull
2016-01-28 02:58:57,814 DEBUG [EBRE22_APDSTTL-116707] Test case with description Bluetooth Radio On Command 0114 Pass
2016-01-28 02:58:58,816 DEBUG [EBRE22_APDSTTL-116707] Executing browser_Quit function
2016-01-28 02:58:58,816 DEBUG [EBRE22_APDSTTL-116707] Completed browser_Quit function
2016-01-28 02:58:58,816 DEBUG [EBRE22_APDSTTL-116707] Completed quitSelendroid function
2016-01-28 02:58:58,817 DEBUG [EBRE22_APDSTTL-116707] Row number:8
2016-01-28 02:58:58,846 DEBUG [EBRE22_APDSTTL-116707] Ending Test Case IDSTTL-116707
