2016-01-27 23:43:05,277 DEBUG [EBPB_DeviceApplicationSTTL-116708] Executing Test Case ID: STTL-116708
2016-01-27 23:43:05,284 DEBUG [EBPB_DeviceApplicationSTTL-116708] Executing Init_Selendroid function with APK as parameter and clear data value with 1
2016-01-27 23:43:15,797 DEBUG [EBPB_DeviceApplicationSTTL-116708] Exiting Init_Selendroid function
2016-01-27 23:43:15,815 DEBUG [EBPB_DeviceApplicationSTTL-116708] TestCase with Description "Minimize with javascript ApplicationEvent" Execution started
2016-01-27 23:43:15,815 DEBUG [EBPB_DeviceApplicationSTTL-116708] In execute keyword function
2016-01-27 23:43:15,815 DEBUG [EBPB_DeviceApplicationSTTL-116708] Executing wait function:
2016-01-27 23:43:15,815 DEBUG [EBPB_DeviceApplicationSTTL-116708] Started Executing wait function
2016-01-27 23:43:18,815 DEBUG [EBPB_DeviceApplicationSTTL-116708] Exiting from wait function
2016-01-27 23:43:18,815 DEBUG [EBPB_DeviceApplicationSTTL-116708] TestStepResult of wait: Pass
2016-01-27 23:43:18,815 DEBUG [EBPB_DeviceApplicationSTTL-116708] In execute keyword function
2016-01-27 23:43:18,815 DEBUG [EBPB_DeviceApplicationSTTL-116708] Executing validate_PageTitle function:
2016-01-27 23:43:18,857 DEBUG [EBPB_DeviceApplicationSTTL-116708] The title of the page is *********************************: Pocket Browser Tests
2016-01-27 23:43:18,857 DEBUG [EBPB_DeviceApplicationSTTL-116708] The page title found is correct
2016-01-27 23:43:18,857 DEBUG [EBPB_DeviceApplicationSTTL-116708] Result of validate_PageTitle: pass
2016-01-27 23:43:18,857 DEBUG [EBPB_DeviceApplicationSTTL-116708] In execute keyword function
2016-01-27 23:43:18,857 DEBUG [EBPB_DeviceApplicationSTTL-116708] Executing link_Click function:
2016-01-27 23:43:19,573 DEBUG [EBPB_DeviceApplicationSTTL-116708] Executing Click function
2016-01-27 23:43:20,613 DEBUG [EBPB_DeviceApplicationSTTL-116708] Exiting Click function
2016-01-27 23:43:20,613 DEBUG [EBPB_DeviceApplicationSTTL-116708] DeviceApplication_test_link clicked successfully
2016-01-27 23:43:20,613 DEBUG [EBPB_DeviceApplicationSTTL-116708] TestStepResult of link_Click: Pass
2016-01-27 23:43:20,613 DEBUG [EBPB_DeviceApplicationSTTL-116708] In execute keyword function
2016-01-27 23:43:20,613 DEBUG [EBPB_DeviceApplicationSTTL-116708] Executing wait function:
2016-01-27 23:43:20,613 DEBUG [EBPB_DeviceApplicationSTTL-116708] Started Executing wait function
2016-01-27 23:43:22,615 DEBUG [EBPB_DeviceApplicationSTTL-116708] Exiting from wait function
2016-01-27 23:43:22,615 DEBUG [EBPB_DeviceApplicationSTTL-116708] TestStepResult of wait: Pass
2016-01-27 23:43:22,615 DEBUG [EBPB_DeviceApplicationSTTL-116708] In execute keyword function
2016-01-27 23:43:22,615 DEBUG [EBPB_DeviceApplicationSTTL-116708] Executing validate_PageTitle function:
2016-01-27 23:43:22,653 DEBUG [EBPB_DeviceApplicationSTTL-116708] The title of the page is *********************************: Device & Application
2016-01-27 23:43:22,653 DEBUG [EBPB_DeviceApplicationSTTL-116708] The page title found is correct
2016-01-27 23:43:22,653 DEBUG [EBPB_DeviceApplicationSTTL-116708] Result of validate_PageTitle: pass
2016-01-27 23:43:22,653 DEBUG [EBPB_DeviceApplicationSTTL-116708] In execute keyword function
2016-01-27 23:43:22,653 DEBUG [EBPB_DeviceApplicationSTTL-116708] Executing SelectTestToRun function:
2016-01-27 23:43:25,870 DEBUG [EBPB_DeviceApplicationSTTL-116708] Successfull in selecting clicking the category
2016-01-27 23:43:25,870 DEBUG [EBPB_DeviceApplicationSTTL-116708] TestStepResult of SelectTestToRun: pass
2016-01-27 23:43:25,870 DEBUG [EBPB_DeviceApplicationSTTL-116708] In execute keyword function
2016-01-27 23:43:25,870 DEBUG [EBPB_DeviceApplicationSTTL-116708] Executing validate_Text_Exists function:
2016-01-27 23:43:26,115 DEBUG [EBPB_DeviceApplicationSTTL-116708] VT056-882 Testcase Text found
2016-01-27 23:43:26,116 DEBUG [EBPB_DeviceApplicationSTTL-116708] Result of validate_Text_Exists: Pass
2016-01-27 23:43:26,116 DEBUG [EBPB_DeviceApplicationSTTL-116708] In execute keyword function
2016-01-27 23:43:26,116 DEBUG [EBPB_DeviceApplicationSTTL-116708] Executing ClickRunTest function:
2016-01-27 23:43:26,493 DEBUG [EBPB_DeviceApplicationSTTL-116708] Executing Click function
2016-01-27 23:43:27,427 DEBUG [EBPB_DeviceApplicationSTTL-116708] Exiting Click function
2016-01-27 23:43:27,427 DEBUG [EBPB_DeviceApplicationSTTL-116708] runtest_top_xpath Button clicked Successfully
2016-01-27 23:43:27,427 DEBUG [EBPB_DeviceApplicationSTTL-116708] TestStepResult of ClickRunTest: pass
2016-01-27 23:43:27,427 DEBUG [EBPB_DeviceApplicationSTTL-116708] In execute keyword function
2016-01-27 23:43:27,427 DEBUG [EBPB_DeviceApplicationSTTL-116708] Executing wait function:
2016-01-27 23:43:27,427 DEBUG [EBPB_DeviceApplicationSTTL-116708] Started Executing wait function
2016-01-27 23:43:29,427 DEBUG [EBPB_DeviceApplicationSTTL-116708] Exiting from wait function
2016-01-27 23:43:29,427 DEBUG [EBPB_DeviceApplicationSTTL-116708] TestStepResult of wait: Pass
2016-01-27 23:43:29,427 DEBUG [EBPB_DeviceApplicationSTTL-116708] In execute keyword function
2016-01-27 23:43:29,427 DEBUG [EBPB_DeviceApplicationSTTL-116708] Executing validate_AppMinimized function:
2016-01-27 23:43:29,427 DEBUG [EBPB_DeviceApplicationSTTL-116708] Started Executing validate_AppMinimized function
2016-01-27 23:43:29,427 DEBUG [EBPB_DeviceApplicationSTTL-116708] Started Executing Validate_App_launched_Device function
2016-01-27 23:43:29,427 DEBUG [EBPB_DeviceApplicationSTTL-116708] Entered CheckUIButtonExists function
2016-01-27 23:43:29,427 DEBUG [EBPB_DeviceApplicationSTTL-116708] Started executeCommandLine function
2016-01-27 23:43:33,449 DEBUG [EBPB_DeviceApplicationSTTL-116708] Exiting from executeCommandLine function
2016-01-27 23:43:33,449 DEBUG [EBPB_DeviceApplicationSTTL-116708] Button is not Present
2016-01-27 23:43:33,449 DEBUG [EBPB_DeviceApplicationSTTL-116708] Exiting from CheckUIButtonExists function
2016-01-27 23:43:33,449 DEBUG [EBPB_DeviceApplicationSTTL-116708] Started executeCommandLine function
2016-01-27 23:43:37,469 DEBUG [EBPB_DeviceApplicationSTTL-116708] Exiting from executeCommandLine function
2016-01-27 23:43:37,469 DEBUG [EBPB_DeviceApplicationSTTL-116708] Started executeCommandLine function
2016-01-27 23:43:41,490 DEBUG [EBPB_DeviceApplicationSTTL-116708] Exiting from executeCommandLine function
2016-01-27 23:43:41,490 DEBUG [EBPB_DeviceApplicationSTTL-116708] Given App is not in Foreground
2016-01-27 23:43:41,490 DEBUG [EBPB_DeviceApplicationSTTL-116708] Exiting Validate_App_launched_Device function
2016-01-27 23:43:41,490 DEBUG [EBPB_DeviceApplicationSTTL-116708] Not in com.symbol.enterprisebrowser screen
2016-01-27 23:43:41,490 DEBUG [EBPB_DeviceApplicationSTTL-116708] Exiting validate_AppMinimized function
2016-01-27 23:43:41,490 DEBUG [EBPB_DeviceApplicationSTTL-116708] Result of validate_AppMinimized: Pass
2016-01-27 23:43:41,490 DEBUG [EBPB_DeviceApplicationSTTL-116708] allstep_result contains: PasspasspassPassPassPassnull
2016-01-27 23:43:41,490 DEBUG [EBPB_DeviceApplicationSTTL-116708] allexpected_result contains: nullPassnullPassnullpassnullpassnull
2016-01-27 23:43:41,490 DEBUG [EBPB_DeviceApplicationSTTL-116708] Testcase_Result contains: nullPassnullPassnullpassnullpassnullPasspasspassPassPassPassnull
2016-01-27 23:43:41,490 DEBUG [EBPB_DeviceApplicationSTTL-116708] Test case with description Minimize with javascript ApplicationEvent Pass
2016-01-27 23:43:42,426 DEBUG [EBPB_DeviceApplicationSTTL-116708] Executing browser_Quit function
2016-01-27 23:43:42,426 DEBUG [EBPB_DeviceApplicationSTTL-116708] Completed browser_Quit function
2016-01-27 23:43:42,426 DEBUG [EBPB_DeviceApplicationSTTL-116708] Completed quitSelendroid function
2016-01-27 23:43:42,426 DEBUG [EBPB_DeviceApplicationSTTL-116708] Row number:9
2016-01-27 23:43:42,451 DEBUG [EBPB_DeviceApplicationSTTL-116708] Ending Test Case IDSTTL-116708
