2016-01-27 23:55:07,119 DEBUG [EBPB_DeviceApplicationSTTL-116729] Executing Test Case ID: STTL-116729
2016-01-27 23:55:07,126 DEBUG [EBPB_DeviceApplicationSTTL-116729] Executing Init_Selendroid function with APK as parameter and clear data value with 1
2016-01-27 23:55:17,615 DEBUG [EBPB_DeviceApplicationSTTL-116729] Exiting Init_Selendroid function
2016-01-27 23:55:17,633 DEBUG [EBPB_DeviceApplicationSTTL-116729] TestCase with Description "Textsize as medium" Execution started
2016-01-27 23:55:17,633 DEBUG [EBPB_DeviceApplicationSTTL-116729] In execute keyword function
2016-01-27 23:55:17,633 DEBUG [EBPB_DeviceApplicationSTTL-116729] Executing wait function:
2016-01-27 23:55:17,633 DEBUG [EBPB_DeviceApplicationSTTL-116729] Started Executing wait function
2016-01-27 23:55:20,633 DEBUG [EBPB_DeviceApplicationSTTL-116729] Exiting from wait function
2016-01-27 23:55:20,633 DEBUG [EBPB_DeviceApplicationSTTL-116729] TestStepResult of wait: Pass
2016-01-27 23:55:20,633 DEBUG [EBPB_DeviceApplicationSTTL-116729] In execute keyword function
2016-01-27 23:55:20,633 DEBUG [EBPB_DeviceApplicationSTTL-116729] Executing validate_PageTitle function:
2016-01-27 23:55:20,675 DEBUG [EBPB_DeviceApplicationSTTL-116729] The title of the page is *********************************: Pocket Browser Tests
2016-01-27 23:55:20,675 DEBUG [EBPB_DeviceApplicationSTTL-116729] The page title found is correct
2016-01-27 23:55:20,675 DEBUG [EBPB_DeviceApplicationSTTL-116729] Result of validate_PageTitle: pass
2016-01-27 23:55:20,675 DEBUG [EBPB_DeviceApplicationSTTL-116729] In execute keyword function
2016-01-27 23:55:20,675 DEBUG [EBPB_DeviceApplicationSTTL-116729] Executing link_Click function:
2016-01-27 23:55:21,227 DEBUG [EBPB_DeviceApplicationSTTL-116729] Executing Click function
2016-01-27 23:55:22,242 DEBUG [EBPB_DeviceApplicationSTTL-116729] Exiting Click function
2016-01-27 23:55:22,242 DEBUG [EBPB_DeviceApplicationSTTL-116729] DeviceApplication_test_link clicked successfully
2016-01-27 23:55:22,242 DEBUG [EBPB_DeviceApplicationSTTL-116729] TestStepResult of link_Click: Pass
2016-01-27 23:55:22,242 DEBUG [EBPB_DeviceApplicationSTTL-116729] In execute keyword function
2016-01-27 23:55:22,242 DEBUG [EBPB_DeviceApplicationSTTL-116729] Executing wait function:
2016-01-27 23:55:22,242 DEBUG [EBPB_DeviceApplicationSTTL-116729] Started Executing wait function
2016-01-27 23:55:24,242 DEBUG [EBPB_DeviceApplicationSTTL-116729] Exiting from wait function
2016-01-27 23:55:24,242 DEBUG [EBPB_DeviceApplicationSTTL-116729] TestStepResult of wait: Pass
2016-01-27 23:55:24,242 DEBUG [EBPB_DeviceApplicationSTTL-116729] In execute keyword function
2016-01-27 23:55:24,242 DEBUG [EBPB_DeviceApplicationSTTL-116729] Executing validate_PageTitle function:
2016-01-27 23:55:24,280 DEBUG [EBPB_DeviceApplicationSTTL-116729] The title of the page is *********************************: Device & Application
2016-01-27 23:55:24,280 DEBUG [EBPB_DeviceApplicationSTTL-116729] The page title found is correct
2016-01-27 23:55:24,280 DEBUG [EBPB_DeviceApplicationSTTL-116729] Result of validate_PageTitle: pass
2016-01-27 23:55:24,280 DEBUG [EBPB_DeviceApplicationSTTL-116729] In execute keyword function
2016-01-27 23:55:24,280 DEBUG [EBPB_DeviceApplicationSTTL-116729] Executing SelectTestToRun function:
2016-01-27 23:55:32,817 DEBUG [EBPB_DeviceApplicationSTTL-116729] Successfull in selecting clicking the category
2016-01-27 23:55:32,817 DEBUG [EBPB_DeviceApplicationSTTL-116729] TestStepResult of SelectTestToRun: pass
2016-01-27 23:55:32,817 DEBUG [EBPB_DeviceApplicationSTTL-116729] In execute keyword function
2016-01-27 23:55:32,817 DEBUG [EBPB_DeviceApplicationSTTL-116729] Executing validate_Text_Exists function:
2016-01-27 23:55:33,067 DEBUG [EBPB_DeviceApplicationSTTL-116729] VT056-933 Testcase Text found
2016-01-27 23:55:33,067 DEBUG [EBPB_DeviceApplicationSTTL-116729] Result of validate_Text_Exists: Pass
2016-01-27 23:55:33,067 DEBUG [EBPB_DeviceApplicationSTTL-116729] In execute keyword function
2016-01-27 23:55:33,067 DEBUG [EBPB_DeviceApplicationSTTL-116729] Executing ClickRunTest function:
2016-01-27 23:55:33,368 DEBUG [EBPB_DeviceApplicationSTTL-116729] Executing Click function
2016-01-27 23:55:34,359 DEBUG [EBPB_DeviceApplicationSTTL-116729] Exiting Click function
2016-01-27 23:55:34,359 DEBUG [EBPB_DeviceApplicationSTTL-116729] runtest_top_xpath Button clicked Successfully
2016-01-27 23:55:34,359 DEBUG [EBPB_DeviceApplicationSTTL-116729] TestStepResult of ClickRunTest: pass
2016-01-27 23:55:34,359 DEBUG [EBPB_DeviceApplicationSTTL-116729] In execute keyword function
2016-01-27 23:55:34,359 DEBUG [EBPB_DeviceApplicationSTTL-116729] Executing TakeScreenshot function:
2016-01-27 23:55:35,242 DEBUG [EBPB_DeviceApplicationSTTL-116729] Started Executing Validate_App_launched_Device function
2016-01-27 23:55:35,242 DEBUG [EBPB_DeviceApplicationSTTL-116729] Entered CheckUIButtonExists function
2016-01-27 23:55:35,242 DEBUG [EBPB_DeviceApplicationSTTL-116729] Started executeCommandLine function
2016-01-27 23:55:39,251 DEBUG [EBPB_DeviceApplicationSTTL-116729] Exiting from executeCommandLine function
2016-01-27 23:55:39,251 DEBUG [EBPB_DeviceApplicationSTTL-116729] Button is not Present
2016-01-27 23:55:39,251 DEBUG [EBPB_DeviceApplicationSTTL-116729] Exiting from CheckUIButtonExists function
2016-01-27 23:55:39,251 DEBUG [EBPB_DeviceApplicationSTTL-116729] Started executeCommandLine function
2016-01-27 23:55:43,272 DEBUG [EBPB_DeviceApplicationSTTL-116729] Given App is in Foreground
2016-01-27 23:55:43,272 DEBUG [EBPB_DeviceApplicationSTTL-116729] Exiting Validate_App_launched_Device function
2016-01-27 23:55:43,442 DEBUG [EBPB_DeviceApplicationSTTL-116729] TestStepResult of TakeScreenshot: pass
2016-01-27 23:55:43,442 DEBUG [EBPB_DeviceApplicationSTTL-116729] allstep_result contains: passpasspassPassPassPassnull
2016-01-27 23:55:43,442 DEBUG [EBPB_DeviceApplicationSTTL-116729] allexpected_result contains: nullPassnullpassnullpassnull
2016-01-27 23:55:43,442 DEBUG [EBPB_DeviceApplicationSTTL-116729] Testcase_Result contains: nullPassnullpassnullpassnullpasspasspassPassPassPassnull
2016-01-27 23:55:43,442 DEBUG [EBPB_DeviceApplicationSTTL-116729] Test case with description Textsize as medium Pass
2016-01-27 23:55:44,474 DEBUG [EBPB_DeviceApplicationSTTL-116729] Executing browser_Quit function
2016-01-27 23:55:44,474 DEBUG [EBPB_DeviceApplicationSTTL-116729] Completed browser_Quit function
2016-01-27 23:55:44,474 DEBUG [EBPB_DeviceApplicationSTTL-116729] Completed quitSelendroid function
2016-01-27 23:55:44,474 DEBUG [EBPB_DeviceApplicationSTTL-116729] Row number:30
2016-01-27 23:55:44,503 DEBUG [EBPB_DeviceApplicationSTTL-116729] Ending Test Case IDSTTL-116729
