2016-01-27 23:47:36,298 DEBUG [EBPB_DeviceApplicationSTTL-116716] Executing Test Case ID: STTL-116716
2016-01-27 23:47:36,305 DEBUG [EBPB_DeviceApplicationSTTL-116716] Executing Init_Selendroid function with APK as parameter and clear data value with 1
2016-01-27 23:47:46,729 DEBUG [EBPB_DeviceApplicationSTTL-116716] Exiting Init_Selendroid function
2016-01-27 23:47:46,746 DEBUG [EBPB_DeviceApplicationSTTL-116716] TestCase with Description "Hourglass" Execution started
2016-01-27 23:47:46,746 DEBUG [EBPB_DeviceApplicationSTTL-116716] In execute keyword function
2016-01-27 23:47:46,746 DEBUG [EBPB_DeviceApplicationSTTL-116716] Executing wait function:
2016-01-27 23:47:46,746 DEBUG [EBPB_DeviceApplicationSTTL-116716] Started Executing wait function
2016-01-27 23:47:49,746 DEBUG [EBPB_DeviceApplicationSTTL-116716] Exiting from wait function
2016-01-27 23:47:49,746 DEBUG [EBPB_DeviceApplicationSTTL-116716] TestStepResult of wait: Pass
2016-01-27 23:47:49,746 DEBUG [EBPB_DeviceApplicationSTTL-116716] In execute keyword function
2016-01-27 23:47:49,746 DEBUG [EBPB_DeviceApplicationSTTL-116716] Executing validate_PageTitle function:
2016-01-27 23:47:49,788 DEBUG [EBPB_DeviceApplicationSTTL-116716] The title of the page is *********************************: Pocket Browser Tests
2016-01-27 23:47:49,788 DEBUG [EBPB_DeviceApplicationSTTL-116716] The page title found is correct
2016-01-27 23:47:49,788 DEBUG [EBPB_DeviceApplicationSTTL-116716] Result of validate_PageTitle: pass
2016-01-27 23:47:49,788 DEBUG [EBPB_DeviceApplicationSTTL-116716] In execute keyword function
2016-01-27 23:47:49,788 DEBUG [EBPB_DeviceApplicationSTTL-116716] Executing link_Click function:
2016-01-27 23:47:50,353 DEBUG [EBPB_DeviceApplicationSTTL-116716] Executing Click function
2016-01-27 23:47:51,406 DEBUG [EBPB_DeviceApplicationSTTL-116716] Exiting Click function
2016-01-27 23:47:51,406 DEBUG [EBPB_DeviceApplicationSTTL-116716] DeviceApplication_test_link clicked successfully
2016-01-27 23:47:51,406 DEBUG [EBPB_DeviceApplicationSTTL-116716] TestStepResult of link_Click: Pass
2016-01-27 23:47:51,406 DEBUG [EBPB_DeviceApplicationSTTL-116716] In execute keyword function
2016-01-27 23:47:51,406 DEBUG [EBPB_DeviceApplicationSTTL-116716] Executing wait function:
2016-01-27 23:47:51,406 DEBUG [EBPB_DeviceApplicationSTTL-116716] Started Executing wait function
2016-01-27 23:47:53,407 DEBUG [EBPB_DeviceApplicationSTTL-116716] Exiting from wait function
2016-01-27 23:47:53,407 DEBUG [EBPB_DeviceApplicationSTTL-116716] TestStepResult of wait: Pass
2016-01-27 23:47:53,407 DEBUG [EBPB_DeviceApplicationSTTL-116716] In execute keyword function
2016-01-27 23:47:53,407 DEBUG [EBPB_DeviceApplicationSTTL-116716] Executing validate_PageTitle function:
2016-01-27 23:47:53,442 DEBUG [EBPB_DeviceApplicationSTTL-116716] The title of the page is *********************************: Device & Application
2016-01-27 23:47:53,442 DEBUG [EBPB_DeviceApplicationSTTL-116716] The page title found is correct
2016-01-27 23:47:53,442 DEBUG [EBPB_DeviceApplicationSTTL-116716] Result of validate_PageTitle: pass
2016-01-27 23:47:53,442 DEBUG [EBPB_DeviceApplicationSTTL-116716] In execute keyword function
2016-01-27 23:47:53,442 DEBUG [EBPB_DeviceApplicationSTTL-116716] Executing SelectTestToRun function:
2016-01-27 23:47:58,645 DEBUG [EBPB_DeviceApplicationSTTL-116716] Successfull in selecting clicking the category
2016-01-27 23:47:58,645 DEBUG [EBPB_DeviceApplicationSTTL-116716] TestStepResult of SelectTestToRun: pass
2016-01-27 23:47:58,645 DEBUG [EBPB_DeviceApplicationSTTL-116716] In execute keyword function
2016-01-27 23:47:58,645 DEBUG [EBPB_DeviceApplicationSTTL-116716] Executing validate_Text_Exists function:
2016-01-27 23:47:58,980 DEBUG [EBPB_DeviceApplicationSTTL-116716] VT056-900 Testcase Text found
2016-01-27 23:47:58,980 DEBUG [EBPB_DeviceApplicationSTTL-116716] Result of validate_Text_Exists: Pass
2016-01-27 23:47:58,980 DEBUG [EBPB_DeviceApplicationSTTL-116716] In execute keyword function
2016-01-27 23:47:58,980 DEBUG [EBPB_DeviceApplicationSTTL-116716] Executing ClickRunTest function:
2016-01-27 23:47:59,321 DEBUG [EBPB_DeviceApplicationSTTL-116716] Executing Click function
2016-01-27 23:48:00,444 DEBUG [EBPB_DeviceApplicationSTTL-116716] Exiting Click function
2016-01-27 23:48:00,444 DEBUG [EBPB_DeviceApplicationSTTL-116716] runtest_top_xpath Button clicked Successfully
2016-01-27 23:48:00,444 DEBUG [EBPB_DeviceApplicationSTTL-116716] TestStepResult of ClickRunTest: pass
2016-01-27 23:48:00,444 DEBUG [EBPB_DeviceApplicationSTTL-116716] In execute keyword function
2016-01-27 23:48:00,444 DEBUG [EBPB_DeviceApplicationSTTL-116716] Executing validate_isIconDisplayed function:
2016-01-27 23:48:00,445 DEBUG [EBPB_DeviceApplicationSTTL-116716] Entered validate_isIconDisplayed function
2016-01-27 23:48:00,912 DEBUG [EBPB_DeviceApplicationSTTL-116716] Result of validate_isIconDisplayed: Pass
2016-01-27 23:48:00,912 DEBUG [EBPB_DeviceApplicationSTTL-116716] allstep_result contains: passpassPassPassPassnull
2016-01-27 23:48:00,912 DEBUG [EBPB_DeviceApplicationSTTL-116716] allexpected_result contains: nullPassnullPassnullpassnullpassnull
2016-01-27 23:48:00,912 DEBUG [EBPB_DeviceApplicationSTTL-116716] Testcase_Result contains: nullPassnullPassnullpassnullpassnullpasspassPassPassPassnull
2016-01-27 23:48:00,912 DEBUG [EBPB_DeviceApplicationSTTL-116716] Test case with description Hourglass Pass
2016-01-27 23:48:01,923 DEBUG [EBPB_DeviceApplicationSTTL-116716] Executing browser_Quit function
2016-01-27 23:48:01,923 DEBUG [EBPB_DeviceApplicationSTTL-116716] Completed browser_Quit function
2016-01-27 23:48:01,923 DEBUG [EBPB_DeviceApplicationSTTL-116716] Completed quitSelendroid function
2016-01-27 23:48:01,924 DEBUG [EBPB_DeviceApplicationSTTL-116716] Row number:17
2016-01-27 23:48:01,957 DEBUG [EBPB_DeviceApplicationSTTL-116716] Ending Test Case IDSTTL-116716
