2016-01-27 23:51:36,583 DEBUG [EBPB_DeviceApplicationSTTL-116723] Executing Test Case ID: STTL-116723
2016-01-27 23:51:36,591 DEBUG [EBPB_DeviceApplicationSTTL-116723] Executing Init_Selendroid function with APK as parameter and clear data value with 1
2016-01-27 23:51:45,449 DEBUG [EBPB_DeviceApplicationSTTL-116723] Exiting Init_Selendroid function
2016-01-27 23:51:45,466 DEBUG [EBPB_DeviceApplicationSTTL-116723] TestCase with Description "ScreenOrientation with url" Execution started
2016-01-27 23:51:45,466 DEBUG [EBPB_DeviceApplicationSTTL-116723] In execute keyword function
2016-01-27 23:51:45,466 DEBUG [EBPB_DeviceApplicationSTTL-116723] Executing wait function:
2016-01-27 23:51:45,466 DEBUG [EBPB_DeviceApplicationSTTL-116723] Started Executing wait function
2016-01-27 23:51:48,466 DEBUG [EBPB_DeviceApplicationSTTL-116723] Exiting from wait function
2016-01-27 23:51:48,466 DEBUG [EBPB_DeviceApplicationSTTL-116723] TestStepResult of wait: Pass
2016-01-27 23:51:48,466 DEBUG [EBPB_DeviceApplicationSTTL-116723] In execute keyword function
2016-01-27 23:51:48,466 DEBUG [EBPB_DeviceApplicationSTTL-116723] Executing validate_PageTitle function:
2016-01-27 23:51:48,513 DEBUG [EBPB_DeviceApplicationSTTL-116723] The title of the page is *********************************: Pocket Browser Tests
2016-01-27 23:51:48,513 DEBUG [EBPB_DeviceApplicationSTTL-116723] The page title found is correct
2016-01-27 23:51:48,513 DEBUG [EBPB_DeviceApplicationSTTL-116723] Result of validate_PageTitle: pass
2016-01-27 23:51:48,513 DEBUG [EBPB_DeviceApplicationSTTL-116723] In execute keyword function
2016-01-27 23:51:48,514 DEBUG [EBPB_DeviceApplicationSTTL-116723] Executing link_Click function:
2016-01-27 23:51:49,132 DEBUG [EBPB_DeviceApplicationSTTL-116723] Executing Click function
2016-01-27 23:51:50,192 DEBUG [EBPB_DeviceApplicationSTTL-116723] Exiting Click function
2016-01-27 23:51:50,192 DEBUG [EBPB_DeviceApplicationSTTL-116723] DeviceApplication_test_link clicked successfully
2016-01-27 23:51:50,192 DEBUG [EBPB_DeviceApplicationSTTL-116723] TestStepResult of link_Click: Pass
2016-01-27 23:51:50,192 DEBUG [EBPB_DeviceApplicationSTTL-116723] In execute keyword function
2016-01-27 23:51:50,192 DEBUG [EBPB_DeviceApplicationSTTL-116723] Executing wait function:
2016-01-27 23:51:50,192 DEBUG [EBPB_DeviceApplicationSTTL-116723] Started Executing wait function
2016-01-27 23:51:52,193 DEBUG [EBPB_DeviceApplicationSTTL-116723] Exiting from wait function
2016-01-27 23:51:52,193 DEBUG [EBPB_DeviceApplicationSTTL-116723] TestStepResult of wait: Pass
2016-01-27 23:51:52,193 DEBUG [EBPB_DeviceApplicationSTTL-116723] In execute keyword function
2016-01-27 23:51:52,193 DEBUG [EBPB_DeviceApplicationSTTL-116723] Executing validate_PageTitle function:
2016-01-27 23:51:52,234 DEBUG [EBPB_DeviceApplicationSTTL-116723] The title of the page is *********************************: Device & Application
2016-01-27 23:51:52,234 DEBUG [EBPB_DeviceApplicationSTTL-116723] The page title found is correct
2016-01-27 23:51:52,234 DEBUG [EBPB_DeviceApplicationSTTL-116723] Result of validate_PageTitle: pass
2016-01-27 23:51:52,234 DEBUG [EBPB_DeviceApplicationSTTL-116723] In execute keyword function
2016-01-27 23:51:52,234 DEBUG [EBPB_DeviceApplicationSTTL-116723] Executing SelectTestToRun function:
2016-01-27 23:51:59,012 DEBUG [EBPB_DeviceApplicationSTTL-116723] Successfull in selecting clicking the category
2016-01-27 23:51:59,012 DEBUG [EBPB_DeviceApplicationSTTL-116723] TestStepResult of SelectTestToRun: pass
2016-01-27 23:51:59,012 DEBUG [EBPB_DeviceApplicationSTTL-116723] In execute keyword function
2016-01-27 23:51:59,012 DEBUG [EBPB_DeviceApplicationSTTL-116723] Executing validate_Text_Exists function:
2016-01-27 23:51:59,388 DEBUG [EBPB_DeviceApplicationSTTL-116723] VT056-915 Testcase Text found
2016-01-27 23:51:59,388 DEBUG [EBPB_DeviceApplicationSTTL-116723] Result of validate_Text_Exists: Pass
2016-01-27 23:51:59,389 DEBUG [EBPB_DeviceApplicationSTTL-116723] In execute keyword function
2016-01-27 23:51:59,389 DEBUG [EBPB_DeviceApplicationSTTL-116723] Executing ClickRunTest function:
2016-01-27 23:51:59,706 DEBUG [EBPB_DeviceApplicationSTTL-116723] Executing Click function
2016-01-27 23:52:00,804 DEBUG [EBPB_DeviceApplicationSTTL-116723] Exiting Click function
2016-01-27 23:52:00,804 DEBUG [EBPB_DeviceApplicationSTTL-116723] runtest_top_xpath Button clicked Successfully
2016-01-27 23:52:00,804 DEBUG [EBPB_DeviceApplicationSTTL-116723] TestStepResult of ClickRunTest: pass
2016-01-27 23:52:00,804 DEBUG [EBPB_DeviceApplicationSTTL-116723] In execute keyword function
2016-01-27 23:52:00,804 DEBUG [EBPB_DeviceApplicationSTTL-116723] Executing validate_screenOrientation function:
2016-01-27 23:52:00,804 DEBUG [EBPB_DeviceApplicationSTTL-116723] Started executeCommandLine function
2016-01-27 23:52:04,826 DEBUG [EBPB_DeviceApplicationSTTL-116723] Screen rotated successfully with specified orientation
2016-01-27 23:52:04,826 DEBUG [EBPB_DeviceApplicationSTTL-116723] Result of validate_screenOrientation: Pass
2016-01-27 23:52:04,826 DEBUG [EBPB_DeviceApplicationSTTL-116723] In execute keyword function
2016-01-27 23:52:04,826 DEBUG [EBPB_DeviceApplicationSTTL-116723] Executing validate_PageTitle function:
2016-01-27 23:52:04,865 DEBUG [EBPB_DeviceApplicationSTTL-116723] The title of the page is *********************************: Navigation Check
2016-01-27 23:52:04,866 DEBUG [EBPB_DeviceApplicationSTTL-116723] The page title found is correct
2016-01-27 23:52:04,866 DEBUG [EBPB_DeviceApplicationSTTL-116723] Result of validate_PageTitle: pass
2016-01-27 23:52:04,866 DEBUG [EBPB_DeviceApplicationSTTL-116723] allstep_result contains: passpassPassPassPassnull
2016-01-27 23:52:04,866 DEBUG [EBPB_DeviceApplicationSTTL-116723] allexpected_result contains: nullPasspassnullPassnullpassnullpassnull
2016-01-27 23:52:04,866 DEBUG [EBPB_DeviceApplicationSTTL-116723] Testcase_Result contains: nullPasspassnullPassnullpassnullpassnullpasspassPassPassPassnull
2016-01-27 23:52:04,866 DEBUG [EBPB_DeviceApplicationSTTL-116723] Test case with description ScreenOrientation with url Pass
2016-01-27 23:52:05,999 DEBUG [EBPB_DeviceApplicationSTTL-116723] Executing browser_Quit function
2016-01-27 23:52:05,999 DEBUG [EBPB_DeviceApplicationSTTL-116723] Completed browser_Quit function
2016-01-27 23:52:05,999 DEBUG [EBPB_DeviceApplicationSTTL-116723] Completed quitSelendroid function
2016-01-27 23:52:06,000 DEBUG [EBPB_DeviceApplicationSTTL-116723] Row number:24
2016-01-27 23:52:06,043 DEBUG [EBPB_DeviceApplicationSTTL-116723] Ending Test Case IDSTTL-116723
