2016-01-27 23:45:23,935 DEBUG [EBPB_DeviceApplicationSTTL-116711] Executing Test Case ID: STTL-116711
2016-01-27 23:45:23,941 DEBUG [EBPB_DeviceApplicationSTTL-116711] Executing Init_Selendroid function with APK as parameter and clear data value with 1
2016-01-27 23:45:34,492 DEBUG [EBPB_DeviceApplicationSTTL-116711] Exiting Init_Selendroid function
2016-01-27 23:45:34,510 DEBUG [EBPB_DeviceApplicationSTTL-116711] TestCase with Description "History:Back Navigation" Execution started
2016-01-27 23:45:34,510 DEBUG [EBPB_DeviceApplicationSTTL-116711] In execute keyword function
2016-01-27 23:45:34,510 DEBUG [EBPB_DeviceApplicationSTTL-116711] Executing wait function:
2016-01-27 23:45:34,510 DEBUG [EBPB_DeviceApplicationSTTL-116711] Started Executing wait function
2016-01-27 23:45:37,510 DEBUG [EBPB_DeviceApplicationSTTL-116711] Exiting from wait function
2016-01-27 23:45:37,510 DEBUG [EBPB_DeviceApplicationSTTL-116711] TestStepResult of wait: Pass
2016-01-27 23:45:37,510 DEBUG [EBPB_DeviceApplicationSTTL-116711] In execute keyword function
2016-01-27 23:45:37,510 DEBUG [EBPB_DeviceApplicationSTTL-116711] Executing validate_PageTitle function:
2016-01-27 23:45:37,558 DEBUG [EBPB_DeviceApplicationSTTL-116711] The title of the page is *********************************: Pocket Browser Tests
2016-01-27 23:45:37,558 DEBUG [EBPB_DeviceApplicationSTTL-116711] The page title found is correct
2016-01-27 23:45:37,558 DEBUG [EBPB_DeviceApplicationSTTL-116711] Result of validate_PageTitle: pass
2016-01-27 23:45:37,558 DEBUG [EBPB_DeviceApplicationSTTL-116711] In execute keyword function
2016-01-27 23:45:37,558 DEBUG [EBPB_DeviceApplicationSTTL-116711] Executing link_Click function:
2016-01-27 23:45:38,155 DEBUG [EBPB_DeviceApplicationSTTL-116711] Executing Click function
2016-01-27 23:45:39,181 DEBUG [EBPB_DeviceApplicationSTTL-116711] Exiting Click function
2016-01-27 23:45:39,182 DEBUG [EBPB_DeviceApplicationSTTL-116711] DeviceApplication_test_link clicked successfully
2016-01-27 23:45:39,182 DEBUG [EBPB_DeviceApplicationSTTL-116711] TestStepResult of link_Click: Pass
2016-01-27 23:45:39,182 DEBUG [EBPB_DeviceApplicationSTTL-116711] In execute keyword function
2016-01-27 23:45:39,182 DEBUG [EBPB_DeviceApplicationSTTL-116711] Executing wait function:
2016-01-27 23:45:39,182 DEBUG [EBPB_DeviceApplicationSTTL-116711] Started Executing wait function
2016-01-27 23:45:41,182 DEBUG [EBPB_DeviceApplicationSTTL-116711] Exiting from wait function
2016-01-27 23:45:41,182 DEBUG [EBPB_DeviceApplicationSTTL-116711] TestStepResult of wait: Pass
2016-01-27 23:45:41,182 DEBUG [EBPB_DeviceApplicationSTTL-116711] In execute keyword function
2016-01-27 23:45:41,182 DEBUG [EBPB_DeviceApplicationSTTL-116711] Executing validate_PageTitle function:
2016-01-27 23:45:41,220 DEBUG [EBPB_DeviceApplicationSTTL-116711] The title of the page is *********************************: Device & Application
2016-01-27 23:45:41,220 DEBUG [EBPB_DeviceApplicationSTTL-116711] The page title found is correct
2016-01-27 23:45:41,220 DEBUG [EBPB_DeviceApplicationSTTL-116711] Result of validate_PageTitle: pass
2016-01-27 23:45:41,220 DEBUG [EBPB_DeviceApplicationSTTL-116711] In execute keyword function
2016-01-27 23:45:41,220 DEBUG [EBPB_DeviceApplicationSTTL-116711] Executing SelectTestToRun function:
2016-01-27 23:45:52,279 DEBUG [EBPB_DeviceApplicationSTTL-116711] Successfull in selecting clicking the category
2016-01-27 23:45:52,279 DEBUG [EBPB_DeviceApplicationSTTL-116711] TestStepResult of SelectTestToRun: pass
2016-01-27 23:45:52,279 DEBUG [EBPB_DeviceApplicationSTTL-116711] In execute keyword function
2016-01-27 23:45:52,279 DEBUG [EBPB_DeviceApplicationSTTL-116711] Executing validate_Text_Exists function:
2016-01-27 23:45:52,547 DEBUG [EBPB_DeviceApplicationSTTL-116711] VT056-1365 Testcase Text found
2016-01-27 23:45:52,547 DEBUG [EBPB_DeviceApplicationSTTL-116711] Result of validate_Text_Exists: Pass
2016-01-27 23:45:52,547 DEBUG [EBPB_DeviceApplicationSTTL-116711] In execute keyword function
2016-01-27 23:45:52,547 DEBUG [EBPB_DeviceApplicationSTTL-116711] Executing ClickRunTest function:
2016-01-27 23:45:52,941 DEBUG [EBPB_DeviceApplicationSTTL-116711] Executing Click function
2016-01-27 23:45:53,913 DEBUG [EBPB_DeviceApplicationSTTL-116711] Exiting Click function
2016-01-27 23:45:53,913 DEBUG [EBPB_DeviceApplicationSTTL-116711] runtest_top_xpath Button clicked Successfully
2016-01-27 23:45:53,913 DEBUG [EBPB_DeviceApplicationSTTL-116711] TestStepResult of ClickRunTest: pass
2016-01-27 23:45:53,913 DEBUG [EBPB_DeviceApplicationSTTL-116711] In execute keyword function
2016-01-27 23:45:53,913 DEBUG [EBPB_DeviceApplicationSTTL-116711] Executing validate_PageTitle function:
2016-01-27 23:45:53,951 DEBUG [EBPB_DeviceApplicationSTTL-116711] The title of the page is *********************************: Pocket Browser Tests
2016-01-27 23:45:53,951 DEBUG [EBPB_DeviceApplicationSTTL-116711] The page title found is correct
2016-01-27 23:45:53,951 DEBUG [EBPB_DeviceApplicationSTTL-116711] Result of validate_PageTitle: pass
2016-01-27 23:45:53,951 DEBUG [EBPB_DeviceApplicationSTTL-116711] allstep_result contains: passpassPassPassPassnull
2016-01-27 23:45:53,951 DEBUG [EBPB_DeviceApplicationSTTL-116711] allexpected_result contains: nullpassnullPassnullpassnullpassnull
2016-01-27 23:45:53,951 DEBUG [EBPB_DeviceApplicationSTTL-116711] Testcase_Result contains: nullpassnullPassnullpassnullpassnullpasspassPassPassPassnull
2016-01-27 23:45:53,951 DEBUG [EBPB_DeviceApplicationSTTL-116711] Test case with description History:Back Navigation Pass
2016-01-27 23:45:55,009 DEBUG [EBPB_DeviceApplicationSTTL-116711] Executing browser_Quit function
2016-01-27 23:45:55,010 DEBUG [EBPB_DeviceApplicationSTTL-116711] Completed browser_Quit function
2016-01-27 23:45:55,010 DEBUG [EBPB_DeviceApplicationSTTL-116711] Completed quitSelendroid function
2016-01-27 23:45:55,010 DEBUG [EBPB_DeviceApplicationSTTL-116711] Row number:12
2016-01-27 23:45:55,053 DEBUG [EBPB_DeviceApplicationSTTL-116711] Ending Test Case IDSTTL-116711
