2016-01-27 23:51:07,230 DEBUG [EBPB_DeviceApplicationSTTL-116722] Executing Test Case ID: STTL-116722
2016-01-27 23:51:07,237 DEBUG [EBPB_DeviceApplicationSTTL-116722] Executing Init_Selendroid function with APK as parameter and clear data value with 1
2016-01-27 23:51:16,127 DEBUG [EBPB_DeviceApplicationSTTL-116722] Exiting Init_Selendroid function
2016-01-27 23:51:16,144 DEBUG [EBPB_DeviceApplicationSTTL-116722] TestCase with Description "ScreenOrientation Normal" Execution started
2016-01-27 23:51:16,144 DEBUG [EBPB_DeviceApplicationSTTL-116722] In execute keyword function
2016-01-27 23:51:16,144 DEBUG [EBPB_DeviceApplicationSTTL-116722] Executing wait function:
2016-01-27 23:51:16,144 DEBUG [EBPB_DeviceApplicationSTTL-116722] Started Executing wait function
2016-01-27 23:51:19,144 DEBUG [EBPB_DeviceApplicationSTTL-116722] Exiting from wait function
2016-01-27 23:51:19,144 DEBUG [EBPB_DeviceApplicationSTTL-116722] TestStepResult of wait: Pass
2016-01-27 23:51:19,144 DEBUG [EBPB_DeviceApplicationSTTL-116722] In execute keyword function
2016-01-27 23:51:19,144 DEBUG [EBPB_DeviceApplicationSTTL-116722] Executing validate_PageTitle function:
2016-01-27 23:51:19,187 DEBUG [EBPB_DeviceApplicationSTTL-116722] The title of the page is *********************************: Pocket Browser Tests
2016-01-27 23:51:19,187 DEBUG [EBPB_DeviceApplicationSTTL-116722] The page title found is correct
2016-01-27 23:51:19,187 DEBUG [EBPB_DeviceApplicationSTTL-116722] Result of validate_PageTitle: pass
2016-01-27 23:51:19,187 DEBUG [EBPB_DeviceApplicationSTTL-116722] In execute keyword function
2016-01-27 23:51:19,187 DEBUG [EBPB_DeviceApplicationSTTL-116722] Executing link_Click function:
2016-01-27 23:51:19,803 DEBUG [EBPB_DeviceApplicationSTTL-116722] Executing Click function
2016-01-27 23:51:20,841 DEBUG [EBPB_DeviceApplicationSTTL-116722] Exiting Click function
2016-01-27 23:51:20,841 DEBUG [EBPB_DeviceApplicationSTTL-116722] DeviceApplication_test_link clicked successfully
2016-01-27 23:51:20,841 DEBUG [EBPB_DeviceApplicationSTTL-116722] TestStepResult of link_Click: Pass
2016-01-27 23:51:20,841 DEBUG [EBPB_DeviceApplicationSTTL-116722] In execute keyword function
2016-01-27 23:51:20,841 DEBUG [EBPB_DeviceApplicationSTTL-116722] Executing wait function:
2016-01-27 23:51:20,841 DEBUG [EBPB_DeviceApplicationSTTL-116722] Started Executing wait function
2016-01-27 23:51:22,842 DEBUG [EBPB_DeviceApplicationSTTL-116722] Exiting from wait function
2016-01-27 23:51:22,842 DEBUG [EBPB_DeviceApplicationSTTL-116722] TestStepResult of wait: Pass
2016-01-27 23:51:22,842 DEBUG [EBPB_DeviceApplicationSTTL-116722] In execute keyword function
2016-01-27 23:51:22,842 DEBUG [EBPB_DeviceApplicationSTTL-116722] Executing validate_PageTitle function:
2016-01-27 23:51:22,884 DEBUG [EBPB_DeviceApplicationSTTL-116722] The title of the page is *********************************: Device & Application
2016-01-27 23:51:22,884 DEBUG [EBPB_DeviceApplicationSTTL-116722] The page title found is correct
2016-01-27 23:51:22,885 DEBUG [EBPB_DeviceApplicationSTTL-116722] Result of validate_PageTitle: pass
2016-01-27 23:51:22,885 DEBUG [EBPB_DeviceApplicationSTTL-116722] In execute keyword function
2016-01-27 23:51:22,885 DEBUG [EBPB_DeviceApplicationSTTL-116722] Executing SelectTestToRun function:
2016-01-27 23:51:29,756 DEBUG [EBPB_DeviceApplicationSTTL-116722] Successfull in selecting clicking the category
2016-01-27 23:51:29,756 DEBUG [EBPB_DeviceApplicationSTTL-116722] TestStepResult of SelectTestToRun: pass
2016-01-27 23:51:29,756 DEBUG [EBPB_DeviceApplicationSTTL-116722] In execute keyword function
2016-01-27 23:51:29,756 DEBUG [EBPB_DeviceApplicationSTTL-116722] Executing validate_Text_Exists function:
2016-01-27 23:51:30,136 DEBUG [EBPB_DeviceApplicationSTTL-116722] VT056-914 Testcase Text found
2016-01-27 23:51:30,136 DEBUG [EBPB_DeviceApplicationSTTL-116722] Result of validate_Text_Exists: Pass
2016-01-27 23:51:30,136 DEBUG [EBPB_DeviceApplicationSTTL-116722] In execute keyword function
2016-01-27 23:51:30,136 DEBUG [EBPB_DeviceApplicationSTTL-116722] Executing ClickRunTest function:
2016-01-27 23:51:30,496 DEBUG [EBPB_DeviceApplicationSTTL-116722] Executing Click function
2016-01-27 23:51:31,451 DEBUG [EBPB_DeviceApplicationSTTL-116722] Exiting Click function
2016-01-27 23:51:31,452 DEBUG [EBPB_DeviceApplicationSTTL-116722] runtest_top_xpath Button clicked Successfully
2016-01-27 23:51:31,452 DEBUG [EBPB_DeviceApplicationSTTL-116722] TestStepResult of ClickRunTest: pass
2016-01-27 23:51:31,452 DEBUG [EBPB_DeviceApplicationSTTL-116722] In execute keyword function
2016-01-27 23:51:31,452 DEBUG [EBPB_DeviceApplicationSTTL-116722] Executing validate_screenOrientation function:
2016-01-27 23:51:31,452 DEBUG [EBPB_DeviceApplicationSTTL-116722] Started executeCommandLine function
2016-01-27 23:51:35,473 DEBUG [EBPB_DeviceApplicationSTTL-116722] Screen rotated successfully with specified orientation
2016-01-27 23:51:35,473 DEBUG [EBPB_DeviceApplicationSTTL-116722] Result of validate_screenOrientation: Pass
2016-01-27 23:51:35,473 DEBUG [EBPB_DeviceApplicationSTTL-116722] allstep_result contains: passpassPassPassPassnull
2016-01-27 23:51:35,473 DEBUG [EBPB_DeviceApplicationSTTL-116722] allexpected_result contains: nullPassnullPassnullpassnullpassnull
2016-01-27 23:51:35,473 DEBUG [EBPB_DeviceApplicationSTTL-116722] Testcase_Result contains: nullPassnullPassnullpassnullpassnullpasspassPassPassPassnull
2016-01-27 23:51:35,473 DEBUG [EBPB_DeviceApplicationSTTL-116722] Test case with description ScreenOrientation Normal Pass
2016-01-27 23:51:36,509 DEBUG [EBPB_DeviceApplicationSTTL-116722] Executing browser_Quit function
2016-01-27 23:51:36,509 DEBUG [EBPB_DeviceApplicationSTTL-116722] Completed browser_Quit function
2016-01-27 23:51:36,509 DEBUG [EBPB_DeviceApplicationSTTL-116722] Completed quitSelendroid function
2016-01-27 23:51:36,509 DEBUG [EBPB_DeviceApplicationSTTL-116722] Row number:23
2016-01-27 23:51:36,563 DEBUG [EBPB_DeviceApplicationSTTL-116722] Ending Test Case IDSTTL-116722
