2016-01-27 23:52:36,158 DEBUG [EBPB_DeviceApplicationSTTL-116725] Executing Test Case ID: STTL-116725
2016-01-27 23:52:36,176 DEBUG [EBPB_DeviceApplicationSTTL-116725] Executing Init_Selendroid function with APK as parameter and clear data value with 1
2016-01-27 23:52:45,964 DEBUG [EBPB_DeviceApplicationSTTL-116725] Exiting Init_Selendroid function
2016-01-27 23:52:45,975 DEBUG [EBPB_DeviceApplicationSTTL-116725] TestCase with Description "Textsize as largest" Execution started
2016-01-27 23:52:45,975 DEBUG [EBPB_DeviceApplicationSTTL-116725] In execute keyword function
2016-01-27 23:52:45,975 DEBUG [EBPB_DeviceApplicationSTTL-116725] Executing wait function:
2016-01-27 23:52:45,975 DEBUG [EBPB_DeviceApplicationSTTL-116725] Started Executing wait function
2016-01-27 23:52:48,975 DEBUG [EBPB_DeviceApplicationSTTL-116725] Exiting from wait function
2016-01-27 23:52:48,975 DEBUG [EBPB_DeviceApplicationSTTL-116725] TestStepResult of wait: Pass
2016-01-27 23:52:48,975 DEBUG [EBPB_DeviceApplicationSTTL-116725] In execute keyword function
2016-01-27 23:52:48,975 DEBUG [EBPB_DeviceApplicationSTTL-116725] Executing validate_PageTitle function:
2016-01-27 23:52:49,021 DEBUG [EBPB_DeviceApplicationSTTL-116725] The title of the page is *********************************: Pocket Browser Tests
2016-01-27 23:52:49,021 DEBUG [EBPB_DeviceApplicationSTTL-116725] The page title found is correct
2016-01-27 23:52:49,021 DEBUG [EBPB_DeviceApplicationSTTL-116725] Result of validate_PageTitle: pass
2016-01-27 23:52:49,021 DEBUG [EBPB_DeviceApplicationSTTL-116725] In execute keyword function
2016-01-27 23:52:49,021 DEBUG [EBPB_DeviceApplicationSTTL-116725] Executing link_Click function:
2016-01-27 23:52:49,718 DEBUG [EBPB_DeviceApplicationSTTL-116725] Executing Click function
2016-01-27 23:52:50,790 DEBUG [EBPB_DeviceApplicationSTTL-116725] Exiting Click function
2016-01-27 23:52:50,790 DEBUG [EBPB_DeviceApplicationSTTL-116725] DeviceApplication_test_link clicked successfully
2016-01-27 23:52:50,790 DEBUG [EBPB_DeviceApplicationSTTL-116725] TestStepResult of link_Click: Pass
2016-01-27 23:52:50,790 DEBUG [EBPB_DeviceApplicationSTTL-116725] In execute keyword function
2016-01-27 23:52:50,790 DEBUG [EBPB_DeviceApplicationSTTL-116725] Executing wait function:
2016-01-27 23:52:50,791 DEBUG [EBPB_DeviceApplicationSTTL-116725] Started Executing wait function
2016-01-27 23:52:52,792 DEBUG [EBPB_DeviceApplicationSTTL-116725] Exiting from wait function
2016-01-27 23:52:52,792 DEBUG [EBPB_DeviceApplicationSTTL-116725] TestStepResult of wait: Pass
2016-01-27 23:52:52,792 DEBUG [EBPB_DeviceApplicationSTTL-116725] In execute keyword function
2016-01-27 23:52:52,792 DEBUG [EBPB_DeviceApplicationSTTL-116725] Executing validate_PageTitle function:
2016-01-27 23:52:52,825 DEBUG [EBPB_DeviceApplicationSTTL-116725] The title of the page is *********************************: Device & Application
2016-01-27 23:52:52,825 DEBUG [EBPB_DeviceApplicationSTTL-116725] The page title found is correct
2016-01-27 23:52:52,825 DEBUG [EBPB_DeviceApplicationSTTL-116725] Result of validate_PageTitle: pass
2016-01-27 23:52:52,825 DEBUG [EBPB_DeviceApplicationSTTL-116725] In execute keyword function
2016-01-27 23:52:52,825 DEBUG [EBPB_DeviceApplicationSTTL-116725] Executing SelectTestToRun function:
2016-01-27 23:53:00,777 DEBUG [EBPB_DeviceApplicationSTTL-116725] Successfull in selecting clicking the category
2016-01-27 23:53:00,777 DEBUG [EBPB_DeviceApplicationSTTL-116725] TestStepResult of SelectTestToRun: pass
2016-01-27 23:53:00,777 DEBUG [EBPB_DeviceApplicationSTTL-116725] In execute keyword function
2016-01-27 23:53:00,777 DEBUG [EBPB_DeviceApplicationSTTL-116725] Executing validate_Text_Exists function:
2016-01-27 23:53:01,039 DEBUG [EBPB_DeviceApplicationSTTL-116725] VT056-927 Testcase Text found
2016-01-27 23:53:01,039 DEBUG [EBPB_DeviceApplicationSTTL-116725] Result of validate_Text_Exists: Pass
2016-01-27 23:53:01,039 DEBUG [EBPB_DeviceApplicationSTTL-116725] In execute keyword function
2016-01-27 23:53:01,039 DEBUG [EBPB_DeviceApplicationSTTL-116725] Executing ClickRunTest function:
2016-01-27 23:53:01,317 DEBUG [EBPB_DeviceApplicationSTTL-116725] Executing Click function
2016-01-27 23:53:02,445 DEBUG [EBPB_DeviceApplicationSTTL-116725] Exiting Click function
2016-01-27 23:53:02,445 DEBUG [EBPB_DeviceApplicationSTTL-116725] runtest_top_xpath Button clicked Successfully
2016-01-27 23:53:02,445 DEBUG [EBPB_DeviceApplicationSTTL-116725] TestStepResult of ClickRunTest: pass
2016-01-27 23:53:02,445 DEBUG [EBPB_DeviceApplicationSTTL-116725] In execute keyword function
2016-01-27 23:53:02,445 DEBUG [EBPB_DeviceApplicationSTTL-116725] Executing TakeScreenshot function:
2016-01-27 23:53:03,262 DEBUG [EBPB_DeviceApplicationSTTL-116725] Started Executing Validate_App_launched_Device function
2016-01-27 23:53:03,262 DEBUG [EBPB_DeviceApplicationSTTL-116725] Entered CheckUIButtonExists function
2016-01-27 23:53:03,262 DEBUG [EBPB_DeviceApplicationSTTL-116725] Started executeCommandLine function
2016-01-27 23:53:08,887 DEBUG [EBPB_DeviceApplicationSTTL-116725] Exiting from executeCommandLine function
2016-01-27 23:53:08,887 DEBUG [EBPB_DeviceApplicationSTTL-116725] Button is not Present
2016-01-27 23:53:08,887 DEBUG [EBPB_DeviceApplicationSTTL-116725] Exiting from CheckUIButtonExists function
2016-01-27 23:53:08,887 DEBUG [EBPB_DeviceApplicationSTTL-116725] Started executeCommandLine function
2016-01-27 23:53:12,908 DEBUG [EBPB_DeviceApplicationSTTL-116725] Given App is in Foreground
2016-01-27 23:53:12,908 DEBUG [EBPB_DeviceApplicationSTTL-116725] Exiting Validate_App_launched_Device function
2016-01-27 23:53:13,068 DEBUG [EBPB_DeviceApplicationSTTL-116725] TestStepResult of TakeScreenshot: pass
2016-01-27 23:53:13,068 DEBUG [EBPB_DeviceApplicationSTTL-116725] allstep_result contains: passpasspassPassPassPassnull
2016-01-27 23:53:13,068 DEBUG [EBPB_DeviceApplicationSTTL-116725] allexpected_result contains: nullPassnullpassnullpassnull
2016-01-27 23:53:13,068 DEBUG [EBPB_DeviceApplicationSTTL-116725] Testcase_Result contains: nullPassnullpassnullpassnullpasspasspassPassPassPassnull
2016-01-27 23:53:13,068 DEBUG [EBPB_DeviceApplicationSTTL-116725] Test case with description Textsize as largest Pass
2016-01-27 23:53:14,108 DEBUG [EBPB_DeviceApplicationSTTL-116725] Executing browser_Quit function
2016-01-27 23:53:14,108 DEBUG [EBPB_DeviceApplicationSTTL-116725] Completed browser_Quit function
2016-01-27 23:53:14,108 DEBUG [EBPB_DeviceApplicationSTTL-116725] Completed quitSelendroid function
2016-01-27 23:53:14,109 DEBUG [EBPB_DeviceApplicationSTTL-116725] Row number:26
2016-01-27 23:53:14,163 DEBUG [EBPB_DeviceApplicationSTTL-116725] Ending Test Case IDSTTL-116725
