2016-01-27 23:48:45,866 DEBUG [EBPB_DeviceApplicationSTTL-116718] Executing Test Case ID: STTL-116718
2016-01-27 23:48:45,873 DEBUG [EBPB_DeviceApplicationSTTL-116718] Executing Init_Selendroid function with APK as parameter and clear data value with 1
2016-01-27 23:48:55,709 DEBUG [EBPB_DeviceApplicationSTTL-116718] Exiting Init_Selendroid function
2016-01-27 23:48:55,727 DEBUG [EBPB_DeviceApplicationSTTL-116718] TestCase with Description "PowerOn Event with javascript" Execution started
2016-01-27 23:48:55,727 DEBUG [EBPB_DeviceApplicationSTTL-116718] In execute keyword function
2016-01-27 23:48:55,727 DEBUG [EBPB_DeviceApplicationSTTL-116718] Executing wait function:
2016-01-27 23:48:55,727 DEBUG [EBPB_DeviceApplicationSTTL-116718] Started Executing wait function
2016-01-27 23:48:58,727 DEBUG [EBPB_DeviceApplicationSTTL-116718] Exiting from wait function
2016-01-27 23:48:58,727 DEBUG [EBPB_DeviceApplicationSTTL-116718] TestStepResult of wait: Pass
2016-01-27 23:48:58,727 DEBUG [EBPB_DeviceApplicationSTTL-116718] In execute keyword function
2016-01-27 23:48:58,727 DEBUG [EBPB_DeviceApplicationSTTL-116718] Executing validate_PageTitle function:
2016-01-27 23:48:58,769 DEBUG [EBPB_DeviceApplicationSTTL-116718] The title of the page is *********************************: Pocket Browser Tests
2016-01-27 23:48:58,769 DEBUG [EBPB_DeviceApplicationSTTL-116718] The page title found is correct
2016-01-27 23:48:58,769 DEBUG [EBPB_DeviceApplicationSTTL-116718] Result of validate_PageTitle: pass
2016-01-27 23:48:58,769 DEBUG [EBPB_DeviceApplicationSTTL-116718] In execute keyword function
2016-01-27 23:48:58,769 DEBUG [EBPB_DeviceApplicationSTTL-116718] Executing link_Click function:
2016-01-27 23:48:59,426 DEBUG [EBPB_DeviceApplicationSTTL-116718] Executing Click function
2016-01-27 23:49:00,522 DEBUG [EBPB_DeviceApplicationSTTL-116718] Exiting Click function
2016-01-27 23:49:00,522 DEBUG [EBPB_DeviceApplicationSTTL-116718] DeviceApplication_test_link clicked successfully
2016-01-27 23:49:00,522 DEBUG [EBPB_DeviceApplicationSTTL-116718] TestStepResult of link_Click: Pass
2016-01-27 23:49:00,522 DEBUG [EBPB_DeviceApplicationSTTL-116718] In execute keyword function
2016-01-27 23:49:00,522 DEBUG [EBPB_DeviceApplicationSTTL-116718] Executing wait function:
2016-01-27 23:49:00,522 DEBUG [EBPB_DeviceApplicationSTTL-116718] Started Executing wait function
2016-01-27 23:49:02,523 DEBUG [EBPB_DeviceApplicationSTTL-116718] Exiting from wait function
2016-01-27 23:49:02,523 DEBUG [EBPB_DeviceApplicationSTTL-116718] TestStepResult of wait: Pass
2016-01-27 23:49:02,523 DEBUG [EBPB_DeviceApplicationSTTL-116718] In execute keyword function
2016-01-27 23:49:02,523 DEBUG [EBPB_DeviceApplicationSTTL-116718] Executing validate_PageTitle function:
2016-01-27 23:49:02,561 DEBUG [EBPB_DeviceApplicationSTTL-116718] The title of the page is *********************************: Device & Application
2016-01-27 23:49:02,561 DEBUG [EBPB_DeviceApplicationSTTL-116718] The page title found is correct
2016-01-27 23:49:02,561 DEBUG [EBPB_DeviceApplicationSTTL-116718] Result of validate_PageTitle: pass
2016-01-27 23:49:02,561 DEBUG [EBPB_DeviceApplicationSTTL-116718] In execute keyword function
2016-01-27 23:49:02,561 DEBUG [EBPB_DeviceApplicationSTTL-116718] Executing SelectTestToRun function:
2016-01-27 23:49:08,578 DEBUG [EBPB_DeviceApplicationSTTL-116718] Successfull in selecting clicking the category
2016-01-27 23:49:08,578 DEBUG [EBPB_DeviceApplicationSTTL-116718] TestStepResult of SelectTestToRun: pass
2016-01-27 23:49:08,578 DEBUG [EBPB_DeviceApplicationSTTL-116718] In execute keyword function
2016-01-27 23:49:08,579 DEBUG [EBPB_DeviceApplicationSTTL-116718] Executing validate_Text_Exists function:
2016-01-27 23:49:08,861 DEBUG [EBPB_DeviceApplicationSTTL-116718] VT056-906 Testcase Text found
2016-01-27 23:49:08,861 DEBUG [EBPB_DeviceApplicationSTTL-116718] Result of validate_Text_Exists: Pass
2016-01-27 23:49:08,861 DEBUG [EBPB_DeviceApplicationSTTL-116718] In execute keyword function
2016-01-27 23:49:08,861 DEBUG [EBPB_DeviceApplicationSTTL-116718] Executing ClickRunTest function:
2016-01-27 23:49:09,236 DEBUG [EBPB_DeviceApplicationSTTL-116718] Executing Click function
2016-01-27 23:49:10,210 DEBUG [EBPB_DeviceApplicationSTTL-116718] Exiting Click function
2016-01-27 23:49:10,210 DEBUG [EBPB_DeviceApplicationSTTL-116718] runtest_top_xpath Button clicked Successfully
2016-01-27 23:49:10,210 DEBUG [EBPB_DeviceApplicationSTTL-116718] TestStepResult of ClickRunTest: pass
2016-01-27 23:49:10,210 DEBUG [EBPB_DeviceApplicationSTTL-116718] In execute keyword function
2016-01-27 23:49:10,210 DEBUG [EBPB_DeviceApplicationSTTL-116718] Executing Lock_UnlockScreen function:
2016-01-27 23:49:10,210 DEBUG [EBPB_DeviceApplicationSTTL-116718] locking screen
2016-01-27 23:49:10,210 DEBUG [EBPB_DeviceApplicationSTTL-116718] Started executeCommandLine function
2016-01-27 23:49:15,230 DEBUG [EBPB_DeviceApplicationSTTL-116718] TestStepResult of Lock_UnlockScreen: pass
2016-01-27 23:49:15,230 DEBUG [EBPB_DeviceApplicationSTTL-116718] In execute keyword function
2016-01-27 23:49:15,230 DEBUG [EBPB_DeviceApplicationSTTL-116718] Executing Lock_UnlockScreen function:
2016-01-27 23:49:15,230 DEBUG [EBPB_DeviceApplicationSTTL-116718] unlocking screen
2016-01-27 23:49:15,230 DEBUG [EBPB_DeviceApplicationSTTL-116718] Started executeCommandLine function
2016-01-27 23:49:19,250 DEBUG [EBPB_DeviceApplicationSTTL-116718] Started executeCommandLine function
2016-01-27 23:49:23,271 DEBUG [EBPB_DeviceApplicationSTTL-116718] TestStepResult of Lock_UnlockScreen: pass
2016-01-27 23:49:23,271 DEBUG [EBPB_DeviceApplicationSTTL-116718] In execute keyword function
2016-01-27 23:49:23,271 DEBUG [EBPB_DeviceApplicationSTTL-116718] Executing wait function:
2016-01-27 23:49:23,271 DEBUG [EBPB_DeviceApplicationSTTL-116718] Started Executing wait function
2016-01-27 23:49:25,271 DEBUG [EBPB_DeviceApplicationSTTL-116718] Exiting from wait function
2016-01-27 23:49:25,271 DEBUG [EBPB_DeviceApplicationSTTL-116718] TestStepResult of wait: Pass
2016-01-27 23:49:25,271 DEBUG [EBPB_DeviceApplicationSTTL-116718] In execute keyword function
2016-01-27 23:49:25,271 DEBUG [EBPB_DeviceApplicationSTTL-116718] Executing CheckUITextContains function:
2016-01-27 23:49:25,271 DEBUG [EBPB_DeviceApplicationSTTL-116718] Started executeCommandLine function
2016-01-27 23:49:29,292 DEBUG [EBPB_DeviceApplicationSTTL-116718] Text is Present
2016-01-27 23:49:29,292 DEBUG [EBPB_DeviceApplicationSTTL-116718] TestStepResult of CheckUITextContains: Pass
2016-01-27 23:49:29,292 DEBUG [EBPB_DeviceApplicationSTTL-116718] In execute keyword function
2016-01-27 23:49:29,292 DEBUG [EBPB_DeviceApplicationSTTL-116718] Executing ClickUIButtonText function:
2016-01-27 23:49:29,292 DEBUG [EBPB_DeviceApplicationSTTL-116718] Entered ClickUIButtonText function
2016-01-27 23:49:29,292 DEBUG [EBPB_DeviceApplicationSTTL-116718] Started executeCommandLine function
2016-01-27 23:49:33,313 DEBUG [EBPB_DeviceApplicationSTTL-116718] Started executeCommandLine function
2016-01-27 23:49:37,820 DEBUG [EBPB_DeviceApplicationSTTL-116718] Exiting ClickUIButtonText function
2016-01-27 23:49:37,820 DEBUG [EBPB_DeviceApplicationSTTL-116718] TestStepResult of ClickUIButtonText: Pass
2016-01-27 23:49:37,820 DEBUG [EBPB_DeviceApplicationSTTL-116718] allstep_result contains: PassPassPasspasspasspasspassPassPassPassnull
2016-01-27 23:49:37,820 DEBUG [EBPB_DeviceApplicationSTTL-116718] allexpected_result contains: nullPassnullpassnullpassnull
2016-01-27 23:49:37,820 DEBUG [EBPB_DeviceApplicationSTTL-116718] Testcase_Result contains: nullPassnullpassnullpassnullPassPassPasspasspasspasspassPassPassPassnull
2016-01-27 23:49:37,820 DEBUG [EBPB_DeviceApplicationSTTL-116718] Test case with description PowerOn Event with javascript Pass
2016-01-27 23:49:38,845 DEBUG [EBPB_DeviceApplicationSTTL-116718] Executing browser_Quit function
2016-01-27 23:49:38,845 DEBUG [EBPB_DeviceApplicationSTTL-116718] Completed browser_Quit function
2016-01-27 23:49:38,845 DEBUG [EBPB_DeviceApplicationSTTL-116718] Completed quitSelendroid function
2016-01-27 23:49:38,846 DEBUG [EBPB_DeviceApplicationSTTL-116718] Row number:19
2016-01-27 23:49:38,900 DEBUG [EBPB_DeviceApplicationSTTL-116718] Ending Test Case IDSTTL-116718
