2016-01-27 23:34:48,035 DEBUG [EBPB_DeviceApplicationSTTL-116701] Executing Test Case ID: STTL-116701
2016-01-27 23:35:23,113 DEBUG [EBPB_DeviceApplicationSTTL-116701] Executing Init_Selendroid function with APK as parameter and clear data value with 1
2016-01-27 23:35:32,223 DEBUG [EBPB_DeviceApplicationSTTL-116701] Exiting Init_Selendroid function
2016-01-27 23:35:32,240 DEBUG [EBPB_DeviceApplicationSTTL-116701] TestCase with Description "Change Start page" Execution started
2016-01-27 23:35:32,240 DEBUG [EBPB_DeviceApplicationSTTL-116701] In execute keyword function
2016-01-27 23:35:32,240 DEBUG [EBPB_DeviceApplicationSTTL-116701] Executing wait function:
2016-01-27 23:35:32,241 DEBUG [EBPB_DeviceApplicationSTTL-116701] Started Executing wait function
2016-01-27 23:35:35,241 DEBUG [EBPB_DeviceApplicationSTTL-116701] Exiting from wait function
2016-01-27 23:35:35,241 DEBUG [EBPB_DeviceApplicationSTTL-116701] TestStepResult of wait: Pass
2016-01-27 23:35:35,241 DEBUG [EBPB_DeviceApplicationSTTL-116701] In execute keyword function
2016-01-27 23:35:35,241 DEBUG [EBPB_DeviceApplicationSTTL-116701] Executing PullConfigxml function:
2016-01-27 23:35:35,241 DEBUG [EBPB_DeviceApplicationSTTL-116701] Started executeCommandLine function
2016-01-27 23:35:39,261 DEBUG [EBPB_DeviceApplicationSTTL-116701] TestStepResult of PullConfigxml: Pass
2016-01-27 23:35:39,261 DEBUG [EBPB_DeviceApplicationSTTL-116701] In execute keyword function
2016-01-27 23:35:39,261 DEBUG [EBPB_DeviceApplicationSTTL-116701] Executing ChangeConfigxml function:
2016-01-27 23:35:39,261 DEBUG [EBPB_DeviceApplicationSTTL-116701] Executing ChangeConfigxml function
2016-01-27 23:35:39,263 DEBUG [EBPB_DeviceApplicationSTTL-116701] TestStepResult of ChangeConfigxml: Pass
2016-01-27 23:35:39,263 DEBUG [EBPB_DeviceApplicationSTTL-116701] In execute keyword function
2016-01-27 23:35:39,263 DEBUG [EBPB_DeviceApplicationSTTL-116701] Executing ChangeConfigxml function:
2016-01-27 23:35:39,264 DEBUG [EBPB_DeviceApplicationSTTL-116701] Executing ChangeConfigxml function
2016-01-27 23:35:39,265 DEBUG [EBPB_DeviceApplicationSTTL-116701] TestStepResult of ChangeConfigxml: Pass
2016-01-27 23:35:39,265 DEBUG [EBPB_DeviceApplicationSTTL-116701] In execute keyword function
2016-01-27 23:35:39,265 DEBUG [EBPB_DeviceApplicationSTTL-116701] Executing ChangeConfigxml function:
2016-01-27 23:35:39,265 DEBUG [EBPB_DeviceApplicationSTTL-116701] Executing ChangeConfigxml function
2016-01-27 23:35:39,267 DEBUG [EBPB_DeviceApplicationSTTL-116701] TestStepResult of ChangeConfigxml: Pass
2016-01-27 23:35:39,267 DEBUG [EBPB_DeviceApplicationSTTL-116701] In execute keyword function
2016-01-27 23:35:39,267 DEBUG [EBPB_DeviceApplicationSTTL-116701] Executing PushConfigxml function:
2016-01-27 23:35:39,267 DEBUG [EBPB_DeviceApplicationSTTL-116701] Started executeCommandLine function
2016-01-27 23:35:43,290 DEBUG [EBPB_DeviceApplicationSTTL-116701] TestStepResult of PushConfigxml: Pass
2016-01-27 23:35:43,290 DEBUG [EBPB_DeviceApplicationSTTL-116701] allstep_result contains: PassPassPassPassPassPassnull
2016-01-27 23:35:43,290 DEBUG [EBPB_DeviceApplicationSTTL-116701] allexpected_result contains: null
2016-01-27 23:35:43,290 DEBUG [EBPB_DeviceApplicationSTTL-116701] Testcase_Result contains: nullPassPassPassPassPassPassnull
2016-01-27 23:35:43,290 DEBUG [EBPB_DeviceApplicationSTTL-116701] Test case with description Change Start page Pass
2016-01-27 23:35:44,344 DEBUG [EBPB_DeviceApplicationSTTL-116701] Executing browser_Quit function
2016-01-27 23:35:44,344 DEBUG [EBPB_DeviceApplicationSTTL-116701] Completed browser_Quit function
2016-01-27 23:35:44,345 DEBUG [EBPB_DeviceApplicationSTTL-116701] Completed quitSelendroid function
2016-01-27 23:35:44,345 DEBUG [EBPB_DeviceApplicationSTTL-116701] Row number:2
2016-01-27 23:35:44,371 DEBUG [EBPB_DeviceApplicationSTTL-116701] Ending Test Case IDSTTL-116701
