2016-01-27 23:52:06,057 DEBUG [EBPB_DeviceApplicationSTTL-116724] Executing Test Case ID: STTL-116724
2016-01-27 23:52:06,065 DEBUG [EBPB_DeviceApplicationSTTL-116724] Executing Init_Selendroid function with APK as parameter and clear data value with 1
2016-01-27 23:52:15,102 DEBUG [EBPB_DeviceApplicationSTTL-116724] Exiting Init_Selendroid function
2016-01-27 23:52:15,120 DEBUG [EBPB_DeviceApplicationSTTL-116724] TestCase with Description "ScreenOrientation with javascript" Execution started
2016-01-27 23:52:15,120 DEBUG [EBPB_DeviceApplicationSTTL-116724] In execute keyword function
2016-01-27 23:52:15,120 DEBUG [EBPB_DeviceApplicationSTTL-116724] Executing wait function:
2016-01-27 23:52:15,120 DEBUG [EBPB_DeviceApplicationSTTL-116724] Started Executing wait function
2016-01-27 23:52:18,120 DEBUG [EBPB_DeviceApplicationSTTL-116724] Exiting from wait function
2016-01-27 23:52:18,120 DEBUG [EBPB_DeviceApplicationSTTL-116724] TestStepResult of wait: Pass
2016-01-27 23:52:18,120 DEBUG [EBPB_DeviceApplicationSTTL-116724] In execute keyword function
2016-01-27 23:52:18,120 DEBUG [EBPB_DeviceApplicationSTTL-116724] Executing validate_PageTitle function:
2016-01-27 23:52:18,167 DEBUG [EBPB_DeviceApplicationSTTL-116724] The title of the page is *********************************: Pocket Browser Tests
2016-01-27 23:52:18,167 DEBUG [EBPB_DeviceApplicationSTTL-116724] The page title found is correct
2016-01-27 23:52:18,167 DEBUG [EBPB_DeviceApplicationSTTL-116724] Result of validate_PageTitle: pass
2016-01-27 23:52:18,167 DEBUG [EBPB_DeviceApplicationSTTL-116724] In execute keyword function
2016-01-27 23:52:18,167 DEBUG [EBPB_DeviceApplicationSTTL-116724] Executing link_Click function:
2016-01-27 23:52:18,819 DEBUG [EBPB_DeviceApplicationSTTL-116724] Executing Click function
2016-01-27 23:52:19,890 DEBUG [EBPB_DeviceApplicationSTTL-116724] Exiting Click function
2016-01-27 23:52:19,890 DEBUG [EBPB_DeviceApplicationSTTL-116724] DeviceApplication_test_link clicked successfully
2016-01-27 23:52:19,890 DEBUG [EBPB_DeviceApplicationSTTL-116724] TestStepResult of link_Click: Pass
2016-01-27 23:52:19,890 DEBUG [EBPB_DeviceApplicationSTTL-116724] In execute keyword function
2016-01-27 23:52:19,890 DEBUG [EBPB_DeviceApplicationSTTL-116724] Executing wait function:
2016-01-27 23:52:19,890 DEBUG [EBPB_DeviceApplicationSTTL-116724] Started Executing wait function
2016-01-27 23:52:21,891 DEBUG [EBPB_DeviceApplicationSTTL-116724] Exiting from wait function
2016-01-27 23:52:21,891 DEBUG [EBPB_DeviceApplicationSTTL-116724] TestStepResult of wait: Pass
2016-01-27 23:52:21,891 DEBUG [EBPB_DeviceApplicationSTTL-116724] In execute keyword function
2016-01-27 23:52:21,891 DEBUG [EBPB_DeviceApplicationSTTL-116724] Executing validate_PageTitle function:
2016-01-27 23:52:21,931 DEBUG [EBPB_DeviceApplicationSTTL-116724] The title of the page is *********************************: Device & Application
2016-01-27 23:52:21,931 DEBUG [EBPB_DeviceApplicationSTTL-116724] The page title found is correct
2016-01-27 23:52:21,931 DEBUG [EBPB_DeviceApplicationSTTL-116724] Result of validate_PageTitle: pass
2016-01-27 23:52:21,931 DEBUG [EBPB_DeviceApplicationSTTL-116724] In execute keyword function
2016-01-27 23:52:21,931 DEBUG [EBPB_DeviceApplicationSTTL-116724] Executing SelectTestToRun function:
2016-01-27 23:52:28,970 DEBUG [EBPB_DeviceApplicationSTTL-116724] Successfull in selecting clicking the category
2016-01-27 23:52:28,970 DEBUG [EBPB_DeviceApplicationSTTL-116724] TestStepResult of SelectTestToRun: pass
2016-01-27 23:52:28,970 DEBUG [EBPB_DeviceApplicationSTTL-116724] In execute keyword function
2016-01-27 23:52:28,970 DEBUG [EBPB_DeviceApplicationSTTL-116724] Executing validate_Text_Exists function:
2016-01-27 23:52:29,400 DEBUG [EBPB_DeviceApplicationSTTL-116724] VT056-916 Testcase Text found
2016-01-27 23:52:29,400 DEBUG [EBPB_DeviceApplicationSTTL-116724] Result of validate_Text_Exists: Pass
2016-01-27 23:52:29,400 DEBUG [EBPB_DeviceApplicationSTTL-116724] In execute keyword function
2016-01-27 23:52:29,400 DEBUG [EBPB_DeviceApplicationSTTL-116724] Executing ClickRunTest function:
2016-01-27 23:52:29,725 DEBUG [EBPB_DeviceApplicationSTTL-116724] Executing Click function
2016-01-27 23:52:30,888 DEBUG [EBPB_DeviceApplicationSTTL-116724] Exiting Click function
2016-01-27 23:52:30,888 DEBUG [EBPB_DeviceApplicationSTTL-116724] runtest_top_xpath Button clicked Successfully
2016-01-27 23:52:30,888 DEBUG [EBPB_DeviceApplicationSTTL-116724] TestStepResult of ClickRunTest: pass
2016-01-27 23:52:30,888 DEBUG [EBPB_DeviceApplicationSTTL-116724] In execute keyword function
2016-01-27 23:52:30,888 DEBUG [EBPB_DeviceApplicationSTTL-116724] Executing validate_screenOrientation function:
2016-01-27 23:52:30,888 DEBUG [EBPB_DeviceApplicationSTTL-116724] Started executeCommandLine function
2016-01-27 23:52:34,910 DEBUG [EBPB_DeviceApplicationSTTL-116724] Screen rotated successfully with specified orientation
2016-01-27 23:52:34,910 DEBUG [EBPB_DeviceApplicationSTTL-116724] Result of validate_screenOrientation: Pass
2016-01-27 23:52:34,910 DEBUG [EBPB_DeviceApplicationSTTL-116724] In execute keyword function
2016-01-27 23:52:34,910 DEBUG [EBPB_DeviceApplicationSTTL-116724] Executing validate_Result function:
2016-01-27 23:52:35,136 DEBUG [EBPB_DeviceApplicationSTTL-116724] normal Text found in normal
2016-01-27 23:52:35,136 DEBUG [EBPB_DeviceApplicationSTTL-116724] Result of validate_Result: Pass
2016-01-27 23:52:35,136 DEBUG [EBPB_DeviceApplicationSTTL-116724] allstep_result contains: passpassPassPassPassnull
2016-01-27 23:52:35,136 DEBUG [EBPB_DeviceApplicationSTTL-116724] allexpected_result contains: nullPassPassnullPassnullpassnullpassnull
2016-01-27 23:52:35,136 DEBUG [EBPB_DeviceApplicationSTTL-116724] Testcase_Result contains: nullPassPassnullPassnullpassnullpassnullpasspassPassPassPassnull
2016-01-27 23:52:35,136 DEBUG [EBPB_DeviceApplicationSTTL-116724] Test case with description ScreenOrientation with javascript Pass
2016-01-27 23:52:36,120 DEBUG [EBPB_DeviceApplicationSTTL-116724] Executing browser_Quit function
2016-01-27 23:52:36,120 DEBUG [EBPB_DeviceApplicationSTTL-116724] Completed browser_Quit function
2016-01-27 23:52:36,120 DEBUG [EBPB_DeviceApplicationSTTL-116724] Completed quitSelendroid function
2016-01-27 23:52:36,120 DEBUG [EBPB_DeviceApplicationSTTL-116724] Row number:25
2016-01-27 23:52:36,144 DEBUG [EBPB_DeviceApplicationSTTL-116724] Ending Test Case IDSTTL-116724
