2016-01-27 22:46:32,324 DEBUG [EBPB_APDSTTL-116707] Executing Test Case ID: STTL-116707
2016-01-27 22:46:32,330 DEBUG [EBPB_APDSTTL-116707] Executing Init_Selendroid function with APK as parameter and clear data value with 1
2016-01-27 22:46:42,709 DEBUG [EBPB_APDSTTL-116707] Exiting Init_Selendroid function
2016-01-27 22:46:42,722 DEBUG [EBPB_APDSTTL-116707] TestCase with Description "Set Printer Command 0105 (Set Printer ID)" Execution started
2016-01-27 22:46:42,722 DEBUG [EBPB_APDSTTL-116707] In execute keyword function
2016-01-27 22:46:42,723 DEBUG [EBPB_APDSTTL-116707] Executing wait function:
2016-01-27 22:46:42,723 DEBUG [EBPB_APDSTTL-116707] Started Executing wait function
2016-01-27 22:46:45,723 DEBUG [EBPB_APDSTTL-116707] Exiting from wait function
2016-01-27 22:46:45,723 DEBUG [EBPB_APDSTTL-116707] TestStepResult of wait: Pass
2016-01-27 22:46:45,723 DEBUG [EBPB_APDSTTL-116707] In execute keyword function
2016-01-27 22:46:45,723 DEBUG [EBPB_APDSTTL-116707] Executing validate_PageTitle function:
2016-01-27 22:46:45,765 DEBUG [EBPB_APDSTTL-116707] The title of the page is *********************************: Pocket Browser Tests
2016-01-27 22:46:45,765 DEBUG [EBPB_APDSTTL-116707] The page title found is correct
2016-01-27 22:46:45,765 DEBUG [EBPB_APDSTTL-116707] Result of validate_PageTitle: pass
2016-01-27 22:46:45,765 DEBUG [EBPB_APDSTTL-116707] In execute keyword function
2016-01-27 22:46:45,765 DEBUG [EBPB_APDSTTL-116707] Executing link_Click function:
2016-01-27 22:46:46,353 DEBUG [EBPB_APDSTTL-116707] Executing Click function
2016-01-27 22:46:47,358 DEBUG [EBPB_APDSTTL-116707] Exiting Click function
2016-01-27 22:46:47,358 DEBUG [EBPB_APDSTTL-116707] apd_test_link clicked successfully
2016-01-27 22:46:47,358 DEBUG [EBPB_APDSTTL-116707] TestStepResult of link_Click: Pass
2016-01-27 22:46:47,358 DEBUG [EBPB_APDSTTL-116707] In execute keyword function
2016-01-27 22:46:47,358 DEBUG [EBPB_APDSTTL-116707] Executing validate_PageTitle function:
2016-01-27 22:46:47,392 DEBUG [EBPB_APDSTTL-116707] The title of the page is *********************************: Module Index Page
2016-01-27 22:46:47,392 DEBUG [EBPB_APDSTTL-116707] The page title found is correct
2016-01-27 22:46:47,393 DEBUG [EBPB_APDSTTL-116707] Result of validate_PageTitle: pass
2016-01-27 22:46:47,393 DEBUG [EBPB_APDSTTL-116707] In execute keyword function
2016-01-27 22:46:47,393 DEBUG [EBPB_APDSTTL-116707] Executing link_Click function:
2016-01-27 22:46:47,763 DEBUG [EBPB_APDSTTL-116707] Executing Click function
2016-01-27 22:46:48,693 DEBUG [EBPB_APDSTTL-116707] Exiting Click function
2016-01-27 22:46:48,694 DEBUG [EBPB_APDSTTL-116707] activex_link clicked successfully
2016-01-27 22:46:48,694 DEBUG [EBPB_APDSTTL-116707] TestStepResult of link_Click: Pass
2016-01-27 22:46:48,694 DEBUG [EBPB_APDSTTL-116707] In execute keyword function
2016-01-27 22:46:48,694 DEBUG [EBPB_APDSTTL-116707] Executing validate_PageTitle function:
2016-01-27 22:46:48,721 DEBUG [EBPB_APDSTTL-116707] The title of the page is *********************************: PB and RE2.2 Semi Auto Frame Work : APD
2016-01-27 22:46:48,721 DEBUG [EBPB_APDSTTL-116707] The page title found is correct
2016-01-27 22:46:48,721 DEBUG [EBPB_APDSTTL-116707] Result of validate_PageTitle: pass
2016-01-27 22:46:48,721 DEBUG [EBPB_APDSTTL-116707] In execute keyword function
2016-01-27 22:46:48,721 DEBUG [EBPB_APDSTTL-116707] Executing wait function:
2016-01-27 22:46:48,721 DEBUG [EBPB_APDSTTL-116707] Started Executing wait function
2016-01-27 22:46:49,721 DEBUG [EBPB_APDSTTL-116707] Exiting from wait function
2016-01-27 22:46:49,721 DEBUG [EBPB_APDSTTL-116707] TestStepResult of wait: Pass
2016-01-27 22:46:49,721 DEBUG [EBPB_APDSTTL-116707] In execute keyword function
2016-01-27 22:46:49,721 DEBUG [EBPB_APDSTTL-116707] Executing SelectTestToRun function:
2016-01-27 22:46:52,763 DEBUG [EBPB_APDSTTL-116707] Successfull in selecting clicking the category
2016-01-27 22:46:52,763 DEBUG [EBPB_APDSTTL-116707] TestStepResult of SelectTestToRun: pass
2016-01-27 22:46:52,763 DEBUG [EBPB_APDSTTL-116707] In execute keyword function
2016-01-27 22:46:52,763 DEBUG [EBPB_APDSTTL-116707] Executing validate_Text_Exists function:
2016-01-27 22:46:52,999 DEBUG [EBPB_APDSTTL-116707] VT056-1251 Testcase Text found
2016-01-27 22:46:52,999 DEBUG [EBPB_APDSTTL-116707] Result of validate_Text_Exists: Pass
2016-01-27 22:46:52,999 DEBUG [EBPB_APDSTTL-116707] In execute keyword function
2016-01-27 22:46:52,999 DEBUG [EBPB_APDSTTL-116707] Executing wait function:
2016-01-27 22:46:52,999 DEBUG [EBPB_APDSTTL-116707] Started Executing wait function
2016-01-27 22:46:53,999 DEBUG [EBPB_APDSTTL-116707] Exiting from wait function
2016-01-27 22:46:53,999 DEBUG [EBPB_APDSTTL-116707] TestStepResult of wait: Pass
2016-01-27 22:46:53,999 DEBUG [EBPB_APDSTTL-116707] In execute keyword function
2016-01-27 22:46:53,999 DEBUG [EBPB_APDSTTL-116707] Executing ClickRunTest function:
2016-01-27 22:46:54,397 DEBUG [EBPB_APDSTTL-116707] Executing Click function
2016-01-27 22:46:55,362 DEBUG [EBPB_APDSTTL-116707] Exiting Click function
2016-01-27 22:46:55,362 DEBUG [EBPB_APDSTTL-116707] runtest_top_xpath Button clicked Successfully
2016-01-27 22:46:55,362 DEBUG [EBPB_APDSTTL-116707] TestStepResult of ClickRunTest: pass
2016-01-27 22:46:55,362 DEBUG [EBPB_APDSTTL-116707] In execute keyword function
2016-01-27 22:46:55,362 DEBUG [EBPB_APDSTTL-116707] Executing wait function:
2016-01-27 22:46:55,362 DEBUG [EBPB_APDSTTL-116707] Started Executing wait function
2016-01-27 22:47:00,362 DEBUG [EBPB_APDSTTL-116707] Exiting from wait function
2016-01-27 22:47:00,362 DEBUG [EBPB_APDSTTL-116707] TestStepResult of wait: Pass
2016-01-27 22:47:00,362 DEBUG [EBPB_APDSTTL-116707] In execute keyword function
2016-01-27 22:47:00,362 DEBUG [EBPB_APDSTTL-116707] Executing validate_Result function:
2016-01-27 22:47:09,938 DEBUG [EBPB_APDSTTL-116707] SetPrinterID: 0 Text not found in SetPrinterID: 10
2016-01-27 22:47:09,938 DEBUG [EBPB_APDSTTL-116707] Result of validate_Result: Fail
2016-01-27 22:47:09,938 DEBUG [EBPB_APDSTTL-116707] allstep_result contains: PasspassPasspassPassPassPassPassnull
2016-01-27 22:47:09,938 DEBUG [EBPB_APDSTTL-116707] allexpected_result contains: nullFailnullPassnullpassnullpassnullpassnull
2016-01-27 22:47:09,938 DEBUG [EBPB_APDSTTL-116707] Testcase_Result contains: nullFailnullPassnullpassnullpassnullpassnullPasspassPasspassPassPassPassPassnull
2016-01-27 22:47:09,938 DEBUG [EBPB_APDSTTL-116707] Test case with description Set Printer Command 0105 (Set Printer ID) Fail
2016-01-27 22:47:10,969 DEBUG [EBPB_APDSTTL-116707] Executing browser_Quit function
2016-01-27 22:47:10,969 DEBUG [EBPB_APDSTTL-116707] Completed browser_Quit function
2016-01-27 22:47:10,969 DEBUG [EBPB_APDSTTL-116707] Completed quitSelendroid function
2016-01-27 22:47:10,969 DEBUG [EBPB_APDSTTL-116707] Row number:8
