2016-01-27 22:44:26,873 DEBUG [EBPB_APDSTTL-116703] Executing Test Case ID: STTL-116703
2016-01-27 22:44:26,878 DEBUG [EBPB_APDSTTL-116703] Executing Init_Selendroid function with APK as parameter and clear data value with 1
2016-01-27 22:44:36,988 DEBUG [EBPB_APDSTTL-116703] Exiting Init_Selendroid function
2016-01-27 22:44:37,001 DEBUG [EBPB_APDSTTL-116703] TestCase with Description "PSGetLastMessage Method" Execution started
2016-01-27 22:44:37,001 DEBUG [EBPB_APDSTTL-116703] In execute keyword function
2016-01-27 22:44:37,002 DEBUG [EBPB_APDSTTL-116703] Executing wait function:
2016-01-27 22:44:37,002 DEBUG [EBPB_APDSTTL-116703] Started Executing wait function
2016-01-27 22:44:40,002 DEBUG [EBPB_APDSTTL-116703] Exiting from wait function
2016-01-27 22:44:40,002 DEBUG [EBPB_APDSTTL-116703] TestStepResult of wait: Pass
2016-01-27 22:44:40,002 DEBUG [EBPB_APDSTTL-116703] In execute keyword function
2016-01-27 22:44:40,002 DEBUG [EBPB_APDSTTL-116703] Executing validate_PageTitle function:
2016-01-27 22:44:40,021 DEBUG [EBPB_APDSTTL-116703] The title of the page is *********************************: Pocket Browser Tests
2016-01-27 22:44:40,021 DEBUG [EBPB_APDSTTL-116703] The page title found is correct
2016-01-27 22:44:40,021 DEBUG [EBPB_APDSTTL-116703] Result of validate_PageTitle: pass
2016-01-27 22:44:40,021 DEBUG [EBPB_APDSTTL-116703] In execute keyword function
2016-01-27 22:44:40,021 DEBUG [EBPB_APDSTTL-116703] Executing link_Click function:
2016-01-27 22:44:40,611 DEBUG [EBPB_APDSTTL-116703] Executing Click function
2016-01-27 22:44:41,683 DEBUG [EBPB_APDSTTL-116703] Exiting Click function
2016-01-27 22:44:41,683 DEBUG [EBPB_APDSTTL-116703] apd_test_link clicked successfully
2016-01-27 22:44:41,683 DEBUG [EBPB_APDSTTL-116703] TestStepResult of link_Click: Pass
2016-01-27 22:44:41,683 DEBUG [EBPB_APDSTTL-116703] In execute keyword function
2016-01-27 22:44:41,683 DEBUG [EBPB_APDSTTL-116703] Executing validate_PageTitle function:
2016-01-27 22:44:41,704 DEBUG [EBPB_APDSTTL-116703] The title of the page is *********************************: Module Index Page
2016-01-27 22:44:41,704 DEBUG [EBPB_APDSTTL-116703] The page title found is correct
2016-01-27 22:44:41,704 DEBUG [EBPB_APDSTTL-116703] Result of validate_PageTitle: pass
2016-01-27 22:44:41,704 DEBUG [EBPB_APDSTTL-116703] In execute keyword function
2016-01-27 22:44:41,704 DEBUG [EBPB_APDSTTL-116703] Executing link_Click function:
2016-01-27 22:44:42,089 DEBUG [EBPB_APDSTTL-116703] Executing Click function
2016-01-27 22:44:43,022 DEBUG [EBPB_APDSTTL-116703] Exiting Click function
2016-01-27 22:44:43,022 DEBUG [EBPB_APDSTTL-116703] activex_link clicked successfully
2016-01-27 22:44:43,022 DEBUG [EBPB_APDSTTL-116703] TestStepResult of link_Click: Pass
2016-01-27 22:44:43,022 DEBUG [EBPB_APDSTTL-116703] In execute keyword function
2016-01-27 22:44:43,022 DEBUG [EBPB_APDSTTL-116703] Executing validate_PageTitle function:
2016-01-27 22:44:43,045 DEBUG [EBPB_APDSTTL-116703] The title of the page is *********************************: PB and RE2.2 Semi Auto Frame Work : APD
2016-01-27 22:44:43,045 DEBUG [EBPB_APDSTTL-116703] The page title found is correct
2016-01-27 22:44:43,045 DEBUG [EBPB_APDSTTL-116703] Result of validate_PageTitle: pass
2016-01-27 22:44:43,045 DEBUG [EBPB_APDSTTL-116703] In execute keyword function
2016-01-27 22:44:43,045 DEBUG [EBPB_APDSTTL-116703] Executing wait function:
2016-01-27 22:44:43,045 DEBUG [EBPB_APDSTTL-116703] Started Executing wait function
2016-01-27 22:44:44,045 DEBUG [EBPB_APDSTTL-116703] Exiting from wait function
2016-01-27 22:44:44,045 DEBUG [EBPB_APDSTTL-116703] TestStepResult of wait: Pass
2016-01-27 22:44:44,045 DEBUG [EBPB_APDSTTL-116703] In execute keyword function
2016-01-27 22:44:44,045 DEBUG [EBPB_APDSTTL-116703] Executing SelectTestToRun function:
2016-01-27 22:44:46,687 DEBUG [EBPB_APDSTTL-116703] Successfull in selecting clicking the category
2016-01-27 22:44:46,687 DEBUG [EBPB_APDSTTL-116703] TestStepResult of SelectTestToRun: pass
2016-01-27 22:44:46,687 DEBUG [EBPB_APDSTTL-116703] In execute keyword function
2016-01-27 22:44:46,688 DEBUG [EBPB_APDSTTL-116703] Executing validate_Text_Exists function:
2016-01-27 22:44:46,946 DEBUG [EBPB_APDSTTL-116703] VT056-1247 Testcase Text found
2016-01-27 22:44:46,946 DEBUG [EBPB_APDSTTL-116703] Result of validate_Text_Exists: Pass
2016-01-27 22:44:46,946 DEBUG [EBPB_APDSTTL-116703] In execute keyword function
2016-01-27 22:44:46,946 DEBUG [EBPB_APDSTTL-116703] Executing wait function:
2016-01-27 22:44:46,947 DEBUG [EBPB_APDSTTL-116703] Started Executing wait function
2016-01-27 22:44:47,947 DEBUG [EBPB_APDSTTL-116703] Exiting from wait function
2016-01-27 22:44:47,947 DEBUG [EBPB_APDSTTL-116703] TestStepResult of wait: Pass
2016-01-27 22:44:47,947 DEBUG [EBPB_APDSTTL-116703] In execute keyword function
2016-01-27 22:44:47,947 DEBUG [EBPB_APDSTTL-116703] Executing ClickRunTest function:
2016-01-27 22:44:48,327 DEBUG [EBPB_APDSTTL-116703] Executing Click function
2016-01-27 22:44:49,287 DEBUG [EBPB_APDSTTL-116703] Exiting Click function
2016-01-27 22:44:49,288 DEBUG [EBPB_APDSTTL-116703] runtest_top_xpath Button clicked Successfully
2016-01-27 22:44:49,288 DEBUG [EBPB_APDSTTL-116703] TestStepResult of ClickRunTest: pass
2016-01-27 22:44:49,288 DEBUG [EBPB_APDSTTL-116703] In execute keyword function
2016-01-27 22:44:49,288 DEBUG [EBPB_APDSTTL-116703] Executing wait function:
2016-01-27 22:44:49,288 DEBUG [EBPB_APDSTTL-116703] Started Executing wait function
2016-01-27 22:44:57,289 DEBUG [EBPB_APDSTTL-116703] Exiting from wait function
2016-01-27 22:44:57,289 DEBUG [EBPB_APDSTTL-116703] TestStepResult of wait: Pass
2016-01-27 22:44:57,289 DEBUG [EBPB_APDSTTL-116703] In execute keyword function
2016-01-27 22:44:57,289 DEBUG [EBPB_APDSTTL-116703] Executing validate_Result function:
2016-01-27 22:44:57,574 DEBUG [EBPB_APDSTTL-116703] PSGetLastMessage: No data Text found in PSGetLastMessage: No data
2016-01-27 22:44:57,574 DEBUG [EBPB_APDSTTL-116703] Result of validate_Result: Pass
2016-01-27 22:44:57,574 DEBUG [EBPB_APDSTTL-116703] allstep_result contains: PasspassPasspassPassPassPassPassnull
2016-01-27 22:44:57,574 DEBUG [EBPB_APDSTTL-116703] allexpected_result contains: nullPassnullPassnullpassnullpassnullpassnull
2016-01-27 22:44:57,574 DEBUG [EBPB_APDSTTL-116703] Testcase_Result contains: nullPassnullPassnullpassnullpassnullpassnullPasspassPasspassPassPassPassPassnull
2016-01-27 22:44:57,574 DEBUG [EBPB_APDSTTL-116703] Test case with description PSGetLastMessage Method Pass
2016-01-27 22:44:58,639 DEBUG [EBPB_APDSTTL-116703] Executing browser_Quit function
2016-01-27 22:44:58,639 DEBUG [EBPB_APDSTTL-116703] Completed browser_Quit function
2016-01-27 22:44:58,639 DEBUG [EBPB_APDSTTL-116703] Completed quitSelendroid function
2016-01-27 22:44:58,640 DEBUG [EBPB_APDSTTL-116703] Row number:4
2016-01-27 22:44:58,676 DEBUG [EBPB_APDSTTL-116703] Ending Test Case IDSTTL-116703
