2016-01-27 22:49:59,710 DEBUG [EBPB_APDSTTL-116713] Executing Test Case ID: STTL-116713
2016-01-27 22:49:59,716 DEBUG [EBPB_APDSTTL-116713] Executing Init_Selendroid function with APK as parameter and clear data value with 1
2016-01-27 22:50:08,898 DEBUG [EBPB_APDSTTL-116713] Exiting Init_Selendroid function
2016-01-27 22:50:08,912 DEBUG [EBPB_APDSTTL-116713] TestCase with Description "Hide Progress Bar Command 0112" Execution started
2016-01-27 22:50:08,912 DEBUG [EBPB_APDSTTL-116713] In execute keyword function
2016-01-27 22:50:08,912 DEBUG [EBPB_APDSTTL-116713] Executing wait function:
2016-01-27 22:50:08,912 DEBUG [EBPB_APDSTTL-116713] Started Executing wait function
2016-01-27 22:50:11,913 DEBUG [EBPB_APDSTTL-116713] Exiting from wait function
2016-01-27 22:50:11,913 DEBUG [EBPB_APDSTTL-116713] TestStepResult of wait: Pass
2016-01-27 22:50:11,913 DEBUG [EBPB_APDSTTL-116713] In execute keyword function
2016-01-27 22:50:11,913 DEBUG [EBPB_APDSTTL-116713] Executing validate_PageTitle function:
2016-01-27 22:50:11,955 DEBUG [EBPB_APDSTTL-116713] The title of the page is *********************************: Pocket Browser Tests
2016-01-27 22:50:11,956 DEBUG [EBPB_APDSTTL-116713] The page title found is correct
2016-01-27 22:50:11,956 DEBUG [EBPB_APDSTTL-116713] Result of validate_PageTitle: pass
2016-01-27 22:50:11,956 DEBUG [EBPB_APDSTTL-116713] In execute keyword function
2016-01-27 22:50:11,956 DEBUG [EBPB_APDSTTL-116713] Executing link_Click function:
2016-01-27 22:50:12,523 DEBUG [EBPB_APDSTTL-116713] Executing Click function
2016-01-27 22:50:13,495 DEBUG [EBPB_APDSTTL-116713] Exiting Click function
2016-01-27 22:50:13,495 DEBUG [EBPB_APDSTTL-116713] apd_test_link clicked successfully
2016-01-27 22:50:13,495 DEBUG [EBPB_APDSTTL-116713] TestStepResult of link_Click: Pass
2016-01-27 22:50:13,495 DEBUG [EBPB_APDSTTL-116713] In execute keyword function
2016-01-27 22:50:13,495 DEBUG [EBPB_APDSTTL-116713] Executing validate_PageTitle function:
2016-01-27 22:50:13,528 DEBUG [EBPB_APDSTTL-116713] The title of the page is *********************************: Module Index Page
2016-01-27 22:50:13,529 DEBUG [EBPB_APDSTTL-116713] The page title found is correct
2016-01-27 22:50:13,529 DEBUG [EBPB_APDSTTL-116713] Result of validate_PageTitle: pass
2016-01-27 22:50:13,529 DEBUG [EBPB_APDSTTL-116713] In execute keyword function
2016-01-27 22:50:13,529 DEBUG [EBPB_APDSTTL-116713] Executing link_Click function:
2016-01-27 22:50:13,897 DEBUG [EBPB_APDSTTL-116713] Executing Click function
2016-01-27 22:50:14,797 DEBUG [EBPB_APDSTTL-116713] Exiting Click function
2016-01-27 22:50:14,797 DEBUG [EBPB_APDSTTL-116713] activex_link clicked successfully
2016-01-27 22:50:14,797 DEBUG [EBPB_APDSTTL-116713] TestStepResult of link_Click: Pass
2016-01-27 22:50:14,797 DEBUG [EBPB_APDSTTL-116713] In execute keyword function
2016-01-27 22:50:14,797 DEBUG [EBPB_APDSTTL-116713] Executing validate_PageTitle function:
2016-01-27 22:50:14,821 DEBUG [EBPB_APDSTTL-116713] The title of the page is *********************************: PB and RE2.2 Semi Auto Frame Work : APD
2016-01-27 22:50:14,821 DEBUG [EBPB_APDSTTL-116713] The page title found is correct
2016-01-27 22:50:14,821 DEBUG [EBPB_APDSTTL-116713] Result of validate_PageTitle: pass
2016-01-27 22:50:14,821 DEBUG [EBPB_APDSTTL-116713] In execute keyword function
2016-01-27 22:50:14,821 DEBUG [EBPB_APDSTTL-116713] Executing wait function:
2016-01-27 22:50:14,821 DEBUG [EBPB_APDSTTL-116713] Started Executing wait function
2016-01-27 22:50:15,821 DEBUG [EBPB_APDSTTL-116713] Exiting from wait function
2016-01-27 22:50:15,821 DEBUG [EBPB_APDSTTL-116713] TestStepResult of wait: Pass
2016-01-27 22:50:15,821 DEBUG [EBPB_APDSTTL-116713] In execute keyword function
2016-01-27 22:50:15,821 DEBUG [EBPB_APDSTTL-116713] Executing SelectTestToRun function:
2016-01-27 22:50:20,089 DEBUG [EBPB_APDSTTL-116713] Successfull in selecting clicking the category
2016-01-27 22:50:20,089 DEBUG [EBPB_APDSTTL-116713] TestStepResult of SelectTestToRun: pass
2016-01-27 22:50:20,089 DEBUG [EBPB_APDSTTL-116713] In execute keyword function
2016-01-27 22:50:20,090 DEBUG [EBPB_APDSTTL-116713] Executing validate_Text_Exists function:
2016-01-27 22:50:20,376 DEBUG [EBPB_APDSTTL-116713] VT056-1263 Testcase Text found
2016-01-27 22:50:20,376 DEBUG [EBPB_APDSTTL-116713] Result of validate_Text_Exists: Pass
2016-01-27 22:50:20,376 DEBUG [EBPB_APDSTTL-116713] In execute keyword function
2016-01-27 22:50:20,376 DEBUG [EBPB_APDSTTL-116713] Executing wait function:
2016-01-27 22:50:20,376 DEBUG [EBPB_APDSTTL-116713] Started Executing wait function
2016-01-27 22:50:21,376 DEBUG [EBPB_APDSTTL-116713] Exiting from wait function
2016-01-27 22:50:21,376 DEBUG [EBPB_APDSTTL-116713] TestStepResult of wait: Pass
2016-01-27 22:50:21,376 DEBUG [EBPB_APDSTTL-116713] In execute keyword function
2016-01-27 22:50:21,376 DEBUG [EBPB_APDSTTL-116713] Executing ClickRunTest function:
2016-01-27 22:50:21,741 DEBUG [EBPB_APDSTTL-116713] Executing Click function
2016-01-27 22:50:22,731 DEBUG [EBPB_APDSTTL-116713] Exiting Click function
2016-01-27 22:50:22,731 DEBUG [EBPB_APDSTTL-116713] runtest_top_xpath Button clicked Successfully
2016-01-27 22:50:22,731 DEBUG [EBPB_APDSTTL-116713] TestStepResult of ClickRunTest: pass
2016-01-27 22:50:22,731 DEBUG [EBPB_APDSTTL-116713] In execute keyword function
2016-01-27 22:50:22,731 DEBUG [EBPB_APDSTTL-116713] Executing wait function:
2016-01-27 22:50:22,731 DEBUG [EBPB_APDSTTL-116713] Started Executing wait function
2016-01-27 22:50:27,731 DEBUG [EBPB_APDSTTL-116713] Exiting from wait function
2016-01-27 22:50:27,731 DEBUG [EBPB_APDSTTL-116713] TestStepResult of wait: Pass
2016-01-27 22:50:27,731 DEBUG [EBPB_APDSTTL-116713] In execute keyword function
2016-01-27 22:50:27,731 DEBUG [EBPB_APDSTTL-116713] Executing validate_Result function:
2016-01-27 22:50:34,769 DEBUG [EBPB_APDSTTL-116713] ProgressbarOff274: 0 Text found in ProgressbarOff274: 0
2016-01-27 22:50:34,769 DEBUG [EBPB_APDSTTL-116713] Result of validate_Result: Pass
2016-01-27 22:50:34,769 DEBUG [EBPB_APDSTTL-116713] allstep_result contains: PasspassPasspassPassPassPassPassnull
2016-01-27 22:50:34,769 DEBUG [EBPB_APDSTTL-116713] allexpected_result contains: nullPassnullPassnullpassnullpassnullpassnull
2016-01-27 22:50:34,769 DEBUG [EBPB_APDSTTL-116713] Testcase_Result contains: nullPassnullPassnullpassnullpassnullpassnullPasspassPasspassPassPassPassPassnull
2016-01-27 22:50:34,770 DEBUG [EBPB_APDSTTL-116713] Test case with description Hide Progress Bar Command 0112 Pass
2016-01-27 22:50:35,771 DEBUG [EBPB_APDSTTL-116713] Executing browser_Quit function
2016-01-27 22:50:35,771 DEBUG [EBPB_APDSTTL-116713] Completed browser_Quit function
2016-01-27 22:50:35,771 DEBUG [EBPB_APDSTTL-116713] Completed quitSelendroid function
2016-01-27 22:50:35,772 DEBUG [EBPB_APDSTTL-116713] Row number:14
2016-01-27 22:50:35,799 DEBUG [EBPB_APDSTTL-116713] Ending Test Case IDSTTL-116713
