2016-01-27 22:43:51,169 DEBUG [EBPB_APDSTTL-116702] Executing Test Case ID: STTL-116702
2016-01-27 22:43:51,174 DEBUG [EBPB_APDSTTL-116702] Executing Init_Selendroid function with APK as parameter and clear data value with 1
2016-01-27 22:44:01,679 DEBUG [EBPB_APDSTTL-116702] Exiting Init_Selendroid function
2016-01-27 22:44:01,693 DEBUG [EBPB_APDSTTL-116702] TestCase with Description "PSExternalEx Method" Execution started
2016-01-27 22:44:01,693 DEBUG [EBPB_APDSTTL-116702] In execute keyword function
2016-01-27 22:44:01,693 DEBUG [EBPB_APDSTTL-116702] Executing wait function:
2016-01-27 22:44:01,693 DEBUG [EBPB_APDSTTL-116702] Started Executing wait function
2016-01-27 22:44:04,693 DEBUG [EBPB_APDSTTL-116702] Exiting from wait function
2016-01-27 22:44:04,693 DEBUG [EBPB_APDSTTL-116702] TestStepResult of wait: Pass
2016-01-27 22:44:04,693 DEBUG [EBPB_APDSTTL-116702] In execute keyword function
2016-01-27 22:44:04,693 DEBUG [EBPB_APDSTTL-116702] Executing validate_PageTitle function:
2016-01-27 22:44:04,730 DEBUG [EBPB_APDSTTL-116702] The title of the page is *********************************: Pocket Browser Tests
2016-01-27 22:44:04,730 DEBUG [EBPB_APDSTTL-116702] The page title found is correct
2016-01-27 22:44:04,730 DEBUG [EBPB_APDSTTL-116702] Result of validate_PageTitle: pass
2016-01-27 22:44:04,730 DEBUG [EBPB_APDSTTL-116702] In execute keyword function
2016-01-27 22:44:04,730 DEBUG [EBPB_APDSTTL-116702] Executing link_Click function:
2016-01-27 22:44:05,242 DEBUG [EBPB_APDSTTL-116702] Executing Click function
2016-01-27 22:44:06,282 DEBUG [EBPB_APDSTTL-116702] Exiting Click function
2016-01-27 22:44:06,282 DEBUG [EBPB_APDSTTL-116702] apd_test_link clicked successfully
2016-01-27 22:44:06,282 DEBUG [EBPB_APDSTTL-116702] TestStepResult of link_Click: Pass
2016-01-27 22:44:06,282 DEBUG [EBPB_APDSTTL-116702] In execute keyword function
2016-01-27 22:44:06,282 DEBUG [EBPB_APDSTTL-116702] Executing validate_PageTitle function:
2016-01-27 22:44:06,304 DEBUG [EBPB_APDSTTL-116702] The title of the page is *********************************: Module Index Page
2016-01-27 22:44:06,305 DEBUG [EBPB_APDSTTL-116702] The page title found is correct
2016-01-27 22:44:06,305 DEBUG [EBPB_APDSTTL-116702] Result of validate_PageTitle: pass
2016-01-27 22:44:06,305 DEBUG [EBPB_APDSTTL-116702] In execute keyword function
2016-01-27 22:44:06,305 DEBUG [EBPB_APDSTTL-116702] Executing link_Click function:
2016-01-27 22:44:06,666 DEBUG [EBPB_APDSTTL-116702] Executing Click function
2016-01-27 22:44:07,588 DEBUG [EBPB_APDSTTL-116702] Exiting Click function
2016-01-27 22:44:07,588 DEBUG [EBPB_APDSTTL-116702] activex_link clicked successfully
2016-01-27 22:44:07,588 DEBUG [EBPB_APDSTTL-116702] TestStepResult of link_Click: Pass
2016-01-27 22:44:07,588 DEBUG [EBPB_APDSTTL-116702] In execute keyword function
2016-01-27 22:44:07,588 DEBUG [EBPB_APDSTTL-116702] Executing validate_PageTitle function:
2016-01-27 22:44:07,632 DEBUG [EBPB_APDSTTL-116702] The title of the page is *********************************: PB and RE2.2 Semi Auto Frame Work : APD
2016-01-27 22:44:07,632 DEBUG [EBPB_APDSTTL-116702] The page title found is correct
2016-01-27 22:44:07,632 DEBUG [EBPB_APDSTTL-116702] Result of validate_PageTitle: pass
2016-01-27 22:44:07,632 DEBUG [EBPB_APDSTTL-116702] In execute keyword function
2016-01-27 22:44:07,632 DEBUG [EBPB_APDSTTL-116702] Executing wait function:
2016-01-27 22:44:07,632 DEBUG [EBPB_APDSTTL-116702] Started Executing wait function
2016-01-27 22:44:08,632 DEBUG [EBPB_APDSTTL-116702] Exiting from wait function
2016-01-27 22:44:08,632 DEBUG [EBPB_APDSTTL-116702] TestStepResult of wait: Pass
2016-01-27 22:44:08,632 DEBUG [EBPB_APDSTTL-116702] In execute keyword function
2016-01-27 22:44:08,632 DEBUG [EBPB_APDSTTL-116702] Executing SelectTestToRun function:
2016-01-27 22:44:11,211 DEBUG [EBPB_APDSTTL-116702] Successfull in selecting clicking the category
2016-01-27 22:44:11,211 DEBUG [EBPB_APDSTTL-116702] TestStepResult of SelectTestToRun: pass
2016-01-27 22:44:11,211 DEBUG [EBPB_APDSTTL-116702] In execute keyword function
2016-01-27 22:44:11,211 DEBUG [EBPB_APDSTTL-116702] Executing validate_Text_Exists function:
2016-01-27 22:44:11,490 DEBUG [EBPB_APDSTTL-116702] VT056-1246 Testcase Text found
2016-01-27 22:44:11,490 DEBUG [EBPB_APDSTTL-116702] Result of validate_Text_Exists: Pass
2016-01-27 22:44:11,490 DEBUG [EBPB_APDSTTL-116702] In execute keyword function
2016-01-27 22:44:11,490 DEBUG [EBPB_APDSTTL-116702] Executing wait function:
2016-01-27 22:44:11,490 DEBUG [EBPB_APDSTTL-116702] Started Executing wait function
2016-01-27 22:44:12,490 DEBUG [EBPB_APDSTTL-116702] Exiting from wait function
2016-01-27 22:44:12,490 DEBUG [EBPB_APDSTTL-116702] TestStepResult of wait: Pass
2016-01-27 22:44:12,490 DEBUG [EBPB_APDSTTL-116702] In execute keyword function
2016-01-27 22:44:12,490 DEBUG [EBPB_APDSTTL-116702] Executing ClickRunTest function:
2016-01-27 22:44:12,830 DEBUG [EBPB_APDSTTL-116702] Executing Click function
2016-01-27 22:44:13,795 DEBUG [EBPB_APDSTTL-116702] Exiting Click function
2016-01-27 22:44:13,795 DEBUG [EBPB_APDSTTL-116702] runtest_top_xpath Button clicked Successfully
2016-01-27 22:44:13,795 DEBUG [EBPB_APDSTTL-116702] TestStepResult of ClickRunTest: pass
2016-01-27 22:44:13,795 DEBUG [EBPB_APDSTTL-116702] In execute keyword function
2016-01-27 22:44:13,795 DEBUG [EBPB_APDSTTL-116702] Executing wait function:
2016-01-27 22:44:13,795 DEBUG [EBPB_APDSTTL-116702] Started Executing wait function
2016-01-27 22:44:21,796 DEBUG [EBPB_APDSTTL-116702] Exiting from wait function
2016-01-27 22:44:21,796 DEBUG [EBPB_APDSTTL-116702] TestStepResult of wait: Pass
2016-01-27 22:44:21,796 DEBUG [EBPB_APDSTTL-116702] In execute keyword function
2016-01-27 22:44:21,796 DEBUG [EBPB_APDSTTL-116702] Executing validate_Result function:
2016-01-27 22:44:25,820 DEBUG [EBPB_APDSTTL-116702] Send String: 0 Text not found in Send String: 10
2016-01-27 22:44:25,820 DEBUG [EBPB_APDSTTL-116702] Result of validate_Result: Fail
2016-01-27 22:44:25,820 DEBUG [EBPB_APDSTTL-116702] allstep_result contains: PasspassPasspassPassPassPassPassnull
2016-01-27 22:44:25,820 DEBUG [EBPB_APDSTTL-116702] allexpected_result contains: nullFailnullPassnullpassnullpassnullpassnull
2016-01-27 22:44:25,820 DEBUG [EBPB_APDSTTL-116702] Testcase_Result contains: nullFailnullPassnullpassnullpassnullpassnullPasspassPasspassPassPassPassPassnull
2016-01-27 22:44:25,820 DEBUG [EBPB_APDSTTL-116702] Test case with description PSExternalEx Method Fail
2016-01-27 22:44:26,824 DEBUG [EBPB_APDSTTL-116702] Executing browser_Quit function
2016-01-27 22:44:26,824 DEBUG [EBPB_APDSTTL-116702] Completed browser_Quit function
2016-01-27 22:44:26,824 DEBUG [EBPB_APDSTTL-116702] Completed quitSelendroid function
2016-01-27 22:44:26,825 DEBUG [EBPB_APDSTTL-116702] Row number:3
