2016-01-27 22:47:11,034 DEBUG [EBPB_APDSTTL-116708] Executing Test Case ID: STTL-116708
2016-01-27 22:47:11,040 DEBUG [EBPB_APDSTTL-116708] Executing Init_Selendroid function with APK as parameter and clear data value with 1
2016-01-27 22:47:20,944 DEBUG [EBPB_APDSTTL-116708] Exiting Init_Selendroid function
2016-01-27 22:47:20,959 DEBUG [EBPB_APDSTTL-116708] TestCase with Description "Current Printer Command 0106 (Get Printer ID)" Execution started
2016-01-27 22:47:20,959 DEBUG [EBPB_APDSTTL-116708] In execute keyword function
2016-01-27 22:47:20,959 DEBUG [EBPB_APDSTTL-116708] Executing wait function:
2016-01-27 22:47:20,959 DEBUG [EBPB_APDSTTL-116708] Started Executing wait function
2016-01-27 22:47:23,960 DEBUG [EBPB_APDSTTL-116708] Exiting from wait function
2016-01-27 22:47:23,960 DEBUG [EBPB_APDSTTL-116708] TestStepResult of wait: Pass
2016-01-27 22:47:23,960 DEBUG [EBPB_APDSTTL-116708] In execute keyword function
2016-01-27 22:47:23,960 DEBUG [EBPB_APDSTTL-116708] Executing validate_PageTitle function:
2016-01-27 22:47:24,004 DEBUG [EBPB_APDSTTL-116708] The title of the page is *********************************: Pocket Browser Tests
2016-01-27 22:47:24,004 DEBUG [EBPB_APDSTTL-116708] The page title found is correct
2016-01-27 22:47:24,004 DEBUG [EBPB_APDSTTL-116708] Result of validate_PageTitle: pass
2016-01-27 22:47:24,004 DEBUG [EBPB_APDSTTL-116708] In execute keyword function
2016-01-27 22:47:24,004 DEBUG [EBPB_APDSTTL-116708] Executing link_Click function:
2016-01-27 22:47:24,583 DEBUG [EBPB_APDSTTL-116708] Executing Click function
2016-01-27 22:47:25,566 DEBUG [EBPB_APDSTTL-116708] Exiting Click function
2016-01-27 22:47:25,566 DEBUG [EBPB_APDSTTL-116708] apd_test_link clicked successfully
2016-01-27 22:47:25,566 DEBUG [EBPB_APDSTTL-116708] TestStepResult of link_Click: Pass
2016-01-27 22:47:25,567 DEBUG [EBPB_APDSTTL-116708] In execute keyword function
2016-01-27 22:47:25,567 DEBUG [EBPB_APDSTTL-116708] Executing validate_PageTitle function:
2016-01-27 22:47:25,592 DEBUG [EBPB_APDSTTL-116708] The title of the page is *********************************: Module Index Page
2016-01-27 22:47:25,592 DEBUG [EBPB_APDSTTL-116708] The page title found is correct
2016-01-27 22:47:25,592 DEBUG [EBPB_APDSTTL-116708] Result of validate_PageTitle: pass
2016-01-27 22:47:25,592 DEBUG [EBPB_APDSTTL-116708] In execute keyword function
2016-01-27 22:47:25,592 DEBUG [EBPB_APDSTTL-116708] Executing link_Click function:
2016-01-27 22:47:25,962 DEBUG [EBPB_APDSTTL-116708] Executing Click function
2016-01-27 22:47:26,906 DEBUG [EBPB_APDSTTL-116708] Exiting Click function
2016-01-27 22:47:26,906 DEBUG [EBPB_APDSTTL-116708] activex_link clicked successfully
2016-01-27 22:47:26,906 DEBUG [EBPB_APDSTTL-116708] TestStepResult of link_Click: Pass
2016-01-27 22:47:26,906 DEBUG [EBPB_APDSTTL-116708] In execute keyword function
2016-01-27 22:47:26,906 DEBUG [EBPB_APDSTTL-116708] Executing validate_PageTitle function:
2016-01-27 22:47:26,942 DEBUG [EBPB_APDSTTL-116708] The title of the page is *********************************: PB and RE2.2 Semi Auto Frame Work : APD
2016-01-27 22:47:26,942 DEBUG [EBPB_APDSTTL-116708] The page title found is correct
2016-01-27 22:47:26,942 DEBUG [EBPB_APDSTTL-116708] Result of validate_PageTitle: pass
2016-01-27 22:47:26,942 DEBUG [EBPB_APDSTTL-116708] In execute keyword function
2016-01-27 22:47:26,942 DEBUG [EBPB_APDSTTL-116708] Executing wait function:
2016-01-27 22:47:26,942 DEBUG [EBPB_APDSTTL-116708] Started Executing wait function
2016-01-27 22:47:27,942 DEBUG [EBPB_APDSTTL-116708] Exiting from wait function
2016-01-27 22:47:27,942 DEBUG [EBPB_APDSTTL-116708] TestStepResult of wait: Pass
2016-01-27 22:47:27,942 DEBUG [EBPB_APDSTTL-116708] In execute keyword function
2016-01-27 22:47:27,942 DEBUG [EBPB_APDSTTL-116708] Executing SelectTestToRun function:
2016-01-27 22:47:30,972 DEBUG [EBPB_APDSTTL-116708] Successfull in selecting clicking the category
2016-01-27 22:47:30,972 DEBUG [EBPB_APDSTTL-116708] TestStepResult of SelectTestToRun: pass
2016-01-27 22:47:30,972 DEBUG [EBPB_APDSTTL-116708] In execute keyword function
2016-01-27 22:47:30,972 DEBUG [EBPB_APDSTTL-116708] Executing validate_Text_Exists function:
2016-01-27 22:47:31,259 DEBUG [EBPB_APDSTTL-116708] VT056-1252 Testcase Text found
2016-01-27 22:47:31,260 DEBUG [EBPB_APDSTTL-116708] Result of validate_Text_Exists: Pass
2016-01-27 22:47:31,260 DEBUG [EBPB_APDSTTL-116708] In execute keyword function
2016-01-27 22:47:31,260 DEBUG [EBPB_APDSTTL-116708] Executing wait function:
2016-01-27 22:47:31,260 DEBUG [EBPB_APDSTTL-116708] Started Executing wait function
2016-01-27 22:47:32,261 DEBUG [EBPB_APDSTTL-116708] Exiting from wait function
2016-01-27 22:47:32,261 DEBUG [EBPB_APDSTTL-116708] TestStepResult of wait: Pass
2016-01-27 22:47:32,261 DEBUG [EBPB_APDSTTL-116708] In execute keyword function
2016-01-27 22:47:32,261 DEBUG [EBPB_APDSTTL-116708] Executing ClickRunTest function:
2016-01-27 22:47:32,636 DEBUG [EBPB_APDSTTL-116708] Executing Click function
2016-01-27 22:47:33,645 DEBUG [EBPB_APDSTTL-116708] Exiting Click function
2016-01-27 22:47:33,645 DEBUG [EBPB_APDSTTL-116708] runtest_top_xpath Button clicked Successfully
2016-01-27 22:47:33,645 DEBUG [EBPB_APDSTTL-116708] TestStepResult of ClickRunTest: pass
2016-01-27 22:47:33,645 DEBUG [EBPB_APDSTTL-116708] In execute keyword function
2016-01-27 22:47:33,645 DEBUG [EBPB_APDSTTL-116708] Executing wait function:
2016-01-27 22:47:33,645 DEBUG [EBPB_APDSTTL-116708] Started Executing wait function
2016-01-27 22:47:38,645 DEBUG [EBPB_APDSTTL-116708] Exiting from wait function
2016-01-27 22:47:38,645 DEBUG [EBPB_APDSTTL-116708] TestStepResult of wait: Pass
2016-01-27 22:47:38,645 DEBUG [EBPB_APDSTTL-116708] In execute keyword function
2016-01-27 22:47:38,645 DEBUG [EBPB_APDSTTL-116708] Executing validate_Result function:
2016-01-27 22:47:38,921 DEBUG [EBPB_APDSTTL-116708] GetPrinterID: 0 Text not found in 
2016-01-27 22:47:38,921 DEBUG [EBPB_APDSTTL-116708] Result of validate_Result: Fail
2016-01-27 22:47:38,921 DEBUG [EBPB_APDSTTL-116708] allstep_result contains: PasspassPasspassPassPassPassPassnull
2016-01-27 22:47:38,921 DEBUG [EBPB_APDSTTL-116708] allexpected_result contains: nullFailnullPassnullpassnullpassnullpassnull
2016-01-27 22:47:38,921 DEBUG [EBPB_APDSTTL-116708] Testcase_Result contains: nullFailnullPassnullpassnullpassnullpassnullPasspassPasspassPassPassPassPassnull
2016-01-27 22:47:38,921 DEBUG [EBPB_APDSTTL-116708] Test case with description Current Printer Command 0106 (Get Printer ID) Fail
2016-01-27 22:47:39,924 DEBUG [EBPB_APDSTTL-116708] Executing browser_Quit function
2016-01-27 22:47:39,924 DEBUG [EBPB_APDSTTL-116708] Completed browser_Quit function
2016-01-27 22:47:39,924 DEBUG [EBPB_APDSTTL-116708] Completed quitSelendroid function
2016-01-27 22:47:39,924 DEBUG [EBPB_APDSTTL-116708] Row number:9
