2016-01-27 22:49:20,967 DEBUG [EBPB_APDSTTL-116712] Executing Test Case ID: STTL-116712
2016-01-27 22:49:20,973 DEBUG [EBPB_APDSTTL-116712] Executing Init_Selendroid function with APK as parameter and clear data value with 1
2016-01-27 22:49:30,363 DEBUG [EBPB_APDSTTL-116712] Exiting Init_Selendroid function
2016-01-27 22:49:30,377 DEBUG [EBPB_APDSTTL-116712] TestCase with Description "Close Port Command 010F" Execution started
2016-01-27 22:49:30,377 DEBUG [EBPB_APDSTTL-116712] In execute keyword function
2016-01-27 22:49:30,377 DEBUG [EBPB_APDSTTL-116712] Executing wait function:
2016-01-27 22:49:30,377 DEBUG [EBPB_APDSTTL-116712] Started Executing wait function
2016-01-27 22:49:33,378 DEBUG [EBPB_APDSTTL-116712] Exiting from wait function
2016-01-27 22:49:33,378 DEBUG [EBPB_APDSTTL-116712] TestStepResult of wait: Pass
2016-01-27 22:49:33,378 DEBUG [EBPB_APDSTTL-116712] In execute keyword function
2016-01-27 22:49:33,378 DEBUG [EBPB_APDSTTL-116712] Executing validate_PageTitle function:
2016-01-27 22:49:33,442 DEBUG [EBPB_APDSTTL-116712] The title of the page is *********************************: Pocket Browser Tests
2016-01-27 22:49:33,443 DEBUG [EBPB_APDSTTL-116712] The page title found is correct
2016-01-27 22:49:33,443 DEBUG [EBPB_APDSTTL-116712] Result of validate_PageTitle: pass
2016-01-27 22:49:33,443 DEBUG [EBPB_APDSTTL-116712] In execute keyword function
2016-01-27 22:49:33,443 DEBUG [EBPB_APDSTTL-116712] Executing link_Click function:
2016-01-27 22:49:34,013 DEBUG [EBPB_APDSTTL-116712] Executing Click function
2016-01-27 22:49:35,021 DEBUG [EBPB_APDSTTL-116712] Exiting Click function
2016-01-27 22:49:35,021 DEBUG [EBPB_APDSTTL-116712] apd_test_link clicked successfully
2016-01-27 22:49:35,021 DEBUG [EBPB_APDSTTL-116712] TestStepResult of link_Click: Pass
2016-01-27 22:49:35,021 DEBUG [EBPB_APDSTTL-116712] In execute keyword function
2016-01-27 22:49:35,021 DEBUG [EBPB_APDSTTL-116712] Executing validate_PageTitle function:
2016-01-27 22:49:35,052 DEBUG [EBPB_APDSTTL-116712] The title of the page is *********************************: Module Index Page
2016-01-27 22:49:35,052 DEBUG [EBPB_APDSTTL-116712] The page title found is correct
2016-01-27 22:49:35,052 DEBUG [EBPB_APDSTTL-116712] Result of validate_PageTitle: pass
2016-01-27 22:49:35,052 DEBUG [EBPB_APDSTTL-116712] In execute keyword function
2016-01-27 22:49:35,052 DEBUG [EBPB_APDSTTL-116712] Executing link_Click function:
2016-01-27 22:49:35,426 DEBUG [EBPB_APDSTTL-116712] Executing Click function
2016-01-27 22:49:36,378 DEBUG [EBPB_APDSTTL-116712] Exiting Click function
2016-01-27 22:49:36,378 DEBUG [EBPB_APDSTTL-116712] activex_link clicked successfully
2016-01-27 22:49:36,378 DEBUG [EBPB_APDSTTL-116712] TestStepResult of link_Click: Pass
2016-01-27 22:49:36,378 DEBUG [EBPB_APDSTTL-116712] In execute keyword function
2016-01-27 22:49:36,378 DEBUG [EBPB_APDSTTL-116712] Executing validate_PageTitle function:
2016-01-27 22:49:36,400 DEBUG [EBPB_APDSTTL-116712] The title of the page is *********************************: PB and RE2.2 Semi Auto Frame Work : APD
2016-01-27 22:49:36,400 DEBUG [EBPB_APDSTTL-116712] The page title found is correct
2016-01-27 22:49:36,400 DEBUG [EBPB_APDSTTL-116712] Result of validate_PageTitle: pass
2016-01-27 22:49:36,400 DEBUG [EBPB_APDSTTL-116712] In execute keyword function
2016-01-27 22:49:36,400 DEBUG [EBPB_APDSTTL-116712] Executing wait function:
2016-01-27 22:49:36,400 DEBUG [EBPB_APDSTTL-116712] Started Executing wait function
2016-01-27 22:49:37,400 DEBUG [EBPB_APDSTTL-116712] Exiting from wait function
2016-01-27 22:49:37,400 DEBUG [EBPB_APDSTTL-116712] TestStepResult of wait: Pass
2016-01-27 22:49:37,400 DEBUG [EBPB_APDSTTL-116712] In execute keyword function
2016-01-27 22:49:37,400 DEBUG [EBPB_APDSTTL-116712] Executing SelectTestToRun function:
2016-01-27 22:49:41,382 DEBUG [EBPB_APDSTTL-116712] Successfull in selecting clicking the category
2016-01-27 22:49:41,382 DEBUG [EBPB_APDSTTL-116712] TestStepResult of SelectTestToRun: pass
2016-01-27 22:49:41,382 DEBUG [EBPB_APDSTTL-116712] In execute keyword function
2016-01-27 22:49:41,383 DEBUG [EBPB_APDSTTL-116712] Executing validate_Text_Exists function:
2016-01-27 22:49:41,602 DEBUG [EBPB_APDSTTL-116712] VT056-1260 Testcase Text found
2016-01-27 22:49:41,602 DEBUG [EBPB_APDSTTL-116712] Result of validate_Text_Exists: Pass
2016-01-27 22:49:41,602 DEBUG [EBPB_APDSTTL-116712] In execute keyword function
2016-01-27 22:49:41,602 DEBUG [EBPB_APDSTTL-116712] Executing wait function:
2016-01-27 22:49:41,602 DEBUG [EBPB_APDSTTL-116712] Started Executing wait function
2016-01-27 22:49:42,602 DEBUG [EBPB_APDSTTL-116712] Exiting from wait function
2016-01-27 22:49:42,602 DEBUG [EBPB_APDSTTL-116712] TestStepResult of wait: Pass
2016-01-27 22:49:42,602 DEBUG [EBPB_APDSTTL-116712] In execute keyword function
2016-01-27 22:49:42,602 DEBUG [EBPB_APDSTTL-116712] Executing ClickRunTest function:
2016-01-27 22:49:43,031 DEBUG [EBPB_APDSTTL-116712] Executing Click function
2016-01-27 22:49:44,048 DEBUG [EBPB_APDSTTL-116712] Exiting Click function
2016-01-27 22:49:44,048 DEBUG [EBPB_APDSTTL-116712] runtest_top_xpath Button clicked Successfully
2016-01-27 22:49:44,048 DEBUG [EBPB_APDSTTL-116712] TestStepResult of ClickRunTest: pass
2016-01-27 22:49:44,048 DEBUG [EBPB_APDSTTL-116712] In execute keyword function
2016-01-27 22:49:44,048 DEBUG [EBPB_APDSTTL-116712] Executing wait function:
2016-01-27 22:49:44,048 DEBUG [EBPB_APDSTTL-116712] Started Executing wait function
2016-01-27 22:49:49,048 DEBUG [EBPB_APDSTTL-116712] Exiting from wait function
2016-01-27 22:49:49,048 DEBUG [EBPB_APDSTTL-116712] TestStepResult of wait: Pass
2016-01-27 22:49:49,048 DEBUG [EBPB_APDSTTL-116712] In execute keyword function
2016-01-27 22:49:49,048 DEBUG [EBPB_APDSTTL-116712] Executing validate_Result function:
2016-01-27 22:49:58,612 DEBUG [EBPB_APDSTTL-116712] Close Port: 0 Text found in Close Port: 0
2016-01-27 22:49:58,612 DEBUG [EBPB_APDSTTL-116712] Result of validate_Result: Pass
2016-01-27 22:49:58,612 DEBUG [EBPB_APDSTTL-116712] allstep_result contains: PasspassPasspassPassPassPassPassnull
2016-01-27 22:49:58,612 DEBUG [EBPB_APDSTTL-116712] allexpected_result contains: nullPassnullPassnullpassnullpassnullpassnull
2016-01-27 22:49:58,612 DEBUG [EBPB_APDSTTL-116712] Testcase_Result contains: nullPassnullPassnullpassnullpassnullpassnullPasspassPasspassPassPassPassPassnull
2016-01-27 22:49:58,612 DEBUG [EBPB_APDSTTL-116712] Test case with description Close Port Command 010F Pass
2016-01-27 22:49:59,658 DEBUG [EBPB_APDSTTL-116712] Executing browser_Quit function
2016-01-27 22:49:59,658 DEBUG [EBPB_APDSTTL-116712] Completed browser_Quit function
2016-01-27 22:49:59,658 DEBUG [EBPB_APDSTTL-116712] Completed quitSelendroid function
2016-01-27 22:49:59,658 DEBUG [EBPB_APDSTTL-116712] Row number:13
2016-01-27 22:49:59,698 DEBUG [EBPB_APDSTTL-116712] Ending Test Case IDSTTL-116712
