2016-01-27 22:47:39,972 DEBUG [EBPB_APDSTTL-116709] Executing Test Case ID: STTL-116709
2016-01-27 22:47:39,977 DEBUG [EBPB_APDSTTL-116709] Executing Init_Selendroid function with APK as parameter and clear data value with 1
2016-01-27 22:47:50,453 DEBUG [EBPB_APDSTTL-116709] Exiting Init_Selendroid function
2016-01-27 22:47:50,467 DEBUG [EBPB_APDSTTL-116709] TestCase with Description "Get Last Message Command 0107" Execution started
2016-01-27 22:47:50,467 DEBUG [EBPB_APDSTTL-116709] In execute keyword function
2016-01-27 22:47:50,467 DEBUG [EBPB_APDSTTL-116709] Executing wait function:
2016-01-27 22:47:50,467 DEBUG [EBPB_APDSTTL-116709] Started Executing wait function
2016-01-27 22:47:53,468 DEBUG [EBPB_APDSTTL-116709] Exiting from wait function
2016-01-27 22:47:53,468 DEBUG [EBPB_APDSTTL-116709] TestStepResult of wait: Pass
2016-01-27 22:47:53,468 DEBUG [EBPB_APDSTTL-116709] In execute keyword function
2016-01-27 22:47:53,468 DEBUG [EBPB_APDSTTL-116709] Executing validate_PageTitle function:
2016-01-27 22:47:53,511 DEBUG [EBPB_APDSTTL-116709] The title of the page is *********************************: Pocket Browser Tests
2016-01-27 22:47:53,511 DEBUG [EBPB_APDSTTL-116709] The page title found is correct
2016-01-27 22:47:53,511 DEBUG [EBPB_APDSTTL-116709] Result of validate_PageTitle: pass
2016-01-27 22:47:53,511 DEBUG [EBPB_APDSTTL-116709] In execute keyword function
2016-01-27 22:47:53,511 DEBUG [EBPB_APDSTTL-116709] Executing link_Click function:
2016-01-27 22:47:54,149 DEBUG [EBPB_APDSTTL-116709] Executing Click function
2016-01-27 22:47:55,140 DEBUG [EBPB_APDSTTL-116709] Exiting Click function
2016-01-27 22:47:55,140 DEBUG [EBPB_APDSTTL-116709] apd_test_link clicked successfully
2016-01-27 22:47:55,140 DEBUG [EBPB_APDSTTL-116709] TestStepResult of link_Click: Pass
2016-01-27 22:47:55,140 DEBUG [EBPB_APDSTTL-116709] In execute keyword function
2016-01-27 22:47:55,140 DEBUG [EBPB_APDSTTL-116709] Executing validate_PageTitle function:
2016-01-27 22:47:55,172 DEBUG [EBPB_APDSTTL-116709] The title of the page is *********************************: Module Index Page
2016-01-27 22:47:55,172 DEBUG [EBPB_APDSTTL-116709] The page title found is correct
2016-01-27 22:47:55,172 DEBUG [EBPB_APDSTTL-116709] Result of validate_PageTitle: pass
2016-01-27 22:47:55,172 DEBUG [EBPB_APDSTTL-116709] In execute keyword function
2016-01-27 22:47:55,172 DEBUG [EBPB_APDSTTL-116709] Executing link_Click function:
2016-01-27 22:47:55,536 DEBUG [EBPB_APDSTTL-116709] Executing Click function
2016-01-27 22:47:56,478 DEBUG [EBPB_APDSTTL-116709] Exiting Click function
2016-01-27 22:47:56,478 DEBUG [EBPB_APDSTTL-116709] activex_link clicked successfully
2016-01-27 22:47:56,478 DEBUG [EBPB_APDSTTL-116709] TestStepResult of link_Click: Pass
2016-01-27 22:47:56,478 DEBUG [EBPB_APDSTTL-116709] In execute keyword function
2016-01-27 22:47:56,478 DEBUG [EBPB_APDSTTL-116709] Executing validate_PageTitle function:
2016-01-27 22:47:56,496 DEBUG [EBPB_APDSTTL-116709] The title of the page is *********************************: PB and RE2.2 Semi Auto Frame Work : APD
2016-01-27 22:47:56,496 DEBUG [EBPB_APDSTTL-116709] The page title found is correct
2016-01-27 22:47:56,496 DEBUG [EBPB_APDSTTL-116709] Result of validate_PageTitle: pass
2016-01-27 22:47:56,496 DEBUG [EBPB_APDSTTL-116709] In execute keyword function
2016-01-27 22:47:56,496 DEBUG [EBPB_APDSTTL-116709] Executing wait function:
2016-01-27 22:47:56,496 DEBUG [EBPB_APDSTTL-116709] Started Executing wait function
2016-01-27 22:47:57,496 DEBUG [EBPB_APDSTTL-116709] Exiting from wait function
2016-01-27 22:47:57,496 DEBUG [EBPB_APDSTTL-116709] TestStepResult of wait: Pass
2016-01-27 22:47:57,496 DEBUG [EBPB_APDSTTL-116709] In execute keyword function
2016-01-27 22:47:57,496 DEBUG [EBPB_APDSTTL-116709] Executing SelectTestToRun function:
2016-01-27 22:48:00,701 DEBUG [EBPB_APDSTTL-116709] Successfull in selecting clicking the category
2016-01-27 22:48:00,701 DEBUG [EBPB_APDSTTL-116709] TestStepResult of SelectTestToRun: pass
2016-01-27 22:48:00,701 DEBUG [EBPB_APDSTTL-116709] In execute keyword function
2016-01-27 22:48:00,701 DEBUG [EBPB_APDSTTL-116709] Executing validate_Text_Exists function:
2016-01-27 22:48:00,965 DEBUG [EBPB_APDSTTL-116709] VT056-1253 Testcase Text found
2016-01-27 22:48:00,965 DEBUG [EBPB_APDSTTL-116709] Result of validate_Text_Exists: Pass
2016-01-27 22:48:00,965 DEBUG [EBPB_APDSTTL-116709] In execute keyword function
2016-01-27 22:48:00,965 DEBUG [EBPB_APDSTTL-116709] Executing wait function:
2016-01-27 22:48:00,965 DEBUG [EBPB_APDSTTL-116709] Started Executing wait function
2016-01-27 22:48:01,966 DEBUG [EBPB_APDSTTL-116709] Exiting from wait function
2016-01-27 22:48:01,966 DEBUG [EBPB_APDSTTL-116709] TestStepResult of wait: Pass
2016-01-27 22:48:01,966 DEBUG [EBPB_APDSTTL-116709] In execute keyword function
2016-01-27 22:48:01,966 DEBUG [EBPB_APDSTTL-116709] Executing ClickRunTest function:
2016-01-27 22:48:02,397 DEBUG [EBPB_APDSTTL-116709] Executing Click function
2016-01-27 22:48:03,404 DEBUG [EBPB_APDSTTL-116709] Exiting Click function
2016-01-27 22:48:03,404 DEBUG [EBPB_APDSTTL-116709] runtest_top_xpath Button clicked Successfully
2016-01-27 22:48:03,404 DEBUG [EBPB_APDSTTL-116709] TestStepResult of ClickRunTest: pass
2016-01-27 22:48:03,404 DEBUG [EBPB_APDSTTL-116709] In execute keyword function
2016-01-27 22:48:03,404 DEBUG [EBPB_APDSTTL-116709] Executing wait function:
2016-01-27 22:48:03,404 DEBUG [EBPB_APDSTTL-116709] Started Executing wait function
2016-01-27 22:48:08,404 DEBUG [EBPB_APDSTTL-116709] Exiting from wait function
2016-01-27 22:48:08,404 DEBUG [EBPB_APDSTTL-116709] TestStepResult of wait: Pass
2016-01-27 22:48:08,404 DEBUG [EBPB_APDSTTL-116709] In execute keyword function
2016-01-27 22:48:08,404 DEBUG [EBPB_APDSTTL-116709] Executing validate_Result function:
2016-01-27 22:48:08,722 DEBUG [EBPB_APDSTTL-116709] GetLastMessage: 0 Text found in GetLastMessage: 0
2016-01-27 22:48:08,722 DEBUG [EBPB_APDSTTL-116709] Result of validate_Result: Pass
2016-01-27 22:48:08,722 DEBUG [EBPB_APDSTTL-116709] allstep_result contains: PasspassPasspassPassPassPassPassnull
2016-01-27 22:48:08,722 DEBUG [EBPB_APDSTTL-116709] allexpected_result contains: nullPassnullPassnullpassnullpassnullpassnull
2016-01-27 22:48:08,722 DEBUG [EBPB_APDSTTL-116709] Testcase_Result contains: nullPassnullPassnullpassnullpassnullpassnullPasspassPasspassPassPassPassPassnull
2016-01-27 22:48:08,722 DEBUG [EBPB_APDSTTL-116709] Test case with description Get Last Message Command 0107 Pass
2016-01-27 22:48:09,777 DEBUG [EBPB_APDSTTL-116709] Executing browser_Quit function
2016-01-27 22:48:09,777 DEBUG [EBPB_APDSTTL-116709] Completed browser_Quit function
2016-01-27 22:48:09,777 DEBUG [EBPB_APDSTTL-116709] Completed quitSelendroid function
2016-01-27 22:48:09,777 DEBUG [EBPB_APDSTTL-116709] Row number:10
2016-01-27 22:48:09,811 DEBUG [EBPB_APDSTTL-116709] Ending Test Case IDSTTL-116709
