2016-01-27 18:09:16,522 DEBUG [EBManual_Camera_Front_JSSTTL-116704] Executing Test Case ID: STTL-116704
2016-01-27 18:09:16,530 DEBUG [EBManual_Camera_Front_JSSTTL-116704] Executing Init_Selendroid function with APK as parameter and clear data value with 1
2016-01-27 18:09:26,702 DEBUG [EBManual_Camera_Front_JSSTTL-116704] Exiting Init_Selendroid function
2016-01-27 18:09:26,752 DEBUG [EBManual_Camera_Front_JSSTTL-116704] TestCase with Description "Should call takePicture and invalid fileName path" Execution started
2016-01-27 18:09:26,752 DEBUG [EBManual_Camera_Front_JSSTTL-116704] In execute keyword function
2016-01-27 18:09:26,752 DEBUG [EBManual_Camera_Front_JSSTTL-116704] Executing wait function:
2016-01-27 18:09:26,752 DEBUG [EBManual_Camera_Front_JSSTTL-116704] Started Executing wait function
2016-01-27 18:09:31,754 DEBUG [EBManual_Camera_Front_JSSTTL-116704] Exiting from wait function
2016-01-27 18:09:31,754 DEBUG [EBManual_Camera_Front_JSSTTL-116704] TestStepResult of wait: Pass
2016-01-27 18:09:31,754 DEBUG [EBManual_Camera_Front_JSSTTL-116704] In execute keyword function
2016-01-27 18:09:31,754 DEBUG [EBManual_Camera_Front_JSSTTL-116704] Executing validate_PageTitle function:
2016-01-27 18:09:31,794 DEBUG [EBManual_Camera_Front_JSSTTL-116704] The title of the page is *********************************: Manual specs
2016-01-27 18:09:31,794 DEBUG [EBManual_Camera_Front_JSSTTL-116704] The page title found is correct
2016-01-27 18:09:31,794 DEBUG [EBManual_Camera_Front_JSSTTL-116704] Result of validate_PageTitle: pass
2016-01-27 18:09:31,794 DEBUG [EBManual_Camera_Front_JSSTTL-116704] In execute keyword function
2016-01-27 18:09:31,794 DEBUG [EBManual_Camera_Front_JSSTTL-116704] Executing link_Click function:
2016-01-27 18:09:32,364 DEBUG [EBManual_Camera_Front_JSSTTL-116704] Executing Click function
2016-01-27 18:09:33,441 DEBUG [EBManual_Camera_Front_JSSTTL-116704] Exiting Click function
2016-01-27 18:09:33,441 DEBUG [EBManual_Camera_Front_JSSTTL-116704] camera_front_link clicked successfully
2016-01-27 18:09:33,441 DEBUG [EBManual_Camera_Front_JSSTTL-116704] TestStepResult of link_Click: Pass
2016-01-27 18:09:33,442 DEBUG [EBManual_Camera_Front_JSSTTL-116704] In execute keyword function
2016-01-27 18:09:33,442 DEBUG [EBManual_Camera_Front_JSSTTL-116704] Executing validate_PageTitle function:
2016-01-27 18:09:33,459 DEBUG [EBManual_Camera_Front_JSSTTL-116704] The title of the page is *********************************: Camera Front Tests
2016-01-27 18:09:33,459 DEBUG [EBManual_Camera_Front_JSSTTL-116704] The page title found is correct
2016-01-27 18:09:33,459 DEBUG [EBManual_Camera_Front_JSSTTL-116704] Result of validate_PageTitle: pass
2016-01-27 18:09:33,459 DEBUG [EBManual_Camera_Front_JSSTTL-116704] In execute keyword function
2016-01-27 18:09:33,459 DEBUG [EBManual_Camera_Front_JSSTTL-116704] Executing SelectTestToRun function:
2016-01-27 18:09:41,106 DEBUG [EBManual_Camera_Front_JSSTTL-116704] Successfull in selecting clicking the category
2016-01-27 18:09:41,106 DEBUG [EBManual_Camera_Front_JSSTTL-116704] TestStepResult of SelectTestToRun: pass
2016-01-27 18:09:41,106 DEBUG [EBManual_Camera_Front_JSSTTL-116704] In execute keyword function
2016-01-27 18:09:41,106 DEBUG [EBManual_Camera_Front_JSSTTL-116704] Executing ClickRunTest function:
2016-01-27 18:09:41,442 DEBUG [EBManual_Camera_Front_JSSTTL-116704] Executing Click function
2016-01-27 18:09:42,369 DEBUG [EBManual_Camera_Front_JSSTTL-116704] Exiting Click function
2016-01-27 18:09:42,369 DEBUG [EBManual_Camera_Front_JSSTTL-116704] runtest_top_xpath Button clicked Successfully
2016-01-27 18:09:42,369 DEBUG [EBManual_Camera_Front_JSSTTL-116704] TestStepResult of ClickRunTest: pass
2016-01-27 18:09:42,369 DEBUG [EBManual_Camera_Front_JSSTTL-116704] In execute keyword function
2016-01-27 18:09:42,369 DEBUG [EBManual_Camera_Front_JSSTTL-116704] Executing wait function:
2016-01-27 18:09:42,369 DEBUG [EBManual_Camera_Front_JSSTTL-116704] Started Executing wait function
2016-01-27 18:09:44,369 DEBUG [EBManual_Camera_Front_JSSTTL-116704] Exiting from wait function
2016-01-27 18:09:44,369 DEBUG [EBManual_Camera_Front_JSSTTL-116704] TestStepResult of wait: Pass
2016-01-27 18:09:44,369 DEBUG [EBManual_Camera_Front_JSSTTL-116704] In execute keyword function
2016-01-27 18:09:44,369 DEBUG [EBManual_Camera_Front_JSSTTL-116704] Executing validate_Text_Exists function:
2016-01-27 18:09:44,665 DEBUG [EBManual_Camera_Front_JSSTTL-116704] VT285-0035a Testcase Text found
2016-01-27 18:09:44,666 DEBUG [EBManual_Camera_Front_JSSTTL-116704] Result of validate_Text_Exists: Pass
2016-01-27 18:09:44,666 DEBUG [EBManual_Camera_Front_JSSTTL-116704] In execute keyword function
2016-01-27 18:09:44,666 DEBUG [EBManual_Camera_Front_JSSTTL-116704] Executing ClickRunTest function:
2016-01-27 18:09:45,016 DEBUG [EBManual_Camera_Front_JSSTTL-116704] Executing Click function
2016-01-27 18:09:46,106 DEBUG [EBManual_Camera_Front_JSSTTL-116704] Exiting Click function
2016-01-27 18:09:46,106 DEBUG [EBManual_Camera_Front_JSSTTL-116704] runtest_bottom_xpath Button clicked Successfully
2016-01-27 18:09:46,106 DEBUG [EBManual_Camera_Front_JSSTTL-116704] TestStepResult of ClickRunTest: pass
2016-01-27 18:09:46,106 DEBUG [EBManual_Camera_Front_JSSTTL-116704] In execute keyword function
2016-01-27 18:09:46,107 DEBUG [EBManual_Camera_Front_JSSTTL-116704] Executing wait function:
2016-01-27 18:09:46,107 DEBUG [EBManual_Camera_Front_JSSTTL-116704] Started Executing wait function
2016-01-27 18:09:48,107 DEBUG [EBManual_Camera_Front_JSSTTL-116704] Exiting from wait function
2016-01-27 18:09:48,107 DEBUG [EBManual_Camera_Front_JSSTTL-116704] TestStepResult of wait: Pass
2016-01-27 18:09:48,107 DEBUG [EBManual_Camera_Front_JSSTTL-116704] In execute keyword function
2016-01-27 18:09:48,107 DEBUG [EBManual_Camera_Front_JSSTTL-116704] Executing ClickCameraNativeButton function:
2016-01-27 18:09:48,107 DEBUG [EBManual_Camera_Front_JSSTTL-116704] Started executeCommandLine function
2016-01-27 18:09:52,128 DEBUG [EBManual_Camera_Front_JSSTTL-116704] Started executeCommandLine function
2016-01-27 18:09:56,147 DEBUG [EBManual_Camera_Front_JSSTTL-116704] 0 Clicked Camera Native Button
2016-01-27 18:09:56,147 DEBUG [EBManual_Camera_Front_JSSTTL-116704] TestStepResult of ClickCameraNativeButton: Pass
2016-01-27 18:09:56,147 DEBUG [EBManual_Camera_Front_JSSTTL-116704] In execute keyword function
2016-01-27 18:09:56,147 DEBUG [EBManual_Camera_Front_JSSTTL-116704] Executing validate_Result function:
2016-01-27 18:09:56,438 DEBUG [EBManual_Camera_Front_JSSTTL-116704] error Text found in Results
status : : error
message : : File path is invalid.
imageHeight : : undefined
imageWidth : : undefined
imageFormat : : undefined
imageUri : : undefined
2016-01-27 18:09:56,439 DEBUG [EBManual_Camera_Front_JSSTTL-116704] Result of validate_Result: Pass
2016-01-27 18:09:56,439 DEBUG [EBManual_Camera_Front_JSSTTL-116704] In execute keyword function
2016-01-27 18:09:56,439 DEBUG [EBManual_Camera_Front_JSSTTL-116704] Executing validate_Result function:
2016-01-27 18:09:56,595 DEBUG [EBManual_Camera_Front_JSSTTL-116704] File path is invalid. Text found in Results
status : : error
message : : File path is invalid.
imageHeight : : undefined
imageWidth : : undefined
imageFormat : : undefined
imageUri : : undefined
2016-01-27 18:09:56,595 DEBUG [EBManual_Camera_Front_JSSTTL-116704] Result of validate_Result: Pass
2016-01-27 18:09:56,595 DEBUG [EBManual_Camera_Front_JSSTTL-116704] allstep_result contains: PassPasspassPasspasspassPassPassnull
2016-01-27 18:09:56,595 DEBUG [EBManual_Camera_Front_JSSTTL-116704] allexpected_result contains: nullPassPassnullPassnullpassnullpassnull
2016-01-27 18:09:56,595 DEBUG [EBManual_Camera_Front_JSSTTL-116704] Testcase_Result contains: nullPassPassnullPassnullpassnullpassnullPassPasspassPasspasspassPassPassnull
2016-01-27 18:09:56,595 DEBUG [EBManual_Camera_Front_JSSTTL-116704] Test case with description Should call takePicture and invalid fileName path Pass
2016-01-27 18:09:57,617 DEBUG [EBManual_Camera_Front_JSSTTL-116704] Executing browser_Quit function
2016-01-27 18:09:57,617 DEBUG [EBManual_Camera_Front_JSSTTL-116704] Completed browser_Quit function
2016-01-27 18:09:57,617 DEBUG [EBManual_Camera_Front_JSSTTL-116704] Completed quitSelendroid function
2016-01-27 18:09:57,617 DEBUG [EBManual_Camera_Front_JSSTTL-116704] Row number:5
2016-01-27 18:09:57,652 DEBUG [EBManual_Camera_Front_JSSTTL-116704] Ending Test Case IDSTTL-116704
