2016-01-27 18:07:55,870 DEBUG [EBManual_Camera_Front_JSSTTL-116702] Executing Test Case ID: STTL-116702
2016-01-27 18:07:55,893 DEBUG [EBManual_Camera_Front_JSSTTL-116702] Executing Init_Selendroid function with APK as parameter and clear data value with 1
2016-01-27 18:08:05,615 DEBUG [EBManual_Camera_Front_JSSTTL-116702] Exiting Init_Selendroid function
2016-01-27 18:08:05,633 DEBUG [EBManual_Camera_Front_JSSTTL-116702] TestCase with Description "Should call takePicture" Execution started
2016-01-27 18:08:05,633 DEBUG [EBManual_Camera_Front_JSSTTL-116702] In execute keyword function
2016-01-27 18:08:05,633 DEBUG [EBManual_Camera_Front_JSSTTL-116702] Executing wait function:
2016-01-27 18:08:05,633 DEBUG [EBManual_Camera_Front_JSSTTL-116702] Started Executing wait function
2016-01-27 18:08:10,634 DEBUG [EBManual_Camera_Front_JSSTTL-116702] Exiting from wait function
2016-01-27 18:08:10,634 DEBUG [EBManual_Camera_Front_JSSTTL-116702] TestStepResult of wait: Pass
2016-01-27 18:08:10,634 DEBUG [EBManual_Camera_Front_JSSTTL-116702] In execute keyword function
2016-01-27 18:08:10,634 DEBUG [EBManual_Camera_Front_JSSTTL-116702] Executing validate_PageTitle function:
2016-01-27 18:08:10,674 DEBUG [EBManual_Camera_Front_JSSTTL-116702] The title of the page is *********************************: Manual specs
2016-01-27 18:08:10,674 DEBUG [EBManual_Camera_Front_JSSTTL-116702] The page title found is correct
2016-01-27 18:08:10,674 DEBUG [EBManual_Camera_Front_JSSTTL-116702] Result of validate_PageTitle: pass
2016-01-27 18:08:10,674 DEBUG [EBManual_Camera_Front_JSSTTL-116702] In execute keyword function
2016-01-27 18:08:10,674 DEBUG [EBManual_Camera_Front_JSSTTL-116702] Executing link_Click function:
2016-01-27 18:08:11,246 DEBUG [EBManual_Camera_Front_JSSTTL-116702] Executing Click function
2016-01-27 18:08:12,265 DEBUG [EBManual_Camera_Front_JSSTTL-116702] Exiting Click function
2016-01-27 18:08:12,265 DEBUG [EBManual_Camera_Front_JSSTTL-116702] camera_front_link clicked successfully
2016-01-27 18:08:12,265 DEBUG [EBManual_Camera_Front_JSSTTL-116702] TestStepResult of link_Click: Pass
2016-01-27 18:08:12,265 DEBUG [EBManual_Camera_Front_JSSTTL-116702] In execute keyword function
2016-01-27 18:08:12,265 DEBUG [EBManual_Camera_Front_JSSTTL-116702] Executing validate_PageTitle function:
2016-01-27 18:08:12,285 DEBUG [EBManual_Camera_Front_JSSTTL-116702] The title of the page is *********************************: Camera Front Tests
2016-01-27 18:08:12,285 DEBUG [EBManual_Camera_Front_JSSTTL-116702] The page title found is correct
2016-01-27 18:08:12,285 DEBUG [EBManual_Camera_Front_JSSTTL-116702] Result of validate_PageTitle: pass
2016-01-27 18:08:12,285 DEBUG [EBManual_Camera_Front_JSSTTL-116702] In execute keyword function
2016-01-27 18:08:12,285 DEBUG [EBManual_Camera_Front_JSSTTL-116702] Executing SelectTestToRun function:
2016-01-27 18:08:19,667 DEBUG [EBManual_Camera_Front_JSSTTL-116702] Successfull in selecting clicking the category
2016-01-27 18:08:19,667 DEBUG [EBManual_Camera_Front_JSSTTL-116702] TestStepResult of SelectTestToRun: pass
2016-01-27 18:08:19,667 DEBUG [EBManual_Camera_Front_JSSTTL-116702] In execute keyword function
2016-01-27 18:08:19,667 DEBUG [EBManual_Camera_Front_JSSTTL-116702] Executing ClickRunTest function:
2016-01-27 18:08:19,992 DEBUG [EBManual_Camera_Front_JSSTTL-116702] Executing Click function
2016-01-27 18:08:20,909 DEBUG [EBManual_Camera_Front_JSSTTL-116702] Exiting Click function
2016-01-27 18:08:20,909 DEBUG [EBManual_Camera_Front_JSSTTL-116702] runtest_top_xpath Button clicked Successfully
2016-01-27 18:08:20,909 DEBUG [EBManual_Camera_Front_JSSTTL-116702] TestStepResult of ClickRunTest: pass
2016-01-27 18:08:20,909 DEBUG [EBManual_Camera_Front_JSSTTL-116702] In execute keyword function
2016-01-27 18:08:20,909 DEBUG [EBManual_Camera_Front_JSSTTL-116702] Executing wait function:
2016-01-27 18:08:20,909 DEBUG [EBManual_Camera_Front_JSSTTL-116702] Started Executing wait function
2016-01-27 18:08:22,909 DEBUG [EBManual_Camera_Front_JSSTTL-116702] Exiting from wait function
2016-01-27 18:08:22,909 DEBUG [EBManual_Camera_Front_JSSTTL-116702] TestStepResult of wait: Pass
2016-01-27 18:08:22,909 DEBUG [EBManual_Camera_Front_JSSTTL-116702] In execute keyword function
2016-01-27 18:08:22,909 DEBUG [EBManual_Camera_Front_JSSTTL-116702] Executing validate_Text_Exists function:
2016-01-27 18:08:23,204 DEBUG [EBManual_Camera_Front_JSSTTL-116702] VT285-0033a Testcase Text found
2016-01-27 18:08:23,204 DEBUG [EBManual_Camera_Front_JSSTTL-116702] Result of validate_Text_Exists: Pass
2016-01-27 18:08:23,204 DEBUG [EBManual_Camera_Front_JSSTTL-116702] In execute keyword function
2016-01-27 18:08:23,204 DEBUG [EBManual_Camera_Front_JSSTTL-116702] Executing ClickRunTest function:
2016-01-27 18:08:23,546 DEBUG [EBManual_Camera_Front_JSSTTL-116702] Executing Click function
2016-01-27 18:08:24,664 DEBUG [EBManual_Camera_Front_JSSTTL-116702] Exiting Click function
2016-01-27 18:08:24,664 DEBUG [EBManual_Camera_Front_JSSTTL-116702] runtest_bottom_xpath Button clicked Successfully
2016-01-27 18:08:24,664 DEBUG [EBManual_Camera_Front_JSSTTL-116702] TestStepResult of ClickRunTest: pass
2016-01-27 18:08:24,664 DEBUG [EBManual_Camera_Front_JSSTTL-116702] In execute keyword function
2016-01-27 18:08:24,664 DEBUG [EBManual_Camera_Front_JSSTTL-116702] Executing wait function:
2016-01-27 18:08:24,664 DEBUG [EBManual_Camera_Front_JSSTTL-116702] Started Executing wait function
2016-01-27 18:08:26,664 DEBUG [EBManual_Camera_Front_JSSTTL-116702] Exiting from wait function
2016-01-27 18:08:26,664 DEBUG [EBManual_Camera_Front_JSSTTL-116702] TestStepResult of wait: Pass
2016-01-27 18:08:26,664 DEBUG [EBManual_Camera_Front_JSSTTL-116702] In execute keyword function
2016-01-27 18:08:26,664 DEBUG [EBManual_Camera_Front_JSSTTL-116702] Executing ClickCameraNativeButton function:
2016-01-27 18:08:26,664 DEBUG [EBManual_Camera_Front_JSSTTL-116702] Started executeCommandLine function
2016-01-27 18:08:30,685 DEBUG [EBManual_Camera_Front_JSSTTL-116702] Started executeCommandLine function
2016-01-27 18:08:34,703 DEBUG [EBManual_Camera_Front_JSSTTL-116702] 0 Clicked Camera Native Button
2016-01-27 18:08:34,703 DEBUG [EBManual_Camera_Front_JSSTTL-116702] TestStepResult of ClickCameraNativeButton: Pass
2016-01-27 18:08:34,703 DEBUG [EBManual_Camera_Front_JSSTTL-116702] In execute keyword function
2016-01-27 18:08:34,703 DEBUG [EBManual_Camera_Front_JSSTTL-116702] Executing validate_Result function:
2016-01-27 18:08:34,951 DEBUG [EBManual_Camera_Front_JSSTTL-116702] ok Text found in Results
status : : ok
message : : undefined
imageHeight : : 640
imageWidth : : 480
imageFormat : : jpg
imageUri : : /data/data/com.symbol.enterprisebrowser/rhodata/db/db-files/IMG_20160127_060709.jpg
2016-01-27 18:08:34,951 DEBUG [EBManual_Camera_Front_JSSTTL-116702] Result of validate_Result: Pass
2016-01-27 18:08:34,951 DEBUG [EBManual_Camera_Front_JSSTTL-116702] In execute keyword function
2016-01-27 18:08:34,951 DEBUG [EBManual_Camera_Front_JSSTTL-116702] Executing validate_Result function:
2016-01-27 18:08:35,127 DEBUG [EBManual_Camera_Front_JSSTTL-116702] jpg Text found in Results
status : : ok
message : : undefined
imageHeight : : 640
imageWidth : : 480
imageFormat : : jpg
imageUri : : /data/data/com.symbol.enterprisebrowser/rhodata/db/db-files/IMG_20160127_060709.jpg
2016-01-27 18:08:35,127 DEBUG [EBManual_Camera_Front_JSSTTL-116702] Result of validate_Result: Pass
2016-01-27 18:08:35,127 DEBUG [EBManual_Camera_Front_JSSTTL-116702] In execute keyword function
2016-01-27 18:08:35,127 DEBUG [EBManual_Camera_Front_JSSTTL-116702] Executing validate_Result function:
2016-01-27 18:08:35,313 DEBUG [EBManual_Camera_Front_JSSTTL-116702] /data/data/com.symbol.enterprisebrowser/rhodata/db/db-files/IMG_ Text found in Results
status : : ok
message : : undefined
imageHeight : : 640
imageWidth : : 480
imageFormat : : jpg
imageUri : : /data/data/com.symbol.enterprisebrowser/rhodata/db/db-files/IMG_20160127_060709.jpg
2016-01-27 18:08:35,313 DEBUG [EBManual_Camera_Front_JSSTTL-116702] Result of validate_Result: Pass
2016-01-27 18:08:35,313 DEBUG [EBManual_Camera_Front_JSSTTL-116702] allstep_result contains: PassPasspassPasspasspassPassPassnull
2016-01-27 18:08:35,313 DEBUG [EBManual_Camera_Front_JSSTTL-116702] allexpected_result contains: nullPassPassPassnullPassnullpassnullpassnull
2016-01-27 18:08:35,313 DEBUG [EBManual_Camera_Front_JSSTTL-116702] Testcase_Result contains: nullPassPassPassnullPassnullpassnullpassnullPassPasspassPasspasspassPassPassnull
2016-01-27 18:08:35,313 DEBUG [EBManual_Camera_Front_JSSTTL-116702] Test case with description Should call takePicture Pass
2016-01-27 18:08:36,344 DEBUG [EBManual_Camera_Front_JSSTTL-116702] Executing browser_Quit function
2016-01-27 18:08:36,344 DEBUG [EBManual_Camera_Front_JSSTTL-116702] Completed browser_Quit function
2016-01-27 18:08:36,344 DEBUG [EBManual_Camera_Front_JSSTTL-116702] Completed quitSelendroid function
2016-01-27 18:08:36,345 DEBUG [EBManual_Camera_Front_JSSTTL-116702] Row number:3
2016-01-27 18:08:36,387 DEBUG [EBManual_Camera_Front_JSSTTL-116702] Ending Test Case IDSTTL-116702
