2016-01-27 18:19:31,165 DEBUG [EBManual_Camera_Front_JSSTTL-116718] Executing Test Case ID: STTL-116718
2016-01-27 18:19:31,186 DEBUG [EBManual_Camera_Front_JSSTTL-116718] Executing Init_Selendroid function with APK as parameter and clear data value with 1
2016-01-27 18:19:40,811 DEBUG [EBManual_Camera_Front_JSSTTL-116718] Exiting Init_Selendroid function
2016-01-27 18:19:40,858 DEBUG [EBManual_Camera_Front_JSSTTL-116718] TestCase with Description "Should call takePicture and quit the application" Execution started
2016-01-27 18:19:40,858 DEBUG [EBManual_Camera_Front_JSSTTL-116718] In execute keyword function
2016-01-27 18:19:40,858 DEBUG [EBManual_Camera_Front_JSSTTL-116718] Executing wait function:
2016-01-27 18:19:40,858 DEBUG [EBManual_Camera_Front_JSSTTL-116718] Started Executing wait function
2016-01-27 18:19:45,858 DEBUG [EBManual_Camera_Front_JSSTTL-116718] Exiting from wait function
2016-01-27 18:19:45,858 DEBUG [EBManual_Camera_Front_JSSTTL-116718] TestStepResult of wait: Pass
2016-01-27 18:19:45,858 DEBUG [EBManual_Camera_Front_JSSTTL-116718] In execute keyword function
2016-01-27 18:19:45,858 DEBUG [EBManual_Camera_Front_JSSTTL-116718] Executing validate_PageTitle function:
2016-01-27 18:19:45,876 DEBUG [EBManual_Camera_Front_JSSTTL-116718] The title of the page is *********************************: Manual specs
2016-01-27 18:19:45,876 DEBUG [EBManual_Camera_Front_JSSTTL-116718] The page title found is correct
2016-01-27 18:19:45,876 DEBUG [EBManual_Camera_Front_JSSTTL-116718] Result of validate_PageTitle: pass
2016-01-27 18:19:45,876 DEBUG [EBManual_Camera_Front_JSSTTL-116718] In execute keyword function
2016-01-27 18:19:45,876 DEBUG [EBManual_Camera_Front_JSSTTL-116718] Executing link_Click function:
2016-01-27 18:19:46,412 DEBUG [EBManual_Camera_Front_JSSTTL-116718] Executing Click function
2016-01-27 18:19:47,446 DEBUG [EBManual_Camera_Front_JSSTTL-116718] Exiting Click function
2016-01-27 18:19:47,446 DEBUG [EBManual_Camera_Front_JSSTTL-116718] camera_front_link clicked successfully
2016-01-27 18:19:47,446 DEBUG [EBManual_Camera_Front_JSSTTL-116718] TestStepResult of link_Click: Pass
2016-01-27 18:19:47,446 DEBUG [EBManual_Camera_Front_JSSTTL-116718] In execute keyword function
2016-01-27 18:19:47,446 DEBUG [EBManual_Camera_Front_JSSTTL-116718] Executing validate_PageTitle function:
2016-01-27 18:19:47,460 DEBUG [EBManual_Camera_Front_JSSTTL-116718] The title of the page is *********************************: Camera Front Tests
2016-01-27 18:19:47,460 DEBUG [EBManual_Camera_Front_JSSTTL-116718] The page title found is correct
2016-01-27 18:19:47,460 DEBUG [EBManual_Camera_Front_JSSTTL-116718] Result of validate_PageTitle: pass
2016-01-27 18:19:47,460 DEBUG [EBManual_Camera_Front_JSSTTL-116718] In execute keyword function
2016-01-27 18:19:47,460 DEBUG [EBManual_Camera_Front_JSSTTL-116718] Executing SelectTestToRun function:
2016-01-27 18:19:57,644 DEBUG [EBManual_Camera_Front_JSSTTL-116718] Successfull in selecting clicking the category
2016-01-27 18:19:57,644 DEBUG [EBManual_Camera_Front_JSSTTL-116718] TestStepResult of SelectTestToRun: pass
2016-01-27 18:19:57,644 DEBUG [EBManual_Camera_Front_JSSTTL-116718] In execute keyword function
2016-01-27 18:19:57,644 DEBUG [EBManual_Camera_Front_JSSTTL-116718] Executing ClickRunTest function:
2016-01-27 18:19:57,993 DEBUG [EBManual_Camera_Front_JSSTTL-116718] Executing Click function
2016-01-27 18:19:58,967 DEBUG [EBManual_Camera_Front_JSSTTL-116718] Exiting Click function
2016-01-27 18:19:58,967 DEBUG [EBManual_Camera_Front_JSSTTL-116718] runtest_top_xpath Button clicked Successfully
2016-01-27 18:19:58,967 DEBUG [EBManual_Camera_Front_JSSTTL-116718] TestStepResult of ClickRunTest: pass
2016-01-27 18:19:58,968 DEBUG [EBManual_Camera_Front_JSSTTL-116718] In execute keyword function
2016-01-27 18:19:58,968 DEBUG [EBManual_Camera_Front_JSSTTL-116718] Executing wait function:
2016-01-27 18:19:58,968 DEBUG [EBManual_Camera_Front_JSSTTL-116718] Started Executing wait function
2016-01-27 18:20:00,969 DEBUG [EBManual_Camera_Front_JSSTTL-116718] Exiting from wait function
2016-01-27 18:20:00,969 DEBUG [EBManual_Camera_Front_JSSTTL-116718] TestStepResult of wait: Pass
2016-01-27 18:20:00,969 DEBUG [EBManual_Camera_Front_JSSTTL-116718] In execute keyword function
2016-01-27 18:20:00,969 DEBUG [EBManual_Camera_Front_JSSTTL-116718] Executing validate_Text_Exists function:
2016-01-27 18:20:01,246 DEBUG [EBManual_Camera_Front_JSSTTL-116718] VT285-0067a Testcase Text found
2016-01-27 18:20:01,246 DEBUG [EBManual_Camera_Front_JSSTTL-116718] Result of validate_Text_Exists: Pass
2016-01-27 18:20:01,246 DEBUG [EBManual_Camera_Front_JSSTTL-116718] In execute keyword function
2016-01-27 18:20:01,246 DEBUG [EBManual_Camera_Front_JSSTTL-116718] Executing ClickRunTest function:
2016-01-27 18:20:01,563 DEBUG [EBManual_Camera_Front_JSSTTL-116718] Executing Click function
2016-01-27 18:20:02,639 DEBUG [EBManual_Camera_Front_JSSTTL-116718] Exiting Click function
2016-01-27 18:20:02,639 DEBUG [EBManual_Camera_Front_JSSTTL-116718] runtest_bottom_xpath Button clicked Successfully
2016-01-27 18:20:02,639 DEBUG [EBManual_Camera_Front_JSSTTL-116718] TestStepResult of ClickRunTest: pass
2016-01-27 18:20:02,639 DEBUG [EBManual_Camera_Front_JSSTTL-116718] In execute keyword function
2016-01-27 18:20:02,639 DEBUG [EBManual_Camera_Front_JSSTTL-116718] Executing wait function:
2016-01-27 18:20:02,639 DEBUG [EBManual_Camera_Front_JSSTTL-116718] Started Executing wait function
2016-01-27 18:20:04,639 DEBUG [EBManual_Camera_Front_JSSTTL-116718] Exiting from wait function
2016-01-27 18:20:04,639 DEBUG [EBManual_Camera_Front_JSSTTL-116718] TestStepResult of wait: Pass
2016-01-27 18:20:04,639 DEBUG [EBManual_Camera_Front_JSSTTL-116718] In execute keyword function
2016-01-27 18:20:04,639 DEBUG [EBManual_Camera_Front_JSSTTL-116718] Executing validate_AppMinimized function:
2016-01-27 18:20:04,639 DEBUG [EBManual_Camera_Front_JSSTTL-116718] Started Executing validate_AppMinimized function
2016-01-27 18:20:04,639 DEBUG [EBManual_Camera_Front_JSSTTL-116718] Started Executing Validate_App_launched_Device function
2016-01-27 18:20:04,639 DEBUG [EBManual_Camera_Front_JSSTTL-116718] Entered CheckUIButtonExists function
2016-01-27 18:20:04,639 DEBUG [EBManual_Camera_Front_JSSTTL-116718] Started executeCommandLine function
2016-01-27 18:20:08,659 DEBUG [EBManual_Camera_Front_JSSTTL-116718] Exiting from executeCommandLine function
2016-01-27 18:20:08,659 DEBUG [EBManual_Camera_Front_JSSTTL-116718] Button is not Present
2016-01-27 18:20:08,659 DEBUG [EBManual_Camera_Front_JSSTTL-116718] Exiting from CheckUIButtonExists function
2016-01-27 18:20:08,659 DEBUG [EBManual_Camera_Front_JSSTTL-116718] Started executeCommandLine function
2016-01-27 18:20:12,680 DEBUG [EBManual_Camera_Front_JSSTTL-116718] Exiting from executeCommandLine function
2016-01-27 18:20:12,680 DEBUG [EBManual_Camera_Front_JSSTTL-116718] Started executeCommandLine function
2016-01-27 18:20:16,699 DEBUG [EBManual_Camera_Front_JSSTTL-116718] Exiting from executeCommandLine function
2016-01-27 18:20:16,699 DEBUG [EBManual_Camera_Front_JSSTTL-116718] Given App is not in Foreground
2016-01-27 18:20:16,699 DEBUG [EBManual_Camera_Front_JSSTTL-116718] Exiting Validate_App_launched_Device function
2016-01-27 18:20:16,699 DEBUG [EBManual_Camera_Front_JSSTTL-116718] Not in com.symbol.enterprisebrowser screen
2016-01-27 18:20:16,699 DEBUG [EBManual_Camera_Front_JSSTTL-116718] Exiting validate_AppMinimized function
2016-01-27 18:20:16,699 DEBUG [EBManual_Camera_Front_JSSTTL-116718] Result of validate_AppMinimized: Pass
2016-01-27 18:20:16,699 DEBUG [EBManual_Camera_Front_JSSTTL-116718] allstep_result contains: PasspassPasspasspassPassPassnull
2016-01-27 18:20:16,699 DEBUG [EBManual_Camera_Front_JSSTTL-116718] allexpected_result contains: nullPassnullPassnullpassnullpassnull
2016-01-27 18:20:16,699 DEBUG [EBManual_Camera_Front_JSSTTL-116718] Testcase_Result contains: nullPassnullPassnullpassnullpassnullPasspassPasspasspassPassPassnull
2016-01-27 18:20:16,699 DEBUG [EBManual_Camera_Front_JSSTTL-116718] Test case with description Should call takePicture and quit the application Pass
2016-01-27 18:20:16,712 DEBUG [EBManual_Camera_Front_JSSTTL-116718] Completed quitSelendroid function
2016-01-27 18:20:16,713 DEBUG [EBManual_Camera_Front_JSSTTL-116718] Row number:19
2016-01-27 18:20:16,794 DEBUG [EBManual_Camera_Front_JSSTTL-116718] Ending Test Case IDSTTL-116718
