2016-01-27 19:42:50,041 DEBUG [EBManual_Network_JSSTTL-116711] Executing Test Case ID: STTL-116711
2016-01-27 19:42:50,047 DEBUG [EBManual_Network_JSSTTL-116711] Executing Init_Selendroid function with APK as parameter and clear data value with 1
2016-01-27 19:43:00,448 DEBUG [EBManual_Network_JSSTTL-116711] Exiting Init_Selendroid function
2016-01-27 19:43:00,491 DEBUG [EBManual_Network_JSSTTL-116711] TestCase with Description "Objective:
hasNetwork without both cell and wifi" Execution started
2016-01-27 19:43:00,492 DEBUG [EBManual_Network_JSSTTL-116711] In execute keyword function
2016-01-27 19:43:00,492 DEBUG [EBManual_Network_JSSTTL-116711] Executing wait function:
2016-01-27 19:43:00,492 DEBUG [EBManual_Network_JSSTTL-116711] Started Executing wait function
2016-01-27 19:43:03,493 DEBUG [EBManual_Network_JSSTTL-116711] Exiting from wait function
2016-01-27 19:43:03,493 DEBUG [EBManual_Network_JSSTTL-116711] TestStepResult of wait: Pass
2016-01-27 19:43:03,493 DEBUG [EBManual_Network_JSSTTL-116711] In execute keyword function
2016-01-27 19:43:03,493 DEBUG [EBManual_Network_JSSTTL-116711] Executing validate_PageTitle function:
2016-01-27 19:43:03,516 DEBUG [EBManual_Network_JSSTTL-116711] The title of the page is *********************************: Manual specs
2016-01-27 19:43:03,516 DEBUG [EBManual_Network_JSSTTL-116711] The page title found is correct
2016-01-27 19:43:03,516 DEBUG [EBManual_Network_JSSTTL-116711] Result of validate_PageTitle: pass
2016-01-27 19:43:03,516 DEBUG [EBManual_Network_JSSTTL-116711] In execute keyword function
2016-01-27 19:43:03,516 DEBUG [EBManual_Network_JSSTTL-116711] Executing link_Click function:
2016-01-27 19:43:04,174 DEBUG [EBManual_Network_JSSTTL-116711] Executing Click function
2016-01-27 19:43:05,240 DEBUG [EBManual_Network_JSSTTL-116711] Exiting Click function
2016-01-27 19:43:05,240 DEBUG [EBManual_Network_JSSTTL-116711] network_test_link clicked successfully
2016-01-27 19:43:05,240 DEBUG [EBManual_Network_JSSTTL-116711] TestStepResult of link_Click: Pass
2016-01-27 19:43:05,240 DEBUG [EBManual_Network_JSSTTL-116711] In execute keyword function
2016-01-27 19:43:05,240 DEBUG [EBManual_Network_JSSTTL-116711] Executing validate_PageTitle function:
2016-01-27 19:43:05,255 DEBUG [EBManual_Network_JSSTTL-116711] The title of the page is *********************************: Network JS Test
2016-01-27 19:43:05,255 DEBUG [EBManual_Network_JSSTTL-116711] The page title found is correct
2016-01-27 19:43:05,255 DEBUG [EBManual_Network_JSSTTL-116711] Result of validate_PageTitle: pass
2016-01-27 19:43:05,255 DEBUG [EBManual_Network_JSSTTL-116711] In execute keyword function
2016-01-27 19:43:05,255 DEBUG [EBManual_Network_JSSTTL-116711] Executing SelectTestToRun function:
2016-01-27 19:43:09,117 DEBUG [EBManual_Network_JSSTTL-116711] Successfull in selecting clicking the category
2016-01-27 19:43:09,117 DEBUG [EBManual_Network_JSSTTL-116711] TestStepResult of SelectTestToRun: pass
2016-01-27 19:43:09,117 DEBUG [EBManual_Network_JSSTTL-116711] In execute keyword function
2016-01-27 19:43:09,117 DEBUG [EBManual_Network_JSSTTL-116711] Executing ClickRunTest function:
2016-01-27 19:43:09,499 DEBUG [EBManual_Network_JSSTTL-116711] Executing Click function
2016-01-27 19:43:10,419 DEBUG [EBManual_Network_JSSTTL-116711] Exiting Click function
2016-01-27 19:43:10,420 DEBUG [EBManual_Network_JSSTTL-116711] runtest_top_xpath Button clicked Successfully
2016-01-27 19:43:10,420 DEBUG [EBManual_Network_JSSTTL-116711] TestStepResult of ClickRunTest: pass
2016-01-27 19:43:10,420 DEBUG [EBManual_Network_JSSTTL-116711] In execute keyword function
2016-01-27 19:43:10,420 DEBUG [EBManual_Network_JSSTTL-116711] Executing validate_Text_Exists function:
2016-01-27 19:43:11,029 DEBUG [EBManual_Network_JSSTTL-116711] VT293-0029 Testcase Text found
2016-01-27 19:43:11,029 DEBUG [EBManual_Network_JSSTTL-116711] Result of validate_Text_Exists: Pass
2016-01-27 19:43:11,029 DEBUG [EBManual_Network_JSSTTL-116711] In execute keyword function
2016-01-27 19:43:11,029 DEBUG [EBManual_Network_JSSTTL-116711] Executing ClickRunTest function:
2016-01-27 19:43:11,350 DEBUG [EBManual_Network_JSSTTL-116711] Executing Click function
2016-01-27 19:43:12,287 DEBUG [EBManual_Network_JSSTTL-116711] Exiting Click function
2016-01-27 19:43:12,287 DEBUG [EBManual_Network_JSSTTL-116711] runtest_bottom_xpath Button clicked Successfully
2016-01-27 19:43:12,287 DEBUG [EBManual_Network_JSSTTL-116711] TestStepResult of ClickRunTest: pass
2016-01-27 19:43:12,287 DEBUG [EBManual_Network_JSSTTL-116711] In execute keyword function
2016-01-27 19:43:12,287 DEBUG [EBManual_Network_JSSTTL-116711] Executing validate_Result function:
2016-01-27 19:43:12,562 DEBUG [EBManual_Network_JSSTTL-116711] false Text found in Results
hasNetwork : : false
2016-01-27 19:43:12,562 DEBUG [EBManual_Network_JSSTTL-116711] Result of validate_Result: Pass
2016-01-27 19:43:12,562 DEBUG [EBManual_Network_JSSTTL-116711] In execute keyword function
2016-01-27 19:43:12,562 DEBUG [EBManual_Network_JSSTTL-116711] Executing wifi_Mode function:
2016-01-27 19:43:12,562 DEBUG [EBManual_Network_JSSTTL-116711] Started executeCommandLine function
2016-01-27 19:43:16,583 DEBUG [EBManual_Network_JSSTTL-116711] Turning on WiFi
2016-01-27 19:43:16,583 DEBUG [EBManual_Network_JSSTTL-116711] Started executeCommandLine function
2016-01-27 19:43:21,608 DEBUG [EBManual_Network_JSSTTL-116711] Started executeCommandLine function
2016-01-27 19:43:35,629 DEBUG [EBManual_Network_JSSTTL-116711] TestStepResult of wifi_Mode: pass
2016-01-27 19:43:35,629 DEBUG [EBManual_Network_JSSTTL-116711] In execute keyword function
2016-01-27 19:43:35,629 DEBUG [EBManual_Network_JSSTTL-116711] Executing wait function:
2016-01-27 19:43:35,629 DEBUG [EBManual_Network_JSSTTL-116711] Started Executing wait function
2016-01-27 19:43:40,629 DEBUG [EBManual_Network_JSSTTL-116711] Exiting from wait function
2016-01-27 19:43:40,629 DEBUG [EBManual_Network_JSSTTL-116711] TestStepResult of wait: Pass
2016-01-27 19:43:40,629 DEBUG [EBManual_Network_JSSTTL-116711] In execute keyword function
2016-01-27 19:43:40,629 DEBUG [EBManual_Network_JSSTTL-116711] Executing press_Key function:
2016-01-27 19:43:40,629 DEBUG [EBManual_Network_JSSTTL-116711] Started executeCommandLine function
2016-01-27 19:43:44,651 DEBUG [EBManual_Network_JSSTTL-116711] Exiting from executeCommandLine function
2016-01-27 19:43:44,651 DEBUG [EBManual_Network_JSSTTL-116711] pressed on the home key
2016-01-27 19:43:44,651 DEBUG [EBManual_Network_JSSTTL-116711] home works
2016-01-27 19:43:45,651 DEBUG [EBManual_Network_JSSTTL-116711] TestStepResult of press_Key: pass
2016-01-27 19:43:45,651 DEBUG [EBManual_Network_JSSTTL-116711] In execute keyword function
2016-01-27 19:43:45,651 DEBUG [EBManual_Network_JSSTTL-116711] Executing launch_App_Device function:
2016-01-27 19:43:45,651 DEBUG [EBManual_Network_JSSTTL-116711] Started Executing Launch_App_Device function
2016-01-27 19:43:45,651 DEBUG [EBManual_Network_JSSTTL-116711] Started executeCommandLine function
2016-01-27 19:43:49,672 DEBUG [EBManual_Network_JSSTTL-116711] Exiting from executeCommandLine function
2016-01-27 19:43:50,672 DEBUG [EBManual_Network_JSSTTL-116711] Successfully launched the App
2016-01-27 19:43:50,672 DEBUG [EBManual_Network_JSSTTL-116711] Exiting Launch_App_Device function
2016-01-27 19:43:50,672 DEBUG [EBManual_Network_JSSTTL-116711] TestStepResult of launch_App_Device: Pass
2016-01-27 19:43:50,672 DEBUG [EBManual_Network_JSSTTL-116711] In execute keyword function
2016-01-27 19:43:50,672 DEBUG [EBManual_Network_JSSTTL-116711] Executing validate_Text_Exists function:
2016-01-27 19:43:50,869 DEBUG [EBManual_Network_JSSTTL-116711] VT293-0029 Testcase Text found
2016-01-27 19:43:50,869 DEBUG [EBManual_Network_JSSTTL-116711] Result of validate_Text_Exists: Pass
2016-01-27 19:43:50,869 DEBUG [EBManual_Network_JSSTTL-116711] allstep_result contains: PasspassPasspasspasspasspassPassPassnull
2016-01-27 19:43:50,869 DEBUG [EBManual_Network_JSSTTL-116711] allexpected_result contains: nullPassnullPassnullPassnullpassnullpassnull
2016-01-27 19:43:50,869 DEBUG [EBManual_Network_JSSTTL-116711] Testcase_Result contains: nullPassnullPassnullPassnullpassnullpassnullPasspassPasspasspasspasspassPassPassnull
2016-01-27 19:43:50,869 DEBUG [EBManual_Network_JSSTTL-116711] Test case with description Objective:
hasNetwork without both cell and wifi Pass
2016-01-27 19:43:51,816 DEBUG [EBManual_Network_JSSTTL-116711] Executing browser_Quit function
2016-01-27 19:43:51,816 DEBUG [EBManual_Network_JSSTTL-116711] Completed browser_Quit function
2016-01-27 19:43:51,816 DEBUG [EBManual_Network_JSSTTL-116711] Completed quitSelendroid function
2016-01-27 19:43:51,816 DEBUG [EBManual_Network_JSSTTL-116711] Row number:12
2016-01-27 19:43:51,848 DEBUG [EBManual_Network_JSSTTL-116711] Ending Test Case IDSTTL-116711
