2016-01-27 19:40:38,279 DEBUG [EBManual_Network_JSSTTL-116707] Executing Test Case ID: STTL-116707
2016-01-27 19:40:38,288 DEBUG [EBManual_Network_JSSTTL-116707] Executing Init_Selendroid function with APK as parameter and clear data value with 1
2016-01-27 19:40:48,140 DEBUG [EBManual_Network_JSSTTL-116707] Exiting Init_Selendroid function
2016-01-27 19:40:48,156 DEBUG [EBManual_Network_JSSTTL-116707] TestCase with Description "Objective:
hasCellNetwork without CellNetowrk" Execution started
2016-01-27 19:40:48,156 DEBUG [EBManual_Network_JSSTTL-116707] In execute keyword function
2016-01-27 19:40:48,156 DEBUG [EBManual_Network_JSSTTL-116707] Executing wait function:
2016-01-27 19:40:48,156 DEBUG [EBManual_Network_JSSTTL-116707] Started Executing wait function
2016-01-27 19:40:51,157 DEBUG [EBManual_Network_JSSTTL-116707] Exiting from wait function
2016-01-27 19:40:51,157 DEBUG [EBManual_Network_JSSTTL-116707] TestStepResult of wait: Pass
2016-01-27 19:40:51,157 DEBUG [EBManual_Network_JSSTTL-116707] In execute keyword function
2016-01-27 19:40:51,157 DEBUG [EBManual_Network_JSSTTL-116707] Executing validate_PageTitle function:
2016-01-27 19:40:51,198 DEBUG [EBManual_Network_JSSTTL-116707] The title of the page is *********************************: Manual specs
2016-01-27 19:40:51,198 DEBUG [EBManual_Network_JSSTTL-116707] The page title found is correct
2016-01-27 19:40:51,198 DEBUG [EBManual_Network_JSSTTL-116707] Result of validate_PageTitle: pass
2016-01-27 19:40:51,198 DEBUG [EBManual_Network_JSSTTL-116707] In execute keyword function
2016-01-27 19:40:51,198 DEBUG [EBManual_Network_JSSTTL-116707] Executing link_Click function:
2016-01-27 19:40:51,931 DEBUG [EBManual_Network_JSSTTL-116707] Executing Click function
2016-01-27 19:40:53,172 DEBUG [EBManual_Network_JSSTTL-116707] Exiting Click function
2016-01-27 19:40:53,172 DEBUG [EBManual_Network_JSSTTL-116707] network_test_link clicked successfully
2016-01-27 19:40:53,172 DEBUG [EBManual_Network_JSSTTL-116707] TestStepResult of link_Click: Pass
2016-01-27 19:40:53,172 DEBUG [EBManual_Network_JSSTTL-116707] In execute keyword function
2016-01-27 19:40:53,172 DEBUG [EBManual_Network_JSSTTL-116707] Executing validate_PageTitle function:
2016-01-27 19:40:53,191 DEBUG [EBManual_Network_JSSTTL-116707] The title of the page is *********************************: Network JS Test
2016-01-27 19:40:53,191 DEBUG [EBManual_Network_JSSTTL-116707] The page title found is correct
2016-01-27 19:40:53,191 DEBUG [EBManual_Network_JSSTTL-116707] Result of validate_PageTitle: pass
2016-01-27 19:40:53,191 DEBUG [EBManual_Network_JSSTTL-116707] In execute keyword function
2016-01-27 19:40:53,191 DEBUG [EBManual_Network_JSSTTL-116707] Executing SelectTestToRun function:
2016-01-27 19:40:56,764 DEBUG [EBManual_Network_JSSTTL-116707] Successfull in selecting clicking the category
2016-01-27 19:40:56,764 DEBUG [EBManual_Network_JSSTTL-116707] TestStepResult of SelectTestToRun: pass
2016-01-27 19:40:56,765 DEBUG [EBManual_Network_JSSTTL-116707] In execute keyword function
2016-01-27 19:40:56,765 DEBUG [EBManual_Network_JSSTTL-116707] Executing ClickRunTest function:
2016-01-27 19:40:57,109 DEBUG [EBManual_Network_JSSTTL-116707] Executing Click function
2016-01-27 19:40:58,051 DEBUG [EBManual_Network_JSSTTL-116707] Exiting Click function
2016-01-27 19:40:58,051 DEBUG [EBManual_Network_JSSTTL-116707] runtest_top_xpath Button clicked Successfully
2016-01-27 19:40:58,051 DEBUG [EBManual_Network_JSSTTL-116707] TestStepResult of ClickRunTest: pass
2016-01-27 19:40:58,051 DEBUG [EBManual_Network_JSSTTL-116707] In execute keyword function
2016-01-27 19:40:58,051 DEBUG [EBManual_Network_JSSTTL-116707] Executing validate_Text_Exists function:
2016-01-27 19:40:58,708 DEBUG [EBManual_Network_JSSTTL-116707] VT293-0024 Testcase Text found
2016-01-27 19:40:58,708 DEBUG [EBManual_Network_JSSTTL-116707] Result of validate_Text_Exists: Pass
2016-01-27 19:40:58,708 DEBUG [EBManual_Network_JSSTTL-116707] In execute keyword function
2016-01-27 19:40:58,708 DEBUG [EBManual_Network_JSSTTL-116707] Executing ClickRunTest function:
2016-01-27 19:40:59,052 DEBUG [EBManual_Network_JSSTTL-116707] Executing Click function
2016-01-27 19:41:00,037 DEBUG [EBManual_Network_JSSTTL-116707] Exiting Click function
2016-01-27 19:41:00,037 DEBUG [EBManual_Network_JSSTTL-116707] runtest_bottom_xpath Button clicked Successfully
2016-01-27 19:41:00,037 DEBUG [EBManual_Network_JSSTTL-116707] TestStepResult of ClickRunTest: pass
2016-01-27 19:41:00,037 DEBUG [EBManual_Network_JSSTTL-116707] In execute keyword function
2016-01-27 19:41:00,037 DEBUG [EBManual_Network_JSSTTL-116707] Executing validate_Result function:
2016-01-27 19:41:00,313 DEBUG [EBManual_Network_JSSTTL-116707] false Text found in Results
hasCellNetwork : : false
2016-01-27 19:41:00,313 DEBUG [EBManual_Network_JSSTTL-116707] Result of validate_Result: Pass
2016-01-27 19:41:00,313 DEBUG [EBManual_Network_JSSTTL-116707] In execute keyword function
2016-01-27 19:41:00,313 DEBUG [EBManual_Network_JSSTTL-116707] TestStepResult of : Function <> not found in the keyword class
2016-01-27 19:41:00,313 DEBUG [EBManual_Network_JSSTTL-116707] allstep_result contains: Function <> not found in the keyword classpasspasspassPassPassnull
2016-01-27 19:41:00,313 DEBUG [EBManual_Network_JSSTTL-116707] allexpected_result contains: nullPassnullPassnullpassnullpassnull
2016-01-27 19:41:00,313 DEBUG [EBManual_Network_JSSTTL-116707] Testcase_Result contains: nullPassnullPassnullpassnullpassnullFunction <> not found in the keyword classpasspasspassPassPassnull
2016-01-27 19:41:00,313 DEBUG [EBManual_Network_JSSTTL-116707] Test case with description Objective:
hasCellNetwork without CellNetowrk Pass
2016-01-27 19:41:01,311 DEBUG [EBManual_Network_JSSTTL-116707] Executing browser_Quit function
2016-01-27 19:41:01,311 DEBUG [EBManual_Network_JSSTTL-116707] Completed browser_Quit function
2016-01-27 19:41:01,311 DEBUG [EBManual_Network_JSSTTL-116707] Completed quitSelendroid function
2016-01-27 19:41:01,312 DEBUG [EBManual_Network_JSSTTL-116707] Row number:8
2016-01-27 19:41:01,377 DEBUG [EBManual_Network_JSSTTL-116707] Ending Test Case IDSTTL-116707
