2016-01-27 19:32:52,366 DEBUG [EBManual_Network_JSSTTL-116702] Executing Test Case ID: STTL-116702
2016-01-27 19:32:52,394 DEBUG [EBManual_Network_JSSTTL-116702] Executing Init_Selendroid function with APK as parameter and clear data value with 1
2016-01-27 19:33:02,590 DEBUG [EBManual_Network_JSSTTL-116702] Exiting Init_Selendroid function
2016-01-27 19:33:02,605 DEBUG [EBManual_Network_JSSTTL-116702] TestCase with Description "Objective:
startStatusNotify without pollinterval" Execution started
2016-01-27 19:33:02,605 DEBUG [EBManual_Network_JSSTTL-116702] In execute keyword function
2016-01-27 19:33:02,605 DEBUG [EBManual_Network_JSSTTL-116702] Executing wait function:
2016-01-27 19:33:02,606 DEBUG [EBManual_Network_JSSTTL-116702] Started Executing wait function
2016-01-27 19:33:05,606 DEBUG [EBManual_Network_JSSTTL-116702] Exiting from wait function
2016-01-27 19:33:05,606 DEBUG [EBManual_Network_JSSTTL-116702] TestStepResult of wait: Pass
2016-01-27 19:33:05,606 DEBUG [EBManual_Network_JSSTTL-116702] In execute keyword function
2016-01-27 19:33:05,606 DEBUG [EBManual_Network_JSSTTL-116702] Executing validate_PageTitle function:
2016-01-27 19:33:05,655 DEBUG [EBManual_Network_JSSTTL-116702] The title of the page is *********************************: Manual specs
2016-01-27 19:33:05,655 DEBUG [EBManual_Network_JSSTTL-116702] The page title found is correct
2016-01-27 19:33:05,655 DEBUG [EBManual_Network_JSSTTL-116702] Result of validate_PageTitle: pass
2016-01-27 19:33:05,655 DEBUG [EBManual_Network_JSSTTL-116702] In execute keyword function
2016-01-27 19:33:05,655 DEBUG [EBManual_Network_JSSTTL-116702] Executing link_Click function:
2016-01-27 19:33:06,305 DEBUG [EBManual_Network_JSSTTL-116702] Executing Click function
2016-01-27 19:33:07,386 DEBUG [EBManual_Network_JSSTTL-116702] Exiting Click function
2016-01-27 19:33:07,386 DEBUG [EBManual_Network_JSSTTL-116702] network_test_link clicked successfully
2016-01-27 19:33:07,386 DEBUG [EBManual_Network_JSSTTL-116702] TestStepResult of link_Click: Pass
2016-01-27 19:33:07,386 DEBUG [EBManual_Network_JSSTTL-116702] In execute keyword function
2016-01-27 19:33:07,386 DEBUG [EBManual_Network_JSSTTL-116702] Executing validate_PageTitle function:
2016-01-27 19:33:07,401 DEBUG [EBManual_Network_JSSTTL-116702] The title of the page is *********************************: Network JS Test
2016-01-27 19:33:07,401 DEBUG [EBManual_Network_JSSTTL-116702] The page title found is correct
2016-01-27 19:33:07,401 DEBUG [EBManual_Network_JSSTTL-116702] Result of validate_PageTitle: pass
2016-01-27 19:33:07,401 DEBUG [EBManual_Network_JSSTTL-116702] In execute keyword function
2016-01-27 19:33:07,401 DEBUG [EBManual_Network_JSSTTL-116702] Executing SelectTestToRun function:
2016-01-27 19:33:10,192 DEBUG [EBManual_Network_JSSTTL-116702] Successfull in selecting clicking the category
2016-01-27 19:33:10,192 DEBUG [EBManual_Network_JSSTTL-116702] TestStepResult of SelectTestToRun: pass
2016-01-27 19:33:10,192 DEBUG [EBManual_Network_JSSTTL-116702] In execute keyword function
2016-01-27 19:33:10,192 DEBUG [EBManual_Network_JSSTTL-116702] Executing ClickRunTest function:
2016-01-27 19:33:10,518 DEBUG [EBManual_Network_JSSTTL-116702] Executing Click function
2016-01-27 19:33:11,468 DEBUG [EBManual_Network_JSSTTL-116702] Exiting Click function
2016-01-27 19:33:11,468 DEBUG [EBManual_Network_JSSTTL-116702] runtest_top_xpath Button clicked Successfully
2016-01-27 19:33:11,468 DEBUG [EBManual_Network_JSSTTL-116702] TestStepResult of ClickRunTest: pass
2016-01-27 19:33:11,468 DEBUG [EBManual_Network_JSSTTL-116702] In execute keyword function
2016-01-27 19:33:11,468 DEBUG [EBManual_Network_JSSTTL-116702] Executing validate_Text_Exists function:
2016-01-27 19:33:12,012 DEBUG [EBManual_Network_JSSTTL-116702] VT293-0002 Testcase Text found
2016-01-27 19:33:12,012 DEBUG [EBManual_Network_JSSTTL-116702] Result of validate_Text_Exists: Pass
2016-01-27 19:33:12,013 DEBUG [EBManual_Network_JSSTTL-116702] In execute keyword function
2016-01-27 19:33:12,013 DEBUG [EBManual_Network_JSSTTL-116702] Executing ClickRunTest function:
2016-01-27 19:33:12,339 DEBUG [EBManual_Network_JSSTTL-116702] Executing Click function
2016-01-27 19:33:13,245 DEBUG [EBManual_Network_JSSTTL-116702] Exiting Click function
2016-01-27 19:33:13,245 DEBUG [EBManual_Network_JSSTTL-116702] runtest_bottom_xpath Button clicked Successfully
2016-01-27 19:33:13,245 DEBUG [EBManual_Network_JSSTTL-116702] TestStepResult of ClickRunTest: pass
2016-01-27 19:33:13,245 DEBUG [EBManual_Network_JSSTTL-116702] In execute keyword function
2016-01-27 19:33:13,245 DEBUG [EBManual_Network_JSSTTL-116702] Executing wifi_Mode function:
2016-01-27 19:33:13,245 DEBUG [EBManual_Network_JSSTTL-116702] Started executeCommandLine function
2016-01-27 19:33:17,265 DEBUG [EBManual_Network_JSSTTL-116702] Turning off WiFi
2016-01-27 19:33:17,265 DEBUG [EBManual_Network_JSSTTL-116702] Started executeCommandLine function
2016-01-27 19:33:22,291 DEBUG [EBManual_Network_JSSTTL-116702] Started executeCommandLine function
2016-01-27 19:33:36,312 DEBUG [EBManual_Network_JSSTTL-116702] TestStepResult of wifi_Mode: pass
2016-01-27 19:33:36,312 DEBUG [EBManual_Network_JSSTTL-116702] In execute keyword function
2016-01-27 19:33:36,312 DEBUG [EBManual_Network_JSSTTL-116702] Executing press_Key function:
2016-01-27 19:33:36,312 DEBUG [EBManual_Network_JSSTTL-116702] Started executeCommandLine function
2016-01-27 19:33:40,332 DEBUG [EBManual_Network_JSSTTL-116702] Exiting from executeCommandLine function
2016-01-27 19:33:40,332 DEBUG [EBManual_Network_JSSTTL-116702] pressed on the home key
2016-01-27 19:33:40,332 DEBUG [EBManual_Network_JSSTTL-116702] home works
2016-01-27 19:33:41,333 DEBUG [EBManual_Network_JSSTTL-116702] TestStepResult of press_Key: pass
2016-01-27 19:33:41,333 DEBUG [EBManual_Network_JSSTTL-116702] In execute keyword function
2016-01-27 19:33:41,333 DEBUG [EBManual_Network_JSSTTL-116702] Executing launch_App_Device function:
2016-01-27 19:33:41,333 DEBUG [EBManual_Network_JSSTTL-116702] Started Executing Launch_App_Device function
2016-01-27 19:33:41,333 DEBUG [EBManual_Network_JSSTTL-116702] Started executeCommandLine function
2016-01-27 19:33:45,354 DEBUG [EBManual_Network_JSSTTL-116702] Exiting from executeCommandLine function
2016-01-27 19:33:46,354 DEBUG [EBManual_Network_JSSTTL-116702] Successfully launched the App
2016-01-27 19:33:46,354 DEBUG [EBManual_Network_JSSTTL-116702] Exiting Launch_App_Device function
2016-01-27 19:33:46,354 DEBUG [EBManual_Network_JSSTTL-116702] TestStepResult of launch_App_Device: Pass
2016-01-27 19:33:46,354 DEBUG [EBManual_Network_JSSTTL-116702] In execute keyword function
2016-01-27 19:33:46,354 DEBUG [EBManual_Network_JSSTTL-116702] Executing validate_Text_Exists function:
2016-01-27 19:33:46,582 DEBUG [EBManual_Network_JSSTTL-116702] VT293-0002 Testcase Text found
2016-01-27 19:33:46,582 DEBUG [EBManual_Network_JSSTTL-116702] Result of validate_Text_Exists: Pass
2016-01-27 19:33:46,582 DEBUG [EBManual_Network_JSSTTL-116702] In execute keyword function
2016-01-27 19:33:46,582 DEBUG [EBManual_Network_JSSTTL-116702] Executing validate_Result function:
2016-01-27 19:33:46,850 DEBUG [EBManual_Network_JSSTTL-116702] disconnected Text found in Results
Network status changed : to disconnected
2016-01-27 19:33:46,850 DEBUG [EBManual_Network_JSSTTL-116702] Result of validate_Result: Pass
2016-01-27 19:33:46,850 DEBUG [EBManual_Network_JSSTTL-116702] In execute keyword function
2016-01-27 19:33:46,850 DEBUG [EBManual_Network_JSSTTL-116702] Executing wifi_Mode function:
2016-01-27 19:33:46,850 DEBUG [EBManual_Network_JSSTTL-116702] Started executeCommandLine function
2016-01-27 19:33:50,872 DEBUG [EBManual_Network_JSSTTL-116702] Turning on WiFi
2016-01-27 19:33:50,872 DEBUG [EBManual_Network_JSSTTL-116702] Started executeCommandLine function
2016-01-27 19:33:55,894 DEBUG [EBManual_Network_JSSTTL-116702] Started executeCommandLine function
2016-01-27 19:34:09,915 DEBUG [EBManual_Network_JSSTTL-116702] TestStepResult of wifi_Mode: pass
2016-01-27 19:34:09,915 DEBUG [EBManual_Network_JSSTTL-116702] In execute keyword function
2016-01-27 19:34:09,915 DEBUG [EBManual_Network_JSSTTL-116702] Executing wait function:
2016-01-27 19:34:09,915 DEBUG [EBManual_Network_JSSTTL-116702] Started Executing wait function
2016-01-27 19:34:14,916 DEBUG [EBManual_Network_JSSTTL-116702] Exiting from wait function
2016-01-27 19:34:14,916 DEBUG [EBManual_Network_JSSTTL-116702] TestStepResult of wait: Pass
2016-01-27 19:34:14,916 DEBUG [EBManual_Network_JSSTTL-116702] In execute keyword function
2016-01-27 19:34:14,916 DEBUG [EBManual_Network_JSSTTL-116702] Executing press_Key function:
2016-01-27 19:34:14,916 DEBUG [EBManual_Network_JSSTTL-116702] Started executeCommandLine function
2016-01-27 19:34:18,936 DEBUG [EBManual_Network_JSSTTL-116702] Exiting from executeCommandLine function
2016-01-27 19:34:18,936 DEBUG [EBManual_Network_JSSTTL-116702] pressed on the home key
2016-01-27 19:34:18,936 DEBUG [EBManual_Network_JSSTTL-116702] home works
2016-01-27 19:34:19,936 DEBUG [EBManual_Network_JSSTTL-116702] TestStepResult of press_Key: pass
2016-01-27 19:34:19,936 DEBUG [EBManual_Network_JSSTTL-116702] In execute keyword function
2016-01-27 19:34:19,936 DEBUG [EBManual_Network_JSSTTL-116702] Executing launch_App_Device function:
2016-01-27 19:34:19,936 DEBUG [EBManual_Network_JSSTTL-116702] Started Executing Launch_App_Device function
2016-01-27 19:34:19,936 DEBUG [EBManual_Network_JSSTTL-116702] Started executeCommandLine function
2016-01-27 19:34:23,957 DEBUG [EBManual_Network_JSSTTL-116702] Exiting from executeCommandLine function
2016-01-27 19:34:24,957 DEBUG [EBManual_Network_JSSTTL-116702] Successfully launched the App
2016-01-27 19:34:24,957 DEBUG [EBManual_Network_JSSTTL-116702] Exiting Launch_App_Device function
2016-01-27 19:34:24,957 DEBUG [EBManual_Network_JSSTTL-116702] TestStepResult of launch_App_Device: Pass
2016-01-27 19:34:24,957 DEBUG [EBManual_Network_JSSTTL-116702] In execute keyword function
2016-01-27 19:34:24,957 DEBUG [EBManual_Network_JSSTTL-116702] Executing validate_Text_Exists function:
2016-01-27 19:34:25,131 DEBUG [EBManual_Network_JSSTTL-116702] VT293-0002 Testcase Text found
2016-01-27 19:34:25,131 DEBUG [EBManual_Network_JSSTTL-116702] Result of validate_Text_Exists: Pass
2016-01-27 19:34:25,131 DEBUG [EBManual_Network_JSSTTL-116702] In execute keyword function
2016-01-27 19:34:25,131 DEBUG [EBManual_Network_JSSTTL-116702] Executing validate_Result function:
2016-01-27 19:34:25,306 DEBUG [EBManual_Network_JSSTTL-116702] connected Text found in Results
Network status changed : to disconnected
Network status changed : to disconnected
Network status changed : to connected
2016-01-27 19:34:25,306 DEBUG [EBManual_Network_JSSTTL-116702] Result of validate_Result: Pass
2016-01-27 19:34:25,306 DEBUG [EBManual_Network_JSSTTL-116702] allstep_result contains: PasspassPasspassPasspasspasspasspasspassPassPassnull
2016-01-27 19:34:25,306 DEBUG [EBManual_Network_JSSTTL-116702] allexpected_result contains: nullPassnullPassnullPassnullPassnullPassnullpassnullpassnull
2016-01-27 19:34:25,306 DEBUG [EBManual_Network_JSSTTL-116702] Testcase_Result contains: nullPassnullPassnullPassnullPassnullPassnullpassnullpassnullPasspassPasspassPasspasspasspasspasspassPassPassnull
2016-01-27 19:34:25,306 DEBUG [EBManual_Network_JSSTTL-116702] Test case with description Objective:
startStatusNotify without pollinterval Pass
2016-01-27 19:34:26,296 DEBUG [EBManual_Network_JSSTTL-116702] Executing browser_Quit function
2016-01-27 19:34:26,296 DEBUG [EBManual_Network_JSSTTL-116702] Completed browser_Quit function
2016-01-27 19:34:26,296 DEBUG [EBManual_Network_JSSTTL-116702] Completed quitSelendroid function
2016-01-27 19:34:26,296 DEBUG [EBManual_Network_JSSTTL-116702] Row number:3
2016-01-27 19:34:26,325 DEBUG [EBManual_Network_JSSTTL-116702] Ending Test Case IDSTTL-116702
