2016-01-27 19:34:26,340 DEBUG [EBManual_Network_JSSTTL-116703] Executing Test Case ID: STTL-116703
2016-01-27 19:34:26,346 DEBUG [EBManual_Network_JSSTTL-116703] Executing Init_Selendroid function with APK as parameter and clear data value with 1
2016-01-27 19:34:34,968 DEBUG [EBManual_Network_JSSTTL-116703] Exiting Init_Selendroid function
2016-01-27 19:34:35,013 DEBUG [EBManual_Network_JSSTTL-116703] TestCase with Description "Objective:
startStatusNotify with Synch" Execution started
2016-01-27 19:34:35,013 DEBUG [EBManual_Network_JSSTTL-116703] In execute keyword function
2016-01-27 19:34:35,013 DEBUG [EBManual_Network_JSSTTL-116703] Executing wait function:
2016-01-27 19:34:35,013 DEBUG [EBManual_Network_JSSTTL-116703] Started Executing wait function
2016-01-27 19:34:38,013 DEBUG [EBManual_Network_JSSTTL-116703] Exiting from wait function
2016-01-27 19:34:38,013 DEBUG [EBManual_Network_JSSTTL-116703] TestStepResult of wait: Pass
2016-01-27 19:34:38,013 DEBUG [EBManual_Network_JSSTTL-116703] In execute keyword function
2016-01-27 19:34:38,013 DEBUG [EBManual_Network_JSSTTL-116703] Executing validate_PageTitle function:
2016-01-27 19:34:38,027 DEBUG [EBManual_Network_JSSTTL-116703] The title of the page is *********************************: Manual specs
2016-01-27 19:34:38,027 DEBUG [EBManual_Network_JSSTTL-116703] The page title found is correct
2016-01-27 19:34:38,027 DEBUG [EBManual_Network_JSSTTL-116703] Result of validate_PageTitle: pass
2016-01-27 19:34:38,028 DEBUG [EBManual_Network_JSSTTL-116703] In execute keyword function
2016-01-27 19:34:38,028 DEBUG [EBManual_Network_JSSTTL-116703] Executing link_Click function:
2016-01-27 19:34:38,667 DEBUG [EBManual_Network_JSSTTL-116703] Executing Click function
2016-01-27 19:34:39,745 DEBUG [EBManual_Network_JSSTTL-116703] Exiting Click function
2016-01-27 19:34:39,746 DEBUG [EBManual_Network_JSSTTL-116703] network_test_link clicked successfully
2016-01-27 19:34:39,746 DEBUG [EBManual_Network_JSSTTL-116703] TestStepResult of link_Click: Pass
2016-01-27 19:34:39,746 DEBUG [EBManual_Network_JSSTTL-116703] In execute keyword function
2016-01-27 19:34:39,746 DEBUG [EBManual_Network_JSSTTL-116703] Executing validate_PageTitle function:
2016-01-27 19:34:39,767 DEBUG [EBManual_Network_JSSTTL-116703] The title of the page is *********************************: Network JS Test
2016-01-27 19:34:39,767 DEBUG [EBManual_Network_JSSTTL-116703] The page title found is correct
2016-01-27 19:34:39,767 DEBUG [EBManual_Network_JSSTTL-116703] Result of validate_PageTitle: pass
2016-01-27 19:34:39,767 DEBUG [EBManual_Network_JSSTTL-116703] In execute keyword function
2016-01-27 19:34:39,767 DEBUG [EBManual_Network_JSSTTL-116703] Executing SelectTestToRun function:
2016-01-27 19:34:42,678 DEBUG [EBManual_Network_JSSTTL-116703] Successfull in selecting clicking the category
2016-01-27 19:34:42,678 DEBUG [EBManual_Network_JSSTTL-116703] TestStepResult of SelectTestToRun: pass
2016-01-27 19:34:42,678 DEBUG [EBManual_Network_JSSTTL-116703] In execute keyword function
2016-01-27 19:34:42,678 DEBUG [EBManual_Network_JSSTTL-116703] Executing ClickRunTest function:
2016-01-27 19:34:43,055 DEBUG [EBManual_Network_JSSTTL-116703] Executing Click function
2016-01-27 19:34:44,000 DEBUG [EBManual_Network_JSSTTL-116703] Exiting Click function
2016-01-27 19:34:44,000 DEBUG [EBManual_Network_JSSTTL-116703] runtest_top_xpath Button clicked Successfully
2016-01-27 19:34:44,000 DEBUG [EBManual_Network_JSSTTL-116703] TestStepResult of ClickRunTest: pass
2016-01-27 19:34:44,000 DEBUG [EBManual_Network_JSSTTL-116703] In execute keyword function
2016-01-27 19:34:44,000 DEBUG [EBManual_Network_JSSTTL-116703] Executing validate_Text_Exists function:
2016-01-27 19:34:44,545 DEBUG [EBManual_Network_JSSTTL-116703] VT293-0003 Testcase Text found
2016-01-27 19:34:44,545 DEBUG [EBManual_Network_JSSTTL-116703] Result of validate_Text_Exists: Pass
2016-01-27 19:34:44,545 DEBUG [EBManual_Network_JSSTTL-116703] In execute keyword function
2016-01-27 19:34:44,545 DEBUG [EBManual_Network_JSSTTL-116703] Executing ClickRunTest function:
2016-01-27 19:34:44,880 DEBUG [EBManual_Network_JSSTTL-116703] Executing Click function
2016-01-27 19:34:45,800 DEBUG [EBManual_Network_JSSTTL-116703] Exiting Click function
2016-01-27 19:34:45,800 DEBUG [EBManual_Network_JSSTTL-116703] runtest_bottom_xpath Button clicked Successfully
2016-01-27 19:34:45,800 DEBUG [EBManual_Network_JSSTTL-116703] TestStepResult of ClickRunTest: pass
2016-01-27 19:34:45,800 DEBUG [EBManual_Network_JSSTTL-116703] In execute keyword function
2016-01-27 19:34:45,800 DEBUG [EBManual_Network_JSSTTL-116703] Executing wifi_Mode function:
2016-01-27 19:34:45,800 DEBUG [EBManual_Network_JSSTTL-116703] Started executeCommandLine function
2016-01-27 19:34:49,821 DEBUG [EBManual_Network_JSSTTL-116703] Turning off WiFi
2016-01-27 19:34:49,821 DEBUG [EBManual_Network_JSSTTL-116703] Started executeCommandLine function
2016-01-27 19:34:54,844 DEBUG [EBManual_Network_JSSTTL-116703] Started executeCommandLine function
2016-01-27 19:35:08,865 DEBUG [EBManual_Network_JSSTTL-116703] TestStepResult of wifi_Mode: pass
2016-01-27 19:35:08,865 DEBUG [EBManual_Network_JSSTTL-116703] In execute keyword function
2016-01-27 19:35:08,865 DEBUG [EBManual_Network_JSSTTL-116703] Executing press_Key function:
2016-01-27 19:35:08,865 DEBUG [EBManual_Network_JSSTTL-116703] Started executeCommandLine function
2016-01-27 19:35:12,887 DEBUG [EBManual_Network_JSSTTL-116703] Exiting from executeCommandLine function
2016-01-27 19:35:12,887 DEBUG [EBManual_Network_JSSTTL-116703] pressed on the home key
2016-01-27 19:35:12,887 DEBUG [EBManual_Network_JSSTTL-116703] home works
2016-01-27 19:35:13,887 DEBUG [EBManual_Network_JSSTTL-116703] TestStepResult of press_Key: pass
2016-01-27 19:35:13,887 DEBUG [EBManual_Network_JSSTTL-116703] In execute keyword function
2016-01-27 19:35:13,887 DEBUG [EBManual_Network_JSSTTL-116703] Executing launch_App_Device function:
2016-01-27 19:35:13,887 DEBUG [EBManual_Network_JSSTTL-116703] Started Executing Launch_App_Device function
2016-01-27 19:35:13,887 DEBUG [EBManual_Network_JSSTTL-116703] Started executeCommandLine function
2016-01-27 19:35:17,908 DEBUG [EBManual_Network_JSSTTL-116703] Exiting from executeCommandLine function
2016-01-27 19:35:18,908 DEBUG [EBManual_Network_JSSTTL-116703] Successfully launched the App
2016-01-27 19:35:18,908 DEBUG [EBManual_Network_JSSTTL-116703] Exiting Launch_App_Device function
2016-01-27 19:35:18,908 DEBUG [EBManual_Network_JSSTTL-116703] TestStepResult of launch_App_Device: Pass
2016-01-27 19:35:18,908 DEBUG [EBManual_Network_JSSTTL-116703] In execute keyword function
2016-01-27 19:35:18,908 DEBUG [EBManual_Network_JSSTTL-116703] Executing validate_Text_Exists function:
2016-01-27 19:35:19,098 DEBUG [EBManual_Network_JSSTTL-116703] VT293-0003 Testcase Text found
2016-01-27 19:35:19,098 DEBUG [EBManual_Network_JSSTTL-116703] Result of validate_Text_Exists: Pass
2016-01-27 19:35:19,098 DEBUG [EBManual_Network_JSSTTL-116703] In execute keyword function
2016-01-27 19:35:19,098 DEBUG [EBManual_Network_JSSTTL-116703] Executing validate_Result_notDisplayed function:
2016-01-27 19:35:19,098 DEBUG [EBManual_Network_JSSTTL-116703] Entered validate_Result_notDisplayed function
2016-01-27 19:35:19,375 DEBUG [EBManual_Network_JSSTTL-116703] disconnected Text not found
2016-01-27 19:35:19,375 DEBUG [EBManual_Network_JSSTTL-116703] Exiting from validate_Result_notDisplayed function
2016-01-27 19:35:19,375 DEBUG [EBManual_Network_JSSTTL-116703] Result of validate_Result_notDisplayed: Pass
2016-01-27 19:35:19,375 DEBUG [EBManual_Network_JSSTTL-116703] In execute keyword function
2016-01-27 19:35:19,375 DEBUG [EBManual_Network_JSSTTL-116703] Executing wifi_Mode function:
2016-01-27 19:35:19,375 DEBUG [EBManual_Network_JSSTTL-116703] Started executeCommandLine function
2016-01-27 19:35:23,397 DEBUG [EBManual_Network_JSSTTL-116703] Turning on WiFi
2016-01-27 19:35:23,397 DEBUG [EBManual_Network_JSSTTL-116703] Started executeCommandLine function
2016-01-27 19:35:28,419 DEBUG [EBManual_Network_JSSTTL-116703] Started executeCommandLine function
2016-01-27 19:35:42,441 DEBUG [EBManual_Network_JSSTTL-116703] TestStepResult of wifi_Mode: pass
2016-01-27 19:35:42,441 DEBUG [EBManual_Network_JSSTTL-116703] In execute keyword function
2016-01-27 19:35:42,441 DEBUG [EBManual_Network_JSSTTL-116703] Executing wait function:
2016-01-27 19:35:42,441 DEBUG [EBManual_Network_JSSTTL-116703] Started Executing wait function
2016-01-27 19:35:44,441 DEBUG [EBManual_Network_JSSTTL-116703] Exiting from wait function
2016-01-27 19:35:44,441 DEBUG [EBManual_Network_JSSTTL-116703] TestStepResult of wait: Pass
2016-01-27 19:35:44,441 DEBUG [EBManual_Network_JSSTTL-116703] In execute keyword function
2016-01-27 19:35:44,441 DEBUG [EBManual_Network_JSSTTL-116703] Executing press_Key function:
2016-01-27 19:35:44,441 DEBUG [EBManual_Network_JSSTTL-116703] Started executeCommandLine function
2016-01-27 19:35:48,449 DEBUG [EBManual_Network_JSSTTL-116703] Exiting from executeCommandLine function
2016-01-27 19:35:48,449 DEBUG [EBManual_Network_JSSTTL-116703] pressed on the home key
2016-01-27 19:35:48,449 DEBUG [EBManual_Network_JSSTTL-116703] home works
2016-01-27 19:35:49,449 DEBUG [EBManual_Network_JSSTTL-116703] TestStepResult of press_Key: pass
2016-01-27 19:35:49,449 DEBUG [EBManual_Network_JSSTTL-116703] In execute keyword function
2016-01-27 19:35:49,449 DEBUG [EBManual_Network_JSSTTL-116703] Executing launch_App_Device function:
2016-01-27 19:35:49,449 DEBUG [EBManual_Network_JSSTTL-116703] Started Executing Launch_App_Device function
2016-01-27 19:35:49,449 DEBUG [EBManual_Network_JSSTTL-116703] Started executeCommandLine function
2016-01-27 19:35:53,488 DEBUG [EBManual_Network_JSSTTL-116703] Exiting from executeCommandLine function
2016-01-27 19:35:54,488 DEBUG [EBManual_Network_JSSTTL-116703] Successfully launched the App
2016-01-27 19:35:54,488 DEBUG [EBManual_Network_JSSTTL-116703] Exiting Launch_App_Device function
2016-01-27 19:35:54,488 DEBUG [EBManual_Network_JSSTTL-116703] TestStepResult of launch_App_Device: Pass
2016-01-27 19:35:54,488 DEBUG [EBManual_Network_JSSTTL-116703] In execute keyword function
2016-01-27 19:35:54,488 DEBUG [EBManual_Network_JSSTTL-116703] Executing validate_Text_Exists function:
2016-01-27 19:35:54,787 DEBUG [EBManual_Network_JSSTTL-116703] VT293-0003 Testcase Text found
2016-01-27 19:35:54,787 DEBUG [EBManual_Network_JSSTTL-116703] Result of validate_Text_Exists: Pass
2016-01-27 19:35:54,787 DEBUG [EBManual_Network_JSSTTL-116703] In execute keyword function
2016-01-27 19:35:54,787 DEBUG [EBManual_Network_JSSTTL-116703] Executing validate_Result function:
2016-01-27 19:35:55,018 DEBUG [EBManual_Network_JSSTTL-116703] Will fail Text found in Results
Notification : Will fail becos no arguments in notify method
2016-01-27 19:35:55,018 DEBUG [EBManual_Network_JSSTTL-116703] Result of validate_Result: Pass
2016-01-27 19:35:55,018 DEBUG [EBManual_Network_JSSTTL-116703] allstep_result contains: PasspassPasspassPasspasspasspasspasspassPassPassnull
2016-01-27 19:35:55,018 DEBUG [EBManual_Network_JSSTTL-116703] allexpected_result contains: nullPassnullPassnullPassnullPassnullPassnullpassnullpassnull
2016-01-27 19:35:55,018 DEBUG [EBManual_Network_JSSTTL-116703] Testcase_Result contains: nullPassnullPassnullPassnullPassnullPassnullpassnullpassnullPasspassPasspassPasspasspasspasspasspassPassPassnull
2016-01-27 19:35:55,018 DEBUG [EBManual_Network_JSSTTL-116703] Test case with description Objective:
startStatusNotify with Synch Pass
2016-01-27 19:35:56,040 DEBUG [EBManual_Network_JSSTTL-116703] Executing browser_Quit function
2016-01-27 19:35:56,040 DEBUG [EBManual_Network_JSSTTL-116703] Completed browser_Quit function
2016-01-27 19:35:56,040 DEBUG [EBManual_Network_JSSTTL-116703] Completed quitSelendroid function
2016-01-27 19:35:56,040 DEBUG [EBManual_Network_JSSTTL-116703] Row number:4
2016-01-27 19:35:56,074 DEBUG [EBManual_Network_JSSTTL-116703] Ending Test Case IDSTTL-116703
