2016-01-27 19:44:58,952 DEBUG [EBManual_Network_JSSTTL-116713] Executing Test Case ID: STTL-116713
2016-01-27 19:44:58,959 DEBUG [EBManual_Network_JSSTTL-116713] Executing Init_Selendroid function with APK as parameter and clear data value with 1
2016-01-27 19:45:09,037 DEBUG [EBManual_Network_JSSTTL-116713] Exiting Init_Selendroid function
2016-01-27 19:45:09,086 DEBUG [EBManual_Network_JSSTTL-116713] TestCase with Description "Objective:
hasWifiNetwork with Cell network" Execution started
2016-01-27 19:45:09,086 DEBUG [EBManual_Network_JSSTTL-116713] In execute keyword function
2016-01-27 19:45:09,086 DEBUG [EBManual_Network_JSSTTL-116713] Executing wait function:
2016-01-27 19:45:09,086 DEBUG [EBManual_Network_JSSTTL-116713] Started Executing wait function
2016-01-27 19:45:12,087 DEBUG [EBManual_Network_JSSTTL-116713] Exiting from wait function
2016-01-27 19:45:12,087 DEBUG [EBManual_Network_JSSTTL-116713] TestStepResult of wait: Pass
2016-01-27 19:45:12,087 DEBUG [EBManual_Network_JSSTTL-116713] In execute keyword function
2016-01-27 19:45:12,087 DEBUG [EBManual_Network_JSSTTL-116713] Executing validate_PageTitle function:
2016-01-27 19:45:12,136 DEBUG [EBManual_Network_JSSTTL-116713] The title of the page is *********************************: Manual specs
2016-01-27 19:45:12,136 DEBUG [EBManual_Network_JSSTTL-116713] The page title found is correct
2016-01-27 19:45:12,136 DEBUG [EBManual_Network_JSSTTL-116713] Result of validate_PageTitle: pass
2016-01-27 19:45:12,136 DEBUG [EBManual_Network_JSSTTL-116713] In execute keyword function
2016-01-27 19:45:12,136 DEBUG [EBManual_Network_JSSTTL-116713] Executing link_Click function:
2016-01-27 19:45:12,754 DEBUG [EBManual_Network_JSSTTL-116713] Executing Click function
2016-01-27 19:45:13,862 DEBUG [EBManual_Network_JSSTTL-116713] Exiting Click function
2016-01-27 19:45:13,862 DEBUG [EBManual_Network_JSSTTL-116713] network_test_link clicked successfully
2016-01-27 19:45:13,862 DEBUG [EBManual_Network_JSSTTL-116713] TestStepResult of link_Click: Pass
2016-01-27 19:45:13,862 DEBUG [EBManual_Network_JSSTTL-116713] In execute keyword function
2016-01-27 19:45:13,862 DEBUG [EBManual_Network_JSSTTL-116713] Executing validate_PageTitle function:
2016-01-27 19:45:13,879 DEBUG [EBManual_Network_JSSTTL-116713] The title of the page is *********************************: Network JS Test
2016-01-27 19:45:13,879 DEBUG [EBManual_Network_JSSTTL-116713] The page title found is correct
2016-01-27 19:45:13,879 DEBUG [EBManual_Network_JSSTTL-116713] Result of validate_PageTitle: pass
2016-01-27 19:45:13,879 DEBUG [EBManual_Network_JSSTTL-116713] In execute keyword function
2016-01-27 19:45:13,879 DEBUG [EBManual_Network_JSSTTL-116713] Executing SelectTestToRun function:
2016-01-27 19:45:18,148 DEBUG [EBManual_Network_JSSTTL-116713] Successfull in selecting clicking the category
2016-01-27 19:45:18,148 DEBUG [EBManual_Network_JSSTTL-116713] TestStepResult of SelectTestToRun: pass
2016-01-27 19:45:18,148 DEBUG [EBManual_Network_JSSTTL-116713] In execute keyword function
2016-01-27 19:45:18,148 DEBUG [EBManual_Network_JSSTTL-116713] Executing ClickRunTest function:
2016-01-27 19:45:18,501 DEBUG [EBManual_Network_JSSTTL-116713] Executing Click function
2016-01-27 19:45:19,455 DEBUG [EBManual_Network_JSSTTL-116713] Exiting Click function
2016-01-27 19:45:19,456 DEBUG [EBManual_Network_JSSTTL-116713] runtest_top_xpath Button clicked Successfully
2016-01-27 19:45:19,456 DEBUG [EBManual_Network_JSSTTL-116713] TestStepResult of ClickRunTest: pass
2016-01-27 19:45:19,456 DEBUG [EBManual_Network_JSSTTL-116713] In execute keyword function
2016-01-27 19:45:19,456 DEBUG [EBManual_Network_JSSTTL-116713] Executing validate_Text_Exists function:
2016-01-27 19:45:20,154 DEBUG [EBManual_Network_JSSTTL-116713] VT293-0031 Testcase Text found
2016-01-27 19:45:20,154 DEBUG [EBManual_Network_JSSTTL-116713] Result of validate_Text_Exists: Pass
2016-01-27 19:45:20,154 DEBUG [EBManual_Network_JSSTTL-116713] In execute keyword function
2016-01-27 19:45:20,154 DEBUG [EBManual_Network_JSSTTL-116713] Executing ClickRunTest function:
2016-01-27 19:45:20,493 DEBUG [EBManual_Network_JSSTTL-116713] Executing Click function
2016-01-27 19:45:21,440 DEBUG [EBManual_Network_JSSTTL-116713] Exiting Click function
2016-01-27 19:45:21,440 DEBUG [EBManual_Network_JSSTTL-116713] runtest_bottom_xpath Button clicked Successfully
2016-01-27 19:45:21,440 DEBUG [EBManual_Network_JSSTTL-116713] TestStepResult of ClickRunTest: pass
2016-01-27 19:45:21,440 DEBUG [EBManual_Network_JSSTTL-116713] In execute keyword function
2016-01-27 19:45:21,440 DEBUG [EBManual_Network_JSSTTL-116713] Executing validate_Result function:
2016-01-27 19:45:21,748 DEBUG [EBManual_Network_JSSTTL-116713] false Text found in Results
hasWifiNetwork : : false
2016-01-27 19:45:21,748 DEBUG [EBManual_Network_JSSTTL-116713] Result of validate_Result: Pass
2016-01-27 19:45:21,748 DEBUG [EBManual_Network_JSSTTL-116713] In execute keyword function
2016-01-27 19:45:21,748 DEBUG [EBManual_Network_JSSTTL-116713] Executing wifi_Mode function:
2016-01-27 19:45:21,748 DEBUG [EBManual_Network_JSSTTL-116713] Started executeCommandLine function
2016-01-27 19:45:25,768 DEBUG [EBManual_Network_JSSTTL-116713] Turning on WiFi
2016-01-27 19:45:25,768 DEBUG [EBManual_Network_JSSTTL-116713] Started executeCommandLine function
2016-01-27 19:45:30,793 DEBUG [EBManual_Network_JSSTTL-116713] Started executeCommandLine function
2016-01-27 19:45:44,814 DEBUG [EBManual_Network_JSSTTL-116713] TestStepResult of wifi_Mode: pass
2016-01-27 19:45:44,814 DEBUG [EBManual_Network_JSSTTL-116713] In execute keyword function
2016-01-27 19:45:44,814 DEBUG [EBManual_Network_JSSTTL-116713] Executing wait function:
2016-01-27 19:45:44,814 DEBUG [EBManual_Network_JSSTTL-116713] Started Executing wait function
2016-01-27 19:45:49,814 DEBUG [EBManual_Network_JSSTTL-116713] Exiting from wait function
2016-01-27 19:45:49,814 DEBUG [EBManual_Network_JSSTTL-116713] TestStepResult of wait: Pass
2016-01-27 19:45:49,814 DEBUG [EBManual_Network_JSSTTL-116713] In execute keyword function
2016-01-27 19:45:49,814 DEBUG [EBManual_Network_JSSTTL-116713] Executing press_Key function:
2016-01-27 19:45:49,814 DEBUG [EBManual_Network_JSSTTL-116713] Started executeCommandLine function
2016-01-27 19:45:53,835 DEBUG [EBManual_Network_JSSTTL-116713] Exiting from executeCommandLine function
2016-01-27 19:45:53,835 DEBUG [EBManual_Network_JSSTTL-116713] pressed on the home key
2016-01-27 19:45:53,835 DEBUG [EBManual_Network_JSSTTL-116713] home works
2016-01-27 19:45:54,835 DEBUG [EBManual_Network_JSSTTL-116713] TestStepResult of press_Key: pass
2016-01-27 19:45:54,835 DEBUG [EBManual_Network_JSSTTL-116713] In execute keyword function
2016-01-27 19:45:54,835 DEBUG [EBManual_Network_JSSTTL-116713] Executing launch_App_Device function:
2016-01-27 19:45:54,835 DEBUG [EBManual_Network_JSSTTL-116713] Started Executing Launch_App_Device function
2016-01-27 19:45:54,835 DEBUG [EBManual_Network_JSSTTL-116713] Started executeCommandLine function
2016-01-27 19:45:58,853 DEBUG [EBManual_Network_JSSTTL-116713] Exiting from executeCommandLine function
2016-01-27 19:45:59,853 DEBUG [EBManual_Network_JSSTTL-116713] Successfully launched the App
2016-01-27 19:45:59,853 DEBUG [EBManual_Network_JSSTTL-116713] Exiting Launch_App_Device function
2016-01-27 19:45:59,853 DEBUG [EBManual_Network_JSSTTL-116713] TestStepResult of launch_App_Device: Pass
2016-01-27 19:45:59,853 DEBUG [EBManual_Network_JSSTTL-116713] In execute keyword function
2016-01-27 19:45:59,853 DEBUG [EBManual_Network_JSSTTL-116713] Executing wait function:
2016-01-27 19:45:59,853 DEBUG [EBManual_Network_JSSTTL-116713] Started Executing wait function
2016-01-27 19:46:04,854 DEBUG [EBManual_Network_JSSTTL-116713] Exiting from wait function
2016-01-27 19:46:04,854 DEBUG [EBManual_Network_JSSTTL-116713] TestStepResult of wait: Pass
2016-01-27 19:46:04,854 DEBUG [EBManual_Network_JSSTTL-116713] In execute keyword function
2016-01-27 19:46:04,854 DEBUG [EBManual_Network_JSSTTL-116713] Executing validate_Text_Exists function:
2016-01-27 19:46:05,067 DEBUG [EBManual_Network_JSSTTL-116713] VT293-0031 Testcase Text found
2016-01-27 19:46:05,067 DEBUG [EBManual_Network_JSSTTL-116713] Result of validate_Text_Exists: Pass
2016-01-27 19:46:05,067 DEBUG [EBManual_Network_JSSTTL-116713] allstep_result contains: PassPasspassPasspasspasspasspassPassPassnull
2016-01-27 19:46:05,068 DEBUG [EBManual_Network_JSSTTL-116713] allexpected_result contains: nullPassnullPassnullPassnullpassnullpassnull
2016-01-27 19:46:05,068 DEBUG [EBManual_Network_JSSTTL-116713] Testcase_Result contains: nullPassnullPassnullPassnullpassnullpassnullPassPasspassPasspasspasspasspassPassPassnull
2016-01-27 19:46:05,068 DEBUG [EBManual_Network_JSSTTL-116713] Test case with description Objective:
hasWifiNetwork with Cell network Pass
2016-01-27 19:46:06,038 DEBUG [EBManual_Network_JSSTTL-116713] Executing browser_Quit function
2016-01-27 19:46:06,038 DEBUG [EBManual_Network_JSSTTL-116713] Completed browser_Quit function
2016-01-27 19:46:06,038 DEBUG [EBManual_Network_JSSTTL-116713] Completed quitSelendroid function
2016-01-27 19:46:06,068 DEBUG [EBManual_Network_JSSTTL-116713] Row number:14
2016-01-27 19:46:06,108 DEBUG [EBManual_Network_JSSTTL-116713] Ending Test Case IDSTTL-116713
