2016-01-27 22:28:45,800 DEBUG [EBManual_Toolbar_JSSTTL-116704] Executing Test Case ID: STTL-116704
2016-01-27 22:28:45,806 DEBUG [EBManual_Toolbar_JSSTTL-116704] Executing Init_Selendroid function with APK as parameter and clear data value with 1
2016-01-27 22:28:56,269 DEBUG [EBManual_Toolbar_JSSTTL-116704] Exiting Init_Selendroid function
2016-01-27 22:28:56,283 DEBUG [EBManual_Toolbar_JSSTTL-116704] TestCase with Description "Create a toolbar for Testing with coloured icon for one of the buttons" Execution started
2016-01-27 22:28:56,283 DEBUG [EBManual_Toolbar_JSSTTL-116704] In execute keyword function
2016-01-27 22:28:56,283 DEBUG [EBManual_Toolbar_JSSTTL-116704] Executing wait function:
2016-01-27 22:28:56,283 DEBUG [EBManual_Toolbar_JSSTTL-116704] Started Executing wait function
2016-01-27 22:29:01,283 DEBUG [EBManual_Toolbar_JSSTTL-116704] Exiting from wait function
2016-01-27 22:29:01,283 DEBUG [EBManual_Toolbar_JSSTTL-116704] TestStepResult of wait: Pass
2016-01-27 22:29:01,283 DEBUG [EBManual_Toolbar_JSSTTL-116704] In execute keyword function
2016-01-27 22:29:01,283 DEBUG [EBManual_Toolbar_JSSTTL-116704] Executing validate_PageTitle function:
2016-01-27 22:29:01,329 DEBUG [EBManual_Toolbar_JSSTTL-116704] The title of the page is *********************************: Manual specs
2016-01-27 22:29:01,329 DEBUG [EBManual_Toolbar_JSSTTL-116704] The page title found is correct
2016-01-27 22:29:01,329 DEBUG [EBManual_Toolbar_JSSTTL-116704] Result of validate_PageTitle: pass
2016-01-27 22:29:01,329 DEBUG [EBManual_Toolbar_JSSTTL-116704] In execute keyword function
2016-01-27 22:29:01,329 DEBUG [EBManual_Toolbar_JSSTTL-116704] Executing link_Click function:
2016-01-27 22:29:01,988 DEBUG [EBManual_Toolbar_JSSTTL-116704] Executing Click function
2016-01-27 22:29:03,067 DEBUG [EBManual_Toolbar_JSSTTL-116704] Exiting Click function
2016-01-27 22:29:03,067 DEBUG [EBManual_Toolbar_JSSTTL-116704] toolbar_test_link clicked successfully
2016-01-27 22:29:03,067 DEBUG [EBManual_Toolbar_JSSTTL-116704] TestStepResult of link_Click: Pass
2016-01-27 22:29:03,067 DEBUG [EBManual_Toolbar_JSSTTL-116704] In execute keyword function
2016-01-27 22:29:03,067 DEBUG [EBManual_Toolbar_JSSTTL-116704] Executing validate_PageTitle function:
2016-01-27 22:29:03,084 DEBUG [EBManual_Toolbar_JSSTTL-116704] The title of the page is *********************************: Native Toolbar JS Test
2016-01-27 22:29:03,084 DEBUG [EBManual_Toolbar_JSSTTL-116704] The page title found is correct
2016-01-27 22:29:03,084 DEBUG [EBManual_Toolbar_JSSTTL-116704] Result of validate_PageTitle: pass
2016-01-27 22:29:03,084 DEBUG [EBManual_Toolbar_JSSTTL-116704] In execute keyword function
2016-01-27 22:29:03,084 DEBUG [EBManual_Toolbar_JSSTTL-116704] Executing SelectTestToRun function:
2016-01-27 22:29:05,858 DEBUG [EBManual_Toolbar_JSSTTL-116704] Successfull in selecting clicking the category
2016-01-27 22:29:05,858 DEBUG [EBManual_Toolbar_JSSTTL-116704] TestStepResult of SelectTestToRun: pass
2016-01-27 22:29:05,858 DEBUG [EBManual_Toolbar_JSSTTL-116704] In execute keyword function
2016-01-27 22:29:05,858 DEBUG [EBManual_Toolbar_JSSTTL-116704] Executing ClickRunTest function:
2016-01-27 22:29:06,232 DEBUG [EBManual_Toolbar_JSSTTL-116704] Executing Click function
2016-01-27 22:29:07,145 DEBUG [EBManual_Toolbar_JSSTTL-116704] Exiting Click function
2016-01-27 22:29:07,145 DEBUG [EBManual_Toolbar_JSSTTL-116704] runtest_top_xpath Button clicked Successfully
2016-01-27 22:29:07,145 DEBUG [EBManual_Toolbar_JSSTTL-116704] TestStepResult of ClickRunTest: pass
2016-01-27 22:29:07,145 DEBUG [EBManual_Toolbar_JSSTTL-116704] In execute keyword function
2016-01-27 22:29:07,146 DEBUG [EBManual_Toolbar_JSSTTL-116704] Executing validate_Text_Exists function:
2016-01-27 22:29:07,767 DEBUG [EBManual_Toolbar_JSSTTL-116704] VT283-0103 Testcase Text found
2016-01-27 22:29:07,767 DEBUG [EBManual_Toolbar_JSSTTL-116704] Result of validate_Text_Exists: Pass
2016-01-27 22:29:07,767 DEBUG [EBManual_Toolbar_JSSTTL-116704] In execute keyword function
2016-01-27 22:29:07,767 DEBUG [EBManual_Toolbar_JSSTTL-116704] Executing ClickRunTest function:
2016-01-27 22:29:08,091 DEBUG [EBManual_Toolbar_JSSTTL-116704] Executing Click function
2016-01-27 22:29:09,043 DEBUG [EBManual_Toolbar_JSSTTL-116704] Exiting Click function
2016-01-27 22:29:09,043 DEBUG [EBManual_Toolbar_JSSTTL-116704] runtest_bottom_xpath Button clicked Successfully
2016-01-27 22:29:09,043 DEBUG [EBManual_Toolbar_JSSTTL-116704] TestStepResult of ClickRunTest: pass
2016-01-27 22:29:09,043 DEBUG [EBManual_Toolbar_JSSTTL-116704] In execute keyword function
2016-01-27 22:29:09,043 DEBUG [EBManual_Toolbar_JSSTTL-116704] Executing wait function:
2016-01-27 22:29:09,043 DEBUG [EBManual_Toolbar_JSSTTL-116704] Started Executing wait function
2016-01-27 22:29:14,044 DEBUG [EBManual_Toolbar_JSSTTL-116704] Exiting from wait function
2016-01-27 22:29:14,044 DEBUG [EBManual_Toolbar_JSSTTL-116704] TestStepResult of wait: Pass
2016-01-27 22:29:14,044 DEBUG [EBManual_Toolbar_JSSTTL-116704] In execute keyword function
2016-01-27 22:29:14,044 DEBUG [EBManual_Toolbar_JSSTTL-116704] Executing TakeScreenshot function:
2016-01-27 22:29:14,980 DEBUG [EBManual_Toolbar_JSSTTL-116704] Started Executing Validate_App_launched_Device function
2016-01-27 22:29:14,980 DEBUG [EBManual_Toolbar_JSSTTL-116704] Entered CheckUIButtonExists function
2016-01-27 22:29:14,980 DEBUG [EBManual_Toolbar_JSSTTL-116704] Started executeCommandLine function
2016-01-27 22:29:19,001 DEBUG [EBManual_Toolbar_JSSTTL-116704] Exiting from executeCommandLine function
2016-01-27 22:29:19,001 DEBUG [EBManual_Toolbar_JSSTTL-116704] Button is not Present
2016-01-27 22:29:19,001 DEBUG [EBManual_Toolbar_JSSTTL-116704] Exiting from CheckUIButtonExists function
2016-01-27 22:29:19,001 DEBUG [EBManual_Toolbar_JSSTTL-116704] Started executeCommandLine function
2016-01-27 22:29:23,023 DEBUG [EBManual_Toolbar_JSSTTL-116704] Given App is in Foreground
2016-01-27 22:29:23,023 DEBUG [EBManual_Toolbar_JSSTTL-116704] Exiting Validate_App_launched_Device function
2016-01-27 22:29:23,980 DEBUG [EBManual_Toolbar_JSSTTL-116704] TestStepResult of TakeScreenshot: pass
2016-01-27 22:29:23,980 DEBUG [EBManual_Toolbar_JSSTTL-116704] In execute keyword function
2016-01-27 22:29:23,980 DEBUG [EBManual_Toolbar_JSSTTL-116704] Executing validate_Screenshot function:
2016-01-27 22:29:24,000 DEBUG [EBManual_Toolbar_JSSTTL-116704] Match found with reference image
2016-01-27 22:29:24,000 DEBUG [EBManual_Toolbar_JSSTTL-116704] Result of validate_Screenshot: Pass
2016-01-27 22:29:24,000 DEBUG [EBManual_Toolbar_JSSTTL-116704] In execute keyword function
2016-01-27 22:29:24,001 DEBUG [EBManual_Toolbar_JSSTTL-116704] Executing SwitchApp function:
2016-01-27 22:29:24,014 DEBUG [EBManual_Toolbar_JSSTTL-116704] Successfully switched to NATIVE_APP
2016-01-27 22:29:24,014 DEBUG [EBManual_Toolbar_JSSTTL-116704] TestStepResult of SwitchApp: Pass
2016-01-27 22:29:24,014 DEBUG [EBManual_Toolbar_JSSTTL-116704] In execute keyword function
2016-01-27 22:29:24,014 DEBUG [EBManual_Toolbar_JSSTTL-116704] Executing ClickNativeIcon function:
2016-01-27 22:29:24,862 DEBUG [EBManual_Toolbar_JSSTTL-116704] [[AppiumTouchActionExtension: selendroid on ANDROID (58e54608-d73f-75bb-4f57-4089d98ff1b0)] -> xpath: //LinearLayout[2]/ImageButton[2]]Clicked successfully
2016-01-27 22:29:24,862 DEBUG [EBManual_Toolbar_JSSTTL-116704] TestStepResult of ClickNativeIcon: pass
2016-01-27 22:29:24,862 DEBUG [EBManual_Toolbar_JSSTTL-116704] In execute keyword function
2016-01-27 22:29:24,862 DEBUG [EBManual_Toolbar_JSSTTL-116704] Executing validate_AppMinimized function:
2016-01-27 22:29:24,862 DEBUG [EBManual_Toolbar_JSSTTL-116704] Started Executing validate_AppMinimized function
2016-01-27 22:29:24,862 DEBUG [EBManual_Toolbar_JSSTTL-116704] Started Executing Validate_App_launched_Device function
2016-01-27 22:29:24,862 DEBUG [EBManual_Toolbar_JSSTTL-116704] Entered CheckUIButtonExists function
2016-01-27 22:29:24,862 DEBUG [EBManual_Toolbar_JSSTTL-116704] Started executeCommandLine function
2016-01-27 22:29:28,882 DEBUG [EBManual_Toolbar_JSSTTL-116704] Exiting from executeCommandLine function
2016-01-27 22:29:28,882 DEBUG [EBManual_Toolbar_JSSTTL-116704] Button is not Present
2016-01-27 22:29:28,882 DEBUG [EBManual_Toolbar_JSSTTL-116704] Exiting from CheckUIButtonExists function
2016-01-27 22:29:28,882 DEBUG [EBManual_Toolbar_JSSTTL-116704] Started executeCommandLine function
2016-01-27 22:29:32,903 DEBUG [EBManual_Toolbar_JSSTTL-116704] Exiting from executeCommandLine function
2016-01-27 22:29:32,903 DEBUG [EBManual_Toolbar_JSSTTL-116704] Started executeCommandLine function
2016-01-27 22:29:36,923 DEBUG [EBManual_Toolbar_JSSTTL-116704] Exiting from executeCommandLine function
2016-01-27 22:29:36,923 DEBUG [EBManual_Toolbar_JSSTTL-116704] Given App is not in Foreground
2016-01-27 22:29:36,923 DEBUG [EBManual_Toolbar_JSSTTL-116704] Exiting Validate_App_launched_Device function
2016-01-27 22:29:36,923 DEBUG [EBManual_Toolbar_JSSTTL-116704] Not in com.symbol.enterprisebrowser screen
2016-01-27 22:29:36,923 DEBUG [EBManual_Toolbar_JSSTTL-116704] Exiting validate_AppMinimized function
2016-01-27 22:29:36,923 DEBUG [EBManual_Toolbar_JSSTTL-116704] Result of validate_AppMinimized: Pass
2016-01-27 22:29:36,923 DEBUG [EBManual_Toolbar_JSSTTL-116704] allstep_result contains: passPasspassPasspasspasspassPassPassnull
2016-01-27 22:29:36,923 DEBUG [EBManual_Toolbar_JSSTTL-116704] allexpected_result contains: nullPassnullPassnullPassnullpassnullpassnull
2016-01-27 22:29:36,923 DEBUG [EBManual_Toolbar_JSSTTL-116704] Testcase_Result contains: nullPassnullPassnullPassnullpassnullpassnullpassPasspassPasspasspasspassPassPassnull
2016-01-27 22:29:36,923 DEBUG [EBManual_Toolbar_JSSTTL-116704] Test case with description Create a toolbar for Testing with coloured icon for one of the buttons Pass
2016-01-27 22:29:36,934 DEBUG [EBManual_Toolbar_JSSTTL-116704] Completed quitSelendroid function
2016-01-27 22:29:36,934 DEBUG [EBManual_Toolbar_JSSTTL-116704] Row number:5
2016-01-27 22:29:36,973 DEBUG [EBManual_Toolbar_JSSTTL-116704] Ending Test Case IDSTTL-116704
