2016-01-27 22:33:08,621 DEBUG [EBManual_Toolbar_JSSTTL-116710] Executing Test Case ID: STTL-116710
2016-01-27 22:33:08,627 DEBUG [EBManual_Toolbar_JSSTTL-116710] Executing Init_Selendroid function with APK as parameter and clear data value with 1
2016-01-27 22:33:19,271 DEBUG [EBManual_Toolbar_JSSTTL-116710] Exiting Init_Selendroid function
2016-01-27 22:33:19,286 DEBUG [EBManual_Toolbar_JSSTTL-116710] TestCase with Description "Create toolabar to with action to call a javascript method" Execution started
2016-01-27 22:33:19,286 DEBUG [EBManual_Toolbar_JSSTTL-116710] In execute keyword function
2016-01-27 22:33:19,286 DEBUG [EBManual_Toolbar_JSSTTL-116710] Executing wait function:
2016-01-27 22:33:19,286 DEBUG [EBManual_Toolbar_JSSTTL-116710] Started Executing wait function
2016-01-27 22:33:22,287 DEBUG [EBManual_Toolbar_JSSTTL-116710] Exiting from wait function
2016-01-27 22:33:22,287 DEBUG [EBManual_Toolbar_JSSTTL-116710] TestStepResult of wait: Pass
2016-01-27 22:33:22,287 DEBUG [EBManual_Toolbar_JSSTTL-116710] In execute keyword function
2016-01-27 22:33:22,287 DEBUG [EBManual_Toolbar_JSSTTL-116710] Executing validate_PageTitle function:
2016-01-27 22:33:22,335 DEBUG [EBManual_Toolbar_JSSTTL-116710] The title of the page is *********************************: Manual specs
2016-01-27 22:33:22,335 DEBUG [EBManual_Toolbar_JSSTTL-116710] The page title found is correct
2016-01-27 22:33:22,335 DEBUG [EBManual_Toolbar_JSSTTL-116710] Result of validate_PageTitle: pass
2016-01-27 22:33:22,336 DEBUG [EBManual_Toolbar_JSSTTL-116710] In execute keyword function
2016-01-27 22:33:22,336 DEBUG [EBManual_Toolbar_JSSTTL-116710] Executing link_Click function:
2016-01-27 22:33:23,005 DEBUG [EBManual_Toolbar_JSSTTL-116710] Executing Click function
2016-01-27 22:33:24,123 DEBUG [EBManual_Toolbar_JSSTTL-116710] Exiting Click function
2016-01-27 22:33:24,123 DEBUG [EBManual_Toolbar_JSSTTL-116710] toolbar_test_link clicked successfully
2016-01-27 22:33:24,123 DEBUG [EBManual_Toolbar_JSSTTL-116710] TestStepResult of link_Click: Pass
2016-01-27 22:33:24,123 DEBUG [EBManual_Toolbar_JSSTTL-116710] In execute keyword function
2016-01-27 22:33:24,123 DEBUG [EBManual_Toolbar_JSSTTL-116710] Executing validate_PageTitle function:
2016-01-27 22:33:24,145 DEBUG [EBManual_Toolbar_JSSTTL-116710] The title of the page is *********************************: Native Toolbar JS Test
2016-01-27 22:33:24,145 DEBUG [EBManual_Toolbar_JSSTTL-116710] The page title found is correct
2016-01-27 22:33:24,145 DEBUG [EBManual_Toolbar_JSSTTL-116710] Result of validate_PageTitle: pass
2016-01-27 22:33:24,145 DEBUG [EBManual_Toolbar_JSSTTL-116710] In execute keyword function
2016-01-27 22:33:24,145 DEBUG [EBManual_Toolbar_JSSTTL-116710] Executing SelectTestToRun function:
2016-01-27 22:33:28,336 DEBUG [EBManual_Toolbar_JSSTTL-116710] Successfull in selecting clicking the category
2016-01-27 22:33:28,336 DEBUG [EBManual_Toolbar_JSSTTL-116710] TestStepResult of SelectTestToRun: pass
2016-01-27 22:33:28,336 DEBUG [EBManual_Toolbar_JSSTTL-116710] In execute keyword function
2016-01-27 22:33:28,337 DEBUG [EBManual_Toolbar_JSSTTL-116710] Executing ClickRunTest function:
2016-01-27 22:33:28,690 DEBUG [EBManual_Toolbar_JSSTTL-116710] Executing Click function
2016-01-27 22:33:29,663 DEBUG [EBManual_Toolbar_JSSTTL-116710] Exiting Click function
2016-01-27 22:33:29,663 DEBUG [EBManual_Toolbar_JSSTTL-116710] runtest_top_xpath Button clicked Successfully
2016-01-27 22:33:29,663 DEBUG [EBManual_Toolbar_JSSTTL-116710] TestStepResult of ClickRunTest: pass
2016-01-27 22:33:29,663 DEBUG [EBManual_Toolbar_JSSTTL-116710] In execute keyword function
2016-01-27 22:33:29,663 DEBUG [EBManual_Toolbar_JSSTTL-116710] Executing validate_Text_Exists function:
2016-01-27 22:33:30,292 DEBUG [EBManual_Toolbar_JSSTTL-116710] VT283-0115 Testcase Text found
2016-01-27 22:33:30,292 DEBUG [EBManual_Toolbar_JSSTTL-116710] Result of validate_Text_Exists: Pass
2016-01-27 22:33:30,292 DEBUG [EBManual_Toolbar_JSSTTL-116710] In execute keyword function
2016-01-27 22:33:30,292 DEBUG [EBManual_Toolbar_JSSTTL-116710] Executing ClickRunTest function:
2016-01-27 22:33:30,621 DEBUG [EBManual_Toolbar_JSSTTL-116710] Executing Click function
2016-01-27 22:33:31,710 DEBUG [EBManual_Toolbar_JSSTTL-116710] Exiting Click function
2016-01-27 22:33:31,710 DEBUG [EBManual_Toolbar_JSSTTL-116710] runtest_bottom_xpath Button clicked Successfully
2016-01-27 22:33:31,710 DEBUG [EBManual_Toolbar_JSSTTL-116710] TestStepResult of ClickRunTest: pass
2016-01-27 22:33:31,710 DEBUG [EBManual_Toolbar_JSSTTL-116710] In execute keyword function
2016-01-27 22:33:31,710 DEBUG [EBManual_Toolbar_JSSTTL-116710] Executing wait function:
2016-01-27 22:33:31,710 DEBUG [EBManual_Toolbar_JSSTTL-116710] Started Executing wait function
2016-01-27 22:33:36,710 DEBUG [EBManual_Toolbar_JSSTTL-116710] Exiting from wait function
2016-01-27 22:33:36,710 DEBUG [EBManual_Toolbar_JSSTTL-116710] TestStepResult of wait: Pass
2016-01-27 22:33:36,710 DEBUG [EBManual_Toolbar_JSSTTL-116710] In execute keyword function
2016-01-27 22:33:36,710 DEBUG [EBManual_Toolbar_JSSTTL-116710] Executing TakeScreenshot function:
2016-01-27 22:33:37,737 DEBUG [EBManual_Toolbar_JSSTTL-116710] Started Executing Validate_App_launched_Device function
2016-01-27 22:33:37,737 DEBUG [EBManual_Toolbar_JSSTTL-116710] Entered CheckUIButtonExists function
2016-01-27 22:33:37,737 DEBUG [EBManual_Toolbar_JSSTTL-116710] Started executeCommandLine function
2016-01-27 22:33:41,756 DEBUG [EBManual_Toolbar_JSSTTL-116710] Exiting from executeCommandLine function
2016-01-27 22:33:41,756 DEBUG [EBManual_Toolbar_JSSTTL-116710] Button is not Present
2016-01-27 22:33:41,756 DEBUG [EBManual_Toolbar_JSSTTL-116710] Exiting from CheckUIButtonExists function
2016-01-27 22:33:41,756 DEBUG [EBManual_Toolbar_JSSTTL-116710] Started executeCommandLine function
2016-01-27 22:33:45,766 DEBUG [EBManual_Toolbar_JSSTTL-116710] Given App is in Foreground
2016-01-27 22:33:45,766 DEBUG [EBManual_Toolbar_JSSTTL-116710] Exiting Validate_App_launched_Device function
2016-01-27 22:33:46,798 DEBUG [EBManual_Toolbar_JSSTTL-116710] TestStepResult of TakeScreenshot: pass
2016-01-27 22:33:46,798 DEBUG [EBManual_Toolbar_JSSTTL-116710] In execute keyword function
2016-01-27 22:33:46,798 DEBUG [EBManual_Toolbar_JSSTTL-116710] Executing validate_Screenshot function:
2016-01-27 22:33:46,848 DEBUG [EBManual_Toolbar_JSSTTL-116710] Match found with reference image
2016-01-27 22:33:46,848 DEBUG [EBManual_Toolbar_JSSTTL-116710] Result of validate_Screenshot: Pass
2016-01-27 22:33:46,848 DEBUG [EBManual_Toolbar_JSSTTL-116710] In execute keyword function
2016-01-27 22:33:46,848 DEBUG [EBManual_Toolbar_JSSTTL-116710] Executing SwitchApp function:
2016-01-27 22:33:46,861 DEBUG [EBManual_Toolbar_JSSTTL-116710] Successfully switched to NATIVE_APP
2016-01-27 22:33:46,861 DEBUG [EBManual_Toolbar_JSSTTL-116710] TestStepResult of SwitchApp: Pass
2016-01-27 22:33:46,861 DEBUG [EBManual_Toolbar_JSSTTL-116710] In execute keyword function
2016-01-27 22:33:46,861 DEBUG [EBManual_Toolbar_JSSTTL-116710] Executing ClickNativeIcon function:
2016-01-27 22:33:47,750 DEBUG [EBManual_Toolbar_JSSTTL-116710] [[AppiumTouchActionExtension: selendroid on ANDROID (8ad0882e-3926-8c59-c873-274ef7dafbf9)] -> xpath: //LinearLayout[2]/ImageButton[2]]Clicked successfully
2016-01-27 22:33:47,750 DEBUG [EBManual_Toolbar_JSSTTL-116710] TestStepResult of ClickNativeIcon: pass
2016-01-27 22:33:47,750 DEBUG [EBManual_Toolbar_JSSTTL-116710] In execute keyword function
2016-01-27 22:33:47,750 DEBUG [EBManual_Toolbar_JSSTTL-116710] Executing validate_AppMinimized function:
2016-01-27 22:33:47,751 DEBUG [EBManual_Toolbar_JSSTTL-116710] Started Executing validate_AppMinimized function
2016-01-27 22:33:47,751 DEBUG [EBManual_Toolbar_JSSTTL-116710] Started Executing Validate_App_launched_Device function
2016-01-27 22:33:47,751 DEBUG [EBManual_Toolbar_JSSTTL-116710] Entered CheckUIButtonExists function
2016-01-27 22:33:47,751 DEBUG [EBManual_Toolbar_JSSTTL-116710] Started executeCommandLine function
2016-01-27 22:33:51,773 DEBUG [EBManual_Toolbar_JSSTTL-116710] Exiting from executeCommandLine function
2016-01-27 22:33:51,773 DEBUG [EBManual_Toolbar_JSSTTL-116710] Button is not Present
2016-01-27 22:33:51,773 DEBUG [EBManual_Toolbar_JSSTTL-116710] Exiting from CheckUIButtonExists function
2016-01-27 22:33:51,773 DEBUG [EBManual_Toolbar_JSSTTL-116710] Started executeCommandLine function
2016-01-27 22:33:55,793 DEBUG [EBManual_Toolbar_JSSTTL-116710] Exiting from executeCommandLine function
2016-01-27 22:33:55,793 DEBUG [EBManual_Toolbar_JSSTTL-116710] Started executeCommandLine function
2016-01-27 22:33:59,813 DEBUG [EBManual_Toolbar_JSSTTL-116710] Exiting from executeCommandLine function
2016-01-27 22:33:59,813 DEBUG [EBManual_Toolbar_JSSTTL-116710] Given App is not in Foreground
2016-01-27 22:33:59,813 DEBUG [EBManual_Toolbar_JSSTTL-116710] Exiting Validate_App_launched_Device function
2016-01-27 22:33:59,813 DEBUG [EBManual_Toolbar_JSSTTL-116710] Not in com.symbol.enterprisebrowser screen
2016-01-27 22:33:59,813 DEBUG [EBManual_Toolbar_JSSTTL-116710] Exiting validate_AppMinimized function
2016-01-27 22:33:59,813 DEBUG [EBManual_Toolbar_JSSTTL-116710] Result of validate_AppMinimized: Pass
2016-01-27 22:33:59,813 DEBUG [EBManual_Toolbar_JSSTTL-116710] In execute keyword function
2016-01-27 22:33:59,813 DEBUG [EBManual_Toolbar_JSSTTL-116710] TestStepResult of : Function <> not found in the keyword class
2016-01-27 22:33:59,813 DEBUG [EBManual_Toolbar_JSSTTL-116710] allstep_result contains: Function <> not found in the keyword classpassPasspassPasspasspasspassPassPassnull
2016-01-27 22:33:59,813 DEBUG [EBManual_Toolbar_JSSTTL-116710] allexpected_result contains: nullPassnullPassnullPassnullpassnullpassnull
2016-01-27 22:33:59,813 DEBUG [EBManual_Toolbar_JSSTTL-116710] Testcase_Result contains: nullPassnullPassnullPassnullpassnullpassnullFunction <> not found in the keyword classpassPasspassPasspasspasspassPassPassnull
2016-01-27 22:33:59,813 DEBUG [EBManual_Toolbar_JSSTTL-116710] Test case with description Create toolabar to with action to call a javascript method Pass
2016-01-27 22:33:59,825 DEBUG [EBManual_Toolbar_JSSTTL-116710] Completed quitSelendroid function
2016-01-27 22:33:59,825 DEBUG [EBManual_Toolbar_JSSTTL-116710] Row number:11
2016-01-27 22:33:59,873 DEBUG [EBManual_Toolbar_JSSTTL-116710] Ending Test Case IDSTTL-116710
