2016-01-27 22:27:04,062 DEBUG [EBManual_Toolbar_JSSTTL-116702] Executing Test Case ID: STTL-116702
2016-01-27 22:27:04,068 DEBUG [EBManual_Toolbar_JSSTTL-116702] Executing Init_Selendroid function with APK as parameter and clear data value with 1
2016-01-27 22:27:14,057 DEBUG [EBManual_Toolbar_JSSTTL-116702] Exiting Init_Selendroid function
2016-01-27 22:27:14,072 DEBUG [EBManual_Toolbar_JSSTTL-116702] TestCase with Description "Create a toolbar for Testing with label and icon for each of the action elements" Execution started
2016-01-27 22:27:14,072 DEBUG [EBManual_Toolbar_JSSTTL-116702] In execute keyword function
2016-01-27 22:27:14,072 DEBUG [EBManual_Toolbar_JSSTTL-116702] Executing wait function:
2016-01-27 22:27:14,072 DEBUG [EBManual_Toolbar_JSSTTL-116702] Started Executing wait function
2016-01-27 22:27:17,072 DEBUG [EBManual_Toolbar_JSSTTL-116702] Exiting from wait function
2016-01-27 22:27:17,072 DEBUG [EBManual_Toolbar_JSSTTL-116702] TestStepResult of wait: Pass
2016-01-27 22:27:17,072 DEBUG [EBManual_Toolbar_JSSTTL-116702] In execute keyword function
2016-01-27 22:27:17,072 DEBUG [EBManual_Toolbar_JSSTTL-116702] Executing validate_PageTitle function:
2016-01-27 22:27:17,111 DEBUG [EBManual_Toolbar_JSSTTL-116702] The title of the page is *********************************: Manual specs
2016-01-27 22:27:17,111 DEBUG [EBManual_Toolbar_JSSTTL-116702] The page title found is correct
2016-01-27 22:27:17,111 DEBUG [EBManual_Toolbar_JSSTTL-116702] Result of validate_PageTitle: pass
2016-01-27 22:27:17,111 DEBUG [EBManual_Toolbar_JSSTTL-116702] In execute keyword function
2016-01-27 22:27:17,111 DEBUG [EBManual_Toolbar_JSSTTL-116702] Executing link_Click function:
2016-01-27 22:27:17,825 DEBUG [EBManual_Toolbar_JSSTTL-116702] Executing Click function
2016-01-27 22:27:19,113 DEBUG [EBManual_Toolbar_JSSTTL-116702] Exiting Click function
2016-01-27 22:27:19,113 DEBUG [EBManual_Toolbar_JSSTTL-116702] toolbar_test_link clicked successfully
2016-01-27 22:27:19,113 DEBUG [EBManual_Toolbar_JSSTTL-116702] TestStepResult of link_Click: Pass
2016-01-27 22:27:19,113 DEBUG [EBManual_Toolbar_JSSTTL-116702] In execute keyword function
2016-01-27 22:27:19,113 DEBUG [EBManual_Toolbar_JSSTTL-116702] Executing validate_PageTitle function:
2016-01-27 22:27:19,133 DEBUG [EBManual_Toolbar_JSSTTL-116702] The title of the page is *********************************: Native Toolbar JS Test
2016-01-27 22:27:19,133 DEBUG [EBManual_Toolbar_JSSTTL-116702] The page title found is correct
2016-01-27 22:27:19,133 DEBUG [EBManual_Toolbar_JSSTTL-116702] Result of validate_PageTitle: pass
2016-01-27 22:27:19,133 DEBUG [EBManual_Toolbar_JSSTTL-116702] In execute keyword function
2016-01-27 22:27:19,133 DEBUG [EBManual_Toolbar_JSSTTL-116702] Executing SelectTestToRun function:
2016-01-27 22:27:21,922 DEBUG [EBManual_Toolbar_JSSTTL-116702] Successfull in selecting clicking the category
2016-01-27 22:27:21,922 DEBUG [EBManual_Toolbar_JSSTTL-116702] TestStepResult of SelectTestToRun: pass
2016-01-27 22:27:21,922 DEBUG [EBManual_Toolbar_JSSTTL-116702] In execute keyword function
2016-01-27 22:27:21,922 DEBUG [EBManual_Toolbar_JSSTTL-116702] Executing ClickRunTest function:
2016-01-27 22:27:22,284 DEBUG [EBManual_Toolbar_JSSTTL-116702] Executing Click function
2016-01-27 22:27:23,221 DEBUG [EBManual_Toolbar_JSSTTL-116702] Exiting Click function
2016-01-27 22:27:23,222 DEBUG [EBManual_Toolbar_JSSTTL-116702] runtest_top_xpath Button clicked Successfully
2016-01-27 22:27:23,222 DEBUG [EBManual_Toolbar_JSSTTL-116702] TestStepResult of ClickRunTest: pass
2016-01-27 22:27:23,222 DEBUG [EBManual_Toolbar_JSSTTL-116702] In execute keyword function
2016-01-27 22:27:23,222 DEBUG [EBManual_Toolbar_JSSTTL-116702] Executing validate_Text_Exists function:
2016-01-27 22:27:23,892 DEBUG [EBManual_Toolbar_JSSTTL-116702] VT283-0101 Testcase Text found
2016-01-27 22:27:23,892 DEBUG [EBManual_Toolbar_JSSTTL-116702] Result of validate_Text_Exists: Pass
2016-01-27 22:27:23,892 DEBUG [EBManual_Toolbar_JSSTTL-116702] In execute keyword function
2016-01-27 22:27:23,892 DEBUG [EBManual_Toolbar_JSSTTL-116702] Executing ClickRunTest function:
2016-01-27 22:27:24,217 DEBUG [EBManual_Toolbar_JSSTTL-116702] Executing Click function
2016-01-27 22:27:25,168 DEBUG [EBManual_Toolbar_JSSTTL-116702] Exiting Click function
2016-01-27 22:27:25,168 DEBUG [EBManual_Toolbar_JSSTTL-116702] runtest_bottom_xpath Button clicked Successfully
2016-01-27 22:27:25,168 DEBUG [EBManual_Toolbar_JSSTTL-116702] TestStepResult of ClickRunTest: pass
2016-01-27 22:27:25,168 DEBUG [EBManual_Toolbar_JSSTTL-116702] In execute keyword function
2016-01-27 22:27:25,168 DEBUG [EBManual_Toolbar_JSSTTL-116702] Executing wait function:
2016-01-27 22:27:25,168 DEBUG [EBManual_Toolbar_JSSTTL-116702] Started Executing wait function
2016-01-27 22:27:30,168 DEBUG [EBManual_Toolbar_JSSTTL-116702] Exiting from wait function
2016-01-27 22:27:30,168 DEBUG [EBManual_Toolbar_JSSTTL-116702] TestStepResult of wait: Pass
2016-01-27 22:27:30,168 DEBUG [EBManual_Toolbar_JSSTTL-116702] In execute keyword function
2016-01-27 22:27:30,168 DEBUG [EBManual_Toolbar_JSSTTL-116702] Executing TakeScreenshot function:
2016-01-27 22:27:31,071 DEBUG [EBManual_Toolbar_JSSTTL-116702] Started Executing Validate_App_launched_Device function
2016-01-27 22:27:31,071 DEBUG [EBManual_Toolbar_JSSTTL-116702] Entered CheckUIButtonExists function
2016-01-27 22:27:31,071 DEBUG [EBManual_Toolbar_JSSTTL-116702] Started executeCommandLine function
2016-01-27 22:27:35,090 DEBUG [EBManual_Toolbar_JSSTTL-116702] Exiting from executeCommandLine function
2016-01-27 22:27:35,090 DEBUG [EBManual_Toolbar_JSSTTL-116702] Button is not Present
2016-01-27 22:27:35,090 DEBUG [EBManual_Toolbar_JSSTTL-116702] Exiting from CheckUIButtonExists function
2016-01-27 22:27:35,090 DEBUG [EBManual_Toolbar_JSSTTL-116702] Started executeCommandLine function
2016-01-27 22:27:39,111 DEBUG [EBManual_Toolbar_JSSTTL-116702] Given App is in Foreground
2016-01-27 22:27:39,111 DEBUG [EBManual_Toolbar_JSSTTL-116702] Exiting Validate_App_launched_Device function
2016-01-27 22:27:40,068 DEBUG [EBManual_Toolbar_JSSTTL-116702] TestStepResult of TakeScreenshot: pass
2016-01-27 22:27:40,068 DEBUG [EBManual_Toolbar_JSSTTL-116702] In execute keyword function
2016-01-27 22:27:40,068 DEBUG [EBManual_Toolbar_JSSTTL-116702] Executing validate_Screenshot function:
2016-01-27 22:27:40,114 DEBUG [EBManual_Toolbar_JSSTTL-116702] Match found with reference image
2016-01-27 22:27:40,114 DEBUG [EBManual_Toolbar_JSSTTL-116702] Result of validate_Screenshot: Pass
2016-01-27 22:27:40,114 DEBUG [EBManual_Toolbar_JSSTTL-116702] In execute keyword function
2016-01-27 22:27:40,114 DEBUG [EBManual_Toolbar_JSSTTL-116702] Executing SwitchApp function:
2016-01-27 22:27:40,134 DEBUG [EBManual_Toolbar_JSSTTL-116702] Successfully switched to NATIVE_APP
2016-01-27 22:27:40,134 DEBUG [EBManual_Toolbar_JSSTTL-116702] TestStepResult of SwitchApp: Pass
2016-01-27 22:27:40,134 DEBUG [EBManual_Toolbar_JSSTTL-116702] In execute keyword function
2016-01-27 22:27:40,134 DEBUG [EBManual_Toolbar_JSSTTL-116702] Executing ClickNativeIcon function:
2016-01-27 22:27:41,009 DEBUG [EBManual_Toolbar_JSSTTL-116702] [[AppiumTouchActionExtension: selendroid on ANDROID (481a4f52-95d6-41b9-f5c3-51e5d57d2db5)] -> xpath: //LinearLayout[1]/ImageButton[2]]Clicked successfully
2016-01-27 22:27:41,009 DEBUG [EBManual_Toolbar_JSSTTL-116702] TestStepResult of ClickNativeIcon: pass
2016-01-27 22:27:41,009 DEBUG [EBManual_Toolbar_JSSTTL-116702] In execute keyword function
2016-01-27 22:27:41,009 DEBUG [EBManual_Toolbar_JSSTTL-116702] Executing SwitchApp function:
2016-01-27 22:27:41,096 DEBUG [EBManual_Toolbar_JSSTTL-116702] Successfully switched to WEBVIEW
2016-01-27 22:27:41,096 DEBUG [EBManual_Toolbar_JSSTTL-116702] TestStepResult of SwitchApp: Pass
2016-01-27 22:27:41,096 DEBUG [EBManual_Toolbar_JSSTTL-116702] In execute keyword function
2016-01-27 22:27:41,096 DEBUG [EBManual_Toolbar_JSSTTL-116702] Executing validate_PageTitle function:
2016-01-27 22:27:41,114 DEBUG [EBManual_Toolbar_JSSTTL-116702] The title of the page is *********************************: 127.0.0.1:56587/app
2016-01-27 22:27:41,114 DEBUG [EBManual_Toolbar_JSSTTL-116702] The page title found is incorrect
2016-01-27 22:27:41,114 DEBUG [EBManual_Toolbar_JSSTTL-116702] Result of validate_PageTitle: fail
2016-01-27 22:27:41,114 DEBUG [EBManual_Toolbar_JSSTTL-116702] In execute keyword function
2016-01-27 22:27:41,114 DEBUG [EBManual_Toolbar_JSSTTL-116702] Executing SwitchApp function:
2016-01-27 22:27:41,183 DEBUG [EBManual_Toolbar_JSSTTL-116702] Successfully switched to NATIVE_APP
2016-01-27 22:27:41,183 DEBUG [EBManual_Toolbar_JSSTTL-116702] TestStepResult of SwitchApp: Pass
2016-01-27 22:27:41,183 DEBUG [EBManual_Toolbar_JSSTTL-116702] In execute keyword function
2016-01-27 22:27:41,183 DEBUG [EBManual_Toolbar_JSSTTL-116702] Executing ClickNativeIcon function:
2016-01-27 22:27:42,070 DEBUG [EBManual_Toolbar_JSSTTL-116702] [[AppiumTouchActionExtension: selendroid on ANDROID (481a4f52-95d6-41b9-f5c3-51e5d57d2db5)] -> xpath: //LinearLayout[2]/ImageButton[1]]Clicked successfully
2016-01-27 22:27:42,070 DEBUG [EBManual_Toolbar_JSSTTL-116702] TestStepResult of ClickNativeIcon: pass
2016-01-27 22:27:42,070 DEBUG [EBManual_Toolbar_JSSTTL-116702] In execute keyword function
2016-01-27 22:27:42,070 DEBUG [EBManual_Toolbar_JSSTTL-116702] Executing SwitchApp function:
2016-01-27 22:27:42,122 DEBUG [EBManual_Toolbar_JSSTTL-116702] Successfully switched to WEBVIEW
2016-01-27 22:27:42,122 DEBUG [EBManual_Toolbar_JSSTTL-116702] TestStepResult of SwitchApp: Pass
2016-01-27 22:27:42,122 DEBUG [EBManual_Toolbar_JSSTTL-116702] In execute keyword function
2016-01-27 22:27:42,122 DEBUG [EBManual_Toolbar_JSSTTL-116702] Executing validate_PageTitle function:
2016-01-27 22:27:42,141 DEBUG [EBManual_Toolbar_JSSTTL-116702] The title of the page is *********************************: 127.0.0.1:56587/app
2016-01-27 22:27:42,141 DEBUG [EBManual_Toolbar_JSSTTL-116702] The page title found is incorrect
2016-01-27 22:27:42,141 DEBUG [EBManual_Toolbar_JSSTTL-116702] Result of validate_PageTitle: fail
2016-01-27 22:27:42,141 DEBUG [EBManual_Toolbar_JSSTTL-116702] In execute keyword function
2016-01-27 22:27:42,141 DEBUG [EBManual_Toolbar_JSSTTL-116702] Executing SwitchApp function:
2016-01-27 22:27:42,208 DEBUG [EBManual_Toolbar_JSSTTL-116702] Successfully switched to NATIVE_APP
2016-01-27 22:27:42,208 DEBUG [EBManual_Toolbar_JSSTTL-116702] TestStepResult of SwitchApp: Pass
2016-01-27 22:27:42,208 DEBUG [EBManual_Toolbar_JSSTTL-116702] In execute keyword function
2016-01-27 22:27:42,208 DEBUG [EBManual_Toolbar_JSSTTL-116702] Executing ClickNativeIcon function:
2016-01-27 22:27:43,043 DEBUG [EBManual_Toolbar_JSSTTL-116702] [[AppiumTouchActionExtension: selendroid on ANDROID (481a4f52-95d6-41b9-f5c3-51e5d57d2db5)] -> xpath: //LinearLayout[2]/ImageButton[3]]Clicked successfully
2016-01-27 22:27:43,043 DEBUG [EBManual_Toolbar_JSSTTL-116702] TestStepResult of ClickNativeIcon: pass
2016-01-27 22:27:43,043 DEBUG [EBManual_Toolbar_JSSTTL-116702] In execute keyword function
2016-01-27 22:27:43,043 DEBUG [EBManual_Toolbar_JSSTTL-116702] Executing validate_AppMinimized function:
2016-01-27 22:27:43,043 DEBUG [EBManual_Toolbar_JSSTTL-116702] Started Executing validate_AppMinimized function
2016-01-27 22:27:43,043 DEBUG [EBManual_Toolbar_JSSTTL-116702] Started Executing Validate_App_launched_Device function
2016-01-27 22:27:43,043 DEBUG [EBManual_Toolbar_JSSTTL-116702] Entered CheckUIButtonExists function
2016-01-27 22:27:43,043 DEBUG [EBManual_Toolbar_JSSTTL-116702] Started executeCommandLine function
2016-01-27 22:27:47,063 DEBUG [EBManual_Toolbar_JSSTTL-116702] Exiting from executeCommandLine function
2016-01-27 22:27:47,063 DEBUG [EBManual_Toolbar_JSSTTL-116702] Button is not Present
2016-01-27 22:27:47,063 DEBUG [EBManual_Toolbar_JSSTTL-116702] Exiting from CheckUIButtonExists function
2016-01-27 22:27:47,063 DEBUG [EBManual_Toolbar_JSSTTL-116702] Started executeCommandLine function
2016-01-27 22:27:51,084 DEBUG [EBManual_Toolbar_JSSTTL-116702] Exiting from executeCommandLine function
2016-01-27 22:27:51,084 DEBUG [EBManual_Toolbar_JSSTTL-116702] Started executeCommandLine function
2016-01-27 22:27:55,105 DEBUG [EBManual_Toolbar_JSSTTL-116702] Exiting from executeCommandLine function
2016-01-27 22:27:55,105 DEBUG [EBManual_Toolbar_JSSTTL-116702] Given App is not in Foreground
2016-01-27 22:27:55,105 DEBUG [EBManual_Toolbar_JSSTTL-116702] Exiting Validate_App_launched_Device function
2016-01-27 22:27:55,105 DEBUG [EBManual_Toolbar_JSSTTL-116702] Not in com.symbol.enterprisebrowser screen
2016-01-27 22:27:55,105 DEBUG [EBManual_Toolbar_JSSTTL-116702] Exiting validate_AppMinimized function
2016-01-27 22:27:55,105 DEBUG [EBManual_Toolbar_JSSTTL-116702] Result of validate_AppMinimized: Pass
2016-01-27 22:27:55,105 DEBUG [EBManual_Toolbar_JSSTTL-116702] allstep_result contains: passPassPasspassPassPasspassPasspassPasspasspasspassPassPassnull
2016-01-27 22:27:55,105 DEBUG [EBManual_Toolbar_JSSTTL-116702] allexpected_result contains: nullPassnullfailnullfailnullPassnullPassnullpassnullpassnull
2016-01-27 22:27:55,105 DEBUG [EBManual_Toolbar_JSSTTL-116702] Testcase_Result contains: nullPassnullfailnullfailnullPassnullPassnullpassnullpassnullpassPassPasspassPassPasspassPasspassPasspasspasspassPassPassnull
2016-01-27 22:27:55,105 DEBUG [EBManual_Toolbar_JSSTTL-116702] Test case with description Create a toolbar for Testing with label and icon for each of the action elements Fail
2016-01-27 22:27:55,118 DEBUG [EBManual_Toolbar_JSSTTL-116702] Completed quitSelendroid function
2016-01-27 22:27:55,118 DEBUG [EBManual_Toolbar_JSSTTL-116702] Row number:3
