2016-01-27 22:27:55,212 DEBUG [EBManual_Toolbar_JSSTTL-116703] Executing Test Case ID: STTL-116703
2016-01-27 22:27:55,226 DEBUG [EBManual_Toolbar_JSSTTL-116703] Executing Init_Selendroid function with APK as parameter and clear data value with 1
2016-01-27 22:28:05,026 DEBUG [EBManual_Toolbar_JSSTTL-116703] Exiting Init_Selendroid function
2016-01-27 22:28:05,040 DEBUG [EBManual_Toolbar_JSSTTL-116703] TestCase with Description "Create a toolbar for Testing with label and icon for each of the action elements" Execution started
2016-01-27 22:28:05,041 DEBUG [EBManual_Toolbar_JSSTTL-116703] In execute keyword function
2016-01-27 22:28:05,041 DEBUG [EBManual_Toolbar_JSSTTL-116703] Executing wait function:
2016-01-27 22:28:05,041 DEBUG [EBManual_Toolbar_JSSTTL-116703] Started Executing wait function
2016-01-27 22:28:08,041 DEBUG [EBManual_Toolbar_JSSTTL-116703] Exiting from wait function
2016-01-27 22:28:08,041 DEBUG [EBManual_Toolbar_JSSTTL-116703] TestStepResult of wait: Pass
2016-01-27 22:28:08,041 DEBUG [EBManual_Toolbar_JSSTTL-116703] In execute keyword function
2016-01-27 22:28:08,041 DEBUG [EBManual_Toolbar_JSSTTL-116703] Executing validate_PageTitle function:
2016-01-27 22:28:08,084 DEBUG [EBManual_Toolbar_JSSTTL-116703] The title of the page is *********************************: Manual specs
2016-01-27 22:28:08,084 DEBUG [EBManual_Toolbar_JSSTTL-116703] The page title found is correct
2016-01-27 22:28:08,084 DEBUG [EBManual_Toolbar_JSSTTL-116703] Result of validate_PageTitle: pass
2016-01-27 22:28:08,085 DEBUG [EBManual_Toolbar_JSSTTL-116703] In execute keyword function
2016-01-27 22:28:08,085 DEBUG [EBManual_Toolbar_JSSTTL-116703] Executing link_Click function:
2016-01-27 22:28:08,735 DEBUG [EBManual_Toolbar_JSSTTL-116703] Executing Click function
2016-01-27 22:28:09,831 DEBUG [EBManual_Toolbar_JSSTTL-116703] Exiting Click function
2016-01-27 22:28:09,831 DEBUG [EBManual_Toolbar_JSSTTL-116703] toolbar_test_link clicked successfully
2016-01-27 22:28:09,831 DEBUG [EBManual_Toolbar_JSSTTL-116703] TestStepResult of link_Click: Pass
2016-01-27 22:28:09,831 DEBUG [EBManual_Toolbar_JSSTTL-116703] In execute keyword function
2016-01-27 22:28:09,831 DEBUG [EBManual_Toolbar_JSSTTL-116703] Executing validate_PageTitle function:
2016-01-27 22:28:09,856 DEBUG [EBManual_Toolbar_JSSTTL-116703] The title of the page is *********************************: Native Toolbar JS Test
2016-01-27 22:28:09,856 DEBUG [EBManual_Toolbar_JSSTTL-116703] The page title found is correct
2016-01-27 22:28:09,856 DEBUG [EBManual_Toolbar_JSSTTL-116703] Result of validate_PageTitle: pass
2016-01-27 22:28:09,856 DEBUG [EBManual_Toolbar_JSSTTL-116703] In execute keyword function
2016-01-27 22:28:09,856 DEBUG [EBManual_Toolbar_JSSTTL-116703] Executing SelectTestToRun function:
2016-01-27 22:28:12,653 DEBUG [EBManual_Toolbar_JSSTTL-116703] Successfull in selecting clicking the category
2016-01-27 22:28:12,653 DEBUG [EBManual_Toolbar_JSSTTL-116703] TestStepResult of SelectTestToRun: pass
2016-01-27 22:28:12,653 DEBUG [EBManual_Toolbar_JSSTTL-116703] In execute keyword function
2016-01-27 22:28:12,654 DEBUG [EBManual_Toolbar_JSSTTL-116703] Executing ClickRunTest function:
2016-01-27 22:28:12,989 DEBUG [EBManual_Toolbar_JSSTTL-116703] Executing Click function
2016-01-27 22:28:13,912 DEBUG [EBManual_Toolbar_JSSTTL-116703] Exiting Click function
2016-01-27 22:28:13,912 DEBUG [EBManual_Toolbar_JSSTTL-116703] runtest_top_xpath Button clicked Successfully
2016-01-27 22:28:13,912 DEBUG [EBManual_Toolbar_JSSTTL-116703] TestStepResult of ClickRunTest: pass
2016-01-27 22:28:13,913 DEBUG [EBManual_Toolbar_JSSTTL-116703] In execute keyword function
2016-01-27 22:28:13,913 DEBUG [EBManual_Toolbar_JSSTTL-116703] Executing validate_Text_Exists function:
2016-01-27 22:28:14,409 DEBUG [EBManual_Toolbar_JSSTTL-116703] VT283-0102 Testcase Text found
2016-01-27 22:28:14,409 DEBUG [EBManual_Toolbar_JSSTTL-116703] Result of validate_Text_Exists: Pass
2016-01-27 22:28:14,409 DEBUG [EBManual_Toolbar_JSSTTL-116703] In execute keyword function
2016-01-27 22:28:14,409 DEBUG [EBManual_Toolbar_JSSTTL-116703] Executing ClickRunTest function:
2016-01-27 22:28:14,725 DEBUG [EBManual_Toolbar_JSSTTL-116703] Executing Click function
2016-01-27 22:28:15,795 DEBUG [EBManual_Toolbar_JSSTTL-116703] Exiting Click function
2016-01-27 22:28:15,795 DEBUG [EBManual_Toolbar_JSSTTL-116703] runtest_bottom_xpath Button clicked Successfully
2016-01-27 22:28:15,795 DEBUG [EBManual_Toolbar_JSSTTL-116703] TestStepResult of ClickRunTest: pass
2016-01-27 22:28:15,795 DEBUG [EBManual_Toolbar_JSSTTL-116703] In execute keyword function
2016-01-27 22:28:15,795 DEBUG [EBManual_Toolbar_JSSTTL-116703] Executing wait function:
2016-01-27 22:28:15,795 DEBUG [EBManual_Toolbar_JSSTTL-116703] Started Executing wait function
2016-01-27 22:28:20,795 DEBUG [EBManual_Toolbar_JSSTTL-116703] Exiting from wait function
2016-01-27 22:28:20,795 DEBUG [EBManual_Toolbar_JSSTTL-116703] TestStepResult of wait: Pass
2016-01-27 22:28:20,795 DEBUG [EBManual_Toolbar_JSSTTL-116703] In execute keyword function
2016-01-27 22:28:20,795 DEBUG [EBManual_Toolbar_JSSTTL-116703] Executing TakeScreenshot function:
2016-01-27 22:28:21,756 DEBUG [EBManual_Toolbar_JSSTTL-116703] Started Executing Validate_App_launched_Device function
2016-01-27 22:28:21,756 DEBUG [EBManual_Toolbar_JSSTTL-116703] Entered CheckUIButtonExists function
2016-01-27 22:28:21,756 DEBUG [EBManual_Toolbar_JSSTTL-116703] Started executeCommandLine function
2016-01-27 22:28:25,765 DEBUG [EBManual_Toolbar_JSSTTL-116703] Exiting from executeCommandLine function
2016-01-27 22:28:25,765 DEBUG [EBManual_Toolbar_JSSTTL-116703] Button is not Present
2016-01-27 22:28:25,765 DEBUG [EBManual_Toolbar_JSSTTL-116703] Exiting from CheckUIButtonExists function
2016-01-27 22:28:25,765 DEBUG [EBManual_Toolbar_JSSTTL-116703] Started executeCommandLine function
2016-01-27 22:28:29,786 DEBUG [EBManual_Toolbar_JSSTTL-116703] Given App is in Foreground
2016-01-27 22:28:29,786 DEBUG [EBManual_Toolbar_JSSTTL-116703] Exiting Validate_App_launched_Device function
2016-01-27 22:28:30,728 DEBUG [EBManual_Toolbar_JSSTTL-116703] TestStepResult of TakeScreenshot: pass
2016-01-27 22:28:30,728 DEBUG [EBManual_Toolbar_JSSTTL-116703] In execute keyword function
2016-01-27 22:28:30,728 DEBUG [EBManual_Toolbar_JSSTTL-116703] Executing validate_Screenshot function:
2016-01-27 22:28:30,788 DEBUG [EBManual_Toolbar_JSSTTL-116703] Match found with reference image
2016-01-27 22:28:30,788 DEBUG [EBManual_Toolbar_JSSTTL-116703] Result of validate_Screenshot: Pass
2016-01-27 22:28:30,788 DEBUG [EBManual_Toolbar_JSSTTL-116703] In execute keyword function
2016-01-27 22:28:30,788 DEBUG [EBManual_Toolbar_JSSTTL-116703] Executing SwitchApp function:
2016-01-27 22:28:30,805 DEBUG [EBManual_Toolbar_JSSTTL-116703] Successfully switched to NATIVE_APP
2016-01-27 22:28:30,805 DEBUG [EBManual_Toolbar_JSSTTL-116703] TestStepResult of SwitchApp: Pass
2016-01-27 22:28:30,805 DEBUG [EBManual_Toolbar_JSSTTL-116703] In execute keyword function
2016-01-27 22:28:30,805 DEBUG [EBManual_Toolbar_JSSTTL-116703] Executing ClickNativeIcon function:
2016-01-27 22:28:31,653 DEBUG [EBManual_Toolbar_JSSTTL-116703] [[AppiumTouchActionExtension: selendroid on ANDROID (46642c7e-564f-a94a-68c8-139ef1ddfeb1)] -> xpath: //LinearLayout[1]/ImageButton[1]]Clicked successfully
2016-01-27 22:28:31,654 DEBUG [EBManual_Toolbar_JSSTTL-116703] TestStepResult of ClickNativeIcon: pass
2016-01-27 22:28:31,654 DEBUG [EBManual_Toolbar_JSSTTL-116703] In execute keyword function
2016-01-27 22:28:31,654 DEBUG [EBManual_Toolbar_JSSTTL-116703] Executing SwitchApp function:
2016-01-27 22:28:31,723 DEBUG [EBManual_Toolbar_JSSTTL-116703] Successfully switched to WEBVIEW
2016-01-27 22:28:31,723 DEBUG [EBManual_Toolbar_JSSTTL-116703] TestStepResult of SwitchApp: Pass
2016-01-27 22:28:31,723 DEBUG [EBManual_Toolbar_JSSTTL-116703] In execute keyword function
2016-01-27 22:28:31,723 DEBUG [EBManual_Toolbar_JSSTTL-116703] Executing validate_PageTitle function:
2016-01-27 22:28:31,742 DEBUG [EBManual_Toolbar_JSSTTL-116703] The title of the page is *********************************: Manual specs
2016-01-27 22:28:31,742 DEBUG [EBManual_Toolbar_JSSTTL-116703] The page title found is correct
2016-01-27 22:28:31,742 DEBUG [EBManual_Toolbar_JSSTTL-116703] Result of validate_PageTitle: pass
2016-01-27 22:28:31,742 DEBUG [EBManual_Toolbar_JSSTTL-116703] In execute keyword function
2016-01-27 22:28:31,742 DEBUG [EBManual_Toolbar_JSSTTL-116703] Executing SwitchApp function:
2016-01-27 22:28:31,800 DEBUG [EBManual_Toolbar_JSSTTL-116703] Successfully switched to NATIVE_APP
2016-01-27 22:28:31,800 DEBUG [EBManual_Toolbar_JSSTTL-116703] TestStepResult of SwitchApp: Pass
2016-01-27 22:28:31,800 DEBUG [EBManual_Toolbar_JSSTTL-116703] In execute keyword function
2016-01-27 22:28:31,800 DEBUG [EBManual_Toolbar_JSSTTL-116703] Executing ClickNativeIcon function:
2016-01-27 22:28:32,615 DEBUG [EBManual_Toolbar_JSSTTL-116703] [[AppiumTouchActionExtension: selendroid on ANDROID (46642c7e-564f-a94a-68c8-139ef1ddfeb1)] -> xpath: //LinearLayout[2]/ImageButton[1]]Clicked successfully
2016-01-27 22:28:32,615 DEBUG [EBManual_Toolbar_JSSTTL-116703] TestStepResult of ClickNativeIcon: pass
2016-01-27 22:28:32,615 DEBUG [EBManual_Toolbar_JSSTTL-116703] In execute keyword function
2016-01-27 22:28:32,615 DEBUG [EBManual_Toolbar_JSSTTL-116703] Executing SwitchApp function:
2016-01-27 22:28:32,684 DEBUG [EBManual_Toolbar_JSSTTL-116703] Successfully switched to WEBVIEW
2016-01-27 22:28:32,684 DEBUG [EBManual_Toolbar_JSSTTL-116703] TestStepResult of SwitchApp: Pass
2016-01-27 22:28:32,684 DEBUG [EBManual_Toolbar_JSSTTL-116703] In execute keyword function
2016-01-27 22:28:32,684 DEBUG [EBManual_Toolbar_JSSTTL-116703] Executing validate_PageTitle function:
2016-01-27 22:28:32,703 DEBUG [EBManual_Toolbar_JSSTTL-116703] The title of the page is *********************************: 127.0.0.1:38596/app
2016-01-27 22:28:32,703 DEBUG [EBManual_Toolbar_JSSTTL-116703] The page title found is incorrect
2016-01-27 22:28:32,703 DEBUG [EBManual_Toolbar_JSSTTL-116703] Result of validate_PageTitle: fail
2016-01-27 22:28:32,703 DEBUG [EBManual_Toolbar_JSSTTL-116703] In execute keyword function
2016-01-27 22:28:32,704 DEBUG [EBManual_Toolbar_JSSTTL-116703] Executing SwitchApp function:
2016-01-27 22:28:32,757 DEBUG [EBManual_Toolbar_JSSTTL-116703] Successfully switched to NATIVE_APP
2016-01-27 22:28:32,757 DEBUG [EBManual_Toolbar_JSSTTL-116703] TestStepResult of SwitchApp: Pass
2016-01-27 22:28:32,757 DEBUG [EBManual_Toolbar_JSSTTL-116703] In execute keyword function
2016-01-27 22:28:32,757 DEBUG [EBManual_Toolbar_JSSTTL-116703] Executing ClickNativeIcon function:
2016-01-27 22:28:33,660 DEBUG [EBManual_Toolbar_JSSTTL-116703] [[AppiumTouchActionExtension: selendroid on ANDROID (46642c7e-564f-a94a-68c8-139ef1ddfeb1)] -> xpath: //LinearLayout[2]/ImageButton[2]]Clicked successfully
2016-01-27 22:28:33,660 DEBUG [EBManual_Toolbar_JSSTTL-116703] TestStepResult of ClickNativeIcon: pass
2016-01-27 22:28:33,660 DEBUG [EBManual_Toolbar_JSSTTL-116703] In execute keyword function
2016-01-27 22:28:33,660 DEBUG [EBManual_Toolbar_JSSTTL-116703] Executing validate_AppMinimized function:
2016-01-27 22:28:33,660 DEBUG [EBManual_Toolbar_JSSTTL-116703] Started Executing validate_AppMinimized function
2016-01-27 22:28:33,660 DEBUG [EBManual_Toolbar_JSSTTL-116703] Started Executing Validate_App_launched_Device function
2016-01-27 22:28:33,660 DEBUG [EBManual_Toolbar_JSSTTL-116703] Entered CheckUIButtonExists function
2016-01-27 22:28:33,660 DEBUG [EBManual_Toolbar_JSSTTL-116703] Started executeCommandLine function
2016-01-27 22:28:37,681 DEBUG [EBManual_Toolbar_JSSTTL-116703] Exiting from executeCommandLine function
2016-01-27 22:28:37,681 DEBUG [EBManual_Toolbar_JSSTTL-116703] Button is not Present
2016-01-27 22:28:37,681 DEBUG [EBManual_Toolbar_JSSTTL-116703] Exiting from CheckUIButtonExists function
2016-01-27 22:28:37,681 DEBUG [EBManual_Toolbar_JSSTTL-116703] Started executeCommandLine function
2016-01-27 22:28:41,703 DEBUG [EBManual_Toolbar_JSSTTL-116703] Exiting from executeCommandLine function
2016-01-27 22:28:41,703 DEBUG [EBManual_Toolbar_JSSTTL-116703] Started executeCommandLine function
2016-01-27 22:28:45,723 DEBUG [EBManual_Toolbar_JSSTTL-116703] Exiting from executeCommandLine function
2016-01-27 22:28:45,723 DEBUG [EBManual_Toolbar_JSSTTL-116703] Given App is not in Foreground
2016-01-27 22:28:45,723 DEBUG [EBManual_Toolbar_JSSTTL-116703] Exiting Validate_App_launched_Device function
2016-01-27 22:28:45,723 DEBUG [EBManual_Toolbar_JSSTTL-116703] Not in com.symbol.enterprisebrowser screen
2016-01-27 22:28:45,723 DEBUG [EBManual_Toolbar_JSSTTL-116703] Exiting validate_AppMinimized function
2016-01-27 22:28:45,723 DEBUG [EBManual_Toolbar_JSSTTL-116703] Result of validate_AppMinimized: Pass
2016-01-27 22:28:45,723 DEBUG [EBManual_Toolbar_JSSTTL-116703] In execute keyword function
2016-01-27 22:28:45,723 DEBUG [EBManual_Toolbar_JSSTTL-116703] TestStepResult of : Function <> not found in the keyword class
2016-01-27 22:28:45,723 DEBUG [EBManual_Toolbar_JSSTTL-116703] allstep_result contains: Function <> not found in the keyword classpassPassPasspassPassPasspassPasspassPasspasspasspassPassPassnull
2016-01-27 22:28:45,723 DEBUG [EBManual_Toolbar_JSSTTL-116703] allexpected_result contains: nullPassnullfailnullpassnullPassnullPassnullpassnullpassnull
2016-01-27 22:28:45,723 DEBUG [EBManual_Toolbar_JSSTTL-116703] Testcase_Result contains: nullPassnullfailnullpassnullPassnullPassnullpassnullpassnullFunction <> not found in the keyword classpassPassPasspassPassPasspassPasspassPasspasspasspassPassPassnull
2016-01-27 22:28:45,723 DEBUG [EBManual_Toolbar_JSSTTL-116703] Test case with description Create a toolbar for Testing with label and icon for each of the action elements Fail
2016-01-27 22:28:45,736 DEBUG [EBManual_Toolbar_JSSTTL-116703] Completed quitSelendroid function
2016-01-27 22:28:45,736 DEBUG [EBManual_Toolbar_JSSTTL-116703] Row number:3
