2016-01-27 22:30:45,227 DEBUG [EBManual_Toolbar_JSSTTL-116707] Executing Test Case ID: STTL-116707
2016-01-27 22:30:45,236 DEBUG [EBManual_Toolbar_JSSTTL-116707] Executing Init_Selendroid function with APK as parameter and clear data value with 1
2016-01-27 22:30:55,355 DEBUG [EBManual_Toolbar_JSSTTL-116707] Exiting Init_Selendroid function
2016-01-27 22:30:55,369 DEBUG [EBManual_Toolbar_JSSTTL-116707] TestCase with Description "Create a Toolbar for testing different set of Actions" Execution started
2016-01-27 22:30:55,370 DEBUG [EBManual_Toolbar_JSSTTL-116707] In execute keyword function
2016-01-27 22:30:55,370 DEBUG [EBManual_Toolbar_JSSTTL-116707] Executing wait function:
2016-01-27 22:30:55,370 DEBUG [EBManual_Toolbar_JSSTTL-116707] Started Executing wait function
2016-01-27 22:30:58,370 DEBUG [EBManual_Toolbar_JSSTTL-116707] Exiting from wait function
2016-01-27 22:30:58,370 DEBUG [EBManual_Toolbar_JSSTTL-116707] TestStepResult of wait: Pass
2016-01-27 22:30:58,370 DEBUG [EBManual_Toolbar_JSSTTL-116707] In execute keyword function
2016-01-27 22:30:58,370 DEBUG [EBManual_Toolbar_JSSTTL-116707] Executing validate_PageTitle function:
2016-01-27 22:30:58,415 DEBUG [EBManual_Toolbar_JSSTTL-116707] The title of the page is *********************************: Manual specs
2016-01-27 22:30:58,415 DEBUG [EBManual_Toolbar_JSSTTL-116707] The page title found is correct
2016-01-27 22:30:58,415 DEBUG [EBManual_Toolbar_JSSTTL-116707] Result of validate_PageTitle: pass
2016-01-27 22:30:58,415 DEBUG [EBManual_Toolbar_JSSTTL-116707] In execute keyword function
2016-01-27 22:30:58,415 DEBUG [EBManual_Toolbar_JSSTTL-116707] Executing link_Click function:
2016-01-27 22:30:59,226 DEBUG [EBManual_Toolbar_JSSTTL-116707] Executing Click function
2016-01-27 22:31:00,327 DEBUG [EBManual_Toolbar_JSSTTL-116707] Exiting Click function
2016-01-27 22:31:00,327 DEBUG [EBManual_Toolbar_JSSTTL-116707] toolbar_test_link clicked successfully
2016-01-27 22:31:00,327 DEBUG [EBManual_Toolbar_JSSTTL-116707] TestStepResult of link_Click: Pass
2016-01-27 22:31:00,327 DEBUG [EBManual_Toolbar_JSSTTL-116707] In execute keyword function
2016-01-27 22:31:00,327 DEBUG [EBManual_Toolbar_JSSTTL-116707] Executing validate_PageTitle function:
2016-01-27 22:31:00,346 DEBUG [EBManual_Toolbar_JSSTTL-116707] The title of the page is *********************************: Native Toolbar JS Test
2016-01-27 22:31:00,346 DEBUG [EBManual_Toolbar_JSSTTL-116707] The page title found is correct
2016-01-27 22:31:00,346 DEBUG [EBManual_Toolbar_JSSTTL-116707] Result of validate_PageTitle: pass
2016-01-27 22:31:00,346 DEBUG [EBManual_Toolbar_JSSTTL-116707] In execute keyword function
2016-01-27 22:31:00,346 DEBUG [EBManual_Toolbar_JSSTTL-116707] Executing SelectTestToRun function:
2016-01-27 22:31:04,917 DEBUG [EBManual_Toolbar_JSSTTL-116707] Successfull in selecting clicking the category
2016-01-27 22:31:04,917 DEBUG [EBManual_Toolbar_JSSTTL-116707] TestStepResult of SelectTestToRun: pass
2016-01-27 22:31:04,917 DEBUG [EBManual_Toolbar_JSSTTL-116707] In execute keyword function
2016-01-27 22:31:04,917 DEBUG [EBManual_Toolbar_JSSTTL-116707] Executing ClickRunTest function:
2016-01-27 22:31:05,311 DEBUG [EBManual_Toolbar_JSSTTL-116707] Executing Click function
2016-01-27 22:31:06,249 DEBUG [EBManual_Toolbar_JSSTTL-116707] Exiting Click function
2016-01-27 22:31:06,249 DEBUG [EBManual_Toolbar_JSSTTL-116707] runtest_top_xpath Button clicked Successfully
2016-01-27 22:31:06,249 DEBUG [EBManual_Toolbar_JSSTTL-116707] TestStepResult of ClickRunTest: pass
2016-01-27 22:31:06,249 DEBUG [EBManual_Toolbar_JSSTTL-116707] In execute keyword function
2016-01-27 22:31:06,249 DEBUG [EBManual_Toolbar_JSSTTL-116707] Executing validate_Text_Exists function:
2016-01-27 22:31:06,916 DEBUG [EBManual_Toolbar_JSSTTL-116707] VT283-0119 Testcase Text found
2016-01-27 22:31:06,916 DEBUG [EBManual_Toolbar_JSSTTL-116707] Result of validate_Text_Exists: Pass
2016-01-27 22:31:06,916 DEBUG [EBManual_Toolbar_JSSTTL-116707] In execute keyword function
2016-01-27 22:31:06,916 DEBUG [EBManual_Toolbar_JSSTTL-116707] Executing ClickRunTest function:
2016-01-27 22:31:07,272 DEBUG [EBManual_Toolbar_JSSTTL-116707] Executing Click function
2016-01-27 22:31:08,337 DEBUG [EBManual_Toolbar_JSSTTL-116707] Exiting Click function
2016-01-27 22:31:08,337 DEBUG [EBManual_Toolbar_JSSTTL-116707] runtest_bottom_xpath Button clicked Successfully
2016-01-27 22:31:08,337 DEBUG [EBManual_Toolbar_JSSTTL-116707] TestStepResult of ClickRunTest: pass
2016-01-27 22:31:08,337 DEBUG [EBManual_Toolbar_JSSTTL-116707] In execute keyword function
2016-01-27 22:31:08,337 DEBUG [EBManual_Toolbar_JSSTTL-116707] Executing wait function:
2016-01-27 22:31:08,337 DEBUG [EBManual_Toolbar_JSSTTL-116707] Started Executing wait function
2016-01-27 22:31:13,338 DEBUG [EBManual_Toolbar_JSSTTL-116707] Exiting from wait function
2016-01-27 22:31:13,338 DEBUG [EBManual_Toolbar_JSSTTL-116707] TestStepResult of wait: Pass
2016-01-27 22:31:13,338 DEBUG [EBManual_Toolbar_JSSTTL-116707] In execute keyword function
2016-01-27 22:31:13,338 DEBUG [EBManual_Toolbar_JSSTTL-116707] Executing TakeScreenshot function:
2016-01-27 22:31:14,323 DEBUG [EBManual_Toolbar_JSSTTL-116707] Started Executing Validate_App_launched_Device function
2016-01-27 22:31:14,323 DEBUG [EBManual_Toolbar_JSSTTL-116707] Entered CheckUIButtonExists function
2016-01-27 22:31:14,323 DEBUG [EBManual_Toolbar_JSSTTL-116707] Started executeCommandLine function
2016-01-27 22:31:18,344 DEBUG [EBManual_Toolbar_JSSTTL-116707] Exiting from executeCommandLine function
2016-01-27 22:31:18,344 DEBUG [EBManual_Toolbar_JSSTTL-116707] Button is not Present
2016-01-27 22:31:18,344 DEBUG [EBManual_Toolbar_JSSTTL-116707] Exiting from CheckUIButtonExists function
2016-01-27 22:31:18,344 DEBUG [EBManual_Toolbar_JSSTTL-116707] Started executeCommandLine function
2016-01-27 22:31:22,365 DEBUG [EBManual_Toolbar_JSSTTL-116707] Given App is in Foreground
2016-01-27 22:31:22,365 DEBUG [EBManual_Toolbar_JSSTTL-116707] Exiting Validate_App_launched_Device function
2016-01-27 22:31:23,330 DEBUG [EBManual_Toolbar_JSSTTL-116707] TestStepResult of TakeScreenshot: pass
2016-01-27 22:31:23,330 DEBUG [EBManual_Toolbar_JSSTTL-116707] In execute keyword function
2016-01-27 22:31:23,330 DEBUG [EBManual_Toolbar_JSSTTL-116707] Executing validate_Screenshot function:
2016-01-27 22:31:23,382 DEBUG [EBManual_Toolbar_JSSTTL-116707] Match found with reference image
2016-01-27 22:31:23,382 DEBUG [EBManual_Toolbar_JSSTTL-116707] Result of validate_Screenshot: Pass
2016-01-27 22:31:23,382 DEBUG [EBManual_Toolbar_JSSTTL-116707] In execute keyword function
2016-01-27 22:31:23,382 DEBUG [EBManual_Toolbar_JSSTTL-116707] Executing SwitchApp function:
2016-01-27 22:31:23,401 DEBUG [EBManual_Toolbar_JSSTTL-116707] Successfully switched to NATIVE_APP
2016-01-27 22:31:23,401 DEBUG [EBManual_Toolbar_JSSTTL-116707] TestStepResult of SwitchApp: Pass
2016-01-27 22:31:23,402 DEBUG [EBManual_Toolbar_JSSTTL-116707] In execute keyword function
2016-01-27 22:31:23,402 DEBUG [EBManual_Toolbar_JSSTTL-116707] Executing ClickNativeIcon function:
2016-01-27 22:31:24,274 DEBUG [EBManual_Toolbar_JSSTTL-116707] [[AppiumTouchActionExtension: selendroid on ANDROID (a2bf8e7c-f4ad-ee99-4031-5b24ff4a11da)] -> xpath: //LinearLayout[1]/ImageButton[5]]Clicked successfully
2016-01-27 22:31:24,274 DEBUG [EBManual_Toolbar_JSSTTL-116707] TestStepResult of ClickNativeIcon: pass
2016-01-27 22:31:24,274 DEBUG [EBManual_Toolbar_JSSTTL-116707] In execute keyword function
2016-01-27 22:31:24,275 DEBUG [EBManual_Toolbar_JSSTTL-116707] Executing SwitchApp function:
2016-01-27 22:31:24,385 DEBUG [EBManual_Toolbar_JSSTTL-116707] Successfully switched to WEBVIEW
2016-01-27 22:31:24,385 DEBUG [EBManual_Toolbar_JSSTTL-116707] TestStepResult of SwitchApp: Pass
2016-01-27 22:31:24,385 DEBUG [EBManual_Toolbar_JSSTTL-116707] In execute keyword function
2016-01-27 22:31:24,385 DEBUG [EBManual_Toolbar_JSSTTL-116707] Executing validate_PageTitle function:
2016-01-27 22:31:24,403 DEBUG [EBManual_Toolbar_JSSTTL-116707] The title of the page is *********************************: Native Toolbar JS Test
2016-01-27 22:31:24,403 DEBUG [EBManual_Toolbar_JSSTTL-116707] The page title found is correct
2016-01-27 22:31:24,403 DEBUG [EBManual_Toolbar_JSSTTL-116707] Result of validate_PageTitle: pass
2016-01-27 22:31:24,403 DEBUG [EBManual_Toolbar_JSSTTL-116707] In execute keyword function
2016-01-27 22:31:24,403 DEBUG [EBManual_Toolbar_JSSTTL-116707] Executing SwitchApp function:
2016-01-27 22:31:24,453 DEBUG [EBManual_Toolbar_JSSTTL-116707] Successfully switched to NATIVE_APP
2016-01-27 22:31:24,453 DEBUG [EBManual_Toolbar_JSSTTL-116707] TestStepResult of SwitchApp: Pass
2016-01-27 22:31:24,453 DEBUG [EBManual_Toolbar_JSSTTL-116707] In execute keyword function
2016-01-27 22:31:24,453 DEBUG [EBManual_Toolbar_JSSTTL-116707] Executing ClickNativeIcon function:
2016-01-27 22:31:25,765 DEBUG [EBManual_Toolbar_JSSTTL-116707] [[AppiumTouchActionExtension: selendroid on ANDROID (a2bf8e7c-f4ad-ee99-4031-5b24ff4a11da)] -> xpath: //LinearLayout[1]/ImageButton[2]]Clicked successfully
2016-01-27 22:31:25,765 DEBUG [EBManual_Toolbar_JSSTTL-116707] TestStepResult of ClickNativeIcon: pass
2016-01-27 22:31:25,765 DEBUG [EBManual_Toolbar_JSSTTL-116707] In execute keyword function
2016-01-27 22:31:25,766 DEBUG [EBManual_Toolbar_JSSTTL-116707] Executing validate_AppMinimized function:
2016-01-27 22:31:25,766 DEBUG [EBManual_Toolbar_JSSTTL-116707] Started Executing validate_AppMinimized function
2016-01-27 22:31:25,766 DEBUG [EBManual_Toolbar_JSSTTL-116707] Started Executing Validate_App_launched_Device function
2016-01-27 22:31:25,766 DEBUG [EBManual_Toolbar_JSSTTL-116707] Entered CheckUIButtonExists function
2016-01-27 22:31:25,766 DEBUG [EBManual_Toolbar_JSSTTL-116707] Started executeCommandLine function
2016-01-27 22:31:29,787 DEBUG [EBManual_Toolbar_JSSTTL-116707] Exiting from executeCommandLine function
2016-01-27 22:31:29,787 DEBUG [EBManual_Toolbar_JSSTTL-116707] Button is not Present
2016-01-27 22:31:29,787 DEBUG [EBManual_Toolbar_JSSTTL-116707] Exiting from CheckUIButtonExists function
2016-01-27 22:31:29,787 DEBUG [EBManual_Toolbar_JSSTTL-116707] Started executeCommandLine function
2016-01-27 22:31:33,806 DEBUG [EBManual_Toolbar_JSSTTL-116707] Exiting from executeCommandLine function
2016-01-27 22:31:33,806 DEBUG [EBManual_Toolbar_JSSTTL-116707] Started executeCommandLine function
2016-01-27 22:31:37,826 DEBUG [EBManual_Toolbar_JSSTTL-116707] Exiting from executeCommandLine function
2016-01-27 22:31:37,826 DEBUG [EBManual_Toolbar_JSSTTL-116707] Given App is not in Foreground
2016-01-27 22:31:37,826 DEBUG [EBManual_Toolbar_JSSTTL-116707] Exiting Validate_App_launched_Device function
2016-01-27 22:31:37,826 DEBUG [EBManual_Toolbar_JSSTTL-116707] Not in com.symbol.enterprisebrowser screen
2016-01-27 22:31:37,826 DEBUG [EBManual_Toolbar_JSSTTL-116707] Exiting validate_AppMinimized function
2016-01-27 22:31:37,826 DEBUG [EBManual_Toolbar_JSSTTL-116707] Result of validate_AppMinimized: Pass
2016-01-27 22:31:37,826 DEBUG [EBManual_Toolbar_JSSTTL-116707] allstep_result contains: passPassPasspassPasspassPasspasspasspassPassPassnull
2016-01-27 22:31:37,826 DEBUG [EBManual_Toolbar_JSSTTL-116707] allexpected_result contains: nullPassnullpassnullPassnullPassnullpassnullpassnull
2016-01-27 22:31:37,826 DEBUG [EBManual_Toolbar_JSSTTL-116707] Testcase_Result contains: nullPassnullpassnullPassnullPassnullpassnullpassnullpassPassPasspassPasspassPasspasspasspassPassPassnull
2016-01-27 22:31:37,826 DEBUG [EBManual_Toolbar_JSSTTL-116707] Test case with description Create a Toolbar for testing different set of Actions Pass
2016-01-27 22:31:37,838 DEBUG [EBManual_Toolbar_JSSTTL-116707] Completed quitSelendroid function
2016-01-27 22:31:37,839 DEBUG [EBManual_Toolbar_JSSTTL-116707] Row number:8
2016-01-27 22:31:37,887 DEBUG [EBManual_Toolbar_JSSTTL-116707] Ending Test Case IDSTTL-116707
