2016-01-27 22:35:11,114 DEBUG [EBManual_Toolbar_JSSTTL-116712] Executing Test Case ID: STTL-116712
2016-01-27 22:35:11,120 DEBUG [EBManual_Toolbar_JSSTTL-116712] Executing Init_Selendroid function with APK as parameter and clear data value with 1
2016-01-27 22:35:21,847 DEBUG [EBManual_Toolbar_JSSTTL-116712] Exiting Init_Selendroid function
2016-01-27 22:35:21,855 DEBUG [EBManual_Toolbar_JSSTTL-116712] TestCase with Description "Create a Toolbar for testing different set of Actions" Execution started
2016-01-27 22:35:21,855 DEBUG [EBManual_Toolbar_JSSTTL-116712] In execute keyword function
2016-01-27 22:35:21,855 DEBUG [EBManual_Toolbar_JSSTTL-116712] Executing wait function:
2016-01-27 22:35:21,855 DEBUG [EBManual_Toolbar_JSSTTL-116712] Started Executing wait function
2016-01-27 22:35:24,856 DEBUG [EBManual_Toolbar_JSSTTL-116712] Exiting from wait function
2016-01-27 22:35:24,856 DEBUG [EBManual_Toolbar_JSSTTL-116712] TestStepResult of wait: Pass
2016-01-27 22:35:24,856 DEBUG [EBManual_Toolbar_JSSTTL-116712] In execute keyword function
2016-01-27 22:35:24,856 DEBUG [EBManual_Toolbar_JSSTTL-116712] Executing validate_PageTitle function:
2016-01-27 22:35:24,876 DEBUG [EBManual_Toolbar_JSSTTL-116712] The title of the page is *********************************: Manual specs
2016-01-27 22:35:24,876 DEBUG [EBManual_Toolbar_JSSTTL-116712] The page title found is correct
2016-01-27 22:35:24,876 DEBUG [EBManual_Toolbar_JSSTTL-116712] Result of validate_PageTitle: pass
2016-01-27 22:35:24,876 DEBUG [EBManual_Toolbar_JSSTTL-116712] In execute keyword function
2016-01-27 22:35:24,876 DEBUG [EBManual_Toolbar_JSSTTL-116712] Executing link_Click function:
2016-01-27 22:35:25,578 DEBUG [EBManual_Toolbar_JSSTTL-116712] Executing Click function
2016-01-27 22:35:26,796 DEBUG [EBManual_Toolbar_JSSTTL-116712] Exiting Click function
2016-01-27 22:35:26,796 DEBUG [EBManual_Toolbar_JSSTTL-116712] toolbar_test_link clicked successfully
2016-01-27 22:35:26,796 DEBUG [EBManual_Toolbar_JSSTTL-116712] TestStepResult of link_Click: Pass
2016-01-27 22:35:26,797 DEBUG [EBManual_Toolbar_JSSTTL-116712] In execute keyword function
2016-01-27 22:35:26,797 DEBUG [EBManual_Toolbar_JSSTTL-116712] Executing validate_PageTitle function:
2016-01-27 22:35:26,819 DEBUG [EBManual_Toolbar_JSSTTL-116712] The title of the page is *********************************: Native Toolbar JS Test
2016-01-27 22:35:26,819 DEBUG [EBManual_Toolbar_JSSTTL-116712] The page title found is correct
2016-01-27 22:35:26,819 DEBUG [EBManual_Toolbar_JSSTTL-116712] Result of validate_PageTitle: pass
2016-01-27 22:35:26,819 DEBUG [EBManual_Toolbar_JSSTTL-116712] In execute keyword function
2016-01-27 22:35:26,819 DEBUG [EBManual_Toolbar_JSSTTL-116712] Executing SelectTestToRun function:
2016-01-27 22:35:31,663 DEBUG [EBManual_Toolbar_JSSTTL-116712] Successfull in selecting clicking the category
2016-01-27 22:35:31,663 DEBUG [EBManual_Toolbar_JSSTTL-116712] TestStepResult of SelectTestToRun: pass
2016-01-27 22:35:31,663 DEBUG [EBManual_Toolbar_JSSTTL-116712] In execute keyword function
2016-01-27 22:35:31,663 DEBUG [EBManual_Toolbar_JSSTTL-116712] Executing ClickRunTest function:
2016-01-27 22:35:32,093 DEBUG [EBManual_Toolbar_JSSTTL-116712] Executing Click function
2016-01-27 22:35:33,080 DEBUG [EBManual_Toolbar_JSSTTL-116712] Exiting Click function
2016-01-27 22:35:33,080 DEBUG [EBManual_Toolbar_JSSTTL-116712] runtest_top_xpath Button clicked Successfully
2016-01-27 22:35:33,080 DEBUG [EBManual_Toolbar_JSSTTL-116712] TestStepResult of ClickRunTest: pass
2016-01-27 22:35:33,080 DEBUG [EBManual_Toolbar_JSSTTL-116712] In execute keyword function
2016-01-27 22:35:33,080 DEBUG [EBManual_Toolbar_JSSTTL-116712] Executing validate_Text_Exists function:
2016-01-27 22:35:33,730 DEBUG [EBManual_Toolbar_JSSTTL-116712] VT283-0121 Testcase Text found
2016-01-27 22:35:33,730 DEBUG [EBManual_Toolbar_JSSTTL-116712] Result of validate_Text_Exists: Pass
2016-01-27 22:35:33,730 DEBUG [EBManual_Toolbar_JSSTTL-116712] In execute keyword function
2016-01-27 22:35:33,730 DEBUG [EBManual_Toolbar_JSSTTL-116712] Executing ClickRunTest function:
2016-01-27 22:35:34,060 DEBUG [EBManual_Toolbar_JSSTTL-116712] Executing Click function
2016-01-27 22:35:34,976 DEBUG [EBManual_Toolbar_JSSTTL-116712] Exiting Click function
2016-01-27 22:35:34,976 DEBUG [EBManual_Toolbar_JSSTTL-116712] runtest_bottom_xpath Button clicked Successfully
2016-01-27 22:35:34,976 DEBUG [EBManual_Toolbar_JSSTTL-116712] TestStepResult of ClickRunTest: pass
2016-01-27 22:35:34,976 DEBUG [EBManual_Toolbar_JSSTTL-116712] In execute keyword function
2016-01-27 22:35:34,976 DEBUG [EBManual_Toolbar_JSSTTL-116712] Executing wait function:
2016-01-27 22:35:34,977 DEBUG [EBManual_Toolbar_JSSTTL-116712] Started Executing wait function
2016-01-27 22:35:39,977 DEBUG [EBManual_Toolbar_JSSTTL-116712] Exiting from wait function
2016-01-27 22:35:39,977 DEBUG [EBManual_Toolbar_JSSTTL-116712] TestStepResult of wait: Pass
2016-01-27 22:35:39,977 DEBUG [EBManual_Toolbar_JSSTTL-116712] In execute keyword function
2016-01-27 22:35:39,977 DEBUG [EBManual_Toolbar_JSSTTL-116712] Executing TakeScreenshot function:
2016-01-27 22:35:40,917 DEBUG [EBManual_Toolbar_JSSTTL-116712] Started Executing Validate_App_launched_Device function
2016-01-27 22:35:40,918 DEBUG [EBManual_Toolbar_JSSTTL-116712] Entered CheckUIButtonExists function
2016-01-27 22:35:40,918 DEBUG [EBManual_Toolbar_JSSTTL-116712] Started executeCommandLine function
2016-01-27 22:35:44,939 DEBUG [EBManual_Toolbar_JSSTTL-116712] Exiting from executeCommandLine function
2016-01-27 22:35:44,939 DEBUG [EBManual_Toolbar_JSSTTL-116712] Button is not Present
2016-01-27 22:35:44,939 DEBUG [EBManual_Toolbar_JSSTTL-116712] Exiting from CheckUIButtonExists function
2016-01-27 22:35:44,939 DEBUG [EBManual_Toolbar_JSSTTL-116712] Started executeCommandLine function
2016-01-27 22:35:48,959 DEBUG [EBManual_Toolbar_JSSTTL-116712] Given App is in Foreground
2016-01-27 22:35:48,959 DEBUG [EBManual_Toolbar_JSSTTL-116712] Exiting Validate_App_launched_Device function
2016-01-27 22:35:50,002 DEBUG [EBManual_Toolbar_JSSTTL-116712] TestStepResult of TakeScreenshot: pass
2016-01-27 22:35:50,002 DEBUG [EBManual_Toolbar_JSSTTL-116712] In execute keyword function
2016-01-27 22:35:50,002 DEBUG [EBManual_Toolbar_JSSTTL-116712] Executing validate_Screenshot function:
2016-01-27 22:35:50,024 DEBUG [EBManual_Toolbar_JSSTTL-116712] Match found with reference image
2016-01-27 22:35:50,024 DEBUG [EBManual_Toolbar_JSSTTL-116712] Result of validate_Screenshot: Pass
2016-01-27 22:35:50,024 DEBUG [EBManual_Toolbar_JSSTTL-116712] In execute keyword function
2016-01-27 22:35:50,024 DEBUG [EBManual_Toolbar_JSSTTL-116712] Executing SwitchApp function:
2016-01-27 22:35:50,041 DEBUG [EBManual_Toolbar_JSSTTL-116712] Successfully switched to NATIVE_APP
2016-01-27 22:35:50,041 DEBUG [EBManual_Toolbar_JSSTTL-116712] TestStepResult of SwitchApp: Pass
2016-01-27 22:35:50,041 DEBUG [EBManual_Toolbar_JSSTTL-116712] In execute keyword function
2016-01-27 22:35:50,041 DEBUG [EBManual_Toolbar_JSSTTL-116712] Executing ClickNativeIcon function:
2016-01-27 22:35:50,910 DEBUG [EBManual_Toolbar_JSSTTL-116712] [[AppiumTouchActionExtension: selendroid on ANDROID (9a088e94-e895-8f6b-553c-c32e399e477c)] -> xpath: //LinearLayout[1]/ImageButton[3]]Clicked successfully
2016-01-27 22:35:50,910 DEBUG [EBManual_Toolbar_JSSTTL-116712] TestStepResult of ClickNativeIcon: pass
2016-01-27 22:35:50,910 DEBUG [EBManual_Toolbar_JSSTTL-116712] In execute keyword function
2016-01-27 22:35:50,910 DEBUG [EBManual_Toolbar_JSSTTL-116712] Executing validate_AppMinimized function:
2016-01-27 22:35:50,910 DEBUG [EBManual_Toolbar_JSSTTL-116712] Started Executing validate_AppMinimized function
2016-01-27 22:35:50,910 DEBUG [EBManual_Toolbar_JSSTTL-116712] Started Executing Validate_App_launched_Device function
2016-01-27 22:35:50,911 DEBUG [EBManual_Toolbar_JSSTTL-116712] Entered CheckUIButtonExists function
2016-01-27 22:35:50,911 DEBUG [EBManual_Toolbar_JSSTTL-116712] Started executeCommandLine function
2016-01-27 22:35:54,932 DEBUG [EBManual_Toolbar_JSSTTL-116712] Exiting from executeCommandLine function
2016-01-27 22:35:54,932 DEBUG [EBManual_Toolbar_JSSTTL-116712] Button is not Present
2016-01-27 22:35:54,932 DEBUG [EBManual_Toolbar_JSSTTL-116712] Exiting from CheckUIButtonExists function
2016-01-27 22:35:54,932 DEBUG [EBManual_Toolbar_JSSTTL-116712] Started executeCommandLine function
2016-01-27 22:35:58,952 DEBUG [EBManual_Toolbar_JSSTTL-116712] Exiting from executeCommandLine function
2016-01-27 22:35:58,952 DEBUG [EBManual_Toolbar_JSSTTL-116712] Started executeCommandLine function
2016-01-27 22:36:02,973 DEBUG [EBManual_Toolbar_JSSTTL-116712] Exiting from executeCommandLine function
2016-01-27 22:36:02,973 DEBUG [EBManual_Toolbar_JSSTTL-116712] Given App is not in Foreground
2016-01-27 22:36:02,973 DEBUG [EBManual_Toolbar_JSSTTL-116712] Exiting Validate_App_launched_Device function
2016-01-27 22:36:02,973 DEBUG [EBManual_Toolbar_JSSTTL-116712] Not in com.symbol.enterprisebrowser screen
2016-01-27 22:36:02,973 DEBUG [EBManual_Toolbar_JSSTTL-116712] Exiting validate_AppMinimized function
2016-01-27 22:36:02,973 DEBUG [EBManual_Toolbar_JSSTTL-116712] Result of validate_AppMinimized: Pass
2016-01-27 22:36:02,973 DEBUG [EBManual_Toolbar_JSSTTL-116712] allstep_result contains: passPasspassPasspasspasspassPassPassnull
2016-01-27 22:36:02,973 DEBUG [EBManual_Toolbar_JSSTTL-116712] allexpected_result contains: nullPassnullPassnullPassnullpassnullpassnull
2016-01-27 22:36:02,973 DEBUG [EBManual_Toolbar_JSSTTL-116712] Testcase_Result contains: nullPassnullPassnullPassnullpassnullpassnullpassPasspassPasspasspasspassPassPassnull
2016-01-27 22:36:02,973 DEBUG [EBManual_Toolbar_JSSTTL-116712] Test case with description Create a Toolbar for testing different set of Actions Pass
2016-01-27 22:36:02,985 DEBUG [EBManual_Toolbar_JSSTTL-116712] Completed quitSelendroid function
2016-01-27 22:36:02,985 DEBUG [EBManual_Toolbar_JSSTTL-116712] Row number:8
2016-01-27 22:36:03,026 DEBUG [EBManual_Toolbar_JSSTTL-116712] Ending Test Case IDSTTL-116712
