2016-01-27 17:46:32,550 DEBUG [EBManual_BatteryIndicator_JSSTTL-116717] Executing Test Case ID: STTL-116717
2016-01-27 17:46:32,576 DEBUG [EBManual_BatteryIndicator_JSSTTL-116717] Executing Init_Selendroid function with APK as parameter and clear data value with 1
2016-01-27 17:46:42,779 DEBUG [EBManual_BatteryIndicator_JSSTTL-116717] Exiting Init_Selendroid function
2016-01-27 17:46:42,796 DEBUG [EBManual_BatteryIndicator_JSSTTL-116717] TestCase with Description "batteryStatus with callback and trigger to system with default refreshInterval value" Execution started
2016-01-27 17:46:42,796 DEBUG [EBManual_BatteryIndicator_JSSTTL-116717] In execute keyword function
2016-01-27 17:46:42,796 DEBUG [EBManual_BatteryIndicator_JSSTTL-116717] Executing wait function:
2016-01-27 17:46:42,796 DEBUG [EBManual_BatteryIndicator_JSSTTL-116717] Started Executing wait function
2016-01-27 17:46:45,795 DEBUG [EBManual_BatteryIndicator_JSSTTL-116717] Exiting from wait function
2016-01-27 17:46:45,795 DEBUG [EBManual_BatteryIndicator_JSSTTL-116717] TestStepResult of wait: Pass
2016-01-27 17:46:45,795 DEBUG [EBManual_BatteryIndicator_JSSTTL-116717] In execute keyword function
2016-01-27 17:46:45,795 DEBUG [EBManual_BatteryIndicator_JSSTTL-116717] Executing validate_PageTitle function:
2016-01-27 17:46:45,842 DEBUG [EBManual_BatteryIndicator_JSSTTL-116717] The title of the page is *********************************: Manual specs
2016-01-27 17:46:45,842 DEBUG [EBManual_BatteryIndicator_JSSTTL-116717] The page title found is correct
2016-01-27 17:46:45,842 DEBUG [EBManual_BatteryIndicator_JSSTTL-116717] Result of validate_PageTitle: pass
2016-01-27 17:46:45,842 DEBUG [EBManual_BatteryIndicator_JSSTTL-116717] In execute keyword function
2016-01-27 17:46:45,842 DEBUG [EBManual_BatteryIndicator_JSSTTL-116717] Executing link_Click function:
2016-01-27 17:46:46,449 DEBUG [EBManual_BatteryIndicator_JSSTTL-116717] Executing Click function
2016-01-27 17:46:47,455 DEBUG [EBManual_BatteryIndicator_JSSTTL-116717] Exiting Click function
2016-01-27 17:46:47,455 DEBUG [EBManual_BatteryIndicator_JSSTTL-116717] battery_test_link clicked successfully
2016-01-27 17:46:47,455 DEBUG [EBManual_BatteryIndicator_JSSTTL-116717] TestStepResult of link_Click: Pass
2016-01-27 17:46:47,455 DEBUG [EBManual_BatteryIndicator_JSSTTL-116717] In execute keyword function
2016-01-27 17:46:47,455 DEBUG [EBManual_BatteryIndicator_JSSTTL-116717] Executing validate_PageTitle function:
2016-01-27 17:46:47,474 DEBUG [EBManual_BatteryIndicator_JSSTTL-116717] The title of the page is *********************************: Battery JS Test
2016-01-27 17:46:47,474 DEBUG [EBManual_BatteryIndicator_JSSTTL-116717] The page title found is correct
2016-01-27 17:46:47,474 DEBUG [EBManual_BatteryIndicator_JSSTTL-116717] Result of validate_PageTitle: pass
2016-01-27 17:46:47,475 DEBUG [EBManual_BatteryIndicator_JSSTTL-116717] In execute keyword function
2016-01-27 17:46:47,475 DEBUG [EBManual_BatteryIndicator_JSSTTL-116717] Executing SelectTestToRun function:
2016-01-27 17:46:51,769 DEBUG [EBManual_BatteryIndicator_JSSTTL-116717] Successfull in selecting clicking the category
2016-01-27 17:46:51,770 DEBUG [EBManual_BatteryIndicator_JSSTTL-116717] TestStepResult of SelectTestToRun: pass
2016-01-27 17:46:51,770 DEBUG [EBManual_BatteryIndicator_JSSTTL-116717] In execute keyword function
2016-01-27 17:46:51,770 DEBUG [EBManual_BatteryIndicator_JSSTTL-116717] Executing ClickRunTest function:
2016-01-27 17:46:52,105 DEBUG [EBManual_BatteryIndicator_JSSTTL-116717] Executing Click function
2016-01-27 17:46:53,055 DEBUG [EBManual_BatteryIndicator_JSSTTL-116717] Exiting Click function
2016-01-27 17:46:53,055 DEBUG [EBManual_BatteryIndicator_JSSTTL-116717] runtest_top_xpath Button clicked Successfully
2016-01-27 17:46:53,055 DEBUG [EBManual_BatteryIndicator_JSSTTL-116717] TestStepResult of ClickRunTest: pass
2016-01-27 17:46:53,055 DEBUG [EBManual_BatteryIndicator_JSSTTL-116717] In execute keyword function
2016-01-27 17:46:53,055 DEBUG [EBManual_BatteryIndicator_JSSTTL-116717] Executing validate_Text_Exists function:
2016-01-27 17:46:53,680 DEBUG [EBManual_BatteryIndicator_JSSTTL-116717] VT284-0022 Testcase Text found
2016-01-27 17:46:53,680 DEBUG [EBManual_BatteryIndicator_JSSTTL-116717] Result of validate_Text_Exists: Pass
2016-01-27 17:46:53,680 DEBUG [EBManual_BatteryIndicator_JSSTTL-116717] In execute keyword function
2016-01-27 17:46:53,680 DEBUG [EBManual_BatteryIndicator_JSSTTL-116717] Executing ClickRunTest function:
2016-01-27 17:46:53,993 DEBUG [EBManual_BatteryIndicator_JSSTTL-116717] Executing Click function
2016-01-27 17:46:55,040 DEBUG [EBManual_BatteryIndicator_JSSTTL-116717] Exiting Click function
2016-01-27 17:46:55,040 DEBUG [EBManual_BatteryIndicator_JSSTTL-116717] runtest_bottom_xpath Button clicked Successfully
2016-01-27 17:46:55,040 DEBUG [EBManual_BatteryIndicator_JSSTTL-116717] TestStepResult of ClickRunTest: pass
2016-01-27 17:46:55,040 DEBUG [EBManual_BatteryIndicator_JSSTTL-116717] In execute keyword function
2016-01-27 17:46:55,040 DEBUG [EBManual_BatteryIndicator_JSSTTL-116717] Executing wait function:
2016-01-27 17:46:55,040 DEBUG [EBManual_BatteryIndicator_JSSTTL-116717] Started Executing wait function
2016-01-27 17:46:58,040 DEBUG [EBManual_BatteryIndicator_JSSTTL-116717] Exiting from wait function
2016-01-27 17:46:58,040 DEBUG [EBManual_BatteryIndicator_JSSTTL-116717] TestStepResult of wait: Pass
2016-01-27 17:46:58,040 DEBUG [EBManual_BatteryIndicator_JSSTTL-116717] In execute keyword function
2016-01-27 17:46:58,040 DEBUG [EBManual_BatteryIndicator_JSSTTL-116717] Executing validate_Result function:
2016-01-27 17:46:58,373 DEBUG [EBManual_BatteryIndicator_JSSTTL-116717] AcLineStatus : true Text found in Results
AcLineStatus : true
BatteryLifePercent : 100
BackupBatteryLifePercent : undefined
Trigger : Charging
BatteryLifeKnown : undefined
BackupBatteryLifeKnown : undefined
2016-01-27 17:46:58,373 DEBUG [EBManual_BatteryIndicator_JSSTTL-116717] Result of validate_Result: Pass
2016-01-27 17:46:58,373 DEBUG [EBManual_BatteryIndicator_JSSTTL-116717] In execute keyword function
2016-01-27 17:46:58,373 DEBUG [EBManual_BatteryIndicator_JSSTTL-116717] Executing validate_Result function:
2016-01-27 17:46:58,529 DEBUG [EBManual_BatteryIndicator_JSSTTL-116717] Trigger : Charging Text found in Results
AcLineStatus : true
BatteryLifePercent : 100
BackupBatteryLifePercent : undefined
Trigger : Charging
BatteryLifeKnown : undefined
BackupBatteryLifeKnown : undefined
2016-01-27 17:46:58,529 DEBUG [EBManual_BatteryIndicator_JSSTTL-116717] Result of validate_Result: Pass
2016-01-27 17:46:58,529 DEBUG [EBManual_BatteryIndicator_JSSTTL-116717] allstep_result contains: PasspasspasspassPassPassnull
2016-01-27 17:46:58,529 DEBUG [EBManual_BatteryIndicator_JSSTTL-116717] allexpected_result contains: nullPassPassnullPassnullpassnullpassnull
2016-01-27 17:46:58,529 DEBUG [EBManual_BatteryIndicator_JSSTTL-116717] Testcase_Result contains: nullPassPassnullPassnullpassnullpassnullPasspasspasspassPassPassnull
2016-01-27 17:46:58,529 DEBUG [EBManual_BatteryIndicator_JSSTTL-116717] Test case with description batteryStatus with callback and trigger to system with default refreshInterval value Pass
2016-01-27 17:46:59,537 DEBUG [EBManual_BatteryIndicator_JSSTTL-116717] Executing browser_Quit function
2016-01-27 17:46:59,538 DEBUG [EBManual_BatteryIndicator_JSSTTL-116717] Completed browser_Quit function
2016-01-27 17:46:59,538 DEBUG [EBManual_BatteryIndicator_JSSTTL-116717] Completed quitSelendroid function
2016-01-27 17:46:59,539 DEBUG [EBManual_BatteryIndicator_JSSTTL-116717] Row number:18
2016-01-27 17:46:59,620 DEBUG [EBManual_BatteryIndicator_JSSTTL-116717] Ending Test Case IDSTTL-116717
