2016-01-27 17:43:50,686 DEBUG [EBManual_BatteryIndicator_JSSTTL-116711] Executing Test Case ID: STTL-116711
2016-01-27 17:43:50,712 DEBUG [EBManual_BatteryIndicator_JSSTTL-116711] Executing Init_Selendroid function with APK as parameter and clear data value with 1
2016-01-27 17:44:00,753 DEBUG [EBManual_BatteryIndicator_JSSTTL-116711] Exiting Init_Selendroid function
2016-01-27 17:44:00,765 DEBUG [EBManual_BatteryIndicator_JSSTTL-116711] TestCase with Description "Battery showIcon color with #0000FF value" Execution started
2016-01-27 17:44:00,765 DEBUG [EBManual_BatteryIndicator_JSSTTL-116711] In execute keyword function
2016-01-27 17:44:00,765 DEBUG [EBManual_BatteryIndicator_JSSTTL-116711] Executing wait function:
2016-01-27 17:44:00,765 DEBUG [EBManual_BatteryIndicator_JSSTTL-116711] Started Executing wait function
2016-01-27 17:44:03,765 DEBUG [EBManual_BatteryIndicator_JSSTTL-116711] Exiting from wait function
2016-01-27 17:44:03,765 DEBUG [EBManual_BatteryIndicator_JSSTTL-116711] TestStepResult of wait: Pass
2016-01-27 17:44:03,765 DEBUG [EBManual_BatteryIndicator_JSSTTL-116711] In execute keyword function
2016-01-27 17:44:03,765 DEBUG [EBManual_BatteryIndicator_JSSTTL-116711] Executing validate_PageTitle function:
2016-01-27 17:44:03,809 DEBUG [EBManual_BatteryIndicator_JSSTTL-116711] The title of the page is *********************************: Manual specs
2016-01-27 17:44:03,809 DEBUG [EBManual_BatteryIndicator_JSSTTL-116711] The page title found is correct
2016-01-27 17:44:03,809 DEBUG [EBManual_BatteryIndicator_JSSTTL-116711] Result of validate_PageTitle: pass
2016-01-27 17:44:03,809 DEBUG [EBManual_BatteryIndicator_JSSTTL-116711] In execute keyword function
2016-01-27 17:44:03,809 DEBUG [EBManual_BatteryIndicator_JSSTTL-116711] Executing link_Click function:
2016-01-27 17:44:04,333 DEBUG [EBManual_BatteryIndicator_JSSTTL-116711] Executing Click function
2016-01-27 17:44:05,340 DEBUG [EBManual_BatteryIndicator_JSSTTL-116711] Exiting Click function
2016-01-27 17:44:05,340 DEBUG [EBManual_BatteryIndicator_JSSTTL-116711] battery_test_link clicked successfully
2016-01-27 17:44:05,340 DEBUG [EBManual_BatteryIndicator_JSSTTL-116711] TestStepResult of link_Click: Pass
2016-01-27 17:44:05,340 DEBUG [EBManual_BatteryIndicator_JSSTTL-116711] In execute keyword function
2016-01-27 17:44:05,340 DEBUG [EBManual_BatteryIndicator_JSSTTL-116711] Executing validate_PageTitle function:
2016-01-27 17:44:05,356 DEBUG [EBManual_BatteryIndicator_JSSTTL-116711] The title of the page is *********************************: Battery JS Test
2016-01-27 17:44:05,356 DEBUG [EBManual_BatteryIndicator_JSSTTL-116711] The page title found is correct
2016-01-27 17:44:05,356 DEBUG [EBManual_BatteryIndicator_JSSTTL-116711] Result of validate_PageTitle: pass
2016-01-27 17:44:05,356 DEBUG [EBManual_BatteryIndicator_JSSTTL-116711] In execute keyword function
2016-01-27 17:44:05,356 DEBUG [EBManual_BatteryIndicator_JSSTTL-116711] Executing SelectTestToRun function:
2016-01-27 17:44:08,853 DEBUG [EBManual_BatteryIndicator_JSSTTL-116711] Successfull in selecting clicking the category
2016-01-27 17:44:08,853 DEBUG [EBManual_BatteryIndicator_JSSTTL-116711] TestStepResult of SelectTestToRun: pass
2016-01-27 17:44:08,853 DEBUG [EBManual_BatteryIndicator_JSSTTL-116711] In execute keyword function
2016-01-27 17:44:08,853 DEBUG [EBManual_BatteryIndicator_JSSTTL-116711] Executing ClickRunTest function:
2016-01-27 17:44:09,176 DEBUG [EBManual_BatteryIndicator_JSSTTL-116711] Executing Click function
2016-01-27 17:44:10,149 DEBUG [EBManual_BatteryIndicator_JSSTTL-116711] Exiting Click function
2016-01-27 17:44:10,149 DEBUG [EBManual_BatteryIndicator_JSSTTL-116711] runtest_top_xpath Button clicked Successfully
2016-01-27 17:44:10,149 DEBUG [EBManual_BatteryIndicator_JSSTTL-116711] TestStepResult of ClickRunTest: pass
2016-01-27 17:44:10,149 DEBUG [EBManual_BatteryIndicator_JSSTTL-116711] In execute keyword function
2016-01-27 17:44:10,149 DEBUG [EBManual_BatteryIndicator_JSSTTL-116711] Executing validate_Text_Exists function:
2016-01-27 17:44:10,757 DEBUG [EBManual_BatteryIndicator_JSSTTL-116711] VT284-0014 Testcase Text found
2016-01-27 17:44:10,757 DEBUG [EBManual_BatteryIndicator_JSSTTL-116711] Result of validate_Text_Exists: Pass
2016-01-27 17:44:10,757 DEBUG [EBManual_BatteryIndicator_JSSTTL-116711] In execute keyword function
2016-01-27 17:44:10,758 DEBUG [EBManual_BatteryIndicator_JSSTTL-116711] Executing ClickRunTest function:
2016-01-27 17:44:11,092 DEBUG [EBManual_BatteryIndicator_JSSTTL-116711] Executing Click function
2016-01-27 17:44:12,048 DEBUG [EBManual_BatteryIndicator_JSSTTL-116711] Exiting Click function
2016-01-27 17:44:12,048 DEBUG [EBManual_BatteryIndicator_JSSTTL-116711] runtest_bottom_xpath Button clicked Successfully
2016-01-27 17:44:12,048 DEBUG [EBManual_BatteryIndicator_JSSTTL-116711] TestStepResult of ClickRunTest: pass
2016-01-27 17:44:12,048 DEBUG [EBManual_BatteryIndicator_JSSTTL-116711] In execute keyword function
2016-01-27 17:44:12,048 DEBUG [EBManual_BatteryIndicator_JSSTTL-116711] Executing wait function:
2016-01-27 17:44:12,048 DEBUG [EBManual_BatteryIndicator_JSSTTL-116711] Started Executing wait function
2016-01-27 17:44:15,048 DEBUG [EBManual_BatteryIndicator_JSSTTL-116711] Exiting from wait function
2016-01-27 17:44:15,048 DEBUG [EBManual_BatteryIndicator_JSSTTL-116711] TestStepResult of wait: Pass
2016-01-27 17:44:15,048 DEBUG [EBManual_BatteryIndicator_JSSTTL-116711] In execute keyword function
2016-01-27 17:44:15,048 DEBUG [EBManual_BatteryIndicator_JSSTTL-116711] Executing TakeScreenshot function:
2016-01-27 17:44:16,810 DEBUG [EBManual_BatteryIndicator_JSSTTL-116711] TestStepResult of TakeScreenshot: pass
2016-01-27 17:44:16,810 DEBUG [EBManual_BatteryIndicator_JSSTTL-116711] In execute keyword function
2016-01-27 17:44:16,810 DEBUG [EBManual_BatteryIndicator_JSSTTL-116711] Executing validate_Screenshot function:
2016-01-27 17:44:16,844 DEBUG [EBManual_BatteryIndicator_JSSTTL-116711] Match found with reference image
2016-01-27 17:44:16,844 DEBUG [EBManual_BatteryIndicator_JSSTTL-116711] Result of validate_Screenshot: Pass
2016-01-27 17:44:16,844 DEBUG [EBManual_BatteryIndicator_JSSTTL-116711] In execute keyword function
2016-01-27 17:44:16,844 DEBUG [EBManual_BatteryIndicator_JSSTTL-116711] TestStepResult of : Function <> not found in the keyword class
2016-01-27 17:44:16,844 DEBUG [EBManual_BatteryIndicator_JSSTTL-116711] allstep_result contains: Function <> not found in the keyword classpassPasspasspasspassPassPassnull
2016-01-27 17:44:16,844 DEBUG [EBManual_BatteryIndicator_JSSTTL-116711] allexpected_result contains: nullPassnullPassnullpassnullpassnull
2016-01-27 17:44:16,844 DEBUG [EBManual_BatteryIndicator_JSSTTL-116711] Testcase_Result contains: nullPassnullPassnullpassnullpassnullFunction <> not found in the keyword classpassPasspasspasspassPassPassnull
2016-01-27 17:44:16,844 DEBUG [EBManual_BatteryIndicator_JSSTTL-116711] Test case with description Battery showIcon color with #0000FF value Pass
2016-01-27 17:44:17,850 DEBUG [EBManual_BatteryIndicator_JSSTTL-116711] Executing browser_Quit function
2016-01-27 17:44:17,850 DEBUG [EBManual_BatteryIndicator_JSSTTL-116711] Completed browser_Quit function
2016-01-27 17:44:17,850 DEBUG [EBManual_BatteryIndicator_JSSTTL-116711] Completed quitSelendroid function
2016-01-27 17:44:17,851 DEBUG [EBManual_BatteryIndicator_JSSTTL-116711] Row number:12
2016-01-27 17:44:17,909 DEBUG [EBManual_BatteryIndicator_JSSTTL-116711] Ending Test Case IDSTTL-116711
