2016-01-27 17:44:44,019 DEBUG [EBManual_BatteryIndicator_JSSTTL-116713] Executing Test Case ID: STTL-116713
2016-01-27 17:44:44,027 DEBUG [EBManual_BatteryIndicator_JSSTTL-116713] Executing Init_Selendroid function with APK as parameter and clear data value with 1
2016-01-27 17:44:54,317 DEBUG [EBManual_BatteryIndicator_JSSTTL-116713] Exiting Init_Selendroid function
2016-01-27 17:44:54,376 DEBUG [EBManual_BatteryIndicator_JSSTTL-116713] TestCase with Description "Battery showIcon top with -10" Execution started
2016-01-27 17:44:54,377 DEBUG [EBManual_BatteryIndicator_JSSTTL-116713] In execute keyword function
2016-01-27 17:44:54,377 DEBUG [EBManual_BatteryIndicator_JSSTTL-116713] Executing wait function:
2016-01-27 17:44:54,377 DEBUG [EBManual_BatteryIndicator_JSSTTL-116713] Started Executing wait function
2016-01-27 17:44:57,377 DEBUG [EBManual_BatteryIndicator_JSSTTL-116713] Exiting from wait function
2016-01-27 17:44:57,377 DEBUG [EBManual_BatteryIndicator_JSSTTL-116713] TestStepResult of wait: Pass
2016-01-27 17:44:57,377 DEBUG [EBManual_BatteryIndicator_JSSTTL-116713] In execute keyword function
2016-01-27 17:44:57,377 DEBUG [EBManual_BatteryIndicator_JSSTTL-116713] Executing validate_PageTitle function:
2016-01-27 17:44:57,423 DEBUG [EBManual_BatteryIndicator_JSSTTL-116713] The title of the page is *********************************: Manual specs
2016-01-27 17:44:57,423 DEBUG [EBManual_BatteryIndicator_JSSTTL-116713] The page title found is correct
2016-01-27 17:44:57,423 DEBUG [EBManual_BatteryIndicator_JSSTTL-116713] Result of validate_PageTitle: pass
2016-01-27 17:44:57,423 DEBUG [EBManual_BatteryIndicator_JSSTTL-116713] In execute keyword function
2016-01-27 17:44:57,423 DEBUG [EBManual_BatteryIndicator_JSSTTL-116713] Executing link_Click function:
2016-01-27 17:44:57,956 DEBUG [EBManual_BatteryIndicator_JSSTTL-116713] Executing Click function
2016-01-27 17:44:58,954 DEBUG [EBManual_BatteryIndicator_JSSTTL-116713] Exiting Click function
2016-01-27 17:44:58,954 DEBUG [EBManual_BatteryIndicator_JSSTTL-116713] battery_test_link clicked successfully
2016-01-27 17:44:58,954 DEBUG [EBManual_BatteryIndicator_JSSTTL-116713] TestStepResult of link_Click: Pass
2016-01-27 17:44:58,954 DEBUG [EBManual_BatteryIndicator_JSSTTL-116713] In execute keyword function
2016-01-27 17:44:58,954 DEBUG [EBManual_BatteryIndicator_JSSTTL-116713] Executing validate_PageTitle function:
2016-01-27 17:44:58,971 DEBUG [EBManual_BatteryIndicator_JSSTTL-116713] The title of the page is *********************************: Battery JS Test
2016-01-27 17:44:58,971 DEBUG [EBManual_BatteryIndicator_JSSTTL-116713] The page title found is correct
2016-01-27 17:44:58,971 DEBUG [EBManual_BatteryIndicator_JSSTTL-116713] Result of validate_PageTitle: pass
2016-01-27 17:44:58,972 DEBUG [EBManual_BatteryIndicator_JSSTTL-116713] In execute keyword function
2016-01-27 17:44:58,972 DEBUG [EBManual_BatteryIndicator_JSSTTL-116713] Executing SelectTestToRun function:
2016-01-27 17:45:02,797 DEBUG [EBManual_BatteryIndicator_JSSTTL-116713] Successfull in selecting clicking the category
2016-01-27 17:45:02,797 DEBUG [EBManual_BatteryIndicator_JSSTTL-116713] TestStepResult of SelectTestToRun: pass
2016-01-27 17:45:02,797 DEBUG [EBManual_BatteryIndicator_JSSTTL-116713] In execute keyword function
2016-01-27 17:45:02,797 DEBUG [EBManual_BatteryIndicator_JSSTTL-116713] Executing ClickRunTest function:
2016-01-27 17:45:03,168 DEBUG [EBManual_BatteryIndicator_JSSTTL-116713] Executing Click function
2016-01-27 17:45:04,160 DEBUG [EBManual_BatteryIndicator_JSSTTL-116713] Exiting Click function
2016-01-27 17:45:04,160 DEBUG [EBManual_BatteryIndicator_JSSTTL-116713] runtest_top_xpath Button clicked Successfully
2016-01-27 17:45:04,160 DEBUG [EBManual_BatteryIndicator_JSSTTL-116713] TestStepResult of ClickRunTest: pass
2016-01-27 17:45:04,160 DEBUG [EBManual_BatteryIndicator_JSSTTL-116713] In execute keyword function
2016-01-27 17:45:04,160 DEBUG [EBManual_BatteryIndicator_JSSTTL-116713] Executing validate_Text_Exists function:
2016-01-27 17:45:04,777 DEBUG [EBManual_BatteryIndicator_JSSTTL-116713] VT284-0006 Testcase Text found
2016-01-27 17:45:04,777 DEBUG [EBManual_BatteryIndicator_JSSTTL-116713] Result of validate_Text_Exists: Pass
2016-01-27 17:45:04,777 DEBUG [EBManual_BatteryIndicator_JSSTTL-116713] In execute keyword function
2016-01-27 17:45:04,777 DEBUG [EBManual_BatteryIndicator_JSSTTL-116713] Executing ClickRunTest function:
2016-01-27 17:45:05,095 DEBUG [EBManual_BatteryIndicator_JSSTTL-116713] Executing Click function
2016-01-27 17:45:05,982 DEBUG [EBManual_BatteryIndicator_JSSTTL-116713] Exiting Click function
2016-01-27 17:45:05,982 DEBUG [EBManual_BatteryIndicator_JSSTTL-116713] runtest_bottom_xpath Button clicked Successfully
2016-01-27 17:45:05,982 DEBUG [EBManual_BatteryIndicator_JSSTTL-116713] TestStepResult of ClickRunTest: pass
2016-01-27 17:45:05,982 DEBUG [EBManual_BatteryIndicator_JSSTTL-116713] In execute keyword function
2016-01-27 17:45:05,982 DEBUG [EBManual_BatteryIndicator_JSSTTL-116713] Executing wait function:
2016-01-27 17:45:05,982 DEBUG [EBManual_BatteryIndicator_JSSTTL-116713] Started Executing wait function
2016-01-27 17:45:08,982 DEBUG [EBManual_BatteryIndicator_JSSTTL-116713] Exiting from wait function
2016-01-27 17:45:08,982 DEBUG [EBManual_BatteryIndicator_JSSTTL-116713] TestStepResult of wait: Pass
2016-01-27 17:45:08,982 DEBUG [EBManual_BatteryIndicator_JSSTTL-116713] In execute keyword function
2016-01-27 17:45:08,982 DEBUG [EBManual_BatteryIndicator_JSSTTL-116713] Executing validate_isIconDisplayed function:
2016-01-27 17:45:08,982 DEBUG [EBManual_BatteryIndicator_JSSTTL-116713] Entered validate_isIconDisplayed function
2016-01-27 17:45:09,404 DEBUG [EBManual_BatteryIndicator_JSSTTL-116713] Result of validate_isIconDisplayed: Pass
2016-01-27 17:45:09,404 DEBUG [EBManual_BatteryIndicator_JSSTTL-116713] In execute keyword function
2016-01-27 17:45:09,404 DEBUG [EBManual_BatteryIndicator_JSSTTL-116713] TestStepResult of : Function <> not found in the keyword class
2016-01-27 17:45:09,404 DEBUG [EBManual_BatteryIndicator_JSSTTL-116713] allstep_result contains: Function <> not found in the keyword classPasspasspasspassPassPassnull
2016-01-27 17:45:09,404 DEBUG [EBManual_BatteryIndicator_JSSTTL-116713] allexpected_result contains: nullPassnullPassnullpassnullpassnull
2016-01-27 17:45:09,404 DEBUG [EBManual_BatteryIndicator_JSSTTL-116713] Testcase_Result contains: nullPassnullPassnullpassnullpassnullFunction <> not found in the keyword classPasspasspasspassPassPassnull
2016-01-27 17:45:09,404 DEBUG [EBManual_BatteryIndicator_JSSTTL-116713] Test case with description Battery showIcon top with -10 Pass
2016-01-27 17:45:10,364 DEBUG [EBManual_BatteryIndicator_JSSTTL-116713] Executing browser_Quit function
2016-01-27 17:45:10,364 DEBUG [EBManual_BatteryIndicator_JSSTTL-116713] Completed browser_Quit function
2016-01-27 17:45:10,364 DEBUG [EBManual_BatteryIndicator_JSSTTL-116713] Completed quitSelendroid function
2016-01-27 17:45:10,365 DEBUG [EBManual_BatteryIndicator_JSSTTL-116713] Row number:14
2016-01-27 17:45:10,428 DEBUG [EBManual_BatteryIndicator_JSSTTL-116713] Ending Test Case IDSTTL-116713
