2016-01-27 17:45:37,013 DEBUG [EBManual_BatteryIndicator_JSSTTL-116715] Executing Test Case ID: STTL-116715
2016-01-27 17:45:37,046 DEBUG [EBManual_BatteryIndicator_JSSTTL-116715] Executing Init_Selendroid function with APK as parameter and clear data value with 1
2016-01-27 17:45:47,316 DEBUG [EBManual_BatteryIndicator_JSSTTL-116715] Exiting Init_Selendroid function
2016-01-27 17:45:47,363 DEBUG [EBManual_BatteryIndicator_JSSTTL-116715] TestCase with Description "Battery showIcon color with #FF0000 value" Execution started
2016-01-27 17:45:47,364 DEBUG [EBManual_BatteryIndicator_JSSTTL-116715] In execute keyword function
2016-01-27 17:45:47,364 DEBUG [EBManual_BatteryIndicator_JSSTTL-116715] Executing wait function:
2016-01-27 17:45:47,364 DEBUG [EBManual_BatteryIndicator_JSSTTL-116715] Started Executing wait function
2016-01-27 17:45:50,364 DEBUG [EBManual_BatteryIndicator_JSSTTL-116715] Exiting from wait function
2016-01-27 17:45:50,364 DEBUG [EBManual_BatteryIndicator_JSSTTL-116715] TestStepResult of wait: Pass
2016-01-27 17:45:50,364 DEBUG [EBManual_BatteryIndicator_JSSTTL-116715] In execute keyword function
2016-01-27 17:45:50,364 DEBUG [EBManual_BatteryIndicator_JSSTTL-116715] Executing validate_PageTitle function:
2016-01-27 17:45:50,404 DEBUG [EBManual_BatteryIndicator_JSSTTL-116715] The title of the page is *********************************: Manual specs
2016-01-27 17:45:50,404 DEBUG [EBManual_BatteryIndicator_JSSTTL-116715] The page title found is correct
2016-01-27 17:45:50,404 DEBUG [EBManual_BatteryIndicator_JSSTTL-116715] Result of validate_PageTitle: pass
2016-01-27 17:45:50,404 DEBUG [EBManual_BatteryIndicator_JSSTTL-116715] In execute keyword function
2016-01-27 17:45:50,404 DEBUG [EBManual_BatteryIndicator_JSSTTL-116715] Executing link_Click function:
2016-01-27 17:45:50,947 DEBUG [EBManual_BatteryIndicator_JSSTTL-116715] Executing Click function
2016-01-27 17:45:51,974 DEBUG [EBManual_BatteryIndicator_JSSTTL-116715] Exiting Click function
2016-01-27 17:45:51,974 DEBUG [EBManual_BatteryIndicator_JSSTTL-116715] battery_test_link clicked successfully
2016-01-27 17:45:51,974 DEBUG [EBManual_BatteryIndicator_JSSTTL-116715] TestStepResult of link_Click: Pass
2016-01-27 17:45:51,974 DEBUG [EBManual_BatteryIndicator_JSSTTL-116715] In execute keyword function
2016-01-27 17:45:51,975 DEBUG [EBManual_BatteryIndicator_JSSTTL-116715] Executing validate_PageTitle function:
2016-01-27 17:45:51,991 DEBUG [EBManual_BatteryIndicator_JSSTTL-116715] The title of the page is *********************************: Battery JS Test
2016-01-27 17:45:51,992 DEBUG [EBManual_BatteryIndicator_JSSTTL-116715] The page title found is correct
2016-01-27 17:45:51,992 DEBUG [EBManual_BatteryIndicator_JSSTTL-116715] Result of validate_PageTitle: pass
2016-01-27 17:45:51,992 DEBUG [EBManual_BatteryIndicator_JSSTTL-116715] In execute keyword function
2016-01-27 17:45:51,992 DEBUG [EBManual_BatteryIndicator_JSSTTL-116715] Executing SelectTestToRun function:
2016-01-27 17:45:55,863 DEBUG [EBManual_BatteryIndicator_JSSTTL-116715] Successfull in selecting clicking the category
2016-01-27 17:45:55,863 DEBUG [EBManual_BatteryIndicator_JSSTTL-116715] TestStepResult of SelectTestToRun: pass
2016-01-27 17:45:55,863 DEBUG [EBManual_BatteryIndicator_JSSTTL-116715] In execute keyword function
2016-01-27 17:45:55,863 DEBUG [EBManual_BatteryIndicator_JSSTTL-116715] Executing ClickRunTest function:
2016-01-27 17:45:56,200 DEBUG [EBManual_BatteryIndicator_JSSTTL-116715] Executing Click function
2016-01-27 17:45:57,126 DEBUG [EBManual_BatteryIndicator_JSSTTL-116715] Exiting Click function
2016-01-27 17:45:57,126 DEBUG [EBManual_BatteryIndicator_JSSTTL-116715] runtest_top_xpath Button clicked Successfully
2016-01-27 17:45:57,126 DEBUG [EBManual_BatteryIndicator_JSSTTL-116715] TestStepResult of ClickRunTest: pass
2016-01-27 17:45:57,126 DEBUG [EBManual_BatteryIndicator_JSSTTL-116715] In execute keyword function
2016-01-27 17:45:57,126 DEBUG [EBManual_BatteryIndicator_JSSTTL-116715] Executing validate_Text_Exists function:
2016-01-27 17:45:57,781 DEBUG [EBManual_BatteryIndicator_JSSTTL-116715] VT284-0015 Testcase Text found
2016-01-27 17:45:57,781 DEBUG [EBManual_BatteryIndicator_JSSTTL-116715] Result of validate_Text_Exists: Pass
2016-01-27 17:45:57,782 DEBUG [EBManual_BatteryIndicator_JSSTTL-116715] In execute keyword function
2016-01-27 17:45:57,782 DEBUG [EBManual_BatteryIndicator_JSSTTL-116715] Executing ClickRunTest function:
2016-01-27 17:45:58,086 DEBUG [EBManual_BatteryIndicator_JSSTTL-116715] Executing Click function
2016-01-27 17:45:59,050 DEBUG [EBManual_BatteryIndicator_JSSTTL-116715] Exiting Click function
2016-01-27 17:45:59,051 DEBUG [EBManual_BatteryIndicator_JSSTTL-116715] runtest_bottom_xpath Button clicked Successfully
2016-01-27 17:45:59,051 DEBUG [EBManual_BatteryIndicator_JSSTTL-116715] TestStepResult of ClickRunTest: pass
2016-01-27 17:45:59,051 DEBUG [EBManual_BatteryIndicator_JSSTTL-116715] In execute keyword function
2016-01-27 17:45:59,051 DEBUG [EBManual_BatteryIndicator_JSSTTL-116715] Executing wait function:
2016-01-27 17:45:59,051 DEBUG [EBManual_BatteryIndicator_JSSTTL-116715] Started Executing wait function
2016-01-27 17:46:02,051 DEBUG [EBManual_BatteryIndicator_JSSTTL-116715] Exiting from wait function
2016-01-27 17:46:02,051 DEBUG [EBManual_BatteryIndicator_JSSTTL-116715] TestStepResult of wait: Pass
2016-01-27 17:46:02,051 DEBUG [EBManual_BatteryIndicator_JSSTTL-116715] In execute keyword function
2016-01-27 17:46:02,051 DEBUG [EBManual_BatteryIndicator_JSSTTL-116715] Executing TakeScreenshot function:
2016-01-27 17:46:03,755 DEBUG [EBManual_BatteryIndicator_JSSTTL-116715] TestStepResult of TakeScreenshot: pass
2016-01-27 17:46:03,755 DEBUG [EBManual_BatteryIndicator_JSSTTL-116715] In execute keyword function
2016-01-27 17:46:03,755 DEBUG [EBManual_BatteryIndicator_JSSTTL-116715] Executing validate_Screenshot function:
2016-01-27 17:46:03,772 DEBUG [EBManual_BatteryIndicator_JSSTTL-116715] Match found with reference image
2016-01-27 17:46:03,772 DEBUG [EBManual_BatteryIndicator_JSSTTL-116715] Result of validate_Screenshot: Pass
2016-01-27 17:46:03,772 DEBUG [EBManual_BatteryIndicator_JSSTTL-116715] In execute keyword function
2016-01-27 17:46:03,772 DEBUG [EBManual_BatteryIndicator_JSSTTL-116715] TestStepResult of : Function <> not found in the keyword class
2016-01-27 17:46:03,772 DEBUG [EBManual_BatteryIndicator_JSSTTL-116715] allstep_result contains: Function <> not found in the keyword classpassPasspasspasspassPassPassnull
2016-01-27 17:46:03,772 DEBUG [EBManual_BatteryIndicator_JSSTTL-116715] allexpected_result contains: nullPassnullPassnullpassnullpassnull
2016-01-27 17:46:03,772 DEBUG [EBManual_BatteryIndicator_JSSTTL-116715] Testcase_Result contains: nullPassnullPassnullpassnullpassnullFunction <> not found in the keyword classpassPasspasspasspassPassPassnull
2016-01-27 17:46:03,772 DEBUG [EBManual_BatteryIndicator_JSSTTL-116715] Test case with description Battery showIcon color with #FF0000 value Pass
2016-01-27 17:46:04,784 DEBUG [EBManual_BatteryIndicator_JSSTTL-116715] Executing browser_Quit function
2016-01-27 17:46:04,784 DEBUG [EBManual_BatteryIndicator_JSSTTL-116715] Completed browser_Quit function
2016-01-27 17:46:04,784 DEBUG [EBManual_BatteryIndicator_JSSTTL-116715] Completed quitSelendroid function
2016-01-27 17:46:04,785 DEBUG [EBManual_BatteryIndicator_JSSTTL-116715] Row number:16
2016-01-27 17:46:04,874 DEBUG [EBManual_BatteryIndicator_JSSTTL-116715] Ending Test Case IDSTTL-116715
