2016-01-27 17:42:28,197 DEBUG [EBManual_BatteryIndicator_JSSTTL-116708] Executing Test Case ID: STTL-116708
2016-01-27 17:42:28,216 DEBUG [EBManual_BatteryIndicator_JSSTTL-116708] Executing Init_Selendroid function with APK as parameter and clear data value with 1
2016-01-27 17:42:38,595 DEBUG [EBManual_BatteryIndicator_JSSTTL-116708] Exiting Init_Selendroid function
2016-01-27 17:42:38,628 DEBUG [EBManual_BatteryIndicator_JSSTTL-116708] TestCase with Description "Battery showIcon layout with right" Execution started
2016-01-27 17:42:38,628 DEBUG [EBManual_BatteryIndicator_JSSTTL-116708] In execute keyword function
2016-01-27 17:42:38,628 DEBUG [EBManual_BatteryIndicator_JSSTTL-116708] Executing wait function:
2016-01-27 17:42:38,629 DEBUG [EBManual_BatteryIndicator_JSSTTL-116708] Started Executing wait function
2016-01-27 17:42:41,630 DEBUG [EBManual_BatteryIndicator_JSSTTL-116708] Exiting from wait function
2016-01-27 17:42:41,630 DEBUG [EBManual_BatteryIndicator_JSSTTL-116708] TestStepResult of wait: Pass
2016-01-27 17:42:41,630 DEBUG [EBManual_BatteryIndicator_JSSTTL-116708] In execute keyword function
2016-01-27 17:42:41,630 DEBUG [EBManual_BatteryIndicator_JSSTTL-116708] Executing validate_PageTitle function:
2016-01-27 17:42:41,675 DEBUG [EBManual_BatteryIndicator_JSSTTL-116708] The title of the page is *********************************: Manual specs
2016-01-27 17:42:41,675 DEBUG [EBManual_BatteryIndicator_JSSTTL-116708] The page title found is correct
2016-01-27 17:42:41,675 DEBUG [EBManual_BatteryIndicator_JSSTTL-116708] Result of validate_PageTitle: pass
2016-01-27 17:42:41,675 DEBUG [EBManual_BatteryIndicator_JSSTTL-116708] In execute keyword function
2016-01-27 17:42:41,675 DEBUG [EBManual_BatteryIndicator_JSSTTL-116708] Executing link_Click function:
2016-01-27 17:42:42,226 DEBUG [EBManual_BatteryIndicator_JSSTTL-116708] Executing Click function
2016-01-27 17:42:43,275 DEBUG [EBManual_BatteryIndicator_JSSTTL-116708] Exiting Click function
2016-01-27 17:42:43,275 DEBUG [EBManual_BatteryIndicator_JSSTTL-116708] battery_test_link clicked successfully
2016-01-27 17:42:43,275 DEBUG [EBManual_BatteryIndicator_JSSTTL-116708] TestStepResult of link_Click: Pass
2016-01-27 17:42:43,275 DEBUG [EBManual_BatteryIndicator_JSSTTL-116708] In execute keyword function
2016-01-27 17:42:43,275 DEBUG [EBManual_BatteryIndicator_JSSTTL-116708] Executing validate_PageTitle function:
2016-01-27 17:42:43,299 DEBUG [EBManual_BatteryIndicator_JSSTTL-116708] The title of the page is *********************************: Battery JS Test
2016-01-27 17:42:43,299 DEBUG [EBManual_BatteryIndicator_JSSTTL-116708] The page title found is correct
2016-01-27 17:42:43,299 DEBUG [EBManual_BatteryIndicator_JSSTTL-116708] Result of validate_PageTitle: pass
2016-01-27 17:42:43,300 DEBUG [EBManual_BatteryIndicator_JSSTTL-116708] In execute keyword function
2016-01-27 17:42:43,300 DEBUG [EBManual_BatteryIndicator_JSSTTL-116708] Executing SelectTestToRun function:
2016-01-27 17:42:46,559 DEBUG [EBManual_BatteryIndicator_JSSTTL-116708] Successfull in selecting clicking the category
2016-01-27 17:42:46,559 DEBUG [EBManual_BatteryIndicator_JSSTTL-116708] TestStepResult of SelectTestToRun: pass
2016-01-27 17:42:46,559 DEBUG [EBManual_BatteryIndicator_JSSTTL-116708] In execute keyword function
2016-01-27 17:42:46,559 DEBUG [EBManual_BatteryIndicator_JSSTTL-116708] Executing ClickRunTest function:
2016-01-27 17:42:46,912 DEBUG [EBManual_BatteryIndicator_JSSTTL-116708] Executing Click function
2016-01-27 17:42:47,865 DEBUG [EBManual_BatteryIndicator_JSSTTL-116708] Exiting Click function
2016-01-27 17:42:47,865 DEBUG [EBManual_BatteryIndicator_JSSTTL-116708] runtest_top_xpath Button clicked Successfully
2016-01-27 17:42:47,866 DEBUG [EBManual_BatteryIndicator_JSSTTL-116708] TestStepResult of ClickRunTest: pass
2016-01-27 17:42:47,866 DEBUG [EBManual_BatteryIndicator_JSSTTL-116708] In execute keyword function
2016-01-27 17:42:47,866 DEBUG [EBManual_BatteryIndicator_JSSTTL-116708] Executing validate_Text_Exists function:
2016-01-27 17:42:48,445 DEBUG [EBManual_BatteryIndicator_JSSTTL-116708] VT284-0009 Testcase Text found
2016-01-27 17:42:48,446 DEBUG [EBManual_BatteryIndicator_JSSTTL-116708] Result of validate_Text_Exists: Pass
2016-01-27 17:42:48,446 DEBUG [EBManual_BatteryIndicator_JSSTTL-116708] In execute keyword function
2016-01-27 17:42:48,446 DEBUG [EBManual_BatteryIndicator_JSSTTL-116708] Executing ClickRunTest function:
2016-01-27 17:42:48,747 DEBUG [EBManual_BatteryIndicator_JSSTTL-116708] Executing Click function
2016-01-27 17:42:49,737 DEBUG [EBManual_BatteryIndicator_JSSTTL-116708] Exiting Click function
2016-01-27 17:42:49,737 DEBUG [EBManual_BatteryIndicator_JSSTTL-116708] runtest_bottom_xpath Button clicked Successfully
2016-01-27 17:42:49,737 DEBUG [EBManual_BatteryIndicator_JSSTTL-116708] TestStepResult of ClickRunTest: pass
2016-01-27 17:42:49,737 DEBUG [EBManual_BatteryIndicator_JSSTTL-116708] In execute keyword function
2016-01-27 17:42:49,737 DEBUG [EBManual_BatteryIndicator_JSSTTL-116708] Executing wait function:
2016-01-27 17:42:49,737 DEBUG [EBManual_BatteryIndicator_JSSTTL-116708] Started Executing wait function
2016-01-27 17:42:52,738 DEBUG [EBManual_BatteryIndicator_JSSTTL-116708] Exiting from wait function
2016-01-27 17:42:52,738 DEBUG [EBManual_BatteryIndicator_JSSTTL-116708] TestStepResult of wait: Pass
2016-01-27 17:42:52,738 DEBUG [EBManual_BatteryIndicator_JSSTTL-116708] In execute keyword function
2016-01-27 17:42:52,738 DEBUG [EBManual_BatteryIndicator_JSSTTL-116708] Executing TakeScreenshot function:
2016-01-27 17:42:54,525 DEBUG [EBManual_BatteryIndicator_JSSTTL-116708] TestStepResult of TakeScreenshot: pass
2016-01-27 17:42:54,525 DEBUG [EBManual_BatteryIndicator_JSSTTL-116708] In execute keyword function
2016-01-27 17:42:54,525 DEBUG [EBManual_BatteryIndicator_JSSTTL-116708] Executing validate_Screenshot function:
2016-01-27 17:42:54,556 DEBUG [EBManual_BatteryIndicator_JSSTTL-116708] Match found with reference image
2016-01-27 17:42:54,556 DEBUG [EBManual_BatteryIndicator_JSSTTL-116708] Result of validate_Screenshot: Pass
2016-01-27 17:42:54,556 DEBUG [EBManual_BatteryIndicator_JSSTTL-116708] In execute keyword function
2016-01-27 17:42:54,556 DEBUG [EBManual_BatteryIndicator_JSSTTL-116708] TestStepResult of : Function <> not found in the keyword class
2016-01-27 17:42:54,556 DEBUG [EBManual_BatteryIndicator_JSSTTL-116708] allstep_result contains: Function <> not found in the keyword classpassPasspasspasspassPassPassnull
2016-01-27 17:42:54,556 DEBUG [EBManual_BatteryIndicator_JSSTTL-116708] allexpected_result contains: nullPassnullPassnullpassnullpassnull
2016-01-27 17:42:54,556 DEBUG [EBManual_BatteryIndicator_JSSTTL-116708] Testcase_Result contains: nullPassnullPassnullpassnullpassnullFunction <> not found in the keyword classpassPasspasspasspassPassPassnull
2016-01-27 17:42:54,556 DEBUG [EBManual_BatteryIndicator_JSSTTL-116708] Test case with description Battery showIcon layout with right Pass
2016-01-27 17:42:55,523 DEBUG [EBManual_BatteryIndicator_JSSTTL-116708] Executing browser_Quit function
2016-01-27 17:42:55,523 DEBUG [EBManual_BatteryIndicator_JSSTTL-116708] Completed browser_Quit function
2016-01-27 17:42:55,523 DEBUG [EBManual_BatteryIndicator_JSSTTL-116708] Completed quitSelendroid function
2016-01-27 17:42:55,523 DEBUG [EBManual_BatteryIndicator_JSSTTL-116708] Row number:9
2016-01-27 17:42:55,588 DEBUG [EBManual_BatteryIndicator_JSSTTL-116708] Ending Test Case IDSTTL-116708
