2016-01-27 17:41:07,110 DEBUG [EBManual_BatteryIndicator_JSSTTL-116705] Executing Test Case ID: STTL-116705
2016-01-27 17:41:07,142 DEBUG [EBManual_BatteryIndicator_JSSTTL-116705] Executing Init_Selendroid function with APK as parameter and clear data value with 1
2016-01-27 17:41:17,815 DEBUG [EBManual_BatteryIndicator_JSSTTL-116705] Exiting Init_Selendroid function
2016-01-27 17:41:17,847 DEBUG [EBManual_BatteryIndicator_JSSTTL-116705] TestCase with Description "Battery showIcon left with 40" Execution started
2016-01-27 17:41:17,847 DEBUG [EBManual_BatteryIndicator_JSSTTL-116705] In execute keyword function
2016-01-27 17:41:17,847 DEBUG [EBManual_BatteryIndicator_JSSTTL-116705] Executing wait function:
2016-01-27 17:41:17,847 DEBUG [EBManual_BatteryIndicator_JSSTTL-116705] Started Executing wait function
2016-01-27 17:41:20,848 DEBUG [EBManual_BatteryIndicator_JSSTTL-116705] Exiting from wait function
2016-01-27 17:41:20,848 DEBUG [EBManual_BatteryIndicator_JSSTTL-116705] TestStepResult of wait: Pass
2016-01-27 17:41:20,848 DEBUG [EBManual_BatteryIndicator_JSSTTL-116705] In execute keyword function
2016-01-27 17:41:20,848 DEBUG [EBManual_BatteryIndicator_JSSTTL-116705] Executing validate_PageTitle function:
2016-01-27 17:41:20,887 DEBUG [EBManual_BatteryIndicator_JSSTTL-116705] The title of the page is *********************************: Manual specs
2016-01-27 17:41:20,887 DEBUG [EBManual_BatteryIndicator_JSSTTL-116705] The page title found is correct
2016-01-27 17:41:20,887 DEBUG [EBManual_BatteryIndicator_JSSTTL-116705] Result of validate_PageTitle: pass
2016-01-27 17:41:20,887 DEBUG [EBManual_BatteryIndicator_JSSTTL-116705] In execute keyword function
2016-01-27 17:41:20,888 DEBUG [EBManual_BatteryIndicator_JSSTTL-116705] Executing link_Click function:
2016-01-27 17:41:21,389 DEBUG [EBManual_BatteryIndicator_JSSTTL-116705] Executing Click function
2016-01-27 17:41:22,416 DEBUG [EBManual_BatteryIndicator_JSSTTL-116705] Exiting Click function
2016-01-27 17:41:22,416 DEBUG [EBManual_BatteryIndicator_JSSTTL-116705] battery_test_link clicked successfully
2016-01-27 17:41:22,416 DEBUG [EBManual_BatteryIndicator_JSSTTL-116705] TestStepResult of link_Click: Pass
2016-01-27 17:41:22,416 DEBUG [EBManual_BatteryIndicator_JSSTTL-116705] In execute keyword function
2016-01-27 17:41:22,416 DEBUG [EBManual_BatteryIndicator_JSSTTL-116705] Executing validate_PageTitle function:
2016-01-27 17:41:22,435 DEBUG [EBManual_BatteryIndicator_JSSTTL-116705] The title of the page is *********************************: Battery JS Test
2016-01-27 17:41:22,436 DEBUG [EBManual_BatteryIndicator_JSSTTL-116705] The page title found is correct
2016-01-27 17:41:22,436 DEBUG [EBManual_BatteryIndicator_JSSTTL-116705] Result of validate_PageTitle: pass
2016-01-27 17:41:22,436 DEBUG [EBManual_BatteryIndicator_JSSTTL-116705] In execute keyword function
2016-01-27 17:41:22,436 DEBUG [EBManual_BatteryIndicator_JSSTTL-116705] Executing SelectTestToRun function:
2016-01-27 17:41:25,339 DEBUG [EBManual_BatteryIndicator_JSSTTL-116705] Successfull in selecting clicking the category
2016-01-27 17:41:25,340 DEBUG [EBManual_BatteryIndicator_JSSTTL-116705] TestStepResult of SelectTestToRun: pass
2016-01-27 17:41:25,340 DEBUG [EBManual_BatteryIndicator_JSSTTL-116705] In execute keyword function
2016-01-27 17:41:25,340 DEBUG [EBManual_BatteryIndicator_JSSTTL-116705] Executing ClickRunTest function:
2016-01-27 17:41:25,651 DEBUG [EBManual_BatteryIndicator_JSSTTL-116705] Executing Click function
2016-01-27 17:41:26,572 DEBUG [EBManual_BatteryIndicator_JSSTTL-116705] Exiting Click function
2016-01-27 17:41:26,572 DEBUG [EBManual_BatteryIndicator_JSSTTL-116705] runtest_top_xpath Button clicked Successfully
2016-01-27 17:41:26,572 DEBUG [EBManual_BatteryIndicator_JSSTTL-116705] TestStepResult of ClickRunTest: pass
2016-01-27 17:41:26,572 DEBUG [EBManual_BatteryIndicator_JSSTTL-116705] In execute keyword function
2016-01-27 17:41:26,572 DEBUG [EBManual_BatteryIndicator_JSSTTL-116705] Executing validate_Text_Exists function:
2016-01-27 17:41:27,176 DEBUG [EBManual_BatteryIndicator_JSSTTL-116705] VT284-0002 Testcase Text found
2016-01-27 17:41:27,177 DEBUG [EBManual_BatteryIndicator_JSSTTL-116705] Result of validate_Text_Exists: Pass
2016-01-27 17:41:27,177 DEBUG [EBManual_BatteryIndicator_JSSTTL-116705] In execute keyword function
2016-01-27 17:41:27,177 DEBUG [EBManual_BatteryIndicator_JSSTTL-116705] Executing ClickRunTest function:
2016-01-27 17:41:27,480 DEBUG [EBManual_BatteryIndicator_JSSTTL-116705] Executing Click function
2016-01-27 17:41:28,405 DEBUG [EBManual_BatteryIndicator_JSSTTL-116705] Exiting Click function
2016-01-27 17:41:28,405 DEBUG [EBManual_BatteryIndicator_JSSTTL-116705] runtest_bottom_xpath Button clicked Successfully
2016-01-27 17:41:28,405 DEBUG [EBManual_BatteryIndicator_JSSTTL-116705] TestStepResult of ClickRunTest: pass
2016-01-27 17:41:28,405 DEBUG [EBManual_BatteryIndicator_JSSTTL-116705] In execute keyword function
2016-01-27 17:41:28,405 DEBUG [EBManual_BatteryIndicator_JSSTTL-116705] Executing wait function:
2016-01-27 17:41:28,405 DEBUG [EBManual_BatteryIndicator_JSSTTL-116705] Started Executing wait function
2016-01-27 17:41:31,406 DEBUG [EBManual_BatteryIndicator_JSSTTL-116705] Exiting from wait function
2016-01-27 17:41:31,406 DEBUG [EBManual_BatteryIndicator_JSSTTL-116705] TestStepResult of wait: Pass
2016-01-27 17:41:31,406 DEBUG [EBManual_BatteryIndicator_JSSTTL-116705] In execute keyword function
2016-01-27 17:41:31,406 DEBUG [EBManual_BatteryIndicator_JSSTTL-116705] Executing validate_Iconposition function:
2016-01-27 17:41:31,406 DEBUG [EBManual_BatteryIndicator_JSSTTL-116705] Entered validate_Iconposition function
2016-01-27 17:41:32,528 DEBUG [EBManual_BatteryIndicator_JSSTTL-116705] Result of validate_Iconposition: Pass
2016-01-27 17:41:32,528 DEBUG [EBManual_BatteryIndicator_JSSTTL-116705] allstep_result contains: PasspasspasspassPassPassnull
2016-01-27 17:41:32,528 DEBUG [EBManual_BatteryIndicator_JSSTTL-116705] allexpected_result contains: nullPassnullPassnullpassnullpassnull
2016-01-27 17:41:32,528 DEBUG [EBManual_BatteryIndicator_JSSTTL-116705] Testcase_Result contains: nullPassnullPassnullpassnullpassnullPasspasspasspassPassPassnull
2016-01-27 17:41:32,528 DEBUG [EBManual_BatteryIndicator_JSSTTL-116705] Test case with description Battery showIcon left with 40 Pass
2016-01-27 17:41:33,448 DEBUG [EBManual_BatteryIndicator_JSSTTL-116705] Executing browser_Quit function
2016-01-27 17:41:33,448 DEBUG [EBManual_BatteryIndicator_JSSTTL-116705] Completed browser_Quit function
2016-01-27 17:41:33,448 DEBUG [EBManual_BatteryIndicator_JSSTTL-116705] Completed quitSelendroid function
2016-01-27 17:41:33,448 DEBUG [EBManual_BatteryIndicator_JSSTTL-116705] Row number:6
2016-01-27 17:41:33,550 DEBUG [EBManual_BatteryIndicator_JSSTTL-116705] Ending Test Case IDSTTL-116705
