2016-01-27 22:07:20,350 DEBUG [EBManual_System_JSSTTL-116724] Executing Test Case ID: STTL-116724
2016-01-27 22:07:20,359 DEBUG [EBManual_System_JSSTTL-116724] Executing Init_Selendroid function with APK as parameter and clear data value with 1
2016-01-27 22:07:30,243 DEBUG [EBManual_System_JSSTTL-116724] Exiting Init_Selendroid function
2016-01-27 22:07:30,267 DEBUG [EBManual_System_JSSTTL-116724] TestCase with Description "call getProperty with isRhoSimulator" Execution started
2016-01-27 22:07:30,267 DEBUG [EBManual_System_JSSTTL-116724] In execute keyword function
2016-01-27 22:07:30,267 DEBUG [EBManual_System_JSSTTL-116724] Executing wait function:
2016-01-27 22:07:30,267 DEBUG [EBManual_System_JSSTTL-116724] Started Executing wait function
2016-01-27 22:07:33,269 DEBUG [EBManual_System_JSSTTL-116724] Exiting from wait function
2016-01-27 22:07:33,269 DEBUG [EBManual_System_JSSTTL-116724] TestStepResult of wait: Pass
2016-01-27 22:07:33,269 DEBUG [EBManual_System_JSSTTL-116724] In execute keyword function
2016-01-27 22:07:33,269 DEBUG [EBManual_System_JSSTTL-116724] Executing validate_PageTitle function:
2016-01-27 22:07:33,310 DEBUG [EBManual_System_JSSTTL-116724] The title of the page is *********************************: Manual specs
2016-01-27 22:07:33,310 DEBUG [EBManual_System_JSSTTL-116724] The page title found is correct
2016-01-27 22:07:33,310 DEBUG [EBManual_System_JSSTTL-116724] Result of validate_PageTitle: pass
2016-01-27 22:07:33,310 DEBUG [EBManual_System_JSSTTL-116724] In execute keyword function
2016-01-27 22:07:33,310 DEBUG [EBManual_System_JSSTTL-116724] Executing link_Click function:
2016-01-27 22:07:34,093 DEBUG [EBManual_System_JSSTTL-116724] Executing Click function
2016-01-27 22:07:35,427 DEBUG [EBManual_System_JSSTTL-116724] Exiting Click function
2016-01-27 22:07:35,427 DEBUG [EBManual_System_JSSTTL-116724] system_test_link clicked successfully
2016-01-27 22:07:35,427 DEBUG [EBManual_System_JSSTTL-116724] TestStepResult of link_Click: Pass
2016-01-27 22:07:35,427 DEBUG [EBManual_System_JSSTTL-116724] In execute keyword function
2016-01-27 22:07:35,427 DEBUG [EBManual_System_JSSTTL-116724] Executing validate_PageTitle function:
2016-01-27 22:07:35,443 DEBUG [EBManual_System_JSSTTL-116724] The title of the page is *********************************: System JS Test
2016-01-27 22:07:35,443 DEBUG [EBManual_System_JSSTTL-116724] The page title found is correct
2016-01-27 22:07:35,443 DEBUG [EBManual_System_JSSTTL-116724] Result of validate_PageTitle: pass
2016-01-27 22:07:35,443 DEBUG [EBManual_System_JSSTTL-116724] In execute keyword function
2016-01-27 22:07:35,443 DEBUG [EBManual_System_JSSTTL-116724] Executing SelectTestToRun function:
2016-01-27 22:07:39,667 DEBUG [EBManual_System_JSSTTL-116724] Successfull in selecting clicking the category
2016-01-27 22:07:39,667 DEBUG [EBManual_System_JSSTTL-116724] TestStepResult of SelectTestToRun: pass
2016-01-27 22:07:39,667 DEBUG [EBManual_System_JSSTTL-116724] In execute keyword function
2016-01-27 22:07:39,667 DEBUG [EBManual_System_JSSTTL-116724] Executing ClickRunTest function:
2016-01-27 22:07:40,057 DEBUG [EBManual_System_JSSTTL-116724] Executing Click function
2016-01-27 22:07:41,080 DEBUG [EBManual_System_JSSTTL-116724] Exiting Click function
2016-01-27 22:07:41,081 DEBUG [EBManual_System_JSSTTL-116724] runtest_top_xpath Button clicked Successfully
2016-01-27 22:07:41,081 DEBUG [EBManual_System_JSSTTL-116724] TestStepResult of ClickRunTest: pass
2016-01-27 22:07:41,081 DEBUG [EBManual_System_JSSTTL-116724] In execute keyword function
2016-01-27 22:07:41,081 DEBUG [EBManual_System_JSSTTL-116724] Executing validate_Text_Exists function:
2016-01-27 22:07:41,978 DEBUG [EBManual_System_JSSTTL-116724] VT300-011 Testcase Text found
2016-01-27 22:07:41,978 DEBUG [EBManual_System_JSSTTL-116724] Result of validate_Text_Exists: Pass
2016-01-27 22:07:41,978 DEBUG [EBManual_System_JSSTTL-116724] In execute keyword function
2016-01-27 22:07:41,978 DEBUG [EBManual_System_JSSTTL-116724] Executing ClickRunTest function:
2016-01-27 22:07:42,315 DEBUG [EBManual_System_JSSTTL-116724] Executing Click function
2016-01-27 22:07:43,252 DEBUG [EBManual_System_JSSTTL-116724] Exiting Click function
2016-01-27 22:07:43,252 DEBUG [EBManual_System_JSSTTL-116724] runtest_bottom_xpath Button clicked Successfully
2016-01-27 22:07:43,252 DEBUG [EBManual_System_JSSTTL-116724] TestStepResult of ClickRunTest: pass
2016-01-27 22:07:43,252 DEBUG [EBManual_System_JSSTTL-116724] In execute keyword function
2016-01-27 22:07:43,252 DEBUG [EBManual_System_JSSTTL-116724] Executing validate_SystemProperties function:
2016-01-27 22:07:43,503 DEBUG [EBManual_System_JSSTTL-116724] Started executeCommandLine function
2016-01-27 22:07:47,523 DEBUG [EBManual_System_JSSTTL-116724] isRhoSimulator is returned in property
2016-01-27 22:07:47,523 DEBUG [EBManual_System_JSSTTL-116724] Result of validate_SystemProperties: Pass
2016-01-27 22:07:47,523 DEBUG [EBManual_System_JSSTTL-116724] allstep_result contains: passpasspassPassPassnull
2016-01-27 22:07:47,523 DEBUG [EBManual_System_JSSTTL-116724] allexpected_result contains: nullPassnullPassnullpassnullpassnull
2016-01-27 22:07:47,523 DEBUG [EBManual_System_JSSTTL-116724] Testcase_Result contains: nullPassnullPassnullpassnullpassnullpasspasspassPassPassnull
2016-01-27 22:07:47,523 DEBUG [EBManual_System_JSSTTL-116724] Test case with description call getProperty with isRhoSimulator Pass
2016-01-27 22:07:48,602 DEBUG [EBManual_System_JSSTTL-116724] Executing browser_Quit function
2016-01-27 22:07:48,602 DEBUG [EBManual_System_JSSTTL-116724] Completed browser_Quit function
2016-01-27 22:07:48,602 DEBUG [EBManual_System_JSSTTL-116724] Completed quitSelendroid function
2016-01-27 22:07:48,603 DEBUG [EBManual_System_JSSTTL-116724] Row number:25
2016-01-27 22:07:48,642 DEBUG [EBManual_System_JSSTTL-116724] Ending Test Case IDSTTL-116724
