2016-01-27 22:05:43,321 DEBUG [EBManual_System_JSSTTL-116720] Executing Test Case ID: STTL-116720
2016-01-27 22:05:43,331 DEBUG [EBManual_System_JSSTTL-116720] Executing Init_Selendroid function with APK as parameter and clear data value with 1
2016-01-27 22:05:53,999 DEBUG [EBManual_System_JSSTTL-116720] Exiting Init_Selendroid function
2016-01-27 22:05:54,024 DEBUG [EBManual_System_JSSTTL-116720] TestCase with Description "call getProperty with devicePushId" Execution started
2016-01-27 22:05:54,024 DEBUG [EBManual_System_JSSTTL-116720] In execute keyword function
2016-01-27 22:05:54,024 DEBUG [EBManual_System_JSSTTL-116720] Executing wait function:
2016-01-27 22:05:54,024 DEBUG [EBManual_System_JSSTTL-116720] Started Executing wait function
2016-01-27 22:05:57,024 DEBUG [EBManual_System_JSSTTL-116720] Exiting from wait function
2016-01-27 22:05:57,024 DEBUG [EBManual_System_JSSTTL-116720] TestStepResult of wait: Pass
2016-01-27 22:05:57,024 DEBUG [EBManual_System_JSSTTL-116720] In execute keyword function
2016-01-27 22:05:57,024 DEBUG [EBManual_System_JSSTTL-116720] Executing validate_PageTitle function:
2016-01-27 22:05:57,066 DEBUG [EBManual_System_JSSTTL-116720] The title of the page is *********************************: Manual specs
2016-01-27 22:05:57,066 DEBUG [EBManual_System_JSSTTL-116720] The page title found is correct
2016-01-27 22:05:57,066 DEBUG [EBManual_System_JSSTTL-116720] Result of validate_PageTitle: pass
2016-01-27 22:05:57,066 DEBUG [EBManual_System_JSSTTL-116720] In execute keyword function
2016-01-27 22:05:57,066 DEBUG [EBManual_System_JSSTTL-116720] Executing link_Click function:
2016-01-27 22:05:57,782 DEBUG [EBManual_System_JSSTTL-116720] Executing Click function
2016-01-27 22:05:59,200 DEBUG [EBManual_System_JSSTTL-116720] Exiting Click function
2016-01-27 22:05:59,200 DEBUG [EBManual_System_JSSTTL-116720] system_test_link clicked successfully
2016-01-27 22:05:59,200 DEBUG [EBManual_System_JSSTTL-116720] TestStepResult of link_Click: Pass
2016-01-27 22:05:59,200 DEBUG [EBManual_System_JSSTTL-116720] In execute keyword function
2016-01-27 22:05:59,200 DEBUG [EBManual_System_JSSTTL-116720] Executing validate_PageTitle function:
2016-01-27 22:05:59,216 DEBUG [EBManual_System_JSSTTL-116720] The title of the page is *********************************: System JS Test
2016-01-27 22:05:59,216 DEBUG [EBManual_System_JSSTTL-116720] The page title found is correct
2016-01-27 22:05:59,216 DEBUG [EBManual_System_JSSTTL-116720] Result of validate_PageTitle: pass
2016-01-27 22:05:59,216 DEBUG [EBManual_System_JSSTTL-116720] In execute keyword function
2016-01-27 22:05:59,217 DEBUG [EBManual_System_JSSTTL-116720] Executing SelectTestToRun function:
2016-01-27 22:06:02,882 DEBUG [EBManual_System_JSSTTL-116720] Successfull in selecting clicking the category
2016-01-27 22:06:02,882 DEBUG [EBManual_System_JSSTTL-116720] TestStepResult of SelectTestToRun: pass
2016-01-27 22:06:02,882 DEBUG [EBManual_System_JSSTTL-116720] In execute keyword function
2016-01-27 22:06:02,882 DEBUG [EBManual_System_JSSTTL-116720] Executing ClickRunTest function:
2016-01-27 22:06:03,224 DEBUG [EBManual_System_JSSTTL-116720] Executing Click function
2016-01-27 22:06:04,187 DEBUG [EBManual_System_JSSTTL-116720] Exiting Click function
2016-01-27 22:06:04,187 DEBUG [EBManual_System_JSSTTL-116720] runtest_top_xpath Button clicked Successfully
2016-01-27 22:06:04,187 DEBUG [EBManual_System_JSSTTL-116720] TestStepResult of ClickRunTest: pass
2016-01-27 22:06:04,187 DEBUG [EBManual_System_JSSTTL-116720] In execute keyword function
2016-01-27 22:06:04,187 DEBUG [EBManual_System_JSSTTL-116720] Executing validate_Text_Exists function:
2016-01-27 22:06:05,004 DEBUG [EBManual_System_JSSTTL-116720] VT300-007 Testcase Text found
2016-01-27 22:06:05,004 DEBUG [EBManual_System_JSSTTL-116720] Result of validate_Text_Exists: Pass
2016-01-27 22:06:05,004 DEBUG [EBManual_System_JSSTTL-116720] In execute keyword function
2016-01-27 22:06:05,004 DEBUG [EBManual_System_JSSTTL-116720] Executing ClickRunTest function:
2016-01-27 22:06:05,317 DEBUG [EBManual_System_JSSTTL-116720] Executing Click function
2016-01-27 22:06:06,263 DEBUG [EBManual_System_JSSTTL-116720] Exiting Click function
2016-01-27 22:06:06,263 DEBUG [EBManual_System_JSSTTL-116720] runtest_bottom_xpath Button clicked Successfully
2016-01-27 22:06:06,263 DEBUG [EBManual_System_JSSTTL-116720] TestStepResult of ClickRunTest: pass
2016-01-27 22:06:06,263 DEBUG [EBManual_System_JSSTTL-116720] In execute keyword function
2016-01-27 22:06:06,264 DEBUG [EBManual_System_JSSTTL-116720] Executing validate_SystemProperties function:
2016-01-27 22:06:06,545 DEBUG [EBManual_System_JSSTTL-116720] devicePushId is not set in the device
2016-01-27 22:06:06,545 DEBUG [EBManual_System_JSSTTL-116720] Result of validate_SystemProperties: Pass
2016-01-27 22:06:06,545 DEBUG [EBManual_System_JSSTTL-116720] allstep_result contains: passpasspassPassPassnull
2016-01-27 22:06:06,545 DEBUG [EBManual_System_JSSTTL-116720] allexpected_result contains: nullPassnullPassnullpassnullpassnull
2016-01-27 22:06:06,545 DEBUG [EBManual_System_JSSTTL-116720] Testcase_Result contains: nullPassnullPassnullpassnullpassnullpasspasspassPassPassnull
2016-01-27 22:06:06,545 DEBUG [EBManual_System_JSSTTL-116720] Test case with description call getProperty with devicePushId Pass
2016-01-27 22:06:07,517 DEBUG [EBManual_System_JSSTTL-116720] Executing browser_Quit function
2016-01-27 22:06:07,517 DEBUG [EBManual_System_JSSTTL-116720] Completed browser_Quit function
2016-01-27 22:06:07,517 DEBUG [EBManual_System_JSSTTL-116720] Completed quitSelendroid function
2016-01-27 22:06:07,517 DEBUG [EBManual_System_JSSTTL-116720] Row number:21
2016-01-27 22:06:07,556 DEBUG [EBManual_System_JSSTTL-116720] Ending Test Case IDSTTL-116720
