2016-01-27 22:05:19,273 DEBUG [EBManual_System_JSSTTL-116719] Executing Test Case ID: STTL-116719
2016-01-27 22:05:19,283 DEBUG [EBManual_System_JSSTTL-116719] Executing Init_Selendroid function with APK as parameter and clear data value with 1
2016-01-27 22:05:29,753 DEBUG [EBManual_System_JSSTTL-116719] Exiting Init_Selendroid function
2016-01-27 22:05:29,778 DEBUG [EBManual_System_JSSTTL-116719] TestCase with Description "call getProperty with deviceOwnerName" Execution started
2016-01-27 22:05:29,778 DEBUG [EBManual_System_JSSTTL-116719] In execute keyword function
2016-01-27 22:05:29,778 DEBUG [EBManual_System_JSSTTL-116719] Executing wait function:
2016-01-27 22:05:29,778 DEBUG [EBManual_System_JSSTTL-116719] Started Executing wait function
2016-01-27 22:05:32,779 DEBUG [EBManual_System_JSSTTL-116719] Exiting from wait function
2016-01-27 22:05:32,779 DEBUG [EBManual_System_JSSTTL-116719] TestStepResult of wait: Pass
2016-01-27 22:05:32,779 DEBUG [EBManual_System_JSSTTL-116719] In execute keyword function
2016-01-27 22:05:32,779 DEBUG [EBManual_System_JSSTTL-116719] Executing validate_PageTitle function:
2016-01-27 22:05:32,817 DEBUG [EBManual_System_JSSTTL-116719] The title of the page is *********************************: Manual specs
2016-01-27 22:05:32,817 DEBUG [EBManual_System_JSSTTL-116719] The page title found is correct
2016-01-27 22:05:32,817 DEBUG [EBManual_System_JSSTTL-116719] Result of validate_PageTitle: pass
2016-01-27 22:05:32,817 DEBUG [EBManual_System_JSSTTL-116719] In execute keyword function
2016-01-27 22:05:32,817 DEBUG [EBManual_System_JSSTTL-116719] Executing link_Click function:
2016-01-27 22:05:33,560 DEBUG [EBManual_System_JSSTTL-116719] Executing Click function
2016-01-27 22:05:34,989 DEBUG [EBManual_System_JSSTTL-116719] Exiting Click function
2016-01-27 22:05:34,989 DEBUG [EBManual_System_JSSTTL-116719] system_test_link clicked successfully
2016-01-27 22:05:34,989 DEBUG [EBManual_System_JSSTTL-116719] TestStepResult of link_Click: Pass
2016-01-27 22:05:34,989 DEBUG [EBManual_System_JSSTTL-116719] In execute keyword function
2016-01-27 22:05:34,989 DEBUG [EBManual_System_JSSTTL-116719] Executing validate_PageTitle function:
2016-01-27 22:05:35,007 DEBUG [EBManual_System_JSSTTL-116719] The title of the page is *********************************: System JS Test
2016-01-27 22:05:35,007 DEBUG [EBManual_System_JSSTTL-116719] The page title found is correct
2016-01-27 22:05:35,007 DEBUG [EBManual_System_JSSTTL-116719] Result of validate_PageTitle: pass
2016-01-27 22:05:35,007 DEBUG [EBManual_System_JSSTTL-116719] In execute keyword function
2016-01-27 22:05:35,008 DEBUG [EBManual_System_JSSTTL-116719] Executing SelectTestToRun function:
2016-01-27 22:05:38,458 DEBUG [EBManual_System_JSSTTL-116719] Successfull in selecting clicking the category
2016-01-27 22:05:38,458 DEBUG [EBManual_System_JSSTTL-116719] TestStepResult of SelectTestToRun: pass
2016-01-27 22:05:38,459 DEBUG [EBManual_System_JSSTTL-116719] In execute keyword function
2016-01-27 22:05:38,459 DEBUG [EBManual_System_JSSTTL-116719] Executing ClickRunTest function:
2016-01-27 22:05:38,817 DEBUG [EBManual_System_JSSTTL-116719] Executing Click function
2016-01-27 22:05:39,837 DEBUG [EBManual_System_JSSTTL-116719] Exiting Click function
2016-01-27 22:05:39,837 DEBUG [EBManual_System_JSSTTL-116719] runtest_top_xpath Button clicked Successfully
2016-01-27 22:05:39,837 DEBUG [EBManual_System_JSSTTL-116719] TestStepResult of ClickRunTest: pass
2016-01-27 22:05:39,837 DEBUG [EBManual_System_JSSTTL-116719] In execute keyword function
2016-01-27 22:05:39,837 DEBUG [EBManual_System_JSSTTL-116719] Executing validate_Text_Exists function:
2016-01-27 22:05:40,658 DEBUG [EBManual_System_JSSTTL-116719] VT300-006 Testcase Text found
2016-01-27 22:05:40,658 DEBUG [EBManual_System_JSSTTL-116719] Result of validate_Text_Exists: Pass
2016-01-27 22:05:40,658 DEBUG [EBManual_System_JSSTTL-116719] In execute keyword function
2016-01-27 22:05:40,658 DEBUG [EBManual_System_JSSTTL-116719] Executing ClickRunTest function:
2016-01-27 22:05:40,973 DEBUG [EBManual_System_JSSTTL-116719] Executing Click function
2016-01-27 22:05:41,972 DEBUG [EBManual_System_JSSTTL-116719] Exiting Click function
2016-01-27 22:05:41,972 DEBUG [EBManual_System_JSSTTL-116719] runtest_bottom_xpath Button clicked Successfully
2016-01-27 22:05:41,972 DEBUG [EBManual_System_JSSTTL-116719] TestStepResult of ClickRunTest: pass
2016-01-27 22:05:41,972 DEBUG [EBManual_System_JSSTTL-116719] In execute keyword function
2016-01-27 22:05:41,972 DEBUG [EBManual_System_JSSTTL-116719] Executing validate_SystemProperties function:
2016-01-27 22:05:42,223 DEBUG [EBManual_System_JSSTTL-116719] deviceOwnerName is not returned in property
2016-01-27 22:05:42,223 DEBUG [EBManual_System_JSSTTL-116719] deviceOwnerName is returned in property
2016-01-27 22:05:42,223 DEBUG [EBManual_System_JSSTTL-116719] Result of validate_SystemProperties: Pass
2016-01-27 22:05:42,223 DEBUG [EBManual_System_JSSTTL-116719] allstep_result contains: passpasspassPassPassnull
2016-01-27 22:05:42,223 DEBUG [EBManual_System_JSSTTL-116719] allexpected_result contains: nullPassnullPassnullpassnullpassnull
2016-01-27 22:05:42,223 DEBUG [EBManual_System_JSSTTL-116719] Testcase_Result contains: nullPassnullPassnullpassnullpassnullpasspasspassPassPassnull
2016-01-27 22:05:42,223 DEBUG [EBManual_System_JSSTTL-116719] Test case with description call getProperty with deviceOwnerName Pass
2016-01-27 22:05:43,261 DEBUG [EBManual_System_JSSTTL-116719] Executing browser_Quit function
2016-01-27 22:05:43,261 DEBUG [EBManual_System_JSSTTL-116719] Completed browser_Quit function
2016-01-27 22:05:43,261 DEBUG [EBManual_System_JSSTTL-116719] Completed quitSelendroid function
2016-01-27 22:05:43,262 DEBUG [EBManual_System_JSSTTL-116719] Row number:20
2016-01-27 22:05:43,305 DEBUG [EBManual_System_JSSTTL-116719] Ending Test Case IDSTTL-116719
