2016-01-27 22:13:07,295 DEBUG [EBManual_System_JSSTTL-116736] Executing Test Case ID: STTL-116736
2016-01-27 22:13:07,305 DEBUG [EBManual_System_JSSTTL-116736] Executing Init_Selendroid function with APK as parameter and clear data value with 1
2016-01-27 22:13:16,188 DEBUG [EBManual_System_JSSTTL-116736] Exiting Init_Selendroid function
2016-01-27 22:13:16,212 DEBUG [EBManual_System_JSSTTL-116736] TestCase with Description "call getProperty with screenHeight" Execution started
2016-01-27 22:13:16,212 DEBUG [EBManual_System_JSSTTL-116736] In execute keyword function
2016-01-27 22:13:16,212 DEBUG [EBManual_System_JSSTTL-116736] Executing wait function:
2016-01-27 22:13:16,212 DEBUG [EBManual_System_JSSTTL-116736] Started Executing wait function
2016-01-27 22:13:19,212 DEBUG [EBManual_System_JSSTTL-116736] Exiting from wait function
2016-01-27 22:13:19,212 DEBUG [EBManual_System_JSSTTL-116736] TestStepResult of wait: Pass
2016-01-27 22:13:19,212 DEBUG [EBManual_System_JSSTTL-116736] In execute keyword function
2016-01-27 22:13:19,212 DEBUG [EBManual_System_JSSTTL-116736] Executing validate_PageTitle function:
2016-01-27 22:13:19,254 DEBUG [EBManual_System_JSSTTL-116736] The title of the page is *********************************: Manual specs
2016-01-27 22:13:19,254 DEBUG [EBManual_System_JSSTTL-116736] The page title found is correct
2016-01-27 22:13:19,254 DEBUG [EBManual_System_JSSTTL-116736] Result of validate_PageTitle: pass
2016-01-27 22:13:19,254 DEBUG [EBManual_System_JSSTTL-116736] In execute keyword function
2016-01-27 22:13:19,254 DEBUG [EBManual_System_JSSTTL-116736] Executing link_Click function:
2016-01-27 22:13:20,052 DEBUG [EBManual_System_JSSTTL-116736] Executing Click function
2016-01-27 22:13:21,429 DEBUG [EBManual_System_JSSTTL-116736] Exiting Click function
2016-01-27 22:13:21,429 DEBUG [EBManual_System_JSSTTL-116736] system_test_link clicked successfully
2016-01-27 22:13:21,429 DEBUG [EBManual_System_JSSTTL-116736] TestStepResult of link_Click: Pass
2016-01-27 22:13:21,429 DEBUG [EBManual_System_JSSTTL-116736] In execute keyword function
2016-01-27 22:13:21,429 DEBUG [EBManual_System_JSSTTL-116736] Executing validate_PageTitle function:
2016-01-27 22:13:21,446 DEBUG [EBManual_System_JSSTTL-116736] The title of the page is *********************************: System JS Test
2016-01-27 22:13:21,446 DEBUG [EBManual_System_JSSTTL-116736] The page title found is correct
2016-01-27 22:13:21,446 DEBUG [EBManual_System_JSSTTL-116736] Result of validate_PageTitle: pass
2016-01-27 22:13:21,446 DEBUG [EBManual_System_JSSTTL-116736] In execute keyword function
2016-01-27 22:13:21,446 DEBUG [EBManual_System_JSSTTL-116736] Executing SelectTestToRun function:
2016-01-27 22:13:26,650 DEBUG [EBManual_System_JSSTTL-116736] Successfull in selecting clicking the category
2016-01-27 22:13:26,650 DEBUG [EBManual_System_JSSTTL-116736] TestStepResult of SelectTestToRun: pass
2016-01-27 22:13:26,650 DEBUG [EBManual_System_JSSTTL-116736] In execute keyword function
2016-01-27 22:13:26,650 DEBUG [EBManual_System_JSSTTL-116736] Executing ClickRunTest function:
2016-01-27 22:13:26,974 DEBUG [EBManual_System_JSSTTL-116736] Executing Click function
2016-01-27 22:13:27,950 DEBUG [EBManual_System_JSSTTL-116736] Exiting Click function
2016-01-27 22:13:27,950 DEBUG [EBManual_System_JSSTTL-116736] runtest_top_xpath Button clicked Successfully
2016-01-27 22:13:27,950 DEBUG [EBManual_System_JSSTTL-116736] TestStepResult of ClickRunTest: pass
2016-01-27 22:13:27,950 DEBUG [EBManual_System_JSSTTL-116736] In execute keyword function
2016-01-27 22:13:27,950 DEBUG [EBManual_System_JSSTTL-116736] Executing validate_Text_Exists function:
2016-01-27 22:13:28,895 DEBUG [EBManual_System_JSSTTL-116736] VT300-023 Testcase Text found
2016-01-27 22:13:28,895 DEBUG [EBManual_System_JSSTTL-116736] Result of validate_Text_Exists: Pass
2016-01-27 22:13:28,896 DEBUG [EBManual_System_JSSTTL-116736] In execute keyword function
2016-01-27 22:13:28,896 DEBUG [EBManual_System_JSSTTL-116736] Executing ClickRunTest function:
2016-01-27 22:13:29,243 DEBUG [EBManual_System_JSSTTL-116736] Executing Click function
2016-01-27 22:13:30,229 DEBUG [EBManual_System_JSSTTL-116736] Exiting Click function
2016-01-27 22:13:30,229 DEBUG [EBManual_System_JSSTTL-116736] runtest_bottom_xpath Button clicked Successfully
2016-01-27 22:13:30,229 DEBUG [EBManual_System_JSSTTL-116736] TestStepResult of ClickRunTest: pass
2016-01-27 22:13:30,229 DEBUG [EBManual_System_JSSTTL-116736] In execute keyword function
2016-01-27 22:13:30,229 DEBUG [EBManual_System_JSSTTL-116736] Executing validate_SystemProperties function:
2016-01-27 22:13:30,482 DEBUG [EBManual_System_JSSTTL-116736] Started executeCommandLine function
2016-01-27 22:13:34,503 DEBUG [EBManual_System_JSSTTL-116736] screenHeightvalue isVT300-023 | call getProperty with screenHeight | : 1280 returned in property and result isPass
2016-01-27 22:13:34,503 DEBUG [EBManual_System_JSSTTL-116736] Result of validate_SystemProperties: Pass
2016-01-27 22:13:34,503 DEBUG [EBManual_System_JSSTTL-116736] allstep_result contains: passpasspassPassPassnull
2016-01-27 22:13:34,503 DEBUG [EBManual_System_JSSTTL-116736] allexpected_result contains: nullPassnullPassnullpassnullpassnull
2016-01-27 22:13:34,503 DEBUG [EBManual_System_JSSTTL-116736] Testcase_Result contains: nullPassnullPassnullpassnullpassnullpasspasspassPassPassnull
2016-01-27 22:13:34,503 DEBUG [EBManual_System_JSSTTL-116736] Test case with description call getProperty with screenHeight Pass
2016-01-27 22:13:35,497 DEBUG [EBManual_System_JSSTTL-116736] Executing browser_Quit function
2016-01-27 22:13:35,497 DEBUG [EBManual_System_JSSTTL-116736] Completed browser_Quit function
2016-01-27 22:13:35,497 DEBUG [EBManual_System_JSSTTL-116736] Completed quitSelendroid function
2016-01-27 22:13:35,499 DEBUG [EBManual_System_JSSTTL-116736] Row number:37
2016-01-27 22:13:35,544 DEBUG [EBManual_System_JSSTTL-116736] Ending Test Case IDSTTL-116736
