2016-01-27 22:08:50,711 DEBUG [EBManual_System_JSSTTL-116727] Executing Test Case ID: STTL-116727
2016-01-27 22:08:50,721 DEBUG [EBManual_System_JSSTTL-116727] Executing Init_Selendroid function with APK as parameter and clear data value with 1
2016-01-27 22:09:01,045 DEBUG [EBManual_System_JSSTTL-116727] Exiting Init_Selendroid function
2016-01-27 22:09:01,069 DEBUG [EBManual_System_JSSTTL-116727] TestCase with Description "call getProperty with isMotorolaDevice" Execution started
2016-01-27 22:09:01,069 DEBUG [EBManual_System_JSSTTL-116727] In execute keyword function
2016-01-27 22:09:01,069 DEBUG [EBManual_System_JSSTTL-116727] Executing wait function:
2016-01-27 22:09:01,069 DEBUG [EBManual_System_JSSTTL-116727] Started Executing wait function
2016-01-27 22:09:04,070 DEBUG [EBManual_System_JSSTTL-116727] Exiting from wait function
2016-01-27 22:09:04,070 DEBUG [EBManual_System_JSSTTL-116727] TestStepResult of wait: Pass
2016-01-27 22:09:04,070 DEBUG [EBManual_System_JSSTTL-116727] In execute keyword function
2016-01-27 22:09:04,070 DEBUG [EBManual_System_JSSTTL-116727] Executing validate_PageTitle function:
2016-01-27 22:09:04,086 DEBUG [EBManual_System_JSSTTL-116727] The title of the page is *********************************: Manual specs
2016-01-27 22:09:04,087 DEBUG [EBManual_System_JSSTTL-116727] The page title found is correct
2016-01-27 22:09:04,087 DEBUG [EBManual_System_JSSTTL-116727] Result of validate_PageTitle: pass
2016-01-27 22:09:04,087 DEBUG [EBManual_System_JSSTTL-116727] In execute keyword function
2016-01-27 22:09:04,087 DEBUG [EBManual_System_JSSTTL-116727] Executing link_Click function:
2016-01-27 22:09:04,801 DEBUG [EBManual_System_JSSTTL-116727] Executing Click function
2016-01-27 22:09:06,135 DEBUG [EBManual_System_JSSTTL-116727] Exiting Click function
2016-01-27 22:09:06,136 DEBUG [EBManual_System_JSSTTL-116727] system_test_link clicked successfully
2016-01-27 22:09:06,136 DEBUG [EBManual_System_JSSTTL-116727] TestStepResult of link_Click: Pass
2016-01-27 22:09:06,136 DEBUG [EBManual_System_JSSTTL-116727] In execute keyword function
2016-01-27 22:09:06,136 DEBUG [EBManual_System_JSSTTL-116727] Executing validate_PageTitle function:
2016-01-27 22:09:06,153 DEBUG [EBManual_System_JSSTTL-116727] The title of the page is *********************************: System JS Test
2016-01-27 22:09:06,153 DEBUG [EBManual_System_JSSTTL-116727] The page title found is correct
2016-01-27 22:09:06,153 DEBUG [EBManual_System_JSSTTL-116727] Result of validate_PageTitle: pass
2016-01-27 22:09:06,153 DEBUG [EBManual_System_JSSTTL-116727] In execute keyword function
2016-01-27 22:09:06,153 DEBUG [EBManual_System_JSSTTL-116727] Executing SelectTestToRun function:
2016-01-27 22:09:10,513 DEBUG [EBManual_System_JSSTTL-116727] Successfull in selecting clicking the category
2016-01-27 22:09:10,513 DEBUG [EBManual_System_JSSTTL-116727] TestStepResult of SelectTestToRun: pass
2016-01-27 22:09:10,513 DEBUG [EBManual_System_JSSTTL-116727] In execute keyword function
2016-01-27 22:09:10,513 DEBUG [EBManual_System_JSSTTL-116727] Executing ClickRunTest function:
2016-01-27 22:09:10,858 DEBUG [EBManual_System_JSSTTL-116727] Executing Click function
2016-01-27 22:09:11,826 DEBUG [EBManual_System_JSSTTL-116727] Exiting Click function
2016-01-27 22:09:11,827 DEBUG [EBManual_System_JSSTTL-116727] runtest_top_xpath Button clicked Successfully
2016-01-27 22:09:11,827 DEBUG [EBManual_System_JSSTTL-116727] TestStepResult of ClickRunTest: pass
2016-01-27 22:09:11,827 DEBUG [EBManual_System_JSSTTL-116727] In execute keyword function
2016-01-27 22:09:11,827 DEBUG [EBManual_System_JSSTTL-116727] Executing validate_Text_Exists function:
2016-01-27 22:09:12,705 DEBUG [EBManual_System_JSSTTL-116727] VT300-014 Testcase Text found
2016-01-27 22:09:12,705 DEBUG [EBManual_System_JSSTTL-116727] Result of validate_Text_Exists: Pass
2016-01-27 22:09:12,705 DEBUG [EBManual_System_JSSTTL-116727] In execute keyword function
2016-01-27 22:09:12,705 DEBUG [EBManual_System_JSSTTL-116727] Executing ClickRunTest function:
2016-01-27 22:09:13,021 DEBUG [EBManual_System_JSSTTL-116727] Executing Click function
2016-01-27 22:09:13,991 DEBUG [EBManual_System_JSSTTL-116727] Exiting Click function
2016-01-27 22:09:13,991 DEBUG [EBManual_System_JSSTTL-116727] runtest_bottom_xpath Button clicked Successfully
2016-01-27 22:09:13,991 DEBUG [EBManual_System_JSSTTL-116727] TestStepResult of ClickRunTest: pass
2016-01-27 22:09:13,991 DEBUG [EBManual_System_JSSTTL-116727] In execute keyword function
2016-01-27 22:09:13,991 DEBUG [EBManual_System_JSSTTL-116727] Executing validate_SystemProperties function:
2016-01-27 22:09:14,272 DEBUG [EBManual_System_JSSTTL-116727] Started executeCommandLine function
2016-01-27 22:09:18,291 DEBUG [EBManual_System_JSSTTL-116727] isMotorolaDevicevalue isVT300-014 | call getProperty with isMotorolaDevice | : true returned in property and result isPass
2016-01-27 22:09:18,291 DEBUG [EBManual_System_JSSTTL-116727] Result of validate_SystemProperties: Pass
2016-01-27 22:09:18,291 DEBUG [EBManual_System_JSSTTL-116727] allstep_result contains: passpasspassPassPassnull
2016-01-27 22:09:18,291 DEBUG [EBManual_System_JSSTTL-116727] allexpected_result contains: nullPassnullPassnullpassnullpassnull
2016-01-27 22:09:18,291 DEBUG [EBManual_System_JSSTTL-116727] Testcase_Result contains: nullPassnullPassnullpassnullpassnullpasspasspassPassPassnull
2016-01-27 22:09:18,291 DEBUG [EBManual_System_JSSTTL-116727] Test case with description call getProperty with isMotorolaDevice Pass
2016-01-27 22:09:19,336 DEBUG [EBManual_System_JSSTTL-116727] Executing browser_Quit function
2016-01-27 22:09:19,336 DEBUG [EBManual_System_JSSTTL-116727] Completed browser_Quit function
2016-01-27 22:09:19,336 DEBUG [EBManual_System_JSSTTL-116727] Completed quitSelendroid function
2016-01-27 22:09:19,337 DEBUG [EBManual_System_JSSTTL-116727] Row number:28
2016-01-27 22:09:19,381 DEBUG [EBManual_System_JSSTTL-116727] Ending Test Case IDSTTL-116727
