2016-01-27 22:01:30,687 DEBUG [EBManual_System_JSSTTL-116713] Executing Test Case ID: STTL-116713
2016-01-27 22:01:30,697 DEBUG [EBManual_System_JSSTTL-116713] Executing Init_Selendroid function with APK as parameter and clear data value with 1
2016-01-27 22:01:41,093 DEBUG [EBManual_System_JSSTTL-116713] Exiting Init_Selendroid function
2016-01-27 22:01:41,117 DEBUG [EBManual_System_JSSTTL-116713] TestCase with Description "call getproperties with country" Execution started
2016-01-27 22:01:41,117 DEBUG [EBManual_System_JSSTTL-116713] In execute keyword function
2016-01-27 22:01:41,117 DEBUG [EBManual_System_JSSTTL-116713] Executing wait function:
2016-01-27 22:01:41,117 DEBUG [EBManual_System_JSSTTL-116713] Started Executing wait function
2016-01-27 22:01:44,119 DEBUG [EBManual_System_JSSTTL-116713] Exiting from wait function
2016-01-27 22:01:44,119 DEBUG [EBManual_System_JSSTTL-116713] TestStepResult of wait: Pass
2016-01-27 22:01:44,119 DEBUG [EBManual_System_JSSTTL-116713] In execute keyword function
2016-01-27 22:01:44,119 DEBUG [EBManual_System_JSSTTL-116713] Executing validate_PageTitle function:
2016-01-27 22:01:44,157 DEBUG [EBManual_System_JSSTTL-116713] The title of the page is *********************************: Manual specs
2016-01-27 22:01:44,157 DEBUG [EBManual_System_JSSTTL-116713] The page title found is correct
2016-01-27 22:01:44,157 DEBUG [EBManual_System_JSSTTL-116713] Result of validate_PageTitle: pass
2016-01-27 22:01:44,157 DEBUG [EBManual_System_JSSTTL-116713] In execute keyword function
2016-01-27 22:01:44,157 DEBUG [EBManual_System_JSSTTL-116713] Executing link_Click function:
2016-01-27 22:01:44,976 DEBUG [EBManual_System_JSSTTL-116713] Executing Click function
2016-01-27 22:01:46,390 DEBUG [EBManual_System_JSSTTL-116713] Exiting Click function
2016-01-27 22:01:46,391 DEBUG [EBManual_System_JSSTTL-116713] system_test_link clicked successfully
2016-01-27 22:01:46,391 DEBUG [EBManual_System_JSSTTL-116713] TestStepResult of link_Click: Pass
2016-01-27 22:01:46,391 DEBUG [EBManual_System_JSSTTL-116713] In execute keyword function
2016-01-27 22:01:46,391 DEBUG [EBManual_System_JSSTTL-116713] Executing validate_PageTitle function:
2016-01-27 22:01:46,410 DEBUG [EBManual_System_JSSTTL-116713] The title of the page is *********************************: System JS Test
2016-01-27 22:01:46,410 DEBUG [EBManual_System_JSSTTL-116713] The page title found is correct
2016-01-27 22:01:46,410 DEBUG [EBManual_System_JSSTTL-116713] Result of validate_PageTitle: pass
2016-01-27 22:01:46,410 DEBUG [EBManual_System_JSSTTL-116713] In execute keyword function
2016-01-27 22:01:46,410 DEBUG [EBManual_System_JSSTTL-116713] Executing SelectTestToRun function:
2016-01-27 22:01:53,485 DEBUG [EBManual_System_JSSTTL-116713] Successfull in selecting clicking the category
2016-01-27 22:01:53,485 DEBUG [EBManual_System_JSSTTL-116713] TestStepResult of SelectTestToRun: pass
2016-01-27 22:01:53,485 DEBUG [EBManual_System_JSSTTL-116713] In execute keyword function
2016-01-27 22:01:53,485 DEBUG [EBManual_System_JSSTTL-116713] Executing ClickRunTest function:
2016-01-27 22:01:53,860 DEBUG [EBManual_System_JSSTTL-116713] Executing Click function
2016-01-27 22:01:54,779 DEBUG [EBManual_System_JSSTTL-116713] Exiting Click function
2016-01-27 22:01:54,779 DEBUG [EBManual_System_JSSTTL-116713] runtest_top_xpath Button clicked Successfully
2016-01-27 22:01:54,779 DEBUG [EBManual_System_JSSTTL-116713] TestStepResult of ClickRunTest: pass
2016-01-27 22:01:54,780 DEBUG [EBManual_System_JSSTTL-116713] In execute keyword function
2016-01-27 22:01:54,780 DEBUG [EBManual_System_JSSTTL-116713] Executing validate_Text_Exists function:
2016-01-27 22:01:55,642 DEBUG [EBManual_System_JSSTTL-116713] VT300-028 Testcase Text found
2016-01-27 22:01:55,642 DEBUG [EBManual_System_JSSTTL-116713] Result of validate_Text_Exists: Pass
2016-01-27 22:01:55,642 DEBUG [EBManual_System_JSSTTL-116713] In execute keyword function
2016-01-27 22:01:55,642 DEBUG [EBManual_System_JSSTTL-116713] Executing ClickRunTest function:
2016-01-27 22:01:56,003 DEBUG [EBManual_System_JSSTTL-116713] Executing Click function
2016-01-27 22:01:57,072 DEBUG [EBManual_System_JSSTTL-116713] Exiting Click function
2016-01-27 22:01:57,072 DEBUG [EBManual_System_JSSTTL-116713] runtest_bottom_xpath Button clicked Successfully
2016-01-27 22:01:57,072 DEBUG [EBManual_System_JSSTTL-116713] TestStepResult of ClickRunTest: pass
2016-01-27 22:01:57,072 DEBUG [EBManual_System_JSSTTL-116713] In execute keyword function
2016-01-27 22:01:57,072 DEBUG [EBManual_System_JSSTTL-116713] Executing validate_SystemProperties function:
2016-01-27 22:01:57,386 DEBUG [EBManual_System_JSSTTL-116713] Started executeCommandLine function
2016-01-27 22:02:01,408 DEBUG [EBManual_System_JSSTTL-116713] country is returned in property
2016-01-27 22:02:01,408 DEBUG [EBManual_System_JSSTTL-116713] Result of validate_SystemProperties: Pass
2016-01-27 22:02:01,408 DEBUG [EBManual_System_JSSTTL-116713] allstep_result contains: passpasspassPassPassnull
2016-01-27 22:02:01,408 DEBUG [EBManual_System_JSSTTL-116713] allexpected_result contains: nullPassnullPassnullpassnullpassnull
2016-01-27 22:02:01,408 DEBUG [EBManual_System_JSSTTL-116713] Testcase_Result contains: nullPassnullPassnullpassnullpassnullpasspasspassPassPassnull
2016-01-27 22:02:01,408 DEBUG [EBManual_System_JSSTTL-116713] Test case with description call getproperties with country Pass
2016-01-27 22:02:02,441 DEBUG [EBManual_System_JSSTTL-116713] Executing browser_Quit function
2016-01-27 22:02:02,441 DEBUG [EBManual_System_JSSTTL-116713] Completed browser_Quit function
2016-01-27 22:02:02,441 DEBUG [EBManual_System_JSSTTL-116713] Completed quitSelendroid function
2016-01-27 22:02:02,442 DEBUG [EBManual_System_JSSTTL-116713] Row number:14
2016-01-27 22:02:02,480 DEBUG [EBManual_System_JSSTTL-116713] Ending Test Case IDSTTL-116713
