2016-01-27 21:58:29,116 DEBUG [EBManual_System_JSSTTL-116709] Executing Test Case ID: STTL-116709
2016-01-27 21:58:29,126 DEBUG [EBManual_System_JSSTTL-116709] Executing Init_Selendroid function with APK as parameter and clear data value with 1
2016-01-27 21:58:39,373 DEBUG [EBManual_System_JSSTTL-116709] Exiting Init_Selendroid function
2016-01-27 21:58:39,398 DEBUG [EBManual_System_JSSTTL-116709] TestCase with Description "Call applicationUninstall with application name 'com.rhomobile.testapp'" Execution started
2016-01-27 21:58:39,398 DEBUG [EBManual_System_JSSTTL-116709] In execute keyword function
2016-01-27 21:58:39,398 DEBUG [EBManual_System_JSSTTL-116709] Executing wait function:
2016-01-27 21:58:39,398 DEBUG [EBManual_System_JSSTTL-116709] Started Executing wait function
2016-01-27 21:58:42,399 DEBUG [EBManual_System_JSSTTL-116709] Exiting from wait function
2016-01-27 21:58:42,399 DEBUG [EBManual_System_JSSTTL-116709] TestStepResult of wait: Pass
2016-01-27 21:58:42,399 DEBUG [EBManual_System_JSSTTL-116709] In execute keyword function
2016-01-27 21:58:42,399 DEBUG [EBManual_System_JSSTTL-116709] Executing validate_PageTitle function:
2016-01-27 21:58:42,438 DEBUG [EBManual_System_JSSTTL-116709] The title of the page is *********************************: Manual specs
2016-01-27 21:58:42,439 DEBUG [EBManual_System_JSSTTL-116709] The page title found is correct
2016-01-27 21:58:42,439 DEBUG [EBManual_System_JSSTTL-116709] Result of validate_PageTitle: pass
2016-01-27 21:58:42,439 DEBUG [EBManual_System_JSSTTL-116709] In execute keyword function
2016-01-27 21:58:42,439 DEBUG [EBManual_System_JSSTTL-116709] Executing link_Click function:
2016-01-27 21:58:43,139 DEBUG [EBManual_System_JSSTTL-116709] Executing Click function
2016-01-27 21:58:44,604 DEBUG [EBManual_System_JSSTTL-116709] Exiting Click function
2016-01-27 21:58:44,604 DEBUG [EBManual_System_JSSTTL-116709] system_test_link clicked successfully
2016-01-27 21:58:44,604 DEBUG [EBManual_System_JSSTTL-116709] TestStepResult of link_Click: Pass
2016-01-27 21:58:44,604 DEBUG [EBManual_System_JSSTTL-116709] In execute keyword function
2016-01-27 21:58:44,604 DEBUG [EBManual_System_JSSTTL-116709] Executing validate_PageTitle function:
2016-01-27 21:58:44,627 DEBUG [EBManual_System_JSSTTL-116709] The title of the page is *********************************: System JS Test
2016-01-27 21:58:44,627 DEBUG [EBManual_System_JSSTTL-116709] The page title found is correct
2016-01-27 21:58:44,627 DEBUG [EBManual_System_JSSTTL-116709] Result of validate_PageTitle: pass
2016-01-27 21:58:44,627 DEBUG [EBManual_System_JSSTTL-116709] In execute keyword function
2016-01-27 21:58:44,628 DEBUG [EBManual_System_JSSTTL-116709] Executing SelectTestToRun function:
2016-01-27 21:58:50,788 DEBUG [EBManual_System_JSSTTL-116709] Successfull in selecting clicking the category
2016-01-27 21:58:50,788 DEBUG [EBManual_System_JSSTTL-116709] TestStepResult of SelectTestToRun: pass
2016-01-27 21:58:50,788 DEBUG [EBManual_System_JSSTTL-116709] In execute keyword function
2016-01-27 21:58:50,788 DEBUG [EBManual_System_JSSTTL-116709] Executing ClickRunTest function:
2016-01-27 21:58:51,120 DEBUG [EBManual_System_JSSTTL-116709] Executing Click function
2016-01-27 21:58:52,225 DEBUG [EBManual_System_JSSTTL-116709] Exiting Click function
2016-01-27 21:58:52,225 DEBUG [EBManual_System_JSSTTL-116709] runtest_top_xpath Button clicked Successfully
2016-01-27 21:58:52,225 DEBUG [EBManual_System_JSSTTL-116709] TestStepResult of ClickRunTest: pass
2016-01-27 21:58:52,225 DEBUG [EBManual_System_JSSTTL-116709] In execute keyword function
2016-01-27 21:58:52,225 DEBUG [EBManual_System_JSSTTL-116709] Executing validate_Text_Exists function:
2016-01-27 21:58:53,028 DEBUG [EBManual_System_JSSTTL-116709] VT300-060 Testcase Text found
2016-01-27 21:58:53,028 DEBUG [EBManual_System_JSSTTL-116709] Result of validate_Text_Exists: Pass
2016-01-27 21:58:53,029 DEBUG [EBManual_System_JSSTTL-116709] In execute keyword function
2016-01-27 21:58:53,029 DEBUG [EBManual_System_JSSTTL-116709] Executing ClickRunTest function:
2016-01-27 21:58:53,408 DEBUG [EBManual_System_JSSTTL-116709] Executing Click function
2016-01-27 21:58:54,498 DEBUG [EBManual_System_JSSTTL-116709] Exiting Click function
2016-01-27 21:58:54,498 DEBUG [EBManual_System_JSSTTL-116709] runtest_bottom_xpath Button clicked Successfully
2016-01-27 21:58:54,498 DEBUG [EBManual_System_JSSTTL-116709] TestStepResult of ClickRunTest: pass
2016-01-27 21:58:54,498 DEBUG [EBManual_System_JSSTTL-116709] In execute keyword function
2016-01-27 21:58:54,498 DEBUG [EBManual_System_JSSTTL-116709] Executing wait function:
2016-01-27 21:58:54,498 DEBUG [EBManual_System_JSSTTL-116709] Started Executing wait function
2016-01-27 21:58:56,498 DEBUG [EBManual_System_JSSTTL-116709] Exiting from wait function
2016-01-27 21:58:56,498 DEBUG [EBManual_System_JSSTTL-116709] TestStepResult of wait: Pass
2016-01-27 21:58:56,498 DEBUG [EBManual_System_JSSTTL-116709] In execute keyword function
2016-01-27 21:58:56,498 DEBUG [EBManual_System_JSSTTL-116709] Executing ClickUIButtonText function:
2016-01-27 21:58:56,498 DEBUG [EBManual_System_JSSTTL-116709] Entered ClickUIButtonText function
2016-01-27 21:58:56,498 DEBUG [EBManual_System_JSSTTL-116709] Started executeCommandLine function
2016-01-27 21:59:00,519 DEBUG [EBManual_System_JSSTTL-116709] Started executeCommandLine function
2016-01-27 21:59:05,003 DEBUG [EBManual_System_JSSTTL-116709] Exiting ClickUIButtonText function
2016-01-27 21:59:05,003 DEBUG [EBManual_System_JSSTTL-116709] TestStepResult of ClickUIButtonText: Pass
2016-01-27 21:59:05,003 DEBUG [EBManual_System_JSSTTL-116709] In execute keyword function
2016-01-27 21:59:05,003 DEBUG [EBManual_System_JSSTTL-116709] Executing wait function:
2016-01-27 21:59:05,003 DEBUG [EBManual_System_JSSTTL-116709] Started Executing wait function
2016-01-27 21:59:10,003 DEBUG [EBManual_System_JSSTTL-116709] Exiting from wait function
2016-01-27 21:59:10,003 DEBUG [EBManual_System_JSSTTL-116709] TestStepResult of wait: Pass
2016-01-27 21:59:10,003 DEBUG [EBManual_System_JSSTTL-116709] In execute keyword function
2016-01-27 21:59:10,003 DEBUG [EBManual_System_JSSTTL-116709] Executing SelectTestToRun function:
2016-01-27 21:59:15,722 DEBUG [EBManual_System_JSSTTL-116709] Successfull in selecting clicking the category
2016-01-27 21:59:15,722 DEBUG [EBManual_System_JSSTTL-116709] TestStepResult of SelectTestToRun: pass
2016-01-27 21:59:15,722 DEBUG [EBManual_System_JSSTTL-116709] In execute keyword function
2016-01-27 21:59:15,722 DEBUG [EBManual_System_JSSTTL-116709] Executing ClickRunTest function:
2016-01-27 21:59:16,023 DEBUG [EBManual_System_JSSTTL-116709] Executing Click function
2016-01-27 21:59:17,070 DEBUG [EBManual_System_JSSTTL-116709] Exiting Click function
2016-01-27 21:59:17,070 DEBUG [EBManual_System_JSSTTL-116709] runtest_top_xpath Button clicked Successfully
2016-01-27 21:59:17,070 DEBUG [EBManual_System_JSSTTL-116709] TestStepResult of ClickRunTest: pass
2016-01-27 21:59:17,070 DEBUG [EBManual_System_JSSTTL-116709] In execute keyword function
2016-01-27 21:59:17,070 DEBUG [EBManual_System_JSSTTL-116709] Executing validate_Text_Exists function:
2016-01-27 21:59:18,267 DEBUG [EBManual_System_JSSTTL-116709] VT300-058 Testcase Text found
2016-01-27 21:59:18,267 DEBUG [EBManual_System_JSSTTL-116709] Result of validate_Text_Exists: Pass
2016-01-27 21:59:18,267 DEBUG [EBManual_System_JSSTTL-116709] In execute keyword function
2016-01-27 21:59:18,267 DEBUG [EBManual_System_JSSTTL-116709] Executing ClickRunTest function:
2016-01-27 21:59:18,512 DEBUG [EBManual_System_JSSTTL-116709] Executing Click function
2016-01-27 21:59:19,454 DEBUG [EBManual_System_JSSTTL-116709] Exiting Click function
2016-01-27 21:59:19,454 DEBUG [EBManual_System_JSSTTL-116709] runtest_bottom_xpath Button clicked Successfully
2016-01-27 21:59:19,454 DEBUG [EBManual_System_JSSTTL-116709] TestStepResult of ClickRunTest: pass
2016-01-27 21:59:19,454 DEBUG [EBManual_System_JSSTTL-116709] In execute keyword function
2016-01-27 21:59:19,454 DEBUG [EBManual_System_JSSTTL-116709] Executing wait function:
2016-01-27 21:59:19,454 DEBUG [EBManual_System_JSSTTL-116709] Started Executing wait function
2016-01-27 21:59:24,455 DEBUG [EBManual_System_JSSTTL-116709] Exiting from wait function
2016-01-27 21:59:24,455 DEBUG [EBManual_System_JSSTTL-116709] TestStepResult of wait: Pass
2016-01-27 21:59:24,455 DEBUG [EBManual_System_JSSTTL-116709] In execute keyword function
2016-01-27 21:59:24,455 DEBUG [EBManual_System_JSSTTL-116709] Executing validate_Result function:
2016-01-27 21:59:24,753 DEBUG [EBManual_System_JSSTTL-116709] Application install status is: Text found in Results
Application install status is: : false
2016-01-27 21:59:24,753 DEBUG [EBManual_System_JSSTTL-116709] Result of validate_Result: Pass
2016-01-27 21:59:24,753 DEBUG [EBManual_System_JSSTTL-116709] In execute keyword function
2016-01-27 21:59:24,753 DEBUG [EBManual_System_JSSTTL-116709] Executing validate_Result function:
2016-01-27 21:59:24,948 DEBUG [EBManual_System_JSSTTL-116709] false Text found in Results
Application install status is: : false
2016-01-27 21:59:24,948 DEBUG [EBManual_System_JSSTTL-116709] Result of validate_Result: Pass
2016-01-27 21:59:24,948 DEBUG [EBManual_System_JSSTTL-116709] allstep_result contains: PasspasspasspassPassPassPasspasspasspassPassPassnull
2016-01-27 21:59:24,948 DEBUG [EBManual_System_JSSTTL-116709] allexpected_result contains: nullPassPassnullPassnullPassnullpassnullpassnull
2016-01-27 21:59:24,948 DEBUG [EBManual_System_JSSTTL-116709] Testcase_Result contains: nullPassPassnullPassnullPassnullpassnullpassnullPasspasspasspassPassPassPasspasspasspassPassPassnull
2016-01-27 21:59:24,948 DEBUG [EBManual_System_JSSTTL-116709] Test case with description Call applicationUninstall with application name 'com.rhomobile.testapp' Pass
2016-01-27 21:59:25,951 DEBUG [EBManual_System_JSSTTL-116709] Executing browser_Quit function
2016-01-27 21:59:25,951 DEBUG [EBManual_System_JSSTTL-116709] Completed browser_Quit function
2016-01-27 21:59:25,951 DEBUG [EBManual_System_JSSTTL-116709] Completed quitSelendroid function
2016-01-27 21:59:25,951 DEBUG [EBManual_System_JSSTTL-116709] Row number:10
2016-01-27 21:59:25,986 DEBUG [EBManual_System_JSSTTL-116709] Ending Test Case IDSTTL-116709
