2016-01-27 21:48:05,129 DEBUG [EBManual_System_JSSTTL-116707] Executing Test Case ID: STTL-116707
2016-01-27 21:48:05,139 DEBUG [EBManual_System_JSSTTL-116707] Executing Init_Selendroid function with APK as parameter and clear data value with 1
2016-01-27 21:48:15,416 DEBUG [EBManual_System_JSSTTL-116707] Exiting Init_Selendroid function
2016-01-27 21:48:15,440 DEBUG [EBManual_System_JSSTTL-116707] TestCase with Description "Call runApplication with app name 'com.rhomobile.testapp" Execution started
2016-01-27 21:48:15,440 DEBUG [EBManual_System_JSSTTL-116707] In execute keyword function
2016-01-27 21:48:15,440 DEBUG [EBManual_System_JSSTTL-116707] Executing wait function:
2016-01-27 21:48:15,440 DEBUG [EBManual_System_JSSTTL-116707] Started Executing wait function
2016-01-27 21:48:18,440 DEBUG [EBManual_System_JSSTTL-116707] Exiting from wait function
2016-01-27 21:48:18,440 DEBUG [EBManual_System_JSSTTL-116707] TestStepResult of wait: Pass
2016-01-27 21:48:18,440 DEBUG [EBManual_System_JSSTTL-116707] In execute keyword function
2016-01-27 21:48:18,440 DEBUG [EBManual_System_JSSTTL-116707] Executing validate_PageTitle function:
2016-01-27 21:48:18,480 DEBUG [EBManual_System_JSSTTL-116707] The title of the page is *********************************: Manual specs
2016-01-27 21:48:18,480 DEBUG [EBManual_System_JSSTTL-116707] The page title found is correct
2016-01-27 21:48:18,480 DEBUG [EBManual_System_JSSTTL-116707] Result of validate_PageTitle: pass
2016-01-27 21:48:18,480 DEBUG [EBManual_System_JSSTTL-116707] In execute keyword function
2016-01-27 21:48:18,480 DEBUG [EBManual_System_JSSTTL-116707] Executing link_Click function:
2016-01-27 21:48:19,165 DEBUG [EBManual_System_JSSTTL-116707] Executing Click function
2016-01-27 21:48:20,602 DEBUG [EBManual_System_JSSTTL-116707] Exiting Click function
2016-01-27 21:48:20,602 DEBUG [EBManual_System_JSSTTL-116707] system_test_link clicked successfully
2016-01-27 21:48:20,602 DEBUG [EBManual_System_JSSTTL-116707] TestStepResult of link_Click: Pass
2016-01-27 21:48:20,602 DEBUG [EBManual_System_JSSTTL-116707] In execute keyword function
2016-01-27 21:48:20,602 DEBUG [EBManual_System_JSSTTL-116707] Executing validate_PageTitle function:
2016-01-27 21:48:20,622 DEBUG [EBManual_System_JSSTTL-116707] The title of the page is *********************************: System JS Test
2016-01-27 21:48:20,622 DEBUG [EBManual_System_JSSTTL-116707] The page title found is correct
2016-01-27 21:48:20,622 DEBUG [EBManual_System_JSSTTL-116707] Result of validate_PageTitle: pass
2016-01-27 21:48:20,622 DEBUG [EBManual_System_JSSTTL-116707] In execute keyword function
2016-01-27 21:48:20,622 DEBUG [EBManual_System_JSSTTL-116707] Executing SelectTestToRun function:
2016-01-27 21:48:26,684 DEBUG [EBManual_System_JSSTTL-116707] Successfull in selecting clicking the category
2016-01-27 21:48:26,684 DEBUG [EBManual_System_JSSTTL-116707] TestStepResult of SelectTestToRun: pass
2016-01-27 21:48:26,684 DEBUG [EBManual_System_JSSTTL-116707] In execute keyword function
2016-01-27 21:48:26,684 DEBUG [EBManual_System_JSSTTL-116707] Executing ClickRunTest function:
2016-01-27 21:48:27,052 DEBUG [EBManual_System_JSSTTL-116707] Executing Click function
2016-01-27 21:48:27,997 DEBUG [EBManual_System_JSSTTL-116707] Exiting Click function
2016-01-27 21:48:27,997 DEBUG [EBManual_System_JSSTTL-116707] runtest_top_xpath Button clicked Successfully
2016-01-27 21:48:27,997 DEBUG [EBManual_System_JSSTTL-116707] TestStepResult of ClickRunTest: pass
2016-01-27 21:48:27,997 DEBUG [EBManual_System_JSSTTL-116707] In execute keyword function
2016-01-27 21:48:27,997 DEBUG [EBManual_System_JSSTTL-116707] Executing validate_Text_Exists function:
2016-01-27 21:48:28,989 DEBUG [EBManual_System_JSSTTL-116707] VT300-059 Testcase Text found
2016-01-27 21:48:28,989 DEBUG [EBManual_System_JSSTTL-116707] Result of validate_Text_Exists: Pass
2016-01-27 21:48:28,989 DEBUG [EBManual_System_JSSTTL-116707] In execute keyword function
2016-01-27 21:48:28,989 DEBUG [EBManual_System_JSSTTL-116707] Executing ClickRunTest function:
2016-01-27 21:48:29,307 DEBUG [EBManual_System_JSSTTL-116707] Executing Click function
2016-01-27 21:48:30,387 DEBUG [EBManual_System_JSSTTL-116707] Exiting Click function
2016-01-27 21:48:30,387 DEBUG [EBManual_System_JSSTTL-116707] runtest_bottom_xpath Button clicked Successfully
2016-01-27 21:48:30,387 DEBUG [EBManual_System_JSSTTL-116707] TestStepResult of ClickRunTest: pass
2016-01-27 21:48:30,387 DEBUG [EBManual_System_JSSTTL-116707] In execute keyword function
2016-01-27 21:48:30,387 DEBUG [EBManual_System_JSSTTL-116707] Executing validate_App_Launched_Device function:
2016-01-27 21:48:30,387 DEBUG [EBManual_System_JSSTTL-116707] Started Executing Validate_App_launched_Device function
2016-01-27 21:48:30,387 DEBUG [EBManual_System_JSSTTL-116707] Entered CheckUIButtonExists function
2016-01-27 21:48:30,387 DEBUG [EBManual_System_JSSTTL-116707] Started executeCommandLine function
2016-01-27 21:48:34,408 DEBUG [EBManual_System_JSSTTL-116707] Exiting from executeCommandLine function
2016-01-27 21:48:34,408 DEBUG [EBManual_System_JSSTTL-116707] Button is not Present
2016-01-27 21:48:34,408 DEBUG [EBManual_System_JSSTTL-116707] Exiting from CheckUIButtonExists function
2016-01-27 21:48:34,408 DEBUG [EBManual_System_JSSTTL-116707] Started executeCommandLine function
2016-01-27 21:48:38,428 DEBUG [EBManual_System_JSSTTL-116707] Exiting from executeCommandLine function
2016-01-27 21:48:38,428 DEBUG [EBManual_System_JSSTTL-116707] Started executeCommandLine function
2016-01-27 21:48:42,450 DEBUG [EBManual_System_JSSTTL-116707] Exiting from executeCommandLine function
2016-01-27 21:48:42,450 DEBUG [EBManual_System_JSSTTL-116707] Given App is not in Foreground
2016-01-27 21:48:42,450 DEBUG [EBManual_System_JSSTTL-116707] Exiting Validate_App_launched_Device function
2016-01-27 21:48:42,450 DEBUG [EBManual_System_JSSTTL-116707] Result of validate_App_Launched_Device: Fail
2016-01-27 21:48:42,450 DEBUG [EBManual_System_JSSTTL-116707] In execute keyword function
2016-01-27 21:48:42,450 DEBUG [EBManual_System_JSSTTL-116707] Executing press_Key function:
2016-01-27 21:48:42,450 DEBUG [EBManual_System_JSSTTL-116707] Started executeCommandLine function
2016-01-27 21:48:46,470 DEBUG [EBManual_System_JSSTTL-116707] Exiting from executeCommandLine function
2016-01-27 21:48:46,470 DEBUG [EBManual_System_JSSTTL-116707] pressed on the back key
2016-01-27 21:48:46,470 DEBUG [EBManual_System_JSSTTL-116707] Back works
2016-01-27 21:48:47,470 DEBUG [EBManual_System_JSSTTL-116707] TestStepResult of press_Key: pass
2016-01-27 21:48:47,470 DEBUG [EBManual_System_JSSTTL-116707] allstep_result contains: passpasspasspassPassPassnull
2016-01-27 21:48:47,470 DEBUG [EBManual_System_JSSTTL-116707] allexpected_result contains: nullFailnullPassnullpassnullpassnull
2016-01-27 21:48:47,470 DEBUG [EBManual_System_JSSTTL-116707] Testcase_Result contains: nullFailnullPassnullpassnullpassnullpasspasspasspassPassPassnull
2016-01-27 21:48:47,470 DEBUG [EBManual_System_JSSTTL-116707] Test case with description Call runApplication with app name 'com.rhomobile.testapp Fail
2016-01-27 21:48:48,529 DEBUG [EBManual_System_JSSTTL-116707] Executing browser_Quit function
2016-01-27 21:48:48,529 DEBUG [EBManual_System_JSSTTL-116707] Completed browser_Quit function
2016-01-27 21:48:48,529 DEBUG [EBManual_System_JSSTTL-116707] Completed quitSelendroid function
2016-01-27 21:48:48,529 DEBUG [EBManual_System_JSSTTL-116707] Row number:8
