2016-01-27 21:59:26,018 DEBUG [EBManual_System_JSSTTL-116710] Executing Test Case ID: STTL-116710
2016-01-27 21:59:26,028 DEBUG [EBManual_System_JSSTTL-116710] Executing Init_Selendroid function with APK as parameter and clear data value with 1
2016-01-27 21:59:36,459 DEBUG [EBManual_System_JSSTTL-116710] Exiting Init_Selendroid function
2016-01-27 21:59:36,483 DEBUG [EBManual_System_JSSTTL-116710] TestCase with Description "call openUrl() with http://www.google.co.in" Execution started
2016-01-27 21:59:36,483 DEBUG [EBManual_System_JSSTTL-116710] In execute keyword function
2016-01-27 21:59:36,483 DEBUG [EBManual_System_JSSTTL-116710] Executing wait function:
2016-01-27 21:59:36,483 DEBUG [EBManual_System_JSSTTL-116710] Started Executing wait function
2016-01-27 21:59:39,484 DEBUG [EBManual_System_JSSTTL-116710] Exiting from wait function
2016-01-27 21:59:39,484 DEBUG [EBManual_System_JSSTTL-116710] TestStepResult of wait: Pass
2016-01-27 21:59:39,484 DEBUG [EBManual_System_JSSTTL-116710] In execute keyword function
2016-01-27 21:59:39,484 DEBUG [EBManual_System_JSSTTL-116710] Executing validate_PageTitle function:
2016-01-27 21:59:39,523 DEBUG [EBManual_System_JSSTTL-116710] The title of the page is *********************************: Manual specs
2016-01-27 21:59:39,523 DEBUG [EBManual_System_JSSTTL-116710] The page title found is correct
2016-01-27 21:59:39,523 DEBUG [EBManual_System_JSSTTL-116710] Result of validate_PageTitle: pass
2016-01-27 21:59:39,523 DEBUG [EBManual_System_JSSTTL-116710] In execute keyword function
2016-01-27 21:59:39,524 DEBUG [EBManual_System_JSSTTL-116710] Executing link_Click function:
2016-01-27 21:59:40,298 DEBUG [EBManual_System_JSSTTL-116710] Executing Click function
2016-01-27 21:59:41,653 DEBUG [EBManual_System_JSSTTL-116710] Exiting Click function
2016-01-27 21:59:41,653 DEBUG [EBManual_System_JSSTTL-116710] system_test_link clicked successfully
2016-01-27 21:59:41,653 DEBUG [EBManual_System_JSSTTL-116710] TestStepResult of link_Click: Pass
2016-01-27 21:59:41,653 DEBUG [EBManual_System_JSSTTL-116710] In execute keyword function
2016-01-27 21:59:41,653 DEBUG [EBManual_System_JSSTTL-116710] Executing validate_PageTitle function:
2016-01-27 21:59:41,671 DEBUG [EBManual_System_JSSTTL-116710] The title of the page is *********************************: System JS Test
2016-01-27 21:59:41,671 DEBUG [EBManual_System_JSSTTL-116710] The page title found is correct
2016-01-27 21:59:41,671 DEBUG [EBManual_System_JSSTTL-116710] Result of validate_PageTitle: pass
2016-01-27 21:59:41,671 DEBUG [EBManual_System_JSSTTL-116710] In execute keyword function
2016-01-27 21:59:41,671 DEBUG [EBManual_System_JSSTTL-116710] Executing SelectTestToRun function:
2016-01-27 21:59:47,934 DEBUG [EBManual_System_JSSTTL-116710] Successfull in selecting clicking the category
2016-01-27 21:59:47,934 DEBUG [EBManual_System_JSSTTL-116710] TestStepResult of SelectTestToRun: pass
2016-01-27 21:59:47,934 DEBUG [EBManual_System_JSSTTL-116710] In execute keyword function
2016-01-27 21:59:47,934 DEBUG [EBManual_System_JSSTTL-116710] Executing ClickRunTest function:
2016-01-27 21:59:48,327 DEBUG [EBManual_System_JSSTTL-116710] Executing Click function
2016-01-27 21:59:49,416 DEBUG [EBManual_System_JSSTTL-116710] Exiting Click function
2016-01-27 21:59:49,417 DEBUG [EBManual_System_JSSTTL-116710] runtest_top_xpath Button clicked Successfully
2016-01-27 21:59:49,417 DEBUG [EBManual_System_JSSTTL-116710] TestStepResult of ClickRunTest: pass
2016-01-27 21:59:49,417 DEBUG [EBManual_System_JSSTTL-116710] In execute keyword function
2016-01-27 21:59:49,417 DEBUG [EBManual_System_JSSTTL-116710] Executing validate_Text_Exists function:
2016-01-27 21:59:50,277 DEBUG [EBManual_System_JSSTTL-116710] VT300-061 Testcase Text found
2016-01-27 21:59:50,277 DEBUG [EBManual_System_JSSTTL-116710] Result of validate_Text_Exists: Pass
2016-01-27 21:59:50,277 DEBUG [EBManual_System_JSSTTL-116710] In execute keyword function
2016-01-27 21:59:50,277 DEBUG [EBManual_System_JSSTTL-116710] Executing ClickRunTest function:
2016-01-27 21:59:50,625 DEBUG [EBManual_System_JSSTTL-116710] Executing Click function
2016-01-27 21:59:51,568 DEBUG [EBManual_System_JSSTTL-116710] Exiting Click function
2016-01-27 21:59:51,568 DEBUG [EBManual_System_JSSTTL-116710] runtest_bottom_xpath Button clicked Successfully
2016-01-27 21:59:51,568 DEBUG [EBManual_System_JSSTTL-116710] TestStepResult of ClickRunTest: pass
2016-01-27 21:59:51,568 DEBUG [EBManual_System_JSSTTL-116710] In execute keyword function
2016-01-27 21:59:51,568 DEBUG [EBManual_System_JSSTTL-116710] Executing wait function:
2016-01-27 21:59:51,568 DEBUG [EBManual_System_JSSTTL-116710] Started Executing wait function
2016-01-27 22:00:01,569 DEBUG [EBManual_System_JSSTTL-116710] Exiting from wait function
2016-01-27 22:00:01,569 DEBUG [EBManual_System_JSSTTL-116710] TestStepResult of wait: Pass
2016-01-27 22:00:01,569 DEBUG [EBManual_System_JSSTTL-116710] In execute keyword function
2016-01-27 22:00:01,569 DEBUG [EBManual_System_JSSTTL-116710] Executing validate_App_Launched_Device function:
2016-01-27 22:00:01,569 DEBUG [EBManual_System_JSSTTL-116710] Started Executing Validate_App_launched_Device function
2016-01-27 22:00:01,569 DEBUG [EBManual_System_JSSTTL-116710] Entered CheckUIButtonExists function
2016-01-27 22:00:01,569 DEBUG [EBManual_System_JSSTTL-116710] Started executeCommandLine function
2016-01-27 22:00:05,590 DEBUG [EBManual_System_JSSTTL-116710] Exiting from executeCommandLine function
2016-01-27 22:00:05,590 DEBUG [EBManual_System_JSSTTL-116710] Button is not Present
2016-01-27 22:00:05,590 DEBUG [EBManual_System_JSSTTL-116710] Exiting from CheckUIButtonExists function
2016-01-27 22:00:05,590 DEBUG [EBManual_System_JSSTTL-116710] Started executeCommandLine function
2016-01-27 22:00:09,610 DEBUG [EBManual_System_JSSTTL-116710] Given App is in Foreground
2016-01-27 22:00:09,610 DEBUG [EBManual_System_JSSTTL-116710] Exiting Validate_App_launched_Device function
2016-01-27 22:00:09,610 DEBUG [EBManual_System_JSSTTL-116710] Result of validate_App_Launched_Device: Pass
2016-01-27 22:00:09,610 DEBUG [EBManual_System_JSSTTL-116710] In execute keyword function
2016-01-27 22:00:09,610 DEBUG [EBManual_System_JSSTTL-116710] Executing validate_CompareEditText function:
2016-01-27 22:00:09,610 DEBUG [EBManual_System_JSSTTL-116710] Entered validate_TextMsgBody function
2016-01-27 22:00:09,610 DEBUG [EBManual_System_JSSTTL-116710] Started executeCommandLine function
2016-01-27 22:00:13,632 DEBUG [EBManual_System_JSSTTL-116710] Exiting from executeCommandLine function
2016-01-27 22:00:13,632 DEBUG [EBManual_System_JSSTTL-116710] Result of validate_CompareEditText: fail
2016-01-27 22:00:13,632 DEBUG [EBManual_System_JSSTTL-116710] In execute keyword function
2016-01-27 22:00:13,632 DEBUG [EBManual_System_JSSTTL-116710] Executing press_Key function:
2016-01-27 22:00:13,632 DEBUG [EBManual_System_JSSTTL-116710] Started executeCommandLine function
2016-01-27 22:00:17,653 DEBUG [EBManual_System_JSSTTL-116710] Exiting from executeCommandLine function
2016-01-27 22:00:17,653 DEBUG [EBManual_System_JSSTTL-116710] pressed on the back key
2016-01-27 22:00:17,653 DEBUG [EBManual_System_JSSTTL-116710] Back works
2016-01-27 22:00:18,653 DEBUG [EBManual_System_JSSTTL-116710] TestStepResult of press_Key: pass
2016-01-27 22:00:18,653 DEBUG [EBManual_System_JSSTTL-116710] allstep_result contains: passPasspasspasspassPassPassnull
2016-01-27 22:00:18,653 DEBUG [EBManual_System_JSSTTL-116710] allexpected_result contains: nullPassfailnullPassnullpassnullpassnull
2016-01-27 22:00:18,653 DEBUG [EBManual_System_JSSTTL-116710] Testcase_Result contains: nullPassfailnullPassnullpassnullpassnullpassPasspasspasspassPassPassnull
2016-01-27 22:00:18,653 DEBUG [EBManual_System_JSSTTL-116710] Test case with description call openUrl() with http://www.google.co.in Fail
2016-01-27 22:00:19,679 DEBUG [EBManual_System_JSSTTL-116710] Executing browser_Quit function
2016-01-27 22:00:19,679 DEBUG [EBManual_System_JSSTTL-116710] Completed browser_Quit function
2016-01-27 22:00:19,679 DEBUG [EBManual_System_JSSTTL-116710] Completed quitSelendroid function
2016-01-27 22:00:19,680 DEBUG [EBManual_System_JSSTTL-116710] Row number:11
