2016-01-27 22:09:43,639 DEBUG [EBManual_System_JSSTTL-116729] Executing Test Case ID: STTL-116729
2016-01-27 22:09:43,649 DEBUG [EBManual_System_JSSTTL-116729] Executing Init_Selendroid function with APK as parameter and clear data value with 1
2016-01-27 22:09:53,970 DEBUG [EBManual_System_JSSTTL-116729] Exiting Init_Selendroid function
2016-01-27 22:09:53,994 DEBUG [EBManual_System_JSSTTL-116729] TestCase with Description "call getProperty with oeminfo" Execution started
2016-01-27 22:09:53,994 DEBUG [EBManual_System_JSSTTL-116729] In execute keyword function
2016-01-27 22:09:53,994 DEBUG [EBManual_System_JSSTTL-116729] Executing wait function:
2016-01-27 22:09:53,994 DEBUG [EBManual_System_JSSTTL-116729] Started Executing wait function
2016-01-27 22:09:56,994 DEBUG [EBManual_System_JSSTTL-116729] Exiting from wait function
2016-01-27 22:09:56,994 DEBUG [EBManual_System_JSSTTL-116729] TestStepResult of wait: Pass
2016-01-27 22:09:56,994 DEBUG [EBManual_System_JSSTTL-116729] In execute keyword function
2016-01-27 22:09:56,994 DEBUG [EBManual_System_JSSTTL-116729] Executing validate_PageTitle function:
2016-01-27 22:09:57,032 DEBUG [EBManual_System_JSSTTL-116729] The title of the page is *********************************: Manual specs
2016-01-27 22:09:57,032 DEBUG [EBManual_System_JSSTTL-116729] The page title found is correct
2016-01-27 22:09:57,032 DEBUG [EBManual_System_JSSTTL-116729] Result of validate_PageTitle: pass
2016-01-27 22:09:57,032 DEBUG [EBManual_System_JSSTTL-116729] In execute keyword function
2016-01-27 22:09:57,032 DEBUG [EBManual_System_JSSTTL-116729] Executing link_Click function:
2016-01-27 22:09:57,804 DEBUG [EBManual_System_JSSTTL-116729] Executing Click function
2016-01-27 22:09:59,153 DEBUG [EBManual_System_JSSTTL-116729] Exiting Click function
2016-01-27 22:09:59,153 DEBUG [EBManual_System_JSSTTL-116729] system_test_link clicked successfully
2016-01-27 22:09:59,153 DEBUG [EBManual_System_JSSTTL-116729] TestStepResult of link_Click: Pass
2016-01-27 22:09:59,153 DEBUG [EBManual_System_JSSTTL-116729] In execute keyword function
2016-01-27 22:09:59,153 DEBUG [EBManual_System_JSSTTL-116729] Executing validate_PageTitle function:
2016-01-27 22:09:59,170 DEBUG [EBManual_System_JSSTTL-116729] The title of the page is *********************************: System JS Test
2016-01-27 22:09:59,170 DEBUG [EBManual_System_JSSTTL-116729] The page title found is correct
2016-01-27 22:09:59,170 DEBUG [EBManual_System_JSSTTL-116729] Result of validate_PageTitle: pass
2016-01-27 22:09:59,170 DEBUG [EBManual_System_JSSTTL-116729] In execute keyword function
2016-01-27 22:09:59,170 DEBUG [EBManual_System_JSSTTL-116729] Executing SelectTestToRun function:
2016-01-27 22:10:04,319 DEBUG [EBManual_System_JSSTTL-116729] Successfull in selecting clicking the category
2016-01-27 22:10:04,319 DEBUG [EBManual_System_JSSTTL-116729] TestStepResult of SelectTestToRun: pass
2016-01-27 22:10:04,319 DEBUG [EBManual_System_JSSTTL-116729] In execute keyword function
2016-01-27 22:10:04,319 DEBUG [EBManual_System_JSSTTL-116729] Executing ClickRunTest function:
2016-01-27 22:10:04,680 DEBUG [EBManual_System_JSSTTL-116729] Executing Click function
2016-01-27 22:10:05,647 DEBUG [EBManual_System_JSSTTL-116729] Exiting Click function
2016-01-27 22:10:05,647 DEBUG [EBManual_System_JSSTTL-116729] runtest_top_xpath Button clicked Successfully
2016-01-27 22:10:05,647 DEBUG [EBManual_System_JSSTTL-116729] TestStepResult of ClickRunTest: pass
2016-01-27 22:10:05,647 DEBUG [EBManual_System_JSSTTL-116729] In execute keyword function
2016-01-27 22:10:05,647 DEBUG [EBManual_System_JSSTTL-116729] Executing validate_Text_Exists function:
2016-01-27 22:10:06,601 DEBUG [EBManual_System_JSSTTL-116729] VT300-016 Testcase Text found
2016-01-27 22:10:06,601 DEBUG [EBManual_System_JSSTTL-116729] Result of validate_Text_Exists: Pass
2016-01-27 22:10:06,601 DEBUG [EBManual_System_JSSTTL-116729] In execute keyword function
2016-01-27 22:10:06,601 DEBUG [EBManual_System_JSSTTL-116729] Executing ClickRunTest function:
2016-01-27 22:10:06,910 DEBUG [EBManual_System_JSSTTL-116729] Executing Click function
2016-01-27 22:10:07,860 DEBUG [EBManual_System_JSSTTL-116729] Exiting Click function
2016-01-27 22:10:07,860 DEBUG [EBManual_System_JSSTTL-116729] runtest_bottom_xpath Button clicked Successfully
2016-01-27 22:10:07,860 DEBUG [EBManual_System_JSSTTL-116729] TestStepResult of ClickRunTest: pass
2016-01-27 22:10:07,860 DEBUG [EBManual_System_JSSTTL-116729] In execute keyword function
2016-01-27 22:10:07,860 DEBUG [EBManual_System_JSSTTL-116729] Executing validate_SystemProperties function:
2016-01-27 22:10:08,149 DEBUG [EBManual_System_JSSTTL-116729] Started executeCommandLine function
2016-01-27 22:10:12,170 DEBUG [EBManual_System_JSSTTL-116729] oeminfovalue isVT300-016 | call getProperty with oemInfo | : TC75 returned in property and result isPass
2016-01-27 22:10:12,170 DEBUG [EBManual_System_JSSTTL-116729] Result of validate_SystemProperties: Pass
2016-01-27 22:10:12,170 DEBUG [EBManual_System_JSSTTL-116729] allstep_result contains: passpasspassPassPassnull
2016-01-27 22:10:12,170 DEBUG [EBManual_System_JSSTTL-116729] allexpected_result contains: nullPassnullPassnullpassnullpassnull
2016-01-27 22:10:12,170 DEBUG [EBManual_System_JSSTTL-116729] Testcase_Result contains: nullPassnullPassnullpassnullpassnullpasspasspassPassPassnull
2016-01-27 22:10:12,170 DEBUG [EBManual_System_JSSTTL-116729] Test case with description call getProperty with oeminfo Pass
2016-01-27 22:10:13,242 DEBUG [EBManual_System_JSSTTL-116729] Executing browser_Quit function
2016-01-27 22:10:13,242 DEBUG [EBManual_System_JSSTTL-116729] Completed browser_Quit function
2016-01-27 22:10:13,242 DEBUG [EBManual_System_JSSTTL-116729] Completed quitSelendroid function
2016-01-27 22:10:13,243 DEBUG [EBManual_System_JSSTTL-116729] Row number:30
2016-01-27 22:10:13,292 DEBUG [EBManual_System_JSSTTL-116729] Ending Test Case IDSTTL-116729
