2016-01-28 02:02:15,796 DEBUG [EBPB_KeyhandlingSTTL-116729] Executing Test Case ID: STTL-116729
2016-01-28 02:02:15,805 DEBUG [EBPB_KeyhandlingSTTL-116729] Executing Init_Selendroid function with APK as parameter and clear data value with 1
2016-01-28 02:02:25,959 DEBUG [EBPB_KeyhandlingSTTL-116729] Exiting Init_Selendroid function
2016-01-28 02:02:25,977 DEBUG [EBPB_KeyhandlingSTTL-116729] TestCase with Description "Trigger Event Java Script function" Execution started
2016-01-28 02:02:25,977 DEBUG [EBPB_KeyhandlingSTTL-116729] In execute keyword function
2016-01-28 02:02:25,977 DEBUG [EBPB_KeyhandlingSTTL-116729] Executing wait function:
2016-01-28 02:02:25,977 DEBUG [EBPB_KeyhandlingSTTL-116729] Started Executing wait function
2016-01-28 02:02:30,977 DEBUG [EBPB_KeyhandlingSTTL-116729] Exiting from wait function
2016-01-28 02:02:30,977 DEBUG [EBPB_KeyhandlingSTTL-116729] TestStepResult of wait: Pass
2016-01-28 02:02:30,977 DEBUG [EBPB_KeyhandlingSTTL-116729] In execute keyword function
2016-01-28 02:02:30,977 DEBUG [EBPB_KeyhandlingSTTL-116729] Executing validate_PageTitle function:
2016-01-28 02:02:31,017 DEBUG [EBPB_KeyhandlingSTTL-116729] The title of the page is *********************************: Pocket Browser Tests
2016-01-28 02:02:31,017 DEBUG [EBPB_KeyhandlingSTTL-116729] The page title found is correct
2016-01-28 02:02:31,017 DEBUG [EBPB_KeyhandlingSTTL-116729] Result of validate_PageTitle: pass
2016-01-28 02:02:31,017 DEBUG [EBPB_KeyhandlingSTTL-116729] In execute keyword function
2016-01-28 02:02:31,017 DEBUG [EBPB_KeyhandlingSTTL-116729] Executing link_Click function:
2016-01-28 02:02:31,675 DEBUG [EBPB_KeyhandlingSTTL-116729] Executing Click function
2016-01-28 02:02:32,740 DEBUG [EBPB_KeyhandlingSTTL-116729] Exiting Click function
2016-01-28 02:02:32,740 DEBUG [EBPB_KeyhandlingSTTL-116729] keyhandling_link clicked successfully
2016-01-28 02:02:32,740 DEBUG [EBPB_KeyhandlingSTTL-116729] TestStepResult of link_Click: Pass
2016-01-28 02:02:32,740 DEBUG [EBPB_KeyhandlingSTTL-116729] In execute keyword function
2016-01-28 02:02:32,740 DEBUG [EBPB_KeyhandlingSTTL-116729] Executing validate_PageTitle function:
2016-01-28 02:02:32,758 DEBUG [EBPB_KeyhandlingSTTL-116729] The title of the page is *********************************: PB and RE2.2 Semi Auto Frame Work : Keyhandling
2016-01-28 02:02:32,758 DEBUG [EBPB_KeyhandlingSTTL-116729] The page title found is correct
2016-01-28 02:02:32,758 DEBUG [EBPB_KeyhandlingSTTL-116729] Result of validate_PageTitle: pass
2016-01-28 02:02:32,759 DEBUG [EBPB_KeyhandlingSTTL-116729] In execute keyword function
2016-01-28 02:02:32,759 DEBUG [EBPB_KeyhandlingSTTL-116729] Executing SelectTestToRun function:
2016-01-28 02:02:38,737 DEBUG [EBPB_KeyhandlingSTTL-116729] Successfull in selecting clicking the category
2016-01-28 02:02:38,737 DEBUG [EBPB_KeyhandlingSTTL-116729] TestStepResult of SelectTestToRun: pass
2016-01-28 02:02:38,737 DEBUG [EBPB_KeyhandlingSTTL-116729] In execute keyword function
2016-01-28 02:02:38,737 DEBUG [EBPB_KeyhandlingSTTL-116729] Executing ClickRunTest function:
2016-01-28 02:02:39,067 DEBUG [EBPB_KeyhandlingSTTL-116729] Executing Click function
2016-01-28 02:02:40,051 DEBUG [EBPB_KeyhandlingSTTL-116729] Exiting Click function
2016-01-28 02:02:40,051 DEBUG [EBPB_KeyhandlingSTTL-116729] runtest_top_xpath Button clicked Successfully
2016-01-28 02:02:40,051 DEBUG [EBPB_KeyhandlingSTTL-116729] TestStepResult of ClickRunTest: pass
2016-01-28 02:02:40,052 DEBUG [EBPB_KeyhandlingSTTL-116729] In execute keyword function
2016-01-28 02:02:40,052 DEBUG [EBPB_KeyhandlingSTTL-116729] Executing validate_Text_Exists function:
2016-01-28 02:02:40,339 DEBUG [EBPB_KeyhandlingSTTL-116729] VT056-0731 Testcase Text found
2016-01-28 02:02:40,339 DEBUG [EBPB_KeyhandlingSTTL-116729] Result of validate_Text_Exists: Pass
2016-01-28 02:02:40,339 DEBUG [EBPB_KeyhandlingSTTL-116729] In execute keyword function
2016-01-28 02:02:40,339 DEBUG [EBPB_KeyhandlingSTTL-116729] Executing sendKeyEvents function:
2016-01-28 02:02:40,339 DEBUG [EBPB_KeyhandlingSTTL-116729] Entered sendKeyEvents function
2016-01-28 02:02:40,340 DEBUG [EBPB_KeyhandlingSTTL-116729] Triggerkey
2016-01-28 02:02:40,340 DEBUG [EBPB_KeyhandlingSTTL-116729] Entered Triggerkey
2016-01-28 02:02:40,340 DEBUG [EBPB_KeyhandlingSTTL-116729] Started executeCommandLine function
2016-01-28 02:02:44,361 DEBUG [EBPB_KeyhandlingSTTL-116729] Exiting from executeCommandLine function
2016-01-28 02:02:44,361 DEBUG [EBPB_KeyhandlingSTTL-116729] pass
2016-01-28 02:02:44,361 DEBUG [EBPB_KeyhandlingSTTL-116729] TestStepResult of sendKeyEvents: pass
2016-01-28 02:02:44,361 DEBUG [EBPB_KeyhandlingSTTL-116729] In execute keyword function
2016-01-28 02:02:44,361 DEBUG [EBPB_KeyhandlingSTTL-116729] Executing validate_keyCaptured function:
2016-01-28 02:02:44,361 DEBUG [EBPB_KeyhandlingSTTL-116729] Entered validate_keyCaptured function
2016-01-28 02:02:44,656 DEBUG [EBPB_KeyhandlingSTTL-116729] 0
2016-01-28 02:02:44,656 DEBUG [EBPB_KeyhandlingSTTL-116729] Actual Value matches Expected
2016-01-28 02:02:44,656 DEBUG [EBPB_KeyhandlingSTTL-116729] pass
2016-01-28 02:02:44,656 DEBUG [EBPB_KeyhandlingSTTL-116729] Exiting from validate_keyCaptured function
2016-01-28 02:02:44,656 DEBUG [EBPB_KeyhandlingSTTL-116729] Result of validate_keyCaptured: pass
2016-01-28 02:02:44,656 DEBUG [EBPB_KeyhandlingSTTL-116729] allstep_result contains: passpasspassPassPassnull
2016-01-28 02:02:44,656 DEBUG [EBPB_KeyhandlingSTTL-116729] allexpected_result contains: nullpassnullPassnullpassnullpassnull
2016-01-28 02:02:44,656 DEBUG [EBPB_KeyhandlingSTTL-116729] Testcase_Result contains: nullpassnullPassnullpassnullpassnullpasspasspassPassPassnull
2016-01-28 02:02:44,656 DEBUG [EBPB_KeyhandlingSTTL-116729] Test case with description Trigger Event Java Script function Pass
2016-01-28 02:02:45,655 DEBUG [EBPB_KeyhandlingSTTL-116729] Executing browser_Quit function
2016-01-28 02:02:45,655 DEBUG [EBPB_KeyhandlingSTTL-116729] Completed browser_Quit function
2016-01-28 02:02:45,655 DEBUG [EBPB_KeyhandlingSTTL-116729] Completed quitSelendroid function
2016-01-28 02:02:45,656 DEBUG [EBPB_KeyhandlingSTTL-116729] Row number:30
2016-01-28 02:02:45,693 DEBUG [EBPB_KeyhandlingSTTL-116729] Ending Test Case IDSTTL-116729
