2016-01-28 01:53:15,677 DEBUG [EBPB_KeyhandlingSTTL-116720] Executing Test Case ID: STTL-116720
2016-01-28 01:53:15,684 DEBUG [EBPB_KeyhandlingSTTL-116720] Executing Init_Selendroid function with APK as parameter and clear data value with 1
2016-01-28 01:53:25,568 DEBUG [EBPB_KeyhandlingSTTL-116720] Exiting Init_Selendroid function
2016-01-28 01:53:25,586 DEBUG [EBPB_KeyhandlingSTTL-116720] TestCase with Description "KeyValue:All(Alphabets)" Execution started
2016-01-28 01:53:25,586 DEBUG [EBPB_KeyhandlingSTTL-116720] In execute keyword function
2016-01-28 01:53:25,586 DEBUG [EBPB_KeyhandlingSTTL-116720] Executing wait function:
2016-01-28 01:53:25,586 DEBUG [EBPB_KeyhandlingSTTL-116720] Started Executing wait function
2016-01-28 01:53:30,586 DEBUG [EBPB_KeyhandlingSTTL-116720] Exiting from wait function
2016-01-28 01:53:30,586 DEBUG [EBPB_KeyhandlingSTTL-116720] TestStepResult of wait: Pass
2016-01-28 01:53:30,586 DEBUG [EBPB_KeyhandlingSTTL-116720] In execute keyword function
2016-01-28 01:53:30,586 DEBUG [EBPB_KeyhandlingSTTL-116720] Executing validate_PageTitle function:
2016-01-28 01:53:30,629 DEBUG [EBPB_KeyhandlingSTTL-116720] The title of the page is *********************************: Pocket Browser Tests
2016-01-28 01:53:30,629 DEBUG [EBPB_KeyhandlingSTTL-116720] The page title found is correct
2016-01-28 01:53:30,629 DEBUG [EBPB_KeyhandlingSTTL-116720] Result of validate_PageTitle: pass
2016-01-28 01:53:30,629 DEBUG [EBPB_KeyhandlingSTTL-116720] In execute keyword function
2016-01-28 01:53:30,629 DEBUG [EBPB_KeyhandlingSTTL-116720] Executing link_Click function:
2016-01-28 01:53:31,323 DEBUG [EBPB_KeyhandlingSTTL-116720] Executing Click function
2016-01-28 01:53:32,410 DEBUG [EBPB_KeyhandlingSTTL-116720] Exiting Click function
2016-01-28 01:53:32,410 DEBUG [EBPB_KeyhandlingSTTL-116720] keyhandling_link clicked successfully
2016-01-28 01:53:32,410 DEBUG [EBPB_KeyhandlingSTTL-116720] TestStepResult of link_Click: Pass
2016-01-28 01:53:32,410 DEBUG [EBPB_KeyhandlingSTTL-116720] In execute keyword function
2016-01-28 01:53:32,410 DEBUG [EBPB_KeyhandlingSTTL-116720] Executing validate_PageTitle function:
2016-01-28 01:53:32,432 DEBUG [EBPB_KeyhandlingSTTL-116720] The title of the page is *********************************: PB and RE2.2 Semi Auto Frame Work : Keyhandling
2016-01-28 01:53:32,432 DEBUG [EBPB_KeyhandlingSTTL-116720] The page title found is correct
2016-01-28 01:53:32,432 DEBUG [EBPB_KeyhandlingSTTL-116720] Result of validate_PageTitle: pass
2016-01-28 01:53:32,432 DEBUG [EBPB_KeyhandlingSTTL-116720] In execute keyword function
2016-01-28 01:53:32,432 DEBUG [EBPB_KeyhandlingSTTL-116720] Executing SelectTestToRun function:
2016-01-28 01:53:36,638 DEBUG [EBPB_KeyhandlingSTTL-116720] Successfull in selecting clicking the category
2016-01-28 01:53:36,638 DEBUG [EBPB_KeyhandlingSTTL-116720] TestStepResult of SelectTestToRun: pass
2016-01-28 01:53:36,638 DEBUG [EBPB_KeyhandlingSTTL-116720] In execute keyword function
2016-01-28 01:53:36,638 DEBUG [EBPB_KeyhandlingSTTL-116720] Executing ClickRunTest function:
2016-01-28 01:53:37,009 DEBUG [EBPB_KeyhandlingSTTL-116720] Executing Click function
2016-01-28 01:53:38,026 DEBUG [EBPB_KeyhandlingSTTL-116720] Exiting Click function
2016-01-28 01:53:38,026 DEBUG [EBPB_KeyhandlingSTTL-116720] runtest_top_xpath Button clicked Successfully
2016-01-28 01:53:38,026 DEBUG [EBPB_KeyhandlingSTTL-116720] TestStepResult of ClickRunTest: pass
2016-01-28 01:53:38,026 DEBUG [EBPB_KeyhandlingSTTL-116720] In execute keyword function
2016-01-28 01:53:38,026 DEBUG [EBPB_KeyhandlingSTTL-116720] Executing validate_Text_Exists function:
2016-01-28 01:53:38,304 DEBUG [EBPB_KeyhandlingSTTL-116720] VT056-0709 Testcase Text found
2016-01-28 01:53:38,304 DEBUG [EBPB_KeyhandlingSTTL-116720] Result of validate_Text_Exists: Pass
2016-01-28 01:53:38,304 DEBUG [EBPB_KeyhandlingSTTL-116720] In execute keyword function
2016-01-28 01:53:38,304 DEBUG [EBPB_KeyhandlingSTTL-116720] Executing sendKeyEvents function:
2016-01-28 01:53:38,304 DEBUG [EBPB_KeyhandlingSTTL-116720] Entered sendKeyEvents function
2016-01-28 01:53:38,304 DEBUG [EBPB_KeyhandlingSTTL-116720] a
2016-01-28 01:53:38,304 DEBUG [EBPB_KeyhandlingSTTL-116720] Entered a
2016-01-28 01:53:38,304 DEBUG [EBPB_KeyhandlingSTTL-116720] Started executeCommandLine function
2016-01-28 01:53:42,324 DEBUG [EBPB_KeyhandlingSTTL-116720] Exiting from executeCommandLine function
2016-01-28 01:53:42,324 DEBUG [EBPB_KeyhandlingSTTL-116720] pass
2016-01-28 01:53:42,324 DEBUG [EBPB_KeyhandlingSTTL-116720] TestStepResult of sendKeyEvents: pass
2016-01-28 01:53:42,324 DEBUG [EBPB_KeyhandlingSTTL-116720] In execute keyword function
2016-01-28 01:53:42,324 DEBUG [EBPB_KeyhandlingSTTL-116720] Executing validate_keyCaptured function:
2016-01-28 01:53:42,324 DEBUG [EBPB_KeyhandlingSTTL-116720] Entered validate_keyCaptured function
2016-01-28 01:53:42,582 DEBUG [EBPB_KeyhandlingSTTL-116720] 29
2016-01-28 01:53:42,582 DEBUG [EBPB_KeyhandlingSTTL-116720] Actual Value matches Expected
2016-01-28 01:53:42,582 DEBUG [EBPB_KeyhandlingSTTL-116720] pass
2016-01-28 01:53:42,582 DEBUG [EBPB_KeyhandlingSTTL-116720] Exiting from validate_keyCaptured function
2016-01-28 01:53:42,582 DEBUG [EBPB_KeyhandlingSTTL-116720] Result of validate_keyCaptured: pass
2016-01-28 01:53:42,582 DEBUG [EBPB_KeyhandlingSTTL-116720] In execute keyword function
2016-01-28 01:53:42,582 DEBUG [EBPB_KeyhandlingSTTL-116720] Executing sendKeyEvents function:
2016-01-28 01:53:42,582 DEBUG [EBPB_KeyhandlingSTTL-116720] Entered sendKeyEvents function
2016-01-28 01:53:42,582 DEBUG [EBPB_KeyhandlingSTTL-116720] b
2016-01-28 01:53:42,583 DEBUG [EBPB_KeyhandlingSTTL-116720] Entered b
2016-01-28 01:53:42,583 DEBUG [EBPB_KeyhandlingSTTL-116720] Started executeCommandLine function
2016-01-28 01:53:46,603 DEBUG [EBPB_KeyhandlingSTTL-116720] Exiting from executeCommandLine function
2016-01-28 01:53:46,603 DEBUG [EBPB_KeyhandlingSTTL-116720] pass
2016-01-28 01:53:46,603 DEBUG [EBPB_KeyhandlingSTTL-116720] TestStepResult of sendKeyEvents: pass
2016-01-28 01:53:46,603 DEBUG [EBPB_KeyhandlingSTTL-116720] In execute keyword function
2016-01-28 01:53:46,603 DEBUG [EBPB_KeyhandlingSTTL-116720] Executing validate_keyCaptured function:
2016-01-28 01:53:46,603 DEBUG [EBPB_KeyhandlingSTTL-116720] Entered validate_keyCaptured function
2016-01-28 01:53:46,805 DEBUG [EBPB_KeyhandlingSTTL-116720] 30
2016-01-28 01:53:46,805 DEBUG [EBPB_KeyhandlingSTTL-116720] Actual Value matches Expected
2016-01-28 01:53:46,805 DEBUG [EBPB_KeyhandlingSTTL-116720] pass
2016-01-28 01:53:46,805 DEBUG [EBPB_KeyhandlingSTTL-116720] Exiting from validate_keyCaptured function
2016-01-28 01:53:46,805 DEBUG [EBPB_KeyhandlingSTTL-116720] Result of validate_keyCaptured: pass
2016-01-28 01:53:46,805 DEBUG [EBPB_KeyhandlingSTTL-116720] In execute keyword function
2016-01-28 01:53:46,805 DEBUG [EBPB_KeyhandlingSTTL-116720] Executing sendKeyEvents function:
2016-01-28 01:53:46,805 DEBUG [EBPB_KeyhandlingSTTL-116720] Entered sendKeyEvents function
2016-01-28 01:53:46,805 DEBUG [EBPB_KeyhandlingSTTL-116720] c
2016-01-28 01:53:46,805 DEBUG [EBPB_KeyhandlingSTTL-116720] Entered c
2016-01-28 01:53:46,805 DEBUG [EBPB_KeyhandlingSTTL-116720] Started executeCommandLine function
2016-01-28 01:53:50,826 DEBUG [EBPB_KeyhandlingSTTL-116720] Exiting from executeCommandLine function
2016-01-28 01:53:50,826 DEBUG [EBPB_KeyhandlingSTTL-116720] pass
2016-01-28 01:53:50,826 DEBUG [EBPB_KeyhandlingSTTL-116720] TestStepResult of sendKeyEvents: pass
2016-01-28 01:53:50,826 DEBUG [EBPB_KeyhandlingSTTL-116720] In execute keyword function
2016-01-28 01:53:50,826 DEBUG [EBPB_KeyhandlingSTTL-116720] Executing validate_keyCaptured function:
2016-01-28 01:53:50,826 DEBUG [EBPB_KeyhandlingSTTL-116720] Entered validate_keyCaptured function
2016-01-28 01:53:51,020 DEBUG [EBPB_KeyhandlingSTTL-116720] 31
2016-01-28 01:53:51,020 DEBUG [EBPB_KeyhandlingSTTL-116720] Actual Value matches Expected
2016-01-28 01:53:51,020 DEBUG [EBPB_KeyhandlingSTTL-116720] pass
2016-01-28 01:53:51,020 DEBUG [EBPB_KeyhandlingSTTL-116720] Exiting from validate_keyCaptured function
2016-01-28 01:53:51,020 DEBUG [EBPB_KeyhandlingSTTL-116720] Result of validate_keyCaptured: pass
2016-01-28 01:53:51,020 DEBUG [EBPB_KeyhandlingSTTL-116720] In execute keyword function
2016-01-28 01:53:51,020 DEBUG [EBPB_KeyhandlingSTTL-116720] Executing sendKeyEvents function:
2016-01-28 01:53:51,020 DEBUG [EBPB_KeyhandlingSTTL-116720] Entered sendKeyEvents function
2016-01-28 01:53:51,020 DEBUG [EBPB_KeyhandlingSTTL-116720] d
2016-01-28 01:53:51,020 DEBUG [EBPB_KeyhandlingSTTL-116720] Entered d
2016-01-28 01:53:51,020 DEBUG [EBPB_KeyhandlingSTTL-116720] Started executeCommandLine function
2016-01-28 01:53:55,040 DEBUG [EBPB_KeyhandlingSTTL-116720] Exiting from executeCommandLine function
2016-01-28 01:53:55,040 DEBUG [EBPB_KeyhandlingSTTL-116720] pass
2016-01-28 01:53:55,040 DEBUG [EBPB_KeyhandlingSTTL-116720] TestStepResult of sendKeyEvents: pass
2016-01-28 01:53:55,040 DEBUG [EBPB_KeyhandlingSTTL-116720] In execute keyword function
2016-01-28 01:53:55,040 DEBUG [EBPB_KeyhandlingSTTL-116720] Executing validate_keyCaptured function:
2016-01-28 01:53:55,040 DEBUG [EBPB_KeyhandlingSTTL-116720] Entered validate_keyCaptured function
2016-01-28 01:53:55,240 DEBUG [EBPB_KeyhandlingSTTL-116720] 32
2016-01-28 01:53:55,240 DEBUG [EBPB_KeyhandlingSTTL-116720] Actual Value matches Expected
2016-01-28 01:53:55,240 DEBUG [EBPB_KeyhandlingSTTL-116720] pass
2016-01-28 01:53:55,240 DEBUG [EBPB_KeyhandlingSTTL-116720] Exiting from validate_keyCaptured function
2016-01-28 01:53:55,240 DEBUG [EBPB_KeyhandlingSTTL-116720] Result of validate_keyCaptured: pass
2016-01-28 01:53:55,240 DEBUG [EBPB_KeyhandlingSTTL-116720] In execute keyword function
2016-01-28 01:53:55,240 DEBUG [EBPB_KeyhandlingSTTL-116720] Executing sendKeyEvents function:
2016-01-28 01:53:55,241 DEBUG [EBPB_KeyhandlingSTTL-116720] Entered sendKeyEvents function
2016-01-28 01:53:55,241 DEBUG [EBPB_KeyhandlingSTTL-116720] e
2016-01-28 01:53:55,241 DEBUG [EBPB_KeyhandlingSTTL-116720] Entered e
2016-01-28 01:53:55,241 DEBUG [EBPB_KeyhandlingSTTL-116720] Started executeCommandLine function
2016-01-28 01:53:59,262 DEBUG [EBPB_KeyhandlingSTTL-116720] Exiting from executeCommandLine function
2016-01-28 01:53:59,262 DEBUG [EBPB_KeyhandlingSTTL-116720] pass
2016-01-28 01:53:59,262 DEBUG [EBPB_KeyhandlingSTTL-116720] TestStepResult of sendKeyEvents: pass
2016-01-28 01:53:59,262 DEBUG [EBPB_KeyhandlingSTTL-116720] In execute keyword function
2016-01-28 01:53:59,262 DEBUG [EBPB_KeyhandlingSTTL-116720] Executing validate_keyCaptured function:
2016-01-28 01:53:59,262 DEBUG [EBPB_KeyhandlingSTTL-116720] Entered validate_keyCaptured function
2016-01-28 01:53:59,444 DEBUG [EBPB_KeyhandlingSTTL-116720] 33
2016-01-28 01:53:59,444 DEBUG [EBPB_KeyhandlingSTTL-116720] Actual Value matches Expected
2016-01-28 01:53:59,444 DEBUG [EBPB_KeyhandlingSTTL-116720] pass
2016-01-28 01:53:59,444 DEBUG [EBPB_KeyhandlingSTTL-116720] Exiting from validate_keyCaptured function
2016-01-28 01:53:59,444 DEBUG [EBPB_KeyhandlingSTTL-116720] Result of validate_keyCaptured: pass
2016-01-28 01:53:59,444 DEBUG [EBPB_KeyhandlingSTTL-116720] In execute keyword function
2016-01-28 01:53:59,444 DEBUG [EBPB_KeyhandlingSTTL-116720] Executing sendKeyEvents function:
2016-01-28 01:53:59,444 DEBUG [EBPB_KeyhandlingSTTL-116720] Entered sendKeyEvents function
2016-01-28 01:53:59,444 DEBUG [EBPB_KeyhandlingSTTL-116720] f
2016-01-28 01:53:59,444 DEBUG [EBPB_KeyhandlingSTTL-116720] Entered f
2016-01-28 01:53:59,444 DEBUG [EBPB_KeyhandlingSTTL-116720] Started executeCommandLine function
2016-01-28 01:54:03,464 DEBUG [EBPB_KeyhandlingSTTL-116720] Exiting from executeCommandLine function
2016-01-28 01:54:03,464 DEBUG [EBPB_KeyhandlingSTTL-116720] pass
2016-01-28 01:54:03,464 DEBUG [EBPB_KeyhandlingSTTL-116720] TestStepResult of sendKeyEvents: pass
2016-01-28 01:54:03,464 DEBUG [EBPB_KeyhandlingSTTL-116720] In execute keyword function
2016-01-28 01:54:03,464 DEBUG [EBPB_KeyhandlingSTTL-116720] Executing validate_keyCaptured function:
2016-01-28 01:54:03,464 DEBUG [EBPB_KeyhandlingSTTL-116720] Entered validate_keyCaptured function
2016-01-28 01:54:03,702 DEBUG [EBPB_KeyhandlingSTTL-116720] 34
2016-01-28 01:54:03,703 DEBUG [EBPB_KeyhandlingSTTL-116720] Actual Value matches Expected
2016-01-28 01:54:03,703 DEBUG [EBPB_KeyhandlingSTTL-116720] pass
2016-01-28 01:54:03,703 DEBUG [EBPB_KeyhandlingSTTL-116720] Exiting from validate_keyCaptured function
2016-01-28 01:54:03,703 DEBUG [EBPB_KeyhandlingSTTL-116720] Result of validate_keyCaptured: pass
2016-01-28 01:54:03,703 DEBUG [EBPB_KeyhandlingSTTL-116720] In execute keyword function
2016-01-28 01:54:03,703 DEBUG [EBPB_KeyhandlingSTTL-116720] Executing sendKeyEvents function:
2016-01-28 01:54:03,703 DEBUG [EBPB_KeyhandlingSTTL-116720] Entered sendKeyEvents function
2016-01-28 01:54:03,703 DEBUG [EBPB_KeyhandlingSTTL-116720] g
2016-01-28 01:54:03,703 DEBUG [EBPB_KeyhandlingSTTL-116720] Entered g
2016-01-28 01:54:03,703 DEBUG [EBPB_KeyhandlingSTTL-116720] Started executeCommandLine function
2016-01-28 01:54:07,723 DEBUG [EBPB_KeyhandlingSTTL-116720] Exiting from executeCommandLine function
2016-01-28 01:54:07,723 DEBUG [EBPB_KeyhandlingSTTL-116720] pass
2016-01-28 01:54:07,723 DEBUG [EBPB_KeyhandlingSTTL-116720] TestStepResult of sendKeyEvents: pass
2016-01-28 01:54:07,723 DEBUG [EBPB_KeyhandlingSTTL-116720] In execute keyword function
2016-01-28 01:54:07,723 DEBUG [EBPB_KeyhandlingSTTL-116720] Executing validate_keyCaptured function:
2016-01-28 01:54:07,723 DEBUG [EBPB_KeyhandlingSTTL-116720] Entered validate_keyCaptured function
2016-01-28 01:54:07,883 DEBUG [EBPB_KeyhandlingSTTL-116720] 35
2016-01-28 01:54:07,883 DEBUG [EBPB_KeyhandlingSTTL-116720] Actual Value matches Expected
2016-01-28 01:54:07,883 DEBUG [EBPB_KeyhandlingSTTL-116720] pass
2016-01-28 01:54:07,883 DEBUG [EBPB_KeyhandlingSTTL-116720] Exiting from validate_keyCaptured function
2016-01-28 01:54:07,883 DEBUG [EBPB_KeyhandlingSTTL-116720] Result of validate_keyCaptured: pass
2016-01-28 01:54:07,883 DEBUG [EBPB_KeyhandlingSTTL-116720] In execute keyword function
2016-01-28 01:54:07,883 DEBUG [EBPB_KeyhandlingSTTL-116720] Executing sendKeyEvents function:
2016-01-28 01:54:07,883 DEBUG [EBPB_KeyhandlingSTTL-116720] Entered sendKeyEvents function
2016-01-28 01:54:07,883 DEBUG [EBPB_KeyhandlingSTTL-116720] h
2016-01-28 01:54:07,883 DEBUG [EBPB_KeyhandlingSTTL-116720] Entered h
2016-01-28 01:54:07,883 DEBUG [EBPB_KeyhandlingSTTL-116720] Started executeCommandLine function
2016-01-28 01:54:11,904 DEBUG [EBPB_KeyhandlingSTTL-116720] Exiting from executeCommandLine function
2016-01-28 01:54:11,904 DEBUG [EBPB_KeyhandlingSTTL-116720] pass
2016-01-28 01:54:11,904 DEBUG [EBPB_KeyhandlingSTTL-116720] TestStepResult of sendKeyEvents: pass
2016-01-28 01:54:11,904 DEBUG [EBPB_KeyhandlingSTTL-116720] In execute keyword function
2016-01-28 01:54:11,904 DEBUG [EBPB_KeyhandlingSTTL-116720] Executing validate_keyCaptured function:
2016-01-28 01:54:11,904 DEBUG [EBPB_KeyhandlingSTTL-116720] Entered validate_keyCaptured function
2016-01-28 01:54:12,118 DEBUG [EBPB_KeyhandlingSTTL-116720] 36
2016-01-28 01:54:12,118 DEBUG [EBPB_KeyhandlingSTTL-116720] Actual Value matches Expected
2016-01-28 01:54:12,119 DEBUG [EBPB_KeyhandlingSTTL-116720] pass
2016-01-28 01:54:12,119 DEBUG [EBPB_KeyhandlingSTTL-116720] Exiting from validate_keyCaptured function
2016-01-28 01:54:12,119 DEBUG [EBPB_KeyhandlingSTTL-116720] Result of validate_keyCaptured: pass
2016-01-28 01:54:12,119 DEBUG [EBPB_KeyhandlingSTTL-116720] In execute keyword function
2016-01-28 01:54:12,119 DEBUG [EBPB_KeyhandlingSTTL-116720] Executing sendKeyEvents function:
2016-01-28 01:54:12,119 DEBUG [EBPB_KeyhandlingSTTL-116720] Entered sendKeyEvents function
2016-01-28 01:54:12,119 DEBUG [EBPB_KeyhandlingSTTL-116720] i
2016-01-28 01:54:12,119 DEBUG [EBPB_KeyhandlingSTTL-116720] Entered i
2016-01-28 01:54:12,119 DEBUG [EBPB_KeyhandlingSTTL-116720] Started executeCommandLine function
2016-01-28 01:54:16,139 DEBUG [EBPB_KeyhandlingSTTL-116720] Exiting from executeCommandLine function
2016-01-28 01:54:16,139 DEBUG [EBPB_KeyhandlingSTTL-116720] pass
2016-01-28 01:54:16,139 DEBUG [EBPB_KeyhandlingSTTL-116720] TestStepResult of sendKeyEvents: pass
2016-01-28 01:54:16,139 DEBUG [EBPB_KeyhandlingSTTL-116720] In execute keyword function
2016-01-28 01:54:16,139 DEBUG [EBPB_KeyhandlingSTTL-116720] Executing validate_keyCaptured function:
2016-01-28 01:54:16,139 DEBUG [EBPB_KeyhandlingSTTL-116720] Entered validate_keyCaptured function
2016-01-28 01:54:16,327 DEBUG [EBPB_KeyhandlingSTTL-116720] 37
2016-01-28 01:54:16,327 DEBUG [EBPB_KeyhandlingSTTL-116720] Actual Value matches Expected
2016-01-28 01:54:16,327 DEBUG [EBPB_KeyhandlingSTTL-116720] pass
2016-01-28 01:54:16,327 DEBUG [EBPB_KeyhandlingSTTL-116720] Exiting from validate_keyCaptured function
2016-01-28 01:54:16,327 DEBUG [EBPB_KeyhandlingSTTL-116720] Result of validate_keyCaptured: pass
2016-01-28 01:54:16,327 DEBUG [EBPB_KeyhandlingSTTL-116720] In execute keyword function
2016-01-28 01:54:16,327 DEBUG [EBPB_KeyhandlingSTTL-116720] Executing sendKeyEvents function:
2016-01-28 01:54:16,327 DEBUG [EBPB_KeyhandlingSTTL-116720] Entered sendKeyEvents function
2016-01-28 01:54:16,327 DEBUG [EBPB_KeyhandlingSTTL-116720] j
2016-01-28 01:54:16,327 DEBUG [EBPB_KeyhandlingSTTL-116720] Entered j
2016-01-28 01:54:16,327 DEBUG [EBPB_KeyhandlingSTTL-116720] Started executeCommandLine function
2016-01-28 01:54:20,348 DEBUG [EBPB_KeyhandlingSTTL-116720] Exiting from executeCommandLine function
2016-01-28 01:54:20,348 DEBUG [EBPB_KeyhandlingSTTL-116720] pass
2016-01-28 01:54:20,348 DEBUG [EBPB_KeyhandlingSTTL-116720] TestStepResult of sendKeyEvents: pass
2016-01-28 01:54:20,348 DEBUG [EBPB_KeyhandlingSTTL-116720] In execute keyword function
2016-01-28 01:54:20,348 DEBUG [EBPB_KeyhandlingSTTL-116720] Executing validate_keyCaptured function:
2016-01-28 01:54:20,348 DEBUG [EBPB_KeyhandlingSTTL-116720] Entered validate_keyCaptured function
2016-01-28 01:54:20,559 DEBUG [EBPB_KeyhandlingSTTL-116720] 38
2016-01-28 01:54:20,559 DEBUG [EBPB_KeyhandlingSTTL-116720] Actual Value matches Expected
2016-01-28 01:54:20,559 DEBUG [EBPB_KeyhandlingSTTL-116720] pass
2016-01-28 01:54:20,559 DEBUG [EBPB_KeyhandlingSTTL-116720] Exiting from validate_keyCaptured function
2016-01-28 01:54:20,559 DEBUG [EBPB_KeyhandlingSTTL-116720] Result of validate_keyCaptured: pass
2016-01-28 01:54:20,559 DEBUG [EBPB_KeyhandlingSTTL-116720] In execute keyword function
2016-01-28 01:54:20,559 DEBUG [EBPB_KeyhandlingSTTL-116720] Executing sendKeyEvents function:
2016-01-28 01:54:20,559 DEBUG [EBPB_KeyhandlingSTTL-116720] Entered sendKeyEvents function
2016-01-28 01:54:20,559 DEBUG [EBPB_KeyhandlingSTTL-116720] k
2016-01-28 01:54:20,559 DEBUG [EBPB_KeyhandlingSTTL-116720] Entered k
2016-01-28 01:54:20,559 DEBUG [EBPB_KeyhandlingSTTL-116720] Started executeCommandLine function
2016-01-28 01:54:24,580 DEBUG [EBPB_KeyhandlingSTTL-116720] Exiting from executeCommandLine function
2016-01-28 01:54:24,580 DEBUG [EBPB_KeyhandlingSTTL-116720] pass
2016-01-28 01:54:24,580 DEBUG [EBPB_KeyhandlingSTTL-116720] TestStepResult of sendKeyEvents: pass
2016-01-28 01:54:24,580 DEBUG [EBPB_KeyhandlingSTTL-116720] In execute keyword function
2016-01-28 01:54:24,580 DEBUG [EBPB_KeyhandlingSTTL-116720] Executing validate_keyCaptured function:
2016-01-28 01:54:24,580 DEBUG [EBPB_KeyhandlingSTTL-116720] Entered validate_keyCaptured function
2016-01-28 01:54:24,758 DEBUG [EBPB_KeyhandlingSTTL-116720] 39
2016-01-28 01:54:24,758 DEBUG [EBPB_KeyhandlingSTTL-116720] Actual Value matches Expected
2016-01-28 01:54:24,758 DEBUG [EBPB_KeyhandlingSTTL-116720] pass
2016-01-28 01:54:24,758 DEBUG [EBPB_KeyhandlingSTTL-116720] Exiting from validate_keyCaptured function
2016-01-28 01:54:24,758 DEBUG [EBPB_KeyhandlingSTTL-116720] Result of validate_keyCaptured: pass
2016-01-28 01:54:24,758 DEBUG [EBPB_KeyhandlingSTTL-116720] In execute keyword function
2016-01-28 01:54:24,758 DEBUG [EBPB_KeyhandlingSTTL-116720] Executing sendKeyEvents function:
2016-01-28 01:54:24,758 DEBUG [EBPB_KeyhandlingSTTL-116720] Entered sendKeyEvents function
2016-01-28 01:54:24,758 DEBUG [EBPB_KeyhandlingSTTL-116720] l
2016-01-28 01:54:24,758 DEBUG [EBPB_KeyhandlingSTTL-116720] Entered l
2016-01-28 01:54:24,758 DEBUG [EBPB_KeyhandlingSTTL-116720] Started executeCommandLine function
2016-01-28 01:54:28,779 DEBUG [EBPB_KeyhandlingSTTL-116720] Exiting from executeCommandLine function
2016-01-28 01:54:28,779 DEBUG [EBPB_KeyhandlingSTTL-116720] pass
2016-01-28 01:54:28,779 DEBUG [EBPB_KeyhandlingSTTL-116720] TestStepResult of sendKeyEvents: pass
2016-01-28 01:54:28,779 DEBUG [EBPB_KeyhandlingSTTL-116720] In execute keyword function
2016-01-28 01:54:28,779 DEBUG [EBPB_KeyhandlingSTTL-116720] Executing validate_keyCaptured function:
2016-01-28 01:54:28,779 DEBUG [EBPB_KeyhandlingSTTL-116720] Entered validate_keyCaptured function
2016-01-28 01:54:28,967 DEBUG [EBPB_KeyhandlingSTTL-116720] 40
2016-01-28 01:54:28,967 DEBUG [EBPB_KeyhandlingSTTL-116720] Actual Value matches Expected
2016-01-28 01:54:28,967 DEBUG [EBPB_KeyhandlingSTTL-116720] pass
2016-01-28 01:54:28,967 DEBUG [EBPB_KeyhandlingSTTL-116720] Exiting from validate_keyCaptured function
2016-01-28 01:54:28,967 DEBUG [EBPB_KeyhandlingSTTL-116720] Result of validate_keyCaptured: pass
2016-01-28 01:54:28,967 DEBUG [EBPB_KeyhandlingSTTL-116720] In execute keyword function
2016-01-28 01:54:28,967 DEBUG [EBPB_KeyhandlingSTTL-116720] Executing sendKeyEvents function:
2016-01-28 01:54:28,967 DEBUG [EBPB_KeyhandlingSTTL-116720] Entered sendKeyEvents function
2016-01-28 01:54:28,967 DEBUG [EBPB_KeyhandlingSTTL-116720] m
2016-01-28 01:54:28,967 DEBUG [EBPB_KeyhandlingSTTL-116720] Entered m
2016-01-28 01:54:28,967 DEBUG [EBPB_KeyhandlingSTTL-116720] Started executeCommandLine function
2016-01-28 01:54:32,986 DEBUG [EBPB_KeyhandlingSTTL-116720] Exiting from executeCommandLine function
2016-01-28 01:54:32,986 DEBUG [EBPB_KeyhandlingSTTL-116720] pass
2016-01-28 01:54:32,986 DEBUG [EBPB_KeyhandlingSTTL-116720] TestStepResult of sendKeyEvents: pass
2016-01-28 01:54:32,986 DEBUG [EBPB_KeyhandlingSTTL-116720] In execute keyword function
2016-01-28 01:54:32,986 DEBUG [EBPB_KeyhandlingSTTL-116720] Executing validate_keyCaptured function:
2016-01-28 01:54:32,986 DEBUG [EBPB_KeyhandlingSTTL-116720] Entered validate_keyCaptured function
2016-01-28 01:54:33,152 DEBUG [EBPB_KeyhandlingSTTL-116720] 41
2016-01-28 01:54:33,152 DEBUG [EBPB_KeyhandlingSTTL-116720] Actual Value matches Expected
2016-01-28 01:54:33,152 DEBUG [EBPB_KeyhandlingSTTL-116720] pass
2016-01-28 01:54:33,152 DEBUG [EBPB_KeyhandlingSTTL-116720] Exiting from validate_keyCaptured function
2016-01-28 01:54:33,152 DEBUG [EBPB_KeyhandlingSTTL-116720] Result of validate_keyCaptured: pass
2016-01-28 01:54:33,152 DEBUG [EBPB_KeyhandlingSTTL-116720] In execute keyword function
2016-01-28 01:54:33,152 DEBUG [EBPB_KeyhandlingSTTL-116720] Executing sendKeyEvents function:
2016-01-28 01:54:33,152 DEBUG [EBPB_KeyhandlingSTTL-116720] Entered sendKeyEvents function
2016-01-28 01:54:33,152 DEBUG [EBPB_KeyhandlingSTTL-116720] n
2016-01-28 01:54:33,152 DEBUG [EBPB_KeyhandlingSTTL-116720] Entered n
2016-01-28 01:54:33,152 DEBUG [EBPB_KeyhandlingSTTL-116720] Started executeCommandLine function
2016-01-28 01:54:37,172 DEBUG [EBPB_KeyhandlingSTTL-116720] Exiting from executeCommandLine function
2016-01-28 01:54:37,172 DEBUG [EBPB_KeyhandlingSTTL-116720] pass
2016-01-28 01:54:37,172 DEBUG [EBPB_KeyhandlingSTTL-116720] TestStepResult of sendKeyEvents: pass
2016-01-28 01:54:37,172 DEBUG [EBPB_KeyhandlingSTTL-116720] In execute keyword function
2016-01-28 01:54:37,172 DEBUG [EBPB_KeyhandlingSTTL-116720] Executing validate_keyCaptured function:
2016-01-28 01:54:37,172 DEBUG [EBPB_KeyhandlingSTTL-116720] Entered validate_keyCaptured function
2016-01-28 01:54:37,364 DEBUG [EBPB_KeyhandlingSTTL-116720] 42
2016-01-28 01:54:37,364 DEBUG [EBPB_KeyhandlingSTTL-116720] Actual Value matches Expected
2016-01-28 01:54:37,364 DEBUG [EBPB_KeyhandlingSTTL-116720] pass
2016-01-28 01:54:37,364 DEBUG [EBPB_KeyhandlingSTTL-116720] Exiting from validate_keyCaptured function
2016-01-28 01:54:37,364 DEBUG [EBPB_KeyhandlingSTTL-116720] Result of validate_keyCaptured: pass
2016-01-28 01:54:37,364 DEBUG [EBPB_KeyhandlingSTTL-116720] In execute keyword function
2016-01-28 01:54:37,365 DEBUG [EBPB_KeyhandlingSTTL-116720] Executing sendKeyEvents function:
2016-01-28 01:54:37,365 DEBUG [EBPB_KeyhandlingSTTL-116720] Entered sendKeyEvents function
2016-01-28 01:54:37,365 DEBUG [EBPB_KeyhandlingSTTL-116720] o
2016-01-28 01:54:37,365 DEBUG [EBPB_KeyhandlingSTTL-116720] Entered o
2016-01-28 01:54:37,365 DEBUG [EBPB_KeyhandlingSTTL-116720] Started executeCommandLine function
2016-01-28 01:54:41,384 DEBUG [EBPB_KeyhandlingSTTL-116720] Exiting from executeCommandLine function
2016-01-28 01:54:41,384 DEBUG [EBPB_KeyhandlingSTTL-116720] pass
2016-01-28 01:54:41,384 DEBUG [EBPB_KeyhandlingSTTL-116720] TestStepResult of sendKeyEvents: pass
2016-01-28 01:54:41,384 DEBUG [EBPB_KeyhandlingSTTL-116720] In execute keyword function
2016-01-28 01:54:41,384 DEBUG [EBPB_KeyhandlingSTTL-116720] Executing validate_keyCaptured function:
2016-01-28 01:54:41,384 DEBUG [EBPB_KeyhandlingSTTL-116720] Entered validate_keyCaptured function
2016-01-28 01:54:41,557 DEBUG [EBPB_KeyhandlingSTTL-116720] 43
2016-01-28 01:54:41,557 DEBUG [EBPB_KeyhandlingSTTL-116720] Actual Value matches Expected
2016-01-28 01:54:41,557 DEBUG [EBPB_KeyhandlingSTTL-116720] pass
2016-01-28 01:54:41,557 DEBUG [EBPB_KeyhandlingSTTL-116720] Exiting from validate_keyCaptured function
2016-01-28 01:54:41,557 DEBUG [EBPB_KeyhandlingSTTL-116720] Result of validate_keyCaptured: pass
2016-01-28 01:54:41,557 DEBUG [EBPB_KeyhandlingSTTL-116720] In execute keyword function
2016-01-28 01:54:41,557 DEBUG [EBPB_KeyhandlingSTTL-116720] Executing sendKeyEvents function:
2016-01-28 01:54:41,557 DEBUG [EBPB_KeyhandlingSTTL-116720] Entered sendKeyEvents function
2016-01-28 01:54:41,557 DEBUG [EBPB_KeyhandlingSTTL-116720] p
2016-01-28 01:54:41,557 DEBUG [EBPB_KeyhandlingSTTL-116720] Entered p
2016-01-28 01:54:41,557 DEBUG [EBPB_KeyhandlingSTTL-116720] Started executeCommandLine function
2016-01-28 01:54:45,577 DEBUG [EBPB_KeyhandlingSTTL-116720] Exiting from executeCommandLine function
2016-01-28 01:54:45,577 DEBUG [EBPB_KeyhandlingSTTL-116720] pass
2016-01-28 01:54:45,577 DEBUG [EBPB_KeyhandlingSTTL-116720] TestStepResult of sendKeyEvents: pass
2016-01-28 01:54:45,577 DEBUG [EBPB_KeyhandlingSTTL-116720] In execute keyword function
2016-01-28 01:54:45,577 DEBUG [EBPB_KeyhandlingSTTL-116720] Executing validate_keyCaptured function:
2016-01-28 01:54:45,577 DEBUG [EBPB_KeyhandlingSTTL-116720] Entered validate_keyCaptured function
2016-01-28 01:54:45,795 DEBUG [EBPB_KeyhandlingSTTL-116720] 44
2016-01-28 01:54:45,795 DEBUG [EBPB_KeyhandlingSTTL-116720] Actual Value matches Expected
2016-01-28 01:54:45,795 DEBUG [EBPB_KeyhandlingSTTL-116720] pass
2016-01-28 01:54:45,795 DEBUG [EBPB_KeyhandlingSTTL-116720] Exiting from validate_keyCaptured function
2016-01-28 01:54:45,795 DEBUG [EBPB_KeyhandlingSTTL-116720] Result of validate_keyCaptured: pass
2016-01-28 01:54:45,795 DEBUG [EBPB_KeyhandlingSTTL-116720] In execute keyword function
2016-01-28 01:54:45,795 DEBUG [EBPB_KeyhandlingSTTL-116720] Executing sendKeyEvents function:
2016-01-28 01:54:45,795 DEBUG [EBPB_KeyhandlingSTTL-116720] Entered sendKeyEvents function
2016-01-28 01:54:45,795 DEBUG [EBPB_KeyhandlingSTTL-116720] q
2016-01-28 01:54:45,795 DEBUG [EBPB_KeyhandlingSTTL-116720] Entered q
2016-01-28 01:54:45,795 DEBUG [EBPB_KeyhandlingSTTL-116720] Started executeCommandLine function
2016-01-28 01:54:49,814 DEBUG [EBPB_KeyhandlingSTTL-116720] Exiting from executeCommandLine function
2016-01-28 01:54:49,814 DEBUG [EBPB_KeyhandlingSTTL-116720] pass
2016-01-28 01:54:49,814 DEBUG [EBPB_KeyhandlingSTTL-116720] TestStepResult of sendKeyEvents: pass
2016-01-28 01:54:49,814 DEBUG [EBPB_KeyhandlingSTTL-116720] In execute keyword function
2016-01-28 01:54:49,814 DEBUG [EBPB_KeyhandlingSTTL-116720] Executing validate_keyCaptured function:
2016-01-28 01:54:49,814 DEBUG [EBPB_KeyhandlingSTTL-116720] Entered validate_keyCaptured function
2016-01-28 01:54:50,019 DEBUG [EBPB_KeyhandlingSTTL-116720] 45
2016-01-28 01:54:50,019 DEBUG [EBPB_KeyhandlingSTTL-116720] Actual Value matches Expected
2016-01-28 01:54:50,019 DEBUG [EBPB_KeyhandlingSTTL-116720] pass
2016-01-28 01:54:50,019 DEBUG [EBPB_KeyhandlingSTTL-116720] Exiting from validate_keyCaptured function
2016-01-28 01:54:50,019 DEBUG [EBPB_KeyhandlingSTTL-116720] Result of validate_keyCaptured: pass
2016-01-28 01:54:50,019 DEBUG [EBPB_KeyhandlingSTTL-116720] In execute keyword function
2016-01-28 01:54:50,019 DEBUG [EBPB_KeyhandlingSTTL-116720] Executing sendKeyEvents function:
2016-01-28 01:54:50,019 DEBUG [EBPB_KeyhandlingSTTL-116720] Entered sendKeyEvents function
2016-01-28 01:54:50,019 DEBUG [EBPB_KeyhandlingSTTL-116720] r
2016-01-28 01:54:50,019 DEBUG [EBPB_KeyhandlingSTTL-116720] Entered r
2016-01-28 01:54:50,019 DEBUG [EBPB_KeyhandlingSTTL-116720] Started executeCommandLine function
2016-01-28 01:54:54,039 DEBUG [EBPB_KeyhandlingSTTL-116720] Exiting from executeCommandLine function
2016-01-28 01:54:54,039 DEBUG [EBPB_KeyhandlingSTTL-116720] pass
2016-01-28 01:54:54,039 DEBUG [EBPB_KeyhandlingSTTL-116720] TestStepResult of sendKeyEvents: pass
2016-01-28 01:54:54,039 DEBUG [EBPB_KeyhandlingSTTL-116720] In execute keyword function
2016-01-28 01:54:54,039 DEBUG [EBPB_KeyhandlingSTTL-116720] Executing validate_keyCaptured function:
2016-01-28 01:54:54,039 DEBUG [EBPB_KeyhandlingSTTL-116720] Entered validate_keyCaptured function
2016-01-28 01:54:54,242 DEBUG [EBPB_KeyhandlingSTTL-116720] 46
2016-01-28 01:54:54,242 DEBUG [EBPB_KeyhandlingSTTL-116720] Actual Value matches Expected
2016-01-28 01:54:54,242 DEBUG [EBPB_KeyhandlingSTTL-116720] pass
2016-01-28 01:54:54,242 DEBUG [EBPB_KeyhandlingSTTL-116720] Exiting from validate_keyCaptured function
2016-01-28 01:54:54,242 DEBUG [EBPB_KeyhandlingSTTL-116720] Result of validate_keyCaptured: pass
2016-01-28 01:54:54,242 DEBUG [EBPB_KeyhandlingSTTL-116720] In execute keyword function
2016-01-28 01:54:54,242 DEBUG [EBPB_KeyhandlingSTTL-116720] Executing sendKeyEvents function:
2016-01-28 01:54:54,242 DEBUG [EBPB_KeyhandlingSTTL-116720] Entered sendKeyEvents function
2016-01-28 01:54:54,242 DEBUG [EBPB_KeyhandlingSTTL-116720] s
2016-01-28 01:54:54,242 DEBUG [EBPB_KeyhandlingSTTL-116720] Entered s
2016-01-28 01:54:54,242 DEBUG [EBPB_KeyhandlingSTTL-116720] Started executeCommandLine function
2016-01-28 01:54:58,262 DEBUG [EBPB_KeyhandlingSTTL-116720] Exiting from executeCommandLine function
2016-01-28 01:54:58,262 DEBUG [EBPB_KeyhandlingSTTL-116720] pass
2016-01-28 01:54:58,262 DEBUG [EBPB_KeyhandlingSTTL-116720] TestStepResult of sendKeyEvents: pass
2016-01-28 01:54:58,262 DEBUG [EBPB_KeyhandlingSTTL-116720] In execute keyword function
2016-01-28 01:54:58,262 DEBUG [EBPB_KeyhandlingSTTL-116720] Executing validate_keyCaptured function:
2016-01-28 01:54:58,262 DEBUG [EBPB_KeyhandlingSTTL-116720] Entered validate_keyCaptured function
2016-01-28 01:54:58,429 DEBUG [EBPB_KeyhandlingSTTL-116720] 47
2016-01-28 01:54:58,429 DEBUG [EBPB_KeyhandlingSTTL-116720] Actual Value matches Expected
2016-01-28 01:54:58,429 DEBUG [EBPB_KeyhandlingSTTL-116720] pass
2016-01-28 01:54:58,429 DEBUG [EBPB_KeyhandlingSTTL-116720] Exiting from validate_keyCaptured function
2016-01-28 01:54:58,429 DEBUG [EBPB_KeyhandlingSTTL-116720] Result of validate_keyCaptured: pass
2016-01-28 01:54:58,429 DEBUG [EBPB_KeyhandlingSTTL-116720] In execute keyword function
2016-01-28 01:54:58,430 DEBUG [EBPB_KeyhandlingSTTL-116720] Executing sendKeyEvents function:
2016-01-28 01:54:58,430 DEBUG [EBPB_KeyhandlingSTTL-116720] Entered sendKeyEvents function
2016-01-28 01:54:58,430 DEBUG [EBPB_KeyhandlingSTTL-116720] t
2016-01-28 01:54:58,430 DEBUG [EBPB_KeyhandlingSTTL-116720] Entered t
2016-01-28 01:54:58,430 DEBUG [EBPB_KeyhandlingSTTL-116720] Started executeCommandLine function
2016-01-28 01:55:02,450 DEBUG [EBPB_KeyhandlingSTTL-116720] Exiting from executeCommandLine function
2016-01-28 01:55:02,450 DEBUG [EBPB_KeyhandlingSTTL-116720] pass
2016-01-28 01:55:02,450 DEBUG [EBPB_KeyhandlingSTTL-116720] TestStepResult of sendKeyEvents: pass
2016-01-28 01:55:02,450 DEBUG [EBPB_KeyhandlingSTTL-116720] In execute keyword function
2016-01-28 01:55:02,450 DEBUG [EBPB_KeyhandlingSTTL-116720] Executing validate_keyCaptured function:
2016-01-28 01:55:02,450 DEBUG [EBPB_KeyhandlingSTTL-116720] Entered validate_keyCaptured function
2016-01-28 01:55:02,651 DEBUG [EBPB_KeyhandlingSTTL-116720] 48
2016-01-28 01:55:02,651 DEBUG [EBPB_KeyhandlingSTTL-116720] Actual Value matches Expected
2016-01-28 01:55:02,651 DEBUG [EBPB_KeyhandlingSTTL-116720] pass
2016-01-28 01:55:02,651 DEBUG [EBPB_KeyhandlingSTTL-116720] Exiting from validate_keyCaptured function
2016-01-28 01:55:02,651 DEBUG [EBPB_KeyhandlingSTTL-116720] Result of validate_keyCaptured: pass
2016-01-28 01:55:02,652 DEBUG [EBPB_KeyhandlingSTTL-116720] In execute keyword function
2016-01-28 01:55:02,652 DEBUG [EBPB_KeyhandlingSTTL-116720] Executing sendKeyEvents function:
2016-01-28 01:55:02,652 DEBUG [EBPB_KeyhandlingSTTL-116720] Entered sendKeyEvents function
2016-01-28 01:55:02,652 DEBUG [EBPB_KeyhandlingSTTL-116720] u
2016-01-28 01:55:02,652 DEBUG [EBPB_KeyhandlingSTTL-116720] Entered u
2016-01-28 01:55:02,652 DEBUG [EBPB_KeyhandlingSTTL-116720] Started executeCommandLine function
2016-01-28 01:55:06,672 DEBUG [EBPB_KeyhandlingSTTL-116720] Exiting from executeCommandLine function
2016-01-28 01:55:06,672 DEBUG [EBPB_KeyhandlingSTTL-116720] pass
2016-01-28 01:55:06,672 DEBUG [EBPB_KeyhandlingSTTL-116720] TestStepResult of sendKeyEvents: pass
2016-01-28 01:55:06,672 DEBUG [EBPB_KeyhandlingSTTL-116720] In execute keyword function
2016-01-28 01:55:06,672 DEBUG [EBPB_KeyhandlingSTTL-116720] Executing validate_keyCaptured function:
2016-01-28 01:55:06,672 DEBUG [EBPB_KeyhandlingSTTL-116720] Entered validate_keyCaptured function
2016-01-28 01:55:06,868 DEBUG [EBPB_KeyhandlingSTTL-116720] 49
2016-01-28 01:55:06,868 DEBUG [EBPB_KeyhandlingSTTL-116720] Actual Value matches Expected
2016-01-28 01:55:06,868 DEBUG [EBPB_KeyhandlingSTTL-116720] pass
2016-01-28 01:55:06,868 DEBUG [EBPB_KeyhandlingSTTL-116720] Exiting from validate_keyCaptured function
2016-01-28 01:55:06,868 DEBUG [EBPB_KeyhandlingSTTL-116720] Result of validate_keyCaptured: pass
2016-01-28 01:55:06,868 DEBUG [EBPB_KeyhandlingSTTL-116720] In execute keyword function
2016-01-28 01:55:06,868 DEBUG [EBPB_KeyhandlingSTTL-116720] Executing sendKeyEvents function:
2016-01-28 01:55:06,868 DEBUG [EBPB_KeyhandlingSTTL-116720] Entered sendKeyEvents function
2016-01-28 01:55:06,868 DEBUG [EBPB_KeyhandlingSTTL-116720] v
2016-01-28 01:55:06,868 DEBUG [EBPB_KeyhandlingSTTL-116720] Entered v
2016-01-28 01:55:06,868 DEBUG [EBPB_KeyhandlingSTTL-116720] Started executeCommandLine function
2016-01-28 01:55:10,889 DEBUG [EBPB_KeyhandlingSTTL-116720] Exiting from executeCommandLine function
2016-01-28 01:55:10,889 DEBUG [EBPB_KeyhandlingSTTL-116720] pass
2016-01-28 01:55:10,889 DEBUG [EBPB_KeyhandlingSTTL-116720] TestStepResult of sendKeyEvents: pass
2016-01-28 01:55:10,889 DEBUG [EBPB_KeyhandlingSTTL-116720] In execute keyword function
2016-01-28 01:55:10,889 DEBUG [EBPB_KeyhandlingSTTL-116720] Executing validate_keyCaptured function:
2016-01-28 01:55:10,889 DEBUG [EBPB_KeyhandlingSTTL-116720] Entered validate_keyCaptured function
2016-01-28 01:55:11,089 DEBUG [EBPB_KeyhandlingSTTL-116720] 50
2016-01-28 01:55:11,089 DEBUG [EBPB_KeyhandlingSTTL-116720] Actual Value matches Expected
2016-01-28 01:55:11,089 DEBUG [EBPB_KeyhandlingSTTL-116720] pass
2016-01-28 01:55:11,089 DEBUG [EBPB_KeyhandlingSTTL-116720] Exiting from validate_keyCaptured function
2016-01-28 01:55:11,089 DEBUG [EBPB_KeyhandlingSTTL-116720] Result of validate_keyCaptured: pass
2016-01-28 01:55:11,089 DEBUG [EBPB_KeyhandlingSTTL-116720] In execute keyword function
2016-01-28 01:55:11,089 DEBUG [EBPB_KeyhandlingSTTL-116720] Executing sendKeyEvents function:
2016-01-28 01:55:11,089 DEBUG [EBPB_KeyhandlingSTTL-116720] Entered sendKeyEvents function
2016-01-28 01:55:11,089 DEBUG [EBPB_KeyhandlingSTTL-116720] w
2016-01-28 01:55:11,089 DEBUG [EBPB_KeyhandlingSTTL-116720] Entered w
2016-01-28 01:55:11,089 DEBUG [EBPB_KeyhandlingSTTL-116720] Started executeCommandLine function
2016-01-28 01:55:15,110 DEBUG [EBPB_KeyhandlingSTTL-116720] Exiting from executeCommandLine function
2016-01-28 01:55:15,110 DEBUG [EBPB_KeyhandlingSTTL-116720] pass
2016-01-28 01:55:15,110 DEBUG [EBPB_KeyhandlingSTTL-116720] TestStepResult of sendKeyEvents: pass
2016-01-28 01:55:15,110 DEBUG [EBPB_KeyhandlingSTTL-116720] In execute keyword function
2016-01-28 01:55:15,110 DEBUG [EBPB_KeyhandlingSTTL-116720] Executing validate_keyCaptured function:
2016-01-28 01:55:15,110 DEBUG [EBPB_KeyhandlingSTTL-116720] Entered validate_keyCaptured function
2016-01-28 01:55:15,310 DEBUG [EBPB_KeyhandlingSTTL-116720] 51
2016-01-28 01:55:15,311 DEBUG [EBPB_KeyhandlingSTTL-116720] Actual Value matches Expected
2016-01-28 01:55:15,311 DEBUG [EBPB_KeyhandlingSTTL-116720] pass
2016-01-28 01:55:15,311 DEBUG [EBPB_KeyhandlingSTTL-116720] Exiting from validate_keyCaptured function
2016-01-28 01:55:15,311 DEBUG [EBPB_KeyhandlingSTTL-116720] Result of validate_keyCaptured: pass
2016-01-28 01:55:15,311 DEBUG [EBPB_KeyhandlingSTTL-116720] In execute keyword function
2016-01-28 01:55:15,311 DEBUG [EBPB_KeyhandlingSTTL-116720] Executing sendKeyEvents function:
2016-01-28 01:55:15,311 DEBUG [EBPB_KeyhandlingSTTL-116720] Entered sendKeyEvents function
2016-01-28 01:55:15,311 DEBUG [EBPB_KeyhandlingSTTL-116720] x
2016-01-28 01:55:15,311 DEBUG [EBPB_KeyhandlingSTTL-116720] Entered x
2016-01-28 01:55:15,311 DEBUG [EBPB_KeyhandlingSTTL-116720] Started executeCommandLine function
2016-01-28 01:55:19,331 DEBUG [EBPB_KeyhandlingSTTL-116720] Exiting from executeCommandLine function
2016-01-28 01:55:19,331 DEBUG [EBPB_KeyhandlingSTTL-116720] pass
2016-01-28 01:55:19,331 DEBUG [EBPB_KeyhandlingSTTL-116720] TestStepResult of sendKeyEvents: pass
2016-01-28 01:55:19,331 DEBUG [EBPB_KeyhandlingSTTL-116720] In execute keyword function
2016-01-28 01:55:19,331 DEBUG [EBPB_KeyhandlingSTTL-116720] Executing validate_keyCaptured function:
2016-01-28 01:55:19,331 DEBUG [EBPB_KeyhandlingSTTL-116720] Entered validate_keyCaptured function
2016-01-28 01:55:19,539 DEBUG [EBPB_KeyhandlingSTTL-116720] 52
2016-01-28 01:55:19,539 DEBUG [EBPB_KeyhandlingSTTL-116720] Actual Value matches Expected
2016-01-28 01:55:19,539 DEBUG [EBPB_KeyhandlingSTTL-116720] pass
2016-01-28 01:55:19,539 DEBUG [EBPB_KeyhandlingSTTL-116720] Exiting from validate_keyCaptured function
2016-01-28 01:55:19,539 DEBUG [EBPB_KeyhandlingSTTL-116720] Result of validate_keyCaptured: pass
2016-01-28 01:55:19,539 DEBUG [EBPB_KeyhandlingSTTL-116720] In execute keyword function
2016-01-28 01:55:19,539 DEBUG [EBPB_KeyhandlingSTTL-116720] Executing sendKeyEvents function:
2016-01-28 01:55:19,539 DEBUG [EBPB_KeyhandlingSTTL-116720] Entered sendKeyEvents function
2016-01-28 01:55:19,539 DEBUG [EBPB_KeyhandlingSTTL-116720] y
2016-01-28 01:55:19,539 DEBUG [EBPB_KeyhandlingSTTL-116720] Entered y
2016-01-28 01:55:19,539 DEBUG [EBPB_KeyhandlingSTTL-116720] Started executeCommandLine function
2016-01-28 01:55:23,559 DEBUG [EBPB_KeyhandlingSTTL-116720] Exiting from executeCommandLine function
2016-01-28 01:55:23,559 DEBUG [EBPB_KeyhandlingSTTL-116720] pass
2016-01-28 01:55:23,559 DEBUG [EBPB_KeyhandlingSTTL-116720] TestStepResult of sendKeyEvents: pass
2016-01-28 01:55:23,559 DEBUG [EBPB_KeyhandlingSTTL-116720] In execute keyword function
2016-01-28 01:55:23,559 DEBUG [EBPB_KeyhandlingSTTL-116720] Executing validate_keyCaptured function:
2016-01-28 01:55:23,559 DEBUG [EBPB_KeyhandlingSTTL-116720] Entered validate_keyCaptured function
2016-01-28 01:55:23,704 DEBUG [EBPB_KeyhandlingSTTL-116720] 53
2016-01-28 01:55:23,704 DEBUG [EBPB_KeyhandlingSTTL-116720] Actual Value matches Expected
2016-01-28 01:55:23,704 DEBUG [EBPB_KeyhandlingSTTL-116720] pass
2016-01-28 01:55:23,704 DEBUG [EBPB_KeyhandlingSTTL-116720] Exiting from validate_keyCaptured function
2016-01-28 01:55:23,704 DEBUG [EBPB_KeyhandlingSTTL-116720] Result of validate_keyCaptured: pass
2016-01-28 01:55:23,705 DEBUG [EBPB_KeyhandlingSTTL-116720] In execute keyword function
2016-01-28 01:55:23,705 DEBUG [EBPB_KeyhandlingSTTL-116720] Executing sendKeyEvents function:
2016-01-28 01:55:23,705 DEBUG [EBPB_KeyhandlingSTTL-116720] Entered sendKeyEvents function
2016-01-28 01:55:23,705 DEBUG [EBPB_KeyhandlingSTTL-116720] z
2016-01-28 01:55:23,705 DEBUG [EBPB_KeyhandlingSTTL-116720] Entered z
2016-01-28 01:55:23,705 DEBUG [EBPB_KeyhandlingSTTL-116720] Started executeCommandLine function
2016-01-28 01:55:27,725 DEBUG [EBPB_KeyhandlingSTTL-116720] Exiting from executeCommandLine function
2016-01-28 01:55:27,725 DEBUG [EBPB_KeyhandlingSTTL-116720] pass
2016-01-28 01:55:27,725 DEBUG [EBPB_KeyhandlingSTTL-116720] TestStepResult of sendKeyEvents: pass
2016-01-28 01:55:27,725 DEBUG [EBPB_KeyhandlingSTTL-116720] In execute keyword function
2016-01-28 01:55:27,725 DEBUG [EBPB_KeyhandlingSTTL-116720] Executing validate_keyCaptured function:
2016-01-28 01:55:27,725 DEBUG [EBPB_KeyhandlingSTTL-116720] Entered validate_keyCaptured function
2016-01-28 01:55:27,916 DEBUG [EBPB_KeyhandlingSTTL-116720] 54
2016-01-28 01:55:27,916 DEBUG [EBPB_KeyhandlingSTTL-116720] Actual Value matches Expected
2016-01-28 01:55:27,916 DEBUG [EBPB_KeyhandlingSTTL-116720] pass
2016-01-28 01:55:27,916 DEBUG [EBPB_KeyhandlingSTTL-116720] Exiting from validate_keyCaptured function
2016-01-28 01:55:27,917 DEBUG [EBPB_KeyhandlingSTTL-116720] Result of validate_keyCaptured: pass
2016-01-28 01:55:27,917 DEBUG [EBPB_KeyhandlingSTTL-116720] allstep_result contains: passpasspasspasspasspasspasspasspasspasspasspasspasspasspasspasspasspasspasspasspasspasspasspasspasspasspasspassPassPassnull
2016-01-28 01:55:27,917 DEBUG [EBPB_KeyhandlingSTTL-116720] allexpected_result contains: nullpassnullpassnullpassnullpassnullpassnullpassnullpassnullpassnullpassnullpassnullpassnullpassnullpassnullpassnullpassnullpassnullpassnullpassnullpassnullpassnullpassnullpassnullpassnullpassnullpassnullpassnullPassnullpassnullpassnull
2016-01-28 01:55:27,917 DEBUG [EBPB_KeyhandlingSTTL-116720] Testcase_Result contains: nullpassnullpassnullpassnullpassnullpassnullpassnullpassnullpassnullpassnullpassnullpassnullpassnullpassnullpassnullpassnullpassnullpassnullpassnullpassnullpassnullpassnullpassnullpassnullpassnullpassnullpassnullPassnullpassnullpassnullpasspasspasspasspasspasspasspasspasspasspasspasspasspasspasspasspasspasspasspasspasspasspasspasspasspasspasspassPassPassnull
2016-01-28 01:55:27,917 DEBUG [EBPB_KeyhandlingSTTL-116720] Test case with description KeyValue:All(Alphabets) Pass
2016-01-28 01:55:29,008 DEBUG [EBPB_KeyhandlingSTTL-116720] Executing browser_Quit function
2016-01-28 01:55:29,008 DEBUG [EBPB_KeyhandlingSTTL-116720] Completed browser_Quit function
2016-01-28 01:55:29,008 DEBUG [EBPB_KeyhandlingSTTL-116720] Completed quitSelendroid function
2016-01-28 01:55:29,009 DEBUG [EBPB_KeyhandlingSTTL-116720] Row number:21
2016-01-28 01:55:29,050 DEBUG [EBPB_KeyhandlingSTTL-116720] Ending Test Case IDSTTL-116720
