2016-01-28 02:03:16,179 DEBUG [EBPB_KeyhandlingSTTL-116731] Executing Test Case ID: STTL-116731
2016-01-28 02:03:16,186 DEBUG [EBPB_KeyhandlingSTTL-116731] Executing Init_Selendroid function with APK as parameter and clear data value with 1
2016-01-28 02:03:26,674 DEBUG [EBPB_KeyhandlingSTTL-116731] Exiting Init_Selendroid function
2016-01-28 02:03:26,692 DEBUG [EBPB_KeyhandlingSTTL-116731] TestCase with Description "Pressing BackSpace in index page" Execution started
2016-01-28 02:03:26,693 DEBUG [EBPB_KeyhandlingSTTL-116731] In execute keyword function
2016-01-28 02:03:26,693 DEBUG [EBPB_KeyhandlingSTTL-116731] Executing wait function:
2016-01-28 02:03:26,693 DEBUG [EBPB_KeyhandlingSTTL-116731] Started Executing wait function
2016-01-28 02:03:31,693 DEBUG [EBPB_KeyhandlingSTTL-116731] Exiting from wait function
2016-01-28 02:03:31,693 DEBUG [EBPB_KeyhandlingSTTL-116731] TestStepResult of wait: Pass
2016-01-28 02:03:31,693 DEBUG [EBPB_KeyhandlingSTTL-116731] In execute keyword function
2016-01-28 02:03:31,693 DEBUG [EBPB_KeyhandlingSTTL-116731] Executing validate_PageTitle function:
2016-01-28 02:03:31,737 DEBUG [EBPB_KeyhandlingSTTL-116731] The title of the page is *********************************: Pocket Browser Tests
2016-01-28 02:03:31,737 DEBUG [EBPB_KeyhandlingSTTL-116731] The page title found is correct
2016-01-28 02:03:31,737 DEBUG [EBPB_KeyhandlingSTTL-116731] Result of validate_PageTitle: pass
2016-01-28 02:03:31,737 DEBUG [EBPB_KeyhandlingSTTL-116731] In execute keyword function
2016-01-28 02:03:31,737 DEBUG [EBPB_KeyhandlingSTTL-116731] Executing sendKeyEvents function:
2016-01-28 02:03:31,737 DEBUG [EBPB_KeyhandlingSTTL-116731] Entered sendKeyEvents function
2016-01-28 02:03:31,737 DEBUG [EBPB_KeyhandlingSTTL-116731] BACK
2016-01-28 02:03:31,737 DEBUG [EBPB_KeyhandlingSTTL-116731] Entered BACKkey
2016-01-28 02:03:31,737 DEBUG [EBPB_KeyhandlingSTTL-116731] Started executeCommandLine function
2016-01-28 02:03:35,758 DEBUG [EBPB_KeyhandlingSTTL-116731] Exiting from executeCommandLine function
2016-01-28 02:03:35,758 DEBUG [EBPB_KeyhandlingSTTL-116731] pass
2016-01-28 02:03:35,758 DEBUG [EBPB_KeyhandlingSTTL-116731] TestStepResult of sendKeyEvents: pass
2016-01-28 02:03:35,758 DEBUG [EBPB_KeyhandlingSTTL-116731] In execute keyword function
2016-01-28 02:03:35,758 DEBUG [EBPB_KeyhandlingSTTL-116731] Executing validate_PageTitle function:
2016-01-28 02:03:35,797 DEBUG [EBPB_KeyhandlingSTTL-116731] The title of the page is *********************************: Pocket Browser Tests
2016-01-28 02:03:35,797 DEBUG [EBPB_KeyhandlingSTTL-116731] The page title found is correct
2016-01-28 02:03:35,797 DEBUG [EBPB_KeyhandlingSTTL-116731] Result of validate_PageTitle: pass
2016-01-28 02:03:35,797 DEBUG [EBPB_KeyhandlingSTTL-116731] In execute keyword function
2016-01-28 02:03:35,797 DEBUG [EBPB_KeyhandlingSTTL-116731] Executing wait function:
2016-01-28 02:03:35,797 DEBUG [EBPB_KeyhandlingSTTL-116731] Started Executing wait function
2016-01-28 02:03:37,797 DEBUG [EBPB_KeyhandlingSTTL-116731] Exiting from wait function
2016-01-28 02:03:37,797 DEBUG [EBPB_KeyhandlingSTTL-116731] TestStepResult of wait: Pass
2016-01-28 02:03:37,797 DEBUG [EBPB_KeyhandlingSTTL-116731] In execute keyword function
2016-01-28 02:03:37,797 DEBUG [EBPB_KeyhandlingSTTL-116731] Executing PullConfigxml function:
2016-01-28 02:03:37,797 DEBUG [EBPB_KeyhandlingSTTL-116731] Started executeCommandLine function
2016-01-28 02:03:41,816 DEBUG [EBPB_KeyhandlingSTTL-116731] TestStepResult of PullConfigxml: Pass
2016-01-28 02:03:41,816 DEBUG [EBPB_KeyhandlingSTTL-116731] In execute keyword function
2016-01-28 02:03:41,816 DEBUG [EBPB_KeyhandlingSTTL-116731] Executing ChangeConfigxml function:
2016-01-28 02:03:41,816 DEBUG [EBPB_KeyhandlingSTTL-116731] Executing ChangeConfigxml function
2016-01-28 02:03:41,818 DEBUG [EBPB_KeyhandlingSTTL-116731] TestStepResult of ChangeConfigxml: Pass
2016-01-28 02:03:41,818 DEBUG [EBPB_KeyhandlingSTTL-116731] In execute keyword function
2016-01-28 02:03:41,818 DEBUG [EBPB_KeyhandlingSTTL-116731] Executing PushConfigxml function:
2016-01-28 02:03:41,818 DEBUG [EBPB_KeyhandlingSTTL-116731] Started executeCommandLine function
2016-01-28 02:03:45,840 DEBUG [EBPB_KeyhandlingSTTL-116731] TestStepResult of PushConfigxml: Pass
2016-01-28 02:03:45,840 DEBUG [EBPB_KeyhandlingSTTL-116731] allstep_result contains: PassPassPassPasspassPassnull
2016-01-28 02:03:45,840 DEBUG [EBPB_KeyhandlingSTTL-116731] allexpected_result contains: nullpassnullpassnull
2016-01-28 02:03:45,840 DEBUG [EBPB_KeyhandlingSTTL-116731] Testcase_Result contains: nullpassnullpassnullPassPassPassPasspassPassnull
2016-01-28 02:03:45,840 DEBUG [EBPB_KeyhandlingSTTL-116731] Test case with description Pressing BackSpace in index page Pass
2016-01-28 02:03:46,878 DEBUG [EBPB_KeyhandlingSTTL-116731] Executing browser_Quit function
2016-01-28 02:03:46,878 DEBUG [EBPB_KeyhandlingSTTL-116731] Completed browser_Quit function
2016-01-28 02:03:46,879 DEBUG [EBPB_KeyhandlingSTTL-116731] Completed quitSelendroid function
2016-01-28 02:03:46,879 DEBUG [EBPB_KeyhandlingSTTL-116731] Row number:32
2016-01-28 02:03:46,922 DEBUG [EBPB_KeyhandlingSTTL-116731] Ending Test Case IDSTTL-116731
