2016-01-28 01:58:56,159 DEBUG [EBPB_KeyhandlingSTTL-116726] Executing Test Case ID: STTL-116726
2016-01-28 01:58:56,167 DEBUG [EBPB_KeyhandlingSTTL-116726] Executing Init_Selendroid function with APK as parameter and clear data value with 1
2016-01-28 01:59:06,634 DEBUG [EBPB_KeyhandlingSTTL-116726] Exiting Init_Selendroid function
2016-01-28 01:59:06,652 DEBUG [EBPB_KeyhandlingSTTL-116726] TestCase with Description "KeyValue:All(Function & Special Keys)" Execution started
2016-01-28 01:59:06,652 DEBUG [EBPB_KeyhandlingSTTL-116726] In execute keyword function
2016-01-28 01:59:06,652 DEBUG [EBPB_KeyhandlingSTTL-116726] Executing wait function:
2016-01-28 01:59:06,652 DEBUG [EBPB_KeyhandlingSTTL-116726] Started Executing wait function
2016-01-28 01:59:11,653 DEBUG [EBPB_KeyhandlingSTTL-116726] Exiting from wait function
2016-01-28 01:59:11,653 DEBUG [EBPB_KeyhandlingSTTL-116726] TestStepResult of wait: Pass
2016-01-28 01:59:11,653 DEBUG [EBPB_KeyhandlingSTTL-116726] In execute keyword function
2016-01-28 01:59:11,653 DEBUG [EBPB_KeyhandlingSTTL-116726] Executing validate_PageTitle function:
2016-01-28 01:59:11,697 DEBUG [EBPB_KeyhandlingSTTL-116726] The title of the page is *********************************: Pocket Browser Tests
2016-01-28 01:59:11,697 DEBUG [EBPB_KeyhandlingSTTL-116726] The page title found is correct
2016-01-28 01:59:11,697 DEBUG [EBPB_KeyhandlingSTTL-116726] Result of validate_PageTitle: pass
2016-01-28 01:59:11,697 DEBUG [EBPB_KeyhandlingSTTL-116726] In execute keyword function
2016-01-28 01:59:11,697 DEBUG [EBPB_KeyhandlingSTTL-116726] Executing link_Click function:
2016-01-28 01:59:12,333 DEBUG [EBPB_KeyhandlingSTTL-116726] Executing Click function
2016-01-28 01:59:13,397 DEBUG [EBPB_KeyhandlingSTTL-116726] Exiting Click function
2016-01-28 01:59:13,397 DEBUG [EBPB_KeyhandlingSTTL-116726] keyhandling_link clicked successfully
2016-01-28 01:59:13,397 DEBUG [EBPB_KeyhandlingSTTL-116726] TestStepResult of link_Click: Pass
2016-01-28 01:59:13,397 DEBUG [EBPB_KeyhandlingSTTL-116726] In execute keyword function
2016-01-28 01:59:13,397 DEBUG [EBPB_KeyhandlingSTTL-116726] Executing validate_PageTitle function:
2016-01-28 01:59:13,413 DEBUG [EBPB_KeyhandlingSTTL-116726] The title of the page is *********************************: PB and RE2.2 Semi Auto Frame Work : Keyhandling
2016-01-28 01:59:13,413 DEBUG [EBPB_KeyhandlingSTTL-116726] The page title found is correct
2016-01-28 01:59:13,413 DEBUG [EBPB_KeyhandlingSTTL-116726] Result of validate_PageTitle: pass
2016-01-28 01:59:13,413 DEBUG [EBPB_KeyhandlingSTTL-116726] In execute keyword function
2016-01-28 01:59:13,413 DEBUG [EBPB_KeyhandlingSTTL-116726] Executing SelectTestToRun function:
2016-01-28 01:59:17,700 DEBUG [EBPB_KeyhandlingSTTL-116726] Successfull in selecting clicking the category
2016-01-28 01:59:17,700 DEBUG [EBPB_KeyhandlingSTTL-116726] TestStepResult of SelectTestToRun: pass
2016-01-28 01:59:17,700 DEBUG [EBPB_KeyhandlingSTTL-116726] In execute keyword function
2016-01-28 01:59:17,700 DEBUG [EBPB_KeyhandlingSTTL-116726] Executing ClickRunTest function:
2016-01-28 01:59:18,067 DEBUG [EBPB_KeyhandlingSTTL-116726] Executing Click function
2016-01-28 01:59:19,080 DEBUG [EBPB_KeyhandlingSTTL-116726] Exiting Click function
2016-01-28 01:59:19,081 DEBUG [EBPB_KeyhandlingSTTL-116726] runtest_top_xpath Button clicked Successfully
2016-01-28 01:59:19,081 DEBUG [EBPB_KeyhandlingSTTL-116726] TestStepResult of ClickRunTest: pass
2016-01-28 01:59:19,081 DEBUG [EBPB_KeyhandlingSTTL-116726] In execute keyword function
2016-01-28 01:59:19,081 DEBUG [EBPB_KeyhandlingSTTL-116726] Executing validate_Text_Exists function:
2016-01-28 01:59:19,371 DEBUG [EBPB_KeyhandlingSTTL-116726] VT056-0711 Testcase Text found
2016-01-28 01:59:19,371 DEBUG [EBPB_KeyhandlingSTTL-116726] Result of validate_Text_Exists: Pass
2016-01-28 01:59:19,371 DEBUG [EBPB_KeyhandlingSTTL-116726] In execute keyword function
2016-01-28 01:59:19,371 DEBUG [EBPB_KeyhandlingSTTL-116726] Executing sendKeyEvents function:
2016-01-28 01:59:19,371 DEBUG [EBPB_KeyhandlingSTTL-116726] Entered sendKeyEvents function
2016-01-28 01:59:19,371 DEBUG [EBPB_KeyhandlingSTTL-116726] F1
2016-01-28 01:59:19,371 DEBUG [EBPB_KeyhandlingSTTL-116726] Entered F1key
2016-01-28 01:59:19,371 DEBUG [EBPB_KeyhandlingSTTL-116726] Started executeCommandLine function
2016-01-28 01:59:23,385 DEBUG [EBPB_KeyhandlingSTTL-116726] Exiting from executeCommandLine function
2016-01-28 01:59:23,385 DEBUG [EBPB_KeyhandlingSTTL-116726] pass
2016-01-28 01:59:23,385 DEBUG [EBPB_KeyhandlingSTTL-116726] TestStepResult of sendKeyEvents: pass
2016-01-28 01:59:23,385 DEBUG [EBPB_KeyhandlingSTTL-116726] In execute keyword function
2016-01-28 01:59:23,385 DEBUG [EBPB_KeyhandlingSTTL-116726] Executing validate_keyCaptured function:
2016-01-28 01:59:23,385 DEBUG [EBPB_KeyhandlingSTTL-116726] Entered validate_keyCaptured function
2016-01-28 01:59:23,699 DEBUG [EBPB_KeyhandlingSTTL-116726] 131
2016-01-28 01:59:23,699 DEBUG [EBPB_KeyhandlingSTTL-116726] Actual Value matches Expected
2016-01-28 01:59:23,699 DEBUG [EBPB_KeyhandlingSTTL-116726] pass
2016-01-28 01:59:23,699 DEBUG [EBPB_KeyhandlingSTTL-116726] Exiting from validate_keyCaptured function
2016-01-28 01:59:23,700 DEBUG [EBPB_KeyhandlingSTTL-116726] Result of validate_keyCaptured: pass
2016-01-28 01:59:23,700 DEBUG [EBPB_KeyhandlingSTTL-116726] In execute keyword function
2016-01-28 01:59:23,700 DEBUG [EBPB_KeyhandlingSTTL-116726] Executing sendKeyEvents function:
2016-01-28 01:59:23,700 DEBUG [EBPB_KeyhandlingSTTL-116726] Entered sendKeyEvents function
2016-01-28 01:59:23,700 DEBUG [EBPB_KeyhandlingSTTL-116726] F2
2016-01-28 01:59:23,700 DEBUG [EBPB_KeyhandlingSTTL-116726] Entered F2key
2016-01-28 01:59:23,700 DEBUG [EBPB_KeyhandlingSTTL-116726] Started executeCommandLine function
2016-01-28 01:59:27,720 DEBUG [EBPB_KeyhandlingSTTL-116726] Exiting from executeCommandLine function
2016-01-28 01:59:27,720 DEBUG [EBPB_KeyhandlingSTTL-116726] pass
2016-01-28 01:59:27,720 DEBUG [EBPB_KeyhandlingSTTL-116726] TestStepResult of sendKeyEvents: pass
2016-01-28 01:59:27,720 DEBUG [EBPB_KeyhandlingSTTL-116726] In execute keyword function
2016-01-28 01:59:27,720 DEBUG [EBPB_KeyhandlingSTTL-116726] Executing validate_keyCaptured function:
2016-01-28 01:59:27,720 DEBUG [EBPB_KeyhandlingSTTL-116726] Entered validate_keyCaptured function
2016-01-28 01:59:27,900 DEBUG [EBPB_KeyhandlingSTTL-116726] 132
2016-01-28 01:59:27,900 DEBUG [EBPB_KeyhandlingSTTL-116726] Actual Value matches Expected
2016-01-28 01:59:27,900 DEBUG [EBPB_KeyhandlingSTTL-116726] pass
2016-01-28 01:59:27,900 DEBUG [EBPB_KeyhandlingSTTL-116726] Exiting from validate_keyCaptured function
2016-01-28 01:59:27,900 DEBUG [EBPB_KeyhandlingSTTL-116726] Result of validate_keyCaptured: pass
2016-01-28 01:59:27,900 DEBUG [EBPB_KeyhandlingSTTL-116726] In execute keyword function
2016-01-28 01:59:27,900 DEBUG [EBPB_KeyhandlingSTTL-116726] Executing sendKeyEvents function:
2016-01-28 01:59:27,900 DEBUG [EBPB_KeyhandlingSTTL-116726] Entered sendKeyEvents function
2016-01-28 01:59:27,900 DEBUG [EBPB_KeyhandlingSTTL-116726] F3
2016-01-28 01:59:27,900 DEBUG [EBPB_KeyhandlingSTTL-116726] Entered F3key
2016-01-28 01:59:27,900 DEBUG [EBPB_KeyhandlingSTTL-116726] Started executeCommandLine function
2016-01-28 01:59:31,927 DEBUG [EBPB_KeyhandlingSTTL-116726] Exiting from executeCommandLine function
2016-01-28 01:59:31,927 DEBUG [EBPB_KeyhandlingSTTL-116726] pass
2016-01-28 01:59:31,927 DEBUG [EBPB_KeyhandlingSTTL-116726] TestStepResult of sendKeyEvents: pass
2016-01-28 01:59:31,927 DEBUG [EBPB_KeyhandlingSTTL-116726] In execute keyword function
2016-01-28 01:59:31,927 DEBUG [EBPB_KeyhandlingSTTL-116726] Executing validate_keyCaptured function:
2016-01-28 01:59:31,927 DEBUG [EBPB_KeyhandlingSTTL-116726] Entered validate_keyCaptured function
2016-01-28 01:59:32,154 DEBUG [EBPB_KeyhandlingSTTL-116726] 133
2016-01-28 01:59:32,154 DEBUG [EBPB_KeyhandlingSTTL-116726] Actual Value matches Expected
2016-01-28 01:59:32,154 DEBUG [EBPB_KeyhandlingSTTL-116726] pass
2016-01-28 01:59:32,154 DEBUG [EBPB_KeyhandlingSTTL-116726] Exiting from validate_keyCaptured function
2016-01-28 01:59:32,154 DEBUG [EBPB_KeyhandlingSTTL-116726] Result of validate_keyCaptured: pass
2016-01-28 01:59:32,154 DEBUG [EBPB_KeyhandlingSTTL-116726] In execute keyword function
2016-01-28 01:59:32,154 DEBUG [EBPB_KeyhandlingSTTL-116726] Executing sendKeyEvents function:
2016-01-28 01:59:32,154 DEBUG [EBPB_KeyhandlingSTTL-116726] Entered sendKeyEvents function
2016-01-28 01:59:32,154 DEBUG [EBPB_KeyhandlingSTTL-116726] F4
2016-01-28 01:59:32,154 DEBUG [EBPB_KeyhandlingSTTL-116726] Entered F4key
2016-01-28 01:59:32,154 DEBUG [EBPB_KeyhandlingSTTL-116726] Started executeCommandLine function
2016-01-28 01:59:36,175 DEBUG [EBPB_KeyhandlingSTTL-116726] Exiting from executeCommandLine function
2016-01-28 01:59:36,175 DEBUG [EBPB_KeyhandlingSTTL-116726] pass
2016-01-28 01:59:36,175 DEBUG [EBPB_KeyhandlingSTTL-116726] TestStepResult of sendKeyEvents: pass
2016-01-28 01:59:36,175 DEBUG [EBPB_KeyhandlingSTTL-116726] In execute keyword function
2016-01-28 01:59:36,175 DEBUG [EBPB_KeyhandlingSTTL-116726] Executing validate_keyCaptured function:
2016-01-28 01:59:36,175 DEBUG [EBPB_KeyhandlingSTTL-116726] Entered validate_keyCaptured function
2016-01-28 01:59:36,370 DEBUG [EBPB_KeyhandlingSTTL-116726] 134
2016-01-28 01:59:36,370 DEBUG [EBPB_KeyhandlingSTTL-116726] Actual Value matches Expected
2016-01-28 01:59:36,370 DEBUG [EBPB_KeyhandlingSTTL-116726] pass
2016-01-28 01:59:36,370 DEBUG [EBPB_KeyhandlingSTTL-116726] Exiting from validate_keyCaptured function
2016-01-28 01:59:36,370 DEBUG [EBPB_KeyhandlingSTTL-116726] Result of validate_keyCaptured: pass
2016-01-28 01:59:36,371 DEBUG [EBPB_KeyhandlingSTTL-116726] In execute keyword function
2016-01-28 01:59:36,371 DEBUG [EBPB_KeyhandlingSTTL-116726] Executing sendKeyEvents function:
2016-01-28 01:59:36,371 DEBUG [EBPB_KeyhandlingSTTL-116726] Entered sendKeyEvents function
2016-01-28 01:59:36,371 DEBUG [EBPB_KeyhandlingSTTL-116726] F5
2016-01-28 01:59:36,371 DEBUG [EBPB_KeyhandlingSTTL-116726] Entered F5key
2016-01-28 01:59:36,371 DEBUG [EBPB_KeyhandlingSTTL-116726] Started executeCommandLine function
2016-01-28 01:59:40,391 DEBUG [EBPB_KeyhandlingSTTL-116726] Exiting from executeCommandLine function
2016-01-28 01:59:40,391 DEBUG [EBPB_KeyhandlingSTTL-116726] pass
2016-01-28 01:59:40,391 DEBUG [EBPB_KeyhandlingSTTL-116726] TestStepResult of sendKeyEvents: pass
2016-01-28 01:59:40,391 DEBUG [EBPB_KeyhandlingSTTL-116726] In execute keyword function
2016-01-28 01:59:40,391 DEBUG [EBPB_KeyhandlingSTTL-116726] Executing validate_keyCaptured function:
2016-01-28 01:59:40,391 DEBUG [EBPB_KeyhandlingSTTL-116726] Entered validate_keyCaptured function
2016-01-28 01:59:40,567 DEBUG [EBPB_KeyhandlingSTTL-116726] 135
2016-01-28 01:59:40,567 DEBUG [EBPB_KeyhandlingSTTL-116726] Actual Value matches Expected
2016-01-28 01:59:40,567 DEBUG [EBPB_KeyhandlingSTTL-116726] pass
2016-01-28 01:59:40,567 DEBUG [EBPB_KeyhandlingSTTL-116726] Exiting from validate_keyCaptured function
2016-01-28 01:59:40,567 DEBUG [EBPB_KeyhandlingSTTL-116726] Result of validate_keyCaptured: pass
2016-01-28 01:59:40,567 DEBUG [EBPB_KeyhandlingSTTL-116726] In execute keyword function
2016-01-28 01:59:40,567 DEBUG [EBPB_KeyhandlingSTTL-116726] Executing sendKeyEvents function:
2016-01-28 01:59:40,567 DEBUG [EBPB_KeyhandlingSTTL-116726] Entered sendKeyEvents function
2016-01-28 01:59:40,567 DEBUG [EBPB_KeyhandlingSTTL-116726] F6
2016-01-28 01:59:40,567 DEBUG [EBPB_KeyhandlingSTTL-116726] Entered F6key
2016-01-28 01:59:40,567 DEBUG [EBPB_KeyhandlingSTTL-116726] Started executeCommandLine function
2016-01-28 01:59:44,589 DEBUG [EBPB_KeyhandlingSTTL-116726] Exiting from executeCommandLine function
2016-01-28 01:59:44,589 DEBUG [EBPB_KeyhandlingSTTL-116726] pass
2016-01-28 01:59:44,589 DEBUG [EBPB_KeyhandlingSTTL-116726] TestStepResult of sendKeyEvents: pass
2016-01-28 01:59:44,589 DEBUG [EBPB_KeyhandlingSTTL-116726] In execute keyword function
2016-01-28 01:59:44,589 DEBUG [EBPB_KeyhandlingSTTL-116726] Executing validate_keyCaptured function:
2016-01-28 01:59:44,589 DEBUG [EBPB_KeyhandlingSTTL-116726] Entered validate_keyCaptured function
2016-01-28 01:59:44,762 DEBUG [EBPB_KeyhandlingSTTL-116726] 136
2016-01-28 01:59:44,762 DEBUG [EBPB_KeyhandlingSTTL-116726] Actual Value matches Expected
2016-01-28 01:59:44,762 DEBUG [EBPB_KeyhandlingSTTL-116726] pass
2016-01-28 01:59:44,762 DEBUG [EBPB_KeyhandlingSTTL-116726] Exiting from validate_keyCaptured function
2016-01-28 01:59:44,762 DEBUG [EBPB_KeyhandlingSTTL-116726] Result of validate_keyCaptured: pass
2016-01-28 01:59:44,762 DEBUG [EBPB_KeyhandlingSTTL-116726] In execute keyword function
2016-01-28 01:59:44,762 DEBUG [EBPB_KeyhandlingSTTL-116726] Executing sendKeyEvents function:
2016-01-28 01:59:44,762 DEBUG [EBPB_KeyhandlingSTTL-116726] Entered sendKeyEvents function
2016-01-28 01:59:44,762 DEBUG [EBPB_KeyhandlingSTTL-116726] F7
2016-01-28 01:59:44,762 DEBUG [EBPB_KeyhandlingSTTL-116726] Entered F7key
2016-01-28 01:59:44,762 DEBUG [EBPB_KeyhandlingSTTL-116726] Started executeCommandLine function
2016-01-28 01:59:48,783 DEBUG [EBPB_KeyhandlingSTTL-116726] Exiting from executeCommandLine function
2016-01-28 01:59:48,783 DEBUG [EBPB_KeyhandlingSTTL-116726] pass
2016-01-28 01:59:48,783 DEBUG [EBPB_KeyhandlingSTTL-116726] TestStepResult of sendKeyEvents: pass
2016-01-28 01:59:48,783 DEBUG [EBPB_KeyhandlingSTTL-116726] In execute keyword function
2016-01-28 01:59:48,783 DEBUG [EBPB_KeyhandlingSTTL-116726] Executing validate_keyCaptured function:
2016-01-28 01:59:48,783 DEBUG [EBPB_KeyhandlingSTTL-116726] Entered validate_keyCaptured function
2016-01-28 01:59:48,960 DEBUG [EBPB_KeyhandlingSTTL-116726] 137
2016-01-28 01:59:48,960 DEBUG [EBPB_KeyhandlingSTTL-116726] Actual Value matches Expected
2016-01-28 01:59:48,960 DEBUG [EBPB_KeyhandlingSTTL-116726] pass
2016-01-28 01:59:48,960 DEBUG [EBPB_KeyhandlingSTTL-116726] Exiting from validate_keyCaptured function
2016-01-28 01:59:48,960 DEBUG [EBPB_KeyhandlingSTTL-116726] Result of validate_keyCaptured: pass
2016-01-28 01:59:48,960 DEBUG [EBPB_KeyhandlingSTTL-116726] In execute keyword function
2016-01-28 01:59:48,960 DEBUG [EBPB_KeyhandlingSTTL-116726] Executing sendKeyEvents function:
2016-01-28 01:59:48,960 DEBUG [EBPB_KeyhandlingSTTL-116726] Entered sendKeyEvents function
2016-01-28 01:59:48,960 DEBUG [EBPB_KeyhandlingSTTL-116726] F8
2016-01-28 01:59:48,960 DEBUG [EBPB_KeyhandlingSTTL-116726] Entered F8key
2016-01-28 01:59:48,961 DEBUG [EBPB_KeyhandlingSTTL-116726] Started executeCommandLine function
2016-01-28 01:59:52,981 DEBUG [EBPB_KeyhandlingSTTL-116726] Exiting from executeCommandLine function
2016-01-28 01:59:52,981 DEBUG [EBPB_KeyhandlingSTTL-116726] pass
2016-01-28 01:59:52,981 DEBUG [EBPB_KeyhandlingSTTL-116726] TestStepResult of sendKeyEvents: pass
2016-01-28 01:59:52,981 DEBUG [EBPB_KeyhandlingSTTL-116726] In execute keyword function
2016-01-28 01:59:52,981 DEBUG [EBPB_KeyhandlingSTTL-116726] Executing validate_keyCaptured function:
2016-01-28 01:59:52,981 DEBUG [EBPB_KeyhandlingSTTL-116726] Entered validate_keyCaptured function
2016-01-28 01:59:53,208 DEBUG [EBPB_KeyhandlingSTTL-116726] 138
2016-01-28 01:59:53,208 DEBUG [EBPB_KeyhandlingSTTL-116726] Actual Value matches Expected
2016-01-28 01:59:53,208 DEBUG [EBPB_KeyhandlingSTTL-116726] pass
2016-01-28 01:59:53,208 DEBUG [EBPB_KeyhandlingSTTL-116726] Exiting from validate_keyCaptured function
2016-01-28 01:59:53,208 DEBUG [EBPB_KeyhandlingSTTL-116726] Result of validate_keyCaptured: pass
2016-01-28 01:59:53,208 DEBUG [EBPB_KeyhandlingSTTL-116726] In execute keyword function
2016-01-28 01:59:53,208 DEBUG [EBPB_KeyhandlingSTTL-116726] Executing sendKeyEvents function:
2016-01-28 01:59:53,209 DEBUG [EBPB_KeyhandlingSTTL-116726] Entered sendKeyEvents function
2016-01-28 01:59:53,209 DEBUG [EBPB_KeyhandlingSTTL-116726] F9
2016-01-28 01:59:53,209 DEBUG [EBPB_KeyhandlingSTTL-116726] Entered F9key
2016-01-28 01:59:53,209 DEBUG [EBPB_KeyhandlingSTTL-116726] Started executeCommandLine function
2016-01-28 01:59:57,229 DEBUG [EBPB_KeyhandlingSTTL-116726] Exiting from executeCommandLine function
2016-01-28 01:59:57,229 DEBUG [EBPB_KeyhandlingSTTL-116726] pass
2016-01-28 01:59:57,229 DEBUG [EBPB_KeyhandlingSTTL-116726] TestStepResult of sendKeyEvents: pass
2016-01-28 01:59:57,229 DEBUG [EBPB_KeyhandlingSTTL-116726] In execute keyword function
2016-01-28 01:59:57,229 DEBUG [EBPB_KeyhandlingSTTL-116726] Executing validate_keyCaptured function:
2016-01-28 01:59:57,229 DEBUG [EBPB_KeyhandlingSTTL-116726] Entered validate_keyCaptured function
2016-01-28 01:59:57,418 DEBUG [EBPB_KeyhandlingSTTL-116726] 139
2016-01-28 01:59:57,419 DEBUG [EBPB_KeyhandlingSTTL-116726] Actual Value matches Expected
2016-01-28 01:59:57,419 DEBUG [EBPB_KeyhandlingSTTL-116726] pass
2016-01-28 01:59:57,419 DEBUG [EBPB_KeyhandlingSTTL-116726] Exiting from validate_keyCaptured function
2016-01-28 01:59:57,419 DEBUG [EBPB_KeyhandlingSTTL-116726] Result of validate_keyCaptured: pass
2016-01-28 01:59:57,419 DEBUG [EBPB_KeyhandlingSTTL-116726] In execute keyword function
2016-01-28 01:59:57,419 DEBUG [EBPB_KeyhandlingSTTL-116726] Executing sendKeyEvents function:
2016-01-28 01:59:57,419 DEBUG [EBPB_KeyhandlingSTTL-116726] Entered sendKeyEvents function
2016-01-28 01:59:57,419 DEBUG [EBPB_KeyhandlingSTTL-116726] F10
2016-01-28 01:59:57,419 DEBUG [EBPB_KeyhandlingSTTL-116726] Entered F10key
2016-01-28 01:59:57,419 DEBUG [EBPB_KeyhandlingSTTL-116726] Started executeCommandLine function
2016-01-28 02:00:01,439 DEBUG [EBPB_KeyhandlingSTTL-116726] Exiting from executeCommandLine function
2016-01-28 02:00:01,439 DEBUG [EBPB_KeyhandlingSTTL-116726] pass
2016-01-28 02:00:01,439 DEBUG [EBPB_KeyhandlingSTTL-116726] TestStepResult of sendKeyEvents: pass
2016-01-28 02:00:01,439 DEBUG [EBPB_KeyhandlingSTTL-116726] In execute keyword function
2016-01-28 02:00:01,439 DEBUG [EBPB_KeyhandlingSTTL-116726] Executing validate_keyCaptured function:
2016-01-28 02:00:01,439 DEBUG [EBPB_KeyhandlingSTTL-116726] Entered validate_keyCaptured function
2016-01-28 02:00:01,622 DEBUG [EBPB_KeyhandlingSTTL-116726] 140
2016-01-28 02:00:01,622 DEBUG [EBPB_KeyhandlingSTTL-116726] Actual Value matches Expected
2016-01-28 02:00:01,622 DEBUG [EBPB_KeyhandlingSTTL-116726] pass
2016-01-28 02:00:01,622 DEBUG [EBPB_KeyhandlingSTTL-116726] Exiting from validate_keyCaptured function
2016-01-28 02:00:01,622 DEBUG [EBPB_KeyhandlingSTTL-116726] Result of validate_keyCaptured: pass
2016-01-28 02:00:01,622 DEBUG [EBPB_KeyhandlingSTTL-116726] In execute keyword function
2016-01-28 02:00:01,622 DEBUG [EBPB_KeyhandlingSTTL-116726] Executing sendKeyEvents function:
2016-01-28 02:00:01,622 DEBUG [EBPB_KeyhandlingSTTL-116726] Entered sendKeyEvents function
2016-01-28 02:00:01,622 DEBUG [EBPB_KeyhandlingSTTL-116726] F11
2016-01-28 02:00:01,622 DEBUG [EBPB_KeyhandlingSTTL-116726] Entered F11key
2016-01-28 02:00:01,622 DEBUG [EBPB_KeyhandlingSTTL-116726] Started executeCommandLine function
2016-01-28 02:00:05,643 DEBUG [EBPB_KeyhandlingSTTL-116726] Exiting from executeCommandLine function
2016-01-28 02:00:05,643 DEBUG [EBPB_KeyhandlingSTTL-116726] pass
2016-01-28 02:00:05,643 DEBUG [EBPB_KeyhandlingSTTL-116726] TestStepResult of sendKeyEvents: pass
2016-01-28 02:00:05,643 DEBUG [EBPB_KeyhandlingSTTL-116726] In execute keyword function
2016-01-28 02:00:05,643 DEBUG [EBPB_KeyhandlingSTTL-116726] Executing validate_keyCaptured function:
2016-01-28 02:00:05,643 DEBUG [EBPB_KeyhandlingSTTL-116726] Entered validate_keyCaptured function
2016-01-28 02:00:05,835 DEBUG [EBPB_KeyhandlingSTTL-116726] 141
2016-01-28 02:00:05,835 DEBUG [EBPB_KeyhandlingSTTL-116726] Actual Value matches Expected
2016-01-28 02:00:05,835 DEBUG [EBPB_KeyhandlingSTTL-116726] pass
2016-01-28 02:00:05,835 DEBUG [EBPB_KeyhandlingSTTL-116726] Exiting from validate_keyCaptured function
2016-01-28 02:00:05,835 DEBUG [EBPB_KeyhandlingSTTL-116726] Result of validate_keyCaptured: pass
2016-01-28 02:00:05,835 DEBUG [EBPB_KeyhandlingSTTL-116726] In execute keyword function
2016-01-28 02:00:05,835 DEBUG [EBPB_KeyhandlingSTTL-116726] Executing sendKeyEvents function:
2016-01-28 02:00:05,835 DEBUG [EBPB_KeyhandlingSTTL-116726] Entered sendKeyEvents function
2016-01-28 02:00:05,836 DEBUG [EBPB_KeyhandlingSTTL-116726] F12
2016-01-28 02:00:05,836 DEBUG [EBPB_KeyhandlingSTTL-116726] Entered F12key
2016-01-28 02:00:05,836 DEBUG [EBPB_KeyhandlingSTTL-116726] Started executeCommandLine function
2016-01-28 02:00:09,855 DEBUG [EBPB_KeyhandlingSTTL-116726] Exiting from executeCommandLine function
2016-01-28 02:00:09,855 DEBUG [EBPB_KeyhandlingSTTL-116726] pass
2016-01-28 02:00:09,855 DEBUG [EBPB_KeyhandlingSTTL-116726] TestStepResult of sendKeyEvents: pass
2016-01-28 02:00:09,855 DEBUG [EBPB_KeyhandlingSTTL-116726] In execute keyword function
2016-01-28 02:00:09,855 DEBUG [EBPB_KeyhandlingSTTL-116726] Executing validate_keyCaptured function:
2016-01-28 02:00:09,855 DEBUG [EBPB_KeyhandlingSTTL-116726] Entered validate_keyCaptured function
2016-01-28 02:00:10,060 DEBUG [EBPB_KeyhandlingSTTL-116726] 142
2016-01-28 02:00:10,060 DEBUG [EBPB_KeyhandlingSTTL-116726] Actual Value matches Expected
2016-01-28 02:00:10,060 DEBUG [EBPB_KeyhandlingSTTL-116726] pass
2016-01-28 02:00:10,060 DEBUG [EBPB_KeyhandlingSTTL-116726] Exiting from validate_keyCaptured function
2016-01-28 02:00:10,060 DEBUG [EBPB_KeyhandlingSTTL-116726] Result of validate_keyCaptured: pass
2016-01-28 02:00:10,060 DEBUG [EBPB_KeyhandlingSTTL-116726] In execute keyword function
2016-01-28 02:00:10,060 DEBUG [EBPB_KeyhandlingSTTL-116726] Executing sendKeyEvents function:
2016-01-28 02:00:10,060 DEBUG [EBPB_KeyhandlingSTTL-116726] Entered sendKeyEvents function
2016-01-28 02:00:10,060 DEBUG [EBPB_KeyhandlingSTTL-116726] CTRL
2016-01-28 02:00:10,060 DEBUG [EBPB_KeyhandlingSTTL-116726] Entered CTRLkey
2016-01-28 02:00:10,060 DEBUG [EBPB_KeyhandlingSTTL-116726] Started executeCommandLine function
2016-01-28 02:00:14,081 DEBUG [EBPB_KeyhandlingSTTL-116726] Exiting from executeCommandLine function
2016-01-28 02:00:14,081 DEBUG [EBPB_KeyhandlingSTTL-116726] pass
2016-01-28 02:00:14,081 DEBUG [EBPB_KeyhandlingSTTL-116726] TestStepResult of sendKeyEvents: pass
2016-01-28 02:00:14,081 DEBUG [EBPB_KeyhandlingSTTL-116726] In execute keyword function
2016-01-28 02:00:14,081 DEBUG [EBPB_KeyhandlingSTTL-116726] Executing validate_keyCaptured function:
2016-01-28 02:00:14,081 DEBUG [EBPB_KeyhandlingSTTL-116726] Entered validate_keyCaptured function
2016-01-28 02:00:14,280 DEBUG [EBPB_KeyhandlingSTTL-116726] 113
2016-01-28 02:00:14,281 DEBUG [EBPB_KeyhandlingSTTL-116726] Actual Value matches Expected
2016-01-28 02:00:14,281 DEBUG [EBPB_KeyhandlingSTTL-116726] pass
2016-01-28 02:00:14,281 DEBUG [EBPB_KeyhandlingSTTL-116726] Exiting from validate_keyCaptured function
2016-01-28 02:00:14,281 DEBUG [EBPB_KeyhandlingSTTL-116726] Result of validate_keyCaptured: pass
2016-01-28 02:00:14,281 DEBUG [EBPB_KeyhandlingSTTL-116726] In execute keyword function
2016-01-28 02:00:14,281 DEBUG [EBPB_KeyhandlingSTTL-116726] Executing sendKeyEvents function:
2016-01-28 02:00:14,281 DEBUG [EBPB_KeyhandlingSTTL-116726] Entered sendKeyEvents function
2016-01-28 02:00:14,281 DEBUG [EBPB_KeyhandlingSTTL-116726] Alt
2016-01-28 02:00:14,281 DEBUG [EBPB_KeyhandlingSTTL-116726] Entered Altkey
2016-01-28 02:00:14,281 DEBUG [EBPB_KeyhandlingSTTL-116726] Started executeCommandLine function
2016-01-28 02:00:18,301 DEBUG [EBPB_KeyhandlingSTTL-116726] Exiting from executeCommandLine function
2016-01-28 02:00:18,301 DEBUG [EBPB_KeyhandlingSTTL-116726] pass
2016-01-28 02:00:18,301 DEBUG [EBPB_KeyhandlingSTTL-116726] TestStepResult of sendKeyEvents: pass
2016-01-28 02:00:18,301 DEBUG [EBPB_KeyhandlingSTTL-116726] In execute keyword function
2016-01-28 02:00:18,301 DEBUG [EBPB_KeyhandlingSTTL-116726] Executing validate_keyCaptured function:
2016-01-28 02:00:18,301 DEBUG [EBPB_KeyhandlingSTTL-116726] Entered validate_keyCaptured function
2016-01-28 02:00:18,439 DEBUG [EBPB_KeyhandlingSTTL-116726] 57
2016-01-28 02:00:18,439 DEBUG [EBPB_KeyhandlingSTTL-116726] Actual Value matches Expected
2016-01-28 02:00:18,439 DEBUG [EBPB_KeyhandlingSTTL-116726] pass
2016-01-28 02:00:18,439 DEBUG [EBPB_KeyhandlingSTTL-116726] Exiting from validate_keyCaptured function
2016-01-28 02:00:18,439 DEBUG [EBPB_KeyhandlingSTTL-116726] Result of validate_keyCaptured: pass
2016-01-28 02:00:18,440 DEBUG [EBPB_KeyhandlingSTTL-116726] In execute keyword function
2016-01-28 02:00:18,440 DEBUG [EBPB_KeyhandlingSTTL-116726] Executing sendKeyEvents function:
2016-01-28 02:00:18,440 DEBUG [EBPB_KeyhandlingSTTL-116726] Entered sendKeyEvents function
2016-01-28 02:00:18,440 DEBUG [EBPB_KeyhandlingSTTL-116726] ENTER
2016-01-28 02:00:18,440 DEBUG [EBPB_KeyhandlingSTTL-116726] Entered Enterkey
2016-01-28 02:00:18,440 DEBUG [EBPB_KeyhandlingSTTL-116726] Started executeCommandLine function
2016-01-28 02:00:22,460 DEBUG [EBPB_KeyhandlingSTTL-116726] Exiting from executeCommandLine function
2016-01-28 02:00:22,460 DEBUG [EBPB_KeyhandlingSTTL-116726] pass
2016-01-28 02:00:22,460 DEBUG [EBPB_KeyhandlingSTTL-116726] TestStepResult of sendKeyEvents: pass
2016-01-28 02:00:22,460 DEBUG [EBPB_KeyhandlingSTTL-116726] In execute keyword function
2016-01-28 02:00:22,460 DEBUG [EBPB_KeyhandlingSTTL-116726] Executing validate_keyCaptured function:
2016-01-28 02:00:22,460 DEBUG [EBPB_KeyhandlingSTTL-116726] Entered validate_keyCaptured function
2016-01-28 02:00:22,645 DEBUG [EBPB_KeyhandlingSTTL-116726] 66
2016-01-28 02:00:22,646 DEBUG [EBPB_KeyhandlingSTTL-116726] Actual Value matches Expected
2016-01-28 02:00:22,646 DEBUG [EBPB_KeyhandlingSTTL-116726] pass
2016-01-28 02:00:22,646 DEBUG [EBPB_KeyhandlingSTTL-116726] Exiting from validate_keyCaptured function
2016-01-28 02:00:22,646 DEBUG [EBPB_KeyhandlingSTTL-116726] Result of validate_keyCaptured: pass
2016-01-28 02:00:22,646 DEBUG [EBPB_KeyhandlingSTTL-116726] In execute keyword function
2016-01-28 02:00:22,646 DEBUG [EBPB_KeyhandlingSTTL-116726] Executing sendKeyEvents function:
2016-01-28 02:00:22,646 DEBUG [EBPB_KeyhandlingSTTL-116726] Entered sendKeyEvents function
2016-01-28 02:00:22,646 DEBUG [EBPB_KeyhandlingSTTL-116726] BACK
2016-01-28 02:00:22,646 DEBUG [EBPB_KeyhandlingSTTL-116726] Entered BACKkey
2016-01-28 02:00:22,646 DEBUG [EBPB_KeyhandlingSTTL-116726] Started executeCommandLine function
2016-01-28 02:00:26,665 DEBUG [EBPB_KeyhandlingSTTL-116726] Exiting from executeCommandLine function
2016-01-28 02:00:26,665 DEBUG [EBPB_KeyhandlingSTTL-116726] pass
2016-01-28 02:00:26,665 DEBUG [EBPB_KeyhandlingSTTL-116726] TestStepResult of sendKeyEvents: pass
2016-01-28 02:00:26,665 DEBUG [EBPB_KeyhandlingSTTL-116726] In execute keyword function
2016-01-28 02:00:26,665 DEBUG [EBPB_KeyhandlingSTTL-116726] Executing validate_keyCaptured function:
2016-01-28 02:00:26,665 DEBUG [EBPB_KeyhandlingSTTL-116726] Entered validate_keyCaptured function
2016-01-28 02:00:26,834 DEBUG [EBPB_KeyhandlingSTTL-116726] 67
2016-01-28 02:00:26,834 DEBUG [EBPB_KeyhandlingSTTL-116726] Actual Value matches Expected
2016-01-28 02:00:26,834 DEBUG [EBPB_KeyhandlingSTTL-116726] pass
2016-01-28 02:00:26,834 DEBUG [EBPB_KeyhandlingSTTL-116726] Exiting from validate_keyCaptured function
2016-01-28 02:00:26,834 DEBUG [EBPB_KeyhandlingSTTL-116726] Result of validate_keyCaptured: pass
2016-01-28 02:00:26,834 DEBUG [EBPB_KeyhandlingSTTL-116726] In execute keyword function
2016-01-28 02:00:26,834 DEBUG [EBPB_KeyhandlingSTTL-116726] Executing sendKeyEvents function:
2016-01-28 02:00:26,834 DEBUG [EBPB_KeyhandlingSTTL-116726] Entered sendKeyEvents function
2016-01-28 02:00:26,834 DEBUG [EBPB_KeyhandlingSTTL-116726] TAB
2016-01-28 02:00:26,834 DEBUG [EBPB_KeyhandlingSTTL-116726] Entered TABkey
2016-01-28 02:00:26,835 DEBUG [EBPB_KeyhandlingSTTL-116726] Started executeCommandLine function
2016-01-28 02:00:30,846 DEBUG [EBPB_KeyhandlingSTTL-116726] Exiting from executeCommandLine function
2016-01-28 02:00:30,846 DEBUG [EBPB_KeyhandlingSTTL-116726] pass
2016-01-28 02:00:30,846 DEBUG [EBPB_KeyhandlingSTTL-116726] TestStepResult of sendKeyEvents: pass
2016-01-28 02:00:30,846 DEBUG [EBPB_KeyhandlingSTTL-116726] In execute keyword function
2016-01-28 02:00:30,846 DEBUG [EBPB_KeyhandlingSTTL-116726] Executing validate_keyCaptured function:
2016-01-28 02:00:30,846 DEBUG [EBPB_KeyhandlingSTTL-116726] Entered validate_keyCaptured function
2016-01-28 02:00:31,039 DEBUG [EBPB_KeyhandlingSTTL-116726] 61
2016-01-28 02:00:31,039 DEBUG [EBPB_KeyhandlingSTTL-116726] Actual Value matches Expected
2016-01-28 02:00:31,039 DEBUG [EBPB_KeyhandlingSTTL-116726] pass
2016-01-28 02:00:31,039 DEBUG [EBPB_KeyhandlingSTTL-116726] Exiting from validate_keyCaptured function
2016-01-28 02:00:31,039 DEBUG [EBPB_KeyhandlingSTTL-116726] Result of validate_keyCaptured: pass
2016-01-28 02:00:31,039 DEBUG [EBPB_KeyhandlingSTTL-116726] In execute keyword function
2016-01-28 02:00:31,039 DEBUG [EBPB_KeyhandlingSTTL-116726] Executing sendKeyEvents function:
2016-01-28 02:00:31,039 DEBUG [EBPB_KeyhandlingSTTL-116726] Entered sendKeyEvents function
2016-01-28 02:00:31,039 DEBUG [EBPB_KeyhandlingSTTL-116726] SPACE
2016-01-28 02:00:31,039 DEBUG [EBPB_KeyhandlingSTTL-116726] Entered SPACEkey
2016-01-28 02:00:31,039 DEBUG [EBPB_KeyhandlingSTTL-116726] Started executeCommandLine function
2016-01-28 02:00:35,060 DEBUG [EBPB_KeyhandlingSTTL-116726] Exiting from executeCommandLine function
2016-01-28 02:00:35,060 DEBUG [EBPB_KeyhandlingSTTL-116726] pass
2016-01-28 02:00:35,060 DEBUG [EBPB_KeyhandlingSTTL-116726] TestStepResult of sendKeyEvents: pass
2016-01-28 02:00:35,060 DEBUG [EBPB_KeyhandlingSTTL-116726] In execute keyword function
2016-01-28 02:00:35,060 DEBUG [EBPB_KeyhandlingSTTL-116726] Executing validate_keyCaptured function:
2016-01-28 02:00:35,060 DEBUG [EBPB_KeyhandlingSTTL-116726] Entered validate_keyCaptured function
2016-01-28 02:00:35,246 DEBUG [EBPB_KeyhandlingSTTL-116726] 62
2016-01-28 02:00:35,247 DEBUG [EBPB_KeyhandlingSTTL-116726] Actual Value matches Expected
2016-01-28 02:00:35,247 DEBUG [EBPB_KeyhandlingSTTL-116726] pass
2016-01-28 02:00:35,247 DEBUG [EBPB_KeyhandlingSTTL-116726] Exiting from validate_keyCaptured function
2016-01-28 02:00:35,247 DEBUG [EBPB_KeyhandlingSTTL-116726] Result of validate_keyCaptured: pass
2016-01-28 02:00:35,247 DEBUG [EBPB_KeyhandlingSTTL-116726] In execute keyword function
2016-01-28 02:00:35,247 DEBUG [EBPB_KeyhandlingSTTL-116726] Executing sendKeyEvents function:
2016-01-28 02:00:35,247 DEBUG [EBPB_KeyhandlingSTTL-116726] Entered sendKeyEvents function
2016-01-28 02:00:35,247 DEBUG [EBPB_KeyhandlingSTTL-116726] SHIFT
2016-01-28 02:00:35,247 DEBUG [EBPB_KeyhandlingSTTL-116726] Entered Shiftkey
2016-01-28 02:00:35,247 DEBUG [EBPB_KeyhandlingSTTL-116726] Started executeCommandLine function
2016-01-28 02:00:39,267 DEBUG [EBPB_KeyhandlingSTTL-116726] Exiting from executeCommandLine function
2016-01-28 02:00:39,267 DEBUG [EBPB_KeyhandlingSTTL-116726] pass
2016-01-28 02:00:39,267 DEBUG [EBPB_KeyhandlingSTTL-116726] TestStepResult of sendKeyEvents: pass
2016-01-28 02:00:39,267 DEBUG [EBPB_KeyhandlingSTTL-116726] In execute keyword function
2016-01-28 02:00:39,267 DEBUG [EBPB_KeyhandlingSTTL-116726] Executing validate_keyCaptured function:
2016-01-28 02:00:39,267 DEBUG [EBPB_KeyhandlingSTTL-116726] Entered validate_keyCaptured function
2016-01-28 02:00:39,444 DEBUG [EBPB_KeyhandlingSTTL-116726] 59
2016-01-28 02:00:39,444 DEBUG [EBPB_KeyhandlingSTTL-116726] Actual Value matches Expected
2016-01-28 02:00:39,444 DEBUG [EBPB_KeyhandlingSTTL-116726] pass
2016-01-28 02:00:39,444 DEBUG [EBPB_KeyhandlingSTTL-116726] Exiting from validate_keyCaptured function
2016-01-28 02:00:39,444 DEBUG [EBPB_KeyhandlingSTTL-116726] Result of validate_keyCaptured: pass
2016-01-28 02:00:39,444 DEBUG [EBPB_KeyhandlingSTTL-116726] In execute keyword function
2016-01-28 02:00:39,444 DEBUG [EBPB_KeyhandlingSTTL-116726] Executing sendKeyEvents function:
2016-01-28 02:00:39,444 DEBUG [EBPB_KeyhandlingSTTL-116726] Entered sendKeyEvents function
2016-01-28 02:00:39,444 DEBUG [EBPB_KeyhandlingSTTL-116726] DecimalPoint
2016-01-28 02:00:39,444 DEBUG [EBPB_KeyhandlingSTTL-116726] Entered DecimalPointkey
2016-01-28 02:00:39,444 DEBUG [EBPB_KeyhandlingSTTL-116726] Started executeCommandLine function
2016-01-28 02:00:43,466 DEBUG [EBPB_KeyhandlingSTTL-116726] Exiting from executeCommandLine function
2016-01-28 02:00:43,466 DEBUG [EBPB_KeyhandlingSTTL-116726] pass
2016-01-28 02:00:43,466 DEBUG [EBPB_KeyhandlingSTTL-116726] TestStepResult of sendKeyEvents: pass
2016-01-28 02:00:43,466 DEBUG [EBPB_KeyhandlingSTTL-116726] In execute keyword function
2016-01-28 02:00:43,466 DEBUG [EBPB_KeyhandlingSTTL-116726] Executing validate_keyCaptured function:
2016-01-28 02:00:43,466 DEBUG [EBPB_KeyhandlingSTTL-116726] Entered validate_keyCaptured function
2016-01-28 02:00:43,647 DEBUG [EBPB_KeyhandlingSTTL-116726] 56
2016-01-28 02:00:43,647 DEBUG [EBPB_KeyhandlingSTTL-116726] Actual Value matches Expected
2016-01-28 02:00:43,647 DEBUG [EBPB_KeyhandlingSTTL-116726] pass
2016-01-28 02:00:43,647 DEBUG [EBPB_KeyhandlingSTTL-116726] Exiting from validate_keyCaptured function
2016-01-28 02:00:43,647 DEBUG [EBPB_KeyhandlingSTTL-116726] Result of validate_keyCaptured: pass
2016-01-28 02:00:43,647 DEBUG [EBPB_KeyhandlingSTTL-116726] In execute keyword function
2016-01-28 02:00:43,647 DEBUG [EBPB_KeyhandlingSTTL-116726] Executing sendKeyEvents function:
2016-01-28 02:00:43,647 DEBUG [EBPB_KeyhandlingSTTL-116726] Entered sendKeyEvents function
2016-01-28 02:00:43,647 DEBUG [EBPB_KeyhandlingSTTL-116726] Star
2016-01-28 02:00:43,647 DEBUG [EBPB_KeyhandlingSTTL-116726] Entered Starkey
2016-01-28 02:00:43,647 DEBUG [EBPB_KeyhandlingSTTL-116726] Started executeCommandLine function
2016-01-28 02:00:47,669 DEBUG [EBPB_KeyhandlingSTTL-116726] Exiting from executeCommandLine function
2016-01-28 02:00:47,669 DEBUG [EBPB_KeyhandlingSTTL-116726] pass
2016-01-28 02:00:47,669 DEBUG [EBPB_KeyhandlingSTTL-116726] TestStepResult of sendKeyEvents: pass
2016-01-28 02:00:47,669 DEBUG [EBPB_KeyhandlingSTTL-116726] In execute keyword function
2016-01-28 02:00:47,669 DEBUG [EBPB_KeyhandlingSTTL-116726] Executing validate_keyCaptured function:
2016-01-28 02:00:47,669 DEBUG [EBPB_KeyhandlingSTTL-116726] Entered validate_keyCaptured function
2016-01-28 02:00:47,880 DEBUG [EBPB_KeyhandlingSTTL-116726] 17
2016-01-28 02:00:47,880 DEBUG [EBPB_KeyhandlingSTTL-116726] Actual Value matches Expected
2016-01-28 02:00:47,880 DEBUG [EBPB_KeyhandlingSTTL-116726] pass
2016-01-28 02:00:47,881 DEBUG [EBPB_KeyhandlingSTTL-116726] Exiting from validate_keyCaptured function
2016-01-28 02:00:47,881 DEBUG [EBPB_KeyhandlingSTTL-116726] Result of validate_keyCaptured: pass
2016-01-28 02:00:47,881 DEBUG [EBPB_KeyhandlingSTTL-116726] In execute keyword function
2016-01-28 02:00:47,881 DEBUG [EBPB_KeyhandlingSTTL-116726] Executing sendKeyEvents function:
2016-01-28 02:00:47,881 DEBUG [EBPB_KeyhandlingSTTL-116726] Entered sendKeyEvents function
2016-01-28 02:00:47,881 DEBUG [EBPB_KeyhandlingSTTL-116726] Plus
2016-01-28 02:00:47,881 DEBUG [EBPB_KeyhandlingSTTL-116726] Entered Pluskey
2016-01-28 02:00:47,881 DEBUG [EBPB_KeyhandlingSTTL-116726] Started executeCommandLine function
2016-01-28 02:00:51,901 DEBUG [EBPB_KeyhandlingSTTL-116726] Exiting from executeCommandLine function
2016-01-28 02:00:51,901 DEBUG [EBPB_KeyhandlingSTTL-116726] pass
2016-01-28 02:00:51,901 DEBUG [EBPB_KeyhandlingSTTL-116726] TestStepResult of sendKeyEvents: pass
2016-01-28 02:00:51,901 DEBUG [EBPB_KeyhandlingSTTL-116726] In execute keyword function
2016-01-28 02:00:51,901 DEBUG [EBPB_KeyhandlingSTTL-116726] Executing validate_keyCaptured function:
2016-01-28 02:00:51,901 DEBUG [EBPB_KeyhandlingSTTL-116726] Entered validate_keyCaptured function
2016-01-28 02:00:52,073 DEBUG [EBPB_KeyhandlingSTTL-116726] 157
2016-01-28 02:00:52,073 DEBUG [EBPB_KeyhandlingSTTL-116726] Actual Value matches Expected
2016-01-28 02:00:52,073 DEBUG [EBPB_KeyhandlingSTTL-116726] pass
2016-01-28 02:00:52,073 DEBUG [EBPB_KeyhandlingSTTL-116726] Exiting from validate_keyCaptured function
2016-01-28 02:00:52,073 DEBUG [EBPB_KeyhandlingSTTL-116726] Result of validate_keyCaptured: pass
2016-01-28 02:00:52,073 DEBUG [EBPB_KeyhandlingSTTL-116726] In execute keyword function
2016-01-28 02:00:52,073 DEBUG [EBPB_KeyhandlingSTTL-116726] Executing sendKeyEvents function:
2016-01-28 02:00:52,073 DEBUG [EBPB_KeyhandlingSTTL-116726] Entered sendKeyEvents function
2016-01-28 02:00:52,073 DEBUG [EBPB_KeyhandlingSTTL-116726] Minus
2016-01-28 02:00:52,073 DEBUG [EBPB_KeyhandlingSTTL-116726] Entered Minuskey
2016-01-28 02:00:52,073 DEBUG [EBPB_KeyhandlingSTTL-116726] Started executeCommandLine function
2016-01-28 02:00:56,094 DEBUG [EBPB_KeyhandlingSTTL-116726] Exiting from executeCommandLine function
2016-01-28 02:00:56,094 DEBUG [EBPB_KeyhandlingSTTL-116726] pass
2016-01-28 02:00:56,094 DEBUG [EBPB_KeyhandlingSTTL-116726] TestStepResult of sendKeyEvents: pass
2016-01-28 02:00:56,094 DEBUG [EBPB_KeyhandlingSTTL-116726] In execute keyword function
2016-01-28 02:00:56,094 DEBUG [EBPB_KeyhandlingSTTL-116726] Executing validate_keyCaptured function:
2016-01-28 02:00:56,094 DEBUG [EBPB_KeyhandlingSTTL-116726] Entered validate_keyCaptured function
2016-01-28 02:00:56,282 DEBUG [EBPB_KeyhandlingSTTL-116726] 156
2016-01-28 02:00:56,282 DEBUG [EBPB_KeyhandlingSTTL-116726] Actual Value matches Expected
2016-01-28 02:00:56,282 DEBUG [EBPB_KeyhandlingSTTL-116726] pass
2016-01-28 02:00:56,282 DEBUG [EBPB_KeyhandlingSTTL-116726] Exiting from validate_keyCaptured function
2016-01-28 02:00:56,282 DEBUG [EBPB_KeyhandlingSTTL-116726] Result of validate_keyCaptured: pass
2016-01-28 02:00:56,282 DEBUG [EBPB_KeyhandlingSTTL-116726] In execute keyword function
2016-01-28 02:00:56,282 DEBUG [EBPB_KeyhandlingSTTL-116726] Executing sendKeyEvents function:
2016-01-28 02:00:56,282 DEBUG [EBPB_KeyhandlingSTTL-116726] Entered sendKeyEvents function
2016-01-28 02:00:56,282 DEBUG [EBPB_KeyhandlingSTTL-116726] Multiply
2016-01-28 02:00:56,282 DEBUG [EBPB_KeyhandlingSTTL-116726] Entered Multiplykey
2016-01-28 02:00:56,282 DEBUG [EBPB_KeyhandlingSTTL-116726] Started executeCommandLine function
2016-01-28 02:01:00,302 DEBUG [EBPB_KeyhandlingSTTL-116726] Exiting from executeCommandLine function
2016-01-28 02:01:00,302 DEBUG [EBPB_KeyhandlingSTTL-116726] pass
2016-01-28 02:01:00,302 DEBUG [EBPB_KeyhandlingSTTL-116726] TestStepResult of sendKeyEvents: pass
2016-01-28 02:01:00,302 DEBUG [EBPB_KeyhandlingSTTL-116726] In execute keyword function
2016-01-28 02:01:00,302 DEBUG [EBPB_KeyhandlingSTTL-116726] Executing validate_keyCaptured function:
2016-01-28 02:01:00,302 DEBUG [EBPB_KeyhandlingSTTL-116726] Entered validate_keyCaptured function
2016-01-28 02:01:00,497 DEBUG [EBPB_KeyhandlingSTTL-116726] 155
2016-01-28 02:01:00,497 DEBUG [EBPB_KeyhandlingSTTL-116726] Actual Value matches Expected
2016-01-28 02:01:00,497 DEBUG [EBPB_KeyhandlingSTTL-116726] pass
2016-01-28 02:01:00,497 DEBUG [EBPB_KeyhandlingSTTL-116726] Exiting from validate_keyCaptured function
2016-01-28 02:01:00,497 DEBUG [EBPB_KeyhandlingSTTL-116726] Result of validate_keyCaptured: pass
2016-01-28 02:01:00,498 DEBUG [EBPB_KeyhandlingSTTL-116726] In execute keyword function
2016-01-28 02:01:00,498 DEBUG [EBPB_KeyhandlingSTTL-116726] Executing sendKeyEvents function:
2016-01-28 02:01:00,498 DEBUG [EBPB_KeyhandlingSTTL-116726] Entered sendKeyEvents function
2016-01-28 02:01:00,498 DEBUG [EBPB_KeyhandlingSTTL-116726] Divide
2016-01-28 02:01:00,498 DEBUG [EBPB_KeyhandlingSTTL-116726] Entered Dividekey
2016-01-28 02:01:00,498 DEBUG [EBPB_KeyhandlingSTTL-116726] Started executeCommandLine function
2016-01-28 02:01:04,518 DEBUG [EBPB_KeyhandlingSTTL-116726] Exiting from executeCommandLine function
2016-01-28 02:01:04,518 DEBUG [EBPB_KeyhandlingSTTL-116726] pass
2016-01-28 02:01:04,518 DEBUG [EBPB_KeyhandlingSTTL-116726] TestStepResult of sendKeyEvents: pass
2016-01-28 02:01:04,518 DEBUG [EBPB_KeyhandlingSTTL-116726] In execute keyword function
2016-01-28 02:01:04,518 DEBUG [EBPB_KeyhandlingSTTL-116726] Executing validate_keyCaptured function:
2016-01-28 02:01:04,518 DEBUG [EBPB_KeyhandlingSTTL-116726] Entered validate_keyCaptured function
2016-01-28 02:01:04,698 DEBUG [EBPB_KeyhandlingSTTL-116726] 154
2016-01-28 02:01:04,698 DEBUG [EBPB_KeyhandlingSTTL-116726] Actual Value matches Expected
2016-01-28 02:01:04,699 DEBUG [EBPB_KeyhandlingSTTL-116726] pass
2016-01-28 02:01:04,699 DEBUG [EBPB_KeyhandlingSTTL-116726] Exiting from validate_keyCaptured function
2016-01-28 02:01:04,699 DEBUG [EBPB_KeyhandlingSTTL-116726] Result of validate_keyCaptured: pass
2016-01-28 02:01:04,699 DEBUG [EBPB_KeyhandlingSTTL-116726] In execute keyword function
2016-01-28 02:01:04,699 DEBUG [EBPB_KeyhandlingSTTL-116726] Executing sendKeyEvents function:
2016-01-28 02:01:04,699 DEBUG [EBPB_KeyhandlingSTTL-116726] Entered sendKeyEvents function
2016-01-28 02:01:04,699 DEBUG [EBPB_KeyhandlingSTTL-116726] Equals
2016-01-28 02:01:04,699 DEBUG [EBPB_KeyhandlingSTTL-116726] Entered Equalskey
2016-01-28 02:01:04,699 DEBUG [EBPB_KeyhandlingSTTL-116726] Started executeCommandLine function
2016-01-28 02:01:08,720 DEBUG [EBPB_KeyhandlingSTTL-116726] Exiting from executeCommandLine function
2016-01-28 02:01:08,720 DEBUG [EBPB_KeyhandlingSTTL-116726] pass
2016-01-28 02:01:08,720 DEBUG [EBPB_KeyhandlingSTTL-116726] TestStepResult of sendKeyEvents: pass
2016-01-28 02:01:08,720 DEBUG [EBPB_KeyhandlingSTTL-116726] In execute keyword function
2016-01-28 02:01:08,720 DEBUG [EBPB_KeyhandlingSTTL-116726] Executing validate_keyCaptured function:
2016-01-28 02:01:08,720 DEBUG [EBPB_KeyhandlingSTTL-116726] Entered validate_keyCaptured function
2016-01-28 02:01:08,888 DEBUG [EBPB_KeyhandlingSTTL-116726] 161
2016-01-28 02:01:08,889 DEBUG [EBPB_KeyhandlingSTTL-116726] Actual Value matches Expected
2016-01-28 02:01:08,889 DEBUG [EBPB_KeyhandlingSTTL-116726] pass
2016-01-28 02:01:08,889 DEBUG [EBPB_KeyhandlingSTTL-116726] Exiting from validate_keyCaptured function
2016-01-28 02:01:08,889 DEBUG [EBPB_KeyhandlingSTTL-116726] Result of validate_keyCaptured: pass
2016-01-28 02:01:08,889 DEBUG [EBPB_KeyhandlingSTTL-116726] In execute keyword function
2016-01-28 02:01:08,889 DEBUG [EBPB_KeyhandlingSTTL-116726] Executing sendKeyEvents function:
2016-01-28 02:01:08,889 DEBUG [EBPB_KeyhandlingSTTL-116726] Entered sendKeyEvents function
2016-01-28 02:01:08,889 DEBUG [EBPB_KeyhandlingSTTL-116726] ESC
2016-01-28 02:01:08,889 DEBUG [EBPB_KeyhandlingSTTL-116726] Entered ESCkey
2016-01-28 02:01:08,889 DEBUG [EBPB_KeyhandlingSTTL-116726] Started executeCommandLine function
2016-01-28 02:01:12,910 DEBUG [EBPB_KeyhandlingSTTL-116726] Exiting from executeCommandLine function
2016-01-28 02:01:12,910 DEBUG [EBPB_KeyhandlingSTTL-116726] pass
2016-01-28 02:01:12,910 DEBUG [EBPB_KeyhandlingSTTL-116726] TestStepResult of sendKeyEvents: pass
2016-01-28 02:01:12,910 DEBUG [EBPB_KeyhandlingSTTL-116726] In execute keyword function
2016-01-28 02:01:12,910 DEBUG [EBPB_KeyhandlingSTTL-116726] Executing validate_keyCaptured function:
2016-01-28 02:01:12,910 DEBUG [EBPB_KeyhandlingSTTL-116726] Entered validate_keyCaptured function
2016-01-28 02:01:13,085 DEBUG [EBPB_KeyhandlingSTTL-116726] 111
2016-01-28 02:01:13,085 DEBUG [EBPB_KeyhandlingSTTL-116726] Actual Value matches Expected
2016-01-28 02:01:13,085 DEBUG [EBPB_KeyhandlingSTTL-116726] pass
2016-01-28 02:01:13,085 DEBUG [EBPB_KeyhandlingSTTL-116726] Exiting from validate_keyCaptured function
2016-01-28 02:01:13,085 DEBUG [EBPB_KeyhandlingSTTL-116726] Result of validate_keyCaptured: pass
2016-01-28 02:01:13,085 DEBUG [EBPB_KeyhandlingSTTL-116726] allstep_result contains: passpasspasspasspasspasspasspasspasspasspasspasspasspasspasspasspasspasspasspasspasspasspasspasspasspasspasspasspassPassPassnull
2016-01-28 02:01:13,085 DEBUG [EBPB_KeyhandlingSTTL-116726] allexpected_result contains: nullpassnullpassnullpassnullpassnullpassnullpassnullpassnullpassnullpassnullpassnullpassnullpassnullpassnullpassnullpassnullpassnullpassnullpassnullpassnullpassnullpassnullpassnullpassnullpassnullpassnullpassnullpassnullPassnullpassnullpassnull
2016-01-28 02:01:13,085 DEBUG [EBPB_KeyhandlingSTTL-116726] Testcase_Result contains: nullpassnullpassnullpassnullpassnullpassnullpassnullpassnullpassnullpassnullpassnullpassnullpassnullpassnullpassnullpassnullpassnullpassnullpassnullpassnullpassnullpassnullpassnullpassnullpassnullpassnullpassnullpassnullPassnullpassnullpassnullpasspasspasspasspasspasspasspasspasspasspasspasspasspasspasspasspasspasspasspasspasspasspasspasspasspasspasspasspassPassPassnull
2016-01-28 02:01:13,085 DEBUG [EBPB_KeyhandlingSTTL-116726] Test case with description KeyValue:All(Function & Special Keys) Pass
2016-01-28 02:01:14,113 DEBUG [EBPB_KeyhandlingSTTL-116726] Executing browser_Quit function
2016-01-28 02:01:14,113 DEBUG [EBPB_KeyhandlingSTTL-116726] Completed browser_Quit function
2016-01-28 02:01:14,113 DEBUG [EBPB_KeyhandlingSTTL-116726] Completed quitSelendroid function
2016-01-28 02:01:14,114 DEBUG [EBPB_KeyhandlingSTTL-116726] Row number:27
2016-01-28 02:01:14,141 DEBUG [EBPB_KeyhandlingSTTL-116726] Ending Test Case IDSTTL-116726
