2016-01-28 01:52:17,086 DEBUG [EBPB_KeyhandlingSTTL-116718] Executing Test Case ID: STTL-116718
2016-01-28 01:52:17,093 DEBUG [EBPB_KeyhandlingSTTL-116718] Executing Init_Selendroid function with APK as parameter and clear data value with 1
2016-01-28 01:52:27,618 DEBUG [EBPB_KeyhandlingSTTL-116718] Exiting Init_Selendroid function
2016-01-28 01:52:27,637 DEBUG [EBPB_KeyhandlingSTTL-116718] TestCase with Description "Set HomeKey disabled" Execution started
2016-01-28 01:52:27,637 DEBUG [EBPB_KeyhandlingSTTL-116718] In execute keyword function
2016-01-28 01:52:27,637 DEBUG [EBPB_KeyhandlingSTTL-116718] Executing wait function:
2016-01-28 01:52:27,637 DEBUG [EBPB_KeyhandlingSTTL-116718] Started Executing wait function
2016-01-28 01:52:32,637 DEBUG [EBPB_KeyhandlingSTTL-116718] Exiting from wait function
2016-01-28 01:52:32,637 DEBUG [EBPB_KeyhandlingSTTL-116718] TestStepResult of wait: Pass
2016-01-28 01:52:32,637 DEBUG [EBPB_KeyhandlingSTTL-116718] In execute keyword function
2016-01-28 01:52:32,637 DEBUG [EBPB_KeyhandlingSTTL-116718] Executing validate_PageTitle function:
2016-01-28 01:52:32,689 DEBUG [EBPB_KeyhandlingSTTL-116718] The title of the page is *********************************: Pocket Browser Tests
2016-01-28 01:52:32,689 DEBUG [EBPB_KeyhandlingSTTL-116718] The page title found is correct
2016-01-28 01:52:32,689 DEBUG [EBPB_KeyhandlingSTTL-116718] Result of validate_PageTitle: pass
2016-01-28 01:52:32,689 DEBUG [EBPB_KeyhandlingSTTL-116718] In execute keyword function
2016-01-28 01:52:32,689 DEBUG [EBPB_KeyhandlingSTTL-116718] Executing link_Click function:
2016-01-28 01:52:33,269 DEBUG [EBPB_KeyhandlingSTTL-116718] Executing Click function
2016-01-28 01:52:34,342 DEBUG [EBPB_KeyhandlingSTTL-116718] Exiting Click function
2016-01-28 01:52:34,342 DEBUG [EBPB_KeyhandlingSTTL-116718] keyhandling_link clicked successfully
2016-01-28 01:52:34,342 DEBUG [EBPB_KeyhandlingSTTL-116718] TestStepResult of link_Click: Pass
2016-01-28 01:52:34,342 DEBUG [EBPB_KeyhandlingSTTL-116718] In execute keyword function
2016-01-28 01:52:34,342 DEBUG [EBPB_KeyhandlingSTTL-116718] Executing validate_PageTitle function:
2016-01-28 01:52:34,361 DEBUG [EBPB_KeyhandlingSTTL-116718] The title of the page is *********************************: PB and RE2.2 Semi Auto Frame Work : Keyhandling
2016-01-28 01:52:34,361 DEBUG [EBPB_KeyhandlingSTTL-116718] The page title found is correct
2016-01-28 01:52:34,361 DEBUG [EBPB_KeyhandlingSTTL-116718] Result of validate_PageTitle: pass
2016-01-28 01:52:34,361 DEBUG [EBPB_KeyhandlingSTTL-116718] In execute keyword function
2016-01-28 01:52:34,361 DEBUG [EBPB_KeyhandlingSTTL-116718] Executing SelectTestToRun function:
2016-01-28 01:52:37,512 DEBUG [EBPB_KeyhandlingSTTL-116718] Successfull in selecting clicking the category
2016-01-28 01:52:37,512 DEBUG [EBPB_KeyhandlingSTTL-116718] TestStepResult of SelectTestToRun: pass
2016-01-28 01:52:37,512 DEBUG [EBPB_KeyhandlingSTTL-116718] In execute keyword function
2016-01-28 01:52:37,512 DEBUG [EBPB_KeyhandlingSTTL-116718] Executing ClickRunTest function:
2016-01-28 01:52:37,830 DEBUG [EBPB_KeyhandlingSTTL-116718] Executing Click function
2016-01-28 01:52:39,043 DEBUG [EBPB_KeyhandlingSTTL-116718] Exiting Click function
2016-01-28 01:52:39,043 DEBUG [EBPB_KeyhandlingSTTL-116718] runtest_top_xpath Button clicked Successfully
2016-01-28 01:52:39,043 DEBUG [EBPB_KeyhandlingSTTL-116718] TestStepResult of ClickRunTest: pass
2016-01-28 01:52:39,043 DEBUG [EBPB_KeyhandlingSTTL-116718] In execute keyword function
2016-01-28 01:52:39,043 DEBUG [EBPB_KeyhandlingSTTL-116718] Executing validate_Text_Exists function:
2016-01-28 01:52:39,276 DEBUG [EBPB_KeyhandlingSTTL-116718] VT056-0700 Testcase Text found
2016-01-28 01:52:39,276 DEBUG [EBPB_KeyhandlingSTTL-116718] Result of validate_Text_Exists: Pass
2016-01-28 01:52:39,277 DEBUG [EBPB_KeyhandlingSTTL-116718] In execute keyword function
2016-01-28 01:52:39,277 DEBUG [EBPB_KeyhandlingSTTL-116718] Executing sendKeyEvents function:
2016-01-28 01:52:39,277 DEBUG [EBPB_KeyhandlingSTTL-116718] Entered sendKeyEvents function
2016-01-28 01:52:39,277 DEBUG [EBPB_KeyhandlingSTTL-116718] Enter
2016-01-28 01:52:39,277 DEBUG [EBPB_KeyhandlingSTTL-116718] Entered Enterkey
2016-01-28 01:52:39,277 DEBUG [EBPB_KeyhandlingSTTL-116718] Started executeCommandLine function
2016-01-28 01:52:43,297 DEBUG [EBPB_KeyhandlingSTTL-116718] Exiting from executeCommandLine function
2016-01-28 01:52:43,297 DEBUG [EBPB_KeyhandlingSTTL-116718] pass
2016-01-28 01:52:43,297 DEBUG [EBPB_KeyhandlingSTTL-116718] TestStepResult of sendKeyEvents: pass
2016-01-28 01:52:43,297 DEBUG [EBPB_KeyhandlingSTTL-116718] In execute keyword function
2016-01-28 01:52:43,297 DEBUG [EBPB_KeyhandlingSTTL-116718] Executing wait function:
2016-01-28 01:52:43,297 DEBUG [EBPB_KeyhandlingSTTL-116718] Started Executing wait function
2016-01-28 01:52:45,297 DEBUG [EBPB_KeyhandlingSTTL-116718] Exiting from wait function
2016-01-28 01:52:45,297 DEBUG [EBPB_KeyhandlingSTTL-116718] TestStepResult of wait: Pass
2016-01-28 01:52:45,297 DEBUG [EBPB_KeyhandlingSTTL-116718] In execute keyword function
2016-01-28 01:52:45,297 DEBUG [EBPB_KeyhandlingSTTL-116718] Executing validate_PageTitle function:
2016-01-28 01:52:45,332 DEBUG [EBPB_KeyhandlingSTTL-116718] The title of the page is *********************************: PB and RE2.2 Semi Auto Frame Work : Keyhandling
2016-01-28 01:52:45,332 DEBUG [EBPB_KeyhandlingSTTL-116718] The page title found is correct
2016-01-28 01:52:45,332 DEBUG [EBPB_KeyhandlingSTTL-116718] Result of validate_PageTitle: pass
2016-01-28 01:52:45,332 DEBUG [EBPB_KeyhandlingSTTL-116718] allstep_result contains: PasspasspasspassPassPassnull
2016-01-28 01:52:45,332 DEBUG [EBPB_KeyhandlingSTTL-116718] allexpected_result contains: nullpassnullPassnullpassnullpassnull
2016-01-28 01:52:45,332 DEBUG [EBPB_KeyhandlingSTTL-116718] Testcase_Result contains: nullpassnullPassnullpassnullpassnullPasspasspasspassPassPassnull
2016-01-28 01:52:45,332 DEBUG [EBPB_KeyhandlingSTTL-116718] Test case with description Set HomeKey disabled Pass
2016-01-28 01:52:46,383 DEBUG [EBPB_KeyhandlingSTTL-116718] Executing browser_Quit function
2016-01-28 01:52:46,383 DEBUG [EBPB_KeyhandlingSTTL-116718] Completed browser_Quit function
2016-01-28 01:52:46,383 DEBUG [EBPB_KeyhandlingSTTL-116718] Completed quitSelendroid function
2016-01-28 01:52:46,384 DEBUG [EBPB_KeyhandlingSTTL-116718] Row number:19
2016-01-28 01:52:46,419 DEBUG [EBPB_KeyhandlingSTTL-116718] Ending Test Case IDSTTL-116718
