2016-01-28 01:46:08,174 DEBUG [EBPB_KeyhandlingSTTL-116713] Executing Test Case ID: STTL-116713
2016-01-28 01:46:08,181 DEBUG [EBPB_KeyhandlingSTTL-116713] Executing Init_Selendroid function with APK as parameter and clear data value with 1
2016-01-28 01:46:18,584 DEBUG [EBPB_KeyhandlingSTTL-116713] Exiting Init_Selendroid function
2016-01-28 01:46:18,602 DEBUG [EBPB_KeyhandlingSTTL-116713] TestCase with Description "Tag Pesrsitance Check
Keyvalue 8(1)
Remap:9(2)" Execution started
2016-01-28 01:46:18,602 DEBUG [EBPB_KeyhandlingSTTL-116713] In execute keyword function
2016-01-28 01:46:18,602 DEBUG [EBPB_KeyhandlingSTTL-116713] Executing wait function:
2016-01-28 01:46:18,602 DEBUG [EBPB_KeyhandlingSTTL-116713] Started Executing wait function
2016-01-28 01:46:23,602 DEBUG [EBPB_KeyhandlingSTTL-116713] Exiting from wait function
2016-01-28 01:46:23,602 DEBUG [EBPB_KeyhandlingSTTL-116713] TestStepResult of wait: Pass
2016-01-28 01:46:23,602 DEBUG [EBPB_KeyhandlingSTTL-116713] In execute keyword function
2016-01-28 01:46:23,602 DEBUG [EBPB_KeyhandlingSTTL-116713] Executing validate_PageTitle function:
2016-01-28 01:46:23,620 DEBUG [EBPB_KeyhandlingSTTL-116713] The title of the page is *********************************: Pocket Browser Tests
2016-01-28 01:46:23,620 DEBUG [EBPB_KeyhandlingSTTL-116713] The page title found is correct
2016-01-28 01:46:23,620 DEBUG [EBPB_KeyhandlingSTTL-116713] Result of validate_PageTitle: pass
2016-01-28 01:46:23,620 DEBUG [EBPB_KeyhandlingSTTL-116713] In execute keyword function
2016-01-28 01:46:23,620 DEBUG [EBPB_KeyhandlingSTTL-116713] Executing link_Click function:
2016-01-28 01:46:24,276 DEBUG [EBPB_KeyhandlingSTTL-116713] Executing Click function
2016-01-28 01:46:25,342 DEBUG [EBPB_KeyhandlingSTTL-116713] Exiting Click function
2016-01-28 01:46:25,342 DEBUG [EBPB_KeyhandlingSTTL-116713] keyhandling_link clicked successfully
2016-01-28 01:46:25,342 DEBUG [EBPB_KeyhandlingSTTL-116713] TestStepResult of link_Click: Pass
2016-01-28 01:46:25,342 DEBUG [EBPB_KeyhandlingSTTL-116713] In execute keyword function
2016-01-28 01:46:25,342 DEBUG [EBPB_KeyhandlingSTTL-116713] Executing validate_PageTitle function:
2016-01-28 01:46:25,361 DEBUG [EBPB_KeyhandlingSTTL-116713] The title of the page is *********************************: PB and RE2.2 Semi Auto Frame Work : Keyhandling
2016-01-28 01:46:25,361 DEBUG [EBPB_KeyhandlingSTTL-116713] The page title found is correct
2016-01-28 01:46:25,361 DEBUG [EBPB_KeyhandlingSTTL-116713] Result of validate_PageTitle: pass
2016-01-28 01:46:25,361 DEBUG [EBPB_KeyhandlingSTTL-116713] In execute keyword function
2016-01-28 01:46:25,361 DEBUG [EBPB_KeyhandlingSTTL-116713] Executing SelectTestToRun function:
2016-01-28 01:46:32,168 DEBUG [EBPB_KeyhandlingSTTL-116713] Successfull in selecting clicking the category
2016-01-28 01:46:32,169 DEBUG [EBPB_KeyhandlingSTTL-116713] TestStepResult of SelectTestToRun: pass
2016-01-28 01:46:32,169 DEBUG [EBPB_KeyhandlingSTTL-116713] In execute keyword function
2016-01-28 01:46:32,169 DEBUG [EBPB_KeyhandlingSTTL-116713] Executing ClickRunTest function:
2016-01-28 01:46:32,541 DEBUG [EBPB_KeyhandlingSTTL-116713] Executing Click function
2016-01-28 01:46:33,560 DEBUG [EBPB_KeyhandlingSTTL-116713] Exiting Click function
2016-01-28 01:46:33,560 DEBUG [EBPB_KeyhandlingSTTL-116713] runtest_top_xpath Button clicked Successfully
2016-01-28 01:46:33,560 DEBUG [EBPB_KeyhandlingSTTL-116713] TestStepResult of ClickRunTest: pass
2016-01-28 01:46:33,560 DEBUG [EBPB_KeyhandlingSTTL-116713] In execute keyword function
2016-01-28 01:46:33,560 DEBUG [EBPB_KeyhandlingSTTL-116713] Executing validate_Text_Exists function:
2016-01-28 01:46:33,991 DEBUG [EBPB_KeyhandlingSTTL-116713] VT056-0733 Testcase Text found
2016-01-28 01:46:33,992 DEBUG [EBPB_KeyhandlingSTTL-116713] Result of validate_Text_Exists: Pass
2016-01-28 01:46:33,992 DEBUG [EBPB_KeyhandlingSTTL-116713] In execute keyword function
2016-01-28 01:46:33,992 DEBUG [EBPB_KeyhandlingSTTL-116713] Executing textBoxClick function:
2016-01-28 01:46:35,434 DEBUG [EBPB_KeyhandlingSTTL-116713] keytxtInput_idtext box clicked successfully
2016-01-28 01:46:35,435 DEBUG [EBPB_KeyhandlingSTTL-116713] TestStepResult of textBoxClick: pass
2016-01-28 01:46:35,435 DEBUG [EBPB_KeyhandlingSTTL-116713] In execute keyword function
2016-01-28 01:46:35,435 DEBUG [EBPB_KeyhandlingSTTL-116713] Executing wait function:
2016-01-28 01:46:35,435 DEBUG [EBPB_KeyhandlingSTTL-116713] Started Executing wait function
2016-01-28 01:46:37,434 DEBUG [EBPB_KeyhandlingSTTL-116713] Exiting from wait function
2016-01-28 01:46:37,434 DEBUG [EBPB_KeyhandlingSTTL-116713] TestStepResult of wait: Pass
2016-01-28 01:46:37,434 DEBUG [EBPB_KeyhandlingSTTL-116713] In execute keyword function
2016-01-28 01:46:37,434 DEBUG [EBPB_KeyhandlingSTTL-116713] Executing sendKeyEvents function:
2016-01-28 01:46:37,434 DEBUG [EBPB_KeyhandlingSTTL-116713] Entered sendKeyEvents function
2016-01-28 01:46:37,434 DEBUG [EBPB_KeyhandlingSTTL-116713] 1
2016-01-28 01:46:37,434 DEBUG [EBPB_KeyhandlingSTTL-116713] Entered 1
2016-01-28 01:46:37,434 DEBUG [EBPB_KeyhandlingSTTL-116713] Started executeCommandLine function
2016-01-28 01:46:41,455 DEBUG [EBPB_KeyhandlingSTTL-116713] Exiting from executeCommandLine function
2016-01-28 01:46:41,455 DEBUG [EBPB_KeyhandlingSTTL-116713] pass
2016-01-28 01:46:41,455 DEBUG [EBPB_KeyhandlingSTTL-116713] TestStepResult of sendKeyEvents: pass
2016-01-28 01:46:41,455 DEBUG [EBPB_KeyhandlingSTTL-116713] In execute keyword function
2016-01-28 01:46:41,455 DEBUG [EBPB_KeyhandlingSTTL-116713] Executing validate_textBoxData function:
2016-01-28 01:46:41,455 DEBUG [EBPB_KeyhandlingSTTL-116713] Executing getAttribute function
2016-01-28 01:46:41,670 DEBUG [EBPB_KeyhandlingSTTL-116713] 2
2016-01-28 01:46:41,670 DEBUG [EBPB_KeyhandlingSTTL-116713] 2 value matches with Expected 2 value
2016-01-28 01:46:41,670 DEBUG [EBPB_KeyhandlingSTTL-116713] Result of validate_textBoxData: Pass
2016-01-28 01:46:41,670 DEBUG [EBPB_KeyhandlingSTTL-116713] In execute keyword function
2016-01-28 01:46:41,670 DEBUG [EBPB_KeyhandlingSTTL-116713] Executing SwitchApp function:
2016-01-28 01:46:41,720 DEBUG [EBPB_KeyhandlingSTTL-116713] Successfully switched to NATIVE_APP
2016-01-28 01:46:41,720 DEBUG [EBPB_KeyhandlingSTTL-116713] TestStepResult of SwitchApp: Pass
2016-01-28 01:46:41,720 DEBUG [EBPB_KeyhandlingSTTL-116713] In execute keyword function
2016-01-28 01:46:41,720 DEBUG [EBPB_KeyhandlingSTTL-116713] Executing ClickNativeIcon function:
2016-01-28 01:46:42,624 DEBUG [EBPB_KeyhandlingSTTL-116713] [[AppiumTouchActionExtension: selendroid on ANDROID (ee64c4a6-1287-1bd0-1de2-4fc4e525c9f2)] -> xpath: (//Button[@id='reload_button'])[1]]Clicked successfully
2016-01-28 01:46:42,624 DEBUG [EBPB_KeyhandlingSTTL-116713] TestStepResult of ClickNativeIcon: pass
2016-01-28 01:46:42,624 DEBUG [EBPB_KeyhandlingSTTL-116713] In execute keyword function
2016-01-28 01:46:42,624 DEBUG [EBPB_KeyhandlingSTTL-116713] Executing wait function:
2016-01-28 01:46:42,624 DEBUG [EBPB_KeyhandlingSTTL-116713] Started Executing wait function
2016-01-28 01:46:52,623 DEBUG [EBPB_KeyhandlingSTTL-116713] Exiting from wait function
2016-01-28 01:46:52,623 DEBUG [EBPB_KeyhandlingSTTL-116713] TestStepResult of wait: Pass
2016-01-28 01:46:52,623 DEBUG [EBPB_KeyhandlingSTTL-116713] In execute keyword function
2016-01-28 01:46:52,623 DEBUG [EBPB_KeyhandlingSTTL-116713] Executing SwitchApp function:
2016-01-28 01:46:52,718 DEBUG [EBPB_KeyhandlingSTTL-116713] Successfully switched to WEBVIEW
2016-01-28 01:46:52,718 DEBUG [EBPB_KeyhandlingSTTL-116713] TestStepResult of SwitchApp: Pass
2016-01-28 01:46:52,718 DEBUG [EBPB_KeyhandlingSTTL-116713] In execute keyword function
2016-01-28 01:46:52,718 DEBUG [EBPB_KeyhandlingSTTL-116713] Executing SelectTestToRun function:
2016-01-28 01:46:59,659 DEBUG [EBPB_KeyhandlingSTTL-116713] Successfull in selecting clicking the category
2016-01-28 01:46:59,659 DEBUG [EBPB_KeyhandlingSTTL-116713] TestStepResult of SelectTestToRun: pass
2016-01-28 01:46:59,659 DEBUG [EBPB_KeyhandlingSTTL-116713] In execute keyword function
2016-01-28 01:46:59,659 DEBUG [EBPB_KeyhandlingSTTL-116713] Executing ClickRunTest function:
2016-01-28 01:46:59,991 DEBUG [EBPB_KeyhandlingSTTL-116713] Executing Click function
2016-01-28 01:47:01,018 DEBUG [EBPB_KeyhandlingSTTL-116713] Exiting Click function
2016-01-28 01:47:01,018 DEBUG [EBPB_KeyhandlingSTTL-116713] runtest_top_xpath Button clicked Successfully
2016-01-28 01:47:01,018 DEBUG [EBPB_KeyhandlingSTTL-116713] TestStepResult of ClickRunTest: pass
2016-01-28 01:47:01,018 DEBUG [EBPB_KeyhandlingSTTL-116713] In execute keyword function
2016-01-28 01:47:01,018 DEBUG [EBPB_KeyhandlingSTTL-116713] Executing validate_Text_Exists function:
2016-01-28 01:47:01,284 DEBUG [EBPB_KeyhandlingSTTL-116713] VT056-0733 Testcase Text found
2016-01-28 01:47:01,284 DEBUG [EBPB_KeyhandlingSTTL-116713] Result of validate_Text_Exists: Pass
2016-01-28 01:47:01,284 DEBUG [EBPB_KeyhandlingSTTL-116713] In execute keyword function
2016-01-28 01:47:01,284 DEBUG [EBPB_KeyhandlingSTTL-116713] Executing textBoxClick function:
2016-01-28 01:47:02,659 DEBUG [EBPB_KeyhandlingSTTL-116713] keytxtInput_idtext box clicked successfully
2016-01-28 01:47:02,659 DEBUG [EBPB_KeyhandlingSTTL-116713] TestStepResult of textBoxClick: pass
2016-01-28 01:47:02,659 DEBUG [EBPB_KeyhandlingSTTL-116713] In execute keyword function
2016-01-28 01:47:02,659 DEBUG [EBPB_KeyhandlingSTTL-116713] Executing wait function:
2016-01-28 01:47:02,659 DEBUG [EBPB_KeyhandlingSTTL-116713] Started Executing wait function
2016-01-28 01:47:04,659 DEBUG [EBPB_KeyhandlingSTTL-116713] Exiting from wait function
2016-01-28 01:47:04,659 DEBUG [EBPB_KeyhandlingSTTL-116713] TestStepResult of wait: Pass
2016-01-28 01:47:04,659 DEBUG [EBPB_KeyhandlingSTTL-116713] In execute keyword function
2016-01-28 01:47:04,659 DEBUG [EBPB_KeyhandlingSTTL-116713] Executing sendKeyEvents function:
2016-01-28 01:47:04,659 DEBUG [EBPB_KeyhandlingSTTL-116713] Entered sendKeyEvents function
2016-01-28 01:47:04,659 DEBUG [EBPB_KeyhandlingSTTL-116713] 2
2016-01-28 01:47:04,659 DEBUG [EBPB_KeyhandlingSTTL-116713] Entered 2
2016-01-28 01:47:04,659 DEBUG [EBPB_KeyhandlingSTTL-116713] Started executeCommandLine function
2016-01-28 01:47:08,680 DEBUG [EBPB_KeyhandlingSTTL-116713] Exiting from executeCommandLine function
2016-01-28 01:47:08,680 DEBUG [EBPB_KeyhandlingSTTL-116713] pass
2016-01-28 01:47:08,680 DEBUG [EBPB_KeyhandlingSTTL-116713] TestStepResult of sendKeyEvents: pass
2016-01-28 01:47:08,680 DEBUG [EBPB_KeyhandlingSTTL-116713] In execute keyword function
2016-01-28 01:47:08,680 DEBUG [EBPB_KeyhandlingSTTL-116713] Executing validate_textBoxData function:
2016-01-28 01:47:08,680 DEBUG [EBPB_KeyhandlingSTTL-116713] Executing getAttribute function
2016-01-28 01:47:08,873 DEBUG [EBPB_KeyhandlingSTTL-116713] 2
2016-01-28 01:47:08,873 DEBUG [EBPB_KeyhandlingSTTL-116713] 2 value matches with Expected 2 value
2016-01-28 01:47:08,873 DEBUG [EBPB_KeyhandlingSTTL-116713] Result of validate_textBoxData: Pass
2016-01-28 01:47:08,873 DEBUG [EBPB_KeyhandlingSTTL-116713] In execute keyword function
2016-01-28 01:47:08,873 DEBUG [EBPB_KeyhandlingSTTL-116713] Executing SwitchApp function:
2016-01-28 01:47:08,930 DEBUG [EBPB_KeyhandlingSTTL-116713] Successfully switched to NATIVE_APP
2016-01-28 01:47:08,930 DEBUG [EBPB_KeyhandlingSTTL-116713] TestStepResult of SwitchApp: Pass
2016-01-28 01:47:08,931 DEBUG [EBPB_KeyhandlingSTTL-116713] In execute keyword function
2016-01-28 01:47:08,931 DEBUG [EBPB_KeyhandlingSTTL-116713] Executing ClickNativeIcon function:
2016-01-28 01:47:09,768 DEBUG [EBPB_KeyhandlingSTTL-116713] [[AppiumTouchActionExtension: selendroid on ANDROID (ee64c4a6-1287-1bd0-1de2-4fc4e525c9f2)] -> xpath: (//Button[@id='reload_button'])[1]]Clicked successfully
2016-01-28 01:47:09,768 DEBUG [EBPB_KeyhandlingSTTL-116713] TestStepResult of ClickNativeIcon: pass
2016-01-28 01:47:09,768 DEBUG [EBPB_KeyhandlingSTTL-116713] In execute keyword function
2016-01-28 01:47:09,768 DEBUG [EBPB_KeyhandlingSTTL-116713] Executing wait function:
2016-01-28 01:47:09,768 DEBUG [EBPB_KeyhandlingSTTL-116713] Started Executing wait function
2016-01-28 01:47:19,768 DEBUG [EBPB_KeyhandlingSTTL-116713] Exiting from wait function
2016-01-28 01:47:19,768 DEBUG [EBPB_KeyhandlingSTTL-116713] TestStepResult of wait: Pass
2016-01-28 01:47:19,768 DEBUG [EBPB_KeyhandlingSTTL-116713] In execute keyword function
2016-01-28 01:47:19,768 DEBUG [EBPB_KeyhandlingSTTL-116713] Executing SwitchApp function:
2016-01-28 01:47:19,852 DEBUG [EBPB_KeyhandlingSTTL-116713] Successfully switched to WEBVIEW
2016-01-28 01:47:19,852 DEBUG [EBPB_KeyhandlingSTTL-116713] TestStepResult of SwitchApp: Pass
2016-01-28 01:47:19,852 DEBUG [EBPB_KeyhandlingSTTL-116713] In execute keyword function
2016-01-28 01:47:19,852 DEBUG [EBPB_KeyhandlingSTTL-116713] Executing textBoxClick function:
2016-01-28 01:47:21,215 DEBUG [EBPB_KeyhandlingSTTL-116713] keytxtInput_idtext box clicked successfully
2016-01-28 01:47:21,216 DEBUG [EBPB_KeyhandlingSTTL-116713] TestStepResult of textBoxClick: pass
2016-01-28 01:47:21,216 DEBUG [EBPB_KeyhandlingSTTL-116713] In execute keyword function
2016-01-28 01:47:21,216 DEBUG [EBPB_KeyhandlingSTTL-116713] Executing wait function:
2016-01-28 01:47:21,216 DEBUG [EBPB_KeyhandlingSTTL-116713] Started Executing wait function
2016-01-28 01:47:23,216 DEBUG [EBPB_KeyhandlingSTTL-116713] Exiting from wait function
2016-01-28 01:47:23,216 DEBUG [EBPB_KeyhandlingSTTL-116713] TestStepResult of wait: Pass
2016-01-28 01:47:23,216 DEBUG [EBPB_KeyhandlingSTTL-116713] In execute keyword function
2016-01-28 01:47:23,216 DEBUG [EBPB_KeyhandlingSTTL-116713] Executing sendKeyEvents function:
2016-01-28 01:47:23,216 DEBUG [EBPB_KeyhandlingSTTL-116713] Entered sendKeyEvents function
2016-01-28 01:47:23,216 DEBUG [EBPB_KeyhandlingSTTL-116713] 1
2016-01-28 01:47:23,216 DEBUG [EBPB_KeyhandlingSTTL-116713] Entered 1
2016-01-28 01:47:23,216 DEBUG [EBPB_KeyhandlingSTTL-116713] Started executeCommandLine function
2016-01-28 01:47:27,237 DEBUG [EBPB_KeyhandlingSTTL-116713] Exiting from executeCommandLine function
2016-01-28 01:47:27,237 DEBUG [EBPB_KeyhandlingSTTL-116713] pass
2016-01-28 01:47:27,237 DEBUG [EBPB_KeyhandlingSTTL-116713] TestStepResult of sendKeyEvents: pass
2016-01-28 01:47:27,237 DEBUG [EBPB_KeyhandlingSTTL-116713] In execute keyword function
2016-01-28 01:47:27,237 DEBUG [EBPB_KeyhandlingSTTL-116713] Executing validate_textBoxData function:
2016-01-28 01:47:27,237 DEBUG [EBPB_KeyhandlingSTTL-116713] Executing getAttribute function
2016-01-28 01:47:27,417 DEBUG [EBPB_KeyhandlingSTTL-116713] 1
2016-01-28 01:47:27,418 DEBUG [EBPB_KeyhandlingSTTL-116713] 1 value matches with Expected 1 value
2016-01-28 01:47:27,418 DEBUG [EBPB_KeyhandlingSTTL-116713] Result of validate_textBoxData: Pass
2016-01-28 01:47:27,418 DEBUG [EBPB_KeyhandlingSTTL-116713] In execute keyword function
2016-01-28 01:47:27,418 DEBUG [EBPB_KeyhandlingSTTL-116713] Executing SwitchApp function:
2016-01-28 01:47:27,471 DEBUG [EBPB_KeyhandlingSTTL-116713] Successfully switched to NATIVE_APP
2016-01-28 01:47:27,471 DEBUG [EBPB_KeyhandlingSTTL-116713] TestStepResult of SwitchApp: Pass
2016-01-28 01:47:27,471 DEBUG [EBPB_KeyhandlingSTTL-116713] In execute keyword function
2016-01-28 01:47:27,471 DEBUG [EBPB_KeyhandlingSTTL-116713] Executing ClickNativeIcon function:
2016-01-28 01:47:28,316 DEBUG [EBPB_KeyhandlingSTTL-116713] [[AppiumTouchActionExtension: selendroid on ANDROID (ee64c4a6-1287-1bd0-1de2-4fc4e525c9f2)] -> xpath: (//Button[@id='reload_button'])[1]]Clicked successfully
2016-01-28 01:47:28,316 DEBUG [EBPB_KeyhandlingSTTL-116713] TestStepResult of ClickNativeIcon: pass
2016-01-28 01:47:28,316 DEBUG [EBPB_KeyhandlingSTTL-116713] In execute keyword function
2016-01-28 01:47:28,316 DEBUG [EBPB_KeyhandlingSTTL-116713] Executing wait function:
2016-01-28 01:47:28,316 DEBUG [EBPB_KeyhandlingSTTL-116713] Started Executing wait function
2016-01-28 01:47:38,316 DEBUG [EBPB_KeyhandlingSTTL-116713] Exiting from wait function
2016-01-28 01:47:38,316 DEBUG [EBPB_KeyhandlingSTTL-116713] TestStepResult of wait: Pass
2016-01-28 01:47:38,316 DEBUG [EBPB_KeyhandlingSTTL-116713] In execute keyword function
2016-01-28 01:47:38,316 DEBUG [EBPB_KeyhandlingSTTL-116713] Executing SwitchApp function:
2016-01-28 01:47:38,419 DEBUG [EBPB_KeyhandlingSTTL-116713] Successfully switched to WEBVIEW
2016-01-28 01:47:38,419 DEBUG [EBPB_KeyhandlingSTTL-116713] TestStepResult of SwitchApp: Pass
2016-01-28 01:47:38,419 DEBUG [EBPB_KeyhandlingSTTL-116713] In execute keyword function
2016-01-28 01:47:38,419 DEBUG [EBPB_KeyhandlingSTTL-116713] Executing textBoxClick function:
2016-01-28 01:47:39,828 DEBUG [EBPB_KeyhandlingSTTL-116713] keytxtInput_idtext box clicked successfully
2016-01-28 01:47:39,828 DEBUG [EBPB_KeyhandlingSTTL-116713] TestStepResult of textBoxClick: pass
2016-01-28 01:47:39,829 DEBUG [EBPB_KeyhandlingSTTL-116713] In execute keyword function
2016-01-28 01:47:39,829 DEBUG [EBPB_KeyhandlingSTTL-116713] Executing wait function:
2016-01-28 01:47:39,829 DEBUG [EBPB_KeyhandlingSTTL-116713] Started Executing wait function
2016-01-28 01:47:41,829 DEBUG [EBPB_KeyhandlingSTTL-116713] Exiting from wait function
2016-01-28 01:47:41,829 DEBUG [EBPB_KeyhandlingSTTL-116713] TestStepResult of wait: Pass
2016-01-28 01:47:41,829 DEBUG [EBPB_KeyhandlingSTTL-116713] In execute keyword function
2016-01-28 01:47:41,829 DEBUG [EBPB_KeyhandlingSTTL-116713] Executing sendKeyEvents function:
2016-01-28 01:47:41,829 DEBUG [EBPB_KeyhandlingSTTL-116713] Entered sendKeyEvents function
2016-01-28 01:47:41,829 DEBUG [EBPB_KeyhandlingSTTL-116713] 2
2016-01-28 01:47:41,829 DEBUG [EBPB_KeyhandlingSTTL-116713] Entered 2
2016-01-28 01:47:41,829 DEBUG [EBPB_KeyhandlingSTTL-116713] Started executeCommandLine function
2016-01-28 01:47:45,850 DEBUG [EBPB_KeyhandlingSTTL-116713] Exiting from executeCommandLine function
2016-01-28 01:47:45,850 DEBUG [EBPB_KeyhandlingSTTL-116713] pass
2016-01-28 01:47:45,850 DEBUG [EBPB_KeyhandlingSTTL-116713] TestStepResult of sendKeyEvents: pass
2016-01-28 01:47:45,850 DEBUG [EBPB_KeyhandlingSTTL-116713] In execute keyword function
2016-01-28 01:47:45,850 DEBUG [EBPB_KeyhandlingSTTL-116713] Executing validate_textBoxData function:
2016-01-28 01:47:45,850 DEBUG [EBPB_KeyhandlingSTTL-116713] Executing getAttribute function
2016-01-28 01:47:46,019 DEBUG [EBPB_KeyhandlingSTTL-116713] 2
2016-01-28 01:47:46,019 DEBUG [EBPB_KeyhandlingSTTL-116713] 2 value matches with Expected 2 value
2016-01-28 01:47:46,019 DEBUG [EBPB_KeyhandlingSTTL-116713] Result of validate_textBoxData: Pass
2016-01-28 01:47:46,019 DEBUG [EBPB_KeyhandlingSTTL-116713] allstep_result contains: passPasspassPassPasspassPasspassPasspassPassPasspassPasspassPasspasspasspassPassPasspassPasspassPasspasspasspassPassPassnull
2016-01-28 01:47:46,019 DEBUG [EBPB_KeyhandlingSTTL-116713] allexpected_result contains: nullPassnullPassnullPassnullPassnullPassnullPassnullpassnullpassnull
2016-01-28 01:47:46,019 DEBUG [EBPB_KeyhandlingSTTL-116713] Testcase_Result contains: nullPassnullPassnullPassnullPassnullPassnullPassnullpassnullpassnullpassPasspassPassPasspassPasspassPasspassPassPasspassPasspassPasspasspasspassPassPasspassPasspassPasspasspasspassPassPassnull
2016-01-28 01:47:46,020 DEBUG [EBPB_KeyhandlingSTTL-116713] Test case with description Tag Pesrsitance Check
Keyvalue 8(1)
Remap:9(2) Pass
2016-01-28 01:47:47,106 DEBUG [EBPB_KeyhandlingSTTL-116713] Executing browser_Quit function
2016-01-28 01:47:47,106 DEBUG [EBPB_KeyhandlingSTTL-116713] Completed browser_Quit function
2016-01-28 01:47:47,106 DEBUG [EBPB_KeyhandlingSTTL-116713] Completed quitSelendroid function
2016-01-28 01:47:47,106 DEBUG [EBPB_KeyhandlingSTTL-116713] Row number:14
2016-01-28 01:47:47,141 DEBUG [EBPB_KeyhandlingSTTL-116713] Ending Test Case IDSTTL-116713
