2016-01-28 01:58:00,184 DEBUG [EBPB_KeyhandlingSTTL-116724] Executing Test Case ID: STTL-116724
2016-01-28 01:58:00,192 DEBUG [EBPB_KeyhandlingSTTL-116724] Executing Init_Selendroid function with APK as parameter and clear data value with 1
2016-01-28 01:58:10,062 DEBUG [EBPB_KeyhandlingSTTL-116724] Exiting Init_Selendroid function
2016-01-28 01:58:10,081 DEBUG [EBPB_KeyhandlingSTTL-116724] TestCase with Description "KeyValue:All with event URL for symbol keys" Execution started
2016-01-28 01:58:10,081 DEBUG [EBPB_KeyhandlingSTTL-116724] In execute keyword function
2016-01-28 01:58:10,081 DEBUG [EBPB_KeyhandlingSTTL-116724] Executing wait function:
2016-01-28 01:58:10,081 DEBUG [EBPB_KeyhandlingSTTL-116724] Started Executing wait function
2016-01-28 01:58:15,082 DEBUG [EBPB_KeyhandlingSTTL-116724] Exiting from wait function
2016-01-28 01:58:15,082 DEBUG [EBPB_KeyhandlingSTTL-116724] TestStepResult of wait: Pass
2016-01-28 01:58:15,082 DEBUG [EBPB_KeyhandlingSTTL-116724] In execute keyword function
2016-01-28 01:58:15,082 DEBUG [EBPB_KeyhandlingSTTL-116724] Executing validate_PageTitle function:
2016-01-28 01:58:15,124 DEBUG [EBPB_KeyhandlingSTTL-116724] The title of the page is *********************************: Pocket Browser Tests
2016-01-28 01:58:15,124 DEBUG [EBPB_KeyhandlingSTTL-116724] The page title found is correct
2016-01-28 01:58:15,124 DEBUG [EBPB_KeyhandlingSTTL-116724] Result of validate_PageTitle: pass
2016-01-28 01:58:15,124 DEBUG [EBPB_KeyhandlingSTTL-116724] In execute keyword function
2016-01-28 01:58:15,124 DEBUG [EBPB_KeyhandlingSTTL-116724] Executing link_Click function:
2016-01-28 01:58:15,830 DEBUG [EBPB_KeyhandlingSTTL-116724] Executing Click function
2016-01-28 01:58:16,882 DEBUG [EBPB_KeyhandlingSTTL-116724] Exiting Click function
2016-01-28 01:58:16,882 DEBUG [EBPB_KeyhandlingSTTL-116724] keyhandling_link clicked successfully
2016-01-28 01:58:16,882 DEBUG [EBPB_KeyhandlingSTTL-116724] TestStepResult of link_Click: Pass
2016-01-28 01:58:16,882 DEBUG [EBPB_KeyhandlingSTTL-116724] In execute keyword function
2016-01-28 01:58:16,882 DEBUG [EBPB_KeyhandlingSTTL-116724] Executing validate_PageTitle function:
2016-01-28 01:58:16,905 DEBUG [EBPB_KeyhandlingSTTL-116724] The title of the page is *********************************: PB and RE2.2 Semi Auto Frame Work : Keyhandling
2016-01-28 01:58:16,905 DEBUG [EBPB_KeyhandlingSTTL-116724] The page title found is correct
2016-01-28 01:58:16,905 DEBUG [EBPB_KeyhandlingSTTL-116724] Result of validate_PageTitle: pass
2016-01-28 01:58:16,905 DEBUG [EBPB_KeyhandlingSTTL-116724] In execute keyword function
2016-01-28 01:58:16,905 DEBUG [EBPB_KeyhandlingSTTL-116724] Executing SelectTestToRun function:
2016-01-28 01:58:21,129 DEBUG [EBPB_KeyhandlingSTTL-116724] Successfull in selecting clicking the category
2016-01-28 01:58:21,129 DEBUG [EBPB_KeyhandlingSTTL-116724] TestStepResult of SelectTestToRun: pass
2016-01-28 01:58:21,129 DEBUG [EBPB_KeyhandlingSTTL-116724] In execute keyword function
2016-01-28 01:58:21,129 DEBUG [EBPB_KeyhandlingSTTL-116724] Executing ClickRunTest function:
2016-01-28 01:58:21,477 DEBUG [EBPB_KeyhandlingSTTL-116724] Executing Click function
2016-01-28 01:58:22,489 DEBUG [EBPB_KeyhandlingSTTL-116724] Exiting Click function
2016-01-28 01:58:22,490 DEBUG [EBPB_KeyhandlingSTTL-116724] runtest_top_xpath Button clicked Successfully
2016-01-28 01:58:22,490 DEBUG [EBPB_KeyhandlingSTTL-116724] TestStepResult of ClickRunTest: pass
2016-01-28 01:58:22,490 DEBUG [EBPB_KeyhandlingSTTL-116724] In execute keyword function
2016-01-28 01:58:22,490 DEBUG [EBPB_KeyhandlingSTTL-116724] Executing validate_Text_Exists function:
2016-01-28 01:58:22,771 DEBUG [EBPB_KeyhandlingSTTL-116724] VT056-0710 Testcase Text found
2016-01-28 01:58:22,771 DEBUG [EBPB_KeyhandlingSTTL-116724] Result of validate_Text_Exists: Pass
2016-01-28 01:58:22,771 DEBUG [EBPB_KeyhandlingSTTL-116724] In execute keyword function
2016-01-28 01:58:22,771 DEBUG [EBPB_KeyhandlingSTTL-116724] Executing sendKeyEvents function:
2016-01-28 01:58:22,771 DEBUG [EBPB_KeyhandlingSTTL-116724] Entered sendKeyEvents function
2016-01-28 01:58:22,771 DEBUG [EBPB_KeyhandlingSTTL-116724] star
2016-01-28 01:58:22,771 DEBUG [EBPB_KeyhandlingSTTL-116724] Entered Starkey
2016-01-28 01:58:22,771 DEBUG [EBPB_KeyhandlingSTTL-116724] Started executeCommandLine function
2016-01-28 01:58:26,792 DEBUG [EBPB_KeyhandlingSTTL-116724] Exiting from executeCommandLine function
2016-01-28 01:58:26,792 DEBUG [EBPB_KeyhandlingSTTL-116724] pass
2016-01-28 01:58:26,792 DEBUG [EBPB_KeyhandlingSTTL-116724] TestStepResult of sendKeyEvents: pass
2016-01-28 01:58:26,792 DEBUG [EBPB_KeyhandlingSTTL-116724] In execute keyword function
2016-01-28 01:58:26,792 DEBUG [EBPB_KeyhandlingSTTL-116724] Executing validate_PageTitle function:
2016-01-28 01:58:26,827 DEBUG [EBPB_KeyhandlingSTTL-116724] The title of the page is *********************************: Navigation Check
2016-01-28 01:58:26,827 DEBUG [EBPB_KeyhandlingSTTL-116724] The page title found is correct
2016-01-28 01:58:26,827 DEBUG [EBPB_KeyhandlingSTTL-116724] Result of validate_PageTitle: pass
2016-01-28 01:58:26,827 DEBUG [EBPB_KeyhandlingSTTL-116724] allstep_result contains: passpasspassPassPassnull
2016-01-28 01:58:26,827 DEBUG [EBPB_KeyhandlingSTTL-116724] allexpected_result contains: nullpassnullPassnullpassnullpassnull
2016-01-28 01:58:26,827 DEBUG [EBPB_KeyhandlingSTTL-116724] Testcase_Result contains: nullpassnullPassnullpassnullpassnullpasspasspassPassPassnull
2016-01-28 01:58:26,827 DEBUG [EBPB_KeyhandlingSTTL-116724] Test case with description KeyValue:All with event URL for symbol keys Pass
2016-01-28 01:58:27,863 DEBUG [EBPB_KeyhandlingSTTL-116724] Executing browser_Quit function
2016-01-28 01:58:27,863 DEBUG [EBPB_KeyhandlingSTTL-116724] Completed browser_Quit function
2016-01-28 01:58:27,863 DEBUG [EBPB_KeyhandlingSTTL-116724] Completed quitSelendroid function
2016-01-28 01:58:27,864 DEBUG [EBPB_KeyhandlingSTTL-116724] Row number:25
2016-01-28 01:58:27,901 DEBUG [EBPB_KeyhandlingSTTL-116724] Ending Test Case IDSTTL-116724
