2016-01-28 02:09:54,844 DEBUG [EBPB_KeyhandlingSTTL-116735] Executing Test Case ID: STTL-116735
2016-01-28 02:09:54,852 DEBUG [EBPB_KeyhandlingSTTL-116735] Executing Init_Selendroid function with APK as parameter and clear data value with 1
2016-01-28 02:10:05,350 DEBUG [EBPB_KeyhandlingSTTL-116735] Exiting Init_Selendroid function
2016-01-28 02:10:05,368 DEBUG [EBPB_KeyhandlingSTTL-116735] TestCase with Description "Set HomeKey Value to Enter with windows key=1" Execution started
2016-01-28 02:10:05,368 DEBUG [EBPB_KeyhandlingSTTL-116735] In execute keyword function
2016-01-28 02:10:05,368 DEBUG [EBPB_KeyhandlingSTTL-116735] Executing wait function:
2016-01-28 02:10:05,368 DEBUG [EBPB_KeyhandlingSTTL-116735] Started Executing wait function
2016-01-28 02:10:10,368 DEBUG [EBPB_KeyhandlingSTTL-116735] Exiting from wait function
2016-01-28 02:10:10,368 DEBUG [EBPB_KeyhandlingSTTL-116735] TestStepResult of wait: Pass
2016-01-28 02:10:10,368 DEBUG [EBPB_KeyhandlingSTTL-116735] In execute keyword function
2016-01-28 02:10:10,368 DEBUG [EBPB_KeyhandlingSTTL-116735] Executing validate_PageTitle function:
2016-01-28 02:10:10,408 DEBUG [EBPB_KeyhandlingSTTL-116735] The title of the page is *********************************: Pocket Browser Tests
2016-01-28 02:10:10,409 DEBUG [EBPB_KeyhandlingSTTL-116735] The page title found is correct
2016-01-28 02:10:10,409 DEBUG [EBPB_KeyhandlingSTTL-116735] Result of validate_PageTitle: pass
2016-01-28 02:10:10,409 DEBUG [EBPB_KeyhandlingSTTL-116735] In execute keyword function
2016-01-28 02:10:10,409 DEBUG [EBPB_KeyhandlingSTTL-116735] Executing link_Click function:
2016-01-28 02:10:11,044 DEBUG [EBPB_KeyhandlingSTTL-116735] Executing Click function
2016-01-28 02:10:12,133 DEBUG [EBPB_KeyhandlingSTTL-116735] Exiting Click function
2016-01-28 02:10:12,133 DEBUG [EBPB_KeyhandlingSTTL-116735] keyhandling_link clicked successfully
2016-01-28 02:10:12,133 DEBUG [EBPB_KeyhandlingSTTL-116735] TestStepResult of link_Click: Pass
2016-01-28 02:10:12,133 DEBUG [EBPB_KeyhandlingSTTL-116735] In execute keyword function
2016-01-28 02:10:12,133 DEBUG [EBPB_KeyhandlingSTTL-116735] Executing validate_PageTitle function:
2016-01-28 02:10:12,167 DEBUG [EBPB_KeyhandlingSTTL-116735] The title of the page is *********************************: PB and RE2.2 Semi Auto Frame Work : Keyhandling
2016-01-28 02:10:12,167 DEBUG [EBPB_KeyhandlingSTTL-116735] The page title found is correct
2016-01-28 02:10:12,167 DEBUG [EBPB_KeyhandlingSTTL-116735] Result of validate_PageTitle: pass
2016-01-28 02:10:12,167 DEBUG [EBPB_KeyhandlingSTTL-116735] In execute keyword function
2016-01-28 02:10:12,167 DEBUG [EBPB_KeyhandlingSTTL-116735] Executing SelectTestToRun function:
2016-01-28 02:10:14,850 DEBUG [EBPB_KeyhandlingSTTL-116735] Successfull in selecting clicking the category
2016-01-28 02:10:14,850 DEBUG [EBPB_KeyhandlingSTTL-116735] TestStepResult of SelectTestToRun: pass
2016-01-28 02:10:14,850 DEBUG [EBPB_KeyhandlingSTTL-116735] In execute keyword function
2016-01-28 02:10:14,851 DEBUG [EBPB_KeyhandlingSTTL-116735] Executing ClickRunTest function:
2016-01-28 02:10:15,243 DEBUG [EBPB_KeyhandlingSTTL-116735] Executing Click function
2016-01-28 02:10:16,228 DEBUG [EBPB_KeyhandlingSTTL-116735] Exiting Click function
2016-01-28 02:10:16,229 DEBUG [EBPB_KeyhandlingSTTL-116735] runtest_top_xpath Button clicked Successfully
2016-01-28 02:10:16,229 DEBUG [EBPB_KeyhandlingSTTL-116735] TestStepResult of ClickRunTest: pass
2016-01-28 02:10:16,229 DEBUG [EBPB_KeyhandlingSTTL-116735] In execute keyword function
2016-01-28 02:10:16,229 DEBUG [EBPB_KeyhandlingSTTL-116735] Executing validate_Text_Exists function:
2016-01-28 02:10:16,492 DEBUG [EBPB_KeyhandlingSTTL-116735] VT056-0738 Testcase Text found
2016-01-28 02:10:16,492 DEBUG [EBPB_KeyhandlingSTTL-116735] Result of validate_Text_Exists: Pass
2016-01-28 02:10:16,492 DEBUG [EBPB_KeyhandlingSTTL-116735] In execute keyword function
2016-01-28 02:10:16,492 DEBUG [EBPB_KeyhandlingSTTL-116735] Executing sendKeyEvents function:
2016-01-28 02:10:16,492 DEBUG [EBPB_KeyhandlingSTTL-116735] Entered sendKeyEvents function
2016-01-28 02:10:16,492 DEBUG [EBPB_KeyhandlingSTTL-116735] Enter
2016-01-28 02:10:16,492 DEBUG [EBPB_KeyhandlingSTTL-116735] Entered Enterkey
2016-01-28 02:10:16,492 DEBUG [EBPB_KeyhandlingSTTL-116735] Started executeCommandLine function
2016-01-28 02:10:20,513 DEBUG [EBPB_KeyhandlingSTTL-116735] Exiting from executeCommandLine function
2016-01-28 02:10:20,513 DEBUG [EBPB_KeyhandlingSTTL-116735] pass
2016-01-28 02:10:20,513 DEBUG [EBPB_KeyhandlingSTTL-116735] TestStepResult of sendKeyEvents: pass
2016-01-28 02:10:20,513 DEBUG [EBPB_KeyhandlingSTTL-116735] In execute keyword function
2016-01-28 02:10:20,513 DEBUG [EBPB_KeyhandlingSTTL-116735] Executing wait function:
2016-01-28 02:10:20,513 DEBUG [EBPB_KeyhandlingSTTL-116735] Started Executing wait function
2016-01-28 02:10:23,514 DEBUG [EBPB_KeyhandlingSTTL-116735] Exiting from wait function
2016-01-28 02:10:23,514 DEBUG [EBPB_KeyhandlingSTTL-116735] TestStepResult of wait: Pass
2016-01-28 02:10:23,514 DEBUG [EBPB_KeyhandlingSTTL-116735] In execute keyword function
2016-01-28 02:10:23,514 DEBUG [EBPB_KeyhandlingSTTL-116735] Executing validate_PageTitle function:
2016-01-28 02:10:23,548 DEBUG [EBPB_KeyhandlingSTTL-116735] The title of the page is *********************************: Pocket Browser Tests
2016-01-28 02:10:23,548 DEBUG [EBPB_KeyhandlingSTTL-116735] The page title found is correct
2016-01-28 02:10:23,548 DEBUG [EBPB_KeyhandlingSTTL-116735] Result of validate_PageTitle: pass
2016-01-28 02:10:23,548 DEBUG [EBPB_KeyhandlingSTTL-116735] allstep_result contains: PasspasspasspassPassPassnull
2016-01-28 02:10:23,548 DEBUG [EBPB_KeyhandlingSTTL-116735] allexpected_result contains: nullpassnullPassnullpassnullpassnull
2016-01-28 02:10:23,548 DEBUG [EBPB_KeyhandlingSTTL-116735] Testcase_Result contains: nullpassnullPassnullpassnullpassnullPasspasspasspassPassPassnull
2016-01-28 02:10:23,548 DEBUG [EBPB_KeyhandlingSTTL-116735] Test case with description Set HomeKey Value to Enter with windows key=1 Pass
2016-01-28 02:10:24,598 DEBUG [EBPB_KeyhandlingSTTL-116735] Executing browser_Quit function
2016-01-28 02:10:24,598 DEBUG [EBPB_KeyhandlingSTTL-116735] Completed browser_Quit function
2016-01-28 02:10:24,598 DEBUG [EBPB_KeyhandlingSTTL-116735] Completed quitSelendroid function
2016-01-28 02:10:24,599 DEBUG [EBPB_KeyhandlingSTTL-116735] Row number:36
2016-01-28 02:10:24,652 DEBUG [EBPB_KeyhandlingSTTL-116735] Ending Test Case IDSTTL-116735
