2016-01-28 01:21:25,289 DEBUG [EBPB_KeyhandlingSTTL-116701] Executing Test Case ID: STTL-116701
2016-01-28 01:22:00,349 DEBUG [EBPB_KeyhandlingSTTL-116701] Executing Init_Selendroid function with APK as parameter and clear data value with 1
2016-01-28 01:22:10,816 DEBUG [EBPB_KeyhandlingSTTL-116701] Exiting Init_Selendroid function
2016-01-28 01:22:10,834 DEBUG [EBPB_KeyhandlingSTTL-116701] TestCase with Description "Change Start page" Execution started
2016-01-28 01:22:10,834 DEBUG [EBPB_KeyhandlingSTTL-116701] In execute keyword function
2016-01-28 01:22:10,834 DEBUG [EBPB_KeyhandlingSTTL-116701] Executing wait function:
2016-01-28 01:22:10,834 DEBUG [EBPB_KeyhandlingSTTL-116701] Started Executing wait function
2016-01-28 01:22:13,835 DEBUG [EBPB_KeyhandlingSTTL-116701] Exiting from wait function
2016-01-28 01:22:13,835 DEBUG [EBPB_KeyhandlingSTTL-116701] TestStepResult of wait: Pass
2016-01-28 01:22:13,835 DEBUG [EBPB_KeyhandlingSTTL-116701] In execute keyword function
2016-01-28 01:22:13,835 DEBUG [EBPB_KeyhandlingSTTL-116701] Executing PullConfigxml function:
2016-01-28 01:22:13,835 DEBUG [EBPB_KeyhandlingSTTL-116701] Started executeCommandLine function
2016-01-28 01:22:17,855 DEBUG [EBPB_KeyhandlingSTTL-116701] TestStepResult of PullConfigxml: Pass
2016-01-28 01:22:17,855 DEBUG [EBPB_KeyhandlingSTTL-116701] In execute keyword function
2016-01-28 01:22:17,855 DEBUG [EBPB_KeyhandlingSTTL-116701] Executing ChangeConfigxml function:
2016-01-28 01:22:17,855 DEBUG [EBPB_KeyhandlingSTTL-116701] Executing ChangeConfigxml function
2016-01-28 01:22:17,857 DEBUG [EBPB_KeyhandlingSTTL-116701] TestStepResult of ChangeConfigxml: Pass
2016-01-28 01:22:17,857 DEBUG [EBPB_KeyhandlingSTTL-116701] In execute keyword function
2016-01-28 01:22:17,857 DEBUG [EBPB_KeyhandlingSTTL-116701] Executing ChangeConfigxml function:
2016-01-28 01:22:17,857 DEBUG [EBPB_KeyhandlingSTTL-116701] Executing ChangeConfigxml function
2016-01-28 01:22:17,859 DEBUG [EBPB_KeyhandlingSTTL-116701] TestStepResult of ChangeConfigxml: Pass
2016-01-28 01:22:17,859 DEBUG [EBPB_KeyhandlingSTTL-116701] In execute keyword function
2016-01-28 01:22:17,859 DEBUG [EBPB_KeyhandlingSTTL-116701] Executing ChangeConfigxml function:
2016-01-28 01:22:17,859 DEBUG [EBPB_KeyhandlingSTTL-116701] Executing ChangeConfigxml function
2016-01-28 01:22:17,861 DEBUG [EBPB_KeyhandlingSTTL-116701] TestStepResult of ChangeConfigxml: Pass
2016-01-28 01:22:17,861 DEBUG [EBPB_KeyhandlingSTTL-116701] In execute keyword function
2016-01-28 01:22:17,861 DEBUG [EBPB_KeyhandlingSTTL-116701] Executing ChangeConfigxml function:
2016-01-28 01:22:17,861 DEBUG [EBPB_KeyhandlingSTTL-116701] Executing ChangeConfigxml function
2016-01-28 01:22:17,862 DEBUG [EBPB_KeyhandlingSTTL-116701] TestStepResult of ChangeConfigxml: Pass
2016-01-28 01:22:17,862 DEBUG [EBPB_KeyhandlingSTTL-116701] In execute keyword function
2016-01-28 01:22:17,862 DEBUG [EBPB_KeyhandlingSTTL-116701] Executing ChangeConfigxml function:
2016-01-28 01:22:17,862 DEBUG [EBPB_KeyhandlingSTTL-116701] Executing ChangeConfigxml function
2016-01-28 01:22:17,864 DEBUG [EBPB_KeyhandlingSTTL-116701] TestStepResult of ChangeConfigxml: Pass
2016-01-28 01:22:17,864 DEBUG [EBPB_KeyhandlingSTTL-116701] In execute keyword function
2016-01-28 01:22:17,864 DEBUG [EBPB_KeyhandlingSTTL-116701] Executing PushConfigxml function:
2016-01-28 01:22:17,864 DEBUG [EBPB_KeyhandlingSTTL-116701] Started executeCommandLine function
2016-01-28 01:22:21,881 DEBUG [EBPB_KeyhandlingSTTL-116701] TestStepResult of PushConfigxml: Pass
2016-01-28 01:22:21,881 DEBUG [EBPB_KeyhandlingSTTL-116701] allstep_result contains: PassPassPassPassPassPassPassPassnull
2016-01-28 01:22:21,881 DEBUG [EBPB_KeyhandlingSTTL-116701] allexpected_result contains: null
2016-01-28 01:22:21,881 DEBUG [EBPB_KeyhandlingSTTL-116701] Testcase_Result contains: nullPassPassPassPassPassPassPassPassnull
2016-01-28 01:22:21,881 DEBUG [EBPB_KeyhandlingSTTL-116701] Test case with description Change Start page Pass
2016-01-28 01:22:23,022 DEBUG [EBPB_KeyhandlingSTTL-116701] Executing browser_Quit function
2016-01-28 01:22:23,022 DEBUG [EBPB_KeyhandlingSTTL-116701] Completed browser_Quit function
2016-01-28 01:22:23,022 DEBUG [EBPB_KeyhandlingSTTL-116701] Completed quitSelendroid function
2016-01-28 01:22:23,022 DEBUG [EBPB_KeyhandlingSTTL-116701] Row number:2
2016-01-28 01:22:23,048 DEBUG [EBPB_KeyhandlingSTTL-116701] Ending Test Case IDSTTL-116701
