2016-01-28 01:41:27,583 DEBUG [EBPB_KeyhandlingSTTL-116711] Executing Test Case ID: STTL-116711
2016-01-28 01:41:27,590 DEBUG [EBPB_KeyhandlingSTTL-116711] Executing Init_Selendroid function with APK as parameter and clear data value with 1
2016-01-28 01:41:38,064 DEBUG [EBPB_KeyhandlingSTTL-116711] Exiting Init_Selendroid function
2016-01-28 01:41:38,072 DEBUG [EBPB_KeyhandlingSTTL-116711] TestCase with Description "Scenario" Execution started
2016-01-28 01:41:38,072 DEBUG [EBPB_KeyhandlingSTTL-116711] In execute keyword function
2016-01-28 01:41:38,072 DEBUG [EBPB_KeyhandlingSTTL-116711] Executing wait function:
2016-01-28 01:41:38,072 DEBUG [EBPB_KeyhandlingSTTL-116711] Started Executing wait function
2016-01-28 01:41:43,073 DEBUG [EBPB_KeyhandlingSTTL-116711] Exiting from wait function
2016-01-28 01:41:43,073 DEBUG [EBPB_KeyhandlingSTTL-116711] TestStepResult of wait: Pass
2016-01-28 01:41:43,073 DEBUG [EBPB_KeyhandlingSTTL-116711] In execute keyword function
2016-01-28 01:41:43,073 DEBUG [EBPB_KeyhandlingSTTL-116711] Executing validate_PageTitle function:
2016-01-28 01:41:43,113 DEBUG [EBPB_KeyhandlingSTTL-116711] The title of the page is *********************************: Pocket Browser Tests
2016-01-28 01:41:43,113 DEBUG [EBPB_KeyhandlingSTTL-116711] The page title found is correct
2016-01-28 01:41:43,113 DEBUG [EBPB_KeyhandlingSTTL-116711] Result of validate_PageTitle: pass
2016-01-28 01:41:43,113 DEBUG [EBPB_KeyhandlingSTTL-116711] In execute keyword function
2016-01-28 01:41:43,113 DEBUG [EBPB_KeyhandlingSTTL-116711] Executing link_Click function:
2016-01-28 01:41:43,713 DEBUG [EBPB_KeyhandlingSTTL-116711] Executing Click function
2016-01-28 01:41:44,802 DEBUG [EBPB_KeyhandlingSTTL-116711] Exiting Click function
2016-01-28 01:41:44,802 DEBUG [EBPB_KeyhandlingSTTL-116711] keyhandling_link clicked successfully
2016-01-28 01:41:44,802 DEBUG [EBPB_KeyhandlingSTTL-116711] TestStepResult of link_Click: Pass
2016-01-28 01:41:44,802 DEBUG [EBPB_KeyhandlingSTTL-116711] In execute keyword function
2016-01-28 01:41:44,802 DEBUG [EBPB_KeyhandlingSTTL-116711] Executing validate_PageTitle function:
2016-01-28 01:41:44,836 DEBUG [EBPB_KeyhandlingSTTL-116711] The title of the page is *********************************: PB and RE2.2 Semi Auto Frame Work : Keyhandling
2016-01-28 01:41:44,836 DEBUG [EBPB_KeyhandlingSTTL-116711] The page title found is correct
2016-01-28 01:41:44,836 DEBUG [EBPB_KeyhandlingSTTL-116711] Result of validate_PageTitle: pass
2016-01-28 01:41:44,836 DEBUG [EBPB_KeyhandlingSTTL-116711] In execute keyword function
2016-01-28 01:41:44,836 DEBUG [EBPB_KeyhandlingSTTL-116711] Executing SelectTestToRun function:
2016-01-28 01:41:50,841 DEBUG [EBPB_KeyhandlingSTTL-116711] Successfull in selecting clicking the category
2016-01-28 01:41:50,841 DEBUG [EBPB_KeyhandlingSTTL-116711] TestStepResult of SelectTestToRun: pass
2016-01-28 01:41:50,841 DEBUG [EBPB_KeyhandlingSTTL-116711] In execute keyword function
2016-01-28 01:41:50,841 DEBUG [EBPB_KeyhandlingSTTL-116711] Executing ClickRunTest function:
2016-01-28 01:41:51,153 DEBUG [EBPB_KeyhandlingSTTL-116711] Executing Click function
2016-01-28 01:41:52,160 DEBUG [EBPB_KeyhandlingSTTL-116711] Exiting Click function
2016-01-28 01:41:52,160 DEBUG [EBPB_KeyhandlingSTTL-116711] runtest_top_xpath Button clicked Successfully
2016-01-28 01:41:52,160 DEBUG [EBPB_KeyhandlingSTTL-116711] TestStepResult of ClickRunTest: pass
2016-01-28 01:41:52,160 DEBUG [EBPB_KeyhandlingSTTL-116711] In execute keyword function
2016-01-28 01:41:52,160 DEBUG [EBPB_KeyhandlingSTTL-116711] Executing validate_Text_Exists function:
2016-01-28 01:41:52,431 DEBUG [EBPB_KeyhandlingSTTL-116711] VT056-0724 Testcase Text found
2016-01-28 01:41:52,431 DEBUG [EBPB_KeyhandlingSTTL-116711] Result of validate_Text_Exists: Pass
2016-01-28 01:41:52,431 DEBUG [EBPB_KeyhandlingSTTL-116711] In execute keyword function
2016-01-28 01:41:52,431 DEBUG [EBPB_KeyhandlingSTTL-116711] Executing textBoxClick function:
2016-01-28 01:41:53,854 DEBUG [EBPB_KeyhandlingSTTL-116711] keytxtInput_idtext box clicked successfully
2016-01-28 01:41:53,854 DEBUG [EBPB_KeyhandlingSTTL-116711] TestStepResult of textBoxClick: pass
2016-01-28 01:41:53,854 DEBUG [EBPB_KeyhandlingSTTL-116711] In execute keyword function
2016-01-28 01:41:53,855 DEBUG [EBPB_KeyhandlingSTTL-116711] Executing wait function:
2016-01-28 01:41:53,855 DEBUG [EBPB_KeyhandlingSTTL-116711] Started Executing wait function
2016-01-28 01:41:55,855 DEBUG [EBPB_KeyhandlingSTTL-116711] Exiting from wait function
2016-01-28 01:41:55,855 DEBUG [EBPB_KeyhandlingSTTL-116711] TestStepResult of wait: Pass
2016-01-28 01:41:55,855 DEBUG [EBPB_KeyhandlingSTTL-116711] In execute keyword function
2016-01-28 01:41:55,855 DEBUG [EBPB_KeyhandlingSTTL-116711] Executing sendKeyEvents function:
2016-01-28 01:41:55,855 DEBUG [EBPB_KeyhandlingSTTL-116711] Entered sendKeyEvents function
2016-01-28 01:41:55,855 DEBUG [EBPB_KeyhandlingSTTL-116711] 1
2016-01-28 01:41:55,855 DEBUG [EBPB_KeyhandlingSTTL-116711] Entered 1
2016-01-28 01:41:55,855 DEBUG [EBPB_KeyhandlingSTTL-116711] Started executeCommandLine function
2016-01-28 01:41:59,876 DEBUG [EBPB_KeyhandlingSTTL-116711] Exiting from executeCommandLine function
2016-01-28 01:41:59,876 DEBUG [EBPB_KeyhandlingSTTL-116711] pass
2016-01-28 01:41:59,876 DEBUG [EBPB_KeyhandlingSTTL-116711] TestStepResult of sendKeyEvents: pass
2016-01-28 01:41:59,876 DEBUG [EBPB_KeyhandlingSTTL-116711] In execute keyword function
2016-01-28 01:41:59,876 DEBUG [EBPB_KeyhandlingSTTL-116711] Executing validate_textBoxData function:
2016-01-28 01:41:59,876 DEBUG [EBPB_KeyhandlingSTTL-116711] Executing getAttribute function
2016-01-28 01:42:00,109 DEBUG [EBPB_KeyhandlingSTTL-116711] 1
2016-01-28 01:42:00,110 DEBUG [EBPB_KeyhandlingSTTL-116711] 1 value matches with Expected 1 value
2016-01-28 01:42:00,110 DEBUG [EBPB_KeyhandlingSTTL-116711] Result of validate_textBoxData: Pass
2016-01-28 01:42:00,110 DEBUG [EBPB_KeyhandlingSTTL-116711] In execute keyword function
2016-01-28 01:42:00,110 DEBUG [EBPB_KeyhandlingSTTL-116711] Executing validate_keyCaptured function:
2016-01-28 01:42:00,110 DEBUG [EBPB_KeyhandlingSTTL-116711] Entered validate_keyCaptured function
2016-01-28 01:42:00,443 DEBUG [EBPB_KeyhandlingSTTL-116711] 8
2016-01-28 01:42:00,443 DEBUG [EBPB_KeyhandlingSTTL-116711] Actual Value matches Expected
2016-01-28 01:42:00,443 DEBUG [EBPB_KeyhandlingSTTL-116711] pass
2016-01-28 01:42:00,443 DEBUG [EBPB_KeyhandlingSTTL-116711] Exiting from validate_keyCaptured function
2016-01-28 01:42:00,443 DEBUG [EBPB_KeyhandlingSTTL-116711] Result of validate_keyCaptured: pass
2016-01-28 01:42:00,443 DEBUG [EBPB_KeyhandlingSTTL-116711] In execute keyword function
2016-01-28 01:42:00,443 DEBUG [EBPB_KeyhandlingSTTL-116711] Executing SwitchApp function:
2016-01-28 01:42:00,504 DEBUG [EBPB_KeyhandlingSTTL-116711] Successfully switched to NATIVE_APP
2016-01-28 01:42:00,504 DEBUG [EBPB_KeyhandlingSTTL-116711] TestStepResult of SwitchApp: Pass
2016-01-28 01:42:00,504 DEBUG [EBPB_KeyhandlingSTTL-116711] In execute keyword function
2016-01-28 01:42:00,504 DEBUG [EBPB_KeyhandlingSTTL-116711] Executing ClickNativeIcon function:
2016-01-28 01:42:01,409 DEBUG [EBPB_KeyhandlingSTTL-116711] [[AppiumTouchActionExtension: selendroid on ANDROID (36d58382-4bcc-3418-dc94-448f99bcc7ae)] -> xpath: (//Button[@id='reload_button'])[1]]Clicked successfully
2016-01-28 01:42:01,409 DEBUG [EBPB_KeyhandlingSTTL-116711] TestStepResult of ClickNativeIcon: pass
2016-01-28 01:42:01,410 DEBUG [EBPB_KeyhandlingSTTL-116711] In execute keyword function
2016-01-28 01:42:01,410 DEBUG [EBPB_KeyhandlingSTTL-116711] Executing wait function:
2016-01-28 01:42:01,410 DEBUG [EBPB_KeyhandlingSTTL-116711] Started Executing wait function
2016-01-28 01:42:11,410 DEBUG [EBPB_KeyhandlingSTTL-116711] Exiting from wait function
2016-01-28 01:42:11,410 DEBUG [EBPB_KeyhandlingSTTL-116711] TestStepResult of wait: Pass
2016-01-28 01:42:11,410 DEBUG [EBPB_KeyhandlingSTTL-116711] In execute keyword function
2016-01-28 01:42:11,410 DEBUG [EBPB_KeyhandlingSTTL-116711] Executing SwitchApp function:
2016-01-28 01:42:11,511 DEBUG [EBPB_KeyhandlingSTTL-116711] Successfully switched to WEBVIEW
2016-01-28 01:42:11,511 DEBUG [EBPB_KeyhandlingSTTL-116711] TestStepResult of SwitchApp: Pass
2016-01-28 01:42:11,511 DEBUG [EBPB_KeyhandlingSTTL-116711] In execute keyword function
2016-01-28 01:42:11,511 DEBUG [EBPB_KeyhandlingSTTL-116711] Executing SelectTestToRun function:
2016-01-28 01:42:17,396 DEBUG [EBPB_KeyhandlingSTTL-116711] Successfull in selecting clicking the category
2016-01-28 01:42:17,396 DEBUG [EBPB_KeyhandlingSTTL-116711] TestStepResult of SelectTestToRun: pass
2016-01-28 01:42:17,396 DEBUG [EBPB_KeyhandlingSTTL-116711] In execute keyword function
2016-01-28 01:42:17,396 DEBUG [EBPB_KeyhandlingSTTL-116711] Executing ClickRunTest function:
2016-01-28 01:42:17,766 DEBUG [EBPB_KeyhandlingSTTL-116711] Executing Click function
2016-01-28 01:42:18,814 DEBUG [EBPB_KeyhandlingSTTL-116711] Exiting Click function
2016-01-28 01:42:18,814 DEBUG [EBPB_KeyhandlingSTTL-116711] runtest_top_xpath Button clicked Successfully
2016-01-28 01:42:18,814 DEBUG [EBPB_KeyhandlingSTTL-116711] TestStepResult of ClickRunTest: pass
2016-01-28 01:42:18,814 DEBUG [EBPB_KeyhandlingSTTL-116711] In execute keyword function
2016-01-28 01:42:18,815 DEBUG [EBPB_KeyhandlingSTTL-116711] Executing validate_Text_Exists function:
2016-01-28 01:42:19,084 DEBUG [EBPB_KeyhandlingSTTL-116711] VT056-0724 Testcase Text found
2016-01-28 01:42:19,084 DEBUG [EBPB_KeyhandlingSTTL-116711] Result of validate_Text_Exists: Pass
2016-01-28 01:42:19,084 DEBUG [EBPB_KeyhandlingSTTL-116711] In execute keyword function
2016-01-28 01:42:19,084 DEBUG [EBPB_KeyhandlingSTTL-116711] Executing textBoxClick function:
2016-01-28 01:42:20,519 DEBUG [EBPB_KeyhandlingSTTL-116711] keytxtInput_idtext box clicked successfully
2016-01-28 01:42:20,519 DEBUG [EBPB_KeyhandlingSTTL-116711] TestStepResult of textBoxClick: pass
2016-01-28 01:42:20,519 DEBUG [EBPB_KeyhandlingSTTL-116711] In execute keyword function
2016-01-28 01:42:20,519 DEBUG [EBPB_KeyhandlingSTTL-116711] Executing wait function:
2016-01-28 01:42:20,519 DEBUG [EBPB_KeyhandlingSTTL-116711] Started Executing wait function
2016-01-28 01:42:22,519 DEBUG [EBPB_KeyhandlingSTTL-116711] Exiting from wait function
2016-01-28 01:42:22,519 DEBUG [EBPB_KeyhandlingSTTL-116711] TestStepResult of wait: Pass
2016-01-28 01:42:22,519 DEBUG [EBPB_KeyhandlingSTTL-116711] In execute keyword function
2016-01-28 01:42:22,519 DEBUG [EBPB_KeyhandlingSTTL-116711] Executing sendKeyEvents function:
2016-01-28 01:42:22,519 DEBUG [EBPB_KeyhandlingSTTL-116711] Entered sendKeyEvents function
2016-01-28 01:42:22,519 DEBUG [EBPB_KeyhandlingSTTL-116711] 2
2016-01-28 01:42:22,519 DEBUG [EBPB_KeyhandlingSTTL-116711] Entered 2
2016-01-28 01:42:22,519 DEBUG [EBPB_KeyhandlingSTTL-116711] Started executeCommandLine function
2016-01-28 01:42:26,538 DEBUG [EBPB_KeyhandlingSTTL-116711] Exiting from executeCommandLine function
2016-01-28 01:42:26,538 DEBUG [EBPB_KeyhandlingSTTL-116711] pass
2016-01-28 01:42:26,538 DEBUG [EBPB_KeyhandlingSTTL-116711] TestStepResult of sendKeyEvents: pass
2016-01-28 01:42:26,538 DEBUG [EBPB_KeyhandlingSTTL-116711] In execute keyword function
2016-01-28 01:42:26,538 DEBUG [EBPB_KeyhandlingSTTL-116711] Executing validate_textBoxData function:
2016-01-28 01:42:26,538 DEBUG [EBPB_KeyhandlingSTTL-116711] Executing getAttribute function
2016-01-28 01:42:26,733 DEBUG [EBPB_KeyhandlingSTTL-116711] 2
2016-01-28 01:42:26,733 DEBUG [EBPB_KeyhandlingSTTL-116711] 2 value matches with Expected 2 value
2016-01-28 01:42:26,733 DEBUG [EBPB_KeyhandlingSTTL-116711] Result of validate_textBoxData: Pass
2016-01-28 01:42:26,733 DEBUG [EBPB_KeyhandlingSTTL-116711] In execute keyword function
2016-01-28 01:42:26,733 DEBUG [EBPB_KeyhandlingSTTL-116711] Executing validate_keyCaptured function:
2016-01-28 01:42:26,733 DEBUG [EBPB_KeyhandlingSTTL-116711] Entered validate_keyCaptured function
2016-01-28 01:42:26,957 DEBUG [EBPB_KeyhandlingSTTL-116711] 9
2016-01-28 01:42:26,957 DEBUG [EBPB_KeyhandlingSTTL-116711] Actual Value matches Expected
2016-01-28 01:42:26,957 DEBUG [EBPB_KeyhandlingSTTL-116711] pass
2016-01-28 01:42:26,957 DEBUG [EBPB_KeyhandlingSTTL-116711] Exiting from validate_keyCaptured function
2016-01-28 01:42:26,957 DEBUG [EBPB_KeyhandlingSTTL-116711] Result of validate_keyCaptured: pass
2016-01-28 01:42:26,957 DEBUG [EBPB_KeyhandlingSTTL-116711] In execute keyword function
2016-01-28 01:42:26,957 DEBUG [EBPB_KeyhandlingSTTL-116711] Executing SwitchApp function:
2016-01-28 01:42:27,007 DEBUG [EBPB_KeyhandlingSTTL-116711] Successfully switched to NATIVE_APP
2016-01-28 01:42:27,008 DEBUG [EBPB_KeyhandlingSTTL-116711] TestStepResult of SwitchApp: Pass
2016-01-28 01:42:27,008 DEBUG [EBPB_KeyhandlingSTTL-116711] In execute keyword function
2016-01-28 01:42:27,008 DEBUG [EBPB_KeyhandlingSTTL-116711] Executing ClickNativeIcon function:
2016-01-28 01:42:27,862 DEBUG [EBPB_KeyhandlingSTTL-116711] [[AppiumTouchActionExtension: selendroid on ANDROID (36d58382-4bcc-3418-dc94-448f99bcc7ae)] -> xpath: (//Button[@id='reload_button'])[1]]Clicked successfully
2016-01-28 01:42:27,862 DEBUG [EBPB_KeyhandlingSTTL-116711] TestStepResult of ClickNativeIcon: pass
2016-01-28 01:42:27,862 DEBUG [EBPB_KeyhandlingSTTL-116711] In execute keyword function
2016-01-28 01:42:27,862 DEBUG [EBPB_KeyhandlingSTTL-116711] Executing wait function:
2016-01-28 01:42:27,862 DEBUG [EBPB_KeyhandlingSTTL-116711] Started Executing wait function
2016-01-28 01:42:37,861 DEBUG [EBPB_KeyhandlingSTTL-116711] Exiting from wait function
2016-01-28 01:42:37,861 DEBUG [EBPB_KeyhandlingSTTL-116711] TestStepResult of wait: Pass
2016-01-28 01:42:37,861 DEBUG [EBPB_KeyhandlingSTTL-116711] In execute keyword function
2016-01-28 01:42:37,861 DEBUG [EBPB_KeyhandlingSTTL-116711] Executing SwitchApp function:
2016-01-28 01:42:37,988 DEBUG [EBPB_KeyhandlingSTTL-116711] Successfully switched to WEBVIEW
2016-01-28 01:42:37,988 DEBUG [EBPB_KeyhandlingSTTL-116711] TestStepResult of SwitchApp: Pass
2016-01-28 01:42:37,988 DEBUG [EBPB_KeyhandlingSTTL-116711] In execute keyword function
2016-01-28 01:42:37,988 DEBUG [EBPB_KeyhandlingSTTL-116711] Executing SelectTestToRun function:
2016-01-28 01:42:44,089 DEBUG [EBPB_KeyhandlingSTTL-116711] Successfull in selecting clicking the category
2016-01-28 01:42:44,089 DEBUG [EBPB_KeyhandlingSTTL-116711] TestStepResult of SelectTestToRun: pass
2016-01-28 01:42:44,089 DEBUG [EBPB_KeyhandlingSTTL-116711] In execute keyword function
2016-01-28 01:42:44,089 DEBUG [EBPB_KeyhandlingSTTL-116711] Executing ClickRunTest function:
2016-01-28 01:42:44,381 DEBUG [EBPB_KeyhandlingSTTL-116711] Executing Click function
2016-01-28 01:42:45,406 DEBUG [EBPB_KeyhandlingSTTL-116711] Exiting Click function
2016-01-28 01:42:45,407 DEBUG [EBPB_KeyhandlingSTTL-116711] runtest_top_xpath Button clicked Successfully
2016-01-28 01:42:45,407 DEBUG [EBPB_KeyhandlingSTTL-116711] TestStepResult of ClickRunTest: pass
2016-01-28 01:42:45,407 DEBUG [EBPB_KeyhandlingSTTL-116711] In execute keyword function
2016-01-28 01:42:45,407 DEBUG [EBPB_KeyhandlingSTTL-116711] Executing validate_Text_Exists function:
2016-01-28 01:42:45,635 DEBUG [EBPB_KeyhandlingSTTL-116711] VT056-0724 Testcase Text found
2016-01-28 01:42:45,635 DEBUG [EBPB_KeyhandlingSTTL-116711] Result of validate_Text_Exists: Pass
2016-01-28 01:42:45,635 DEBUG [EBPB_KeyhandlingSTTL-116711] In execute keyword function
2016-01-28 01:42:45,635 DEBUG [EBPB_KeyhandlingSTTL-116711] Executing textBoxClick function:
2016-01-28 01:42:47,099 DEBUG [EBPB_KeyhandlingSTTL-116711] keytxtInput_idtext box clicked successfully
2016-01-28 01:42:47,099 DEBUG [EBPB_KeyhandlingSTTL-116711] TestStepResult of textBoxClick: pass
2016-01-28 01:42:47,099 DEBUG [EBPB_KeyhandlingSTTL-116711] In execute keyword function
2016-01-28 01:42:47,099 DEBUG [EBPB_KeyhandlingSTTL-116711] Executing wait function:
2016-01-28 01:42:47,099 DEBUG [EBPB_KeyhandlingSTTL-116711] Started Executing wait function
2016-01-28 01:42:49,099 DEBUG [EBPB_KeyhandlingSTTL-116711] Exiting from wait function
2016-01-28 01:42:49,099 DEBUG [EBPB_KeyhandlingSTTL-116711] TestStepResult of wait: Pass
2016-01-28 01:42:49,099 DEBUG [EBPB_KeyhandlingSTTL-116711] In execute keyword function
2016-01-28 01:42:49,099 DEBUG [EBPB_KeyhandlingSTTL-116711] Executing sendKeyEvents function:
2016-01-28 01:42:49,099 DEBUG [EBPB_KeyhandlingSTTL-116711] Entered sendKeyEvents function
2016-01-28 01:42:49,099 DEBUG [EBPB_KeyhandlingSTTL-116711] 9
2016-01-28 01:42:49,099 DEBUG [EBPB_KeyhandlingSTTL-116711] Entered 9
2016-01-28 01:42:49,099 DEBUG [EBPB_KeyhandlingSTTL-116711] Started executeCommandLine function
2016-01-28 01:42:53,119 DEBUG [EBPB_KeyhandlingSTTL-116711] Exiting from executeCommandLine function
2016-01-28 01:42:53,119 DEBUG [EBPB_KeyhandlingSTTL-116711] pass
2016-01-28 01:42:53,119 DEBUG [EBPB_KeyhandlingSTTL-116711] TestStepResult of sendKeyEvents: pass
2016-01-28 01:42:53,119 DEBUG [EBPB_KeyhandlingSTTL-116711] In execute keyword function
2016-01-28 01:42:53,119 DEBUG [EBPB_KeyhandlingSTTL-116711] Executing validate_textBoxData function:
2016-01-28 01:42:53,119 DEBUG [EBPB_KeyhandlingSTTL-116711] Executing getAttribute function
2016-01-28 01:42:53,288 DEBUG [EBPB_KeyhandlingSTTL-116711] 
2016-01-28 01:42:53,288 DEBUG [EBPB_KeyhandlingSTTL-116711]  value matches with Expected null value
2016-01-28 01:42:53,288 DEBUG [EBPB_KeyhandlingSTTL-116711] Result of validate_textBoxData: Pass
2016-01-28 01:42:53,288 DEBUG [EBPB_KeyhandlingSTTL-116711] In execute keyword function
2016-01-28 01:42:53,289 DEBUG [EBPB_KeyhandlingSTTL-116711] Executing validate_keyCaptured function:
2016-01-28 01:42:53,289 DEBUG [EBPB_KeyhandlingSTTL-116711] Entered validate_keyCaptured function
2016-01-28 01:42:53,486 DEBUG [EBPB_KeyhandlingSTTL-116711] 16
2016-01-28 01:42:53,486 DEBUG [EBPB_KeyhandlingSTTL-116711] Actual Value matches Expected
2016-01-28 01:42:53,486 DEBUG [EBPB_KeyhandlingSTTL-116711] pass
2016-01-28 01:42:53,486 DEBUG [EBPB_KeyhandlingSTTL-116711] Exiting from validate_keyCaptured function
2016-01-28 01:42:53,486 DEBUG [EBPB_KeyhandlingSTTL-116711] Result of validate_keyCaptured: pass
2016-01-28 01:42:53,486 DEBUG [EBPB_KeyhandlingSTTL-116711] In execute keyword function
2016-01-28 01:42:53,486 DEBUG [EBPB_KeyhandlingSTTL-116711] Executing SwitchApp function:
2016-01-28 01:42:53,538 DEBUG [EBPB_KeyhandlingSTTL-116711] Successfully switched to NATIVE_APP
2016-01-28 01:42:53,538 DEBUG [EBPB_KeyhandlingSTTL-116711] TestStepResult of SwitchApp: Pass
2016-01-28 01:42:53,538 DEBUG [EBPB_KeyhandlingSTTL-116711] In execute keyword function
2016-01-28 01:42:53,538 DEBUG [EBPB_KeyhandlingSTTL-116711] Executing ClickNativeIcon function:
2016-01-28 01:42:54,411 DEBUG [EBPB_KeyhandlingSTTL-116711] [[AppiumTouchActionExtension: selendroid on ANDROID (36d58382-4bcc-3418-dc94-448f99bcc7ae)] -> xpath: (//Button[@id='reload_button'])[1]]Clicked successfully
2016-01-28 01:42:54,411 DEBUG [EBPB_KeyhandlingSTTL-116711] TestStepResult of ClickNativeIcon: pass
2016-01-28 01:42:54,411 DEBUG [EBPB_KeyhandlingSTTL-116711] In execute keyword function
2016-01-28 01:42:54,411 DEBUG [EBPB_KeyhandlingSTTL-116711] Executing wait function:
2016-01-28 01:42:54,411 DEBUG [EBPB_KeyhandlingSTTL-116711] Started Executing wait function
2016-01-28 01:43:04,410 DEBUG [EBPB_KeyhandlingSTTL-116711] Exiting from wait function
2016-01-28 01:43:04,410 DEBUG [EBPB_KeyhandlingSTTL-116711] TestStepResult of wait: Pass
2016-01-28 01:43:04,410 DEBUG [EBPB_KeyhandlingSTTL-116711] In execute keyword function
2016-01-28 01:43:04,410 DEBUG [EBPB_KeyhandlingSTTL-116711] Executing SwitchApp function:
2016-01-28 01:43:04,529 DEBUG [EBPB_KeyhandlingSTTL-116711] Successfully switched to WEBVIEW
2016-01-28 01:43:04,529 DEBUG [EBPB_KeyhandlingSTTL-116711] TestStepResult of SwitchApp: Pass
2016-01-28 01:43:04,529 DEBUG [EBPB_KeyhandlingSTTL-116711] In execute keyword function
2016-01-28 01:43:04,529 DEBUG [EBPB_KeyhandlingSTTL-116711] Executing SelectTestToRun function:
2016-01-28 01:43:10,362 DEBUG [EBPB_KeyhandlingSTTL-116711] Successfull in selecting clicking the category
2016-01-28 01:43:10,362 DEBUG [EBPB_KeyhandlingSTTL-116711] TestStepResult of SelectTestToRun: pass
2016-01-28 01:43:10,362 DEBUG [EBPB_KeyhandlingSTTL-116711] In execute keyword function
2016-01-28 01:43:10,362 DEBUG [EBPB_KeyhandlingSTTL-116711] Executing ClickRunTest function:
2016-01-28 01:43:10,711 DEBUG [EBPB_KeyhandlingSTTL-116711] Executing Click function
2016-01-28 01:43:11,722 DEBUG [EBPB_KeyhandlingSTTL-116711] Exiting Click function
2016-01-28 01:43:11,722 DEBUG [EBPB_KeyhandlingSTTL-116711] runtest_top_xpath Button clicked Successfully
2016-01-28 01:43:11,722 DEBUG [EBPB_KeyhandlingSTTL-116711] TestStepResult of ClickRunTest: pass
2016-01-28 01:43:11,723 DEBUG [EBPB_KeyhandlingSTTL-116711] In execute keyword function
2016-01-28 01:43:11,723 DEBUG [EBPB_KeyhandlingSTTL-116711] Executing validate_Text_Exists function:
2016-01-28 01:43:11,987 DEBUG [EBPB_KeyhandlingSTTL-116711] VT056-0724 Testcase Text found
2016-01-28 01:43:11,988 DEBUG [EBPB_KeyhandlingSTTL-116711] Result of validate_Text_Exists: Pass
2016-01-28 01:43:11,988 DEBUG [EBPB_KeyhandlingSTTL-116711] In execute keyword function
2016-01-28 01:43:11,988 DEBUG [EBPB_KeyhandlingSTTL-116711] Executing textBoxClick function:
2016-01-28 01:43:13,367 DEBUG [EBPB_KeyhandlingSTTL-116711] keytxtInput_idtext box clicked successfully
2016-01-28 01:43:13,367 DEBUG [EBPB_KeyhandlingSTTL-116711] TestStepResult of textBoxClick: pass
2016-01-28 01:43:13,367 DEBUG [EBPB_KeyhandlingSTTL-116711] In execute keyword function
2016-01-28 01:43:13,367 DEBUG [EBPB_KeyhandlingSTTL-116711] Executing wait function:
2016-01-28 01:43:13,368 DEBUG [EBPB_KeyhandlingSTTL-116711] Started Executing wait function
2016-01-28 01:43:15,368 DEBUG [EBPB_KeyhandlingSTTL-116711] Exiting from wait function
2016-01-28 01:43:15,368 DEBUG [EBPB_KeyhandlingSTTL-116711] TestStepResult of wait: Pass
2016-01-28 01:43:15,368 DEBUG [EBPB_KeyhandlingSTTL-116711] In execute keyword function
2016-01-28 01:43:15,368 DEBUG [EBPB_KeyhandlingSTTL-116711] Executing sendKeyEvents function:
2016-01-28 01:43:15,368 DEBUG [EBPB_KeyhandlingSTTL-116711] Entered sendKeyEvents function
2016-01-28 01:43:15,368 DEBUG [EBPB_KeyhandlingSTTL-116711] x
2016-01-28 01:43:15,368 DEBUG [EBPB_KeyhandlingSTTL-116711] Entered x
2016-01-28 01:43:15,368 DEBUG [EBPB_KeyhandlingSTTL-116711] Started executeCommandLine function
2016-01-28 01:43:19,388 DEBUG [EBPB_KeyhandlingSTTL-116711] Exiting from executeCommandLine function
2016-01-28 01:43:19,388 DEBUG [EBPB_KeyhandlingSTTL-116711] pass
2016-01-28 01:43:19,388 DEBUG [EBPB_KeyhandlingSTTL-116711] TestStepResult of sendKeyEvents: pass
2016-01-28 01:43:19,388 DEBUG [EBPB_KeyhandlingSTTL-116711] In execute keyword function
2016-01-28 01:43:19,388 DEBUG [EBPB_KeyhandlingSTTL-116711] Executing validate_textBoxData function:
2016-01-28 01:43:19,388 DEBUG [EBPB_KeyhandlingSTTL-116711] Executing getAttribute function
2016-01-28 01:43:19,575 DEBUG [EBPB_KeyhandlingSTTL-116711] 
2016-01-28 01:43:19,575 DEBUG [EBPB_KeyhandlingSTTL-116711]  value matches with Expected null value
2016-01-28 01:43:19,575 DEBUG [EBPB_KeyhandlingSTTL-116711] Result of validate_textBoxData: Pass
2016-01-28 01:43:19,575 DEBUG [EBPB_KeyhandlingSTTL-116711] In execute keyword function
2016-01-28 01:43:19,575 DEBUG [EBPB_KeyhandlingSTTL-116711] Executing validate_keyCaptured function:
2016-01-28 01:43:19,575 DEBUG [EBPB_KeyhandlingSTTL-116711] Entered validate_keyCaptured function
2016-01-28 01:43:19,815 DEBUG [EBPB_KeyhandlingSTTL-116711] 52
2016-01-28 01:43:19,815 DEBUG [EBPB_KeyhandlingSTTL-116711] Actual Value matches Expected
2016-01-28 01:43:19,815 DEBUG [EBPB_KeyhandlingSTTL-116711] pass
2016-01-28 01:43:19,815 DEBUG [EBPB_KeyhandlingSTTL-116711] Exiting from validate_keyCaptured function
2016-01-28 01:43:19,816 DEBUG [EBPB_KeyhandlingSTTL-116711] Result of validate_keyCaptured: pass
2016-01-28 01:43:19,816 DEBUG [EBPB_KeyhandlingSTTL-116711] In execute keyword function
2016-01-28 01:43:19,816 DEBUG [EBPB_KeyhandlingSTTL-116711] Executing SwitchApp function:
2016-01-28 01:43:19,881 DEBUG [EBPB_KeyhandlingSTTL-116711] Successfully switched to NATIVE_APP
2016-01-28 01:43:19,881 DEBUG [EBPB_KeyhandlingSTTL-116711] TestStepResult of SwitchApp: Pass
2016-01-28 01:43:19,881 DEBUG [EBPB_KeyhandlingSTTL-116711] In execute keyword function
2016-01-28 01:43:19,881 DEBUG [EBPB_KeyhandlingSTTL-116711] Executing ClickNativeIcon function:
2016-01-28 01:43:20,733 DEBUG [EBPB_KeyhandlingSTTL-116711] [[AppiumTouchActionExtension: selendroid on ANDROID (36d58382-4bcc-3418-dc94-448f99bcc7ae)] -> xpath: (//Button[@id='reload_button'])[1]]Clicked successfully
2016-01-28 01:43:20,733 DEBUG [EBPB_KeyhandlingSTTL-116711] TestStepResult of ClickNativeIcon: pass
2016-01-28 01:43:20,733 DEBUG [EBPB_KeyhandlingSTTL-116711] In execute keyword function
2016-01-28 01:43:20,733 DEBUG [EBPB_KeyhandlingSTTL-116711] Executing wait function:
2016-01-28 01:43:20,733 DEBUG [EBPB_KeyhandlingSTTL-116711] Started Executing wait function
2016-01-28 01:43:30,732 DEBUG [EBPB_KeyhandlingSTTL-116711] Exiting from wait function
2016-01-28 01:43:30,732 DEBUG [EBPB_KeyhandlingSTTL-116711] TestStepResult of wait: Pass
2016-01-28 01:43:30,732 DEBUG [EBPB_KeyhandlingSTTL-116711] In execute keyword function
2016-01-28 01:43:30,732 DEBUG [EBPB_KeyhandlingSTTL-116711] Executing SwitchApp function:
2016-01-28 01:43:30,828 DEBUG [EBPB_KeyhandlingSTTL-116711] Successfully switched to WEBVIEW
2016-01-28 01:43:30,828 DEBUG [EBPB_KeyhandlingSTTL-116711] TestStepResult of SwitchApp: Pass
2016-01-28 01:43:30,829 DEBUG [EBPB_KeyhandlingSTTL-116711] In execute keyword function
2016-01-28 01:43:30,829 DEBUG [EBPB_KeyhandlingSTTL-116711] Executing SelectTestToRun function:
2016-01-28 01:43:36,876 DEBUG [EBPB_KeyhandlingSTTL-116711] Successfull in selecting clicking the category
2016-01-28 01:43:36,876 DEBUG [EBPB_KeyhandlingSTTL-116711] TestStepResult of SelectTestToRun: pass
2016-01-28 01:43:36,876 DEBUG [EBPB_KeyhandlingSTTL-116711] In execute keyword function
2016-01-28 01:43:36,876 DEBUG [EBPB_KeyhandlingSTTL-116711] Executing ClickRunTest function:
2016-01-28 01:43:37,223 DEBUG [EBPB_KeyhandlingSTTL-116711] Executing Click function
2016-01-28 01:43:38,230 DEBUG [EBPB_KeyhandlingSTTL-116711] Exiting Click function
2016-01-28 01:43:38,230 DEBUG [EBPB_KeyhandlingSTTL-116711] runtest_top_xpath Button clicked Successfully
2016-01-28 01:43:38,230 DEBUG [EBPB_KeyhandlingSTTL-116711] TestStepResult of ClickRunTest: pass
2016-01-28 01:43:38,230 DEBUG [EBPB_KeyhandlingSTTL-116711] In execute keyword function
2016-01-28 01:43:38,230 DEBUG [EBPB_KeyhandlingSTTL-116711] Executing validate_Text_Exists function:
2016-01-28 01:43:38,483 DEBUG [EBPB_KeyhandlingSTTL-116711] VT056-0724 Testcase Text found
2016-01-28 01:43:38,483 DEBUG [EBPB_KeyhandlingSTTL-116711] Result of validate_Text_Exists: Pass
2016-01-28 01:43:38,483 DEBUG [EBPB_KeyhandlingSTTL-116711] In execute keyword function
2016-01-28 01:43:38,483 DEBUG [EBPB_KeyhandlingSTTL-116711] Executing textBoxClick function:
2016-01-28 01:43:39,934 DEBUG [EBPB_KeyhandlingSTTL-116711] keytxtInput_idtext box clicked successfully
2016-01-28 01:43:39,935 DEBUG [EBPB_KeyhandlingSTTL-116711] TestStepResult of textBoxClick: pass
2016-01-28 01:43:39,935 DEBUG [EBPB_KeyhandlingSTTL-116711] In execute keyword function
2016-01-28 01:43:39,935 DEBUG [EBPB_KeyhandlingSTTL-116711] Executing wait function:
2016-01-28 01:43:39,935 DEBUG [EBPB_KeyhandlingSTTL-116711] Started Executing wait function
2016-01-28 01:43:41,935 DEBUG [EBPB_KeyhandlingSTTL-116711] Exiting from wait function
2016-01-28 01:43:41,935 DEBUG [EBPB_KeyhandlingSTTL-116711] TestStepResult of wait: Pass
2016-01-28 01:43:41,935 DEBUG [EBPB_KeyhandlingSTTL-116711] In execute keyword function
2016-01-28 01:43:41,935 DEBUG [EBPB_KeyhandlingSTTL-116711] Executing sendKeyEvents function:
2016-01-28 01:43:41,935 DEBUG [EBPB_KeyhandlingSTTL-116711] Entered sendKeyEvents function
2016-01-28 01:43:41,935 DEBUG [EBPB_KeyhandlingSTTL-116711] z
2016-01-28 01:43:41,935 DEBUG [EBPB_KeyhandlingSTTL-116711] Entered z
2016-01-28 01:43:41,935 DEBUG [EBPB_KeyhandlingSTTL-116711] Started executeCommandLine function
2016-01-28 01:43:45,955 DEBUG [EBPB_KeyhandlingSTTL-116711] Exiting from executeCommandLine function
2016-01-28 01:43:45,955 DEBUG [EBPB_KeyhandlingSTTL-116711] pass
2016-01-28 01:43:45,955 DEBUG [EBPB_KeyhandlingSTTL-116711] TestStepResult of sendKeyEvents: pass
2016-01-28 01:43:45,955 DEBUG [EBPB_KeyhandlingSTTL-116711] In execute keyword function
2016-01-28 01:43:45,955 DEBUG [EBPB_KeyhandlingSTTL-116711] Executing validate_textBoxData function:
2016-01-28 01:43:45,955 DEBUG [EBPB_KeyhandlingSTTL-116711] Executing getAttribute function
2016-01-28 01:43:46,169 DEBUG [EBPB_KeyhandlingSTTL-116711] 
2016-01-28 01:43:46,169 DEBUG [EBPB_KeyhandlingSTTL-116711]  value matches with Expected null value
2016-01-28 01:43:46,169 DEBUG [EBPB_KeyhandlingSTTL-116711] Result of validate_textBoxData: Pass
2016-01-28 01:43:46,169 DEBUG [EBPB_KeyhandlingSTTL-116711] In execute keyword function
2016-01-28 01:43:46,169 DEBUG [EBPB_KeyhandlingSTTL-116711] Executing validate_keyCaptured function:
2016-01-28 01:43:46,169 DEBUG [EBPB_KeyhandlingSTTL-116711] Entered validate_keyCaptured function
2016-01-28 01:43:46,395 DEBUG [EBPB_KeyhandlingSTTL-116711] 54
2016-01-28 01:43:46,395 DEBUG [EBPB_KeyhandlingSTTL-116711] Actual Value matches Expected
2016-01-28 01:43:46,395 DEBUG [EBPB_KeyhandlingSTTL-116711] pass
2016-01-28 01:43:46,395 DEBUG [EBPB_KeyhandlingSTTL-116711] Exiting from validate_keyCaptured function
2016-01-28 01:43:46,395 DEBUG [EBPB_KeyhandlingSTTL-116711] Result of validate_keyCaptured: pass
2016-01-28 01:43:46,395 DEBUG [EBPB_KeyhandlingSTTL-116711] In execute keyword function
2016-01-28 01:43:46,395 DEBUG [EBPB_KeyhandlingSTTL-116711] Executing SwitchApp function:
2016-01-28 01:43:46,442 DEBUG [EBPB_KeyhandlingSTTL-116711] Successfully switched to NATIVE_APP
2016-01-28 01:43:46,442 DEBUG [EBPB_KeyhandlingSTTL-116711] TestStepResult of SwitchApp: Pass
2016-01-28 01:43:46,442 DEBUG [EBPB_KeyhandlingSTTL-116711] In execute keyword function
2016-01-28 01:43:46,442 DEBUG [EBPB_KeyhandlingSTTL-116711] Executing ClickNativeIcon function:
2016-01-28 01:43:47,276 DEBUG [EBPB_KeyhandlingSTTL-116711] [[AppiumTouchActionExtension: selendroid on ANDROID (36d58382-4bcc-3418-dc94-448f99bcc7ae)] -> xpath: (//Button[@id='reload_button'])[1]]Clicked successfully
2016-01-28 01:43:47,276 DEBUG [EBPB_KeyhandlingSTTL-116711] TestStepResult of ClickNativeIcon: pass
2016-01-28 01:43:47,276 DEBUG [EBPB_KeyhandlingSTTL-116711] In execute keyword function
2016-01-28 01:43:47,276 DEBUG [EBPB_KeyhandlingSTTL-116711] Executing wait function:
2016-01-28 01:43:47,276 DEBUG [EBPB_KeyhandlingSTTL-116711] Started Executing wait function
2016-01-28 01:43:57,275 DEBUG [EBPB_KeyhandlingSTTL-116711] Exiting from wait function
2016-01-28 01:43:57,275 DEBUG [EBPB_KeyhandlingSTTL-116711] TestStepResult of wait: Pass
2016-01-28 01:43:57,275 DEBUG [EBPB_KeyhandlingSTTL-116711] In execute keyword function
2016-01-28 01:43:57,275 DEBUG [EBPB_KeyhandlingSTTL-116711] Executing SwitchApp function:
2016-01-28 01:43:57,374 DEBUG [EBPB_KeyhandlingSTTL-116711] Successfully switched to WEBVIEW
2016-01-28 01:43:57,374 DEBUG [EBPB_KeyhandlingSTTL-116711] TestStepResult of SwitchApp: Pass
2016-01-28 01:43:57,374 DEBUG [EBPB_KeyhandlingSTTL-116711] In execute keyword function
2016-01-28 01:43:57,374 DEBUG [EBPB_KeyhandlingSTTL-116711] Executing SelectTestToRun function:
2016-01-28 01:44:03,550 DEBUG [EBPB_KeyhandlingSTTL-116711] Successfull in selecting clicking the category
2016-01-28 01:44:03,550 DEBUG [EBPB_KeyhandlingSTTL-116711] TestStepResult of SelectTestToRun: pass
2016-01-28 01:44:03,550 DEBUG [EBPB_KeyhandlingSTTL-116711] In execute keyword function
2016-01-28 01:44:03,550 DEBUG [EBPB_KeyhandlingSTTL-116711] Executing ClickRunTest function:
2016-01-28 01:44:03,855 DEBUG [EBPB_KeyhandlingSTTL-116711] Executing Click function
2016-01-28 01:44:04,875 DEBUG [EBPB_KeyhandlingSTTL-116711] Exiting Click function
2016-01-28 01:44:04,875 DEBUG [EBPB_KeyhandlingSTTL-116711] runtest_top_xpath Button clicked Successfully
2016-01-28 01:44:04,875 DEBUG [EBPB_KeyhandlingSTTL-116711] TestStepResult of ClickRunTest: pass
2016-01-28 01:44:04,875 DEBUG [EBPB_KeyhandlingSTTL-116711] In execute keyword function
2016-01-28 01:44:04,875 DEBUG [EBPB_KeyhandlingSTTL-116711] Executing validate_Text_Exists function:
2016-01-28 01:44:05,109 DEBUG [EBPB_KeyhandlingSTTL-116711] VT056-0724 Testcase Text found
2016-01-28 01:44:05,109 DEBUG [EBPB_KeyhandlingSTTL-116711] Result of validate_Text_Exists: Pass
2016-01-28 01:44:05,109 DEBUG [EBPB_KeyhandlingSTTL-116711] In execute keyword function
2016-01-28 01:44:05,109 DEBUG [EBPB_KeyhandlingSTTL-116711] Executing textBoxClick function:
2016-01-28 01:44:06,467 DEBUG [EBPB_KeyhandlingSTTL-116711] keytxtInput_idtext box clicked successfully
2016-01-28 01:44:06,467 DEBUG [EBPB_KeyhandlingSTTL-116711] TestStepResult of textBoxClick: pass
2016-01-28 01:44:06,467 DEBUG [EBPB_KeyhandlingSTTL-116711] In execute keyword function
2016-01-28 01:44:06,467 DEBUG [EBPB_KeyhandlingSTTL-116711] Executing wait function:
2016-01-28 01:44:06,468 DEBUG [EBPB_KeyhandlingSTTL-116711] Started Executing wait function
2016-01-28 01:44:08,468 DEBUG [EBPB_KeyhandlingSTTL-116711] Exiting from wait function
2016-01-28 01:44:08,468 DEBUG [EBPB_KeyhandlingSTTL-116711] TestStepResult of wait: Pass
2016-01-28 01:44:08,468 DEBUG [EBPB_KeyhandlingSTTL-116711] In execute keyword function
2016-01-28 01:44:08,468 DEBUG [EBPB_KeyhandlingSTTL-116711] Executing sendKeyEvents function:
2016-01-28 01:44:08,468 DEBUG [EBPB_KeyhandlingSTTL-116711] Entered sendKeyEvents function
2016-01-28 01:44:08,468 DEBUG [EBPB_KeyhandlingSTTL-116711] Plus
2016-01-28 01:44:08,468 DEBUG [EBPB_KeyhandlingSTTL-116711] Entered Pluskey
2016-01-28 01:44:08,468 DEBUG [EBPB_KeyhandlingSTTL-116711] Started executeCommandLine function
2016-01-28 01:44:12,489 DEBUG [EBPB_KeyhandlingSTTL-116711] Exiting from executeCommandLine function
2016-01-28 01:44:12,489 DEBUG [EBPB_KeyhandlingSTTL-116711] pass
2016-01-28 01:44:12,489 DEBUG [EBPB_KeyhandlingSTTL-116711] TestStepResult of sendKeyEvents: pass
2016-01-28 01:44:12,489 DEBUG [EBPB_KeyhandlingSTTL-116711] In execute keyword function
2016-01-28 01:44:12,489 DEBUG [EBPB_KeyhandlingSTTL-116711] Executing validate_textBoxData function:
2016-01-28 01:44:12,489 DEBUG [EBPB_KeyhandlingSTTL-116711] Executing getAttribute function
2016-01-28 01:44:12,694 DEBUG [EBPB_KeyhandlingSTTL-116711] 
2016-01-28 01:44:12,694 DEBUG [EBPB_KeyhandlingSTTL-116711]  value matches with Expected null value
2016-01-28 01:44:12,694 DEBUG [EBPB_KeyhandlingSTTL-116711] Result of validate_textBoxData: Pass
2016-01-28 01:44:12,694 DEBUG [EBPB_KeyhandlingSTTL-116711] In execute keyword function
2016-01-28 01:44:12,694 DEBUG [EBPB_KeyhandlingSTTL-116711] Executing validate_keyCaptured function:
2016-01-28 01:44:12,694 DEBUG [EBPB_KeyhandlingSTTL-116711] Entered validate_keyCaptured function
2016-01-28 01:44:12,910 DEBUG [EBPB_KeyhandlingSTTL-116711] 157
2016-01-28 01:44:12,910 DEBUG [EBPB_KeyhandlingSTTL-116711] Actual Value matches Expected
2016-01-28 01:44:12,910 DEBUG [EBPB_KeyhandlingSTTL-116711] pass
2016-01-28 01:44:12,910 DEBUG [EBPB_KeyhandlingSTTL-116711] Exiting from validate_keyCaptured function
2016-01-28 01:44:12,910 DEBUG [EBPB_KeyhandlingSTTL-116711] Result of validate_keyCaptured: pass
2016-01-28 01:44:12,910 DEBUG [EBPB_KeyhandlingSTTL-116711] In execute keyword function
2016-01-28 01:44:12,910 DEBUG [EBPB_KeyhandlingSTTL-116711] Executing SwitchApp function:
2016-01-28 01:44:12,966 DEBUG [EBPB_KeyhandlingSTTL-116711] Successfully switched to NATIVE_APP
2016-01-28 01:44:12,966 DEBUG [EBPB_KeyhandlingSTTL-116711] TestStepResult of SwitchApp: Pass
2016-01-28 01:44:12,966 DEBUG [EBPB_KeyhandlingSTTL-116711] In execute keyword function
2016-01-28 01:44:12,966 DEBUG [EBPB_KeyhandlingSTTL-116711] Executing ClickNativeIcon function:
2016-01-28 01:44:13,798 DEBUG [EBPB_KeyhandlingSTTL-116711] [[AppiumTouchActionExtension: selendroid on ANDROID (36d58382-4bcc-3418-dc94-448f99bcc7ae)] -> xpath: (//Button[@id='reload_button'])[1]]Clicked successfully
2016-01-28 01:44:13,798 DEBUG [EBPB_KeyhandlingSTTL-116711] TestStepResult of ClickNativeIcon: pass
2016-01-28 01:44:13,798 DEBUG [EBPB_KeyhandlingSTTL-116711] In execute keyword function
2016-01-28 01:44:13,799 DEBUG [EBPB_KeyhandlingSTTL-116711] Executing wait function:
2016-01-28 01:44:13,799 DEBUG [EBPB_KeyhandlingSTTL-116711] Started Executing wait function
2016-01-28 01:44:23,798 DEBUG [EBPB_KeyhandlingSTTL-116711] Exiting from wait function
2016-01-28 01:44:23,798 DEBUG [EBPB_KeyhandlingSTTL-116711] TestStepResult of wait: Pass
2016-01-28 01:44:23,798 DEBUG [EBPB_KeyhandlingSTTL-116711] In execute keyword function
2016-01-28 01:44:23,798 DEBUG [EBPB_KeyhandlingSTTL-116711] Executing SwitchApp function:
2016-01-28 01:44:23,920 DEBUG [EBPB_KeyhandlingSTTL-116711] Successfully switched to WEBVIEW
2016-01-28 01:44:23,920 DEBUG [EBPB_KeyhandlingSTTL-116711] TestStepResult of SwitchApp: Pass
2016-01-28 01:44:23,921 DEBUG [EBPB_KeyhandlingSTTL-116711] In execute keyword function
2016-01-28 01:44:23,921 DEBUG [EBPB_KeyhandlingSTTL-116711] Executing SelectTestToRun function:
2016-01-28 01:44:30,149 DEBUG [EBPB_KeyhandlingSTTL-116711] Successfull in selecting clicking the category
2016-01-28 01:44:30,149 DEBUG [EBPB_KeyhandlingSTTL-116711] TestStepResult of SelectTestToRun: pass
2016-01-28 01:44:30,149 DEBUG [EBPB_KeyhandlingSTTL-116711] In execute keyword function
2016-01-28 01:44:30,149 DEBUG [EBPB_KeyhandlingSTTL-116711] Executing ClickRunTest function:
2016-01-28 01:44:30,464 DEBUG [EBPB_KeyhandlingSTTL-116711] Executing Click function
2016-01-28 01:44:31,495 DEBUG [EBPB_KeyhandlingSTTL-116711] Exiting Click function
2016-01-28 01:44:31,495 DEBUG [EBPB_KeyhandlingSTTL-116711] runtest_top_xpath Button clicked Successfully
2016-01-28 01:44:31,495 DEBUG [EBPB_KeyhandlingSTTL-116711] TestStepResult of ClickRunTest: pass
2016-01-28 01:44:31,495 DEBUG [EBPB_KeyhandlingSTTL-116711] In execute keyword function
2016-01-28 01:44:31,495 DEBUG [EBPB_KeyhandlingSTTL-116711] Executing validate_Text_Exists function:
2016-01-28 01:44:31,744 DEBUG [EBPB_KeyhandlingSTTL-116711] VT056-0724 Testcase Text found
2016-01-28 01:44:31,745 DEBUG [EBPB_KeyhandlingSTTL-116711] Result of validate_Text_Exists: Pass
2016-01-28 01:44:31,745 DEBUG [EBPB_KeyhandlingSTTL-116711] In execute keyword function
2016-01-28 01:44:31,745 DEBUG [EBPB_KeyhandlingSTTL-116711] Executing textBoxClick function:
2016-01-28 01:44:33,340 DEBUG [EBPB_KeyhandlingSTTL-116711] keytxtInput_idtext box clicked successfully
2016-01-28 01:44:33,340 DEBUG [EBPB_KeyhandlingSTTL-116711] TestStepResult of textBoxClick: pass
2016-01-28 01:44:33,340 DEBUG [EBPB_KeyhandlingSTTL-116711] In execute keyword function
2016-01-28 01:44:33,340 DEBUG [EBPB_KeyhandlingSTTL-116711] Executing wait function:
2016-01-28 01:44:33,340 DEBUG [EBPB_KeyhandlingSTTL-116711] Started Executing wait function
2016-01-28 01:44:35,340 DEBUG [EBPB_KeyhandlingSTTL-116711] Exiting from wait function
2016-01-28 01:44:35,340 DEBUG [EBPB_KeyhandlingSTTL-116711] TestStepResult of wait: Pass
2016-01-28 01:44:35,340 DEBUG [EBPB_KeyhandlingSTTL-116711] In execute keyword function
2016-01-28 01:44:35,340 DEBUG [EBPB_KeyhandlingSTTL-116711] Executing sendKeyEvents function:
2016-01-28 01:44:35,340 DEBUG [EBPB_KeyhandlingSTTL-116711] Entered sendKeyEvents function
2016-01-28 01:44:35,340 DEBUG [EBPB_KeyhandlingSTTL-116711] Divide
2016-01-28 01:44:35,340 DEBUG [EBPB_KeyhandlingSTTL-116711] Entered Dividekey
2016-01-28 01:44:35,340 DEBUG [EBPB_KeyhandlingSTTL-116711] Started executeCommandLine function
2016-01-28 01:44:39,360 DEBUG [EBPB_KeyhandlingSTTL-116711] Exiting from executeCommandLine function
2016-01-28 01:44:39,360 DEBUG [EBPB_KeyhandlingSTTL-116711] pass
2016-01-28 01:44:39,360 DEBUG [EBPB_KeyhandlingSTTL-116711] TestStepResult of sendKeyEvents: pass
2016-01-28 01:44:39,360 DEBUG [EBPB_KeyhandlingSTTL-116711] In execute keyword function
2016-01-28 01:44:39,360 DEBUG [EBPB_KeyhandlingSTTL-116711] Executing validate_textBoxData function:
2016-01-28 01:44:39,360 DEBUG [EBPB_KeyhandlingSTTL-116711] Executing getAttribute function
2016-01-28 01:44:39,553 DEBUG [EBPB_KeyhandlingSTTL-116711] 
2016-01-28 01:44:39,553 DEBUG [EBPB_KeyhandlingSTTL-116711]  value matches with Expected null value
2016-01-28 01:44:39,553 DEBUG [EBPB_KeyhandlingSTTL-116711] Result of validate_textBoxData: Pass
2016-01-28 01:44:39,553 DEBUG [EBPB_KeyhandlingSTTL-116711] In execute keyword function
2016-01-28 01:44:39,553 DEBUG [EBPB_KeyhandlingSTTL-116711] Executing validate_keyCaptured function:
2016-01-28 01:44:39,553 DEBUG [EBPB_KeyhandlingSTTL-116711] Entered validate_keyCaptured function
2016-01-28 01:44:39,902 DEBUG [EBPB_KeyhandlingSTTL-116711] 154
2016-01-28 01:44:39,902 DEBUG [EBPB_KeyhandlingSTTL-116711] Actual Value matches Expected
2016-01-28 01:44:39,902 DEBUG [EBPB_KeyhandlingSTTL-116711] pass
2016-01-28 01:44:39,902 DEBUG [EBPB_KeyhandlingSTTL-116711] Exiting from validate_keyCaptured function
2016-01-28 01:44:39,902 DEBUG [EBPB_KeyhandlingSTTL-116711] Result of validate_keyCaptured: pass
2016-01-28 01:44:39,902 DEBUG [EBPB_KeyhandlingSTTL-116711] In execute keyword function
2016-01-28 01:44:39,902 DEBUG [EBPB_KeyhandlingSTTL-116711] Executing SwitchApp function:
2016-01-28 01:44:39,952 DEBUG [EBPB_KeyhandlingSTTL-116711] Successfully switched to NATIVE_APP
2016-01-28 01:44:39,952 DEBUG [EBPB_KeyhandlingSTTL-116711] TestStepResult of SwitchApp: Pass
2016-01-28 01:44:39,952 DEBUG [EBPB_KeyhandlingSTTL-116711] In execute keyword function
2016-01-28 01:44:39,952 DEBUG [EBPB_KeyhandlingSTTL-116711] Executing ClickNativeIcon function:
2016-01-28 01:44:40,781 DEBUG [EBPB_KeyhandlingSTTL-116711] [[AppiumTouchActionExtension: selendroid on ANDROID (36d58382-4bcc-3418-dc94-448f99bcc7ae)] -> xpath: (//Button[@id='reload_button'])[1]]Clicked successfully
2016-01-28 01:44:40,781 DEBUG [EBPB_KeyhandlingSTTL-116711] TestStepResult of ClickNativeIcon: pass
2016-01-28 01:44:40,781 DEBUG [EBPB_KeyhandlingSTTL-116711] In execute keyword function
2016-01-28 01:44:40,781 DEBUG [EBPB_KeyhandlingSTTL-116711] Executing wait function:
2016-01-28 01:44:40,781 DEBUG [EBPB_KeyhandlingSTTL-116711] Started Executing wait function
2016-01-28 01:44:50,780 DEBUG [EBPB_KeyhandlingSTTL-116711] Exiting from wait function
2016-01-28 01:44:50,780 DEBUG [EBPB_KeyhandlingSTTL-116711] TestStepResult of wait: Pass
2016-01-28 01:44:50,780 DEBUG [EBPB_KeyhandlingSTTL-116711] In execute keyword function
2016-01-28 01:44:50,780 DEBUG [EBPB_KeyhandlingSTTL-116711] Executing SwitchApp function:
2016-01-28 01:44:50,885 DEBUG [EBPB_KeyhandlingSTTL-116711] Successfully switched to WEBVIEW
2016-01-28 01:44:50,885 DEBUG [EBPB_KeyhandlingSTTL-116711] TestStepResult of SwitchApp: Pass
2016-01-28 01:44:50,885 DEBUG [EBPB_KeyhandlingSTTL-116711] In execute keyword function
2016-01-28 01:44:50,885 DEBUG [EBPB_KeyhandlingSTTL-116711] Executing SelectTestToRun function:
2016-01-28 01:44:56,671 DEBUG [EBPB_KeyhandlingSTTL-116711] Successfull in selecting clicking the category
2016-01-28 01:44:56,671 DEBUG [EBPB_KeyhandlingSTTL-116711] TestStepResult of SelectTestToRun: pass
2016-01-28 01:44:56,671 DEBUG [EBPB_KeyhandlingSTTL-116711] In execute keyword function
2016-01-28 01:44:56,671 DEBUG [EBPB_KeyhandlingSTTL-116711] Executing ClickRunTest function:
2016-01-28 01:44:56,997 DEBUG [EBPB_KeyhandlingSTTL-116711] Executing Click function
2016-01-28 01:44:58,044 DEBUG [EBPB_KeyhandlingSTTL-116711] Exiting Click function
2016-01-28 01:44:58,044 DEBUG [EBPB_KeyhandlingSTTL-116711] runtest_top_xpath Button clicked Successfully
2016-01-28 01:44:58,044 DEBUG [EBPB_KeyhandlingSTTL-116711] TestStepResult of ClickRunTest: pass
2016-01-28 01:44:58,044 DEBUG [EBPB_KeyhandlingSTTL-116711] In execute keyword function
2016-01-28 01:44:58,044 DEBUG [EBPB_KeyhandlingSTTL-116711] Executing validate_Text_Exists function:
2016-01-28 01:44:58,304 DEBUG [EBPB_KeyhandlingSTTL-116711] VT056-0724 Testcase Text found
2016-01-28 01:44:58,304 DEBUG [EBPB_KeyhandlingSTTL-116711] Result of validate_Text_Exists: Pass
2016-01-28 01:44:58,304 DEBUG [EBPB_KeyhandlingSTTL-116711] In execute keyword function
2016-01-28 01:44:58,304 DEBUG [EBPB_KeyhandlingSTTL-116711] Executing textBoxClick function:
2016-01-28 01:44:59,695 DEBUG [EBPB_KeyhandlingSTTL-116711] keytxtInput_idtext box clicked successfully
2016-01-28 01:44:59,695 DEBUG [EBPB_KeyhandlingSTTL-116711] TestStepResult of textBoxClick: pass
2016-01-28 01:44:59,695 DEBUG [EBPB_KeyhandlingSTTL-116711] In execute keyword function
2016-01-28 01:44:59,695 DEBUG [EBPB_KeyhandlingSTTL-116711] Executing wait function:
2016-01-28 01:44:59,695 DEBUG [EBPB_KeyhandlingSTTL-116711] Started Executing wait function
2016-01-28 01:45:01,695 DEBUG [EBPB_KeyhandlingSTTL-116711] Exiting from wait function
2016-01-28 01:45:01,695 DEBUG [EBPB_KeyhandlingSTTL-116711] TestStepResult of wait: Pass
2016-01-28 01:45:01,695 DEBUG [EBPB_KeyhandlingSTTL-116711] In execute keyword function
2016-01-28 01:45:01,695 DEBUG [EBPB_KeyhandlingSTTL-116711] Executing sendKeyEvents function:
2016-01-28 01:45:01,695 DEBUG [EBPB_KeyhandlingSTTL-116711] Entered sendKeyEvents function
2016-01-28 01:45:01,695 DEBUG [EBPB_KeyhandlingSTTL-116711] Star
2016-01-28 01:45:01,695 DEBUG [EBPB_KeyhandlingSTTL-116711] Entered Starkey
2016-01-28 01:45:01,695 DEBUG [EBPB_KeyhandlingSTTL-116711] Started executeCommandLine function
2016-01-28 01:45:05,716 DEBUG [EBPB_KeyhandlingSTTL-116711] Exiting from executeCommandLine function
2016-01-28 01:45:05,716 DEBUG [EBPB_KeyhandlingSTTL-116711] pass
2016-01-28 01:45:05,716 DEBUG [EBPB_KeyhandlingSTTL-116711] TestStepResult of sendKeyEvents: pass
2016-01-28 01:45:05,716 DEBUG [EBPB_KeyhandlingSTTL-116711] In execute keyword function
2016-01-28 01:45:05,716 DEBUG [EBPB_KeyhandlingSTTL-116711] Executing validate_textBoxData function:
2016-01-28 01:45:05,716 DEBUG [EBPB_KeyhandlingSTTL-116711] Executing getAttribute function
2016-01-28 01:45:05,930 DEBUG [EBPB_KeyhandlingSTTL-116711] 
2016-01-28 01:45:05,930 DEBUG [EBPB_KeyhandlingSTTL-116711]  value matches with Expected null value
2016-01-28 01:45:05,930 DEBUG [EBPB_KeyhandlingSTTL-116711] Result of validate_textBoxData: Pass
2016-01-28 01:45:05,930 DEBUG [EBPB_KeyhandlingSTTL-116711] In execute keyword function
2016-01-28 01:45:05,930 DEBUG [EBPB_KeyhandlingSTTL-116711] Executing validate_keyCaptured function:
2016-01-28 01:45:05,930 DEBUG [EBPB_KeyhandlingSTTL-116711] Entered validate_keyCaptured function
2016-01-28 01:45:06,129 DEBUG [EBPB_KeyhandlingSTTL-116711] 17
2016-01-28 01:45:06,129 DEBUG [EBPB_KeyhandlingSTTL-116711] Actual Value matches Expected
2016-01-28 01:45:06,129 DEBUG [EBPB_KeyhandlingSTTL-116711] pass
2016-01-28 01:45:06,129 DEBUG [EBPB_KeyhandlingSTTL-116711] Exiting from validate_keyCaptured function
2016-01-28 01:45:06,129 DEBUG [EBPB_KeyhandlingSTTL-116711] Result of validate_keyCaptured: pass
2016-01-28 01:45:06,129 DEBUG [EBPB_KeyhandlingSTTL-116711] allstep_result contains: passPasspasspasspassPassPasspassPasspassPasspasspasspassPassPasspassPasspassPasspasspasspassPassPasspassPasspassPasspasspasspassPassPasspassPasspassPasspasspasspassPassPasspassPasspassPasspasspasspassPassPasspassPasspassPasspasspasspassPassPasspassPasspassPasspasspasspassPassPassnull
2016-01-28 01:45:06,129 DEBUG [EBPB_KeyhandlingSTTL-116711] allexpected_result contains: nullPasspassnullPassnullPasspassnullPassnullPasspassnullPassnullPasspassnullPassnullPasspassnullPassnullPasspassnullPassnullPasspassnullPassnullPasspassnullPassnullpassnullpassnull
2016-01-28 01:45:06,129 DEBUG [EBPB_KeyhandlingSTTL-116711] Testcase_Result contains: nullPasspassnullPassnullPasspassnullPassnullPasspassnullPassnullPasspassnullPassnullPasspassnullPassnullPasspassnullPassnullPasspassnullPassnullPasspassnullPassnullpassnullpassnullpassPasspasspasspassPassPasspassPasspassPasspasspasspassPassPasspassPasspassPasspasspasspassPassPasspassPasspassPasspasspasspassPassPasspassPasspassPasspasspasspassPassPasspassPasspassPasspasspasspassPassPasspassPasspassPasspasspasspassPassPasspassPasspassPasspasspasspassPassPassnull
2016-01-28 01:45:06,129 DEBUG [EBPB_KeyhandlingSTTL-116711] Test case with description Scenario Pass
2016-01-28 01:45:07,112 DEBUG [EBPB_KeyhandlingSTTL-116711] Executing browser_Quit function
2016-01-28 01:45:07,112 DEBUG [EBPB_KeyhandlingSTTL-116711] Completed browser_Quit function
2016-01-28 01:45:07,112 DEBUG [EBPB_KeyhandlingSTTL-116711] Completed quitSelendroid function
2016-01-28 01:45:07,113 DEBUG [EBPB_KeyhandlingSTTL-116711] Row number:11
2016-01-28 01:45:07,148 DEBUG [EBPB_KeyhandlingSTTL-116711] Ending Test Case IDSTTL-116711
