2016-01-28 01:51:47,656 DEBUG [EBPB_KeyhandlingSTTL-116717] Executing Test Case ID: STTL-116717
2016-01-28 01:51:47,665 DEBUG [EBPB_KeyhandlingSTTL-116717] Executing Init_Selendroid function with APK as parameter and clear data value with 1
2016-01-28 01:51:57,617 DEBUG [EBPB_KeyhandlingSTTL-116717] Exiting Init_Selendroid function
2016-01-28 01:51:57,635 DEBUG [EBPB_KeyhandlingSTTL-116717] TestCase with Description "Set HomeKey Value to Up Arrow" Execution started
2016-01-28 01:51:57,635 DEBUG [EBPB_KeyhandlingSTTL-116717] In execute keyword function
2016-01-28 01:51:57,635 DEBUG [EBPB_KeyhandlingSTTL-116717] Executing wait function:
2016-01-28 01:51:57,635 DEBUG [EBPB_KeyhandlingSTTL-116717] Started Executing wait function
2016-01-28 01:52:02,635 DEBUG [EBPB_KeyhandlingSTTL-116717] Exiting from wait function
2016-01-28 01:52:02,635 DEBUG [EBPB_KeyhandlingSTTL-116717] TestStepResult of wait: Pass
2016-01-28 01:52:02,635 DEBUG [EBPB_KeyhandlingSTTL-116717] In execute keyword function
2016-01-28 01:52:02,635 DEBUG [EBPB_KeyhandlingSTTL-116717] Executing validate_PageTitle function:
2016-01-28 01:52:02,679 DEBUG [EBPB_KeyhandlingSTTL-116717] The title of the page is *********************************: Pocket Browser Tests
2016-01-28 01:52:02,679 DEBUG [EBPB_KeyhandlingSTTL-116717] The page title found is correct
2016-01-28 01:52:02,679 DEBUG [EBPB_KeyhandlingSTTL-116717] Result of validate_PageTitle: pass
2016-01-28 01:52:02,679 DEBUG [EBPB_KeyhandlingSTTL-116717] In execute keyword function
2016-01-28 01:52:02,679 DEBUG [EBPB_KeyhandlingSTTL-116717] Executing link_Click function:
2016-01-28 01:52:03,323 DEBUG [EBPB_KeyhandlingSTTL-116717] Executing Click function
2016-01-28 01:52:04,358 DEBUG [EBPB_KeyhandlingSTTL-116717] Exiting Click function
2016-01-28 01:52:04,358 DEBUG [EBPB_KeyhandlingSTTL-116717] keyhandling_link clicked successfully
2016-01-28 01:52:04,358 DEBUG [EBPB_KeyhandlingSTTL-116717] TestStepResult of link_Click: Pass
2016-01-28 01:52:04,358 DEBUG [EBPB_KeyhandlingSTTL-116717] In execute keyword function
2016-01-28 01:52:04,358 DEBUG [EBPB_KeyhandlingSTTL-116717] Executing validate_PageTitle function:
2016-01-28 01:52:04,381 DEBUG [EBPB_KeyhandlingSTTL-116717] The title of the page is *********************************: PB and RE2.2 Semi Auto Frame Work : Keyhandling
2016-01-28 01:52:04,381 DEBUG [EBPB_KeyhandlingSTTL-116717] The page title found is correct
2016-01-28 01:52:04,381 DEBUG [EBPB_KeyhandlingSTTL-116717] Result of validate_PageTitle: pass
2016-01-28 01:52:04,381 DEBUG [EBPB_KeyhandlingSTTL-116717] In execute keyword function
2016-01-28 01:52:04,381 DEBUG [EBPB_KeyhandlingSTTL-116717] Executing SelectTestToRun function:
2016-01-28 01:52:07,381 DEBUG [EBPB_KeyhandlingSTTL-116717] Successfull in selecting clicking the category
2016-01-28 01:52:07,381 DEBUG [EBPB_KeyhandlingSTTL-116717] TestStepResult of SelectTestToRun: pass
2016-01-28 01:52:07,381 DEBUG [EBPB_KeyhandlingSTTL-116717] In execute keyword function
2016-01-28 01:52:07,381 DEBUG [EBPB_KeyhandlingSTTL-116717] Executing ClickRunTest function:
2016-01-28 01:52:07,728 DEBUG [EBPB_KeyhandlingSTTL-116717] Executing Click function
2016-01-28 01:52:08,691 DEBUG [EBPB_KeyhandlingSTTL-116717] Exiting Click function
2016-01-28 01:52:08,691 DEBUG [EBPB_KeyhandlingSTTL-116717] runtest_top_xpath Button clicked Successfully
2016-01-28 01:52:08,691 DEBUG [EBPB_KeyhandlingSTTL-116717] TestStepResult of ClickRunTest: pass
2016-01-28 01:52:08,691 DEBUG [EBPB_KeyhandlingSTTL-116717] In execute keyword function
2016-01-28 01:52:08,691 DEBUG [EBPB_KeyhandlingSTTL-116717] Executing validate_Text_Exists function:
2016-01-28 01:52:08,975 DEBUG [EBPB_KeyhandlingSTTL-116717] VT056-0699 Testcase Text found
2016-01-28 01:52:08,975 DEBUG [EBPB_KeyhandlingSTTL-116717] Result of validate_Text_Exists: Pass
2016-01-28 01:52:08,975 DEBUG [EBPB_KeyhandlingSTTL-116717] In execute keyword function
2016-01-28 01:52:08,975 DEBUG [EBPB_KeyhandlingSTTL-116717] Executing sendKeyEvents function:
2016-01-28 01:52:08,975 DEBUG [EBPB_KeyhandlingSTTL-116717] Entered sendKeyEvents function
2016-01-28 01:52:08,975 DEBUG [EBPB_KeyhandlingSTTL-116717] UpArrow
2016-01-28 01:52:08,975 DEBUG [EBPB_KeyhandlingSTTL-116717] Entered UpArrowkey
2016-01-28 01:52:08,975 DEBUG [EBPB_KeyhandlingSTTL-116717] Started executeCommandLine function
2016-01-28 01:52:12,996 DEBUG [EBPB_KeyhandlingSTTL-116717] Exiting from executeCommandLine function
2016-01-28 01:52:12,996 DEBUG [EBPB_KeyhandlingSTTL-116717] pass
2016-01-28 01:52:12,996 DEBUG [EBPB_KeyhandlingSTTL-116717] TestStepResult of sendKeyEvents: pass
2016-01-28 01:52:12,996 DEBUG [EBPB_KeyhandlingSTTL-116717] In execute keyword function
2016-01-28 01:52:12,996 DEBUG [EBPB_KeyhandlingSTTL-116717] Executing wait function:
2016-01-28 01:52:12,996 DEBUG [EBPB_KeyhandlingSTTL-116717] Started Executing wait function
2016-01-28 01:52:15,996 DEBUG [EBPB_KeyhandlingSTTL-116717] Exiting from wait function
2016-01-28 01:52:15,996 DEBUG [EBPB_KeyhandlingSTTL-116717] TestStepResult of wait: Pass
2016-01-28 01:52:15,996 DEBUG [EBPB_KeyhandlingSTTL-116717] In execute keyword function
2016-01-28 01:52:15,996 DEBUG [EBPB_KeyhandlingSTTL-116717] Executing validate_PageTitle function:
2016-01-28 01:52:16,032 DEBUG [EBPB_KeyhandlingSTTL-116717] The title of the page is *********************************: Pocket Browser Tests
2016-01-28 01:52:16,032 DEBUG [EBPB_KeyhandlingSTTL-116717] The page title found is correct
2016-01-28 01:52:16,032 DEBUG [EBPB_KeyhandlingSTTL-116717] Result of validate_PageTitle: pass
2016-01-28 01:52:16,032 DEBUG [EBPB_KeyhandlingSTTL-116717] allstep_result contains: PasspasspasspassPassPassnull
2016-01-28 01:52:16,032 DEBUG [EBPB_KeyhandlingSTTL-116717] allexpected_result contains: nullpassnullPassnullpassnullpassnull
2016-01-28 01:52:16,032 DEBUG [EBPB_KeyhandlingSTTL-116717] Testcase_Result contains: nullpassnullPassnullpassnullpassnullPasspasspasspassPassPassnull
2016-01-28 01:52:16,032 DEBUG [EBPB_KeyhandlingSTTL-116717] Test case with description Set HomeKey Value to Up Arrow Pass
2016-01-28 01:52:17,036 DEBUG [EBPB_KeyhandlingSTTL-116717] Executing browser_Quit function
2016-01-28 01:52:17,036 DEBUG [EBPB_KeyhandlingSTTL-116717] Completed browser_Quit function
2016-01-28 01:52:17,036 DEBUG [EBPB_KeyhandlingSTTL-116717] Completed quitSelendroid function
2016-01-28 01:52:17,037 DEBUG [EBPB_KeyhandlingSTTL-116717] Row number:18
2016-01-28 01:52:17,072 DEBUG [EBPB_KeyhandlingSTTL-116717] Ending Test Case IDSTTL-116717
