2016-01-28 01:33:32,158 DEBUG [EBPB_KeyhandlingSTTL-116708] Executing Test Case ID: STTL-116708
2016-01-28 01:33:32,165 DEBUG [EBPB_KeyhandlingSTTL-116708] Executing Init_Selendroid function with APK as parameter and clear data value with 1
2016-01-28 01:33:42,622 DEBUG [EBPB_KeyhandlingSTTL-116708] Exiting Init_Selendroid function
2016-01-28 01:33:42,640 DEBUG [EBPB_KeyhandlingSTTL-116708] TestCase with Description "KeyValue:All  Dispatch:false for Alphabets and Special Keys" Execution started
2016-01-28 01:33:42,640 DEBUG [EBPB_KeyhandlingSTTL-116708] In execute keyword function
2016-01-28 01:33:42,640 DEBUG [EBPB_KeyhandlingSTTL-116708] Executing wait function:
2016-01-28 01:33:42,640 DEBUG [EBPB_KeyhandlingSTTL-116708] Started Executing wait function
2016-01-28 01:33:47,640 DEBUG [EBPB_KeyhandlingSTTL-116708] Exiting from wait function
2016-01-28 01:33:47,640 DEBUG [EBPB_KeyhandlingSTTL-116708] TestStepResult of wait: Pass
2016-01-28 01:33:47,640 DEBUG [EBPB_KeyhandlingSTTL-116708] In execute keyword function
2016-01-28 01:33:47,640 DEBUG [EBPB_KeyhandlingSTTL-116708] Executing validate_PageTitle function:
2016-01-28 01:33:47,679 DEBUG [EBPB_KeyhandlingSTTL-116708] The title of the page is *********************************: Pocket Browser Tests
2016-01-28 01:33:47,679 DEBUG [EBPB_KeyhandlingSTTL-116708] The page title found is correct
2016-01-28 01:33:47,679 DEBUG [EBPB_KeyhandlingSTTL-116708] Result of validate_PageTitle: pass
2016-01-28 01:33:47,679 DEBUG [EBPB_KeyhandlingSTTL-116708] In execute keyword function
2016-01-28 01:33:47,679 DEBUG [EBPB_KeyhandlingSTTL-116708] Executing link_Click function:
2016-01-28 01:33:48,479 DEBUG [EBPB_KeyhandlingSTTL-116708] Executing Click function
2016-01-28 01:33:49,554 DEBUG [EBPB_KeyhandlingSTTL-116708] Exiting Click function
2016-01-28 01:33:49,554 DEBUG [EBPB_KeyhandlingSTTL-116708] keyhandling_link clicked successfully
2016-01-28 01:33:49,554 DEBUG [EBPB_KeyhandlingSTTL-116708] TestStepResult of link_Click: Pass
2016-01-28 01:33:49,554 DEBUG [EBPB_KeyhandlingSTTL-116708] In execute keyword function
2016-01-28 01:33:49,554 DEBUG [EBPB_KeyhandlingSTTL-116708] Executing validate_PageTitle function:
2016-01-28 01:33:49,590 DEBUG [EBPB_KeyhandlingSTTL-116708] The title of the page is *********************************: PB and RE2.2 Semi Auto Frame Work : Keyhandling
2016-01-28 01:33:49,590 DEBUG [EBPB_KeyhandlingSTTL-116708] The page title found is correct
2016-01-28 01:33:49,590 DEBUG [EBPB_KeyhandlingSTTL-116708] Result of validate_PageTitle: pass
2016-01-28 01:33:49,590 DEBUG [EBPB_KeyhandlingSTTL-116708] In execute keyword function
2016-01-28 01:33:49,590 DEBUG [EBPB_KeyhandlingSTTL-116708] Executing SelectTestToRun function:
2016-01-28 01:33:52,393 DEBUG [EBPB_KeyhandlingSTTL-116708] Successfull in selecting clicking the category
2016-01-28 01:33:52,393 DEBUG [EBPB_KeyhandlingSTTL-116708] TestStepResult of SelectTestToRun: pass
2016-01-28 01:33:52,393 DEBUG [EBPB_KeyhandlingSTTL-116708] In execute keyword function
2016-01-28 01:33:52,393 DEBUG [EBPB_KeyhandlingSTTL-116708] Executing ClickRunTest function:
2016-01-28 01:33:52,750 DEBUG [EBPB_KeyhandlingSTTL-116708] Executing Click function
2016-01-28 01:33:53,745 DEBUG [EBPB_KeyhandlingSTTL-116708] Exiting Click function
2016-01-28 01:33:53,745 DEBUG [EBPB_KeyhandlingSTTL-116708] runtest_top_xpath Button clicked Successfully
2016-01-28 01:33:53,745 DEBUG [EBPB_KeyhandlingSTTL-116708] TestStepResult of ClickRunTest: pass
2016-01-28 01:33:53,745 DEBUG [EBPB_KeyhandlingSTTL-116708] In execute keyword function
2016-01-28 01:33:53,745 DEBUG [EBPB_KeyhandlingSTTL-116708] Executing validate_Text_Exists function:
2016-01-28 01:33:53,987 DEBUG [EBPB_KeyhandlingSTTL-116708] VT056-0718 Testcase Text found
2016-01-28 01:33:53,987 DEBUG [EBPB_KeyhandlingSTTL-116708] Result of validate_Text_Exists: Pass
2016-01-28 01:33:53,987 DEBUG [EBPB_KeyhandlingSTTL-116708] In execute keyword function
2016-01-28 01:33:53,987 DEBUG [EBPB_KeyhandlingSTTL-116708] Executing textBoxClick function:
2016-01-28 01:33:55,407 DEBUG [EBPB_KeyhandlingSTTL-116708] keytxtInput_idtext box clicked successfully
2016-01-28 01:33:55,407 DEBUG [EBPB_KeyhandlingSTTL-116708] TestStepResult of textBoxClick: pass
2016-01-28 01:33:55,407 DEBUG [EBPB_KeyhandlingSTTL-116708] In execute keyword function
2016-01-28 01:33:55,407 DEBUG [EBPB_KeyhandlingSTTL-116708] Executing wait function:
2016-01-28 01:33:55,407 DEBUG [EBPB_KeyhandlingSTTL-116708] Started Executing wait function
2016-01-28 01:33:57,407 DEBUG [EBPB_KeyhandlingSTTL-116708] Exiting from wait function
2016-01-28 01:33:57,407 DEBUG [EBPB_KeyhandlingSTTL-116708] TestStepResult of wait: Pass
2016-01-28 01:33:57,407 DEBUG [EBPB_KeyhandlingSTTL-116708] In execute keyword function
2016-01-28 01:33:57,407 DEBUG [EBPB_KeyhandlingSTTL-116708] Executing sendKeyEvents function:
2016-01-28 01:33:57,407 DEBUG [EBPB_KeyhandlingSTTL-116708] Entered sendKeyEvents function
2016-01-28 01:33:57,407 DEBUG [EBPB_KeyhandlingSTTL-116708] c
2016-01-28 01:33:57,407 DEBUG [EBPB_KeyhandlingSTTL-116708] Entered c
2016-01-28 01:33:57,407 DEBUG [EBPB_KeyhandlingSTTL-116708] Started executeCommandLine function
2016-01-28 01:34:01,427 DEBUG [EBPB_KeyhandlingSTTL-116708] Exiting from executeCommandLine function
2016-01-28 01:34:01,427 DEBUG [EBPB_KeyhandlingSTTL-116708] pass
2016-01-28 01:34:01,427 DEBUG [EBPB_KeyhandlingSTTL-116708] TestStepResult of sendKeyEvents: pass
2016-01-28 01:34:01,427 DEBUG [EBPB_KeyhandlingSTTL-116708] In execute keyword function
2016-01-28 01:34:01,427 DEBUG [EBPB_KeyhandlingSTTL-116708] Executing validate_textBoxData function:
2016-01-28 01:34:01,427 DEBUG [EBPB_KeyhandlingSTTL-116708] Executing getAttribute function
2016-01-28 01:34:01,606 DEBUG [EBPB_KeyhandlingSTTL-116708] 
2016-01-28 01:34:01,606 DEBUG [EBPB_KeyhandlingSTTL-116708]  value matches with Expected null value
2016-01-28 01:34:01,606 DEBUG [EBPB_KeyhandlingSTTL-116708] Result of validate_textBoxData: Pass
2016-01-28 01:34:01,606 DEBUG [EBPB_KeyhandlingSTTL-116708] In execute keyword function
2016-01-28 01:34:01,606 DEBUG [EBPB_KeyhandlingSTTL-116708] Executing validate_keyCaptured function:
2016-01-28 01:34:01,606 DEBUG [EBPB_KeyhandlingSTTL-116708] Entered validate_keyCaptured function
2016-01-28 01:34:01,871 DEBUG [EBPB_KeyhandlingSTTL-116708] 31
2016-01-28 01:34:01,871 DEBUG [EBPB_KeyhandlingSTTL-116708] Actual Value matches Expected
2016-01-28 01:34:01,871 DEBUG [EBPB_KeyhandlingSTTL-116708] pass
2016-01-28 01:34:01,871 DEBUG [EBPB_KeyhandlingSTTL-116708] Exiting from validate_keyCaptured function
2016-01-28 01:34:01,871 DEBUG [EBPB_KeyhandlingSTTL-116708] Result of validate_keyCaptured: pass
2016-01-28 01:34:01,871 DEBUG [EBPB_KeyhandlingSTTL-116708] In execute keyword function
2016-01-28 01:34:01,871 DEBUG [EBPB_KeyhandlingSTTL-116708] Executing SwitchApp function:
2016-01-28 01:34:01,921 DEBUG [EBPB_KeyhandlingSTTL-116708] Successfully switched to NATIVE_APP
2016-01-28 01:34:01,921 DEBUG [EBPB_KeyhandlingSTTL-116708] TestStepResult of SwitchApp: Pass
2016-01-28 01:34:01,921 DEBUG [EBPB_KeyhandlingSTTL-116708] In execute keyword function
2016-01-28 01:34:01,921 DEBUG [EBPB_KeyhandlingSTTL-116708] Executing ClickNativeIcon function:
2016-01-28 01:34:02,847 DEBUG [EBPB_KeyhandlingSTTL-116708] [[AppiumTouchActionExtension: selendroid on ANDROID (d49325a1-2434-0455-b874-7d2b9cf44166)] -> xpath: (//Button[@id='reload_button'])[1]]Clicked successfully
2016-01-28 01:34:02,847 DEBUG [EBPB_KeyhandlingSTTL-116708] TestStepResult of ClickNativeIcon: pass
2016-01-28 01:34:02,847 DEBUG [EBPB_KeyhandlingSTTL-116708] In execute keyword function
2016-01-28 01:34:02,847 DEBUG [EBPB_KeyhandlingSTTL-116708] Executing wait function:
2016-01-28 01:34:02,847 DEBUG [EBPB_KeyhandlingSTTL-116708] Started Executing wait function
2016-01-28 01:34:12,848 DEBUG [EBPB_KeyhandlingSTTL-116708] Exiting from wait function
2016-01-28 01:34:12,848 DEBUG [EBPB_KeyhandlingSTTL-116708] TestStepResult of wait: Pass
2016-01-28 01:34:12,848 DEBUG [EBPB_KeyhandlingSTTL-116708] In execute keyword function
2016-01-28 01:34:12,848 DEBUG [EBPB_KeyhandlingSTTL-116708] Executing SwitchApp function:
2016-01-28 01:34:12,977 DEBUG [EBPB_KeyhandlingSTTL-116708] Successfully switched to WEBVIEW
2016-01-28 01:34:12,977 DEBUG [EBPB_KeyhandlingSTTL-116708] TestStepResult of SwitchApp: Pass
2016-01-28 01:34:12,977 DEBUG [EBPB_KeyhandlingSTTL-116708] In execute keyword function
2016-01-28 01:34:12,977 DEBUG [EBPB_KeyhandlingSTTL-116708] Executing SelectTestToRun function:
2016-01-28 01:34:15,756 DEBUG [EBPB_KeyhandlingSTTL-116708] Successfull in selecting clicking the category
2016-01-28 01:34:15,756 DEBUG [EBPB_KeyhandlingSTTL-116708] TestStepResult of SelectTestToRun: pass
2016-01-28 01:34:15,756 DEBUG [EBPB_KeyhandlingSTTL-116708] In execute keyword function
2016-01-28 01:34:15,756 DEBUG [EBPB_KeyhandlingSTTL-116708] Executing ClickRunTest function:
2016-01-28 01:34:16,073 DEBUG [EBPB_KeyhandlingSTTL-116708] Executing Click function
2016-01-28 01:34:17,101 DEBUG [EBPB_KeyhandlingSTTL-116708] Exiting Click function
2016-01-28 01:34:17,101 DEBUG [EBPB_KeyhandlingSTTL-116708] runtest_top_xpath Button clicked Successfully
2016-01-28 01:34:17,101 DEBUG [EBPB_KeyhandlingSTTL-116708] TestStepResult of ClickRunTest: pass
2016-01-28 01:34:17,101 DEBUG [EBPB_KeyhandlingSTTL-116708] In execute keyword function
2016-01-28 01:34:17,101 DEBUG [EBPB_KeyhandlingSTTL-116708] Executing validate_Text_Exists function:
2016-01-28 01:34:17,377 DEBUG [EBPB_KeyhandlingSTTL-116708] VT056-0718 Testcase Text found
2016-01-28 01:34:17,377 DEBUG [EBPB_KeyhandlingSTTL-116708] Result of validate_Text_Exists: Pass
2016-01-28 01:34:17,377 DEBUG [EBPB_KeyhandlingSTTL-116708] In execute keyword function
2016-01-28 01:34:17,377 DEBUG [EBPB_KeyhandlingSTTL-116708] Executing textBoxClick function:
2016-01-28 01:34:18,797 DEBUG [EBPB_KeyhandlingSTTL-116708] keytxtInput_idtext box clicked successfully
2016-01-28 01:34:18,797 DEBUG [EBPB_KeyhandlingSTTL-116708] TestStepResult of textBoxClick: pass
2016-01-28 01:34:18,797 DEBUG [EBPB_KeyhandlingSTTL-116708] In execute keyword function
2016-01-28 01:34:18,797 DEBUG [EBPB_KeyhandlingSTTL-116708] Executing wait function:
2016-01-28 01:34:18,797 DEBUG [EBPB_KeyhandlingSTTL-116708] Started Executing wait function
2016-01-28 01:34:20,797 DEBUG [EBPB_KeyhandlingSTTL-116708] Exiting from wait function
2016-01-28 01:34:20,797 DEBUG [EBPB_KeyhandlingSTTL-116708] TestStepResult of wait: Pass
2016-01-28 01:34:20,797 DEBUG [EBPB_KeyhandlingSTTL-116708] In execute keyword function
2016-01-28 01:34:20,797 DEBUG [EBPB_KeyhandlingSTTL-116708] Executing sendKeyEvents function:
2016-01-28 01:34:20,797 DEBUG [EBPB_KeyhandlingSTTL-116708] Entered sendKeyEvents function
2016-01-28 01:34:20,797 DEBUG [EBPB_KeyhandlingSTTL-116708] f
2016-01-28 01:34:20,797 DEBUG [EBPB_KeyhandlingSTTL-116708] Entered f
2016-01-28 01:34:20,797 DEBUG [EBPB_KeyhandlingSTTL-116708] Started executeCommandLine function
2016-01-28 01:34:24,819 DEBUG [EBPB_KeyhandlingSTTL-116708] Exiting from executeCommandLine function
2016-01-28 01:34:24,819 DEBUG [EBPB_KeyhandlingSTTL-116708] pass
2016-01-28 01:34:24,819 DEBUG [EBPB_KeyhandlingSTTL-116708] TestStepResult of sendKeyEvents: pass
2016-01-28 01:34:24,819 DEBUG [EBPB_KeyhandlingSTTL-116708] In execute keyword function
2016-01-28 01:34:24,819 DEBUG [EBPB_KeyhandlingSTTL-116708] Executing validate_textBoxData function:
2016-01-28 01:34:24,819 DEBUG [EBPB_KeyhandlingSTTL-116708] Executing getAttribute function
2016-01-28 01:34:25,014 DEBUG [EBPB_KeyhandlingSTTL-116708] 
2016-01-28 01:34:25,014 DEBUG [EBPB_KeyhandlingSTTL-116708]  value matches with Expected null value
2016-01-28 01:34:25,014 DEBUG [EBPB_KeyhandlingSTTL-116708] Result of validate_textBoxData: Pass
2016-01-28 01:34:25,014 DEBUG [EBPB_KeyhandlingSTTL-116708] In execute keyword function
2016-01-28 01:34:25,014 DEBUG [EBPB_KeyhandlingSTTL-116708] Executing validate_keyCaptured function:
2016-01-28 01:34:25,014 DEBUG [EBPB_KeyhandlingSTTL-116708] Entered validate_keyCaptured function
2016-01-28 01:34:25,207 DEBUG [EBPB_KeyhandlingSTTL-116708] 34
2016-01-28 01:34:25,207 DEBUG [EBPB_KeyhandlingSTTL-116708] Actual Value matches Expected
2016-01-28 01:34:25,207 DEBUG [EBPB_KeyhandlingSTTL-116708] pass
2016-01-28 01:34:25,207 DEBUG [EBPB_KeyhandlingSTTL-116708] Exiting from validate_keyCaptured function
2016-01-28 01:34:25,207 DEBUG [EBPB_KeyhandlingSTTL-116708] Result of validate_keyCaptured: pass
2016-01-28 01:34:25,207 DEBUG [EBPB_KeyhandlingSTTL-116708] In execute keyword function
2016-01-28 01:34:25,207 DEBUG [EBPB_KeyhandlingSTTL-116708] Executing SwitchApp function:
2016-01-28 01:34:25,268 DEBUG [EBPB_KeyhandlingSTTL-116708] Successfully switched to NATIVE_APP
2016-01-28 01:34:25,268 DEBUG [EBPB_KeyhandlingSTTL-116708] TestStepResult of SwitchApp: Pass
2016-01-28 01:34:25,268 DEBUG [EBPB_KeyhandlingSTTL-116708] In execute keyword function
2016-01-28 01:34:25,268 DEBUG [EBPB_KeyhandlingSTTL-116708] Executing ClickNativeIcon function:
2016-01-28 01:34:26,139 DEBUG [EBPB_KeyhandlingSTTL-116708] [[AppiumTouchActionExtension: selendroid on ANDROID (d49325a1-2434-0455-b874-7d2b9cf44166)] -> xpath: (//Button[@id='reload_button'])[1]]Clicked successfully
2016-01-28 01:34:26,139 DEBUG [EBPB_KeyhandlingSTTL-116708] TestStepResult of ClickNativeIcon: pass
2016-01-28 01:34:26,139 DEBUG [EBPB_KeyhandlingSTTL-116708] In execute keyword function
2016-01-28 01:34:26,139 DEBUG [EBPB_KeyhandlingSTTL-116708] Executing wait function:
2016-01-28 01:34:26,139 DEBUG [EBPB_KeyhandlingSTTL-116708] Started Executing wait function
2016-01-28 01:34:36,140 DEBUG [EBPB_KeyhandlingSTTL-116708] Exiting from wait function
2016-01-28 01:34:36,140 DEBUG [EBPB_KeyhandlingSTTL-116708] TestStepResult of wait: Pass
2016-01-28 01:34:36,140 DEBUG [EBPB_KeyhandlingSTTL-116708] In execute keyword function
2016-01-28 01:34:36,140 DEBUG [EBPB_KeyhandlingSTTL-116708] Executing SwitchApp function:
2016-01-28 01:34:36,268 DEBUG [EBPB_KeyhandlingSTTL-116708] Successfully switched to WEBVIEW
2016-01-28 01:34:36,268 DEBUG [EBPB_KeyhandlingSTTL-116708] TestStepResult of SwitchApp: Pass
2016-01-28 01:34:36,268 DEBUG [EBPB_KeyhandlingSTTL-116708] In execute keyword function
2016-01-28 01:34:36,269 DEBUG [EBPB_KeyhandlingSTTL-116708] Executing SelectTestToRun function:
2016-01-28 01:34:38,988 DEBUG [EBPB_KeyhandlingSTTL-116708] Successfull in selecting clicking the category
2016-01-28 01:34:38,988 DEBUG [EBPB_KeyhandlingSTTL-116708] TestStepResult of SelectTestToRun: pass
2016-01-28 01:34:38,988 DEBUG [EBPB_KeyhandlingSTTL-116708] In execute keyword function
2016-01-28 01:34:38,988 DEBUG [EBPB_KeyhandlingSTTL-116708] Executing ClickRunTest function:
2016-01-28 01:34:39,335 DEBUG [EBPB_KeyhandlingSTTL-116708] Executing Click function
2016-01-28 01:34:40,376 DEBUG [EBPB_KeyhandlingSTTL-116708] Exiting Click function
2016-01-28 01:34:40,377 DEBUG [EBPB_KeyhandlingSTTL-116708] runtest_top_xpath Button clicked Successfully
2016-01-28 01:34:40,377 DEBUG [EBPB_KeyhandlingSTTL-116708] TestStepResult of ClickRunTest: pass
2016-01-28 01:34:40,377 DEBUG [EBPB_KeyhandlingSTTL-116708] In execute keyword function
2016-01-28 01:34:40,377 DEBUG [EBPB_KeyhandlingSTTL-116708] Executing validate_Text_Exists function:
2016-01-28 01:34:40,632 DEBUG [EBPB_KeyhandlingSTTL-116708] VT056-0718 Testcase Text found
2016-01-28 01:34:40,632 DEBUG [EBPB_KeyhandlingSTTL-116708] Result of validate_Text_Exists: Pass
2016-01-28 01:34:40,632 DEBUG [EBPB_KeyhandlingSTTL-116708] In execute keyword function
2016-01-28 01:34:40,632 DEBUG [EBPB_KeyhandlingSTTL-116708] Executing textBoxClick function:
2016-01-28 01:34:42,107 DEBUG [EBPB_KeyhandlingSTTL-116708] keytxtInput_idtext box clicked successfully
2016-01-28 01:34:42,107 DEBUG [EBPB_KeyhandlingSTTL-116708] TestStepResult of textBoxClick: pass
2016-01-28 01:34:42,107 DEBUG [EBPB_KeyhandlingSTTL-116708] In execute keyword function
2016-01-28 01:34:42,107 DEBUG [EBPB_KeyhandlingSTTL-116708] Executing wait function:
2016-01-28 01:34:42,107 DEBUG [EBPB_KeyhandlingSTTL-116708] Started Executing wait function
2016-01-28 01:34:44,109 DEBUG [EBPB_KeyhandlingSTTL-116708] Exiting from wait function
2016-01-28 01:34:44,109 DEBUG [EBPB_KeyhandlingSTTL-116708] TestStepResult of wait: Pass
2016-01-28 01:34:44,109 DEBUG [EBPB_KeyhandlingSTTL-116708] In execute keyword function
2016-01-28 01:34:44,109 DEBUG [EBPB_KeyhandlingSTTL-116708] Executing sendKeyEvents function:
2016-01-28 01:34:44,109 DEBUG [EBPB_KeyhandlingSTTL-116708] Entered sendKeyEvents function
2016-01-28 01:34:44,109 DEBUG [EBPB_KeyhandlingSTTL-116708] l
2016-01-28 01:34:44,109 DEBUG [EBPB_KeyhandlingSTTL-116708] Entered l
2016-01-28 01:34:44,109 DEBUG [EBPB_KeyhandlingSTTL-116708] Started executeCommandLine function
2016-01-28 01:34:48,130 DEBUG [EBPB_KeyhandlingSTTL-116708] Exiting from executeCommandLine function
2016-01-28 01:34:48,130 DEBUG [EBPB_KeyhandlingSTTL-116708] pass
2016-01-28 01:34:48,130 DEBUG [EBPB_KeyhandlingSTTL-116708] TestStepResult of sendKeyEvents: pass
2016-01-28 01:34:48,130 DEBUG [EBPB_KeyhandlingSTTL-116708] In execute keyword function
2016-01-28 01:34:48,130 DEBUG [EBPB_KeyhandlingSTTL-116708] Executing validate_textBoxData function:
2016-01-28 01:34:48,130 DEBUG [EBPB_KeyhandlingSTTL-116708] Executing getAttribute function
2016-01-28 01:34:48,305 DEBUG [EBPB_KeyhandlingSTTL-116708] 
2016-01-28 01:34:48,305 DEBUG [EBPB_KeyhandlingSTTL-116708]  value matches with Expected null value
2016-01-28 01:34:48,305 DEBUG [EBPB_KeyhandlingSTTL-116708] Result of validate_textBoxData: Pass
2016-01-28 01:34:48,305 DEBUG [EBPB_KeyhandlingSTTL-116708] In execute keyword function
2016-01-28 01:34:48,305 DEBUG [EBPB_KeyhandlingSTTL-116708] Executing validate_keyCaptured function:
2016-01-28 01:34:48,305 DEBUG [EBPB_KeyhandlingSTTL-116708] Entered validate_keyCaptured function
2016-01-28 01:34:48,561 DEBUG [EBPB_KeyhandlingSTTL-116708] 40
2016-01-28 01:34:48,561 DEBUG [EBPB_KeyhandlingSTTL-116708] Actual Value matches Expected
2016-01-28 01:34:48,561 DEBUG [EBPB_KeyhandlingSTTL-116708] pass
2016-01-28 01:34:48,561 DEBUG [EBPB_KeyhandlingSTTL-116708] Exiting from validate_keyCaptured function
2016-01-28 01:34:48,561 DEBUG [EBPB_KeyhandlingSTTL-116708] Result of validate_keyCaptured: pass
2016-01-28 01:34:48,561 DEBUG [EBPB_KeyhandlingSTTL-116708] In execute keyword function
2016-01-28 01:34:48,561 DEBUG [EBPB_KeyhandlingSTTL-116708] Executing SwitchApp function:
2016-01-28 01:34:48,621 DEBUG [EBPB_KeyhandlingSTTL-116708] Successfully switched to NATIVE_APP
2016-01-28 01:34:48,621 DEBUG [EBPB_KeyhandlingSTTL-116708] TestStepResult of SwitchApp: Pass
2016-01-28 01:34:48,621 DEBUG [EBPB_KeyhandlingSTTL-116708] In execute keyword function
2016-01-28 01:34:48,621 DEBUG [EBPB_KeyhandlingSTTL-116708] Executing ClickNativeIcon function:
2016-01-28 01:34:49,477 DEBUG [EBPB_KeyhandlingSTTL-116708] [[AppiumTouchActionExtension: selendroid on ANDROID (d49325a1-2434-0455-b874-7d2b9cf44166)] -> xpath: (//Button[@id='reload_button'])[1]]Clicked successfully
2016-01-28 01:34:49,477 DEBUG [EBPB_KeyhandlingSTTL-116708] TestStepResult of ClickNativeIcon: pass
2016-01-28 01:34:49,477 DEBUG [EBPB_KeyhandlingSTTL-116708] In execute keyword function
2016-01-28 01:34:49,477 DEBUG [EBPB_KeyhandlingSTTL-116708] Executing wait function:
2016-01-28 01:34:49,477 DEBUG [EBPB_KeyhandlingSTTL-116708] Started Executing wait function
2016-01-28 01:34:59,478 DEBUG [EBPB_KeyhandlingSTTL-116708] Exiting from wait function
2016-01-28 01:34:59,478 DEBUG [EBPB_KeyhandlingSTTL-116708] TestStepResult of wait: Pass
2016-01-28 01:34:59,478 DEBUG [EBPB_KeyhandlingSTTL-116708] In execute keyword function
2016-01-28 01:34:59,478 DEBUG [EBPB_KeyhandlingSTTL-116708] Executing SwitchApp function:
2016-01-28 01:34:59,569 DEBUG [EBPB_KeyhandlingSTTL-116708] Successfully switched to WEBVIEW
2016-01-28 01:34:59,569 DEBUG [EBPB_KeyhandlingSTTL-116708] TestStepResult of SwitchApp: Pass
2016-01-28 01:34:59,569 DEBUG [EBPB_KeyhandlingSTTL-116708] In execute keyword function
2016-01-28 01:34:59,569 DEBUG [EBPB_KeyhandlingSTTL-116708] Executing SelectTestToRun function:
2016-01-28 01:35:02,170 DEBUG [EBPB_KeyhandlingSTTL-116708] Successfull in selecting clicking the category
2016-01-28 01:35:02,170 DEBUG [EBPB_KeyhandlingSTTL-116708] TestStepResult of SelectTestToRun: pass
2016-01-28 01:35:02,170 DEBUG [EBPB_KeyhandlingSTTL-116708] In execute keyword function
2016-01-28 01:35:02,170 DEBUG [EBPB_KeyhandlingSTTL-116708] Executing ClickRunTest function:
2016-01-28 01:35:02,515 DEBUG [EBPB_KeyhandlingSTTL-116708] Executing Click function
2016-01-28 01:35:03,542 DEBUG [EBPB_KeyhandlingSTTL-116708] Exiting Click function
2016-01-28 01:35:03,542 DEBUG [EBPB_KeyhandlingSTTL-116708] runtest_top_xpath Button clicked Successfully
2016-01-28 01:35:03,542 DEBUG [EBPB_KeyhandlingSTTL-116708] TestStepResult of ClickRunTest: pass
2016-01-28 01:35:03,542 DEBUG [EBPB_KeyhandlingSTTL-116708] In execute keyword function
2016-01-28 01:35:03,542 DEBUG [EBPB_KeyhandlingSTTL-116708] Executing validate_Text_Exists function:
2016-01-28 01:35:03,773 DEBUG [EBPB_KeyhandlingSTTL-116708] VT056-0718 Testcase Text found
2016-01-28 01:35:03,773 DEBUG [EBPB_KeyhandlingSTTL-116708] Result of validate_Text_Exists: Pass
2016-01-28 01:35:03,773 DEBUG [EBPB_KeyhandlingSTTL-116708] In execute keyword function
2016-01-28 01:35:03,773 DEBUG [EBPB_KeyhandlingSTTL-116708] Executing textBoxClick function:
2016-01-28 01:35:05,214 DEBUG [EBPB_KeyhandlingSTTL-116708] keytxtInput_idtext box clicked successfully
2016-01-28 01:35:05,214 DEBUG [EBPB_KeyhandlingSTTL-116708] TestStepResult of textBoxClick: pass
2016-01-28 01:35:05,214 DEBUG [EBPB_KeyhandlingSTTL-116708] In execute keyword function
2016-01-28 01:35:05,214 DEBUG [EBPB_KeyhandlingSTTL-116708] Executing wait function:
2016-01-28 01:35:05,214 DEBUG [EBPB_KeyhandlingSTTL-116708] Started Executing wait function
2016-01-28 01:35:07,214 DEBUG [EBPB_KeyhandlingSTTL-116708] Exiting from wait function
2016-01-28 01:35:07,214 DEBUG [EBPB_KeyhandlingSTTL-116708] TestStepResult of wait: Pass
2016-01-28 01:35:07,214 DEBUG [EBPB_KeyhandlingSTTL-116708] In execute keyword function
2016-01-28 01:35:07,214 DEBUG [EBPB_KeyhandlingSTTL-116708] Executing sendKeyEvents function:
2016-01-28 01:35:07,214 DEBUG [EBPB_KeyhandlingSTTL-116708] Entered sendKeyEvents function
2016-01-28 01:35:07,214 DEBUG [EBPB_KeyhandlingSTTL-116708] q
2016-01-28 01:35:07,214 DEBUG [EBPB_KeyhandlingSTTL-116708] Entered q
2016-01-28 01:35:07,214 DEBUG [EBPB_KeyhandlingSTTL-116708] Started executeCommandLine function
2016-01-28 01:35:11,235 DEBUG [EBPB_KeyhandlingSTTL-116708] Exiting from executeCommandLine function
2016-01-28 01:35:11,235 DEBUG [EBPB_KeyhandlingSTTL-116708] pass
2016-01-28 01:35:11,235 DEBUG [EBPB_KeyhandlingSTTL-116708] TestStepResult of sendKeyEvents: pass
2016-01-28 01:35:11,235 DEBUG [EBPB_KeyhandlingSTTL-116708] In execute keyword function
2016-01-28 01:35:11,235 DEBUG [EBPB_KeyhandlingSTTL-116708] Executing validate_textBoxData function:
2016-01-28 01:35:11,235 DEBUG [EBPB_KeyhandlingSTTL-116708] Executing getAttribute function
2016-01-28 01:35:11,441 DEBUG [EBPB_KeyhandlingSTTL-116708] 
2016-01-28 01:35:11,441 DEBUG [EBPB_KeyhandlingSTTL-116708]  value matches with Expected null value
2016-01-28 01:35:11,441 DEBUG [EBPB_KeyhandlingSTTL-116708] Result of validate_textBoxData: Pass
2016-01-28 01:35:11,441 DEBUG [EBPB_KeyhandlingSTTL-116708] In execute keyword function
2016-01-28 01:35:11,441 DEBUG [EBPB_KeyhandlingSTTL-116708] Executing validate_keyCaptured function:
2016-01-28 01:35:11,441 DEBUG [EBPB_KeyhandlingSTTL-116708] Entered validate_keyCaptured function
2016-01-28 01:35:11,701 DEBUG [EBPB_KeyhandlingSTTL-116708] 45
2016-01-28 01:35:11,701 DEBUG [EBPB_KeyhandlingSTTL-116708] Actual Value matches Expected
2016-01-28 01:35:11,701 DEBUG [EBPB_KeyhandlingSTTL-116708] pass
2016-01-28 01:35:11,701 DEBUG [EBPB_KeyhandlingSTTL-116708] Exiting from validate_keyCaptured function
2016-01-28 01:35:11,701 DEBUG [EBPB_KeyhandlingSTTL-116708] Result of validate_keyCaptured: pass
2016-01-28 01:35:11,701 DEBUG [EBPB_KeyhandlingSTTL-116708] In execute keyword function
2016-01-28 01:35:11,701 DEBUG [EBPB_KeyhandlingSTTL-116708] Executing SwitchApp function:
2016-01-28 01:35:11,755 DEBUG [EBPB_KeyhandlingSTTL-116708] Successfully switched to NATIVE_APP
2016-01-28 01:35:11,755 DEBUG [EBPB_KeyhandlingSTTL-116708] TestStepResult of SwitchApp: Pass
2016-01-28 01:35:11,755 DEBUG [EBPB_KeyhandlingSTTL-116708] In execute keyword function
2016-01-28 01:35:11,756 DEBUG [EBPB_KeyhandlingSTTL-116708] Executing ClickNativeIcon function:
2016-01-28 01:35:12,608 DEBUG [EBPB_KeyhandlingSTTL-116708] [[AppiumTouchActionExtension: selendroid on ANDROID (d49325a1-2434-0455-b874-7d2b9cf44166)] -> xpath: (//Button[@id='reload_button'])[1]]Clicked successfully
2016-01-28 01:35:12,609 DEBUG [EBPB_KeyhandlingSTTL-116708] TestStepResult of ClickNativeIcon: pass
2016-01-28 01:35:12,609 DEBUG [EBPB_KeyhandlingSTTL-116708] In execute keyword function
2016-01-28 01:35:12,609 DEBUG [EBPB_KeyhandlingSTTL-116708] Executing wait function:
2016-01-28 01:35:12,609 DEBUG [EBPB_KeyhandlingSTTL-116708] Started Executing wait function
2016-01-28 01:35:22,610 DEBUG [EBPB_KeyhandlingSTTL-116708] Exiting from wait function
2016-01-28 01:35:22,610 DEBUG [EBPB_KeyhandlingSTTL-116708] TestStepResult of wait: Pass
2016-01-28 01:35:22,610 DEBUG [EBPB_KeyhandlingSTTL-116708] In execute keyword function
2016-01-28 01:35:22,610 DEBUG [EBPB_KeyhandlingSTTL-116708] Executing SwitchApp function:
2016-01-28 01:35:22,712 DEBUG [EBPB_KeyhandlingSTTL-116708] Successfully switched to WEBVIEW
2016-01-28 01:35:22,712 DEBUG [EBPB_KeyhandlingSTTL-116708] TestStepResult of SwitchApp: Pass
2016-01-28 01:35:22,712 DEBUG [EBPB_KeyhandlingSTTL-116708] In execute keyword function
2016-01-28 01:35:22,712 DEBUG [EBPB_KeyhandlingSTTL-116708] Executing SelectTestToRun function:
2016-01-28 01:35:25,389 DEBUG [EBPB_KeyhandlingSTTL-116708] Successfull in selecting clicking the category
2016-01-28 01:35:25,389 DEBUG [EBPB_KeyhandlingSTTL-116708] TestStepResult of SelectTestToRun: pass
2016-01-28 01:35:25,390 DEBUG [EBPB_KeyhandlingSTTL-116708] In execute keyword function
2016-01-28 01:35:25,390 DEBUG [EBPB_KeyhandlingSTTL-116708] Executing ClickRunTest function:
2016-01-28 01:35:25,692 DEBUG [EBPB_KeyhandlingSTTL-116708] Executing Click function
2016-01-28 01:35:26,714 DEBUG [EBPB_KeyhandlingSTTL-116708] Exiting Click function
2016-01-28 01:35:26,714 DEBUG [EBPB_KeyhandlingSTTL-116708] runtest_top_xpath Button clicked Successfully
2016-01-28 01:35:26,714 DEBUG [EBPB_KeyhandlingSTTL-116708] TestStepResult of ClickRunTest: pass
2016-01-28 01:35:26,714 DEBUG [EBPB_KeyhandlingSTTL-116708] In execute keyword function
2016-01-28 01:35:26,714 DEBUG [EBPB_KeyhandlingSTTL-116708] Executing validate_Text_Exists function:
2016-01-28 01:35:26,936 DEBUG [EBPB_KeyhandlingSTTL-116708] VT056-0718 Testcase Text found
2016-01-28 01:35:26,937 DEBUG [EBPB_KeyhandlingSTTL-116708] Result of validate_Text_Exists: Pass
2016-01-28 01:35:26,937 DEBUG [EBPB_KeyhandlingSTTL-116708] In execute keyword function
2016-01-28 01:35:26,937 DEBUG [EBPB_KeyhandlingSTTL-116708] Executing textBoxClick function:
2016-01-28 01:35:28,330 DEBUG [EBPB_KeyhandlingSTTL-116708] keytxtInput_idtext box clicked successfully
2016-01-28 01:35:28,331 DEBUG [EBPB_KeyhandlingSTTL-116708] TestStepResult of textBoxClick: pass
2016-01-28 01:35:28,331 DEBUG [EBPB_KeyhandlingSTTL-116708] In execute keyword function
2016-01-28 01:35:28,331 DEBUG [EBPB_KeyhandlingSTTL-116708] Executing wait function:
2016-01-28 01:35:28,331 DEBUG [EBPB_KeyhandlingSTTL-116708] Started Executing wait function
2016-01-28 01:35:30,331 DEBUG [EBPB_KeyhandlingSTTL-116708] Exiting from wait function
2016-01-28 01:35:30,331 DEBUG [EBPB_KeyhandlingSTTL-116708] TestStepResult of wait: Pass
2016-01-28 01:35:30,331 DEBUG [EBPB_KeyhandlingSTTL-116708] In execute keyword function
2016-01-28 01:35:30,331 DEBUG [EBPB_KeyhandlingSTTL-116708] Executing sendKeyEvents function:
2016-01-28 01:35:30,331 DEBUG [EBPB_KeyhandlingSTTL-116708] Entered sendKeyEvents function
2016-01-28 01:35:30,331 DEBUG [EBPB_KeyhandlingSTTL-116708] Minus
2016-01-28 01:35:30,331 DEBUG [EBPB_KeyhandlingSTTL-116708] Entered Minuskey
2016-01-28 01:35:30,331 DEBUG [EBPB_KeyhandlingSTTL-116708] Started executeCommandLine function
2016-01-28 01:35:34,352 DEBUG [EBPB_KeyhandlingSTTL-116708] Exiting from executeCommandLine function
2016-01-28 01:35:34,352 DEBUG [EBPB_KeyhandlingSTTL-116708] pass
2016-01-28 01:35:34,352 DEBUG [EBPB_KeyhandlingSTTL-116708] TestStepResult of sendKeyEvents: pass
2016-01-28 01:35:34,352 DEBUG [EBPB_KeyhandlingSTTL-116708] In execute keyword function
2016-01-28 01:35:34,352 DEBUG [EBPB_KeyhandlingSTTL-116708] Executing validate_textBoxData function:
2016-01-28 01:35:34,352 DEBUG [EBPB_KeyhandlingSTTL-116708] Executing getAttribute function
2016-01-28 01:35:34,537 DEBUG [EBPB_KeyhandlingSTTL-116708] 
2016-01-28 01:35:34,537 DEBUG [EBPB_KeyhandlingSTTL-116708]  value matches with Expected null value
2016-01-28 01:35:34,537 DEBUG [EBPB_KeyhandlingSTTL-116708] Result of validate_textBoxData: Pass
2016-01-28 01:35:34,537 DEBUG [EBPB_KeyhandlingSTTL-116708] In execute keyword function
2016-01-28 01:35:34,537 DEBUG [EBPB_KeyhandlingSTTL-116708] Executing validate_keyCaptured function:
2016-01-28 01:35:34,537 DEBUG [EBPB_KeyhandlingSTTL-116708] Entered validate_keyCaptured function
2016-01-28 01:35:34,756 DEBUG [EBPB_KeyhandlingSTTL-116708] 156
2016-01-28 01:35:34,756 DEBUG [EBPB_KeyhandlingSTTL-116708] Actual Value matches Expected
2016-01-28 01:35:34,756 DEBUG [EBPB_KeyhandlingSTTL-116708] pass
2016-01-28 01:35:34,756 DEBUG [EBPB_KeyhandlingSTTL-116708] Exiting from validate_keyCaptured function
2016-01-28 01:35:34,756 DEBUG [EBPB_KeyhandlingSTTL-116708] Result of validate_keyCaptured: pass
2016-01-28 01:35:34,756 DEBUG [EBPB_KeyhandlingSTTL-116708] In execute keyword function
2016-01-28 01:35:34,756 DEBUG [EBPB_KeyhandlingSTTL-116708] Executing SwitchApp function:
2016-01-28 01:35:34,806 DEBUG [EBPB_KeyhandlingSTTL-116708] Successfully switched to NATIVE_APP
2016-01-28 01:35:34,806 DEBUG [EBPB_KeyhandlingSTTL-116708] TestStepResult of SwitchApp: Pass
2016-01-28 01:35:34,806 DEBUG [EBPB_KeyhandlingSTTL-116708] In execute keyword function
2016-01-28 01:35:34,806 DEBUG [EBPB_KeyhandlingSTTL-116708] Executing ClickNativeIcon function:
2016-01-28 01:35:35,656 DEBUG [EBPB_KeyhandlingSTTL-116708] [[AppiumTouchActionExtension: selendroid on ANDROID (d49325a1-2434-0455-b874-7d2b9cf44166)] -> xpath: (//Button[@id='reload_button'])[1]]Clicked successfully
2016-01-28 01:35:35,656 DEBUG [EBPB_KeyhandlingSTTL-116708] TestStepResult of ClickNativeIcon: pass
2016-01-28 01:35:35,656 DEBUG [EBPB_KeyhandlingSTTL-116708] In execute keyword function
2016-01-28 01:35:35,656 DEBUG [EBPB_KeyhandlingSTTL-116708] Executing wait function:
2016-01-28 01:35:35,656 DEBUG [EBPB_KeyhandlingSTTL-116708] Started Executing wait function
2016-01-28 01:35:45,657 DEBUG [EBPB_KeyhandlingSTTL-116708] Exiting from wait function
2016-01-28 01:35:45,657 DEBUG [EBPB_KeyhandlingSTTL-116708] TestStepResult of wait: Pass
2016-01-28 01:35:45,657 DEBUG [EBPB_KeyhandlingSTTL-116708] In execute keyword function
2016-01-28 01:35:45,657 DEBUG [EBPB_KeyhandlingSTTL-116708] Executing SwitchApp function:
2016-01-28 01:35:45,766 DEBUG [EBPB_KeyhandlingSTTL-116708] Successfully switched to WEBVIEW
2016-01-28 01:35:45,766 DEBUG [EBPB_KeyhandlingSTTL-116708] TestStepResult of SwitchApp: Pass
2016-01-28 01:35:45,766 DEBUG [EBPB_KeyhandlingSTTL-116708] In execute keyword function
2016-01-28 01:35:45,766 DEBUG [EBPB_KeyhandlingSTTL-116708] Executing SelectTestToRun function:
2016-01-28 01:35:48,445 DEBUG [EBPB_KeyhandlingSTTL-116708] Successfull in selecting clicking the category
2016-01-28 01:35:48,445 DEBUG [EBPB_KeyhandlingSTTL-116708] TestStepResult of SelectTestToRun: pass
2016-01-28 01:35:48,445 DEBUG [EBPB_KeyhandlingSTTL-116708] In execute keyword function
2016-01-28 01:35:48,445 DEBUG [EBPB_KeyhandlingSTTL-116708] Executing ClickRunTest function:
2016-01-28 01:35:48,784 DEBUG [EBPB_KeyhandlingSTTL-116708] Executing Click function
2016-01-28 01:35:49,842 DEBUG [EBPB_KeyhandlingSTTL-116708] Exiting Click function
2016-01-28 01:35:49,842 DEBUG [EBPB_KeyhandlingSTTL-116708] runtest_top_xpath Button clicked Successfully
2016-01-28 01:35:49,842 DEBUG [EBPB_KeyhandlingSTTL-116708] TestStepResult of ClickRunTest: pass
2016-01-28 01:35:49,842 DEBUG [EBPB_KeyhandlingSTTL-116708] In execute keyword function
2016-01-28 01:35:49,842 DEBUG [EBPB_KeyhandlingSTTL-116708] Executing validate_Text_Exists function:
2016-01-28 01:35:50,110 DEBUG [EBPB_KeyhandlingSTTL-116708] VT056-0718 Testcase Text found
2016-01-28 01:35:50,110 DEBUG [EBPB_KeyhandlingSTTL-116708] Result of validate_Text_Exists: Pass
2016-01-28 01:35:50,110 DEBUG [EBPB_KeyhandlingSTTL-116708] In execute keyword function
2016-01-28 01:35:50,110 DEBUG [EBPB_KeyhandlingSTTL-116708] Executing textBoxClick function:
2016-01-28 01:35:51,578 DEBUG [EBPB_KeyhandlingSTTL-116708] keytxtInput_idtext box clicked successfully
2016-01-28 01:35:51,578 DEBUG [EBPB_KeyhandlingSTTL-116708] TestStepResult of textBoxClick: pass
2016-01-28 01:35:51,578 DEBUG [EBPB_KeyhandlingSTTL-116708] In execute keyword function
2016-01-28 01:35:51,578 DEBUG [EBPB_KeyhandlingSTTL-116708] Executing wait function:
2016-01-28 01:35:51,578 DEBUG [EBPB_KeyhandlingSTTL-116708] Started Executing wait function
2016-01-28 01:35:53,579 DEBUG [EBPB_KeyhandlingSTTL-116708] Exiting from wait function
2016-01-28 01:35:53,579 DEBUG [EBPB_KeyhandlingSTTL-116708] TestStepResult of wait: Pass
2016-01-28 01:35:53,579 DEBUG [EBPB_KeyhandlingSTTL-116708] In execute keyword function
2016-01-28 01:35:53,579 DEBUG [EBPB_KeyhandlingSTTL-116708] Executing sendKeyEvents function:
2016-01-28 01:35:53,579 DEBUG [EBPB_KeyhandlingSTTL-116708] Entered sendKeyEvents function
2016-01-28 01:35:53,579 DEBUG [EBPB_KeyhandlingSTTL-116708] Equals
2016-01-28 01:35:53,579 DEBUG [EBPB_KeyhandlingSTTL-116708] Entered Equalskey
2016-01-28 01:35:53,579 DEBUG [EBPB_KeyhandlingSTTL-116708] Started executeCommandLine function
2016-01-28 01:35:57,600 DEBUG [EBPB_KeyhandlingSTTL-116708] Exiting from executeCommandLine function
2016-01-28 01:35:57,600 DEBUG [EBPB_KeyhandlingSTTL-116708] pass
2016-01-28 01:35:57,600 DEBUG [EBPB_KeyhandlingSTTL-116708] TestStepResult of sendKeyEvents: pass
2016-01-28 01:35:57,600 DEBUG [EBPB_KeyhandlingSTTL-116708] In execute keyword function
2016-01-28 01:35:57,600 DEBUG [EBPB_KeyhandlingSTTL-116708] Executing validate_textBoxData function:
2016-01-28 01:35:57,600 DEBUG [EBPB_KeyhandlingSTTL-116708] Executing getAttribute function
2016-01-28 01:35:57,809 DEBUG [EBPB_KeyhandlingSTTL-116708] 
2016-01-28 01:35:57,809 DEBUG [EBPB_KeyhandlingSTTL-116708]  value matches with Expected null value
2016-01-28 01:35:57,809 DEBUG [EBPB_KeyhandlingSTTL-116708] Result of validate_textBoxData: Pass
2016-01-28 01:35:57,809 DEBUG [EBPB_KeyhandlingSTTL-116708] In execute keyword function
2016-01-28 01:35:57,809 DEBUG [EBPB_KeyhandlingSTTL-116708] Executing validate_keyCaptured function:
2016-01-28 01:35:57,809 DEBUG [EBPB_KeyhandlingSTTL-116708] Entered validate_keyCaptured function
2016-01-28 01:35:58,056 DEBUG [EBPB_KeyhandlingSTTL-116708] 161
2016-01-28 01:35:58,056 DEBUG [EBPB_KeyhandlingSTTL-116708] Actual Value matches Expected
2016-01-28 01:35:58,056 DEBUG [EBPB_KeyhandlingSTTL-116708] pass
2016-01-28 01:35:58,056 DEBUG [EBPB_KeyhandlingSTTL-116708] Exiting from validate_keyCaptured function
2016-01-28 01:35:58,056 DEBUG [EBPB_KeyhandlingSTTL-116708] Result of validate_keyCaptured: pass
2016-01-28 01:35:58,056 DEBUG [EBPB_KeyhandlingSTTL-116708] In execute keyword function
2016-01-28 01:35:58,057 DEBUG [EBPB_KeyhandlingSTTL-116708] Executing SwitchApp function:
2016-01-28 01:35:58,106 DEBUG [EBPB_KeyhandlingSTTL-116708] Successfully switched to NATIVE_APP
2016-01-28 01:35:58,107 DEBUG [EBPB_KeyhandlingSTTL-116708] TestStepResult of SwitchApp: Pass
2016-01-28 01:35:58,107 DEBUG [EBPB_KeyhandlingSTTL-116708] In execute keyword function
2016-01-28 01:35:58,107 DEBUG [EBPB_KeyhandlingSTTL-116708] Executing ClickNativeIcon function:
2016-01-28 01:35:58,935 DEBUG [EBPB_KeyhandlingSTTL-116708] [[AppiumTouchActionExtension: selendroid on ANDROID (d49325a1-2434-0455-b874-7d2b9cf44166)] -> xpath: (//Button[@id='reload_button'])[1]]Clicked successfully
2016-01-28 01:35:58,935 DEBUG [EBPB_KeyhandlingSTTL-116708] TestStepResult of ClickNativeIcon: pass
2016-01-28 01:35:58,935 DEBUG [EBPB_KeyhandlingSTTL-116708] In execute keyword function
2016-01-28 01:35:58,935 DEBUG [EBPB_KeyhandlingSTTL-116708] Executing wait function:
2016-01-28 01:35:58,935 DEBUG [EBPB_KeyhandlingSTTL-116708] Started Executing wait function
2016-01-28 01:36:08,936 DEBUG [EBPB_KeyhandlingSTTL-116708] Exiting from wait function
2016-01-28 01:36:08,936 DEBUG [EBPB_KeyhandlingSTTL-116708] TestStepResult of wait: Pass
2016-01-28 01:36:08,936 DEBUG [EBPB_KeyhandlingSTTL-116708] In execute keyword function
2016-01-28 01:36:08,936 DEBUG [EBPB_KeyhandlingSTTL-116708] Executing SwitchApp function:
2016-01-28 01:36:09,037 DEBUG [EBPB_KeyhandlingSTTL-116708] Successfully switched to WEBVIEW
2016-01-28 01:36:09,037 DEBUG [EBPB_KeyhandlingSTTL-116708] TestStepResult of SwitchApp: Pass
2016-01-28 01:36:09,038 DEBUG [EBPB_KeyhandlingSTTL-116708] In execute keyword function
2016-01-28 01:36:09,038 DEBUG [EBPB_KeyhandlingSTTL-116708] Executing SelectTestToRun function:
2016-01-28 01:36:11,619 DEBUG [EBPB_KeyhandlingSTTL-116708] Successfull in selecting clicking the category
2016-01-28 01:36:11,619 DEBUG [EBPB_KeyhandlingSTTL-116708] TestStepResult of SelectTestToRun: pass
2016-01-28 01:36:11,619 DEBUG [EBPB_KeyhandlingSTTL-116708] In execute keyword function
2016-01-28 01:36:11,619 DEBUG [EBPB_KeyhandlingSTTL-116708] Executing ClickRunTest function:
2016-01-28 01:36:11,962 DEBUG [EBPB_KeyhandlingSTTL-116708] Executing Click function
2016-01-28 01:36:12,992 DEBUG [EBPB_KeyhandlingSTTL-116708] Exiting Click function
2016-01-28 01:36:12,992 DEBUG [EBPB_KeyhandlingSTTL-116708] runtest_top_xpath Button clicked Successfully
2016-01-28 01:36:12,992 DEBUG [EBPB_KeyhandlingSTTL-116708] TestStepResult of ClickRunTest: pass
2016-01-28 01:36:12,992 DEBUG [EBPB_KeyhandlingSTTL-116708] In execute keyword function
2016-01-28 01:36:12,993 DEBUG [EBPB_KeyhandlingSTTL-116708] Executing validate_Text_Exists function:
2016-01-28 01:36:13,202 DEBUG [EBPB_KeyhandlingSTTL-116708] VT056-0718 Testcase Text found
2016-01-28 01:36:13,202 DEBUG [EBPB_KeyhandlingSTTL-116708] Result of validate_Text_Exists: Pass
2016-01-28 01:36:13,203 DEBUG [EBPB_KeyhandlingSTTL-116708] In execute keyword function
2016-01-28 01:36:13,203 DEBUG [EBPB_KeyhandlingSTTL-116708] Executing textBoxClick function:
2016-01-28 01:36:14,630 DEBUG [EBPB_KeyhandlingSTTL-116708] keytxtInput_idtext box clicked successfully
2016-01-28 01:36:14,630 DEBUG [EBPB_KeyhandlingSTTL-116708] TestStepResult of textBoxClick: pass
2016-01-28 01:36:14,630 DEBUG [EBPB_KeyhandlingSTTL-116708] In execute keyword function
2016-01-28 01:36:14,630 DEBUG [EBPB_KeyhandlingSTTL-116708] Executing wait function:
2016-01-28 01:36:14,630 DEBUG [EBPB_KeyhandlingSTTL-116708] Started Executing wait function
2016-01-28 01:36:16,630 DEBUG [EBPB_KeyhandlingSTTL-116708] Exiting from wait function
2016-01-28 01:36:16,630 DEBUG [EBPB_KeyhandlingSTTL-116708] TestStepResult of wait: Pass
2016-01-28 01:36:16,630 DEBUG [EBPB_KeyhandlingSTTL-116708] In execute keyword function
2016-01-28 01:36:16,630 DEBUG [EBPB_KeyhandlingSTTL-116708] Executing sendKeyEvents function:
2016-01-28 01:36:16,630 DEBUG [EBPB_KeyhandlingSTTL-116708] Entered sendKeyEvents function
2016-01-28 01:36:16,630 DEBUG [EBPB_KeyhandlingSTTL-116708] DecimalPoint
2016-01-28 01:36:16,630 DEBUG [EBPB_KeyhandlingSTTL-116708] Entered DecimalPointkey
2016-01-28 01:36:16,630 DEBUG [EBPB_KeyhandlingSTTL-116708] Started executeCommandLine function
2016-01-28 01:36:20,652 DEBUG [EBPB_KeyhandlingSTTL-116708] Exiting from executeCommandLine function
2016-01-28 01:36:20,652 DEBUG [EBPB_KeyhandlingSTTL-116708] pass
2016-01-28 01:36:20,652 DEBUG [EBPB_KeyhandlingSTTL-116708] TestStepResult of sendKeyEvents: pass
2016-01-28 01:36:20,652 DEBUG [EBPB_KeyhandlingSTTL-116708] In execute keyword function
2016-01-28 01:36:20,652 DEBUG [EBPB_KeyhandlingSTTL-116708] Executing validate_textBoxData function:
2016-01-28 01:36:20,652 DEBUG [EBPB_KeyhandlingSTTL-116708] Executing getAttribute function
2016-01-28 01:36:20,843 DEBUG [EBPB_KeyhandlingSTTL-116708] 
2016-01-28 01:36:20,843 DEBUG [EBPB_KeyhandlingSTTL-116708]  value matches with Expected null value
2016-01-28 01:36:20,843 DEBUG [EBPB_KeyhandlingSTTL-116708] Result of validate_textBoxData: Pass
2016-01-28 01:36:20,843 DEBUG [EBPB_KeyhandlingSTTL-116708] In execute keyword function
2016-01-28 01:36:20,843 DEBUG [EBPB_KeyhandlingSTTL-116708] Executing validate_keyCaptured function:
2016-01-28 01:36:20,843 DEBUG [EBPB_KeyhandlingSTTL-116708] Entered validate_keyCaptured function
2016-01-28 01:36:21,060 DEBUG [EBPB_KeyhandlingSTTL-116708] 56
2016-01-28 01:36:21,060 DEBUG [EBPB_KeyhandlingSTTL-116708] Actual Value matches Expected
2016-01-28 01:36:21,060 DEBUG [EBPB_KeyhandlingSTTL-116708] pass
2016-01-28 01:36:21,060 DEBUG [EBPB_KeyhandlingSTTL-116708] Exiting from validate_keyCaptured function
2016-01-28 01:36:21,060 DEBUG [EBPB_KeyhandlingSTTL-116708] Result of validate_keyCaptured: pass
2016-01-28 01:36:21,060 DEBUG [EBPB_KeyhandlingSTTL-116708] In execute keyword function
2016-01-28 01:36:21,060 DEBUG [EBPB_KeyhandlingSTTL-116708] Executing SwitchApp function:
2016-01-28 01:36:21,110 DEBUG [EBPB_KeyhandlingSTTL-116708] Successfully switched to NATIVE_APP
2016-01-28 01:36:21,110 DEBUG [EBPB_KeyhandlingSTTL-116708] TestStepResult of SwitchApp: Pass
2016-01-28 01:36:21,110 DEBUG [EBPB_KeyhandlingSTTL-116708] In execute keyword function
2016-01-28 01:36:21,110 DEBUG [EBPB_KeyhandlingSTTL-116708] Executing ClickNativeIcon function:
2016-01-28 01:36:21,958 DEBUG [EBPB_KeyhandlingSTTL-116708] [[AppiumTouchActionExtension: selendroid on ANDROID (d49325a1-2434-0455-b874-7d2b9cf44166)] -> xpath: (//Button[@id='reload_button'])[1]]Clicked successfully
2016-01-28 01:36:21,958 DEBUG [EBPB_KeyhandlingSTTL-116708] TestStepResult of ClickNativeIcon: pass
2016-01-28 01:36:21,958 DEBUG [EBPB_KeyhandlingSTTL-116708] In execute keyword function
2016-01-28 01:36:21,958 DEBUG [EBPB_KeyhandlingSTTL-116708] Executing wait function:
2016-01-28 01:36:21,958 DEBUG [EBPB_KeyhandlingSTTL-116708] Started Executing wait function
2016-01-28 01:36:31,959 DEBUG [EBPB_KeyhandlingSTTL-116708] Exiting from wait function
2016-01-28 01:36:31,959 DEBUG [EBPB_KeyhandlingSTTL-116708] TestStepResult of wait: Pass
2016-01-28 01:36:31,959 DEBUG [EBPB_KeyhandlingSTTL-116708] In execute keyword function
2016-01-28 01:36:31,959 DEBUG [EBPB_KeyhandlingSTTL-116708] Executing SwitchApp function:
2016-01-28 01:36:32,046 DEBUG [EBPB_KeyhandlingSTTL-116708] Successfully switched to WEBVIEW
2016-01-28 01:36:32,046 DEBUG [EBPB_KeyhandlingSTTL-116708] TestStepResult of SwitchApp: Pass
2016-01-28 01:36:32,046 DEBUG [EBPB_KeyhandlingSTTL-116708] In execute keyword function
2016-01-28 01:36:32,046 DEBUG [EBPB_KeyhandlingSTTL-116708] Executing SelectTestToRun function:
2016-01-28 01:36:34,683 DEBUG [EBPB_KeyhandlingSTTL-116708] Successfull in selecting clicking the category
2016-01-28 01:36:34,683 DEBUG [EBPB_KeyhandlingSTTL-116708] TestStepResult of SelectTestToRun: pass
2016-01-28 01:36:34,683 DEBUG [EBPB_KeyhandlingSTTL-116708] In execute keyword function
2016-01-28 01:36:34,683 DEBUG [EBPB_KeyhandlingSTTL-116708] Executing ClickRunTest function:
2016-01-28 01:36:35,023 DEBUG [EBPB_KeyhandlingSTTL-116708] Executing Click function
2016-01-28 01:36:36,031 DEBUG [EBPB_KeyhandlingSTTL-116708] Exiting Click function
2016-01-28 01:36:36,031 DEBUG [EBPB_KeyhandlingSTTL-116708] runtest_top_xpath Button clicked Successfully
2016-01-28 01:36:36,031 DEBUG [EBPB_KeyhandlingSTTL-116708] TestStepResult of ClickRunTest: pass
2016-01-28 01:36:36,031 DEBUG [EBPB_KeyhandlingSTTL-116708] In execute keyword function
2016-01-28 01:36:36,031 DEBUG [EBPB_KeyhandlingSTTL-116708] Executing validate_Text_Exists function:
2016-01-28 01:36:36,284 DEBUG [EBPB_KeyhandlingSTTL-116708] VT056-0718 Testcase Text found
2016-01-28 01:36:36,284 DEBUG [EBPB_KeyhandlingSTTL-116708] Result of validate_Text_Exists: Pass
2016-01-28 01:36:36,284 DEBUG [EBPB_KeyhandlingSTTL-116708] In execute keyword function
2016-01-28 01:36:36,284 DEBUG [EBPB_KeyhandlingSTTL-116708] Executing textBoxClick function:
2016-01-28 01:36:37,729 DEBUG [EBPB_KeyhandlingSTTL-116708] keytxtInput_idtext box clicked successfully
2016-01-28 01:36:37,729 DEBUG [EBPB_KeyhandlingSTTL-116708] TestStepResult of textBoxClick: pass
2016-01-28 01:36:37,729 DEBUG [EBPB_KeyhandlingSTTL-116708] In execute keyword function
2016-01-28 01:36:37,729 DEBUG [EBPB_KeyhandlingSTTL-116708] Executing wait function:
2016-01-28 01:36:37,729 DEBUG [EBPB_KeyhandlingSTTL-116708] Started Executing wait function
2016-01-28 01:36:39,729 DEBUG [EBPB_KeyhandlingSTTL-116708] Exiting from wait function
2016-01-28 01:36:39,729 DEBUG [EBPB_KeyhandlingSTTL-116708] TestStepResult of wait: Pass
2016-01-28 01:36:39,729 DEBUG [EBPB_KeyhandlingSTTL-116708] In execute keyword function
2016-01-28 01:36:39,729 DEBUG [EBPB_KeyhandlingSTTL-116708] Executing sendKeyEvents function:
2016-01-28 01:36:39,729 DEBUG [EBPB_KeyhandlingSTTL-116708] Entered sendKeyEvents function
2016-01-28 01:36:39,729 DEBUG [EBPB_KeyhandlingSTTL-116708] u
2016-01-28 01:36:39,729 DEBUG [EBPB_KeyhandlingSTTL-116708] Entered u
2016-01-28 01:36:39,729 DEBUG [EBPB_KeyhandlingSTTL-116708] Started executeCommandLine function
2016-01-28 01:36:43,751 DEBUG [EBPB_KeyhandlingSTTL-116708] Exiting from executeCommandLine function
2016-01-28 01:36:43,751 DEBUG [EBPB_KeyhandlingSTTL-116708] pass
2016-01-28 01:36:43,751 DEBUG [EBPB_KeyhandlingSTTL-116708] TestStepResult of sendKeyEvents: pass
2016-01-28 01:36:43,751 DEBUG [EBPB_KeyhandlingSTTL-116708] In execute keyword function
2016-01-28 01:36:43,751 DEBUG [EBPB_KeyhandlingSTTL-116708] Executing validate_textBoxData function:
2016-01-28 01:36:43,751 DEBUG [EBPB_KeyhandlingSTTL-116708] Executing getAttribute function
2016-01-28 01:36:43,926 DEBUG [EBPB_KeyhandlingSTTL-116708] 
2016-01-28 01:36:43,926 DEBUG [EBPB_KeyhandlingSTTL-116708]  value matches with Expected null value
2016-01-28 01:36:43,926 DEBUG [EBPB_KeyhandlingSTTL-116708] Result of validate_textBoxData: Pass
2016-01-28 01:36:43,926 DEBUG [EBPB_KeyhandlingSTTL-116708] In execute keyword function
2016-01-28 01:36:43,926 DEBUG [EBPB_KeyhandlingSTTL-116708] Executing validate_keyCaptured function:
2016-01-28 01:36:43,926 DEBUG [EBPB_KeyhandlingSTTL-116708] Entered validate_keyCaptured function
2016-01-28 01:36:44,178 DEBUG [EBPB_KeyhandlingSTTL-116708] 49
2016-01-28 01:36:44,178 DEBUG [EBPB_KeyhandlingSTTL-116708] Actual Value matches Expected
2016-01-28 01:36:44,178 DEBUG [EBPB_KeyhandlingSTTL-116708] pass
2016-01-28 01:36:44,178 DEBUG [EBPB_KeyhandlingSTTL-116708] Exiting from validate_keyCaptured function
2016-01-28 01:36:44,178 DEBUG [EBPB_KeyhandlingSTTL-116708] Result of validate_keyCaptured: pass
2016-01-28 01:36:44,178 DEBUG [EBPB_KeyhandlingSTTL-116708] allstep_result contains: passPasspasspasspassPassPasspassPasspassPasspasspasspassPassPasspassPasspassPasspasspasspassPassPasspassPasspassPasspasspasspassPassPasspassPasspassPasspasspasspassPassPasspassPasspassPasspasspasspassPassPasspassPasspassPasspasspasspassPassPasspassPasspassPasspasspasspassPassPassnull
2016-01-28 01:36:44,178 DEBUG [EBPB_KeyhandlingSTTL-116708] allexpected_result contains: nullPasspassnullPassnullPasspassnullPassnullPasspassnullPassnullPasspassnullPassnullPasspassnullPassnullPasspassnullPassnullPasspassnullPassnullPasspassnullPassnullpassnullpassnull
2016-01-28 01:36:44,178 DEBUG [EBPB_KeyhandlingSTTL-116708] Testcase_Result contains: nullPasspassnullPassnullPasspassnullPassnullPasspassnullPassnullPasspassnullPassnullPasspassnullPassnullPasspassnullPassnullPasspassnullPassnullPasspassnullPassnullpassnullpassnullpassPasspasspasspassPassPasspassPasspassPasspasspasspassPassPasspassPasspassPasspasspasspassPassPasspassPasspassPasspasspasspassPassPasspassPasspassPasspasspasspassPassPasspassPasspassPasspasspasspassPassPasspassPasspassPasspasspasspassPassPasspassPasspassPasspasspasspassPassPassnull
2016-01-28 01:36:44,178 DEBUG [EBPB_KeyhandlingSTTL-116708] Test case with description KeyValue:All  Dispatch:false for Alphabets and Special Keys Pass
2016-01-28 01:36:45,169 DEBUG [EBPB_KeyhandlingSTTL-116708] Executing browser_Quit function
2016-01-28 01:36:45,169 DEBUG [EBPB_KeyhandlingSTTL-116708] Completed browser_Quit function
2016-01-28 01:36:45,169 DEBUG [EBPB_KeyhandlingSTTL-116708] Completed quitSelendroid function
2016-01-28 01:36:45,169 DEBUG [EBPB_KeyhandlingSTTL-116708] Row number:9
2016-01-28 01:36:45,200 DEBUG [EBPB_KeyhandlingSTTL-116708] Ending Test Case IDSTTL-116708
