2016-01-28 01:36:45,213 DEBUG [EBPB_KeyhandlingSTTL-116709] Executing Test Case ID: STTL-116709
2016-01-28 01:36:45,221 DEBUG [EBPB_KeyhandlingSTTL-116709] Executing Init_Selendroid function with APK as parameter and clear data value with 1
2016-01-28 01:36:55,691 DEBUG [EBPB_KeyhandlingSTTL-116709] Exiting Init_Selendroid function
2016-01-28 01:36:55,709 DEBUG [EBPB_KeyhandlingSTTL-116709] TestCase with Description "KeyValue:All Dispatch:Empty String """ Execution started
2016-01-28 01:36:55,709 DEBUG [EBPB_KeyhandlingSTTL-116709] In execute keyword function
2016-01-28 01:36:55,709 DEBUG [EBPB_KeyhandlingSTTL-116709] Executing wait function:
2016-01-28 01:36:55,709 DEBUG [EBPB_KeyhandlingSTTL-116709] Started Executing wait function
2016-01-28 01:37:00,710 DEBUG [EBPB_KeyhandlingSTTL-116709] Exiting from wait function
2016-01-28 01:37:00,710 DEBUG [EBPB_KeyhandlingSTTL-116709] TestStepResult of wait: Pass
2016-01-28 01:37:00,710 DEBUG [EBPB_KeyhandlingSTTL-116709] In execute keyword function
2016-01-28 01:37:00,710 DEBUG [EBPB_KeyhandlingSTTL-116709] Executing validate_PageTitle function:
2016-01-28 01:37:00,757 DEBUG [EBPB_KeyhandlingSTTL-116709] The title of the page is *********************************: Pocket Browser Tests
2016-01-28 01:37:00,757 DEBUG [EBPB_KeyhandlingSTTL-116709] The page title found is correct
2016-01-28 01:37:00,757 DEBUG [EBPB_KeyhandlingSTTL-116709] Result of validate_PageTitle: pass
2016-01-28 01:37:00,757 DEBUG [EBPB_KeyhandlingSTTL-116709] In execute keyword function
2016-01-28 01:37:00,757 DEBUG [EBPB_KeyhandlingSTTL-116709] Executing link_Click function:
2016-01-28 01:37:01,341 DEBUG [EBPB_KeyhandlingSTTL-116709] Executing Click function
2016-01-28 01:37:02,442 DEBUG [EBPB_KeyhandlingSTTL-116709] Exiting Click function
2016-01-28 01:37:02,442 DEBUG [EBPB_KeyhandlingSTTL-116709] keyhandling_link clicked successfully
2016-01-28 01:37:02,442 DEBUG [EBPB_KeyhandlingSTTL-116709] TestStepResult of link_Click: Pass
2016-01-28 01:37:02,442 DEBUG [EBPB_KeyhandlingSTTL-116709] In execute keyword function
2016-01-28 01:37:02,442 DEBUG [EBPB_KeyhandlingSTTL-116709] Executing validate_PageTitle function:
2016-01-28 01:37:02,479 DEBUG [EBPB_KeyhandlingSTTL-116709] The title of the page is *********************************: PB and RE2.2 Semi Auto Frame Work : Keyhandling
2016-01-28 01:37:02,479 DEBUG [EBPB_KeyhandlingSTTL-116709] The page title found is correct
2016-01-28 01:37:02,479 DEBUG [EBPB_KeyhandlingSTTL-116709] Result of validate_PageTitle: pass
2016-01-28 01:37:02,479 DEBUG [EBPB_KeyhandlingSTTL-116709] In execute keyword function
2016-01-28 01:37:02,479 DEBUG [EBPB_KeyhandlingSTTL-116709] Executing SelectTestToRun function:
2016-01-28 01:37:07,975 DEBUG [EBPB_KeyhandlingSTTL-116709] Successfull in selecting clicking the category
2016-01-28 01:37:07,975 DEBUG [EBPB_KeyhandlingSTTL-116709] TestStepResult of SelectTestToRun: pass
2016-01-28 01:37:07,975 DEBUG [EBPB_KeyhandlingSTTL-116709] In execute keyword function
2016-01-28 01:37:07,975 DEBUG [EBPB_KeyhandlingSTTL-116709] Executing ClickRunTest function:
2016-01-28 01:37:08,394 DEBUG [EBPB_KeyhandlingSTTL-116709] Executing Click function
2016-01-28 01:37:09,362 DEBUG [EBPB_KeyhandlingSTTL-116709] Exiting Click function
2016-01-28 01:37:09,362 DEBUG [EBPB_KeyhandlingSTTL-116709] runtest_top_xpath Button clicked Successfully
2016-01-28 01:37:09,362 DEBUG [EBPB_KeyhandlingSTTL-116709] TestStepResult of ClickRunTest: pass
2016-01-28 01:37:09,362 DEBUG [EBPB_KeyhandlingSTTL-116709] In execute keyword function
2016-01-28 01:37:09,362 DEBUG [EBPB_KeyhandlingSTTL-116709] Executing validate_Text_Exists function:
2016-01-28 01:37:09,662 DEBUG [EBPB_KeyhandlingSTTL-116709] VT056-0719 Testcase Text found
2016-01-28 01:37:09,663 DEBUG [EBPB_KeyhandlingSTTL-116709] Result of validate_Text_Exists: Pass
2016-01-28 01:37:09,663 DEBUG [EBPB_KeyhandlingSTTL-116709] In execute keyword function
2016-01-28 01:37:09,663 DEBUG [EBPB_KeyhandlingSTTL-116709] Executing textBoxClick function:
2016-01-28 01:37:11,069 DEBUG [EBPB_KeyhandlingSTTL-116709] keytxtInput_idtext box clicked successfully
2016-01-28 01:37:11,069 DEBUG [EBPB_KeyhandlingSTTL-116709] TestStepResult of textBoxClick: pass
2016-01-28 01:37:11,069 DEBUG [EBPB_KeyhandlingSTTL-116709] In execute keyword function
2016-01-28 01:37:11,069 DEBUG [EBPB_KeyhandlingSTTL-116709] Executing wait function:
2016-01-28 01:37:11,069 DEBUG [EBPB_KeyhandlingSTTL-116709] Started Executing wait function
2016-01-28 01:37:13,070 DEBUG [EBPB_KeyhandlingSTTL-116709] Exiting from wait function
2016-01-28 01:37:13,070 DEBUG [EBPB_KeyhandlingSTTL-116709] TestStepResult of wait: Pass
2016-01-28 01:37:13,070 DEBUG [EBPB_KeyhandlingSTTL-116709] In execute keyword function
2016-01-28 01:37:13,070 DEBUG [EBPB_KeyhandlingSTTL-116709] Executing sendKeyEvents function:
2016-01-28 01:37:13,070 DEBUG [EBPB_KeyhandlingSTTL-116709] Entered sendKeyEvents function
2016-01-28 01:37:13,070 DEBUG [EBPB_KeyhandlingSTTL-116709] 0
2016-01-28 01:37:13,070 DEBUG [EBPB_KeyhandlingSTTL-116709] Entered 0
2016-01-28 01:37:13,070 DEBUG [EBPB_KeyhandlingSTTL-116709] Started executeCommandLine function
2016-01-28 01:37:17,091 DEBUG [EBPB_KeyhandlingSTTL-116709] Exiting from executeCommandLine function
2016-01-28 01:37:17,091 DEBUG [EBPB_KeyhandlingSTTL-116709] pass
2016-01-28 01:37:17,091 DEBUG [EBPB_KeyhandlingSTTL-116709] TestStepResult of sendKeyEvents: pass
2016-01-28 01:37:17,091 DEBUG [EBPB_KeyhandlingSTTL-116709] In execute keyword function
2016-01-28 01:37:17,091 DEBUG [EBPB_KeyhandlingSTTL-116709] Executing validate_textBoxData function:
2016-01-28 01:37:17,091 DEBUG [EBPB_KeyhandlingSTTL-116709] Executing getAttribute function
2016-01-28 01:37:17,254 DEBUG [EBPB_KeyhandlingSTTL-116709] 
2016-01-28 01:37:17,254 DEBUG [EBPB_KeyhandlingSTTL-116709]  value matches with Expected null value
2016-01-28 01:37:17,254 DEBUG [EBPB_KeyhandlingSTTL-116709] Result of validate_textBoxData: Pass
2016-01-28 01:37:17,254 DEBUG [EBPB_KeyhandlingSTTL-116709] In execute keyword function
2016-01-28 01:37:17,254 DEBUG [EBPB_KeyhandlingSTTL-116709] Executing validate_keyCaptured function:
2016-01-28 01:37:17,254 DEBUG [EBPB_KeyhandlingSTTL-116709] Entered validate_keyCaptured function
2016-01-28 01:37:17,492 DEBUG [EBPB_KeyhandlingSTTL-116709] 7
2016-01-28 01:37:17,493 DEBUG [EBPB_KeyhandlingSTTL-116709] Actual Value matches Expected
2016-01-28 01:37:17,493 DEBUG [EBPB_KeyhandlingSTTL-116709] pass
2016-01-28 01:37:17,493 DEBUG [EBPB_KeyhandlingSTTL-116709] Exiting from validate_keyCaptured function
2016-01-28 01:37:17,493 DEBUG [EBPB_KeyhandlingSTTL-116709] Result of validate_keyCaptured: pass
2016-01-28 01:37:17,493 DEBUG [EBPB_KeyhandlingSTTL-116709] In execute keyword function
2016-01-28 01:37:17,493 DEBUG [EBPB_KeyhandlingSTTL-116709] Executing sendKeyEvents function:
2016-01-28 01:37:17,493 DEBUG [EBPB_KeyhandlingSTTL-116709] Entered sendKeyEvents function
2016-01-28 01:37:17,493 DEBUG [EBPB_KeyhandlingSTTL-116709] 5
2016-01-28 01:37:17,493 DEBUG [EBPB_KeyhandlingSTTL-116709] Entered 5
2016-01-28 01:37:17,493 DEBUG [EBPB_KeyhandlingSTTL-116709] Started executeCommandLine function
2016-01-28 01:37:21,502 DEBUG [EBPB_KeyhandlingSTTL-116709] Exiting from executeCommandLine function
2016-01-28 01:37:21,502 DEBUG [EBPB_KeyhandlingSTTL-116709] pass
2016-01-28 01:37:21,502 DEBUG [EBPB_KeyhandlingSTTL-116709] TestStepResult of sendKeyEvents: pass
2016-01-28 01:37:21,502 DEBUG [EBPB_KeyhandlingSTTL-116709] In execute keyword function
2016-01-28 01:37:21,502 DEBUG [EBPB_KeyhandlingSTTL-116709] Executing validate_textBoxData function:
2016-01-28 01:37:21,502 DEBUG [EBPB_KeyhandlingSTTL-116709] Executing getAttribute function
2016-01-28 01:37:21,620 DEBUG [EBPB_KeyhandlingSTTL-116709] 
2016-01-28 01:37:21,620 DEBUG [EBPB_KeyhandlingSTTL-116709]  value matches with Expected null value
2016-01-28 01:37:21,620 DEBUG [EBPB_KeyhandlingSTTL-116709] Result of validate_textBoxData: Pass
2016-01-28 01:37:21,620 DEBUG [EBPB_KeyhandlingSTTL-116709] In execute keyword function
2016-01-28 01:37:21,620 DEBUG [EBPB_KeyhandlingSTTL-116709] Executing validate_keyCaptured function:
2016-01-28 01:37:21,620 DEBUG [EBPB_KeyhandlingSTTL-116709] Entered validate_keyCaptured function
2016-01-28 01:37:21,808 DEBUG [EBPB_KeyhandlingSTTL-116709] 12
2016-01-28 01:37:21,808 DEBUG [EBPB_KeyhandlingSTTL-116709] Actual Value matches Expected
2016-01-28 01:37:21,808 DEBUG [EBPB_KeyhandlingSTTL-116709] pass
2016-01-28 01:37:21,808 DEBUG [EBPB_KeyhandlingSTTL-116709] Exiting from validate_keyCaptured function
2016-01-28 01:37:21,808 DEBUG [EBPB_KeyhandlingSTTL-116709] Result of validate_keyCaptured: pass
2016-01-28 01:37:21,808 DEBUG [EBPB_KeyhandlingSTTL-116709] In execute keyword function
2016-01-28 01:37:21,808 DEBUG [EBPB_KeyhandlingSTTL-116709] Executing sendKeyEvents function:
2016-01-28 01:37:21,808 DEBUG [EBPB_KeyhandlingSTTL-116709] Entered sendKeyEvents function
2016-01-28 01:37:21,808 DEBUG [EBPB_KeyhandlingSTTL-116709] l
2016-01-28 01:37:21,808 DEBUG [EBPB_KeyhandlingSTTL-116709] Entered l
2016-01-28 01:37:21,808 DEBUG [EBPB_KeyhandlingSTTL-116709] Started executeCommandLine function
2016-01-28 01:37:25,829 DEBUG [EBPB_KeyhandlingSTTL-116709] Exiting from executeCommandLine function
2016-01-28 01:37:25,829 DEBUG [EBPB_KeyhandlingSTTL-116709] pass
2016-01-28 01:37:25,829 DEBUG [EBPB_KeyhandlingSTTL-116709] TestStepResult of sendKeyEvents: pass
2016-01-28 01:37:25,829 DEBUG [EBPB_KeyhandlingSTTL-116709] In execute keyword function
2016-01-28 01:37:25,829 DEBUG [EBPB_KeyhandlingSTTL-116709] Executing validate_textBoxData function:
2016-01-28 01:37:25,829 DEBUG [EBPB_KeyhandlingSTTL-116709] Executing getAttribute function
2016-01-28 01:37:26,042 DEBUG [EBPB_KeyhandlingSTTL-116709] 
2016-01-28 01:37:26,042 DEBUG [EBPB_KeyhandlingSTTL-116709]  value matches with Expected null value
2016-01-28 01:37:26,042 DEBUG [EBPB_KeyhandlingSTTL-116709] Result of validate_textBoxData: Pass
2016-01-28 01:37:26,042 DEBUG [EBPB_KeyhandlingSTTL-116709] In execute keyword function
2016-01-28 01:37:26,042 DEBUG [EBPB_KeyhandlingSTTL-116709] Executing validate_keyCaptured function:
2016-01-28 01:37:26,042 DEBUG [EBPB_KeyhandlingSTTL-116709] Entered validate_keyCaptured function
2016-01-28 01:37:26,177 DEBUG [EBPB_KeyhandlingSTTL-116709] 40
2016-01-28 01:37:26,177 DEBUG [EBPB_KeyhandlingSTTL-116709] Actual Value matches Expected
2016-01-28 01:37:26,177 DEBUG [EBPB_KeyhandlingSTTL-116709] pass
2016-01-28 01:37:26,177 DEBUG [EBPB_KeyhandlingSTTL-116709] Exiting from validate_keyCaptured function
2016-01-28 01:37:26,177 DEBUG [EBPB_KeyhandlingSTTL-116709] Result of validate_keyCaptured: pass
2016-01-28 01:37:26,177 DEBUG [EBPB_KeyhandlingSTTL-116709] In execute keyword function
2016-01-28 01:37:26,177 DEBUG [EBPB_KeyhandlingSTTL-116709] Executing sendKeyEvents function:
2016-01-28 01:37:26,177 DEBUG [EBPB_KeyhandlingSTTL-116709] Entered sendKeyEvents function
2016-01-28 01:37:26,177 DEBUG [EBPB_KeyhandlingSTTL-116709] q
2016-01-28 01:37:26,177 DEBUG [EBPB_KeyhandlingSTTL-116709] Entered q
2016-01-28 01:37:26,177 DEBUG [EBPB_KeyhandlingSTTL-116709] Started executeCommandLine function
2016-01-28 01:37:30,198 DEBUG [EBPB_KeyhandlingSTTL-116709] Exiting from executeCommandLine function
2016-01-28 01:37:30,198 DEBUG [EBPB_KeyhandlingSTTL-116709] pass
2016-01-28 01:37:30,198 DEBUG [EBPB_KeyhandlingSTTL-116709] TestStepResult of sendKeyEvents: pass
2016-01-28 01:37:30,198 DEBUG [EBPB_KeyhandlingSTTL-116709] In execute keyword function
2016-01-28 01:37:30,198 DEBUG [EBPB_KeyhandlingSTTL-116709] Executing validate_textBoxData function:
2016-01-28 01:37:30,198 DEBUG [EBPB_KeyhandlingSTTL-116709] Executing getAttribute function
2016-01-28 01:37:30,387 DEBUG [EBPB_KeyhandlingSTTL-116709] 
2016-01-28 01:37:30,387 DEBUG [EBPB_KeyhandlingSTTL-116709]  value matches with Expected null value
2016-01-28 01:37:30,387 DEBUG [EBPB_KeyhandlingSTTL-116709] Result of validate_textBoxData: Pass
2016-01-28 01:37:30,387 DEBUG [EBPB_KeyhandlingSTTL-116709] In execute keyword function
2016-01-28 01:37:30,387 DEBUG [EBPB_KeyhandlingSTTL-116709] Executing validate_keyCaptured function:
2016-01-28 01:37:30,387 DEBUG [EBPB_KeyhandlingSTTL-116709] Entered validate_keyCaptured function
2016-01-28 01:37:30,526 DEBUG [EBPB_KeyhandlingSTTL-116709] 45
2016-01-28 01:37:30,526 DEBUG [EBPB_KeyhandlingSTTL-116709] Actual Value matches Expected
2016-01-28 01:37:30,526 DEBUG [EBPB_KeyhandlingSTTL-116709] pass
2016-01-28 01:37:30,526 DEBUG [EBPB_KeyhandlingSTTL-116709] Exiting from validate_keyCaptured function
2016-01-28 01:37:30,526 DEBUG [EBPB_KeyhandlingSTTL-116709] Result of validate_keyCaptured: pass
2016-01-28 01:37:30,526 DEBUG [EBPB_KeyhandlingSTTL-116709] In execute keyword function
2016-01-28 01:37:30,526 DEBUG [EBPB_KeyhandlingSTTL-116709] Executing sendKeyEvents function:
2016-01-28 01:37:30,526 DEBUG [EBPB_KeyhandlingSTTL-116709] Entered sendKeyEvents function
2016-01-28 01:37:30,526 DEBUG [EBPB_KeyhandlingSTTL-116709] Minus
2016-01-28 01:37:30,526 DEBUG [EBPB_KeyhandlingSTTL-116709] Entered Minuskey
2016-01-28 01:37:30,526 DEBUG [EBPB_KeyhandlingSTTL-116709] Started executeCommandLine function
2016-01-28 01:37:34,546 DEBUG [EBPB_KeyhandlingSTTL-116709] Exiting from executeCommandLine function
2016-01-28 01:37:34,546 DEBUG [EBPB_KeyhandlingSTTL-116709] pass
2016-01-28 01:37:34,546 DEBUG [EBPB_KeyhandlingSTTL-116709] TestStepResult of sendKeyEvents: pass
2016-01-28 01:37:34,546 DEBUG [EBPB_KeyhandlingSTTL-116709] In execute keyword function
2016-01-28 01:37:34,546 DEBUG [EBPB_KeyhandlingSTTL-116709] Executing validate_textBoxData function:
2016-01-28 01:37:34,546 DEBUG [EBPB_KeyhandlingSTTL-116709] Executing getAttribute function
2016-01-28 01:37:34,738 DEBUG [EBPB_KeyhandlingSTTL-116709] 
2016-01-28 01:37:34,738 DEBUG [EBPB_KeyhandlingSTTL-116709]  value matches with Expected null value
2016-01-28 01:37:34,738 DEBUG [EBPB_KeyhandlingSTTL-116709] Result of validate_textBoxData: Pass
2016-01-28 01:37:34,738 DEBUG [EBPB_KeyhandlingSTTL-116709] In execute keyword function
2016-01-28 01:37:34,738 DEBUG [EBPB_KeyhandlingSTTL-116709] Executing validate_keyCaptured function:
2016-01-28 01:37:34,738 DEBUG [EBPB_KeyhandlingSTTL-116709] Entered validate_keyCaptured function
2016-01-28 01:37:34,997 DEBUG [EBPB_KeyhandlingSTTL-116709] 156
2016-01-28 01:37:34,997 DEBUG [EBPB_KeyhandlingSTTL-116709] Actual Value matches Expected
2016-01-28 01:37:34,997 DEBUG [EBPB_KeyhandlingSTTL-116709] pass
2016-01-28 01:37:34,997 DEBUG [EBPB_KeyhandlingSTTL-116709] Exiting from validate_keyCaptured function
2016-01-28 01:37:34,997 DEBUG [EBPB_KeyhandlingSTTL-116709] Result of validate_keyCaptured: pass
2016-01-28 01:37:34,997 DEBUG [EBPB_KeyhandlingSTTL-116709] In execute keyword function
2016-01-28 01:37:34,997 DEBUG [EBPB_KeyhandlingSTTL-116709] Executing sendKeyEvents function:
2016-01-28 01:37:34,997 DEBUG [EBPB_KeyhandlingSTTL-116709] Entered sendKeyEvents function
2016-01-28 01:37:34,997 DEBUG [EBPB_KeyhandlingSTTL-116709] Equals
2016-01-28 01:37:34,997 DEBUG [EBPB_KeyhandlingSTTL-116709] Entered Equalskey
2016-01-28 01:37:34,997 DEBUG [EBPB_KeyhandlingSTTL-116709] Started executeCommandLine function
2016-01-28 01:37:39,018 DEBUG [EBPB_KeyhandlingSTTL-116709] Exiting from executeCommandLine function
2016-01-28 01:37:39,018 DEBUG [EBPB_KeyhandlingSTTL-116709] pass
2016-01-28 01:37:39,018 DEBUG [EBPB_KeyhandlingSTTL-116709] TestStepResult of sendKeyEvents: pass
2016-01-28 01:37:39,018 DEBUG [EBPB_KeyhandlingSTTL-116709] In execute keyword function
2016-01-28 01:37:39,018 DEBUG [EBPB_KeyhandlingSTTL-116709] Executing validate_textBoxData function:
2016-01-28 01:37:39,018 DEBUG [EBPB_KeyhandlingSTTL-116709] Executing getAttribute function
2016-01-28 01:37:39,239 DEBUG [EBPB_KeyhandlingSTTL-116709] 
2016-01-28 01:37:39,239 DEBUG [EBPB_KeyhandlingSTTL-116709]  value matches with Expected null value
2016-01-28 01:37:39,239 DEBUG [EBPB_KeyhandlingSTTL-116709] Result of validate_textBoxData: Pass
2016-01-28 01:37:39,239 DEBUG [EBPB_KeyhandlingSTTL-116709] In execute keyword function
2016-01-28 01:37:39,239 DEBUG [EBPB_KeyhandlingSTTL-116709] Executing validate_keyCaptured function:
2016-01-28 01:37:39,240 DEBUG [EBPB_KeyhandlingSTTL-116709] Entered validate_keyCaptured function
2016-01-28 01:37:39,387 DEBUG [EBPB_KeyhandlingSTTL-116709] 161
2016-01-28 01:37:39,387 DEBUG [EBPB_KeyhandlingSTTL-116709] Actual Value matches Expected
2016-01-28 01:37:39,387 DEBUG [EBPB_KeyhandlingSTTL-116709] pass
2016-01-28 01:37:39,387 DEBUG [EBPB_KeyhandlingSTTL-116709] Exiting from validate_keyCaptured function
2016-01-28 01:37:39,387 DEBUG [EBPB_KeyhandlingSTTL-116709] Result of validate_keyCaptured: pass
2016-01-28 01:37:39,387 DEBUG [EBPB_KeyhandlingSTTL-116709] In execute keyword function
2016-01-28 01:37:39,387 DEBUG [EBPB_KeyhandlingSTTL-116709] Executing sendKeyEvents function:
2016-01-28 01:37:39,387 DEBUG [EBPB_KeyhandlingSTTL-116709] Entered sendKeyEvents function
2016-01-28 01:37:39,387 DEBUG [EBPB_KeyhandlingSTTL-116709] DecimalPoint
2016-01-28 01:37:39,387 DEBUG [EBPB_KeyhandlingSTTL-116709] Entered DecimalPointkey
2016-01-28 01:37:39,387 DEBUG [EBPB_KeyhandlingSTTL-116709] Started executeCommandLine function
2016-01-28 01:37:43,408 DEBUG [EBPB_KeyhandlingSTTL-116709] Exiting from executeCommandLine function
2016-01-28 01:37:43,408 DEBUG [EBPB_KeyhandlingSTTL-116709] pass
2016-01-28 01:37:43,408 DEBUG [EBPB_KeyhandlingSTTL-116709] TestStepResult of sendKeyEvents: pass
2016-01-28 01:37:43,408 DEBUG [EBPB_KeyhandlingSTTL-116709] In execute keyword function
2016-01-28 01:37:43,408 DEBUG [EBPB_KeyhandlingSTTL-116709] Executing validate_textBoxData function:
2016-01-28 01:37:43,408 DEBUG [EBPB_KeyhandlingSTTL-116709] Executing getAttribute function
2016-01-28 01:37:43,590 DEBUG [EBPB_KeyhandlingSTTL-116709] 
2016-01-28 01:37:43,590 DEBUG [EBPB_KeyhandlingSTTL-116709]  value matches with Expected null value
2016-01-28 01:37:43,590 DEBUG [EBPB_KeyhandlingSTTL-116709] Result of validate_textBoxData: Pass
2016-01-28 01:37:43,590 DEBUG [EBPB_KeyhandlingSTTL-116709] In execute keyword function
2016-01-28 01:37:43,590 DEBUG [EBPB_KeyhandlingSTTL-116709] Executing validate_keyCaptured function:
2016-01-28 01:37:43,590 DEBUG [EBPB_KeyhandlingSTTL-116709] Entered validate_keyCaptured function
2016-01-28 01:37:43,763 DEBUG [EBPB_KeyhandlingSTTL-116709] 56
2016-01-28 01:37:43,763 DEBUG [EBPB_KeyhandlingSTTL-116709] Actual Value matches Expected
2016-01-28 01:37:43,763 DEBUG [EBPB_KeyhandlingSTTL-116709] pass
2016-01-28 01:37:43,763 DEBUG [EBPB_KeyhandlingSTTL-116709] Exiting from validate_keyCaptured function
2016-01-28 01:37:43,763 DEBUG [EBPB_KeyhandlingSTTL-116709] Result of validate_keyCaptured: pass
2016-01-28 01:37:43,764 DEBUG [EBPB_KeyhandlingSTTL-116709] In execute keyword function
2016-01-28 01:37:43,764 DEBUG [EBPB_KeyhandlingSTTL-116709] Executing sendKeyEvents function:
2016-01-28 01:37:43,764 DEBUG [EBPB_KeyhandlingSTTL-116709] Entered sendKeyEvents function
2016-01-28 01:37:43,764 DEBUG [EBPB_KeyhandlingSTTL-116709] u
2016-01-28 01:37:43,764 DEBUG [EBPB_KeyhandlingSTTL-116709] Entered u
2016-01-28 01:37:43,764 DEBUG [EBPB_KeyhandlingSTTL-116709] Started executeCommandLine function
2016-01-28 01:37:47,784 DEBUG [EBPB_KeyhandlingSTTL-116709] Exiting from executeCommandLine function
2016-01-28 01:37:47,784 DEBUG [EBPB_KeyhandlingSTTL-116709] pass
2016-01-28 01:37:47,784 DEBUG [EBPB_KeyhandlingSTTL-116709] TestStepResult of sendKeyEvents: pass
2016-01-28 01:37:47,784 DEBUG [EBPB_KeyhandlingSTTL-116709] In execute keyword function
2016-01-28 01:37:47,784 DEBUG [EBPB_KeyhandlingSTTL-116709] Executing validate_textBoxData function:
2016-01-28 01:37:47,784 DEBUG [EBPB_KeyhandlingSTTL-116709] Executing getAttribute function
2016-01-28 01:37:47,938 DEBUG [EBPB_KeyhandlingSTTL-116709] 
2016-01-28 01:37:47,939 DEBUG [EBPB_KeyhandlingSTTL-116709]  value matches with Expected null value
2016-01-28 01:37:47,939 DEBUG [EBPB_KeyhandlingSTTL-116709] Result of validate_textBoxData: Pass
2016-01-28 01:37:47,939 DEBUG [EBPB_KeyhandlingSTTL-116709] In execute keyword function
2016-01-28 01:37:47,939 DEBUG [EBPB_KeyhandlingSTTL-116709] Executing validate_keyCaptured function:
2016-01-28 01:37:47,939 DEBUG [EBPB_KeyhandlingSTTL-116709] Entered validate_keyCaptured function
2016-01-28 01:37:48,092 DEBUG [EBPB_KeyhandlingSTTL-116709] 49
2016-01-28 01:37:48,092 DEBUG [EBPB_KeyhandlingSTTL-116709] Actual Value matches Expected
2016-01-28 01:37:48,092 DEBUG [EBPB_KeyhandlingSTTL-116709] pass
2016-01-28 01:37:48,092 DEBUG [EBPB_KeyhandlingSTTL-116709] Exiting from validate_keyCaptured function
2016-01-28 01:37:48,092 DEBUG [EBPB_KeyhandlingSTTL-116709] Result of validate_keyCaptured: pass
2016-01-28 01:37:48,092 DEBUG [EBPB_KeyhandlingSTTL-116709] allstep_result contains: passpasspasspasspasspasspasspassPasspasspasspassPassPassnull
2016-01-28 01:37:48,092 DEBUG [EBPB_KeyhandlingSTTL-116709] allexpected_result contains: nullPasspassnullPasspassnullPasspassnullPasspassnullPasspassnullPasspassnullPasspassnullPasspassnullPassnullpassnullpassnull
2016-01-28 01:37:48,092 DEBUG [EBPB_KeyhandlingSTTL-116709] Testcase_Result contains: nullPasspassnullPasspassnullPasspassnullPasspassnullPasspassnullPasspassnullPasspassnullPasspassnullPassnullpassnullpassnullpasspasspasspasspasspasspasspassPasspasspasspassPassPassnull
2016-01-28 01:37:48,092 DEBUG [EBPB_KeyhandlingSTTL-116709] Test case with description KeyValue:All Dispatch:Empty String "" Pass
2016-01-28 01:37:49,107 DEBUG [EBPB_KeyhandlingSTTL-116709] Executing browser_Quit function
2016-01-28 01:37:49,107 DEBUG [EBPB_KeyhandlingSTTL-116709] Completed browser_Quit function
2016-01-28 01:37:49,107 DEBUG [EBPB_KeyhandlingSTTL-116709] Completed quitSelendroid function
2016-01-28 01:37:49,107 DEBUG [EBPB_KeyhandlingSTTL-116709] Row number:10
2016-01-28 01:37:49,139 DEBUG [EBPB_KeyhandlingSTTL-116709] Ending Test Case IDSTTL-116709
