2016-01-28 01:22:50,968 DEBUG [EBPB_KeyhandlingSTTL-116703] Executing Test Case ID: STTL-116703
2016-01-28 01:22:50,975 DEBUG [EBPB_KeyhandlingSTTL-116703] Executing Init_Selendroid function with APK as parameter and clear data value with 1
2016-01-28 01:23:01,617 DEBUG [EBPB_KeyhandlingSTTL-116703] Exiting Init_Selendroid function
2016-01-28 01:23:01,635 DEBUG [EBPB_KeyhandlingSTTL-116703] TestCase with Description "KeyValue:8(1 key) Dispatch:true" Execution started
2016-01-28 01:23:01,635 DEBUG [EBPB_KeyhandlingSTTL-116703] In execute keyword function
2016-01-28 01:23:01,635 DEBUG [EBPB_KeyhandlingSTTL-116703] Executing wait function:
2016-01-28 01:23:01,635 DEBUG [EBPB_KeyhandlingSTTL-116703] Started Executing wait function
2016-01-28 01:23:06,636 DEBUG [EBPB_KeyhandlingSTTL-116703] Exiting from wait function
2016-01-28 01:23:06,636 DEBUG [EBPB_KeyhandlingSTTL-116703] TestStepResult of wait: Pass
2016-01-28 01:23:06,636 DEBUG [EBPB_KeyhandlingSTTL-116703] In execute keyword function
2016-01-28 01:23:06,636 DEBUG [EBPB_KeyhandlingSTTL-116703] Executing validate_PageTitle function:
2016-01-28 01:23:06,677 DEBUG [EBPB_KeyhandlingSTTL-116703] The title of the page is *********************************: Pocket Browser Tests
2016-01-28 01:23:06,677 DEBUG [EBPB_KeyhandlingSTTL-116703] The page title found is correct
2016-01-28 01:23:06,677 DEBUG [EBPB_KeyhandlingSTTL-116703] Result of validate_PageTitle: pass
2016-01-28 01:23:06,677 DEBUG [EBPB_KeyhandlingSTTL-116703] In execute keyword function
2016-01-28 01:23:06,677 DEBUG [EBPB_KeyhandlingSTTL-116703] Executing link_Click function:
2016-01-28 01:23:07,257 DEBUG [EBPB_KeyhandlingSTTL-116703] Executing Click function
2016-01-28 01:23:08,291 DEBUG [EBPB_KeyhandlingSTTL-116703] Exiting Click function
2016-01-28 01:23:08,291 DEBUG [EBPB_KeyhandlingSTTL-116703] keyhandling_link clicked successfully
2016-01-28 01:23:08,291 DEBUG [EBPB_KeyhandlingSTTL-116703] TestStepResult of link_Click: Pass
2016-01-28 01:23:08,291 DEBUG [EBPB_KeyhandlingSTTL-116703] In execute keyword function
2016-01-28 01:23:08,291 DEBUG [EBPB_KeyhandlingSTTL-116703] Executing validate_PageTitle function:
2016-01-28 01:23:08,328 DEBUG [EBPB_KeyhandlingSTTL-116703] The title of the page is *********************************: PB and RE2.2 Semi Auto Frame Work : Keyhandling
2016-01-28 01:23:08,328 DEBUG [EBPB_KeyhandlingSTTL-116703] The page title found is correct
2016-01-28 01:23:08,328 DEBUG [EBPB_KeyhandlingSTTL-116703] Result of validate_PageTitle: pass
2016-01-28 01:23:08,328 DEBUG [EBPB_KeyhandlingSTTL-116703] In execute keyword function
2016-01-28 01:23:08,328 DEBUG [EBPB_KeyhandlingSTTL-116703] Executing SelectTestToRun function:
2016-01-28 01:23:12,963 DEBUG [EBPB_KeyhandlingSTTL-116703] Successfull in selecting clicking the category
2016-01-28 01:23:12,963 DEBUG [EBPB_KeyhandlingSTTL-116703] TestStepResult of SelectTestToRun: pass
2016-01-28 01:23:12,963 DEBUG [EBPB_KeyhandlingSTTL-116703] In execute keyword function
2016-01-28 01:23:12,963 DEBUG [EBPB_KeyhandlingSTTL-116703] Executing ClickRunTest function:
2016-01-28 01:23:13,307 DEBUG [EBPB_KeyhandlingSTTL-116703] Executing Click function
2016-01-28 01:23:14,302 DEBUG [EBPB_KeyhandlingSTTL-116703] Exiting Click function
2016-01-28 01:23:14,302 DEBUG [EBPB_KeyhandlingSTTL-116703] runtest_top_xpath Button clicked Successfully
2016-01-28 01:23:14,302 DEBUG [EBPB_KeyhandlingSTTL-116703] TestStepResult of ClickRunTest: pass
2016-01-28 01:23:14,302 DEBUG [EBPB_KeyhandlingSTTL-116703] In execute keyword function
2016-01-28 01:23:14,302 DEBUG [EBPB_KeyhandlingSTTL-116703] Executing validate_Text_Exists function:
2016-01-28 01:23:14,616 DEBUG [EBPB_KeyhandlingSTTL-116703] VT056-0715 Testcase Text found
2016-01-28 01:23:14,616 DEBUG [EBPB_KeyhandlingSTTL-116703] Result of validate_Text_Exists: Pass
2016-01-28 01:23:14,616 DEBUG [EBPB_KeyhandlingSTTL-116703] In execute keyword function
2016-01-28 01:23:14,616 DEBUG [EBPB_KeyhandlingSTTL-116703] Executing textBoxClick function:
2016-01-28 01:23:16,014 DEBUG [EBPB_KeyhandlingSTTL-116703] keytxtInput_idtext box clicked successfully
2016-01-28 01:23:16,014 DEBUG [EBPB_KeyhandlingSTTL-116703] TestStepResult of textBoxClick: pass
2016-01-28 01:23:16,014 DEBUG [EBPB_KeyhandlingSTTL-116703] In execute keyword function
2016-01-28 01:23:16,014 DEBUG [EBPB_KeyhandlingSTTL-116703] Executing wait function:
2016-01-28 01:23:16,014 DEBUG [EBPB_KeyhandlingSTTL-116703] Started Executing wait function
2016-01-28 01:23:18,014 DEBUG [EBPB_KeyhandlingSTTL-116703] Exiting from wait function
2016-01-28 01:23:18,014 DEBUG [EBPB_KeyhandlingSTTL-116703] TestStepResult of wait: Pass
2016-01-28 01:23:18,014 DEBUG [EBPB_KeyhandlingSTTL-116703] In execute keyword function
2016-01-28 01:23:18,014 DEBUG [EBPB_KeyhandlingSTTL-116703] Executing sendKeyEvents function:
2016-01-28 01:23:18,014 DEBUG [EBPB_KeyhandlingSTTL-116703] Entered sendKeyEvents function
2016-01-28 01:23:18,014 DEBUG [EBPB_KeyhandlingSTTL-116703] 1
2016-01-28 01:23:18,014 DEBUG [EBPB_KeyhandlingSTTL-116703] Entered 1
2016-01-28 01:23:18,014 DEBUG [EBPB_KeyhandlingSTTL-116703] Started executeCommandLine function
2016-01-28 01:23:22,034 DEBUG [EBPB_KeyhandlingSTTL-116703] Exiting from executeCommandLine function
2016-01-28 01:23:22,034 DEBUG [EBPB_KeyhandlingSTTL-116703] pass
2016-01-28 01:23:22,034 DEBUG [EBPB_KeyhandlingSTTL-116703] TestStepResult of sendKeyEvents: pass
2016-01-28 01:23:22,034 DEBUG [EBPB_KeyhandlingSTTL-116703] In execute keyword function
2016-01-28 01:23:22,034 DEBUG [EBPB_KeyhandlingSTTL-116703] Executing validate_textBoxData function:
2016-01-28 01:23:22,034 DEBUG [EBPB_KeyhandlingSTTL-116703] Executing getAttribute function
2016-01-28 01:23:22,262 DEBUG [EBPB_KeyhandlingSTTL-116703] 1
2016-01-28 01:23:22,262 DEBUG [EBPB_KeyhandlingSTTL-116703] 1 value matches with Expected 1 value
2016-01-28 01:23:22,262 DEBUG [EBPB_KeyhandlingSTTL-116703] Result of validate_textBoxData: Pass
2016-01-28 01:23:22,262 DEBUG [EBPB_KeyhandlingSTTL-116703] allstep_result contains: passPasspasspasspassPassPassnull
2016-01-28 01:23:22,262 DEBUG [EBPB_KeyhandlingSTTL-116703] allexpected_result contains: nullPassnullPassnullpassnullpassnull
2016-01-28 01:23:22,262 DEBUG [EBPB_KeyhandlingSTTL-116703] Testcase_Result contains: nullPassnullPassnullpassnullpassnullpassPasspasspasspassPassPassnull
2016-01-28 01:23:22,262 DEBUG [EBPB_KeyhandlingSTTL-116703] Test case with description KeyValue:8(1 key) Dispatch:true Pass
2016-01-28 01:23:23,316 DEBUG [EBPB_KeyhandlingSTTL-116703] Executing browser_Quit function
2016-01-28 01:23:23,316 DEBUG [EBPB_KeyhandlingSTTL-116703] Completed browser_Quit function
2016-01-28 01:23:23,316 DEBUG [EBPB_KeyhandlingSTTL-116703] Completed quitSelendroid function
2016-01-28 01:23:23,317 DEBUG [EBPB_KeyhandlingSTTL-116703] Row number:4
2016-01-28 01:23:23,358 DEBUG [EBPB_KeyhandlingSTTL-116703] Ending Test Case IDSTTL-116703
