2016-01-28 02:11:29,861 DEBUG [EBPB_KeyhandlingSTTL-116738] Executing Test Case ID: STTL-116738
2016-01-28 02:11:29,868 DEBUG [EBPB_KeyhandlingSTTL-116738] Executing Init_Selendroid function with APK as parameter and clear data value with 1
2016-01-28 02:11:40,355 DEBUG [EBPB_KeyhandlingSTTL-116738] Exiting Init_Selendroid function
2016-01-28 02:11:40,374 DEBUG [EBPB_KeyhandlingSTTL-116738] TestCase with Description "Keyvalue 8
Remap:9
(Remap 1 to 2) with windows key=1" Execution started
2016-01-28 02:11:40,374 DEBUG [EBPB_KeyhandlingSTTL-116738] In execute keyword function
2016-01-28 02:11:40,374 DEBUG [EBPB_KeyhandlingSTTL-116738] Executing wait function:
2016-01-28 02:11:40,374 DEBUG [EBPB_KeyhandlingSTTL-116738] Started Executing wait function
2016-01-28 02:11:45,375 DEBUG [EBPB_KeyhandlingSTTL-116738] Exiting from wait function
2016-01-28 02:11:45,375 DEBUG [EBPB_KeyhandlingSTTL-116738] TestStepResult of wait: Pass
2016-01-28 02:11:45,375 DEBUG [EBPB_KeyhandlingSTTL-116738] In execute keyword function
2016-01-28 02:11:45,375 DEBUG [EBPB_KeyhandlingSTTL-116738] Executing validate_PageTitle function:
2016-01-28 02:11:45,415 DEBUG [EBPB_KeyhandlingSTTL-116738] The title of the page is *********************************: Pocket Browser Tests
2016-01-28 02:11:45,415 DEBUG [EBPB_KeyhandlingSTTL-116738] The page title found is correct
2016-01-28 02:11:45,415 DEBUG [EBPB_KeyhandlingSTTL-116738] Result of validate_PageTitle: pass
2016-01-28 02:11:45,415 DEBUG [EBPB_KeyhandlingSTTL-116738] In execute keyword function
2016-01-28 02:11:45,415 DEBUG [EBPB_KeyhandlingSTTL-116738] Executing link_Click function:
2016-01-28 02:11:46,034 DEBUG [EBPB_KeyhandlingSTTL-116738] Executing Click function
2016-01-28 02:11:47,119 DEBUG [EBPB_KeyhandlingSTTL-116738] Exiting Click function
2016-01-28 02:11:47,119 DEBUG [EBPB_KeyhandlingSTTL-116738] keyhandling_link clicked successfully
2016-01-28 02:11:47,119 DEBUG [EBPB_KeyhandlingSTTL-116738] TestStepResult of link_Click: Pass
2016-01-28 02:11:47,119 DEBUG [EBPB_KeyhandlingSTTL-116738] In execute keyword function
2016-01-28 02:11:47,119 DEBUG [EBPB_KeyhandlingSTTL-116738] Executing validate_PageTitle function:
2016-01-28 02:11:47,137 DEBUG [EBPB_KeyhandlingSTTL-116738] The title of the page is *********************************: PB and RE2.2 Semi Auto Frame Work : Keyhandling
2016-01-28 02:11:47,137 DEBUG [EBPB_KeyhandlingSTTL-116738] The page title found is correct
2016-01-28 02:11:47,137 DEBUG [EBPB_KeyhandlingSTTL-116738] Result of validate_PageTitle: pass
2016-01-28 02:11:47,137 DEBUG [EBPB_KeyhandlingSTTL-116738] In execute keyword function
2016-01-28 02:11:47,137 DEBUG [EBPB_KeyhandlingSTTL-116738] Executing SelectTestToRun function:
2016-01-28 02:11:53,555 DEBUG [EBPB_KeyhandlingSTTL-116738] Successfull in selecting clicking the category
2016-01-28 02:11:53,555 DEBUG [EBPB_KeyhandlingSTTL-116738] TestStepResult of SelectTestToRun: pass
2016-01-28 02:11:53,555 DEBUG [EBPB_KeyhandlingSTTL-116738] In execute keyword function
2016-01-28 02:11:53,555 DEBUG [EBPB_KeyhandlingSTTL-116738] Executing ClickRunTest function:
2016-01-28 02:11:53,915 DEBUG [EBPB_KeyhandlingSTTL-116738] Executing Click function
2016-01-28 02:11:54,973 DEBUG [EBPB_KeyhandlingSTTL-116738] Exiting Click function
2016-01-28 02:11:54,973 DEBUG [EBPB_KeyhandlingSTTL-116738] runtest_top_xpath Button clicked Successfully
2016-01-28 02:11:54,973 DEBUG [EBPB_KeyhandlingSTTL-116738] TestStepResult of ClickRunTest: pass
2016-01-28 02:11:54,973 DEBUG [EBPB_KeyhandlingSTTL-116738] In execute keyword function
2016-01-28 02:11:54,973 DEBUG [EBPB_KeyhandlingSTTL-116738] Executing validate_Text_Exists function:
2016-01-28 02:11:55,201 DEBUG [EBPB_KeyhandlingSTTL-116738] VT056-0741 Testcase Text found
2016-01-28 02:11:55,201 DEBUG [EBPB_KeyhandlingSTTL-116738] Result of validate_Text_Exists: Pass
2016-01-28 02:11:55,201 DEBUG [EBPB_KeyhandlingSTTL-116738] In execute keyword function
2016-01-28 02:11:55,201 DEBUG [EBPB_KeyhandlingSTTL-116738] Executing textBoxClick function:
2016-01-28 02:11:56,771 DEBUG [EBPB_KeyhandlingSTTL-116738] keytxtInput_idtext box clicked successfully
2016-01-28 02:11:56,771 DEBUG [EBPB_KeyhandlingSTTL-116738] TestStepResult of textBoxClick: pass
2016-01-28 02:11:56,771 DEBUG [EBPB_KeyhandlingSTTL-116738] In execute keyword function
2016-01-28 02:11:56,771 DEBUG [EBPB_KeyhandlingSTTL-116738] Executing wait function:
2016-01-28 02:11:56,771 DEBUG [EBPB_KeyhandlingSTTL-116738] Started Executing wait function
2016-01-28 02:11:58,771 DEBUG [EBPB_KeyhandlingSTTL-116738] Exiting from wait function
2016-01-28 02:11:58,771 DEBUG [EBPB_KeyhandlingSTTL-116738] TestStepResult of wait: Pass
2016-01-28 02:11:58,771 DEBUG [EBPB_KeyhandlingSTTL-116738] In execute keyword function
2016-01-28 02:11:58,771 DEBUG [EBPB_KeyhandlingSTTL-116738] Executing sendKeyEvents function:
2016-01-28 02:11:58,771 DEBUG [EBPB_KeyhandlingSTTL-116738] Entered sendKeyEvents function
2016-01-28 02:11:58,771 DEBUG [EBPB_KeyhandlingSTTL-116738] 1
2016-01-28 02:11:58,771 DEBUG [EBPB_KeyhandlingSTTL-116738] Entered 1
2016-01-28 02:11:58,771 DEBUG [EBPB_KeyhandlingSTTL-116738] Started executeCommandLine function
2016-01-28 02:12:02,793 DEBUG [EBPB_KeyhandlingSTTL-116738] Exiting from executeCommandLine function
2016-01-28 02:12:02,793 DEBUG [EBPB_KeyhandlingSTTL-116738] pass
2016-01-28 02:12:02,793 DEBUG [EBPB_KeyhandlingSTTL-116738] TestStepResult of sendKeyEvents: pass
2016-01-28 02:12:02,793 DEBUG [EBPB_KeyhandlingSTTL-116738] In execute keyword function
2016-01-28 02:12:02,793 DEBUG [EBPB_KeyhandlingSTTL-116738] Executing validate_textBoxData function:
2016-01-28 02:12:02,793 DEBUG [EBPB_KeyhandlingSTTL-116738] Executing getAttribute function
2016-01-28 02:12:02,972 DEBUG [EBPB_KeyhandlingSTTL-116738] 2
2016-01-28 02:12:02,972 DEBUG [EBPB_KeyhandlingSTTL-116738] 2 value matches with Expected 2 value
2016-01-28 02:12:02,972 DEBUG [EBPB_KeyhandlingSTTL-116738] Result of validate_textBoxData: Pass
2016-01-28 02:12:02,972 DEBUG [EBPB_KeyhandlingSTTL-116738] In execute keyword function
2016-01-28 02:12:02,972 DEBUG [EBPB_KeyhandlingSTTL-116738] Executing SwitchApp function:
2016-01-28 02:12:03,035 DEBUG [EBPB_KeyhandlingSTTL-116738] Successfully switched to NATIVE_APP
2016-01-28 02:12:03,035 DEBUG [EBPB_KeyhandlingSTTL-116738] TestStepResult of SwitchApp: Pass
2016-01-28 02:12:03,035 DEBUG [EBPB_KeyhandlingSTTL-116738] In execute keyword function
2016-01-28 02:12:03,035 DEBUG [EBPB_KeyhandlingSTTL-116738] Executing ClickNativeIcon function:
2016-01-28 02:12:03,931 DEBUG [EBPB_KeyhandlingSTTL-116738] [[AppiumTouchActionExtension: selendroid on ANDROID (978c5db4-3d90-92e1-256d-75331ccdbfc1)] -> xpath: (//Button[@id='reload_button'])[1]]Clicked successfully
2016-01-28 02:12:03,931 DEBUG [EBPB_KeyhandlingSTTL-116738] TestStepResult of ClickNativeIcon: pass
2016-01-28 02:12:03,931 DEBUG [EBPB_KeyhandlingSTTL-116738] In execute keyword function
2016-01-28 02:12:03,931 DEBUG [EBPB_KeyhandlingSTTL-116738] Executing wait function:
2016-01-28 02:12:03,931 DEBUG [EBPB_KeyhandlingSTTL-116738] Started Executing wait function
2016-01-28 02:12:13,932 DEBUG [EBPB_KeyhandlingSTTL-116738] Exiting from wait function
2016-01-28 02:12:13,932 DEBUG [EBPB_KeyhandlingSTTL-116738] TestStepResult of wait: Pass
2016-01-28 02:12:13,932 DEBUG [EBPB_KeyhandlingSTTL-116738] In execute keyword function
2016-01-28 02:12:13,932 DEBUG [EBPB_KeyhandlingSTTL-116738] Executing SwitchApp function:
2016-01-28 02:12:14,058 DEBUG [EBPB_KeyhandlingSTTL-116738] Successfully switched to WEBVIEW
2016-01-28 02:12:14,058 DEBUG [EBPB_KeyhandlingSTTL-116738] TestStepResult of SwitchApp: Pass
2016-01-28 02:12:14,058 DEBUG [EBPB_KeyhandlingSTTL-116738] In execute keyword function
2016-01-28 02:12:14,058 DEBUG [EBPB_KeyhandlingSTTL-116738] Executing SelectTestToRun function:
2016-01-28 02:12:20,520 DEBUG [EBPB_KeyhandlingSTTL-116738] Successfull in selecting clicking the category
2016-01-28 02:12:20,520 DEBUG [EBPB_KeyhandlingSTTL-116738] TestStepResult of SelectTestToRun: pass
2016-01-28 02:12:20,520 DEBUG [EBPB_KeyhandlingSTTL-116738] In execute keyword function
2016-01-28 02:12:20,521 DEBUG [EBPB_KeyhandlingSTTL-116738] Executing ClickRunTest function:
2016-01-28 02:12:20,849 DEBUG [EBPB_KeyhandlingSTTL-116738] Executing Click function
2016-01-28 02:12:21,877 DEBUG [EBPB_KeyhandlingSTTL-116738] Exiting Click function
2016-01-28 02:12:21,877 DEBUG [EBPB_KeyhandlingSTTL-116738] runtest_top_xpath Button clicked Successfully
2016-01-28 02:12:21,877 DEBUG [EBPB_KeyhandlingSTTL-116738] TestStepResult of ClickRunTest: pass
2016-01-28 02:12:21,877 DEBUG [EBPB_KeyhandlingSTTL-116738] In execute keyword function
2016-01-28 02:12:21,877 DEBUG [EBPB_KeyhandlingSTTL-116738] Executing validate_Text_Exists function:
2016-01-28 02:12:22,097 DEBUG [EBPB_KeyhandlingSTTL-116738] VT056-0741 Testcase Text found
2016-01-28 02:12:22,097 DEBUG [EBPB_KeyhandlingSTTL-116738] Result of validate_Text_Exists: Pass
2016-01-28 02:12:22,097 DEBUG [EBPB_KeyhandlingSTTL-116738] In execute keyword function
2016-01-28 02:12:22,097 DEBUG [EBPB_KeyhandlingSTTL-116738] Executing textBoxClick function:
2016-01-28 02:12:23,507 DEBUG [EBPB_KeyhandlingSTTL-116738] keytxtInput_idtext box clicked successfully
2016-01-28 02:12:23,507 DEBUG [EBPB_KeyhandlingSTTL-116738] TestStepResult of textBoxClick: pass
2016-01-28 02:12:23,507 DEBUG [EBPB_KeyhandlingSTTL-116738] In execute keyword function
2016-01-28 02:12:23,507 DEBUG [EBPB_KeyhandlingSTTL-116738] Executing wait function:
2016-01-28 02:12:23,507 DEBUG [EBPB_KeyhandlingSTTL-116738] Started Executing wait function
2016-01-28 02:12:25,507 DEBUG [EBPB_KeyhandlingSTTL-116738] Exiting from wait function
2016-01-28 02:12:25,507 DEBUG [EBPB_KeyhandlingSTTL-116738] TestStepResult of wait: Pass
2016-01-28 02:12:25,507 DEBUG [EBPB_KeyhandlingSTTL-116738] In execute keyword function
2016-01-28 02:12:25,507 DEBUG [EBPB_KeyhandlingSTTL-116738] Executing sendKeyEvents function:
2016-01-28 02:12:25,507 DEBUG [EBPB_KeyhandlingSTTL-116738] Entered sendKeyEvents function
2016-01-28 02:12:25,507 DEBUG [EBPB_KeyhandlingSTTL-116738] 2
2016-01-28 02:12:25,507 DEBUG [EBPB_KeyhandlingSTTL-116738] Entered 2
2016-01-28 02:12:25,507 DEBUG [EBPB_KeyhandlingSTTL-116738] Started executeCommandLine function
2016-01-28 02:12:29,527 DEBUG [EBPB_KeyhandlingSTTL-116738] Exiting from executeCommandLine function
2016-01-28 02:12:29,527 DEBUG [EBPB_KeyhandlingSTTL-116738] pass
2016-01-28 02:12:29,527 DEBUG [EBPB_KeyhandlingSTTL-116738] TestStepResult of sendKeyEvents: pass
2016-01-28 02:12:29,527 DEBUG [EBPB_KeyhandlingSTTL-116738] In execute keyword function
2016-01-28 02:12:29,527 DEBUG [EBPB_KeyhandlingSTTL-116738] Executing validate_textBoxData function:
2016-01-28 02:12:29,527 DEBUG [EBPB_KeyhandlingSTTL-116738] Executing getAttribute function
2016-01-28 02:12:29,755 DEBUG [EBPB_KeyhandlingSTTL-116738] 2
2016-01-28 02:12:29,755 DEBUG [EBPB_KeyhandlingSTTL-116738] 2 value matches with Expected 2 value
2016-01-28 02:12:29,755 DEBUG [EBPB_KeyhandlingSTTL-116738] Result of validate_textBoxData: Pass
2016-01-28 02:12:29,755 DEBUG [EBPB_KeyhandlingSTTL-116738] allstep_result contains: passPasspasspasspassPassPasspassPasspassPasspasspasspassPassPassnull
2016-01-28 02:12:29,755 DEBUG [EBPB_KeyhandlingSTTL-116738] allexpected_result contains: nullPassnullPassnullPassnullPassnullpassnullpassnull
2016-01-28 02:12:29,755 DEBUG [EBPB_KeyhandlingSTTL-116738] Testcase_Result contains: nullPassnullPassnullPassnullPassnullpassnullpassnullpassPasspasspasspassPassPasspassPasspassPasspasspasspassPassPassnull
2016-01-28 02:12:29,755 DEBUG [EBPB_KeyhandlingSTTL-116738] Test case with description Keyvalue 8
Remap:9
(Remap 1 to 2) with windows key=1 Pass
2016-01-28 02:12:30,764 DEBUG [EBPB_KeyhandlingSTTL-116738] Executing browser_Quit function
2016-01-28 02:12:30,764 DEBUG [EBPB_KeyhandlingSTTL-116738] Completed browser_Quit function
2016-01-28 02:12:30,764 DEBUG [EBPB_KeyhandlingSTTL-116738] Completed quitSelendroid function
2016-01-28 02:12:30,765 DEBUG [EBPB_KeyhandlingSTTL-116738] Row number:39
2016-01-28 02:12:30,804 DEBUG [EBPB_KeyhandlingSTTL-116738] Ending Test Case IDSTTL-116738
