2016-01-28 01:57:04,130 DEBUG [EBPB_KeyhandlingSTTL-116722] Executing Test Case ID: STTL-116722
2016-01-28 01:57:04,137 DEBUG [EBPB_KeyhandlingSTTL-116722] Executing Init_Selendroid function with APK as parameter and clear data value with 1
2016-01-28 01:57:14,223 DEBUG [EBPB_KeyhandlingSTTL-116722] Exiting Init_Selendroid function
2016-01-28 01:57:14,241 DEBUG [EBPB_KeyhandlingSTTL-116722] TestCase with Description "KeyValue:All with event URL for alphabets" Execution started
2016-01-28 01:57:14,241 DEBUG [EBPB_KeyhandlingSTTL-116722] In execute keyword function
2016-01-28 01:57:14,241 DEBUG [EBPB_KeyhandlingSTTL-116722] Executing wait function:
2016-01-28 01:57:14,242 DEBUG [EBPB_KeyhandlingSTTL-116722] Started Executing wait function
2016-01-28 01:57:19,242 DEBUG [EBPB_KeyhandlingSTTL-116722] Exiting from wait function
2016-01-28 01:57:19,242 DEBUG [EBPB_KeyhandlingSTTL-116722] TestStepResult of wait: Pass
2016-01-28 01:57:19,242 DEBUG [EBPB_KeyhandlingSTTL-116722] In execute keyword function
2016-01-28 01:57:19,242 DEBUG [EBPB_KeyhandlingSTTL-116722] Executing validate_PageTitle function:
2016-01-28 01:57:19,281 DEBUG [EBPB_KeyhandlingSTTL-116722] The title of the page is *********************************: Pocket Browser Tests
2016-01-28 01:57:19,281 DEBUG [EBPB_KeyhandlingSTTL-116722] The page title found is correct
2016-01-28 01:57:19,281 DEBUG [EBPB_KeyhandlingSTTL-116722] Result of validate_PageTitle: pass
2016-01-28 01:57:19,281 DEBUG [EBPB_KeyhandlingSTTL-116722] In execute keyword function
2016-01-28 01:57:19,282 DEBUG [EBPB_KeyhandlingSTTL-116722] Executing link_Click function:
2016-01-28 01:57:19,910 DEBUG [EBPB_KeyhandlingSTTL-116722] Executing Click function
2016-01-28 01:57:20,977 DEBUG [EBPB_KeyhandlingSTTL-116722] Exiting Click function
2016-01-28 01:57:20,977 DEBUG [EBPB_KeyhandlingSTTL-116722] keyhandling_link clicked successfully
2016-01-28 01:57:20,977 DEBUG [EBPB_KeyhandlingSTTL-116722] TestStepResult of link_Click: Pass
2016-01-28 01:57:20,977 DEBUG [EBPB_KeyhandlingSTTL-116722] In execute keyword function
2016-01-28 01:57:20,977 DEBUG [EBPB_KeyhandlingSTTL-116722] Executing validate_PageTitle function:
2016-01-28 01:57:21,005 DEBUG [EBPB_KeyhandlingSTTL-116722] The title of the page is *********************************: PB and RE2.2 Semi Auto Frame Work : Keyhandling
2016-01-28 01:57:21,005 DEBUG [EBPB_KeyhandlingSTTL-116722] The page title found is correct
2016-01-28 01:57:21,005 DEBUG [EBPB_KeyhandlingSTTL-116722] Result of validate_PageTitle: pass
2016-01-28 01:57:21,005 DEBUG [EBPB_KeyhandlingSTTL-116722] In execute keyword function
2016-01-28 01:57:21,005 DEBUG [EBPB_KeyhandlingSTTL-116722] Executing SelectTestToRun function:
2016-01-28 01:57:25,172 DEBUG [EBPB_KeyhandlingSTTL-116722] Successfull in selecting clicking the category
2016-01-28 01:57:25,172 DEBUG [EBPB_KeyhandlingSTTL-116722] TestStepResult of SelectTestToRun: pass
2016-01-28 01:57:25,172 DEBUG [EBPB_KeyhandlingSTTL-116722] In execute keyword function
2016-01-28 01:57:25,172 DEBUG [EBPB_KeyhandlingSTTL-116722] Executing ClickRunTest function:
2016-01-28 01:57:25,550 DEBUG [EBPB_KeyhandlingSTTL-116722] Executing Click function
2016-01-28 01:57:26,536 DEBUG [EBPB_KeyhandlingSTTL-116722] Exiting Click function
2016-01-28 01:57:26,537 DEBUG [EBPB_KeyhandlingSTTL-116722] runtest_top_xpath Button clicked Successfully
2016-01-28 01:57:26,537 DEBUG [EBPB_KeyhandlingSTTL-116722] TestStepResult of ClickRunTest: pass
2016-01-28 01:57:26,537 DEBUG [EBPB_KeyhandlingSTTL-116722] In execute keyword function
2016-01-28 01:57:26,537 DEBUG [EBPB_KeyhandlingSTTL-116722] Executing validate_Text_Exists function:
2016-01-28 01:57:26,837 DEBUG [EBPB_KeyhandlingSTTL-116722] VT056-0710 Testcase Text found
2016-01-28 01:57:26,837 DEBUG [EBPB_KeyhandlingSTTL-116722] Result of validate_Text_Exists: Pass
2016-01-28 01:57:26,837 DEBUG [EBPB_KeyhandlingSTTL-116722] In execute keyword function
2016-01-28 01:57:26,837 DEBUG [EBPB_KeyhandlingSTTL-116722] Executing sendKeyEvents function:
2016-01-28 01:57:26,837 DEBUG [EBPB_KeyhandlingSTTL-116722] Entered sendKeyEvents function
2016-01-28 01:57:26,837 DEBUG [EBPB_KeyhandlingSTTL-116722] A
2016-01-28 01:57:26,838 DEBUG [EBPB_KeyhandlingSTTL-116722] Entered a
2016-01-28 01:57:26,838 DEBUG [EBPB_KeyhandlingSTTL-116722] Started executeCommandLine function
2016-01-28 01:57:30,859 DEBUG [EBPB_KeyhandlingSTTL-116722] Exiting from executeCommandLine function
2016-01-28 01:57:30,859 DEBUG [EBPB_KeyhandlingSTTL-116722] pass
2016-01-28 01:57:30,859 DEBUG [EBPB_KeyhandlingSTTL-116722] TestStepResult of sendKeyEvents: pass
2016-01-28 01:57:30,859 DEBUG [EBPB_KeyhandlingSTTL-116722] In execute keyword function
2016-01-28 01:57:30,859 DEBUG [EBPB_KeyhandlingSTTL-116722] Executing validate_PageTitle function:
2016-01-28 01:57:30,893 DEBUG [EBPB_KeyhandlingSTTL-116722] The title of the page is *********************************: Navigation Check
2016-01-28 01:57:30,894 DEBUG [EBPB_KeyhandlingSTTL-116722] The page title found is correct
2016-01-28 01:57:30,894 DEBUG [EBPB_KeyhandlingSTTL-116722] Result of validate_PageTitle: pass
2016-01-28 01:57:30,894 DEBUG [EBPB_KeyhandlingSTTL-116722] allstep_result contains: passpasspassPassPassnull
2016-01-28 01:57:30,894 DEBUG [EBPB_KeyhandlingSTTL-116722] allexpected_result contains: nullpassnullPassnullpassnullpassnull
2016-01-28 01:57:30,894 DEBUG [EBPB_KeyhandlingSTTL-116722] Testcase_Result contains: nullpassnullPassnullpassnullpassnullpasspasspassPassPassnull
2016-01-28 01:57:30,894 DEBUG [EBPB_KeyhandlingSTTL-116722] Test case with description KeyValue:All with event URL for alphabets Pass
2016-01-28 01:57:31,905 DEBUG [EBPB_KeyhandlingSTTL-116722] Executing browser_Quit function
2016-01-28 01:57:31,905 DEBUG [EBPB_KeyhandlingSTTL-116722] Completed browser_Quit function
2016-01-28 01:57:31,905 DEBUG [EBPB_KeyhandlingSTTL-116722] Completed quitSelendroid function
2016-01-28 01:57:31,906 DEBUG [EBPB_KeyhandlingSTTL-116722] Row number:23
2016-01-28 01:57:31,939 DEBUG [EBPB_KeyhandlingSTTL-116722] Ending Test Case IDSTTL-116722
