2016-01-28 01:23:54,984 DEBUG [EBPB_KeyhandlingSTTL-116705] Executing Test Case ID: STTL-116705
2016-01-28 01:23:54,993 DEBUG [EBPB_KeyhandlingSTTL-116705] Executing Init_Selendroid function with APK as parameter and clear data value with 1
2016-01-28 01:24:04,192 DEBUG [EBPB_KeyhandlingSTTL-116705] Exiting Init_Selendroid function
2016-01-28 01:24:04,210 DEBUG [EBPB_KeyhandlingSTTL-116705] TestCase with Description "KeyValue:All  Dispatch:true for Numeric" Execution started
2016-01-28 01:24:04,210 DEBUG [EBPB_KeyhandlingSTTL-116705] In execute keyword function
2016-01-28 01:24:04,210 DEBUG [EBPB_KeyhandlingSTTL-116705] Executing wait function:
2016-01-28 01:24:04,210 DEBUG [EBPB_KeyhandlingSTTL-116705] Started Executing wait function
2016-01-28 01:24:09,210 DEBUG [EBPB_KeyhandlingSTTL-116705] Exiting from wait function
2016-01-28 01:24:09,210 DEBUG [EBPB_KeyhandlingSTTL-116705] TestStepResult of wait: Pass
2016-01-28 01:24:09,210 DEBUG [EBPB_KeyhandlingSTTL-116705] In execute keyword function
2016-01-28 01:24:09,210 DEBUG [EBPB_KeyhandlingSTTL-116705] Executing validate_PageTitle function:
2016-01-28 01:24:09,251 DEBUG [EBPB_KeyhandlingSTTL-116705] The title of the page is *********************************: Pocket Browser Tests
2016-01-28 01:24:09,251 DEBUG [EBPB_KeyhandlingSTTL-116705] The page title found is correct
2016-01-28 01:24:09,251 DEBUG [EBPB_KeyhandlingSTTL-116705] Result of validate_PageTitle: pass
2016-01-28 01:24:09,251 DEBUG [EBPB_KeyhandlingSTTL-116705] In execute keyword function
2016-01-28 01:24:09,251 DEBUG [EBPB_KeyhandlingSTTL-116705] Executing link_Click function:
2016-01-28 01:24:10,069 DEBUG [EBPB_KeyhandlingSTTL-116705] Executing Click function
2016-01-28 01:24:11,134 DEBUG [EBPB_KeyhandlingSTTL-116705] Exiting Click function
2016-01-28 01:24:11,134 DEBUG [EBPB_KeyhandlingSTTL-116705] keyhandling_link clicked successfully
2016-01-28 01:24:11,134 DEBUG [EBPB_KeyhandlingSTTL-116705] TestStepResult of link_Click: Pass
2016-01-28 01:24:11,134 DEBUG [EBPB_KeyhandlingSTTL-116705] In execute keyword function
2016-01-28 01:24:11,134 DEBUG [EBPB_KeyhandlingSTTL-116705] Executing validate_PageTitle function:
2016-01-28 01:24:11,153 DEBUG [EBPB_KeyhandlingSTTL-116705] The title of the page is *********************************: PB and RE2.2 Semi Auto Frame Work : Keyhandling
2016-01-28 01:24:11,153 DEBUG [EBPB_KeyhandlingSTTL-116705] The page title found is correct
2016-01-28 01:24:11,153 DEBUG [EBPB_KeyhandlingSTTL-116705] Result of validate_PageTitle: pass
2016-01-28 01:24:11,153 DEBUG [EBPB_KeyhandlingSTTL-116705] In execute keyword function
2016-01-28 01:24:11,153 DEBUG [EBPB_KeyhandlingSTTL-116705] Executing SelectTestToRun function:
2016-01-28 01:24:13,889 DEBUG [EBPB_KeyhandlingSTTL-116705] Successfull in selecting clicking the category
2016-01-28 01:24:13,889 DEBUG [EBPB_KeyhandlingSTTL-116705] TestStepResult of SelectTestToRun: pass
2016-01-28 01:24:13,889 DEBUG [EBPB_KeyhandlingSTTL-116705] In execute keyword function
2016-01-28 01:24:13,889 DEBUG [EBPB_KeyhandlingSTTL-116705] Executing ClickRunTest function:
2016-01-28 01:24:14,231 DEBUG [EBPB_KeyhandlingSTTL-116705] Executing Click function
2016-01-28 01:24:15,219 DEBUG [EBPB_KeyhandlingSTTL-116705] Exiting Click function
2016-01-28 01:24:15,219 DEBUG [EBPB_KeyhandlingSTTL-116705] runtest_top_xpath Button clicked Successfully
2016-01-28 01:24:15,219 DEBUG [EBPB_KeyhandlingSTTL-116705] TestStepResult of ClickRunTest: pass
2016-01-28 01:24:15,219 DEBUG [EBPB_KeyhandlingSTTL-116705] In execute keyword function
2016-01-28 01:24:15,219 DEBUG [EBPB_KeyhandlingSTTL-116705] Executing validate_Text_Exists function:
2016-01-28 01:24:15,489 DEBUG [EBPB_KeyhandlingSTTL-116705] VT056-0717 Testcase Text found
2016-01-28 01:24:15,489 DEBUG [EBPB_KeyhandlingSTTL-116705] Result of validate_Text_Exists: Pass
2016-01-28 01:24:15,489 DEBUG [EBPB_KeyhandlingSTTL-116705] In execute keyword function
2016-01-28 01:24:15,489 DEBUG [EBPB_KeyhandlingSTTL-116705] Executing textBoxClick function:
2016-01-28 01:24:16,967 DEBUG [EBPB_KeyhandlingSTTL-116705] keytxtInput_idtext box clicked successfully
2016-01-28 01:24:16,967 DEBUG [EBPB_KeyhandlingSTTL-116705] TestStepResult of textBoxClick: pass
2016-01-28 01:24:16,967 DEBUG [EBPB_KeyhandlingSTTL-116705] In execute keyword function
2016-01-28 01:24:16,967 DEBUG [EBPB_KeyhandlingSTTL-116705] Executing wait function:
2016-01-28 01:24:16,967 DEBUG [EBPB_KeyhandlingSTTL-116705] Started Executing wait function
2016-01-28 01:24:18,967 DEBUG [EBPB_KeyhandlingSTTL-116705] Exiting from wait function
2016-01-28 01:24:18,967 DEBUG [EBPB_KeyhandlingSTTL-116705] TestStepResult of wait: Pass
2016-01-28 01:24:18,967 DEBUG [EBPB_KeyhandlingSTTL-116705] In execute keyword function
2016-01-28 01:24:18,967 DEBUG [EBPB_KeyhandlingSTTL-116705] Executing sendKeyEvents function:
2016-01-28 01:24:18,967 DEBUG [EBPB_KeyhandlingSTTL-116705] Entered sendKeyEvents function
2016-01-28 01:24:18,967 DEBUG [EBPB_KeyhandlingSTTL-116705] 2
2016-01-28 01:24:18,967 DEBUG [EBPB_KeyhandlingSTTL-116705] Entered 2
2016-01-28 01:24:18,967 DEBUG [EBPB_KeyhandlingSTTL-116705] Started executeCommandLine function
2016-01-28 01:24:22,988 DEBUG [EBPB_KeyhandlingSTTL-116705] Exiting from executeCommandLine function
2016-01-28 01:24:22,988 DEBUG [EBPB_KeyhandlingSTTL-116705] pass
2016-01-28 01:24:22,988 DEBUG [EBPB_KeyhandlingSTTL-116705] TestStepResult of sendKeyEvents: pass
2016-01-28 01:24:22,988 DEBUG [EBPB_KeyhandlingSTTL-116705] In execute keyword function
2016-01-28 01:24:22,988 DEBUG [EBPB_KeyhandlingSTTL-116705] Executing validate_textBoxData function:
2016-01-28 01:24:22,988 DEBUG [EBPB_KeyhandlingSTTL-116705] Executing getAttribute function
2016-01-28 01:24:23,229 DEBUG [EBPB_KeyhandlingSTTL-116705] 2
2016-01-28 01:24:23,229 DEBUG [EBPB_KeyhandlingSTTL-116705] 2 value matches with Expected 2 value
2016-01-28 01:24:23,229 DEBUG [EBPB_KeyhandlingSTTL-116705] Result of validate_textBoxData: Pass
2016-01-28 01:24:23,229 DEBUG [EBPB_KeyhandlingSTTL-116705] In execute keyword function
2016-01-28 01:24:23,229 DEBUG [EBPB_KeyhandlingSTTL-116705] Executing validate_keyCaptured function:
2016-01-28 01:24:23,229 DEBUG [EBPB_KeyhandlingSTTL-116705] Entered validate_keyCaptured function
2016-01-28 01:24:23,468 DEBUG [EBPB_KeyhandlingSTTL-116705] 9
2016-01-28 01:24:23,468 DEBUG [EBPB_KeyhandlingSTTL-116705] Actual Value matches Expected
2016-01-28 01:24:23,468 DEBUG [EBPB_KeyhandlingSTTL-116705] pass
2016-01-28 01:24:23,468 DEBUG [EBPB_KeyhandlingSTTL-116705] Exiting from validate_keyCaptured function
2016-01-28 01:24:23,468 DEBUG [EBPB_KeyhandlingSTTL-116705] Result of validate_keyCaptured: pass
2016-01-28 01:24:23,468 DEBUG [EBPB_KeyhandlingSTTL-116705] In execute keyword function
2016-01-28 01:24:23,468 DEBUG [EBPB_KeyhandlingSTTL-116705] Executing SwitchApp function:
2016-01-28 01:24:23,513 DEBUG [EBPB_KeyhandlingSTTL-116705] Successfully switched to NATIVE_APP
2016-01-28 01:24:23,513 DEBUG [EBPB_KeyhandlingSTTL-116705] TestStepResult of SwitchApp: Pass
2016-01-28 01:24:23,513 DEBUG [EBPB_KeyhandlingSTTL-116705] In execute keyword function
2016-01-28 01:24:23,513 DEBUG [EBPB_KeyhandlingSTTL-116705] Executing ClickNativeIcon function:
2016-01-28 01:24:24,431 DEBUG [EBPB_KeyhandlingSTTL-116705] [[AppiumTouchActionExtension: selendroid on ANDROID (f98329fa-a468-25bb-d1de-b379d3efc34f)] -> xpath: (//Button[@id='reload_button'])[1]]Clicked successfully
2016-01-28 01:24:24,431 DEBUG [EBPB_KeyhandlingSTTL-116705] TestStepResult of ClickNativeIcon: pass
2016-01-28 01:24:24,431 DEBUG [EBPB_KeyhandlingSTTL-116705] In execute keyword function
2016-01-28 01:24:24,431 DEBUG [EBPB_KeyhandlingSTTL-116705] Executing wait function:
2016-01-28 01:24:24,431 DEBUG [EBPB_KeyhandlingSTTL-116705] Started Executing wait function
2016-01-28 01:24:34,432 DEBUG [EBPB_KeyhandlingSTTL-116705] Exiting from wait function
2016-01-28 01:24:34,432 DEBUG [EBPB_KeyhandlingSTTL-116705] TestStepResult of wait: Pass
2016-01-28 01:24:34,432 DEBUG [EBPB_KeyhandlingSTTL-116705] In execute keyword function
2016-01-28 01:24:34,432 DEBUG [EBPB_KeyhandlingSTTL-116705] Executing SwitchApp function:
2016-01-28 01:24:34,533 DEBUG [EBPB_KeyhandlingSTTL-116705] Successfully switched to WEBVIEW
2016-01-28 01:24:34,533 DEBUG [EBPB_KeyhandlingSTTL-116705] TestStepResult of SwitchApp: Pass
2016-01-28 01:24:34,533 DEBUG [EBPB_KeyhandlingSTTL-116705] In execute keyword function
2016-01-28 01:24:34,533 DEBUG [EBPB_KeyhandlingSTTL-116705] Executing SelectTestToRun function:
2016-01-28 01:24:37,096 DEBUG [EBPB_KeyhandlingSTTL-116705] Successfull in selecting clicking the category
2016-01-28 01:24:37,096 DEBUG [EBPB_KeyhandlingSTTL-116705] TestStepResult of SelectTestToRun: pass
2016-01-28 01:24:37,096 DEBUG [EBPB_KeyhandlingSTTL-116705] In execute keyword function
2016-01-28 01:24:37,096 DEBUG [EBPB_KeyhandlingSTTL-116705] Executing ClickRunTest function:
2016-01-28 01:24:37,406 DEBUG [EBPB_KeyhandlingSTTL-116705] Executing Click function
2016-01-28 01:24:38,416 DEBUG [EBPB_KeyhandlingSTTL-116705] Exiting Click function
2016-01-28 01:24:38,416 DEBUG [EBPB_KeyhandlingSTTL-116705] runtest_top_xpath Button clicked Successfully
2016-01-28 01:24:38,416 DEBUG [EBPB_KeyhandlingSTTL-116705] TestStepResult of ClickRunTest: pass
2016-01-28 01:24:38,416 DEBUG [EBPB_KeyhandlingSTTL-116705] In execute keyword function
2016-01-28 01:24:38,416 DEBUG [EBPB_KeyhandlingSTTL-116705] Executing validate_Text_Exists function:
2016-01-28 01:24:38,648 DEBUG [EBPB_KeyhandlingSTTL-116705] VT056-0717 Testcase Text found
2016-01-28 01:24:38,648 DEBUG [EBPB_KeyhandlingSTTL-116705] Result of validate_Text_Exists: Pass
2016-01-28 01:24:38,648 DEBUG [EBPB_KeyhandlingSTTL-116705] In execute keyword function
2016-01-28 01:24:38,648 DEBUG [EBPB_KeyhandlingSTTL-116705] Executing textBoxClick function:
2016-01-28 01:24:40,060 DEBUG [EBPB_KeyhandlingSTTL-116705] keytxtInput_idtext box clicked successfully
2016-01-28 01:24:40,060 DEBUG [EBPB_KeyhandlingSTTL-116705] TestStepResult of textBoxClick: pass
2016-01-28 01:24:40,060 DEBUG [EBPB_KeyhandlingSTTL-116705] In execute keyword function
2016-01-28 01:24:40,060 DEBUG [EBPB_KeyhandlingSTTL-116705] Executing wait function:
2016-01-28 01:24:40,060 DEBUG [EBPB_KeyhandlingSTTL-116705] Started Executing wait function
2016-01-28 01:24:42,060 DEBUG [EBPB_KeyhandlingSTTL-116705] Exiting from wait function
2016-01-28 01:24:42,060 DEBUG [EBPB_KeyhandlingSTTL-116705] TestStepResult of wait: Pass
2016-01-28 01:24:42,060 DEBUG [EBPB_KeyhandlingSTTL-116705] In execute keyword function
2016-01-28 01:24:42,060 DEBUG [EBPB_KeyhandlingSTTL-116705] Executing sendKeyEvents function:
2016-01-28 01:24:42,060 DEBUG [EBPB_KeyhandlingSTTL-116705] Entered sendKeyEvents function
2016-01-28 01:24:42,060 DEBUG [EBPB_KeyhandlingSTTL-116705] 3
2016-01-28 01:24:42,060 DEBUG [EBPB_KeyhandlingSTTL-116705] Entered 3
2016-01-28 01:24:42,060 DEBUG [EBPB_KeyhandlingSTTL-116705] Started executeCommandLine function
2016-01-28 01:24:46,082 DEBUG [EBPB_KeyhandlingSTTL-116705] Exiting from executeCommandLine function
2016-01-28 01:24:46,082 DEBUG [EBPB_KeyhandlingSTTL-116705] pass
2016-01-28 01:24:46,082 DEBUG [EBPB_KeyhandlingSTTL-116705] TestStepResult of sendKeyEvents: pass
2016-01-28 01:24:46,082 DEBUG [EBPB_KeyhandlingSTTL-116705] In execute keyword function
2016-01-28 01:24:46,082 DEBUG [EBPB_KeyhandlingSTTL-116705] Executing validate_textBoxData function:
2016-01-28 01:24:46,082 DEBUG [EBPB_KeyhandlingSTTL-116705] Executing getAttribute function
2016-01-28 01:24:46,282 DEBUG [EBPB_KeyhandlingSTTL-116705] 3
2016-01-28 01:24:46,282 DEBUG [EBPB_KeyhandlingSTTL-116705] 3 value matches with Expected 3 value
2016-01-28 01:24:46,282 DEBUG [EBPB_KeyhandlingSTTL-116705] Result of validate_textBoxData: Pass
2016-01-28 01:24:46,282 DEBUG [EBPB_KeyhandlingSTTL-116705] In execute keyword function
2016-01-28 01:24:46,282 DEBUG [EBPB_KeyhandlingSTTL-116705] Executing validate_keyCaptured function:
2016-01-28 01:24:46,282 DEBUG [EBPB_KeyhandlingSTTL-116705] Entered validate_keyCaptured function
2016-01-28 01:24:46,463 DEBUG [EBPB_KeyhandlingSTTL-116705] 10
2016-01-28 01:24:46,463 DEBUG [EBPB_KeyhandlingSTTL-116705] Actual Value matches Expected
2016-01-28 01:24:46,464 DEBUG [EBPB_KeyhandlingSTTL-116705] pass
2016-01-28 01:24:46,464 DEBUG [EBPB_KeyhandlingSTTL-116705] Exiting from validate_keyCaptured function
2016-01-28 01:24:46,464 DEBUG [EBPB_KeyhandlingSTTL-116705] Result of validate_keyCaptured: pass
2016-01-28 01:24:46,464 DEBUG [EBPB_KeyhandlingSTTL-116705] In execute keyword function
2016-01-28 01:24:46,464 DEBUG [EBPB_KeyhandlingSTTL-116705] Executing SwitchApp function:
2016-01-28 01:24:46,513 DEBUG [EBPB_KeyhandlingSTTL-116705] Successfully switched to NATIVE_APP
2016-01-28 01:24:46,513 DEBUG [EBPB_KeyhandlingSTTL-116705] TestStepResult of SwitchApp: Pass
2016-01-28 01:24:46,513 DEBUG [EBPB_KeyhandlingSTTL-116705] In execute keyword function
2016-01-28 01:24:46,513 DEBUG [EBPB_KeyhandlingSTTL-116705] Executing ClickNativeIcon function:
2016-01-28 01:24:47,373 DEBUG [EBPB_KeyhandlingSTTL-116705] [[AppiumTouchActionExtension: selendroid on ANDROID (f98329fa-a468-25bb-d1de-b379d3efc34f)] -> xpath: (//Button[@id='reload_button'])[1]]Clicked successfully
2016-01-28 01:24:47,373 DEBUG [EBPB_KeyhandlingSTTL-116705] TestStepResult of ClickNativeIcon: pass
2016-01-28 01:24:47,373 DEBUG [EBPB_KeyhandlingSTTL-116705] In execute keyword function
2016-01-28 01:24:47,373 DEBUG [EBPB_KeyhandlingSTTL-116705] Executing wait function:
2016-01-28 01:24:47,373 DEBUG [EBPB_KeyhandlingSTTL-116705] Started Executing wait function
2016-01-28 01:24:57,374 DEBUG [EBPB_KeyhandlingSTTL-116705] Exiting from wait function
2016-01-28 01:24:57,374 DEBUG [EBPB_KeyhandlingSTTL-116705] TestStepResult of wait: Pass
2016-01-28 01:24:57,374 DEBUG [EBPB_KeyhandlingSTTL-116705] In execute keyword function
2016-01-28 01:24:57,374 DEBUG [EBPB_KeyhandlingSTTL-116705] Executing SwitchApp function:
2016-01-28 01:24:57,489 DEBUG [EBPB_KeyhandlingSTTL-116705] Successfully switched to WEBVIEW
2016-01-28 01:24:57,489 DEBUG [EBPB_KeyhandlingSTTL-116705] TestStepResult of SwitchApp: Pass
2016-01-28 01:24:57,489 DEBUG [EBPB_KeyhandlingSTTL-116705] In execute keyword function
2016-01-28 01:24:57,489 DEBUG [EBPB_KeyhandlingSTTL-116705] Executing SelectTestToRun function:
2016-01-28 01:25:00,122 DEBUG [EBPB_KeyhandlingSTTL-116705] Successfull in selecting clicking the category
2016-01-28 01:25:00,122 DEBUG [EBPB_KeyhandlingSTTL-116705] TestStepResult of SelectTestToRun: pass
2016-01-28 01:25:00,123 DEBUG [EBPB_KeyhandlingSTTL-116705] In execute keyword function
2016-01-28 01:25:00,123 DEBUG [EBPB_KeyhandlingSTTL-116705] Executing ClickRunTest function:
2016-01-28 01:25:00,479 DEBUG [EBPB_KeyhandlingSTTL-116705] Executing Click function
2016-01-28 01:25:01,500 DEBUG [EBPB_KeyhandlingSTTL-116705] Exiting Click function
2016-01-28 01:25:01,500 DEBUG [EBPB_KeyhandlingSTTL-116705] runtest_top_xpath Button clicked Successfully
2016-01-28 01:25:01,500 DEBUG [EBPB_KeyhandlingSTTL-116705] TestStepResult of ClickRunTest: pass
2016-01-28 01:25:01,501 DEBUG [EBPB_KeyhandlingSTTL-116705] In execute keyword function
2016-01-28 01:25:01,501 DEBUG [EBPB_KeyhandlingSTTL-116705] Executing validate_Text_Exists function:
2016-01-28 01:25:01,813 DEBUG [EBPB_KeyhandlingSTTL-116705] VT056-0717 Testcase Text found
2016-01-28 01:25:01,813 DEBUG [EBPB_KeyhandlingSTTL-116705] Result of validate_Text_Exists: Pass
2016-01-28 01:25:01,813 DEBUG [EBPB_KeyhandlingSTTL-116705] In execute keyword function
2016-01-28 01:25:01,813 DEBUG [EBPB_KeyhandlingSTTL-116705] Executing textBoxClick function:
2016-01-28 01:25:03,268 DEBUG [EBPB_KeyhandlingSTTL-116705] keytxtInput_idtext box clicked successfully
2016-01-28 01:25:03,268 DEBUG [EBPB_KeyhandlingSTTL-116705] TestStepResult of textBoxClick: pass
2016-01-28 01:25:03,268 DEBUG [EBPB_KeyhandlingSTTL-116705] In execute keyword function
2016-01-28 01:25:03,268 DEBUG [EBPB_KeyhandlingSTTL-116705] Executing wait function:
2016-01-28 01:25:03,268 DEBUG [EBPB_KeyhandlingSTTL-116705] Started Executing wait function
2016-01-28 01:25:05,268 DEBUG [EBPB_KeyhandlingSTTL-116705] Exiting from wait function
2016-01-28 01:25:05,268 DEBUG [EBPB_KeyhandlingSTTL-116705] TestStepResult of wait: Pass
2016-01-28 01:25:05,268 DEBUG [EBPB_KeyhandlingSTTL-116705] In execute keyword function
2016-01-28 01:25:05,268 DEBUG [EBPB_KeyhandlingSTTL-116705] Executing sendKeyEvents function:
2016-01-28 01:25:05,268 DEBUG [EBPB_KeyhandlingSTTL-116705] Entered sendKeyEvents function
2016-01-28 01:25:05,268 DEBUG [EBPB_KeyhandlingSTTL-116705] 4
2016-01-28 01:25:05,268 DEBUG [EBPB_KeyhandlingSTTL-116705] Entered 4
2016-01-28 01:25:05,268 DEBUG [EBPB_KeyhandlingSTTL-116705] Started executeCommandLine function
2016-01-28 01:25:09,287 DEBUG [EBPB_KeyhandlingSTTL-116705] Exiting from executeCommandLine function
2016-01-28 01:25:09,287 DEBUG [EBPB_KeyhandlingSTTL-116705] pass
2016-01-28 01:25:09,287 DEBUG [EBPB_KeyhandlingSTTL-116705] TestStepResult of sendKeyEvents: pass
2016-01-28 01:25:09,287 DEBUG [EBPB_KeyhandlingSTTL-116705] In execute keyword function
2016-01-28 01:25:09,287 DEBUG [EBPB_KeyhandlingSTTL-116705] Executing validate_textBoxData function:
2016-01-28 01:25:09,287 DEBUG [EBPB_KeyhandlingSTTL-116705] Executing getAttribute function
2016-01-28 01:25:09,490 DEBUG [EBPB_KeyhandlingSTTL-116705] 4
2016-01-28 01:25:09,490 DEBUG [EBPB_KeyhandlingSTTL-116705] 4 value matches with Expected 4 value
2016-01-28 01:25:09,490 DEBUG [EBPB_KeyhandlingSTTL-116705] Result of validate_textBoxData: Pass
2016-01-28 01:25:09,490 DEBUG [EBPB_KeyhandlingSTTL-116705] In execute keyword function
2016-01-28 01:25:09,490 DEBUG [EBPB_KeyhandlingSTTL-116705] Executing validate_keyCaptured function:
2016-01-28 01:25:09,490 DEBUG [EBPB_KeyhandlingSTTL-116705] Entered validate_keyCaptured function
2016-01-28 01:25:09,710 DEBUG [EBPB_KeyhandlingSTTL-116705] 11
2016-01-28 01:25:09,710 DEBUG [EBPB_KeyhandlingSTTL-116705] Actual Value matches Expected
2016-01-28 01:25:09,710 DEBUG [EBPB_KeyhandlingSTTL-116705] pass
2016-01-28 01:25:09,710 DEBUG [EBPB_KeyhandlingSTTL-116705] Exiting from validate_keyCaptured function
2016-01-28 01:25:09,710 DEBUG [EBPB_KeyhandlingSTTL-116705] Result of validate_keyCaptured: pass
2016-01-28 01:25:09,710 DEBUG [EBPB_KeyhandlingSTTL-116705] In execute keyword function
2016-01-28 01:25:09,710 DEBUG [EBPB_KeyhandlingSTTL-116705] Executing SwitchApp function:
2016-01-28 01:25:09,757 DEBUG [EBPB_KeyhandlingSTTL-116705] Successfully switched to NATIVE_APP
2016-01-28 01:25:09,757 DEBUG [EBPB_KeyhandlingSTTL-116705] TestStepResult of SwitchApp: Pass
2016-01-28 01:25:09,757 DEBUG [EBPB_KeyhandlingSTTL-116705] In execute keyword function
2016-01-28 01:25:09,757 DEBUG [EBPB_KeyhandlingSTTL-116705] Executing ClickNativeIcon function:
2016-01-28 01:25:10,607 DEBUG [EBPB_KeyhandlingSTTL-116705] [[AppiumTouchActionExtension: selendroid on ANDROID (f98329fa-a468-25bb-d1de-b379d3efc34f)] -> xpath: (//Button[@id='reload_button'])[1]]Clicked successfully
2016-01-28 01:25:10,607 DEBUG [EBPB_KeyhandlingSTTL-116705] TestStepResult of ClickNativeIcon: pass
2016-01-28 01:25:10,607 DEBUG [EBPB_KeyhandlingSTTL-116705] In execute keyword function
2016-01-28 01:25:10,607 DEBUG [EBPB_KeyhandlingSTTL-116705] Executing wait function:
2016-01-28 01:25:10,607 DEBUG [EBPB_KeyhandlingSTTL-116705] Started Executing wait function
2016-01-28 01:25:20,608 DEBUG [EBPB_KeyhandlingSTTL-116705] Exiting from wait function
2016-01-28 01:25:20,608 DEBUG [EBPB_KeyhandlingSTTL-116705] TestStepResult of wait: Pass
2016-01-28 01:25:20,608 DEBUG [EBPB_KeyhandlingSTTL-116705] In execute keyword function
2016-01-28 01:25:20,608 DEBUG [EBPB_KeyhandlingSTTL-116705] Executing SwitchApp function:
2016-01-28 01:25:20,717 DEBUG [EBPB_KeyhandlingSTTL-116705] Successfully switched to WEBVIEW
2016-01-28 01:25:20,717 DEBUG [EBPB_KeyhandlingSTTL-116705] TestStepResult of SwitchApp: Pass
2016-01-28 01:25:20,717 DEBUG [EBPB_KeyhandlingSTTL-116705] In execute keyword function
2016-01-28 01:25:20,717 DEBUG [EBPB_KeyhandlingSTTL-116705] Executing SelectTestToRun function:
2016-01-28 01:25:23,238 DEBUG [EBPB_KeyhandlingSTTL-116705] Successfull in selecting clicking the category
2016-01-28 01:25:23,238 DEBUG [EBPB_KeyhandlingSTTL-116705] TestStepResult of SelectTestToRun: pass
2016-01-28 01:25:23,238 DEBUG [EBPB_KeyhandlingSTTL-116705] In execute keyword function
2016-01-28 01:25:23,238 DEBUG [EBPB_KeyhandlingSTTL-116705] Executing ClickRunTest function:
2016-01-28 01:25:23,609 DEBUG [EBPB_KeyhandlingSTTL-116705] Executing Click function
2016-01-28 01:25:24,643 DEBUG [EBPB_KeyhandlingSTTL-116705] Exiting Click function
2016-01-28 01:25:24,643 DEBUG [EBPB_KeyhandlingSTTL-116705] runtest_top_xpath Button clicked Successfully
2016-01-28 01:25:24,643 DEBUG [EBPB_KeyhandlingSTTL-116705] TestStepResult of ClickRunTest: pass
2016-01-28 01:25:24,643 DEBUG [EBPB_KeyhandlingSTTL-116705] In execute keyword function
2016-01-28 01:25:24,643 DEBUG [EBPB_KeyhandlingSTTL-116705] Executing validate_Text_Exists function:
2016-01-28 01:25:24,939 DEBUG [EBPB_KeyhandlingSTTL-116705] VT056-0717 Testcase Text found
2016-01-28 01:25:24,939 DEBUG [EBPB_KeyhandlingSTTL-116705] Result of validate_Text_Exists: Pass
2016-01-28 01:25:24,939 DEBUG [EBPB_KeyhandlingSTTL-116705] In execute keyword function
2016-01-28 01:25:24,939 DEBUG [EBPB_KeyhandlingSTTL-116705] Executing textBoxClick function:
2016-01-28 01:25:26,398 DEBUG [EBPB_KeyhandlingSTTL-116705] keytxtInput_idtext box clicked successfully
2016-01-28 01:25:26,398 DEBUG [EBPB_KeyhandlingSTTL-116705] TestStepResult of textBoxClick: pass
2016-01-28 01:25:26,398 DEBUG [EBPB_KeyhandlingSTTL-116705] In execute keyword function
2016-01-28 01:25:26,398 DEBUG [EBPB_KeyhandlingSTTL-116705] Executing wait function:
2016-01-28 01:25:26,398 DEBUG [EBPB_KeyhandlingSTTL-116705] Started Executing wait function
2016-01-28 01:25:28,398 DEBUG [EBPB_KeyhandlingSTTL-116705] Exiting from wait function
2016-01-28 01:25:28,398 DEBUG [EBPB_KeyhandlingSTTL-116705] TestStepResult of wait: Pass
2016-01-28 01:25:28,398 DEBUG [EBPB_KeyhandlingSTTL-116705] In execute keyword function
2016-01-28 01:25:28,398 DEBUG [EBPB_KeyhandlingSTTL-116705] Executing sendKeyEvents function:
2016-01-28 01:25:28,398 DEBUG [EBPB_KeyhandlingSTTL-116705] Entered sendKeyEvents function
2016-01-28 01:25:28,398 DEBUG [EBPB_KeyhandlingSTTL-116705] 5
2016-01-28 01:25:28,398 DEBUG [EBPB_KeyhandlingSTTL-116705] Entered 5
2016-01-28 01:25:28,398 DEBUG [EBPB_KeyhandlingSTTL-116705] Started executeCommandLine function
2016-01-28 01:25:32,420 DEBUG [EBPB_KeyhandlingSTTL-116705] Exiting from executeCommandLine function
2016-01-28 01:25:32,420 DEBUG [EBPB_KeyhandlingSTTL-116705] pass
2016-01-28 01:25:32,420 DEBUG [EBPB_KeyhandlingSTTL-116705] TestStepResult of sendKeyEvents: pass
2016-01-28 01:25:32,420 DEBUG [EBPB_KeyhandlingSTTL-116705] In execute keyword function
2016-01-28 01:25:32,420 DEBUG [EBPB_KeyhandlingSTTL-116705] Executing validate_textBoxData function:
2016-01-28 01:25:32,420 DEBUG [EBPB_KeyhandlingSTTL-116705] Executing getAttribute function
2016-01-28 01:25:32,621 DEBUG [EBPB_KeyhandlingSTTL-116705] 5
2016-01-28 01:25:32,621 DEBUG [EBPB_KeyhandlingSTTL-116705] 5 value matches with Expected 5 value
2016-01-28 01:25:32,621 DEBUG [EBPB_KeyhandlingSTTL-116705] Result of validate_textBoxData: Pass
2016-01-28 01:25:32,621 DEBUG [EBPB_KeyhandlingSTTL-116705] In execute keyword function
2016-01-28 01:25:32,621 DEBUG [EBPB_KeyhandlingSTTL-116705] Executing validate_keyCaptured function:
2016-01-28 01:25:32,621 DEBUG [EBPB_KeyhandlingSTTL-116705] Entered validate_keyCaptured function
2016-01-28 01:25:32,843 DEBUG [EBPB_KeyhandlingSTTL-116705] 12
2016-01-28 01:25:32,843 DEBUG [EBPB_KeyhandlingSTTL-116705] Actual Value matches Expected
2016-01-28 01:25:32,843 DEBUG [EBPB_KeyhandlingSTTL-116705] pass
2016-01-28 01:25:32,843 DEBUG [EBPB_KeyhandlingSTTL-116705] Exiting from validate_keyCaptured function
2016-01-28 01:25:32,843 DEBUG [EBPB_KeyhandlingSTTL-116705] Result of validate_keyCaptured: pass
2016-01-28 01:25:32,843 DEBUG [EBPB_KeyhandlingSTTL-116705] In execute keyword function
2016-01-28 01:25:32,843 DEBUG [EBPB_KeyhandlingSTTL-116705] Executing SwitchApp function:
2016-01-28 01:25:32,891 DEBUG [EBPB_KeyhandlingSTTL-116705] Successfully switched to NATIVE_APP
2016-01-28 01:25:32,891 DEBUG [EBPB_KeyhandlingSTTL-116705] TestStepResult of SwitchApp: Pass
2016-01-28 01:25:32,891 DEBUG [EBPB_KeyhandlingSTTL-116705] In execute keyword function
2016-01-28 01:25:32,891 DEBUG [EBPB_KeyhandlingSTTL-116705] Executing ClickNativeIcon function:
2016-01-28 01:25:33,750 DEBUG [EBPB_KeyhandlingSTTL-116705] [[AppiumTouchActionExtension: selendroid on ANDROID (f98329fa-a468-25bb-d1de-b379d3efc34f)] -> xpath: (//Button[@id='reload_button'])[1]]Clicked successfully
2016-01-28 01:25:33,750 DEBUG [EBPB_KeyhandlingSTTL-116705] TestStepResult of ClickNativeIcon: pass
2016-01-28 01:25:33,750 DEBUG [EBPB_KeyhandlingSTTL-116705] In execute keyword function
2016-01-28 01:25:33,750 DEBUG [EBPB_KeyhandlingSTTL-116705] Executing wait function:
2016-01-28 01:25:33,750 DEBUG [EBPB_KeyhandlingSTTL-116705] Started Executing wait function
2016-01-28 01:25:43,751 DEBUG [EBPB_KeyhandlingSTTL-116705] Exiting from wait function
2016-01-28 01:25:43,751 DEBUG [EBPB_KeyhandlingSTTL-116705] TestStepResult of wait: Pass
2016-01-28 01:25:43,751 DEBUG [EBPB_KeyhandlingSTTL-116705] In execute keyword function
2016-01-28 01:25:43,751 DEBUG [EBPB_KeyhandlingSTTL-116705] Executing SwitchApp function:
2016-01-28 01:25:43,845 DEBUG [EBPB_KeyhandlingSTTL-116705] Successfully switched to WEBVIEW
2016-01-28 01:25:43,845 DEBUG [EBPB_KeyhandlingSTTL-116705] TestStepResult of SwitchApp: Pass
2016-01-28 01:25:43,845 DEBUG [EBPB_KeyhandlingSTTL-116705] In execute keyword function
2016-01-28 01:25:43,845 DEBUG [EBPB_KeyhandlingSTTL-116705] Executing SelectTestToRun function:
2016-01-28 01:25:46,414 DEBUG [EBPB_KeyhandlingSTTL-116705] Successfull in selecting clicking the category
2016-01-28 01:25:46,414 DEBUG [EBPB_KeyhandlingSTTL-116705] TestStepResult of SelectTestToRun: pass
2016-01-28 01:25:46,414 DEBUG [EBPB_KeyhandlingSTTL-116705] In execute keyword function
2016-01-28 01:25:46,414 DEBUG [EBPB_KeyhandlingSTTL-116705] Executing ClickRunTest function:
2016-01-28 01:25:46,762 DEBUG [EBPB_KeyhandlingSTTL-116705] Executing Click function
2016-01-28 01:25:47,776 DEBUG [EBPB_KeyhandlingSTTL-116705] Exiting Click function
2016-01-28 01:25:47,776 DEBUG [EBPB_KeyhandlingSTTL-116705] runtest_top_xpath Button clicked Successfully
2016-01-28 01:25:47,777 DEBUG [EBPB_KeyhandlingSTTL-116705] TestStepResult of ClickRunTest: pass
2016-01-28 01:25:47,777 DEBUG [EBPB_KeyhandlingSTTL-116705] In execute keyword function
2016-01-28 01:25:47,777 DEBUG [EBPB_KeyhandlingSTTL-116705] Executing validate_Text_Exists function:
2016-01-28 01:25:48,004 DEBUG [EBPB_KeyhandlingSTTL-116705] VT056-0717 Testcase Text found
2016-01-28 01:25:48,004 DEBUG [EBPB_KeyhandlingSTTL-116705] Result of validate_Text_Exists: Pass
2016-01-28 01:25:48,004 DEBUG [EBPB_KeyhandlingSTTL-116705] In execute keyword function
2016-01-28 01:25:48,004 DEBUG [EBPB_KeyhandlingSTTL-116705] Executing textBoxClick function:
2016-01-28 01:25:49,388 DEBUG [EBPB_KeyhandlingSTTL-116705] keytxtInput_idtext box clicked successfully
2016-01-28 01:25:49,388 DEBUG [EBPB_KeyhandlingSTTL-116705] TestStepResult of textBoxClick: pass
2016-01-28 01:25:49,388 DEBUG [EBPB_KeyhandlingSTTL-116705] In execute keyword function
2016-01-28 01:25:49,388 DEBUG [EBPB_KeyhandlingSTTL-116705] Executing wait function:
2016-01-28 01:25:49,388 DEBUG [EBPB_KeyhandlingSTTL-116705] Started Executing wait function
2016-01-28 01:25:51,388 DEBUG [EBPB_KeyhandlingSTTL-116705] Exiting from wait function
2016-01-28 01:25:51,388 DEBUG [EBPB_KeyhandlingSTTL-116705] TestStepResult of wait: Pass
2016-01-28 01:25:51,388 DEBUG [EBPB_KeyhandlingSTTL-116705] In execute keyword function
2016-01-28 01:25:51,388 DEBUG [EBPB_KeyhandlingSTTL-116705] Executing sendKeyEvents function:
2016-01-28 01:25:51,388 DEBUG [EBPB_KeyhandlingSTTL-116705] Entered sendKeyEvents function
2016-01-28 01:25:51,388 DEBUG [EBPB_KeyhandlingSTTL-116705] 6
2016-01-28 01:25:51,388 DEBUG [EBPB_KeyhandlingSTTL-116705] Entered 6
2016-01-28 01:25:51,388 DEBUG [EBPB_KeyhandlingSTTL-116705] Started executeCommandLine function
2016-01-28 01:25:55,410 DEBUG [EBPB_KeyhandlingSTTL-116705] Exiting from executeCommandLine function
2016-01-28 01:25:55,410 DEBUG [EBPB_KeyhandlingSTTL-116705] pass
2016-01-28 01:25:55,410 DEBUG [EBPB_KeyhandlingSTTL-116705] TestStepResult of sendKeyEvents: pass
2016-01-28 01:25:55,410 DEBUG [EBPB_KeyhandlingSTTL-116705] In execute keyword function
2016-01-28 01:25:55,410 DEBUG [EBPB_KeyhandlingSTTL-116705] Executing validate_textBoxData function:
2016-01-28 01:25:55,410 DEBUG [EBPB_KeyhandlingSTTL-116705] Executing getAttribute function
2016-01-28 01:25:55,619 DEBUG [EBPB_KeyhandlingSTTL-116705] 6
2016-01-28 01:25:55,619 DEBUG [EBPB_KeyhandlingSTTL-116705] 6 value matches with Expected 6 value
2016-01-28 01:25:55,619 DEBUG [EBPB_KeyhandlingSTTL-116705] Result of validate_textBoxData: Pass
2016-01-28 01:25:55,619 DEBUG [EBPB_KeyhandlingSTTL-116705] In execute keyword function
2016-01-28 01:25:55,620 DEBUG [EBPB_KeyhandlingSTTL-116705] Executing validate_keyCaptured function:
2016-01-28 01:25:55,620 DEBUG [EBPB_KeyhandlingSTTL-116705] Entered validate_keyCaptured function
2016-01-28 01:25:55,832 DEBUG [EBPB_KeyhandlingSTTL-116705] 13
2016-01-28 01:25:55,832 DEBUG [EBPB_KeyhandlingSTTL-116705] Actual Value matches Expected
2016-01-28 01:25:55,832 DEBUG [EBPB_KeyhandlingSTTL-116705] pass
2016-01-28 01:25:55,832 DEBUG [EBPB_KeyhandlingSTTL-116705] Exiting from validate_keyCaptured function
2016-01-28 01:25:55,832 DEBUG [EBPB_KeyhandlingSTTL-116705] Result of validate_keyCaptured: pass
2016-01-28 01:25:55,833 DEBUG [EBPB_KeyhandlingSTTL-116705] In execute keyword function
2016-01-28 01:25:55,833 DEBUG [EBPB_KeyhandlingSTTL-116705] Executing SwitchApp function:
2016-01-28 01:25:55,898 DEBUG [EBPB_KeyhandlingSTTL-116705] Successfully switched to NATIVE_APP
2016-01-28 01:25:55,898 DEBUG [EBPB_KeyhandlingSTTL-116705] TestStepResult of SwitchApp: Pass
2016-01-28 01:25:55,898 DEBUG [EBPB_KeyhandlingSTTL-116705] In execute keyword function
2016-01-28 01:25:55,898 DEBUG [EBPB_KeyhandlingSTTL-116705] Executing ClickNativeIcon function:
2016-01-28 01:25:56,763 DEBUG [EBPB_KeyhandlingSTTL-116705] [[AppiumTouchActionExtension: selendroid on ANDROID (f98329fa-a468-25bb-d1de-b379d3efc34f)] -> xpath: (//Button[@id='reload_button'])[1]]Clicked successfully
2016-01-28 01:25:56,763 DEBUG [EBPB_KeyhandlingSTTL-116705] TestStepResult of ClickNativeIcon: pass
2016-01-28 01:25:56,763 DEBUG [EBPB_KeyhandlingSTTL-116705] In execute keyword function
2016-01-28 01:25:56,763 DEBUG [EBPB_KeyhandlingSTTL-116705] Executing wait function:
2016-01-28 01:25:56,763 DEBUG [EBPB_KeyhandlingSTTL-116705] Started Executing wait function
2016-01-28 01:26:06,764 DEBUG [EBPB_KeyhandlingSTTL-116705] Exiting from wait function
2016-01-28 01:26:06,764 DEBUG [EBPB_KeyhandlingSTTL-116705] TestStepResult of wait: Pass
2016-01-28 01:26:06,764 DEBUG [EBPB_KeyhandlingSTTL-116705] In execute keyword function
2016-01-28 01:26:06,764 DEBUG [EBPB_KeyhandlingSTTL-116705] Executing SwitchApp function:
2016-01-28 01:26:06,857 DEBUG [EBPB_KeyhandlingSTTL-116705] Successfully switched to WEBVIEW
2016-01-28 01:26:06,857 DEBUG [EBPB_KeyhandlingSTTL-116705] TestStepResult of SwitchApp: Pass
2016-01-28 01:26:06,857 DEBUG [EBPB_KeyhandlingSTTL-116705] In execute keyword function
2016-01-28 01:26:06,857 DEBUG [EBPB_KeyhandlingSTTL-116705] Executing SelectTestToRun function:
2016-01-28 01:26:09,424 DEBUG [EBPB_KeyhandlingSTTL-116705] Successfull in selecting clicking the category
2016-01-28 01:26:09,424 DEBUG [EBPB_KeyhandlingSTTL-116705] TestStepResult of SelectTestToRun: pass
2016-01-28 01:26:09,424 DEBUG [EBPB_KeyhandlingSTTL-116705] In execute keyword function
2016-01-28 01:26:09,424 DEBUG [EBPB_KeyhandlingSTTL-116705] Executing ClickRunTest function:
2016-01-28 01:26:09,804 DEBUG [EBPB_KeyhandlingSTTL-116705] Executing Click function
2016-01-28 01:26:10,828 DEBUG [EBPB_KeyhandlingSTTL-116705] Exiting Click function
2016-01-28 01:26:10,828 DEBUG [EBPB_KeyhandlingSTTL-116705] runtest_top_xpath Button clicked Successfully
2016-01-28 01:26:10,828 DEBUG [EBPB_KeyhandlingSTTL-116705] TestStepResult of ClickRunTest: pass
2016-01-28 01:26:10,828 DEBUG [EBPB_KeyhandlingSTTL-116705] In execute keyword function
2016-01-28 01:26:10,828 DEBUG [EBPB_KeyhandlingSTTL-116705] Executing validate_Text_Exists function:
2016-01-28 01:26:11,122 DEBUG [EBPB_KeyhandlingSTTL-116705] VT056-0717 Testcase Text found
2016-01-28 01:26:11,122 DEBUG [EBPB_KeyhandlingSTTL-116705] Result of validate_Text_Exists: Pass
2016-01-28 01:26:11,122 DEBUG [EBPB_KeyhandlingSTTL-116705] In execute keyword function
2016-01-28 01:26:11,123 DEBUG [EBPB_KeyhandlingSTTL-116705] Executing textBoxClick function:
2016-01-28 01:26:12,681 DEBUG [EBPB_KeyhandlingSTTL-116705] keytxtInput_idtext box clicked successfully
2016-01-28 01:26:12,681 DEBUG [EBPB_KeyhandlingSTTL-116705] TestStepResult of textBoxClick: pass
2016-01-28 01:26:12,681 DEBUG [EBPB_KeyhandlingSTTL-116705] In execute keyword function
2016-01-28 01:26:12,681 DEBUG [EBPB_KeyhandlingSTTL-116705] Executing wait function:
2016-01-28 01:26:12,681 DEBUG [EBPB_KeyhandlingSTTL-116705] Started Executing wait function
2016-01-28 01:26:14,681 DEBUG [EBPB_KeyhandlingSTTL-116705] Exiting from wait function
2016-01-28 01:26:14,681 DEBUG [EBPB_KeyhandlingSTTL-116705] TestStepResult of wait: Pass
2016-01-28 01:26:14,681 DEBUG [EBPB_KeyhandlingSTTL-116705] In execute keyword function
2016-01-28 01:26:14,681 DEBUG [EBPB_KeyhandlingSTTL-116705] Executing sendKeyEvents function:
2016-01-28 01:26:14,681 DEBUG [EBPB_KeyhandlingSTTL-116705] Entered sendKeyEvents function
2016-01-28 01:26:14,681 DEBUG [EBPB_KeyhandlingSTTL-116705] 7
2016-01-28 01:26:14,681 DEBUG [EBPB_KeyhandlingSTTL-116705] Entered 7
2016-01-28 01:26:14,681 DEBUG [EBPB_KeyhandlingSTTL-116705] Started executeCommandLine function
2016-01-28 01:26:18,702 DEBUG [EBPB_KeyhandlingSTTL-116705] Exiting from executeCommandLine function
2016-01-28 01:26:18,702 DEBUG [EBPB_KeyhandlingSTTL-116705] pass
2016-01-28 01:26:18,702 DEBUG [EBPB_KeyhandlingSTTL-116705] TestStepResult of sendKeyEvents: pass
2016-01-28 01:26:18,702 DEBUG [EBPB_KeyhandlingSTTL-116705] In execute keyword function
2016-01-28 01:26:18,702 DEBUG [EBPB_KeyhandlingSTTL-116705] Executing validate_textBoxData function:
2016-01-28 01:26:18,702 DEBUG [EBPB_KeyhandlingSTTL-116705] Executing getAttribute function
2016-01-28 01:26:18,907 DEBUG [EBPB_KeyhandlingSTTL-116705] 7
2016-01-28 01:26:18,907 DEBUG [EBPB_KeyhandlingSTTL-116705] 7 value matches with Expected 7 value
2016-01-28 01:26:18,907 DEBUG [EBPB_KeyhandlingSTTL-116705] Result of validate_textBoxData: Pass
2016-01-28 01:26:18,908 DEBUG [EBPB_KeyhandlingSTTL-116705] In execute keyword function
2016-01-28 01:26:18,908 DEBUG [EBPB_KeyhandlingSTTL-116705] Executing validate_keyCaptured function:
2016-01-28 01:26:18,908 DEBUG [EBPB_KeyhandlingSTTL-116705] Entered validate_keyCaptured function
2016-01-28 01:26:19,112 DEBUG [EBPB_KeyhandlingSTTL-116705] 14
2016-01-28 01:26:19,112 DEBUG [EBPB_KeyhandlingSTTL-116705] Actual Value matches Expected
2016-01-28 01:26:19,112 DEBUG [EBPB_KeyhandlingSTTL-116705] pass
2016-01-28 01:26:19,112 DEBUG [EBPB_KeyhandlingSTTL-116705] Exiting from validate_keyCaptured function
2016-01-28 01:26:19,112 DEBUG [EBPB_KeyhandlingSTTL-116705] Result of validate_keyCaptured: pass
2016-01-28 01:26:19,112 DEBUG [EBPB_KeyhandlingSTTL-116705] In execute keyword function
2016-01-28 01:26:19,112 DEBUG [EBPB_KeyhandlingSTTL-116705] Executing SwitchApp function:
2016-01-28 01:26:19,160 DEBUG [EBPB_KeyhandlingSTTL-116705] Successfully switched to NATIVE_APP
2016-01-28 01:26:19,161 DEBUG [EBPB_KeyhandlingSTTL-116705] TestStepResult of SwitchApp: Pass
2016-01-28 01:26:19,161 DEBUG [EBPB_KeyhandlingSTTL-116705] In execute keyword function
2016-01-28 01:26:19,161 DEBUG [EBPB_KeyhandlingSTTL-116705] Executing ClickNativeIcon function:
2016-01-28 01:26:19,984 DEBUG [EBPB_KeyhandlingSTTL-116705] [[AppiumTouchActionExtension: selendroid on ANDROID (f98329fa-a468-25bb-d1de-b379d3efc34f)] -> xpath: (//Button[@id='reload_button'])[1]]Clicked successfully
2016-01-28 01:26:19,984 DEBUG [EBPB_KeyhandlingSTTL-116705] TestStepResult of ClickNativeIcon: pass
2016-01-28 01:26:19,984 DEBUG [EBPB_KeyhandlingSTTL-116705] In execute keyword function
2016-01-28 01:26:19,984 DEBUG [EBPB_KeyhandlingSTTL-116705] Executing wait function:
2016-01-28 01:26:19,984 DEBUG [EBPB_KeyhandlingSTTL-116705] Started Executing wait function
2016-01-28 01:26:29,985 DEBUG [EBPB_KeyhandlingSTTL-116705] Exiting from wait function
2016-01-28 01:26:29,985 DEBUG [EBPB_KeyhandlingSTTL-116705] TestStepResult of wait: Pass
2016-01-28 01:26:29,985 DEBUG [EBPB_KeyhandlingSTTL-116705] In execute keyword function
2016-01-28 01:26:29,985 DEBUG [EBPB_KeyhandlingSTTL-116705] Executing SwitchApp function:
2016-01-28 01:26:30,102 DEBUG [EBPB_KeyhandlingSTTL-116705] Successfully switched to WEBVIEW
2016-01-28 01:26:30,102 DEBUG [EBPB_KeyhandlingSTTL-116705] TestStepResult of SwitchApp: Pass
2016-01-28 01:26:30,102 DEBUG [EBPB_KeyhandlingSTTL-116705] In execute keyword function
2016-01-28 01:26:30,102 DEBUG [EBPB_KeyhandlingSTTL-116705] Executing SelectTestToRun function:
2016-01-28 01:26:32,712 DEBUG [EBPB_KeyhandlingSTTL-116705] Successfull in selecting clicking the category
2016-01-28 01:26:32,712 DEBUG [EBPB_KeyhandlingSTTL-116705] TestStepResult of SelectTestToRun: pass
2016-01-28 01:26:32,712 DEBUG [EBPB_KeyhandlingSTTL-116705] In execute keyword function
2016-01-28 01:26:32,712 DEBUG [EBPB_KeyhandlingSTTL-116705] Executing ClickRunTest function:
2016-01-28 01:26:33,025 DEBUG [EBPB_KeyhandlingSTTL-116705] Executing Click function
2016-01-28 01:26:34,015 DEBUG [EBPB_KeyhandlingSTTL-116705] Exiting Click function
2016-01-28 01:26:34,015 DEBUG [EBPB_KeyhandlingSTTL-116705] runtest_top_xpath Button clicked Successfully
2016-01-28 01:26:34,015 DEBUG [EBPB_KeyhandlingSTTL-116705] TestStepResult of ClickRunTest: pass
2016-01-28 01:26:34,015 DEBUG [EBPB_KeyhandlingSTTL-116705] In execute keyword function
2016-01-28 01:26:34,015 DEBUG [EBPB_KeyhandlingSTTL-116705] Executing validate_Text_Exists function:
2016-01-28 01:26:34,253 DEBUG [EBPB_KeyhandlingSTTL-116705] VT056-0717 Testcase Text found
2016-01-28 01:26:34,253 DEBUG [EBPB_KeyhandlingSTTL-116705] Result of validate_Text_Exists: Pass
2016-01-28 01:26:34,253 DEBUG [EBPB_KeyhandlingSTTL-116705] In execute keyword function
2016-01-28 01:26:34,253 DEBUG [EBPB_KeyhandlingSTTL-116705] Executing textBoxClick function:
2016-01-28 01:26:35,764 DEBUG [EBPB_KeyhandlingSTTL-116705] keytxtInput_idtext box clicked successfully
2016-01-28 01:26:35,764 DEBUG [EBPB_KeyhandlingSTTL-116705] TestStepResult of textBoxClick: pass
2016-01-28 01:26:35,764 DEBUG [EBPB_KeyhandlingSTTL-116705] In execute keyword function
2016-01-28 01:26:35,764 DEBUG [EBPB_KeyhandlingSTTL-116705] Executing wait function:
2016-01-28 01:26:35,765 DEBUG [EBPB_KeyhandlingSTTL-116705] Started Executing wait function
2016-01-28 01:26:37,765 DEBUG [EBPB_KeyhandlingSTTL-116705] Exiting from wait function
2016-01-28 01:26:37,765 DEBUG [EBPB_KeyhandlingSTTL-116705] TestStepResult of wait: Pass
2016-01-28 01:26:37,765 DEBUG [EBPB_KeyhandlingSTTL-116705] In execute keyword function
2016-01-28 01:26:37,765 DEBUG [EBPB_KeyhandlingSTTL-116705] Executing sendKeyEvents function:
2016-01-28 01:26:37,765 DEBUG [EBPB_KeyhandlingSTTL-116705] Entered sendKeyEvents function
2016-01-28 01:26:37,765 DEBUG [EBPB_KeyhandlingSTTL-116705] 8
2016-01-28 01:26:37,765 DEBUG [EBPB_KeyhandlingSTTL-116705] Entered 8
2016-01-28 01:26:37,765 DEBUG [EBPB_KeyhandlingSTTL-116705] Started executeCommandLine function
2016-01-28 01:26:41,785 DEBUG [EBPB_KeyhandlingSTTL-116705] Exiting from executeCommandLine function
2016-01-28 01:26:41,785 DEBUG [EBPB_KeyhandlingSTTL-116705] pass
2016-01-28 01:26:41,785 DEBUG [EBPB_KeyhandlingSTTL-116705] TestStepResult of sendKeyEvents: pass
2016-01-28 01:26:41,785 DEBUG [EBPB_KeyhandlingSTTL-116705] In execute keyword function
2016-01-28 01:26:41,785 DEBUG [EBPB_KeyhandlingSTTL-116705] Executing validate_textBoxData function:
2016-01-28 01:26:41,785 DEBUG [EBPB_KeyhandlingSTTL-116705] Executing getAttribute function
2016-01-28 01:26:42,012 DEBUG [EBPB_KeyhandlingSTTL-116705] 8
2016-01-28 01:26:42,012 DEBUG [EBPB_KeyhandlingSTTL-116705] 8 value matches with Expected 8 value
2016-01-28 01:26:42,012 DEBUG [EBPB_KeyhandlingSTTL-116705] Result of validate_textBoxData: Pass
2016-01-28 01:26:42,012 DEBUG [EBPB_KeyhandlingSTTL-116705] In execute keyword function
2016-01-28 01:26:42,012 DEBUG [EBPB_KeyhandlingSTTL-116705] Executing validate_keyCaptured function:
2016-01-28 01:26:42,012 DEBUG [EBPB_KeyhandlingSTTL-116705] Entered validate_keyCaptured function
2016-01-28 01:26:42,213 DEBUG [EBPB_KeyhandlingSTTL-116705] 15
2016-01-28 01:26:42,213 DEBUG [EBPB_KeyhandlingSTTL-116705] Actual Value matches Expected
2016-01-28 01:26:42,213 DEBUG [EBPB_KeyhandlingSTTL-116705] pass
2016-01-28 01:26:42,213 DEBUG [EBPB_KeyhandlingSTTL-116705] Exiting from validate_keyCaptured function
2016-01-28 01:26:42,213 DEBUG [EBPB_KeyhandlingSTTL-116705] Result of validate_keyCaptured: pass
2016-01-28 01:26:42,213 DEBUG [EBPB_KeyhandlingSTTL-116705] In execute keyword function
2016-01-28 01:26:42,213 DEBUG [EBPB_KeyhandlingSTTL-116705] Executing SwitchApp function:
2016-01-28 01:26:42,262 DEBUG [EBPB_KeyhandlingSTTL-116705] Successfully switched to NATIVE_APP
2016-01-28 01:26:42,262 DEBUG [EBPB_KeyhandlingSTTL-116705] TestStepResult of SwitchApp: Pass
2016-01-28 01:26:42,262 DEBUG [EBPB_KeyhandlingSTTL-116705] In execute keyword function
2016-01-28 01:26:42,262 DEBUG [EBPB_KeyhandlingSTTL-116705] Executing ClickNativeIcon function:
2016-01-28 01:26:43,107 DEBUG [EBPB_KeyhandlingSTTL-116705] [[AppiumTouchActionExtension: selendroid on ANDROID (f98329fa-a468-25bb-d1de-b379d3efc34f)] -> xpath: (//Button[@id='reload_button'])[1]]Clicked successfully
2016-01-28 01:26:43,107 DEBUG [EBPB_KeyhandlingSTTL-116705] TestStepResult of ClickNativeIcon: pass
2016-01-28 01:26:43,107 DEBUG [EBPB_KeyhandlingSTTL-116705] In execute keyword function
2016-01-28 01:26:43,107 DEBUG [EBPB_KeyhandlingSTTL-116705] Executing wait function:
2016-01-28 01:26:43,107 DEBUG [EBPB_KeyhandlingSTTL-116705] Started Executing wait function
2016-01-28 01:26:53,108 DEBUG [EBPB_KeyhandlingSTTL-116705] Exiting from wait function
2016-01-28 01:26:53,108 DEBUG [EBPB_KeyhandlingSTTL-116705] TestStepResult of wait: Pass
2016-01-28 01:26:53,108 DEBUG [EBPB_KeyhandlingSTTL-116705] In execute keyword function
2016-01-28 01:26:53,108 DEBUG [EBPB_KeyhandlingSTTL-116705] Executing SwitchApp function:
2016-01-28 01:26:53,227 DEBUG [EBPB_KeyhandlingSTTL-116705] Successfully switched to WEBVIEW
2016-01-28 01:26:53,227 DEBUG [EBPB_KeyhandlingSTTL-116705] TestStepResult of SwitchApp: Pass
2016-01-28 01:26:53,227 DEBUG [EBPB_KeyhandlingSTTL-116705] In execute keyword function
2016-01-28 01:26:53,227 DEBUG [EBPB_KeyhandlingSTTL-116705] Executing SelectTestToRun function:
2016-01-28 01:26:55,991 DEBUG [EBPB_KeyhandlingSTTL-116705] Successfull in selecting clicking the category
2016-01-28 01:26:55,992 DEBUG [EBPB_KeyhandlingSTTL-116705] TestStepResult of SelectTestToRun: pass
2016-01-28 01:26:55,992 DEBUG [EBPB_KeyhandlingSTTL-116705] In execute keyword function
2016-01-28 01:26:55,992 DEBUG [EBPB_KeyhandlingSTTL-116705] Executing ClickRunTest function:
2016-01-28 01:26:56,376 DEBUG [EBPB_KeyhandlingSTTL-116705] Executing Click function
2016-01-28 01:26:57,423 DEBUG [EBPB_KeyhandlingSTTL-116705] Exiting Click function
2016-01-28 01:26:57,423 DEBUG [EBPB_KeyhandlingSTTL-116705] runtest_top_xpath Button clicked Successfully
2016-01-28 01:26:57,423 DEBUG [EBPB_KeyhandlingSTTL-116705] TestStepResult of ClickRunTest: pass
2016-01-28 01:26:57,423 DEBUG [EBPB_KeyhandlingSTTL-116705] In execute keyword function
2016-01-28 01:26:57,423 DEBUG [EBPB_KeyhandlingSTTL-116705] Executing validate_Text_Exists function:
2016-01-28 01:26:57,701 DEBUG [EBPB_KeyhandlingSTTL-116705] VT056-0717 Testcase Text found
2016-01-28 01:26:57,701 DEBUG [EBPB_KeyhandlingSTTL-116705] Result of validate_Text_Exists: Pass
2016-01-28 01:26:57,702 DEBUG [EBPB_KeyhandlingSTTL-116705] In execute keyword function
2016-01-28 01:26:57,702 DEBUG [EBPB_KeyhandlingSTTL-116705] Executing textBoxClick function:
2016-01-28 01:26:59,191 DEBUG [EBPB_KeyhandlingSTTL-116705] keytxtInput_idtext box clicked successfully
2016-01-28 01:26:59,191 DEBUG [EBPB_KeyhandlingSTTL-116705] TestStepResult of textBoxClick: pass
2016-01-28 01:26:59,191 DEBUG [EBPB_KeyhandlingSTTL-116705] In execute keyword function
2016-01-28 01:26:59,191 DEBUG [EBPB_KeyhandlingSTTL-116705] Executing wait function:
2016-01-28 01:26:59,191 DEBUG [EBPB_KeyhandlingSTTL-116705] Started Executing wait function
2016-01-28 01:27:01,191 DEBUG [EBPB_KeyhandlingSTTL-116705] Exiting from wait function
2016-01-28 01:27:01,191 DEBUG [EBPB_KeyhandlingSTTL-116705] TestStepResult of wait: Pass
2016-01-28 01:27:01,191 DEBUG [EBPB_KeyhandlingSTTL-116705] In execute keyword function
2016-01-28 01:27:01,191 DEBUG [EBPB_KeyhandlingSTTL-116705] Executing sendKeyEvents function:
2016-01-28 01:27:01,191 DEBUG [EBPB_KeyhandlingSTTL-116705] Entered sendKeyEvents function
2016-01-28 01:27:01,191 DEBUG [EBPB_KeyhandlingSTTL-116705] 9
2016-01-28 01:27:01,191 DEBUG [EBPB_KeyhandlingSTTL-116705] Entered 9
2016-01-28 01:27:01,191 DEBUG [EBPB_KeyhandlingSTTL-116705] Started executeCommandLine function
2016-01-28 01:27:05,212 DEBUG [EBPB_KeyhandlingSTTL-116705] Exiting from executeCommandLine function
2016-01-28 01:27:05,212 DEBUG [EBPB_KeyhandlingSTTL-116705] pass
2016-01-28 01:27:05,212 DEBUG [EBPB_KeyhandlingSTTL-116705] TestStepResult of sendKeyEvents: pass
2016-01-28 01:27:05,212 DEBUG [EBPB_KeyhandlingSTTL-116705] In execute keyword function
2016-01-28 01:27:05,212 DEBUG [EBPB_KeyhandlingSTTL-116705] Executing validate_textBoxData function:
2016-01-28 01:27:05,212 DEBUG [EBPB_KeyhandlingSTTL-116705] Executing getAttribute function
2016-01-28 01:27:05,452 DEBUG [EBPB_KeyhandlingSTTL-116705] 9
2016-01-28 01:27:05,452 DEBUG [EBPB_KeyhandlingSTTL-116705] 9 value matches with Expected 9 value
2016-01-28 01:27:05,452 DEBUG [EBPB_KeyhandlingSTTL-116705] Result of validate_textBoxData: Pass
2016-01-28 01:27:05,452 DEBUG [EBPB_KeyhandlingSTTL-116705] In execute keyword function
2016-01-28 01:27:05,452 DEBUG [EBPB_KeyhandlingSTTL-116705] Executing validate_keyCaptured function:
2016-01-28 01:27:05,452 DEBUG [EBPB_KeyhandlingSTTL-116705] Entered validate_keyCaptured function
2016-01-28 01:27:05,705 DEBUG [EBPB_KeyhandlingSTTL-116705] 16
2016-01-28 01:27:05,705 DEBUG [EBPB_KeyhandlingSTTL-116705] Actual Value matches Expected
2016-01-28 01:27:05,705 DEBUG [EBPB_KeyhandlingSTTL-116705] pass
2016-01-28 01:27:05,705 DEBUG [EBPB_KeyhandlingSTTL-116705] Exiting from validate_keyCaptured function
2016-01-28 01:27:05,705 DEBUG [EBPB_KeyhandlingSTTL-116705] Result of validate_keyCaptured: pass
2016-01-28 01:27:05,705 DEBUG [EBPB_KeyhandlingSTTL-116705] allstep_result contains: passPasspasspasspassPassPasspassPasspassPasspasspasspassPassPasspassPasspassPasspasspasspassPassPasspassPasspassPasspasspasspassPassPasspassPasspassPasspasspasspassPassPasspassPasspassPasspasspasspassPassPasspassPasspassPasspasspasspassPassPasspassPasspassPasspasspasspassPassPassnull
2016-01-28 01:27:05,705 DEBUG [EBPB_KeyhandlingSTTL-116705] allexpected_result contains: nullPasspassnullPassnullPasspassnullPassnullPasspassnullPassnullPasspassnullPassnullPasspassnullPassnullPasspassnullPassnullPasspassnullPassnullPasspassnullPassnullpassnullpassnull
2016-01-28 01:27:05,705 DEBUG [EBPB_KeyhandlingSTTL-116705] Testcase_Result contains: nullPasspassnullPassnullPasspassnullPassnullPasspassnullPassnullPasspassnullPassnullPasspassnullPassnullPasspassnullPassnullPasspassnullPassnullPasspassnullPassnullpassnullpassnullpassPasspasspasspassPassPasspassPasspassPasspasspasspassPassPasspassPasspassPasspasspasspassPassPasspassPasspassPasspasspasspassPassPasspassPasspassPasspasspasspassPassPasspassPasspassPasspasspasspassPassPasspassPasspassPasspasspasspassPassPasspassPasspassPasspasspasspassPassPassnull
2016-01-28 01:27:05,705 DEBUG [EBPB_KeyhandlingSTTL-116705] Test case with description KeyValue:All  Dispatch:true for Numeric Pass
2016-01-28 01:27:06,602 DEBUG [EBPB_KeyhandlingSTTL-116705] Executing browser_Quit function
2016-01-28 01:27:06,602 DEBUG [EBPB_KeyhandlingSTTL-116705] Completed browser_Quit function
2016-01-28 01:27:06,602 DEBUG [EBPB_KeyhandlingSTTL-116705] Completed quitSelendroid function
2016-01-28 01:27:06,603 DEBUG [EBPB_KeyhandlingSTTL-116705] Row number:6
2016-01-28 01:27:06,641 DEBUG [EBPB_KeyhandlingSTTL-116705] Ending Test Case IDSTTL-116705
