2016-01-28 02:03:46,947 DEBUG [EBPB_KeyhandlingSTTL-116732] Executing Test Case ID: STTL-116732
2016-01-28 02:03:46,955 DEBUG [EBPB_KeyhandlingSTTL-116732] Executing Init_Selendroid function with APK as parameter and clear data value with 1
2016-01-28 02:03:57,487 DEBUG [EBPB_KeyhandlingSTTL-116732] Exiting Init_Selendroid function
2016-01-28 02:03:57,505 DEBUG [EBPB_KeyhandlingSTTL-116732] TestCase with Description "KeyValue:All(Alphabets)- JavaScript function with iswindows key=1" Execution started
2016-01-28 02:03:57,506 DEBUG [EBPB_KeyhandlingSTTL-116732] In execute keyword function
2016-01-28 02:03:57,506 DEBUG [EBPB_KeyhandlingSTTL-116732] Executing wait function:
2016-01-28 02:03:57,506 DEBUG [EBPB_KeyhandlingSTTL-116732] Started Executing wait function
2016-01-28 02:04:02,507 DEBUG [EBPB_KeyhandlingSTTL-116732] Exiting from wait function
2016-01-28 02:04:02,507 DEBUG [EBPB_KeyhandlingSTTL-116732] TestStepResult of wait: Pass
2016-01-28 02:04:02,507 DEBUG [EBPB_KeyhandlingSTTL-116732] In execute keyword function
2016-01-28 02:04:02,507 DEBUG [EBPB_KeyhandlingSTTL-116732] Executing validate_PageTitle function:
2016-01-28 02:04:02,550 DEBUG [EBPB_KeyhandlingSTTL-116732] The title of the page is *********************************: Pocket Browser Tests
2016-01-28 02:04:02,550 DEBUG [EBPB_KeyhandlingSTTL-116732] The page title found is correct
2016-01-28 02:04:02,550 DEBUG [EBPB_KeyhandlingSTTL-116732] Result of validate_PageTitle: pass
2016-01-28 02:04:02,550 DEBUG [EBPB_KeyhandlingSTTL-116732] In execute keyword function
2016-01-28 02:04:02,550 DEBUG [EBPB_KeyhandlingSTTL-116732] Executing link_Click function:
2016-01-28 02:04:03,214 DEBUG [EBPB_KeyhandlingSTTL-116732] Executing Click function
2016-01-28 02:04:04,239 DEBUG [EBPB_KeyhandlingSTTL-116732] Exiting Click function
2016-01-28 02:04:04,240 DEBUG [EBPB_KeyhandlingSTTL-116732] keyhandling_link clicked successfully
2016-01-28 02:04:04,240 DEBUG [EBPB_KeyhandlingSTTL-116732] TestStepResult of link_Click: Pass
2016-01-28 02:04:04,240 DEBUG [EBPB_KeyhandlingSTTL-116732] In execute keyword function
2016-01-28 02:04:04,240 DEBUG [EBPB_KeyhandlingSTTL-116732] Executing validate_PageTitle function:
2016-01-28 02:04:04,256 DEBUG [EBPB_KeyhandlingSTTL-116732] The title of the page is *********************************: PB and RE2.2 Semi Auto Frame Work : Keyhandling
2016-01-28 02:04:04,256 DEBUG [EBPB_KeyhandlingSTTL-116732] The page title found is correct
2016-01-28 02:04:04,256 DEBUG [EBPB_KeyhandlingSTTL-116732] Result of validate_PageTitle: pass
2016-01-28 02:04:04,256 DEBUG [EBPB_KeyhandlingSTTL-116732] In execute keyword function
2016-01-28 02:04:04,256 DEBUG [EBPB_KeyhandlingSTTL-116732] Executing SelectTestToRun function:
2016-01-28 02:04:08,448 DEBUG [EBPB_KeyhandlingSTTL-116732] Successfull in selecting clicking the category
2016-01-28 02:04:08,448 DEBUG [EBPB_KeyhandlingSTTL-116732] TestStepResult of SelectTestToRun: pass
2016-01-28 02:04:08,448 DEBUG [EBPB_KeyhandlingSTTL-116732] In execute keyword function
2016-01-28 02:04:08,448 DEBUG [EBPB_KeyhandlingSTTL-116732] Executing ClickRunTest function:
2016-01-28 02:04:08,793 DEBUG [EBPB_KeyhandlingSTTL-116732] Executing Click function
2016-01-28 02:04:09,804 DEBUG [EBPB_KeyhandlingSTTL-116732] Exiting Click function
2016-01-28 02:04:09,804 DEBUG [EBPB_KeyhandlingSTTL-116732] runtest_top_xpath Button clicked Successfully
2016-01-28 02:04:09,804 DEBUG [EBPB_KeyhandlingSTTL-116732] TestStepResult of ClickRunTest: pass
2016-01-28 02:04:09,804 DEBUG [EBPB_KeyhandlingSTTL-116732] In execute keyword function
2016-01-28 02:04:09,804 DEBUG [EBPB_KeyhandlingSTTL-116732] Executing validate_Text_Exists function:
2016-01-28 02:04:10,102 DEBUG [EBPB_KeyhandlingSTTL-116732] VT056-0709 Testcase Text found
2016-01-28 02:04:10,102 DEBUG [EBPB_KeyhandlingSTTL-116732] Result of validate_Text_Exists: Pass
2016-01-28 02:04:10,102 DEBUG [EBPB_KeyhandlingSTTL-116732] In execute keyword function
2016-01-28 02:04:10,103 DEBUG [EBPB_KeyhandlingSTTL-116732] Executing sendKeyEvents function:
2016-01-28 02:04:10,103 DEBUG [EBPB_KeyhandlingSTTL-116732] Entered sendKeyEvents function
2016-01-28 02:04:10,103 DEBUG [EBPB_KeyhandlingSTTL-116732] a
2016-01-28 02:04:10,103 DEBUG [EBPB_KeyhandlingSTTL-116732] Entered a
2016-01-28 02:04:10,103 DEBUG [EBPB_KeyhandlingSTTL-116732] Started executeCommandLine function
2016-01-28 02:04:14,124 DEBUG [EBPB_KeyhandlingSTTL-116732] Exiting from executeCommandLine function
2016-01-28 02:04:14,124 DEBUG [EBPB_KeyhandlingSTTL-116732] pass
2016-01-28 02:04:14,124 DEBUG [EBPB_KeyhandlingSTTL-116732] TestStepResult of sendKeyEvents: pass
2016-01-28 02:04:14,124 DEBUG [EBPB_KeyhandlingSTTL-116732] In execute keyword function
2016-01-28 02:04:14,124 DEBUG [EBPB_KeyhandlingSTTL-116732] Executing validate_keyCaptured function:
2016-01-28 02:04:14,124 DEBUG [EBPB_KeyhandlingSTTL-116732] Entered validate_keyCaptured function
2016-01-28 02:04:14,408 DEBUG [EBPB_KeyhandlingSTTL-116732] 65
2016-01-28 02:04:14,408 DEBUG [EBPB_KeyhandlingSTTL-116732] Actual Value matches Expected
2016-01-28 02:04:14,408 DEBUG [EBPB_KeyhandlingSTTL-116732] pass
2016-01-28 02:04:14,408 DEBUG [EBPB_KeyhandlingSTTL-116732] Exiting from validate_keyCaptured function
2016-01-28 02:04:14,408 DEBUG [EBPB_KeyhandlingSTTL-116732] Result of validate_keyCaptured: pass
2016-01-28 02:04:14,408 DEBUG [EBPB_KeyhandlingSTTL-116732] In execute keyword function
2016-01-28 02:04:14,408 DEBUG [EBPB_KeyhandlingSTTL-116732] Executing sendKeyEvents function:
2016-01-28 02:04:14,408 DEBUG [EBPB_KeyhandlingSTTL-116732] Entered sendKeyEvents function
2016-01-28 02:04:14,408 DEBUG [EBPB_KeyhandlingSTTL-116732] b
2016-01-28 02:04:14,408 DEBUG [EBPB_KeyhandlingSTTL-116732] Entered b
2016-01-28 02:04:14,408 DEBUG [EBPB_KeyhandlingSTTL-116732] Started executeCommandLine function
2016-01-28 02:04:18,417 DEBUG [EBPB_KeyhandlingSTTL-116732] Exiting from executeCommandLine function
2016-01-28 02:04:18,417 DEBUG [EBPB_KeyhandlingSTTL-116732] pass
2016-01-28 02:04:18,417 DEBUG [EBPB_KeyhandlingSTTL-116732] TestStepResult of sendKeyEvents: pass
2016-01-28 02:04:18,417 DEBUG [EBPB_KeyhandlingSTTL-116732] In execute keyword function
2016-01-28 02:04:18,417 DEBUG [EBPB_KeyhandlingSTTL-116732] Executing validate_keyCaptured function:
2016-01-28 02:04:18,417 DEBUG [EBPB_KeyhandlingSTTL-116732] Entered validate_keyCaptured function
2016-01-28 02:04:18,594 DEBUG [EBPB_KeyhandlingSTTL-116732] 66
2016-01-28 02:04:18,594 DEBUG [EBPB_KeyhandlingSTTL-116732] Actual Value matches Expected
2016-01-28 02:04:18,595 DEBUG [EBPB_KeyhandlingSTTL-116732] pass
2016-01-28 02:04:18,595 DEBUG [EBPB_KeyhandlingSTTL-116732] Exiting from validate_keyCaptured function
2016-01-28 02:04:18,595 DEBUG [EBPB_KeyhandlingSTTL-116732] Result of validate_keyCaptured: pass
2016-01-28 02:04:18,595 DEBUG [EBPB_KeyhandlingSTTL-116732] In execute keyword function
2016-01-28 02:04:18,595 DEBUG [EBPB_KeyhandlingSTTL-116732] Executing sendKeyEvents function:
2016-01-28 02:04:18,595 DEBUG [EBPB_KeyhandlingSTTL-116732] Entered sendKeyEvents function
2016-01-28 02:04:18,595 DEBUG [EBPB_KeyhandlingSTTL-116732] c
2016-01-28 02:04:18,595 DEBUG [EBPB_KeyhandlingSTTL-116732] Entered c
2016-01-28 02:04:18,595 DEBUG [EBPB_KeyhandlingSTTL-116732] Started executeCommandLine function
2016-01-28 02:04:22,615 DEBUG [EBPB_KeyhandlingSTTL-116732] Exiting from executeCommandLine function
2016-01-28 02:04:22,615 DEBUG [EBPB_KeyhandlingSTTL-116732] pass
2016-01-28 02:04:22,615 DEBUG [EBPB_KeyhandlingSTTL-116732] TestStepResult of sendKeyEvents: pass
2016-01-28 02:04:22,615 DEBUG [EBPB_KeyhandlingSTTL-116732] In execute keyword function
2016-01-28 02:04:22,615 DEBUG [EBPB_KeyhandlingSTTL-116732] Executing validate_keyCaptured function:
2016-01-28 02:04:22,615 DEBUG [EBPB_KeyhandlingSTTL-116732] Entered validate_keyCaptured function
2016-01-28 02:04:22,818 DEBUG [EBPB_KeyhandlingSTTL-116732] 67
2016-01-28 02:04:22,818 DEBUG [EBPB_KeyhandlingSTTL-116732] Actual Value matches Expected
2016-01-28 02:04:22,818 DEBUG [EBPB_KeyhandlingSTTL-116732] pass
2016-01-28 02:04:22,818 DEBUG [EBPB_KeyhandlingSTTL-116732] Exiting from validate_keyCaptured function
2016-01-28 02:04:22,818 DEBUG [EBPB_KeyhandlingSTTL-116732] Result of validate_keyCaptured: pass
2016-01-28 02:04:22,818 DEBUG [EBPB_KeyhandlingSTTL-116732] In execute keyword function
2016-01-28 02:04:22,818 DEBUG [EBPB_KeyhandlingSTTL-116732] Executing sendKeyEvents function:
2016-01-28 02:04:22,818 DEBUG [EBPB_KeyhandlingSTTL-116732] Entered sendKeyEvents function
2016-01-28 02:04:22,818 DEBUG [EBPB_KeyhandlingSTTL-116732] d
2016-01-28 02:04:22,818 DEBUG [EBPB_KeyhandlingSTTL-116732] Entered d
2016-01-28 02:04:22,818 DEBUG [EBPB_KeyhandlingSTTL-116732] Started executeCommandLine function
2016-01-28 02:04:26,839 DEBUG [EBPB_KeyhandlingSTTL-116732] Exiting from executeCommandLine function
2016-01-28 02:04:26,839 DEBUG [EBPB_KeyhandlingSTTL-116732] pass
2016-01-28 02:04:26,839 DEBUG [EBPB_KeyhandlingSTTL-116732] TestStepResult of sendKeyEvents: pass
2016-01-28 02:04:26,839 DEBUG [EBPB_KeyhandlingSTTL-116732] In execute keyword function
2016-01-28 02:04:26,839 DEBUG [EBPB_KeyhandlingSTTL-116732] Executing validate_keyCaptured function:
2016-01-28 02:04:26,839 DEBUG [EBPB_KeyhandlingSTTL-116732] Entered validate_keyCaptured function
2016-01-28 02:04:27,058 DEBUG [EBPB_KeyhandlingSTTL-116732] 68
2016-01-28 02:04:27,058 DEBUG [EBPB_KeyhandlingSTTL-116732] Actual Value matches Expected
2016-01-28 02:04:27,058 DEBUG [EBPB_KeyhandlingSTTL-116732] pass
2016-01-28 02:04:27,058 DEBUG [EBPB_KeyhandlingSTTL-116732] Exiting from validate_keyCaptured function
2016-01-28 02:04:27,058 DEBUG [EBPB_KeyhandlingSTTL-116732] Result of validate_keyCaptured: pass
2016-01-28 02:04:27,058 DEBUG [EBPB_KeyhandlingSTTL-116732] In execute keyword function
2016-01-28 02:04:27,058 DEBUG [EBPB_KeyhandlingSTTL-116732] Executing sendKeyEvents function:
2016-01-28 02:04:27,058 DEBUG [EBPB_KeyhandlingSTTL-116732] Entered sendKeyEvents function
2016-01-28 02:04:27,058 DEBUG [EBPB_KeyhandlingSTTL-116732] e
2016-01-28 02:04:27,058 DEBUG [EBPB_KeyhandlingSTTL-116732] Entered e
2016-01-28 02:04:27,058 DEBUG [EBPB_KeyhandlingSTTL-116732] Started executeCommandLine function
2016-01-28 02:04:31,079 DEBUG [EBPB_KeyhandlingSTTL-116732] Exiting from executeCommandLine function
2016-01-28 02:04:31,079 DEBUG [EBPB_KeyhandlingSTTL-116732] pass
2016-01-28 02:04:31,079 DEBUG [EBPB_KeyhandlingSTTL-116732] TestStepResult of sendKeyEvents: pass
2016-01-28 02:04:31,079 DEBUG [EBPB_KeyhandlingSTTL-116732] In execute keyword function
2016-01-28 02:04:31,079 DEBUG [EBPB_KeyhandlingSTTL-116732] Executing validate_keyCaptured function:
2016-01-28 02:04:31,079 DEBUG [EBPB_KeyhandlingSTTL-116732] Entered validate_keyCaptured function
2016-01-28 02:04:31,273 DEBUG [EBPB_KeyhandlingSTTL-116732] 69
2016-01-28 02:04:31,273 DEBUG [EBPB_KeyhandlingSTTL-116732] Actual Value matches Expected
2016-01-28 02:04:31,273 DEBUG [EBPB_KeyhandlingSTTL-116732] pass
2016-01-28 02:04:31,273 DEBUG [EBPB_KeyhandlingSTTL-116732] Exiting from validate_keyCaptured function
2016-01-28 02:04:31,273 DEBUG [EBPB_KeyhandlingSTTL-116732] Result of validate_keyCaptured: pass
2016-01-28 02:04:31,273 DEBUG [EBPB_KeyhandlingSTTL-116732] In execute keyword function
2016-01-28 02:04:31,273 DEBUG [EBPB_KeyhandlingSTTL-116732] Executing sendKeyEvents function:
2016-01-28 02:04:31,273 DEBUG [EBPB_KeyhandlingSTTL-116732] Entered sendKeyEvents function
2016-01-28 02:04:31,273 DEBUG [EBPB_KeyhandlingSTTL-116732] f
2016-01-28 02:04:31,273 DEBUG [EBPB_KeyhandlingSTTL-116732] Entered f
2016-01-28 02:04:31,273 DEBUG [EBPB_KeyhandlingSTTL-116732] Started executeCommandLine function
2016-01-28 02:04:35,294 DEBUG [EBPB_KeyhandlingSTTL-116732] Exiting from executeCommandLine function
2016-01-28 02:04:35,294 DEBUG [EBPB_KeyhandlingSTTL-116732] pass
2016-01-28 02:04:35,294 DEBUG [EBPB_KeyhandlingSTTL-116732] TestStepResult of sendKeyEvents: pass
2016-01-28 02:04:35,294 DEBUG [EBPB_KeyhandlingSTTL-116732] In execute keyword function
2016-01-28 02:04:35,294 DEBUG [EBPB_KeyhandlingSTTL-116732] Executing validate_keyCaptured function:
2016-01-28 02:04:35,294 DEBUG [EBPB_KeyhandlingSTTL-116732] Entered validate_keyCaptured function
2016-01-28 02:04:35,478 DEBUG [EBPB_KeyhandlingSTTL-116732] 70
2016-01-28 02:04:35,478 DEBUG [EBPB_KeyhandlingSTTL-116732] Actual Value matches Expected
2016-01-28 02:04:35,478 DEBUG [EBPB_KeyhandlingSTTL-116732] pass
2016-01-28 02:04:35,478 DEBUG [EBPB_KeyhandlingSTTL-116732] Exiting from validate_keyCaptured function
2016-01-28 02:04:35,478 DEBUG [EBPB_KeyhandlingSTTL-116732] Result of validate_keyCaptured: pass
2016-01-28 02:04:35,478 DEBUG [EBPB_KeyhandlingSTTL-116732] In execute keyword function
2016-01-28 02:04:35,478 DEBUG [EBPB_KeyhandlingSTTL-116732] Executing sendKeyEvents function:
2016-01-28 02:04:35,478 DEBUG [EBPB_KeyhandlingSTTL-116732] Entered sendKeyEvents function
2016-01-28 02:04:35,478 DEBUG [EBPB_KeyhandlingSTTL-116732] g
2016-01-28 02:04:35,479 DEBUG [EBPB_KeyhandlingSTTL-116732] Entered g
2016-01-28 02:04:35,479 DEBUG [EBPB_KeyhandlingSTTL-116732] Started executeCommandLine function
2016-01-28 02:04:39,499 DEBUG [EBPB_KeyhandlingSTTL-116732] Exiting from executeCommandLine function
2016-01-28 02:04:39,499 DEBUG [EBPB_KeyhandlingSTTL-116732] pass
2016-01-28 02:04:39,499 DEBUG [EBPB_KeyhandlingSTTL-116732] TestStepResult of sendKeyEvents: pass
2016-01-28 02:04:39,499 DEBUG [EBPB_KeyhandlingSTTL-116732] In execute keyword function
2016-01-28 02:04:39,499 DEBUG [EBPB_KeyhandlingSTTL-116732] Executing validate_keyCaptured function:
2016-01-28 02:04:39,499 DEBUG [EBPB_KeyhandlingSTTL-116732] Entered validate_keyCaptured function
2016-01-28 02:04:39,669 DEBUG [EBPB_KeyhandlingSTTL-116732] 71
2016-01-28 02:04:39,669 DEBUG [EBPB_KeyhandlingSTTL-116732] Actual Value matches Expected
2016-01-28 02:04:39,669 DEBUG [EBPB_KeyhandlingSTTL-116732] pass
2016-01-28 02:04:39,669 DEBUG [EBPB_KeyhandlingSTTL-116732] Exiting from validate_keyCaptured function
2016-01-28 02:04:39,669 DEBUG [EBPB_KeyhandlingSTTL-116732] Result of validate_keyCaptured: pass
2016-01-28 02:04:39,669 DEBUG [EBPB_KeyhandlingSTTL-116732] In execute keyword function
2016-01-28 02:04:39,669 DEBUG [EBPB_KeyhandlingSTTL-116732] Executing sendKeyEvents function:
2016-01-28 02:04:39,669 DEBUG [EBPB_KeyhandlingSTTL-116732] Entered sendKeyEvents function
2016-01-28 02:04:39,669 DEBUG [EBPB_KeyhandlingSTTL-116732] h
2016-01-28 02:04:39,669 DEBUG [EBPB_KeyhandlingSTTL-116732] Entered h
2016-01-28 02:04:39,669 DEBUG [EBPB_KeyhandlingSTTL-116732] Started executeCommandLine function
2016-01-28 02:04:43,690 DEBUG [EBPB_KeyhandlingSTTL-116732] Exiting from executeCommandLine function
2016-01-28 02:04:43,690 DEBUG [EBPB_KeyhandlingSTTL-116732] pass
2016-01-28 02:04:43,690 DEBUG [EBPB_KeyhandlingSTTL-116732] TestStepResult of sendKeyEvents: pass
2016-01-28 02:04:43,690 DEBUG [EBPB_KeyhandlingSTTL-116732] In execute keyword function
2016-01-28 02:04:43,690 DEBUG [EBPB_KeyhandlingSTTL-116732] Executing validate_keyCaptured function:
2016-01-28 02:04:43,690 DEBUG [EBPB_KeyhandlingSTTL-116732] Entered validate_keyCaptured function
2016-01-28 02:04:43,861 DEBUG [EBPB_KeyhandlingSTTL-116732] 72
2016-01-28 02:04:43,861 DEBUG [EBPB_KeyhandlingSTTL-116732] Actual Value matches Expected
2016-01-28 02:04:43,861 DEBUG [EBPB_KeyhandlingSTTL-116732] pass
2016-01-28 02:04:43,861 DEBUG [EBPB_KeyhandlingSTTL-116732] Exiting from validate_keyCaptured function
2016-01-28 02:04:43,861 DEBUG [EBPB_KeyhandlingSTTL-116732] Result of validate_keyCaptured: pass
2016-01-28 02:04:43,861 DEBUG [EBPB_KeyhandlingSTTL-116732] In execute keyword function
2016-01-28 02:04:43,861 DEBUG [EBPB_KeyhandlingSTTL-116732] Executing sendKeyEvents function:
2016-01-28 02:04:43,861 DEBUG [EBPB_KeyhandlingSTTL-116732] Entered sendKeyEvents function
2016-01-28 02:04:43,861 DEBUG [EBPB_KeyhandlingSTTL-116732] i
2016-01-28 02:04:43,861 DEBUG [EBPB_KeyhandlingSTTL-116732] Entered i
2016-01-28 02:04:43,861 DEBUG [EBPB_KeyhandlingSTTL-116732] Started executeCommandLine function
2016-01-28 02:04:47,882 DEBUG [EBPB_KeyhandlingSTTL-116732] Exiting from executeCommandLine function
2016-01-28 02:04:47,882 DEBUG [EBPB_KeyhandlingSTTL-116732] pass
2016-01-28 02:04:47,882 DEBUG [EBPB_KeyhandlingSTTL-116732] TestStepResult of sendKeyEvents: pass
2016-01-28 02:04:47,882 DEBUG [EBPB_KeyhandlingSTTL-116732] In execute keyword function
2016-01-28 02:04:47,882 DEBUG [EBPB_KeyhandlingSTTL-116732] Executing validate_keyCaptured function:
2016-01-28 02:04:47,882 DEBUG [EBPB_KeyhandlingSTTL-116732] Entered validate_keyCaptured function
2016-01-28 02:04:48,053 DEBUG [EBPB_KeyhandlingSTTL-116732] 73
2016-01-28 02:04:48,053 DEBUG [EBPB_KeyhandlingSTTL-116732] Actual Value matches Expected
2016-01-28 02:04:48,053 DEBUG [EBPB_KeyhandlingSTTL-116732] pass
2016-01-28 02:04:48,053 DEBUG [EBPB_KeyhandlingSTTL-116732] Exiting from validate_keyCaptured function
2016-01-28 02:04:48,053 DEBUG [EBPB_KeyhandlingSTTL-116732] Result of validate_keyCaptured: pass
2016-01-28 02:04:48,053 DEBUG [EBPB_KeyhandlingSTTL-116732] In execute keyword function
2016-01-28 02:04:48,053 DEBUG [EBPB_KeyhandlingSTTL-116732] Executing sendKeyEvents function:
2016-01-28 02:04:48,053 DEBUG [EBPB_KeyhandlingSTTL-116732] Entered sendKeyEvents function
2016-01-28 02:04:48,053 DEBUG [EBPB_KeyhandlingSTTL-116732] j
2016-01-28 02:04:48,054 DEBUG [EBPB_KeyhandlingSTTL-116732] Entered j
2016-01-28 02:04:48,054 DEBUG [EBPB_KeyhandlingSTTL-116732] Started executeCommandLine function
2016-01-28 02:04:52,074 DEBUG [EBPB_KeyhandlingSTTL-116732] Exiting from executeCommandLine function
2016-01-28 02:04:52,074 DEBUG [EBPB_KeyhandlingSTTL-116732] pass
2016-01-28 02:04:52,074 DEBUG [EBPB_KeyhandlingSTTL-116732] TestStepResult of sendKeyEvents: pass
2016-01-28 02:04:52,074 DEBUG [EBPB_KeyhandlingSTTL-116732] In execute keyword function
2016-01-28 02:04:52,074 DEBUG [EBPB_KeyhandlingSTTL-116732] Executing validate_keyCaptured function:
2016-01-28 02:04:52,074 DEBUG [EBPB_KeyhandlingSTTL-116732] Entered validate_keyCaptured function
2016-01-28 02:04:52,271 DEBUG [EBPB_KeyhandlingSTTL-116732] 74
2016-01-28 02:04:52,271 DEBUG [EBPB_KeyhandlingSTTL-116732] Actual Value matches Expected
2016-01-28 02:04:52,271 DEBUG [EBPB_KeyhandlingSTTL-116732] pass
2016-01-28 02:04:52,271 DEBUG [EBPB_KeyhandlingSTTL-116732] Exiting from validate_keyCaptured function
2016-01-28 02:04:52,271 DEBUG [EBPB_KeyhandlingSTTL-116732] Result of validate_keyCaptured: pass
2016-01-28 02:04:52,271 DEBUG [EBPB_KeyhandlingSTTL-116732] In execute keyword function
2016-01-28 02:04:52,271 DEBUG [EBPB_KeyhandlingSTTL-116732] Executing sendKeyEvents function:
2016-01-28 02:04:52,271 DEBUG [EBPB_KeyhandlingSTTL-116732] Entered sendKeyEvents function
2016-01-28 02:04:52,271 DEBUG [EBPB_KeyhandlingSTTL-116732] k
2016-01-28 02:04:52,271 DEBUG [EBPB_KeyhandlingSTTL-116732] Entered k
2016-01-28 02:04:52,271 DEBUG [EBPB_KeyhandlingSTTL-116732] Started executeCommandLine function
2016-01-28 02:04:56,282 DEBUG [EBPB_KeyhandlingSTTL-116732] Exiting from executeCommandLine function
2016-01-28 02:04:56,282 DEBUG [EBPB_KeyhandlingSTTL-116732] pass
2016-01-28 02:04:56,282 DEBUG [EBPB_KeyhandlingSTTL-116732] TestStepResult of sendKeyEvents: pass
2016-01-28 02:04:56,282 DEBUG [EBPB_KeyhandlingSTTL-116732] In execute keyword function
2016-01-28 02:04:56,282 DEBUG [EBPB_KeyhandlingSTTL-116732] Executing validate_keyCaptured function:
2016-01-28 02:04:56,282 DEBUG [EBPB_KeyhandlingSTTL-116732] Entered validate_keyCaptured function
2016-01-28 02:04:56,485 DEBUG [EBPB_KeyhandlingSTTL-116732] 75
2016-01-28 02:04:56,486 DEBUG [EBPB_KeyhandlingSTTL-116732] Actual Value matches Expected
2016-01-28 02:04:56,486 DEBUG [EBPB_KeyhandlingSTTL-116732] pass
2016-01-28 02:04:56,486 DEBUG [EBPB_KeyhandlingSTTL-116732] Exiting from validate_keyCaptured function
2016-01-28 02:04:56,486 DEBUG [EBPB_KeyhandlingSTTL-116732] Result of validate_keyCaptured: pass
2016-01-28 02:04:56,486 DEBUG [EBPB_KeyhandlingSTTL-116732] In execute keyword function
2016-01-28 02:04:56,486 DEBUG [EBPB_KeyhandlingSTTL-116732] Executing sendKeyEvents function:
2016-01-28 02:04:56,486 DEBUG [EBPB_KeyhandlingSTTL-116732] Entered sendKeyEvents function
2016-01-28 02:04:56,486 DEBUG [EBPB_KeyhandlingSTTL-116732] l
2016-01-28 02:04:56,486 DEBUG [EBPB_KeyhandlingSTTL-116732] Entered l
2016-01-28 02:04:56,486 DEBUG [EBPB_KeyhandlingSTTL-116732] Started executeCommandLine function
2016-01-28 02:05:00,505 DEBUG [EBPB_KeyhandlingSTTL-116732] Exiting from executeCommandLine function
2016-01-28 02:05:00,505 DEBUG [EBPB_KeyhandlingSTTL-116732] pass
2016-01-28 02:05:00,505 DEBUG [EBPB_KeyhandlingSTTL-116732] TestStepResult of sendKeyEvents: pass
2016-01-28 02:05:00,505 DEBUG [EBPB_KeyhandlingSTTL-116732] In execute keyword function
2016-01-28 02:05:00,505 DEBUG [EBPB_KeyhandlingSTTL-116732] Executing validate_keyCaptured function:
2016-01-28 02:05:00,505 DEBUG [EBPB_KeyhandlingSTTL-116732] Entered validate_keyCaptured function
2016-01-28 02:05:00,680 DEBUG [EBPB_KeyhandlingSTTL-116732] 76
2016-01-28 02:05:00,680 DEBUG [EBPB_KeyhandlingSTTL-116732] Actual Value matches Expected
2016-01-28 02:05:00,680 DEBUG [EBPB_KeyhandlingSTTL-116732] pass
2016-01-28 02:05:00,680 DEBUG [EBPB_KeyhandlingSTTL-116732] Exiting from validate_keyCaptured function
2016-01-28 02:05:00,680 DEBUG [EBPB_KeyhandlingSTTL-116732] Result of validate_keyCaptured: pass
2016-01-28 02:05:00,680 DEBUG [EBPB_KeyhandlingSTTL-116732] In execute keyword function
2016-01-28 02:05:00,680 DEBUG [EBPB_KeyhandlingSTTL-116732] Executing sendKeyEvents function:
2016-01-28 02:05:00,680 DEBUG [EBPB_KeyhandlingSTTL-116732] Entered sendKeyEvents function
2016-01-28 02:05:00,680 DEBUG [EBPB_KeyhandlingSTTL-116732] m
2016-01-28 02:05:00,680 DEBUG [EBPB_KeyhandlingSTTL-116732] Entered m
2016-01-28 02:05:00,680 DEBUG [EBPB_KeyhandlingSTTL-116732] Started executeCommandLine function
2016-01-28 02:05:04,701 DEBUG [EBPB_KeyhandlingSTTL-116732] Exiting from executeCommandLine function
2016-01-28 02:05:04,701 DEBUG [EBPB_KeyhandlingSTTL-116732] pass
2016-01-28 02:05:04,701 DEBUG [EBPB_KeyhandlingSTTL-116732] TestStepResult of sendKeyEvents: pass
2016-01-28 02:05:04,701 DEBUG [EBPB_KeyhandlingSTTL-116732] In execute keyword function
2016-01-28 02:05:04,701 DEBUG [EBPB_KeyhandlingSTTL-116732] Executing validate_keyCaptured function:
2016-01-28 02:05:04,701 DEBUG [EBPB_KeyhandlingSTTL-116732] Entered validate_keyCaptured function
2016-01-28 02:05:04,907 DEBUG [EBPB_KeyhandlingSTTL-116732] 77
2016-01-28 02:05:04,907 DEBUG [EBPB_KeyhandlingSTTL-116732] Actual Value matches Expected
2016-01-28 02:05:04,907 DEBUG [EBPB_KeyhandlingSTTL-116732] pass
2016-01-28 02:05:04,907 DEBUG [EBPB_KeyhandlingSTTL-116732] Exiting from validate_keyCaptured function
2016-01-28 02:05:04,907 DEBUG [EBPB_KeyhandlingSTTL-116732] Result of validate_keyCaptured: pass
2016-01-28 02:05:04,907 DEBUG [EBPB_KeyhandlingSTTL-116732] In execute keyword function
2016-01-28 02:05:04,907 DEBUG [EBPB_KeyhandlingSTTL-116732] Executing sendKeyEvents function:
2016-01-28 02:05:04,907 DEBUG [EBPB_KeyhandlingSTTL-116732] Entered sendKeyEvents function
2016-01-28 02:05:04,907 DEBUG [EBPB_KeyhandlingSTTL-116732] n
2016-01-28 02:05:04,907 DEBUG [EBPB_KeyhandlingSTTL-116732] Entered n
2016-01-28 02:05:04,907 DEBUG [EBPB_KeyhandlingSTTL-116732] Started executeCommandLine function
2016-01-28 02:05:08,927 DEBUG [EBPB_KeyhandlingSTTL-116732] Exiting from executeCommandLine function
2016-01-28 02:05:08,927 DEBUG [EBPB_KeyhandlingSTTL-116732] pass
2016-01-28 02:05:08,927 DEBUG [EBPB_KeyhandlingSTTL-116732] TestStepResult of sendKeyEvents: pass
2016-01-28 02:05:08,927 DEBUG [EBPB_KeyhandlingSTTL-116732] In execute keyword function
2016-01-28 02:05:08,927 DEBUG [EBPB_KeyhandlingSTTL-116732] Executing validate_keyCaptured function:
2016-01-28 02:05:08,927 DEBUG [EBPB_KeyhandlingSTTL-116732] Entered validate_keyCaptured function
2016-01-28 02:05:09,099 DEBUG [EBPB_KeyhandlingSTTL-116732] 78
2016-01-28 02:05:09,099 DEBUG [EBPB_KeyhandlingSTTL-116732] Actual Value matches Expected
2016-01-28 02:05:09,099 DEBUG [EBPB_KeyhandlingSTTL-116732] pass
2016-01-28 02:05:09,099 DEBUG [EBPB_KeyhandlingSTTL-116732] Exiting from validate_keyCaptured function
2016-01-28 02:05:09,099 DEBUG [EBPB_KeyhandlingSTTL-116732] Result of validate_keyCaptured: pass
2016-01-28 02:05:09,099 DEBUG [EBPB_KeyhandlingSTTL-116732] In execute keyword function
2016-01-28 02:05:09,099 DEBUG [EBPB_KeyhandlingSTTL-116732] Executing sendKeyEvents function:
2016-01-28 02:05:09,099 DEBUG [EBPB_KeyhandlingSTTL-116732] Entered sendKeyEvents function
2016-01-28 02:05:09,099 DEBUG [EBPB_KeyhandlingSTTL-116732] o
2016-01-28 02:05:09,099 DEBUG [EBPB_KeyhandlingSTTL-116732] Entered o
2016-01-28 02:05:09,099 DEBUG [EBPB_KeyhandlingSTTL-116732] Started executeCommandLine function
2016-01-28 02:05:13,119 DEBUG [EBPB_KeyhandlingSTTL-116732] Exiting from executeCommandLine function
2016-01-28 02:05:13,119 DEBUG [EBPB_KeyhandlingSTTL-116732] pass
2016-01-28 02:05:13,119 DEBUG [EBPB_KeyhandlingSTTL-116732] TestStepResult of sendKeyEvents: pass
2016-01-28 02:05:13,119 DEBUG [EBPB_KeyhandlingSTTL-116732] In execute keyword function
2016-01-28 02:05:13,119 DEBUG [EBPB_KeyhandlingSTTL-116732] Executing validate_keyCaptured function:
2016-01-28 02:05:13,119 DEBUG [EBPB_KeyhandlingSTTL-116732] Entered validate_keyCaptured function
2016-01-28 02:05:13,319 DEBUG [EBPB_KeyhandlingSTTL-116732] 79
2016-01-28 02:05:13,319 DEBUG [EBPB_KeyhandlingSTTL-116732] Actual Value matches Expected
2016-01-28 02:05:13,319 DEBUG [EBPB_KeyhandlingSTTL-116732] pass
2016-01-28 02:05:13,319 DEBUG [EBPB_KeyhandlingSTTL-116732] Exiting from validate_keyCaptured function
2016-01-28 02:05:13,319 DEBUG [EBPB_KeyhandlingSTTL-116732] Result of validate_keyCaptured: pass
2016-01-28 02:05:13,319 DEBUG [EBPB_KeyhandlingSTTL-116732] In execute keyword function
2016-01-28 02:05:13,319 DEBUG [EBPB_KeyhandlingSTTL-116732] Executing sendKeyEvents function:
2016-01-28 02:05:13,319 DEBUG [EBPB_KeyhandlingSTTL-116732] Entered sendKeyEvents function
2016-01-28 02:05:13,319 DEBUG [EBPB_KeyhandlingSTTL-116732] p
2016-01-28 02:05:13,319 DEBUG [EBPB_KeyhandlingSTTL-116732] Entered p
2016-01-28 02:05:13,319 DEBUG [EBPB_KeyhandlingSTTL-116732] Started executeCommandLine function
2016-01-28 02:05:17,340 DEBUG [EBPB_KeyhandlingSTTL-116732] Exiting from executeCommandLine function
2016-01-28 02:05:17,340 DEBUG [EBPB_KeyhandlingSTTL-116732] pass
2016-01-28 02:05:17,340 DEBUG [EBPB_KeyhandlingSTTL-116732] TestStepResult of sendKeyEvents: pass
2016-01-28 02:05:17,340 DEBUG [EBPB_KeyhandlingSTTL-116732] In execute keyword function
2016-01-28 02:05:17,340 DEBUG [EBPB_KeyhandlingSTTL-116732] Executing validate_keyCaptured function:
2016-01-28 02:05:17,340 DEBUG [EBPB_KeyhandlingSTTL-116732] Entered validate_keyCaptured function
2016-01-28 02:05:17,517 DEBUG [EBPB_KeyhandlingSTTL-116732] 80
2016-01-28 02:05:17,517 DEBUG [EBPB_KeyhandlingSTTL-116732] Actual Value matches Expected
2016-01-28 02:05:17,517 DEBUG [EBPB_KeyhandlingSTTL-116732] pass
2016-01-28 02:05:17,517 DEBUG [EBPB_KeyhandlingSTTL-116732] Exiting from validate_keyCaptured function
2016-01-28 02:05:17,517 DEBUG [EBPB_KeyhandlingSTTL-116732] Result of validate_keyCaptured: pass
2016-01-28 02:05:17,517 DEBUG [EBPB_KeyhandlingSTTL-116732] In execute keyword function
2016-01-28 02:05:17,517 DEBUG [EBPB_KeyhandlingSTTL-116732] Executing sendKeyEvents function:
2016-01-28 02:05:17,517 DEBUG [EBPB_KeyhandlingSTTL-116732] Entered sendKeyEvents function
2016-01-28 02:05:17,517 DEBUG [EBPB_KeyhandlingSTTL-116732] q
2016-01-28 02:05:17,517 DEBUG [EBPB_KeyhandlingSTTL-116732] Entered q
2016-01-28 02:05:17,517 DEBUG [EBPB_KeyhandlingSTTL-116732] Started executeCommandLine function
2016-01-28 02:05:21,537 DEBUG [EBPB_KeyhandlingSTTL-116732] Exiting from executeCommandLine function
2016-01-28 02:05:21,537 DEBUG [EBPB_KeyhandlingSTTL-116732] pass
2016-01-28 02:05:21,537 DEBUG [EBPB_KeyhandlingSTTL-116732] TestStepResult of sendKeyEvents: pass
2016-01-28 02:05:21,537 DEBUG [EBPB_KeyhandlingSTTL-116732] In execute keyword function
2016-01-28 02:05:21,537 DEBUG [EBPB_KeyhandlingSTTL-116732] Executing validate_keyCaptured function:
2016-01-28 02:05:21,537 DEBUG [EBPB_KeyhandlingSTTL-116732] Entered validate_keyCaptured function
2016-01-28 02:05:21,713 DEBUG [EBPB_KeyhandlingSTTL-116732] 81
2016-01-28 02:05:21,713 DEBUG [EBPB_KeyhandlingSTTL-116732] Actual Value matches Expected
2016-01-28 02:05:21,714 DEBUG [EBPB_KeyhandlingSTTL-116732] pass
2016-01-28 02:05:21,714 DEBUG [EBPB_KeyhandlingSTTL-116732] Exiting from validate_keyCaptured function
2016-01-28 02:05:21,714 DEBUG [EBPB_KeyhandlingSTTL-116732] Result of validate_keyCaptured: pass
2016-01-28 02:05:21,714 DEBUG [EBPB_KeyhandlingSTTL-116732] In execute keyword function
2016-01-28 02:05:21,714 DEBUG [EBPB_KeyhandlingSTTL-116732] Executing sendKeyEvents function:
2016-01-28 02:05:21,714 DEBUG [EBPB_KeyhandlingSTTL-116732] Entered sendKeyEvents function
2016-01-28 02:05:21,714 DEBUG [EBPB_KeyhandlingSTTL-116732] r
2016-01-28 02:05:21,714 DEBUG [EBPB_KeyhandlingSTTL-116732] Entered r
2016-01-28 02:05:21,714 DEBUG [EBPB_KeyhandlingSTTL-116732] Started executeCommandLine function
2016-01-28 02:05:25,736 DEBUG [EBPB_KeyhandlingSTTL-116732] Exiting from executeCommandLine function
2016-01-28 02:05:25,736 DEBUG [EBPB_KeyhandlingSTTL-116732] pass
2016-01-28 02:05:25,736 DEBUG [EBPB_KeyhandlingSTTL-116732] TestStepResult of sendKeyEvents: pass
2016-01-28 02:05:25,736 DEBUG [EBPB_KeyhandlingSTTL-116732] In execute keyword function
2016-01-28 02:05:25,736 DEBUG [EBPB_KeyhandlingSTTL-116732] Executing validate_keyCaptured function:
2016-01-28 02:05:25,736 DEBUG [EBPB_KeyhandlingSTTL-116732] Entered validate_keyCaptured function
2016-01-28 02:05:25,917 DEBUG [EBPB_KeyhandlingSTTL-116732] 82
2016-01-28 02:05:25,917 DEBUG [EBPB_KeyhandlingSTTL-116732] Actual Value matches Expected
2016-01-28 02:05:25,917 DEBUG [EBPB_KeyhandlingSTTL-116732] pass
2016-01-28 02:05:25,917 DEBUG [EBPB_KeyhandlingSTTL-116732] Exiting from validate_keyCaptured function
2016-01-28 02:05:25,917 DEBUG [EBPB_KeyhandlingSTTL-116732] Result of validate_keyCaptured: pass
2016-01-28 02:05:25,917 DEBUG [EBPB_KeyhandlingSTTL-116732] In execute keyword function
2016-01-28 02:05:25,917 DEBUG [EBPB_KeyhandlingSTTL-116732] Executing sendKeyEvents function:
2016-01-28 02:05:25,917 DEBUG [EBPB_KeyhandlingSTTL-116732] Entered sendKeyEvents function
2016-01-28 02:05:25,917 DEBUG [EBPB_KeyhandlingSTTL-116732] s
2016-01-28 02:05:25,917 DEBUG [EBPB_KeyhandlingSTTL-116732] Entered s
2016-01-28 02:05:25,917 DEBUG [EBPB_KeyhandlingSTTL-116732] Started executeCommandLine function
2016-01-28 02:05:29,936 DEBUG [EBPB_KeyhandlingSTTL-116732] Exiting from executeCommandLine function
2016-01-28 02:05:29,936 DEBUG [EBPB_KeyhandlingSTTL-116732] pass
2016-01-28 02:05:29,936 DEBUG [EBPB_KeyhandlingSTTL-116732] TestStepResult of sendKeyEvents: pass
2016-01-28 02:05:29,936 DEBUG [EBPB_KeyhandlingSTTL-116732] In execute keyword function
2016-01-28 02:05:29,936 DEBUG [EBPB_KeyhandlingSTTL-116732] Executing validate_keyCaptured function:
2016-01-28 02:05:29,936 DEBUG [EBPB_KeyhandlingSTTL-116732] Entered validate_keyCaptured function
2016-01-28 02:05:30,139 DEBUG [EBPB_KeyhandlingSTTL-116732] 83
2016-01-28 02:05:30,139 DEBUG [EBPB_KeyhandlingSTTL-116732] Actual Value matches Expected
2016-01-28 02:05:30,139 DEBUG [EBPB_KeyhandlingSTTL-116732] pass
2016-01-28 02:05:30,139 DEBUG [EBPB_KeyhandlingSTTL-116732] Exiting from validate_keyCaptured function
2016-01-28 02:05:30,139 DEBUG [EBPB_KeyhandlingSTTL-116732] Result of validate_keyCaptured: pass
2016-01-28 02:05:30,139 DEBUG [EBPB_KeyhandlingSTTL-116732] In execute keyword function
2016-01-28 02:05:30,139 DEBUG [EBPB_KeyhandlingSTTL-116732] Executing sendKeyEvents function:
2016-01-28 02:05:30,139 DEBUG [EBPB_KeyhandlingSTTL-116732] Entered sendKeyEvents function
2016-01-28 02:05:30,139 DEBUG [EBPB_KeyhandlingSTTL-116732] t
2016-01-28 02:05:30,139 DEBUG [EBPB_KeyhandlingSTTL-116732] Entered t
2016-01-28 02:05:30,139 DEBUG [EBPB_KeyhandlingSTTL-116732] Started executeCommandLine function
2016-01-28 02:05:34,153 DEBUG [EBPB_KeyhandlingSTTL-116732] Exiting from executeCommandLine function
2016-01-28 02:05:34,153 DEBUG [EBPB_KeyhandlingSTTL-116732] pass
2016-01-28 02:05:34,153 DEBUG [EBPB_KeyhandlingSTTL-116732] TestStepResult of sendKeyEvents: pass
2016-01-28 02:05:34,153 DEBUG [EBPB_KeyhandlingSTTL-116732] In execute keyword function
2016-01-28 02:05:34,153 DEBUG [EBPB_KeyhandlingSTTL-116732] Executing validate_keyCaptured function:
2016-01-28 02:05:34,153 DEBUG [EBPB_KeyhandlingSTTL-116732] Entered validate_keyCaptured function
2016-01-28 02:05:34,328 DEBUG [EBPB_KeyhandlingSTTL-116732] 84
2016-01-28 02:05:34,328 DEBUG [EBPB_KeyhandlingSTTL-116732] Actual Value matches Expected
2016-01-28 02:05:34,328 DEBUG [EBPB_KeyhandlingSTTL-116732] pass
2016-01-28 02:05:34,328 DEBUG [EBPB_KeyhandlingSTTL-116732] Exiting from validate_keyCaptured function
2016-01-28 02:05:34,328 DEBUG [EBPB_KeyhandlingSTTL-116732] Result of validate_keyCaptured: pass
2016-01-28 02:05:34,328 DEBUG [EBPB_KeyhandlingSTTL-116732] In execute keyword function
2016-01-28 02:05:34,328 DEBUG [EBPB_KeyhandlingSTTL-116732] Executing sendKeyEvents function:
2016-01-28 02:05:34,328 DEBUG [EBPB_KeyhandlingSTTL-116732] Entered sendKeyEvents function
2016-01-28 02:05:34,328 DEBUG [EBPB_KeyhandlingSTTL-116732] u
2016-01-28 02:05:34,328 DEBUG [EBPB_KeyhandlingSTTL-116732] Entered u
2016-01-28 02:05:34,328 DEBUG [EBPB_KeyhandlingSTTL-116732] Started executeCommandLine function
2016-01-28 02:05:38,349 DEBUG [EBPB_KeyhandlingSTTL-116732] Exiting from executeCommandLine function
2016-01-28 02:05:38,349 DEBUG [EBPB_KeyhandlingSTTL-116732] pass
2016-01-28 02:05:38,349 DEBUG [EBPB_KeyhandlingSTTL-116732] TestStepResult of sendKeyEvents: pass
2016-01-28 02:05:38,349 DEBUG [EBPB_KeyhandlingSTTL-116732] In execute keyword function
2016-01-28 02:05:38,349 DEBUG [EBPB_KeyhandlingSTTL-116732] Executing validate_keyCaptured function:
2016-01-28 02:05:38,349 DEBUG [EBPB_KeyhandlingSTTL-116732] Entered validate_keyCaptured function
2016-01-28 02:05:38,543 DEBUG [EBPB_KeyhandlingSTTL-116732] 85
2016-01-28 02:05:38,543 DEBUG [EBPB_KeyhandlingSTTL-116732] Actual Value matches Expected
2016-01-28 02:05:38,543 DEBUG [EBPB_KeyhandlingSTTL-116732] pass
2016-01-28 02:05:38,543 DEBUG [EBPB_KeyhandlingSTTL-116732] Exiting from validate_keyCaptured function
2016-01-28 02:05:38,543 DEBUG [EBPB_KeyhandlingSTTL-116732] Result of validate_keyCaptured: pass
2016-01-28 02:05:38,543 DEBUG [EBPB_KeyhandlingSTTL-116732] In execute keyword function
2016-01-28 02:05:38,543 DEBUG [EBPB_KeyhandlingSTTL-116732] Executing sendKeyEvents function:
2016-01-28 02:05:38,543 DEBUG [EBPB_KeyhandlingSTTL-116732] Entered sendKeyEvents function
2016-01-28 02:05:38,543 DEBUG [EBPB_KeyhandlingSTTL-116732] v
2016-01-28 02:05:38,543 DEBUG [EBPB_KeyhandlingSTTL-116732] Entered v
2016-01-28 02:05:38,543 DEBUG [EBPB_KeyhandlingSTTL-116732] Started executeCommandLine function
2016-01-28 02:05:42,564 DEBUG [EBPB_KeyhandlingSTTL-116732] Exiting from executeCommandLine function
2016-01-28 02:05:42,564 DEBUG [EBPB_KeyhandlingSTTL-116732] pass
2016-01-28 02:05:42,564 DEBUG [EBPB_KeyhandlingSTTL-116732] TestStepResult of sendKeyEvents: pass
2016-01-28 02:05:42,564 DEBUG [EBPB_KeyhandlingSTTL-116732] In execute keyword function
2016-01-28 02:05:42,564 DEBUG [EBPB_KeyhandlingSTTL-116732] Executing validate_keyCaptured function:
2016-01-28 02:05:42,564 DEBUG [EBPB_KeyhandlingSTTL-116732] Entered validate_keyCaptured function
2016-01-28 02:05:42,733 DEBUG [EBPB_KeyhandlingSTTL-116732] 86
2016-01-28 02:05:42,733 DEBUG [EBPB_KeyhandlingSTTL-116732] Actual Value matches Expected
2016-01-28 02:05:42,733 DEBUG [EBPB_KeyhandlingSTTL-116732] pass
2016-01-28 02:05:42,733 DEBUG [EBPB_KeyhandlingSTTL-116732] Exiting from validate_keyCaptured function
2016-01-28 02:05:42,733 DEBUG [EBPB_KeyhandlingSTTL-116732] Result of validate_keyCaptured: pass
2016-01-28 02:05:42,734 DEBUG [EBPB_KeyhandlingSTTL-116732] In execute keyword function
2016-01-28 02:05:42,734 DEBUG [EBPB_KeyhandlingSTTL-116732] Executing sendKeyEvents function:
2016-01-28 02:05:42,734 DEBUG [EBPB_KeyhandlingSTTL-116732] Entered sendKeyEvents function
2016-01-28 02:05:42,734 DEBUG [EBPB_KeyhandlingSTTL-116732] w
2016-01-28 02:05:42,734 DEBUG [EBPB_KeyhandlingSTTL-116732] Entered w
2016-01-28 02:05:42,734 DEBUG [EBPB_KeyhandlingSTTL-116732] Started executeCommandLine function
2016-01-28 02:05:46,754 DEBUG [EBPB_KeyhandlingSTTL-116732] Exiting from executeCommandLine function
2016-01-28 02:05:46,754 DEBUG [EBPB_KeyhandlingSTTL-116732] pass
2016-01-28 02:05:46,754 DEBUG [EBPB_KeyhandlingSTTL-116732] TestStepResult of sendKeyEvents: pass
2016-01-28 02:05:46,754 DEBUG [EBPB_KeyhandlingSTTL-116732] In execute keyword function
2016-01-28 02:05:46,754 DEBUG [EBPB_KeyhandlingSTTL-116732] Executing validate_keyCaptured function:
2016-01-28 02:05:46,754 DEBUG [EBPB_KeyhandlingSTTL-116732] Entered validate_keyCaptured function
2016-01-28 02:05:47,019 DEBUG [EBPB_KeyhandlingSTTL-116732] 87
2016-01-28 02:05:47,019 DEBUG [EBPB_KeyhandlingSTTL-116732] Actual Value matches Expected
2016-01-28 02:05:47,019 DEBUG [EBPB_KeyhandlingSTTL-116732] pass
2016-01-28 02:05:47,019 DEBUG [EBPB_KeyhandlingSTTL-116732] Exiting from validate_keyCaptured function
2016-01-28 02:05:47,019 DEBUG [EBPB_KeyhandlingSTTL-116732] Result of validate_keyCaptured: pass
2016-01-28 02:05:47,019 DEBUG [EBPB_KeyhandlingSTTL-116732] In execute keyword function
2016-01-28 02:05:47,019 DEBUG [EBPB_KeyhandlingSTTL-116732] Executing sendKeyEvents function:
2016-01-28 02:05:47,019 DEBUG [EBPB_KeyhandlingSTTL-116732] Entered sendKeyEvents function
2016-01-28 02:05:47,019 DEBUG [EBPB_KeyhandlingSTTL-116732] x
2016-01-28 02:05:47,019 DEBUG [EBPB_KeyhandlingSTTL-116732] Entered x
2016-01-28 02:05:47,019 DEBUG [EBPB_KeyhandlingSTTL-116732] Started executeCommandLine function
2016-01-28 02:05:51,039 DEBUG [EBPB_KeyhandlingSTTL-116732] Exiting from executeCommandLine function
2016-01-28 02:05:51,039 DEBUG [EBPB_KeyhandlingSTTL-116732] pass
2016-01-28 02:05:51,039 DEBUG [EBPB_KeyhandlingSTTL-116732] TestStepResult of sendKeyEvents: pass
2016-01-28 02:05:51,039 DEBUG [EBPB_KeyhandlingSTTL-116732] In execute keyword function
2016-01-28 02:05:51,039 DEBUG [EBPB_KeyhandlingSTTL-116732] Executing validate_keyCaptured function:
2016-01-28 02:05:51,039 DEBUG [EBPB_KeyhandlingSTTL-116732] Entered validate_keyCaptured function
2016-01-28 02:05:51,207 DEBUG [EBPB_KeyhandlingSTTL-116732] 88
2016-01-28 02:05:51,207 DEBUG [EBPB_KeyhandlingSTTL-116732] Actual Value matches Expected
2016-01-28 02:05:51,207 DEBUG [EBPB_KeyhandlingSTTL-116732] pass
2016-01-28 02:05:51,207 DEBUG [EBPB_KeyhandlingSTTL-116732] Exiting from validate_keyCaptured function
2016-01-28 02:05:51,207 DEBUG [EBPB_KeyhandlingSTTL-116732] Result of validate_keyCaptured: pass
2016-01-28 02:05:51,207 DEBUG [EBPB_KeyhandlingSTTL-116732] In execute keyword function
2016-01-28 02:05:51,207 DEBUG [EBPB_KeyhandlingSTTL-116732] Executing sendKeyEvents function:
2016-01-28 02:05:51,207 DEBUG [EBPB_KeyhandlingSTTL-116732] Entered sendKeyEvents function
2016-01-28 02:05:51,207 DEBUG [EBPB_KeyhandlingSTTL-116732] y
2016-01-28 02:05:51,207 DEBUG [EBPB_KeyhandlingSTTL-116732] Entered y
2016-01-28 02:05:51,207 DEBUG [EBPB_KeyhandlingSTTL-116732] Started executeCommandLine function
2016-01-28 02:05:55,228 DEBUG [EBPB_KeyhandlingSTTL-116732] Exiting from executeCommandLine function
2016-01-28 02:05:55,228 DEBUG [EBPB_KeyhandlingSTTL-116732] pass
2016-01-28 02:05:55,228 DEBUG [EBPB_KeyhandlingSTTL-116732] TestStepResult of sendKeyEvents: pass
2016-01-28 02:05:55,228 DEBUG [EBPB_KeyhandlingSTTL-116732] In execute keyword function
2016-01-28 02:05:55,228 DEBUG [EBPB_KeyhandlingSTTL-116732] Executing validate_keyCaptured function:
2016-01-28 02:05:55,228 DEBUG [EBPB_KeyhandlingSTTL-116732] Entered validate_keyCaptured function
2016-01-28 02:05:55,407 DEBUG [EBPB_KeyhandlingSTTL-116732] 89
2016-01-28 02:05:55,407 DEBUG [EBPB_KeyhandlingSTTL-116732] Actual Value matches Expected
2016-01-28 02:05:55,407 DEBUG [EBPB_KeyhandlingSTTL-116732] pass
2016-01-28 02:05:55,407 DEBUG [EBPB_KeyhandlingSTTL-116732] Exiting from validate_keyCaptured function
2016-01-28 02:05:55,407 DEBUG [EBPB_KeyhandlingSTTL-116732] Result of validate_keyCaptured: pass
2016-01-28 02:05:55,407 DEBUG [EBPB_KeyhandlingSTTL-116732] In execute keyword function
2016-01-28 02:05:55,407 DEBUG [EBPB_KeyhandlingSTTL-116732] Executing sendKeyEvents function:
2016-01-28 02:05:55,407 DEBUG [EBPB_KeyhandlingSTTL-116732] Entered sendKeyEvents function
2016-01-28 02:05:55,407 DEBUG [EBPB_KeyhandlingSTTL-116732] z
2016-01-28 02:05:55,408 DEBUG [EBPB_KeyhandlingSTTL-116732] Entered z
2016-01-28 02:05:55,408 DEBUG [EBPB_KeyhandlingSTTL-116732] Started executeCommandLine function
2016-01-28 02:05:59,428 DEBUG [EBPB_KeyhandlingSTTL-116732] Exiting from executeCommandLine function
2016-01-28 02:05:59,428 DEBUG [EBPB_KeyhandlingSTTL-116732] pass
2016-01-28 02:05:59,428 DEBUG [EBPB_KeyhandlingSTTL-116732] TestStepResult of sendKeyEvents: pass
2016-01-28 02:05:59,428 DEBUG [EBPB_KeyhandlingSTTL-116732] In execute keyword function
2016-01-28 02:05:59,428 DEBUG [EBPB_KeyhandlingSTTL-116732] Executing validate_keyCaptured function:
2016-01-28 02:05:59,428 DEBUG [EBPB_KeyhandlingSTTL-116732] Entered validate_keyCaptured function
2016-01-28 02:05:59,604 DEBUG [EBPB_KeyhandlingSTTL-116732] 90
2016-01-28 02:05:59,604 DEBUG [EBPB_KeyhandlingSTTL-116732] Actual Value matches Expected
2016-01-28 02:05:59,604 DEBUG [EBPB_KeyhandlingSTTL-116732] pass
2016-01-28 02:05:59,604 DEBUG [EBPB_KeyhandlingSTTL-116732] Exiting from validate_keyCaptured function
2016-01-28 02:05:59,604 DEBUG [EBPB_KeyhandlingSTTL-116732] Result of validate_keyCaptured: pass
2016-01-28 02:05:59,604 DEBUG [EBPB_KeyhandlingSTTL-116732] allstep_result contains: passpasspasspasspasspasspasspasspasspasspasspasspasspasspasspasspasspasspasspasspasspasspasspasspasspasspasspassPassPassnull
2016-01-28 02:05:59,604 DEBUG [EBPB_KeyhandlingSTTL-116732] allexpected_result contains: nullpassnullpassnullpassnullpassnullpassnullpassnullpassnullpassnullpassnullpassnullpassnullpassnullpassnullpassnullpassnullpassnullpassnullpassnullpassnullpassnullpassnullpassnullpassnullpassnullpassnullpassnullPassnullpassnullpassnull
2016-01-28 02:05:59,604 DEBUG [EBPB_KeyhandlingSTTL-116732] Testcase_Result contains: nullpassnullpassnullpassnullpassnullpassnullpassnullpassnullpassnullpassnullpassnullpassnullpassnullpassnullpassnullpassnullpassnullpassnullpassnullpassnullpassnullpassnullpassnullpassnullpassnullpassnullpassnullPassnullpassnullpassnullpasspasspasspasspasspasspasspasspasspasspasspasspasspasspasspasspasspasspasspasspasspasspasspasspasspasspasspassPassPassnull
2016-01-28 02:05:59,604 DEBUG [EBPB_KeyhandlingSTTL-116732] Test case with description KeyValue:All(Alphabets)- JavaScript function with iswindows key=1 Pass
2016-01-28 02:06:00,640 DEBUG [EBPB_KeyhandlingSTTL-116732] Executing browser_Quit function
2016-01-28 02:06:00,640 DEBUG [EBPB_KeyhandlingSTTL-116732] Completed browser_Quit function
2016-01-28 02:06:00,640 DEBUG [EBPB_KeyhandlingSTTL-116732] Completed quitSelendroid function
2016-01-28 02:06:00,641 DEBUG [EBPB_KeyhandlingSTTL-116732] Row number:33
2016-01-28 02:06:00,680 DEBUG [EBPB_KeyhandlingSTTL-116732] Ending Test Case IDSTTL-116732
