2016-01-28 01:49:25,720 DEBUG [EBPB_KeyhandlingSTTL-116715] Executing Test Case ID: STTL-116715
2016-01-28 01:49:25,730 DEBUG [EBPB_KeyhandlingSTTL-116715] Executing Init_Selendroid function with APK as parameter and clear data value with 1
2016-01-28 01:49:35,805 DEBUG [EBPB_KeyhandlingSTTL-116715] Exiting Init_Selendroid function
2016-01-28 01:49:35,823 DEBUG [EBPB_KeyhandlingSTTL-116715] TestCase with Description "Tag Pesrsitance Check with KeyValue All " Execution started
2016-01-28 01:49:35,824 DEBUG [EBPB_KeyhandlingSTTL-116715] In execute keyword function
2016-01-28 01:49:35,824 DEBUG [EBPB_KeyhandlingSTTL-116715] Executing wait function:
2016-01-28 01:49:35,824 DEBUG [EBPB_KeyhandlingSTTL-116715] Started Executing wait function
2016-01-28 01:49:40,824 DEBUG [EBPB_KeyhandlingSTTL-116715] Exiting from wait function
2016-01-28 01:49:40,824 DEBUG [EBPB_KeyhandlingSTTL-116715] TestStepResult of wait: Pass
2016-01-28 01:49:40,824 DEBUG [EBPB_KeyhandlingSTTL-116715] In execute keyword function
2016-01-28 01:49:40,824 DEBUG [EBPB_KeyhandlingSTTL-116715] Executing validate_PageTitle function:
2016-01-28 01:49:40,865 DEBUG [EBPB_KeyhandlingSTTL-116715] The title of the page is *********************************: Pocket Browser Tests
2016-01-28 01:49:40,865 DEBUG [EBPB_KeyhandlingSTTL-116715] The page title found is correct
2016-01-28 01:49:40,865 DEBUG [EBPB_KeyhandlingSTTL-116715] Result of validate_PageTitle: pass
2016-01-28 01:49:40,865 DEBUG [EBPB_KeyhandlingSTTL-116715] In execute keyword function
2016-01-28 01:49:40,866 DEBUG [EBPB_KeyhandlingSTTL-116715] Executing link_Click function:
2016-01-28 01:49:41,605 DEBUG [EBPB_KeyhandlingSTTL-116715] Executing Click function
2016-01-28 01:49:42,672 DEBUG [EBPB_KeyhandlingSTTL-116715] Exiting Click function
2016-01-28 01:49:42,672 DEBUG [EBPB_KeyhandlingSTTL-116715] keyhandling_link clicked successfully
2016-01-28 01:49:42,672 DEBUG [EBPB_KeyhandlingSTTL-116715] TestStepResult of link_Click: Pass
2016-01-28 01:49:42,672 DEBUG [EBPB_KeyhandlingSTTL-116715] In execute keyword function
2016-01-28 01:49:42,673 DEBUG [EBPB_KeyhandlingSTTL-116715] Executing validate_PageTitle function:
2016-01-28 01:49:42,693 DEBUG [EBPB_KeyhandlingSTTL-116715] The title of the page is *********************************: PB and RE2.2 Semi Auto Frame Work : Keyhandling
2016-01-28 01:49:42,693 DEBUG [EBPB_KeyhandlingSTTL-116715] The page title found is correct
2016-01-28 01:49:42,693 DEBUG [EBPB_KeyhandlingSTTL-116715] Result of validate_PageTitle: pass
2016-01-28 01:49:42,693 DEBUG [EBPB_KeyhandlingSTTL-116715] In execute keyword function
2016-01-28 01:49:42,693 DEBUG [EBPB_KeyhandlingSTTL-116715] Executing SelectTestToRun function:
2016-01-28 01:49:49,508 DEBUG [EBPB_KeyhandlingSTTL-116715] Successfull in selecting clicking the category
2016-01-28 01:49:49,508 DEBUG [EBPB_KeyhandlingSTTL-116715] TestStepResult of SelectTestToRun: pass
2016-01-28 01:49:49,508 DEBUG [EBPB_KeyhandlingSTTL-116715] In execute keyword function
2016-01-28 01:49:49,508 DEBUG [EBPB_KeyhandlingSTTL-116715] Executing ClickRunTest function:
2016-01-28 01:49:49,891 DEBUG [EBPB_KeyhandlingSTTL-116715] Executing Click function
2016-01-28 01:49:50,931 DEBUG [EBPB_KeyhandlingSTTL-116715] Exiting Click function
2016-01-28 01:49:50,931 DEBUG [EBPB_KeyhandlingSTTL-116715] runtest_top_xpath Button clicked Successfully
2016-01-28 01:49:50,931 DEBUG [EBPB_KeyhandlingSTTL-116715] TestStepResult of ClickRunTest: pass
2016-01-28 01:49:50,931 DEBUG [EBPB_KeyhandlingSTTL-116715] In execute keyword function
2016-01-28 01:49:50,931 DEBUG [EBPB_KeyhandlingSTTL-116715] Executing validate_Text_Exists function:
2016-01-28 01:49:51,349 DEBUG [EBPB_KeyhandlingSTTL-116715] VT056-0735 Testcase Text found
2016-01-28 01:49:51,349 DEBUG [EBPB_KeyhandlingSTTL-116715] Result of validate_Text_Exists: Pass
2016-01-28 01:49:51,349 DEBUG [EBPB_KeyhandlingSTTL-116715] In execute keyword function
2016-01-28 01:49:51,349 DEBUG [EBPB_KeyhandlingSTTL-116715] Executing textBoxClick function:
2016-01-28 01:49:52,751 DEBUG [EBPB_KeyhandlingSTTL-116715] keytxtInput_idtext box clicked successfully
2016-01-28 01:49:52,751 DEBUG [EBPB_KeyhandlingSTTL-116715] TestStepResult of textBoxClick: pass
2016-01-28 01:49:52,751 DEBUG [EBPB_KeyhandlingSTTL-116715] In execute keyword function
2016-01-28 01:49:52,751 DEBUG [EBPB_KeyhandlingSTTL-116715] Executing wait function:
2016-01-28 01:49:52,751 DEBUG [EBPB_KeyhandlingSTTL-116715] Started Executing wait function
2016-01-28 01:49:54,751 DEBUG [EBPB_KeyhandlingSTTL-116715] Exiting from wait function
2016-01-28 01:49:54,751 DEBUG [EBPB_KeyhandlingSTTL-116715] TestStepResult of wait: Pass
2016-01-28 01:49:54,751 DEBUG [EBPB_KeyhandlingSTTL-116715] In execute keyword function
2016-01-28 01:49:54,751 DEBUG [EBPB_KeyhandlingSTTL-116715] Executing sendKeyEvents function:
2016-01-28 01:49:54,751 DEBUG [EBPB_KeyhandlingSTTL-116715] Entered sendKeyEvents function
2016-01-28 01:49:54,751 DEBUG [EBPB_KeyhandlingSTTL-116715] b
2016-01-28 01:49:54,751 DEBUG [EBPB_KeyhandlingSTTL-116715] Entered b
2016-01-28 01:49:54,751 DEBUG [EBPB_KeyhandlingSTTL-116715] Started executeCommandLine function
2016-01-28 01:49:58,771 DEBUG [EBPB_KeyhandlingSTTL-116715] Exiting from executeCommandLine function
2016-01-28 01:49:58,771 DEBUG [EBPB_KeyhandlingSTTL-116715] pass
2016-01-28 01:49:58,771 DEBUG [EBPB_KeyhandlingSTTL-116715] TestStepResult of sendKeyEvents: pass
2016-01-28 01:49:58,771 DEBUG [EBPB_KeyhandlingSTTL-116715] In execute keyword function
2016-01-28 01:49:58,771 DEBUG [EBPB_KeyhandlingSTTL-116715] Executing validate_keyCaptured function:
2016-01-28 01:49:58,771 DEBUG [EBPB_KeyhandlingSTTL-116715] Entered validate_keyCaptured function
2016-01-28 01:49:59,094 DEBUG [EBPB_KeyhandlingSTTL-116715] 30
2016-01-28 01:49:59,094 DEBUG [EBPB_KeyhandlingSTTL-116715] Actual Value matches Expected
2016-01-28 01:49:59,094 DEBUG [EBPB_KeyhandlingSTTL-116715] pass
2016-01-28 01:49:59,094 DEBUG [EBPB_KeyhandlingSTTL-116715] Exiting from validate_keyCaptured function
2016-01-28 01:49:59,094 DEBUG [EBPB_KeyhandlingSTTL-116715] Result of validate_keyCaptured: pass
2016-01-28 01:49:59,094 DEBUG [EBPB_KeyhandlingSTTL-116715] In execute keyword function
2016-01-28 01:49:59,094 DEBUG [EBPB_KeyhandlingSTTL-116715] Executing SwitchApp function:
2016-01-28 01:49:59,157 DEBUG [EBPB_KeyhandlingSTTL-116715] Successfully switched to NATIVE_APP
2016-01-28 01:49:59,157 DEBUG [EBPB_KeyhandlingSTTL-116715] TestStepResult of SwitchApp: Pass
2016-01-28 01:49:59,157 DEBUG [EBPB_KeyhandlingSTTL-116715] In execute keyword function
2016-01-28 01:49:59,157 DEBUG [EBPB_KeyhandlingSTTL-116715] Executing ClickNativeIcon function:
2016-01-28 01:50:00,061 DEBUG [EBPB_KeyhandlingSTTL-116715] [[AppiumTouchActionExtension: selendroid on ANDROID (f07668ee-26f0-f569-e3f6-2af9ce206070)] -> xpath: (//Button[@id='reload_button'])[1]]Clicked successfully
2016-01-28 01:50:00,061 DEBUG [EBPB_KeyhandlingSTTL-116715] TestStepResult of ClickNativeIcon: pass
2016-01-28 01:50:00,061 DEBUG [EBPB_KeyhandlingSTTL-116715] In execute keyword function
2016-01-28 01:50:00,061 DEBUG [EBPB_KeyhandlingSTTL-116715] Executing wait function:
2016-01-28 01:50:00,061 DEBUG [EBPB_KeyhandlingSTTL-116715] Started Executing wait function
2016-01-28 01:50:10,061 DEBUG [EBPB_KeyhandlingSTTL-116715] Exiting from wait function
2016-01-28 01:50:10,061 DEBUG [EBPB_KeyhandlingSTTL-116715] TestStepResult of wait: Pass
2016-01-28 01:50:10,061 DEBUG [EBPB_KeyhandlingSTTL-116715] In execute keyword function
2016-01-28 01:50:10,061 DEBUG [EBPB_KeyhandlingSTTL-116715] Executing SwitchApp function:
2016-01-28 01:50:10,166 DEBUG [EBPB_KeyhandlingSTTL-116715] Successfully switched to WEBVIEW
2016-01-28 01:50:10,166 DEBUG [EBPB_KeyhandlingSTTL-116715] TestStepResult of SwitchApp: Pass
2016-01-28 01:50:10,166 DEBUG [EBPB_KeyhandlingSTTL-116715] In execute keyword function
2016-01-28 01:50:10,166 DEBUG [EBPB_KeyhandlingSTTL-116715] Executing SelectTestToRun function:
2016-01-28 01:50:17,414 DEBUG [EBPB_KeyhandlingSTTL-116715] Successfull in selecting clicking the category
2016-01-28 01:50:17,414 DEBUG [EBPB_KeyhandlingSTTL-116715] TestStepResult of SelectTestToRun: pass
2016-01-28 01:50:17,414 DEBUG [EBPB_KeyhandlingSTTL-116715] In execute keyword function
2016-01-28 01:50:17,414 DEBUG [EBPB_KeyhandlingSTTL-116715] Executing ClickRunTest function:
2016-01-28 01:50:17,726 DEBUG [EBPB_KeyhandlingSTTL-116715] Executing Click function
2016-01-28 01:50:18,802 DEBUG [EBPB_KeyhandlingSTTL-116715] Exiting Click function
2016-01-28 01:50:18,802 DEBUG [EBPB_KeyhandlingSTTL-116715] runtest_top_xpath Button clicked Successfully
2016-01-28 01:50:18,802 DEBUG [EBPB_KeyhandlingSTTL-116715] TestStepResult of ClickRunTest: pass
2016-01-28 01:50:18,802 DEBUG [EBPB_KeyhandlingSTTL-116715] In execute keyword function
2016-01-28 01:50:18,802 DEBUG [EBPB_KeyhandlingSTTL-116715] Executing validate_Text_Exists function:
2016-01-28 01:50:19,038 DEBUG [EBPB_KeyhandlingSTTL-116715] VT056-0735 Testcase Text found
2016-01-28 01:50:19,038 DEBUG [EBPB_KeyhandlingSTTL-116715] Result of validate_Text_Exists: Pass
2016-01-28 01:50:19,038 DEBUG [EBPB_KeyhandlingSTTL-116715] In execute keyword function
2016-01-28 01:50:19,039 DEBUG [EBPB_KeyhandlingSTTL-116715] Executing textBoxClick function:
2016-01-28 01:50:20,508 DEBUG [EBPB_KeyhandlingSTTL-116715] keytxtInput_idtext box clicked successfully
2016-01-28 01:50:20,508 DEBUG [EBPB_KeyhandlingSTTL-116715] TestStepResult of textBoxClick: pass
2016-01-28 01:50:20,508 DEBUG [EBPB_KeyhandlingSTTL-116715] In execute keyword function
2016-01-28 01:50:20,508 DEBUG [EBPB_KeyhandlingSTTL-116715] Executing wait function:
2016-01-28 01:50:20,508 DEBUG [EBPB_KeyhandlingSTTL-116715] Started Executing wait function
2016-01-28 01:50:22,508 DEBUG [EBPB_KeyhandlingSTTL-116715] Exiting from wait function
2016-01-28 01:50:22,508 DEBUG [EBPB_KeyhandlingSTTL-116715] TestStepResult of wait: Pass
2016-01-28 01:50:22,508 DEBUG [EBPB_KeyhandlingSTTL-116715] In execute keyword function
2016-01-28 01:50:22,508 DEBUG [EBPB_KeyhandlingSTTL-116715] Executing sendKeyEvents function:
2016-01-28 01:50:22,508 DEBUG [EBPB_KeyhandlingSTTL-116715] Entered sendKeyEvents function
2016-01-28 01:50:22,508 DEBUG [EBPB_KeyhandlingSTTL-116715] 2
2016-01-28 01:50:22,508 DEBUG [EBPB_KeyhandlingSTTL-116715] Entered 2
2016-01-28 01:50:22,508 DEBUG [EBPB_KeyhandlingSTTL-116715] Started executeCommandLine function
2016-01-28 01:50:26,528 DEBUG [EBPB_KeyhandlingSTTL-116715] Exiting from executeCommandLine function
2016-01-28 01:50:26,528 DEBUG [EBPB_KeyhandlingSTTL-116715] pass
2016-01-28 01:50:26,528 DEBUG [EBPB_KeyhandlingSTTL-116715] TestStepResult of sendKeyEvents: pass
2016-01-28 01:50:26,528 DEBUG [EBPB_KeyhandlingSTTL-116715] In execute keyword function
2016-01-28 01:50:26,528 DEBUG [EBPB_KeyhandlingSTTL-116715] Executing validate_keyCaptured function:
2016-01-28 01:50:26,528 DEBUG [EBPB_KeyhandlingSTTL-116715] Entered validate_keyCaptured function
2016-01-28 01:50:26,755 DEBUG [EBPB_KeyhandlingSTTL-116715] 9
2016-01-28 01:50:26,755 DEBUG [EBPB_KeyhandlingSTTL-116715] Actual Value matches Expected
2016-01-28 01:50:26,755 DEBUG [EBPB_KeyhandlingSTTL-116715] pass
2016-01-28 01:50:26,755 DEBUG [EBPB_KeyhandlingSTTL-116715] Exiting from validate_keyCaptured function
2016-01-28 01:50:26,755 DEBUG [EBPB_KeyhandlingSTTL-116715] Result of validate_keyCaptured: pass
2016-01-28 01:50:26,755 DEBUG [EBPB_KeyhandlingSTTL-116715] In execute keyword function
2016-01-28 01:50:26,755 DEBUG [EBPB_KeyhandlingSTTL-116715] Executing SwitchApp function:
2016-01-28 01:50:26,806 DEBUG [EBPB_KeyhandlingSTTL-116715] Successfully switched to NATIVE_APP
2016-01-28 01:50:26,806 DEBUG [EBPB_KeyhandlingSTTL-116715] TestStepResult of SwitchApp: Pass
2016-01-28 01:50:26,807 DEBUG [EBPB_KeyhandlingSTTL-116715] In execute keyword function
2016-01-28 01:50:26,807 DEBUG [EBPB_KeyhandlingSTTL-116715] Executing ClickNativeIcon function:
2016-01-28 01:50:27,700 DEBUG [EBPB_KeyhandlingSTTL-116715] [[AppiumTouchActionExtension: selendroid on ANDROID (f07668ee-26f0-f569-e3f6-2af9ce206070)] -> xpath: (//Button[@id='reload_button'])[1]]Clicked successfully
2016-01-28 01:50:27,700 DEBUG [EBPB_KeyhandlingSTTL-116715] TestStepResult of ClickNativeIcon: pass
2016-01-28 01:50:27,700 DEBUG [EBPB_KeyhandlingSTTL-116715] In execute keyword function
2016-01-28 01:50:27,700 DEBUG [EBPB_KeyhandlingSTTL-116715] Executing wait function:
2016-01-28 01:50:27,700 DEBUG [EBPB_KeyhandlingSTTL-116715] Started Executing wait function
2016-01-28 01:50:37,700 DEBUG [EBPB_KeyhandlingSTTL-116715] Exiting from wait function
2016-01-28 01:50:37,700 DEBUG [EBPB_KeyhandlingSTTL-116715] TestStepResult of wait: Pass
2016-01-28 01:50:37,700 DEBUG [EBPB_KeyhandlingSTTL-116715] In execute keyword function
2016-01-28 01:50:37,700 DEBUG [EBPB_KeyhandlingSTTL-116715] Executing SwitchApp function:
2016-01-28 01:50:37,820 DEBUG [EBPB_KeyhandlingSTTL-116715] Successfully switched to WEBVIEW
2016-01-28 01:50:37,821 DEBUG [EBPB_KeyhandlingSTTL-116715] TestStepResult of SwitchApp: Pass
2016-01-28 01:50:37,821 DEBUG [EBPB_KeyhandlingSTTL-116715] In execute keyword function
2016-01-28 01:50:37,821 DEBUG [EBPB_KeyhandlingSTTL-116715] Executing textBoxClick function:
2016-01-28 01:50:39,228 DEBUG [EBPB_KeyhandlingSTTL-116715] keytxtInput_idtext box clicked successfully
2016-01-28 01:50:39,228 DEBUG [EBPB_KeyhandlingSTTL-116715] TestStepResult of textBoxClick: pass
2016-01-28 01:50:39,228 DEBUG [EBPB_KeyhandlingSTTL-116715] In execute keyword function
2016-01-28 01:50:39,228 DEBUG [EBPB_KeyhandlingSTTL-116715] Executing wait function:
2016-01-28 01:50:39,228 DEBUG [EBPB_KeyhandlingSTTL-116715] Started Executing wait function
2016-01-28 01:50:41,228 DEBUG [EBPB_KeyhandlingSTTL-116715] Exiting from wait function
2016-01-28 01:50:41,228 DEBUG [EBPB_KeyhandlingSTTL-116715] TestStepResult of wait: Pass
2016-01-28 01:50:41,228 DEBUG [EBPB_KeyhandlingSTTL-116715] In execute keyword function
2016-01-28 01:50:41,228 DEBUG [EBPB_KeyhandlingSTTL-116715] Executing sendKeyEvents function:
2016-01-28 01:50:41,228 DEBUG [EBPB_KeyhandlingSTTL-116715] Entered sendKeyEvents function
2016-01-28 01:50:41,228 DEBUG [EBPB_KeyhandlingSTTL-116715] 1
2016-01-28 01:50:41,228 DEBUG [EBPB_KeyhandlingSTTL-116715] Entered 1
2016-01-28 01:50:41,228 DEBUG [EBPB_KeyhandlingSTTL-116715] Started executeCommandLine function
2016-01-28 01:50:45,250 DEBUG [EBPB_KeyhandlingSTTL-116715] Exiting from executeCommandLine function
2016-01-28 01:50:45,250 DEBUG [EBPB_KeyhandlingSTTL-116715] pass
2016-01-28 01:50:45,250 DEBUG [EBPB_KeyhandlingSTTL-116715] TestStepResult of sendKeyEvents: pass
2016-01-28 01:50:45,250 DEBUG [EBPB_KeyhandlingSTTL-116715] In execute keyword function
2016-01-28 01:50:45,250 DEBUG [EBPB_KeyhandlingSTTL-116715] Executing validate_keyCaptured function:
2016-01-28 01:50:45,250 DEBUG [EBPB_KeyhandlingSTTL-116715] Entered validate_keyCaptured function
2016-01-28 01:50:45,512 DEBUG [EBPB_KeyhandlingSTTL-116715] 
2016-01-28 01:50:45,512 DEBUG [EBPB_KeyhandlingSTTL-116715] Actual Value matches Expected
2016-01-28 01:50:45,512 DEBUG [EBPB_KeyhandlingSTTL-116715] pass
2016-01-28 01:50:45,512 DEBUG [EBPB_KeyhandlingSTTL-116715] Exiting from validate_keyCaptured function
2016-01-28 01:50:45,512 DEBUG [EBPB_KeyhandlingSTTL-116715] Result of validate_keyCaptured: pass
2016-01-28 01:50:45,512 DEBUG [EBPB_KeyhandlingSTTL-116715] In execute keyword function
2016-01-28 01:50:45,512 DEBUG [EBPB_KeyhandlingSTTL-116715] Executing SwitchApp function:
2016-01-28 01:50:45,563 DEBUG [EBPB_KeyhandlingSTTL-116715] Successfully switched to NATIVE_APP
2016-01-28 01:50:45,563 DEBUG [EBPB_KeyhandlingSTTL-116715] TestStepResult of SwitchApp: Pass
2016-01-28 01:50:45,563 DEBUG [EBPB_KeyhandlingSTTL-116715] In execute keyword function
2016-01-28 01:50:45,563 DEBUG [EBPB_KeyhandlingSTTL-116715] Executing ClickNativeIcon function:
2016-01-28 01:50:46,402 DEBUG [EBPB_KeyhandlingSTTL-116715] [[AppiumTouchActionExtension: selendroid on ANDROID (f07668ee-26f0-f569-e3f6-2af9ce206070)] -> xpath: (//Button[@id='reload_button'])[1]]Clicked successfully
2016-01-28 01:50:46,402 DEBUG [EBPB_KeyhandlingSTTL-116715] TestStepResult of ClickNativeIcon: pass
2016-01-28 01:50:46,403 DEBUG [EBPB_KeyhandlingSTTL-116715] In execute keyword function
2016-01-28 01:50:46,403 DEBUG [EBPB_KeyhandlingSTTL-116715] Executing wait function:
2016-01-28 01:50:46,403 DEBUG [EBPB_KeyhandlingSTTL-116715] Started Executing wait function
2016-01-28 01:50:56,403 DEBUG [EBPB_KeyhandlingSTTL-116715] Exiting from wait function
2016-01-28 01:50:56,403 DEBUG [EBPB_KeyhandlingSTTL-116715] TestStepResult of wait: Pass
2016-01-28 01:50:56,403 DEBUG [EBPB_KeyhandlingSTTL-116715] In execute keyword function
2016-01-28 01:50:56,403 DEBUG [EBPB_KeyhandlingSTTL-116715] Executing SwitchApp function:
2016-01-28 01:50:56,476 DEBUG [EBPB_KeyhandlingSTTL-116715] Successfully switched to WEBVIEW
2016-01-28 01:50:56,476 DEBUG [EBPB_KeyhandlingSTTL-116715] TestStepResult of SwitchApp: Pass
2016-01-28 01:50:56,477 DEBUG [EBPB_KeyhandlingSTTL-116715] In execute keyword function
2016-01-28 01:50:56,477 DEBUG [EBPB_KeyhandlingSTTL-116715] Executing textBoxClick function:
2016-01-28 01:50:57,965 DEBUG [EBPB_KeyhandlingSTTL-116715] keytxtInput_idtext box clicked successfully
2016-01-28 01:50:57,965 DEBUG [EBPB_KeyhandlingSTTL-116715] TestStepResult of textBoxClick: pass
2016-01-28 01:50:57,965 DEBUG [EBPB_KeyhandlingSTTL-116715] In execute keyword function
2016-01-28 01:50:57,965 DEBUG [EBPB_KeyhandlingSTTL-116715] Executing wait function:
2016-01-28 01:50:57,965 DEBUG [EBPB_KeyhandlingSTTL-116715] Started Executing wait function
2016-01-28 01:50:59,965 DEBUG [EBPB_KeyhandlingSTTL-116715] Exiting from wait function
2016-01-28 01:50:59,965 DEBUG [EBPB_KeyhandlingSTTL-116715] TestStepResult of wait: Pass
2016-01-28 01:50:59,965 DEBUG [EBPB_KeyhandlingSTTL-116715] In execute keyword function
2016-01-28 01:50:59,965 DEBUG [EBPB_KeyhandlingSTTL-116715] Executing sendKeyEvents function:
2016-01-28 01:50:59,965 DEBUG [EBPB_KeyhandlingSTTL-116715] Entered sendKeyEvents function
2016-01-28 01:50:59,965 DEBUG [EBPB_KeyhandlingSTTL-116715] 2
2016-01-28 01:50:59,965 DEBUG [EBPB_KeyhandlingSTTL-116715] Entered 2
2016-01-28 01:50:59,965 DEBUG [EBPB_KeyhandlingSTTL-116715] Started executeCommandLine function
2016-01-28 01:51:03,986 DEBUG [EBPB_KeyhandlingSTTL-116715] Exiting from executeCommandLine function
2016-01-28 01:51:03,986 DEBUG [EBPB_KeyhandlingSTTL-116715] pass
2016-01-28 01:51:03,986 DEBUG [EBPB_KeyhandlingSTTL-116715] TestStepResult of sendKeyEvents: pass
2016-01-28 01:51:03,986 DEBUG [EBPB_KeyhandlingSTTL-116715] In execute keyword function
2016-01-28 01:51:03,986 DEBUG [EBPB_KeyhandlingSTTL-116715] Executing validate_keyCaptured function:
2016-01-28 01:51:03,986 DEBUG [EBPB_KeyhandlingSTTL-116715] Entered validate_keyCaptured function
2016-01-28 01:51:04,251 DEBUG [EBPB_KeyhandlingSTTL-116715] 
2016-01-28 01:51:04,251 DEBUG [EBPB_KeyhandlingSTTL-116715] Actual Value matches Expected
2016-01-28 01:51:04,251 DEBUG [EBPB_KeyhandlingSTTL-116715] pass
2016-01-28 01:51:04,251 DEBUG [EBPB_KeyhandlingSTTL-116715] Exiting from validate_keyCaptured function
2016-01-28 01:51:04,251 DEBUG [EBPB_KeyhandlingSTTL-116715] Result of validate_keyCaptured: pass
2016-01-28 01:51:04,251 DEBUG [EBPB_KeyhandlingSTTL-116715] allstep_result contains: passPasspassPassPasspassPasspassPasspassPassPasspassPasspassPasspasspasspassPassPasspassPasspassPasspasspasspassPassPassnull
2016-01-28 01:51:04,251 DEBUG [EBPB_KeyhandlingSTTL-116715] allexpected_result contains: nullpassnullpassnullpassnullPassnullpassnullPassnullpassnullpassnull
2016-01-28 01:51:04,251 DEBUG [EBPB_KeyhandlingSTTL-116715] Testcase_Result contains: nullpassnullpassnullpassnullPassnullpassnullPassnullpassnullpassnullpassPasspassPassPasspassPasspassPasspassPassPasspassPasspassPasspasspasspassPassPasspassPasspassPasspasspasspassPassPassnull
2016-01-28 01:51:04,251 DEBUG [EBPB_KeyhandlingSTTL-116715] Test case with description Tag Pesrsitance Check with KeyValue All  Pass
2016-01-28 01:51:05,313 DEBUG [EBPB_KeyhandlingSTTL-116715] Executing browser_Quit function
2016-01-28 01:51:05,313 DEBUG [EBPB_KeyhandlingSTTL-116715] Completed browser_Quit function
2016-01-28 01:51:05,313 DEBUG [EBPB_KeyhandlingSTTL-116715] Completed quitSelendroid function
2016-01-28 01:51:05,314 DEBUG [EBPB_KeyhandlingSTTL-116715] Row number:0
2016-01-28 01:51:05,329 DEBUG [EBPB_KeyhandlingSTTL-116715] Ending Test Case IDSTTL-116715
