2016-01-28 00:24:05,390 DEBUG [EBPB_EMMLProfilesSTTL-116706] Executing Test Case ID: STTL-116706
2016-01-28 00:24:05,396 DEBUG [EBPB_EMMLProfilesSTTL-116706] Executing Init_Selendroid function with APK as parameter and clear data value with 1
2016-01-28 00:24:15,320 DEBUG [EBPB_EMMLProfilesSTTL-116706] Exiting Init_Selendroid function
2016-01-28 00:24:15,335 DEBUG [EBPB_EMMLProfilesSTTL-116706] TestCase with Description "Device Application Non-Persistant" Execution started
2016-01-28 00:24:15,335 DEBUG [EBPB_EMMLProfilesSTTL-116706] In execute keyword function
2016-01-28 00:24:15,335 DEBUG [EBPB_EMMLProfilesSTTL-116706] Executing wait function:
2016-01-28 00:24:15,335 DEBUG [EBPB_EMMLProfilesSTTL-116706] Started Executing wait function
2016-01-28 00:24:18,335 DEBUG [EBPB_EMMLProfilesSTTL-116706] Exiting from wait function
2016-01-28 00:24:18,335 DEBUG [EBPB_EMMLProfilesSTTL-116706] TestStepResult of wait: Pass
2016-01-28 00:24:18,335 DEBUG [EBPB_EMMLProfilesSTTL-116706] In execute keyword function
2016-01-28 00:24:18,335 DEBUG [EBPB_EMMLProfilesSTTL-116706] Executing validate_PageTitle function:
2016-01-28 00:24:18,375 DEBUG [EBPB_EMMLProfilesSTTL-116706] The title of the page is *********************************: Pocket Browser Tests
2016-01-28 00:24:18,375 DEBUG [EBPB_EMMLProfilesSTTL-116706] The page title found is correct
2016-01-28 00:24:18,375 DEBUG [EBPB_EMMLProfilesSTTL-116706] Result of validate_PageTitle: pass
2016-01-28 00:24:18,375 DEBUG [EBPB_EMMLProfilesSTTL-116706] In execute keyword function
2016-01-28 00:24:18,375 DEBUG [EBPB_EMMLProfilesSTTL-116706] Executing link_Click function:
2016-01-28 00:24:18,978 DEBUG [EBPB_EMMLProfilesSTTL-116706] Executing Click function
2016-01-28 00:24:20,095 DEBUG [EBPB_EMMLProfilesSTTL-116706] Exiting Click function
2016-01-28 00:24:20,095 DEBUG [EBPB_EMMLProfilesSTTL-116706] eprofile_test_link clicked successfully
2016-01-28 00:24:20,096 DEBUG [EBPB_EMMLProfilesSTTL-116706] TestStepResult of link_Click: Pass
2016-01-28 00:24:20,096 DEBUG [EBPB_EMMLProfilesSTTL-116706] In execute keyword function
2016-01-28 00:24:20,096 DEBUG [EBPB_EMMLProfilesSTTL-116706] Executing validate_PageTitle function:
2016-01-28 00:24:20,123 DEBUG [EBPB_EMMLProfilesSTTL-116706] The title of the page is *********************************: PB 3.0 EMML Profiles Index
2016-01-28 00:24:20,123 DEBUG [EBPB_EMMLProfilesSTTL-116706] The page title found is correct
2016-01-28 00:24:20,123 DEBUG [EBPB_EMMLProfilesSTTL-116706] Result of validate_PageTitle: pass
2016-01-28 00:24:20,123 DEBUG [EBPB_EMMLProfilesSTTL-116706] In execute keyword function
2016-01-28 00:24:20,123 DEBUG [EBPB_EMMLProfilesSTTL-116706] Executing link_Click function:
2016-01-28 00:24:20,698 DEBUG [EBPB_EMMLProfilesSTTL-116706] Executing Click function
2016-01-28 00:24:22,011 DEBUG [EBPB_EMMLProfilesSTTL-116706] Exiting Click function
2016-01-28 00:24:22,011 DEBUG [EBPB_EMMLProfilesSTTL-116706] npdevice_test_link clicked successfully
2016-01-28 00:24:22,011 DEBUG [EBPB_EMMLProfilesSTTL-116706] TestStepResult of link_Click: Pass
2016-01-28 00:24:22,011 DEBUG [EBPB_EMMLProfilesSTTL-116706] In execute keyword function
2016-01-28 00:24:22,011 DEBUG [EBPB_EMMLProfilesSTTL-116706] Executing validate_PageTitle function:
2016-01-28 00:24:22,052 DEBUG [EBPB_EMMLProfilesSTTL-116706] The title of the page is *********************************: UnNamed DeviceApps EMML Profile Script
2016-01-28 00:24:22,052 DEBUG [EBPB_EMMLProfilesSTTL-116706] The page title found is correct
2016-01-28 00:24:22,052 DEBUG [EBPB_EMMLProfilesSTTL-116706] Result of validate_PageTitle: pass
2016-01-28 00:24:22,052 DEBUG [EBPB_EMMLProfilesSTTL-116706] In execute keyword function
2016-01-28 00:24:22,052 DEBUG [EBPB_EMMLProfilesSTTL-116706] Executing link_Click function:
2016-01-28 00:24:22,613 DEBUG [EBPB_EMMLProfilesSTTL-116706] Executing Click function
2016-01-28 00:24:23,624 DEBUG [EBPB_EMMLProfilesSTTL-116706] Exiting Click function
2016-01-28 00:24:23,624 DEBUG [EBPB_EMMLProfilesSTTL-116706] nppage_test_link clicked successfully
2016-01-28 00:24:23,624 DEBUG [EBPB_EMMLProfilesSTTL-116706] TestStepResult of link_Click: Pass
2016-01-28 00:24:23,624 DEBUG [EBPB_EMMLProfilesSTTL-116706] In execute keyword function
2016-01-28 00:24:23,624 DEBUG [EBPB_EMMLProfilesSTTL-116706] Executing validate_PageTitle function:
2016-01-28 00:24:23,645 DEBUG [EBPB_EMMLProfilesSTTL-116706] The title of the page is *********************************: UnNamed DeviceApps EMML Test Script
2016-01-28 00:24:23,646 DEBUG [EBPB_EMMLProfilesSTTL-116706] The page title found is correct
2016-01-28 00:24:23,646 DEBUG [EBPB_EMMLProfilesSTTL-116706] Result of validate_PageTitle: pass
2016-01-28 00:24:23,646 DEBUG [EBPB_EMMLProfilesSTTL-116706] In execute keyword function
2016-01-28 00:24:23,646 DEBUG [EBPB_EMMLProfilesSTTL-116706] Executing link_Click function:
2016-01-28 00:24:24,066 DEBUG [EBPB_EMMLProfilesSTTL-116706] Executing Click function
2016-01-28 00:24:24,983 DEBUG [EBPB_EMMLProfilesSTTL-116706] Exiting Click function
2016-01-28 00:24:24,984 DEBUG [EBPB_EMMLProfilesSTTL-116706] alarmprofile_test_link clicked successfully
2016-01-28 00:24:24,984 DEBUG [EBPB_EMMLProfilesSTTL-116706] TestStepResult of link_Click: Pass
2016-01-28 00:24:24,984 DEBUG [EBPB_EMMLProfilesSTTL-116706] In execute keyword function
2016-01-28 00:24:24,984 DEBUG [EBPB_EMMLProfilesSTTL-116706] Executing wait function:
2016-01-28 00:24:24,984 DEBUG [EBPB_EMMLProfilesSTTL-116706] Started Executing wait function
2016-01-28 00:25:09,986 DEBUG [EBPB_EMMLProfilesSTTL-116706] Exiting from wait function
2016-01-28 00:25:09,986 DEBUG [EBPB_EMMLProfilesSTTL-116706] TestStepResult of wait: Pass
2016-01-28 00:25:09,986 DEBUG [EBPB_EMMLProfilesSTTL-116706] In execute keyword function
2016-01-28 00:25:09,986 DEBUG [EBPB_EMMLProfilesSTTL-116706] Executing CheckUITextContains function:
2016-01-28 00:25:09,986 DEBUG [EBPB_EMMLProfilesSTTL-116706] Started executeCommandLine function
2016-01-28 00:25:24,067 DEBUG [EBPB_EMMLProfilesSTTL-116706] Exiting from executeCommandLine function
2016-01-28 00:25:24,067 DEBUG [EBPB_EMMLProfilesSTTL-116706] Text is not Present
2016-01-28 00:25:24,067 DEBUG [EBPB_EMMLProfilesSTTL-116706] TestStepResult of CheckUITextContains: Pass
2016-01-28 00:25:24,067 DEBUG [EBPB_EMMLProfilesSTTL-116706] allstep_result contains: PassPassPassPassPassPassPassnull
2016-01-28 00:25:24,067 DEBUG [EBPB_EMMLProfilesSTTL-116706] allexpected_result contains: nullpassnullpassnullpassnullpassnull
2016-01-28 00:25:24,067 DEBUG [EBPB_EMMLProfilesSTTL-116706] Testcase_Result contains: nullpassnullpassnullpassnullpassnullPassPassPassPassPassPassPassnull
2016-01-28 00:25:24,067 DEBUG [EBPB_EMMLProfilesSTTL-116706] Test case with description Device Application Non-Persistant Pass
2016-01-28 00:25:25,086 DEBUG [EBPB_EMMLProfilesSTTL-116706] Executing browser_Quit function
2016-01-28 00:25:25,086 DEBUG [EBPB_EMMLProfilesSTTL-116706] Completed browser_Quit function
2016-01-28 00:25:25,086 DEBUG [EBPB_EMMLProfilesSTTL-116706] Completed quitSelendroid function
2016-01-28 00:25:25,087 DEBUG [EBPB_EMMLProfilesSTTL-116706] Row number:7
2016-01-28 00:25:25,111 DEBUG [EBPB_EMMLProfilesSTTL-116706] Ending Test Case IDSTTL-116706
