2016-01-28 00:28:57,470 DEBUG [EBPB_EMMLProfilesSTTL-116712] Executing Test Case ID: STTL-116712
2016-01-28 00:28:57,480 DEBUG [EBPB_EMMLProfilesSTTL-116712] Executing Init_Selendroid function with APK as parameter and clear data value with 1
2016-01-28 00:29:07,872 DEBUG [EBPB_EMMLProfilesSTTL-116712] Exiting Init_Selendroid function
2016-01-28 00:29:07,886 DEBUG [EBPB_EMMLProfilesSTTL-116712] TestCase with Description "Imager Non-Persistant" Execution started
2016-01-28 00:29:07,886 DEBUG [EBPB_EMMLProfilesSTTL-116712] In execute keyword function
2016-01-28 00:29:07,886 DEBUG [EBPB_EMMLProfilesSTTL-116712] Executing wait function:
2016-01-28 00:29:07,886 DEBUG [EBPB_EMMLProfilesSTTL-116712] Started Executing wait function
2016-01-28 00:29:10,886 DEBUG [EBPB_EMMLProfilesSTTL-116712] Exiting from wait function
2016-01-28 00:29:10,886 DEBUG [EBPB_EMMLProfilesSTTL-116712] TestStepResult of wait: Pass
2016-01-28 00:29:10,886 DEBUG [EBPB_EMMLProfilesSTTL-116712] In execute keyword function
2016-01-28 00:29:10,886 DEBUG [EBPB_EMMLProfilesSTTL-116712] Executing validate_PageTitle function:
2016-01-28 00:29:10,939 DEBUG [EBPB_EMMLProfilesSTTL-116712] The title of the page is *********************************: Pocket Browser Tests
2016-01-28 00:29:10,939 DEBUG [EBPB_EMMLProfilesSTTL-116712] The page title found is correct
2016-01-28 00:29:10,939 DEBUG [EBPB_EMMLProfilesSTTL-116712] Result of validate_PageTitle: pass
2016-01-28 00:29:10,939 DEBUG [EBPB_EMMLProfilesSTTL-116712] In execute keyword function
2016-01-28 00:29:10,939 DEBUG [EBPB_EMMLProfilesSTTL-116712] Executing link_Click function:
2016-01-28 00:29:11,561 DEBUG [EBPB_EMMLProfilesSTTL-116712] Executing Click function
2016-01-28 00:29:12,613 DEBUG [EBPB_EMMLProfilesSTTL-116712] Exiting Click function
2016-01-28 00:29:12,613 DEBUG [EBPB_EMMLProfilesSTTL-116712] eprofile_test_link clicked successfully
2016-01-28 00:29:12,613 DEBUG [EBPB_EMMLProfilesSTTL-116712] TestStepResult of link_Click: Pass
2016-01-28 00:29:12,613 DEBUG [EBPB_EMMLProfilesSTTL-116712] In execute keyword function
2016-01-28 00:29:12,613 DEBUG [EBPB_EMMLProfilesSTTL-116712] Executing validate_PageTitle function:
2016-01-28 00:29:12,649 DEBUG [EBPB_EMMLProfilesSTTL-116712] The title of the page is *********************************: PB 3.0 EMML Profiles Index
2016-01-28 00:29:12,649 DEBUG [EBPB_EMMLProfilesSTTL-116712] The page title found is correct
2016-01-28 00:29:12,649 DEBUG [EBPB_EMMLProfilesSTTL-116712] Result of validate_PageTitle: pass
2016-01-28 00:29:12,649 DEBUG [EBPB_EMMLProfilesSTTL-116712] In execute keyword function
2016-01-28 00:29:12,649 DEBUG [EBPB_EMMLProfilesSTTL-116712] Executing link_Click function:
2016-01-28 00:29:13,249 DEBUG [EBPB_EMMLProfilesSTTL-116712] Executing Click function
2016-01-28 00:29:14,300 DEBUG [EBPB_EMMLProfilesSTTL-116712] Exiting Click function
2016-01-28 00:29:14,300 DEBUG [EBPB_EMMLProfilesSTTL-116712] npimager_test_link clicked successfully
2016-01-28 00:29:14,300 DEBUG [EBPB_EMMLProfilesSTTL-116712] TestStepResult of link_Click: Pass
2016-01-28 00:29:14,300 DEBUG [EBPB_EMMLProfilesSTTL-116712] In execute keyword function
2016-01-28 00:29:14,300 DEBUG [EBPB_EMMLProfilesSTTL-116712] Executing validate_PageTitle function:
2016-01-28 00:29:14,327 DEBUG [EBPB_EMMLProfilesSTTL-116712] The title of the page is *********************************: UnNamed Imager EMML Profile script
2016-01-28 00:29:14,327 DEBUG [EBPB_EMMLProfilesSTTL-116712] The page title found is correct
2016-01-28 00:29:14,327 DEBUG [EBPB_EMMLProfilesSTTL-116712] Result of validate_PageTitle: pass
2016-01-28 00:29:14,327 DEBUG [EBPB_EMMLProfilesSTTL-116712] In execute keyword function
2016-01-28 00:29:14,327 DEBUG [EBPB_EMMLProfilesSTTL-116712] Executing link_Click function:
2016-01-28 00:29:14,687 DEBUG [EBPB_EMMLProfilesSTTL-116712] Executing Click function
2016-01-28 00:29:15,659 DEBUG [EBPB_EMMLProfilesSTTL-116712] Exiting Click function
2016-01-28 00:29:15,659 DEBUG [EBPB_EMMLProfilesSTTL-116712] nppage_test_link clicked successfully
2016-01-28 00:29:15,659 DEBUG [EBPB_EMMLProfilesSTTL-116712] TestStepResult of link_Click: Pass
2016-01-28 00:29:15,659 DEBUG [EBPB_EMMLProfilesSTTL-116712] In execute keyword function
2016-01-28 00:29:15,659 DEBUG [EBPB_EMMLProfilesSTTL-116712] Executing validate_PageTitle function:
2016-01-28 00:29:15,696 DEBUG [EBPB_EMMLProfilesSTTL-116712] The title of the page is *********************************: UnNamed Imager EMML Test script
2016-01-28 00:29:15,696 DEBUG [EBPB_EMMLProfilesSTTL-116712] The page title found is correct
2016-01-28 00:29:15,696 DEBUG [EBPB_EMMLProfilesSTTL-116712] Result of validate_PageTitle: pass
2016-01-28 00:29:15,696 DEBUG [EBPB_EMMLProfilesSTTL-116712] In execute keyword function
2016-01-28 00:29:15,696 DEBUG [EBPB_EMMLProfilesSTTL-116712] Executing link_Click function:
2016-01-28 00:29:16,156 DEBUG [EBPB_EMMLProfilesSTTL-116712] Executing Click function
2016-01-28 00:29:17,110 DEBUG [EBPB_EMMLProfilesSTTL-116712] Exiting Click function
2016-01-28 00:29:17,110 DEBUG [EBPB_EMMLProfilesSTTL-116712] apply_httpimager_test_link clicked successfully
2016-01-28 00:29:17,110 DEBUG [EBPB_EMMLProfilesSTTL-116712] TestStepResult of link_Click: Pass
2016-01-28 00:29:17,110 DEBUG [EBPB_EMMLProfilesSTTL-116712] In execute keyword function
2016-01-28 00:29:17,110 DEBUG [EBPB_EMMLProfilesSTTL-116712] Executing wait function:
2016-01-28 00:29:17,110 DEBUG [EBPB_EMMLProfilesSTTL-116712] Started Executing wait function
2016-01-28 00:29:18,110 DEBUG [EBPB_EMMLProfilesSTTL-116712] Exiting from wait function
2016-01-28 00:29:18,110 DEBUG [EBPB_EMMLProfilesSTTL-116712] TestStepResult of wait: Pass
2016-01-28 00:29:18,110 DEBUG [EBPB_EMMLProfilesSTTL-116712] In execute keyword function
2016-01-28 00:29:18,110 DEBUG [EBPB_EMMLProfilesSTTL-116712] Executing link_Click function:
2016-01-28 00:29:18,492 DEBUG [EBPB_EMMLProfilesSTTL-116712] Executing Click function
2016-01-28 00:29:19,399 DEBUG [EBPB_EMMLProfilesSTTL-116712] Exiting Click function
2016-01-28 00:29:19,399 DEBUG [EBPB_EMMLProfilesSTTL-116712] activecapture_test_link clicked successfully
2016-01-28 00:29:19,399 DEBUG [EBPB_EMMLProfilesSTTL-116712] TestStepResult of link_Click: Pass
2016-01-28 00:29:19,399 DEBUG [EBPB_EMMLProfilesSTTL-116712] In execute keyword function
2016-01-28 00:29:19,399 DEBUG [EBPB_EMMLProfilesSTTL-116712] Executing wait function:
2016-01-28 00:29:19,399 DEBUG [EBPB_EMMLProfilesSTTL-116712] Started Executing wait function
2016-01-28 00:29:21,399 DEBUG [EBPB_EMMLProfilesSTTL-116712] Exiting from wait function
2016-01-28 00:29:21,399 DEBUG [EBPB_EMMLProfilesSTTL-116712] TestStepResult of wait: Pass
2016-01-28 00:29:21,399 DEBUG [EBPB_EMMLProfilesSTTL-116712] In execute keyword function
2016-01-28 00:29:21,399 DEBUG [EBPB_EMMLProfilesSTTL-116712] Executing CheckUITextContains function:
2016-01-28 00:29:21,399 DEBUG [EBPB_EMMLProfilesSTTL-116712] Started executeCommandLine function
2016-01-28 00:29:35,494 DEBUG [EBPB_EMMLProfilesSTTL-116712] Text is not Present
2016-01-28 00:29:35,494 DEBUG [EBPB_EMMLProfilesSTTL-116712] TestStepResult of CheckUITextContains: Pass
2016-01-28 00:29:35,494 DEBUG [EBPB_EMMLProfilesSTTL-116712] allstep_result contains: PassPassPassPassPassPassPassPassPassnull
2016-01-28 00:29:35,494 DEBUG [EBPB_EMMLProfilesSTTL-116712] allexpected_result contains: nullpassnullpassnullpassnullpassnull
2016-01-28 00:29:35,494 DEBUG [EBPB_EMMLProfilesSTTL-116712] Testcase_Result contains: nullpassnullpassnullpassnullpassnullPassPassPassPassPassPassPassPassPassnull
2016-01-28 00:29:35,494 DEBUG [EBPB_EMMLProfilesSTTL-116712] Test case with description Imager Non-Persistant Pass
2016-01-28 00:29:36,586 DEBUG [EBPB_EMMLProfilesSTTL-116712] Executing browser_Quit function
2016-01-28 00:29:36,586 DEBUG [EBPB_EMMLProfilesSTTL-116712] Completed browser_Quit function
2016-01-28 00:29:36,586 DEBUG [EBPB_EMMLProfilesSTTL-116712] Completed quitSelendroid function
2016-01-28 00:29:36,587 DEBUG [EBPB_EMMLProfilesSTTL-116712] Row number:13
2016-01-28 00:29:36,619 DEBUG [EBPB_EMMLProfilesSTTL-116712] Ending Test Case IDSTTL-116712
