2016-01-28 00:31:04,233 DEBUG [EBPB_EMMLProfilesSTTL-116716] Executing Test Case ID: STTL-116716
2016-01-28 00:31:04,242 DEBUG [EBPB_EMMLProfilesSTTL-116716] Executing Init_Selendroid function with APK as parameter and clear data value with 1
2016-01-28 00:31:14,745 DEBUG [EBPB_EMMLProfilesSTTL-116716] Exiting Init_Selendroid function
2016-01-28 00:31:14,760 DEBUG [EBPB_EMMLProfilesSTTL-116716] TestCase with Description "Battery & Signal Clear" Execution started
2016-01-28 00:31:14,760 DEBUG [EBPB_EMMLProfilesSTTL-116716] In execute keyword function
2016-01-28 00:31:14,760 DEBUG [EBPB_EMMLProfilesSTTL-116716] Executing wait function:
2016-01-28 00:31:14,760 DEBUG [EBPB_EMMLProfilesSTTL-116716] Started Executing wait function
2016-01-28 00:31:17,760 DEBUG [EBPB_EMMLProfilesSTTL-116716] Exiting from wait function
2016-01-28 00:31:17,760 DEBUG [EBPB_EMMLProfilesSTTL-116716] TestStepResult of wait: Pass
2016-01-28 00:31:17,760 DEBUG [EBPB_EMMLProfilesSTTL-116716] In execute keyword function
2016-01-28 00:31:17,760 DEBUG [EBPB_EMMLProfilesSTTL-116716] Executing validate_PageTitle function:
2016-01-28 00:31:17,817 DEBUG [EBPB_EMMLProfilesSTTL-116716] The title of the page is *********************************: Pocket Browser Tests
2016-01-28 00:31:17,817 DEBUG [EBPB_EMMLProfilesSTTL-116716] The page title found is correct
2016-01-28 00:31:17,817 DEBUG [EBPB_EMMLProfilesSTTL-116716] Result of validate_PageTitle: pass
2016-01-28 00:31:17,817 DEBUG [EBPB_EMMLProfilesSTTL-116716] In execute keyword function
2016-01-28 00:31:17,817 DEBUG [EBPB_EMMLProfilesSTTL-116716] Executing link_Click function:
2016-01-28 00:31:18,395 DEBUG [EBPB_EMMLProfilesSTTL-116716] Executing Click function
2016-01-28 00:31:19,465 DEBUG [EBPB_EMMLProfilesSTTL-116716] Exiting Click function
2016-01-28 00:31:19,465 DEBUG [EBPB_EMMLProfilesSTTL-116716] eprofile_test_link clicked successfully
2016-01-28 00:31:19,465 DEBUG [EBPB_EMMLProfilesSTTL-116716] TestStepResult of link_Click: Pass
2016-01-28 00:31:19,465 DEBUG [EBPB_EMMLProfilesSTTL-116716] In execute keyword function
2016-01-28 00:31:19,465 DEBUG [EBPB_EMMLProfilesSTTL-116716] Executing validate_PageTitle function:
2016-01-28 00:31:19,505 DEBUG [EBPB_EMMLProfilesSTTL-116716] The title of the page is *********************************: PB 3.0 EMML Profiles Index
2016-01-28 00:31:19,505 DEBUG [EBPB_EMMLProfilesSTTL-116716] The page title found is correct
2016-01-28 00:31:19,505 DEBUG [EBPB_EMMLProfilesSTTL-116716] Result of validate_PageTitle: pass
2016-01-28 00:31:19,505 DEBUG [EBPB_EMMLProfilesSTTL-116716] In execute keyword function
2016-01-28 00:31:19,505 DEBUG [EBPB_EMMLProfilesSTTL-116716] Executing link_Click function:
2016-01-28 00:31:19,992 DEBUG [EBPB_EMMLProfilesSTTL-116716] Executing Click function
2016-01-28 00:31:21,257 DEBUG [EBPB_EMMLProfilesSTTL-116716] Exiting Click function
2016-01-28 00:31:21,258 DEBUG [EBPB_EMMLProfilesSTTL-116716] pindicators_test_link clicked successfully
2016-01-28 00:31:21,258 DEBUG [EBPB_EMMLProfilesSTTL-116716] TestStepResult of link_Click: Pass
2016-01-28 00:31:21,258 DEBUG [EBPB_EMMLProfilesSTTL-116716] In execute keyword function
2016-01-28 00:31:21,258 DEBUG [EBPB_EMMLProfilesSTTL-116716] Executing validate_PageTitle function:
2016-01-28 00:31:21,294 DEBUG [EBPB_EMMLProfilesSTTL-116716] The title of the page is *********************************: Named Indicators EMML Profile Script
2016-01-28 00:31:21,295 DEBUG [EBPB_EMMLProfilesSTTL-116716] The page title found is correct
2016-01-28 00:31:21,295 DEBUG [EBPB_EMMLProfilesSTTL-116716] Result of validate_PageTitle: pass
2016-01-28 00:31:21,295 DEBUG [EBPB_EMMLProfilesSTTL-116716] In execute keyword function
2016-01-28 00:31:21,295 DEBUG [EBPB_EMMLProfilesSTTL-116716] Executing link_Click function:
2016-01-28 00:31:21,830 DEBUG [EBPB_EMMLProfilesSTTL-116716] Executing Click function
2016-01-28 00:31:22,829 DEBUG [EBPB_EMMLProfilesSTTL-116716] Exiting Click function
2016-01-28 00:31:22,829 DEBUG [EBPB_EMMLProfilesSTTL-116716] clearprofile_test_link clicked successfully
2016-01-28 00:31:22,829 DEBUG [EBPB_EMMLProfilesSTTL-116716] TestStepResult of link_Click: Pass
2016-01-28 00:31:22,829 DEBUG [EBPB_EMMLProfilesSTTL-116716] In execute keyword function
2016-01-28 00:31:22,829 DEBUG [EBPB_EMMLProfilesSTTL-116716] Executing link_Click function:
2016-01-28 00:31:23,209 DEBUG [EBPB_EMMLProfilesSTTL-116716] Executing Click function
2016-01-28 00:31:24,159 DEBUG [EBPB_EMMLProfilesSTTL-116716] Exiting Click function
2016-01-28 00:31:24,159 DEBUG [EBPB_EMMLProfilesSTTL-116716] apply_battery_test_link clicked successfully
2016-01-28 00:31:24,159 DEBUG [EBPB_EMMLProfilesSTTL-116716] TestStepResult of link_Click: Pass
2016-01-28 00:31:24,159 DEBUG [EBPB_EMMLProfilesSTTL-116716] In execute keyword function
2016-01-28 00:31:24,159 DEBUG [EBPB_EMMLProfilesSTTL-116716] Executing link_Click function:
2016-01-28 00:31:24,519 DEBUG [EBPB_EMMLProfilesSTTL-116716] Executing Click function
2016-01-28 00:31:25,455 DEBUG [EBPB_EMMLProfilesSTTL-116716] Exiting Click function
2016-01-28 00:31:25,455 DEBUG [EBPB_EMMLProfilesSTTL-116716] apply_signal_test_link clicked successfully
2016-01-28 00:31:25,455 DEBUG [EBPB_EMMLProfilesSTTL-116716] TestStepResult of link_Click: Pass
2016-01-28 00:31:25,455 DEBUG [EBPB_EMMLProfilesSTTL-116716] In execute keyword function
2016-01-28 00:31:25,455 DEBUG [EBPB_EMMLProfilesSTTL-116716] Executing wait function:
2016-01-28 00:31:25,455 DEBUG [EBPB_EMMLProfilesSTTL-116716] Started Executing wait function
2016-01-28 00:31:26,455 DEBUG [EBPB_EMMLProfilesSTTL-116716] Exiting from wait function
2016-01-28 00:31:26,455 DEBUG [EBPB_EMMLProfilesSTTL-116716] TestStepResult of wait: Pass
2016-01-28 00:31:26,455 DEBUG [EBPB_EMMLProfilesSTTL-116716] In execute keyword function
2016-01-28 00:31:26,455 DEBUG [EBPB_EMMLProfilesSTTL-116716] Executing isTextNotPresent function:
2016-01-28 00:31:26,742 DEBUG [EBPB_EMMLProfilesSTTL-116716] sig_id has some text : Signal details should appear here
2016-01-28 00:31:26,742 DEBUG [EBPB_EMMLProfilesSTTL-116716] TestStepResult of isTextNotPresent: Fail
2016-01-28 00:31:26,742 DEBUG [EBPB_EMMLProfilesSTTL-116716] In execute keyword function
2016-01-28 00:31:26,742 DEBUG [EBPB_EMMLProfilesSTTL-116716] Executing isTextNotPresent function:
2016-01-28 00:31:26,964 DEBUG [EBPB_EMMLProfilesSTTL-116716] bat_id has some text : Battery readings should appear here
2016-01-28 00:31:26,964 DEBUG [EBPB_EMMLProfilesSTTL-116716] TestStepResult of isTextNotPresent: Fail
2016-01-28 00:31:26,964 DEBUG [EBPB_EMMLProfilesSTTL-116716] allstep_result contains: FailFailPassPassPassPassPassPassPassnull
2016-01-28 00:31:26,964 DEBUG [EBPB_EMMLProfilesSTTL-116716] allexpected_result contains: nullpassnullpassnullpassnull
2016-01-28 00:31:26,964 DEBUG [EBPB_EMMLProfilesSTTL-116716] Testcase_Result contains: nullpassnullpassnullpassnullFailFailPassPassPassPassPassPassPassnull
2016-01-28 00:31:26,965 DEBUG [EBPB_EMMLProfilesSTTL-116716] Test case with description Battery & Signal Clear Fail
2016-01-28 00:31:28,003 DEBUG [EBPB_EMMLProfilesSTTL-116716] Executing browser_Quit function
2016-01-28 00:31:28,003 DEBUG [EBPB_EMMLProfilesSTTL-116716] Completed browser_Quit function
2016-01-28 00:31:28,003 DEBUG [EBPB_EMMLProfilesSTTL-116716] Completed quitSelendroid function
2016-01-28 00:31:28,003 DEBUG [EBPB_EMMLProfilesSTTL-116716] Row number:17
