2016-01-28 00:21:43,374 DEBUG [EBPB_EMMLProfilesSTTL-116702] Executing Test Case ID: STTL-116702
2016-01-28 00:21:43,380 DEBUG [EBPB_EMMLProfilesSTTL-116702] Executing Init_Selendroid function with APK as parameter and clear data value with 1
2016-01-28 00:21:53,702 DEBUG [EBPB_EMMLProfilesSTTL-116702] Exiting Init_Selendroid function
2016-01-28 00:21:53,717 DEBUG [EBPB_EMMLProfilesSTTL-116702] TestCase with Description "Control & Apperance Persistant" Execution started
2016-01-28 00:21:53,717 DEBUG [EBPB_EMMLProfilesSTTL-116702] In execute keyword function
2016-01-28 00:21:53,717 DEBUG [EBPB_EMMLProfilesSTTL-116702] Executing wait function:
2016-01-28 00:21:53,717 DEBUG [EBPB_EMMLProfilesSTTL-116702] Started Executing wait function
2016-01-28 00:21:56,717 DEBUG [EBPB_EMMLProfilesSTTL-116702] Exiting from wait function
2016-01-28 00:21:56,717 DEBUG [EBPB_EMMLProfilesSTTL-116702] TestStepResult of wait: Pass
2016-01-28 00:21:56,717 DEBUG [EBPB_EMMLProfilesSTTL-116702] In execute keyword function
2016-01-28 00:21:56,717 DEBUG [EBPB_EMMLProfilesSTTL-116702] Executing validate_PageTitle function:
2016-01-28 00:21:56,775 DEBUG [EBPB_EMMLProfilesSTTL-116702] The title of the page is *********************************: Pocket Browser Tests
2016-01-28 00:21:56,775 DEBUG [EBPB_EMMLProfilesSTTL-116702] The page title found is correct
2016-01-28 00:21:56,775 DEBUG [EBPB_EMMLProfilesSTTL-116702] Result of validate_PageTitle: pass
2016-01-28 00:21:56,776 DEBUG [EBPB_EMMLProfilesSTTL-116702] In execute keyword function
2016-01-28 00:21:56,776 DEBUG [EBPB_EMMLProfilesSTTL-116702] Executing link_Click function:
2016-01-28 00:21:57,356 DEBUG [EBPB_EMMLProfilesSTTL-116702] Executing Click function
2016-01-28 00:21:58,420 DEBUG [EBPB_EMMLProfilesSTTL-116702] Exiting Click function
2016-01-28 00:21:58,420 DEBUG [EBPB_EMMLProfilesSTTL-116702] eprofile_test_link clicked successfully
2016-01-28 00:21:58,420 DEBUG [EBPB_EMMLProfilesSTTL-116702] TestStepResult of link_Click: Pass
2016-01-28 00:21:58,420 DEBUG [EBPB_EMMLProfilesSTTL-116702] In execute keyword function
2016-01-28 00:21:58,420 DEBUG [EBPB_EMMLProfilesSTTL-116702] Executing validate_PageTitle function:
2016-01-28 00:21:58,453 DEBUG [EBPB_EMMLProfilesSTTL-116702] The title of the page is *********************************: PB 3.0 EMML Profiles Index
2016-01-28 00:21:58,453 DEBUG [EBPB_EMMLProfilesSTTL-116702] The page title found is correct
2016-01-28 00:21:58,453 DEBUG [EBPB_EMMLProfilesSTTL-116702] Result of validate_PageTitle: pass
2016-01-28 00:21:58,453 DEBUG [EBPB_EMMLProfilesSTTL-116702] In execute keyword function
2016-01-28 00:21:58,453 DEBUG [EBPB_EMMLProfilesSTTL-116702] Executing link_Click function:
2016-01-28 00:21:59,010 DEBUG [EBPB_EMMLProfilesSTTL-116702] Executing Click function
2016-01-28 00:22:00,082 DEBUG [EBPB_EMMLProfilesSTTL-116702] Exiting Click function
2016-01-28 00:22:00,082 DEBUG [EBPB_EMMLProfilesSTTL-116702] pcanda_test_link clicked successfully
2016-01-28 00:22:00,082 DEBUG [EBPB_EMMLProfilesSTTL-116702] TestStepResult of link_Click: Pass
2016-01-28 00:22:00,082 DEBUG [EBPB_EMMLProfilesSTTL-116702] In execute keyword function
2016-01-28 00:22:00,082 DEBUG [EBPB_EMMLProfilesSTTL-116702] Executing validate_PageTitle function:
2016-01-28 00:22:00,111 DEBUG [EBPB_EMMLProfilesSTTL-116702] The title of the page is *********************************: C and A EMML Profiles Persistant Page
2016-01-28 00:22:00,112 DEBUG [EBPB_EMMLProfilesSTTL-116702] The page title found is correct
2016-01-28 00:22:00,112 DEBUG [EBPB_EMMLProfilesSTTL-116702] Result of validate_PageTitle: pass
2016-01-28 00:22:00,112 DEBUG [EBPB_EMMLProfilesSTTL-116702] In execute keyword function
2016-01-28 00:22:00,112 DEBUG [EBPB_EMMLProfilesSTTL-116702] Executing link_Click function:
2016-01-28 00:22:00,519 DEBUG [EBPB_EMMLProfilesSTTL-116702] Executing Click function
2016-01-28 00:22:01,440 DEBUG [EBPB_EMMLProfilesSTTL-116702] Exiting Click function
2016-01-28 00:22:01,440 DEBUG [EBPB_EMMLProfilesSTTL-116702] addrv_test_link clicked successfully
2016-01-28 00:22:01,440 DEBUG [EBPB_EMMLProfilesSTTL-116702] TestStepResult of link_Click: Pass
2016-01-28 00:22:01,440 DEBUG [EBPB_EMMLProfilesSTTL-116702] In execute keyword function
2016-01-28 00:22:01,440 DEBUG [EBPB_EMMLProfilesSTTL-116702] Executing link_Click function:
2016-01-28 00:22:01,790 DEBUG [EBPB_EMMLProfilesSTTL-116702] Executing Click function
2016-01-28 00:22:02,695 DEBUG [EBPB_EMMLProfilesSTTL-116702] Exiting Click function
2016-01-28 00:22:02,695 DEBUG [EBPB_EMMLProfilesSTTL-116702] quitv_test_link clicked successfully
2016-01-28 00:22:02,695 DEBUG [EBPB_EMMLProfilesSTTL-116702] TestStepResult of link_Click: Pass
2016-01-28 00:22:02,695 DEBUG [EBPB_EMMLProfilesSTTL-116702] In execute keyword function
2016-01-28 00:22:02,695 DEBUG [EBPB_EMMLProfilesSTTL-116702] Executing link_Click function:
2016-01-28 00:22:03,045 DEBUG [EBPB_EMMLProfilesSTTL-116702] Executing Click function
2016-01-28 00:22:03,967 DEBUG [EBPB_EMMLProfilesSTTL-116702] Exiting Click function
2016-01-28 00:22:03,967 DEBUG [EBPB_EMMLProfilesSTTL-116702] ppage_test_link clicked successfully
2016-01-28 00:22:03,967 DEBUG [EBPB_EMMLProfilesSTTL-116702] TestStepResult of link_Click: Pass
2016-01-28 00:22:03,967 DEBUG [EBPB_EMMLProfilesSTTL-116702] In execute keyword function
2016-01-28 00:22:03,967 DEBUG [EBPB_EMMLProfilesSTTL-116702] Executing validate_PageTitle function:
2016-01-28 00:22:03,998 DEBUG [EBPB_EMMLProfilesSTTL-116702] The title of the page is *********************************: C and A EMML Profiles Persistant Test Page
2016-01-28 00:22:03,998 DEBUG [EBPB_EMMLProfilesSTTL-116702] The page title found is correct
2016-01-28 00:22:03,998 DEBUG [EBPB_EMMLProfilesSTTL-116702] Result of validate_PageTitle: pass
2016-01-28 00:22:03,998 DEBUG [EBPB_EMMLProfilesSTTL-116702] In execute keyword function
2016-01-28 00:22:03,998 DEBUG [EBPB_EMMLProfilesSTTL-116702] Executing link_Click function:
2016-01-28 00:22:04,460 DEBUG [EBPB_EMMLProfilesSTTL-116702] Executing Click function
2016-01-28 00:22:05,369 DEBUG [EBPB_EMMLProfilesSTTL-116702] Exiting Click function
2016-01-28 00:22:05,369 DEBUG [EBPB_EMMLProfilesSTTL-116702] addrh_test_link clicked successfully
2016-01-28 00:22:05,369 DEBUG [EBPB_EMMLProfilesSTTL-116702] TestStepResult of link_Click: Pass
2016-01-28 00:22:05,369 DEBUG [EBPB_EMMLProfilesSTTL-116702] In execute keyword function
2016-01-28 00:22:05,369 DEBUG [EBPB_EMMLProfilesSTTL-116702] Executing link_Click function:
2016-01-28 00:22:05,726 DEBUG [EBPB_EMMLProfilesSTTL-116702] Executing Click function
2016-01-28 00:22:06,733 DEBUG [EBPB_EMMLProfilesSTTL-116702] Exiting Click function
2016-01-28 00:22:06,733 DEBUG [EBPB_EMMLProfilesSTTL-116702] quith_test_link clicked successfully
2016-01-28 00:22:06,733 DEBUG [EBPB_EMMLProfilesSTTL-116702] TestStepResult of link_Click: Pass
2016-01-28 00:22:06,733 DEBUG [EBPB_EMMLProfilesSTTL-116702] allstep_result contains: PassPassPassPassPassPassPassPassnull
2016-01-28 00:22:06,733 DEBUG [EBPB_EMMLProfilesSTTL-116702] allexpected_result contains: nullpassnullpassnullpassnullpassnull
2016-01-28 00:22:06,733 DEBUG [EBPB_EMMLProfilesSTTL-116702] Testcase_Result contains: nullpassnullpassnullpassnullpassnullPassPassPassPassPassPassPassPassnull
2016-01-28 00:22:06,733 DEBUG [EBPB_EMMLProfilesSTTL-116702] Test case with description Control & Apperance Persistant Pass
2016-01-28 00:22:07,823 DEBUG [EBPB_EMMLProfilesSTTL-116702] Executing browser_Quit function
2016-01-28 00:22:07,823 DEBUG [EBPB_EMMLProfilesSTTL-116702] Completed browser_Quit function
2016-01-28 00:22:07,823 DEBUG [EBPB_EMMLProfilesSTTL-116702] Completed quitSelendroid function
2016-01-28 00:22:07,823 DEBUG [EBPB_EMMLProfilesSTTL-116702] Row number:3
2016-01-28 00:22:07,859 DEBUG [EBPB_EMMLProfilesSTTL-116702] Ending Test Case IDSTTL-116702
