2016-01-28 00:20:45,732 DEBUG [EBPB_EMMLProfilesSTTL-116701] Executing Test Case ID: STTL-116701
2016-01-28 00:21:20,796 DEBUG [EBPB_EMMLProfilesSTTL-116701] Executing Init_Selendroid function with APK as parameter and clear data value with 1
2016-01-28 00:21:31,267 DEBUG [EBPB_EMMLProfilesSTTL-116701] Exiting Init_Selendroid function
2016-01-28 00:21:31,282 DEBUG [EBPB_EMMLProfilesSTTL-116701] TestCase with Description "Change Start page" Execution started
2016-01-28 00:21:31,282 DEBUG [EBPB_EMMLProfilesSTTL-116701] In execute keyword function
2016-01-28 00:21:31,282 DEBUG [EBPB_EMMLProfilesSTTL-116701] Executing wait function:
2016-01-28 00:21:31,282 DEBUG [EBPB_EMMLProfilesSTTL-116701] Started Executing wait function
2016-01-28 00:21:34,283 DEBUG [EBPB_EMMLProfilesSTTL-116701] Exiting from wait function
2016-01-28 00:21:34,283 DEBUG [EBPB_EMMLProfilesSTTL-116701] TestStepResult of wait: Pass
2016-01-28 00:21:34,283 DEBUG [EBPB_EMMLProfilesSTTL-116701] In execute keyword function
2016-01-28 00:21:34,283 DEBUG [EBPB_EMMLProfilesSTTL-116701] Executing PullConfigxml function:
2016-01-28 00:21:34,283 DEBUG [EBPB_EMMLProfilesSTTL-116701] Started executeCommandLine function
2016-01-28 00:21:38,304 DEBUG [EBPB_EMMLProfilesSTTL-116701] TestStepResult of PullConfigxml: Pass
2016-01-28 00:21:38,304 DEBUG [EBPB_EMMLProfilesSTTL-116701] In execute keyword function
2016-01-28 00:21:38,304 DEBUG [EBPB_EMMLProfilesSTTL-116701] Executing ChangeConfigxml function:
2016-01-28 00:21:38,304 DEBUG [EBPB_EMMLProfilesSTTL-116701] Executing ChangeConfigxml function
2016-01-28 00:21:38,306 DEBUG [EBPB_EMMLProfilesSTTL-116701] TestStepResult of ChangeConfigxml: Pass
2016-01-28 00:21:38,306 DEBUG [EBPB_EMMLProfilesSTTL-116701] In execute keyword function
2016-01-28 00:21:38,306 DEBUG [EBPB_EMMLProfilesSTTL-116701] Executing ChangeConfigxml function:
2016-01-28 00:21:38,306 DEBUG [EBPB_EMMLProfilesSTTL-116701] Executing ChangeConfigxml function
2016-01-28 00:21:38,308 DEBUG [EBPB_EMMLProfilesSTTL-116701] TestStepResult of ChangeConfigxml: Pass
2016-01-28 00:21:38,308 DEBUG [EBPB_EMMLProfilesSTTL-116701] In execute keyword function
2016-01-28 00:21:38,308 DEBUG [EBPB_EMMLProfilesSTTL-116701] Executing ChangeConfigxml function:
2016-01-28 00:21:38,308 DEBUG [EBPB_EMMLProfilesSTTL-116701] Executing ChangeConfigxml function
2016-01-28 00:21:38,309 DEBUG [EBPB_EMMLProfilesSTTL-116701] TestStepResult of ChangeConfigxml: Pass
2016-01-28 00:21:38,309 DEBUG [EBPB_EMMLProfilesSTTL-116701] In execute keyword function
2016-01-28 00:21:38,309 DEBUG [EBPB_EMMLProfilesSTTL-116701] Executing ChangeConfigxml function:
2016-01-28 00:21:38,309 DEBUG [EBPB_EMMLProfilesSTTL-116701] Executing ChangeConfigxml function
2016-01-28 00:21:38,311 DEBUG [EBPB_EMMLProfilesSTTL-116701] TestStepResult of ChangeConfigxml: Pass
2016-01-28 00:21:38,311 DEBUG [EBPB_EMMLProfilesSTTL-116701] In execute keyword function
2016-01-28 00:21:38,311 DEBUG [EBPB_EMMLProfilesSTTL-116701] Executing PushConfigxml function:
2016-01-28 00:21:38,311 DEBUG [EBPB_EMMLProfilesSTTL-116701] Started executeCommandLine function
2016-01-28 00:21:42,331 DEBUG [EBPB_EMMLProfilesSTTL-116701] TestStepResult of PushConfigxml: Pass
2016-01-28 00:21:42,331 DEBUG [EBPB_EMMLProfilesSTTL-116701] allstep_result contains: PassPassPassPassPassPassPassnull
2016-01-28 00:21:42,331 DEBUG [EBPB_EMMLProfilesSTTL-116701] allexpected_result contains: null
2016-01-28 00:21:42,331 DEBUG [EBPB_EMMLProfilesSTTL-116701] Testcase_Result contains: nullPassPassPassPassPassPassPassnull
2016-01-28 00:21:42,331 DEBUG [EBPB_EMMLProfilesSTTL-116701] Test case with description Change Start page Pass
2016-01-28 00:21:43,332 DEBUG [EBPB_EMMLProfilesSTTL-116701] Executing browser_Quit function
2016-01-28 00:21:43,332 DEBUG [EBPB_EMMLProfilesSTTL-116701] Completed browser_Quit function
2016-01-28 00:21:43,332 DEBUG [EBPB_EMMLProfilesSTTL-116701] Completed quitSelendroid function
2016-01-28 00:21:43,332 DEBUG [EBPB_EMMLProfilesSTTL-116701] Row number:2
2016-01-28 00:21:43,359 DEBUG [EBPB_EMMLProfilesSTTL-116701] Ending Test Case IDSTTL-116701
