2016-01-28 00:31:28,089 DEBUG [EBPB_EMMLProfilesSTTL-116717] Executing Test Case ID: STTL-116717
2016-01-28 00:31:28,097 DEBUG [EBPB_EMMLProfilesSTTL-116717] Executing Init_Selendroid function with APK as parameter and clear data value with 1
2016-01-28 00:31:38,131 DEBUG [EBPB_EMMLProfilesSTTL-116717] Exiting Init_Selendroid function
2016-01-28 00:31:38,145 DEBUG [EBPB_EMMLProfilesSTTL-116717] TestCase with Description "SignatureCapture Persistant" Execution started
2016-01-28 00:31:38,145 DEBUG [EBPB_EMMLProfilesSTTL-116717] In execute keyword function
2016-01-28 00:31:38,145 DEBUG [EBPB_EMMLProfilesSTTL-116717] Executing wait function:
2016-01-28 00:31:38,145 DEBUG [EBPB_EMMLProfilesSTTL-116717] Started Executing wait function
2016-01-28 00:31:41,146 DEBUG [EBPB_EMMLProfilesSTTL-116717] Exiting from wait function
2016-01-28 00:31:41,146 DEBUG [EBPB_EMMLProfilesSTTL-116717] TestStepResult of wait: Pass
2016-01-28 00:31:41,146 DEBUG [EBPB_EMMLProfilesSTTL-116717] In execute keyword function
2016-01-28 00:31:41,146 DEBUG [EBPB_EMMLProfilesSTTL-116717] Executing validate_PageTitle function:
2016-01-28 00:31:41,186 DEBUG [EBPB_EMMLProfilesSTTL-116717] The title of the page is *********************************: Pocket Browser Tests
2016-01-28 00:31:41,186 DEBUG [EBPB_EMMLProfilesSTTL-116717] The page title found is correct
2016-01-28 00:31:41,186 DEBUG [EBPB_EMMLProfilesSTTL-116717] Result of validate_PageTitle: pass
2016-01-28 00:31:41,186 DEBUG [EBPB_EMMLProfilesSTTL-116717] In execute keyword function
2016-01-28 00:31:41,186 DEBUG [EBPB_EMMLProfilesSTTL-116717] Executing link_Click function:
2016-01-28 00:31:41,780 DEBUG [EBPB_EMMLProfilesSTTL-116717] Executing Click function
2016-01-28 00:31:42,850 DEBUG [EBPB_EMMLProfilesSTTL-116717] Exiting Click function
2016-01-28 00:31:42,850 DEBUG [EBPB_EMMLProfilesSTTL-116717] eprofile_test_link clicked successfully
2016-01-28 00:31:42,850 DEBUG [EBPB_EMMLProfilesSTTL-116717] TestStepResult of link_Click: Pass
2016-01-28 00:31:42,850 DEBUG [EBPB_EMMLProfilesSTTL-116717] In execute keyword function
2016-01-28 00:31:42,850 DEBUG [EBPB_EMMLProfilesSTTL-116717] Executing validate_PageTitle function:
2016-01-28 00:31:42,885 DEBUG [EBPB_EMMLProfilesSTTL-116717] The title of the page is *********************************: PB 3.0 EMML Profiles Index
2016-01-28 00:31:42,885 DEBUG [EBPB_EMMLProfilesSTTL-116717] The page title found is correct
2016-01-28 00:31:42,885 DEBUG [EBPB_EMMLProfilesSTTL-116717] Result of validate_PageTitle: pass
2016-01-28 00:31:42,885 DEBUG [EBPB_EMMLProfilesSTTL-116717] In execute keyword function
2016-01-28 00:31:42,885 DEBUG [EBPB_EMMLProfilesSTTL-116717] Executing link_Click function:
2016-01-28 00:31:43,535 DEBUG [EBPB_EMMLProfilesSTTL-116717] Executing Click function
2016-01-28 00:31:44,601 DEBUG [EBPB_EMMLProfilesSTTL-116717] Exiting Click function
2016-01-28 00:31:44,601 DEBUG [EBPB_EMMLProfilesSTTL-116717] psignature_test_link clicked successfully
2016-01-28 00:31:44,601 DEBUG [EBPB_EMMLProfilesSTTL-116717] TestStepResult of link_Click: Pass
2016-01-28 00:31:44,601 DEBUG [EBPB_EMMLProfilesSTTL-116717] In execute keyword function
2016-01-28 00:31:44,601 DEBUG [EBPB_EMMLProfilesSTTL-116717] Executing validate_PageTitle function:
2016-01-28 00:31:44,640 DEBUG [EBPB_EMMLProfilesSTTL-116717] The title of the page is *********************************: Named Signature EMML Profile Script
2016-01-28 00:31:44,640 DEBUG [EBPB_EMMLProfilesSTTL-116717] The page title found is correct
2016-01-28 00:31:44,640 DEBUG [EBPB_EMMLProfilesSTTL-116717] Result of validate_PageTitle: pass
2016-01-28 00:31:44,640 DEBUG [EBPB_EMMLProfilesSTTL-116717] In execute keyword function
2016-01-28 00:31:44,640 DEBUG [EBPB_EMMLProfilesSTTL-116717] Executing link_Click function:
2016-01-28 00:31:45,059 DEBUG [EBPB_EMMLProfilesSTTL-116717] Executing Click function
2016-01-28 00:31:46,125 DEBUG [EBPB_EMMLProfilesSTTL-116717] Exiting Click function
2016-01-28 00:31:46,125 DEBUG [EBPB_EMMLProfilesSTTL-116717] ppage_test_link clicked successfully
2016-01-28 00:31:46,125 DEBUG [EBPB_EMMLProfilesSTTL-116717] TestStepResult of link_Click: Pass
2016-01-28 00:31:46,125 DEBUG [EBPB_EMMLProfilesSTTL-116717] In execute keyword function
2016-01-28 00:31:46,125 DEBUG [EBPB_EMMLProfilesSTTL-116717] Executing validate_PageTitle function:
2016-01-28 00:31:46,165 DEBUG [EBPB_EMMLProfilesSTTL-116717] The title of the page is *********************************: Named Signature EMML Test Script
2016-01-28 00:31:46,165 DEBUG [EBPB_EMMLProfilesSTTL-116717] The page title found is correct
2016-01-28 00:31:46,165 DEBUG [EBPB_EMMLProfilesSTTL-116717] Result of validate_PageTitle: pass
2016-01-28 00:31:46,165 DEBUG [EBPB_EMMLProfilesSTTL-116717] In execute keyword function
2016-01-28 00:31:46,165 DEBUG [EBPB_EMMLProfilesSTTL-116717] Executing validate_isIconDisplayed function:
2016-01-28 00:31:46,165 DEBUG [EBPB_EMMLProfilesSTTL-116717] Entered validate_isIconDisplayed function
2016-01-28 00:31:46,610 DEBUG [EBPB_EMMLProfilesSTTL-116717] Result of validate_isIconDisplayed: Pass
2016-01-28 00:31:46,610 DEBUG [EBPB_EMMLProfilesSTTL-116717] In execute keyword function
2016-01-28 00:31:46,610 DEBUG [EBPB_EMMLProfilesSTTL-116717] Executing SwitchApp function:
2016-01-28 00:31:46,660 DEBUG [EBPB_EMMLProfilesSTTL-116717] Successfully switched to NATIVE_APP
2016-01-28 00:31:46,660 DEBUG [EBPB_EMMLProfilesSTTL-116717] TestStepResult of SwitchApp: Pass
2016-01-28 00:31:46,660 DEBUG [EBPB_EMMLProfilesSTTL-116717] In execute keyword function
2016-01-28 00:31:46,660 DEBUG [EBPB_EMMLProfilesSTTL-116717] Executing DrawSignature function:
2016-01-28 00:31:47,336 DEBUG [EBPB_EMMLProfilesSTTL-116717] Started executeCommandLine function
2016-01-28 00:31:51,354 DEBUG [EBPB_EMMLProfilesSTTL-116717] Exiting from executeCommandLine function
2016-01-28 00:31:51,354 DEBUG [EBPB_EMMLProfilesSTTL-116717] Signature drawn successfully
2016-01-28 00:31:51,354 DEBUG [EBPB_EMMLProfilesSTTL-116717] TestStepResult of DrawSignature: Pass
2016-01-28 00:31:51,354 DEBUG [EBPB_EMMLProfilesSTTL-116717] In execute keyword function
2016-01-28 00:31:51,354 DEBUG [EBPB_EMMLProfilesSTTL-116717] Executing SwitchApp function:
2016-01-28 00:31:51,454 DEBUG [EBPB_EMMLProfilesSTTL-116717] Successfully switched to WEBVIEW
2016-01-28 00:31:51,454 DEBUG [EBPB_EMMLProfilesSTTL-116717] TestStepResult of SwitchApp: Pass
2016-01-28 00:31:51,454 DEBUG [EBPB_EMMLProfilesSTTL-116717] In execute keyword function
2016-01-28 00:31:51,454 DEBUG [EBPB_EMMLProfilesSTTL-116717] Executing link_Click function:
2016-01-28 00:31:51,783 DEBUG [EBPB_EMMLProfilesSTTL-116717] Executing Click function
2016-01-28 00:31:52,867 DEBUG [EBPB_EMMLProfilesSTTL-116717] Exiting Click function
2016-01-28 00:31:52,867 DEBUG [EBPB_EMMLProfilesSTTL-116717] activecapture_test_link clicked successfully
2016-01-28 00:31:52,868 DEBUG [EBPB_EMMLProfilesSTTL-116717] TestStepResult of link_Click: Pass
2016-01-28 00:31:52,868 DEBUG [EBPB_EMMLProfilesSTTL-116717] In execute keyword function
2016-01-28 00:31:52,868 DEBUG [EBPB_EMMLProfilesSTTL-116717] Executing wait function:
2016-01-28 00:31:52,868 DEBUG [EBPB_EMMLProfilesSTTL-116717] Started Executing wait function
2016-01-28 00:31:53,868 DEBUG [EBPB_EMMLProfilesSTTL-116717] Exiting from wait function
2016-01-28 00:31:53,868 DEBUG [EBPB_EMMLProfilesSTTL-116717] TestStepResult of wait: Pass
2016-01-28 00:31:53,868 DEBUG [EBPB_EMMLProfilesSTTL-116717] In execute keyword function
2016-01-28 00:31:53,868 DEBUG [EBPB_EMMLProfilesSTTL-116717] Executing CheckUITextContains function:
2016-01-28 00:31:53,868 DEBUG [EBPB_EMMLProfilesSTTL-116717] Started executeCommandLine function
2016-01-28 00:31:57,889 DEBUG [EBPB_EMMLProfilesSTTL-116717] Text is Present
2016-01-28 00:31:57,889 DEBUG [EBPB_EMMLProfilesSTTL-116717] TestStepResult of CheckUITextContains: Pass
2016-01-28 00:31:57,889 DEBUG [EBPB_EMMLProfilesSTTL-116717] allstep_result contains: PassPassPassPassPassPassPassPassPassPassnull
2016-01-28 00:31:57,889 DEBUG [EBPB_EMMLProfilesSTTL-116717] allexpected_result contains: nullpassPassnullpassnullpassnullpassnull
2016-01-28 00:31:57,889 DEBUG [EBPB_EMMLProfilesSTTL-116717] Testcase_Result contains: nullpassPassnullpassnullpassnullpassnullPassPassPassPassPassPassPassPassPassPassnull
2016-01-28 00:31:57,889 DEBUG [EBPB_EMMLProfilesSTTL-116717] Test case with description SignatureCapture Persistant Pass
2016-01-28 00:31:59,015 DEBUG [EBPB_EMMLProfilesSTTL-116717] Executing browser_Quit function
2016-01-28 00:31:59,015 DEBUG [EBPB_EMMLProfilesSTTL-116717] Completed browser_Quit function
2016-01-28 00:31:59,015 DEBUG [EBPB_EMMLProfilesSTTL-116717] Completed quitSelendroid function
2016-01-28 00:31:59,015 DEBUG [EBPB_EMMLProfilesSTTL-116717] Row number:18
2016-01-28 00:31:59,062 DEBUG [EBPB_EMMLProfilesSTTL-116717] Ending Test Case IDSTTL-116717
