2016-01-28 00:31:59,079 DEBUG [EBPB_EMMLProfilesSTTL-116718] Executing Test Case ID: STTL-116718
2016-01-28 00:31:59,087 DEBUG [EBPB_EMMLProfilesSTTL-116718] Executing Init_Selendroid function with APK as parameter and clear data value with 1
2016-01-28 00:32:09,517 DEBUG [EBPB_EMMLProfilesSTTL-116718] Exiting Init_Selendroid function
2016-01-28 00:32:09,531 DEBUG [EBPB_EMMLProfilesSTTL-116718] TestCase with Description "SignatureCapture Non Persistant" Execution started
2016-01-28 00:32:09,532 DEBUG [EBPB_EMMLProfilesSTTL-116718] In execute keyword function
2016-01-28 00:32:09,532 DEBUG [EBPB_EMMLProfilesSTTL-116718] Executing wait function:
2016-01-28 00:32:09,532 DEBUG [EBPB_EMMLProfilesSTTL-116718] Started Executing wait function
2016-01-28 00:32:12,533 DEBUG [EBPB_EMMLProfilesSTTL-116718] Exiting from wait function
2016-01-28 00:32:12,533 DEBUG [EBPB_EMMLProfilesSTTL-116718] TestStepResult of wait: Pass
2016-01-28 00:32:12,533 DEBUG [EBPB_EMMLProfilesSTTL-116718] In execute keyword function
2016-01-28 00:32:12,533 DEBUG [EBPB_EMMLProfilesSTTL-116718] Executing validate_PageTitle function:
2016-01-28 00:32:12,574 DEBUG [EBPB_EMMLProfilesSTTL-116718] The title of the page is *********************************: Pocket Browser Tests
2016-01-28 00:32:12,574 DEBUG [EBPB_EMMLProfilesSTTL-116718] The page title found is correct
2016-01-28 00:32:12,574 DEBUG [EBPB_EMMLProfilesSTTL-116718] Result of validate_PageTitle: pass
2016-01-28 00:32:12,574 DEBUG [EBPB_EMMLProfilesSTTL-116718] In execute keyword function
2016-01-28 00:32:12,574 DEBUG [EBPB_EMMLProfilesSTTL-116718] Executing link_Click function:
2016-01-28 00:32:13,215 DEBUG [EBPB_EMMLProfilesSTTL-116718] Executing Click function
2016-01-28 00:32:14,259 DEBUG [EBPB_EMMLProfilesSTTL-116718] Exiting Click function
2016-01-28 00:32:14,259 DEBUG [EBPB_EMMLProfilesSTTL-116718] eprofile_test_link clicked successfully
2016-01-28 00:32:14,259 DEBUG [EBPB_EMMLProfilesSTTL-116718] TestStepResult of link_Click: Pass
2016-01-28 00:32:14,259 DEBUG [EBPB_EMMLProfilesSTTL-116718] In execute keyword function
2016-01-28 00:32:14,259 DEBUG [EBPB_EMMLProfilesSTTL-116718] Executing validate_PageTitle function:
2016-01-28 00:32:14,297 DEBUG [EBPB_EMMLProfilesSTTL-116718] The title of the page is *********************************: PB 3.0 EMML Profiles Index
2016-01-28 00:32:14,297 DEBUG [EBPB_EMMLProfilesSTTL-116718] The page title found is correct
2016-01-28 00:32:14,297 DEBUG [EBPB_EMMLProfilesSTTL-116718] Result of validate_PageTitle: pass
2016-01-28 00:32:14,297 DEBUG [EBPB_EMMLProfilesSTTL-116718] In execute keyword function
2016-01-28 00:32:14,297 DEBUG [EBPB_EMMLProfilesSTTL-116718] Executing link_Click function:
2016-01-28 00:32:14,803 DEBUG [EBPB_EMMLProfilesSTTL-116718] Executing Click function
2016-01-28 00:32:15,880 DEBUG [EBPB_EMMLProfilesSTTL-116718] Exiting Click function
2016-01-28 00:32:15,880 DEBUG [EBPB_EMMLProfilesSTTL-116718] npsignature_test_link clicked successfully
2016-01-28 00:32:15,880 DEBUG [EBPB_EMMLProfilesSTTL-116718] TestStepResult of link_Click: Pass
2016-01-28 00:32:15,880 DEBUG [EBPB_EMMLProfilesSTTL-116718] In execute keyword function
2016-01-28 00:32:15,880 DEBUG [EBPB_EMMLProfilesSTTL-116718] Executing validate_PageTitle function:
2016-01-28 00:32:15,904 DEBUG [EBPB_EMMLProfilesSTTL-116718] The title of the page is *********************************: UnNamed Signature EMML Profile Script
2016-01-28 00:32:15,904 DEBUG [EBPB_EMMLProfilesSTTL-116718] The page title found is correct
2016-01-28 00:32:15,904 DEBUG [EBPB_EMMLProfilesSTTL-116718] Result of validate_PageTitle: pass
2016-01-28 00:32:15,905 DEBUG [EBPB_EMMLProfilesSTTL-116718] In execute keyword function
2016-01-28 00:32:15,905 DEBUG [EBPB_EMMLProfilesSTTL-116718] Executing link_Click function:
2016-01-28 00:32:16,357 DEBUG [EBPB_EMMLProfilesSTTL-116718] Executing Click function
2016-01-28 00:32:17,425 DEBUG [EBPB_EMMLProfilesSTTL-116718] Exiting Click function
2016-01-28 00:32:17,425 DEBUG [EBPB_EMMLProfilesSTTL-116718] nppage_test_link clicked successfully
2016-01-28 00:32:17,425 DEBUG [EBPB_EMMLProfilesSTTL-116718] TestStepResult of link_Click: Pass
2016-01-28 00:32:17,425 DEBUG [EBPB_EMMLProfilesSTTL-116718] In execute keyword function
2016-01-28 00:32:17,425 DEBUG [EBPB_EMMLProfilesSTTL-116718] Executing validate_PageTitle function:
2016-01-28 00:32:17,459 DEBUG [EBPB_EMMLProfilesSTTL-116718] The title of the page is *********************************: UnNamed Signature EMML Test Script
2016-01-28 00:32:17,459 DEBUG [EBPB_EMMLProfilesSTTL-116718] The page title found is correct
2016-01-28 00:32:17,459 DEBUG [EBPB_EMMLProfilesSTTL-116718] Result of validate_PageTitle: pass
2016-01-28 00:32:17,459 DEBUG [EBPB_EMMLProfilesSTTL-116718] In execute keyword function
2016-01-28 00:32:17,459 DEBUG [EBPB_EMMLProfilesSTTL-116718] Executing validate_isIconDisplayed function:
2016-01-28 00:32:17,459 DEBUG [EBPB_EMMLProfilesSTTL-116718] Entered validate_isIconDisplayed function
2016-01-28 00:32:18,162 DEBUG [EBPB_EMMLProfilesSTTL-116718] Result of validate_isIconDisplayed: Pass
2016-01-28 00:32:18,162 DEBUG [EBPB_EMMLProfilesSTTL-116718] allstep_result contains: PassPassPassPassnull
2016-01-28 00:32:18,162 DEBUG [EBPB_EMMLProfilesSTTL-116718] allexpected_result contains: nullpassPassnullpassnullpassnullpassnull
2016-01-28 00:32:18,162 DEBUG [EBPB_EMMLProfilesSTTL-116718] Testcase_Result contains: nullpassPassnullpassnullpassnullpassnullPassPassPassPassnull
2016-01-28 00:32:18,162 DEBUG [EBPB_EMMLProfilesSTTL-116718] Test case with description SignatureCapture Non Persistant Pass
2016-01-28 00:32:19,168 DEBUG [EBPB_EMMLProfilesSTTL-116718] Executing browser_Quit function
2016-01-28 00:32:19,168 DEBUG [EBPB_EMMLProfilesSTTL-116718] Completed browser_Quit function
2016-01-28 00:32:19,168 DEBUG [EBPB_EMMLProfilesSTTL-116718] Completed quitSelendroid function
2016-01-28 00:32:19,169 DEBUG [EBPB_EMMLProfilesSTTL-116718] Row number:19
2016-01-28 00:32:19,199 DEBUG [EBPB_EMMLProfilesSTTL-116718] Ending Test Case IDSTTL-116718
