2016-01-28 00:26:45,344 DEBUG [EBPB_EMMLProfilesSTTL-116708] Executing Test Case ID: STTL-116708
2016-01-28 00:26:45,350 DEBUG [EBPB_EMMLProfilesSTTL-116708] Executing Init_Selendroid function with APK as parameter and clear data value with 1
2016-01-28 00:26:55,421 DEBUG [EBPB_EMMLProfilesSTTL-116708] Exiting Init_Selendroid function
2016-01-28 00:26:55,436 DEBUG [EBPB_EMMLProfilesSTTL-116708] TestCase with Description "FileTransfer Persistant" Execution started
2016-01-28 00:26:55,436 DEBUG [EBPB_EMMLProfilesSTTL-116708] In execute keyword function
2016-01-28 00:26:55,436 DEBUG [EBPB_EMMLProfilesSTTL-116708] Executing wait function:
2016-01-28 00:26:55,436 DEBUG [EBPB_EMMLProfilesSTTL-116708] Started Executing wait function
2016-01-28 00:26:58,436 DEBUG [EBPB_EMMLProfilesSTTL-116708] Exiting from wait function
2016-01-28 00:26:58,436 DEBUG [EBPB_EMMLProfilesSTTL-116708] TestStepResult of wait: Pass
2016-01-28 00:26:58,436 DEBUG [EBPB_EMMLProfilesSTTL-116708] In execute keyword function
2016-01-28 00:26:58,436 DEBUG [EBPB_EMMLProfilesSTTL-116708] Executing validate_PageTitle function:
2016-01-28 00:26:58,489 DEBUG [EBPB_EMMLProfilesSTTL-116708] The title of the page is *********************************: Pocket Browser Tests
2016-01-28 00:26:58,489 DEBUG [EBPB_EMMLProfilesSTTL-116708] The page title found is correct
2016-01-28 00:26:58,489 DEBUG [EBPB_EMMLProfilesSTTL-116708] Result of validate_PageTitle: pass
2016-01-28 00:26:58,489 DEBUG [EBPB_EMMLProfilesSTTL-116708] In execute keyword function
2016-01-28 00:26:58,489 DEBUG [EBPB_EMMLProfilesSTTL-116708] Executing link_Click function:
2016-01-28 00:26:59,076 DEBUG [EBPB_EMMLProfilesSTTL-116708] Executing Click function
2016-01-28 00:27:00,134 DEBUG [EBPB_EMMLProfilesSTTL-116708] Exiting Click function
2016-01-28 00:27:00,134 DEBUG [EBPB_EMMLProfilesSTTL-116708] eprofile_test_link clicked successfully
2016-01-28 00:27:00,134 DEBUG [EBPB_EMMLProfilesSTTL-116708] TestStepResult of link_Click: Pass
2016-01-28 00:27:00,134 DEBUG [EBPB_EMMLProfilesSTTL-116708] In execute keyword function
2016-01-28 00:27:00,134 DEBUG [EBPB_EMMLProfilesSTTL-116708] Executing validate_PageTitle function:
2016-01-28 00:27:00,170 DEBUG [EBPB_EMMLProfilesSTTL-116708] The title of the page is *********************************: PB 3.0 EMML Profiles Index
2016-01-28 00:27:00,170 DEBUG [EBPB_EMMLProfilesSTTL-116708] The page title found is correct
2016-01-28 00:27:00,170 DEBUG [EBPB_EMMLProfilesSTTL-116708] Result of validate_PageTitle: pass
2016-01-28 00:27:00,170 DEBUG [EBPB_EMMLProfilesSTTL-116708] In execute keyword function
2016-01-28 00:27:00,170 DEBUG [EBPB_EMMLProfilesSTTL-116708] Executing link_Click function:
2016-01-28 00:27:00,580 DEBUG [EBPB_EMMLProfilesSTTL-116708] Executing Click function
2016-01-28 00:27:01,655 DEBUG [EBPB_EMMLProfilesSTTL-116708] Exiting Click function
2016-01-28 00:27:01,655 DEBUG [EBPB_EMMLProfilesSTTL-116708] pfile_test_link clicked successfully
2016-01-28 00:27:01,655 DEBUG [EBPB_EMMLProfilesSTTL-116708] TestStepResult of link_Click: Pass
2016-01-28 00:27:01,655 DEBUG [EBPB_EMMLProfilesSTTL-116708] In execute keyword function
2016-01-28 00:27:01,656 DEBUG [EBPB_EMMLProfilesSTTL-116708] Executing validate_PageTitle function:
2016-01-28 00:27:01,695 DEBUG [EBPB_EMMLProfilesSTTL-116708] The title of the page is *********************************: File Management EMML Profile Page
2016-01-28 00:27:01,695 DEBUG [EBPB_EMMLProfilesSTTL-116708] The page title found is correct
2016-01-28 00:27:01,695 DEBUG [EBPB_EMMLProfilesSTTL-116708] Result of validate_PageTitle: pass
2016-01-28 00:27:01,695 DEBUG [EBPB_EMMLProfilesSTTL-116708] In execute keyword function
2016-01-28 00:27:01,695 DEBUG [EBPB_EMMLProfilesSTTL-116708] Executing link_Click function:
2016-01-28 00:27:02,142 DEBUG [EBPB_EMMLProfilesSTTL-116708] Executing Click function
2016-01-28 00:27:03,113 DEBUG [EBPB_EMMLProfilesSTTL-116708] Exiting Click function
2016-01-28 00:27:03,113 DEBUG [EBPB_EMMLProfilesSTTL-116708] ppage_test_link clicked successfully
2016-01-28 00:27:03,113 DEBUG [EBPB_EMMLProfilesSTTL-116708] TestStepResult of link_Click: Pass
2016-01-28 00:27:03,113 DEBUG [EBPB_EMMLProfilesSTTL-116708] In execute keyword function
2016-01-28 00:27:03,113 DEBUG [EBPB_EMMLProfilesSTTL-116708] Executing validate_PageTitle function:
2016-01-28 00:27:03,150 DEBUG [EBPB_EMMLProfilesSTTL-116708] The title of the page is *********************************: File Management EMML Test Page
2016-01-28 00:27:03,150 DEBUG [EBPB_EMMLProfilesSTTL-116708] The page title found is correct
2016-01-28 00:27:03,150 DEBUG [EBPB_EMMLProfilesSTTL-116708] Result of validate_PageTitle: pass
2016-01-28 00:27:03,150 DEBUG [EBPB_EMMLProfilesSTTL-116708] In execute keyword function
2016-01-28 00:27:03,150 DEBUG [EBPB_EMMLProfilesSTTL-116708] Executing link_Click function:
2016-01-28 00:27:03,549 DEBUG [EBPB_EMMLProfilesSTTL-116708] Executing Click function
2016-01-28 00:27:04,508 DEBUG [EBPB_EMMLProfilesSTTL-116708] Exiting Click function
2016-01-28 00:27:04,508 DEBUG [EBPB_EMMLProfilesSTTL-116708] apply_recieve_test_link clicked successfully
2016-01-28 00:27:04,508 DEBUG [EBPB_EMMLProfilesSTTL-116708] TestStepResult of link_Click: Pass
2016-01-28 00:27:04,508 DEBUG [EBPB_EMMLProfilesSTTL-116708] In execute keyword function
2016-01-28 00:27:04,508 DEBUG [EBPB_EMMLProfilesSTTL-116708] Executing link_Click function:
2016-01-28 00:27:04,852 DEBUG [EBPB_EMMLProfilesSTTL-116708] Executing Click function
2016-01-28 00:27:05,767 DEBUG [EBPB_EMMLProfilesSTTL-116708] Exiting Click function
2016-01-28 00:27:05,767 DEBUG [EBPB_EMMLProfilesSTTL-116708] transferfile_test_link clicked successfully
2016-01-28 00:27:05,767 DEBUG [EBPB_EMMLProfilesSTTL-116708] TestStepResult of link_Click: Pass
2016-01-28 00:27:05,767 DEBUG [EBPB_EMMLProfilesSTTL-116708] In execute keyword function
2016-01-28 00:27:05,767 DEBUG [EBPB_EMMLProfilesSTTL-116708] Executing wait function:
2016-01-28 00:27:05,767 DEBUG [EBPB_EMMLProfilesSTTL-116708] Started Executing wait function
2016-01-28 00:27:07,767 DEBUG [EBPB_EMMLProfilesSTTL-116708] Exiting from wait function
2016-01-28 00:27:07,767 DEBUG [EBPB_EMMLProfilesSTTL-116708] TestStepResult of wait: Pass
2016-01-28 00:27:07,767 DEBUG [EBPB_EMMLProfilesSTTL-116708] In execute keyword function
2016-01-28 00:27:07,767 DEBUG [EBPB_EMMLProfilesSTTL-116708] Executing CheckUITextContains function:
2016-01-28 00:27:07,767 DEBUG [EBPB_EMMLProfilesSTTL-116708] Started executeCommandLine function
2016-01-28 00:27:11,787 DEBUG [EBPB_EMMLProfilesSTTL-116708] Text is Present
2016-01-28 00:27:11,787 DEBUG [EBPB_EMMLProfilesSTTL-116708] TestStepResult of CheckUITextContains: Pass
2016-01-28 00:27:11,787 DEBUG [EBPB_EMMLProfilesSTTL-116708] allstep_result contains: PassPassPassPassPassPassPassPassnull
2016-01-28 00:27:11,787 DEBUG [EBPB_EMMLProfilesSTTL-116708] allexpected_result contains: nullpassnullpassnullpassnullpassnull
2016-01-28 00:27:11,787 DEBUG [EBPB_EMMLProfilesSTTL-116708] Testcase_Result contains: nullpassnullpassnullpassnullpassnullPassPassPassPassPassPassPassPassnull
2016-01-28 00:27:11,787 DEBUG [EBPB_EMMLProfilesSTTL-116708] Test case with description FileTransfer Persistant Pass
2016-01-28 00:27:12,846 DEBUG [EBPB_EMMLProfilesSTTL-116708] Executing browser_Quit function
2016-01-28 00:27:12,846 DEBUG [EBPB_EMMLProfilesSTTL-116708] Completed browser_Quit function
2016-01-28 00:27:12,846 DEBUG [EBPB_EMMLProfilesSTTL-116708] Completed quitSelendroid function
2016-01-28 00:27:12,846 DEBUG [EBPB_EMMLProfilesSTTL-116708] Row number:9
2016-01-28 00:27:12,897 DEBUG [EBPB_EMMLProfilesSTTL-116708] Ending Test Case IDSTTL-116708
