2016-01-28 00:22:07,872 DEBUG [EBPB_EMMLProfilesSTTL-116703] Executing Test Case ID: STTL-116703
2016-01-28 00:22:07,878 DEBUG [EBPB_EMMLProfilesSTTL-116703] Executing Init_Selendroid function with APK as parameter and clear data value with 1
2016-01-28 00:22:17,870 DEBUG [EBPB_EMMLProfilesSTTL-116703] Exiting Init_Selendroid function
2016-01-28 00:22:17,885 DEBUG [EBPB_EMMLProfilesSTTL-116703] TestCase with Description "Control & Apperance Non-Persistant" Execution started
2016-01-28 00:22:17,885 DEBUG [EBPB_EMMLProfilesSTTL-116703] In execute keyword function
2016-01-28 00:22:17,885 DEBUG [EBPB_EMMLProfilesSTTL-116703] Executing wait function:
2016-01-28 00:22:17,885 DEBUG [EBPB_EMMLProfilesSTTL-116703] Started Executing wait function
2016-01-28 00:22:20,885 DEBUG [EBPB_EMMLProfilesSTTL-116703] Exiting from wait function
2016-01-28 00:22:20,885 DEBUG [EBPB_EMMLProfilesSTTL-116703] TestStepResult of wait: Pass
2016-01-28 00:22:20,885 DEBUG [EBPB_EMMLProfilesSTTL-116703] In execute keyword function
2016-01-28 00:22:20,885 DEBUG [EBPB_EMMLProfilesSTTL-116703] Executing validate_PageTitle function:
2016-01-28 00:22:20,924 DEBUG [EBPB_EMMLProfilesSTTL-116703] The title of the page is *********************************: Pocket Browser Tests
2016-01-28 00:22:20,924 DEBUG [EBPB_EMMLProfilesSTTL-116703] The page title found is correct
2016-01-28 00:22:20,924 DEBUG [EBPB_EMMLProfilesSTTL-116703] Result of validate_PageTitle: pass
2016-01-28 00:22:20,925 DEBUG [EBPB_EMMLProfilesSTTL-116703] In execute keyword function
2016-01-28 00:22:20,925 DEBUG [EBPB_EMMLProfilesSTTL-116703] Executing link_Click function:
2016-01-28 00:22:21,575 DEBUG [EBPB_EMMLProfilesSTTL-116703] Executing Click function
2016-01-28 00:22:22,632 DEBUG [EBPB_EMMLProfilesSTTL-116703] Exiting Click function
2016-01-28 00:22:22,632 DEBUG [EBPB_EMMLProfilesSTTL-116703] eprofile_test_link clicked successfully
2016-01-28 00:22:22,632 DEBUG [EBPB_EMMLProfilesSTTL-116703] TestStepResult of link_Click: Pass
2016-01-28 00:22:22,632 DEBUG [EBPB_EMMLProfilesSTTL-116703] In execute keyword function
2016-01-28 00:22:22,632 DEBUG [EBPB_EMMLProfilesSTTL-116703] Executing validate_PageTitle function:
2016-01-28 00:22:22,672 DEBUG [EBPB_EMMLProfilesSTTL-116703] The title of the page is *********************************: PB 3.0 EMML Profiles Index
2016-01-28 00:22:22,672 DEBUG [EBPB_EMMLProfilesSTTL-116703] The page title found is correct
2016-01-28 00:22:22,672 DEBUG [EBPB_EMMLProfilesSTTL-116703] Result of validate_PageTitle: pass
2016-01-28 00:22:22,672 DEBUG [EBPB_EMMLProfilesSTTL-116703] In execute keyword function
2016-01-28 00:22:22,672 DEBUG [EBPB_EMMLProfilesSTTL-116703] Executing link_Click function:
2016-01-28 00:22:23,319 DEBUG [EBPB_EMMLProfilesSTTL-116703] Executing Click function
2016-01-28 00:22:24,365 DEBUG [EBPB_EMMLProfilesSTTL-116703] Exiting Click function
2016-01-28 00:22:24,366 DEBUG [EBPB_EMMLProfilesSTTL-116703] npcanda_test_link clicked successfully
2016-01-28 00:22:24,366 DEBUG [EBPB_EMMLProfilesSTTL-116703] TestStepResult of link_Click: Pass
2016-01-28 00:22:24,366 DEBUG [EBPB_EMMLProfilesSTTL-116703] In execute keyword function
2016-01-28 00:22:24,366 DEBUG [EBPB_EMMLProfilesSTTL-116703] Executing validate_PageTitle function:
2016-01-28 00:22:24,390 DEBUG [EBPB_EMMLProfilesSTTL-116703] The title of the page is *********************************: C and A EMML Profiles Non Persistant Page
2016-01-28 00:22:24,390 DEBUG [EBPB_EMMLProfilesSTTL-116703] The page title found is correct
2016-01-28 00:22:24,390 DEBUG [EBPB_EMMLProfilesSTTL-116703] Result of validate_PageTitle: pass
2016-01-28 00:22:24,390 DEBUG [EBPB_EMMLProfilesSTTL-116703] In execute keyword function
2016-01-28 00:22:24,390 DEBUG [EBPB_EMMLProfilesSTTL-116703] Executing link_Click function:
2016-01-28 00:22:24,857 DEBUG [EBPB_EMMLProfilesSTTL-116703] Executing Click function
2016-01-28 00:22:25,810 DEBUG [EBPB_EMMLProfilesSTTL-116703] Exiting Click function
2016-01-28 00:22:25,810 DEBUG [EBPB_EMMLProfilesSTTL-116703] addrv_test_link clicked successfully
2016-01-28 00:22:25,810 DEBUG [EBPB_EMMLProfilesSTTL-116703] TestStepResult of link_Click: Pass
2016-01-28 00:22:25,810 DEBUG [EBPB_EMMLProfilesSTTL-116703] In execute keyword function
2016-01-28 00:22:25,810 DEBUG [EBPB_EMMLProfilesSTTL-116703] Executing link_Click function:
2016-01-28 00:22:26,173 DEBUG [EBPB_EMMLProfilesSTTL-116703] Executing Click function
2016-01-28 00:22:27,125 DEBUG [EBPB_EMMLProfilesSTTL-116703] Exiting Click function
2016-01-28 00:22:27,125 DEBUG [EBPB_EMMLProfilesSTTL-116703] nppage_test_link clicked successfully
2016-01-28 00:22:27,125 DEBUG [EBPB_EMMLProfilesSTTL-116703] TestStepResult of link_Click: Pass
2016-01-28 00:22:27,125 DEBUG [EBPB_EMMLProfilesSTTL-116703] In execute keyword function
2016-01-28 00:22:27,125 DEBUG [EBPB_EMMLProfilesSTTL-116703] Executing link_Click function:
2016-01-28 00:22:27,572 DEBUG [EBPB_EMMLProfilesSTTL-116703] Executing Click function
2016-01-28 00:22:28,473 DEBUG [EBPB_EMMLProfilesSTTL-116703] Exiting Click function
2016-01-28 00:22:28,473 DEBUG [EBPB_EMMLProfilesSTTL-116703] addrh_test_link clicked successfully
2016-01-28 00:22:28,473 DEBUG [EBPB_EMMLProfilesSTTL-116703] TestStepResult of link_Click: Pass
2016-01-28 00:22:28,473 DEBUG [EBPB_EMMLProfilesSTTL-116703] allstep_result contains: PassPassPassPassPassPassnull
2016-01-28 00:22:28,473 DEBUG [EBPB_EMMLProfilesSTTL-116703] allexpected_result contains: nullpassnullpassnullpassnull
2016-01-28 00:22:28,473 DEBUG [EBPB_EMMLProfilesSTTL-116703] Testcase_Result contains: nullpassnullpassnullpassnullPassPassPassPassPassPassnull
2016-01-28 00:22:28,473 DEBUG [EBPB_EMMLProfilesSTTL-116703] Test case with description Control & Apperance Non-Persistant Pass
2016-01-28 00:22:29,481 DEBUG [EBPB_EMMLProfilesSTTL-116703] Executing browser_Quit function
2016-01-28 00:22:29,481 DEBUG [EBPB_EMMLProfilesSTTL-116703] Completed browser_Quit function
2016-01-28 00:22:29,481 DEBUG [EBPB_EMMLProfilesSTTL-116703] Completed quitSelendroid function
2016-01-28 00:22:29,481 DEBUG [EBPB_EMMLProfilesSTTL-116703] Row number:4
2016-01-28 00:22:29,511 DEBUG [EBPB_EMMLProfilesSTTL-116703] Ending Test Case IDSTTL-116703
