2016-01-28 00:30:40,566 DEBUG [EBPB_EMMLProfilesSTTL-116715] Executing Test Case ID: STTL-116715
2016-01-28 00:30:40,573 DEBUG [EBPB_EMMLProfilesSTTL-116715] Executing Init_Selendroid function with APK as parameter and clear data value with 1
2016-01-28 00:30:50,831 DEBUG [EBPB_EMMLProfilesSTTL-116715] Exiting Init_Selendroid function
2016-01-28 00:30:50,846 DEBUG [EBPB_EMMLProfilesSTTL-116715] TestCase with Description "Battery & Signal Non Persistant" Execution started
2016-01-28 00:30:50,846 DEBUG [EBPB_EMMLProfilesSTTL-116715] In execute keyword function
2016-01-28 00:30:50,846 DEBUG [EBPB_EMMLProfilesSTTL-116715] Executing wait function:
2016-01-28 00:30:50,846 DEBUG [EBPB_EMMLProfilesSTTL-116715] Started Executing wait function
2016-01-28 00:30:53,847 DEBUG [EBPB_EMMLProfilesSTTL-116715] Exiting from wait function
2016-01-28 00:30:53,847 DEBUG [EBPB_EMMLProfilesSTTL-116715] TestStepResult of wait: Pass
2016-01-28 00:30:53,847 DEBUG [EBPB_EMMLProfilesSTTL-116715] In execute keyword function
2016-01-28 00:30:53,847 DEBUG [EBPB_EMMLProfilesSTTL-116715] Executing validate_PageTitle function:
2016-01-28 00:30:53,887 DEBUG [EBPB_EMMLProfilesSTTL-116715] The title of the page is *********************************: Pocket Browser Tests
2016-01-28 00:30:53,887 DEBUG [EBPB_EMMLProfilesSTTL-116715] The page title found is correct
2016-01-28 00:30:53,887 DEBUG [EBPB_EMMLProfilesSTTL-116715] Result of validate_PageTitle: pass
2016-01-28 00:30:53,887 DEBUG [EBPB_EMMLProfilesSTTL-116715] In execute keyword function
2016-01-28 00:30:53,887 DEBUG [EBPB_EMMLProfilesSTTL-116715] Executing link_Click function:
2016-01-28 00:30:54,504 DEBUG [EBPB_EMMLProfilesSTTL-116715] Executing Click function
2016-01-28 00:30:55,570 DEBUG [EBPB_EMMLProfilesSTTL-116715] Exiting Click function
2016-01-28 00:30:55,570 DEBUG [EBPB_EMMLProfilesSTTL-116715] eprofile_test_link clicked successfully
2016-01-28 00:30:55,570 DEBUG [EBPB_EMMLProfilesSTTL-116715] TestStepResult of link_Click: Pass
2016-01-28 00:30:55,570 DEBUG [EBPB_EMMLProfilesSTTL-116715] In execute keyword function
2016-01-28 00:30:55,570 DEBUG [EBPB_EMMLProfilesSTTL-116715] Executing validate_PageTitle function:
2016-01-28 00:30:55,615 DEBUG [EBPB_EMMLProfilesSTTL-116715] The title of the page is *********************************: PB 3.0 EMML Profiles Index
2016-01-28 00:30:55,615 DEBUG [EBPB_EMMLProfilesSTTL-116715] The page title found is correct
2016-01-28 00:30:55,615 DEBUG [EBPB_EMMLProfilesSTTL-116715] Result of validate_PageTitle: pass
2016-01-28 00:30:55,615 DEBUG [EBPB_EMMLProfilesSTTL-116715] In execute keyword function
2016-01-28 00:30:55,615 DEBUG [EBPB_EMMLProfilesSTTL-116715] Executing link_Click function:
2016-01-28 00:30:56,161 DEBUG [EBPB_EMMLProfilesSTTL-116715] Executing Click function
2016-01-28 00:30:57,394 DEBUG [EBPB_EMMLProfilesSTTL-116715] Exiting Click function
2016-01-28 00:30:57,394 DEBUG [EBPB_EMMLProfilesSTTL-116715] npindicators_test_link clicked successfully
2016-01-28 00:30:57,395 DEBUG [EBPB_EMMLProfilesSTTL-116715] TestStepResult of link_Click: Pass
2016-01-28 00:30:57,395 DEBUG [EBPB_EMMLProfilesSTTL-116715] In execute keyword function
2016-01-28 00:30:57,395 DEBUG [EBPB_EMMLProfilesSTTL-116715] Executing validate_PageTitle function:
2016-01-28 00:30:57,433 DEBUG [EBPB_EMMLProfilesSTTL-116715] The title of the page is *********************************: UnNamed Indicators EMML Profile Script
2016-01-28 00:30:57,434 DEBUG [EBPB_EMMLProfilesSTTL-116715] The page title found is correct
2016-01-28 00:30:57,434 DEBUG [EBPB_EMMLProfilesSTTL-116715] Result of validate_PageTitle: pass
2016-01-28 00:30:57,434 DEBUG [EBPB_EMMLProfilesSTTL-116715] In execute keyword function
2016-01-28 00:30:57,434 DEBUG [EBPB_EMMLProfilesSTTL-116715] Executing link_Click function:
2016-01-28 00:30:57,985 DEBUG [EBPB_EMMLProfilesSTTL-116715] Executing Click function
2016-01-28 00:30:58,956 DEBUG [EBPB_EMMLProfilesSTTL-116715] Exiting Click function
2016-01-28 00:30:58,956 DEBUG [EBPB_EMMLProfilesSTTL-116715] nppage_test_link clicked successfully
2016-01-28 00:30:58,956 DEBUG [EBPB_EMMLProfilesSTTL-116715] TestStepResult of link_Click: Pass
2016-01-28 00:30:58,956 DEBUG [EBPB_EMMLProfilesSTTL-116715] In execute keyword function
2016-01-28 00:30:58,956 DEBUG [EBPB_EMMLProfilesSTTL-116715] Executing validate_PageTitle function:
2016-01-28 00:30:58,993 DEBUG [EBPB_EMMLProfilesSTTL-116715] The title of the page is *********************************: UnNamed Indicators EMML Test Script
2016-01-28 00:30:58,993 DEBUG [EBPB_EMMLProfilesSTTL-116715] The page title found is correct
2016-01-28 00:30:58,993 DEBUG [EBPB_EMMLProfilesSTTL-116715] Result of validate_PageTitle: pass
2016-01-28 00:30:58,993 DEBUG [EBPB_EMMLProfilesSTTL-116715] In execute keyword function
2016-01-28 00:30:58,993 DEBUG [EBPB_EMMLProfilesSTTL-116715] Executing link_Click function:
2016-01-28 00:30:59,431 DEBUG [EBPB_EMMLProfilesSTTL-116715] Executing Click function
2016-01-28 00:31:00,355 DEBUG [EBPB_EMMLProfilesSTTL-116715] Exiting Click function
2016-01-28 00:31:00,355 DEBUG [EBPB_EMMLProfilesSTTL-116715] apply_battery_test_link clicked successfully
2016-01-28 00:31:00,355 DEBUG [EBPB_EMMLProfilesSTTL-116715] TestStepResult of link_Click: Pass
2016-01-28 00:31:00,355 DEBUG [EBPB_EMMLProfilesSTTL-116715] In execute keyword function
2016-01-28 00:31:00,355 DEBUG [EBPB_EMMLProfilesSTTL-116715] Executing link_Click function:
2016-01-28 00:31:00,700 DEBUG [EBPB_EMMLProfilesSTTL-116715] Executing Click function
2016-01-28 00:31:01,621 DEBUG [EBPB_EMMLProfilesSTTL-116715] Exiting Click function
2016-01-28 00:31:01,621 DEBUG [EBPB_EMMLProfilesSTTL-116715] apply_signal_test_link clicked successfully
2016-01-28 00:31:01,621 DEBUG [EBPB_EMMLProfilesSTTL-116715] TestStepResult of link_Click: Pass
2016-01-28 00:31:01,621 DEBUG [EBPB_EMMLProfilesSTTL-116715] In execute keyword function
2016-01-28 00:31:01,621 DEBUG [EBPB_EMMLProfilesSTTL-116715] Executing wait function:
2016-01-28 00:31:01,621 DEBUG [EBPB_EMMLProfilesSTTL-116715] Started Executing wait function
2016-01-28 00:31:02,622 DEBUG [EBPB_EMMLProfilesSTTL-116715] Exiting from wait function
2016-01-28 00:31:02,622 DEBUG [EBPB_EMMLProfilesSTTL-116715] TestStepResult of wait: Pass
2016-01-28 00:31:02,622 DEBUG [EBPB_EMMLProfilesSTTL-116715] In execute keyword function
2016-01-28 00:31:02,622 DEBUG [EBPB_EMMLProfilesSTTL-116715] Executing isTextNotPresent function:
2016-01-28 00:31:02,907 DEBUG [EBPB_EMMLProfilesSTTL-116715] sig_id has some text : Signal details should appear here
2016-01-28 00:31:02,907 DEBUG [EBPB_EMMLProfilesSTTL-116715] TestStepResult of isTextNotPresent: Fail
2016-01-28 00:31:02,907 DEBUG [EBPB_EMMLProfilesSTTL-116715] In execute keyword function
2016-01-28 00:31:02,908 DEBUG [EBPB_EMMLProfilesSTTL-116715] Executing isTextNotPresent function:
2016-01-28 00:31:03,161 DEBUG [EBPB_EMMLProfilesSTTL-116715] bat_id has some text : Battery readings should appear here
2016-01-28 00:31:03,161 DEBUG [EBPB_EMMLProfilesSTTL-116715] TestStepResult of isTextNotPresent: Fail
2016-01-28 00:31:03,161 DEBUG [EBPB_EMMLProfilesSTTL-116715] allstep_result contains: FailFailPassPassPassPassPassPassPassnull
2016-01-28 00:31:03,161 DEBUG [EBPB_EMMLProfilesSTTL-116715] allexpected_result contains: nullpassnullpassnullpassnullpassnull
2016-01-28 00:31:03,161 DEBUG [EBPB_EMMLProfilesSTTL-116715] Testcase_Result contains: nullpassnullpassnullpassnullpassnullFailFailPassPassPassPassPassPassPassnull
2016-01-28 00:31:03,161 DEBUG [EBPB_EMMLProfilesSTTL-116715] Test case with description Battery & Signal Non Persistant Fail
2016-01-28 00:31:04,155 DEBUG [EBPB_EMMLProfilesSTTL-116715] Executing browser_Quit function
2016-01-28 00:31:04,155 DEBUG [EBPB_EMMLProfilesSTTL-116715] Completed browser_Quit function
2016-01-28 00:31:04,155 DEBUG [EBPB_EMMLProfilesSTTL-116715] Completed quitSelendroid function
2016-01-28 00:31:04,155 DEBUG [EBPB_EMMLProfilesSTTL-116715] Row number:16
