2016-01-28 00:29:36,631 DEBUG [EBPB_EMMLProfilesSTTL-116713] Executing Test Case ID: STTL-116713
2016-01-28 00:29:36,637 DEBUG [EBPB_EMMLProfilesSTTL-116713] Executing Init_Selendroid function with APK as parameter and clear data value with 1
2016-01-28 00:29:47,000 DEBUG [EBPB_EMMLProfilesSTTL-116713] Exiting Init_Selendroid function
2016-01-28 00:29:47,015 DEBUG [EBPB_EMMLProfilesSTTL-116713] TestCase with Description "Imager Clear" Execution started
2016-01-28 00:29:47,015 DEBUG [EBPB_EMMLProfilesSTTL-116713] In execute keyword function
2016-01-28 00:29:47,015 DEBUG [EBPB_EMMLProfilesSTTL-116713] Executing wait function:
2016-01-28 00:29:47,015 DEBUG [EBPB_EMMLProfilesSTTL-116713] Started Executing wait function
2016-01-28 00:29:50,015 DEBUG [EBPB_EMMLProfilesSTTL-116713] Exiting from wait function
2016-01-28 00:29:50,015 DEBUG [EBPB_EMMLProfilesSTTL-116713] TestStepResult of wait: Pass
2016-01-28 00:29:50,015 DEBUG [EBPB_EMMLProfilesSTTL-116713] In execute keyword function
2016-01-28 00:29:50,015 DEBUG [EBPB_EMMLProfilesSTTL-116713] Executing validate_PageTitle function:
2016-01-28 00:29:50,057 DEBUG [EBPB_EMMLProfilesSTTL-116713] The title of the page is *********************************: Pocket Browser Tests
2016-01-28 00:29:50,058 DEBUG [EBPB_EMMLProfilesSTTL-116713] The page title found is correct
2016-01-28 00:29:50,058 DEBUG [EBPB_EMMLProfilesSTTL-116713] Result of validate_PageTitle: pass
2016-01-28 00:29:50,058 DEBUG [EBPB_EMMLProfilesSTTL-116713] In execute keyword function
2016-01-28 00:29:50,058 DEBUG [EBPB_EMMLProfilesSTTL-116713] Executing link_Click function:
2016-01-28 00:29:50,658 DEBUG [EBPB_EMMLProfilesSTTL-116713] Executing Click function
2016-01-28 00:29:51,701 DEBUG [EBPB_EMMLProfilesSTTL-116713] Exiting Click function
2016-01-28 00:29:51,701 DEBUG [EBPB_EMMLProfilesSTTL-116713] eprofile_test_link clicked successfully
2016-01-28 00:29:51,701 DEBUG [EBPB_EMMLProfilesSTTL-116713] TestStepResult of link_Click: Pass
2016-01-28 00:29:51,701 DEBUG [EBPB_EMMLProfilesSTTL-116713] In execute keyword function
2016-01-28 00:29:51,701 DEBUG [EBPB_EMMLProfilesSTTL-116713] Executing validate_PageTitle function:
2016-01-28 00:29:51,735 DEBUG [EBPB_EMMLProfilesSTTL-116713] The title of the page is *********************************: PB 3.0 EMML Profiles Index
2016-01-28 00:29:51,736 DEBUG [EBPB_EMMLProfilesSTTL-116713] The page title found is correct
2016-01-28 00:29:51,736 DEBUG [EBPB_EMMLProfilesSTTL-116713] Result of validate_PageTitle: pass
2016-01-28 00:29:51,736 DEBUG [EBPB_EMMLProfilesSTTL-116713] In execute keyword function
2016-01-28 00:29:51,736 DEBUG [EBPB_EMMLProfilesSTTL-116713] Executing link_Click function:
2016-01-28 00:29:52,299 DEBUG [EBPB_EMMLProfilesSTTL-116713] Executing Click function
2016-01-28 00:29:53,342 DEBUG [EBPB_EMMLProfilesSTTL-116713] Exiting Click function
2016-01-28 00:29:53,342 DEBUG [EBPB_EMMLProfilesSTTL-116713] pimager_test_link clicked successfully
2016-01-28 00:29:53,342 DEBUG [EBPB_EMMLProfilesSTTL-116713] TestStepResult of link_Click: Pass
2016-01-28 00:29:53,342 DEBUG [EBPB_EMMLProfilesSTTL-116713] In execute keyword function
2016-01-28 00:29:53,342 DEBUG [EBPB_EMMLProfilesSTTL-116713] Executing validate_PageTitle function:
2016-01-28 00:29:53,373 DEBUG [EBPB_EMMLProfilesSTTL-116713] The title of the page is *********************************: Named Imager EMML Profile script
2016-01-28 00:29:53,373 DEBUG [EBPB_EMMLProfilesSTTL-116713] The page title found is correct
2016-01-28 00:29:53,373 DEBUG [EBPB_EMMLProfilesSTTL-116713] Result of validate_PageTitle: pass
2016-01-28 00:29:53,373 DEBUG [EBPB_EMMLProfilesSTTL-116713] In execute keyword function
2016-01-28 00:29:53,373 DEBUG [EBPB_EMMLProfilesSTTL-116713] Executing link_Click function:
2016-01-28 00:29:53,788 DEBUG [EBPB_EMMLProfilesSTTL-116713] Executing Click function
2016-01-28 00:29:54,704 DEBUG [EBPB_EMMLProfilesSTTL-116713] Exiting Click function
2016-01-28 00:29:54,704 DEBUG [EBPB_EMMLProfilesSTTL-116713] clearprofile_test_link clicked successfully
2016-01-28 00:29:54,704 DEBUG [EBPB_EMMLProfilesSTTL-116713] TestStepResult of link_Click: Pass
2016-01-28 00:29:54,704 DEBUG [EBPB_EMMLProfilesSTTL-116713] In execute keyword function
2016-01-28 00:29:54,704 DEBUG [EBPB_EMMLProfilesSTTL-116713] Executing link_Click function:
2016-01-28 00:29:55,083 DEBUG [EBPB_EMMLProfilesSTTL-116713] Executing Click function
2016-01-28 00:29:56,011 DEBUG [EBPB_EMMLProfilesSTTL-116713] Exiting Click function
2016-01-28 00:29:56,011 DEBUG [EBPB_EMMLProfilesSTTL-116713] apply_httpimager_test_link clicked successfully
2016-01-28 00:29:56,011 DEBUG [EBPB_EMMLProfilesSTTL-116713] TestStepResult of link_Click: Pass
2016-01-28 00:29:56,011 DEBUG [EBPB_EMMLProfilesSTTL-116713] In execute keyword function
2016-01-28 00:29:56,011 DEBUG [EBPB_EMMLProfilesSTTL-116713] Executing wait function:
2016-01-28 00:29:56,011 DEBUG [EBPB_EMMLProfilesSTTL-116713] Started Executing wait function
2016-01-28 00:29:57,011 DEBUG [EBPB_EMMLProfilesSTTL-116713] Exiting from wait function
2016-01-28 00:29:57,011 DEBUG [EBPB_EMMLProfilesSTTL-116713] TestStepResult of wait: Pass
2016-01-28 00:29:57,011 DEBUG [EBPB_EMMLProfilesSTTL-116713] In execute keyword function
2016-01-28 00:29:57,011 DEBUG [EBPB_EMMLProfilesSTTL-116713] Executing link_Click function:
2016-01-28 00:29:57,340 DEBUG [EBPB_EMMLProfilesSTTL-116713] Executing Click function
2016-01-28 00:29:58,271 DEBUG [EBPB_EMMLProfilesSTTL-116713] Exiting Click function
2016-01-28 00:29:58,271 DEBUG [EBPB_EMMLProfilesSTTL-116713] activecapture_test_link clicked successfully
2016-01-28 00:29:58,271 DEBUG [EBPB_EMMLProfilesSTTL-116713] TestStepResult of link_Click: Pass
2016-01-28 00:29:58,271 DEBUG [EBPB_EMMLProfilesSTTL-116713] In execute keyword function
2016-01-28 00:29:58,271 DEBUG [EBPB_EMMLProfilesSTTL-116713] Executing wait function:
2016-01-28 00:29:58,271 DEBUG [EBPB_EMMLProfilesSTTL-116713] Started Executing wait function
2016-01-28 00:30:00,271 DEBUG [EBPB_EMMLProfilesSTTL-116713] Exiting from wait function
2016-01-28 00:30:00,271 DEBUG [EBPB_EMMLProfilesSTTL-116713] TestStepResult of wait: Pass
2016-01-28 00:30:00,271 DEBUG [EBPB_EMMLProfilesSTTL-116713] In execute keyword function
2016-01-28 00:30:00,271 DEBUG [EBPB_EMMLProfilesSTTL-116713] Executing CheckUITextContains function:
2016-01-28 00:30:00,271 DEBUG [EBPB_EMMLProfilesSTTL-116713] Started executeCommandLine function
2016-01-28 00:30:14,267 DEBUG [EBPB_EMMLProfilesSTTL-116713] Text is not Present
2016-01-28 00:30:14,267 DEBUG [EBPB_EMMLProfilesSTTL-116713] TestStepResult of CheckUITextContains: Pass
2016-01-28 00:30:14,267 DEBUG [EBPB_EMMLProfilesSTTL-116713] allstep_result contains: PassPassPassPassPassPassPassPassPassnull
2016-01-28 00:30:14,267 DEBUG [EBPB_EMMLProfilesSTTL-116713] allexpected_result contains: nullpassnullpassnullpassnull
2016-01-28 00:30:14,267 DEBUG [EBPB_EMMLProfilesSTTL-116713] Testcase_Result contains: nullpassnullpassnullpassnullPassPassPassPassPassPassPassPassPassnull
2016-01-28 00:30:14,267 DEBUG [EBPB_EMMLProfilesSTTL-116713] Test case with description Imager Clear Pass
2016-01-28 00:30:15,358 DEBUG [EBPB_EMMLProfilesSTTL-116713] Executing browser_Quit function
2016-01-28 00:30:15,358 DEBUG [EBPB_EMMLProfilesSTTL-116713] Completed browser_Quit function
2016-01-28 00:30:15,358 DEBUG [EBPB_EMMLProfilesSTTL-116713] Completed quitSelendroid function
2016-01-28 00:30:15,358 DEBUG [EBPB_EMMLProfilesSTTL-116713] Row number:14
2016-01-28 00:30:15,386 DEBUG [EBPB_EMMLProfilesSTTL-116713] Ending Test Case IDSTTL-116713
