2016-01-28 02:59:56,752 DEBUG [EBRE22_BatterySTTL-116702] Executing Test Case ID: STTL-116702
2016-01-28 02:59:56,757 DEBUG [EBRE22_BatterySTTL-116702] Executing Init_Selendroid function with APK as parameter and clear data value with 1
2016-01-28 03:00:06,734 DEBUG [EBRE22_BatterySTTL-116702] Exiting Init_Selendroid function
2016-01-28 03:00:06,747 DEBUG [EBRE22_BatterySTTL-116702] TestCase with Description "Battery visible" Execution started
2016-01-28 03:00:06,747 DEBUG [EBRE22_BatterySTTL-116702] In execute keyword function
2016-01-28 03:00:06,747 DEBUG [EBRE22_BatterySTTL-116702] Executing wait function:
2016-01-28 03:00:06,747 DEBUG [EBRE22_BatterySTTL-116702] Started Executing wait function
2016-01-28 03:00:09,747 DEBUG [EBRE22_BatterySTTL-116702] Exiting from wait function
2016-01-28 03:00:09,747 DEBUG [EBRE22_BatterySTTL-116702] TestStepResult of wait: Pass
2016-01-28 03:00:09,747 DEBUG [EBRE22_BatterySTTL-116702] In execute keyword function
2016-01-28 03:00:09,747 DEBUG [EBRE22_BatterySTTL-116702] Executing validate_PageTitle function:
2016-01-28 03:00:09,787 DEBUG [EBRE22_BatterySTTL-116702] The title of the page is *********************************: RE 2.2 Tests
2016-01-28 03:00:09,787 DEBUG [EBRE22_BatterySTTL-116702] The page title found is correct
2016-01-28 03:00:09,787 DEBUG [EBRE22_BatterySTTL-116702] Result of validate_PageTitle: pass
2016-01-28 03:00:09,787 DEBUG [EBRE22_BatterySTTL-116702] In execute keyword function
2016-01-28 03:00:09,787 DEBUG [EBRE22_BatterySTTL-116702] Executing link_Click function:
2016-01-28 03:00:10,374 DEBUG [EBRE22_BatterySTTL-116702] Executing Click function
2016-01-28 03:00:11,400 DEBUG [EBRE22_BatterySTTL-116702] Exiting Click function
2016-01-28 03:00:11,400 DEBUG [EBRE22_BatterySTTL-116702] RE22_battery_test_link clicked successfully
2016-01-28 03:00:11,400 DEBUG [EBRE22_BatterySTTL-116702] TestStepResult of link_Click: Pass
2016-01-28 03:00:11,400 DEBUG [EBRE22_BatterySTTL-116702] In execute keyword function
2016-01-28 03:00:11,400 DEBUG [EBRE22_BatterySTTL-116702] Executing validate_PageTitle function:
2016-01-28 03:00:11,463 DEBUG [EBRE22_BatterySTTL-116702] The title of the page is *********************************: Battery Test
2016-01-28 03:00:11,464 DEBUG [EBRE22_BatterySTTL-116702] The page title found is correct
2016-01-28 03:00:11,464 DEBUG [EBRE22_BatterySTTL-116702] Result of validate_PageTitle: pass
2016-01-28 03:00:11,464 DEBUG [EBRE22_BatterySTTL-116702] In execute keyword function
2016-01-28 03:00:11,464 DEBUG [EBRE22_BatterySTTL-116702] Executing SelectTestToRun function:
2016-01-28 03:00:14,064 DEBUG [EBRE22_BatterySTTL-116702] Successfull in selecting clicking the category
2016-01-28 03:00:14,064 DEBUG [EBRE22_BatterySTTL-116702] TestStepResult of SelectTestToRun: pass
2016-01-28 03:00:14,064 DEBUG [EBRE22_BatterySTTL-116702] In execute keyword function
2016-01-28 03:00:14,064 DEBUG [EBRE22_BatterySTTL-116702] Executing ClickRunTest function:
2016-01-28 03:00:14,396 DEBUG [EBRE22_BatterySTTL-116702] Executing Click function
2016-01-28 03:00:15,425 DEBUG [EBRE22_BatterySTTL-116702] Exiting Click function
2016-01-28 03:00:15,425 DEBUG [EBRE22_BatterySTTL-116702] toprun_xpath Button clicked Successfully
2016-01-28 03:00:15,425 DEBUG [EBRE22_BatterySTTL-116702] TestStepResult of ClickRunTest: pass
2016-01-28 03:00:15,425 DEBUG [EBRE22_BatterySTTL-116702] In execute keyword function
2016-01-28 03:00:15,425 DEBUG [EBRE22_BatterySTTL-116702] Executing wait function:
2016-01-28 03:00:15,426 DEBUG [EBRE22_BatterySTTL-116702] Started Executing wait function
2016-01-28 03:00:18,426 DEBUG [EBRE22_BatterySTTL-116702] Exiting from wait function
2016-01-28 03:00:18,426 DEBUG [EBRE22_BatterySTTL-116702] TestStepResult of wait: Pass
2016-01-28 03:00:18,426 DEBUG [EBRE22_BatterySTTL-116702] In execute keyword function
2016-01-28 03:00:18,426 DEBUG [EBRE22_BatterySTTL-116702] Executing TakeScreenshot function:
2016-01-28 03:00:19,280 DEBUG [EBRE22_BatterySTTL-116702] Started Executing Validate_App_launched_Device function
2016-01-28 03:00:19,280 DEBUG [EBRE22_BatterySTTL-116702] Entered CheckUIButtonExists function
2016-01-28 03:00:19,280 DEBUG [EBRE22_BatterySTTL-116702] Started executeCommandLine function
2016-01-28 03:00:23,290 DEBUG [EBRE22_BatterySTTL-116702] Exiting from executeCommandLine function
2016-01-28 03:00:23,290 DEBUG [EBRE22_BatterySTTL-116702] Button is not Present
2016-01-28 03:00:23,290 DEBUG [EBRE22_BatterySTTL-116702] Exiting from CheckUIButtonExists function
2016-01-28 03:00:23,290 DEBUG [EBRE22_BatterySTTL-116702] Started executeCommandLine function
2016-01-28 03:00:27,310 DEBUG [EBRE22_BatterySTTL-116702] Given App is in Foreground
2016-01-28 03:00:27,310 DEBUG [EBRE22_BatterySTTL-116702] Exiting Validate_App_launched_Device function
2016-01-28 03:00:27,500 DEBUG [EBRE22_BatterySTTL-116702] TestStepResult of TakeScreenshot: pass
2016-01-28 03:00:27,500 DEBUG [EBRE22_BatterySTTL-116702] In execute keyword function
2016-01-28 03:00:27,500 DEBUG [EBRE22_BatterySTTL-116702] Executing validate_Screenshot function:
2016-01-28 03:00:27,670 DEBUG [EBRE22_BatterySTTL-116702] Match found with reference image
2016-01-28 03:00:27,671 DEBUG [EBRE22_BatterySTTL-116702] Result of validate_Screenshot: Pass
2016-01-28 03:00:27,671 DEBUG [EBRE22_BatterySTTL-116702] In execute keyword function
2016-01-28 03:00:27,671 DEBUG [EBRE22_BatterySTTL-116702] TestStepResult of : Function <> not found in the keyword class
2016-01-28 03:00:27,671 DEBUG [EBRE22_BatterySTTL-116702] allstep_result contains: Function <> not found in the keyword classpassPasspasspassPassPassnull
2016-01-28 03:00:27,671 DEBUG [EBRE22_BatterySTTL-116702] allexpected_result contains: nullPassnullpassnullpassnull
2016-01-28 03:00:27,671 DEBUG [EBRE22_BatterySTTL-116702] Testcase_Result contains: nullPassnullpassnullpassnullFunction <> not found in the keyword classpassPasspasspassPassPassnull
2016-01-28 03:00:27,671 DEBUG [EBRE22_BatterySTTL-116702] Test case with description Battery visible Pass
2016-01-28 03:00:28,778 DEBUG [EBRE22_BatterySTTL-116702] Executing browser_Quit function
2016-01-28 03:00:28,778 DEBUG [EBRE22_BatterySTTL-116702] Completed browser_Quit function
2016-01-28 03:00:28,778 DEBUG [EBRE22_BatterySTTL-116702] Completed quitSelendroid function
2016-01-28 03:00:28,778 DEBUG [EBRE22_BatterySTTL-116702] Row number:3
2016-01-28 03:00:28,804 DEBUG [EBRE22_BatterySTTL-116702] Ending Test Case IDSTTL-116702
