2016-01-28 03:01:01,042 DEBUG [EBRE22_BatterySTTL-116704] Executing Test Case ID: STTL-116704
2016-01-28 03:01:01,048 DEBUG [EBRE22_BatterySTTL-116704] Executing Init_Selendroid function with APK as parameter and clear data value with 1
2016-01-28 03:01:11,489 DEBUG [EBRE22_BatterySTTL-116704] Exiting Init_Selendroid function
2016-01-28 03:01:11,501 DEBUG [EBRE22_BatterySTTL-116704] TestCase with Description "Battery with Layout Left" Execution started
2016-01-28 03:01:11,501 DEBUG [EBRE22_BatterySTTL-116704] In execute keyword function
2016-01-28 03:01:11,501 DEBUG [EBRE22_BatterySTTL-116704] Executing wait function:
2016-01-28 03:01:11,501 DEBUG [EBRE22_BatterySTTL-116704] Started Executing wait function
2016-01-28 03:01:14,502 DEBUG [EBRE22_BatterySTTL-116704] Exiting from wait function
2016-01-28 03:01:14,502 DEBUG [EBRE22_BatterySTTL-116704] TestStepResult of wait: Pass
2016-01-28 03:01:14,502 DEBUG [EBRE22_BatterySTTL-116704] In execute keyword function
2016-01-28 03:01:14,502 DEBUG [EBRE22_BatterySTTL-116704] Executing validate_PageTitle function:
2016-01-28 03:01:14,546 DEBUG [EBRE22_BatterySTTL-116704] The title of the page is *********************************: RE 2.2 Tests
2016-01-28 03:01:14,546 DEBUG [EBRE22_BatterySTTL-116704] The page title found is correct
2016-01-28 03:01:14,546 DEBUG [EBRE22_BatterySTTL-116704] Result of validate_PageTitle: pass
2016-01-28 03:01:14,546 DEBUG [EBRE22_BatterySTTL-116704] In execute keyword function
2016-01-28 03:01:14,546 DEBUG [EBRE22_BatterySTTL-116704] Executing link_Click function:
2016-01-28 03:01:15,160 DEBUG [EBRE22_BatterySTTL-116704] Executing Click function
2016-01-28 03:01:16,194 DEBUG [EBRE22_BatterySTTL-116704] Exiting Click function
2016-01-28 03:01:16,194 DEBUG [EBRE22_BatterySTTL-116704] RE22_battery_test_link clicked successfully
2016-01-28 03:01:16,194 DEBUG [EBRE22_BatterySTTL-116704] TestStepResult of link_Click: Pass
2016-01-28 03:01:16,194 DEBUG [EBRE22_BatterySTTL-116704] In execute keyword function
2016-01-28 03:01:16,194 DEBUG [EBRE22_BatterySTTL-116704] Executing validate_PageTitle function:
2016-01-28 03:01:16,237 DEBUG [EBRE22_BatterySTTL-116704] The title of the page is *********************************: Battery Test
2016-01-28 03:01:16,237 DEBUG [EBRE22_BatterySTTL-116704] The page title found is correct
2016-01-28 03:01:16,237 DEBUG [EBRE22_BatterySTTL-116704] Result of validate_PageTitle: pass
2016-01-28 03:01:16,237 DEBUG [EBRE22_BatterySTTL-116704] In execute keyword function
2016-01-28 03:01:16,237 DEBUG [EBRE22_BatterySTTL-116704] Executing SelectTestToRun function:
2016-01-28 03:01:19,332 DEBUG [EBRE22_BatterySTTL-116704] Successfull in selecting clicking the category
2016-01-28 03:01:19,332 DEBUG [EBRE22_BatterySTTL-116704] TestStepResult of SelectTestToRun: pass
2016-01-28 03:01:19,332 DEBUG [EBRE22_BatterySTTL-116704] In execute keyword function
2016-01-28 03:01:19,332 DEBUG [EBRE22_BatterySTTL-116704] Executing ClickRunTest function:
2016-01-28 03:01:19,752 DEBUG [EBRE22_BatterySTTL-116704] Executing Click function
2016-01-28 03:01:20,836 DEBUG [EBRE22_BatterySTTL-116704] Exiting Click function
2016-01-28 03:01:20,836 DEBUG [EBRE22_BatterySTTL-116704] toprun_xpath Button clicked Successfully
2016-01-28 03:01:20,836 DEBUG [EBRE22_BatterySTTL-116704] TestStepResult of ClickRunTest: pass
2016-01-28 03:01:20,836 DEBUG [EBRE22_BatterySTTL-116704] In execute keyword function
2016-01-28 03:01:20,836 DEBUG [EBRE22_BatterySTTL-116704] Executing wait function:
2016-01-28 03:01:20,836 DEBUG [EBRE22_BatterySTTL-116704] Started Executing wait function
2016-01-28 03:01:23,837 DEBUG [EBRE22_BatterySTTL-116704] Exiting from wait function
2016-01-28 03:01:23,837 DEBUG [EBRE22_BatterySTTL-116704] TestStepResult of wait: Pass
2016-01-28 03:01:23,837 DEBUG [EBRE22_BatterySTTL-116704] In execute keyword function
2016-01-28 03:01:23,837 DEBUG [EBRE22_BatterySTTL-116704] Executing TakeScreenshot function:
2016-01-28 03:01:24,662 DEBUG [EBRE22_BatterySTTL-116704] Started Executing Validate_App_launched_Device function
2016-01-28 03:01:24,662 DEBUG [EBRE22_BatterySTTL-116704] Entered CheckUIButtonExists function
2016-01-28 03:01:24,662 DEBUG [EBRE22_BatterySTTL-116704] Started executeCommandLine function
2016-01-28 03:01:28,671 DEBUG [EBRE22_BatterySTTL-116704] Exiting from executeCommandLine function
2016-01-28 03:01:28,671 DEBUG [EBRE22_BatterySTTL-116704] Button is not Present
2016-01-28 03:01:28,671 DEBUG [EBRE22_BatterySTTL-116704] Exiting from CheckUIButtonExists function
2016-01-28 03:01:28,671 DEBUG [EBRE22_BatterySTTL-116704] Started executeCommandLine function
2016-01-28 03:01:32,693 DEBUG [EBRE22_BatterySTTL-116704] Given App is in Foreground
2016-01-28 03:01:32,693 DEBUG [EBRE22_BatterySTTL-116704] Exiting Validate_App_launched_Device function
2016-01-28 03:01:32,869 DEBUG [EBRE22_BatterySTTL-116704] TestStepResult of TakeScreenshot: pass
2016-01-28 03:01:32,869 DEBUG [EBRE22_BatterySTTL-116704] In execute keyword function
2016-01-28 03:01:32,869 DEBUG [EBRE22_BatterySTTL-116704] Executing validate_Screenshot function:
2016-01-28 03:01:33,026 DEBUG [EBRE22_BatterySTTL-116704] Match found with reference image
2016-01-28 03:01:33,026 DEBUG [EBRE22_BatterySTTL-116704] Result of validate_Screenshot: Pass
2016-01-28 03:01:33,026 DEBUG [EBRE22_BatterySTTL-116704] In execute keyword function
2016-01-28 03:01:33,026 DEBUG [EBRE22_BatterySTTL-116704] TestStepResult of : Function <> not found in the keyword class
2016-01-28 03:01:33,026 DEBUG [EBRE22_BatterySTTL-116704] allstep_result contains: Function <> not found in the keyword classpassPasspasspassPassPassnull
2016-01-28 03:01:33,026 DEBUG [EBRE22_BatterySTTL-116704] allexpected_result contains: nullPassnullpassnullpassnull
2016-01-28 03:01:33,026 DEBUG [EBRE22_BatterySTTL-116704] Testcase_Result contains: nullPassnullpassnullpassnullFunction <> not found in the keyword classpassPasspasspassPassPassnull
2016-01-28 03:01:33,026 DEBUG [EBRE22_BatterySTTL-116704] Test case with description Battery with Layout Left Pass
2016-01-28 03:01:34,118 DEBUG [EBRE22_BatterySTTL-116704] Executing browser_Quit function
2016-01-28 03:01:34,119 DEBUG [EBRE22_BatterySTTL-116704] Completed browser_Quit function
2016-01-28 03:01:34,119 DEBUG [EBRE22_BatterySTTL-116704] Completed quitSelendroid function
2016-01-28 03:01:34,119 DEBUG [EBRE22_BatterySTTL-116704] Row number:5
2016-01-28 03:01:34,161 DEBUG [EBRE22_BatterySTTL-116704] Ending Test Case IDSTTL-116704
