2016-01-28 03:00:28,816 DEBUG [EBRE22_BatterySTTL-116703] Executing Test Case ID: STTL-116703
2016-01-28 03:00:28,821 DEBUG [EBRE22_BatterySTTL-116703] Executing Init_Selendroid function with APK as parameter and clear data value with 1
2016-01-28 03:00:38,649 DEBUG [EBRE22_BatterySTTL-116703] Exiting Init_Selendroid function
2016-01-28 03:00:38,662 DEBUG [EBRE22_BatterySTTL-116703] TestCase with Description "Battery hidden" Execution started
2016-01-28 03:00:38,662 DEBUG [EBRE22_BatterySTTL-116703] In execute keyword function
2016-01-28 03:00:38,662 DEBUG [EBRE22_BatterySTTL-116703] Executing wait function:
2016-01-28 03:00:38,662 DEBUG [EBRE22_BatterySTTL-116703] Started Executing wait function
2016-01-28 03:00:41,662 DEBUG [EBRE22_BatterySTTL-116703] Exiting from wait function
2016-01-28 03:00:41,662 DEBUG [EBRE22_BatterySTTL-116703] TestStepResult of wait: Pass
2016-01-28 03:00:41,662 DEBUG [EBRE22_BatterySTTL-116703] In execute keyword function
2016-01-28 03:00:41,662 DEBUG [EBRE22_BatterySTTL-116703] Executing validate_PageTitle function:
2016-01-28 03:00:41,702 DEBUG [EBRE22_BatterySTTL-116703] The title of the page is *********************************: RE 2.2 Tests
2016-01-28 03:00:41,702 DEBUG [EBRE22_BatterySTTL-116703] The page title found is correct
2016-01-28 03:00:41,702 DEBUG [EBRE22_BatterySTTL-116703] Result of validate_PageTitle: pass
2016-01-28 03:00:41,702 DEBUG [EBRE22_BatterySTTL-116703] In execute keyword function
2016-01-28 03:00:41,702 DEBUG [EBRE22_BatterySTTL-116703] Executing link_Click function:
2016-01-28 03:00:42,306 DEBUG [EBRE22_BatterySTTL-116703] Executing Click function
2016-01-28 03:00:43,335 DEBUG [EBRE22_BatterySTTL-116703] Exiting Click function
2016-01-28 03:00:43,335 DEBUG [EBRE22_BatterySTTL-116703] RE22_battery_test_link clicked successfully
2016-01-28 03:00:43,335 DEBUG [EBRE22_BatterySTTL-116703] TestStepResult of link_Click: Pass
2016-01-28 03:00:43,335 DEBUG [EBRE22_BatterySTTL-116703] In execute keyword function
2016-01-28 03:00:43,335 DEBUG [EBRE22_BatterySTTL-116703] Executing validate_PageTitle function:
2016-01-28 03:00:43,357 DEBUG [EBRE22_BatterySTTL-116703] The title of the page is *********************************: Battery Test
2016-01-28 03:00:43,357 DEBUG [EBRE22_BatterySTTL-116703] The page title found is correct
2016-01-28 03:00:43,357 DEBUG [EBRE22_BatterySTTL-116703] Result of validate_PageTitle: pass
2016-01-28 03:00:43,357 DEBUG [EBRE22_BatterySTTL-116703] In execute keyword function
2016-01-28 03:00:43,357 DEBUG [EBRE22_BatterySTTL-116703] Executing SelectTestToRun function:
2016-01-28 03:00:46,195 DEBUG [EBRE22_BatterySTTL-116703] Successfull in selecting clicking the category
2016-01-28 03:00:46,195 DEBUG [EBRE22_BatterySTTL-116703] TestStepResult of SelectTestToRun: pass
2016-01-28 03:00:46,195 DEBUG [EBRE22_BatterySTTL-116703] In execute keyword function
2016-01-28 03:00:46,195 DEBUG [EBRE22_BatterySTTL-116703] Executing ClickRunTest function:
2016-01-28 03:00:46,541 DEBUG [EBRE22_BatterySTTL-116703] Executing Click function
2016-01-28 03:00:47,610 DEBUG [EBRE22_BatterySTTL-116703] Exiting Click function
2016-01-28 03:00:47,610 DEBUG [EBRE22_BatterySTTL-116703] toprun_xpath Button clicked Successfully
2016-01-28 03:00:47,610 DEBUG [EBRE22_BatterySTTL-116703] TestStepResult of ClickRunTest: pass
2016-01-28 03:00:47,610 DEBUG [EBRE22_BatterySTTL-116703] In execute keyword function
2016-01-28 03:00:47,610 DEBUG [EBRE22_BatterySTTL-116703] Executing wait function:
2016-01-28 03:00:47,610 DEBUG [EBRE22_BatterySTTL-116703] Started Executing wait function
2016-01-28 03:00:50,610 DEBUG [EBRE22_BatterySTTL-116703] Exiting from wait function
2016-01-28 03:00:50,610 DEBUG [EBRE22_BatterySTTL-116703] TestStepResult of wait: Pass
2016-01-28 03:00:50,610 DEBUG [EBRE22_BatterySTTL-116703] In execute keyword function
2016-01-28 03:00:50,610 DEBUG [EBRE22_BatterySTTL-116703] Executing TakeScreenshot function:
2016-01-28 03:00:51,427 DEBUG [EBRE22_BatterySTTL-116703] Started Executing Validate_App_launched_Device function
2016-01-28 03:00:51,427 DEBUG [EBRE22_BatterySTTL-116703] Entered CheckUIButtonExists function
2016-01-28 03:00:51,427 DEBUG [EBRE22_BatterySTTL-116703] Started executeCommandLine function
2016-01-28 03:00:55,437 DEBUG [EBRE22_BatterySTTL-116703] Exiting from executeCommandLine function
2016-01-28 03:00:55,437 DEBUG [EBRE22_BatterySTTL-116703] Button is not Present
2016-01-28 03:00:55,437 DEBUG [EBRE22_BatterySTTL-116703] Exiting from CheckUIButtonExists function
2016-01-28 03:00:55,437 DEBUG [EBRE22_BatterySTTL-116703] Started executeCommandLine function
2016-01-28 03:00:59,457 DEBUG [EBRE22_BatterySTTL-116703] Given App is in Foreground
2016-01-28 03:00:59,457 DEBUG [EBRE22_BatterySTTL-116703] Exiting Validate_App_launched_Device function
2016-01-28 03:00:59,662 DEBUG [EBRE22_BatterySTTL-116703] TestStepResult of TakeScreenshot: pass
2016-01-28 03:00:59,662 DEBUG [EBRE22_BatterySTTL-116703] In execute keyword function
2016-01-28 03:00:59,662 DEBUG [EBRE22_BatterySTTL-116703] Executing validate_Screenshot function:
2016-01-28 03:00:59,869 DEBUG [EBRE22_BatterySTTL-116703] Match found with reference image
2016-01-28 03:00:59,869 DEBUG [EBRE22_BatterySTTL-116703] Result of validate_Screenshot: Pass
2016-01-28 03:00:59,869 DEBUG [EBRE22_BatterySTTL-116703] In execute keyword function
2016-01-28 03:00:59,869 DEBUG [EBRE22_BatterySTTL-116703] TestStepResult of : Function <> not found in the keyword class
2016-01-28 03:00:59,869 DEBUG [EBRE22_BatterySTTL-116703] allstep_result contains: Function <> not found in the keyword classpassPasspasspassPassPassnull
2016-01-28 03:00:59,869 DEBUG [EBRE22_BatterySTTL-116703] allexpected_result contains: nullPassnullpassnullpassnull
2016-01-28 03:00:59,869 DEBUG [EBRE22_BatterySTTL-116703] Testcase_Result contains: nullPassnullpassnullpassnullFunction <> not found in the keyword classpassPasspasspassPassPassnull
2016-01-28 03:00:59,869 DEBUG [EBRE22_BatterySTTL-116703] Test case with description Battery hidden Pass
2016-01-28 03:01:00,997 DEBUG [EBRE22_BatterySTTL-116703] Executing browser_Quit function
2016-01-28 03:01:00,997 DEBUG [EBRE22_BatterySTTL-116703] Completed browser_Quit function
2016-01-28 03:01:00,997 DEBUG [EBRE22_BatterySTTL-116703] Completed quitSelendroid function
2016-01-28 03:01:00,997 DEBUG [EBRE22_BatterySTTL-116703] Row number:4
2016-01-28 03:01:01,024 DEBUG [EBRE22_BatterySTTL-116703] Ending Test Case IDSTTL-116703
