2016-01-28 03:02:39,399 DEBUG [EBRE22_BatterySTTL-116707] Executing Test Case ID: STTL-116707
2016-01-28 03:02:39,404 DEBUG [EBRE22_BatterySTTL-116707] Executing Init_Selendroid function with APK as parameter and clear data value with 1
2016-01-28 03:02:49,685 DEBUG [EBRE22_BatterySTTL-116707] Exiting Init_Selendroid function
2016-01-28 03:02:49,697 DEBUG [EBRE22_BatterySTTL-116707] TestCase with Description "BatteryEvent" Execution started
2016-01-28 03:02:49,698 DEBUG [EBRE22_BatterySTTL-116707] In execute keyword function
2016-01-28 03:02:49,698 DEBUG [EBRE22_BatterySTTL-116707] Executing wait function:
2016-01-28 03:02:49,698 DEBUG [EBRE22_BatterySTTL-116707] Started Executing wait function
2016-01-28 03:02:52,699 DEBUG [EBRE22_BatterySTTL-116707] Exiting from wait function
2016-01-28 03:02:52,699 DEBUG [EBRE22_BatterySTTL-116707] TestStepResult of wait: Pass
2016-01-28 03:02:52,699 DEBUG [EBRE22_BatterySTTL-116707] In execute keyword function
2016-01-28 03:02:52,699 DEBUG [EBRE22_BatterySTTL-116707] Executing validate_PageTitle function:
2016-01-28 03:02:52,741 DEBUG [EBRE22_BatterySTTL-116707] The title of the page is *********************************: RE 2.2 Tests
2016-01-28 03:02:52,741 DEBUG [EBRE22_BatterySTTL-116707] The page title found is correct
2016-01-28 03:02:52,741 DEBUG [EBRE22_BatterySTTL-116707] Result of validate_PageTitle: pass
2016-01-28 03:02:52,742 DEBUG [EBRE22_BatterySTTL-116707] In execute keyword function
2016-01-28 03:02:52,742 DEBUG [EBRE22_BatterySTTL-116707] Executing link_Click function:
2016-01-28 03:02:53,378 DEBUG [EBRE22_BatterySTTL-116707] Executing Click function
2016-01-28 03:02:54,386 DEBUG [EBRE22_BatterySTTL-116707] Exiting Click function
2016-01-28 03:02:54,386 DEBUG [EBRE22_BatterySTTL-116707] RE22_battery_test_link clicked successfully
2016-01-28 03:02:54,386 DEBUG [EBRE22_BatterySTTL-116707] TestStepResult of link_Click: Pass
2016-01-28 03:02:54,386 DEBUG [EBRE22_BatterySTTL-116707] In execute keyword function
2016-01-28 03:02:54,386 DEBUG [EBRE22_BatterySTTL-116707] Executing validate_PageTitle function:
2016-01-28 03:02:54,407 DEBUG [EBRE22_BatterySTTL-116707] The title of the page is *********************************: Battery Test
2016-01-28 03:02:54,407 DEBUG [EBRE22_BatterySTTL-116707] The page title found is correct
2016-01-28 03:02:54,407 DEBUG [EBRE22_BatterySTTL-116707] Result of validate_PageTitle: pass
2016-01-28 03:02:54,407 DEBUG [EBRE22_BatterySTTL-116707] In execute keyword function
2016-01-28 03:02:54,407 DEBUG [EBRE22_BatterySTTL-116707] Executing SelectTestToRun function:
2016-01-28 03:02:58,117 DEBUG [EBRE22_BatterySTTL-116707] Successfull in selecting clicking the category
2016-01-28 03:02:58,118 DEBUG [EBRE22_BatterySTTL-116707] TestStepResult of SelectTestToRun: pass
2016-01-28 03:02:58,118 DEBUG [EBRE22_BatterySTTL-116707] In execute keyword function
2016-01-28 03:02:58,118 DEBUG [EBRE22_BatterySTTL-116707] Executing ClickRunTest function:
2016-01-28 03:02:58,474 DEBUG [EBRE22_BatterySTTL-116707] Executing Click function
2016-01-28 03:02:59,476 DEBUG [EBRE22_BatterySTTL-116707] Exiting Click function
2016-01-28 03:02:59,476 DEBUG [EBRE22_BatterySTTL-116707] toprun_xpath Button clicked Successfully
2016-01-28 03:02:59,476 DEBUG [EBRE22_BatterySTTL-116707] TestStepResult of ClickRunTest: pass
2016-01-28 03:02:59,476 DEBUG [EBRE22_BatterySTTL-116707] In execute keyword function
2016-01-28 03:02:59,476 DEBUG [EBRE22_BatterySTTL-116707] Executing wait function:
2016-01-28 03:02:59,476 DEBUG [EBRE22_BatterySTTL-116707] Started Executing wait function
2016-01-28 03:03:02,476 DEBUG [EBRE22_BatterySTTL-116707] Exiting from wait function
2016-01-28 03:03:02,476 DEBUG [EBRE22_BatterySTTL-116707] TestStepResult of wait: Pass
2016-01-28 03:03:02,476 DEBUG [EBRE22_BatterySTTL-116707] In execute keyword function
2016-01-28 03:03:02,476 DEBUG [EBRE22_BatterySTTL-116707] Executing validate_Result function:
2016-01-28 03:03:02,713 DEBUG [EBRE22_BatterySTTL-116707] AC: 1 Text found in AC: 1
main:100
backup: 0
Count: 1
2016-01-28 03:03:02,713 DEBUG [EBRE22_BatterySTTL-116707] Result of validate_Result: Pass
2016-01-28 03:03:02,713 DEBUG [EBRE22_BatterySTTL-116707] In execute keyword function
2016-01-28 03:03:02,713 DEBUG [EBRE22_BatterySTTL-116707] Executing validate_Result function:
2016-01-28 03:03:02,872 DEBUG [EBRE22_BatterySTTL-116707] main: Text found in AC: 1
main:100
backup: 0
Count: 1
2016-01-28 03:03:02,872 DEBUG [EBRE22_BatterySTTL-116707] Result of validate_Result: Pass
2016-01-28 03:03:02,872 DEBUG [EBRE22_BatterySTTL-116707] In execute keyword function
2016-01-28 03:03:02,872 DEBUG [EBRE22_BatterySTTL-116707] Executing validate_Result function:
2016-01-28 03:03:03,016 DEBUG [EBRE22_BatterySTTL-116707] backup: Text found in AC: 1
main:100
backup: 0
Count: 1
2016-01-28 03:03:03,016 DEBUG [EBRE22_BatterySTTL-116707] Result of validate_Result: Pass
2016-01-28 03:03:03,016 DEBUG [EBRE22_BatterySTTL-116707] allstep_result contains: PasspasspassPassPassnull
2016-01-28 03:03:03,016 DEBUG [EBRE22_BatterySTTL-116707] allexpected_result contains: nullPassPassPassnullpassnullpassnull
2016-01-28 03:03:03,016 DEBUG [EBRE22_BatterySTTL-116707] Testcase_Result contains: nullPassPassPassnullpassnullpassnullPasspasspassPassPassnull
2016-01-28 03:03:03,016 DEBUG [EBRE22_BatterySTTL-116707] Test case with description BatteryEvent Pass
2016-01-28 03:03:04,050 DEBUG [EBRE22_BatterySTTL-116707] Executing browser_Quit function
2016-01-28 03:03:04,050 DEBUG [EBRE22_BatterySTTL-116707] Completed browser_Quit function
2016-01-28 03:03:04,051 DEBUG [EBRE22_BatterySTTL-116707] Completed quitSelendroid function
2016-01-28 03:03:04,051 DEBUG [EBRE22_BatterySTTL-116707] Row number:8
2016-01-28 03:03:04,076 DEBUG [EBRE22_BatterySTTL-116707] Ending Test Case IDSTTL-116707
