2016-01-27 23:13:37,416 DEBUG [EBPB_ControlAppearanceSTTL-116723] Executing Test Case ID: STTL-116723
2016-01-27 23:13:37,425 DEBUG [EBPB_ControlAppearanceSTTL-116723] Executing Init_Selendroid function with APK as parameter and clear data value with 1
2016-01-27 23:13:47,797 DEBUG [EBPB_ControlAppearanceSTTL-116723] Exiting Init_Selendroid function
2016-01-27 23:13:47,823 DEBUG [EBPB_ControlAppearanceSTTL-116723] TestCase with Description "Note: Run this test with Javascript object.

ForwardButton Hidden" Execution started
2016-01-27 23:13:47,823 DEBUG [EBPB_ControlAppearanceSTTL-116723] In execute keyword function
2016-01-27 23:13:47,823 DEBUG [EBPB_ControlAppearanceSTTL-116723] Executing wait function:
2016-01-27 23:13:47,823 DEBUG [EBPB_ControlAppearanceSTTL-116723] Started Executing wait function
2016-01-27 23:13:49,823 DEBUG [EBPB_ControlAppearanceSTTL-116723] Exiting from wait function
2016-01-27 23:13:49,823 DEBUG [EBPB_ControlAppearanceSTTL-116723] TestStepResult of wait: Pass
2016-01-27 23:13:49,823 DEBUG [EBPB_ControlAppearanceSTTL-116723] In execute keyword function
2016-01-27 23:13:49,823 DEBUG [EBPB_ControlAppearanceSTTL-116723] Executing validate_PageTitle function:
2016-01-27 23:13:49,864 DEBUG [EBPB_ControlAppearanceSTTL-116723] The title of the page is *********************************: Pocket Browser Tests
2016-01-27 23:13:49,864 DEBUG [EBPB_ControlAppearanceSTTL-116723] The page title found is correct
2016-01-27 23:13:49,864 DEBUG [EBPB_ControlAppearanceSTTL-116723] Result of validate_PageTitle: pass
2016-01-27 23:13:49,865 DEBUG [EBPB_ControlAppearanceSTTL-116723] In execute keyword function
2016-01-27 23:13:49,865 DEBUG [EBPB_ControlAppearanceSTTL-116723] Executing link_Click function:
2016-01-27 23:13:50,456 DEBUG [EBPB_ControlAppearanceSTTL-116723] Executing Click function
2016-01-27 23:13:51,484 DEBUG [EBPB_ControlAppearanceSTTL-116723] Exiting Click function
2016-01-27 23:13:51,484 DEBUG [EBPB_ControlAppearanceSTTL-116723] controlappearance_test_link clicked successfully
2016-01-27 23:13:51,484 DEBUG [EBPB_ControlAppearanceSTTL-116723] TestStepResult of link_Click: Pass
2016-01-27 23:13:51,485 DEBUG [EBPB_ControlAppearanceSTTL-116723] In execute keyword function
2016-01-27 23:13:51,485 DEBUG [EBPB_ControlAppearanceSTTL-116723] Executing wait function:
2016-01-27 23:13:51,485 DEBUG [EBPB_ControlAppearanceSTTL-116723] Started Executing wait function
2016-01-27 23:13:53,486 DEBUG [EBPB_ControlAppearanceSTTL-116723] Exiting from wait function
2016-01-27 23:13:53,486 DEBUG [EBPB_ControlAppearanceSTTL-116723] TestStepResult of wait: Pass
2016-01-27 23:13:53,486 DEBUG [EBPB_ControlAppearanceSTTL-116723] In execute keyword function
2016-01-27 23:13:53,486 DEBUG [EBPB_ControlAppearanceSTTL-116723] Executing validate_PageTitle function:
2016-01-27 23:13:53,530 DEBUG [EBPB_ControlAppearanceSTTL-116723] The title of the page is *********************************: PB and RE2.2 Semi Auto Frame Work : Control & Appearance
2016-01-27 23:13:53,530 DEBUG [EBPB_ControlAppearanceSTTL-116723] The page title found is correct
2016-01-27 23:13:53,530 DEBUG [EBPB_ControlAppearanceSTTL-116723] Result of validate_PageTitle: pass
2016-01-27 23:13:53,530 DEBUG [EBPB_ControlAppearanceSTTL-116723] In execute keyword function
2016-01-27 23:13:53,530 DEBUG [EBPB_ControlAppearanceSTTL-116723] Executing SelectTestToRun function:
2016-01-27 23:13:58,533 DEBUG [EBPB_ControlAppearanceSTTL-116723] Successfull in selecting clicking the category
2016-01-27 23:13:58,533 DEBUG [EBPB_ControlAppearanceSTTL-116723] TestStepResult of SelectTestToRun: pass
2016-01-27 23:13:58,534 DEBUG [EBPB_ControlAppearanceSTTL-116723] In execute keyword function
2016-01-27 23:13:58,534 DEBUG [EBPB_ControlAppearanceSTTL-116723] Executing validate_Text_Exists function:
2016-01-27 23:13:58,841 DEBUG [EBPB_ControlAppearanceSTTL-116723] VT056-0507 Testcase Text found
2016-01-27 23:13:58,841 DEBUG [EBPB_ControlAppearanceSTTL-116723] Result of validate_Text_Exists: Pass
2016-01-27 23:13:58,841 DEBUG [EBPB_ControlAppearanceSTTL-116723] In execute keyword function
2016-01-27 23:13:58,841 DEBUG [EBPB_ControlAppearanceSTTL-116723] Executing ClickRunTest function:
2016-01-27 23:13:59,177 DEBUG [EBPB_ControlAppearanceSTTL-116723] Executing Click function
2016-01-27 23:14:00,144 DEBUG [EBPB_ControlAppearanceSTTL-116723] Exiting Click function
2016-01-27 23:14:00,144 DEBUG [EBPB_ControlAppearanceSTTL-116723] runtest_top_xpath Button clicked Successfully
2016-01-27 23:14:00,144 DEBUG [EBPB_ControlAppearanceSTTL-116723] TestStepResult of ClickRunTest: pass
2016-01-27 23:14:00,144 DEBUG [EBPB_ControlAppearanceSTTL-116723] In execute keyword function
2016-01-27 23:14:00,144 DEBUG [EBPB_ControlAppearanceSTTL-116723] Executing validate_isIconDisplayed function:
2016-01-27 23:14:00,144 DEBUG [EBPB_ControlAppearanceSTTL-116723] Entered validate_isIconDisplayed function
2016-01-27 23:14:00,802 DEBUG [EBPB_ControlAppearanceSTTL-116723] Result of validate_isIconDisplayed: Pass
2016-01-27 23:14:00,802 DEBUG [EBPB_ControlAppearanceSTTL-116723] allstep_result contains: passpassPassPassPassnull
2016-01-27 23:14:00,802 DEBUG [EBPB_ControlAppearanceSTTL-116723] allexpected_result contains: nullPassnullPassnullpassnullpassnull
2016-01-27 23:14:00,802 DEBUG [EBPB_ControlAppearanceSTTL-116723] Testcase_Result contains: nullPassnullPassnullpassnullpassnullpasspassPassPassPassnull
2016-01-27 23:14:00,802 DEBUG [EBPB_ControlAppearanceSTTL-116723] Test case with description Note: Run this test with Javascript object.

ForwardButton Hidden Pass
2016-01-27 23:14:01,864 DEBUG [EBPB_ControlAppearanceSTTL-116723] Executing browser_Quit function
2016-01-27 23:14:01,864 DEBUG [EBPB_ControlAppearanceSTTL-116723] Completed browser_Quit function
2016-01-27 23:14:01,864 DEBUG [EBPB_ControlAppearanceSTTL-116723] Completed quitSelendroid function
2016-01-27 23:14:01,864 DEBUG [EBPB_ControlAppearanceSTTL-116723] Row number:24
2016-01-27 23:14:01,904 DEBUG [EBPB_ControlAppearanceSTTL-116723] Ending Test Case IDSTTL-116723
