2016-01-27 23:18:03,370 DEBUG [EBPB_ControlAppearanceSTTL-116732] Executing Test Case ID: STTL-116732
2016-01-27 23:18:03,379 DEBUG [EBPB_ControlAppearanceSTTL-116732] Executing Init_Selendroid function with APK as parameter and clear data value with 1
2016-01-27 23:18:13,271 DEBUG [EBPB_ControlAppearanceSTTL-116732] Exiting Init_Selendroid function
2016-01-27 23:18:13,295 DEBUG [EBPB_ControlAppearanceSTTL-116732] TestCase with Description "Note: Run this test with Javascript object.

GoButton Visible" Execution started
2016-01-27 23:18:13,295 DEBUG [EBPB_ControlAppearanceSTTL-116732] In execute keyword function
2016-01-27 23:18:13,295 DEBUG [EBPB_ControlAppearanceSTTL-116732] Executing wait function:
2016-01-27 23:18:13,295 DEBUG [EBPB_ControlAppearanceSTTL-116732] Started Executing wait function
2016-01-27 23:18:15,295 DEBUG [EBPB_ControlAppearanceSTTL-116732] Exiting from wait function
2016-01-27 23:18:15,295 DEBUG [EBPB_ControlAppearanceSTTL-116732] TestStepResult of wait: Pass
2016-01-27 23:18:15,295 DEBUG [EBPB_ControlAppearanceSTTL-116732] In execute keyword function
2016-01-27 23:18:15,295 DEBUG [EBPB_ControlAppearanceSTTL-116732] Executing validate_PageTitle function:
2016-01-27 23:18:15,338 DEBUG [EBPB_ControlAppearanceSTTL-116732] The title of the page is *********************************: Pocket Browser Tests
2016-01-27 23:18:15,338 DEBUG [EBPB_ControlAppearanceSTTL-116732] The page title found is correct
2016-01-27 23:18:15,338 DEBUG [EBPB_ControlAppearanceSTTL-116732] Result of validate_PageTitle: pass
2016-01-27 23:18:15,338 DEBUG [EBPB_ControlAppearanceSTTL-116732] In execute keyword function
2016-01-27 23:18:15,338 DEBUG [EBPB_ControlAppearanceSTTL-116732] Executing link_Click function:
2016-01-27 23:18:15,908 DEBUG [EBPB_ControlAppearanceSTTL-116732] Executing Click function
2016-01-27 23:18:16,965 DEBUG [EBPB_ControlAppearanceSTTL-116732] Exiting Click function
2016-01-27 23:18:16,965 DEBUG [EBPB_ControlAppearanceSTTL-116732] controlappearance_test_link clicked successfully
2016-01-27 23:18:16,965 DEBUG [EBPB_ControlAppearanceSTTL-116732] TestStepResult of link_Click: Pass
2016-01-27 23:18:16,965 DEBUG [EBPB_ControlAppearanceSTTL-116732] In execute keyword function
2016-01-27 23:18:16,965 DEBUG [EBPB_ControlAppearanceSTTL-116732] Executing wait function:
2016-01-27 23:18:16,966 DEBUG [EBPB_ControlAppearanceSTTL-116732] Started Executing wait function
2016-01-27 23:18:18,966 DEBUG [EBPB_ControlAppearanceSTTL-116732] Exiting from wait function
2016-01-27 23:18:18,966 DEBUG [EBPB_ControlAppearanceSTTL-116732] TestStepResult of wait: Pass
2016-01-27 23:18:18,966 DEBUG [EBPB_ControlAppearanceSTTL-116732] In execute keyword function
2016-01-27 23:18:18,966 DEBUG [EBPB_ControlAppearanceSTTL-116732] Executing validate_PageTitle function:
2016-01-27 23:18:19,002 DEBUG [EBPB_ControlAppearanceSTTL-116732] The title of the page is *********************************: PB and RE2.2 Semi Auto Frame Work : Control & Appearance
2016-01-27 23:18:19,002 DEBUG [EBPB_ControlAppearanceSTTL-116732] The page title found is correct
2016-01-27 23:18:19,002 DEBUG [EBPB_ControlAppearanceSTTL-116732] Result of validate_PageTitle: pass
2016-01-27 23:18:19,002 DEBUG [EBPB_ControlAppearanceSTTL-116732] In execute keyword function
2016-01-27 23:18:19,002 DEBUG [EBPB_ControlAppearanceSTTL-116732] Executing SelectTestToRun function:
2016-01-27 23:18:25,010 DEBUG [EBPB_ControlAppearanceSTTL-116732] Successfull in selecting clicking the category
2016-01-27 23:18:25,010 DEBUG [EBPB_ControlAppearanceSTTL-116732] TestStepResult of SelectTestToRun: pass
2016-01-27 23:18:25,010 DEBUG [EBPB_ControlAppearanceSTTL-116732] In execute keyword function
2016-01-27 23:18:25,010 DEBUG [EBPB_ControlAppearanceSTTL-116732] Executing validate_Text_Exists function:
2016-01-27 23:18:25,267 DEBUG [EBPB_ControlAppearanceSTTL-116732] VT056-0522 Testcase Text found
2016-01-27 23:18:25,267 DEBUG [EBPB_ControlAppearanceSTTL-116732] Result of validate_Text_Exists: Pass
2016-01-27 23:18:25,267 DEBUG [EBPB_ControlAppearanceSTTL-116732] In execute keyword function
2016-01-27 23:18:25,267 DEBUG [EBPB_ControlAppearanceSTTL-116732] Executing ClickRunTest function:
2016-01-27 23:18:25,613 DEBUG [EBPB_ControlAppearanceSTTL-116732] Executing Click function
2016-01-27 23:18:26,769 DEBUG [EBPB_ControlAppearanceSTTL-116732] Exiting Click function
2016-01-27 23:18:26,769 DEBUG [EBPB_ControlAppearanceSTTL-116732] runtest_top_xpath Button clicked Successfully
2016-01-27 23:18:26,769 DEBUG [EBPB_ControlAppearanceSTTL-116732] TestStepResult of ClickRunTest: pass
2016-01-27 23:18:26,769 DEBUG [EBPB_ControlAppearanceSTTL-116732] In execute keyword function
2016-01-27 23:18:26,769 DEBUG [EBPB_ControlAppearanceSTTL-116732] Executing validate_isIconDisplayed function:
2016-01-27 23:18:26,769 DEBUG [EBPB_ControlAppearanceSTTL-116732] Entered validate_isIconDisplayed function
2016-01-27 23:18:27,209 DEBUG [EBPB_ControlAppearanceSTTL-116732] Result of validate_isIconDisplayed: Pass
2016-01-27 23:18:27,209 DEBUG [EBPB_ControlAppearanceSTTL-116732] allstep_result contains: passpassPassPassPassnull
2016-01-27 23:18:27,209 DEBUG [EBPB_ControlAppearanceSTTL-116732] allexpected_result contains: nullPassnullPassnullpassnullpassnull
2016-01-27 23:18:27,209 DEBUG [EBPB_ControlAppearanceSTTL-116732] Testcase_Result contains: nullPassnullPassnullpassnullpassnullpasspassPassPassPassnull
2016-01-27 23:18:27,209 DEBUG [EBPB_ControlAppearanceSTTL-116732] Test case with description Note: Run this test with Javascript object.

GoButton Visible Pass
2016-01-27 23:18:28,215 DEBUG [EBPB_ControlAppearanceSTTL-116732] Executing browser_Quit function
2016-01-27 23:18:28,215 DEBUG [EBPB_ControlAppearanceSTTL-116732] Completed browser_Quit function
2016-01-27 23:18:28,215 DEBUG [EBPB_ControlAppearanceSTTL-116732] Completed quitSelendroid function
2016-01-27 23:18:28,216 DEBUG [EBPB_ControlAppearanceSTTL-116732] Row number:33
2016-01-27 23:18:28,263 DEBUG [EBPB_ControlAppearanceSTTL-116732] Ending Test Case IDSTTL-116732
