2016-01-27 23:28:17,614 DEBUG [EBPB_ControlAppearanceSTTL-116752] Executing Test Case ID: STTL-116752
2016-01-27 23:28:17,624 DEBUG [EBPB_ControlAppearanceSTTL-116752] Executing Init_Selendroid function with APK as parameter and clear data value with 1
2016-01-27 23:28:27,929 DEBUG [EBPB_ControlAppearanceSTTL-116752] Exiting Init_Selendroid function
2016-01-27 23:28:27,953 DEBUG [EBPB_ControlAppearanceSTTL-116752] TestCase with Description "Note: Run this test with Javascript object.

SipButton height:10" Execution started
2016-01-27 23:28:27,953 DEBUG [EBPB_ControlAppearanceSTTL-116752] In execute keyword function
2016-01-27 23:28:27,953 DEBUG [EBPB_ControlAppearanceSTTL-116752] Executing wait function:
2016-01-27 23:28:27,953 DEBUG [EBPB_ControlAppearanceSTTL-116752] Started Executing wait function
2016-01-27 23:28:29,953 DEBUG [EBPB_ControlAppearanceSTTL-116752] Exiting from wait function
2016-01-27 23:28:29,953 DEBUG [EBPB_ControlAppearanceSTTL-116752] TestStepResult of wait: Pass
2016-01-27 23:28:29,953 DEBUG [EBPB_ControlAppearanceSTTL-116752] In execute keyword function
2016-01-27 23:28:29,953 DEBUG [EBPB_ControlAppearanceSTTL-116752] Executing validate_PageTitle function:
2016-01-27 23:28:29,996 DEBUG [EBPB_ControlAppearanceSTTL-116752] The title of the page is *********************************: Pocket Browser Tests
2016-01-27 23:28:29,996 DEBUG [EBPB_ControlAppearanceSTTL-116752] The page title found is correct
2016-01-27 23:28:29,996 DEBUG [EBPB_ControlAppearanceSTTL-116752] Result of validate_PageTitle: pass
2016-01-27 23:28:29,996 DEBUG [EBPB_ControlAppearanceSTTL-116752] In execute keyword function
2016-01-27 23:28:29,996 DEBUG [EBPB_ControlAppearanceSTTL-116752] Executing link_Click function:
2016-01-27 23:28:30,636 DEBUG [EBPB_ControlAppearanceSTTL-116752] Executing Click function
2016-01-27 23:28:31,660 DEBUG [EBPB_ControlAppearanceSTTL-116752] Exiting Click function
2016-01-27 23:28:31,661 DEBUG [EBPB_ControlAppearanceSTTL-116752] controlappearance_test_link clicked successfully
2016-01-27 23:28:31,661 DEBUG [EBPB_ControlAppearanceSTTL-116752] TestStepResult of link_Click: Pass
2016-01-27 23:28:31,661 DEBUG [EBPB_ControlAppearanceSTTL-116752] In execute keyword function
2016-01-27 23:28:31,661 DEBUG [EBPB_ControlAppearanceSTTL-116752] Executing wait function:
2016-01-27 23:28:31,661 DEBUG [EBPB_ControlAppearanceSTTL-116752] Started Executing wait function
2016-01-27 23:28:33,660 DEBUG [EBPB_ControlAppearanceSTTL-116752] Exiting from wait function
2016-01-27 23:28:33,660 DEBUG [EBPB_ControlAppearanceSTTL-116752] TestStepResult of wait: Pass
2016-01-27 23:28:33,660 DEBUG [EBPB_ControlAppearanceSTTL-116752] In execute keyword function
2016-01-27 23:28:33,660 DEBUG [EBPB_ControlAppearanceSTTL-116752] Executing validate_PageTitle function:
2016-01-27 23:28:33,704 DEBUG [EBPB_ControlAppearanceSTTL-116752] The title of the page is *********************************: PB and RE2.2 Semi Auto Frame Work : Control & Appearance
2016-01-27 23:28:33,704 DEBUG [EBPB_ControlAppearanceSTTL-116752] The page title found is correct
2016-01-27 23:28:33,704 DEBUG [EBPB_ControlAppearanceSTTL-116752] Result of validate_PageTitle: pass
2016-01-27 23:28:33,705 DEBUG [EBPB_ControlAppearanceSTTL-116752] In execute keyword function
2016-01-27 23:28:33,705 DEBUG [EBPB_ControlAppearanceSTTL-116752] Executing SelectTestToRun function:
2016-01-27 23:28:44,501 DEBUG [EBPB_ControlAppearanceSTTL-116752] Successfull in selecting clicking the category
2016-01-27 23:28:44,501 DEBUG [EBPB_ControlAppearanceSTTL-116752] TestStepResult of SelectTestToRun: pass
2016-01-27 23:28:44,501 DEBUG [EBPB_ControlAppearanceSTTL-116752] In execute keyword function
2016-01-27 23:28:44,501 DEBUG [EBPB_ControlAppearanceSTTL-116752] Executing validate_Text_Exists function:
2016-01-27 23:28:44,723 DEBUG [EBPB_ControlAppearanceSTTL-116752] VT056-0609 Testcase Text found
2016-01-27 23:28:44,723 DEBUG [EBPB_ControlAppearanceSTTL-116752] Result of validate_Text_Exists: Pass
2016-01-27 23:28:44,723 DEBUG [EBPB_ControlAppearanceSTTL-116752] In execute keyword function
2016-01-27 23:28:44,723 DEBUG [EBPB_ControlAppearanceSTTL-116752] Executing ClickRunTest function:
2016-01-27 23:28:45,090 DEBUG [EBPB_ControlAppearanceSTTL-116752] Executing Click function
2016-01-27 23:28:46,026 DEBUG [EBPB_ControlAppearanceSTTL-116752] Exiting Click function
2016-01-27 23:28:46,026 DEBUG [EBPB_ControlAppearanceSTTL-116752] runtest_top_xpath Button clicked Successfully
2016-01-27 23:28:46,026 DEBUG [EBPB_ControlAppearanceSTTL-116752] TestStepResult of ClickRunTest: pass
2016-01-27 23:28:46,026 DEBUG [EBPB_ControlAppearanceSTTL-116752] In execute keyword function
2016-01-27 23:28:46,026 DEBUG [EBPB_ControlAppearanceSTTL-116752] Executing validate_Iconposition function:
2016-01-27 23:28:46,026 DEBUG [EBPB_ControlAppearanceSTTL-116752] Entered validate_Iconposition function
2016-01-27 23:28:47,142 DEBUG [EBPB_ControlAppearanceSTTL-116752] Result of validate_Iconposition: Pass
2016-01-27 23:28:47,142 DEBUG [EBPB_ControlAppearanceSTTL-116752] allstep_result contains: passpassPassPassPassnull
2016-01-27 23:28:47,142 DEBUG [EBPB_ControlAppearanceSTTL-116752] allexpected_result contains: nullPassnullPassnullpassnullpassnull
2016-01-27 23:28:47,142 DEBUG [EBPB_ControlAppearanceSTTL-116752] Testcase_Result contains: nullPassnullPassnullpassnullpassnullpasspassPassPassPassnull
2016-01-27 23:28:47,142 DEBUG [EBPB_ControlAppearanceSTTL-116752] Test case with description Note: Run this test with Javascript object.

SipButton height:10 Pass
2016-01-27 23:28:48,146 DEBUG [EBPB_ControlAppearanceSTTL-116752] Executing browser_Quit function
2016-01-27 23:28:48,146 DEBUG [EBPB_ControlAppearanceSTTL-116752] Completed browser_Quit function
2016-01-27 23:28:48,146 DEBUG [EBPB_ControlAppearanceSTTL-116752] Completed quitSelendroid function
2016-01-27 23:28:48,148 DEBUG [EBPB_ControlAppearanceSTTL-116752] Row number:53
2016-01-27 23:28:48,200 DEBUG [EBPB_ControlAppearanceSTTL-116752] Ending Test Case IDSTTL-116752
