2016-01-27 23:09:06,529 DEBUG [EBPB_ControlAppearanceSTTL-116713] Executing Test Case ID: STTL-116713
2016-01-27 23:09:06,539 DEBUG [EBPB_ControlAppearanceSTTL-116713] Executing Init_Selendroid function with APK as parameter and clear data value with 1
2016-01-27 23:09:17,039 DEBUG [EBPB_ControlAppearanceSTTL-116713] Exiting Init_Selendroid function
2016-01-27 23:09:17,063 DEBUG [EBPB_ControlAppearanceSTTL-116713] TestCase with Description "Note: Run this test with Javascript object.

BackButton Height:20" Execution started
2016-01-27 23:09:17,063 DEBUG [EBPB_ControlAppearanceSTTL-116713] In execute keyword function
2016-01-27 23:09:17,063 DEBUG [EBPB_ControlAppearanceSTTL-116713] Executing wait function:
2016-01-27 23:09:17,063 DEBUG [EBPB_ControlAppearanceSTTL-116713] Started Executing wait function
2016-01-27 23:09:19,063 DEBUG [EBPB_ControlAppearanceSTTL-116713] Exiting from wait function
2016-01-27 23:09:19,063 DEBUG [EBPB_ControlAppearanceSTTL-116713] TestStepResult of wait: Pass
2016-01-27 23:09:19,063 DEBUG [EBPB_ControlAppearanceSTTL-116713] In execute keyword function
2016-01-27 23:09:19,063 DEBUG [EBPB_ControlAppearanceSTTL-116713] Executing validate_PageTitle function:
2016-01-27 23:09:19,103 DEBUG [EBPB_ControlAppearanceSTTL-116713] The title of the page is *********************************: Pocket Browser Tests
2016-01-27 23:09:19,103 DEBUG [EBPB_ControlAppearanceSTTL-116713] The page title found is correct
2016-01-27 23:09:19,103 DEBUG [EBPB_ControlAppearanceSTTL-116713] Result of validate_PageTitle: pass
2016-01-27 23:09:19,103 DEBUG [EBPB_ControlAppearanceSTTL-116713] In execute keyword function
2016-01-27 23:09:19,103 DEBUG [EBPB_ControlAppearanceSTTL-116713] Executing link_Click function:
2016-01-27 23:09:19,681 DEBUG [EBPB_ControlAppearanceSTTL-116713] Executing Click function
2016-01-27 23:09:20,697 DEBUG [EBPB_ControlAppearanceSTTL-116713] Exiting Click function
2016-01-27 23:09:20,697 DEBUG [EBPB_ControlAppearanceSTTL-116713] controlappearance_test_link clicked successfully
2016-01-27 23:09:20,697 DEBUG [EBPB_ControlAppearanceSTTL-116713] TestStepResult of link_Click: Pass
2016-01-27 23:09:20,697 DEBUG [EBPB_ControlAppearanceSTTL-116713] In execute keyword function
2016-01-27 23:09:20,697 DEBUG [EBPB_ControlAppearanceSTTL-116713] Executing wait function:
2016-01-27 23:09:20,697 DEBUG [EBPB_ControlAppearanceSTTL-116713] Started Executing wait function
2016-01-27 23:09:22,698 DEBUG [EBPB_ControlAppearanceSTTL-116713] Exiting from wait function
2016-01-27 23:09:22,698 DEBUG [EBPB_ControlAppearanceSTTL-116713] TestStepResult of wait: Pass
2016-01-27 23:09:22,698 DEBUG [EBPB_ControlAppearanceSTTL-116713] In execute keyword function
2016-01-27 23:09:22,698 DEBUG [EBPB_ControlAppearanceSTTL-116713] Executing validate_PageTitle function:
2016-01-27 23:09:22,738 DEBUG [EBPB_ControlAppearanceSTTL-116713] The title of the page is *********************************: PB and RE2.2 Semi Auto Frame Work : Control & Appearance
2016-01-27 23:09:22,738 DEBUG [EBPB_ControlAppearanceSTTL-116713] The page title found is correct
2016-01-27 23:09:22,738 DEBUG [EBPB_ControlAppearanceSTTL-116713] Result of validate_PageTitle: pass
2016-01-27 23:09:22,738 DEBUG [EBPB_ControlAppearanceSTTL-116713] In execute keyword function
2016-01-27 23:09:22,738 DEBUG [EBPB_ControlAppearanceSTTL-116713] Executing SelectTestToRun function:
2016-01-27 23:09:26,335 DEBUG [EBPB_ControlAppearanceSTTL-116713] Successfull in selecting clicking the category
2016-01-27 23:09:26,335 DEBUG [EBPB_ControlAppearanceSTTL-116713] TestStepResult of SelectTestToRun: pass
2016-01-27 23:09:26,335 DEBUG [EBPB_ControlAppearanceSTTL-116713] In execute keyword function
2016-01-27 23:09:26,336 DEBUG [EBPB_ControlAppearanceSTTL-116713] Executing validate_Text_Exists function:
2016-01-27 23:09:26,581 DEBUG [EBPB_ControlAppearanceSTTL-116713] VT056-0470 Testcase Text found
2016-01-27 23:09:26,581 DEBUG [EBPB_ControlAppearanceSTTL-116713] Result of validate_Text_Exists: Pass
2016-01-27 23:09:26,581 DEBUG [EBPB_ControlAppearanceSTTL-116713] In execute keyword function
2016-01-27 23:09:26,581 DEBUG [EBPB_ControlAppearanceSTTL-116713] Executing ClickRunTest function:
2016-01-27 23:09:26,870 DEBUG [EBPB_ControlAppearanceSTTL-116713] Executing Click function
2016-01-27 23:09:27,804 DEBUG [EBPB_ControlAppearanceSTTL-116713] Exiting Click function
2016-01-27 23:09:27,804 DEBUG [EBPB_ControlAppearanceSTTL-116713] runtest_top_xpath Button clicked Successfully
2016-01-27 23:09:27,804 DEBUG [EBPB_ControlAppearanceSTTL-116713] TestStepResult of ClickRunTest: pass
2016-01-27 23:09:27,804 DEBUG [EBPB_ControlAppearanceSTTL-116713] In execute keyword function
2016-01-27 23:09:27,804 DEBUG [EBPB_ControlAppearanceSTTL-116713] Executing validate_Iconposition function:
2016-01-27 23:09:27,804 DEBUG [EBPB_ControlAppearanceSTTL-116713] Entered validate_Iconposition function
2016-01-27 23:09:28,969 DEBUG [EBPB_ControlAppearanceSTTL-116713] Result of validate_Iconposition: Pass
2016-01-27 23:09:28,969 DEBUG [EBPB_ControlAppearanceSTTL-116713] allstep_result contains: passpassPassPassPassnull
2016-01-27 23:09:28,969 DEBUG [EBPB_ControlAppearanceSTTL-116713] allexpected_result contains: nullPassnullPassnullpassnullpassnull
2016-01-27 23:09:28,969 DEBUG [EBPB_ControlAppearanceSTTL-116713] Testcase_Result contains: nullPassnullPassnullpassnullpassnullpasspassPassPassPassnull
2016-01-27 23:09:28,969 DEBUG [EBPB_ControlAppearanceSTTL-116713] Test case with description Note: Run this test with Javascript object.

BackButton Height:20 Pass
2016-01-27 23:09:29,929 DEBUG [EBPB_ControlAppearanceSTTL-116713] Executing browser_Quit function
2016-01-27 23:09:29,929 DEBUG [EBPB_ControlAppearanceSTTL-116713] Completed browser_Quit function
2016-01-27 23:09:29,929 DEBUG [EBPB_ControlAppearanceSTTL-116713] Completed quitSelendroid function
2016-01-27 23:09:29,929 DEBUG [EBPB_ControlAppearanceSTTL-116713] Row number:14
2016-01-27 23:09:29,992 DEBUG [EBPB_ControlAppearanceSTTL-116713] Ending Test Case IDSTTL-116713
