2016-01-27 23:14:26,938 DEBUG [EBPB_ControlAppearanceSTTL-116725] Executing Test Case ID: STTL-116725
2016-01-27 23:14:26,948 DEBUG [EBPB_ControlAppearanceSTTL-116725] Executing Init_Selendroid function with APK as parameter and clear data value with 1
2016-01-27 23:14:37,302 DEBUG [EBPB_ControlAppearanceSTTL-116725] Exiting Init_Selendroid function
2016-01-27 23:14:37,323 DEBUG [EBPB_ControlAppearanceSTTL-116725] TestCase with Description "Note: Run this test with Javascript object.

ForwardButton Top:50" Execution started
2016-01-27 23:14:37,323 DEBUG [EBPB_ControlAppearanceSTTL-116725] In execute keyword function
2016-01-27 23:14:37,323 DEBUG [EBPB_ControlAppearanceSTTL-116725] Executing wait function:
2016-01-27 23:14:37,323 DEBUG [EBPB_ControlAppearanceSTTL-116725] Started Executing wait function
2016-01-27 23:14:39,323 DEBUG [EBPB_ControlAppearanceSTTL-116725] Exiting from wait function
2016-01-27 23:14:39,323 DEBUG [EBPB_ControlAppearanceSTTL-116725] TestStepResult of wait: Pass
2016-01-27 23:14:39,323 DEBUG [EBPB_ControlAppearanceSTTL-116725] In execute keyword function
2016-01-27 23:14:39,323 DEBUG [EBPB_ControlAppearanceSTTL-116725] Executing validate_PageTitle function:
2016-01-27 23:14:39,340 DEBUG [EBPB_ControlAppearanceSTTL-116725] The title of the page is *********************************: Pocket Browser Tests
2016-01-27 23:14:39,340 DEBUG [EBPB_ControlAppearanceSTTL-116725] The page title found is correct
2016-01-27 23:14:39,340 DEBUG [EBPB_ControlAppearanceSTTL-116725] Result of validate_PageTitle: pass
2016-01-27 23:14:39,340 DEBUG [EBPB_ControlAppearanceSTTL-116725] In execute keyword function
2016-01-27 23:14:39,340 DEBUG [EBPB_ControlAppearanceSTTL-116725] Executing link_Click function:
2016-01-27 23:14:39,947 DEBUG [EBPB_ControlAppearanceSTTL-116725] Executing Click function
2016-01-27 23:14:40,980 DEBUG [EBPB_ControlAppearanceSTTL-116725] Exiting Click function
2016-01-27 23:14:40,980 DEBUG [EBPB_ControlAppearanceSTTL-116725] controlappearance_test_link clicked successfully
2016-01-27 23:14:40,980 DEBUG [EBPB_ControlAppearanceSTTL-116725] TestStepResult of link_Click: Pass
2016-01-27 23:14:40,980 DEBUG [EBPB_ControlAppearanceSTTL-116725] In execute keyword function
2016-01-27 23:14:40,980 DEBUG [EBPB_ControlAppearanceSTTL-116725] Executing wait function:
2016-01-27 23:14:40,980 DEBUG [EBPB_ControlAppearanceSTTL-116725] Started Executing wait function
2016-01-27 23:14:42,981 DEBUG [EBPB_ControlAppearanceSTTL-116725] Exiting from wait function
2016-01-27 23:14:42,981 DEBUG [EBPB_ControlAppearanceSTTL-116725] TestStepResult of wait: Pass
2016-01-27 23:14:42,981 DEBUG [EBPB_ControlAppearanceSTTL-116725] In execute keyword function
2016-01-27 23:14:42,981 DEBUG [EBPB_ControlAppearanceSTTL-116725] Executing validate_PageTitle function:
2016-01-27 23:14:43,029 DEBUG [EBPB_ControlAppearanceSTTL-116725] The title of the page is *********************************: PB and RE2.2 Semi Auto Frame Work : Control & Appearance
2016-01-27 23:14:43,029 DEBUG [EBPB_ControlAppearanceSTTL-116725] The page title found is correct
2016-01-27 23:14:43,029 DEBUG [EBPB_ControlAppearanceSTTL-116725] Result of validate_PageTitle: pass
2016-01-27 23:14:43,030 DEBUG [EBPB_ControlAppearanceSTTL-116725] In execute keyword function
2016-01-27 23:14:43,030 DEBUG [EBPB_ControlAppearanceSTTL-116725] Executing SelectTestToRun function:
2016-01-27 23:14:48,174 DEBUG [EBPB_ControlAppearanceSTTL-116725] Successfull in selecting clicking the category
2016-01-27 23:14:48,174 DEBUG [EBPB_ControlAppearanceSTTL-116725] TestStepResult of SelectTestToRun: pass
2016-01-27 23:14:48,175 DEBUG [EBPB_ControlAppearanceSTTL-116725] In execute keyword function
2016-01-27 23:14:48,175 DEBUG [EBPB_ControlAppearanceSTTL-116725] Executing validate_Text_Exists function:
2016-01-27 23:14:48,487 DEBUG [EBPB_ControlAppearanceSTTL-116725] VT056-0510 Testcase Text found
2016-01-27 23:14:48,487 DEBUG [EBPB_ControlAppearanceSTTL-116725] Result of validate_Text_Exists: Pass
2016-01-27 23:14:48,487 DEBUG [EBPB_ControlAppearanceSTTL-116725] In execute keyword function
2016-01-27 23:14:48,487 DEBUG [EBPB_ControlAppearanceSTTL-116725] Executing ClickRunTest function:
2016-01-27 23:14:48,844 DEBUG [EBPB_ControlAppearanceSTTL-116725] Executing Click function
2016-01-27 23:14:49,872 DEBUG [EBPB_ControlAppearanceSTTL-116725] Exiting Click function
2016-01-27 23:14:49,872 DEBUG [EBPB_ControlAppearanceSTTL-116725] runtest_top_xpath Button clicked Successfully
2016-01-27 23:14:49,872 DEBUG [EBPB_ControlAppearanceSTTL-116725] TestStepResult of ClickRunTest: pass
2016-01-27 23:14:49,872 DEBUG [EBPB_ControlAppearanceSTTL-116725] In execute keyword function
2016-01-27 23:14:49,872 DEBUG [EBPB_ControlAppearanceSTTL-116725] Executing validate_Iconposition function:
2016-01-27 23:14:49,872 DEBUG [EBPB_ControlAppearanceSTTL-116725] Entered validate_Iconposition function
2016-01-27 23:14:51,057 DEBUG [EBPB_ControlAppearanceSTTL-116725] Result of validate_Iconposition: Pass
2016-01-27 23:14:51,057 DEBUG [EBPB_ControlAppearanceSTTL-116725] allstep_result contains: passpassPassPassPassnull
2016-01-27 23:14:51,057 DEBUG [EBPB_ControlAppearanceSTTL-116725] allexpected_result contains: nullPassnullPassnullpassnullpassnull
2016-01-27 23:14:51,057 DEBUG [EBPB_ControlAppearanceSTTL-116725] Testcase_Result contains: nullPassnullPassnullpassnullpassnullpasspassPassPassPassnull
2016-01-27 23:14:51,057 DEBUG [EBPB_ControlAppearanceSTTL-116725] Test case with description Note: Run this test with Javascript object.

ForwardButton Top:50 Pass
2016-01-27 23:14:52,043 DEBUG [EBPB_ControlAppearanceSTTL-116725] Executing browser_Quit function
2016-01-27 23:14:52,043 DEBUG [EBPB_ControlAppearanceSTTL-116725] Completed browser_Quit function
2016-01-27 23:14:52,043 DEBUG [EBPB_ControlAppearanceSTTL-116725] Completed quitSelendroid function
2016-01-27 23:14:52,044 DEBUG [EBPB_ControlAppearanceSTTL-116725] Row number:26
2016-01-27 23:14:52,109 DEBUG [EBPB_ControlAppearanceSTTL-116725] Ending Test Case IDSTTL-116725
