2016-01-27 23:08:43,677 DEBUG [EBPB_ControlAppearanceSTTL-116712] Executing Test Case ID: STTL-116712
2016-01-27 23:08:43,687 DEBUG [EBPB_ControlAppearanceSTTL-116712] Executing Init_Selendroid function with APK as parameter and clear data value with 1
2016-01-27 23:08:53,465 DEBUG [EBPB_ControlAppearanceSTTL-116712] Exiting Init_Selendroid function
2016-01-27 23:08:53,489 DEBUG [EBPB_ControlAppearanceSTTL-116712] TestCase with Description "Note: Run this test with Javascript object.

BackButton Top:40" Execution started
2016-01-27 23:08:53,489 DEBUG [EBPB_ControlAppearanceSTTL-116712] In execute keyword function
2016-01-27 23:08:53,489 DEBUG [EBPB_ControlAppearanceSTTL-116712] Executing wait function:
2016-01-27 23:08:53,489 DEBUG [EBPB_ControlAppearanceSTTL-116712] Started Executing wait function
2016-01-27 23:08:55,489 DEBUG [EBPB_ControlAppearanceSTTL-116712] Exiting from wait function
2016-01-27 23:08:55,489 DEBUG [EBPB_ControlAppearanceSTTL-116712] TestStepResult of wait: Pass
2016-01-27 23:08:55,489 DEBUG [EBPB_ControlAppearanceSTTL-116712] In execute keyword function
2016-01-27 23:08:55,489 DEBUG [EBPB_ControlAppearanceSTTL-116712] Executing validate_PageTitle function:
2016-01-27 23:08:55,533 DEBUG [EBPB_ControlAppearanceSTTL-116712] The title of the page is *********************************: Pocket Browser Tests
2016-01-27 23:08:55,533 DEBUG [EBPB_ControlAppearanceSTTL-116712] The page title found is correct
2016-01-27 23:08:55,533 DEBUG [EBPB_ControlAppearanceSTTL-116712] Result of validate_PageTitle: pass
2016-01-27 23:08:55,533 DEBUG [EBPB_ControlAppearanceSTTL-116712] In execute keyword function
2016-01-27 23:08:55,533 DEBUG [EBPB_ControlAppearanceSTTL-116712] Executing link_Click function:
2016-01-27 23:08:56,115 DEBUG [EBPB_ControlAppearanceSTTL-116712] Executing Click function
2016-01-27 23:08:57,160 DEBUG [EBPB_ControlAppearanceSTTL-116712] Exiting Click function
2016-01-27 23:08:57,161 DEBUG [EBPB_ControlAppearanceSTTL-116712] controlappearance_test_link clicked successfully
2016-01-27 23:08:57,161 DEBUG [EBPB_ControlAppearanceSTTL-116712] TestStepResult of link_Click: Pass
2016-01-27 23:08:57,161 DEBUG [EBPB_ControlAppearanceSTTL-116712] In execute keyword function
2016-01-27 23:08:57,161 DEBUG [EBPB_ControlAppearanceSTTL-116712] Executing wait function:
2016-01-27 23:08:57,161 DEBUG [EBPB_ControlAppearanceSTTL-116712] Started Executing wait function
2016-01-27 23:08:59,161 DEBUG [EBPB_ControlAppearanceSTTL-116712] Exiting from wait function
2016-01-27 23:08:59,161 DEBUG [EBPB_ControlAppearanceSTTL-116712] TestStepResult of wait: Pass
2016-01-27 23:08:59,161 DEBUG [EBPB_ControlAppearanceSTTL-116712] In execute keyword function
2016-01-27 23:08:59,161 DEBUG [EBPB_ControlAppearanceSTTL-116712] Executing validate_PageTitle function:
2016-01-27 23:08:59,177 DEBUG [EBPB_ControlAppearanceSTTL-116712] The title of the page is *********************************: PB and RE2.2 Semi Auto Frame Work : Control & Appearance
2016-01-27 23:08:59,177 DEBUG [EBPB_ControlAppearanceSTTL-116712] The page title found is correct
2016-01-27 23:08:59,177 DEBUG [EBPB_ControlAppearanceSTTL-116712] Result of validate_PageTitle: pass
2016-01-27 23:08:59,177 DEBUG [EBPB_ControlAppearanceSTTL-116712] In execute keyword function
2016-01-27 23:08:59,177 DEBUG [EBPB_ControlAppearanceSTTL-116712] Executing SelectTestToRun function:
2016-01-27 23:09:02,590 DEBUG [EBPB_ControlAppearanceSTTL-116712] Successfull in selecting clicking the category
2016-01-27 23:09:02,591 DEBUG [EBPB_ControlAppearanceSTTL-116712] TestStepResult of SelectTestToRun: pass
2016-01-27 23:09:02,591 DEBUG [EBPB_ControlAppearanceSTTL-116712] In execute keyword function
2016-01-27 23:09:02,591 DEBUG [EBPB_ControlAppearanceSTTL-116712] Executing validate_Text_Exists function:
2016-01-27 23:09:02,924 DEBUG [EBPB_ControlAppearanceSTTL-116712] VT056-0468 Testcase Text found
2016-01-27 23:09:02,924 DEBUG [EBPB_ControlAppearanceSTTL-116712] Result of validate_Text_Exists: Pass
2016-01-27 23:09:02,924 DEBUG [EBPB_ControlAppearanceSTTL-116712] In execute keyword function
2016-01-27 23:09:02,924 DEBUG [EBPB_ControlAppearanceSTTL-116712] Executing ClickRunTest function:
2016-01-27 23:09:03,252 DEBUG [EBPB_ControlAppearanceSTTL-116712] Executing Click function
2016-01-27 23:09:04,212 DEBUG [EBPB_ControlAppearanceSTTL-116712] Exiting Click function
2016-01-27 23:09:04,212 DEBUG [EBPB_ControlAppearanceSTTL-116712] runtest_top_xpath Button clicked Successfully
2016-01-27 23:09:04,212 DEBUG [EBPB_ControlAppearanceSTTL-116712] TestStepResult of ClickRunTest: pass
2016-01-27 23:09:04,212 DEBUG [EBPB_ControlAppearanceSTTL-116712] In execute keyword function
2016-01-27 23:09:04,212 DEBUG [EBPB_ControlAppearanceSTTL-116712] Executing validate_Iconposition function:
2016-01-27 23:09:04,212 DEBUG [EBPB_ControlAppearanceSTTL-116712] Entered validate_Iconposition function
2016-01-27 23:09:05,448 DEBUG [EBPB_ControlAppearanceSTTL-116712] Result of validate_Iconposition: Pass
2016-01-27 23:09:05,448 DEBUG [EBPB_ControlAppearanceSTTL-116712] allstep_result contains: passpassPassPassPassnull
2016-01-27 23:09:05,448 DEBUG [EBPB_ControlAppearanceSTTL-116712] allexpected_result contains: nullPassnullPassnullpassnullpassnull
2016-01-27 23:09:05,448 DEBUG [EBPB_ControlAppearanceSTTL-116712] Testcase_Result contains: nullPassnullPassnullpassnullpassnullpasspassPassPassPassnull
2016-01-27 23:09:05,448 DEBUG [EBPB_ControlAppearanceSTTL-116712] Test case with description Note: Run this test with Javascript object.

BackButton Top:40 Pass
2016-01-27 23:09:06,476 DEBUG [EBPB_ControlAppearanceSTTL-116712] Executing browser_Quit function
2016-01-27 23:09:06,476 DEBUG [EBPB_ControlAppearanceSTTL-116712] Completed browser_Quit function
2016-01-27 23:09:06,476 DEBUG [EBPB_ControlAppearanceSTTL-116712] Completed quitSelendroid function
2016-01-27 23:09:06,476 DEBUG [EBPB_ControlAppearanceSTTL-116712] Row number:13
2016-01-27 23:09:06,514 DEBUG [EBPB_ControlAppearanceSTTL-116712] Ending Test Case IDSTTL-116712
