2016-01-27 23:18:52,892 DEBUG [EBPB_ControlAppearanceSTTL-116734] Executing Test Case ID: STTL-116734
2016-01-27 23:18:52,902 DEBUG [EBPB_ControlAppearanceSTTL-116734] Executing Init_Selendroid function with APK as parameter and clear data value with 1
2016-01-27 23:19:03,240 DEBUG [EBPB_ControlAppearanceSTTL-116734] Exiting Init_Selendroid function
2016-01-27 23:19:03,259 DEBUG [EBPB_ControlAppearanceSTTL-116734] TestCase with Description "Note: Run this test with Javascript object.

Gobutton Test" Execution started
2016-01-27 23:19:03,259 DEBUG [EBPB_ControlAppearanceSTTL-116734] In execute keyword function
2016-01-27 23:19:03,259 DEBUG [EBPB_ControlAppearanceSTTL-116734] Executing wait function:
2016-01-27 23:19:03,259 DEBUG [EBPB_ControlAppearanceSTTL-116734] Started Executing wait function
2016-01-27 23:19:05,259 DEBUG [EBPB_ControlAppearanceSTTL-116734] Exiting from wait function
2016-01-27 23:19:05,259 DEBUG [EBPB_ControlAppearanceSTTL-116734] TestStepResult of wait: Pass
2016-01-27 23:19:05,259 DEBUG [EBPB_ControlAppearanceSTTL-116734] In execute keyword function
2016-01-27 23:19:05,259 DEBUG [EBPB_ControlAppearanceSTTL-116734] Executing validate_PageTitle function:
2016-01-27 23:19:05,302 DEBUG [EBPB_ControlAppearanceSTTL-116734] The title of the page is *********************************: Pocket Browser Tests
2016-01-27 23:19:05,302 DEBUG [EBPB_ControlAppearanceSTTL-116734] The page title found is correct
2016-01-27 23:19:05,302 DEBUG [EBPB_ControlAppearanceSTTL-116734] Result of validate_PageTitle: pass
2016-01-27 23:19:05,302 DEBUG [EBPB_ControlAppearanceSTTL-116734] In execute keyword function
2016-01-27 23:19:05,302 DEBUG [EBPB_ControlAppearanceSTTL-116734] Executing link_Click function:
2016-01-27 23:19:05,884 DEBUG [EBPB_ControlAppearanceSTTL-116734] Executing Click function
2016-01-27 23:19:06,933 DEBUG [EBPB_ControlAppearanceSTTL-116734] Exiting Click function
2016-01-27 23:19:06,933 DEBUG [EBPB_ControlAppearanceSTTL-116734] controlappearance_test_link clicked successfully
2016-01-27 23:19:06,933 DEBUG [EBPB_ControlAppearanceSTTL-116734] TestStepResult of link_Click: Pass
2016-01-27 23:19:06,933 DEBUG [EBPB_ControlAppearanceSTTL-116734] In execute keyword function
2016-01-27 23:19:06,933 DEBUG [EBPB_ControlAppearanceSTTL-116734] Executing wait function:
2016-01-27 23:19:06,933 DEBUG [EBPB_ControlAppearanceSTTL-116734] Started Executing wait function
2016-01-27 23:19:08,933 DEBUG [EBPB_ControlAppearanceSTTL-116734] Exiting from wait function
2016-01-27 23:19:08,933 DEBUG [EBPB_ControlAppearanceSTTL-116734] TestStepResult of wait: Pass
2016-01-27 23:19:08,933 DEBUG [EBPB_ControlAppearanceSTTL-116734] In execute keyword function
2016-01-27 23:19:08,933 DEBUG [EBPB_ControlAppearanceSTTL-116734] Executing validate_PageTitle function:
2016-01-27 23:19:08,968 DEBUG [EBPB_ControlAppearanceSTTL-116734] The title of the page is *********************************: PB and RE2.2 Semi Auto Frame Work : Control & Appearance
2016-01-27 23:19:08,968 DEBUG [EBPB_ControlAppearanceSTTL-116734] The page title found is correct
2016-01-27 23:19:08,968 DEBUG [EBPB_ControlAppearanceSTTL-116734] Result of validate_PageTitle: pass
2016-01-27 23:19:08,968 DEBUG [EBPB_ControlAppearanceSTTL-116734] In execute keyword function
2016-01-27 23:19:08,968 DEBUG [EBPB_ControlAppearanceSTTL-116734] Executing SelectTestToRun function:
2016-01-27 23:19:09,657 DEBUG [EBPB_ControlAppearanceSTTL-116734] Successfull in selecting clicking the category
2016-01-27 23:19:09,657 DEBUG [EBPB_ControlAppearanceSTTL-116734] TestStepResult of SelectTestToRun: pass
2016-01-27 23:19:09,657 DEBUG [EBPB_ControlAppearanceSTTL-116734] In execute keyword function
2016-01-27 23:19:09,657 DEBUG [EBPB_ControlAppearanceSTTL-116734] Executing ClickRunTest function:
2016-01-27 23:19:09,980 DEBUG [EBPB_ControlAppearanceSTTL-116734] Executing Click function
2016-01-27 23:19:11,092 DEBUG [EBPB_ControlAppearanceSTTL-116734] Exiting Click function
2016-01-27 23:19:11,092 DEBUG [EBPB_ControlAppearanceSTTL-116734] runtest_top_xpath Button clicked Successfully
2016-01-27 23:19:11,092 DEBUG [EBPB_ControlAppearanceSTTL-116734] TestStepResult of ClickRunTest: pass
2016-01-27 23:19:11,092 DEBUG [EBPB_ControlAppearanceSTTL-116734] In execute keyword function
2016-01-27 23:19:11,092 DEBUG [EBPB_ControlAppearanceSTTL-116734] Executing validate_Text_Exists function:
2016-01-27 23:19:11,356 DEBUG [EBPB_ControlAppearanceSTTL-116734] VT056-0455 Testcase Text found
2016-01-27 23:19:11,356 DEBUG [EBPB_ControlAppearanceSTTL-116734] Result of validate_Text_Exists: Pass
2016-01-27 23:19:11,356 DEBUG [EBPB_ControlAppearanceSTTL-116734] In execute keyword function
2016-01-27 23:19:11,356 DEBUG [EBPB_ControlAppearanceSTTL-116734] Executing wait function:
2016-01-27 23:19:11,356 DEBUG [EBPB_ControlAppearanceSTTL-116734] Started Executing wait function
2016-01-27 23:19:13,357 DEBUG [EBPB_ControlAppearanceSTTL-116734] Exiting from wait function
2016-01-27 23:19:13,357 DEBUG [EBPB_ControlAppearanceSTTL-116734] TestStepResult of wait: Pass
2016-01-27 23:19:13,357 DEBUG [EBPB_ControlAppearanceSTTL-116734] In execute keyword function
2016-01-27 23:19:13,357 DEBUG [EBPB_ControlAppearanceSTTL-116734] Executing SelectTestToRun function:
2016-01-27 23:19:19,841 DEBUG [EBPB_ControlAppearanceSTTL-116734] Successfull in selecting clicking the category
2016-01-27 23:19:19,842 DEBUG [EBPB_ControlAppearanceSTTL-116734] TestStepResult of SelectTestToRun: pass
2016-01-27 23:19:19,842 DEBUG [EBPB_ControlAppearanceSTTL-116734] In execute keyword function
2016-01-27 23:19:19,842 DEBUG [EBPB_ControlAppearanceSTTL-116734] Executing ClickRunTest function:
2016-01-27 23:19:19,988 DEBUG [EBPB_ControlAppearanceSTTL-116734] Executing Click function
2016-01-27 23:19:21,103 DEBUG [EBPB_ControlAppearanceSTTL-116734] Exiting Click function
2016-01-27 23:19:21,103 DEBUG [EBPB_ControlAppearanceSTTL-116734] runtest_top_xpath Button clicked Successfully
2016-01-27 23:19:21,103 DEBUG [EBPB_ControlAppearanceSTTL-116734] TestStepResult of ClickRunTest: pass
2016-01-27 23:19:21,104 DEBUG [EBPB_ControlAppearanceSTTL-116734] In execute keyword function
2016-01-27 23:19:21,104 DEBUG [EBPB_ControlAppearanceSTTL-116734] Executing validate_Text_Exists function:
2016-01-27 23:19:21,303 DEBUG [EBPB_ControlAppearanceSTTL-116734] VT056-0537 Testcase Text found
2016-01-27 23:19:21,303 DEBUG [EBPB_ControlAppearanceSTTL-116734] Result of validate_Text_Exists: Pass
2016-01-27 23:19:21,303 DEBUG [EBPB_ControlAppearanceSTTL-116734] In execute keyword function
2016-01-27 23:19:21,303 DEBUG [EBPB_ControlAppearanceSTTL-116734] Executing wait function:
2016-01-27 23:19:21,303 DEBUG [EBPB_ControlAppearanceSTTL-116734] Started Executing wait function
2016-01-27 23:19:23,304 DEBUG [EBPB_ControlAppearanceSTTL-116734] Exiting from wait function
2016-01-27 23:19:23,304 DEBUG [EBPB_ControlAppearanceSTTL-116734] TestStepResult of wait: Pass
2016-01-27 23:19:23,304 DEBUG [EBPB_ControlAppearanceSTTL-116734] In execute keyword function
2016-01-27 23:19:23,304 DEBUG [EBPB_ControlAppearanceSTTL-116734] Executing SwitchApp function:
2016-01-27 23:19:23,413 DEBUG [EBPB_ControlAppearanceSTTL-116734] Successfully switched to NATIVE_APP
2016-01-27 23:19:23,413 DEBUG [EBPB_ControlAppearanceSTTL-116734] TestStepResult of SwitchApp: Pass
2016-01-27 23:19:23,413 DEBUG [EBPB_ControlAppearanceSTTL-116734] In execute keyword function
2016-01-27 23:19:23,413 DEBUG [EBPB_ControlAppearanceSTTL-116734] Executing TypeinAddressbar function:
2016-01-27 23:19:23,413 DEBUG [EBPB_ControlAppearanceSTTL-116734] Executing SendData function
2016-01-27 23:19:25,186 DEBUG [EBPB_ControlAppearanceSTTL-116734] Exiting Senddata function
2016-01-27 23:19:25,186 DEBUG [EBPB_ControlAppearanceSTTL-116734] TestStepResult of TypeinAddressbar: pass
2016-01-27 23:19:25,186 DEBUG [EBPB_ControlAppearanceSTTL-116734] In execute keyword function
2016-01-27 23:19:25,186 DEBUG [EBPB_ControlAppearanceSTTL-116734] Executing ClickNativeIcon function:
2016-01-27 23:19:26,104 DEBUG [EBPB_ControlAppearanceSTTL-116734] [[AppiumTouchActionExtension: selendroid on ANDROID (09bfb4ed-775d-b09d-6f5c-0caefc5a6687)] -> xpath: (//Button[@id='go_button'])[1]]Clicked successfully
2016-01-27 23:19:26,104 DEBUG [EBPB_ControlAppearanceSTTL-116734] TestStepResult of ClickNativeIcon: pass
2016-01-27 23:19:26,104 DEBUG [EBPB_ControlAppearanceSTTL-116734] In execute keyword function
2016-01-27 23:19:26,104 DEBUG [EBPB_ControlAppearanceSTTL-116734] Executing wait function:
2016-01-27 23:19:26,105 DEBUG [EBPB_ControlAppearanceSTTL-116734] Started Executing wait function
2016-01-27 23:19:36,106 DEBUG [EBPB_ControlAppearanceSTTL-116734] Exiting from wait function
2016-01-27 23:19:36,106 DEBUG [EBPB_ControlAppearanceSTTL-116734] TestStepResult of wait: Pass
2016-01-27 23:19:36,106 DEBUG [EBPB_ControlAppearanceSTTL-116734] In execute keyword function
2016-01-27 23:19:36,106 DEBUG [EBPB_ControlAppearanceSTTL-116734] Executing SwitchApp function:
2016-01-27 23:19:36,222 DEBUG [EBPB_ControlAppearanceSTTL-116734] Successfully switched to WEBVIEW
2016-01-27 23:19:36,223 DEBUG [EBPB_ControlAppearanceSTTL-116734] TestStepResult of SwitchApp: Pass
2016-01-27 23:19:36,223 DEBUG [EBPB_ControlAppearanceSTTL-116734] In execute keyword function
2016-01-27 23:19:36,223 DEBUG [EBPB_ControlAppearanceSTTL-116734] Executing validate_PageTitle function:
2016-01-27 23:19:36,240 DEBUG [EBPB_ControlAppearanceSTTL-116734] The title of the page is *********************************: Gmail
2016-01-27 23:19:36,240 DEBUG [EBPB_ControlAppearanceSTTL-116734] The page title found is correct
2016-01-27 23:19:36,240 DEBUG [EBPB_ControlAppearanceSTTL-116734] Result of validate_PageTitle: pass
2016-01-27 23:19:36,240 DEBUG [EBPB_ControlAppearanceSTTL-116734] allstep_result contains: PassPasspasspassPassPasspasspassPasspasspassPassPassPassnull
2016-01-27 23:19:36,240 DEBUG [EBPB_ControlAppearanceSTTL-116734] allexpected_result contains: nullpassnullPassnullPassnullpassnullpassnull
2016-01-27 23:19:36,240 DEBUG [EBPB_ControlAppearanceSTTL-116734] Testcase_Result contains: nullpassnullPassnullPassnullpassnullpassnullPassPasspasspassPassPasspasspassPasspasspassPassPassPassnull
2016-01-27 23:19:36,240 DEBUG [EBPB_ControlAppearanceSTTL-116734] Test case with description Note: Run this test with Javascript object.

Gobutton Test Pass
2016-01-27 23:19:37,275 DEBUG [EBPB_ControlAppearanceSTTL-116734] Executing browser_Quit function
2016-01-27 23:19:37,275 DEBUG [EBPB_ControlAppearanceSTTL-116734] Completed browser_Quit function
2016-01-27 23:19:37,275 DEBUG [EBPB_ControlAppearanceSTTL-116734] Completed quitSelendroid function
2016-01-27 23:19:37,276 DEBUG [EBPB_ControlAppearanceSTTL-116734] Row number:35
2016-01-27 23:19:37,318 DEBUG [EBPB_ControlAppearanceSTTL-116734] Ending Test Case IDSTTL-116734
