2016-01-27 23:19:37,334 DEBUG [EBPB_ControlAppearanceSTTL-116735] Executing Test Case ID: STTL-116735
2016-01-27 23:19:37,344 DEBUG [EBPB_ControlAppearanceSTTL-116735] Executing Init_Selendroid function with APK as parameter and clear data value with 1
2016-01-27 23:19:47,716 DEBUG [EBPB_ControlAppearanceSTTL-116735] Exiting Init_Selendroid function
2016-01-27 23:19:47,764 DEBUG [EBPB_ControlAppearanceSTTL-116735] TestCase with Description "Note: Run this test with Javascript object.

MinimizeButton Visible" Execution started
2016-01-27 23:19:47,764 DEBUG [EBPB_ControlAppearanceSTTL-116735] In execute keyword function
2016-01-27 23:19:47,764 DEBUG [EBPB_ControlAppearanceSTTL-116735] Executing wait function:
2016-01-27 23:19:47,764 DEBUG [EBPB_ControlAppearanceSTTL-116735] Started Executing wait function
2016-01-27 23:19:49,764 DEBUG [EBPB_ControlAppearanceSTTL-116735] Exiting from wait function
2016-01-27 23:19:49,764 DEBUG [EBPB_ControlAppearanceSTTL-116735] TestStepResult of wait: Pass
2016-01-27 23:19:49,764 DEBUG [EBPB_ControlAppearanceSTTL-116735] In execute keyword function
2016-01-27 23:19:49,764 DEBUG [EBPB_ControlAppearanceSTTL-116735] Executing validate_PageTitle function:
2016-01-27 23:19:49,823 DEBUG [EBPB_ControlAppearanceSTTL-116735] The title of the page is *********************************: Pocket Browser Tests
2016-01-27 23:19:49,823 DEBUG [EBPB_ControlAppearanceSTTL-116735] The page title found is correct
2016-01-27 23:19:49,823 DEBUG [EBPB_ControlAppearanceSTTL-116735] Result of validate_PageTitle: pass
2016-01-27 23:19:49,823 DEBUG [EBPB_ControlAppearanceSTTL-116735] In execute keyword function
2016-01-27 23:19:49,823 DEBUG [EBPB_ControlAppearanceSTTL-116735] Executing link_Click function:
2016-01-27 23:19:50,446 DEBUG [EBPB_ControlAppearanceSTTL-116735] Executing Click function
2016-01-27 23:19:51,552 DEBUG [EBPB_ControlAppearanceSTTL-116735] Exiting Click function
2016-01-27 23:19:51,552 DEBUG [EBPB_ControlAppearanceSTTL-116735] controlappearance_test_link clicked successfully
2016-01-27 23:19:51,552 DEBUG [EBPB_ControlAppearanceSTTL-116735] TestStepResult of link_Click: Pass
2016-01-27 23:19:51,552 DEBUG [EBPB_ControlAppearanceSTTL-116735] In execute keyword function
2016-01-27 23:19:51,552 DEBUG [EBPB_ControlAppearanceSTTL-116735] Executing wait function:
2016-01-27 23:19:51,552 DEBUG [EBPB_ControlAppearanceSTTL-116735] Started Executing wait function
2016-01-27 23:19:53,553 DEBUG [EBPB_ControlAppearanceSTTL-116735] Exiting from wait function
2016-01-27 23:19:53,553 DEBUG [EBPB_ControlAppearanceSTTL-116735] TestStepResult of wait: Pass
2016-01-27 23:19:53,553 DEBUG [EBPB_ControlAppearanceSTTL-116735] In execute keyword function
2016-01-27 23:19:53,553 DEBUG [EBPB_ControlAppearanceSTTL-116735] Executing validate_PageTitle function:
2016-01-27 23:19:53,590 DEBUG [EBPB_ControlAppearanceSTTL-116735] The title of the page is *********************************: PB and RE2.2 Semi Auto Frame Work : Control & Appearance
2016-01-27 23:19:53,590 DEBUG [EBPB_ControlAppearanceSTTL-116735] The page title found is correct
2016-01-27 23:19:53,590 DEBUG [EBPB_ControlAppearanceSTTL-116735] Result of validate_PageTitle: pass
2016-01-27 23:19:53,590 DEBUG [EBPB_ControlAppearanceSTTL-116735] In execute keyword function
2016-01-27 23:19:53,590 DEBUG [EBPB_ControlAppearanceSTTL-116735] Executing SelectTestToRun function:
2016-01-27 23:20:00,334 DEBUG [EBPB_ControlAppearanceSTTL-116735] Successfull in selecting clicking the category
2016-01-27 23:20:00,334 DEBUG [EBPB_ControlAppearanceSTTL-116735] TestStepResult of SelectTestToRun: pass
2016-01-27 23:20:00,334 DEBUG [EBPB_ControlAppearanceSTTL-116735] In execute keyword function
2016-01-27 23:20:00,335 DEBUG [EBPB_ControlAppearanceSTTL-116735] Executing validate_Text_Exists function:
2016-01-27 23:20:00,697 DEBUG [EBPB_ControlAppearanceSTTL-116735] VT056-0558 Testcase Text found
2016-01-27 23:20:00,697 DEBUG [EBPB_ControlAppearanceSTTL-116735] Result of validate_Text_Exists: Pass
2016-01-27 23:20:00,698 DEBUG [EBPB_ControlAppearanceSTTL-116735] In execute keyword function
2016-01-27 23:20:00,698 DEBUG [EBPB_ControlAppearanceSTTL-116735] Executing ClickRunTest function:
2016-01-27 23:20:01,043 DEBUG [EBPB_ControlAppearanceSTTL-116735] Executing Click function
2016-01-27 23:20:02,178 DEBUG [EBPB_ControlAppearanceSTTL-116735] Exiting Click function
2016-01-27 23:20:02,178 DEBUG [EBPB_ControlAppearanceSTTL-116735] runtest_top_xpath Button clicked Successfully
2016-01-27 23:20:02,178 DEBUG [EBPB_ControlAppearanceSTTL-116735] TestStepResult of ClickRunTest: pass
2016-01-27 23:20:02,178 DEBUG [EBPB_ControlAppearanceSTTL-116735] In execute keyword function
2016-01-27 23:20:02,178 DEBUG [EBPB_ControlAppearanceSTTL-116735] Executing validate_isIconDisplayed function:
2016-01-27 23:20:02,178 DEBUG [EBPB_ControlAppearanceSTTL-116735] Entered validate_isIconDisplayed function
2016-01-27 23:20:02,616 DEBUG [EBPB_ControlAppearanceSTTL-116735] Result of validate_isIconDisplayed: Pass
2016-01-27 23:20:02,616 DEBUG [EBPB_ControlAppearanceSTTL-116735] allstep_result contains: passpassPassPassPassnull
2016-01-27 23:20:02,616 DEBUG [EBPB_ControlAppearanceSTTL-116735] allexpected_result contains: nullPassnullPassnullpassnullpassnull
2016-01-27 23:20:02,616 DEBUG [EBPB_ControlAppearanceSTTL-116735] Testcase_Result contains: nullPassnullPassnullpassnullpassnullpasspassPassPassPassnull
2016-01-27 23:20:02,616 DEBUG [EBPB_ControlAppearanceSTTL-116735] Test case with description Note: Run this test with Javascript object.

MinimizeButton Visible Pass
2016-01-27 23:20:03,618 DEBUG [EBPB_ControlAppearanceSTTL-116735] Executing browser_Quit function
2016-01-27 23:20:03,618 DEBUG [EBPB_ControlAppearanceSTTL-116735] Completed browser_Quit function
2016-01-27 23:20:03,618 DEBUG [EBPB_ControlAppearanceSTTL-116735] Completed quitSelendroid function
2016-01-27 23:20:03,619 DEBUG [EBPB_ControlAppearanceSTTL-116735] Row number:36
2016-01-27 23:20:03,665 DEBUG [EBPB_ControlAppearanceSTTL-116735] Ending Test Case IDSTTL-116735
