2016-01-27 23:04:44,259 DEBUG [EBPB_ControlAppearanceSTTL-116703] Executing Test Case ID: STTL-116703
2016-01-27 23:04:44,268 DEBUG [EBPB_ControlAppearanceSTTL-116703] Executing Init_Selendroid function with APK as parameter and clear data value with 1
2016-01-27 23:04:54,112 DEBUG [EBPB_ControlAppearanceSTTL-116703] Exiting Init_Selendroid function
2016-01-27 23:04:54,136 DEBUG [EBPB_ControlAppearanceSTTL-116703] TestCase with Description "Note: Run this test with Javascript object.

Addressbar Hidden" Execution started
2016-01-27 23:04:54,136 DEBUG [EBPB_ControlAppearanceSTTL-116703] In execute keyword function
2016-01-27 23:04:54,136 DEBUG [EBPB_ControlAppearanceSTTL-116703] Executing wait function:
2016-01-27 23:04:54,136 DEBUG [EBPB_ControlAppearanceSTTL-116703] Started Executing wait function
2016-01-27 23:04:56,136 DEBUG [EBPB_ControlAppearanceSTTL-116703] Exiting from wait function
2016-01-27 23:04:56,136 DEBUG [EBPB_ControlAppearanceSTTL-116703] TestStepResult of wait: Pass
2016-01-27 23:04:56,136 DEBUG [EBPB_ControlAppearanceSTTL-116703] In execute keyword function
2016-01-27 23:04:56,136 DEBUG [EBPB_ControlAppearanceSTTL-116703] Executing validate_PageTitle function:
2016-01-27 23:04:56,161 DEBUG [EBPB_ControlAppearanceSTTL-116703] The title of the page is *********************************: Pocket Browser Tests
2016-01-27 23:04:56,161 DEBUG [EBPB_ControlAppearanceSTTL-116703] The page title found is correct
2016-01-27 23:04:56,161 DEBUG [EBPB_ControlAppearanceSTTL-116703] Result of validate_PageTitle: pass
2016-01-27 23:04:56,161 DEBUG [EBPB_ControlAppearanceSTTL-116703] In execute keyword function
2016-01-27 23:04:56,161 DEBUG [EBPB_ControlAppearanceSTTL-116703] Executing link_Click function:
2016-01-27 23:04:56,750 DEBUG [EBPB_ControlAppearanceSTTL-116703] Executing Click function
2016-01-27 23:04:57,773 DEBUG [EBPB_ControlAppearanceSTTL-116703] Exiting Click function
2016-01-27 23:04:57,773 DEBUG [EBPB_ControlAppearanceSTTL-116703] controlappearance_test_link clicked successfully
2016-01-27 23:04:57,773 DEBUG [EBPB_ControlAppearanceSTTL-116703] TestStepResult of link_Click: Pass
2016-01-27 23:04:57,773 DEBUG [EBPB_ControlAppearanceSTTL-116703] In execute keyword function
2016-01-27 23:04:57,773 DEBUG [EBPB_ControlAppearanceSTTL-116703] Executing wait function:
2016-01-27 23:04:57,773 DEBUG [EBPB_ControlAppearanceSTTL-116703] Started Executing wait function
2016-01-27 23:04:59,773 DEBUG [EBPB_ControlAppearanceSTTL-116703] Exiting from wait function
2016-01-27 23:04:59,773 DEBUG [EBPB_ControlAppearanceSTTL-116703] TestStepResult of wait: Pass
2016-01-27 23:04:59,773 DEBUG [EBPB_ControlAppearanceSTTL-116703] In execute keyword function
2016-01-27 23:04:59,773 DEBUG [EBPB_ControlAppearanceSTTL-116703] Executing validate_PageTitle function:
2016-01-27 23:04:59,821 DEBUG [EBPB_ControlAppearanceSTTL-116703] The title of the page is *********************************: PB and RE2.2 Semi Auto Frame Work : Control & Appearance
2016-01-27 23:04:59,821 DEBUG [EBPB_ControlAppearanceSTTL-116703] The page title found is correct
2016-01-27 23:04:59,821 DEBUG [EBPB_ControlAppearanceSTTL-116703] Result of validate_PageTitle: pass
2016-01-27 23:04:59,821 DEBUG [EBPB_ControlAppearanceSTTL-116703] In execute keyword function
2016-01-27 23:04:59,821 DEBUG [EBPB_ControlAppearanceSTTL-116703] Executing SelectTestToRun function:
2016-01-27 23:05:02,400 DEBUG [EBPB_ControlAppearanceSTTL-116703] Successfull in selecting clicking the category
2016-01-27 23:05:02,400 DEBUG [EBPB_ControlAppearanceSTTL-116703] TestStepResult of SelectTestToRun: pass
2016-01-27 23:05:02,400 DEBUG [EBPB_ControlAppearanceSTTL-116703] In execute keyword function
2016-01-27 23:05:02,400 DEBUG [EBPB_ControlAppearanceSTTL-116703] Executing validate_Text_Exists function:
2016-01-27 23:05:02,700 DEBUG [EBPB_ControlAppearanceSTTL-116703] VT056-0456 Testcase Text found
2016-01-27 23:05:02,700 DEBUG [EBPB_ControlAppearanceSTTL-116703] Result of validate_Text_Exists: Pass
2016-01-27 23:05:02,700 DEBUG [EBPB_ControlAppearanceSTTL-116703] In execute keyword function
2016-01-27 23:05:02,700 DEBUG [EBPB_ControlAppearanceSTTL-116703] Executing ClickRunTest function:
2016-01-27 23:05:03,031 DEBUG [EBPB_ControlAppearanceSTTL-116703] Executing Click function
2016-01-27 23:05:03,966 DEBUG [EBPB_ControlAppearanceSTTL-116703] Exiting Click function
2016-01-27 23:05:03,966 DEBUG [EBPB_ControlAppearanceSTTL-116703] runtest_top_xpath Button clicked Successfully
2016-01-27 23:05:03,966 DEBUG [EBPB_ControlAppearanceSTTL-116703] TestStepResult of ClickRunTest: pass
2016-01-27 23:05:03,966 DEBUG [EBPB_ControlAppearanceSTTL-116703] In execute keyword function
2016-01-27 23:05:03,966 DEBUG [EBPB_ControlAppearanceSTTL-116703] Executing validate_isIconDisplayed function:
2016-01-27 23:05:03,966 DEBUG [EBPB_ControlAppearanceSTTL-116703] Entered validate_isIconDisplayed function
2016-01-27 23:05:04,677 DEBUG [EBPB_ControlAppearanceSTTL-116703] Result of validate_isIconDisplayed: Pass
2016-01-27 23:05:04,677 DEBUG [EBPB_ControlAppearanceSTTL-116703] allstep_result contains: passpassPassPassPassnull
2016-01-27 23:05:04,677 DEBUG [EBPB_ControlAppearanceSTTL-116703] allexpected_result contains: nullPassnullPassnullpassnullpassnull
2016-01-27 23:05:04,677 DEBUG [EBPB_ControlAppearanceSTTL-116703] Testcase_Result contains: nullPassnullPassnullpassnullpassnullpasspassPassPassPassnull
2016-01-27 23:05:04,677 DEBUG [EBPB_ControlAppearanceSTTL-116703] Test case with description Note: Run this test with Javascript object.

Addressbar Hidden Pass
2016-01-27 23:05:05,658 DEBUG [EBPB_ControlAppearanceSTTL-116703] Executing browser_Quit function
2016-01-27 23:05:05,658 DEBUG [EBPB_ControlAppearanceSTTL-116703] Completed browser_Quit function
2016-01-27 23:05:05,658 DEBUG [EBPB_ControlAppearanceSTTL-116703] Completed quitSelendroid function
2016-01-27 23:05:05,658 DEBUG [EBPB_ControlAppearanceSTTL-116703] Row number:4
2016-01-27 23:05:05,700 DEBUG [EBPB_ControlAppearanceSTTL-116703] Ending Test Case IDSTTL-116703
