2016-01-27 23:21:55,599 DEBUG [EBPB_ControlAppearanceSTTL-116740] Executing Test Case ID: STTL-116740
2016-01-27 23:21:55,608 DEBUG [EBPB_ControlAppearanceSTTL-116740] Executing Init_Selendroid function with APK as parameter and clear data value with 1
2016-01-27 23:22:05,428 DEBUG [EBPB_ControlAppearanceSTTL-116740] Exiting Init_Selendroid function
2016-01-27 23:22:05,451 DEBUG [EBPB_ControlAppearanceSTTL-116740] TestCase with Description "Note: Run this test with Javascript object.

QuitButton Top:10" Execution started
2016-01-27 23:22:05,452 DEBUG [EBPB_ControlAppearanceSTTL-116740] In execute keyword function
2016-01-27 23:22:05,452 DEBUG [EBPB_ControlAppearanceSTTL-116740] Executing wait function:
2016-01-27 23:22:05,452 DEBUG [EBPB_ControlAppearanceSTTL-116740] Started Executing wait function
2016-01-27 23:22:07,452 DEBUG [EBPB_ControlAppearanceSTTL-116740] Exiting from wait function
2016-01-27 23:22:07,452 DEBUG [EBPB_ControlAppearanceSTTL-116740] TestStepResult of wait: Pass
2016-01-27 23:22:07,452 DEBUG [EBPB_ControlAppearanceSTTL-116740] In execute keyword function
2016-01-27 23:22:07,452 DEBUG [EBPB_ControlAppearanceSTTL-116740] Executing validate_PageTitle function:
2016-01-27 23:22:07,494 DEBUG [EBPB_ControlAppearanceSTTL-116740] The title of the page is *********************************: Pocket Browser Tests
2016-01-27 23:22:07,494 DEBUG [EBPB_ControlAppearanceSTTL-116740] The page title found is correct
2016-01-27 23:22:07,494 DEBUG [EBPB_ControlAppearanceSTTL-116740] Result of validate_PageTitle: pass
2016-01-27 23:22:07,494 DEBUG [EBPB_ControlAppearanceSTTL-116740] In execute keyword function
2016-01-27 23:22:07,494 DEBUG [EBPB_ControlAppearanceSTTL-116740] Executing link_Click function:
2016-01-27 23:22:08,122 DEBUG [EBPB_ControlAppearanceSTTL-116740] Executing Click function
2016-01-27 23:22:09,185 DEBUG [EBPB_ControlAppearanceSTTL-116740] Exiting Click function
2016-01-27 23:22:09,185 DEBUG [EBPB_ControlAppearanceSTTL-116740] controlappearance_test_link clicked successfully
2016-01-27 23:22:09,185 DEBUG [EBPB_ControlAppearanceSTTL-116740] TestStepResult of link_Click: Pass
2016-01-27 23:22:09,185 DEBUG [EBPB_ControlAppearanceSTTL-116740] In execute keyword function
2016-01-27 23:22:09,185 DEBUG [EBPB_ControlAppearanceSTTL-116740] Executing wait function:
2016-01-27 23:22:09,185 DEBUG [EBPB_ControlAppearanceSTTL-116740] Started Executing wait function
2016-01-27 23:22:11,185 DEBUG [EBPB_ControlAppearanceSTTL-116740] Exiting from wait function
2016-01-27 23:22:11,185 DEBUG [EBPB_ControlAppearanceSTTL-116740] TestStepResult of wait: Pass
2016-01-27 23:22:11,185 DEBUG [EBPB_ControlAppearanceSTTL-116740] In execute keyword function
2016-01-27 23:22:11,185 DEBUG [EBPB_ControlAppearanceSTTL-116740] Executing validate_PageTitle function:
2016-01-27 23:22:11,225 DEBUG [EBPB_ControlAppearanceSTTL-116740] The title of the page is *********************************: PB and RE2.2 Semi Auto Frame Work : Control & Appearance
2016-01-27 23:22:11,226 DEBUG [EBPB_ControlAppearanceSTTL-116740] The page title found is correct
2016-01-27 23:22:11,226 DEBUG [EBPB_ControlAppearanceSTTL-116740] Result of validate_PageTitle: pass
2016-01-27 23:22:11,226 DEBUG [EBPB_ControlAppearanceSTTL-116740] In execute keyword function
2016-01-27 23:22:11,226 DEBUG [EBPB_ControlAppearanceSTTL-116740] Executing SelectTestToRun function:
2016-01-27 23:22:20,385 DEBUG [EBPB_ControlAppearanceSTTL-116740] Successfull in selecting clicking the category
2016-01-27 23:22:20,385 DEBUG [EBPB_ControlAppearanceSTTL-116740] TestStepResult of SelectTestToRun: pass
2016-01-27 23:22:20,385 DEBUG [EBPB_ControlAppearanceSTTL-116740] In execute keyword function
2016-01-27 23:22:20,385 DEBUG [EBPB_ControlAppearanceSTTL-116740] Executing validate_Text_Exists function:
2016-01-27 23:22:20,656 DEBUG [EBPB_ControlAppearanceSTTL-116740] VT056-0577 Testcase Text found
2016-01-27 23:22:20,656 DEBUG [EBPB_ControlAppearanceSTTL-116740] Result of validate_Text_Exists: Pass
2016-01-27 23:22:20,656 DEBUG [EBPB_ControlAppearanceSTTL-116740] In execute keyword function
2016-01-27 23:22:20,656 DEBUG [EBPB_ControlAppearanceSTTL-116740] Executing ClickRunTest function:
2016-01-27 23:22:20,976 DEBUG [EBPB_ControlAppearanceSTTL-116740] Executing Click function
2016-01-27 23:22:21,938 DEBUG [EBPB_ControlAppearanceSTTL-116740] Exiting Click function
2016-01-27 23:22:21,938 DEBUG [EBPB_ControlAppearanceSTTL-116740] runtest_top_xpath Button clicked Successfully
2016-01-27 23:22:21,938 DEBUG [EBPB_ControlAppearanceSTTL-116740] TestStepResult of ClickRunTest: pass
2016-01-27 23:22:21,938 DEBUG [EBPB_ControlAppearanceSTTL-116740] In execute keyword function
2016-01-27 23:22:21,938 DEBUG [EBPB_ControlAppearanceSTTL-116740] Executing validate_Iconposition function:
2016-01-27 23:22:21,938 DEBUG [EBPB_ControlAppearanceSTTL-116740] Entered validate_Iconposition function
2016-01-27 23:22:23,039 DEBUG [EBPB_ControlAppearanceSTTL-116740] Result of validate_Iconposition: Pass
2016-01-27 23:22:23,039 DEBUG [EBPB_ControlAppearanceSTTL-116740] allstep_result contains: passpassPassPassPassnull
2016-01-27 23:22:23,039 DEBUG [EBPB_ControlAppearanceSTTL-116740] allexpected_result contains: nullPassnullPassnullpassnullpassnull
2016-01-27 23:22:23,039 DEBUG [EBPB_ControlAppearanceSTTL-116740] Testcase_Result contains: nullPassnullPassnullpassnullpassnullpasspassPassPassPassnull
2016-01-27 23:22:23,039 DEBUG [EBPB_ControlAppearanceSTTL-116740] Test case with description Note: Run this test with Javascript object.

QuitButton Top:10 Pass
2016-01-27 23:22:24,064 DEBUG [EBPB_ControlAppearanceSTTL-116740] Executing browser_Quit function
2016-01-27 23:22:24,064 DEBUG [EBPB_ControlAppearanceSTTL-116740] Completed browser_Quit function
2016-01-27 23:22:24,064 DEBUG [EBPB_ControlAppearanceSTTL-116740] Completed quitSelendroid function
2016-01-27 23:22:24,065 DEBUG [EBPB_ControlAppearanceSTTL-116740] Row number:41
2016-01-27 23:22:24,107 DEBUG [EBPB_ControlAppearanceSTTL-116740] Ending Test Case IDSTTL-116740
