2016-01-27 23:15:17,351 DEBUG [EBPB_ControlAppearanceSTTL-116727] Executing Test Case ID: STTL-116727
2016-01-27 23:15:17,360 DEBUG [EBPB_ControlAppearanceSTTL-116727] Executing Init_Selendroid function with APK as parameter and clear data value with 1
2016-01-27 23:15:27,196 DEBUG [EBPB_ControlAppearanceSTTL-116727] Exiting Init_Selendroid function
2016-01-27 23:15:27,216 DEBUG [EBPB_ControlAppearanceSTTL-116727] TestCase with Description "Note: Run this test with Javascript object.

ForwardButton Width:40" Execution started
2016-01-27 23:15:27,216 DEBUG [EBPB_ControlAppearanceSTTL-116727] In execute keyword function
2016-01-27 23:15:27,216 DEBUG [EBPB_ControlAppearanceSTTL-116727] Executing wait function:
2016-01-27 23:15:27,216 DEBUG [EBPB_ControlAppearanceSTTL-116727] Started Executing wait function
2016-01-27 23:15:29,216 DEBUG [EBPB_ControlAppearanceSTTL-116727] Exiting from wait function
2016-01-27 23:15:29,216 DEBUG [EBPB_ControlAppearanceSTTL-116727] TestStepResult of wait: Pass
2016-01-27 23:15:29,216 DEBUG [EBPB_ControlAppearanceSTTL-116727] In execute keyword function
2016-01-27 23:15:29,216 DEBUG [EBPB_ControlAppearanceSTTL-116727] Executing validate_PageTitle function:
2016-01-27 23:15:29,254 DEBUG [EBPB_ControlAppearanceSTTL-116727] The title of the page is *********************************: Pocket Browser Tests
2016-01-27 23:15:29,254 DEBUG [EBPB_ControlAppearanceSTTL-116727] The page title found is correct
2016-01-27 23:15:29,254 DEBUG [EBPB_ControlAppearanceSTTL-116727] Result of validate_PageTitle: pass
2016-01-27 23:15:29,254 DEBUG [EBPB_ControlAppearanceSTTL-116727] In execute keyword function
2016-01-27 23:15:29,254 DEBUG [EBPB_ControlAppearanceSTTL-116727] Executing link_Click function:
2016-01-27 23:15:29,862 DEBUG [EBPB_ControlAppearanceSTTL-116727] Executing Click function
2016-01-27 23:15:30,893 DEBUG [EBPB_ControlAppearanceSTTL-116727] Exiting Click function
2016-01-27 23:15:30,893 DEBUG [EBPB_ControlAppearanceSTTL-116727] controlappearance_test_link clicked successfully
2016-01-27 23:15:30,893 DEBUG [EBPB_ControlAppearanceSTTL-116727] TestStepResult of link_Click: Pass
2016-01-27 23:15:30,893 DEBUG [EBPB_ControlAppearanceSTTL-116727] In execute keyword function
2016-01-27 23:15:30,893 DEBUG [EBPB_ControlAppearanceSTTL-116727] Executing wait function:
2016-01-27 23:15:30,893 DEBUG [EBPB_ControlAppearanceSTTL-116727] Started Executing wait function
2016-01-27 23:15:32,894 DEBUG [EBPB_ControlAppearanceSTTL-116727] Exiting from wait function
2016-01-27 23:15:32,894 DEBUG [EBPB_ControlAppearanceSTTL-116727] TestStepResult of wait: Pass
2016-01-27 23:15:32,894 DEBUG [EBPB_ControlAppearanceSTTL-116727] In execute keyword function
2016-01-27 23:15:32,894 DEBUG [EBPB_ControlAppearanceSTTL-116727] Executing validate_PageTitle function:
2016-01-27 23:15:32,938 DEBUG [EBPB_ControlAppearanceSTTL-116727] The title of the page is *********************************: PB and RE2.2 Semi Auto Frame Work : Control & Appearance
2016-01-27 23:15:32,938 DEBUG [EBPB_ControlAppearanceSTTL-116727] The page title found is correct
2016-01-27 23:15:32,938 DEBUG [EBPB_ControlAppearanceSTTL-116727] Result of validate_PageTitle: pass
2016-01-27 23:15:32,938 DEBUG [EBPB_ControlAppearanceSTTL-116727] In execute keyword function
2016-01-27 23:15:32,938 DEBUG [EBPB_ControlAppearanceSTTL-116727] Executing SelectTestToRun function:
2016-01-27 23:15:38,222 DEBUG [EBPB_ControlAppearanceSTTL-116727] Successfull in selecting clicking the category
2016-01-27 23:15:38,222 DEBUG [EBPB_ControlAppearanceSTTL-116727] TestStepResult of SelectTestToRun: pass
2016-01-27 23:15:38,222 DEBUG [EBPB_ControlAppearanceSTTL-116727] In execute keyword function
2016-01-27 23:15:38,222 DEBUG [EBPB_ControlAppearanceSTTL-116727] Executing validate_Text_Exists function:
2016-01-27 23:15:38,475 DEBUG [EBPB_ControlAppearanceSTTL-116727] VT056-0513 Testcase Text found
2016-01-27 23:15:38,475 DEBUG [EBPB_ControlAppearanceSTTL-116727] Result of validate_Text_Exists: Pass
2016-01-27 23:15:38,475 DEBUG [EBPB_ControlAppearanceSTTL-116727] In execute keyword function
2016-01-27 23:15:38,475 DEBUG [EBPB_ControlAppearanceSTTL-116727] Executing ClickRunTest function:
2016-01-27 23:15:38,809 DEBUG [EBPB_ControlAppearanceSTTL-116727] Executing Click function
2016-01-27 23:15:39,766 DEBUG [EBPB_ControlAppearanceSTTL-116727] Exiting Click function
2016-01-27 23:15:39,766 DEBUG [EBPB_ControlAppearanceSTTL-116727] runtest_top_xpath Button clicked Successfully
2016-01-27 23:15:39,766 DEBUG [EBPB_ControlAppearanceSTTL-116727] TestStepResult of ClickRunTest: pass
2016-01-27 23:15:39,766 DEBUG [EBPB_ControlAppearanceSTTL-116727] In execute keyword function
2016-01-27 23:15:39,767 DEBUG [EBPB_ControlAppearanceSTTL-116727] Executing validate_Iconposition function:
2016-01-27 23:15:39,767 DEBUG [EBPB_ControlAppearanceSTTL-116727] Entered validate_Iconposition function
2016-01-27 23:15:40,832 DEBUG [EBPB_ControlAppearanceSTTL-116727] Result of validate_Iconposition: Pass
2016-01-27 23:15:40,832 DEBUG [EBPB_ControlAppearanceSTTL-116727] allstep_result contains: passpassPassPassPassnull
2016-01-27 23:15:40,832 DEBUG [EBPB_ControlAppearanceSTTL-116727] allexpected_result contains: nullPassnullPassnullpassnullpassnull
2016-01-27 23:15:40,832 DEBUG [EBPB_ControlAppearanceSTTL-116727] Testcase_Result contains: nullPassnullPassnullpassnullpassnullpasspassPassPassPassnull
2016-01-27 23:15:40,832 DEBUG [EBPB_ControlAppearanceSTTL-116727] Test case with description Note: Run this test with Javascript object.

ForwardButton Width:40 Pass
2016-01-27 23:15:41,838 DEBUG [EBPB_ControlAppearanceSTTL-116727] Executing browser_Quit function
2016-01-27 23:15:41,838 DEBUG [EBPB_ControlAppearanceSTTL-116727] Completed browser_Quit function
2016-01-27 23:15:41,838 DEBUG [EBPB_ControlAppearanceSTTL-116727] Completed quitSelendroid function
2016-01-27 23:15:41,839 DEBUG [EBPB_ControlAppearanceSTTL-116727] Row number:28
2016-01-27 23:15:41,882 DEBUG [EBPB_ControlAppearanceSTTL-116727] Ending Test Case IDSTTL-116727
