2016-01-27 23:22:24,144 DEBUG [EBPB_ControlAppearanceSTTL-116741] Executing Test Case ID: STTL-116741
2016-01-27 23:22:24,153 DEBUG [EBPB_ControlAppearanceSTTL-116741] Executing Init_Selendroid function with APK as parameter and clear data value with 1
2016-01-27 23:22:34,028 DEBUG [EBPB_ControlAppearanceSTTL-116741] Exiting Init_Selendroid function
2016-01-27 23:22:34,052 DEBUG [EBPB_ControlAppearanceSTTL-116741] TestCase with Description "Note: Run this test with Javascript object.

QuitButton Height:15" Execution started
2016-01-27 23:22:34,053 DEBUG [EBPB_ControlAppearanceSTTL-116741] In execute keyword function
2016-01-27 23:22:34,053 DEBUG [EBPB_ControlAppearanceSTTL-116741] Executing wait function:
2016-01-27 23:22:34,053 DEBUG [EBPB_ControlAppearanceSTTL-116741] Started Executing wait function
2016-01-27 23:22:36,053 DEBUG [EBPB_ControlAppearanceSTTL-116741] Exiting from wait function
2016-01-27 23:22:36,053 DEBUG [EBPB_ControlAppearanceSTTL-116741] TestStepResult of wait: Pass
2016-01-27 23:22:36,053 DEBUG [EBPB_ControlAppearanceSTTL-116741] In execute keyword function
2016-01-27 23:22:36,053 DEBUG [EBPB_ControlAppearanceSTTL-116741] Executing validate_PageTitle function:
2016-01-27 23:22:36,093 DEBUG [EBPB_ControlAppearanceSTTL-116741] The title of the page is *********************************: Pocket Browser Tests
2016-01-27 23:22:36,093 DEBUG [EBPB_ControlAppearanceSTTL-116741] The page title found is correct
2016-01-27 23:22:36,093 DEBUG [EBPB_ControlAppearanceSTTL-116741] Result of validate_PageTitle: pass
2016-01-27 23:22:36,093 DEBUG [EBPB_ControlAppearanceSTTL-116741] In execute keyword function
2016-01-27 23:22:36,093 DEBUG [EBPB_ControlAppearanceSTTL-116741] Executing link_Click function:
2016-01-27 23:22:36,722 DEBUG [EBPB_ControlAppearanceSTTL-116741] Executing Click function
2016-01-27 23:22:37,702 DEBUG [EBPB_ControlAppearanceSTTL-116741] Exiting Click function
2016-01-27 23:22:37,702 DEBUG [EBPB_ControlAppearanceSTTL-116741] controlappearance_test_link clicked successfully
2016-01-27 23:22:37,702 DEBUG [EBPB_ControlAppearanceSTTL-116741] TestStepResult of link_Click: Pass
2016-01-27 23:22:37,702 DEBUG [EBPB_ControlAppearanceSTTL-116741] In execute keyword function
2016-01-27 23:22:37,702 DEBUG [EBPB_ControlAppearanceSTTL-116741] Executing wait function:
2016-01-27 23:22:37,702 DEBUG [EBPB_ControlAppearanceSTTL-116741] Started Executing wait function
2016-01-27 23:22:39,702 DEBUG [EBPB_ControlAppearanceSTTL-116741] Exiting from wait function
2016-01-27 23:22:39,702 DEBUG [EBPB_ControlAppearanceSTTL-116741] TestStepResult of wait: Pass
2016-01-27 23:22:39,702 DEBUG [EBPB_ControlAppearanceSTTL-116741] In execute keyword function
2016-01-27 23:22:39,702 DEBUG [EBPB_ControlAppearanceSTTL-116741] Executing validate_PageTitle function:
2016-01-27 23:22:39,718 DEBUG [EBPB_ControlAppearanceSTTL-116741] The title of the page is *********************************: PB and RE2.2 Semi Auto Frame Work : Control & Appearance
2016-01-27 23:22:39,718 DEBUG [EBPB_ControlAppearanceSTTL-116741] The page title found is correct
2016-01-27 23:22:39,718 DEBUG [EBPB_ControlAppearanceSTTL-116741] Result of validate_PageTitle: pass
2016-01-27 23:22:39,718 DEBUG [EBPB_ControlAppearanceSTTL-116741] In execute keyword function
2016-01-27 23:22:39,718 DEBUG [EBPB_ControlAppearanceSTTL-116741] Executing SelectTestToRun function:
2016-01-27 23:22:49,003 DEBUG [EBPB_ControlAppearanceSTTL-116741] Successfull in selecting clicking the category
2016-01-27 23:22:49,003 DEBUG [EBPB_ControlAppearanceSTTL-116741] TestStepResult of SelectTestToRun: pass
2016-01-27 23:22:49,003 DEBUG [EBPB_ControlAppearanceSTTL-116741] In execute keyword function
2016-01-27 23:22:49,003 DEBUG [EBPB_ControlAppearanceSTTL-116741] Executing validate_Text_Exists function:
2016-01-27 23:22:49,304 DEBUG [EBPB_ControlAppearanceSTTL-116741] VT056-0579 Testcase Text found
2016-01-27 23:22:49,304 DEBUG [EBPB_ControlAppearanceSTTL-116741] Result of validate_Text_Exists: Pass
2016-01-27 23:22:49,304 DEBUG [EBPB_ControlAppearanceSTTL-116741] In execute keyword function
2016-01-27 23:22:49,304 DEBUG [EBPB_ControlAppearanceSTTL-116741] Executing ClickRunTest function:
2016-01-27 23:22:49,657 DEBUG [EBPB_ControlAppearanceSTTL-116741] Executing Click function
2016-01-27 23:22:50,632 DEBUG [EBPB_ControlAppearanceSTTL-116741] Exiting Click function
2016-01-27 23:22:50,632 DEBUG [EBPB_ControlAppearanceSTTL-116741] runtest_top_xpath Button clicked Successfully
2016-01-27 23:22:50,632 DEBUG [EBPB_ControlAppearanceSTTL-116741] TestStepResult of ClickRunTest: pass
2016-01-27 23:22:50,632 DEBUG [EBPB_ControlAppearanceSTTL-116741] In execute keyword function
2016-01-27 23:22:50,632 DEBUG [EBPB_ControlAppearanceSTTL-116741] Executing validate_Iconposition function:
2016-01-27 23:22:50,632 DEBUG [EBPB_ControlAppearanceSTTL-116741] Entered validate_Iconposition function
2016-01-27 23:22:51,705 DEBUG [EBPB_ControlAppearanceSTTL-116741] Result of validate_Iconposition: Pass
2016-01-27 23:22:51,705 DEBUG [EBPB_ControlAppearanceSTTL-116741] allstep_result contains: passpassPassPassPassnull
2016-01-27 23:22:51,705 DEBUG [EBPB_ControlAppearanceSTTL-116741] allexpected_result contains: nullPassnullPassnullpassnullpassnull
2016-01-27 23:22:51,705 DEBUG [EBPB_ControlAppearanceSTTL-116741] Testcase_Result contains: nullPassnullPassnullpassnullpassnullpasspassPassPassPassnull
2016-01-27 23:22:51,705 DEBUG [EBPB_ControlAppearanceSTTL-116741] Test case with description Note: Run this test with Javascript object.

QuitButton Height:15 Pass
2016-01-27 23:22:52,702 DEBUG [EBPB_ControlAppearanceSTTL-116741] Executing browser_Quit function
2016-01-27 23:22:52,702 DEBUG [EBPB_ControlAppearanceSTTL-116741] Completed browser_Quit function
2016-01-27 23:22:52,702 DEBUG [EBPB_ControlAppearanceSTTL-116741] Completed quitSelendroid function
2016-01-27 23:22:52,703 DEBUG [EBPB_ControlAppearanceSTTL-116741] Row number:42
2016-01-27 23:22:52,746 DEBUG [EBPB_ControlAppearanceSTTL-116741] Ending Test Case IDSTTL-116741
