2016-01-27 23:27:46,739 DEBUG [EBPB_ControlAppearanceSTTL-116751] Executing Test Case ID: STTL-116751
2016-01-27 23:27:46,751 DEBUG [EBPB_ControlAppearanceSTTL-116751] Executing Init_Selendroid function with APK as parameter and clear data value with 1
2016-01-27 23:27:57,392 DEBUG [EBPB_ControlAppearanceSTTL-116751] Exiting Init_Selendroid function
2016-01-27 23:27:57,416 DEBUG [EBPB_ControlAppearanceSTTL-116751] TestCase with Description "Note: Run this test with Javascript object.

SipButton Top:45" Execution started
2016-01-27 23:27:57,416 DEBUG [EBPB_ControlAppearanceSTTL-116751] In execute keyword function
2016-01-27 23:27:57,416 DEBUG [EBPB_ControlAppearanceSTTL-116751] Executing wait function:
2016-01-27 23:27:57,416 DEBUG [EBPB_ControlAppearanceSTTL-116751] Started Executing wait function
2016-01-27 23:27:59,416 DEBUG [EBPB_ControlAppearanceSTTL-116751] Exiting from wait function
2016-01-27 23:27:59,416 DEBUG [EBPB_ControlAppearanceSTTL-116751] TestStepResult of wait: Pass
2016-01-27 23:27:59,416 DEBUG [EBPB_ControlAppearanceSTTL-116751] In execute keyword function
2016-01-27 23:27:59,416 DEBUG [EBPB_ControlAppearanceSTTL-116751] Executing validate_PageTitle function:
2016-01-27 23:27:59,459 DEBUG [EBPB_ControlAppearanceSTTL-116751] The title of the page is *********************************: Pocket Browser Tests
2016-01-27 23:27:59,460 DEBUG [EBPB_ControlAppearanceSTTL-116751] The page title found is correct
2016-01-27 23:27:59,460 DEBUG [EBPB_ControlAppearanceSTTL-116751] Result of validate_PageTitle: pass
2016-01-27 23:27:59,460 DEBUG [EBPB_ControlAppearanceSTTL-116751] In execute keyword function
2016-01-27 23:27:59,460 DEBUG [EBPB_ControlAppearanceSTTL-116751] Executing link_Click function:
2016-01-27 23:28:00,060 DEBUG [EBPB_ControlAppearanceSTTL-116751] Executing Click function
2016-01-27 23:28:01,070 DEBUG [EBPB_ControlAppearanceSTTL-116751] Exiting Click function
2016-01-27 23:28:01,070 DEBUG [EBPB_ControlAppearanceSTTL-116751] controlappearance_test_link clicked successfully
2016-01-27 23:28:01,070 DEBUG [EBPB_ControlAppearanceSTTL-116751] TestStepResult of link_Click: Pass
2016-01-27 23:28:01,070 DEBUG [EBPB_ControlAppearanceSTTL-116751] In execute keyword function
2016-01-27 23:28:01,071 DEBUG [EBPB_ControlAppearanceSTTL-116751] Executing wait function:
2016-01-27 23:28:01,071 DEBUG [EBPB_ControlAppearanceSTTL-116751] Started Executing wait function
2016-01-27 23:28:03,070 DEBUG [EBPB_ControlAppearanceSTTL-116751] Exiting from wait function
2016-01-27 23:28:03,070 DEBUG [EBPB_ControlAppearanceSTTL-116751] TestStepResult of wait: Pass
2016-01-27 23:28:03,070 DEBUG [EBPB_ControlAppearanceSTTL-116751] In execute keyword function
2016-01-27 23:28:03,070 DEBUG [EBPB_ControlAppearanceSTTL-116751] Executing validate_PageTitle function:
2016-01-27 23:28:03,118 DEBUG [EBPB_ControlAppearanceSTTL-116751] The title of the page is *********************************: PB and RE2.2 Semi Auto Frame Work : Control & Appearance
2016-01-27 23:28:03,118 DEBUG [EBPB_ControlAppearanceSTTL-116751] The page title found is correct
2016-01-27 23:28:03,118 DEBUG [EBPB_ControlAppearanceSTTL-116751] Result of validate_PageTitle: pass
2016-01-27 23:28:03,118 DEBUG [EBPB_ControlAppearanceSTTL-116751] In execute keyword function
2016-01-27 23:28:03,118 DEBUG [EBPB_ControlAppearanceSTTL-116751] Executing SelectTestToRun function:
2016-01-27 23:28:13,681 DEBUG [EBPB_ControlAppearanceSTTL-116751] Successfull in selecting clicking the category
2016-01-27 23:28:13,682 DEBUG [EBPB_ControlAppearanceSTTL-116751] TestStepResult of SelectTestToRun: pass
2016-01-27 23:28:13,682 DEBUG [EBPB_ControlAppearanceSTTL-116751] In execute keyword function
2016-01-27 23:28:13,682 DEBUG [EBPB_ControlAppearanceSTTL-116751] Executing validate_Text_Exists function:
2016-01-27 23:28:13,979 DEBUG [EBPB_ControlAppearanceSTTL-116751] VT056-0607 Testcase Text found
2016-01-27 23:28:13,979 DEBUG [EBPB_ControlAppearanceSTTL-116751] Result of validate_Text_Exists: Pass
2016-01-27 23:28:13,979 DEBUG [EBPB_ControlAppearanceSTTL-116751] In execute keyword function
2016-01-27 23:28:13,979 DEBUG [EBPB_ControlAppearanceSTTL-116751] Executing ClickRunTest function:
2016-01-27 23:28:14,331 DEBUG [EBPB_ControlAppearanceSTTL-116751] Executing Click function
2016-01-27 23:28:15,333 DEBUG [EBPB_ControlAppearanceSTTL-116751] Exiting Click function
2016-01-27 23:28:15,333 DEBUG [EBPB_ControlAppearanceSTTL-116751] runtest_top_xpath Button clicked Successfully
2016-01-27 23:28:15,333 DEBUG [EBPB_ControlAppearanceSTTL-116751] TestStepResult of ClickRunTest: pass
2016-01-27 23:28:15,333 DEBUG [EBPB_ControlAppearanceSTTL-116751] In execute keyword function
2016-01-27 23:28:15,333 DEBUG [EBPB_ControlAppearanceSTTL-116751] Executing validate_Iconposition function:
2016-01-27 23:28:15,333 DEBUG [EBPB_ControlAppearanceSTTL-116751] Entered validate_Iconposition function
2016-01-27 23:28:16,495 DEBUG [EBPB_ControlAppearanceSTTL-116751] Result of validate_Iconposition: Pass
2016-01-27 23:28:16,495 DEBUG [EBPB_ControlAppearanceSTTL-116751] allstep_result contains: passpassPassPassPassnull
2016-01-27 23:28:16,495 DEBUG [EBPB_ControlAppearanceSTTL-116751] allexpected_result contains: nullPassnullPassnullpassnullpassnull
2016-01-27 23:28:16,495 DEBUG [EBPB_ControlAppearanceSTTL-116751] Testcase_Result contains: nullPassnullPassnullpassnullpassnullpasspassPassPassPassnull
2016-01-27 23:28:16,495 DEBUG [EBPB_ControlAppearanceSTTL-116751] Test case with description Note: Run this test with Javascript object.

SipButton Top:45 Pass
2016-01-27 23:28:17,557 DEBUG [EBPB_ControlAppearanceSTTL-116751] Executing browser_Quit function
2016-01-27 23:28:17,557 DEBUG [EBPB_ControlAppearanceSTTL-116751] Completed browser_Quit function
2016-01-27 23:28:17,557 DEBUG [EBPB_ControlAppearanceSTTL-116751] Completed quitSelendroid function
2016-01-27 23:28:17,559 DEBUG [EBPB_ControlAppearanceSTTL-116751] Row number:52
2016-01-27 23:28:17,599 DEBUG [EBPB_ControlAppearanceSTTL-116751] Ending Test Case IDSTTL-116751
