2016-01-27 23:23:59,312 DEBUG [EBPB_ControlAppearanceSTTL-116744] Executing Test Case ID: STTL-116744
2016-01-27 23:23:59,324 DEBUG [EBPB_ControlAppearanceSTTL-116744] Executing Init_Selendroid function with APK as parameter and clear data value with 1
2016-01-27 23:24:09,390 DEBUG [EBPB_ControlAppearanceSTTL-116744] Exiting Init_Selendroid function
2016-01-27 23:24:09,423 DEBUG [EBPB_ControlAppearanceSTTL-116744] TestCase with Description "Note: Run this test with Javascript object.

ReloadButton Hidden" Execution started
2016-01-27 23:24:09,423 DEBUG [EBPB_ControlAppearanceSTTL-116744] In execute keyword function
2016-01-27 23:24:09,423 DEBUG [EBPB_ControlAppearanceSTTL-116744] Executing wait function:
2016-01-27 23:24:09,423 DEBUG [EBPB_ControlAppearanceSTTL-116744] Started Executing wait function
2016-01-27 23:24:11,423 DEBUG [EBPB_ControlAppearanceSTTL-116744] Exiting from wait function
2016-01-27 23:24:11,423 DEBUG [EBPB_ControlAppearanceSTTL-116744] TestStepResult of wait: Pass
2016-01-27 23:24:11,423 DEBUG [EBPB_ControlAppearanceSTTL-116744] In execute keyword function
2016-01-27 23:24:11,423 DEBUG [EBPB_ControlAppearanceSTTL-116744] Executing validate_PageTitle function:
2016-01-27 23:24:11,465 DEBUG [EBPB_ControlAppearanceSTTL-116744] The title of the page is *********************************: Pocket Browser Tests
2016-01-27 23:24:11,466 DEBUG [EBPB_ControlAppearanceSTTL-116744] The page title found is correct
2016-01-27 23:24:11,466 DEBUG [EBPB_ControlAppearanceSTTL-116744] Result of validate_PageTitle: pass
2016-01-27 23:24:11,466 DEBUG [EBPB_ControlAppearanceSTTL-116744] In execute keyword function
2016-01-27 23:24:11,466 DEBUG [EBPB_ControlAppearanceSTTL-116744] Executing link_Click function:
2016-01-27 23:24:12,024 DEBUG [EBPB_ControlAppearanceSTTL-116744] Executing Click function
2016-01-27 23:24:13,034 DEBUG [EBPB_ControlAppearanceSTTL-116744] Exiting Click function
2016-01-27 23:24:13,034 DEBUG [EBPB_ControlAppearanceSTTL-116744] controlappearance_test_link clicked successfully
2016-01-27 23:24:13,034 DEBUG [EBPB_ControlAppearanceSTTL-116744] TestStepResult of link_Click: Pass
2016-01-27 23:24:13,034 DEBUG [EBPB_ControlAppearanceSTTL-116744] In execute keyword function
2016-01-27 23:24:13,034 DEBUG [EBPB_ControlAppearanceSTTL-116744] Executing wait function:
2016-01-27 23:24:13,034 DEBUG [EBPB_ControlAppearanceSTTL-116744] Started Executing wait function
2016-01-27 23:24:15,035 DEBUG [EBPB_ControlAppearanceSTTL-116744] Exiting from wait function
2016-01-27 23:24:15,035 DEBUG [EBPB_ControlAppearanceSTTL-116744] TestStepResult of wait: Pass
2016-01-27 23:24:15,035 DEBUG [EBPB_ControlAppearanceSTTL-116744] In execute keyword function
2016-01-27 23:24:15,035 DEBUG [EBPB_ControlAppearanceSTTL-116744] Executing validate_PageTitle function:
2016-01-27 23:24:15,075 DEBUG [EBPB_ControlAppearanceSTTL-116744] The title of the page is *********************************: PB and RE2.2 Semi Auto Frame Work : Control & Appearance
2016-01-27 23:24:15,075 DEBUG [EBPB_ControlAppearanceSTTL-116744] The page title found is correct
2016-01-27 23:24:15,075 DEBUG [EBPB_ControlAppearanceSTTL-116744] Result of validate_PageTitle: pass
2016-01-27 23:24:15,075 DEBUG [EBPB_ControlAppearanceSTTL-116744] In execute keyword function
2016-01-27 23:24:15,075 DEBUG [EBPB_ControlAppearanceSTTL-116744] Executing SelectTestToRun function:
2016-01-27 23:24:25,032 DEBUG [EBPB_ControlAppearanceSTTL-116744] Successfull in selecting clicking the category
2016-01-27 23:24:25,032 DEBUG [EBPB_ControlAppearanceSTTL-116744] TestStepResult of SelectTestToRun: pass
2016-01-27 23:24:25,033 DEBUG [EBPB_ControlAppearanceSTTL-116744] In execute keyword function
2016-01-27 23:24:25,033 DEBUG [EBPB_ControlAppearanceSTTL-116744] Executing validate_Text_Exists function:
2016-01-27 23:24:25,296 DEBUG [EBPB_ControlAppearanceSTTL-116744] VT056-0589 Testcase Text found
2016-01-27 23:24:25,296 DEBUG [EBPB_ControlAppearanceSTTL-116744] Result of validate_Text_Exists: Pass
2016-01-27 23:24:25,296 DEBUG [EBPB_ControlAppearanceSTTL-116744] In execute keyword function
2016-01-27 23:24:25,296 DEBUG [EBPB_ControlAppearanceSTTL-116744] Executing ClickRunTest function:
2016-01-27 23:24:25,614 DEBUG [EBPB_ControlAppearanceSTTL-116744] Executing Click function
2016-01-27 23:24:26,733 DEBUG [EBPB_ControlAppearanceSTTL-116744] Exiting Click function
2016-01-27 23:24:26,733 DEBUG [EBPB_ControlAppearanceSTTL-116744] runtest_top_xpath Button clicked Successfully
2016-01-27 23:24:26,733 DEBUG [EBPB_ControlAppearanceSTTL-116744] TestStepResult of ClickRunTest: pass
2016-01-27 23:24:26,733 DEBUG [EBPB_ControlAppearanceSTTL-116744] In execute keyword function
2016-01-27 23:24:26,733 DEBUG [EBPB_ControlAppearanceSTTL-116744] Executing validate_isIconDisplayed function:
2016-01-27 23:24:26,733 DEBUG [EBPB_ControlAppearanceSTTL-116744] Entered validate_isIconDisplayed function
2016-01-27 23:24:27,329 DEBUG [EBPB_ControlAppearanceSTTL-116744] Result of validate_isIconDisplayed: Pass
2016-01-27 23:24:27,329 DEBUG [EBPB_ControlAppearanceSTTL-116744] allstep_result contains: passpassPassPassPassnull
2016-01-27 23:24:27,329 DEBUG [EBPB_ControlAppearanceSTTL-116744] allexpected_result contains: nullPassnullPassnullpassnullpassnull
2016-01-27 23:24:27,329 DEBUG [EBPB_ControlAppearanceSTTL-116744] Testcase_Result contains: nullPassnullPassnullpassnullpassnullpasspassPassPassPassnull
2016-01-27 23:24:27,329 DEBUG [EBPB_ControlAppearanceSTTL-116744] Test case with description Note: Run this test with Javascript object.

ReloadButton Hidden Pass
2016-01-27 23:24:28,352 DEBUG [EBPB_ControlAppearanceSTTL-116744] Executing browser_Quit function
2016-01-27 23:24:28,352 DEBUG [EBPB_ControlAppearanceSTTL-116744] Completed browser_Quit function
2016-01-27 23:24:28,352 DEBUG [EBPB_ControlAppearanceSTTL-116744] Completed quitSelendroid function
2016-01-27 23:24:28,353 DEBUG [EBPB_ControlAppearanceSTTL-116744] Row number:45
2016-01-27 23:24:28,391 DEBUG [EBPB_ControlAppearanceSTTL-116744] Ending Test Case IDSTTL-116744
