2016-01-27 23:24:28,409 DEBUG [EBPB_ControlAppearanceSTTL-116745] Executing Test Case ID: STTL-116745
2016-01-27 23:24:28,418 DEBUG [EBPB_ControlAppearanceSTTL-116745] Executing Init_Selendroid function with APK as parameter and clear data value with 1
2016-01-27 23:24:38,908 DEBUG [EBPB_ControlAppearanceSTTL-116745] Exiting Init_Selendroid function
2016-01-27 23:24:38,932 DEBUG [EBPB_ControlAppearanceSTTL-116745] TestCase with Description "Note: Run this test with Javascript object.

ReloadButton imageUP(http)" Execution started
2016-01-27 23:24:38,933 DEBUG [EBPB_ControlAppearanceSTTL-116745] In execute keyword function
2016-01-27 23:24:38,933 DEBUG [EBPB_ControlAppearanceSTTL-116745] Executing wait function:
2016-01-27 23:24:38,933 DEBUG [EBPB_ControlAppearanceSTTL-116745] Started Executing wait function
2016-01-27 23:24:40,933 DEBUG [EBPB_ControlAppearanceSTTL-116745] Exiting from wait function
2016-01-27 23:24:40,933 DEBUG [EBPB_ControlAppearanceSTTL-116745] TestStepResult of wait: Pass
2016-01-27 23:24:40,933 DEBUG [EBPB_ControlAppearanceSTTL-116745] In execute keyword function
2016-01-27 23:24:40,933 DEBUG [EBPB_ControlAppearanceSTTL-116745] Executing validate_PageTitle function:
2016-01-27 23:24:40,973 DEBUG [EBPB_ControlAppearanceSTTL-116745] The title of the page is *********************************: Pocket Browser Tests
2016-01-27 23:24:40,973 DEBUG [EBPB_ControlAppearanceSTTL-116745] The page title found is correct
2016-01-27 23:24:40,973 DEBUG [EBPB_ControlAppearanceSTTL-116745] Result of validate_PageTitle: pass
2016-01-27 23:24:40,973 DEBUG [EBPB_ControlAppearanceSTTL-116745] In execute keyword function
2016-01-27 23:24:40,973 DEBUG [EBPB_ControlAppearanceSTTL-116745] Executing link_Click function:
2016-01-27 23:24:41,560 DEBUG [EBPB_ControlAppearanceSTTL-116745] Executing Click function
2016-01-27 23:24:42,646 DEBUG [EBPB_ControlAppearanceSTTL-116745] Exiting Click function
2016-01-27 23:24:42,647 DEBUG [EBPB_ControlAppearanceSTTL-116745] controlappearance_test_link clicked successfully
2016-01-27 23:24:42,647 DEBUG [EBPB_ControlAppearanceSTTL-116745] TestStepResult of link_Click: Pass
2016-01-27 23:24:42,647 DEBUG [EBPB_ControlAppearanceSTTL-116745] In execute keyword function
2016-01-27 23:24:42,647 DEBUG [EBPB_ControlAppearanceSTTL-116745] Executing wait function:
2016-01-27 23:24:42,647 DEBUG [EBPB_ControlAppearanceSTTL-116745] Started Executing wait function
2016-01-27 23:24:44,647 DEBUG [EBPB_ControlAppearanceSTTL-116745] Exiting from wait function
2016-01-27 23:24:44,647 DEBUG [EBPB_ControlAppearanceSTTL-116745] TestStepResult of wait: Pass
2016-01-27 23:24:44,647 DEBUG [EBPB_ControlAppearanceSTTL-116745] In execute keyword function
2016-01-27 23:24:44,647 DEBUG [EBPB_ControlAppearanceSTTL-116745] Executing validate_PageTitle function:
2016-01-27 23:24:44,663 DEBUG [EBPB_ControlAppearanceSTTL-116745] The title of the page is *********************************: PB and RE2.2 Semi Auto Frame Work : Control & Appearance
2016-01-27 23:24:44,663 DEBUG [EBPB_ControlAppearanceSTTL-116745] The page title found is correct
2016-01-27 23:24:44,663 DEBUG [EBPB_ControlAppearanceSTTL-116745] Result of validate_PageTitle: pass
2016-01-27 23:24:44,663 DEBUG [EBPB_ControlAppearanceSTTL-116745] In execute keyword function
2016-01-27 23:24:44,663 DEBUG [EBPB_ControlAppearanceSTTL-116745] Executing SelectTestToRun function:
2016-01-27 23:24:54,386 DEBUG [EBPB_ControlAppearanceSTTL-116745] Successfull in selecting clicking the category
2016-01-27 23:24:54,386 DEBUG [EBPB_ControlAppearanceSTTL-116745] TestStepResult of SelectTestToRun: pass
2016-01-27 23:24:54,386 DEBUG [EBPB_ControlAppearanceSTTL-116745] In execute keyword function
2016-01-27 23:24:54,386 DEBUG [EBPB_ControlAppearanceSTTL-116745] Executing validate_Text_Exists function:
2016-01-27 23:24:54,668 DEBUG [EBPB_ControlAppearanceSTTL-116745] VT056-0597 Testcase Text found
2016-01-27 23:24:54,668 DEBUG [EBPB_ControlAppearanceSTTL-116745] Result of validate_Text_Exists: Pass
2016-01-27 23:24:54,668 DEBUG [EBPB_ControlAppearanceSTTL-116745] In execute keyword function
2016-01-27 23:24:54,668 DEBUG [EBPB_ControlAppearanceSTTL-116745] Executing ClickRunTest function:
2016-01-27 23:24:55,017 DEBUG [EBPB_ControlAppearanceSTTL-116745] Executing Click function
2016-01-27 23:24:55,967 DEBUG [EBPB_ControlAppearanceSTTL-116745] Exiting Click function
2016-01-27 23:24:55,968 DEBUG [EBPB_ControlAppearanceSTTL-116745] runtest_top_xpath Button clicked Successfully
2016-01-27 23:24:55,968 DEBUG [EBPB_ControlAppearanceSTTL-116745] TestStepResult of ClickRunTest: pass
2016-01-27 23:24:55,968 DEBUG [EBPB_ControlAppearanceSTTL-116745] In execute keyword function
2016-01-27 23:24:55,968 DEBUG [EBPB_ControlAppearanceSTTL-116745] Executing validate_isIconDisplayed function:
2016-01-27 23:24:55,968 DEBUG [EBPB_ControlAppearanceSTTL-116745] Entered validate_isIconDisplayed function
2016-01-27 23:24:56,386 DEBUG [EBPB_ControlAppearanceSTTL-116745] Result of validate_isIconDisplayed: Pass
2016-01-27 23:24:56,386 DEBUG [EBPB_ControlAppearanceSTTL-116745] allstep_result contains: passpassPassPassPassnull
2016-01-27 23:24:56,386 DEBUG [EBPB_ControlAppearanceSTTL-116745] allexpected_result contains: nullPassnullPassnullpassnullpassnull
2016-01-27 23:24:56,386 DEBUG [EBPB_ControlAppearanceSTTL-116745] Testcase_Result contains: nullPassnullPassnullpassnullpassnullpasspassPassPassPassnull
2016-01-27 23:24:56,386 DEBUG [EBPB_ControlAppearanceSTTL-116745] Test case with description Note: Run this test with Javascript object.

ReloadButton imageUP(http) Pass
2016-01-27 23:24:57,408 DEBUG [EBPB_ControlAppearanceSTTL-116745] Executing browser_Quit function
2016-01-27 23:24:57,408 DEBUG [EBPB_ControlAppearanceSTTL-116745] Completed browser_Quit function
2016-01-27 23:24:57,408 DEBUG [EBPB_ControlAppearanceSTTL-116745] Completed quitSelendroid function
2016-01-27 23:24:57,409 DEBUG [EBPB_ControlAppearanceSTTL-116745] Row number:46
2016-01-27 23:24:57,450 DEBUG [EBPB_ControlAppearanceSTTL-116745] Ending Test Case IDSTTL-116745
