2016-01-27 23:34:15,432 DEBUG [EBPB_ControlAppearanceSTTL-116762] Executing Test Case ID: STTL-116762
2016-01-27 23:34:15,444 DEBUG [EBPB_ControlAppearanceSTTL-116762] Executing Init_Selendroid function with APK as parameter and clear data value with 1
2016-01-27 23:34:25,850 DEBUG [EBPB_ControlAppearanceSTTL-116762] Exiting Init_Selendroid function
2016-01-27 23:34:25,875 DEBUG [EBPB_ControlAppearanceSTTL-116762] TestCase with Description "Note: Run this test with Javascript object.

ZoomtextButton Width:30" Execution started
2016-01-27 23:34:25,875 DEBUG [EBPB_ControlAppearanceSTTL-116762] In execute keyword function
2016-01-27 23:34:25,875 DEBUG [EBPB_ControlAppearanceSTTL-116762] Executing wait function:
2016-01-27 23:34:25,875 DEBUG [EBPB_ControlAppearanceSTTL-116762] Started Executing wait function
2016-01-27 23:34:27,875 DEBUG [EBPB_ControlAppearanceSTTL-116762] Exiting from wait function
2016-01-27 23:34:27,875 DEBUG [EBPB_ControlAppearanceSTTL-116762] TestStepResult of wait: Pass
2016-01-27 23:34:27,875 DEBUG [EBPB_ControlAppearanceSTTL-116762] In execute keyword function
2016-01-27 23:34:27,875 DEBUG [EBPB_ControlAppearanceSTTL-116762] Executing validate_PageTitle function:
2016-01-27 23:34:27,926 DEBUG [EBPB_ControlAppearanceSTTL-116762] The title of the page is *********************************: Pocket Browser Tests
2016-01-27 23:34:27,926 DEBUG [EBPB_ControlAppearanceSTTL-116762] The page title found is correct
2016-01-27 23:34:27,926 DEBUG [EBPB_ControlAppearanceSTTL-116762] Result of validate_PageTitle: pass
2016-01-27 23:34:27,926 DEBUG [EBPB_ControlAppearanceSTTL-116762] In execute keyword function
2016-01-27 23:34:27,926 DEBUG [EBPB_ControlAppearanceSTTL-116762] Executing link_Click function:
2016-01-27 23:34:28,545 DEBUG [EBPB_ControlAppearanceSTTL-116762] Executing Click function
2016-01-27 23:34:29,662 DEBUG [EBPB_ControlAppearanceSTTL-116762] Exiting Click function
2016-01-27 23:34:29,662 DEBUG [EBPB_ControlAppearanceSTTL-116762] controlappearance_test_link clicked successfully
2016-01-27 23:34:29,662 DEBUG [EBPB_ControlAppearanceSTTL-116762] TestStepResult of link_Click: Pass
2016-01-27 23:34:29,663 DEBUG [EBPB_ControlAppearanceSTTL-116762] In execute keyword function
2016-01-27 23:34:29,663 DEBUG [EBPB_ControlAppearanceSTTL-116762] Executing wait function:
2016-01-27 23:34:29,663 DEBUG [EBPB_ControlAppearanceSTTL-116762] Started Executing wait function
2016-01-27 23:34:31,663 DEBUG [EBPB_ControlAppearanceSTTL-116762] Exiting from wait function
2016-01-27 23:34:31,663 DEBUG [EBPB_ControlAppearanceSTTL-116762] TestStepResult of wait: Pass
2016-01-27 23:34:31,663 DEBUG [EBPB_ControlAppearanceSTTL-116762] In execute keyword function
2016-01-27 23:34:31,663 DEBUG [EBPB_ControlAppearanceSTTL-116762] Executing validate_PageTitle function:
2016-01-27 23:34:31,696 DEBUG [EBPB_ControlAppearanceSTTL-116762] The title of the page is *********************************: PB and RE2.2 Semi Auto Frame Work : Control & Appearance
2016-01-27 23:34:31,696 DEBUG [EBPB_ControlAppearanceSTTL-116762] The page title found is correct
2016-01-27 23:34:31,696 DEBUG [EBPB_ControlAppearanceSTTL-116762] Result of validate_PageTitle: pass
2016-01-27 23:34:31,696 DEBUG [EBPB_ControlAppearanceSTTL-116762] In execute keyword function
2016-01-27 23:34:31,696 DEBUG [EBPB_ControlAppearanceSTTL-116762] Executing SelectTestToRun function:
2016-01-27 23:34:44,177 DEBUG [EBPB_ControlAppearanceSTTL-116762] Successfull in selecting clicking the category
2016-01-27 23:34:44,177 DEBUG [EBPB_ControlAppearanceSTTL-116762] TestStepResult of SelectTestToRun: pass
2016-01-27 23:34:44,177 DEBUG [EBPB_ControlAppearanceSTTL-116762] In execute keyword function
2016-01-27 23:34:44,177 DEBUG [EBPB_ControlAppearanceSTTL-116762] Executing validate_Text_Exists function:
2016-01-27 23:34:44,485 DEBUG [EBPB_ControlAppearanceSTTL-116762] VT056-0641 Testcase Text found
2016-01-27 23:34:44,485 DEBUG [EBPB_ControlAppearanceSTTL-116762] Result of validate_Text_Exists: Pass
2016-01-27 23:34:44,485 DEBUG [EBPB_ControlAppearanceSTTL-116762] In execute keyword function
2016-01-27 23:34:44,486 DEBUG [EBPB_ControlAppearanceSTTL-116762] Executing ClickRunTest function:
2016-01-27 23:34:44,855 DEBUG [EBPB_ControlAppearanceSTTL-116762] Executing Click function
2016-01-27 23:34:45,785 DEBUG [EBPB_ControlAppearanceSTTL-116762] Exiting Click function
2016-01-27 23:34:45,785 DEBUG [EBPB_ControlAppearanceSTTL-116762] runtest_top_xpath Button clicked Successfully
2016-01-27 23:34:45,785 DEBUG [EBPB_ControlAppearanceSTTL-116762] TestStepResult of ClickRunTest: pass
2016-01-27 23:34:45,785 DEBUG [EBPB_ControlAppearanceSTTL-116762] In execute keyword function
2016-01-27 23:34:45,785 DEBUG [EBPB_ControlAppearanceSTTL-116762] Executing validate_Iconposition function:
2016-01-27 23:34:45,785 DEBUG [EBPB_ControlAppearanceSTTL-116762] Entered validate_Iconposition function
2016-01-27 23:34:46,922 DEBUG [EBPB_ControlAppearanceSTTL-116762] Result of validate_Iconposition: Pass
2016-01-27 23:34:46,922 DEBUG [EBPB_ControlAppearanceSTTL-116762] allstep_result contains: passpassPassPassPassnull
2016-01-27 23:34:46,922 DEBUG [EBPB_ControlAppearanceSTTL-116762] allexpected_result contains: nullPassnullPassnullpassnullpassnull
2016-01-27 23:34:46,922 DEBUG [EBPB_ControlAppearanceSTTL-116762] Testcase_Result contains: nullPassnullPassnullpassnullpassnullpasspassPassPassPassnull
2016-01-27 23:34:46,923 DEBUG [EBPB_ControlAppearanceSTTL-116762] Test case with description Note: Run this test with Javascript object.

ZoomtextButton Width:30 Pass
2016-01-27 23:34:47,898 DEBUG [EBPB_ControlAppearanceSTTL-116762] Executing browser_Quit function
2016-01-27 23:34:47,898 DEBUG [EBPB_ControlAppearanceSTTL-116762] Completed browser_Quit function
2016-01-27 23:34:47,898 DEBUG [EBPB_ControlAppearanceSTTL-116762] Completed quitSelendroid function
2016-01-27 23:34:47,900 DEBUG [EBPB_ControlAppearanceSTTL-116762] Row number:63
2016-01-27 23:34:47,947 DEBUG [EBPB_ControlAppearanceSTTL-116762] Ending Test Case IDSTTL-116762
