2016-01-27 23:05:05,715 DEBUG [EBPB_ControlAppearanceSTTL-116704] Executing Test Case ID: STTL-116704
2016-01-27 23:05:05,725 DEBUG [EBPB_ControlAppearanceSTTL-116704] Executing Init_Selendroid function with APK as parameter and clear data value with 1
2016-01-27 23:05:16,303 DEBUG [EBPB_ControlAppearanceSTTL-116704] Exiting Init_Selendroid function
2016-01-27 23:05:16,326 DEBUG [EBPB_ControlAppearanceSTTL-116704] TestCase with Description "Note: Run this test with Javascript object.

Addressbar Left:100" Execution started
2016-01-27 23:05:16,326 DEBUG [EBPB_ControlAppearanceSTTL-116704] In execute keyword function
2016-01-27 23:05:16,326 DEBUG [EBPB_ControlAppearanceSTTL-116704] Executing wait function:
2016-01-27 23:05:16,326 DEBUG [EBPB_ControlAppearanceSTTL-116704] Started Executing wait function
2016-01-27 23:05:18,326 DEBUG [EBPB_ControlAppearanceSTTL-116704] Exiting from wait function
2016-01-27 23:05:18,326 DEBUG [EBPB_ControlAppearanceSTTL-116704] TestStepResult of wait: Pass
2016-01-27 23:05:18,326 DEBUG [EBPB_ControlAppearanceSTTL-116704] In execute keyword function
2016-01-27 23:05:18,326 DEBUG [EBPB_ControlAppearanceSTTL-116704] Executing validate_PageTitle function:
2016-01-27 23:05:18,354 DEBUG [EBPB_ControlAppearanceSTTL-116704] The title of the page is *********************************: Pocket Browser Tests
2016-01-27 23:05:18,354 DEBUG [EBPB_ControlAppearanceSTTL-116704] The page title found is correct
2016-01-27 23:05:18,354 DEBUG [EBPB_ControlAppearanceSTTL-116704] Result of validate_PageTitle: pass
2016-01-27 23:05:18,354 DEBUG [EBPB_ControlAppearanceSTTL-116704] In execute keyword function
2016-01-27 23:05:18,354 DEBUG [EBPB_ControlAppearanceSTTL-116704] Executing link_Click function:
2016-01-27 23:05:18,937 DEBUG [EBPB_ControlAppearanceSTTL-116704] Executing Click function
2016-01-27 23:05:19,988 DEBUG [EBPB_ControlAppearanceSTTL-116704] Exiting Click function
2016-01-27 23:05:19,988 DEBUG [EBPB_ControlAppearanceSTTL-116704] controlappearance_test_link clicked successfully
2016-01-27 23:05:19,988 DEBUG [EBPB_ControlAppearanceSTTL-116704] TestStepResult of link_Click: Pass
2016-01-27 23:05:19,988 DEBUG [EBPB_ControlAppearanceSTTL-116704] In execute keyword function
2016-01-27 23:05:19,988 DEBUG [EBPB_ControlAppearanceSTTL-116704] Executing wait function:
2016-01-27 23:05:19,988 DEBUG [EBPB_ControlAppearanceSTTL-116704] Started Executing wait function
2016-01-27 23:05:21,989 DEBUG [EBPB_ControlAppearanceSTTL-116704] Exiting from wait function
2016-01-27 23:05:21,989 DEBUG [EBPB_ControlAppearanceSTTL-116704] TestStepResult of wait: Pass
2016-01-27 23:05:21,989 DEBUG [EBPB_ControlAppearanceSTTL-116704] In execute keyword function
2016-01-27 23:05:21,989 DEBUG [EBPB_ControlAppearanceSTTL-116704] Executing validate_PageTitle function:
2016-01-27 23:05:22,026 DEBUG [EBPB_ControlAppearanceSTTL-116704] The title of the page is *********************************: PB and RE2.2 Semi Auto Frame Work : Control & Appearance
2016-01-27 23:05:22,026 DEBUG [EBPB_ControlAppearanceSTTL-116704] The page title found is correct
2016-01-27 23:05:22,026 DEBUG [EBPB_ControlAppearanceSTTL-116704] Result of validate_PageTitle: pass
2016-01-27 23:05:22,026 DEBUG [EBPB_ControlAppearanceSTTL-116704] In execute keyword function
2016-01-27 23:05:22,026 DEBUG [EBPB_ControlAppearanceSTTL-116704] Executing SelectTestToRun function:
2016-01-27 23:05:24,838 DEBUG [EBPB_ControlAppearanceSTTL-116704] Successfull in selecting clicking the category
2016-01-27 23:05:24,838 DEBUG [EBPB_ControlAppearanceSTTL-116704] TestStepResult of SelectTestToRun: pass
2016-01-27 23:05:24,838 DEBUG [EBPB_ControlAppearanceSTTL-116704] In execute keyword function
2016-01-27 23:05:24,838 DEBUG [EBPB_ControlAppearanceSTTL-116704] Executing validate_Text_Exists function:
2016-01-27 23:05:25,110 DEBUG [EBPB_ControlAppearanceSTTL-116704] VT056-0458 Testcase Text found
2016-01-27 23:05:25,110 DEBUG [EBPB_ControlAppearanceSTTL-116704] Result of validate_Text_Exists: Pass
2016-01-27 23:05:25,110 DEBUG [EBPB_ControlAppearanceSTTL-116704] In execute keyword function
2016-01-27 23:05:25,110 DEBUG [EBPB_ControlAppearanceSTTL-116704] Executing ClickRunTest function:
2016-01-27 23:05:25,426 DEBUG [EBPB_ControlAppearanceSTTL-116704] Executing Click function
2016-01-27 23:05:26,384 DEBUG [EBPB_ControlAppearanceSTTL-116704] Exiting Click function
2016-01-27 23:05:26,384 DEBUG [EBPB_ControlAppearanceSTTL-116704] runtest_top_xpath Button clicked Successfully
2016-01-27 23:05:26,384 DEBUG [EBPB_ControlAppearanceSTTL-116704] TestStepResult of ClickRunTest: pass
2016-01-27 23:05:26,384 DEBUG [EBPB_ControlAppearanceSTTL-116704] In execute keyword function
2016-01-27 23:05:26,384 DEBUG [EBPB_ControlAppearanceSTTL-116704] Executing validate_Iconposition function:
2016-01-27 23:05:26,384 DEBUG [EBPB_ControlAppearanceSTTL-116704] Entered validate_Iconposition function
2016-01-27 23:05:27,632 DEBUG [EBPB_ControlAppearanceSTTL-116704] Result of validate_Iconposition: Pass
2016-01-27 23:05:27,632 DEBUG [EBPB_ControlAppearanceSTTL-116704] allstep_result contains: passpassPassPassPassnull
2016-01-27 23:05:27,632 DEBUG [EBPB_ControlAppearanceSTTL-116704] allexpected_result contains: nullPassnullPassnullpassnullpassnull
2016-01-27 23:05:27,632 DEBUG [EBPB_ControlAppearanceSTTL-116704] Testcase_Result contains: nullPassnullPassnullpassnullpassnullpasspassPassPassPassnull
2016-01-27 23:05:27,632 DEBUG [EBPB_ControlAppearanceSTTL-116704] Test case with description Note: Run this test with Javascript object.

Addressbar Left:100 Pass
2016-01-27 23:05:28,651 DEBUG [EBPB_ControlAppearanceSTTL-116704] Executing browser_Quit function
2016-01-27 23:05:28,651 DEBUG [EBPB_ControlAppearanceSTTL-116704] Completed browser_Quit function
2016-01-27 23:05:28,651 DEBUG [EBPB_ControlAppearanceSTTL-116704] Completed quitSelendroid function
2016-01-27 23:05:28,651 DEBUG [EBPB_ControlAppearanceSTTL-116704] Row number:5
2016-01-27 23:05:28,705 DEBUG [EBPB_ControlAppearanceSTTL-116704] Ending Test Case IDSTTL-116704
