2016-01-27 23:30:03,033 DEBUG [EBPB_ControlAppearanceSTTL-116755] Executing Test Case ID: STTL-116755
2016-01-27 23:30:03,045 DEBUG [EBPB_ControlAppearanceSTTL-116755] Executing Init_Selendroid function with APK as parameter and clear data value with 1
2016-01-27 23:30:13,555 DEBUG [EBPB_ControlAppearanceSTTL-116755] Exiting Init_Selendroid function
2016-01-27 23:30:13,579 DEBUG [EBPB_ControlAppearanceSTTL-116755] TestCase with Description "Note: Run this test with Javascript object.

StopButton Hidden" Execution started
2016-01-27 23:30:13,579 DEBUG [EBPB_ControlAppearanceSTTL-116755] In execute keyword function
2016-01-27 23:30:13,579 DEBUG [EBPB_ControlAppearanceSTTL-116755] Executing wait function:
2016-01-27 23:30:13,579 DEBUG [EBPB_ControlAppearanceSTTL-116755] Started Executing wait function
2016-01-27 23:30:15,579 DEBUG [EBPB_ControlAppearanceSTTL-116755] Exiting from wait function
2016-01-27 23:30:15,579 DEBUG [EBPB_ControlAppearanceSTTL-116755] TestStepResult of wait: Pass
2016-01-27 23:30:15,579 DEBUG [EBPB_ControlAppearanceSTTL-116755] In execute keyword function
2016-01-27 23:30:15,579 DEBUG [EBPB_ControlAppearanceSTTL-116755] Executing validate_PageTitle function:
2016-01-27 23:30:15,621 DEBUG [EBPB_ControlAppearanceSTTL-116755] The title of the page is *********************************: Pocket Browser Tests
2016-01-27 23:30:15,621 DEBUG [EBPB_ControlAppearanceSTTL-116755] The page title found is correct
2016-01-27 23:30:15,621 DEBUG [EBPB_ControlAppearanceSTTL-116755] Result of validate_PageTitle: pass
2016-01-27 23:30:15,621 DEBUG [EBPB_ControlAppearanceSTTL-116755] In execute keyword function
2016-01-27 23:30:15,621 DEBUG [EBPB_ControlAppearanceSTTL-116755] Executing link_Click function:
2016-01-27 23:30:16,215 DEBUG [EBPB_ControlAppearanceSTTL-116755] Executing Click function
2016-01-27 23:30:17,265 DEBUG [EBPB_ControlAppearanceSTTL-116755] Exiting Click function
2016-01-27 23:30:17,265 DEBUG [EBPB_ControlAppearanceSTTL-116755] controlappearance_test_link clicked successfully
2016-01-27 23:30:17,265 DEBUG [EBPB_ControlAppearanceSTTL-116755] TestStepResult of link_Click: Pass
2016-01-27 23:30:17,265 DEBUG [EBPB_ControlAppearanceSTTL-116755] In execute keyword function
2016-01-27 23:30:17,265 DEBUG [EBPB_ControlAppearanceSTTL-116755] Executing wait function:
2016-01-27 23:30:17,265 DEBUG [EBPB_ControlAppearanceSTTL-116755] Started Executing wait function
2016-01-27 23:30:19,265 DEBUG [EBPB_ControlAppearanceSTTL-116755] Exiting from wait function
2016-01-27 23:30:19,265 DEBUG [EBPB_ControlAppearanceSTTL-116755] TestStepResult of wait: Pass
2016-01-27 23:30:19,265 DEBUG [EBPB_ControlAppearanceSTTL-116755] In execute keyword function
2016-01-27 23:30:19,265 DEBUG [EBPB_ControlAppearanceSTTL-116755] Executing validate_PageTitle function:
2016-01-27 23:30:19,300 DEBUG [EBPB_ControlAppearanceSTTL-116755] The title of the page is *********************************: PB and RE2.2 Semi Auto Frame Work : Control & Appearance
2016-01-27 23:30:19,300 DEBUG [EBPB_ControlAppearanceSTTL-116755] The page title found is correct
2016-01-27 23:30:19,300 DEBUG [EBPB_ControlAppearanceSTTL-116755] Result of validate_PageTitle: pass
2016-01-27 23:30:19,300 DEBUG [EBPB_ControlAppearanceSTTL-116755] In execute keyword function
2016-01-27 23:30:19,300 DEBUG [EBPB_ControlAppearanceSTTL-116755] Executing SelectTestToRun function:
2016-01-27 23:30:30,595 DEBUG [EBPB_ControlAppearanceSTTL-116755] Successfull in selecting clicking the category
2016-01-27 23:30:30,595 DEBUG [EBPB_ControlAppearanceSTTL-116755] TestStepResult of SelectTestToRun: pass
2016-01-27 23:30:30,595 DEBUG [EBPB_ControlAppearanceSTTL-116755] In execute keyword function
2016-01-27 23:30:30,595 DEBUG [EBPB_ControlAppearanceSTTL-116755] Executing validate_Text_Exists function:
2016-01-27 23:30:30,847 DEBUG [EBPB_ControlAppearanceSTTL-116755] VT056-0619 Testcase Text found
2016-01-27 23:30:30,847 DEBUG [EBPB_ControlAppearanceSTTL-116755] Result of validate_Text_Exists: Pass
2016-01-27 23:30:30,848 DEBUG [EBPB_ControlAppearanceSTTL-116755] In execute keyword function
2016-01-27 23:30:30,848 DEBUG [EBPB_ControlAppearanceSTTL-116755] Executing ClickRunTest function:
2016-01-27 23:30:31,201 DEBUG [EBPB_ControlAppearanceSTTL-116755] Executing Click function
2016-01-27 23:30:32,162 DEBUG [EBPB_ControlAppearanceSTTL-116755] Exiting Click function
2016-01-27 23:30:32,163 DEBUG [EBPB_ControlAppearanceSTTL-116755] runtest_top_xpath Button clicked Successfully
2016-01-27 23:30:32,163 DEBUG [EBPB_ControlAppearanceSTTL-116755] TestStepResult of ClickRunTest: pass
2016-01-27 23:30:32,163 DEBUG [EBPB_ControlAppearanceSTTL-116755] In execute keyword function
2016-01-27 23:30:32,163 DEBUG [EBPB_ControlAppearanceSTTL-116755] Executing validate_isIconDisplayed function:
2016-01-27 23:30:32,163 DEBUG [EBPB_ControlAppearanceSTTL-116755] Entered validate_isIconDisplayed function
2016-01-27 23:30:32,883 DEBUG [EBPB_ControlAppearanceSTTL-116755] Result of validate_isIconDisplayed: Pass
2016-01-27 23:30:32,883 DEBUG [EBPB_ControlAppearanceSTTL-116755] allstep_result contains: passpassPassPassPassnull
2016-01-27 23:30:32,883 DEBUG [EBPB_ControlAppearanceSTTL-116755] allexpected_result contains: nullPassnullPassnullpassnullpassnull
2016-01-27 23:30:32,883 DEBUG [EBPB_ControlAppearanceSTTL-116755] Testcase_Result contains: nullPassnullPassnullpassnullpassnullpasspassPassPassPassnull
2016-01-27 23:30:32,883 DEBUG [EBPB_ControlAppearanceSTTL-116755] Test case with description Note: Run this test with Javascript object.

StopButton Hidden Pass
2016-01-27 23:30:33,978 DEBUG [EBPB_ControlAppearanceSTTL-116755] Executing browser_Quit function
2016-01-27 23:30:33,978 DEBUG [EBPB_ControlAppearanceSTTL-116755] Completed browser_Quit function
2016-01-27 23:30:33,978 DEBUG [EBPB_ControlAppearanceSTTL-116755] Completed quitSelendroid function
2016-01-27 23:30:33,979 DEBUG [EBPB_ControlAppearanceSTTL-116755] Row number:56
2016-01-27 23:30:34,018 DEBUG [EBPB_ControlAppearanceSTTL-116755] Ending Test Case IDSTTL-116755
