2016-01-27 23:16:42,104 DEBUG [EBPB_ControlAppearanceSTTL-116730] Executing Test Case ID: STTL-116730
2016-01-27 23:16:42,114 DEBUG [EBPB_ControlAppearanceSTTL-116730] Executing Init_Selendroid function with APK as parameter and clear data value with 1
2016-01-27 23:16:52,526 DEBUG [EBPB_ControlAppearanceSTTL-116730] Exiting Init_Selendroid function
2016-01-27 23:16:52,536 DEBUG [EBPB_ControlAppearanceSTTL-116730] TestCase with Description "Note: Run this test with Javascript object.

ForwardButton imageUP(local)" Execution started
2016-01-27 23:16:52,536 DEBUG [EBPB_ControlAppearanceSTTL-116730] In execute keyword function
2016-01-27 23:16:52,536 DEBUG [EBPB_ControlAppearanceSTTL-116730] Executing wait function:
2016-01-27 23:16:52,536 DEBUG [EBPB_ControlAppearanceSTTL-116730] Started Executing wait function
2016-01-27 23:16:54,536 DEBUG [EBPB_ControlAppearanceSTTL-116730] Exiting from wait function
2016-01-27 23:16:54,536 DEBUG [EBPB_ControlAppearanceSTTL-116730] TestStepResult of wait: Pass
2016-01-27 23:16:54,536 DEBUG [EBPB_ControlAppearanceSTTL-116730] In execute keyword function
2016-01-27 23:16:54,536 DEBUG [EBPB_ControlAppearanceSTTL-116730] Executing validate_PageTitle function:
2016-01-27 23:16:54,554 DEBUG [EBPB_ControlAppearanceSTTL-116730] The title of the page is *********************************: Pocket Browser Tests
2016-01-27 23:16:54,554 DEBUG [EBPB_ControlAppearanceSTTL-116730] The page title found is correct
2016-01-27 23:16:54,554 DEBUG [EBPB_ControlAppearanceSTTL-116730] Result of validate_PageTitle: pass
2016-01-27 23:16:54,554 DEBUG [EBPB_ControlAppearanceSTTL-116730] In execute keyword function
2016-01-27 23:16:54,554 DEBUG [EBPB_ControlAppearanceSTTL-116730] Executing link_Click function:
2016-01-27 23:16:55,248 DEBUG [EBPB_ControlAppearanceSTTL-116730] Executing Click function
2016-01-27 23:16:56,294 DEBUG [EBPB_ControlAppearanceSTTL-116730] Exiting Click function
2016-01-27 23:16:56,294 DEBUG [EBPB_ControlAppearanceSTTL-116730] controlappearance_test_link clicked successfully
2016-01-27 23:16:56,294 DEBUG [EBPB_ControlAppearanceSTTL-116730] TestStepResult of link_Click: Pass
2016-01-27 23:16:56,294 DEBUG [EBPB_ControlAppearanceSTTL-116730] In execute keyword function
2016-01-27 23:16:56,294 DEBUG [EBPB_ControlAppearanceSTTL-116730] Executing wait function:
2016-01-27 23:16:56,294 DEBUG [EBPB_ControlAppearanceSTTL-116730] Started Executing wait function
2016-01-27 23:16:58,294 DEBUG [EBPB_ControlAppearanceSTTL-116730] Exiting from wait function
2016-01-27 23:16:58,294 DEBUG [EBPB_ControlAppearanceSTTL-116730] TestStepResult of wait: Pass
2016-01-27 23:16:58,294 DEBUG [EBPB_ControlAppearanceSTTL-116730] In execute keyword function
2016-01-27 23:16:58,294 DEBUG [EBPB_ControlAppearanceSTTL-116730] Executing validate_PageTitle function:
2016-01-27 23:16:58,329 DEBUG [EBPB_ControlAppearanceSTTL-116730] The title of the page is *********************************: PB and RE2.2 Semi Auto Frame Work : Control & Appearance
2016-01-27 23:16:58,329 DEBUG [EBPB_ControlAppearanceSTTL-116730] The page title found is correct
2016-01-27 23:16:58,329 DEBUG [EBPB_ControlAppearanceSTTL-116730] Result of validate_PageTitle: pass
2016-01-27 23:16:58,329 DEBUG [EBPB_ControlAppearanceSTTL-116730] In execute keyword function
2016-01-27 23:16:58,329 DEBUG [EBPB_ControlAppearanceSTTL-116730] Executing SelectTestToRun function:
2016-01-27 23:17:03,982 DEBUG [EBPB_ControlAppearanceSTTL-116730] Successfull in selecting clicking the category
2016-01-27 23:17:03,982 DEBUG [EBPB_ControlAppearanceSTTL-116730] TestStepResult of SelectTestToRun: pass
2016-01-27 23:17:03,982 DEBUG [EBPB_ControlAppearanceSTTL-116730] In execute keyword function
2016-01-27 23:17:03,982 DEBUG [EBPB_ControlAppearanceSTTL-116730] Executing validate_Text_Exists function:
2016-01-27 23:17:04,238 DEBUG [EBPB_ControlAppearanceSTTL-116730] VT056-0517 Testcase Text found
2016-01-27 23:17:04,238 DEBUG [EBPB_ControlAppearanceSTTL-116730] Result of validate_Text_Exists: Pass
2016-01-27 23:17:04,238 DEBUG [EBPB_ControlAppearanceSTTL-116730] In execute keyword function
2016-01-27 23:17:04,238 DEBUG [EBPB_ControlAppearanceSTTL-116730] Executing ClickRunTest function:
2016-01-27 23:17:04,604 DEBUG [EBPB_ControlAppearanceSTTL-116730] Executing Click function
2016-01-27 23:17:05,544 DEBUG [EBPB_ControlAppearanceSTTL-116730] Exiting Click function
2016-01-27 23:17:05,544 DEBUG [EBPB_ControlAppearanceSTTL-116730] runtest_top_xpath Button clicked Successfully
2016-01-27 23:17:05,544 DEBUG [EBPB_ControlAppearanceSTTL-116730] TestStepResult of ClickRunTest: pass
2016-01-27 23:17:05,544 DEBUG [EBPB_ControlAppearanceSTTL-116730] In execute keyword function
2016-01-27 23:17:05,544 DEBUG [EBPB_ControlAppearanceSTTL-116730] Executing validate_isIconDisplayed function:
2016-01-27 23:17:05,544 DEBUG [EBPB_ControlAppearanceSTTL-116730] Entered validate_isIconDisplayed function
2016-01-27 23:17:05,985 DEBUG [EBPB_ControlAppearanceSTTL-116730] Result of validate_isIconDisplayed: Pass
2016-01-27 23:17:05,985 DEBUG [EBPB_ControlAppearanceSTTL-116730] allstep_result contains: passpassPassPassPassnull
2016-01-27 23:17:05,985 DEBUG [EBPB_ControlAppearanceSTTL-116730] allexpected_result contains: nullPassnullPassnullpassnullpassnull
2016-01-27 23:17:05,985 DEBUG [EBPB_ControlAppearanceSTTL-116730] Testcase_Result contains: nullPassnullPassnullpassnullpassnullpasspassPassPassPassnull
2016-01-27 23:17:05,985 DEBUG [EBPB_ControlAppearanceSTTL-116730] Test case with description Note: Run this test with Javascript object.

ForwardButton imageUP(local) Pass
2016-01-27 23:17:07,004 DEBUG [EBPB_ControlAppearanceSTTL-116730] Executing browser_Quit function
2016-01-27 23:17:07,004 DEBUG [EBPB_ControlAppearanceSTTL-116730] Completed browser_Quit function
2016-01-27 23:17:07,004 DEBUG [EBPB_ControlAppearanceSTTL-116730] Completed quitSelendroid function
2016-01-27 23:17:07,005 DEBUG [EBPB_ControlAppearanceSTTL-116730] Row number:31
2016-01-27 23:17:07,044 DEBUG [EBPB_ControlAppearanceSTTL-116730] Ending Test Case IDSTTL-116730
