2016-01-27 23:32:07,859 DEBUG [EBPB_ControlAppearanceSTTL-116758] Executing Test Case ID: STTL-116758
2016-01-27 23:32:07,869 DEBUG [EBPB_ControlAppearanceSTTL-116758] Executing Init_Selendroid function with APK as parameter and clear data value with 1
2016-01-27 23:32:17,798 DEBUG [EBPB_ControlAppearanceSTTL-116758] Exiting Init_Selendroid function
2016-01-27 23:32:17,821 DEBUG [EBPB_ControlAppearanceSTTL-116758] TestCase with Description "Note: Run this test with Javascript object.

ZommtextButton Hidden" Execution started
2016-01-27 23:32:17,821 DEBUG [EBPB_ControlAppearanceSTTL-116758] In execute keyword function
2016-01-27 23:32:17,821 DEBUG [EBPB_ControlAppearanceSTTL-116758] Executing wait function:
2016-01-27 23:32:17,821 DEBUG [EBPB_ControlAppearanceSTTL-116758] Started Executing wait function
2016-01-27 23:32:19,821 DEBUG [EBPB_ControlAppearanceSTTL-116758] Exiting from wait function
2016-01-27 23:32:19,821 DEBUG [EBPB_ControlAppearanceSTTL-116758] TestStepResult of wait: Pass
2016-01-27 23:32:19,821 DEBUG [EBPB_ControlAppearanceSTTL-116758] In execute keyword function
2016-01-27 23:32:19,821 DEBUG [EBPB_ControlAppearanceSTTL-116758] Executing validate_PageTitle function:
2016-01-27 23:32:19,861 DEBUG [EBPB_ControlAppearanceSTTL-116758] The title of the page is *********************************: Pocket Browser Tests
2016-01-27 23:32:19,861 DEBUG [EBPB_ControlAppearanceSTTL-116758] The page title found is correct
2016-01-27 23:32:19,861 DEBUG [EBPB_ControlAppearanceSTTL-116758] Result of validate_PageTitle: pass
2016-01-27 23:32:19,861 DEBUG [EBPB_ControlAppearanceSTTL-116758] In execute keyword function
2016-01-27 23:32:19,861 DEBUG [EBPB_ControlAppearanceSTTL-116758] Executing link_Click function:
2016-01-27 23:32:20,437 DEBUG [EBPB_ControlAppearanceSTTL-116758] Executing Click function
2016-01-27 23:32:21,640 DEBUG [EBPB_ControlAppearanceSTTL-116758] Exiting Click function
2016-01-27 23:32:21,640 DEBUG [EBPB_ControlAppearanceSTTL-116758] controlappearance_test_link clicked successfully
2016-01-27 23:32:21,640 DEBUG [EBPB_ControlAppearanceSTTL-116758] TestStepResult of link_Click: Pass
2016-01-27 23:32:21,640 DEBUG [EBPB_ControlAppearanceSTTL-116758] In execute keyword function
2016-01-27 23:32:21,640 DEBUG [EBPB_ControlAppearanceSTTL-116758] Executing wait function:
2016-01-27 23:32:21,640 DEBUG [EBPB_ControlAppearanceSTTL-116758] Started Executing wait function
2016-01-27 23:32:23,640 DEBUG [EBPB_ControlAppearanceSTTL-116758] Exiting from wait function
2016-01-27 23:32:23,640 DEBUG [EBPB_ControlAppearanceSTTL-116758] TestStepResult of wait: Pass
2016-01-27 23:32:23,640 DEBUG [EBPB_ControlAppearanceSTTL-116758] In execute keyword function
2016-01-27 23:32:23,640 DEBUG [EBPB_ControlAppearanceSTTL-116758] Executing validate_PageTitle function:
2016-01-27 23:32:23,677 DEBUG [EBPB_ControlAppearanceSTTL-116758] The title of the page is *********************************: PB and RE2.2 Semi Auto Frame Work : Control & Appearance
2016-01-27 23:32:23,677 DEBUG [EBPB_ControlAppearanceSTTL-116758] The page title found is correct
2016-01-27 23:32:23,677 DEBUG [EBPB_ControlAppearanceSTTL-116758] Result of validate_PageTitle: pass
2016-01-27 23:32:23,677 DEBUG [EBPB_ControlAppearanceSTTL-116758] In execute keyword function
2016-01-27 23:32:23,677 DEBUG [EBPB_ControlAppearanceSTTL-116758] Executing SelectTestToRun function:
2016-01-27 23:32:35,615 DEBUG [EBPB_ControlAppearanceSTTL-116758] Successfull in selecting clicking the category
2016-01-27 23:32:35,615 DEBUG [EBPB_ControlAppearanceSTTL-116758] TestStepResult of SelectTestToRun: pass
2016-01-27 23:32:35,615 DEBUG [EBPB_ControlAppearanceSTTL-116758] In execute keyword function
2016-01-27 23:32:35,615 DEBUG [EBPB_ControlAppearanceSTTL-116758] Executing validate_Text_Exists function:
2016-01-27 23:32:35,902 DEBUG [EBPB_ControlAppearanceSTTL-116758] VT056-0635 Testcase Text found
2016-01-27 23:32:35,902 DEBUG [EBPB_ControlAppearanceSTTL-116758] Result of validate_Text_Exists: Pass
2016-01-27 23:32:35,902 DEBUG [EBPB_ControlAppearanceSTTL-116758] In execute keyword function
2016-01-27 23:32:35,902 DEBUG [EBPB_ControlAppearanceSTTL-116758] Executing ClickRunTest function:
2016-01-27 23:32:36,258 DEBUG [EBPB_ControlAppearanceSTTL-116758] Executing Click function
2016-01-27 23:32:37,242 DEBUG [EBPB_ControlAppearanceSTTL-116758] Exiting Click function
2016-01-27 23:32:37,242 DEBUG [EBPB_ControlAppearanceSTTL-116758] runtest_top_xpath Button clicked Successfully
2016-01-27 23:32:37,242 DEBUG [EBPB_ControlAppearanceSTTL-116758] TestStepResult of ClickRunTest: pass
2016-01-27 23:32:37,242 DEBUG [EBPB_ControlAppearanceSTTL-116758] In execute keyword function
2016-01-27 23:32:37,242 DEBUG [EBPB_ControlAppearanceSTTL-116758] Executing validate_isIconDisplayed function:
2016-01-27 23:32:37,242 DEBUG [EBPB_ControlAppearanceSTTL-116758] Entered validate_isIconDisplayed function
2016-01-27 23:32:37,939 DEBUG [EBPB_ControlAppearanceSTTL-116758] Result of validate_isIconDisplayed: Pass
2016-01-27 23:32:37,939 DEBUG [EBPB_ControlAppearanceSTTL-116758] allstep_result contains: passpassPassPassPassnull
2016-01-27 23:32:37,939 DEBUG [EBPB_ControlAppearanceSTTL-116758] allexpected_result contains: nullPassnullPassnullpassnullpassnull
2016-01-27 23:32:37,939 DEBUG [EBPB_ControlAppearanceSTTL-116758] Testcase_Result contains: nullPassnullPassnullpassnullpassnullpasspassPassPassPassnull
2016-01-27 23:32:37,939 DEBUG [EBPB_ControlAppearanceSTTL-116758] Test case with description Note: Run this test with Javascript object.

ZommtextButton Hidden Pass
2016-01-27 23:32:38,948 DEBUG [EBPB_ControlAppearanceSTTL-116758] Executing browser_Quit function
2016-01-27 23:32:38,948 DEBUG [EBPB_ControlAppearanceSTTL-116758] Completed browser_Quit function
2016-01-27 23:32:38,948 DEBUG [EBPB_ControlAppearanceSTTL-116758] Completed quitSelendroid function
2016-01-27 23:32:38,950 DEBUG [EBPB_ControlAppearanceSTTL-116758] Row number:59
2016-01-27 23:32:38,995 DEBUG [EBPB_ControlAppearanceSTTL-116758] Ending Test Case IDSTTL-116758
