2016-01-27 23:12:13,174 DEBUG [EBPB_ControlAppearanceSTTL-116720] Executing Test Case ID: STTL-116720
2016-01-27 23:12:13,183 DEBUG [EBPB_ControlAppearanceSTTL-116720] Executing Init_Selendroid function with APK as parameter and clear data value with 1
2016-01-27 23:12:23,364 DEBUG [EBPB_ControlAppearanceSTTL-116720] Exiting Init_Selendroid function
2016-01-27 23:12:23,388 DEBUG [EBPB_ControlAppearanceSTTL-116720] TestCase with Description "Note: Run this test with Javascript object.

HomeButton Hidden" Execution started
2016-01-27 23:12:23,388 DEBUG [EBPB_ControlAppearanceSTTL-116720] In execute keyword function
2016-01-27 23:12:23,388 DEBUG [EBPB_ControlAppearanceSTTL-116720] Executing wait function:
2016-01-27 23:12:23,388 DEBUG [EBPB_ControlAppearanceSTTL-116720] Started Executing wait function
2016-01-27 23:12:25,388 DEBUG [EBPB_ControlAppearanceSTTL-116720] Exiting from wait function
2016-01-27 23:12:25,388 DEBUG [EBPB_ControlAppearanceSTTL-116720] TestStepResult of wait: Pass
2016-01-27 23:12:25,388 DEBUG [EBPB_ControlAppearanceSTTL-116720] In execute keyword function
2016-01-27 23:12:25,388 DEBUG [EBPB_ControlAppearanceSTTL-116720] Executing validate_PageTitle function:
2016-01-27 23:12:25,435 DEBUG [EBPB_ControlAppearanceSTTL-116720] The title of the page is *********************************: Pocket Browser Tests
2016-01-27 23:12:25,435 DEBUG [EBPB_ControlAppearanceSTTL-116720] The page title found is correct
2016-01-27 23:12:25,435 DEBUG [EBPB_ControlAppearanceSTTL-116720] Result of validate_PageTitle: pass
2016-01-27 23:12:25,435 DEBUG [EBPB_ControlAppearanceSTTL-116720] In execute keyword function
2016-01-27 23:12:25,435 DEBUG [EBPB_ControlAppearanceSTTL-116720] Executing link_Click function:
2016-01-27 23:12:26,043 DEBUG [EBPB_ControlAppearanceSTTL-116720] Executing Click function
2016-01-27 23:12:27,055 DEBUG [EBPB_ControlAppearanceSTTL-116720] Exiting Click function
2016-01-27 23:12:27,055 DEBUG [EBPB_ControlAppearanceSTTL-116720] controlappearance_test_link clicked successfully
2016-01-27 23:12:27,055 DEBUG [EBPB_ControlAppearanceSTTL-116720] TestStepResult of link_Click: Pass
2016-01-27 23:12:27,055 DEBUG [EBPB_ControlAppearanceSTTL-116720] In execute keyword function
2016-01-27 23:12:27,055 DEBUG [EBPB_ControlAppearanceSTTL-116720] Executing wait function:
2016-01-27 23:12:27,056 DEBUG [EBPB_ControlAppearanceSTTL-116720] Started Executing wait function
2016-01-27 23:12:29,056 DEBUG [EBPB_ControlAppearanceSTTL-116720] Exiting from wait function
2016-01-27 23:12:29,056 DEBUG [EBPB_ControlAppearanceSTTL-116720] TestStepResult of wait: Pass
2016-01-27 23:12:29,056 DEBUG [EBPB_ControlAppearanceSTTL-116720] In execute keyword function
2016-01-27 23:12:29,056 DEBUG [EBPB_ControlAppearanceSTTL-116720] Executing validate_PageTitle function:
2016-01-27 23:12:29,103 DEBUG [EBPB_ControlAppearanceSTTL-116720] The title of the page is *********************************: PB and RE2.2 Semi Auto Frame Work : Control & Appearance
2016-01-27 23:12:29,103 DEBUG [EBPB_ControlAppearanceSTTL-116720] The page title found is correct
2016-01-27 23:12:29,103 DEBUG [EBPB_ControlAppearanceSTTL-116720] Result of validate_PageTitle: pass
2016-01-27 23:12:29,103 DEBUG [EBPB_ControlAppearanceSTTL-116720] In execute keyword function
2016-01-27 23:12:29,103 DEBUG [EBPB_ControlAppearanceSTTL-116720] Executing SelectTestToRun function:
2016-01-27 23:12:33,448 DEBUG [EBPB_ControlAppearanceSTTL-116720] Successfull in selecting clicking the category
2016-01-27 23:12:33,448 DEBUG [EBPB_ControlAppearanceSTTL-116720] TestStepResult of SelectTestToRun: pass
2016-01-27 23:12:33,448 DEBUG [EBPB_ControlAppearanceSTTL-116720] In execute keyword function
2016-01-27 23:12:33,448 DEBUG [EBPB_ControlAppearanceSTTL-116720] Executing validate_Text_Exists function:
2016-01-27 23:12:33,694 DEBUG [EBPB_ControlAppearanceSTTL-116720] VT056-0491 Testcase Text found
2016-01-27 23:12:33,694 DEBUG [EBPB_ControlAppearanceSTTL-116720] Result of validate_Text_Exists: Pass
2016-01-27 23:12:33,694 DEBUG [EBPB_ControlAppearanceSTTL-116720] In execute keyword function
2016-01-27 23:12:33,695 DEBUG [EBPB_ControlAppearanceSTTL-116720] Executing ClickRunTest function:
2016-01-27 23:12:34,074 DEBUG [EBPB_ControlAppearanceSTTL-116720] Executing Click function
2016-01-27 23:12:34,991 DEBUG [EBPB_ControlAppearanceSTTL-116720] Exiting Click function
2016-01-27 23:12:34,991 DEBUG [EBPB_ControlAppearanceSTTL-116720] runtest_top_xpath Button clicked Successfully
2016-01-27 23:12:34,991 DEBUG [EBPB_ControlAppearanceSTTL-116720] TestStepResult of ClickRunTest: pass
2016-01-27 23:12:34,991 DEBUG [EBPB_ControlAppearanceSTTL-116720] In execute keyword function
2016-01-27 23:12:34,991 DEBUG [EBPB_ControlAppearanceSTTL-116720] Executing validate_isIconDisplayed function:
2016-01-27 23:12:34,991 DEBUG [EBPB_ControlAppearanceSTTL-116720] Entered validate_isIconDisplayed function
2016-01-27 23:12:35,676 DEBUG [EBPB_ControlAppearanceSTTL-116720] Result of validate_isIconDisplayed: Pass
2016-01-27 23:12:35,676 DEBUG [EBPB_ControlAppearanceSTTL-116720] allstep_result contains: passpassPassPassPassnull
2016-01-27 23:12:35,676 DEBUG [EBPB_ControlAppearanceSTTL-116720] allexpected_result contains: nullPassnullPassnullpassnullpassnull
2016-01-27 23:12:35,676 DEBUG [EBPB_ControlAppearanceSTTL-116720] Testcase_Result contains: nullPassnullPassnullpassnullpassnullpasspassPassPassPassnull
2016-01-27 23:12:35,676 DEBUG [EBPB_ControlAppearanceSTTL-116720] Test case with description Note: Run this test with Javascript object.

HomeButton Hidden Pass
2016-01-27 23:12:36,681 DEBUG [EBPB_ControlAppearanceSTTL-116720] Executing browser_Quit function
2016-01-27 23:12:36,681 DEBUG [EBPB_ControlAppearanceSTTL-116720] Completed browser_Quit function
2016-01-27 23:12:36,681 DEBUG [EBPB_ControlAppearanceSTTL-116720] Completed quitSelendroid function
2016-01-27 23:12:36,681 DEBUG [EBPB_ControlAppearanceSTTL-116720] Row number:21
2016-01-27 23:12:36,730 DEBUG [EBPB_ControlAppearanceSTTL-116720] Ending Test Case IDSTTL-116720
