2016-01-27 23:09:30,014 DEBUG [EBPB_ControlAppearanceSTTL-116714] Executing Test Case ID: STTL-116714
2016-01-27 23:09:30,024 DEBUG [EBPB_ControlAppearanceSTTL-116714] Executing Init_Selendroid function with APK as parameter and clear data value with 1
2016-01-27 23:09:40,403 DEBUG [EBPB_ControlAppearanceSTTL-116714] Exiting Init_Selendroid function
2016-01-27 23:09:40,426 DEBUG [EBPB_ControlAppearanceSTTL-116714] TestCase with Description "Note: Run this test with Javascript object.

BackButton Width:30" Execution started
2016-01-27 23:09:40,426 DEBUG [EBPB_ControlAppearanceSTTL-116714] In execute keyword function
2016-01-27 23:09:40,426 DEBUG [EBPB_ControlAppearanceSTTL-116714] Executing wait function:
2016-01-27 23:09:40,426 DEBUG [EBPB_ControlAppearanceSTTL-116714] Started Executing wait function
2016-01-27 23:09:42,427 DEBUG [EBPB_ControlAppearanceSTTL-116714] Exiting from wait function
2016-01-27 23:09:42,427 DEBUG [EBPB_ControlAppearanceSTTL-116714] TestStepResult of wait: Pass
2016-01-27 23:09:42,427 DEBUG [EBPB_ControlAppearanceSTTL-116714] In execute keyword function
2016-01-27 23:09:42,427 DEBUG [EBPB_ControlAppearanceSTTL-116714] Executing validate_PageTitle function:
2016-01-27 23:09:42,477 DEBUG [EBPB_ControlAppearanceSTTL-116714] The title of the page is *********************************: Pocket Browser Tests
2016-01-27 23:09:42,477 DEBUG [EBPB_ControlAppearanceSTTL-116714] The page title found is correct
2016-01-27 23:09:42,477 DEBUG [EBPB_ControlAppearanceSTTL-116714] Result of validate_PageTitle: pass
2016-01-27 23:09:42,477 DEBUG [EBPB_ControlAppearanceSTTL-116714] In execute keyword function
2016-01-27 23:09:42,477 DEBUG [EBPB_ControlAppearanceSTTL-116714] Executing link_Click function:
2016-01-27 23:09:43,091 DEBUG [EBPB_ControlAppearanceSTTL-116714] Executing Click function
2016-01-27 23:09:44,093 DEBUG [EBPB_ControlAppearanceSTTL-116714] Exiting Click function
2016-01-27 23:09:44,093 DEBUG [EBPB_ControlAppearanceSTTL-116714] controlappearance_test_link clicked successfully
2016-01-27 23:09:44,093 DEBUG [EBPB_ControlAppearanceSTTL-116714] TestStepResult of link_Click: Pass
2016-01-27 23:09:44,093 DEBUG [EBPB_ControlAppearanceSTTL-116714] In execute keyword function
2016-01-27 23:09:44,093 DEBUG [EBPB_ControlAppearanceSTTL-116714] Executing wait function:
2016-01-27 23:09:44,093 DEBUG [EBPB_ControlAppearanceSTTL-116714] Started Executing wait function
2016-01-27 23:09:46,093 DEBUG [EBPB_ControlAppearanceSTTL-116714] Exiting from wait function
2016-01-27 23:09:46,093 DEBUG [EBPB_ControlAppearanceSTTL-116714] TestStepResult of wait: Pass
2016-01-27 23:09:46,093 DEBUG [EBPB_ControlAppearanceSTTL-116714] In execute keyword function
2016-01-27 23:09:46,093 DEBUG [EBPB_ControlAppearanceSTTL-116714] Executing validate_PageTitle function:
2016-01-27 23:09:46,129 DEBUG [EBPB_ControlAppearanceSTTL-116714] The title of the page is *********************************: PB and RE2.2 Semi Auto Frame Work : Control & Appearance
2016-01-27 23:09:46,129 DEBUG [EBPB_ControlAppearanceSTTL-116714] The page title found is correct
2016-01-27 23:09:46,129 DEBUG [EBPB_ControlAppearanceSTTL-116714] Result of validate_PageTitle: pass
2016-01-27 23:09:46,129 DEBUG [EBPB_ControlAppearanceSTTL-116714] In execute keyword function
2016-01-27 23:09:46,130 DEBUG [EBPB_ControlAppearanceSTTL-116714] Executing SelectTestToRun function:
2016-01-27 23:09:49,926 DEBUG [EBPB_ControlAppearanceSTTL-116714] Successfull in selecting clicking the category
2016-01-27 23:09:49,926 DEBUG [EBPB_ControlAppearanceSTTL-116714] TestStepResult of SelectTestToRun: pass
2016-01-27 23:09:49,926 DEBUG [EBPB_ControlAppearanceSTTL-116714] In execute keyword function
2016-01-27 23:09:49,926 DEBUG [EBPB_ControlAppearanceSTTL-116714] Executing validate_Text_Exists function:
2016-01-27 23:09:50,223 DEBUG [EBPB_ControlAppearanceSTTL-116714] VT056-0471 Testcase Text found
2016-01-27 23:09:50,223 DEBUG [EBPB_ControlAppearanceSTTL-116714] Result of validate_Text_Exists: Pass
2016-01-27 23:09:50,223 DEBUG [EBPB_ControlAppearanceSTTL-116714] In execute keyword function
2016-01-27 23:09:50,223 DEBUG [EBPB_ControlAppearanceSTTL-116714] Executing ClickRunTest function:
2016-01-27 23:09:50,553 DEBUG [EBPB_ControlAppearanceSTTL-116714] Executing Click function
2016-01-27 23:09:51,538 DEBUG [EBPB_ControlAppearanceSTTL-116714] Exiting Click function
2016-01-27 23:09:51,538 DEBUG [EBPB_ControlAppearanceSTTL-116714] runtest_top_xpath Button clicked Successfully
2016-01-27 23:09:51,538 DEBUG [EBPB_ControlAppearanceSTTL-116714] TestStepResult of ClickRunTest: pass
2016-01-27 23:09:51,538 DEBUG [EBPB_ControlAppearanceSTTL-116714] In execute keyword function
2016-01-27 23:09:51,538 DEBUG [EBPB_ControlAppearanceSTTL-116714] Executing validate_Iconposition function:
2016-01-27 23:09:51,538 DEBUG [EBPB_ControlAppearanceSTTL-116714] Entered validate_Iconposition function
2016-01-27 23:09:52,667 DEBUG [EBPB_ControlAppearanceSTTL-116714] Result of validate_Iconposition: Pass
2016-01-27 23:09:52,667 DEBUG [EBPB_ControlAppearanceSTTL-116714] allstep_result contains: passpassPassPassPassnull
2016-01-27 23:09:52,667 DEBUG [EBPB_ControlAppearanceSTTL-116714] allexpected_result contains: nullPassnullPassnullpassnullpassnull
2016-01-27 23:09:52,668 DEBUG [EBPB_ControlAppearanceSTTL-116714] Testcase_Result contains: nullPassnullPassnullpassnullpassnullpasspassPassPassPassnull
2016-01-27 23:09:52,668 DEBUG [EBPB_ControlAppearanceSTTL-116714] Test case with description Note: Run this test with Javascript object.

BackButton Width:30 Pass
2016-01-27 23:09:53,626 DEBUG [EBPB_ControlAppearanceSTTL-116714] Executing browser_Quit function
2016-01-27 23:09:53,626 DEBUG [EBPB_ControlAppearanceSTTL-116714] Completed browser_Quit function
2016-01-27 23:09:53,626 DEBUG [EBPB_ControlAppearanceSTTL-116714] Completed quitSelendroid function
2016-01-27 23:09:53,626 DEBUG [EBPB_ControlAppearanceSTTL-116714] Row number:15
2016-01-27 23:09:53,691 DEBUG [EBPB_ControlAppearanceSTTL-116714] Ending Test Case IDSTTL-116714
