2016-01-28 01:12:18,964 DEBUG [EBPB_GestureSTTL-116727] Executing Test Case ID: STTL-116727
2016-01-28 01:12:18,971 DEBUG [EBPB_GestureSTTL-116727] Executing Init_Selendroid function with APK as parameter and clear data value with 1
2016-01-28 01:12:29,287 DEBUG [EBPB_GestureSTTL-116727] Exiting Init_Selendroid function
2016-01-28 01:12:29,303 DEBUG [EBPB_GestureSTTL-116727] TestCase with Description "Gesture - Gesture Type=Hold, Checking count after Gesture detection" Execution started
2016-01-28 01:12:29,303 DEBUG [EBPB_GestureSTTL-116727] In execute keyword function
2016-01-28 01:12:29,303 DEBUG [EBPB_GestureSTTL-116727] Executing wait function:
2016-01-28 01:12:29,303 DEBUG [EBPB_GestureSTTL-116727] Started Executing wait function
2016-01-28 01:12:33,304 DEBUG [EBPB_GestureSTTL-116727] Exiting from wait function
2016-01-28 01:12:33,304 DEBUG [EBPB_GestureSTTL-116727] TestStepResult of wait: Pass
2016-01-28 01:12:33,304 DEBUG [EBPB_GestureSTTL-116727] In execute keyword function
2016-01-28 01:12:33,304 DEBUG [EBPB_GestureSTTL-116727] Executing validate_PageTitle function:
2016-01-28 01:12:33,345 DEBUG [EBPB_GestureSTTL-116727] The title of the page is *********************************: Pocket Browser Tests
2016-01-28 01:12:33,345 DEBUG [EBPB_GestureSTTL-116727] The page title found is correct
2016-01-28 01:12:33,345 DEBUG [EBPB_GestureSTTL-116727] Result of validate_PageTitle: pass
2016-01-28 01:12:33,345 DEBUG [EBPB_GestureSTTL-116727] In execute keyword function
2016-01-28 01:12:33,345 DEBUG [EBPB_GestureSTTL-116727] Executing link_Click function:
2016-01-28 01:12:33,968 DEBUG [EBPB_GestureSTTL-116727] Executing Click function
2016-01-28 01:12:35,064 DEBUG [EBPB_GestureSTTL-116727] Exiting Click function
2016-01-28 01:12:35,064 DEBUG [EBPB_GestureSTTL-116727] gesturepb3_test_link clicked successfully
2016-01-28 01:12:35,064 DEBUG [EBPB_GestureSTTL-116727] TestStepResult of link_Click: Pass
2016-01-28 01:12:35,064 DEBUG [EBPB_GestureSTTL-116727] In execute keyword function
2016-01-28 01:12:35,064 DEBUG [EBPB_GestureSTTL-116727] Executing wait function:
2016-01-28 01:12:35,064 DEBUG [EBPB_GestureSTTL-116727] Started Executing wait function
2016-01-28 01:12:37,064 DEBUG [EBPB_GestureSTTL-116727] Exiting from wait function
2016-01-28 01:12:37,064 DEBUG [EBPB_GestureSTTL-116727] TestStepResult of wait: Pass
2016-01-28 01:12:37,064 DEBUG [EBPB_GestureSTTL-116727] In execute keyword function
2016-01-28 01:12:37,064 DEBUG [EBPB_GestureSTTL-116727] Executing validate_PageTitle function:
2016-01-28 01:12:37,096 DEBUG [EBPB_GestureSTTL-116727] The title of the page is *********************************: Gesture Index
2016-01-28 01:12:37,096 DEBUG [EBPB_GestureSTTL-116727] The page title found is correct
2016-01-28 01:12:37,096 DEBUG [EBPB_GestureSTTL-116727] Result of validate_PageTitle: pass
2016-01-28 01:12:37,096 DEBUG [EBPB_GestureSTTL-116727] In execute keyword function
2016-01-28 01:12:37,096 DEBUG [EBPB_GestureSTTL-116727] Executing link_Click function:
2016-01-28 01:12:37,426 DEBUG [EBPB_GestureSTTL-116727] Executing Click function
2016-01-28 01:12:38,367 DEBUG [EBPB_GestureSTTL-116727] Exiting Click function
2016-01-28 01:12:38,367 DEBUG [EBPB_GestureSTTL-116727] holdgesturepb3_test_link clicked successfully
2016-01-28 01:12:38,367 DEBUG [EBPB_GestureSTTL-116727] TestStepResult of link_Click: Pass
2016-01-28 01:12:38,367 DEBUG [EBPB_GestureSTTL-116727] In execute keyword function
2016-01-28 01:12:38,367 DEBUG [EBPB_GestureSTTL-116727] Executing wait function:
2016-01-28 01:12:38,367 DEBUG [EBPB_GestureSTTL-116727] Started Executing wait function
2016-01-28 01:12:40,367 DEBUG [EBPB_GestureSTTL-116727] Exiting from wait function
2016-01-28 01:12:40,367 DEBUG [EBPB_GestureSTTL-116727] TestStepResult of wait: Pass
2016-01-28 01:12:40,367 DEBUG [EBPB_GestureSTTL-116727] In execute keyword function
2016-01-28 01:12:40,367 DEBUG [EBPB_GestureSTTL-116727] Executing validate_PageTitle function:
2016-01-28 01:12:40,401 DEBUG [EBPB_GestureSTTL-116727] The title of the page is *********************************: Hold Gesture
2016-01-28 01:12:40,401 DEBUG [EBPB_GestureSTTL-116727] The page title found is correct
2016-01-28 01:12:40,401 DEBUG [EBPB_GestureSTTL-116727] Result of validate_PageTitle: pass
2016-01-28 01:12:40,401 DEBUG [EBPB_GestureSTTL-116727] In execute keyword function
2016-01-28 01:12:40,401 DEBUG [EBPB_GestureSTTL-116727] Executing SelectTestToRun function:
2016-01-28 01:12:43,466 DEBUG [EBPB_GestureSTTL-116727] Successfull in selecting clicking the category
2016-01-28 01:12:43,467 DEBUG [EBPB_GestureSTTL-116727] TestStepResult of SelectTestToRun: pass
2016-01-28 01:12:43,467 DEBUG [EBPB_GestureSTTL-116727] In execute keyword function
2016-01-28 01:12:43,467 DEBUG [EBPB_GestureSTTL-116727] Executing validate_Text_Exists function:
2016-01-28 01:12:43,715 DEBUG [EBPB_GestureSTTL-116727] VT056-1329 Testcase Text found
2016-01-28 01:12:43,715 DEBUG [EBPB_GestureSTTL-116727] Result of validate_Text_Exists: Pass
2016-01-28 01:12:43,715 DEBUG [EBPB_GestureSTTL-116727] In execute keyword function
2016-01-28 01:12:43,715 DEBUG [EBPB_GestureSTTL-116727] Executing ClickRunTest function:
2016-01-28 01:12:44,039 DEBUG [EBPB_GestureSTTL-116727] Executing Click function
2016-01-28 01:12:45,001 DEBUG [EBPB_GestureSTTL-116727] Exiting Click function
2016-01-28 01:12:45,001 DEBUG [EBPB_GestureSTTL-116727] runtest_top_xpath Button clicked Successfully
2016-01-28 01:12:45,001 DEBUG [EBPB_GestureSTTL-116727] TestStepResult of ClickRunTest: pass
2016-01-28 01:12:45,001 DEBUG [EBPB_GestureSTTL-116727] In execute keyword function
2016-01-28 01:12:45,001 DEBUG [EBPB_GestureSTTL-116727] Executing DrawGesture function:
2016-01-28 01:12:45,001 DEBUG [EBPB_GestureSTTL-116727] Started executeCommandLine function
2016-01-28 01:12:49,022 DEBUG [EBPB_GestureSTTL-116727] Started executeCommandLine function
2016-01-28 01:12:53,043 DEBUG [EBPB_GestureSTTL-116727] Gesture hold_default_centre drawn successfully
2016-01-28 01:12:53,043 DEBUG [EBPB_GestureSTTL-116727] TestStepResult of DrawGesture: Pass
2016-01-28 01:12:53,043 DEBUG [EBPB_GestureSTTL-116727] In execute keyword function
2016-01-28 01:12:53,043 DEBUG [EBPB_GestureSTTL-116727] Executing validate_Result function:
2016-01-28 01:12:53,322 DEBUG [EBPB_GestureSTTL-116727] Count: 0 Text not found in Gesture detected for 1th time.
Gesture ID: holdGesture, Count: 1
2016-01-28 01:12:53,322 DEBUG [EBPB_GestureSTTL-116727] Result of validate_Result: Fail
2016-01-28 01:12:53,322 DEBUG [EBPB_GestureSTTL-116727] allstep_result contains: PasspasspassPassPassPassPassPassnull
2016-01-28 01:12:53,322 DEBUG [EBPB_GestureSTTL-116727] allexpected_result contains: nullFailnullPassnullpassnullpassnullpassnull
2016-01-28 01:12:53,322 DEBUG [EBPB_GestureSTTL-116727] Testcase_Result contains: nullFailnullPassnullpassnullpassnullpassnullPasspasspassPassPassPassPassPassnull
2016-01-28 01:12:53,322 DEBUG [EBPB_GestureSTTL-116727] Test case with description Gesture - Gesture Type=Hold, Checking count after Gesture detection Fail
2016-01-28 01:12:54,205 DEBUG [EBPB_GestureSTTL-116727] Executing browser_Quit function
2016-01-28 01:12:54,205 DEBUG [EBPB_GestureSTTL-116727] Completed browser_Quit function
2016-01-28 01:12:54,205 DEBUG [EBPB_GestureSTTL-116727] Completed quitSelendroid function
2016-01-28 01:12:54,206 DEBUG [EBPB_GestureSTTL-116727] Row number:28
