2016-01-28 01:00:56,819 DEBUG [EBPB_GestureSTTL-116708] Executing Test Case ID: STTL-116708
2016-01-28 01:00:56,825 DEBUG [EBPB_GestureSTTL-116708] Executing Init_Selendroid function with APK as parameter and clear data value with 1
2016-01-28 01:01:06,864 DEBUG [EBPB_GestureSTTL-116708] Exiting Init_Selendroid function
2016-01-28 01:01:06,880 DEBUG [EBPB_GestureSTTL-116708] TestCase with Description "Linear Gesture start-x :80,start-y:80,end-x:250,end-y:250" Execution started
2016-01-28 01:01:06,880 DEBUG [EBPB_GestureSTTL-116708] In execute keyword function
2016-01-28 01:01:06,880 DEBUG [EBPB_GestureSTTL-116708] Executing wait function:
2016-01-28 01:01:06,880 DEBUG [EBPB_GestureSTTL-116708] Started Executing wait function
2016-01-28 01:01:10,880 DEBUG [EBPB_GestureSTTL-116708] Exiting from wait function
2016-01-28 01:01:10,880 DEBUG [EBPB_GestureSTTL-116708] TestStepResult of wait: Pass
2016-01-28 01:01:10,880 DEBUG [EBPB_GestureSTTL-116708] In execute keyword function
2016-01-28 01:01:10,880 DEBUG [EBPB_GestureSTTL-116708] Executing validate_PageTitle function:
2016-01-28 01:01:10,920 DEBUG [EBPB_GestureSTTL-116708] The title of the page is *********************************: Pocket Browser Tests
2016-01-28 01:01:10,920 DEBUG [EBPB_GestureSTTL-116708] The page title found is correct
2016-01-28 01:01:10,920 DEBUG [EBPB_GestureSTTL-116708] Result of validate_PageTitle: pass
2016-01-28 01:01:10,920 DEBUG [EBPB_GestureSTTL-116708] In execute keyword function
2016-01-28 01:01:10,920 DEBUG [EBPB_GestureSTTL-116708] Executing link_Click function:
2016-01-28 01:01:11,545 DEBUG [EBPB_GestureSTTL-116708] Executing Click function
2016-01-28 01:01:12,610 DEBUG [EBPB_GestureSTTL-116708] Exiting Click function
2016-01-28 01:01:12,610 DEBUG [EBPB_GestureSTTL-116708] gesturepb3_test_link clicked successfully
2016-01-28 01:01:12,610 DEBUG [EBPB_GestureSTTL-116708] TestStepResult of link_Click: Pass
2016-01-28 01:01:12,611 DEBUG [EBPB_GestureSTTL-116708] In execute keyword function
2016-01-28 01:01:12,611 DEBUG [EBPB_GestureSTTL-116708] Executing wait function:
2016-01-28 01:01:12,611 DEBUG [EBPB_GestureSTTL-116708] Started Executing wait function
2016-01-28 01:01:14,611 DEBUG [EBPB_GestureSTTL-116708] Exiting from wait function
2016-01-28 01:01:14,611 DEBUG [EBPB_GestureSTTL-116708] TestStepResult of wait: Pass
2016-01-28 01:01:14,611 DEBUG [EBPB_GestureSTTL-116708] In execute keyword function
2016-01-28 01:01:14,611 DEBUG [EBPB_GestureSTTL-116708] Executing validate_PageTitle function:
2016-01-28 01:01:14,647 DEBUG [EBPB_GestureSTTL-116708] The title of the page is *********************************: Gesture Index
2016-01-28 01:01:14,647 DEBUG [EBPB_GestureSTTL-116708] The page title found is correct
2016-01-28 01:01:14,647 DEBUG [EBPB_GestureSTTL-116708] Result of validate_PageTitle: pass
2016-01-28 01:01:14,647 DEBUG [EBPB_GestureSTTL-116708] In execute keyword function
2016-01-28 01:01:14,647 DEBUG [EBPB_GestureSTTL-116708] Executing link_Click function:
2016-01-28 01:01:15,090 DEBUG [EBPB_GestureSTTL-116708] Executing Click function
2016-01-28 01:01:16,055 DEBUG [EBPB_GestureSTTL-116708] Exiting Click function
2016-01-28 01:01:16,055 DEBUG [EBPB_GestureSTTL-116708] lineargesturepb3_test_link clicked successfully
2016-01-28 01:01:16,055 DEBUG [EBPB_GestureSTTL-116708] TestStepResult of link_Click: Pass
2016-01-28 01:01:16,055 DEBUG [EBPB_GestureSTTL-116708] In execute keyword function
2016-01-28 01:01:16,055 DEBUG [EBPB_GestureSTTL-116708] Executing wait function:
2016-01-28 01:01:16,055 DEBUG [EBPB_GestureSTTL-116708] Started Executing wait function
2016-01-28 01:01:18,055 DEBUG [EBPB_GestureSTTL-116708] Exiting from wait function
2016-01-28 01:01:18,055 DEBUG [EBPB_GestureSTTL-116708] TestStepResult of wait: Pass
2016-01-28 01:01:18,055 DEBUG [EBPB_GestureSTTL-116708] In execute keyword function
2016-01-28 01:01:18,055 DEBUG [EBPB_GestureSTTL-116708] Executing validate_PageTitle function:
2016-01-28 01:01:18,093 DEBUG [EBPB_GestureSTTL-116708] The title of the page is *********************************: Linear Gesture
2016-01-28 01:01:18,093 DEBUG [EBPB_GestureSTTL-116708] The page title found is correct
2016-01-28 01:01:18,093 DEBUG [EBPB_GestureSTTL-116708] Result of validate_PageTitle: pass
2016-01-28 01:01:18,093 DEBUG [EBPB_GestureSTTL-116708] In execute keyword function
2016-01-28 01:01:18,093 DEBUG [EBPB_GestureSTTL-116708] Executing SelectTestToRun function:
2016-01-28 01:01:21,143 DEBUG [EBPB_GestureSTTL-116708] Successfull in selecting clicking the category
2016-01-28 01:01:21,143 DEBUG [EBPB_GestureSTTL-116708] TestStepResult of SelectTestToRun: pass
2016-01-28 01:01:21,143 DEBUG [EBPB_GestureSTTL-116708] In execute keyword function
2016-01-28 01:01:21,143 DEBUG [EBPB_GestureSTTL-116708] Executing validate_Text_Exists function:
2016-01-28 01:01:21,448 DEBUG [EBPB_GestureSTTL-116708] VT056-0354 Testcase Text found
2016-01-28 01:01:21,448 DEBUG [EBPB_GestureSTTL-116708] Result of validate_Text_Exists: Pass
2016-01-28 01:01:21,448 DEBUG [EBPB_GestureSTTL-116708] In execute keyword function
2016-01-28 01:01:21,448 DEBUG [EBPB_GestureSTTL-116708] Executing ClickRunTest function:
2016-01-28 01:01:21,833 DEBUG [EBPB_GestureSTTL-116708] Executing Click function
2016-01-28 01:01:22,807 DEBUG [EBPB_GestureSTTL-116708] Exiting Click function
2016-01-28 01:01:22,807 DEBUG [EBPB_GestureSTTL-116708] runtest_top_xpath Button clicked Successfully
2016-01-28 01:01:22,807 DEBUG [EBPB_GestureSTTL-116708] TestStepResult of ClickRunTest: pass
2016-01-28 01:01:22,807 DEBUG [EBPB_GestureSTTL-116708] In execute keyword function
2016-01-28 01:01:22,807 DEBUG [EBPB_GestureSTTL-116708] Executing DrawGesture function:
2016-01-28 01:01:22,807 DEBUG [EBPB_GestureSTTL-116708] Started executeCommandLine function
2016-01-28 01:01:26,828 DEBUG [EBPB_GestureSTTL-116708] Gesture linear drawn successfully
2016-01-28 01:01:26,828 DEBUG [EBPB_GestureSTTL-116708] TestStepResult of DrawGesture: Pass
2016-01-28 01:01:26,828 DEBUG [EBPB_GestureSTTL-116708] In execute keyword function
2016-01-28 01:01:26,828 DEBUG [EBPB_GestureSTTL-116708] Executing validate_Result function:
2016-01-28 01:01:27,100 DEBUG [EBPB_GestureSTTL-116708] Gesture detected for 1th time Text found in Gesture detected for 1th time.
Gesture ID: linearGesture, Count: 0
2016-01-28 01:01:27,100 DEBUG [EBPB_GestureSTTL-116708] Result of validate_Result: Pass
2016-01-28 01:01:27,100 DEBUG [EBPB_GestureSTTL-116708] In execute keyword function
2016-01-28 01:01:27,100 DEBUG [EBPB_GestureSTTL-116708] Executing validate_Result function:
2016-01-28 01:01:27,242 DEBUG [EBPB_GestureSTTL-116708] linearGesture Text found in Gesture detected for 1th time.
Gesture ID: linearGesture, Count: 0
2016-01-28 01:01:27,242 DEBUG [EBPB_GestureSTTL-116708] Result of validate_Result: Pass
2016-01-28 01:01:27,242 DEBUG [EBPB_GestureSTTL-116708] In execute keyword function
2016-01-28 01:01:27,243 DEBUG [EBPB_GestureSTTL-116708] Executing DrawGesture function:
2016-01-28 01:01:27,243 DEBUG [EBPB_GestureSTTL-116708] Started executeCommandLine function
2016-01-28 01:01:31,264 DEBUG [EBPB_GestureSTTL-116708] Gesture linear drawn successfully
2016-01-28 01:01:31,264 DEBUG [EBPB_GestureSTTL-116708] TestStepResult of DrawGesture: Pass
2016-01-28 01:01:31,264 DEBUG [EBPB_GestureSTTL-116708] In execute keyword function
2016-01-28 01:01:31,264 DEBUG [EBPB_GestureSTTL-116708] Executing validate_Result function:
2016-01-28 01:01:31,458 DEBUG [EBPB_GestureSTTL-116708] Gesture detected for 2th time Text found in Gesture detected for 2th time.
Gesture ID: linearGesture, Count: 0
2016-01-28 01:01:31,458 DEBUG [EBPB_GestureSTTL-116708] Result of validate_Result: Pass
2016-01-28 01:01:31,458 DEBUG [EBPB_GestureSTTL-116708] In execute keyword function
2016-01-28 01:01:31,458 DEBUG [EBPB_GestureSTTL-116708] Executing validate_Result function:
2016-01-28 01:01:31,596 DEBUG [EBPB_GestureSTTL-116708] linearGesture Text found in Gesture detected for 2th time.
Gesture ID: linearGesture, Count: 0
2016-01-28 01:01:31,596 DEBUG [EBPB_GestureSTTL-116708] Result of validate_Result: Pass
2016-01-28 01:01:31,596 DEBUG [EBPB_GestureSTTL-116708] allstep_result contains: PassPasspasspassPassPassPassPassPassnull
2016-01-28 01:01:31,596 DEBUG [EBPB_GestureSTTL-116708] allexpected_result contains: nullPassPassnullPassPassnullPassnullpassnullpassnullpassnull
2016-01-28 01:01:31,596 DEBUG [EBPB_GestureSTTL-116708] Testcase_Result contains: nullPassPassnullPassPassnullPassnullpassnullpassnullpassnullPassPasspasspassPassPassPassPassPassnull
2016-01-28 01:01:31,596 DEBUG [EBPB_GestureSTTL-116708] Test case with description Linear Gesture start-x :80,start-y:80,end-x:250,end-y:250 Pass
2016-01-28 01:01:32,506 DEBUG [EBPB_GestureSTTL-116708] Executing browser_Quit function
2016-01-28 01:01:32,507 DEBUG [EBPB_GestureSTTL-116708] Completed browser_Quit function
2016-01-28 01:01:32,507 DEBUG [EBPB_GestureSTTL-116708] Completed quitSelendroid function
2016-01-28 01:01:32,507 DEBUG [EBPB_GestureSTTL-116708] Row number:9
2016-01-28 01:01:32,542 DEBUG [EBPB_GestureSTTL-116708] Ending Test Case IDSTTL-116708
