2016-01-28 00:58:45,449 DEBUG [EBPB_GestureSTTL-116705] Executing Test Case ID: STTL-116705
2016-01-28 00:58:45,456 DEBUG [EBPB_GestureSTTL-116705] Executing Init_Selendroid function with APK as parameter and clear data value with 1
2016-01-28 00:58:55,843 DEBUG [EBPB_GestureSTTL-116705] Exiting Init_Selendroid function
2016-01-28 00:58:55,859 DEBUG [EBPB_GestureSTTL-116705] TestCase with Description "Linear gesture - preset:Right-left" Execution started
2016-01-28 00:58:55,860 DEBUG [EBPB_GestureSTTL-116705] In execute keyword function
2016-01-28 00:58:55,860 DEBUG [EBPB_GestureSTTL-116705] Executing wait function:
2016-01-28 00:58:55,860 DEBUG [EBPB_GestureSTTL-116705] Started Executing wait function
2016-01-28 00:58:59,860 DEBUG [EBPB_GestureSTTL-116705] Exiting from wait function
2016-01-28 00:58:59,860 DEBUG [EBPB_GestureSTTL-116705] TestStepResult of wait: Pass
2016-01-28 00:58:59,860 DEBUG [EBPB_GestureSTTL-116705] In execute keyword function
2016-01-28 00:58:59,860 DEBUG [EBPB_GestureSTTL-116705] Executing validate_PageTitle function:
2016-01-28 00:58:59,902 DEBUG [EBPB_GestureSTTL-116705] The title of the page is *********************************: Pocket Browser Tests
2016-01-28 00:58:59,902 DEBUG [EBPB_GestureSTTL-116705] The page title found is correct
2016-01-28 00:58:59,902 DEBUG [EBPB_GestureSTTL-116705] Result of validate_PageTitle: pass
2016-01-28 00:58:59,902 DEBUG [EBPB_GestureSTTL-116705] In execute keyword function
2016-01-28 00:58:59,903 DEBUG [EBPB_GestureSTTL-116705] Executing link_Click function:
2016-01-28 00:59:00,566 DEBUG [EBPB_GestureSTTL-116705] Executing Click function
2016-01-28 00:59:01,645 DEBUG [EBPB_GestureSTTL-116705] Exiting Click function
2016-01-28 00:59:01,645 DEBUG [EBPB_GestureSTTL-116705] gesturepb3_test_link clicked successfully
2016-01-28 00:59:01,645 DEBUG [EBPB_GestureSTTL-116705] TestStepResult of link_Click: Pass
2016-01-28 00:59:01,645 DEBUG [EBPB_GestureSTTL-116705] In execute keyword function
2016-01-28 00:59:01,645 DEBUG [EBPB_GestureSTTL-116705] Executing wait function:
2016-01-28 00:59:01,646 DEBUG [EBPB_GestureSTTL-116705] Started Executing wait function
2016-01-28 00:59:03,647 DEBUG [EBPB_GestureSTTL-116705] Exiting from wait function
2016-01-28 00:59:03,647 DEBUG [EBPB_GestureSTTL-116705] TestStepResult of wait: Pass
2016-01-28 00:59:03,647 DEBUG [EBPB_GestureSTTL-116705] In execute keyword function
2016-01-28 00:59:03,647 DEBUG [EBPB_GestureSTTL-116705] Executing validate_PageTitle function:
2016-01-28 00:59:03,679 DEBUG [EBPB_GestureSTTL-116705] The title of the page is *********************************: Gesture Index
2016-01-28 00:59:03,679 DEBUG [EBPB_GestureSTTL-116705] The page title found is correct
2016-01-28 00:59:03,679 DEBUG [EBPB_GestureSTTL-116705] Result of validate_PageTitle: pass
2016-01-28 00:59:03,679 DEBUG [EBPB_GestureSTTL-116705] In execute keyword function
2016-01-28 00:59:03,680 DEBUG [EBPB_GestureSTTL-116705] Executing link_Click function:
2016-01-28 00:59:04,012 DEBUG [EBPB_GestureSTTL-116705] Executing Click function
2016-01-28 00:59:04,953 DEBUG [EBPB_GestureSTTL-116705] Exiting Click function
2016-01-28 00:59:04,953 DEBUG [EBPB_GestureSTTL-116705] lineargesturepb3_test_link clicked successfully
2016-01-28 00:59:04,953 DEBUG [EBPB_GestureSTTL-116705] TestStepResult of link_Click: Pass
2016-01-28 00:59:04,953 DEBUG [EBPB_GestureSTTL-116705] In execute keyword function
2016-01-28 00:59:04,953 DEBUG [EBPB_GestureSTTL-116705] Executing wait function:
2016-01-28 00:59:04,953 DEBUG [EBPB_GestureSTTL-116705] Started Executing wait function
2016-01-28 00:59:06,953 DEBUG [EBPB_GestureSTTL-116705] Exiting from wait function
2016-01-28 00:59:06,953 DEBUG [EBPB_GestureSTTL-116705] TestStepResult of wait: Pass
2016-01-28 00:59:06,953 DEBUG [EBPB_GestureSTTL-116705] In execute keyword function
2016-01-28 00:59:06,953 DEBUG [EBPB_GestureSTTL-116705] Executing validate_PageTitle function:
2016-01-28 00:59:06,999 DEBUG [EBPB_GestureSTTL-116705] The title of the page is *********************************: Linear Gesture
2016-01-28 00:59:07,000 DEBUG [EBPB_GestureSTTL-116705] The page title found is correct
2016-01-28 00:59:07,000 DEBUG [EBPB_GestureSTTL-116705] Result of validate_PageTitle: pass
2016-01-28 00:59:07,000 DEBUG [EBPB_GestureSTTL-116705] In execute keyword function
2016-01-28 00:59:07,000 DEBUG [EBPB_GestureSTTL-116705] Executing SelectTestToRun function:
2016-01-28 00:59:09,550 DEBUG [EBPB_GestureSTTL-116705] Successfull in selecting clicking the category
2016-01-28 00:59:09,550 DEBUG [EBPB_GestureSTTL-116705] TestStepResult of SelectTestToRun: pass
2016-01-28 00:59:09,550 DEBUG [EBPB_GestureSTTL-116705] In execute keyword function
2016-01-28 00:59:09,550 DEBUG [EBPB_GestureSTTL-116705] Executing validate_Text_Exists function:
2016-01-28 00:59:09,798 DEBUG [EBPB_GestureSTTL-116705] VT056-0345 Testcase Text found
2016-01-28 00:59:09,798 DEBUG [EBPB_GestureSTTL-116705] Result of validate_Text_Exists: Pass
2016-01-28 00:59:09,798 DEBUG [EBPB_GestureSTTL-116705] In execute keyword function
2016-01-28 00:59:09,798 DEBUG [EBPB_GestureSTTL-116705] Executing ClickRunTest function:
2016-01-28 00:59:10,165 DEBUG [EBPB_GestureSTTL-116705] Executing Click function
2016-01-28 00:59:11,105 DEBUG [EBPB_GestureSTTL-116705] Exiting Click function
2016-01-28 00:59:11,106 DEBUG [EBPB_GestureSTTL-116705] runtest_top_xpath Button clicked Successfully
2016-01-28 00:59:11,106 DEBUG [EBPB_GestureSTTL-116705] TestStepResult of ClickRunTest: pass
2016-01-28 00:59:11,106 DEBUG [EBPB_GestureSTTL-116705] In execute keyword function
2016-01-28 00:59:11,106 DEBUG [EBPB_GestureSTTL-116705] Executing DrawGesture function:
2016-01-28 00:59:11,106 DEBUG [EBPB_GestureSTTL-116705] Started executeCommandLine function
2016-01-28 00:59:15,131 DEBUG [EBPB_GestureSTTL-116705] Started executeCommandLine function
2016-01-28 00:59:19,153 DEBUG [EBPB_GestureSTTL-116705] Gesture right-left drawn successfully
2016-01-28 00:59:19,153 DEBUG [EBPB_GestureSTTL-116705] TestStepResult of DrawGesture: Pass
2016-01-28 00:59:19,153 DEBUG [EBPB_GestureSTTL-116705] In execute keyword function
2016-01-28 00:59:19,153 DEBUG [EBPB_GestureSTTL-116705] Executing validate_Result function:
2016-01-28 00:59:19,449 DEBUG [EBPB_GestureSTTL-116705] Gesture detected for 1th time Text found in Gesture detected for 1th time.
Gesture ID: linearGesture, Count: 0
2016-01-28 00:59:19,449 DEBUG [EBPB_GestureSTTL-116705] Result of validate_Result: Pass
2016-01-28 00:59:19,450 DEBUG [EBPB_GestureSTTL-116705] In execute keyword function
2016-01-28 00:59:19,450 DEBUG [EBPB_GestureSTTL-116705] Executing validate_Result function:
2016-01-28 00:59:19,578 DEBUG [EBPB_GestureSTTL-116705] linearGesture Text found in Gesture detected for 1th time.
Gesture ID: linearGesture, Count: 0
2016-01-28 00:59:19,579 DEBUG [EBPB_GestureSTTL-116705] Result of validate_Result: Pass
2016-01-28 00:59:19,579 DEBUG [EBPB_GestureSTTL-116705] In execute keyword function
2016-01-28 00:59:19,579 DEBUG [EBPB_GestureSTTL-116705] Executing DrawGesture function:
2016-01-28 00:59:19,579 DEBUG [EBPB_GestureSTTL-116705] Started executeCommandLine function
2016-01-28 00:59:23,601 DEBUG [EBPB_GestureSTTL-116705] Started executeCommandLine function
2016-01-28 00:59:27,622 DEBUG [EBPB_GestureSTTL-116705] Gesture right-left drawn successfully
2016-01-28 00:59:27,622 DEBUG [EBPB_GestureSTTL-116705] TestStepResult of DrawGesture: Pass
2016-01-28 00:59:27,622 DEBUG [EBPB_GestureSTTL-116705] In execute keyword function
2016-01-28 00:59:27,622 DEBUG [EBPB_GestureSTTL-116705] Executing validate_Result function:
2016-01-28 00:59:27,784 DEBUG [EBPB_GestureSTTL-116705] Gesture detected for 2th time Text found in Gesture detected for 2th time.
Gesture ID: linearGesture, Count: 0
2016-01-28 00:59:27,784 DEBUG [EBPB_GestureSTTL-116705] Result of validate_Result: Pass
2016-01-28 00:59:27,784 DEBUG [EBPB_GestureSTTL-116705] In execute keyword function
2016-01-28 00:59:27,784 DEBUG [EBPB_GestureSTTL-116705] Executing validate_Result function:
2016-01-28 00:59:27,917 DEBUG [EBPB_GestureSTTL-116705] linearGesture Text found in Gesture detected for 2th time.
Gesture ID: linearGesture, Count: 0
2016-01-28 00:59:27,917 DEBUG [EBPB_GestureSTTL-116705] Result of validate_Result: Pass
2016-01-28 00:59:27,917 DEBUG [EBPB_GestureSTTL-116705] allstep_result contains: PassPasspasspassPassPassPassPassPassnull
2016-01-28 00:59:27,917 DEBUG [EBPB_GestureSTTL-116705] allexpected_result contains: nullPassPassnullPassPassnullPassnullpassnullpassnullpassnull
2016-01-28 00:59:27,917 DEBUG [EBPB_GestureSTTL-116705] Testcase_Result contains: nullPassPassnullPassPassnullPassnullpassnullpassnullpassnullPassPasspasspassPassPassPassPassPassnull
2016-01-28 00:59:27,917 DEBUG [EBPB_GestureSTTL-116705] Test case with description Linear gesture - preset:Right-left Pass
2016-01-28 00:59:28,861 DEBUG [EBPB_GestureSTTL-116705] Executing browser_Quit function
2016-01-28 00:59:28,861 DEBUG [EBPB_GestureSTTL-116705] Completed browser_Quit function
2016-01-28 00:59:28,861 DEBUG [EBPB_GestureSTTL-116705] Completed quitSelendroid function
2016-01-28 00:59:28,861 DEBUG [EBPB_GestureSTTL-116705] Row number:6
2016-01-28 00:59:28,901 DEBUG [EBPB_GestureSTTL-116705] Ending Test Case IDSTTL-116705
