2016-01-28 01:05:01,556 DEBUG [EBPB_GestureSTTL-116715] Executing Test Case ID: STTL-116715
2016-01-28 01:05:01,566 DEBUG [EBPB_GestureSTTL-116715] Executing Init_Selendroid function with APK as parameter and clear data value with 1
2016-01-28 01:05:12,104 DEBUG [EBPB_GestureSTTL-116715] Exiting Init_Selendroid function
2016-01-28 01:05:12,120 DEBUG [EBPB_GestureSTTL-116715] TestCase with Description "Linear gesture - Deviation 100" Execution started
2016-01-28 01:05:12,120 DEBUG [EBPB_GestureSTTL-116715] In execute keyword function
2016-01-28 01:05:12,120 DEBUG [EBPB_GestureSTTL-116715] Executing wait function:
2016-01-28 01:05:12,120 DEBUG [EBPB_GestureSTTL-116715] Started Executing wait function
2016-01-28 01:05:16,120 DEBUG [EBPB_GestureSTTL-116715] Exiting from wait function
2016-01-28 01:05:16,120 DEBUG [EBPB_GestureSTTL-116715] TestStepResult of wait: Pass
2016-01-28 01:05:16,120 DEBUG [EBPB_GestureSTTL-116715] In execute keyword function
2016-01-28 01:05:16,120 DEBUG [EBPB_GestureSTTL-116715] Executing validate_PageTitle function:
2016-01-28 01:05:16,167 DEBUG [EBPB_GestureSTTL-116715] The title of the page is *********************************: Pocket Browser Tests
2016-01-28 01:05:16,167 DEBUG [EBPB_GestureSTTL-116715] The page title found is correct
2016-01-28 01:05:16,167 DEBUG [EBPB_GestureSTTL-116715] Result of validate_PageTitle: pass
2016-01-28 01:05:16,167 DEBUG [EBPB_GestureSTTL-116715] In execute keyword function
2016-01-28 01:05:16,167 DEBUG [EBPB_GestureSTTL-116715] Executing link_Click function:
2016-01-28 01:05:16,746 DEBUG [EBPB_GestureSTTL-116715] Executing Click function
2016-01-28 01:05:17,810 DEBUG [EBPB_GestureSTTL-116715] Exiting Click function
2016-01-28 01:05:17,810 DEBUG [EBPB_GestureSTTL-116715] gesturepb3_test_link clicked successfully
2016-01-28 01:05:17,810 DEBUG [EBPB_GestureSTTL-116715] TestStepResult of link_Click: Pass
2016-01-28 01:05:17,810 DEBUG [EBPB_GestureSTTL-116715] In execute keyword function
2016-01-28 01:05:17,810 DEBUG [EBPB_GestureSTTL-116715] Executing wait function:
2016-01-28 01:05:17,810 DEBUG [EBPB_GestureSTTL-116715] Started Executing wait function
2016-01-28 01:05:19,810 DEBUG [EBPB_GestureSTTL-116715] Exiting from wait function
2016-01-28 01:05:19,810 DEBUG [EBPB_GestureSTTL-116715] TestStepResult of wait: Pass
2016-01-28 01:05:19,810 DEBUG [EBPB_GestureSTTL-116715] In execute keyword function
2016-01-28 01:05:19,810 DEBUG [EBPB_GestureSTTL-116715] Executing validate_PageTitle function:
2016-01-28 01:05:19,844 DEBUG [EBPB_GestureSTTL-116715] The title of the page is *********************************: Gesture Index
2016-01-28 01:05:19,844 DEBUG [EBPB_GestureSTTL-116715] The page title found is correct
2016-01-28 01:05:19,844 DEBUG [EBPB_GestureSTTL-116715] Result of validate_PageTitle: pass
2016-01-28 01:05:19,844 DEBUG [EBPB_GestureSTTL-116715] In execute keyword function
2016-01-28 01:05:19,844 DEBUG [EBPB_GestureSTTL-116715] Executing link_Click function:
2016-01-28 01:05:20,208 DEBUG [EBPB_GestureSTTL-116715] Executing Click function
2016-01-28 01:05:21,151 DEBUG [EBPB_GestureSTTL-116715] Exiting Click function
2016-01-28 01:05:21,151 DEBUG [EBPB_GestureSTTL-116715] lineargesturepb3_test_link clicked successfully
2016-01-28 01:05:21,151 DEBUG [EBPB_GestureSTTL-116715] TestStepResult of link_Click: Pass
2016-01-28 01:05:21,151 DEBUG [EBPB_GestureSTTL-116715] In execute keyword function
2016-01-28 01:05:21,151 DEBUG [EBPB_GestureSTTL-116715] Executing wait function:
2016-01-28 01:05:21,151 DEBUG [EBPB_GestureSTTL-116715] Started Executing wait function
2016-01-28 01:05:23,152 DEBUG [EBPB_GestureSTTL-116715] Exiting from wait function
2016-01-28 01:05:23,152 DEBUG [EBPB_GestureSTTL-116715] TestStepResult of wait: Pass
2016-01-28 01:05:23,152 DEBUG [EBPB_GestureSTTL-116715] In execute keyword function
2016-01-28 01:05:23,152 DEBUG [EBPB_GestureSTTL-116715] Executing validate_PageTitle function:
2016-01-28 01:05:23,228 DEBUG [EBPB_GestureSTTL-116715] The title of the page is *********************************: Linear Gesture
2016-01-28 01:05:23,228 DEBUG [EBPB_GestureSTTL-116715] The page title found is correct
2016-01-28 01:05:23,228 DEBUG [EBPB_GestureSTTL-116715] Result of validate_PageTitle: pass
2016-01-28 01:05:23,228 DEBUG [EBPB_GestureSTTL-116715] In execute keyword function
2016-01-28 01:05:23,228 DEBUG [EBPB_GestureSTTL-116715] Executing SelectTestToRun function:
2016-01-28 01:05:26,813 DEBUG [EBPB_GestureSTTL-116715] Successfull in selecting clicking the category
2016-01-28 01:05:26,813 DEBUG [EBPB_GestureSTTL-116715] TestStepResult of SelectTestToRun: pass
2016-01-28 01:05:26,813 DEBUG [EBPB_GestureSTTL-116715] In execute keyword function
2016-01-28 01:05:26,813 DEBUG [EBPB_GestureSTTL-116715] Executing validate_Text_Exists function:
2016-01-28 01:05:27,055 DEBUG [EBPB_GestureSTTL-116715] VT056-0379 Testcase Text found
2016-01-28 01:05:27,055 DEBUG [EBPB_GestureSTTL-116715] Result of validate_Text_Exists: Pass
2016-01-28 01:05:27,055 DEBUG [EBPB_GestureSTTL-116715] In execute keyword function
2016-01-28 01:05:27,055 DEBUG [EBPB_GestureSTTL-116715] Executing ClickRunTest function:
2016-01-28 01:05:27,373 DEBUG [EBPB_GestureSTTL-116715] Executing Click function
2016-01-28 01:05:28,341 DEBUG [EBPB_GestureSTTL-116715] Exiting Click function
2016-01-28 01:05:28,341 DEBUG [EBPB_GestureSTTL-116715] runtest_top_xpath Button clicked Successfully
2016-01-28 01:05:28,341 DEBUG [EBPB_GestureSTTL-116715] TestStepResult of ClickRunTest: pass
2016-01-28 01:05:28,342 DEBUG [EBPB_GestureSTTL-116715] In execute keyword function
2016-01-28 01:05:28,342 DEBUG [EBPB_GestureSTTL-116715] Executing DrawGesture function:
2016-01-28 01:05:28,342 DEBUG [EBPB_GestureSTTL-116715] Started executeCommandLine function
2016-01-28 01:05:32,362 DEBUG [EBPB_GestureSTTL-116715] Gesture linear drawn successfully
2016-01-28 01:05:32,362 DEBUG [EBPB_GestureSTTL-116715] TestStepResult of DrawGesture: Pass
2016-01-28 01:05:32,362 DEBUG [EBPB_GestureSTTL-116715] In execute keyword function
2016-01-28 01:05:32,362 DEBUG [EBPB_GestureSTTL-116715] Executing validate_Result function:
2016-01-28 01:05:32,617 DEBUG [EBPB_GestureSTTL-116715] Gesture detected for 1th time Text found in Gesture detected for 1th time.
Gesture ID: linearGesture, Count: 0
2016-01-28 01:05:32,617 DEBUG [EBPB_GestureSTTL-116715] Result of validate_Result: Pass
2016-01-28 01:05:32,617 DEBUG [EBPB_GestureSTTL-116715] In execute keyword function
2016-01-28 01:05:32,617 DEBUG [EBPB_GestureSTTL-116715] Executing validate_Result function:
2016-01-28 01:05:32,779 DEBUG [EBPB_GestureSTTL-116715] linearGesture Text found in Gesture detected for 1th time.
Gesture ID: linearGesture, Count: 0
2016-01-28 01:05:32,779 DEBUG [EBPB_GestureSTTL-116715] Result of validate_Result: Pass
2016-01-28 01:05:32,779 DEBUG [EBPB_GestureSTTL-116715] allstep_result contains: PasspasspassPassPassPassPassPassnull
2016-01-28 01:05:32,779 DEBUG [EBPB_GestureSTTL-116715] allexpected_result contains: nullPassPassnullPassnullpassnullpassnullpassnull
2016-01-28 01:05:32,779 DEBUG [EBPB_GestureSTTL-116715] Testcase_Result contains: nullPassPassnullPassnullpassnullpassnullpassnullPasspasspassPassPassPassPassPassnull
2016-01-28 01:05:32,779 DEBUG [EBPB_GestureSTTL-116715] Test case with description Linear gesture - Deviation 100 Pass
2016-01-28 01:05:33,730 DEBUG [EBPB_GestureSTTL-116715] Executing browser_Quit function
2016-01-28 01:05:33,730 DEBUG [EBPB_GestureSTTL-116715] Completed browser_Quit function
2016-01-28 01:05:33,730 DEBUG [EBPB_GestureSTTL-116715] Completed quitSelendroid function
2016-01-28 01:05:33,730 DEBUG [EBPB_GestureSTTL-116715] Row number:16
2016-01-28 01:05:33,772 DEBUG [EBPB_GestureSTTL-116715] Ending Test Case IDSTTL-116715
