2016-01-28 01:09:10,932 DEBUG [EBPB_GestureSTTL-116722] Executing Test Case ID: STTL-116722
2016-01-28 01:09:10,939 DEBUG [EBPB_GestureSTTL-116722] Executing Init_Selendroid function with APK as parameter and clear data value with 1
2016-01-28 01:09:21,537 DEBUG [EBPB_GestureSTTL-116722] Exiting Init_Selendroid function
2016-01-28 01:09:21,553 DEBUG [EBPB_GestureSTTL-116722] TestCase with Description "Gesture - Gesture Type=Hold, Center-x=100, Center-y=100, radius=60" Execution started
2016-01-28 01:09:21,553 DEBUG [EBPB_GestureSTTL-116722] In execute keyword function
2016-01-28 01:09:21,554 DEBUG [EBPB_GestureSTTL-116722] Executing wait function:
2016-01-28 01:09:21,554 DEBUG [EBPB_GestureSTTL-116722] Started Executing wait function
2016-01-28 01:09:25,555 DEBUG [EBPB_GestureSTTL-116722] Exiting from wait function
2016-01-28 01:09:25,555 DEBUG [EBPB_GestureSTTL-116722] TestStepResult of wait: Pass
2016-01-28 01:09:25,555 DEBUG [EBPB_GestureSTTL-116722] In execute keyword function
2016-01-28 01:09:25,555 DEBUG [EBPB_GestureSTTL-116722] Executing validate_PageTitle function:
2016-01-28 01:09:25,602 DEBUG [EBPB_GestureSTTL-116722] The title of the page is *********************************: Pocket Browser Tests
2016-01-28 01:09:25,602 DEBUG [EBPB_GestureSTTL-116722] The page title found is correct
2016-01-28 01:09:25,602 DEBUG [EBPB_GestureSTTL-116722] Result of validate_PageTitle: pass
2016-01-28 01:09:25,602 DEBUG [EBPB_GestureSTTL-116722] In execute keyword function
2016-01-28 01:09:25,602 DEBUG [EBPB_GestureSTTL-116722] Executing link_Click function:
2016-01-28 01:09:26,225 DEBUG [EBPB_GestureSTTL-116722] Executing Click function
2016-01-28 01:09:27,284 DEBUG [EBPB_GestureSTTL-116722] Exiting Click function
2016-01-28 01:09:27,284 DEBUG [EBPB_GestureSTTL-116722] gesturepb3_test_link clicked successfully
2016-01-28 01:09:27,284 DEBUG [EBPB_GestureSTTL-116722] TestStepResult of link_Click: Pass
2016-01-28 01:09:27,284 DEBUG [EBPB_GestureSTTL-116722] In execute keyword function
2016-01-28 01:09:27,284 DEBUG [EBPB_GestureSTTL-116722] Executing wait function:
2016-01-28 01:09:27,284 DEBUG [EBPB_GestureSTTL-116722] Started Executing wait function
2016-01-28 01:09:29,284 DEBUG [EBPB_GestureSTTL-116722] Exiting from wait function
2016-01-28 01:09:29,284 DEBUG [EBPB_GestureSTTL-116722] TestStepResult of wait: Pass
2016-01-28 01:09:29,284 DEBUG [EBPB_GestureSTTL-116722] In execute keyword function
2016-01-28 01:09:29,284 DEBUG [EBPB_GestureSTTL-116722] Executing validate_PageTitle function:
2016-01-28 01:09:29,318 DEBUG [EBPB_GestureSTTL-116722] The title of the page is *********************************: Gesture Index
2016-01-28 01:09:29,319 DEBUG [EBPB_GestureSTTL-116722] The page title found is correct
2016-01-28 01:09:29,319 DEBUG [EBPB_GestureSTTL-116722] Result of validate_PageTitle: pass
2016-01-28 01:09:29,319 DEBUG [EBPB_GestureSTTL-116722] In execute keyword function
2016-01-28 01:09:29,319 DEBUG [EBPB_GestureSTTL-116722] Executing link_Click function:
2016-01-28 01:09:29,675 DEBUG [EBPB_GestureSTTL-116722] Executing Click function
2016-01-28 01:09:30,652 DEBUG [EBPB_GestureSTTL-116722] Exiting Click function
2016-01-28 01:09:30,652 DEBUG [EBPB_GestureSTTL-116722] holdgesturepb3_test_link clicked successfully
2016-01-28 01:09:30,652 DEBUG [EBPB_GestureSTTL-116722] TestStepResult of link_Click: Pass
2016-01-28 01:09:30,652 DEBUG [EBPB_GestureSTTL-116722] In execute keyword function
2016-01-28 01:09:30,652 DEBUG [EBPB_GestureSTTL-116722] Executing wait function:
2016-01-28 01:09:30,652 DEBUG [EBPB_GestureSTTL-116722] Started Executing wait function
2016-01-28 01:09:32,653 DEBUG [EBPB_GestureSTTL-116722] Exiting from wait function
2016-01-28 01:09:32,653 DEBUG [EBPB_GestureSTTL-116722] TestStepResult of wait: Pass
2016-01-28 01:09:32,653 DEBUG [EBPB_GestureSTTL-116722] In execute keyword function
2016-01-28 01:09:32,653 DEBUG [EBPB_GestureSTTL-116722] Executing validate_PageTitle function:
2016-01-28 01:09:32,693 DEBUG [EBPB_GestureSTTL-116722] The title of the page is *********************************: Hold Gesture
2016-01-28 01:09:32,694 DEBUG [EBPB_GestureSTTL-116722] The page title found is correct
2016-01-28 01:09:32,694 DEBUG [EBPB_GestureSTTL-116722] Result of validate_PageTitle: pass
2016-01-28 01:09:32,694 DEBUG [EBPB_GestureSTTL-116722] In execute keyword function
2016-01-28 01:09:32,694 DEBUG [EBPB_GestureSTTL-116722] Executing SelectTestToRun function:
2016-01-28 01:09:35,280 DEBUG [EBPB_GestureSTTL-116722] Successfull in selecting clicking the category
2016-01-28 01:09:35,281 DEBUG [EBPB_GestureSTTL-116722] TestStepResult of SelectTestToRun: pass
2016-01-28 01:09:35,281 DEBUG [EBPB_GestureSTTL-116722] In execute keyword function
2016-01-28 01:09:35,281 DEBUG [EBPB_GestureSTTL-116722] Executing validate_Text_Exists function:
2016-01-28 01:09:35,557 DEBUG [EBPB_GestureSTTL-116722] VT056-0426 Testcase Text found
2016-01-28 01:09:35,557 DEBUG [EBPB_GestureSTTL-116722] Result of validate_Text_Exists: Pass
2016-01-28 01:09:35,557 DEBUG [EBPB_GestureSTTL-116722] In execute keyword function
2016-01-28 01:09:35,557 DEBUG [EBPB_GestureSTTL-116722] Executing ClickRunTest function:
2016-01-28 01:09:35,838 DEBUG [EBPB_GestureSTTL-116722] Executing Click function
2016-01-28 01:09:36,829 DEBUG [EBPB_GestureSTTL-116722] Exiting Click function
2016-01-28 01:09:36,829 DEBUG [EBPB_GestureSTTL-116722] runtest_top_xpath Button clicked Successfully
2016-01-28 01:09:36,829 DEBUG [EBPB_GestureSTTL-116722] TestStepResult of ClickRunTest: pass
2016-01-28 01:09:36,829 DEBUG [EBPB_GestureSTTL-116722] In execute keyword function
2016-01-28 01:09:36,829 DEBUG [EBPB_GestureSTTL-116722] Executing DrawGesture function:
2016-01-28 01:09:36,829 DEBUG [EBPB_GestureSTTL-116722] Started executeCommandLine function
2016-01-28 01:09:43,754 DEBUG [EBPB_GestureSTTL-116722] Gesture hold drawn successfully
2016-01-28 01:09:43,754 DEBUG [EBPB_GestureSTTL-116722] TestStepResult of DrawGesture: Pass
2016-01-28 01:09:43,755 DEBUG [EBPB_GestureSTTL-116722] In execute keyword function
2016-01-28 01:09:43,755 DEBUG [EBPB_GestureSTTL-116722] Executing validate_Result function:
2016-01-28 01:09:44,022 DEBUG [EBPB_GestureSTTL-116722] Gesture detected for 3th time Text found in Gesture detected for 3th time.
Gesture ID: holdGesture, Count: 0
2016-01-28 01:09:44,022 DEBUG [EBPB_GestureSTTL-116722] Result of validate_Result: Pass
2016-01-28 01:09:44,022 DEBUG [EBPB_GestureSTTL-116722] In execute keyword function
2016-01-28 01:09:44,022 DEBUG [EBPB_GestureSTTL-116722] Executing validate_Result function:
2016-01-28 01:09:44,150 DEBUG [EBPB_GestureSTTL-116722] holdGesture Text found in Gesture detected for 3th time.
Gesture ID: holdGesture, Count: 0
2016-01-28 01:09:44,150 DEBUG [EBPB_GestureSTTL-116722] Result of validate_Result: Pass
2016-01-28 01:09:44,150 DEBUG [EBPB_GestureSTTL-116722] allstep_result contains: PasspasspassPassPassPassPassPassnull
2016-01-28 01:09:44,150 DEBUG [EBPB_GestureSTTL-116722] allexpected_result contains: nullPassPassnullPassnullpassnullpassnullpassnull
2016-01-28 01:09:44,150 DEBUG [EBPB_GestureSTTL-116722] Testcase_Result contains: nullPassPassnullPassnullpassnullpassnullpassnullPasspasspassPassPassPassPassPassnull
2016-01-28 01:09:44,150 DEBUG [EBPB_GestureSTTL-116722] Test case with description Gesture - Gesture Type=Hold, Center-x=100, Center-y=100, radius=60 Pass
2016-01-28 01:09:45,045 DEBUG [EBPB_GestureSTTL-116722] Executing browser_Quit function
2016-01-28 01:09:45,045 DEBUG [EBPB_GestureSTTL-116722] Completed browser_Quit function
2016-01-28 01:09:45,045 DEBUG [EBPB_GestureSTTL-116722] Completed quitSelendroid function
2016-01-28 01:09:45,045 DEBUG [EBPB_GestureSTTL-116722] Row number:23
2016-01-28 01:09:45,076 DEBUG [EBPB_GestureSTTL-116722] Ending Test Case IDSTTL-116722
