2016-01-28 01:06:57,169 DEBUG [EBPB_GestureSTTL-116718] Executing Test Case ID: STTL-116718
2016-01-28 01:06:57,178 DEBUG [EBPB_GestureSTTL-116718] Executing Init_Selendroid function with APK as parameter and clear data value with 1
2016-01-28 01:07:07,632 DEBUG [EBPB_GestureSTTL-116718] Exiting Init_Selendroid function
2016-01-28 01:07:07,647 DEBUG [EBPB_GestureSTTL-116718] TestCase with Description "Linear gesture - RegionWidth 40 and sensitivity 80" Execution started
2016-01-28 01:07:07,647 DEBUG [EBPB_GestureSTTL-116718] In execute keyword function
2016-01-28 01:07:07,647 DEBUG [EBPB_GestureSTTL-116718] Executing wait function:
2016-01-28 01:07:07,647 DEBUG [EBPB_GestureSTTL-116718] Started Executing wait function
2016-01-28 01:07:11,647 DEBUG [EBPB_GestureSTTL-116718] Exiting from wait function
2016-01-28 01:07:11,647 DEBUG [EBPB_GestureSTTL-116718] TestStepResult of wait: Pass
2016-01-28 01:07:11,647 DEBUG [EBPB_GestureSTTL-116718] In execute keyword function
2016-01-28 01:07:11,647 DEBUG [EBPB_GestureSTTL-116718] Executing validate_PageTitle function:
2016-01-28 01:07:11,692 DEBUG [EBPB_GestureSTTL-116718] The title of the page is *********************************: Pocket Browser Tests
2016-01-28 01:07:11,692 DEBUG [EBPB_GestureSTTL-116718] The page title found is correct
2016-01-28 01:07:11,692 DEBUG [EBPB_GestureSTTL-116718] Result of validate_PageTitle: pass
2016-01-28 01:07:11,692 DEBUG [EBPB_GestureSTTL-116718] In execute keyword function
2016-01-28 01:07:11,692 DEBUG [EBPB_GestureSTTL-116718] Executing link_Click function:
2016-01-28 01:07:12,397 DEBUG [EBPB_GestureSTTL-116718] Executing Click function
2016-01-28 01:07:13,559 DEBUG [EBPB_GestureSTTL-116718] Exiting Click function
2016-01-28 01:07:13,559 DEBUG [EBPB_GestureSTTL-116718] gesturepb3_test_link clicked successfully
2016-01-28 01:07:13,559 DEBUG [EBPB_GestureSTTL-116718] TestStepResult of link_Click: Pass
2016-01-28 01:07:13,559 DEBUG [EBPB_GestureSTTL-116718] In execute keyword function
2016-01-28 01:07:13,559 DEBUG [EBPB_GestureSTTL-116718] Executing wait function:
2016-01-28 01:07:13,559 DEBUG [EBPB_GestureSTTL-116718] Started Executing wait function
2016-01-28 01:07:15,559 DEBUG [EBPB_GestureSTTL-116718] Exiting from wait function
2016-01-28 01:07:15,559 DEBUG [EBPB_GestureSTTL-116718] TestStepResult of wait: Pass
2016-01-28 01:07:15,559 DEBUG [EBPB_GestureSTTL-116718] In execute keyword function
2016-01-28 01:07:15,559 DEBUG [EBPB_GestureSTTL-116718] Executing validate_PageTitle function:
2016-01-28 01:07:15,594 DEBUG [EBPB_GestureSTTL-116718] The title of the page is *********************************: Gesture Index
2016-01-28 01:07:15,594 DEBUG [EBPB_GestureSTTL-116718] The page title found is correct
2016-01-28 01:07:15,594 DEBUG [EBPB_GestureSTTL-116718] Result of validate_PageTitle: pass
2016-01-28 01:07:15,595 DEBUG [EBPB_GestureSTTL-116718] In execute keyword function
2016-01-28 01:07:15,595 DEBUG [EBPB_GestureSTTL-116718] Executing link_Click function:
2016-01-28 01:07:15,956 DEBUG [EBPB_GestureSTTL-116718] Executing Click function
2016-01-28 01:07:16,946 DEBUG [EBPB_GestureSTTL-116718] Exiting Click function
2016-01-28 01:07:16,946 DEBUG [EBPB_GestureSTTL-116718] lineargesturepb3_test_link clicked successfully
2016-01-28 01:07:16,946 DEBUG [EBPB_GestureSTTL-116718] TestStepResult of link_Click: Pass
2016-01-28 01:07:16,946 DEBUG [EBPB_GestureSTTL-116718] In execute keyword function
2016-01-28 01:07:16,946 DEBUG [EBPB_GestureSTTL-116718] Executing wait function:
2016-01-28 01:07:16,946 DEBUG [EBPB_GestureSTTL-116718] Started Executing wait function
2016-01-28 01:07:18,946 DEBUG [EBPB_GestureSTTL-116718] Exiting from wait function
2016-01-28 01:07:18,946 DEBUG [EBPB_GestureSTTL-116718] TestStepResult of wait: Pass
2016-01-28 01:07:18,946 DEBUG [EBPB_GestureSTTL-116718] In execute keyword function
2016-01-28 01:07:18,946 DEBUG [EBPB_GestureSTTL-116718] Executing validate_PageTitle function:
2016-01-28 01:07:18,987 DEBUG [EBPB_GestureSTTL-116718] The title of the page is *********************************: Linear Gesture
2016-01-28 01:07:18,987 DEBUG [EBPB_GestureSTTL-116718] The page title found is correct
2016-01-28 01:07:18,987 DEBUG [EBPB_GestureSTTL-116718] Result of validate_PageTitle: pass
2016-01-28 01:07:18,987 DEBUG [EBPB_GestureSTTL-116718] In execute keyword function
2016-01-28 01:07:18,987 DEBUG [EBPB_GestureSTTL-116718] Executing SelectTestToRun function:
2016-01-28 01:07:23,004 DEBUG [EBPB_GestureSTTL-116718] Successfull in selecting clicking the category
2016-01-28 01:07:23,004 DEBUG [EBPB_GestureSTTL-116718] TestStepResult of SelectTestToRun: pass
2016-01-28 01:07:23,005 DEBUG [EBPB_GestureSTTL-116718] In execute keyword function
2016-01-28 01:07:23,005 DEBUG [EBPB_GestureSTTL-116718] Executing validate_Text_Exists function:
2016-01-28 01:07:23,256 DEBUG [EBPB_GestureSTTL-116718] VT056-0389 Testcase Text found
2016-01-28 01:07:23,256 DEBUG [EBPB_GestureSTTL-116718] Result of validate_Text_Exists: Pass
2016-01-28 01:07:23,256 DEBUG [EBPB_GestureSTTL-116718] In execute keyword function
2016-01-28 01:07:23,256 DEBUG [EBPB_GestureSTTL-116718] Executing ClickRunTest function:
2016-01-28 01:07:23,625 DEBUG [EBPB_GestureSTTL-116718] Executing Click function
2016-01-28 01:07:24,625 DEBUG [EBPB_GestureSTTL-116718] Exiting Click function
2016-01-28 01:07:24,625 DEBUG [EBPB_GestureSTTL-116718] runtest_top_xpath Button clicked Successfully
2016-01-28 01:07:24,625 DEBUG [EBPB_GestureSTTL-116718] TestStepResult of ClickRunTest: pass
2016-01-28 01:07:24,625 DEBUG [EBPB_GestureSTTL-116718] In execute keyword function
2016-01-28 01:07:24,625 DEBUG [EBPB_GestureSTTL-116718] Executing DrawGesture function:
2016-01-28 01:07:24,625 DEBUG [EBPB_GestureSTTL-116718] Started executeCommandLine function
2016-01-28 01:07:28,645 DEBUG [EBPB_GestureSTTL-116718] Gesture linear drawn successfully
2016-01-28 01:07:28,645 DEBUG [EBPB_GestureSTTL-116718] TestStepResult of DrawGesture: Pass
2016-01-28 01:07:28,645 DEBUG [EBPB_GestureSTTL-116718] In execute keyword function
2016-01-28 01:07:28,645 DEBUG [EBPB_GestureSTTL-116718] Executing validate_Result function:
2016-01-28 01:07:28,913 DEBUG [EBPB_GestureSTTL-116718] Gesture detected for 1th time Text found in Gesture detected for 1th time.
Gesture ID: linearGesture, Count: 0
2016-01-28 01:07:28,913 DEBUG [EBPB_GestureSTTL-116718] Result of validate_Result: Pass
2016-01-28 01:07:28,913 DEBUG [EBPB_GestureSTTL-116718] In execute keyword function
2016-01-28 01:07:28,913 DEBUG [EBPB_GestureSTTL-116718] Executing validate_Result function:
2016-01-28 01:07:29,077 DEBUG [EBPB_GestureSTTL-116718] linearGesture Text found in Gesture detected for 1th time.
Gesture ID: linearGesture, Count: 0
2016-01-28 01:07:29,077 DEBUG [EBPB_GestureSTTL-116718] Result of validate_Result: Pass
2016-01-28 01:07:29,077 DEBUG [EBPB_GestureSTTL-116718] allstep_result contains: PasspasspassPassPassPassPassPassnull
2016-01-28 01:07:29,077 DEBUG [EBPB_GestureSTTL-116718] allexpected_result contains: nullPassPassnullPassnullpassnullpassnullpassnull
2016-01-28 01:07:29,077 DEBUG [EBPB_GestureSTTL-116718] Testcase_Result contains: nullPassPassnullPassnullpassnullpassnullpassnullPasspasspassPassPassPassPassPassnull
2016-01-28 01:07:29,077 DEBUG [EBPB_GestureSTTL-116718] Test case with description Linear gesture - RegionWidth 40 and sensitivity 80 Pass
2016-01-28 01:07:29,996 DEBUG [EBPB_GestureSTTL-116718] Executing browser_Quit function
2016-01-28 01:07:29,996 DEBUG [EBPB_GestureSTTL-116718] Completed browser_Quit function
2016-01-28 01:07:29,996 DEBUG [EBPB_GestureSTTL-116718] Completed quitSelendroid function
2016-01-28 01:07:29,997 DEBUG [EBPB_GestureSTTL-116718] Row number:19
2016-01-28 01:07:30,029 DEBUG [EBPB_GestureSTTL-116718] Ending Test Case IDSTTL-116718
