2016-01-28 01:12:54,255 DEBUG [EBPB_GestureSTTL-116728] Executing Test Case ID: STTL-116728
2016-01-28 01:12:54,261 DEBUG [EBPB_GestureSTTL-116728] Executing Init_Selendroid function with APK as parameter and clear data value with 1
2016-01-28 01:13:04,387 DEBUG [EBPB_GestureSTTL-116728] Exiting Init_Selendroid function
2016-01-28 01:13:04,403 DEBUG [EBPB_GestureSTTL-116728] TestCase with Description "URL detection for Hold Gesture" Execution started
2016-01-28 01:13:04,403 DEBUG [EBPB_GestureSTTL-116728] In execute keyword function
2016-01-28 01:13:04,403 DEBUG [EBPB_GestureSTTL-116728] Executing wait function:
2016-01-28 01:13:04,403 DEBUG [EBPB_GestureSTTL-116728] Started Executing wait function
2016-01-28 01:13:08,403 DEBUG [EBPB_GestureSTTL-116728] Exiting from wait function
2016-01-28 01:13:08,403 DEBUG [EBPB_GestureSTTL-116728] TestStepResult of wait: Pass
2016-01-28 01:13:08,403 DEBUG [EBPB_GestureSTTL-116728] In execute keyword function
2016-01-28 01:13:08,403 DEBUG [EBPB_GestureSTTL-116728] Executing validate_PageTitle function:
2016-01-28 01:13:08,442 DEBUG [EBPB_GestureSTTL-116728] The title of the page is *********************************: Pocket Browser Tests
2016-01-28 01:13:08,442 DEBUG [EBPB_GestureSTTL-116728] The page title found is correct
2016-01-28 01:13:08,442 DEBUG [EBPB_GestureSTTL-116728] Result of validate_PageTitle: pass
2016-01-28 01:13:08,442 DEBUG [EBPB_GestureSTTL-116728] In execute keyword function
2016-01-28 01:13:08,442 DEBUG [EBPB_GestureSTTL-116728] Executing link_Click function:
2016-01-28 01:13:09,078 DEBUG [EBPB_GestureSTTL-116728] Executing Click function
2016-01-28 01:13:10,137 DEBUG [EBPB_GestureSTTL-116728] Exiting Click function
2016-01-28 01:13:10,137 DEBUG [EBPB_GestureSTTL-116728] gesturepb3_test_link clicked successfully
2016-01-28 01:13:10,137 DEBUG [EBPB_GestureSTTL-116728] TestStepResult of link_Click: Pass
2016-01-28 01:13:10,137 DEBUG [EBPB_GestureSTTL-116728] In execute keyword function
2016-01-28 01:13:10,137 DEBUG [EBPB_GestureSTTL-116728] Executing wait function:
2016-01-28 01:13:10,137 DEBUG [EBPB_GestureSTTL-116728] Started Executing wait function
2016-01-28 01:13:12,137 DEBUG [EBPB_GestureSTTL-116728] Exiting from wait function
2016-01-28 01:13:12,137 DEBUG [EBPB_GestureSTTL-116728] TestStepResult of wait: Pass
2016-01-28 01:13:12,137 DEBUG [EBPB_GestureSTTL-116728] In execute keyword function
2016-01-28 01:13:12,137 DEBUG [EBPB_GestureSTTL-116728] Executing validate_PageTitle function:
2016-01-28 01:13:12,174 DEBUG [EBPB_GestureSTTL-116728] The title of the page is *********************************: Gesture Index
2016-01-28 01:13:12,174 DEBUG [EBPB_GestureSTTL-116728] The page title found is correct
2016-01-28 01:13:12,174 DEBUG [EBPB_GestureSTTL-116728] Result of validate_PageTitle: pass
2016-01-28 01:13:12,174 DEBUG [EBPB_GestureSTTL-116728] In execute keyword function
2016-01-28 01:13:12,174 DEBUG [EBPB_GestureSTTL-116728] Executing link_Click function:
2016-01-28 01:13:12,547 DEBUG [EBPB_GestureSTTL-116728] Executing Click function
2016-01-28 01:13:13,479 DEBUG [EBPB_GestureSTTL-116728] Exiting Click function
2016-01-28 01:13:13,479 DEBUG [EBPB_GestureSTTL-116728] holdgesturepb3_test_link clicked successfully
2016-01-28 01:13:13,479 DEBUG [EBPB_GestureSTTL-116728] TestStepResult of link_Click: Pass
2016-01-28 01:13:13,479 DEBUG [EBPB_GestureSTTL-116728] In execute keyword function
2016-01-28 01:13:13,479 DEBUG [EBPB_GestureSTTL-116728] Executing wait function:
2016-01-28 01:13:13,479 DEBUG [EBPB_GestureSTTL-116728] Started Executing wait function
2016-01-28 01:13:15,479 DEBUG [EBPB_GestureSTTL-116728] Exiting from wait function
2016-01-28 01:13:15,479 DEBUG [EBPB_GestureSTTL-116728] TestStepResult of wait: Pass
2016-01-28 01:13:15,479 DEBUG [EBPB_GestureSTTL-116728] In execute keyword function
2016-01-28 01:13:15,479 DEBUG [EBPB_GestureSTTL-116728] Executing validate_PageTitle function:
2016-01-28 01:13:15,518 DEBUG [EBPB_GestureSTTL-116728] The title of the page is *********************************: Hold Gesture
2016-01-28 01:13:15,518 DEBUG [EBPB_GestureSTTL-116728] The page title found is correct
2016-01-28 01:13:15,518 DEBUG [EBPB_GestureSTTL-116728] Result of validate_PageTitle: pass
2016-01-28 01:13:15,518 DEBUG [EBPB_GestureSTTL-116728] In execute keyword function
2016-01-28 01:13:15,518 DEBUG [EBPB_GestureSTTL-116728] Executing SelectTestToRun function:
2016-01-28 01:13:18,777 DEBUG [EBPB_GestureSTTL-116728] Successfull in selecting clicking the category
2016-01-28 01:13:18,777 DEBUG [EBPB_GestureSTTL-116728] TestStepResult of SelectTestToRun: pass
2016-01-28 01:13:18,777 DEBUG [EBPB_GestureSTTL-116728] In execute keyword function
2016-01-28 01:13:18,777 DEBUG [EBPB_GestureSTTL-116728] Executing validate_Text_Exists function:
2016-01-28 01:13:19,007 DEBUG [EBPB_GestureSTTL-116728] VT056-1330 Testcase Text found
2016-01-28 01:13:19,007 DEBUG [EBPB_GestureSTTL-116728] Result of validate_Text_Exists: Pass
2016-01-28 01:13:19,007 DEBUG [EBPB_GestureSTTL-116728] In execute keyword function
2016-01-28 01:13:19,007 DEBUG [EBPB_GestureSTTL-116728] Executing ClickRunTest function:
2016-01-28 01:13:19,386 DEBUG [EBPB_GestureSTTL-116728] Executing Click function
2016-01-28 01:13:20,404 DEBUG [EBPB_GestureSTTL-116728] Exiting Click function
2016-01-28 01:13:20,404 DEBUG [EBPB_GestureSTTL-116728] runtest_top_xpath Button clicked Successfully
2016-01-28 01:13:20,404 DEBUG [EBPB_GestureSTTL-116728] TestStepResult of ClickRunTest: pass
2016-01-28 01:13:20,404 DEBUG [EBPB_GestureSTTL-116728] In execute keyword function
2016-01-28 01:13:20,404 DEBUG [EBPB_GestureSTTL-116728] Executing DrawGesture function:
2016-01-28 01:13:20,404 DEBUG [EBPB_GestureSTTL-116728] Started executeCommandLine function
2016-01-28 01:13:24,425 DEBUG [EBPB_GestureSTTL-116728] Started executeCommandLine function
2016-01-28 01:13:28,445 DEBUG [EBPB_GestureSTTL-116728] Gesture hold_default_centre drawn successfully
2016-01-28 01:13:28,445 DEBUG [EBPB_GestureSTTL-116728] TestStepResult of DrawGesture: Pass
2016-01-28 01:13:28,445 DEBUG [EBPB_GestureSTTL-116728] In execute keyword function
2016-01-28 01:13:28,445 DEBUG [EBPB_GestureSTTL-116728] Executing wait function:
2016-01-28 01:13:28,445 DEBUG [EBPB_GestureSTTL-116728] Started Executing wait function
2016-01-28 01:13:33,446 DEBUG [EBPB_GestureSTTL-116728] Exiting from wait function
2016-01-28 01:13:33,446 DEBUG [EBPB_GestureSTTL-116728] TestStepResult of wait: Pass
2016-01-28 01:13:33,446 DEBUG [EBPB_GestureSTTL-116728] In execute keyword function
2016-01-28 01:13:33,446 DEBUG [EBPB_GestureSTTL-116728] Executing validate_PageTitle function:
2016-01-28 01:13:33,482 DEBUG [EBPB_GestureSTTL-116728] The title of the page is *********************************: Navigation Check
2016-01-28 01:13:33,482 DEBUG [EBPB_GestureSTTL-116728] The page title found is correct
2016-01-28 01:13:33,482 DEBUG [EBPB_GestureSTTL-116728] Result of validate_PageTitle: pass
2016-01-28 01:13:33,482 DEBUG [EBPB_GestureSTTL-116728] allstep_result contains: PassPasspasspassPassPassPassPassPassnull
2016-01-28 01:13:33,482 DEBUG [EBPB_GestureSTTL-116728] allexpected_result contains: nullpassnullPassnullpassnullpassnullpassnull
2016-01-28 01:13:33,482 DEBUG [EBPB_GestureSTTL-116728] Testcase_Result contains: nullpassnullPassnullpassnullpassnullpassnullPassPasspasspassPassPassPassPassPassnull
2016-01-28 01:13:33,482 DEBUG [EBPB_GestureSTTL-116728] Test case with description URL detection for Hold Gesture Pass
2016-01-28 01:13:34,333 DEBUG [EBPB_GestureSTTL-116728] Executing browser_Quit function
2016-01-28 01:13:34,333 DEBUG [EBPB_GestureSTTL-116728] Completed browser_Quit function
2016-01-28 01:13:34,333 DEBUG [EBPB_GestureSTTL-116728] Completed quitSelendroid function
2016-01-28 01:13:34,334 DEBUG [EBPB_GestureSTTL-116728] Row number:29
2016-01-28 01:13:34,369 DEBUG [EBPB_GestureSTTL-116728] Ending Test Case IDSTTL-116728
