2016-01-28 01:11:42,562 DEBUG [EBPB_GestureSTTL-116726] Executing Test Case ID: STTL-116726
2016-01-28 01:11:42,568 DEBUG [EBPB_GestureSTTL-116726] Executing Init_Selendroid function with APK as parameter and clear data value with 1
2016-01-28 01:11:53,107 DEBUG [EBPB_GestureSTTL-116726] Exiting Init_Selendroid function
2016-01-28 01:11:53,123 DEBUG [EBPB_GestureSTTL-116726] TestCase with Description "Gesture - Gesture Type=Hold, Delay=1000, Interval=2000" Execution started
2016-01-28 01:11:53,123 DEBUG [EBPB_GestureSTTL-116726] In execute keyword function
2016-01-28 01:11:53,123 DEBUG [EBPB_GestureSTTL-116726] Executing wait function:
2016-01-28 01:11:53,123 DEBUG [EBPB_GestureSTTL-116726] Started Executing wait function
2016-01-28 01:11:57,123 DEBUG [EBPB_GestureSTTL-116726] Exiting from wait function
2016-01-28 01:11:57,123 DEBUG [EBPB_GestureSTTL-116726] TestStepResult of wait: Pass
2016-01-28 01:11:57,123 DEBUG [EBPB_GestureSTTL-116726] In execute keyword function
2016-01-28 01:11:57,123 DEBUG [EBPB_GestureSTTL-116726] Executing validate_PageTitle function:
2016-01-28 01:11:57,163 DEBUG [EBPB_GestureSTTL-116726] The title of the page is *********************************: Pocket Browser Tests
2016-01-28 01:11:57,163 DEBUG [EBPB_GestureSTTL-116726] The page title found is correct
2016-01-28 01:11:57,163 DEBUG [EBPB_GestureSTTL-116726] Result of validate_PageTitle: pass
2016-01-28 01:11:57,163 DEBUG [EBPB_GestureSTTL-116726] In execute keyword function
2016-01-28 01:11:57,163 DEBUG [EBPB_GestureSTTL-116726] Executing link_Click function:
2016-01-28 01:11:57,764 DEBUG [EBPB_GestureSTTL-116726] Executing Click function
2016-01-28 01:11:58,805 DEBUG [EBPB_GestureSTTL-116726] Exiting Click function
2016-01-28 01:11:58,805 DEBUG [EBPB_GestureSTTL-116726] gesturepb3_test_link clicked successfully
2016-01-28 01:11:58,805 DEBUG [EBPB_GestureSTTL-116726] TestStepResult of link_Click: Pass
2016-01-28 01:11:58,805 DEBUG [EBPB_GestureSTTL-116726] In execute keyword function
2016-01-28 01:11:58,805 DEBUG [EBPB_GestureSTTL-116726] Executing wait function:
2016-01-28 01:11:58,805 DEBUG [EBPB_GestureSTTL-116726] Started Executing wait function
2016-01-28 01:12:00,805 DEBUG [EBPB_GestureSTTL-116726] Exiting from wait function
2016-01-28 01:12:00,805 DEBUG [EBPB_GestureSTTL-116726] TestStepResult of wait: Pass
2016-01-28 01:12:00,805 DEBUG [EBPB_GestureSTTL-116726] In execute keyword function
2016-01-28 01:12:00,805 DEBUG [EBPB_GestureSTTL-116726] Executing validate_PageTitle function:
2016-01-28 01:12:00,849 DEBUG [EBPB_GestureSTTL-116726] The title of the page is *********************************: Gesture Index
2016-01-28 01:12:00,849 DEBUG [EBPB_GestureSTTL-116726] The page title found is correct
2016-01-28 01:12:00,849 DEBUG [EBPB_GestureSTTL-116726] Result of validate_PageTitle: pass
2016-01-28 01:12:00,849 DEBUG [EBPB_GestureSTTL-116726] In execute keyword function
2016-01-28 01:12:00,849 DEBUG [EBPB_GestureSTTL-116726] Executing link_Click function:
2016-01-28 01:12:01,222 DEBUG [EBPB_GestureSTTL-116726] Executing Click function
2016-01-28 01:12:02,170 DEBUG [EBPB_GestureSTTL-116726] Exiting Click function
2016-01-28 01:12:02,170 DEBUG [EBPB_GestureSTTL-116726] holdgesturepb3_test_link clicked successfully
2016-01-28 01:12:02,170 DEBUG [EBPB_GestureSTTL-116726] TestStepResult of link_Click: Pass
2016-01-28 01:12:02,171 DEBUG [EBPB_GestureSTTL-116726] In execute keyword function
2016-01-28 01:12:02,171 DEBUG [EBPB_GestureSTTL-116726] Executing wait function:
2016-01-28 01:12:02,171 DEBUG [EBPB_GestureSTTL-116726] Started Executing wait function
2016-01-28 01:12:04,171 DEBUG [EBPB_GestureSTTL-116726] Exiting from wait function
2016-01-28 01:12:04,171 DEBUG [EBPB_GestureSTTL-116726] TestStepResult of wait: Pass
2016-01-28 01:12:04,171 DEBUG [EBPB_GestureSTTL-116726] In execute keyword function
2016-01-28 01:12:04,171 DEBUG [EBPB_GestureSTTL-116726] Executing validate_PageTitle function:
2016-01-28 01:12:04,206 DEBUG [EBPB_GestureSTTL-116726] The title of the page is *********************************: Hold Gesture
2016-01-28 01:12:04,207 DEBUG [EBPB_GestureSTTL-116726] The page title found is correct
2016-01-28 01:12:04,207 DEBUG [EBPB_GestureSTTL-116726] Result of validate_PageTitle: pass
2016-01-28 01:12:04,207 DEBUG [EBPB_GestureSTTL-116726] In execute keyword function
2016-01-28 01:12:04,207 DEBUG [EBPB_GestureSTTL-116726] Executing SelectTestToRun function:
2016-01-28 01:12:07,144 DEBUG [EBPB_GestureSTTL-116726] Successfull in selecting clicking the category
2016-01-28 01:12:07,144 DEBUG [EBPB_GestureSTTL-116726] TestStepResult of SelectTestToRun: pass
2016-01-28 01:12:07,144 DEBUG [EBPB_GestureSTTL-116726] In execute keyword function
2016-01-28 01:12:07,144 DEBUG [EBPB_GestureSTTL-116726] Executing validate_Text_Exists function:
2016-01-28 01:12:07,381 DEBUG [EBPB_GestureSTTL-116726] VT056-0433 Testcase Text found
2016-01-28 01:12:07,381 DEBUG [EBPB_GestureSTTL-116726] Result of validate_Text_Exists: Pass
2016-01-28 01:12:07,381 DEBUG [EBPB_GestureSTTL-116726] In execute keyword function
2016-01-28 01:12:07,381 DEBUG [EBPB_GestureSTTL-116726] Executing ClickRunTest function:
2016-01-28 01:12:07,736 DEBUG [EBPB_GestureSTTL-116726] Executing Click function
2016-01-28 01:12:08,715 DEBUG [EBPB_GestureSTTL-116726] Exiting Click function
2016-01-28 01:12:08,715 DEBUG [EBPB_GestureSTTL-116726] runtest_top_xpath Button clicked Successfully
2016-01-28 01:12:08,715 DEBUG [EBPB_GestureSTTL-116726] TestStepResult of ClickRunTest: pass
2016-01-28 01:12:08,715 DEBUG [EBPB_GestureSTTL-116726] In execute keyword function
2016-01-28 01:12:08,715 DEBUG [EBPB_GestureSTTL-116726] Executing DrawGesture function:
2016-01-28 01:12:08,715 DEBUG [EBPB_GestureSTTL-116726] Started executeCommandLine function
2016-01-28 01:12:12,736 DEBUG [EBPB_GestureSTTL-116726] Started executeCommandLine function
2016-01-28 01:12:17,632 DEBUG [EBPB_GestureSTTL-116726] Gesture hold_default_centre drawn successfully
2016-01-28 01:12:17,632 DEBUG [EBPB_GestureSTTL-116726] TestStepResult of DrawGesture: Pass
2016-01-28 01:12:17,632 DEBUG [EBPB_GestureSTTL-116726] In execute keyword function
2016-01-28 01:12:17,632 DEBUG [EBPB_GestureSTTL-116726] Executing validate_Result function:
2016-01-28 01:12:17,876 DEBUG [EBPB_GestureSTTL-116726] Gesture detected for 3th time Text found in Gesture detected for 3th time.
Gesture ID: holdGesture, Count: 0
2016-01-28 01:12:17,876 DEBUG [EBPB_GestureSTTL-116726] Result of validate_Result: Pass
2016-01-28 01:12:17,876 DEBUG [EBPB_GestureSTTL-116726] In execute keyword function
2016-01-28 01:12:17,877 DEBUG [EBPB_GestureSTTL-116726] Executing validate_Result function:
2016-01-28 01:12:18,029 DEBUG [EBPB_GestureSTTL-116726] holdGesture Text found in Gesture detected for 3th time.
Gesture ID: holdGesture, Count: 0
2016-01-28 01:12:18,029 DEBUG [EBPB_GestureSTTL-116726] Result of validate_Result: Pass
2016-01-28 01:12:18,029 DEBUG [EBPB_GestureSTTL-116726] allstep_result contains: PasspasspassPassPassPassPassPassnull
2016-01-28 01:12:18,029 DEBUG [EBPB_GestureSTTL-116726] allexpected_result contains: nullPassPassnullPassnullpassnullpassnullpassnull
2016-01-28 01:12:18,029 DEBUG [EBPB_GestureSTTL-116726] Testcase_Result contains: nullPassPassnullPassnullpassnullpassnullpassnullPasspasspassPassPassPassPassPassnull
2016-01-28 01:12:18,029 DEBUG [EBPB_GestureSTTL-116726] Test case with description Gesture - Gesture Type=Hold, Delay=1000, Interval=2000 Pass
2016-01-28 01:12:18,915 DEBUG [EBPB_GestureSTTL-116726] Executing browser_Quit function
2016-01-28 01:12:18,915 DEBUG [EBPB_GestureSTTL-116726] Completed browser_Quit function
2016-01-28 01:12:18,915 DEBUG [EBPB_GestureSTTL-116726] Completed quitSelendroid function
2016-01-28 01:12:18,916 DEBUG [EBPB_GestureSTTL-116726] Row number:27
2016-01-28 01:12:18,950 DEBUG [EBPB_GestureSTTL-116726] Ending Test Case IDSTTL-116726
