2016-01-27 19:17:54,274 DEBUG [EBManual_Keycapture_JSSTTL-116710] Executing Test Case ID: STTL-116710
2016-01-27 19:17:54,283 DEBUG [EBManual_Keycapture_JSSTTL-116710] Executing Init_Selendroid function with APK as parameter and clear data value with 1
2016-01-27 19:18:05,016 DEBUG [EBManual_Keycapture_JSSTTL-116710] Exiting Init_Selendroid function
2016-01-27 19:18:05,037 DEBUG [EBManual_Keycapture_JSSTTL-116710] TestCase with Description "call captureKey with different callback for 2 different keys" Execution started
2016-01-27 19:18:05,037 DEBUG [EBManual_Keycapture_JSSTTL-116710] In execute keyword function
2016-01-27 19:18:05,037 DEBUG [EBManual_Keycapture_JSSTTL-116710] Executing wait function:
2016-01-27 19:18:05,037 DEBUG [EBManual_Keycapture_JSSTTL-116710] Started Executing wait function
2016-01-27 19:18:10,037 DEBUG [EBManual_Keycapture_JSSTTL-116710] Exiting from wait function
2016-01-27 19:18:10,037 DEBUG [EBManual_Keycapture_JSSTTL-116710] TestStepResult of wait: Pass
2016-01-27 19:18:10,037 DEBUG [EBManual_Keycapture_JSSTTL-116710] In execute keyword function
2016-01-27 19:18:10,037 DEBUG [EBManual_Keycapture_JSSTTL-116710] Executing validate_PageTitle function:
2016-01-27 19:18:10,057 DEBUG [EBManual_Keycapture_JSSTTL-116710] The title of the page is *********************************: Manual specs
2016-01-27 19:18:10,057 DEBUG [EBManual_Keycapture_JSSTTL-116710] The page title found is correct
2016-01-27 19:18:10,057 DEBUG [EBManual_Keycapture_JSSTTL-116710] Result of validate_PageTitle: pass
2016-01-27 19:18:10,057 DEBUG [EBManual_Keycapture_JSSTTL-116710] In execute keyword function
2016-01-27 19:18:10,057 DEBUG [EBManual_Keycapture_JSSTTL-116710] Executing link_Click function:
2016-01-27 19:18:10,696 DEBUG [EBManual_Keycapture_JSSTTL-116710] Executing Click function
2016-01-27 19:18:11,776 DEBUG [EBManual_Keycapture_JSSTTL-116710] Exiting Click function
2016-01-27 19:18:11,776 DEBUG [EBManual_Keycapture_JSSTTL-116710] keycapture_test_link clicked successfully
2016-01-27 19:18:11,776 DEBUG [EBManual_Keycapture_JSSTTL-116710] TestStepResult of link_Click: Pass
2016-01-27 19:18:11,777 DEBUG [EBManual_Keycapture_JSSTTL-116710] In execute keyword function
2016-01-27 19:18:11,777 DEBUG [EBManual_Keycapture_JSSTTL-116710] Executing validate_PageTitle function:
2016-01-27 19:18:11,796 DEBUG [EBManual_Keycapture_JSSTTL-116710] The title of the page is *********************************: Keycapture JS Test
2016-01-27 19:18:11,796 DEBUG [EBManual_Keycapture_JSSTTL-116710] The page title found is correct
2016-01-27 19:18:11,796 DEBUG [EBManual_Keycapture_JSSTTL-116710] Result of validate_PageTitle: pass
2016-01-27 19:18:11,796 DEBUG [EBManual_Keycapture_JSSTTL-116710] In execute keyword function
2016-01-27 19:18:11,796 DEBUG [EBManual_Keycapture_JSSTTL-116710] Executing SelectTestToRun function:
2016-01-27 19:18:15,471 DEBUG [EBManual_Keycapture_JSSTTL-116710] Successfull in selecting clicking the category
2016-01-27 19:18:15,471 DEBUG [EBManual_Keycapture_JSSTTL-116710] TestStepResult of SelectTestToRun: pass
2016-01-27 19:18:15,471 DEBUG [EBManual_Keycapture_JSSTTL-116710] In execute keyword function
2016-01-27 19:18:15,471 DEBUG [EBManual_Keycapture_JSSTTL-116710] Executing ClickRunTest function:
2016-01-27 19:18:15,867 DEBUG [EBManual_Keycapture_JSSTTL-116710] Executing Click function
2016-01-27 19:18:16,957 DEBUG [EBManual_Keycapture_JSSTTL-116710] Exiting Click function
2016-01-27 19:18:16,958 DEBUG [EBManual_Keycapture_JSSTTL-116710] runtest_top_xpath Button clicked Successfully
2016-01-27 19:18:16,958 DEBUG [EBManual_Keycapture_JSSTTL-116710] TestStepResult of ClickRunTest: pass
2016-01-27 19:18:16,958 DEBUG [EBManual_Keycapture_JSSTTL-116710] In execute keyword function
2016-01-27 19:18:16,958 DEBUG [EBManual_Keycapture_JSSTTL-116710] Executing validate_OldText_Exists function:
2016-01-27 19:18:16,958 DEBUG [EBManual_Keycapture_JSSTTL-116710] Entered validate_OldText_Exists function
2016-01-27 19:18:17,373 DEBUG [EBManual_Keycapture_JSSTTL-116710] VT289-018 Testcase Text found
2016-01-27 19:18:17,373 DEBUG [EBManual_Keycapture_JSSTTL-116710] Exiting from validate_OldText_Exists function
2016-01-27 19:18:17,373 DEBUG [EBManual_Keycapture_JSSTTL-116710] Result of validate_OldText_Exists: Pass
2016-01-27 19:18:17,373 DEBUG [EBManual_Keycapture_JSSTTL-116710] In execute keyword function
2016-01-27 19:18:17,373 DEBUG [EBManual_Keycapture_JSSTTL-116710] Executing sendKeyEvents function:
2016-01-27 19:18:17,373 DEBUG [EBManual_Keycapture_JSSTTL-116710] Entered sendKeyEvents function
2016-01-27 19:18:17,373 DEBUG [EBManual_Keycapture_JSSTTL-116710] Volumeup
2016-01-27 19:18:17,373 DEBUG [EBManual_Keycapture_JSSTTL-116710] Entered volumeup
2016-01-27 19:18:17,373 DEBUG [EBManual_Keycapture_JSSTTL-116710] Started executeCommandLine function
2016-01-27 19:18:21,393 DEBUG [EBManual_Keycapture_JSSTTL-116710] Exiting from executeCommandLine function
2016-01-27 19:18:21,393 DEBUG [EBManual_Keycapture_JSSTTL-116710] pass
2016-01-27 19:18:21,393 DEBUG [EBManual_Keycapture_JSSTTL-116710] TestStepResult of sendKeyEvents: pass
2016-01-27 19:18:21,393 DEBUG [EBManual_Keycapture_JSSTTL-116710] In execute keyword function
2016-01-27 19:18:21,393 DEBUG [EBManual_Keycapture_JSSTTL-116710] Executing validate_keyCaptured function:
2016-01-27 19:18:21,393 DEBUG [EBManual_Keycapture_JSSTTL-116710] Entered validate_keyCaptured function
2016-01-27 19:18:21,858 DEBUG [EBManual_Keycapture_JSSTTL-116710] 24
2016-01-27 19:18:21,858 DEBUG [EBManual_Keycapture_JSSTTL-116710] 
2016-01-27 19:18:21,859 DEBUG [EBManual_Keycapture_JSSTTL-116710] Actual Value matches Expected
2016-01-27 19:18:21,859 DEBUG [EBManual_Keycapture_JSSTTL-116710] pass
2016-01-27 19:18:21,859 DEBUG [EBManual_Keycapture_JSSTTL-116710] Exiting from validate_keyCaptured function
2016-01-27 19:18:21,859 DEBUG [EBManual_Keycapture_JSSTTL-116710] Result of validate_keyCaptured: pass
2016-01-27 19:18:21,859 DEBUG [EBManual_Keycapture_JSSTTL-116710] In execute keyword function
2016-01-27 19:18:21,859 DEBUG [EBManual_Keycapture_JSSTTL-116710] Executing sendKeyEvents function:
2016-01-27 19:18:21,859 DEBUG [EBManual_Keycapture_JSSTTL-116710] Entered sendKeyEvents function
2016-01-27 19:18:21,859 DEBUG [EBManual_Keycapture_JSSTTL-116710] Volumedown
2016-01-27 19:18:21,859 DEBUG [EBManual_Keycapture_JSSTTL-116710] Entered volumedown
2016-01-27 19:18:21,859 DEBUG [EBManual_Keycapture_JSSTTL-116710] Started executeCommandLine function
2016-01-27 19:18:25,869 DEBUG [EBManual_Keycapture_JSSTTL-116710] Exiting from executeCommandLine function
2016-01-27 19:18:25,869 DEBUG [EBManual_Keycapture_JSSTTL-116710] pass
2016-01-27 19:18:25,869 DEBUG [EBManual_Keycapture_JSSTTL-116710] TestStepResult of sendKeyEvents: pass
2016-01-27 19:18:25,869 DEBUG [EBManual_Keycapture_JSSTTL-116710] In execute keyword function
2016-01-27 19:18:25,869 DEBUG [EBManual_Keycapture_JSSTTL-116710] Executing validate_keyCaptured function:
2016-01-27 19:18:25,869 DEBUG [EBManual_Keycapture_JSSTTL-116710] Entered validate_keyCaptured function
2016-01-27 19:18:26,186 DEBUG [EBManual_Keycapture_JSSTTL-116710] 24
2016-01-27 19:18:26,186 DEBUG [EBManual_Keycapture_JSSTTL-116710] 25
2016-01-27 19:18:26,186 DEBUG [EBManual_Keycapture_JSSTTL-116710] Actual Value matches Expected
2016-01-27 19:18:26,186 DEBUG [EBManual_Keycapture_JSSTTL-116710] pass
2016-01-27 19:18:26,186 DEBUG [EBManual_Keycapture_JSSTTL-116710] Exiting from validate_keyCaptured function
2016-01-27 19:18:26,186 DEBUG [EBManual_Keycapture_JSSTTL-116710] Result of validate_keyCaptured: pass
2016-01-27 19:18:26,186 DEBUG [EBManual_Keycapture_JSSTTL-116710] allstep_result contains: passpasspasspassPassPassnull
2016-01-27 19:18:26,186 DEBUG [EBManual_Keycapture_JSSTTL-116710] allexpected_result contains: nullpassnullpassnullPassnullpassnullpassnull
2016-01-27 19:18:26,187 DEBUG [EBManual_Keycapture_JSSTTL-116710] Testcase_Result contains: nullpassnullpassnullPassnullpassnullpassnullpasspasspasspassPassPassnull
2016-01-27 19:18:26,187 DEBUG [EBManual_Keycapture_JSSTTL-116710] Test case with description call captureKey with different callback for 2 different keys Pass
2016-01-27 19:18:27,156 DEBUG [EBManual_Keycapture_JSSTTL-116710] Executing browser_Quit function
2016-01-27 19:18:27,156 DEBUG [EBManual_Keycapture_JSSTTL-116710] Completed browser_Quit function
2016-01-27 19:18:27,156 DEBUG [EBManual_Keycapture_JSSTTL-116710] Completed quitSelendroid function
2016-01-27 19:18:27,157 DEBUG [EBManual_Keycapture_JSSTTL-116710] Row number:11
2016-01-27 19:18:27,191 DEBUG [EBManual_Keycapture_JSSTTL-116710] Ending Test Case IDSTTL-116710
