2016-01-27 19:19:37,410 DEBUG [EBManual_Keycapture_JSSTTL-116713] Executing Test Case ID: STTL-116713
2016-01-27 19:19:37,422 DEBUG [EBManual_Keycapture_JSSTTL-116713] Executing Init_Selendroid function with APK as parameter and clear data value with 1
2016-01-27 19:19:47,645 DEBUG [EBManual_Keycapture_JSSTTL-116713] Exiting Init_Selendroid function
2016-01-27 19:19:47,715 DEBUG [EBManual_Keycapture_JSSTTL-116713] TestCase with Description "call captureKey with dispatch True, keyValue ALL and callback (Numeric, Arrow, Volume & PTT Keys)" Execution started
2016-01-27 19:19:47,715 DEBUG [EBManual_Keycapture_JSSTTL-116713] In execute keyword function
2016-01-27 19:19:47,715 DEBUG [EBManual_Keycapture_JSSTTL-116713] Executing wait function:
2016-01-27 19:19:47,715 DEBUG [EBManual_Keycapture_JSSTTL-116713] Started Executing wait function
2016-01-27 19:19:52,716 DEBUG [EBManual_Keycapture_JSSTTL-116713] Exiting from wait function
2016-01-27 19:19:52,716 DEBUG [EBManual_Keycapture_JSSTTL-116713] TestStepResult of wait: Pass
2016-01-27 19:19:52,716 DEBUG [EBManual_Keycapture_JSSTTL-116713] In execute keyword function
2016-01-27 19:19:52,716 DEBUG [EBManual_Keycapture_JSSTTL-116713] Executing validate_PageTitle function:
2016-01-27 19:19:52,757 DEBUG [EBManual_Keycapture_JSSTTL-116713] The title of the page is *********************************: Manual specs
2016-01-27 19:19:52,757 DEBUG [EBManual_Keycapture_JSSTTL-116713] The page title found is correct
2016-01-27 19:19:52,757 DEBUG [EBManual_Keycapture_JSSTTL-116713] Result of validate_PageTitle: pass
2016-01-27 19:19:52,758 DEBUG [EBManual_Keycapture_JSSTTL-116713] In execute keyword function
2016-01-27 19:19:52,758 DEBUG [EBManual_Keycapture_JSSTTL-116713] Executing link_Click function:
2016-01-27 19:19:53,403 DEBUG [EBManual_Keycapture_JSSTTL-116713] Executing Click function
2016-01-27 19:19:54,481 DEBUG [EBManual_Keycapture_JSSTTL-116713] Exiting Click function
2016-01-27 19:19:54,481 DEBUG [EBManual_Keycapture_JSSTTL-116713] keycapture_test_link clicked successfully
2016-01-27 19:19:54,481 DEBUG [EBManual_Keycapture_JSSTTL-116713] TestStepResult of link_Click: Pass
2016-01-27 19:19:54,481 DEBUG [EBManual_Keycapture_JSSTTL-116713] In execute keyword function
2016-01-27 19:19:54,481 DEBUG [EBManual_Keycapture_JSSTTL-116713] Executing validate_PageTitle function:
2016-01-27 19:19:54,499 DEBUG [EBManual_Keycapture_JSSTTL-116713] The title of the page is *********************************: Keycapture JS Test
2016-01-27 19:19:54,499 DEBUG [EBManual_Keycapture_JSSTTL-116713] The page title found is correct
2016-01-27 19:19:54,499 DEBUG [EBManual_Keycapture_JSSTTL-116713] Result of validate_PageTitle: pass
2016-01-27 19:19:54,499 DEBUG [EBManual_Keycapture_JSSTTL-116713] In execute keyword function
2016-01-27 19:19:54,499 DEBUG [EBManual_Keycapture_JSSTTL-116713] Executing SelectTestToRun function:
2016-01-27 19:19:58,485 DEBUG [EBManual_Keycapture_JSSTTL-116713] Successfull in selecting clicking the category
2016-01-27 19:19:58,485 DEBUG [EBManual_Keycapture_JSSTTL-116713] TestStepResult of SelectTestToRun: pass
2016-01-27 19:19:58,485 DEBUG [EBManual_Keycapture_JSSTTL-116713] In execute keyword function
2016-01-27 19:19:58,486 DEBUG [EBManual_Keycapture_JSSTTL-116713] Executing ClickRunTest function:
2016-01-27 19:19:58,859 DEBUG [EBManual_Keycapture_JSSTTL-116713] Executing Click function
2016-01-27 19:20:00,005 DEBUG [EBManual_Keycapture_JSSTTL-116713] Exiting Click function
2016-01-27 19:20:00,005 DEBUG [EBManual_Keycapture_JSSTTL-116713] runtest_top_xpath Button clicked Successfully
2016-01-27 19:20:00,005 DEBUG [EBManual_Keycapture_JSSTTL-116713] TestStepResult of ClickRunTest: pass
2016-01-27 19:20:00,005 DEBUG [EBManual_Keycapture_JSSTTL-116713] In execute keyword function
2016-01-27 19:20:00,005 DEBUG [EBManual_Keycapture_JSSTTL-116713] Executing validate_OldText_Exists function:
2016-01-27 19:20:00,005 DEBUG [EBManual_Keycapture_JSSTTL-116713] Entered validate_OldText_Exists function
2016-01-27 19:20:00,475 DEBUG [EBManual_Keycapture_JSSTTL-116713] VT289-021 Testcase Text found
2016-01-27 19:20:00,475 DEBUG [EBManual_Keycapture_JSSTTL-116713] Exiting from validate_OldText_Exists function
2016-01-27 19:20:00,475 DEBUG [EBManual_Keycapture_JSSTTL-116713] Result of validate_OldText_Exists: Pass
2016-01-27 19:20:00,475 DEBUG [EBManual_Keycapture_JSSTTL-116713] In execute keyword function
2016-01-27 19:20:00,475 DEBUG [EBManual_Keycapture_JSSTTL-116713] Executing sendKeyEvents function:
2016-01-27 19:20:00,475 DEBUG [EBManual_Keycapture_JSSTTL-116713] Entered sendKeyEvents function
2016-01-27 19:20:00,475 DEBUG [EBManual_Keycapture_JSSTTL-116713] Volumeup
2016-01-27 19:20:00,475 DEBUG [EBManual_Keycapture_JSSTTL-116713] Entered volumeup
2016-01-27 19:20:00,475 DEBUG [EBManual_Keycapture_JSSTTL-116713] Started executeCommandLine function
2016-01-27 19:20:04,496 DEBUG [EBManual_Keycapture_JSSTTL-116713] Exiting from executeCommandLine function
2016-01-27 19:20:04,496 DEBUG [EBManual_Keycapture_JSSTTL-116713] pass
2016-01-27 19:20:04,496 DEBUG [EBManual_Keycapture_JSSTTL-116713] TestStepResult of sendKeyEvents: pass
2016-01-27 19:20:04,496 DEBUG [EBManual_Keycapture_JSSTTL-116713] In execute keyword function
2016-01-27 19:20:04,496 DEBUG [EBManual_Keycapture_JSSTTL-116713] Executing validate_keyCaptured function:
2016-01-27 19:20:04,496 DEBUG [EBManual_Keycapture_JSSTTL-116713] Entered validate_keyCaptured function
2016-01-27 19:20:05,052 DEBUG [EBManual_Keycapture_JSSTTL-116713] 24
2016-01-27 19:20:05,052 DEBUG [EBManual_Keycapture_JSSTTL-116713] 
2016-01-27 19:20:05,052 DEBUG [EBManual_Keycapture_JSSTTL-116713] Actual Value matches Expected
2016-01-27 19:20:05,052 DEBUG [EBManual_Keycapture_JSSTTL-116713] pass
2016-01-27 19:20:05,052 DEBUG [EBManual_Keycapture_JSSTTL-116713] Exiting from validate_keyCaptured function
2016-01-27 19:20:05,052 DEBUG [EBManual_Keycapture_JSSTTL-116713] Result of validate_keyCaptured: pass
2016-01-27 19:20:05,052 DEBUG [EBManual_Keycapture_JSSTTL-116713] In execute keyword function
2016-01-27 19:20:05,052 DEBUG [EBManual_Keycapture_JSSTTL-116713] Executing sendKeyEvents function:
2016-01-27 19:20:05,052 DEBUG [EBManual_Keycapture_JSSTTL-116713] Entered sendKeyEvents function
2016-01-27 19:20:05,052 DEBUG [EBManual_Keycapture_JSSTTL-116713] Volumedown
2016-01-27 19:20:05,052 DEBUG [EBManual_Keycapture_JSSTTL-116713] Entered volumedown
2016-01-27 19:20:05,052 DEBUG [EBManual_Keycapture_JSSTTL-116713] Started executeCommandLine function
2016-01-27 19:20:09,072 DEBUG [EBManual_Keycapture_JSSTTL-116713] Exiting from executeCommandLine function
2016-01-27 19:20:09,072 DEBUG [EBManual_Keycapture_JSSTTL-116713] pass
2016-01-27 19:20:09,072 DEBUG [EBManual_Keycapture_JSSTTL-116713] TestStepResult of sendKeyEvents: pass
2016-01-27 19:20:09,072 DEBUG [EBManual_Keycapture_JSSTTL-116713] In execute keyword function
2016-01-27 19:20:09,072 DEBUG [EBManual_Keycapture_JSSTTL-116713] Executing validate_keyCaptured function:
2016-01-27 19:20:09,072 DEBUG [EBManual_Keycapture_JSSTTL-116713] Entered validate_keyCaptured function
2016-01-27 19:20:09,379 DEBUG [EBManual_Keycapture_JSSTTL-116713] 25
2016-01-27 19:20:09,379 DEBUG [EBManual_Keycapture_JSSTTL-116713] 
2016-01-27 19:20:09,379 DEBUG [EBManual_Keycapture_JSSTTL-116713] Actual Value matches Expected
2016-01-27 19:20:09,379 DEBUG [EBManual_Keycapture_JSSTTL-116713] pass
2016-01-27 19:20:09,379 DEBUG [EBManual_Keycapture_JSSTTL-116713] Exiting from validate_keyCaptured function
2016-01-27 19:20:09,379 DEBUG [EBManual_Keycapture_JSSTTL-116713] Result of validate_keyCaptured: pass
2016-01-27 19:20:09,379 DEBUG [EBManual_Keycapture_JSSTTL-116713] In execute keyword function
2016-01-27 19:20:09,379 DEBUG [EBManual_Keycapture_JSSTTL-116713] Executing sendKeyEvents function:
2016-01-27 19:20:09,379 DEBUG [EBManual_Keycapture_JSSTTL-116713] Entered sendKeyEvents function
2016-01-27 19:20:09,379 DEBUG [EBManual_Keycapture_JSSTTL-116713] PTTKey
2016-01-27 19:20:09,379 DEBUG [EBManual_Keycapture_JSSTTL-116713] Entered PTTKey
2016-01-27 19:20:09,379 DEBUG [EBManual_Keycapture_JSSTTL-116713] Started executeCommandLine function
2016-01-27 19:20:13,400 DEBUG [EBManual_Keycapture_JSSTTL-116713] Exiting from executeCommandLine function
2016-01-27 19:20:13,400 DEBUG [EBManual_Keycapture_JSSTTL-116713] pass
2016-01-27 19:20:13,400 DEBUG [EBManual_Keycapture_JSSTTL-116713] TestStepResult of sendKeyEvents: pass
2016-01-27 19:20:13,400 DEBUG [EBManual_Keycapture_JSSTTL-116713] In execute keyword function
2016-01-27 19:20:13,400 DEBUG [EBManual_Keycapture_JSSTTL-116713] Executing validate_keyCaptured function:
2016-01-27 19:20:13,400 DEBUG [EBManual_Keycapture_JSSTTL-116713] Entered validate_keyCaptured function
2016-01-27 19:20:13,704 DEBUG [EBManual_Keycapture_JSSTTL-116713] 25
2016-01-27 19:20:13,704 DEBUG [EBManual_Keycapture_JSSTTL-116713] 
2016-01-27 19:20:13,704 DEBUG [EBManual_Keycapture_JSSTTL-116713] Actual Value does not match Expected
2016-01-27 19:20:13,704 DEBUG [EBManual_Keycapture_JSSTTL-116713] fail
2016-01-27 19:20:13,704 DEBUG [EBManual_Keycapture_JSSTTL-116713] Exiting from validate_keyCaptured function
2016-01-27 19:20:13,705 DEBUG [EBManual_Keycapture_JSSTTL-116713] Result of validate_keyCaptured: fail
2016-01-27 19:20:13,705 DEBUG [EBManual_Keycapture_JSSTTL-116713] In execute keyword function
2016-01-27 19:20:13,705 DEBUG [EBManual_Keycapture_JSSTTL-116713] Executing sendKeyEvents function:
2016-01-27 19:20:13,705 DEBUG [EBManual_Keycapture_JSSTTL-116713] Entered sendKeyEvents function
2016-01-27 19:20:13,705 DEBUG [EBManual_Keycapture_JSSTTL-116713] 0
2016-01-27 19:20:13,705 DEBUG [EBManual_Keycapture_JSSTTL-116713] Entered 0
2016-01-27 19:20:13,705 DEBUG [EBManual_Keycapture_JSSTTL-116713] Started executeCommandLine function
2016-01-27 19:20:17,725 DEBUG [EBManual_Keycapture_JSSTTL-116713] Exiting from executeCommandLine function
2016-01-27 19:20:17,725 DEBUG [EBManual_Keycapture_JSSTTL-116713] pass
2016-01-27 19:20:17,725 DEBUG [EBManual_Keycapture_JSSTTL-116713] TestStepResult of sendKeyEvents: pass
2016-01-27 19:20:17,725 DEBUG [EBManual_Keycapture_JSSTTL-116713] In execute keyword function
2016-01-27 19:20:17,725 DEBUG [EBManual_Keycapture_JSSTTL-116713] Executing validate_keyCaptured function:
2016-01-27 19:20:17,725 DEBUG [EBManual_Keycapture_JSSTTL-116713] Entered validate_keyCaptured function
2016-01-27 19:20:18,060 DEBUG [EBManual_Keycapture_JSSTTL-116713] 7
2016-01-27 19:20:18,061 DEBUG [EBManual_Keycapture_JSSTTL-116713] 
2016-01-27 19:20:18,061 DEBUG [EBManual_Keycapture_JSSTTL-116713] Actual Value matches Expected
2016-01-27 19:20:18,061 DEBUG [EBManual_Keycapture_JSSTTL-116713] pass
2016-01-27 19:20:18,061 DEBUG [EBManual_Keycapture_JSSTTL-116713] Exiting from validate_keyCaptured function
2016-01-27 19:20:18,061 DEBUG [EBManual_Keycapture_JSSTTL-116713] Result of validate_keyCaptured: pass
2016-01-27 19:20:18,061 DEBUG [EBManual_Keycapture_JSSTTL-116713] In execute keyword function
2016-01-27 19:20:18,061 DEBUG [EBManual_Keycapture_JSSTTL-116713] Executing sendKeyEvents function:
2016-01-27 19:20:18,061 DEBUG [EBManual_Keycapture_JSSTTL-116713] Entered sendKeyEvents function
2016-01-27 19:20:18,061 DEBUG [EBManual_Keycapture_JSSTTL-116713] 1
2016-01-27 19:20:18,061 DEBUG [EBManual_Keycapture_JSSTTL-116713] Entered 1
2016-01-27 19:20:18,061 DEBUG [EBManual_Keycapture_JSSTTL-116713] Started executeCommandLine function
2016-01-27 19:20:22,082 DEBUG [EBManual_Keycapture_JSSTTL-116713] Exiting from executeCommandLine function
2016-01-27 19:20:22,082 DEBUG [EBManual_Keycapture_JSSTTL-116713] pass
2016-01-27 19:20:22,082 DEBUG [EBManual_Keycapture_JSSTTL-116713] TestStepResult of sendKeyEvents: pass
2016-01-27 19:20:22,082 DEBUG [EBManual_Keycapture_JSSTTL-116713] In execute keyword function
2016-01-27 19:20:22,082 DEBUG [EBManual_Keycapture_JSSTTL-116713] Executing validate_keyCaptured function:
2016-01-27 19:20:22,082 DEBUG [EBManual_Keycapture_JSSTTL-116713] Entered validate_keyCaptured function
2016-01-27 19:20:22,378 DEBUG [EBManual_Keycapture_JSSTTL-116713] 8
2016-01-27 19:20:22,378 DEBUG [EBManual_Keycapture_JSSTTL-116713] 
2016-01-27 19:20:22,378 DEBUG [EBManual_Keycapture_JSSTTL-116713] Actual Value matches Expected
2016-01-27 19:20:22,378 DEBUG [EBManual_Keycapture_JSSTTL-116713] pass
2016-01-27 19:20:22,378 DEBUG [EBManual_Keycapture_JSSTTL-116713] Exiting from validate_keyCaptured function
2016-01-27 19:20:22,378 DEBUG [EBManual_Keycapture_JSSTTL-116713] Result of validate_keyCaptured: pass
2016-01-27 19:20:22,378 DEBUG [EBManual_Keycapture_JSSTTL-116713] In execute keyword function
2016-01-27 19:20:22,378 DEBUG [EBManual_Keycapture_JSSTTL-116713] Executing sendKeyEvents function:
2016-01-27 19:20:22,378 DEBUG [EBManual_Keycapture_JSSTTL-116713] Entered sendKeyEvents function
2016-01-27 19:20:22,378 DEBUG [EBManual_Keycapture_JSSTTL-116713] 2
2016-01-27 19:20:22,378 DEBUG [EBManual_Keycapture_JSSTTL-116713] Entered 2
2016-01-27 19:20:22,378 DEBUG [EBManual_Keycapture_JSSTTL-116713] Started executeCommandLine function
2016-01-27 19:20:26,398 DEBUG [EBManual_Keycapture_JSSTTL-116713] Exiting from executeCommandLine function
2016-01-27 19:20:26,398 DEBUG [EBManual_Keycapture_JSSTTL-116713] pass
2016-01-27 19:20:26,398 DEBUG [EBManual_Keycapture_JSSTTL-116713] TestStepResult of sendKeyEvents: pass
2016-01-27 19:20:26,398 DEBUG [EBManual_Keycapture_JSSTTL-116713] In execute keyword function
2016-01-27 19:20:26,398 DEBUG [EBManual_Keycapture_JSSTTL-116713] Executing validate_keyCaptured function:
2016-01-27 19:20:26,398 DEBUG [EBManual_Keycapture_JSSTTL-116713] Entered validate_keyCaptured function
2016-01-27 19:20:26,772 DEBUG [EBManual_Keycapture_JSSTTL-116713] 9
2016-01-27 19:20:26,772 DEBUG [EBManual_Keycapture_JSSTTL-116713] 
2016-01-27 19:20:26,772 DEBUG [EBManual_Keycapture_JSSTTL-116713] Actual Value matches Expected
2016-01-27 19:20:26,772 DEBUG [EBManual_Keycapture_JSSTTL-116713] pass
2016-01-27 19:20:26,772 DEBUG [EBManual_Keycapture_JSSTTL-116713] Exiting from validate_keyCaptured function
2016-01-27 19:20:26,772 DEBUG [EBManual_Keycapture_JSSTTL-116713] Result of validate_keyCaptured: pass
2016-01-27 19:20:26,773 DEBUG [EBManual_Keycapture_JSSTTL-116713] In execute keyword function
2016-01-27 19:20:26,773 DEBUG [EBManual_Keycapture_JSSTTL-116713] Executing sendKeyEvents function:
2016-01-27 19:20:26,773 DEBUG [EBManual_Keycapture_JSSTTL-116713] Entered sendKeyEvents function
2016-01-27 19:20:26,773 DEBUG [EBManual_Keycapture_JSSTTL-116713] 3
2016-01-27 19:20:26,773 DEBUG [EBManual_Keycapture_JSSTTL-116713] Entered 3
2016-01-27 19:20:26,773 DEBUG [EBManual_Keycapture_JSSTTL-116713] Started executeCommandLine function
2016-01-27 19:20:30,793 DEBUG [EBManual_Keycapture_JSSTTL-116713] Exiting from executeCommandLine function
2016-01-27 19:20:30,793 DEBUG [EBManual_Keycapture_JSSTTL-116713] pass
2016-01-27 19:20:30,793 DEBUG [EBManual_Keycapture_JSSTTL-116713] TestStepResult of sendKeyEvents: pass
2016-01-27 19:20:30,793 DEBUG [EBManual_Keycapture_JSSTTL-116713] In execute keyword function
2016-01-27 19:20:30,793 DEBUG [EBManual_Keycapture_JSSTTL-116713] Executing validate_keyCaptured function:
2016-01-27 19:20:30,793 DEBUG [EBManual_Keycapture_JSSTTL-116713] Entered validate_keyCaptured function
2016-01-27 19:20:31,127 DEBUG [EBManual_Keycapture_JSSTTL-116713] 10
2016-01-27 19:20:31,127 DEBUG [EBManual_Keycapture_JSSTTL-116713] 
2016-01-27 19:20:31,127 DEBUG [EBManual_Keycapture_JSSTTL-116713] Actual Value matches Expected
2016-01-27 19:20:31,127 DEBUG [EBManual_Keycapture_JSSTTL-116713] pass
2016-01-27 19:20:31,127 DEBUG [EBManual_Keycapture_JSSTTL-116713] Exiting from validate_keyCaptured function
2016-01-27 19:20:31,127 DEBUG [EBManual_Keycapture_JSSTTL-116713] Result of validate_keyCaptured: pass
2016-01-27 19:20:31,127 DEBUG [EBManual_Keycapture_JSSTTL-116713] In execute keyword function
2016-01-27 19:20:31,127 DEBUG [EBManual_Keycapture_JSSTTL-116713] Executing sendKeyEvents function:
2016-01-27 19:20:31,127 DEBUG [EBManual_Keycapture_JSSTTL-116713] Entered sendKeyEvents function
2016-01-27 19:20:31,127 DEBUG [EBManual_Keycapture_JSSTTL-116713] 4
2016-01-27 19:20:31,128 DEBUG [EBManual_Keycapture_JSSTTL-116713] Entered 4
2016-01-27 19:20:31,128 DEBUG [EBManual_Keycapture_JSSTTL-116713] Started executeCommandLine function
2016-01-27 19:20:35,147 DEBUG [EBManual_Keycapture_JSSTTL-116713] Exiting from executeCommandLine function
2016-01-27 19:20:35,147 DEBUG [EBManual_Keycapture_JSSTTL-116713] pass
2016-01-27 19:20:35,147 DEBUG [EBManual_Keycapture_JSSTTL-116713] TestStepResult of sendKeyEvents: pass
2016-01-27 19:20:35,147 DEBUG [EBManual_Keycapture_JSSTTL-116713] In execute keyword function
2016-01-27 19:20:35,147 DEBUG [EBManual_Keycapture_JSSTTL-116713] Executing validate_keyCaptured function:
2016-01-27 19:20:35,147 DEBUG [EBManual_Keycapture_JSSTTL-116713] Entered validate_keyCaptured function
2016-01-27 19:20:35,461 DEBUG [EBManual_Keycapture_JSSTTL-116713] 11
2016-01-27 19:20:35,461 DEBUG [EBManual_Keycapture_JSSTTL-116713] 
2016-01-27 19:20:35,461 DEBUG [EBManual_Keycapture_JSSTTL-116713] Actual Value matches Expected
2016-01-27 19:20:35,461 DEBUG [EBManual_Keycapture_JSSTTL-116713] pass
2016-01-27 19:20:35,461 DEBUG [EBManual_Keycapture_JSSTTL-116713] Exiting from validate_keyCaptured function
2016-01-27 19:20:35,461 DEBUG [EBManual_Keycapture_JSSTTL-116713] Result of validate_keyCaptured: pass
2016-01-27 19:20:35,462 DEBUG [EBManual_Keycapture_JSSTTL-116713] In execute keyword function
2016-01-27 19:20:35,462 DEBUG [EBManual_Keycapture_JSSTTL-116713] Executing sendKeyEvents function:
2016-01-27 19:20:35,462 DEBUG [EBManual_Keycapture_JSSTTL-116713] Entered sendKeyEvents function
2016-01-27 19:20:35,462 DEBUG [EBManual_Keycapture_JSSTTL-116713] 5
2016-01-27 19:20:35,462 DEBUG [EBManual_Keycapture_JSSTTL-116713] Entered 5
2016-01-27 19:20:35,462 DEBUG [EBManual_Keycapture_JSSTTL-116713] Started executeCommandLine function
2016-01-27 19:20:39,482 DEBUG [EBManual_Keycapture_JSSTTL-116713] Exiting from executeCommandLine function
2016-01-27 19:20:39,482 DEBUG [EBManual_Keycapture_JSSTTL-116713] pass
2016-01-27 19:20:39,482 DEBUG [EBManual_Keycapture_JSSTTL-116713] TestStepResult of sendKeyEvents: pass
2016-01-27 19:20:39,482 DEBUG [EBManual_Keycapture_JSSTTL-116713] In execute keyword function
2016-01-27 19:20:39,482 DEBUG [EBManual_Keycapture_JSSTTL-116713] Executing validate_keyCaptured function:
2016-01-27 19:20:39,482 DEBUG [EBManual_Keycapture_JSSTTL-116713] Entered validate_keyCaptured function
2016-01-27 19:20:39,819 DEBUG [EBManual_Keycapture_JSSTTL-116713] 12
2016-01-27 19:20:39,819 DEBUG [EBManual_Keycapture_JSSTTL-116713] 
2016-01-27 19:20:39,819 DEBUG [EBManual_Keycapture_JSSTTL-116713] Actual Value matches Expected
2016-01-27 19:20:39,819 DEBUG [EBManual_Keycapture_JSSTTL-116713] pass
2016-01-27 19:20:39,819 DEBUG [EBManual_Keycapture_JSSTTL-116713] Exiting from validate_keyCaptured function
2016-01-27 19:20:39,819 DEBUG [EBManual_Keycapture_JSSTTL-116713] Result of validate_keyCaptured: pass
2016-01-27 19:20:39,820 DEBUG [EBManual_Keycapture_JSSTTL-116713] In execute keyword function
2016-01-27 19:20:39,820 DEBUG [EBManual_Keycapture_JSSTTL-116713] Executing sendKeyEvents function:
2016-01-27 19:20:39,820 DEBUG [EBManual_Keycapture_JSSTTL-116713] Entered sendKeyEvents function
2016-01-27 19:20:39,820 DEBUG [EBManual_Keycapture_JSSTTL-116713] 6
2016-01-27 19:20:39,820 DEBUG [EBManual_Keycapture_JSSTTL-116713] Entered 6
2016-01-27 19:20:39,820 DEBUG [EBManual_Keycapture_JSSTTL-116713] Started executeCommandLine function
2016-01-27 19:20:43,841 DEBUG [EBManual_Keycapture_JSSTTL-116713] Exiting from executeCommandLine function
2016-01-27 19:20:43,841 DEBUG [EBManual_Keycapture_JSSTTL-116713] pass
2016-01-27 19:20:43,841 DEBUG [EBManual_Keycapture_JSSTTL-116713] TestStepResult of sendKeyEvents: pass
2016-01-27 19:20:43,841 DEBUG [EBManual_Keycapture_JSSTTL-116713] In execute keyword function
2016-01-27 19:20:43,841 DEBUG [EBManual_Keycapture_JSSTTL-116713] Executing validate_keyCaptured function:
2016-01-27 19:20:43,841 DEBUG [EBManual_Keycapture_JSSTTL-116713] Entered validate_keyCaptured function
2016-01-27 19:20:44,118 DEBUG [EBManual_Keycapture_JSSTTL-116713] 13
2016-01-27 19:20:44,118 DEBUG [EBManual_Keycapture_JSSTTL-116713] 
2016-01-27 19:20:44,119 DEBUG [EBManual_Keycapture_JSSTTL-116713] Actual Value matches Expected
2016-01-27 19:20:44,119 DEBUG [EBManual_Keycapture_JSSTTL-116713] pass
2016-01-27 19:20:44,119 DEBUG [EBManual_Keycapture_JSSTTL-116713] Exiting from validate_keyCaptured function
2016-01-27 19:20:44,119 DEBUG [EBManual_Keycapture_JSSTTL-116713] Result of validate_keyCaptured: pass
2016-01-27 19:20:44,119 DEBUG [EBManual_Keycapture_JSSTTL-116713] In execute keyword function
2016-01-27 19:20:44,119 DEBUG [EBManual_Keycapture_JSSTTL-116713] Executing sendKeyEvents function:
2016-01-27 19:20:44,119 DEBUG [EBManual_Keycapture_JSSTTL-116713] Entered sendKeyEvents function
2016-01-27 19:20:44,119 DEBUG [EBManual_Keycapture_JSSTTL-116713] 7
2016-01-27 19:20:44,119 DEBUG [EBManual_Keycapture_JSSTTL-116713] Entered 7
2016-01-27 19:20:44,119 DEBUG [EBManual_Keycapture_JSSTTL-116713] Started executeCommandLine function
2016-01-27 19:20:48,140 DEBUG [EBManual_Keycapture_JSSTTL-116713] Exiting from executeCommandLine function
2016-01-27 19:20:48,140 DEBUG [EBManual_Keycapture_JSSTTL-116713] pass
2016-01-27 19:20:48,140 DEBUG [EBManual_Keycapture_JSSTTL-116713] TestStepResult of sendKeyEvents: pass
2016-01-27 19:20:48,140 DEBUG [EBManual_Keycapture_JSSTTL-116713] In execute keyword function
2016-01-27 19:20:48,140 DEBUG [EBManual_Keycapture_JSSTTL-116713] Executing validate_keyCaptured function:
2016-01-27 19:20:48,140 DEBUG [EBManual_Keycapture_JSSTTL-116713] Entered validate_keyCaptured function
2016-01-27 19:20:48,495 DEBUG [EBManual_Keycapture_JSSTTL-116713] 14
2016-01-27 19:20:48,495 DEBUG [EBManual_Keycapture_JSSTTL-116713] 
2016-01-27 19:20:48,495 DEBUG [EBManual_Keycapture_JSSTTL-116713] Actual Value matches Expected
2016-01-27 19:20:48,495 DEBUG [EBManual_Keycapture_JSSTTL-116713] pass
2016-01-27 19:20:48,495 DEBUG [EBManual_Keycapture_JSSTTL-116713] Exiting from validate_keyCaptured function
2016-01-27 19:20:48,495 DEBUG [EBManual_Keycapture_JSSTTL-116713] Result of validate_keyCaptured: pass
2016-01-27 19:20:48,495 DEBUG [EBManual_Keycapture_JSSTTL-116713] In execute keyword function
2016-01-27 19:20:48,495 DEBUG [EBManual_Keycapture_JSSTTL-116713] Executing sendKeyEvents function:
2016-01-27 19:20:48,495 DEBUG [EBManual_Keycapture_JSSTTL-116713] Entered sendKeyEvents function
2016-01-27 19:20:48,495 DEBUG [EBManual_Keycapture_JSSTTL-116713] 8
2016-01-27 19:20:48,495 DEBUG [EBManual_Keycapture_JSSTTL-116713] Entered 8
2016-01-27 19:20:48,495 DEBUG [EBManual_Keycapture_JSSTTL-116713] Started executeCommandLine function
2016-01-27 19:20:52,516 DEBUG [EBManual_Keycapture_JSSTTL-116713] Exiting from executeCommandLine function
2016-01-27 19:20:52,516 DEBUG [EBManual_Keycapture_JSSTTL-116713] pass
2016-01-27 19:20:52,516 DEBUG [EBManual_Keycapture_JSSTTL-116713] TestStepResult of sendKeyEvents: pass
2016-01-27 19:20:52,516 DEBUG [EBManual_Keycapture_JSSTTL-116713] In execute keyword function
2016-01-27 19:20:52,516 DEBUG [EBManual_Keycapture_JSSTTL-116713] Executing validate_keyCaptured function:
2016-01-27 19:20:52,516 DEBUG [EBManual_Keycapture_JSSTTL-116713] Entered validate_keyCaptured function
2016-01-27 19:20:52,844 DEBUG [EBManual_Keycapture_JSSTTL-116713] 15
2016-01-27 19:20:52,844 DEBUG [EBManual_Keycapture_JSSTTL-116713] 
2016-01-27 19:20:52,844 DEBUG [EBManual_Keycapture_JSSTTL-116713] Actual Value matches Expected
2016-01-27 19:20:52,844 DEBUG [EBManual_Keycapture_JSSTTL-116713] pass
2016-01-27 19:20:52,844 DEBUG [EBManual_Keycapture_JSSTTL-116713] Exiting from validate_keyCaptured function
2016-01-27 19:20:52,844 DEBUG [EBManual_Keycapture_JSSTTL-116713] Result of validate_keyCaptured: pass
2016-01-27 19:20:52,844 DEBUG [EBManual_Keycapture_JSSTTL-116713] In execute keyword function
2016-01-27 19:20:52,844 DEBUG [EBManual_Keycapture_JSSTTL-116713] Executing sendKeyEvents function:
2016-01-27 19:20:52,844 DEBUG [EBManual_Keycapture_JSSTTL-116713] Entered sendKeyEvents function
2016-01-27 19:20:52,844 DEBUG [EBManual_Keycapture_JSSTTL-116713] 9
2016-01-27 19:20:52,844 DEBUG [EBManual_Keycapture_JSSTTL-116713] Entered 9
2016-01-27 19:20:52,844 DEBUG [EBManual_Keycapture_JSSTTL-116713] Started executeCommandLine function
2016-01-27 19:20:56,864 DEBUG [EBManual_Keycapture_JSSTTL-116713] Exiting from executeCommandLine function
2016-01-27 19:20:56,864 DEBUG [EBManual_Keycapture_JSSTTL-116713] pass
2016-01-27 19:20:56,864 DEBUG [EBManual_Keycapture_JSSTTL-116713] TestStepResult of sendKeyEvents: pass
2016-01-27 19:20:56,864 DEBUG [EBManual_Keycapture_JSSTTL-116713] In execute keyword function
2016-01-27 19:20:56,864 DEBUG [EBManual_Keycapture_JSSTTL-116713] Executing validate_keyCaptured function:
2016-01-27 19:20:56,864 DEBUG [EBManual_Keycapture_JSSTTL-116713] Entered validate_keyCaptured function
2016-01-27 19:20:57,186 DEBUG [EBManual_Keycapture_JSSTTL-116713] 16
2016-01-27 19:20:57,186 DEBUG [EBManual_Keycapture_JSSTTL-116713] 
2016-01-27 19:20:57,186 DEBUG [EBManual_Keycapture_JSSTTL-116713] Actual Value matches Expected
2016-01-27 19:20:57,186 DEBUG [EBManual_Keycapture_JSSTTL-116713] pass
2016-01-27 19:20:57,186 DEBUG [EBManual_Keycapture_JSSTTL-116713] Exiting from validate_keyCaptured function
2016-01-27 19:20:57,186 DEBUG [EBManual_Keycapture_JSSTTL-116713] Result of validate_keyCaptured: pass
2016-01-27 19:20:57,186 DEBUG [EBManual_Keycapture_JSSTTL-116713] In execute keyword function
2016-01-27 19:20:57,186 DEBUG [EBManual_Keycapture_JSSTTL-116713] Executing sendKeyEvents function:
2016-01-27 19:20:57,186 DEBUG [EBManual_Keycapture_JSSTTL-116713] Entered sendKeyEvents function
2016-01-27 19:20:57,186 DEBUG [EBManual_Keycapture_JSSTTL-116713] UpArrow
2016-01-27 19:20:57,186 DEBUG [EBManual_Keycapture_JSSTTL-116713] Entered UpArrowkey
2016-01-27 19:20:57,186 DEBUG [EBManual_Keycapture_JSSTTL-116713] Started executeCommandLine function
2016-01-27 19:21:01,207 DEBUG [EBManual_Keycapture_JSSTTL-116713] Exiting from executeCommandLine function
2016-01-27 19:21:01,207 DEBUG [EBManual_Keycapture_JSSTTL-116713] pass
2016-01-27 19:21:01,207 DEBUG [EBManual_Keycapture_JSSTTL-116713] TestStepResult of sendKeyEvents: pass
2016-01-27 19:21:01,207 DEBUG [EBManual_Keycapture_JSSTTL-116713] In execute keyword function
2016-01-27 19:21:01,207 DEBUG [EBManual_Keycapture_JSSTTL-116713] Executing validate_keyCaptured function:
2016-01-27 19:21:01,207 DEBUG [EBManual_Keycapture_JSSTTL-116713] Entered validate_keyCaptured function
2016-01-27 19:21:01,538 DEBUG [EBManual_Keycapture_JSSTTL-116713] 19
2016-01-27 19:21:01,538 DEBUG [EBManual_Keycapture_JSSTTL-116713] 
2016-01-27 19:21:01,538 DEBUG [EBManual_Keycapture_JSSTTL-116713] Actual Value matches Expected
2016-01-27 19:21:01,538 DEBUG [EBManual_Keycapture_JSSTTL-116713] pass
2016-01-27 19:21:01,538 DEBUG [EBManual_Keycapture_JSSTTL-116713] Exiting from validate_keyCaptured function
2016-01-27 19:21:01,538 DEBUG [EBManual_Keycapture_JSSTTL-116713] Result of validate_keyCaptured: pass
2016-01-27 19:21:01,538 DEBUG [EBManual_Keycapture_JSSTTL-116713] In execute keyword function
2016-01-27 19:21:01,538 DEBUG [EBManual_Keycapture_JSSTTL-116713] Executing sendKeyEvents function:
2016-01-27 19:21:01,538 DEBUG [EBManual_Keycapture_JSSTTL-116713] Entered sendKeyEvents function
2016-01-27 19:21:01,538 DEBUG [EBManual_Keycapture_JSSTTL-116713] DownArrow
2016-01-27 19:21:01,538 DEBUG [EBManual_Keycapture_JSSTTL-116713] Entered DownArrowkey
2016-01-27 19:21:01,538 DEBUG [EBManual_Keycapture_JSSTTL-116713] Started executeCommandLine function
2016-01-27 19:21:05,558 DEBUG [EBManual_Keycapture_JSSTTL-116713] Exiting from executeCommandLine function
2016-01-27 19:21:05,558 DEBUG [EBManual_Keycapture_JSSTTL-116713] pass
2016-01-27 19:21:05,558 DEBUG [EBManual_Keycapture_JSSTTL-116713] TestStepResult of sendKeyEvents: pass
2016-01-27 19:21:05,558 DEBUG [EBManual_Keycapture_JSSTTL-116713] In execute keyword function
2016-01-27 19:21:05,558 DEBUG [EBManual_Keycapture_JSSTTL-116713] Executing validate_keyCaptured function:
2016-01-27 19:21:05,558 DEBUG [EBManual_Keycapture_JSSTTL-116713] Entered validate_keyCaptured function
2016-01-27 19:21:05,951 DEBUG [EBManual_Keycapture_JSSTTL-116713] 20
2016-01-27 19:21:05,951 DEBUG [EBManual_Keycapture_JSSTTL-116713] 
2016-01-27 19:21:05,951 DEBUG [EBManual_Keycapture_JSSTTL-116713] Actual Value matches Expected
2016-01-27 19:21:05,951 DEBUG [EBManual_Keycapture_JSSTTL-116713] pass
2016-01-27 19:21:05,951 DEBUG [EBManual_Keycapture_JSSTTL-116713] Exiting from validate_keyCaptured function
2016-01-27 19:21:05,951 DEBUG [EBManual_Keycapture_JSSTTL-116713] Result of validate_keyCaptured: pass
2016-01-27 19:21:05,951 DEBUG [EBManual_Keycapture_JSSTTL-116713] In execute keyword function
2016-01-27 19:21:05,951 DEBUG [EBManual_Keycapture_JSSTTL-116713] Executing sendKeyEvents function:
2016-01-27 19:21:05,951 DEBUG [EBManual_Keycapture_JSSTTL-116713] Entered sendKeyEvents function
2016-01-27 19:21:05,951 DEBUG [EBManual_Keycapture_JSSTTL-116713] LeftArrow
2016-01-27 19:21:05,951 DEBUG [EBManual_Keycapture_JSSTTL-116713] Entered LeftArrowkey
2016-01-27 19:21:05,951 DEBUG [EBManual_Keycapture_JSSTTL-116713] Started executeCommandLine function
2016-01-27 19:21:09,970 DEBUG [EBManual_Keycapture_JSSTTL-116713] Exiting from executeCommandLine function
2016-01-27 19:21:09,970 DEBUG [EBManual_Keycapture_JSSTTL-116713] pass
2016-01-27 19:21:09,970 DEBUG [EBManual_Keycapture_JSSTTL-116713] TestStepResult of sendKeyEvents: pass
2016-01-27 19:21:09,970 DEBUG [EBManual_Keycapture_JSSTTL-116713] In execute keyword function
2016-01-27 19:21:09,970 DEBUG [EBManual_Keycapture_JSSTTL-116713] Executing validate_keyCaptured function:
2016-01-27 19:21:09,970 DEBUG [EBManual_Keycapture_JSSTTL-116713] Entered validate_keyCaptured function
2016-01-27 19:21:10,314 DEBUG [EBManual_Keycapture_JSSTTL-116713] 21
2016-01-27 19:21:10,314 DEBUG [EBManual_Keycapture_JSSTTL-116713] 
2016-01-27 19:21:10,314 DEBUG [EBManual_Keycapture_JSSTTL-116713] Actual Value matches Expected
2016-01-27 19:21:10,314 DEBUG [EBManual_Keycapture_JSSTTL-116713] pass
2016-01-27 19:21:10,314 DEBUG [EBManual_Keycapture_JSSTTL-116713] Exiting from validate_keyCaptured function
2016-01-27 19:21:10,314 DEBUG [EBManual_Keycapture_JSSTTL-116713] Result of validate_keyCaptured: pass
2016-01-27 19:21:10,315 DEBUG [EBManual_Keycapture_JSSTTL-116713] In execute keyword function
2016-01-27 19:21:10,315 DEBUG [EBManual_Keycapture_JSSTTL-116713] Executing sendKeyEvents function:
2016-01-27 19:21:10,315 DEBUG [EBManual_Keycapture_JSSTTL-116713] Entered sendKeyEvents function
2016-01-27 19:21:10,315 DEBUG [EBManual_Keycapture_JSSTTL-116713] RightArrow
2016-01-27 19:21:10,315 DEBUG [EBManual_Keycapture_JSSTTL-116713] Entered RightArrowkey
2016-01-27 19:21:10,315 DEBUG [EBManual_Keycapture_JSSTTL-116713] Started executeCommandLine function
2016-01-27 19:21:14,335 DEBUG [EBManual_Keycapture_JSSTTL-116713] Exiting from executeCommandLine function
2016-01-27 19:21:14,335 DEBUG [EBManual_Keycapture_JSSTTL-116713] pass
2016-01-27 19:21:14,335 DEBUG [EBManual_Keycapture_JSSTTL-116713] TestStepResult of sendKeyEvents: pass
2016-01-27 19:21:14,335 DEBUG [EBManual_Keycapture_JSSTTL-116713] In execute keyword function
2016-01-27 19:21:14,335 DEBUG [EBManual_Keycapture_JSSTTL-116713] Executing validate_keyCaptured function:
2016-01-27 19:21:14,335 DEBUG [EBManual_Keycapture_JSSTTL-116713] Entered validate_keyCaptured function
2016-01-27 19:21:14,648 DEBUG [EBManual_Keycapture_JSSTTL-116713] 22
2016-01-27 19:21:14,648 DEBUG [EBManual_Keycapture_JSSTTL-116713] 
2016-01-27 19:21:14,648 DEBUG [EBManual_Keycapture_JSSTTL-116713] Actual Value matches Expected
2016-01-27 19:21:14,648 DEBUG [EBManual_Keycapture_JSSTTL-116713] pass
2016-01-27 19:21:14,648 DEBUG [EBManual_Keycapture_JSSTTL-116713] Exiting from validate_keyCaptured function
2016-01-27 19:21:14,649 DEBUG [EBManual_Keycapture_JSSTTL-116713] Result of validate_keyCaptured: pass
2016-01-27 19:21:14,649 DEBUG [EBManual_Keycapture_JSSTTL-116713] allstep_result contains: passpasspasspasspasspasspasspasspasspasspasspasspasspasspasspasspasspasspassPassPassnull
2016-01-27 19:21:14,649 DEBUG [EBManual_Keycapture_JSSTTL-116713] allexpected_result contains: nullpassnullpassnullpassnullpassnullpassnullpassnullpassnullpassnullpassnullpassnullpassnullpassnullpassnullpassnullfailnullpassnullpassnullPassnullpassnullpassnull
2016-01-27 19:21:14,649 DEBUG [EBManual_Keycapture_JSSTTL-116713] Testcase_Result contains: nullpassnullpassnullpassnullpassnullpassnullpassnullpassnullpassnullpassnullpassnullpassnullpassnullpassnullpassnullfailnullpassnullpassnullPassnullpassnullpassnullpasspasspasspasspasspasspasspasspasspasspasspasspasspasspasspasspasspasspassPassPassnull
2016-01-27 19:21:14,649 DEBUG [EBManual_Keycapture_JSSTTL-116713] Test case with description call captureKey with dispatch True, keyValue ALL and callback (Numeric, Arrow, Volume & PTT Keys) Fail
2016-01-27 19:21:15,761 DEBUG [EBManual_Keycapture_JSSTTL-116713] Executing browser_Quit function
2016-01-27 19:21:15,762 DEBUG [EBManual_Keycapture_JSSTTL-116713] Completed browser_Quit function
2016-01-27 19:21:15,762 DEBUG [EBManual_Keycapture_JSSTTL-116713] Completed quitSelendroid function
2016-01-27 19:21:15,762 DEBUG [EBManual_Keycapture_JSSTTL-116713] Row number:14
