2016-01-27 19:27:57,307 DEBUG [EBManual_Keycapture_JSSTTL-116719] Executing Test Case ID: STTL-116719
2016-01-27 19:27:57,377 DEBUG [EBManual_Keycapture_JSSTTL-116719] Executing Init_Selendroid function with APK as parameter and clear data value with 1
2016-01-27 19:28:07,883 DEBUG [EBManual_Keycapture_JSSTTL-116719] Exiting Init_Selendroid function
2016-01-27 19:28:07,921 DEBUG [EBManual_Keycapture_JSSTTL-116719] TestCase with Description "call captureTrigger with callback as anonymous function" Execution started
2016-01-27 19:28:07,921 DEBUG [EBManual_Keycapture_JSSTTL-116719] In execute keyword function
2016-01-27 19:28:07,921 DEBUG [EBManual_Keycapture_JSSTTL-116719] Executing wait function:
2016-01-27 19:28:07,921 DEBUG [EBManual_Keycapture_JSSTTL-116719] Started Executing wait function
2016-01-27 19:28:12,922 DEBUG [EBManual_Keycapture_JSSTTL-116719] Exiting from wait function
2016-01-27 19:28:12,922 DEBUG [EBManual_Keycapture_JSSTTL-116719] TestStepResult of wait: Pass
2016-01-27 19:28:12,922 DEBUG [EBManual_Keycapture_JSSTTL-116719] In execute keyword function
2016-01-27 19:28:12,922 DEBUG [EBManual_Keycapture_JSSTTL-116719] Executing validate_PageTitle function:
2016-01-27 19:28:12,953 DEBUG [EBManual_Keycapture_JSSTTL-116719] The title of the page is *********************************: Manual specs
2016-01-27 19:28:12,953 DEBUG [EBManual_Keycapture_JSSTTL-116719] The page title found is correct
2016-01-27 19:28:12,953 DEBUG [EBManual_Keycapture_JSSTTL-116719] Result of validate_PageTitle: pass
2016-01-27 19:28:12,953 DEBUG [EBManual_Keycapture_JSSTTL-116719] In execute keyword function
2016-01-27 19:28:12,954 DEBUG [EBManual_Keycapture_JSSTTL-116719] Executing link_Click function:
2016-01-27 19:28:13,625 DEBUG [EBManual_Keycapture_JSSTTL-116719] Executing Click function
2016-01-27 19:28:14,686 DEBUG [EBManual_Keycapture_JSSTTL-116719] Exiting Click function
2016-01-27 19:28:14,686 DEBUG [EBManual_Keycapture_JSSTTL-116719] keycapture_test_link clicked successfully
2016-01-27 19:28:14,686 DEBUG [EBManual_Keycapture_JSSTTL-116719] TestStepResult of link_Click: Pass
2016-01-27 19:28:14,686 DEBUG [EBManual_Keycapture_JSSTTL-116719] In execute keyword function
2016-01-27 19:28:14,686 DEBUG [EBManual_Keycapture_JSSTTL-116719] Executing validate_PageTitle function:
2016-01-27 19:28:14,708 DEBUG [EBManual_Keycapture_JSSTTL-116719] The title of the page is *********************************: Keycapture JS Test
2016-01-27 19:28:14,708 DEBUG [EBManual_Keycapture_JSSTTL-116719] The page title found is correct
2016-01-27 19:28:14,709 DEBUG [EBManual_Keycapture_JSSTTL-116719] Result of validate_PageTitle: pass
2016-01-27 19:28:14,709 DEBUG [EBManual_Keycapture_JSSTTL-116719] In execute keyword function
2016-01-27 19:28:14,709 DEBUG [EBManual_Keycapture_JSSTTL-116719] Executing SelectTestToRun function:
2016-01-27 19:28:19,679 DEBUG [EBManual_Keycapture_JSSTTL-116719] Successfull in selecting clicking the category
2016-01-27 19:28:19,680 DEBUG [EBManual_Keycapture_JSSTTL-116719] TestStepResult of SelectTestToRun: pass
2016-01-27 19:28:19,680 DEBUG [EBManual_Keycapture_JSSTTL-116719] In execute keyword function
2016-01-27 19:28:19,680 DEBUG [EBManual_Keycapture_JSSTTL-116719] Executing ClickRunTest function:
2016-01-27 19:28:20,077 DEBUG [EBManual_Keycapture_JSSTTL-116719] Executing Click function
2016-01-27 19:28:21,158 DEBUG [EBManual_Keycapture_JSSTTL-116719] Exiting Click function
2016-01-27 19:28:21,158 DEBUG [EBManual_Keycapture_JSSTTL-116719] runtest_top_xpath Button clicked Successfully
2016-01-27 19:28:21,158 DEBUG [EBManual_Keycapture_JSSTTL-116719] TestStepResult of ClickRunTest: pass
2016-01-27 19:28:21,158 DEBUG [EBManual_Keycapture_JSSTTL-116719] In execute keyword function
2016-01-27 19:28:21,158 DEBUG [EBManual_Keycapture_JSSTTL-116719] Executing validate_OldText_Exists function:
2016-01-27 19:28:21,158 DEBUG [EBManual_Keycapture_JSSTTL-116719] Entered validate_OldText_Exists function
2016-01-27 19:28:21,727 DEBUG [EBManual_Keycapture_JSSTTL-116719] VT289-029 Testcase Text found
2016-01-27 19:28:21,728 DEBUG [EBManual_Keycapture_JSSTTL-116719] Exiting from validate_OldText_Exists function
2016-01-27 19:28:21,728 DEBUG [EBManual_Keycapture_JSSTTL-116719] Result of validate_OldText_Exists: Pass
2016-01-27 19:28:21,728 DEBUG [EBManual_Keycapture_JSSTTL-116719] In execute keyword function
2016-01-27 19:28:21,728 DEBUG [EBManual_Keycapture_JSSTTL-116719] Executing sendKeyEvents function:
2016-01-27 19:28:21,728 DEBUG [EBManual_Keycapture_JSSTTL-116719] Entered sendKeyEvents function
2016-01-27 19:28:21,728 DEBUG [EBManual_Keycapture_JSSTTL-116719] Triggerkey
2016-01-27 19:28:21,728 DEBUG [EBManual_Keycapture_JSSTTL-116719] Entered Triggerkey
2016-01-27 19:28:21,728 DEBUG [EBManual_Keycapture_JSSTTL-116719] Started executeCommandLine function
2016-01-27 19:28:25,748 DEBUG [EBManual_Keycapture_JSSTTL-116719] Exiting from executeCommandLine function
2016-01-27 19:28:25,748 DEBUG [EBManual_Keycapture_JSSTTL-116719] pass
2016-01-27 19:28:25,748 DEBUG [EBManual_Keycapture_JSSTTL-116719] TestStepResult of sendKeyEvents: pass
2016-01-27 19:28:25,748 DEBUG [EBManual_Keycapture_JSSTTL-116719] In execute keyword function
2016-01-27 19:28:25,748 DEBUG [EBManual_Keycapture_JSSTTL-116719] Executing validate_keyCaptured function:
2016-01-27 19:28:25,748 DEBUG [EBManual_Keycapture_JSSTTL-116719] Entered validate_keyCaptured function
2016-01-27 19:28:26,252 DEBUG [EBManual_Keycapture_JSSTTL-116719] 0
2016-01-27 19:28:26,252 DEBUG [EBManual_Keycapture_JSSTTL-116719] 
2016-01-27 19:28:26,252 DEBUG [EBManual_Keycapture_JSSTTL-116719] Actual Value matches Expected
2016-01-27 19:28:26,252 DEBUG [EBManual_Keycapture_JSSTTL-116719] pass
2016-01-27 19:28:26,252 DEBUG [EBManual_Keycapture_JSSTTL-116719] Exiting from validate_keyCaptured function
2016-01-27 19:28:26,252 DEBUG [EBManual_Keycapture_JSSTTL-116719] Result of validate_keyCaptured: pass
2016-01-27 19:28:26,252 DEBUG [EBManual_Keycapture_JSSTTL-116719] In execute keyword function
2016-01-27 19:28:26,252 DEBUG [EBManual_Keycapture_JSSTTL-116719] TestStepResult of : Function <> not found in the keyword class
2016-01-27 19:28:26,252 DEBUG [EBManual_Keycapture_JSSTTL-116719] allstep_result contains: Function <> not found in the keyword classpasspasspassPassPassnull
2016-01-27 19:28:26,252 DEBUG [EBManual_Keycapture_JSSTTL-116719] allexpected_result contains: nullpassnullPassnullpassnullpassnull
2016-01-27 19:28:26,252 DEBUG [EBManual_Keycapture_JSSTTL-116719] Testcase_Result contains: nullpassnullPassnullpassnullpassnullFunction <> not found in the keyword classpasspasspassPassPassnull
2016-01-27 19:28:26,252 DEBUG [EBManual_Keycapture_JSSTTL-116719] Test case with description call captureTrigger with callback as anonymous function Pass
2016-01-27 19:28:27,520 DEBUG [EBManual_Keycapture_JSSTTL-116719] Executing browser_Quit function
2016-01-27 19:28:27,520 DEBUG [EBManual_Keycapture_JSSTTL-116719] Completed browser_Quit function
2016-01-27 19:28:27,521 DEBUG [EBManual_Keycapture_JSSTTL-116719] Completed quitSelendroid function
2016-01-27 19:28:27,521 DEBUG [EBManual_Keycapture_JSSTTL-116719] Row number:20
2016-01-27 19:28:27,599 DEBUG [EBManual_Keycapture_JSSTTL-116719] Ending Test Case IDSTTL-116719
