2016-01-27 19:00:41,965 DEBUG [EBManual_Keycapture_JSSTTL-116704] Executing Test Case ID: STTL-116704
2016-01-27 19:00:41,987 DEBUG [EBManual_Keycapture_JSSTTL-116704] Executing Init_Selendroid function with APK as parameter and clear data value with 1
2016-01-27 19:00:51,860 DEBUG [EBManual_Keycapture_JSSTTL-116704] Exiting Init_Selendroid function
2016-01-27 19:00:51,881 DEBUG [EBManual_Keycapture_JSSTTL-116704] TestCase with Description "call captureKey Value for Menu and callback as Anonymous function" Execution started
2016-01-27 19:00:51,881 DEBUG [EBManual_Keycapture_JSSTTL-116704] In execute keyword function
2016-01-27 19:00:51,881 DEBUG [EBManual_Keycapture_JSSTTL-116704] Executing wait function:
2016-01-27 19:00:51,881 DEBUG [EBManual_Keycapture_JSSTTL-116704] Started Executing wait function
2016-01-27 19:00:56,881 DEBUG [EBManual_Keycapture_JSSTTL-116704] Exiting from wait function
2016-01-27 19:00:56,881 DEBUG [EBManual_Keycapture_JSSTTL-116704] TestStepResult of wait: Pass
2016-01-27 19:00:56,881 DEBUG [EBManual_Keycapture_JSSTTL-116704] In execute keyword function
2016-01-27 19:00:56,881 DEBUG [EBManual_Keycapture_JSSTTL-116704] Executing validate_PageTitle function:
2016-01-27 19:00:56,923 DEBUG [EBManual_Keycapture_JSSTTL-116704] The title of the page is *********************************: Manual specs
2016-01-27 19:00:56,923 DEBUG [EBManual_Keycapture_JSSTTL-116704] The page title found is correct
2016-01-27 19:00:56,923 DEBUG [EBManual_Keycapture_JSSTTL-116704] Result of validate_PageTitle: pass
2016-01-27 19:00:56,923 DEBUG [EBManual_Keycapture_JSSTTL-116704] In execute keyword function
2016-01-27 19:00:56,923 DEBUG [EBManual_Keycapture_JSSTTL-116704] Executing link_Click function:
2016-01-27 19:00:57,547 DEBUG [EBManual_Keycapture_JSSTTL-116704] Executing Click function
2016-01-27 19:00:58,606 DEBUG [EBManual_Keycapture_JSSTTL-116704] Exiting Click function
2016-01-27 19:00:58,606 DEBUG [EBManual_Keycapture_JSSTTL-116704] keycapture_test_link clicked successfully
2016-01-27 19:00:58,606 DEBUG [EBManual_Keycapture_JSSTTL-116704] TestStepResult of link_Click: Pass
2016-01-27 19:00:58,606 DEBUG [EBManual_Keycapture_JSSTTL-116704] In execute keyword function
2016-01-27 19:00:58,606 DEBUG [EBManual_Keycapture_JSSTTL-116704] Executing validate_PageTitle function:
2016-01-27 19:00:58,623 DEBUG [EBManual_Keycapture_JSSTTL-116704] The title of the page is *********************************: Keycapture JS Test
2016-01-27 19:00:58,623 DEBUG [EBManual_Keycapture_JSSTTL-116704] The page title found is correct
2016-01-27 19:00:58,623 DEBUG [EBManual_Keycapture_JSSTTL-116704] Result of validate_PageTitle: pass
2016-01-27 19:00:58,623 DEBUG [EBManual_Keycapture_JSSTTL-116704] In execute keyword function
2016-01-27 19:00:58,623 DEBUG [EBManual_Keycapture_JSSTTL-116704] Executing SelectTestToRun function:
2016-01-27 19:01:01,831 DEBUG [EBManual_Keycapture_JSSTTL-116704] Successfull in selecting clicking the category
2016-01-27 19:01:01,831 DEBUG [EBManual_Keycapture_JSSTTL-116704] TestStepResult of SelectTestToRun: pass
2016-01-27 19:01:01,831 DEBUG [EBManual_Keycapture_JSSTTL-116704] In execute keyword function
2016-01-27 19:01:01,831 DEBUG [EBManual_Keycapture_JSSTTL-116704] Executing ClickRunTest function:
2016-01-27 19:01:02,142 DEBUG [EBManual_Keycapture_JSSTTL-116704] Executing Click function
2016-01-27 19:01:03,160 DEBUG [EBManual_Keycapture_JSSTTL-116704] Exiting Click function
2016-01-27 19:01:03,161 DEBUG [EBManual_Keycapture_JSSTTL-116704] runtest_top_xpath Button clicked Successfully
2016-01-27 19:01:03,161 DEBUG [EBManual_Keycapture_JSSTTL-116704] TestStepResult of ClickRunTest: pass
2016-01-27 19:01:03,161 DEBUG [EBManual_Keycapture_JSSTTL-116704] In execute keyword function
2016-01-27 19:01:03,161 DEBUG [EBManual_Keycapture_JSSTTL-116704] Executing validate_OldText_Exists function:
2016-01-27 19:01:03,161 DEBUG [EBManual_Keycapture_JSSTTL-116704] Entered validate_OldText_Exists function
2016-01-27 19:01:03,574 DEBUG [EBManual_Keycapture_JSSTTL-116704] VT289-013 Testcase Text found
2016-01-27 19:01:03,574 DEBUG [EBManual_Keycapture_JSSTTL-116704] Exiting from validate_OldText_Exists function
2016-01-27 19:01:03,574 DEBUG [EBManual_Keycapture_JSSTTL-116704] Result of validate_OldText_Exists: Pass
2016-01-27 19:01:03,574 DEBUG [EBManual_Keycapture_JSSTTL-116704] In execute keyword function
2016-01-27 19:01:03,575 DEBUG [EBManual_Keycapture_JSSTTL-116704] Executing sendKeyEvents function:
2016-01-27 19:01:03,575 DEBUG [EBManual_Keycapture_JSSTTL-116704] Entered sendKeyEvents function
2016-01-27 19:01:03,575 DEBUG [EBManual_Keycapture_JSSTTL-116704] Menu
2016-01-27 19:01:03,575 DEBUG [EBManual_Keycapture_JSSTTL-116704] Entered Starkey
2016-01-27 19:01:03,575 DEBUG [EBManual_Keycapture_JSSTTL-116704] Started executeCommandLine function
2016-01-27 19:01:07,590 DEBUG [EBManual_Keycapture_JSSTTL-116704] Exiting from executeCommandLine function
2016-01-27 19:01:07,590 DEBUG [EBManual_Keycapture_JSSTTL-116704] pass
2016-01-27 19:01:07,590 DEBUG [EBManual_Keycapture_JSSTTL-116704] TestStepResult of sendKeyEvents: pass
2016-01-27 19:01:07,590 DEBUG [EBManual_Keycapture_JSSTTL-116704] In execute keyword function
2016-01-27 19:01:07,590 DEBUG [EBManual_Keycapture_JSSTTL-116704] Executing validate_keyCaptured function:
2016-01-27 19:01:07,590 DEBUG [EBManual_Keycapture_JSSTTL-116704] Entered validate_keyCaptured function
2016-01-27 19:01:08,093 DEBUG [EBManual_Keycapture_JSSTTL-116704] 82
2016-01-27 19:01:08,093 DEBUG [EBManual_Keycapture_JSSTTL-116704] 
2016-01-27 19:01:08,093 DEBUG [EBManual_Keycapture_JSSTTL-116704] Actual Value matches Expected
2016-01-27 19:01:08,093 DEBUG [EBManual_Keycapture_JSSTTL-116704] pass
2016-01-27 19:01:08,093 DEBUG [EBManual_Keycapture_JSSTTL-116704] Exiting from validate_keyCaptured function
2016-01-27 19:01:08,093 DEBUG [EBManual_Keycapture_JSSTTL-116704] Result of validate_keyCaptured: pass
2016-01-27 19:01:08,093 DEBUG [EBManual_Keycapture_JSSTTL-116704] allstep_result contains: passpasspassPassPassnull
2016-01-27 19:01:08,093 DEBUG [EBManual_Keycapture_JSSTTL-116704] allexpected_result contains: nullpassnullPassnullpassnullpassnull
2016-01-27 19:01:08,093 DEBUG [EBManual_Keycapture_JSSTTL-116704] Testcase_Result contains: nullpassnullPassnullpassnullpassnullpasspasspassPassPassnull
2016-01-27 19:01:08,093 DEBUG [EBManual_Keycapture_JSSTTL-116704] Test case with description call captureKey Value for Menu and callback as Anonymous function Pass
2016-01-27 19:01:09,053 DEBUG [EBManual_Keycapture_JSSTTL-116704] Executing browser_Quit function
2016-01-27 19:01:09,053 DEBUG [EBManual_Keycapture_JSSTTL-116704] Completed browser_Quit function
2016-01-27 19:01:09,053 DEBUG [EBManual_Keycapture_JSSTTL-116704] Completed quitSelendroid function
2016-01-27 19:01:09,054 DEBUG [EBManual_Keycapture_JSSTTL-116704] Row number:5
2016-01-27 19:01:09,093 DEBUG [EBManual_Keycapture_JSSTTL-116704] Ending Test Case IDSTTL-116704
