2016-01-28 03:07:54,029 DEBUG [EBRE22_ControlAppearanceSTTL-116707] Executing Test Case ID: STTL-116707
2016-01-28 03:07:54,034 DEBUG [EBRE22_ControlAppearanceSTTL-116707] Executing Init_Selendroid function with APK as parameter and clear data value with 1
2016-01-28 03:08:04,392 DEBUG [EBRE22_ControlAppearanceSTTL-116707] Exiting Init_Selendroid function
2016-01-28 03:08:04,405 DEBUG [EBRE22_ControlAppearanceSTTL-116707] TestCase with Description "Note: Run this test with Javascript object.

HomeButton functionality Test" Execution started
2016-01-28 03:08:04,405 DEBUG [EBRE22_ControlAppearanceSTTL-116707] In execute keyword function
2016-01-28 03:08:04,405 DEBUG [EBRE22_ControlAppearanceSTTL-116707] Executing wait function:
2016-01-28 03:08:04,405 DEBUG [EBRE22_ControlAppearanceSTTL-116707] Started Executing wait function
2016-01-28 03:08:06,405 DEBUG [EBRE22_ControlAppearanceSTTL-116707] Exiting from wait function
2016-01-28 03:08:06,405 DEBUG [EBRE22_ControlAppearanceSTTL-116707] TestStepResult of wait: Pass
2016-01-28 03:08:06,405 DEBUG [EBRE22_ControlAppearanceSTTL-116707] In execute keyword function
2016-01-28 03:08:06,405 DEBUG [EBRE22_ControlAppearanceSTTL-116707] Executing validate_PageTitle function:
2016-01-28 03:08:06,448 DEBUG [EBRE22_ControlAppearanceSTTL-116707] The title of the page is *********************************: RE 2.2 Tests
2016-01-28 03:08:06,448 DEBUG [EBRE22_ControlAppearanceSTTL-116707] The page title found is correct
2016-01-28 03:08:06,448 DEBUG [EBRE22_ControlAppearanceSTTL-116707] Result of validate_PageTitle: pass
2016-01-28 03:08:06,448 DEBUG [EBRE22_ControlAppearanceSTTL-116707] In execute keyword function
2016-01-28 03:08:06,448 DEBUG [EBRE22_ControlAppearanceSTTL-116707] Executing link_Click function:
2016-01-28 03:08:07,052 DEBUG [EBRE22_ControlAppearanceSTTL-116707] Executing Click function
2016-01-28 03:08:08,073 DEBUG [EBRE22_ControlAppearanceSTTL-116707] Exiting Click function
2016-01-28 03:08:08,073 DEBUG [EBRE22_ControlAppearanceSTTL-116707] controlappearance_test_link clicked successfully
2016-01-28 03:08:08,073 DEBUG [EBRE22_ControlAppearanceSTTL-116707] TestStepResult of link_Click: Pass
2016-01-28 03:08:08,073 DEBUG [EBRE22_ControlAppearanceSTTL-116707] In execute keyword function
2016-01-28 03:08:08,073 DEBUG [EBRE22_ControlAppearanceSTTL-116707] Executing wait function:
2016-01-28 03:08:08,073 DEBUG [EBRE22_ControlAppearanceSTTL-116707] Started Executing wait function
2016-01-28 03:08:10,073 DEBUG [EBRE22_ControlAppearanceSTTL-116707] Exiting from wait function
2016-01-28 03:08:10,073 DEBUG [EBRE22_ControlAppearanceSTTL-116707] TestStepResult of wait: Pass
2016-01-28 03:08:10,073 DEBUG [EBRE22_ControlAppearanceSTTL-116707] In execute keyword function
2016-01-28 03:08:10,073 DEBUG [EBRE22_ControlAppearanceSTTL-116707] Executing validate_PageTitle function:
2016-01-28 03:08:10,120 DEBUG [EBRE22_ControlAppearanceSTTL-116707] The title of the page is *********************************: PB and RE2.2 Semi Auto Frame Work : Control & Appearance
2016-01-28 03:08:10,120 DEBUG [EBRE22_ControlAppearanceSTTL-116707] The page title found is correct
2016-01-28 03:08:10,120 DEBUG [EBRE22_ControlAppearanceSTTL-116707] Result of validate_PageTitle: pass
2016-01-28 03:08:10,120 DEBUG [EBRE22_ControlAppearanceSTTL-116707] In execute keyword function
2016-01-28 03:08:10,120 DEBUG [EBRE22_ControlAppearanceSTTL-116707] Executing SelectTestToRun function:
2016-01-28 03:08:13,089 DEBUG [EBRE22_ControlAppearanceSTTL-116707] Successfull in selecting clicking the category
2016-01-28 03:08:13,089 DEBUG [EBRE22_ControlAppearanceSTTL-116707] TestStepResult of SelectTestToRun: pass
2016-01-28 03:08:13,089 DEBUG [EBRE22_ControlAppearanceSTTL-116707] In execute keyword function
2016-01-28 03:08:13,089 DEBUG [EBRE22_ControlAppearanceSTTL-116707] Executing ClickRunTest function:
2016-01-28 03:08:13,389 DEBUG [EBRE22_ControlAppearanceSTTL-116707] Executing Click function
2016-01-28 03:08:14,395 DEBUG [EBRE22_ControlAppearanceSTTL-116707] Exiting Click function
2016-01-28 03:08:14,395 DEBUG [EBRE22_ControlAppearanceSTTL-116707] runtest_top_xpath Button clicked Successfully
2016-01-28 03:08:14,395 DEBUG [EBRE22_ControlAppearanceSTTL-116707] TestStepResult of ClickRunTest: pass
2016-01-28 03:08:14,395 DEBUG [EBRE22_ControlAppearanceSTTL-116707] In execute keyword function
2016-01-28 03:08:14,395 DEBUG [EBRE22_ControlAppearanceSTTL-116707] Executing validate_Text_Exists function:
2016-01-28 03:08:14,679 DEBUG [EBRE22_ControlAppearanceSTTL-116707] VT187-1616 Testcase Text found
2016-01-28 03:08:14,679 DEBUG [EBRE22_ControlAppearanceSTTL-116707] Result of validate_Text_Exists: Pass
2016-01-28 03:08:14,679 DEBUG [EBRE22_ControlAppearanceSTTL-116707] In execute keyword function
2016-01-28 03:08:14,679 DEBUG [EBRE22_ControlAppearanceSTTL-116707] Executing wait function:
2016-01-28 03:08:14,679 DEBUG [EBRE22_ControlAppearanceSTTL-116707] Started Executing wait function
2016-01-28 03:08:16,680 DEBUG [EBRE22_ControlAppearanceSTTL-116707] Exiting from wait function
2016-01-28 03:08:16,680 DEBUG [EBRE22_ControlAppearanceSTTL-116707] TestStepResult of wait: Pass
2016-01-28 03:08:16,680 DEBUG [EBRE22_ControlAppearanceSTTL-116707] In execute keyword function
2016-01-28 03:08:16,680 DEBUG [EBRE22_ControlAppearanceSTTL-116707] Executing SwitchApp function:
2016-01-28 03:08:16,780 DEBUG [EBRE22_ControlAppearanceSTTL-116707] Successfully switched to NATIVE_APP
2016-01-28 03:08:16,780 DEBUG [EBRE22_ControlAppearanceSTTL-116707] TestStepResult of SwitchApp: Pass
2016-01-28 03:08:16,780 DEBUG [EBRE22_ControlAppearanceSTTL-116707] In execute keyword function
2016-01-28 03:08:16,780 DEBUG [EBRE22_ControlAppearanceSTTL-116707] Executing ClickNativeIcon function:
2016-01-28 03:08:17,731 DEBUG [EBRE22_ControlAppearanceSTTL-116707] [[AppiumTouchActionExtension: selendroid on ANDROID (90b7de50-9d41-ee69-c416-da67e4b86ede)] -> xpath: (//Button[@id='home_button'])[1]]Clicked successfully
2016-01-28 03:08:17,731 DEBUG [EBRE22_ControlAppearanceSTTL-116707] TestStepResult of ClickNativeIcon: pass
2016-01-28 03:08:17,731 DEBUG [EBRE22_ControlAppearanceSTTL-116707] In execute keyword function
2016-01-28 03:08:17,731 DEBUG [EBRE22_ControlAppearanceSTTL-116707] Executing wait function:
2016-01-28 03:08:17,731 DEBUG [EBRE22_ControlAppearanceSTTL-116707] Started Executing wait function
2016-01-28 03:08:27,732 DEBUG [EBRE22_ControlAppearanceSTTL-116707] Exiting from wait function
2016-01-28 03:08:27,732 DEBUG [EBRE22_ControlAppearanceSTTL-116707] TestStepResult of wait: Pass
2016-01-28 03:08:27,732 DEBUG [EBRE22_ControlAppearanceSTTL-116707] In execute keyword function
2016-01-28 03:08:27,732 DEBUG [EBRE22_ControlAppearanceSTTL-116707] Executing SwitchApp function:
2016-01-28 03:08:27,839 DEBUG [EBRE22_ControlAppearanceSTTL-116707] Successfully switched to WEBVIEW
2016-01-28 03:08:27,839 DEBUG [EBRE22_ControlAppearanceSTTL-116707] TestStepResult of SwitchApp: Pass
2016-01-28 03:08:27,839 DEBUG [EBRE22_ControlAppearanceSTTL-116707] In execute keyword function
2016-01-28 03:08:27,839 DEBUG [EBRE22_ControlAppearanceSTTL-116707] Executing validate_PageTitle function:
2016-01-28 03:08:27,855 DEBUG [EBRE22_ControlAppearanceSTTL-116707] The title of the page is *********************************: RE 2.2 Tests
2016-01-28 03:08:27,855 DEBUG [EBRE22_ControlAppearanceSTTL-116707] The page title found is correct
2016-01-28 03:08:27,855 DEBUG [EBRE22_ControlAppearanceSTTL-116707] Result of validate_PageTitle: pass
2016-01-28 03:08:27,855 DEBUG [EBRE22_ControlAppearanceSTTL-116707] allstep_result contains: PassPasspassPassPasspasspassPassPassPassnull
2016-01-28 03:08:27,855 DEBUG [EBRE22_ControlAppearanceSTTL-116707] allexpected_result contains: nullpassnullPassnullpassnullpassnull
2016-01-28 03:08:27,855 DEBUG [EBRE22_ControlAppearanceSTTL-116707] Testcase_Result contains: nullpassnullPassnullpassnullpassnullPassPasspassPassPasspasspassPassPassPassnull
2016-01-28 03:08:27,855 DEBUG [EBRE22_ControlAppearanceSTTL-116707] Test case with description Note: Run this test with Javascript object.

HomeButton functionality Test Pass
2016-01-28 03:08:28,868 DEBUG [EBRE22_ControlAppearanceSTTL-116707] Executing browser_Quit function
2016-01-28 03:08:28,868 DEBUG [EBRE22_ControlAppearanceSTTL-116707] Completed browser_Quit function
2016-01-28 03:08:28,868 DEBUG [EBRE22_ControlAppearanceSTTL-116707] Completed quitSelendroid function
2016-01-28 03:08:28,869 DEBUG [EBRE22_ControlAppearanceSTTL-116707] Row number:8
2016-01-28 03:08:28,898 DEBUG [EBRE22_ControlAppearanceSTTL-116707] Ending Test Case IDSTTL-116707
