2016-01-28 03:11:33,212 DEBUG [EBRE22_ControlAppearanceSTTL-116713] Executing Test Case ID: STTL-116713
2016-01-28 03:11:33,218 DEBUG [EBRE22_ControlAppearanceSTTL-116713] Executing Init_Selendroid function with APK as parameter and clear data value with 1
2016-01-28 03:11:43,355 DEBUG [EBRE22_ControlAppearanceSTTL-116713] Exiting Init_Selendroid function
2016-01-28 03:11:43,368 DEBUG [EBRE22_ControlAppearanceSTTL-116713] TestCase with Description "Note: Run this test with Javascript object.

ZoomtextButton functionality Test" Execution started
2016-01-28 03:11:43,368 DEBUG [EBRE22_ControlAppearanceSTTL-116713] In execute keyword function
2016-01-28 03:11:43,368 DEBUG [EBRE22_ControlAppearanceSTTL-116713] Executing wait function:
2016-01-28 03:11:43,368 DEBUG [EBRE22_ControlAppearanceSTTL-116713] Started Executing wait function
2016-01-28 03:11:45,368 DEBUG [EBRE22_ControlAppearanceSTTL-116713] Exiting from wait function
2016-01-28 03:11:45,368 DEBUG [EBRE22_ControlAppearanceSTTL-116713] TestStepResult of wait: Pass
2016-01-28 03:11:45,368 DEBUG [EBRE22_ControlAppearanceSTTL-116713] In execute keyword function
2016-01-28 03:11:45,368 DEBUG [EBRE22_ControlAppearanceSTTL-116713] Executing validate_PageTitle function:
2016-01-28 03:11:45,414 DEBUG [EBRE22_ControlAppearanceSTTL-116713] The title of the page is *********************************: RE 2.2 Tests
2016-01-28 03:11:45,414 DEBUG [EBRE22_ControlAppearanceSTTL-116713] The page title found is correct
2016-01-28 03:11:45,414 DEBUG [EBRE22_ControlAppearanceSTTL-116713] Result of validate_PageTitle: pass
2016-01-28 03:11:45,414 DEBUG [EBRE22_ControlAppearanceSTTL-116713] In execute keyword function
2016-01-28 03:11:45,414 DEBUG [EBRE22_ControlAppearanceSTTL-116713] Executing link_Click function:
2016-01-28 03:11:46,024 DEBUG [EBRE22_ControlAppearanceSTTL-116713] Executing Click function
2016-01-28 03:11:47,065 DEBUG [EBRE22_ControlAppearanceSTTL-116713] Exiting Click function
2016-01-28 03:11:47,065 DEBUG [EBRE22_ControlAppearanceSTTL-116713] controlappearance_test_link clicked successfully
2016-01-28 03:11:47,065 DEBUG [EBRE22_ControlAppearanceSTTL-116713] TestStepResult of link_Click: Pass
2016-01-28 03:11:47,065 DEBUG [EBRE22_ControlAppearanceSTTL-116713] In execute keyword function
2016-01-28 03:11:47,065 DEBUG [EBRE22_ControlAppearanceSTTL-116713] Executing wait function:
2016-01-28 03:11:47,065 DEBUG [EBRE22_ControlAppearanceSTTL-116713] Started Executing wait function
2016-01-28 03:11:49,065 DEBUG [EBRE22_ControlAppearanceSTTL-116713] Exiting from wait function
2016-01-28 03:11:49,065 DEBUG [EBRE22_ControlAppearanceSTTL-116713] TestStepResult of wait: Pass
2016-01-28 03:11:49,065 DEBUG [EBRE22_ControlAppearanceSTTL-116713] In execute keyword function
2016-01-28 03:11:49,065 DEBUG [EBRE22_ControlAppearanceSTTL-116713] Executing validate_PageTitle function:
2016-01-28 03:11:49,105 DEBUG [EBRE22_ControlAppearanceSTTL-116713] The title of the page is *********************************: PB and RE2.2 Semi Auto Frame Work : Control & Appearance
2016-01-28 03:11:49,105 DEBUG [EBRE22_ControlAppearanceSTTL-116713] The page title found is correct
2016-01-28 03:11:49,105 DEBUG [EBRE22_ControlAppearanceSTTL-116713] Result of validate_PageTitle: pass
2016-01-28 03:11:49,105 DEBUG [EBRE22_ControlAppearanceSTTL-116713] In execute keyword function
2016-01-28 03:11:49,105 DEBUG [EBRE22_ControlAppearanceSTTL-116713] Executing SelectTestToRun function:
2016-01-28 03:11:52,695 DEBUG [EBRE22_ControlAppearanceSTTL-116713] Successfull in selecting clicking the category
2016-01-28 03:11:52,695 DEBUG [EBRE22_ControlAppearanceSTTL-116713] TestStepResult of SelectTestToRun: pass
2016-01-28 03:11:52,695 DEBUG [EBRE22_ControlAppearanceSTTL-116713] In execute keyword function
2016-01-28 03:11:52,695 DEBUG [EBRE22_ControlAppearanceSTTL-116713] Executing ClickRunTest function:
2016-01-28 03:11:53,094 DEBUG [EBRE22_ControlAppearanceSTTL-116713] Executing Click function
2016-01-28 03:11:54,066 DEBUG [EBRE22_ControlAppearanceSTTL-116713] Exiting Click function
2016-01-28 03:11:54,066 DEBUG [EBRE22_ControlAppearanceSTTL-116713] runtest_top_xpath Button clicked Successfully
2016-01-28 03:11:54,066 DEBUG [EBRE22_ControlAppearanceSTTL-116713] TestStepResult of ClickRunTest: pass
2016-01-28 03:11:54,067 DEBUG [EBRE22_ControlAppearanceSTTL-116713] In execute keyword function
2016-01-28 03:11:54,067 DEBUG [EBRE22_ControlAppearanceSTTL-116713] Executing validate_Text_Exists function:
2016-01-28 03:11:54,343 DEBUG [EBRE22_ControlAppearanceSTTL-116713] VT187-1688 Testcase Text found
2016-01-28 03:11:54,343 DEBUG [EBRE22_ControlAppearanceSTTL-116713] Result of validate_Text_Exists: Pass
2016-01-28 03:11:54,343 DEBUG [EBRE22_ControlAppearanceSTTL-116713] In execute keyword function
2016-01-28 03:11:54,344 DEBUG [EBRE22_ControlAppearanceSTTL-116713] Executing TakeScreenshot function:
2016-01-28 03:11:57,713 DEBUG [EBRE22_ControlAppearanceSTTL-116713] TestStepResult of TakeScreenshot: pass
2016-01-28 03:11:57,713 DEBUG [EBRE22_ControlAppearanceSTTL-116713] In execute keyword function
2016-01-28 03:11:57,713 DEBUG [EBRE22_ControlAppearanceSTTL-116713] Executing SwitchApp function:
2016-01-28 03:11:57,762 DEBUG [EBRE22_ControlAppearanceSTTL-116713] Successfully switched to NATIVE_APP
2016-01-28 03:11:57,762 DEBUG [EBRE22_ControlAppearanceSTTL-116713] TestStepResult of SwitchApp: Pass
2016-01-28 03:11:57,762 DEBUG [EBRE22_ControlAppearanceSTTL-116713] In execute keyword function
2016-01-28 03:11:57,762 DEBUG [EBRE22_ControlAppearanceSTTL-116713] Executing ClickNativeIcon function:
2016-01-28 03:11:58,638 DEBUG [EBRE22_ControlAppearanceSTTL-116713] [[AppiumTouchActionExtension: selendroid on ANDROID (4ece0be9-77ac-0128-b736-294eef597df2)] -> xpath: (//Button[@id='zoomtext_button'])[1]]Clicked successfully
2016-01-28 03:11:58,638 DEBUG [EBRE22_ControlAppearanceSTTL-116713] TestStepResult of ClickNativeIcon: pass
2016-01-28 03:11:58,638 DEBUG [EBRE22_ControlAppearanceSTTL-116713] In execute keyword function
2016-01-28 03:11:58,638 DEBUG [EBRE22_ControlAppearanceSTTL-116713] Executing wait function:
2016-01-28 03:11:58,638 DEBUG [EBRE22_ControlAppearanceSTTL-116713] Started Executing wait function
2016-01-28 03:12:01,638 DEBUG [EBRE22_ControlAppearanceSTTL-116713] Exiting from wait function
2016-01-28 03:12:01,638 DEBUG [EBRE22_ControlAppearanceSTTL-116713] TestStepResult of wait: Pass
2016-01-28 03:12:01,638 DEBUG [EBRE22_ControlAppearanceSTTL-116713] In execute keyword function
2016-01-28 03:12:01,638 DEBUG [EBRE22_ControlAppearanceSTTL-116713] Executing TakeScreenshot function:
2016-01-28 03:12:04,686 DEBUG [EBRE22_ControlAppearanceSTTL-116713] TestStepResult of TakeScreenshot: pass
2016-01-28 03:12:04,686 DEBUG [EBRE22_ControlAppearanceSTTL-116713] In execute keyword function
2016-01-28 03:12:04,686 DEBUG [EBRE22_ControlAppearanceSTTL-116713] Executing validate_Screenshot function:
2016-01-28 03:12:04,721 DEBUG [EBRE22_ControlAppearanceSTTL-116713] Started executeCommandLine function
2016-01-28 03:12:04,757 DEBUG [EBRE22_ControlAppearanceSTTL-116713] Partial Match found with reference image 64.4892
2016-01-28 03:12:04,757 DEBUG [EBRE22_ControlAppearanceSTTL-116713] Started executeCommandLine function
2016-01-28 03:12:08,763 DEBUG [EBRE22_ControlAppearanceSTTL-116713] Result of validate_Screenshot: Pass
2016-01-28 03:12:08,763 DEBUG [EBRE22_ControlAppearanceSTTL-116713] In execute keyword function
2016-01-28 03:12:08,763 DEBUG [EBRE22_ControlAppearanceSTTL-116713] Executing validate_Screenshot function:
2016-01-28 03:12:08,799 DEBUG [EBRE22_ControlAppearanceSTTL-116713] Started executeCommandLine function
2016-01-28 03:12:08,854 DEBUG [EBRE22_ControlAppearanceSTTL-116713] Partial Match found with reference image 64.4892
2016-01-28 03:12:08,854 DEBUG [EBRE22_ControlAppearanceSTTL-116713] Started executeCommandLine function
2016-01-28 03:12:12,862 DEBUG [EBRE22_ControlAppearanceSTTL-116713] Result of validate_Screenshot: Pass
2016-01-28 03:12:12,862 DEBUG [EBRE22_ControlAppearanceSTTL-116713] allstep_result contains: passPasspassPasspasspasspassPassPassPassnull
2016-01-28 03:12:12,862 DEBUG [EBRE22_ControlAppearanceSTTL-116713] allexpected_result contains: nullPassPassnullPassnullpassnullpassnull
2016-01-28 03:12:12,862 DEBUG [EBRE22_ControlAppearanceSTTL-116713] Testcase_Result contains: nullPassPassnullPassnullpassnullpassnullpassPasspassPasspasspasspassPassPassPassnull
2016-01-28 03:12:12,862 DEBUG [EBRE22_ControlAppearanceSTTL-116713] Test case with description Note: Run this test with Javascript object.

ZoomtextButton functionality Test Pass
2016-01-28 03:12:13,976 DEBUG [EBRE22_ControlAppearanceSTTL-116713] Executing browser_Quit function
2016-01-28 03:12:13,976 DEBUG [EBRE22_ControlAppearanceSTTL-116713] Completed browser_Quit function
2016-01-28 03:12:13,976 DEBUG [EBRE22_ControlAppearanceSTTL-116713] Completed quitSelendroid function
2016-01-28 03:12:13,976 DEBUG [EBRE22_ControlAppearanceSTTL-116713] Row number:14
2016-01-28 03:12:14,005 DEBUG [EBRE22_ControlAppearanceSTTL-116713] Ending Test Case IDSTTL-116713
