2016-01-28 03:09:08,435 DEBUG [EBRE22_ControlAppearanceSTTL-116709] Executing Test Case ID: STTL-116709
2016-01-28 03:09:08,441 DEBUG [EBRE22_ControlAppearanceSTTL-116709] Executing Init_Selendroid function with APK as parameter and clear data value with 1
2016-01-28 03:09:19,022 DEBUG [EBRE22_ControlAppearanceSTTL-116709] Exiting Init_Selendroid function
2016-01-28 03:09:19,036 DEBUG [EBRE22_ControlAppearanceSTTL-116709] TestCase with Description "Note: Run this test with Javascript object.

QuitButton functionality Test" Execution started
2016-01-28 03:09:19,036 DEBUG [EBRE22_ControlAppearanceSTTL-116709] In execute keyword function
2016-01-28 03:09:19,036 DEBUG [EBRE22_ControlAppearanceSTTL-116709] Executing wait function:
2016-01-28 03:09:19,036 DEBUG [EBRE22_ControlAppearanceSTTL-116709] Started Executing wait function
2016-01-28 03:09:21,036 DEBUG [EBRE22_ControlAppearanceSTTL-116709] Exiting from wait function
2016-01-28 03:09:21,036 DEBUG [EBRE22_ControlAppearanceSTTL-116709] TestStepResult of wait: Pass
2016-01-28 03:09:21,036 DEBUG [EBRE22_ControlAppearanceSTTL-116709] In execute keyword function
2016-01-28 03:09:21,036 DEBUG [EBRE22_ControlAppearanceSTTL-116709] Executing validate_PageTitle function:
2016-01-28 03:09:21,077 DEBUG [EBRE22_ControlAppearanceSTTL-116709] The title of the page is *********************************: RE 2.2 Tests
2016-01-28 03:09:21,078 DEBUG [EBRE22_ControlAppearanceSTTL-116709] The page title found is correct
2016-01-28 03:09:21,078 DEBUG [EBRE22_ControlAppearanceSTTL-116709] Result of validate_PageTitle: pass
2016-01-28 03:09:21,078 DEBUG [EBRE22_ControlAppearanceSTTL-116709] In execute keyword function
2016-01-28 03:09:21,078 DEBUG [EBRE22_ControlAppearanceSTTL-116709] Executing link_Click function:
2016-01-28 03:09:21,646 DEBUG [EBRE22_ControlAppearanceSTTL-116709] Executing Click function
2016-01-28 03:09:22,662 DEBUG [EBRE22_ControlAppearanceSTTL-116709] Exiting Click function
2016-01-28 03:09:22,662 DEBUG [EBRE22_ControlAppearanceSTTL-116709] controlappearance_test_link clicked successfully
2016-01-28 03:09:22,662 DEBUG [EBRE22_ControlAppearanceSTTL-116709] TestStepResult of link_Click: Pass
2016-01-28 03:09:22,662 DEBUG [EBRE22_ControlAppearanceSTTL-116709] In execute keyword function
2016-01-28 03:09:22,662 DEBUG [EBRE22_ControlAppearanceSTTL-116709] Executing wait function:
2016-01-28 03:09:22,662 DEBUG [EBRE22_ControlAppearanceSTTL-116709] Started Executing wait function
2016-01-28 03:09:24,663 DEBUG [EBRE22_ControlAppearanceSTTL-116709] Exiting from wait function
2016-01-28 03:09:24,663 DEBUG [EBRE22_ControlAppearanceSTTL-116709] TestStepResult of wait: Pass
2016-01-28 03:09:24,663 DEBUG [EBRE22_ControlAppearanceSTTL-116709] In execute keyword function
2016-01-28 03:09:24,663 DEBUG [EBRE22_ControlAppearanceSTTL-116709] Executing validate_PageTitle function:
2016-01-28 03:09:24,719 DEBUG [EBRE22_ControlAppearanceSTTL-116709] The title of the page is *********************************: PB and RE2.2 Semi Auto Frame Work : Control & Appearance
2016-01-28 03:09:24,719 DEBUG [EBRE22_ControlAppearanceSTTL-116709] The page title found is correct
2016-01-28 03:09:24,719 DEBUG [EBRE22_ControlAppearanceSTTL-116709] Result of validate_PageTitle: pass
2016-01-28 03:09:24,719 DEBUG [EBRE22_ControlAppearanceSTTL-116709] In execute keyword function
2016-01-28 03:09:24,719 DEBUG [EBRE22_ControlAppearanceSTTL-116709] Executing SelectTestToRun function:
2016-01-28 03:09:27,898 DEBUG [EBRE22_ControlAppearanceSTTL-116709] Successfull in selecting clicking the category
2016-01-28 03:09:27,898 DEBUG [EBRE22_ControlAppearanceSTTL-116709] TestStepResult of SelectTestToRun: pass
2016-01-28 03:09:27,898 DEBUG [EBRE22_ControlAppearanceSTTL-116709] In execute keyword function
2016-01-28 03:09:27,898 DEBUG [EBRE22_ControlAppearanceSTTL-116709] Executing ClickRunTest function:
2016-01-28 03:09:28,252 DEBUG [EBRE22_ControlAppearanceSTTL-116709] Executing Click function
2016-01-28 03:09:29,220 DEBUG [EBRE22_ControlAppearanceSTTL-116709] Exiting Click function
2016-01-28 03:09:29,220 DEBUG [EBRE22_ControlAppearanceSTTL-116709] runtest_top_xpath Button clicked Successfully
2016-01-28 03:09:29,221 DEBUG [EBRE22_ControlAppearanceSTTL-116709] TestStepResult of ClickRunTest: pass
2016-01-28 03:09:29,221 DEBUG [EBRE22_ControlAppearanceSTTL-116709] In execute keyword function
2016-01-28 03:09:29,221 DEBUG [EBRE22_ControlAppearanceSTTL-116709] Executing validate_Text_Exists function:
2016-01-28 03:09:29,493 DEBUG [EBRE22_ControlAppearanceSTTL-116709] VT187-1639 Testcase Text found
2016-01-28 03:09:29,493 DEBUG [EBRE22_ControlAppearanceSTTL-116709] Result of validate_Text_Exists: Pass
2016-01-28 03:09:29,493 DEBUG [EBRE22_ControlAppearanceSTTL-116709] In execute keyword function
2016-01-28 03:09:29,493 DEBUG [EBRE22_ControlAppearanceSTTL-116709] Executing wait function:
2016-01-28 03:09:29,493 DEBUG [EBRE22_ControlAppearanceSTTL-116709] Started Executing wait function
2016-01-28 03:09:31,493 DEBUG [EBRE22_ControlAppearanceSTTL-116709] Exiting from wait function
2016-01-28 03:09:31,493 DEBUG [EBRE22_ControlAppearanceSTTL-116709] TestStepResult of wait: Pass
2016-01-28 03:09:31,493 DEBUG [EBRE22_ControlAppearanceSTTL-116709] In execute keyword function
2016-01-28 03:09:31,493 DEBUG [EBRE22_ControlAppearanceSTTL-116709] Executing SwitchApp function:
2016-01-28 03:09:31,599 DEBUG [EBRE22_ControlAppearanceSTTL-116709] Successfully switched to NATIVE_APP
2016-01-28 03:09:31,599 DEBUG [EBRE22_ControlAppearanceSTTL-116709] TestStepResult of SwitchApp: Pass
2016-01-28 03:09:31,599 DEBUG [EBRE22_ControlAppearanceSTTL-116709] In execute keyword function
2016-01-28 03:09:31,599 DEBUG [EBRE22_ControlAppearanceSTTL-116709] Executing ClickNativeIcon function:
2016-01-28 03:09:32,566 DEBUG [EBRE22_ControlAppearanceSTTL-116709] [[AppiumTouchActionExtension: selendroid on ANDROID (7f571d88-6d95-1eb9-bd10-65dd29ea4b1b)] -> xpath: (//Button[@id='quit_button'])[1]]Clicked successfully
2016-01-28 03:09:32,566 DEBUG [EBRE22_ControlAppearanceSTTL-116709] TestStepResult of ClickNativeIcon: pass
2016-01-28 03:09:32,566 DEBUG [EBRE22_ControlAppearanceSTTL-116709] In execute keyword function
2016-01-28 03:09:32,566 DEBUG [EBRE22_ControlAppearanceSTTL-116709] Executing wait function:
2016-01-28 03:09:32,566 DEBUG [EBRE22_ControlAppearanceSTTL-116709] Started Executing wait function
2016-01-28 03:09:35,567 DEBUG [EBRE22_ControlAppearanceSTTL-116709] Exiting from wait function
2016-01-28 03:09:35,567 DEBUG [EBRE22_ControlAppearanceSTTL-116709] TestStepResult of wait: Pass
2016-01-28 03:09:35,567 DEBUG [EBRE22_ControlAppearanceSTTL-116709] In execute keyword function
2016-01-28 03:09:35,567 DEBUG [EBRE22_ControlAppearanceSTTL-116709] Executing validate_AppMinimized function:
2016-01-28 03:09:35,567 DEBUG [EBRE22_ControlAppearanceSTTL-116709] Started Executing validate_AppMinimized function
2016-01-28 03:09:35,567 DEBUG [EBRE22_ControlAppearanceSTTL-116709] Started Executing Validate_App_launched_Device function
2016-01-28 03:09:35,567 DEBUG [EBRE22_ControlAppearanceSTTL-116709] Entered CheckUIButtonExists function
2016-01-28 03:09:35,567 DEBUG [EBRE22_ControlAppearanceSTTL-116709] Started executeCommandLine function
2016-01-28 03:09:39,589 DEBUG [EBRE22_ControlAppearanceSTTL-116709] Exiting from executeCommandLine function
2016-01-28 03:09:39,589 DEBUG [EBRE22_ControlAppearanceSTTL-116709] Button is not Present
2016-01-28 03:09:39,589 DEBUG [EBRE22_ControlAppearanceSTTL-116709] Exiting from CheckUIButtonExists function
2016-01-28 03:09:39,589 DEBUG [EBRE22_ControlAppearanceSTTL-116709] Started executeCommandLine function
2016-01-28 03:09:43,610 DEBUG [EBRE22_ControlAppearanceSTTL-116709] Exiting from executeCommandLine function
2016-01-28 03:09:43,610 DEBUG [EBRE22_ControlAppearanceSTTL-116709] Started executeCommandLine function
2016-01-28 03:09:47,630 DEBUG [EBRE22_ControlAppearanceSTTL-116709] Exiting from executeCommandLine function
2016-01-28 03:09:47,630 DEBUG [EBRE22_ControlAppearanceSTTL-116709] Given App is not in Foreground
2016-01-28 03:09:47,630 DEBUG [EBRE22_ControlAppearanceSTTL-116709] Exiting Validate_App_launched_Device function
2016-01-28 03:09:47,630 DEBUG [EBRE22_ControlAppearanceSTTL-116709] Not in com.symbol.enterprisebrowser screen
2016-01-28 03:09:47,630 DEBUG [EBRE22_ControlAppearanceSTTL-116709] Exiting validate_AppMinimized function
2016-01-28 03:09:47,630 DEBUG [EBRE22_ControlAppearanceSTTL-116709] Result of validate_AppMinimized: Pass
2016-01-28 03:09:47,630 DEBUG [EBRE22_ControlAppearanceSTTL-116709] allstep_result contains: PasspassPassPasspasspassPassPassPassnull
2016-01-28 03:09:47,630 DEBUG [EBRE22_ControlAppearanceSTTL-116709] allexpected_result contains: nullPassnullPassnullpassnullpassnull
2016-01-28 03:09:47,630 DEBUG [EBRE22_ControlAppearanceSTTL-116709] Testcase_Result contains: nullPassnullPassnullpassnullpassnullPasspassPassPasspasspassPassPassPassnull
2016-01-28 03:09:47,630 DEBUG [EBRE22_ControlAppearanceSTTL-116709] Test case with description Note: Run this test with Javascript object.

QuitButton functionality Test Pass
2016-01-28 03:09:47,643 DEBUG [EBRE22_ControlAppearanceSTTL-116709] Completed quitSelendroid function
2016-01-28 03:09:47,643 DEBUG [EBRE22_ControlAppearanceSTTL-116709] Row number:10
2016-01-28 03:09:47,689 DEBUG [EBRE22_ControlAppearanceSTTL-116709] Ending Test Case IDSTTL-116709
