2016-01-28 03:03:30,222 DEBUG [EBRE22_ControlAppearanceSTTL-116701] Executing Test Case ID: STTL-116701
2016-01-28 03:04:05,283 DEBUG [EBRE22_ControlAppearanceSTTL-116701] Executing Init_Selendroid function with APK as parameter and clear data value with 1
2016-01-28 03:04:15,862 DEBUG [EBRE22_ControlAppearanceSTTL-116701] Exiting Init_Selendroid function
2016-01-28 03:04:15,875 DEBUG [EBRE22_ControlAppearanceSTTL-116701] TestCase with Description "Change Start page" Execution started
2016-01-28 03:04:15,875 DEBUG [EBRE22_ControlAppearanceSTTL-116701] In execute keyword function
2016-01-28 03:04:15,875 DEBUG [EBRE22_ControlAppearanceSTTL-116701] Executing wait function:
2016-01-28 03:04:15,876 DEBUG [EBRE22_ControlAppearanceSTTL-116701] Started Executing wait function
2016-01-28 03:04:18,876 DEBUG [EBRE22_ControlAppearanceSTTL-116701] Exiting from wait function
2016-01-28 03:04:18,876 DEBUG [EBRE22_ControlAppearanceSTTL-116701] TestStepResult of wait: Pass
2016-01-28 03:04:18,876 DEBUG [EBRE22_ControlAppearanceSTTL-116701] In execute keyword function
2016-01-28 03:04:18,876 DEBUG [EBRE22_ControlAppearanceSTTL-116701] Executing PullConfigxml function:
2016-01-28 03:04:18,876 DEBUG [EBRE22_ControlAppearanceSTTL-116701] Started executeCommandLine function
2016-01-28 03:04:22,897 DEBUG [EBRE22_ControlAppearanceSTTL-116701] TestStepResult of PullConfigxml: Pass
2016-01-28 03:04:22,897 DEBUG [EBRE22_ControlAppearanceSTTL-116701] In execute keyword function
2016-01-28 03:04:22,897 DEBUG [EBRE22_ControlAppearanceSTTL-116701] Executing ChangeConfigxml function:
2016-01-28 03:04:22,897 DEBUG [EBRE22_ControlAppearanceSTTL-116701] Executing ChangeConfigxml function
2016-01-28 03:04:22,899 DEBUG [EBRE22_ControlAppearanceSTTL-116701] TestStepResult of ChangeConfigxml: Pass
2016-01-28 03:04:22,899 DEBUG [EBRE22_ControlAppearanceSTTL-116701] In execute keyword function
2016-01-28 03:04:22,899 DEBUG [EBRE22_ControlAppearanceSTTL-116701] Executing ChangeConfigxml function:
2016-01-28 03:04:22,899 DEBUG [EBRE22_ControlAppearanceSTTL-116701] Executing ChangeConfigxml function
2016-01-28 03:04:22,900 DEBUG [EBRE22_ControlAppearanceSTTL-116701] TestStepResult of ChangeConfigxml: Pass
2016-01-28 03:04:22,900 DEBUG [EBRE22_ControlAppearanceSTTL-116701] In execute keyword function
2016-01-28 03:04:22,900 DEBUG [EBRE22_ControlAppearanceSTTL-116701] Executing ChangeConfigxml function:
2016-01-28 03:04:22,900 DEBUG [EBRE22_ControlAppearanceSTTL-116701] Executing ChangeConfigxml function
2016-01-28 03:04:22,902 DEBUG [EBRE22_ControlAppearanceSTTL-116701] TestStepResult of ChangeConfigxml: Pass
2016-01-28 03:04:22,902 DEBUG [EBRE22_ControlAppearanceSTTL-116701] In execute keyword function
2016-01-28 03:04:22,902 DEBUG [EBRE22_ControlAppearanceSTTL-116701] Executing PushConfigxml function:
2016-01-28 03:04:22,902 DEBUG [EBRE22_ControlAppearanceSTTL-116701] Started executeCommandLine function
2016-01-28 03:04:26,923 DEBUG [EBRE22_ControlAppearanceSTTL-116701] TestStepResult of PushConfigxml: Pass
2016-01-28 03:04:26,923 DEBUG [EBRE22_ControlAppearanceSTTL-116701] allstep_result contains: PassPassPassPassPassPassnull
2016-01-28 03:04:26,923 DEBUG [EBRE22_ControlAppearanceSTTL-116701] allexpected_result contains: null
2016-01-28 03:04:26,923 DEBUG [EBRE22_ControlAppearanceSTTL-116701] Testcase_Result contains: nullPassPassPassPassPassPassnull
2016-01-28 03:04:26,923 DEBUG [EBRE22_ControlAppearanceSTTL-116701] Test case with description Change Start page Pass
2016-01-28 03:04:27,979 DEBUG [EBRE22_ControlAppearanceSTTL-116701] Executing browser_Quit function
2016-01-28 03:04:27,979 DEBUG [EBRE22_ControlAppearanceSTTL-116701] Completed browser_Quit function
2016-01-28 03:04:27,979 DEBUG [EBRE22_ControlAppearanceSTTL-116701] Completed quitSelendroid function
2016-01-28 03:04:27,979 DEBUG [EBRE22_ControlAppearanceSTTL-116701] Row number:2
2016-01-28 03:04:28,010 DEBUG [EBRE22_ControlAppearanceSTTL-116701] Ending Test Case IDSTTL-116701
