2016-01-28 03:04:28,026 DEBUG [EBRE22_ControlAppearanceSTTL-116702] Executing Test Case ID: STTL-116702
2016-01-28 03:04:28,032 DEBUG [EBRE22_ControlAppearanceSTTL-116702] Executing Init_Selendroid function with APK as parameter and clear data value with 1
2016-01-28 03:04:38,418 DEBUG [EBRE22_ControlAppearanceSTTL-116702] Exiting Init_Selendroid function
2016-01-28 03:04:38,431 DEBUG [EBRE22_ControlAppearanceSTTL-116702] TestCase with Description "Note: Run this test with Javascript object.

Addressbar Functionality Test" Execution started
2016-01-28 03:04:38,431 DEBUG [EBRE22_ControlAppearanceSTTL-116702] In execute keyword function
2016-01-28 03:04:38,431 DEBUG [EBRE22_ControlAppearanceSTTL-116702] Executing wait function:
2016-01-28 03:04:38,431 DEBUG [EBRE22_ControlAppearanceSTTL-116702] Started Executing wait function
2016-01-28 03:04:40,431 DEBUG [EBRE22_ControlAppearanceSTTL-116702] Exiting from wait function
2016-01-28 03:04:40,431 DEBUG [EBRE22_ControlAppearanceSTTL-116702] TestStepResult of wait: Pass
2016-01-28 03:04:40,431 DEBUG [EBRE22_ControlAppearanceSTTL-116702] In execute keyword function
2016-01-28 03:04:40,431 DEBUG [EBRE22_ControlAppearanceSTTL-116702] Executing validate_PageTitle function:
2016-01-28 03:04:40,479 DEBUG [EBRE22_ControlAppearanceSTTL-116702] The title of the page is *********************************: RE 2.2 Tests
2016-01-28 03:04:40,479 DEBUG [EBRE22_ControlAppearanceSTTL-116702] The page title found is correct
2016-01-28 03:04:40,479 DEBUG [EBRE22_ControlAppearanceSTTL-116702] Result of validate_PageTitle: pass
2016-01-28 03:04:40,479 DEBUG [EBRE22_ControlAppearanceSTTL-116702] In execute keyword function
2016-01-28 03:04:40,479 DEBUG [EBRE22_ControlAppearanceSTTL-116702] Executing link_Click function:
2016-01-28 03:04:41,069 DEBUG [EBRE22_ControlAppearanceSTTL-116702] Executing Click function
2016-01-28 03:04:42,100 DEBUG [EBRE22_ControlAppearanceSTTL-116702] Exiting Click function
2016-01-28 03:04:42,100 DEBUG [EBRE22_ControlAppearanceSTTL-116702] controlappearance_test_link clicked successfully
2016-01-28 03:04:42,100 DEBUG [EBRE22_ControlAppearanceSTTL-116702] TestStepResult of link_Click: Pass
2016-01-28 03:04:42,100 DEBUG [EBRE22_ControlAppearanceSTTL-116702] In execute keyword function
2016-01-28 03:04:42,100 DEBUG [EBRE22_ControlAppearanceSTTL-116702] Executing wait function:
2016-01-28 03:04:42,100 DEBUG [EBRE22_ControlAppearanceSTTL-116702] Started Executing wait function
2016-01-28 03:04:44,101 DEBUG [EBRE22_ControlAppearanceSTTL-116702] Exiting from wait function
2016-01-28 03:04:44,101 DEBUG [EBRE22_ControlAppearanceSTTL-116702] TestStepResult of wait: Pass
2016-01-28 03:04:44,101 DEBUG [EBRE22_ControlAppearanceSTTL-116702] In execute keyword function
2016-01-28 03:04:44,101 DEBUG [EBRE22_ControlAppearanceSTTL-116702] Executing validate_PageTitle function:
2016-01-28 03:04:44,144 DEBUG [EBRE22_ControlAppearanceSTTL-116702] The title of the page is *********************************: PB and RE2.2 Semi Auto Frame Work : Control & Appearance
2016-01-28 03:04:44,144 DEBUG [EBRE22_ControlAppearanceSTTL-116702] The page title found is correct
2016-01-28 03:04:44,144 DEBUG [EBRE22_ControlAppearanceSTTL-116702] Result of validate_PageTitle: pass
2016-01-28 03:04:44,144 DEBUG [EBRE22_ControlAppearanceSTTL-116702] In execute keyword function
2016-01-28 03:04:44,144 DEBUG [EBRE22_ControlAppearanceSTTL-116702] Executing SelectTestToRun function:
2016-01-28 03:04:44,775 DEBUG [EBRE22_ControlAppearanceSTTL-116702] Successfull in selecting clicking the category
2016-01-28 03:04:44,775 DEBUG [EBRE22_ControlAppearanceSTTL-116702] TestStepResult of SelectTestToRun: pass
2016-01-28 03:04:44,775 DEBUG [EBRE22_ControlAppearanceSTTL-116702] In execute keyword function
2016-01-28 03:04:44,775 DEBUG [EBRE22_ControlAppearanceSTTL-116702] Executing ClickRunTest function:
2016-01-28 03:04:45,164 DEBUG [EBRE22_ControlAppearanceSTTL-116702] Executing Click function
2016-01-28 03:04:46,139 DEBUG [EBRE22_ControlAppearanceSTTL-116702] Exiting Click function
2016-01-28 03:04:46,139 DEBUG [EBRE22_ControlAppearanceSTTL-116702] runtest_top_xpath Button clicked Successfully
2016-01-28 03:04:46,139 DEBUG [EBRE22_ControlAppearanceSTTL-116702] TestStepResult of ClickRunTest: pass
2016-01-28 03:04:46,139 DEBUG [EBRE22_ControlAppearanceSTTL-116702] In execute keyword function
2016-01-28 03:04:46,139 DEBUG [EBRE22_ControlAppearanceSTTL-116702] Executing validate_Text_Exists function:
2016-01-28 03:04:46,446 DEBUG [EBRE22_ControlAppearanceSTTL-116702] VT187-1526 Testcase Text found
2016-01-28 03:04:46,446 DEBUG [EBRE22_ControlAppearanceSTTL-116702] Result of validate_Text_Exists: Pass
2016-01-28 03:04:46,446 DEBUG [EBRE22_ControlAppearanceSTTL-116702] In execute keyword function
2016-01-28 03:04:46,446 DEBUG [EBRE22_ControlAppearanceSTTL-116702] Executing wait function:
2016-01-28 03:04:46,446 DEBUG [EBRE22_ControlAppearanceSTTL-116702] Started Executing wait function
2016-01-28 03:04:48,446 DEBUG [EBRE22_ControlAppearanceSTTL-116702] Exiting from wait function
2016-01-28 03:04:48,446 DEBUG [EBRE22_ControlAppearanceSTTL-116702] TestStepResult of wait: Pass
2016-01-28 03:04:48,446 DEBUG [EBRE22_ControlAppearanceSTTL-116702] In execute keyword function
2016-01-28 03:04:48,446 DEBUG [EBRE22_ControlAppearanceSTTL-116702] Executing SwitchApp function:
2016-01-28 03:04:48,544 DEBUG [EBRE22_ControlAppearanceSTTL-116702] Successfully switched to NATIVE_APP
2016-01-28 03:04:48,544 DEBUG [EBRE22_ControlAppearanceSTTL-116702] TestStepResult of SwitchApp: Pass
2016-01-28 03:04:48,544 DEBUG [EBRE22_ControlAppearanceSTTL-116702] In execute keyword function
2016-01-28 03:04:48,544 DEBUG [EBRE22_ControlAppearanceSTTL-116702] Executing TypeinAddressbar function:
2016-01-28 03:04:48,544 DEBUG [EBRE22_ControlAppearanceSTTL-116702] Executing SendData function
2016-01-28 03:04:51,125 DEBUG [EBRE22_ControlAppearanceSTTL-116702] Exiting Senddata function
2016-01-28 03:04:51,125 DEBUG [EBRE22_ControlAppearanceSTTL-116702] TestStepResult of TypeinAddressbar: pass
2016-01-28 03:04:51,125 DEBUG [EBRE22_ControlAppearanceSTTL-116702] In execute keyword function
2016-01-28 03:04:51,125 DEBUG [EBRE22_ControlAppearanceSTTL-116702] Executing sendKeyEvents function:
2016-01-28 03:04:51,125 DEBUG [EBRE22_ControlAppearanceSTTL-116702] Entered sendKeyEvents function
2016-01-28 03:04:51,125 DEBUG [EBRE22_ControlAppearanceSTTL-116702] ENTER
2016-01-28 03:04:51,125 DEBUG [EBRE22_ControlAppearanceSTTL-116702] Entered Enterkey
2016-01-28 03:04:51,125 DEBUG [EBRE22_ControlAppearanceSTTL-116702] Started executeCommandLine function
2016-01-28 03:04:55,146 DEBUG [EBRE22_ControlAppearanceSTTL-116702] Exiting from executeCommandLine function
2016-01-28 03:04:55,146 DEBUG [EBRE22_ControlAppearanceSTTL-116702] pass
2016-01-28 03:04:55,146 DEBUG [EBRE22_ControlAppearanceSTTL-116702] TestStepResult of sendKeyEvents: pass
2016-01-28 03:04:55,146 DEBUG [EBRE22_ControlAppearanceSTTL-116702] In execute keyword function
2016-01-28 03:04:55,146 DEBUG [EBRE22_ControlAppearanceSTTL-116702] Executing wait function:
2016-01-28 03:04:55,146 DEBUG [EBRE22_ControlAppearanceSTTL-116702] Started Executing wait function
2016-01-28 03:05:05,147 DEBUG [EBRE22_ControlAppearanceSTTL-116702] Exiting from wait function
2016-01-28 03:05:05,147 DEBUG [EBRE22_ControlAppearanceSTTL-116702] TestStepResult of wait: Pass
2016-01-28 03:05:05,147 DEBUG [EBRE22_ControlAppearanceSTTL-116702] In execute keyword function
2016-01-28 03:05:05,147 DEBUG [EBRE22_ControlAppearanceSTTL-116702] Executing SwitchApp function:
2016-01-28 03:05:05,282 DEBUG [EBRE22_ControlAppearanceSTTL-116702] Successfully switched to WEBVIEW
2016-01-28 03:05:05,282 DEBUG [EBRE22_ControlAppearanceSTTL-116702] TestStepResult of SwitchApp: Pass
2016-01-28 03:05:05,282 DEBUG [EBRE22_ControlAppearanceSTTL-116702] In execute keyword function
2016-01-28 03:05:05,282 DEBUG [EBRE22_ControlAppearanceSTTL-116702] Executing validate_PageTitle function:
2016-01-28 03:05:05,298 DEBUG [EBRE22_ControlAppearanceSTTL-116702] The title of the page is *********************************: All Index
2016-01-28 03:05:05,298 DEBUG [EBRE22_ControlAppearanceSTTL-116702] The page title found is correct
2016-01-28 03:05:05,299 DEBUG [EBRE22_ControlAppearanceSTTL-116702] Result of validate_PageTitle: pass
2016-01-28 03:05:05,299 DEBUG [EBRE22_ControlAppearanceSTTL-116702] allstep_result contains: PassPasspasspassPassPasspasspassPassPassPassnull
2016-01-28 03:05:05,299 DEBUG [EBRE22_ControlAppearanceSTTL-116702] allexpected_result contains: nullpassnullPassnullpassnullpassnull
2016-01-28 03:05:05,299 DEBUG [EBRE22_ControlAppearanceSTTL-116702] Testcase_Result contains: nullpassnullPassnullpassnullpassnullPassPasspasspassPassPasspasspassPassPassPassnull
2016-01-28 03:05:05,299 DEBUG [EBRE22_ControlAppearanceSTTL-116702] Test case with description Note: Run this test with Javascript object.

Addressbar Functionality Test Pass
2016-01-28 03:05:06,341 DEBUG [EBRE22_ControlAppearanceSTTL-116702] Executing browser_Quit function
2016-01-28 03:05:06,341 DEBUG [EBRE22_ControlAppearanceSTTL-116702] Completed browser_Quit function
2016-01-28 03:05:06,341 DEBUG [EBRE22_ControlAppearanceSTTL-116702] Completed quitSelendroid function
2016-01-28 03:05:06,341 DEBUG [EBRE22_ControlAppearanceSTTL-116702] Row number:3
2016-01-28 03:05:06,364 DEBUG [EBRE22_ControlAppearanceSTTL-116702] Ending Test Case IDSTTL-116702
