2016-01-28 03:05:06,377 DEBUG [EBRE22_ControlAppearanceSTTL-116703] Executing Test Case ID: STTL-116703
2016-01-28 03:05:06,382 DEBUG [EBRE22_ControlAppearanceSTTL-116703] Executing Init_Selendroid function with APK as parameter and clear data value with 1
2016-01-28 03:05:16,805 DEBUG [EBRE22_ControlAppearanceSTTL-116703] Exiting Init_Selendroid function
2016-01-28 03:05:16,818 DEBUG [EBRE22_ControlAppearanceSTTL-116703] TestCase with Description "Note: Run this test with Javascript object.

Addressbar Functionality Test" Execution started
2016-01-28 03:05:16,818 DEBUG [EBRE22_ControlAppearanceSTTL-116703] In execute keyword function
2016-01-28 03:05:16,818 DEBUG [EBRE22_ControlAppearanceSTTL-116703] Executing wait function:
2016-01-28 03:05:16,818 DEBUG [EBRE22_ControlAppearanceSTTL-116703] Started Executing wait function
2016-01-28 03:05:18,818 DEBUG [EBRE22_ControlAppearanceSTTL-116703] Exiting from wait function
2016-01-28 03:05:18,818 DEBUG [EBRE22_ControlAppearanceSTTL-116703] TestStepResult of wait: Pass
2016-01-28 03:05:18,818 DEBUG [EBRE22_ControlAppearanceSTTL-116703] In execute keyword function
2016-01-28 03:05:18,818 DEBUG [EBRE22_ControlAppearanceSTTL-116703] Executing validate_PageTitle function:
2016-01-28 03:05:18,852 DEBUG [EBRE22_ControlAppearanceSTTL-116703] The title of the page is *********************************: RE 2.2 Tests
2016-01-28 03:05:18,852 DEBUG [EBRE22_ControlAppearanceSTTL-116703] The page title found is correct
2016-01-28 03:05:18,852 DEBUG [EBRE22_ControlAppearanceSTTL-116703] Result of validate_PageTitle: pass
2016-01-28 03:05:18,852 DEBUG [EBRE22_ControlAppearanceSTTL-116703] In execute keyword function
2016-01-28 03:05:18,852 DEBUG [EBRE22_ControlAppearanceSTTL-116703] Executing link_Click function:
2016-01-28 03:05:19,475 DEBUG [EBRE22_ControlAppearanceSTTL-116703] Executing Click function
2016-01-28 03:05:20,505 DEBUG [EBRE22_ControlAppearanceSTTL-116703] Exiting Click function
2016-01-28 03:05:20,505 DEBUG [EBRE22_ControlAppearanceSTTL-116703] controlappearance_test_link clicked successfully
2016-01-28 03:05:20,505 DEBUG [EBRE22_ControlAppearanceSTTL-116703] TestStepResult of link_Click: Pass
2016-01-28 03:05:20,505 DEBUG [EBRE22_ControlAppearanceSTTL-116703] In execute keyword function
2016-01-28 03:05:20,505 DEBUG [EBRE22_ControlAppearanceSTTL-116703] Executing wait function:
2016-01-28 03:05:20,505 DEBUG [EBRE22_ControlAppearanceSTTL-116703] Started Executing wait function
2016-01-28 03:05:22,505 DEBUG [EBRE22_ControlAppearanceSTTL-116703] Exiting from wait function
2016-01-28 03:05:22,505 DEBUG [EBRE22_ControlAppearanceSTTL-116703] TestStepResult of wait: Pass
2016-01-28 03:05:22,505 DEBUG [EBRE22_ControlAppearanceSTTL-116703] In execute keyword function
2016-01-28 03:05:22,505 DEBUG [EBRE22_ControlAppearanceSTTL-116703] Executing validate_PageTitle function:
2016-01-28 03:05:22,553 DEBUG [EBRE22_ControlAppearanceSTTL-116703] The title of the page is *********************************: PB and RE2.2 Semi Auto Frame Work : Control & Appearance
2016-01-28 03:05:22,553 DEBUG [EBRE22_ControlAppearanceSTTL-116703] The page title found is correct
2016-01-28 03:05:22,553 DEBUG [EBRE22_ControlAppearanceSTTL-116703] Result of validate_PageTitle: pass
2016-01-28 03:05:22,553 DEBUG [EBRE22_ControlAppearanceSTTL-116703] In execute keyword function
2016-01-28 03:05:22,553 DEBUG [EBRE22_ControlAppearanceSTTL-116703] Executing SelectTestToRun function:
2016-01-28 03:05:25,165 DEBUG [EBRE22_ControlAppearanceSTTL-116703] Successfull in selecting clicking the category
2016-01-28 03:05:25,165 DEBUG [EBRE22_ControlAppearanceSTTL-116703] TestStepResult of SelectTestToRun: pass
2016-01-28 03:05:25,165 DEBUG [EBRE22_ControlAppearanceSTTL-116703] In execute keyword function
2016-01-28 03:05:25,165 DEBUG [EBRE22_ControlAppearanceSTTL-116703] Executing ClickRunTest function:
2016-01-28 03:05:25,467 DEBUG [EBRE22_ControlAppearanceSTTL-116703] Executing Click function
2016-01-28 03:05:26,632 DEBUG [EBRE22_ControlAppearanceSTTL-116703] Exiting Click function
2016-01-28 03:05:26,632 DEBUG [EBRE22_ControlAppearanceSTTL-116703] runtest_top_xpath Button clicked Successfully
2016-01-28 03:05:26,632 DEBUG [EBRE22_ControlAppearanceSTTL-116703] TestStepResult of ClickRunTest: pass
2016-01-28 03:05:26,632 DEBUG [EBRE22_ControlAppearanceSTTL-116703] In execute keyword function
2016-01-28 03:05:26,632 DEBUG [EBRE22_ControlAppearanceSTTL-116703] Executing validate_Text_Exists function:
2016-01-28 03:05:26,880 DEBUG [EBRE22_ControlAppearanceSTTL-116703] VT187-1528 Testcase Text found
2016-01-28 03:05:26,880 DEBUG [EBRE22_ControlAppearanceSTTL-116703] Result of validate_Text_Exists: Pass
2016-01-28 03:05:26,880 DEBUG [EBRE22_ControlAppearanceSTTL-116703] In execute keyword function
2016-01-28 03:05:26,880 DEBUG [EBRE22_ControlAppearanceSTTL-116703] Executing wait function:
2016-01-28 03:05:26,880 DEBUG [EBRE22_ControlAppearanceSTTL-116703] Started Executing wait function
2016-01-28 03:05:28,880 DEBUG [EBRE22_ControlAppearanceSTTL-116703] Exiting from wait function
2016-01-28 03:05:28,880 DEBUG [EBRE22_ControlAppearanceSTTL-116703] TestStepResult of wait: Pass
2016-01-28 03:05:28,880 DEBUG [EBRE22_ControlAppearanceSTTL-116703] In execute keyword function
2016-01-28 03:05:28,880 DEBUG [EBRE22_ControlAppearanceSTTL-116703] Executing SwitchApp function:
2016-01-28 03:05:28,984 DEBUG [EBRE22_ControlAppearanceSTTL-116703] Successfully switched to NATIVE_APP
2016-01-28 03:05:28,984 DEBUG [EBRE22_ControlAppearanceSTTL-116703] TestStepResult of SwitchApp: Pass
2016-01-28 03:05:28,984 DEBUG [EBRE22_ControlAppearanceSTTL-116703] In execute keyword function
2016-01-28 03:05:28,984 DEBUG [EBRE22_ControlAppearanceSTTL-116703] Executing TypeinAddressbar function:
2016-01-28 03:05:28,984 DEBUG [EBRE22_ControlAppearanceSTTL-116703] Executing SendData function
2016-01-28 03:05:30,822 DEBUG [EBRE22_ControlAppearanceSTTL-116703] Exiting Senddata function
2016-01-28 03:05:30,822 DEBUG [EBRE22_ControlAppearanceSTTL-116703] TestStepResult of TypeinAddressbar: pass
2016-01-28 03:05:30,822 DEBUG [EBRE22_ControlAppearanceSTTL-116703] In execute keyword function
2016-01-28 03:05:30,822 DEBUG [EBRE22_ControlAppearanceSTTL-116703] Executing sendKeyEvents function:
2016-01-28 03:05:30,822 DEBUG [EBRE22_ControlAppearanceSTTL-116703] Entered sendKeyEvents function
2016-01-28 03:05:30,822 DEBUG [EBRE22_ControlAppearanceSTTL-116703] ENTER
2016-01-28 03:05:30,822 DEBUG [EBRE22_ControlAppearanceSTTL-116703] Entered Enterkey
2016-01-28 03:05:30,822 DEBUG [EBRE22_ControlAppearanceSTTL-116703] Started executeCommandLine function
2016-01-28 03:05:34,843 DEBUG [EBRE22_ControlAppearanceSTTL-116703] Exiting from executeCommandLine function
2016-01-28 03:05:34,843 DEBUG [EBRE22_ControlAppearanceSTTL-116703] pass
2016-01-28 03:05:34,843 DEBUG [EBRE22_ControlAppearanceSTTL-116703] TestStepResult of sendKeyEvents: pass
2016-01-28 03:05:34,843 DEBUG [EBRE22_ControlAppearanceSTTL-116703] In execute keyword function
2016-01-28 03:05:34,843 DEBUG [EBRE22_ControlAppearanceSTTL-116703] Executing wait function:
2016-01-28 03:05:34,843 DEBUG [EBRE22_ControlAppearanceSTTL-116703] Started Executing wait function
2016-01-28 03:05:44,844 DEBUG [EBRE22_ControlAppearanceSTTL-116703] Exiting from wait function
2016-01-28 03:05:44,844 DEBUG [EBRE22_ControlAppearanceSTTL-116703] TestStepResult of wait: Pass
2016-01-28 03:05:44,844 DEBUG [EBRE22_ControlAppearanceSTTL-116703] In execute keyword function
2016-01-28 03:05:44,844 DEBUG [EBRE22_ControlAppearanceSTTL-116703] Executing SwitchApp function:
2016-01-28 03:05:44,947 DEBUG [EBRE22_ControlAppearanceSTTL-116703] Successfully switched to WEBVIEW
2016-01-28 03:05:44,947 DEBUG [EBRE22_ControlAppearanceSTTL-116703] TestStepResult of SwitchApp: Pass
2016-01-28 03:05:44,948 DEBUG [EBRE22_ControlAppearanceSTTL-116703] In execute keyword function
2016-01-28 03:05:44,948 DEBUG [EBRE22_ControlAppearanceSTTL-116703] Executing validate_PageTitle function:
2016-01-28 03:05:44,964 DEBUG [EBRE22_ControlAppearanceSTTL-116703] The title of the page is *********************************: Gmail
2016-01-28 03:05:44,964 DEBUG [EBRE22_ControlAppearanceSTTL-116703] The page title found is correct
2016-01-28 03:05:44,964 DEBUG [EBRE22_ControlAppearanceSTTL-116703] Result of validate_PageTitle: pass
2016-01-28 03:05:44,964 DEBUG [EBRE22_ControlAppearanceSTTL-116703] allstep_result contains: PassPasspasspassPassPasspasspassPassPassPassnull
2016-01-28 03:05:44,964 DEBUG [EBRE22_ControlAppearanceSTTL-116703] allexpected_result contains: nullpassnullPassnullpassnullpassnull
2016-01-28 03:05:44,964 DEBUG [EBRE22_ControlAppearanceSTTL-116703] Testcase_Result contains: nullpassnullPassnullpassnullpassnullPassPasspasspassPassPasspasspassPassPassPassnull
2016-01-28 03:05:44,965 DEBUG [EBRE22_ControlAppearanceSTTL-116703] Test case with description Note: Run this test with Javascript object.

Addressbar Functionality Test Pass
2016-01-28 03:05:45,955 DEBUG [EBRE22_ControlAppearanceSTTL-116703] Executing browser_Quit function
2016-01-28 03:05:45,955 DEBUG [EBRE22_ControlAppearanceSTTL-116703] Completed browser_Quit function
2016-01-28 03:05:45,955 DEBUG [EBRE22_ControlAppearanceSTTL-116703] Completed quitSelendroid function
2016-01-28 03:05:45,955 DEBUG [EBRE22_ControlAppearanceSTTL-116703] Row number:3
2016-01-28 03:05:46,000 DEBUG [EBRE22_ControlAppearanceSTTL-116703] Ending Test Case IDSTTL-116703
