2016-01-28 04:41:00,265 DEBUG [EBRE22_NetworkSTTL-116701] Executing Test Case ID: STTL-116701
2016-01-28 04:41:35,320 DEBUG [EBRE22_NetworkSTTL-116701] Executing Init_Selendroid function with APK as parameter and clear data value with 1
2016-01-28 04:41:45,889 DEBUG [EBRE22_NetworkSTTL-116701] Exiting Init_Selendroid function
2016-01-28 04:41:45,902 DEBUG [EBRE22_NetworkSTTL-116701] TestCase with Description "Change Start page" Execution started
2016-01-28 04:41:45,902 DEBUG [EBRE22_NetworkSTTL-116701] In execute keyword function
2016-01-28 04:41:45,902 DEBUG [EBRE22_NetworkSTTL-116701] Executing wait function:
2016-01-28 04:41:45,902 DEBUG [EBRE22_NetworkSTTL-116701] Started Executing wait function
2016-01-28 04:41:48,902 DEBUG [EBRE22_NetworkSTTL-116701] Exiting from wait function
2016-01-28 04:41:48,902 DEBUG [EBRE22_NetworkSTTL-116701] TestStepResult of wait: Pass
2016-01-28 04:41:48,902 DEBUG [EBRE22_NetworkSTTL-116701] In execute keyword function
2016-01-28 04:41:48,902 DEBUG [EBRE22_NetworkSTTL-116701] Executing PullConfigxml function:
2016-01-28 04:41:48,902 DEBUG [EBRE22_NetworkSTTL-116701] Started executeCommandLine function
2016-01-28 04:41:52,923 DEBUG [EBRE22_NetworkSTTL-116701] TestStepResult of PullConfigxml: Pass
2016-01-28 04:41:52,923 DEBUG [EBRE22_NetworkSTTL-116701] In execute keyword function
2016-01-28 04:41:52,923 DEBUG [EBRE22_NetworkSTTL-116701] Executing ChangeConfigxml function:
2016-01-28 04:41:52,923 DEBUG [EBRE22_NetworkSTTL-116701] Executing ChangeConfigxml function
2016-01-28 04:41:52,925 DEBUG [EBRE22_NetworkSTTL-116701] TestStepResult of ChangeConfigxml: Pass
2016-01-28 04:41:52,925 DEBUG [EBRE22_NetworkSTTL-116701] In execute keyword function
2016-01-28 04:41:52,925 DEBUG [EBRE22_NetworkSTTL-116701] Executing ChangeConfigxml function:
2016-01-28 04:41:52,925 DEBUG [EBRE22_NetworkSTTL-116701] Executing ChangeConfigxml function
2016-01-28 04:41:52,926 DEBUG [EBRE22_NetworkSTTL-116701] TestStepResult of ChangeConfigxml: Pass
2016-01-28 04:41:52,926 DEBUG [EBRE22_NetworkSTTL-116701] In execute keyword function
2016-01-28 04:41:52,926 DEBUG [EBRE22_NetworkSTTL-116701] Executing ChangeConfigxml function:
2016-01-28 04:41:52,927 DEBUG [EBRE22_NetworkSTTL-116701] Executing ChangeConfigxml function
2016-01-28 04:41:52,928 DEBUG [EBRE22_NetworkSTTL-116701] TestStepResult of ChangeConfigxml: Pass
2016-01-28 04:41:52,928 DEBUG [EBRE22_NetworkSTTL-116701] In execute keyword function
2016-01-28 04:41:52,928 DEBUG [EBRE22_NetworkSTTL-116701] Executing PushConfigxml function:
2016-01-28 04:41:52,928 DEBUG [EBRE22_NetworkSTTL-116701] Started executeCommandLine function
2016-01-28 04:41:56,947 DEBUG [EBRE22_NetworkSTTL-116701] TestStepResult of PushConfigxml: Pass
2016-01-28 04:41:56,947 DEBUG [EBRE22_NetworkSTTL-116701] allstep_result contains: PassPassPassPassPassPassnull
2016-01-28 04:41:56,947 DEBUG [EBRE22_NetworkSTTL-116701] allexpected_result contains: null
2016-01-28 04:41:56,947 DEBUG [EBRE22_NetworkSTTL-116701] Testcase_Result contains: nullPassPassPassPassPassPassnull
2016-01-28 04:41:56,947 DEBUG [EBRE22_NetworkSTTL-116701] Test case with description Change Start page Pass
2016-01-28 04:41:57,959 DEBUG [EBRE22_NetworkSTTL-116701] Executing browser_Quit function
2016-01-28 04:41:57,959 DEBUG [EBRE22_NetworkSTTL-116701] Completed browser_Quit function
2016-01-28 04:41:57,959 DEBUG [EBRE22_NetworkSTTL-116701] Completed quitSelendroid function
2016-01-28 04:41:57,959 DEBUG [EBRE22_NetworkSTTL-116701] Row number:2
2016-01-28 04:41:57,978 DEBUG [EBRE22_NetworkSTTL-116701] Ending Test Case IDSTTL-116701
