2016-01-28 04:47:15,298 DEBUG [EBRE22_NetworkSTTL-116705] Executing Test Case ID: STTL-116705
2016-01-28 04:47:15,304 DEBUG [EBRE22_NetworkSTTL-116705] Executing Init_Selendroid function with APK as parameter and clear data value with 1
2016-01-28 04:47:25,802 DEBUG [EBRE22_NetworkSTTL-116705] Exiting Init_Selendroid function
2016-01-28 04:47:25,815 DEBUG [EBRE22_NetworkSTTL-116705] TestCase with Description "Test Network event of JSON Object type" Execution started
2016-01-28 04:47:25,815 DEBUG [EBRE22_NetworkSTTL-116705] In execute keyword function
2016-01-28 04:47:25,815 DEBUG [EBRE22_NetworkSTTL-116705] Executing wait function:
2016-01-28 04:47:25,815 DEBUG [EBRE22_NetworkSTTL-116705] Started Executing wait function
2016-01-28 04:47:28,815 DEBUG [EBRE22_NetworkSTTL-116705] Exiting from wait function
2016-01-28 04:47:28,815 DEBUG [EBRE22_NetworkSTTL-116705] TestStepResult of wait: Pass
2016-01-28 04:47:28,815 DEBUG [EBRE22_NetworkSTTL-116705] In execute keyword function
2016-01-28 04:47:28,815 DEBUG [EBRE22_NetworkSTTL-116705] Executing validate_PageTitle function:
2016-01-28 04:47:28,856 DEBUG [EBRE22_NetworkSTTL-116705] The title of the page is *********************************: RE 2.2 Tests
2016-01-28 04:47:28,856 DEBUG [EBRE22_NetworkSTTL-116705] The page title found is correct
2016-01-28 04:47:28,856 DEBUG [EBRE22_NetworkSTTL-116705] Result of validate_PageTitle: pass
2016-01-28 04:47:28,857 DEBUG [EBRE22_NetworkSTTL-116705] In execute keyword function
2016-01-28 04:47:28,857 DEBUG [EBRE22_NetworkSTTL-116705] Executing link_Click function:
2016-01-28 04:47:29,514 DEBUG [EBRE22_NetworkSTTL-116705] Executing Click function
2016-01-28 04:47:30,600 DEBUG [EBRE22_NetworkSTTL-116705] Exiting Click function
2016-01-28 04:47:30,600 DEBUG [EBRE22_NetworkSTTL-116705] network22_test_link clicked successfully
2016-01-28 04:47:30,600 DEBUG [EBRE22_NetworkSTTL-116705] TestStepResult of link_Click: Pass
2016-01-28 04:47:30,600 DEBUG [EBRE22_NetworkSTTL-116705] In execute keyword function
2016-01-28 04:47:30,600 DEBUG [EBRE22_NetworkSTTL-116705] Executing wait function:
2016-01-28 04:47:30,600 DEBUG [EBRE22_NetworkSTTL-116705] Started Executing wait function
2016-01-28 04:47:32,601 DEBUG [EBRE22_NetworkSTTL-116705] Exiting from wait function
2016-01-28 04:47:32,601 DEBUG [EBRE22_NetworkSTTL-116705] TestStepResult of wait: Pass
2016-01-28 04:47:32,601 DEBUG [EBRE22_NetworkSTTL-116705] In execute keyword function
2016-01-28 04:47:32,601 DEBUG [EBRE22_NetworkSTTL-116705] Executing validate_PageTitle function:
2016-01-28 04:47:32,638 DEBUG [EBRE22_NetworkSTTL-116705] The title of the page is *********************************: Network
2016-01-28 04:47:32,638 DEBUG [EBRE22_NetworkSTTL-116705] The page title found is correct
2016-01-28 04:47:32,638 DEBUG [EBRE22_NetworkSTTL-116705] Result of validate_PageTitle: pass
2016-01-28 04:47:32,638 DEBUG [EBRE22_NetworkSTTL-116705] In execute keyword function
2016-01-28 04:47:32,638 DEBUG [EBRE22_NetworkSTTL-116705] Executing SelectTestToRun function:
2016-01-28 04:47:35,374 DEBUG [EBRE22_NetworkSTTL-116705] Successfull in selecting clicking the category
2016-01-28 04:47:35,374 DEBUG [EBRE22_NetworkSTTL-116705] TestStepResult of SelectTestToRun: pass
2016-01-28 04:47:35,374 DEBUG [EBRE22_NetworkSTTL-116705] In execute keyword function
2016-01-28 04:47:35,374 DEBUG [EBRE22_NetworkSTTL-116705] Executing validate_Text_Exists function:
2016-01-28 04:47:35,621 DEBUG [EBRE22_NetworkSTTL-116705] VT187-0752 Testcase Text found
2016-01-28 04:47:35,621 DEBUG [EBRE22_NetworkSTTL-116705] Result of validate_Text_Exists: Pass
2016-01-28 04:47:35,621 DEBUG [EBRE22_NetworkSTTL-116705] In execute keyword function
2016-01-28 04:47:35,621 DEBUG [EBRE22_NetworkSTTL-116705] Executing ClickRunTest function:
2016-01-28 04:47:35,973 DEBUG [EBRE22_NetworkSTTL-116705] Executing Click function
2016-01-28 04:47:36,975 DEBUG [EBRE22_NetworkSTTL-116705] Exiting Click function
2016-01-28 04:47:36,975 DEBUG [EBRE22_NetworkSTTL-116705] runtest_top_xpath Button clicked Successfully
2016-01-28 04:47:36,975 DEBUG [EBRE22_NetworkSTTL-116705] TestStepResult of ClickRunTest: pass
2016-01-28 04:47:36,975 DEBUG [EBRE22_NetworkSTTL-116705] In execute keyword function
2016-01-28 04:47:36,975 DEBUG [EBRE22_NetworkSTTL-116705] Executing validate_Result function:
2016-01-28 04:47:37,253 DEBUG [EBRE22_NetworkSTTL-116705] Connected Text found in Connection status: Connected
2016-01-28 04:47:37,253 DEBUG [EBRE22_NetworkSTTL-116705] Result of validate_Result: Pass
2016-01-28 04:47:37,253 DEBUG [EBRE22_NetworkSTTL-116705] In execute keyword function
2016-01-28 04:47:37,253 DEBUG [EBRE22_NetworkSTTL-116705] Executing wifi_Mode function:
2016-01-28 04:47:37,253 DEBUG [EBRE22_NetworkSTTL-116705] Started executeCommandLine function
2016-01-28 04:47:41,275 DEBUG [EBRE22_NetworkSTTL-116705] Turning off WiFi
2016-01-28 04:47:41,275 DEBUG [EBRE22_NetworkSTTL-116705] Started executeCommandLine function
2016-01-28 04:47:46,298 DEBUG [EBRE22_NetworkSTTL-116705] Started executeCommandLine function
2016-01-28 04:48:00,320 DEBUG [EBRE22_NetworkSTTL-116705] TestStepResult of wifi_Mode: pass
2016-01-28 04:48:00,320 DEBUG [EBRE22_NetworkSTTL-116705] In execute keyword function
2016-01-28 04:48:00,320 DEBUG [EBRE22_NetworkSTTL-116705] Executing wait function:
2016-01-28 04:48:00,320 DEBUG [EBRE22_NetworkSTTL-116705] Started Executing wait function
2016-01-28 04:48:02,321 DEBUG [EBRE22_NetworkSTTL-116705] Exiting from wait function
2016-01-28 04:48:02,321 DEBUG [EBRE22_NetworkSTTL-116705] TestStepResult of wait: Pass
2016-01-28 04:48:02,321 DEBUG [EBRE22_NetworkSTTL-116705] In execute keyword function
2016-01-28 04:48:02,321 DEBUG [EBRE22_NetworkSTTL-116705] Executing press_Key function:
2016-01-28 04:48:02,321 DEBUG [EBRE22_NetworkSTTL-116705] Started executeCommandLine function
2016-01-28 04:48:06,342 DEBUG [EBRE22_NetworkSTTL-116705] Exiting from executeCommandLine function
2016-01-28 04:48:06,342 DEBUG [EBRE22_NetworkSTTL-116705] pressed on the home key
2016-01-28 04:48:06,342 DEBUG [EBRE22_NetworkSTTL-116705] home works
2016-01-28 04:48:07,342 DEBUG [EBRE22_NetworkSTTL-116705] TestStepResult of press_Key: pass
2016-01-28 04:48:07,342 DEBUG [EBRE22_NetworkSTTL-116705] In execute keyword function
2016-01-28 04:48:07,342 DEBUG [EBRE22_NetworkSTTL-116705] Executing launch_App_Device function:
2016-01-28 04:48:07,342 DEBUG [EBRE22_NetworkSTTL-116705] Started Executing Launch_App_Device function
2016-01-28 04:48:07,342 DEBUG [EBRE22_NetworkSTTL-116705] Started executeCommandLine function
2016-01-28 04:48:11,363 DEBUG [EBRE22_NetworkSTTL-116705] Exiting from executeCommandLine function
2016-01-28 04:48:12,363 DEBUG [EBRE22_NetworkSTTL-116705] Successfully launched the App
2016-01-28 04:48:12,363 DEBUG [EBRE22_NetworkSTTL-116705] Exiting Launch_App_Device function
2016-01-28 04:48:12,363 DEBUG [EBRE22_NetworkSTTL-116705] TestStepResult of launch_App_Device: Pass
2016-01-28 04:48:12,363 DEBUG [EBRE22_NetworkSTTL-116705] In execute keyword function
2016-01-28 04:48:12,363 DEBUG [EBRE22_NetworkSTTL-116705] Executing validate_Result function:
2016-01-28 04:48:12,577 DEBUG [EBRE22_NetworkSTTL-116705] Disconnected Text found in Connection status: Disconnected
2016-01-28 04:48:12,577 DEBUG [EBRE22_NetworkSTTL-116705] Result of validate_Result: Pass
2016-01-28 04:48:12,577 DEBUG [EBRE22_NetworkSTTL-116705] In execute keyword function
2016-01-28 04:48:12,577 DEBUG [EBRE22_NetworkSTTL-116705] Executing wifi_Mode function:
2016-01-28 04:48:12,577 DEBUG [EBRE22_NetworkSTTL-116705] Started executeCommandLine function
2016-01-28 04:48:16,597 DEBUG [EBRE22_NetworkSTTL-116705] Turning on WiFi
2016-01-28 04:48:16,597 DEBUG [EBRE22_NetworkSTTL-116705] Started executeCommandLine function
2016-01-28 04:48:21,620 DEBUG [EBRE22_NetworkSTTL-116705] Started executeCommandLine function
2016-01-28 04:48:35,641 DEBUG [EBRE22_NetworkSTTL-116705] TestStepResult of wifi_Mode: pass
2016-01-28 04:48:35,641 DEBUG [EBRE22_NetworkSTTL-116705] In execute keyword function
2016-01-28 04:48:35,641 DEBUG [EBRE22_NetworkSTTL-116705] Executing wait function:
2016-01-28 04:48:35,641 DEBUG [EBRE22_NetworkSTTL-116705] Started Executing wait function
2016-01-28 04:48:55,642 DEBUG [EBRE22_NetworkSTTL-116705] Exiting from wait function
2016-01-28 04:48:55,642 DEBUG [EBRE22_NetworkSTTL-116705] TestStepResult of wait: Pass
2016-01-28 04:48:55,642 DEBUG [EBRE22_NetworkSTTL-116705] In execute keyword function
2016-01-28 04:48:55,642 DEBUG [EBRE22_NetworkSTTL-116705] Executing press_Key function:
2016-01-28 04:48:55,642 DEBUG [EBRE22_NetworkSTTL-116705] Started executeCommandLine function
2016-01-28 04:48:59,663 DEBUG [EBRE22_NetworkSTTL-116705] Exiting from executeCommandLine function
2016-01-28 04:48:59,663 DEBUG [EBRE22_NetworkSTTL-116705] pressed on the home key
2016-01-28 04:48:59,663 DEBUG [EBRE22_NetworkSTTL-116705] home works
2016-01-28 04:49:00,663 DEBUG [EBRE22_NetworkSTTL-116705] TestStepResult of press_Key: pass
2016-01-28 04:49:00,663 DEBUG [EBRE22_NetworkSTTL-116705] allstep_result contains: passPasspassPasspassPasspasspasspassPassPassPassnull
2016-01-28 04:49:00,663 DEBUG [EBRE22_NetworkSTTL-116705] allexpected_result contains: nullPassnullPassnullPassnullpassnullpassnull
2016-01-28 04:49:00,663 DEBUG [EBRE22_NetworkSTTL-116705] Testcase_Result contains: nullPassnullPassnullPassnullpassnullpassnullpassPasspassPasspassPasspasspasspassPassPassPassnull
2016-01-28 04:49:00,663 DEBUG [EBRE22_NetworkSTTL-116705] Test case with description Test Network event of JSON Object type Pass
2016-01-28 04:49:01,568 DEBUG [EBRE22_NetworkSTTL-116705] Executing browser_Quit function
2016-01-28 04:49:01,568 DEBUG [EBRE22_NetworkSTTL-116705] Completed browser_Quit function
2016-01-28 04:49:01,568 DEBUG [EBRE22_NetworkSTTL-116705] Completed quitSelendroid function
2016-01-28 04:49:01,568 DEBUG [EBRE22_NetworkSTTL-116705] Row number:6
2016-01-28 04:49:01,595 DEBUG [EBRE22_NetworkSTTL-116705] Ending Test Case IDSTTL-116705
