2016-01-28 04:45:28,619 DEBUG [EBRE22_NetworkSTTL-116704] Executing Test Case ID: STTL-116704
2016-01-28 04:45:28,624 DEBUG [EBRE22_NetworkSTTL-116704] Executing Init_Selendroid function with APK as parameter and clear data value with 1
2016-01-28 04:45:39,230 DEBUG [EBRE22_NetworkSTTL-116704] Exiting Init_Selendroid function
2016-01-28 04:45:39,242 DEBUG [EBRE22_NetworkSTTL-116704] TestCase with Description "Check network event upon toggling the WLAN connection" Execution started
2016-01-28 04:45:39,243 DEBUG [EBRE22_NetworkSTTL-116704] In execute keyword function
2016-01-28 04:45:39,243 DEBUG [EBRE22_NetworkSTTL-116704] Executing wait function:
2016-01-28 04:45:39,243 DEBUG [EBRE22_NetworkSTTL-116704] Started Executing wait function
2016-01-28 04:45:42,244 DEBUG [EBRE22_NetworkSTTL-116704] Exiting from wait function
2016-01-28 04:45:42,244 DEBUG [EBRE22_NetworkSTTL-116704] TestStepResult of wait: Pass
2016-01-28 04:45:42,244 DEBUG [EBRE22_NetworkSTTL-116704] In execute keyword function
2016-01-28 04:45:42,244 DEBUG [EBRE22_NetworkSTTL-116704] Executing validate_PageTitle function:
2016-01-28 04:45:42,282 DEBUG [EBRE22_NetworkSTTL-116704] The title of the page is *********************************: RE 2.2 Tests
2016-01-28 04:45:42,282 DEBUG [EBRE22_NetworkSTTL-116704] The page title found is correct
2016-01-28 04:45:42,283 DEBUG [EBRE22_NetworkSTTL-116704] Result of validate_PageTitle: pass
2016-01-28 04:45:42,283 DEBUG [EBRE22_NetworkSTTL-116704] In execute keyword function
2016-01-28 04:45:42,283 DEBUG [EBRE22_NetworkSTTL-116704] Executing link_Click function:
2016-01-28 04:45:42,950 DEBUG [EBRE22_NetworkSTTL-116704] Executing Click function
2016-01-28 04:45:44,037 DEBUG [EBRE22_NetworkSTTL-116704] Exiting Click function
2016-01-28 04:45:44,037 DEBUG [EBRE22_NetworkSTTL-116704] network22_test_link clicked successfully
2016-01-28 04:45:44,037 DEBUG [EBRE22_NetworkSTTL-116704] TestStepResult of link_Click: Pass
2016-01-28 04:45:44,037 DEBUG [EBRE22_NetworkSTTL-116704] In execute keyword function
2016-01-28 04:45:44,037 DEBUG [EBRE22_NetworkSTTL-116704] Executing wait function:
2016-01-28 04:45:44,037 DEBUG [EBRE22_NetworkSTTL-116704] Started Executing wait function
2016-01-28 04:45:46,037 DEBUG [EBRE22_NetworkSTTL-116704] Exiting from wait function
2016-01-28 04:45:46,037 DEBUG [EBRE22_NetworkSTTL-116704] TestStepResult of wait: Pass
2016-01-28 04:45:46,037 DEBUG [EBRE22_NetworkSTTL-116704] In execute keyword function
2016-01-28 04:45:46,037 DEBUG [EBRE22_NetworkSTTL-116704] Executing validate_PageTitle function:
2016-01-28 04:45:46,071 DEBUG [EBRE22_NetworkSTTL-116704] The title of the page is *********************************: Network
2016-01-28 04:45:46,072 DEBUG [EBRE22_NetworkSTTL-116704] The page title found is correct
2016-01-28 04:45:46,072 DEBUG [EBRE22_NetworkSTTL-116704] Result of validate_PageTitle: pass
2016-01-28 04:45:46,072 DEBUG [EBRE22_NetworkSTTL-116704] In execute keyword function
2016-01-28 04:45:46,072 DEBUG [EBRE22_NetworkSTTL-116704] Executing SelectTestToRun function:
2016-01-28 04:45:48,729 DEBUG [EBRE22_NetworkSTTL-116704] Successfull in selecting clicking the category
2016-01-28 04:45:48,729 DEBUG [EBRE22_NetworkSTTL-116704] TestStepResult of SelectTestToRun: pass
2016-01-28 04:45:48,729 DEBUG [EBRE22_NetworkSTTL-116704] In execute keyword function
2016-01-28 04:45:48,729 DEBUG [EBRE22_NetworkSTTL-116704] Executing validate_Text_Exists function:
2016-01-28 04:45:48,981 DEBUG [EBRE22_NetworkSTTL-116704] VT187-0751 Testcase Text found
2016-01-28 04:45:48,981 DEBUG [EBRE22_NetworkSTTL-116704] Result of validate_Text_Exists: Pass
2016-01-28 04:45:48,981 DEBUG [EBRE22_NetworkSTTL-116704] In execute keyword function
2016-01-28 04:45:48,982 DEBUG [EBRE22_NetworkSTTL-116704] Executing ClickRunTest function:
2016-01-28 04:45:49,292 DEBUG [EBRE22_NetworkSTTL-116704] Executing Click function
2016-01-28 04:45:50,315 DEBUG [EBRE22_NetworkSTTL-116704] Exiting Click function
2016-01-28 04:45:50,315 DEBUG [EBRE22_NetworkSTTL-116704] runtest_top_xpath Button clicked Successfully
2016-01-28 04:45:50,316 DEBUG [EBRE22_NetworkSTTL-116704] TestStepResult of ClickRunTest: pass
2016-01-28 04:45:50,316 DEBUG [EBRE22_NetworkSTTL-116704] In execute keyword function
2016-01-28 04:45:50,316 DEBUG [EBRE22_NetworkSTTL-116704] Executing validate_Result function:
2016-01-28 04:45:50,620 DEBUG [EBRE22_NetworkSTTL-116704] 1 Text found in Count =1Connection status: Connected
2016-01-28 04:45:50,620 DEBUG [EBRE22_NetworkSTTL-116704] Result of validate_Result: Pass
2016-01-28 04:45:50,620 DEBUG [EBRE22_NetworkSTTL-116704] In execute keyword function
2016-01-28 04:45:50,620 DEBUG [EBRE22_NetworkSTTL-116704] Executing validate_Result function:
2016-01-28 04:45:50,834 DEBUG [EBRE22_NetworkSTTL-116704] Connected Text found in Count =1Connection status: Connected
2016-01-28 04:45:50,834 DEBUG [EBRE22_NetworkSTTL-116704] Result of validate_Result: Pass
2016-01-28 04:45:50,834 DEBUG [EBRE22_NetworkSTTL-116704] In execute keyword function
2016-01-28 04:45:50,834 DEBUG [EBRE22_NetworkSTTL-116704] Executing wifi_Mode function:
2016-01-28 04:45:50,834 DEBUG [EBRE22_NetworkSTTL-116704] Started executeCommandLine function
2016-01-28 04:45:54,855 DEBUG [EBRE22_NetworkSTTL-116704] Turning off WiFi
2016-01-28 04:45:54,855 DEBUG [EBRE22_NetworkSTTL-116704] Started executeCommandLine function
2016-01-28 04:45:59,876 DEBUG [EBRE22_NetworkSTTL-116704] Started executeCommandLine function
2016-01-28 04:46:13,898 DEBUG [EBRE22_NetworkSTTL-116704] TestStepResult of wifi_Mode: pass
2016-01-28 04:46:13,898 DEBUG [EBRE22_NetworkSTTL-116704] In execute keyword function
2016-01-28 04:46:13,898 DEBUG [EBRE22_NetworkSTTL-116704] Executing wait function:
2016-01-28 04:46:13,898 DEBUG [EBRE22_NetworkSTTL-116704] Started Executing wait function
2016-01-28 04:46:15,898 DEBUG [EBRE22_NetworkSTTL-116704] Exiting from wait function
2016-01-28 04:46:15,898 DEBUG [EBRE22_NetworkSTTL-116704] TestStepResult of wait: Pass
2016-01-28 04:46:15,898 DEBUG [EBRE22_NetworkSTTL-116704] In execute keyword function
2016-01-28 04:46:15,898 DEBUG [EBRE22_NetworkSTTL-116704] Executing press_Key function:
2016-01-28 04:46:15,898 DEBUG [EBRE22_NetworkSTTL-116704] Started executeCommandLine function
2016-01-28 04:46:19,919 DEBUG [EBRE22_NetworkSTTL-116704] Exiting from executeCommandLine function
2016-01-28 04:46:19,919 DEBUG [EBRE22_NetworkSTTL-116704] pressed on the home key
2016-01-28 04:46:19,919 DEBUG [EBRE22_NetworkSTTL-116704] home works
2016-01-28 04:46:20,919 DEBUG [EBRE22_NetworkSTTL-116704] TestStepResult of press_Key: pass
2016-01-28 04:46:20,919 DEBUG [EBRE22_NetworkSTTL-116704] In execute keyword function
2016-01-28 04:46:20,919 DEBUG [EBRE22_NetworkSTTL-116704] Executing launch_App_Device function:
2016-01-28 04:46:20,919 DEBUG [EBRE22_NetworkSTTL-116704] Started Executing Launch_App_Device function
2016-01-28 04:46:20,919 DEBUG [EBRE22_NetworkSTTL-116704] Started executeCommandLine function
2016-01-28 04:46:24,941 DEBUG [EBRE22_NetworkSTTL-116704] Exiting from executeCommandLine function
2016-01-28 04:46:25,941 DEBUG [EBRE22_NetworkSTTL-116704] Successfully launched the App
2016-01-28 04:46:25,941 DEBUG [EBRE22_NetworkSTTL-116704] Exiting Launch_App_Device function
2016-01-28 04:46:25,941 DEBUG [EBRE22_NetworkSTTL-116704] TestStepResult of launch_App_Device: Pass
2016-01-28 04:46:25,941 DEBUG [EBRE22_NetworkSTTL-116704] In execute keyword function
2016-01-28 04:46:25,941 DEBUG [EBRE22_NetworkSTTL-116704] Executing validate_Result function:
2016-01-28 04:46:26,135 DEBUG [EBRE22_NetworkSTTL-116704] 2 Text found in Count =2Connection status: Disconnected
2016-01-28 04:46:26,135 DEBUG [EBRE22_NetworkSTTL-116704] Result of validate_Result: Pass
2016-01-28 04:46:26,135 DEBUG [EBRE22_NetworkSTTL-116704] In execute keyword function
2016-01-28 04:46:26,135 DEBUG [EBRE22_NetworkSTTL-116704] Executing validate_Result function:
2016-01-28 04:46:26,275 DEBUG [EBRE22_NetworkSTTL-116704] Disconnected Text found in Count =2Connection status: Disconnected
2016-01-28 04:46:26,275 DEBUG [EBRE22_NetworkSTTL-116704] Result of validate_Result: Pass
2016-01-28 04:46:26,276 DEBUG [EBRE22_NetworkSTTL-116704] In execute keyword function
2016-01-28 04:46:26,276 DEBUG [EBRE22_NetworkSTTL-116704] Executing wifi_Mode function:
2016-01-28 04:46:26,276 DEBUG [EBRE22_NetworkSTTL-116704] Started executeCommandLine function
2016-01-28 04:46:30,295 DEBUG [EBRE22_NetworkSTTL-116704] Turning on WiFi
2016-01-28 04:46:30,295 DEBUG [EBRE22_NetworkSTTL-116704] Started executeCommandLine function
2016-01-28 04:46:35,315 DEBUG [EBRE22_NetworkSTTL-116704] Started executeCommandLine function
2016-01-28 04:46:49,337 DEBUG [EBRE22_NetworkSTTL-116704] TestStepResult of wifi_Mode: pass
2016-01-28 04:46:49,337 DEBUG [EBRE22_NetworkSTTL-116704] In execute keyword function
2016-01-28 04:46:49,337 DEBUG [EBRE22_NetworkSTTL-116704] Executing wait function:
2016-01-28 04:46:49,337 DEBUG [EBRE22_NetworkSTTL-116704] Started Executing wait function
2016-01-28 04:47:09,338 DEBUG [EBRE22_NetworkSTTL-116704] Exiting from wait function
2016-01-28 04:47:09,338 DEBUG [EBRE22_NetworkSTTL-116704] TestStepResult of wait: Pass
2016-01-28 04:47:09,338 DEBUG [EBRE22_NetworkSTTL-116704] In execute keyword function
2016-01-28 04:47:09,338 DEBUG [EBRE22_NetworkSTTL-116704] Executing press_Key function:
2016-01-28 04:47:09,338 DEBUG [EBRE22_NetworkSTTL-116704] Started executeCommandLine function
2016-01-28 04:47:13,360 DEBUG [EBRE22_NetworkSTTL-116704] Exiting from executeCommandLine function
2016-01-28 04:47:13,360 DEBUG [EBRE22_NetworkSTTL-116704] pressed on the home key
2016-01-28 04:47:13,360 DEBUG [EBRE22_NetworkSTTL-116704] home works
2016-01-28 04:47:14,360 DEBUG [EBRE22_NetworkSTTL-116704] TestStepResult of press_Key: pass
2016-01-28 04:47:14,360 DEBUG [EBRE22_NetworkSTTL-116704] allstep_result contains: passPasspassPasspassPasspasspasspassPassPassPassnull
2016-01-28 04:47:14,360 DEBUG [EBRE22_NetworkSTTL-116704] allexpected_result contains: nullPassPassnullPassPassnullPassnullpassnullpassnull
2016-01-28 04:47:14,360 DEBUG [EBRE22_NetworkSTTL-116704] Testcase_Result contains: nullPassPassnullPassPassnullPassnullpassnullpassnullpassPasspassPasspassPasspasspasspassPassPassPassnull
2016-01-28 04:47:14,360 DEBUG [EBRE22_NetworkSTTL-116704] Test case with description Check network event upon toggling the WLAN connection Pass
2016-01-28 04:47:15,249 DEBUG [EBRE22_NetworkSTTL-116704] Executing browser_Quit function
2016-01-28 04:47:15,249 DEBUG [EBRE22_NetworkSTTL-116704] Completed browser_Quit function
2016-01-28 04:47:15,249 DEBUG [EBRE22_NetworkSTTL-116704] Completed quitSelendroid function
2016-01-28 04:47:15,249 DEBUG [EBRE22_NetworkSTTL-116704] Row number:5
2016-01-28 04:47:15,285 DEBUG [EBRE22_NetworkSTTL-116704] Ending Test Case IDSTTL-116704
