2016-01-28 01:19:33,021 DEBUG [EBPB_ImagerSTTL-116712] Executing Test Case ID: STTL-116712
2016-01-28 01:19:33,026 DEBUG [EBPB_ImagerSTTL-116712] Executing Init_Selendroid function with APK as parameter and clear data value with 1
2016-01-28 01:19:43,595 DEBUG [EBPB_ImagerSTTL-116712] Exiting Init_Selendroid function
2016-01-28 01:19:43,608 DEBUG [EBPB_ImagerSTTL-116712] TestCase with Description "Imager Event" Execution started
2016-01-28 01:19:43,608 DEBUG [EBPB_ImagerSTTL-116712] In execute keyword function
2016-01-28 01:19:43,608 DEBUG [EBPB_ImagerSTTL-116712] Executing wait function:
2016-01-28 01:19:43,608 DEBUG [EBPB_ImagerSTTL-116712] Started Executing wait function
2016-01-28 01:19:46,608 DEBUG [EBPB_ImagerSTTL-116712] Exiting from wait function
2016-01-28 01:19:46,608 DEBUG [EBPB_ImagerSTTL-116712] TestStepResult of wait: Pass
2016-01-28 01:19:46,608 DEBUG [EBPB_ImagerSTTL-116712] In execute keyword function
2016-01-28 01:19:46,608 DEBUG [EBPB_ImagerSTTL-116712] Executing validate_PageTitle function:
2016-01-28 01:19:46,650 DEBUG [EBPB_ImagerSTTL-116712] The title of the page is *********************************: Pocket Browser Tests
2016-01-28 01:19:46,650 DEBUG [EBPB_ImagerSTTL-116712] The page title found is correct
2016-01-28 01:19:46,650 DEBUG [EBPB_ImagerSTTL-116712] Result of validate_PageTitle: pass
2016-01-28 01:19:46,650 DEBUG [EBPB_ImagerSTTL-116712] In execute keyword function
2016-01-28 01:19:46,650 DEBUG [EBPB_ImagerSTTL-116712] Executing link_Click function:
2016-01-28 01:19:47,282 DEBUG [EBPB_ImagerSTTL-116712] Executing Click function
2016-01-28 01:19:48,369 DEBUG [EBPB_ImagerSTTL-116712] Exiting Click function
2016-01-28 01:19:48,369 DEBUG [EBPB_ImagerSTTL-116712] imager_test_link clicked successfully
2016-01-28 01:19:48,369 DEBUG [EBPB_ImagerSTTL-116712] TestStepResult of link_Click: Pass
2016-01-28 01:19:48,369 DEBUG [EBPB_ImagerSTTL-116712] In execute keyword function
2016-01-28 01:19:48,369 DEBUG [EBPB_ImagerSTTL-116712] Executing validate_PageTitle function:
2016-01-28 01:19:48,390 DEBUG [EBPB_ImagerSTTL-116712] The title of the page is *********************************: PB and RE2.2 Semi Auto Frame Work : Imager
2016-01-28 01:19:48,390 DEBUG [EBPB_ImagerSTTL-116712] The page title found is correct
2016-01-28 01:19:48,390 DEBUG [EBPB_ImagerSTTL-116712] Result of validate_PageTitle: pass
2016-01-28 01:19:48,390 DEBUG [EBPB_ImagerSTTL-116712] In execute keyword function
2016-01-28 01:19:48,390 DEBUG [EBPB_ImagerSTTL-116712] Executing SelectTestToRun function:
2016-01-28 01:19:52,558 DEBUG [EBPB_ImagerSTTL-116712] Successfull in selecting clicking the category
2016-01-28 01:19:52,559 DEBUG [EBPB_ImagerSTTL-116712] TestStepResult of SelectTestToRun: pass
2016-01-28 01:19:52,559 DEBUG [EBPB_ImagerSTTL-116712] In execute keyword function
2016-01-28 01:19:52,559 DEBUG [EBPB_ImagerSTTL-116712] Executing validate_Text_Exists function:
2016-01-28 01:19:52,816 DEBUG [EBPB_ImagerSTTL-116712] VT056-1142 Testcase Text found
2016-01-28 01:19:52,816 DEBUG [EBPB_ImagerSTTL-116712] Result of validate_Text_Exists: Pass
2016-01-28 01:19:52,816 DEBUG [EBPB_ImagerSTTL-116712] In execute keyword function
2016-01-28 01:19:52,816 DEBUG [EBPB_ImagerSTTL-116712] Executing ClickRunTest function:
2016-01-28 01:19:53,136 DEBUG [EBPB_ImagerSTTL-116712] Executing Click function
2016-01-28 01:19:54,162 DEBUG [EBPB_ImagerSTTL-116712] Exiting Click function
2016-01-28 01:19:54,162 DEBUG [EBPB_ImagerSTTL-116712] runtest_top_xpath Button clicked Successfully
2016-01-28 01:19:54,162 DEBUG [EBPB_ImagerSTTL-116712] TestStepResult of ClickRunTest: pass
2016-01-28 01:19:54,162 DEBUG [EBPB_ImagerSTTL-116712] In execute keyword function
2016-01-28 01:19:54,162 DEBUG [EBPB_ImagerSTTL-116712] Executing wait function:
2016-01-28 01:19:54,162 DEBUG [EBPB_ImagerSTTL-116712] Started Executing wait function
2016-01-28 01:20:09,163 DEBUG [EBPB_ImagerSTTL-116712] Exiting from wait function
2016-01-28 01:20:09,163 DEBUG [EBPB_ImagerSTTL-116712] TestStepResult of wait: Pass
2016-01-28 01:20:09,163 DEBUG [EBPB_ImagerSTTL-116712] In execute keyword function
2016-01-28 01:20:09,163 DEBUG [EBPB_ImagerSTTL-116712] Executing validate_Result function:
2016-01-28 01:20:09,441 DEBUG [EBPB_ImagerSTTL-116712] Sent Text found in FileSent
2016-01-28 01:20:09,442 DEBUG [EBPB_ImagerSTTL-116712] Result of validate_Result: Pass
2016-01-28 01:20:09,442 DEBUG [EBPB_ImagerSTTL-116712] allstep_result contains: PasspasspassPassPassnull
2016-01-28 01:20:09,442 DEBUG [EBPB_ImagerSTTL-116712] allexpected_result contains: nullPassnullPassnullpassnullpassnull
2016-01-28 01:20:09,442 DEBUG [EBPB_ImagerSTTL-116712] Testcase_Result contains: nullPassnullPassnullpassnullpassnullPasspasspassPassPassnull
2016-01-28 01:20:09,442 DEBUG [EBPB_ImagerSTTL-116712] Test case with description Imager Event Pass
2016-01-28 01:20:10,458 DEBUG [EBPB_ImagerSTTL-116712] Executing browser_Quit function
2016-01-28 01:20:10,458 DEBUG [EBPB_ImagerSTTL-116712] Completed browser_Quit function
2016-01-28 01:20:10,458 DEBUG [EBPB_ImagerSTTL-116712] Completed quitSelendroid function
2016-01-28 01:20:10,459 DEBUG [EBPB_ImagerSTTL-116712] Row number:13
2016-01-28 01:20:10,505 DEBUG [EBPB_ImagerSTTL-116712] Ending Test Case IDSTTL-116712
