2016-01-28 01:16:18,198 DEBUG [EBPB_ImagerSTTL-116706] Executing Test Case ID: STTL-116706
2016-01-28 01:16:18,204 DEBUG [EBPB_ImagerSTTL-116706] Executing Init_Selendroid function with APK as parameter and clear data value with 1
2016-01-28 01:16:27,177 DEBUG [EBPB_ImagerSTTL-116706] Exiting Init_Selendroid function
2016-01-28 01:16:27,190 DEBUG [EBPB_ImagerSTTL-116706] TestCase with Description "Disable the imager device" Execution started
2016-01-28 01:16:27,190 DEBUG [EBPB_ImagerSTTL-116706] In execute keyword function
2016-01-28 01:16:27,190 DEBUG [EBPB_ImagerSTTL-116706] Executing wait function:
2016-01-28 01:16:27,190 DEBUG [EBPB_ImagerSTTL-116706] Started Executing wait function
2016-01-28 01:16:30,190 DEBUG [EBPB_ImagerSTTL-116706] Exiting from wait function
2016-01-28 01:16:30,190 DEBUG [EBPB_ImagerSTTL-116706] TestStepResult of wait: Pass
2016-01-28 01:16:30,190 DEBUG [EBPB_ImagerSTTL-116706] In execute keyword function
2016-01-28 01:16:30,190 DEBUG [EBPB_ImagerSTTL-116706] Executing validate_PageTitle function:
2016-01-28 01:16:30,230 DEBUG [EBPB_ImagerSTTL-116706] The title of the page is *********************************: Pocket Browser Tests
2016-01-28 01:16:30,230 DEBUG [EBPB_ImagerSTTL-116706] The page title found is correct
2016-01-28 01:16:30,230 DEBUG [EBPB_ImagerSTTL-116706] Result of validate_PageTitle: pass
2016-01-28 01:16:30,230 DEBUG [EBPB_ImagerSTTL-116706] In execute keyword function
2016-01-28 01:16:30,230 DEBUG [EBPB_ImagerSTTL-116706] Executing link_Click function:
2016-01-28 01:16:31,031 DEBUG [EBPB_ImagerSTTL-116706] Executing Click function
2016-01-28 01:16:32,089 DEBUG [EBPB_ImagerSTTL-116706] Exiting Click function
2016-01-28 01:16:32,089 DEBUG [EBPB_ImagerSTTL-116706] imager_test_link clicked successfully
2016-01-28 01:16:32,089 DEBUG [EBPB_ImagerSTTL-116706] TestStepResult of link_Click: Pass
2016-01-28 01:16:32,089 DEBUG [EBPB_ImagerSTTL-116706] In execute keyword function
2016-01-28 01:16:32,089 DEBUG [EBPB_ImagerSTTL-116706] Executing validate_PageTitle function:
2016-01-28 01:16:32,113 DEBUG [EBPB_ImagerSTTL-116706] The title of the page is *********************************: PB and RE2.2 Semi Auto Frame Work : Imager
2016-01-28 01:16:32,113 DEBUG [EBPB_ImagerSTTL-116706] The page title found is correct
2016-01-28 01:16:32,113 DEBUG [EBPB_ImagerSTTL-116706] Result of validate_PageTitle: pass
2016-01-28 01:16:32,113 DEBUG [EBPB_ImagerSTTL-116706] In execute keyword function
2016-01-28 01:16:32,113 DEBUG [EBPB_ImagerSTTL-116706] Executing SelectTestToRun function:
2016-01-28 01:16:35,237 DEBUG [EBPB_ImagerSTTL-116706] Successfull in selecting clicking the category
2016-01-28 01:16:35,237 DEBUG [EBPB_ImagerSTTL-116706] TestStepResult of SelectTestToRun: pass
2016-01-28 01:16:35,237 DEBUG [EBPB_ImagerSTTL-116706] In execute keyword function
2016-01-28 01:16:35,237 DEBUG [EBPB_ImagerSTTL-116706] Executing validate_Text_Exists function:
2016-01-28 01:16:35,486 DEBUG [EBPB_ImagerSTTL-116706] VT056-1127 Testcase Text found
2016-01-28 01:16:35,486 DEBUG [EBPB_ImagerSTTL-116706] Result of validate_Text_Exists: Pass
2016-01-28 01:16:35,487 DEBUG [EBPB_ImagerSTTL-116706] In execute keyword function
2016-01-28 01:16:35,487 DEBUG [EBPB_ImagerSTTL-116706] Executing ClickRunTest function:
2016-01-28 01:16:35,794 DEBUG [EBPB_ImagerSTTL-116706] Executing Click function
2016-01-28 01:16:36,833 DEBUG [EBPB_ImagerSTTL-116706] Exiting Click function
2016-01-28 01:16:36,833 DEBUG [EBPB_ImagerSTTL-116706] runtest_top_xpath Button clicked Successfully
2016-01-28 01:16:36,833 DEBUG [EBPB_ImagerSTTL-116706] TestStepResult of ClickRunTest: pass
2016-01-28 01:16:36,833 DEBUG [EBPB_ImagerSTTL-116706] In execute keyword function
2016-01-28 01:16:36,833 DEBUG [EBPB_ImagerSTTL-116706] Executing wait function:
2016-01-28 01:16:36,833 DEBUG [EBPB_ImagerSTTL-116706] Started Executing wait function
2016-01-28 01:16:38,833 DEBUG [EBPB_ImagerSTTL-116706] Exiting from wait function
2016-01-28 01:16:38,833 DEBUG [EBPB_ImagerSTTL-116706] TestStepResult of wait: Pass
2016-01-28 01:16:38,833 DEBUG [EBPB_ImagerSTTL-116706] In execute keyword function
2016-01-28 01:16:38,833 DEBUG [EBPB_ImagerSTTL-116706] Executing ClickRunTest function:
2016-01-28 01:16:39,196 DEBUG [EBPB_ImagerSTTL-116706] Executing Click function
2016-01-28 01:16:40,197 DEBUG [EBPB_ImagerSTTL-116706] Exiting Click function
2016-01-28 01:16:40,197 DEBUG [EBPB_ImagerSTTL-116706] capture_xpath Button clicked Successfully
2016-01-28 01:16:40,197 DEBUG [EBPB_ImagerSTTL-116706] TestStepResult of ClickRunTest: pass
2016-01-28 01:16:40,198 DEBUG [EBPB_ImagerSTTL-116706] In execute keyword function
2016-01-28 01:16:40,198 DEBUG [EBPB_ImagerSTTL-116706] Executing wait function:
2016-01-28 01:16:40,198 DEBUG [EBPB_ImagerSTTL-116706] Started Executing wait function
2016-01-28 01:16:42,199 DEBUG [EBPB_ImagerSTTL-116706] Exiting from wait function
2016-01-28 01:16:42,199 DEBUG [EBPB_ImagerSTTL-116706] TestStepResult of wait: Pass
2016-01-28 01:16:42,199 DEBUG [EBPB_ImagerSTTL-116706] In execute keyword function
2016-01-28 01:16:42,199 DEBUG [EBPB_ImagerSTTL-116706] Executing ClickRunTest function:
2016-01-28 01:16:42,701 DEBUG [EBPB_ImagerSTTL-116706] Executing Click function
2016-01-28 01:16:43,774 DEBUG [EBPB_ImagerSTTL-116706] Exiting Click function
2016-01-28 01:16:43,774 DEBUG [EBPB_ImagerSTTL-116706] disable_xpath Button clicked Successfully
2016-01-28 01:16:43,774 DEBUG [EBPB_ImagerSTTL-116706] TestStepResult of ClickRunTest: pass
2016-01-28 01:16:43,775 DEBUG [EBPB_ImagerSTTL-116706] In execute keyword function
2016-01-28 01:16:43,775 DEBUG [EBPB_ImagerSTTL-116706] Executing validate_Text_Exists function:
2016-01-28 01:16:43,938 DEBUG [EBPB_ImagerSTTL-116706] VT056-1127 Testcase Text found
2016-01-28 01:16:43,938 DEBUG [EBPB_ImagerSTTL-116706] Result of validate_Text_Exists: Pass
2016-01-28 01:16:43,938 DEBUG [EBPB_ImagerSTTL-116706] allstep_result contains: passPasspassPasspasspassPassPassnull
2016-01-28 01:16:43,938 DEBUG [EBPB_ImagerSTTL-116706] allexpected_result contains: nullPassnullPassnullpassnullpassnull
2016-01-28 01:16:43,938 DEBUG [EBPB_ImagerSTTL-116706] Testcase_Result contains: nullPassnullPassnullpassnullpassnullpassPasspassPasspasspassPassPassnull
2016-01-28 01:16:43,938 DEBUG [EBPB_ImagerSTTL-116706] Test case with description Disable the imager device Pass
2016-01-28 01:16:44,925 DEBUG [EBPB_ImagerSTTL-116706] Executing browser_Quit function
2016-01-28 01:16:44,925 DEBUG [EBPB_ImagerSTTL-116706] Completed browser_Quit function
2016-01-28 01:16:44,925 DEBUG [EBPB_ImagerSTTL-116706] Completed quitSelendroid function
2016-01-28 01:16:44,925 DEBUG [EBPB_ImagerSTTL-116706] Row number:7
2016-01-28 01:16:44,959 DEBUG [EBPB_ImagerSTTL-116706] Ending Test Case IDSTTL-116706
