2016-01-28 01:20:47,625 DEBUG [EBPB_ImagerSTTL-116714] Executing Test Case ID: STTL-116714
2016-01-28 01:20:47,631 DEBUG [EBPB_ImagerSTTL-116714] Executing Init_Selendroid function with APK as parameter and clear data value with 1
2016-01-28 01:20:58,078 DEBUG [EBPB_ImagerSTTL-116714] Exiting Init_Selendroid function
2016-01-28 01:20:58,091 DEBUG [EBPB_ImagerSTTL-116714] TestCase with Description "Imager" Execution started
2016-01-28 01:20:58,091 DEBUG [EBPB_ImagerSTTL-116714] In execute keyword function
2016-01-28 01:20:58,091 DEBUG [EBPB_ImagerSTTL-116714] Executing wait function:
2016-01-28 01:20:58,091 DEBUG [EBPB_ImagerSTTL-116714] Started Executing wait function
2016-01-28 01:21:01,091 DEBUG [EBPB_ImagerSTTL-116714] Exiting from wait function
2016-01-28 01:21:01,091 DEBUG [EBPB_ImagerSTTL-116714] TestStepResult of wait: Pass
2016-01-28 01:21:01,091 DEBUG [EBPB_ImagerSTTL-116714] In execute keyword function
2016-01-28 01:21:01,091 DEBUG [EBPB_ImagerSTTL-116714] Executing validate_PageTitle function:
2016-01-28 01:21:01,133 DEBUG [EBPB_ImagerSTTL-116714] The title of the page is *********************************: Pocket Browser Tests
2016-01-28 01:21:01,133 DEBUG [EBPB_ImagerSTTL-116714] The page title found is correct
2016-01-28 01:21:01,133 DEBUG [EBPB_ImagerSTTL-116714] Result of validate_PageTitle: pass
2016-01-28 01:21:01,133 DEBUG [EBPB_ImagerSTTL-116714] In execute keyword function
2016-01-28 01:21:01,133 DEBUG [EBPB_ImagerSTTL-116714] Executing link_Click function:
2016-01-28 01:21:01,787 DEBUG [EBPB_ImagerSTTL-116714] Executing Click function
2016-01-28 01:21:02,857 DEBUG [EBPB_ImagerSTTL-116714] Exiting Click function
2016-01-28 01:21:02,857 DEBUG [EBPB_ImagerSTTL-116714] imager_test_link clicked successfully
2016-01-28 01:21:02,857 DEBUG [EBPB_ImagerSTTL-116714] TestStepResult of link_Click: Pass
2016-01-28 01:21:02,857 DEBUG [EBPB_ImagerSTTL-116714] In execute keyword function
2016-01-28 01:21:02,857 DEBUG [EBPB_ImagerSTTL-116714] Executing validate_PageTitle function:
2016-01-28 01:21:02,871 DEBUG [EBPB_ImagerSTTL-116714] The title of the page is *********************************: PB and RE2.2 Semi Auto Frame Work : Imager
2016-01-28 01:21:02,871 DEBUG [EBPB_ImagerSTTL-116714] The page title found is correct
2016-01-28 01:21:02,871 DEBUG [EBPB_ImagerSTTL-116714] Result of validate_PageTitle: pass
2016-01-28 01:21:02,871 DEBUG [EBPB_ImagerSTTL-116714] In execute keyword function
2016-01-28 01:21:02,871 DEBUG [EBPB_ImagerSTTL-116714] Executing SelectTestToRun function:
2016-01-28 01:21:07,322 DEBUG [EBPB_ImagerSTTL-116714] Successfull in selecting clicking the category
2016-01-28 01:21:07,322 DEBUG [EBPB_ImagerSTTL-116714] TestStepResult of SelectTestToRun: pass
2016-01-28 01:21:07,322 DEBUG [EBPB_ImagerSTTL-116714] In execute keyword function
2016-01-28 01:21:07,322 DEBUG [EBPB_ImagerSTTL-116714] Executing validate_Text_Exists function:
2016-01-28 01:21:07,588 DEBUG [EBPB_ImagerSTTL-116714] VT056-1146 Testcase Text found
2016-01-28 01:21:07,588 DEBUG [EBPB_ImagerSTTL-116714] Result of validate_Text_Exists: Pass
2016-01-28 01:21:07,588 DEBUG [EBPB_ImagerSTTL-116714] In execute keyword function
2016-01-28 01:21:07,588 DEBUG [EBPB_ImagerSTTL-116714] Executing ClickRunTest function:
2016-01-28 01:21:07,939 DEBUG [EBPB_ImagerSTTL-116714] Executing Click function
2016-01-28 01:21:08,937 DEBUG [EBPB_ImagerSTTL-116714] Exiting Click function
2016-01-28 01:21:08,938 DEBUG [EBPB_ImagerSTTL-116714] runtest_top_xpath Button clicked Successfully
2016-01-28 01:21:08,938 DEBUG [EBPB_ImagerSTTL-116714] TestStepResult of ClickRunTest: pass
2016-01-28 01:21:08,938 DEBUG [EBPB_ImagerSTTL-116714] In execute keyword function
2016-01-28 01:21:08,938 DEBUG [EBPB_ImagerSTTL-116714] Executing wait function:
2016-01-28 01:21:08,938 DEBUG [EBPB_ImagerSTTL-116714] Started Executing wait function
2016-01-28 01:21:23,940 DEBUG [EBPB_ImagerSTTL-116714] Exiting from wait function
2016-01-28 01:21:23,940 DEBUG [EBPB_ImagerSTTL-116714] TestStepResult of wait: Pass
2016-01-28 01:21:23,940 DEBUG [EBPB_ImagerSTTL-116714] In execute keyword function
2016-01-28 01:21:23,940 DEBUG [EBPB_ImagerSTTL-116714] Executing validate_Result function:
2016-01-28 01:21:24,208 DEBUG [EBPB_ImagerSTTL-116714] Sent Text found in JSON response: OK: File Sent
2016-01-28 01:21:24,208 DEBUG [EBPB_ImagerSTTL-116714] Result of validate_Result: Pass
2016-01-28 01:21:24,208 DEBUG [EBPB_ImagerSTTL-116714] allstep_result contains: PasspasspassPassPassnull
2016-01-28 01:21:24,208 DEBUG [EBPB_ImagerSTTL-116714] allexpected_result contains: nullPassnullPassnullpassnullpassnull
2016-01-28 01:21:24,208 DEBUG [EBPB_ImagerSTTL-116714] Testcase_Result contains: nullPassnullPassnullpassnullpassnullPasspasspassPassPassnull
2016-01-28 01:21:24,208 DEBUG [EBPB_ImagerSTTL-116714] Test case with description Imager Pass
2016-01-28 01:21:25,195 DEBUG [EBPB_ImagerSTTL-116714] Executing browser_Quit function
2016-01-28 01:21:25,195 DEBUG [EBPB_ImagerSTTL-116714] Completed browser_Quit function
2016-01-28 01:21:25,195 DEBUG [EBPB_ImagerSTTL-116714] Completed quitSelendroid function
2016-01-28 01:21:25,195 DEBUG [EBPB_ImagerSTTL-116714] Row number:15
2016-01-28 01:21:25,232 DEBUG [EBPB_ImagerSTTL-116714] Ending Test Case IDSTTL-116714
