2016-01-27 18:50:18,212 DEBUG [EBManual_Intent_JSSTTL-116727] Executing Test Case ID: STTL-116727
2016-01-27 18:50:18,221 DEBUG [EBManual_Intent_JSSTTL-116727] Executing Init_Selendroid function with APK as parameter and clear data value with 1
2016-01-27 18:50:28,475 DEBUG [EBManual_Intent_JSSTTL-116727] Exiting Init_Selendroid function
2016-01-27 18:50:28,501 DEBUG [EBManual_Intent_JSSTTL-116727] TestCase with Description "category - Launch Message application from test app by setting category "CATEGORY_APP_MESSAGING" and action "ACTION_MAIN"" Execution started
2016-01-27 18:50:28,501 DEBUG [EBManual_Intent_JSSTTL-116727] In execute keyword function
2016-01-27 18:50:28,501 DEBUG [EBManual_Intent_JSSTTL-116727] Executing wait function:
2016-01-27 18:50:28,501 DEBUG [EBManual_Intent_JSSTTL-116727] Started Executing wait function
2016-01-27 18:50:31,502 DEBUG [EBManual_Intent_JSSTTL-116727] Exiting from wait function
2016-01-27 18:50:31,502 DEBUG [EBManual_Intent_JSSTTL-116727] TestStepResult of wait: Pass
2016-01-27 18:50:31,502 DEBUG [EBManual_Intent_JSSTTL-116727] In execute keyword function
2016-01-27 18:50:31,502 DEBUG [EBManual_Intent_JSSTTL-116727] Executing validate_PageTitle function:
2016-01-27 18:50:31,538 DEBUG [EBManual_Intent_JSSTTL-116727] The title of the page is *********************************: Manual specs
2016-01-27 18:50:31,538 DEBUG [EBManual_Intent_JSSTTL-116727] The page title found is correct
2016-01-27 18:50:31,538 DEBUG [EBManual_Intent_JSSTTL-116727] Result of validate_PageTitle: pass
2016-01-27 18:50:31,538 DEBUG [EBManual_Intent_JSSTTL-116727] In execute keyword function
2016-01-27 18:50:31,538 DEBUG [EBManual_Intent_JSSTTL-116727] Executing link_Click function:
2016-01-27 18:50:32,206 DEBUG [EBManual_Intent_JSSTTL-116727] Executing Click function
2016-01-27 18:50:33,288 DEBUG [EBManual_Intent_JSSTTL-116727] Exiting Click function
2016-01-27 18:50:33,288 DEBUG [EBManual_Intent_JSSTTL-116727] intent_test_link clicked successfully
2016-01-27 18:50:33,288 DEBUG [EBManual_Intent_JSSTTL-116727] TestStepResult of link_Click: Pass
2016-01-27 18:50:33,288 DEBUG [EBManual_Intent_JSSTTL-116727] In execute keyword function
2016-01-27 18:50:33,288 DEBUG [EBManual_Intent_JSSTTL-116727] Executing validate_PageTitle function:
2016-01-27 18:50:33,321 DEBUG [EBManual_Intent_JSSTTL-116727] The title of the page is *********************************: Intent JS Test
2016-01-27 18:50:33,321 DEBUG [EBManual_Intent_JSSTTL-116727] The page title found is correct
2016-01-27 18:50:33,321 DEBUG [EBManual_Intent_JSSTTL-116727] Result of validate_PageTitle: pass
2016-01-27 18:50:33,322 DEBUG [EBManual_Intent_JSSTTL-116727] In execute keyword function
2016-01-27 18:50:33,322 DEBUG [EBManual_Intent_JSSTTL-116727] Executing SelectTestToRun function:
2016-01-27 18:50:37,882 DEBUG [EBManual_Intent_JSSTTL-116727] Successfull in selecting clicking the category
2016-01-27 18:50:37,882 DEBUG [EBManual_Intent_JSSTTL-116727] TestStepResult of SelectTestToRun: pass
2016-01-27 18:50:37,883 DEBUG [EBManual_Intent_JSSTTL-116727] In execute keyword function
2016-01-27 18:50:37,883 DEBUG [EBManual_Intent_JSSTTL-116727] Executing ClickRunTest function:
2016-01-27 18:50:38,231 DEBUG [EBManual_Intent_JSSTTL-116727] Executing Click function
2016-01-27 18:50:39,189 DEBUG [EBManual_Intent_JSSTTL-116727] Exiting Click function
2016-01-27 18:50:39,190 DEBUG [EBManual_Intent_JSSTTL-116727] runtest_top_xpath Button clicked Successfully
2016-01-27 18:50:39,190 DEBUG [EBManual_Intent_JSSTTL-116727] TestStepResult of ClickRunTest: pass
2016-01-27 18:50:39,190 DEBUG [EBManual_Intent_JSSTTL-116727] In execute keyword function
2016-01-27 18:50:39,190 DEBUG [EBManual_Intent_JSSTTL-116727] Executing validate_OldText_Exists function:
2016-01-27 18:50:39,190 DEBUG [EBManual_Intent_JSSTTL-116727] Entered validate_OldText_Exists function
2016-01-27 18:50:39,866 DEBUG [EBManual_Intent_JSSTTL-116727] VT328_21 Testcase Text found
2016-01-27 18:50:39,866 DEBUG [EBManual_Intent_JSSTTL-116727] Exiting from validate_OldText_Exists function
2016-01-27 18:50:39,866 DEBUG [EBManual_Intent_JSSTTL-116727] Result of validate_OldText_Exists: Pass
2016-01-27 18:50:39,866 DEBUG [EBManual_Intent_JSSTTL-116727] In execute keyword function
2016-01-27 18:50:39,866 DEBUG [EBManual_Intent_JSSTTL-116727] Executing ClickRunTest function:
2016-01-27 18:50:40,180 DEBUG [EBManual_Intent_JSSTTL-116727] Executing Click function
2016-01-27 18:50:41,165 DEBUG [EBManual_Intent_JSSTTL-116727] Exiting Click function
2016-01-27 18:50:41,165 DEBUG [EBManual_Intent_JSSTTL-116727] runtest_bottom_xpath Button clicked Successfully
2016-01-27 18:50:41,165 DEBUG [EBManual_Intent_JSSTTL-116727] TestStepResult of ClickRunTest: pass
2016-01-27 18:50:41,165 DEBUG [EBManual_Intent_JSSTTL-116727] In execute keyword function
2016-01-27 18:50:41,165 DEBUG [EBManual_Intent_JSSTTL-116727] Executing wait function:
2016-01-27 18:50:41,165 DEBUG [EBManual_Intent_JSSTTL-116727] Started Executing wait function
2016-01-27 18:50:46,165 DEBUG [EBManual_Intent_JSSTTL-116727] Exiting from wait function
2016-01-27 18:50:46,165 DEBUG [EBManual_Intent_JSSTTL-116727] TestStepResult of wait: Pass
2016-01-27 18:50:46,165 DEBUG [EBManual_Intent_JSSTTL-116727] In execute keyword function
2016-01-27 18:50:46,165 DEBUG [EBManual_Intent_JSSTTL-116727] Executing validate_App_Launched_Device function:
2016-01-27 18:50:46,165 DEBUG [EBManual_Intent_JSSTTL-116727] Started Executing Validate_App_launched_Device function
2016-01-27 18:50:46,165 DEBUG [EBManual_Intent_JSSTTL-116727] Entered CheckUIButtonExists function
2016-01-27 18:50:46,165 DEBUG [EBManual_Intent_JSSTTL-116727] Started executeCommandLine function
2016-01-27 18:50:50,184 DEBUG [EBManual_Intent_JSSTTL-116727] Exiting from executeCommandLine function
2016-01-27 18:50:50,184 DEBUG [EBManual_Intent_JSSTTL-116727] Button is not Present
2016-01-27 18:50:50,184 DEBUG [EBManual_Intent_JSSTTL-116727] Exiting from CheckUIButtonExists function
2016-01-27 18:50:50,184 DEBUG [EBManual_Intent_JSSTTL-116727] Started executeCommandLine function
2016-01-27 18:50:54,204 DEBUG [EBManual_Intent_JSSTTL-116727] Given App is in Foreground
2016-01-27 18:50:54,204 DEBUG [EBManual_Intent_JSSTTL-116727] Exiting Validate_App_launched_Device function
2016-01-27 18:50:54,204 DEBUG [EBManual_Intent_JSSTTL-116727] Result of validate_App_Launched_Device: Pass
2016-01-27 18:50:54,204 DEBUG [EBManual_Intent_JSSTTL-116727] In execute keyword function
2016-01-27 18:50:54,204 DEBUG [EBManual_Intent_JSSTTL-116727] Executing press_Key function:
2016-01-27 18:50:54,204 DEBUG [EBManual_Intent_JSSTTL-116727] Started executeCommandLine function
2016-01-27 18:50:58,225 DEBUG [EBManual_Intent_JSSTTL-116727] Exiting from executeCommandLine function
2016-01-27 18:50:58,225 DEBUG [EBManual_Intent_JSSTTL-116727] pressed on the back key
2016-01-27 18:50:58,225 DEBUG [EBManual_Intent_JSSTTL-116727] Back works
2016-01-27 18:50:59,225 DEBUG [EBManual_Intent_JSSTTL-116727] TestStepResult of press_Key: pass
2016-01-27 18:50:59,225 DEBUG [EBManual_Intent_JSSTTL-116727] allstep_result contains: passPasspasspasspassPassPassnull
2016-01-27 18:50:59,225 DEBUG [EBManual_Intent_JSSTTL-116727] allexpected_result contains: nullPassnullPassnullpassnullpassnull
2016-01-27 18:50:59,225 DEBUG [EBManual_Intent_JSSTTL-116727] Testcase_Result contains: nullPassnullPassnullpassnullpassnullpassPasspasspasspassPassPassnull
2016-01-27 18:50:59,225 DEBUG [EBManual_Intent_JSSTTL-116727] Test case with description category - Launch Message application from test app by setting category "CATEGORY_APP_MESSAGING" and action "ACTION_MAIN" Pass
2016-01-27 18:51:00,229 DEBUG [EBManual_Intent_JSSTTL-116727] Executing browser_Quit function
2016-01-27 18:51:00,229 DEBUG [EBManual_Intent_JSSTTL-116727] Completed browser_Quit function
2016-01-27 18:51:00,229 DEBUG [EBManual_Intent_JSSTTL-116727] Completed quitSelendroid function
2016-01-27 18:51:00,230 DEBUG [EBManual_Intent_JSSTTL-116727] Row number:28
2016-01-27 18:51:00,286 DEBUG [EBManual_Intent_JSSTTL-116727] Ending Test Case IDSTTL-116727
