2016-01-27 18:41:09,095 DEBUG [EBManual_Intent_JSSTTL-116716] Executing Test Case ID: STTL-116716
2016-01-27 18:41:09,107 DEBUG [EBManual_Intent_JSSTTL-116716] Executing Init_Selendroid function with APK as parameter and clear data value with 1
2016-01-27 18:41:18,758 DEBUG [EBManual_Intent_JSSTTL-116716] Exiting Init_Selendroid function
2016-01-27 18:41:18,778 DEBUG [EBManual_Intent_JSSTTL-116716] TestCase with Description "category - Launch Calculator from test applciation by setting category "CATEGORY_APP_CALCULATOR"  and action "ACTION_MAIN"" Execution started
2016-01-27 18:41:18,778 DEBUG [EBManual_Intent_JSSTTL-116716] In execute keyword function
2016-01-27 18:41:18,778 DEBUG [EBManual_Intent_JSSTTL-116716] Executing wait function:
2016-01-27 18:41:18,778 DEBUG [EBManual_Intent_JSSTTL-116716] Started Executing wait function
2016-01-27 18:41:21,779 DEBUG [EBManual_Intent_JSSTTL-116716] Exiting from wait function
2016-01-27 18:41:21,779 DEBUG [EBManual_Intent_JSSTTL-116716] TestStepResult of wait: Pass
2016-01-27 18:41:21,779 DEBUG [EBManual_Intent_JSSTTL-116716] In execute keyword function
2016-01-27 18:41:21,779 DEBUG [EBManual_Intent_JSSTTL-116716] Executing validate_PageTitle function:
2016-01-27 18:41:21,809 DEBUG [EBManual_Intent_JSSTTL-116716] The title of the page is *********************************: Manual specs
2016-01-27 18:41:21,809 DEBUG [EBManual_Intent_JSSTTL-116716] The page title found is correct
2016-01-27 18:41:21,809 DEBUG [EBManual_Intent_JSSTTL-116716] Result of validate_PageTitle: pass
2016-01-27 18:41:21,809 DEBUG [EBManual_Intent_JSSTTL-116716] In execute keyword function
2016-01-27 18:41:21,809 DEBUG [EBManual_Intent_JSSTTL-116716] Executing wait function:
2016-01-27 18:41:21,809 DEBUG [EBManual_Intent_JSSTTL-116716] Started Executing wait function
2016-01-27 18:41:23,809 DEBUG [EBManual_Intent_JSSTTL-116716] Exiting from wait function
2016-01-27 18:41:23,809 DEBUG [EBManual_Intent_JSSTTL-116716] TestStepResult of wait: Pass
2016-01-27 18:41:23,809 DEBUG [EBManual_Intent_JSSTTL-116716] In execute keyword function
2016-01-27 18:41:23,809 DEBUG [EBManual_Intent_JSSTTL-116716] Executing link_Click function:
2016-01-27 18:41:24,440 DEBUG [EBManual_Intent_JSSTTL-116716] Executing Click function
2016-01-27 18:41:25,507 DEBUG [EBManual_Intent_JSSTTL-116716] Exiting Click function
2016-01-27 18:41:25,508 DEBUG [EBManual_Intent_JSSTTL-116716] intent_test_link clicked successfully
2016-01-27 18:41:25,508 DEBUG [EBManual_Intent_JSSTTL-116716] TestStepResult of link_Click: Pass
2016-01-27 18:41:25,508 DEBUG [EBManual_Intent_JSSTTL-116716] In execute keyword function
2016-01-27 18:41:25,508 DEBUG [EBManual_Intent_JSSTTL-116716] Executing validate_PageTitle function:
2016-01-27 18:41:25,527 DEBUG [EBManual_Intent_JSSTTL-116716] The title of the page is *********************************: Intent JS Test
2016-01-27 18:41:25,527 DEBUG [EBManual_Intent_JSSTTL-116716] The page title found is correct
2016-01-27 18:41:25,527 DEBUG [EBManual_Intent_JSSTTL-116716] Result of validate_PageTitle: pass
2016-01-27 18:41:25,527 DEBUG [EBManual_Intent_JSSTTL-116716] In execute keyword function
2016-01-27 18:41:25,527 DEBUG [EBManual_Intent_JSSTTL-116716] Executing SelectTestToRun function:
2016-01-27 18:41:29,908 DEBUG [EBManual_Intent_JSSTTL-116716] Successfull in selecting clicking the category
2016-01-27 18:41:29,908 DEBUG [EBManual_Intent_JSSTTL-116716] TestStepResult of SelectTestToRun: pass
2016-01-27 18:41:29,908 DEBUG [EBManual_Intent_JSSTTL-116716] In execute keyword function
2016-01-27 18:41:29,908 DEBUG [EBManual_Intent_JSSTTL-116716] Executing ClickRunTest function:
2016-01-27 18:41:30,250 DEBUG [EBManual_Intent_JSSTTL-116716] Executing Click function
2016-01-27 18:41:31,170 DEBUG [EBManual_Intent_JSSTTL-116716] Exiting Click function
2016-01-27 18:41:31,170 DEBUG [EBManual_Intent_JSSTTL-116716] runtest_top_xpath Button clicked Successfully
2016-01-27 18:41:31,170 DEBUG [EBManual_Intent_JSSTTL-116716] TestStepResult of ClickRunTest: pass
2016-01-27 18:41:31,170 DEBUG [EBManual_Intent_JSSTTL-116716] In execute keyword function
2016-01-27 18:41:31,170 DEBUG [EBManual_Intent_JSSTTL-116716] Executing validate_OldText_Exists function:
2016-01-27 18:41:31,170 DEBUG [EBManual_Intent_JSSTTL-116716] Entered validate_OldText_Exists function
2016-01-27 18:41:31,638 DEBUG [EBManual_Intent_JSSTTL-116716] VT328_15 Testcase Text found
2016-01-27 18:41:31,639 DEBUG [EBManual_Intent_JSSTTL-116716] Exiting from validate_OldText_Exists function
2016-01-27 18:41:31,639 DEBUG [EBManual_Intent_JSSTTL-116716] Result of validate_OldText_Exists: Pass
2016-01-27 18:41:31,639 DEBUG [EBManual_Intent_JSSTTL-116716] In execute keyword function
2016-01-27 18:41:31,639 DEBUG [EBManual_Intent_JSSTTL-116716] Executing ClickRunTest function:
2016-01-27 18:41:31,947 DEBUG [EBManual_Intent_JSSTTL-116716] Executing Click function
2016-01-27 18:41:32,923 DEBUG [EBManual_Intent_JSSTTL-116716] Exiting Click function
2016-01-27 18:41:32,923 DEBUG [EBManual_Intent_JSSTTL-116716] runtest_bottom_xpath Button clicked Successfully
2016-01-27 18:41:32,923 DEBUG [EBManual_Intent_JSSTTL-116716] TestStepResult of ClickRunTest: pass
2016-01-27 18:41:32,923 DEBUG [EBManual_Intent_JSSTTL-116716] In execute keyword function
2016-01-27 18:41:32,923 DEBUG [EBManual_Intent_JSSTTL-116716] Executing wait function:
2016-01-27 18:41:32,923 DEBUG [EBManual_Intent_JSSTTL-116716] Started Executing wait function
2016-01-27 18:41:37,923 DEBUG [EBManual_Intent_JSSTTL-116716] Exiting from wait function
2016-01-27 18:41:37,923 DEBUG [EBManual_Intent_JSSTTL-116716] TestStepResult of wait: Pass
2016-01-27 18:41:37,923 DEBUG [EBManual_Intent_JSSTTL-116716] In execute keyword function
2016-01-27 18:41:37,923 DEBUG [EBManual_Intent_JSSTTL-116716] Executing validate_App_Launched_Device function:
2016-01-27 18:41:37,923 DEBUG [EBManual_Intent_JSSTTL-116716] Started Executing Validate_App_launched_Device function
2016-01-27 18:41:37,923 DEBUG [EBManual_Intent_JSSTTL-116716] Entered CheckUIButtonExists function
2016-01-27 18:41:37,923 DEBUG [EBManual_Intent_JSSTTL-116716] Started executeCommandLine function
2016-01-27 18:41:41,946 DEBUG [EBManual_Intent_JSSTTL-116716] Exiting from executeCommandLine function
2016-01-27 18:41:41,946 DEBUG [EBManual_Intent_JSSTTL-116716] Button is not Present
2016-01-27 18:41:41,946 DEBUG [EBManual_Intent_JSSTTL-116716] Exiting from CheckUIButtonExists function
2016-01-27 18:41:41,946 DEBUG [EBManual_Intent_JSSTTL-116716] Started executeCommandLine function
2016-01-27 18:41:45,964 DEBUG [EBManual_Intent_JSSTTL-116716] Given App is in Foreground
2016-01-27 18:41:45,964 DEBUG [EBManual_Intent_JSSTTL-116716] Exiting Validate_App_launched_Device function
2016-01-27 18:41:45,964 DEBUG [EBManual_Intent_JSSTTL-116716] Result of validate_App_Launched_Device: Pass
2016-01-27 18:41:45,964 DEBUG [EBManual_Intent_JSSTTL-116716] In execute keyword function
2016-01-27 18:41:45,964 DEBUG [EBManual_Intent_JSSTTL-116716] Executing press_Key function:
2016-01-27 18:41:45,964 DEBUG [EBManual_Intent_JSSTTL-116716] Started executeCommandLine function
2016-01-27 18:41:49,971 DEBUG [EBManual_Intent_JSSTTL-116716] Exiting from executeCommandLine function
2016-01-27 18:41:49,971 DEBUG [EBManual_Intent_JSSTTL-116716] pressed on the back key
2016-01-27 18:41:49,971 DEBUG [EBManual_Intent_JSSTTL-116716] Back works
2016-01-27 18:41:50,972 DEBUG [EBManual_Intent_JSSTTL-116716] TestStepResult of press_Key: pass
2016-01-27 18:41:50,972 DEBUG [EBManual_Intent_JSSTTL-116716] allstep_result contains: passPasspasspasspassPassPassPassnull
2016-01-27 18:41:50,972 DEBUG [EBManual_Intent_JSSTTL-116716] allexpected_result contains: nullPassnullPassnullpassnullpassnull
2016-01-27 18:41:50,972 DEBUG [EBManual_Intent_JSSTTL-116716] Testcase_Result contains: nullPassnullPassnullpassnullpassnullpassPasspasspasspassPassPassPassnull
2016-01-27 18:41:50,972 DEBUG [EBManual_Intent_JSSTTL-116716] Test case with description category - Launch Calculator from test applciation by setting category "CATEGORY_APP_CALCULATOR"  and action "ACTION_MAIN" Pass
2016-01-27 18:41:52,108 DEBUG [EBManual_Intent_JSSTTL-116716] Executing browser_Quit function
2016-01-27 18:41:52,108 DEBUG [EBManual_Intent_JSSTTL-116716] Completed browser_Quit function
2016-01-27 18:41:52,108 DEBUG [EBManual_Intent_JSSTTL-116716] Completed quitSelendroid function
2016-01-27 18:41:52,109 DEBUG [EBManual_Intent_JSSTTL-116716] Row number:17
2016-01-27 18:41:52,201 DEBUG [EBManual_Intent_JSSTTL-116716] Ending Test Case IDSTTL-116716
