2016-01-27 18:52:52,089 DEBUG [EBManual_Intent_JSSTTL-116730] Executing Test Case ID: STTL-116730
2016-01-27 18:52:52,098 DEBUG [EBManual_Intent_JSSTTL-116730] Executing Init_Selendroid function with APK as parameter and clear data value with 1
2016-01-27 18:53:02,259 DEBUG [EBManual_Intent_JSSTTL-116730] Exiting Init_Selendroid function
2016-01-27 18:53:02,283 DEBUG [EBManual_Intent_JSSTTL-116730] TestCase with Description "Suggest different applications to send text message" Execution started
2016-01-27 18:53:02,283 DEBUG [EBManual_Intent_JSSTTL-116730] In execute keyword function
2016-01-27 18:53:02,283 DEBUG [EBManual_Intent_JSSTTL-116730] Executing wait function:
2016-01-27 18:53:02,283 DEBUG [EBManual_Intent_JSSTTL-116730] Started Executing wait function
2016-01-27 18:53:05,283 DEBUG [EBManual_Intent_JSSTTL-116730] Exiting from wait function
2016-01-27 18:53:05,283 DEBUG [EBManual_Intent_JSSTTL-116730] TestStepResult of wait: Pass
2016-01-27 18:53:05,283 DEBUG [EBManual_Intent_JSSTTL-116730] In execute keyword function
2016-01-27 18:53:05,283 DEBUG [EBManual_Intent_JSSTTL-116730] Executing validate_PageTitle function:
2016-01-27 18:53:05,329 DEBUG [EBManual_Intent_JSSTTL-116730] The title of the page is *********************************: Manual specs
2016-01-27 18:53:05,329 DEBUG [EBManual_Intent_JSSTTL-116730] The page title found is correct
2016-01-27 18:53:05,329 DEBUG [EBManual_Intent_JSSTTL-116730] Result of validate_PageTitle: pass
2016-01-27 18:53:05,329 DEBUG [EBManual_Intent_JSSTTL-116730] In execute keyword function
2016-01-27 18:53:05,329 DEBUG [EBManual_Intent_JSSTTL-116730] Executing link_Click function:
2016-01-27 18:53:05,928 DEBUG [EBManual_Intent_JSSTTL-116730] Executing Click function
2016-01-27 18:53:06,985 DEBUG [EBManual_Intent_JSSTTL-116730] Exiting Click function
2016-01-27 18:53:06,985 DEBUG [EBManual_Intent_JSSTTL-116730] intent_test_link clicked successfully
2016-01-27 18:53:06,985 DEBUG [EBManual_Intent_JSSTTL-116730] TestStepResult of link_Click: Pass
2016-01-27 18:53:06,985 DEBUG [EBManual_Intent_JSSTTL-116730] In execute keyword function
2016-01-27 18:53:06,985 DEBUG [EBManual_Intent_JSSTTL-116730] Executing validate_PageTitle function:
2016-01-27 18:53:07,000 DEBUG [EBManual_Intent_JSSTTL-116730] The title of the page is *********************************: Intent JS Test
2016-01-27 18:53:07,000 DEBUG [EBManual_Intent_JSSTTL-116730] The page title found is correct
2016-01-27 18:53:07,000 DEBUG [EBManual_Intent_JSSTTL-116730] Result of validate_PageTitle: pass
2016-01-27 18:53:07,000 DEBUG [EBManual_Intent_JSSTTL-116730] In execute keyword function
2016-01-27 18:53:07,000 DEBUG [EBManual_Intent_JSSTTL-116730] Executing SelectTestToRun function:
2016-01-27 18:53:13,928 DEBUG [EBManual_Intent_JSSTTL-116730] Successfull in selecting clicking the category
2016-01-27 18:53:13,928 DEBUG [EBManual_Intent_JSSTTL-116730] TestStepResult of SelectTestToRun: pass
2016-01-27 18:53:13,928 DEBUG [EBManual_Intent_JSSTTL-116730] In execute keyword function
2016-01-27 18:53:13,928 DEBUG [EBManual_Intent_JSSTTL-116730] Executing ClickRunTest function:
2016-01-27 18:53:14,255 DEBUG [EBManual_Intent_JSSTTL-116730] Executing Click function
2016-01-27 18:53:15,174 DEBUG [EBManual_Intent_JSSTTL-116730] Exiting Click function
2016-01-27 18:53:15,174 DEBUG [EBManual_Intent_JSSTTL-116730] runtest_top_xpath Button clicked Successfully
2016-01-27 18:53:15,174 DEBUG [EBManual_Intent_JSSTTL-116730] TestStepResult of ClickRunTest: pass
2016-01-27 18:53:15,174 DEBUG [EBManual_Intent_JSSTTL-116730] In execute keyword function
2016-01-27 18:53:15,174 DEBUG [EBManual_Intent_JSSTTL-116730] Executing validate_OldText_Exists function:
2016-01-27 18:53:15,174 DEBUG [EBManual_Intent_JSSTTL-116730] Entered validate_OldText_Exists function
2016-01-27 18:53:15,766 DEBUG [EBManual_Intent_JSSTTL-116730] VT328_43 Testcase Text found
2016-01-27 18:53:15,766 DEBUG [EBManual_Intent_JSSTTL-116730] Exiting from validate_OldText_Exists function
2016-01-27 18:53:15,766 DEBUG [EBManual_Intent_JSSTTL-116730] Result of validate_OldText_Exists: Pass
2016-01-27 18:53:15,766 DEBUG [EBManual_Intent_JSSTTL-116730] In execute keyword function
2016-01-27 18:53:15,766 DEBUG [EBManual_Intent_JSSTTL-116730] Executing ClickRunTest function:
2016-01-27 18:53:16,105 DEBUG [EBManual_Intent_JSSTTL-116730] Executing Click function
2016-01-27 18:53:17,155 DEBUG [EBManual_Intent_JSSTTL-116730] Exiting Click function
2016-01-27 18:53:17,155 DEBUG [EBManual_Intent_JSSTTL-116730] runtest_bottom_xpath Button clicked Successfully
2016-01-27 18:53:17,155 DEBUG [EBManual_Intent_JSSTTL-116730] TestStepResult of ClickRunTest: pass
2016-01-27 18:53:17,155 DEBUG [EBManual_Intent_JSSTTL-116730] In execute keyword function
2016-01-27 18:53:17,155 DEBUG [EBManual_Intent_JSSTTL-116730] Executing wait function:
2016-01-27 18:53:17,155 DEBUG [EBManual_Intent_JSSTTL-116730] Started Executing wait function
2016-01-27 18:53:22,155 DEBUG [EBManual_Intent_JSSTTL-116730] Exiting from wait function
2016-01-27 18:53:22,155 DEBUG [EBManual_Intent_JSSTTL-116730] TestStepResult of wait: Pass
2016-01-27 18:53:22,155 DEBUG [EBManual_Intent_JSSTTL-116730] In execute keyword function
2016-01-27 18:53:22,155 DEBUG [EBManual_Intent_JSSTTL-116730] Executing validate_App_Launched_Device function:
2016-01-27 18:53:22,155 DEBUG [EBManual_Intent_JSSTTL-116730] Started Executing Validate_App_launched_Device function
2016-01-27 18:53:22,155 DEBUG [EBManual_Intent_JSSTTL-116730] Entered CheckUIButtonExists function
2016-01-27 18:53:22,155 DEBUG [EBManual_Intent_JSSTTL-116730] Started executeCommandLine function
2016-01-27 18:53:26,175 DEBUG [EBManual_Intent_JSSTTL-116730] Exiting from executeCommandLine function
2016-01-27 18:53:26,175 DEBUG [EBManual_Intent_JSSTTL-116730] Button is not Present
2016-01-27 18:53:26,175 DEBUG [EBManual_Intent_JSSTTL-116730] Exiting from CheckUIButtonExists function
2016-01-27 18:53:26,175 DEBUG [EBManual_Intent_JSSTTL-116730] Started executeCommandLine function
2016-01-27 18:53:30,195 DEBUG [EBManual_Intent_JSSTTL-116730] Given App is in Foreground
2016-01-27 18:53:30,195 DEBUG [EBManual_Intent_JSSTTL-116730] Exiting Validate_App_launched_Device function
2016-01-27 18:53:30,195 DEBUG [EBManual_Intent_JSSTTL-116730] Result of validate_App_Launched_Device: Pass
2016-01-27 18:53:30,195 DEBUG [EBManual_Intent_JSSTTL-116730] In execute keyword function
2016-01-27 18:53:30,195 DEBUG [EBManual_Intent_JSSTTL-116730] Executing validate_CompareEditText function:
2016-01-27 18:53:30,195 DEBUG [EBManual_Intent_JSSTTL-116730] Entered validate_TextMsgBody function
2016-01-27 18:53:30,195 DEBUG [EBManual_Intent_JSSTTL-116730] Started executeCommandLine function
2016-01-27 18:53:34,216 DEBUG [EBManual_Intent_JSSTTL-116730] Exiting from executeCommandLine function
2016-01-27 18:53:34,216 DEBUG [EBManual_Intent_JSSTTL-116730] Result of validate_CompareEditText: fail
2016-01-27 18:53:34,216 DEBUG [EBManual_Intent_JSSTTL-116730] In execute keyword function
2016-01-27 18:53:34,216 DEBUG [EBManual_Intent_JSSTTL-116730] Executing validate_CompareEditText function:
2016-01-27 18:53:34,216 DEBUG [EBManual_Intent_JSSTTL-116730] Entered validate_TextMsgBody function
2016-01-27 18:53:34,216 DEBUG [EBManual_Intent_JSSTTL-116730] Started executeCommandLine function
2016-01-27 18:53:38,227 DEBUG [EBManual_Intent_JSSTTL-116730] Exiting from executeCommandLine function
2016-01-27 18:53:38,227 DEBUG [EBManual_Intent_JSSTTL-116730] Result of validate_CompareEditText: fail
2016-01-27 18:53:38,227 DEBUG [EBManual_Intent_JSSTTL-116730] In execute keyword function
2016-01-27 18:53:38,227 DEBUG [EBManual_Intent_JSSTTL-116730] Executing press_Key function:
2016-01-27 18:53:38,227 DEBUG [EBManual_Intent_JSSTTL-116730] Started executeCommandLine function
2016-01-27 18:53:42,248 DEBUG [EBManual_Intent_JSSTTL-116730] Exiting from executeCommandLine function
2016-01-27 18:53:42,248 DEBUG [EBManual_Intent_JSSTTL-116730] pressed on the back key
2016-01-27 18:53:42,248 DEBUG [EBManual_Intent_JSSTTL-116730] Back works
2016-01-27 18:53:43,248 DEBUG [EBManual_Intent_JSSTTL-116730] TestStepResult of press_Key: pass
2016-01-27 18:53:43,248 DEBUG [EBManual_Intent_JSSTTL-116730] In execute keyword function
2016-01-27 18:53:43,248 DEBUG [EBManual_Intent_JSSTTL-116730] Executing press_Key function:
2016-01-27 18:53:43,248 DEBUG [EBManual_Intent_JSSTTL-116730] Started executeCommandLine function
2016-01-27 18:53:47,269 DEBUG [EBManual_Intent_JSSTTL-116730] Exiting from executeCommandLine function
2016-01-27 18:53:47,269 DEBUG [EBManual_Intent_JSSTTL-116730] pressed on the back key
2016-01-27 18:53:47,269 DEBUG [EBManual_Intent_JSSTTL-116730] Back works
2016-01-27 18:53:48,269 DEBUG [EBManual_Intent_JSSTTL-116730] TestStepResult of press_Key: pass
2016-01-27 18:53:48,269 DEBUG [EBManual_Intent_JSSTTL-116730] allstep_result contains: passpassPasspasspasspassPassPassnull
2016-01-27 18:53:48,269 DEBUG [EBManual_Intent_JSSTTL-116730] allexpected_result contains: nullPassfailfailnullPassnullpassnullpassnull
2016-01-27 18:53:48,269 DEBUG [EBManual_Intent_JSSTTL-116730] Testcase_Result contains: nullPassfailfailnullPassnullpassnullpassnullpasspassPasspasspasspassPassPassnull
2016-01-27 18:53:48,269 DEBUG [EBManual_Intent_JSSTTL-116730] Test case with description Suggest different applications to send text message Fail
2016-01-27 18:53:49,445 DEBUG [EBManual_Intent_JSSTTL-116730] Executing browser_Quit function
2016-01-27 18:53:49,445 DEBUG [EBManual_Intent_JSSTTL-116730] Completed browser_Quit function
2016-01-27 18:53:49,445 DEBUG [EBManual_Intent_JSSTTL-116730] Completed quitSelendroid function
2016-01-27 18:53:49,447 DEBUG [EBManual_Intent_JSSTTL-116730] Row number:31
