2016-01-27 18:39:29,712 DEBUG [EBManual_Intent_JSSTTL-116713] Executing Test Case ID: STTL-116713
2016-01-27 18:39:29,723 DEBUG [EBManual_Intent_JSSTTL-116713] Executing Init_Selendroid function with APK as parameter and clear data value with 1
2016-01-27 18:39:39,948 DEBUG [EBManual_Intent_JSSTTL-116713] Exiting Init_Selendroid function
2016-01-27 18:39:39,986 DEBUG [EBManual_Intent_JSSTTL-116713] TestCase with Description "intentType - Start service of the test appliation" Execution started
2016-01-27 18:39:39,986 DEBUG [EBManual_Intent_JSSTTL-116713] In execute keyword function
2016-01-27 18:39:39,986 DEBUG [EBManual_Intent_JSSTTL-116713] Executing wait function:
2016-01-27 18:39:39,986 DEBUG [EBManual_Intent_JSSTTL-116713] Started Executing wait function
2016-01-27 18:39:42,987 DEBUG [EBManual_Intent_JSSTTL-116713] Exiting from wait function
2016-01-27 18:39:42,987 DEBUG [EBManual_Intent_JSSTTL-116713] TestStepResult of wait: Pass
2016-01-27 18:39:42,987 DEBUG [EBManual_Intent_JSSTTL-116713] In execute keyword function
2016-01-27 18:39:42,987 DEBUG [EBManual_Intent_JSSTTL-116713] Executing validate_PageTitle function:
2016-01-27 18:39:43,027 DEBUG [EBManual_Intent_JSSTTL-116713] The title of the page is *********************************: Manual specs
2016-01-27 18:39:43,027 DEBUG [EBManual_Intent_JSSTTL-116713] The page title found is correct
2016-01-27 18:39:43,027 DEBUG [EBManual_Intent_JSSTTL-116713] Result of validate_PageTitle: pass
2016-01-27 18:39:43,027 DEBUG [EBManual_Intent_JSSTTL-116713] In execute keyword function
2016-01-27 18:39:43,027 DEBUG [EBManual_Intent_JSSTTL-116713] Executing link_Click function:
2016-01-27 18:39:43,676 DEBUG [EBManual_Intent_JSSTTL-116713] Executing Click function
2016-01-27 18:39:44,756 DEBUG [EBManual_Intent_JSSTTL-116713] Exiting Click function
2016-01-27 18:39:44,756 DEBUG [EBManual_Intent_JSSTTL-116713] intent_test_link clicked successfully
2016-01-27 18:39:44,756 DEBUG [EBManual_Intent_JSSTTL-116713] TestStepResult of link_Click: Pass
2016-01-27 18:39:44,756 DEBUG [EBManual_Intent_JSSTTL-116713] In execute keyword function
2016-01-27 18:39:44,756 DEBUG [EBManual_Intent_JSSTTL-116713] Executing validate_PageTitle function:
2016-01-27 18:39:44,771 DEBUG [EBManual_Intent_JSSTTL-116713] The title of the page is *********************************: Intent JS Test
2016-01-27 18:39:44,771 DEBUG [EBManual_Intent_JSSTTL-116713] The page title found is correct
2016-01-27 18:39:44,771 DEBUG [EBManual_Intent_JSSTTL-116713] Result of validate_PageTitle: pass
2016-01-27 18:39:44,771 DEBUG [EBManual_Intent_JSSTTL-116713] In execute keyword function
2016-01-27 18:39:44,771 DEBUG [EBManual_Intent_JSSTTL-116713] Executing SelectTestToRun function:
2016-01-27 18:39:48,017 DEBUG [EBManual_Intent_JSSTTL-116713] Successfull in selecting clicking the category
2016-01-27 18:39:48,017 DEBUG [EBManual_Intent_JSSTTL-116713] TestStepResult of SelectTestToRun: pass
2016-01-27 18:39:48,017 DEBUG [EBManual_Intent_JSSTTL-116713] In execute keyword function
2016-01-27 18:39:48,017 DEBUG [EBManual_Intent_JSSTTL-116713] Executing ClickRunTest function:
2016-01-27 18:39:48,341 DEBUG [EBManual_Intent_JSSTTL-116713] Executing Click function
2016-01-27 18:39:49,284 DEBUG [EBManual_Intent_JSSTTL-116713] Exiting Click function
2016-01-27 18:39:49,285 DEBUG [EBManual_Intent_JSSTTL-116713] runtest_top_xpath Button clicked Successfully
2016-01-27 18:39:49,285 DEBUG [EBManual_Intent_JSSTTL-116713] TestStepResult of ClickRunTest: pass
2016-01-27 18:39:49,285 DEBUG [EBManual_Intent_JSSTTL-116713] In execute keyword function
2016-01-27 18:39:49,285 DEBUG [EBManual_Intent_JSSTTL-116713] Executing validate_OldText_Exists function:
2016-01-27 18:39:49,285 DEBUG [EBManual_Intent_JSSTTL-116713] Entered validate_OldText_Exists function
2016-01-27 18:39:49,765 DEBUG [EBManual_Intent_JSSTTL-116713] VT328_05 Testcase Text found
2016-01-27 18:39:49,765 DEBUG [EBManual_Intent_JSSTTL-116713] Exiting from validate_OldText_Exists function
2016-01-27 18:39:49,765 DEBUG [EBManual_Intent_JSSTTL-116713] Result of validate_OldText_Exists: Pass
2016-01-27 18:39:49,765 DEBUG [EBManual_Intent_JSSTTL-116713] In execute keyword function
2016-01-27 18:39:49,765 DEBUG [EBManual_Intent_JSSTTL-116713] Executing ClickRunTest function:
2016-01-27 18:39:50,167 DEBUG [EBManual_Intent_JSSTTL-116713] Executing Click function
2016-01-27 18:39:51,251 DEBUG [EBManual_Intent_JSSTTL-116713] Exiting Click function
2016-01-27 18:39:51,252 DEBUG [EBManual_Intent_JSSTTL-116713] runtest_bottom_xpath Button clicked Successfully
2016-01-27 18:39:51,252 DEBUG [EBManual_Intent_JSSTTL-116713] TestStepResult of ClickRunTest: pass
2016-01-27 18:39:51,252 DEBUG [EBManual_Intent_JSSTTL-116713] In execute keyword function
2016-01-27 18:39:51,252 DEBUG [EBManual_Intent_JSSTTL-116713] Executing CheckUITextContains function:
2016-01-27 18:39:51,252 DEBUG [EBManual_Intent_JSSTTL-116713] Started executeCommandLine function
2016-01-27 18:39:55,270 DEBUG [EBManual_Intent_JSSTTL-116713] Text is Present
2016-01-27 18:39:55,270 DEBUG [EBManual_Intent_JSSTTL-116713] TestStepResult of CheckUITextContains: Pass
2016-01-27 18:39:55,270 DEBUG [EBManual_Intent_JSSTTL-116713] In execute keyword function
2016-01-27 18:39:55,270 DEBUG [EBManual_Intent_JSSTTL-116713] Executing ClickUIButtonText function:
2016-01-27 18:39:55,270 DEBUG [EBManual_Intent_JSSTTL-116713] Entered ClickUIButtonText function
2016-01-27 18:39:55,270 DEBUG [EBManual_Intent_JSSTTL-116713] Started executeCommandLine function
2016-01-27 18:39:59,289 DEBUG [EBManual_Intent_JSSTTL-116713] Started executeCommandLine function
2016-01-27 18:40:03,737 DEBUG [EBManual_Intent_JSSTTL-116713] Exiting ClickUIButtonText function
2016-01-27 18:40:03,737 DEBUG [EBManual_Intent_JSSTTL-116713] TestStepResult of ClickUIButtonText: Pass
2016-01-27 18:40:03,737 DEBUG [EBManual_Intent_JSSTTL-116713] allstep_result contains: PassPasspasspasspassPassPassnull
2016-01-27 18:40:03,737 DEBUG [EBManual_Intent_JSSTTL-116713] allexpected_result contains: nullPassnullpassnullpassnull
2016-01-27 18:40:03,737 DEBUG [EBManual_Intent_JSSTTL-116713] Testcase_Result contains: nullPassnullpassnullpassnullPassPasspasspasspassPassPassnull
2016-01-27 18:40:03,737 DEBUG [EBManual_Intent_JSSTTL-116713] Test case with description intentType - Start service of the test appliation Pass
2016-01-27 18:40:04,801 DEBUG [EBManual_Intent_JSSTTL-116713] Executing browser_Quit function
2016-01-27 18:40:04,801 DEBUG [EBManual_Intent_JSSTTL-116713] Completed browser_Quit function
2016-01-27 18:40:04,801 DEBUG [EBManual_Intent_JSSTTL-116713] Completed quitSelendroid function
2016-01-27 18:40:04,802 DEBUG [EBManual_Intent_JSSTTL-116713] Row number:14
2016-01-27 18:40:04,839 DEBUG [EBManual_Intent_JSSTTL-116713] Ending Test Case IDSTTL-116713
