2016-01-27 18:56:09,829 DEBUG [EBManual_Intent_JSSTTL-116734] Executing Test Case ID: STTL-116734
2016-01-27 18:56:10,000 DEBUG [EBManual_Intent_JSSTTL-116734] Executing Init_Selendroid function with APK as parameter and clear data value with 1
2016-01-27 18:56:20,351 DEBUG [EBManual_Intent_JSSTTL-116734] Exiting Init_Selendroid function
2016-01-27 18:56:20,399 DEBUG [EBManual_Intent_JSSTTL-116734] TestCase with Description "Sending an intent with null in place of callback function" Execution started
2016-01-27 18:56:20,399 DEBUG [EBManual_Intent_JSSTTL-116734] In execute keyword function
2016-01-27 18:56:20,399 DEBUG [EBManual_Intent_JSSTTL-116734] Executing wait function:
2016-01-27 18:56:20,399 DEBUG [EBManual_Intent_JSSTTL-116734] Started Executing wait function
2016-01-27 18:56:23,399 DEBUG [EBManual_Intent_JSSTTL-116734] Exiting from wait function
2016-01-27 18:56:23,399 DEBUG [EBManual_Intent_JSSTTL-116734] TestStepResult of wait: Pass
2016-01-27 18:56:23,399 DEBUG [EBManual_Intent_JSSTTL-116734] In execute keyword function
2016-01-27 18:56:23,399 DEBUG [EBManual_Intent_JSSTTL-116734] Executing validate_PageTitle function:
2016-01-27 18:56:23,452 DEBUG [EBManual_Intent_JSSTTL-116734] The title of the page is *********************************: Manual specs
2016-01-27 18:56:23,452 DEBUG [EBManual_Intent_JSSTTL-116734] The page title found is correct
2016-01-27 18:56:23,453 DEBUG [EBManual_Intent_JSSTTL-116734] Result of validate_PageTitle: pass
2016-01-27 18:56:23,453 DEBUG [EBManual_Intent_JSSTTL-116734] In execute keyword function
2016-01-27 18:56:23,453 DEBUG [EBManual_Intent_JSSTTL-116734] Executing validate_App_Exist_Device function:
2016-01-27 18:56:23,453 DEBUG [EBManual_Intent_JSSTTL-116734] Started Executing Validate_App_Exist_Device function
2016-01-27 18:56:23,453 DEBUG [EBManual_Intent_JSSTTL-116734] Started executeCommandLine function
2016-01-27 18:56:27,474 DEBUG [EBManual_Intent_JSSTTL-116734] App is installed
2016-01-27 18:56:27,474 DEBUG [EBManual_Intent_JSSTTL-116734] Result of validate_App_Exist_Device: Pass
2016-01-27 18:56:27,474 DEBUG [EBManual_Intent_JSSTTL-116734] In execute keyword function
2016-01-27 18:56:27,474 DEBUG [EBManual_Intent_JSSTTL-116734] Executing link_Click function:
2016-01-27 18:56:28,157 DEBUG [EBManual_Intent_JSSTTL-116734] Executing Click function
2016-01-27 18:56:29,163 DEBUG [EBManual_Intent_JSSTTL-116734] Exiting Click function
2016-01-27 18:56:29,163 DEBUG [EBManual_Intent_JSSTTL-116734] intent_test_link clicked successfully
2016-01-27 18:56:29,163 DEBUG [EBManual_Intent_JSSTTL-116734] TestStepResult of link_Click: Pass
2016-01-27 18:56:29,163 DEBUG [EBManual_Intent_JSSTTL-116734] In execute keyword function
2016-01-27 18:56:29,163 DEBUG [EBManual_Intent_JSSTTL-116734] Executing validate_PageTitle function:
2016-01-27 18:56:29,180 DEBUG [EBManual_Intent_JSSTTL-116734] The title of the page is *********************************: Intent JS Test
2016-01-27 18:56:29,180 DEBUG [EBManual_Intent_JSSTTL-116734] The page title found is correct
2016-01-27 18:56:29,180 DEBUG [EBManual_Intent_JSSTTL-116734] Result of validate_PageTitle: pass
2016-01-27 18:56:29,180 DEBUG [EBManual_Intent_JSSTTL-116734] In execute keyword function
2016-01-27 18:56:29,180 DEBUG [EBManual_Intent_JSSTTL-116734] Executing SelectTestToRun function:
2016-01-27 18:56:36,450 DEBUG [EBManual_Intent_JSSTTL-116734] Successfull in selecting clicking the category
2016-01-27 18:56:36,450 DEBUG [EBManual_Intent_JSSTTL-116734] TestStepResult of SelectTestToRun: pass
2016-01-27 18:56:36,450 DEBUG [EBManual_Intent_JSSTTL-116734] In execute keyword function
2016-01-27 18:56:36,450 DEBUG [EBManual_Intent_JSSTTL-116734] Executing ClickRunTest function:
2016-01-27 18:56:36,741 DEBUG [EBManual_Intent_JSSTTL-116734] Executing Click function
2016-01-27 18:56:37,667 DEBUG [EBManual_Intent_JSSTTL-116734] Exiting Click function
2016-01-27 18:56:37,667 DEBUG [EBManual_Intent_JSSTTL-116734] runtest_top_xpath Button clicked Successfully
2016-01-27 18:56:37,667 DEBUG [EBManual_Intent_JSSTTL-116734] TestStepResult of ClickRunTest: pass
2016-01-27 18:56:37,667 DEBUG [EBManual_Intent_JSSTTL-116734] In execute keyword function
2016-01-27 18:56:37,667 DEBUG [EBManual_Intent_JSSTTL-116734] Executing validate_OldText_Exists function:
2016-01-27 18:56:37,667 DEBUG [EBManual_Intent_JSSTTL-116734] Entered validate_OldText_Exists function
2016-01-27 18:56:38,389 DEBUG [EBManual_Intent_JSSTTL-116734] VT328_49 Testcase Text found
2016-01-27 18:56:38,389 DEBUG [EBManual_Intent_JSSTTL-116734] Exiting from validate_OldText_Exists function
2016-01-27 18:56:38,389 DEBUG [EBManual_Intent_JSSTTL-116734] Result of validate_OldText_Exists: Pass
2016-01-27 18:56:38,389 DEBUG [EBManual_Intent_JSSTTL-116734] In execute keyword function
2016-01-27 18:56:38,389 DEBUG [EBManual_Intent_JSSTTL-116734] Executing ClickRunTest function:
2016-01-27 18:56:38,667 DEBUG [EBManual_Intent_JSSTTL-116734] Executing Click function
2016-01-27 18:56:39,723 DEBUG [EBManual_Intent_JSSTTL-116734] Exiting Click function
2016-01-27 18:56:39,723 DEBUG [EBManual_Intent_JSSTTL-116734] runtest_bottom_xpath Button clicked Successfully
2016-01-27 18:56:39,724 DEBUG [EBManual_Intent_JSSTTL-116734] TestStepResult of ClickRunTest: pass
2016-01-27 18:56:39,724 DEBUG [EBManual_Intent_JSSTTL-116734] In execute keyword function
2016-01-27 18:56:39,724 DEBUG [EBManual_Intent_JSSTTL-116734] Executing wait function:
2016-01-27 18:56:39,724 DEBUG [EBManual_Intent_JSSTTL-116734] Started Executing wait function
2016-01-27 18:56:44,724 DEBUG [EBManual_Intent_JSSTTL-116734] Exiting from wait function
2016-01-27 18:56:44,724 DEBUG [EBManual_Intent_JSSTTL-116734] TestStepResult of wait: Pass
2016-01-27 18:56:44,724 DEBUG [EBManual_Intent_JSSTTL-116734] In execute keyword function
2016-01-27 18:56:44,724 DEBUG [EBManual_Intent_JSSTTL-116734] Executing validate_App_Launched_Device function:
2016-01-27 18:56:44,724 DEBUG [EBManual_Intent_JSSTTL-116734] Started Executing Validate_App_launched_Device function
2016-01-27 18:56:44,724 DEBUG [EBManual_Intent_JSSTTL-116734] Entered CheckUIButtonExists function
2016-01-27 18:56:44,724 DEBUG [EBManual_Intent_JSSTTL-116734] Started executeCommandLine function
2016-01-27 18:56:48,747 DEBUG [EBManual_Intent_JSSTTL-116734] Exiting from executeCommandLine function
2016-01-27 18:56:48,747 DEBUG [EBManual_Intent_JSSTTL-116734] Button is not Present
2016-01-27 18:56:48,747 DEBUG [EBManual_Intent_JSSTTL-116734] Exiting from CheckUIButtonExists function
2016-01-27 18:56:48,747 DEBUG [EBManual_Intent_JSSTTL-116734] Started executeCommandLine function
2016-01-27 18:56:52,768 DEBUG [EBManual_Intent_JSSTTL-116734] Given App is in Foreground
2016-01-27 18:56:52,768 DEBUG [EBManual_Intent_JSSTTL-116734] Exiting Validate_App_launched_Device function
2016-01-27 18:56:52,768 DEBUG [EBManual_Intent_JSSTTL-116734] Result of validate_App_Launched_Device: Pass
2016-01-27 18:56:52,768 DEBUG [EBManual_Intent_JSSTTL-116734] In execute keyword function
2016-01-27 18:56:52,768 DEBUG [EBManual_Intent_JSSTTL-116734] Executing ClickUIButtonText function:
2016-01-27 18:56:52,768 DEBUG [EBManual_Intent_JSSTTL-116734] Entered ClickUIButtonText function
2016-01-27 18:56:52,768 DEBUG [EBManual_Intent_JSSTTL-116734] Started executeCommandLine function
2016-01-27 18:56:56,787 DEBUG [EBManual_Intent_JSSTTL-116734] Started executeCommandLine function
2016-01-27 18:57:00,807 DEBUG [EBManual_Intent_JSSTTL-116734] Exiting ClickUIButtonText function
2016-01-27 18:57:00,807 DEBUG [EBManual_Intent_JSSTTL-116734] TestStepResult of ClickUIButtonText: Pass
2016-01-27 18:57:00,807 DEBUG [EBManual_Intent_JSSTTL-116734] allstep_result contains: PassPasspasspasspassPassPassnull
2016-01-27 18:57:00,807 DEBUG [EBManual_Intent_JSSTTL-116734] allexpected_result contains: nullPassnullPassnullpassnullpassPassnull
2016-01-27 18:57:00,807 DEBUG [EBManual_Intent_JSSTTL-116734] Testcase_Result contains: nullPassnullPassnullpassnullpassPassnullPassPasspasspasspassPassPassnull
2016-01-27 18:57:00,807 DEBUG [EBManual_Intent_JSSTTL-116734] Test case with description Sending an intent with null in place of callback function Pass
2016-01-27 18:57:02,112 DEBUG [EBManual_Intent_JSSTTL-116734] Executing browser_Quit function
2016-01-27 18:57:02,112 DEBUG [EBManual_Intent_JSSTTL-116734] Completed browser_Quit function
2016-01-27 18:57:02,112 DEBUG [EBManual_Intent_JSSTTL-116734] Completed quitSelendroid function
2016-01-27 18:57:02,113 DEBUG [EBManual_Intent_JSSTTL-116734] Row number:35
2016-01-27 18:57:02,162 DEBUG [EBManual_Intent_JSSTTL-116734] Ending Test Case IDSTTL-116734
