2016-01-27 18:51:00,377 DEBUG [EBManual_Intent_JSSTTL-116728] Executing Test Case ID: STTL-116728
2016-01-27 18:51:00,401 DEBUG [EBManual_Intent_JSSTTL-116728] Executing Init_Selendroid function with APK as parameter and clear data value with 1
2016-01-27 18:51:10,576 DEBUG [EBManual_Intent_JSSTTL-116728] Exiting Init_Selendroid function
2016-01-27 18:51:10,595 DEBUG [EBManual_Intent_JSSTTL-116728] TestCase with Description "mimeType - Launch Message application from test app by setting mimeType "vnd.android-dir/mms-sms" and Data to "This is message body !"" Execution started
2016-01-27 18:51:10,595 DEBUG [EBManual_Intent_JSSTTL-116728] In execute keyword function
2016-01-27 18:51:10,595 DEBUG [EBManual_Intent_JSSTTL-116728] Executing wait function:
2016-01-27 18:51:10,595 DEBUG [EBManual_Intent_JSSTTL-116728] Started Executing wait function
2016-01-27 18:51:13,595 DEBUG [EBManual_Intent_JSSTTL-116728] Exiting from wait function
2016-01-27 18:51:13,595 DEBUG [EBManual_Intent_JSSTTL-116728] TestStepResult of wait: Pass
2016-01-27 18:51:13,595 DEBUG [EBManual_Intent_JSSTTL-116728] In execute keyword function
2016-01-27 18:51:13,595 DEBUG [EBManual_Intent_JSSTTL-116728] Executing validate_PageTitle function:
2016-01-27 18:51:13,632 DEBUG [EBManual_Intent_JSSTTL-116728] The title of the page is *********************************: Manual specs
2016-01-27 18:51:13,632 DEBUG [EBManual_Intent_JSSTTL-116728] The page title found is correct
2016-01-27 18:51:13,632 DEBUG [EBManual_Intent_JSSTTL-116728] Result of validate_PageTitle: pass
2016-01-27 18:51:13,632 DEBUG [EBManual_Intent_JSSTTL-116728] In execute keyword function
2016-01-27 18:51:13,632 DEBUG [EBManual_Intent_JSSTTL-116728] Executing link_Click function:
2016-01-27 18:51:14,221 DEBUG [EBManual_Intent_JSSTTL-116728] Executing Click function
2016-01-27 18:51:15,269 DEBUG [EBManual_Intent_JSSTTL-116728] Exiting Click function
2016-01-27 18:51:15,269 DEBUG [EBManual_Intent_JSSTTL-116728] intent_test_link clicked successfully
2016-01-27 18:51:15,269 DEBUG [EBManual_Intent_JSSTTL-116728] TestStepResult of link_Click: Pass
2016-01-27 18:51:15,269 DEBUG [EBManual_Intent_JSSTTL-116728] In execute keyword function
2016-01-27 18:51:15,269 DEBUG [EBManual_Intent_JSSTTL-116728] Executing validate_PageTitle function:
2016-01-27 18:51:15,282 DEBUG [EBManual_Intent_JSSTTL-116728] The title of the page is *********************************: Intent JS Test
2016-01-27 18:51:15,282 DEBUG [EBManual_Intent_JSSTTL-116728] The page title found is correct
2016-01-27 18:51:15,282 DEBUG [EBManual_Intent_JSSTTL-116728] Result of validate_PageTitle: pass
2016-01-27 18:51:15,282 DEBUG [EBManual_Intent_JSSTTL-116728] In execute keyword function
2016-01-27 18:51:15,282 DEBUG [EBManual_Intent_JSSTTL-116728] Executing SelectTestToRun function:
2016-01-27 18:51:20,068 DEBUG [EBManual_Intent_JSSTTL-116728] Successfull in selecting clicking the category
2016-01-27 18:51:20,068 DEBUG [EBManual_Intent_JSSTTL-116728] TestStepResult of SelectTestToRun: pass
2016-01-27 18:51:20,068 DEBUG [EBManual_Intent_JSSTTL-116728] In execute keyword function
2016-01-27 18:51:20,068 DEBUG [EBManual_Intent_JSSTTL-116728] Executing ClickRunTest function:
2016-01-27 18:51:20,441 DEBUG [EBManual_Intent_JSSTTL-116728] Executing Click function
2016-01-27 18:51:21,395 DEBUG [EBManual_Intent_JSSTTL-116728] Exiting Click function
2016-01-27 18:51:21,395 DEBUG [EBManual_Intent_JSSTTL-116728] runtest_top_xpath Button clicked Successfully
2016-01-27 18:51:21,395 DEBUG [EBManual_Intent_JSSTTL-116728] TestStepResult of ClickRunTest: pass
2016-01-27 18:51:21,396 DEBUG [EBManual_Intent_JSSTTL-116728] In execute keyword function
2016-01-27 18:51:21,396 DEBUG [EBManual_Intent_JSSTTL-116728] Executing validate_OldText_Exists function:
2016-01-27 18:51:21,396 DEBUG [EBManual_Intent_JSSTTL-116728] Entered validate_OldText_Exists function
2016-01-27 18:51:22,114 DEBUG [EBManual_Intent_JSSTTL-116728] VT328_23 Testcase Text found
2016-01-27 18:51:22,114 DEBUG [EBManual_Intent_JSSTTL-116728] Exiting from validate_OldText_Exists function
2016-01-27 18:51:22,114 DEBUG [EBManual_Intent_JSSTTL-116728] Result of validate_OldText_Exists: Pass
2016-01-27 18:51:22,114 DEBUG [EBManual_Intent_JSSTTL-116728] In execute keyword function
2016-01-27 18:51:22,114 DEBUG [EBManual_Intent_JSSTTL-116728] Executing ClickRunTest function:
2016-01-27 18:51:22,433 DEBUG [EBManual_Intent_JSSTTL-116728] Executing Click function
2016-01-27 18:51:23,399 DEBUG [EBManual_Intent_JSSTTL-116728] Exiting Click function
2016-01-27 18:51:23,399 DEBUG [EBManual_Intent_JSSTTL-116728] runtest_bottom_xpath Button clicked Successfully
2016-01-27 18:51:23,399 DEBUG [EBManual_Intent_JSSTTL-116728] TestStepResult of ClickRunTest: pass
2016-01-27 18:51:23,399 DEBUG [EBManual_Intent_JSSTTL-116728] In execute keyword function
2016-01-27 18:51:23,399 DEBUG [EBManual_Intent_JSSTTL-116728] Executing wait function:
2016-01-27 18:51:23,399 DEBUG [EBManual_Intent_JSSTTL-116728] Started Executing wait function
2016-01-27 18:51:28,399 DEBUG [EBManual_Intent_JSSTTL-116728] Exiting from wait function
2016-01-27 18:51:28,399 DEBUG [EBManual_Intent_JSSTTL-116728] TestStepResult of wait: Pass
2016-01-27 18:51:28,399 DEBUG [EBManual_Intent_JSSTTL-116728] In execute keyword function
2016-01-27 18:51:28,399 DEBUG [EBManual_Intent_JSSTTL-116728] Executing validate_App_Launched_Device function:
2016-01-27 18:51:28,399 DEBUG [EBManual_Intent_JSSTTL-116728] Started Executing Validate_App_launched_Device function
2016-01-27 18:51:28,399 DEBUG [EBManual_Intent_JSSTTL-116728] Entered CheckUIButtonExists function
2016-01-27 18:51:28,399 DEBUG [EBManual_Intent_JSSTTL-116728] Started executeCommandLine function
2016-01-27 18:51:32,412 DEBUG [EBManual_Intent_JSSTTL-116728] Exiting from executeCommandLine function
2016-01-27 18:51:32,412 DEBUG [EBManual_Intent_JSSTTL-116728] Button is not Present
2016-01-27 18:51:32,412 DEBUG [EBManual_Intent_JSSTTL-116728] Exiting from CheckUIButtonExists function
2016-01-27 18:51:32,412 DEBUG [EBManual_Intent_JSSTTL-116728] Started executeCommandLine function
2016-01-27 18:51:36,433 DEBUG [EBManual_Intent_JSSTTL-116728] Given App is in Foreground
2016-01-27 18:51:36,433 DEBUG [EBManual_Intent_JSSTTL-116728] Exiting Validate_App_launched_Device function
2016-01-27 18:51:36,433 DEBUG [EBManual_Intent_JSSTTL-116728] Result of validate_App_Launched_Device: Pass
2016-01-27 18:51:36,433 DEBUG [EBManual_Intent_JSSTTL-116728] In execute keyword function
2016-01-27 18:51:36,433 DEBUG [EBManual_Intent_JSSTTL-116728] Executing validate_CompareEditText function:
2016-01-27 18:51:36,433 DEBUG [EBManual_Intent_JSSTTL-116728] Entered validate_TextMsgBody function
2016-01-27 18:51:36,433 DEBUG [EBManual_Intent_JSSTTL-116728] Started executeCommandLine function
2016-01-27 18:51:40,462 DEBUG [EBManual_Intent_JSSTTL-116728] Exiting from executeCommandLine function
2016-01-27 18:51:40,462 DEBUG [EBManual_Intent_JSSTTL-116728] Result of validate_CompareEditText: fail
2016-01-27 18:51:40,462 DEBUG [EBManual_Intent_JSSTTL-116728] In execute keyword function
2016-01-27 18:51:40,462 DEBUG [EBManual_Intent_JSSTTL-116728] Executing press_Key function:
2016-01-27 18:51:40,462 DEBUG [EBManual_Intent_JSSTTL-116728] Started executeCommandLine function
2016-01-27 18:51:44,484 DEBUG [EBManual_Intent_JSSTTL-116728] Exiting from executeCommandLine function
2016-01-27 18:51:44,484 DEBUG [EBManual_Intent_JSSTTL-116728] pressed on the back key
2016-01-27 18:51:44,484 DEBUG [EBManual_Intent_JSSTTL-116728] Back works
2016-01-27 18:51:45,484 DEBUG [EBManual_Intent_JSSTTL-116728] TestStepResult of press_Key: pass
2016-01-27 18:51:45,484 DEBUG [EBManual_Intent_JSSTTL-116728] In execute keyword function
2016-01-27 18:51:45,484 DEBUG [EBManual_Intent_JSSTTL-116728] Executing press_Key function:
2016-01-27 18:51:45,484 DEBUG [EBManual_Intent_JSSTTL-116728] Started executeCommandLine function
2016-01-27 18:51:49,507 DEBUG [EBManual_Intent_JSSTTL-116728] Exiting from executeCommandLine function
2016-01-27 18:51:49,507 DEBUG [EBManual_Intent_JSSTTL-116728] pressed on the back key
2016-01-27 18:51:49,507 DEBUG [EBManual_Intent_JSSTTL-116728] Back works
2016-01-27 18:51:50,507 DEBUG [EBManual_Intent_JSSTTL-116728] TestStepResult of press_Key: pass
2016-01-27 18:51:50,507 DEBUG [EBManual_Intent_JSSTTL-116728] In execute keyword function
2016-01-27 18:51:50,507 DEBUG [EBManual_Intent_JSSTTL-116728] Executing ClickUIButtonText function:
2016-01-27 18:51:50,507 DEBUG [EBManual_Intent_JSSTTL-116728] Entered ClickUIButtonText function
2016-01-27 18:51:50,507 DEBUG [EBManual_Intent_JSSTTL-116728] Started executeCommandLine function
2016-01-27 18:51:54,531 DEBUG [EBManual_Intent_JSSTTL-116728] Started executeCommandLine function
2016-01-27 18:51:58,551 DEBUG [EBManual_Intent_JSSTTL-116728] Exiting ClickUIButtonText function
2016-01-27 18:51:58,551 DEBUG [EBManual_Intent_JSSTTL-116728] TestStepResult of ClickUIButtonText: Pass
2016-01-27 18:51:58,551 DEBUG [EBManual_Intent_JSSTTL-116728] allstep_result contains: PasspasspassPasspasspasspassPassPassnull
2016-01-27 18:51:58,551 DEBUG [EBManual_Intent_JSSTTL-116728] allexpected_result contains: nullPassfailnullPassnullpassnullpassnull
2016-01-27 18:51:58,551 DEBUG [EBManual_Intent_JSSTTL-116728] Testcase_Result contains: nullPassfailnullPassnullpassnullpassnullPasspasspassPasspasspasspassPassPassnull
2016-01-27 18:51:58,551 DEBUG [EBManual_Intent_JSSTTL-116728] Test case with description mimeType - Launch Message application from test app by setting mimeType "vnd.android-dir/mms-sms" and Data to "This is message body !" Fail
2016-01-27 18:51:59,609 DEBUG [EBManual_Intent_JSSTTL-116728] Executing browser_Quit function
2016-01-27 18:51:59,609 DEBUG [EBManual_Intent_JSSTTL-116728] Completed browser_Quit function
2016-01-27 18:51:59,609 DEBUG [EBManual_Intent_JSSTTL-116728] Completed quitSelendroid function
2016-01-27 18:51:59,610 DEBUG [EBManual_Intent_JSSTTL-116728] Row number:29
