2016-01-27 18:57:47,264 DEBUG [EBManual_Intent_JSSTTL-116736] Executing Test Case ID: STTL-116736
2016-01-27 18:57:47,272 DEBUG [EBManual_Intent_JSSTTL-116736] Executing Init_Selendroid function with APK as parameter and clear data value with 1
2016-01-27 18:57:57,550 DEBUG [EBManual_Intent_JSSTTL-116736] Exiting Init_Selendroid function
2016-01-27 18:57:57,569 DEBUG [EBManual_Intent_JSSTTL-116736] TestCase with Description "Start Listening to the background intents - broadcast messages (receiving broadcast messages)with action main" Execution started
2016-01-27 18:57:57,569 DEBUG [EBManual_Intent_JSSTTL-116736] In execute keyword function
2016-01-27 18:57:57,569 DEBUG [EBManual_Intent_JSSTTL-116736] Executing wait function:
2016-01-27 18:57:57,569 DEBUG [EBManual_Intent_JSSTTL-116736] Started Executing wait function
2016-01-27 18:58:00,569 DEBUG [EBManual_Intent_JSSTTL-116736] Exiting from wait function
2016-01-27 18:58:00,569 DEBUG [EBManual_Intent_JSSTTL-116736] TestStepResult of wait: Pass
2016-01-27 18:58:00,569 DEBUG [EBManual_Intent_JSSTTL-116736] In execute keyword function
2016-01-27 18:58:00,569 DEBUG [EBManual_Intent_JSSTTL-116736] Executing validate_PageTitle function:
2016-01-27 18:58:00,588 DEBUG [EBManual_Intent_JSSTTL-116736] The title of the page is *********************************: Manual specs
2016-01-27 18:58:00,588 DEBUG [EBManual_Intent_JSSTTL-116736] The page title found is correct
2016-01-27 18:58:00,588 DEBUG [EBManual_Intent_JSSTTL-116736] Result of validate_PageTitle: pass
2016-01-27 18:58:00,588 DEBUG [EBManual_Intent_JSSTTL-116736] In execute keyword function
2016-01-27 18:58:00,588 DEBUG [EBManual_Intent_JSSTTL-116736] Executing link_Click function:
2016-01-27 18:58:01,170 DEBUG [EBManual_Intent_JSSTTL-116736] Executing Click function
2016-01-27 18:58:02,194 DEBUG [EBManual_Intent_JSSTTL-116736] Exiting Click function
2016-01-27 18:58:02,194 DEBUG [EBManual_Intent_JSSTTL-116736] intent_test_link clicked successfully
2016-01-27 18:58:02,194 DEBUG [EBManual_Intent_JSSTTL-116736] TestStepResult of link_Click: Pass
2016-01-27 18:58:02,194 DEBUG [EBManual_Intent_JSSTTL-116736] In execute keyword function
2016-01-27 18:58:02,194 DEBUG [EBManual_Intent_JSSTTL-116736] Executing validate_PageTitle function:
2016-01-27 18:58:02,210 DEBUG [EBManual_Intent_JSSTTL-116736] The title of the page is *********************************: Intent JS Test
2016-01-27 18:58:02,210 DEBUG [EBManual_Intent_JSSTTL-116736] The page title found is correct
2016-01-27 18:58:02,210 DEBUG [EBManual_Intent_JSSTTL-116736] Result of validate_PageTitle: pass
2016-01-27 18:58:02,210 DEBUG [EBManual_Intent_JSSTTL-116736] In execute keyword function
2016-01-27 18:58:02,210 DEBUG [EBManual_Intent_JSSTTL-116736] Executing SelectTestToRun function:
2016-01-27 18:58:10,044 DEBUG [EBManual_Intent_JSSTTL-116736] Successfull in selecting clicking the category
2016-01-27 18:58:10,044 DEBUG [EBManual_Intent_JSSTTL-116736] TestStepResult of SelectTestToRun: pass
2016-01-27 18:58:10,044 DEBUG [EBManual_Intent_JSSTTL-116736] In execute keyword function
2016-01-27 18:58:10,044 DEBUG [EBManual_Intent_JSSTTL-116736] Executing ClickRunTest function:
2016-01-27 18:58:10,371 DEBUG [EBManual_Intent_JSSTTL-116736] Executing Click function
2016-01-27 18:58:11,336 DEBUG [EBManual_Intent_JSSTTL-116736] Exiting Click function
2016-01-27 18:58:11,336 DEBUG [EBManual_Intent_JSSTTL-116736] runtest_top_xpath Button clicked Successfully
2016-01-27 18:58:11,336 DEBUG [EBManual_Intent_JSSTTL-116736] TestStepResult of ClickRunTest: pass
2016-01-27 18:58:11,336 DEBUG [EBManual_Intent_JSSTTL-116736] In execute keyword function
2016-01-27 18:58:11,336 DEBUG [EBManual_Intent_JSSTTL-116736] Executing validate_OldText_Exists function:
2016-01-27 18:58:11,336 DEBUG [EBManual_Intent_JSSTTL-116736] Entered validate_OldText_Exists function
2016-01-27 18:58:12,095 DEBUG [EBManual_Intent_JSSTTL-116736] VT328_52 Testcase Text found
2016-01-27 18:58:12,095 DEBUG [EBManual_Intent_JSSTTL-116736] Exiting from validate_OldText_Exists function
2016-01-27 18:58:12,095 DEBUG [EBManual_Intent_JSSTTL-116736] Result of validate_OldText_Exists: Pass
2016-01-27 18:58:12,095 DEBUG [EBManual_Intent_JSSTTL-116736] In execute keyword function
2016-01-27 18:58:12,095 DEBUG [EBManual_Intent_JSSTTL-116736] Executing ClickRunTest function:
2016-01-27 18:58:12,419 DEBUG [EBManual_Intent_JSSTTL-116736] Executing Click function
2016-01-27 18:58:13,387 DEBUG [EBManual_Intent_JSSTTL-116736] Exiting Click function
2016-01-27 18:58:13,387 DEBUG [EBManual_Intent_JSSTTL-116736] runtest_bottom_xpath Button clicked Successfully
2016-01-27 18:58:13,387 DEBUG [EBManual_Intent_JSSTTL-116736] TestStepResult of ClickRunTest: pass
2016-01-27 18:58:13,387 DEBUG [EBManual_Intent_JSSTTL-116736] In execute keyword function
2016-01-27 18:58:13,387 DEBUG [EBManual_Intent_JSSTTL-116736] Executing wait function:
2016-01-27 18:58:13,387 DEBUG [EBManual_Intent_JSSTTL-116736] Started Executing wait function
2016-01-27 18:58:18,387 DEBUG [EBManual_Intent_JSSTTL-116736] Exiting from wait function
2016-01-27 18:58:18,387 DEBUG [EBManual_Intent_JSSTTL-116736] TestStepResult of wait: Pass
2016-01-27 18:58:18,387 DEBUG [EBManual_Intent_JSSTTL-116736] In execute keyword function
2016-01-27 18:58:18,387 DEBUG [EBManual_Intent_JSSTTL-116736] Executing CheckUITextContains function:
2016-01-27 18:58:18,387 DEBUG [EBManual_Intent_JSSTTL-116736] Started executeCommandLine function
2016-01-27 18:58:22,412 DEBUG [EBManual_Intent_JSSTTL-116736] Text is Present
2016-01-27 18:58:22,412 DEBUG [EBManual_Intent_JSSTTL-116736] TestStepResult of CheckUITextContains: Pass
2016-01-27 18:58:22,412 DEBUG [EBManual_Intent_JSSTTL-116736] In execute keyword function
2016-01-27 18:58:22,412 DEBUG [EBManual_Intent_JSSTTL-116736] Executing CheckUITextContains function:
2016-01-27 18:58:22,412 DEBUG [EBManual_Intent_JSSTTL-116736] Started executeCommandLine function
2016-01-27 18:58:26,431 DEBUG [EBManual_Intent_JSSTTL-116736] Text is Present
2016-01-27 18:58:26,431 DEBUG [EBManual_Intent_JSSTTL-116736] TestStepResult of CheckUITextContains: Pass
2016-01-27 18:58:26,431 DEBUG [EBManual_Intent_JSSTTL-116736] In execute keyword function
2016-01-27 18:58:26,431 DEBUG [EBManual_Intent_JSSTTL-116736] Executing CheckUITextContains function:
2016-01-27 18:58:26,431 DEBUG [EBManual_Intent_JSSTTL-116736] Started executeCommandLine function
2016-01-27 18:58:30,452 DEBUG [EBManual_Intent_JSSTTL-116736] Text is Present
2016-01-27 18:58:30,452 DEBUG [EBManual_Intent_JSSTTL-116736] TestStepResult of CheckUITextContains: Pass
2016-01-27 18:58:30,452 DEBUG [EBManual_Intent_JSSTTL-116736] In execute keyword function
2016-01-27 18:58:30,452 DEBUG [EBManual_Intent_JSSTTL-116736] Executing ClickUIButtonText function:
2016-01-27 18:58:30,452 DEBUG [EBManual_Intent_JSSTTL-116736] Entered ClickUIButtonText function
2016-01-27 18:58:30,452 DEBUG [EBManual_Intent_JSSTTL-116736] Started executeCommandLine function
2016-01-27 18:58:34,471 DEBUG [EBManual_Intent_JSSTTL-116736] Started executeCommandLine function
2016-01-27 18:58:38,970 DEBUG [EBManual_Intent_JSSTTL-116736] Exiting ClickUIButtonText function
2016-01-27 18:58:38,970 DEBUG [EBManual_Intent_JSSTTL-116736] TestStepResult of ClickUIButtonText: Pass
2016-01-27 18:58:38,970 DEBUG [EBManual_Intent_JSSTTL-116736] allstep_result contains: PassPassPassPassPasspasspasspassPassPassnull
2016-01-27 18:58:38,970 DEBUG [EBManual_Intent_JSSTTL-116736] allexpected_result contains: nullPassnullpassnullpassnull
2016-01-27 18:58:38,970 DEBUG [EBManual_Intent_JSSTTL-116736] Testcase_Result contains: nullPassnullpassnullpassnullPassPassPassPassPasspasspasspassPassPassnull
2016-01-27 18:58:38,970 DEBUG [EBManual_Intent_JSSTTL-116736] Test case with description Start Listening to the background intents - broadcast messages (receiving broadcast messages)with action main Pass
2016-01-27 18:58:39,988 DEBUG [EBManual_Intent_JSSTTL-116736] Executing browser_Quit function
2016-01-27 18:58:39,988 DEBUG [EBManual_Intent_JSSTTL-116736] Completed browser_Quit function
2016-01-27 18:58:39,988 DEBUG [EBManual_Intent_JSSTTL-116736] Completed quitSelendroid function
2016-01-27 18:58:39,989 DEBUG [EBManual_Intent_JSSTTL-116736] Row number:37
2016-01-27 18:58:40,058 DEBUG [EBManual_Intent_JSSTTL-116736] Ending Test Case IDSTTL-116736
