2016-01-27 18:34:03,686 DEBUG [EBManual_Intent_JSSTTL-116708] Executing Test Case ID: STTL-116708
2016-01-27 18:34:03,699 DEBUG [EBManual_Intent_JSSTTL-116708] Executing Init_Selendroid function with APK as parameter and clear data value with 1
2016-01-27 18:34:13,994 DEBUG [EBManual_Intent_JSSTTL-116708] Exiting Init_Selendroid function
2016-01-27 18:34:14,013 DEBUG [EBManual_Intent_JSSTTL-116708] TestCase with Description "Stop Listening to the background intents" Execution started
2016-01-27 18:34:14,013 DEBUG [EBManual_Intent_JSSTTL-116708] In execute keyword function
2016-01-27 18:34:14,013 DEBUG [EBManual_Intent_JSSTTL-116708] Executing wait function:
2016-01-27 18:34:14,013 DEBUG [EBManual_Intent_JSSTTL-116708] Started Executing wait function
2016-01-27 18:34:17,013 DEBUG [EBManual_Intent_JSSTTL-116708] Exiting from wait function
2016-01-27 18:34:17,013 DEBUG [EBManual_Intent_JSSTTL-116708] TestStepResult of wait: Pass
2016-01-27 18:34:17,013 DEBUG [EBManual_Intent_JSSTTL-116708] In execute keyword function
2016-01-27 18:34:17,013 DEBUG [EBManual_Intent_JSSTTL-116708] Executing validate_PageTitle function:
2016-01-27 18:34:17,032 DEBUG [EBManual_Intent_JSSTTL-116708] The title of the page is *********************************: Manual specs
2016-01-27 18:34:17,032 DEBUG [EBManual_Intent_JSSTTL-116708] The page title found is correct
2016-01-27 18:34:17,032 DEBUG [EBManual_Intent_JSSTTL-116708] Result of validate_PageTitle: pass
2016-01-27 18:34:17,032 DEBUG [EBManual_Intent_JSSTTL-116708] In execute keyword function
2016-01-27 18:34:17,032 DEBUG [EBManual_Intent_JSSTTL-116708] Executing link_Click function:
2016-01-27 18:34:17,636 DEBUG [EBManual_Intent_JSSTTL-116708] Executing Click function
2016-01-27 18:34:18,690 DEBUG [EBManual_Intent_JSSTTL-116708] Exiting Click function
2016-01-27 18:34:18,690 DEBUG [EBManual_Intent_JSSTTL-116708] intent_test_link clicked successfully
2016-01-27 18:34:18,690 DEBUG [EBManual_Intent_JSSTTL-116708] TestStepResult of link_Click: Pass
2016-01-27 18:34:18,690 DEBUG [EBManual_Intent_JSSTTL-116708] In execute keyword function
2016-01-27 18:34:18,690 DEBUG [EBManual_Intent_JSSTTL-116708] Executing validate_PageTitle function:
2016-01-27 18:34:18,711 DEBUG [EBManual_Intent_JSSTTL-116708] The title of the page is *********************************: Intent JS Test
2016-01-27 18:34:18,711 DEBUG [EBManual_Intent_JSSTTL-116708] The page title found is correct
2016-01-27 18:34:18,711 DEBUG [EBManual_Intent_JSSTTL-116708] Result of validate_PageTitle: pass
2016-01-27 18:34:18,711 DEBUG [EBManual_Intent_JSSTTL-116708] In execute keyword function
2016-01-27 18:34:18,711 DEBUG [EBManual_Intent_JSSTTL-116708] Executing SelectTestToRun function:
2016-01-27 18:34:24,922 DEBUG [EBManual_Intent_JSSTTL-116708] Successfull in selecting clicking the category
2016-01-27 18:34:24,922 DEBUG [EBManual_Intent_JSSTTL-116708] TestStepResult of SelectTestToRun: pass
2016-01-27 18:34:24,922 DEBUG [EBManual_Intent_JSSTTL-116708] In execute keyword function
2016-01-27 18:34:24,922 DEBUG [EBManual_Intent_JSSTTL-116708] Executing ClickRunTest function:
2016-01-27 18:34:25,412 DEBUG [EBManual_Intent_JSSTTL-116708] Executing Click function
2016-01-27 18:34:26,371 DEBUG [EBManual_Intent_JSSTTL-116708] Exiting Click function
2016-01-27 18:34:26,371 DEBUG [EBManual_Intent_JSSTTL-116708] runtest_top_xpath Button clicked Successfully
2016-01-27 18:34:26,371 DEBUG [EBManual_Intent_JSSTTL-116708] TestStepResult of ClickRunTest: pass
2016-01-27 18:34:26,371 DEBUG [EBManual_Intent_JSSTTL-116708] In execute keyword function
2016-01-27 18:34:26,371 DEBUG [EBManual_Intent_JSSTTL-116708] Executing validate_OldText_Exists function:
2016-01-27 18:34:26,371 DEBUG [EBManual_Intent_JSSTTL-116708] Entered validate_OldText_Exists function
2016-01-27 18:34:26,974 DEBUG [EBManual_Intent_JSSTTL-116708] VT328_39 Testcase Text found
2016-01-27 18:34:26,974 DEBUG [EBManual_Intent_JSSTTL-116708] Exiting from validate_OldText_Exists function
2016-01-27 18:34:26,974 DEBUG [EBManual_Intent_JSSTTL-116708] Result of validate_OldText_Exists: Pass
2016-01-27 18:34:26,974 DEBUG [EBManual_Intent_JSSTTL-116708] In execute keyword function
2016-01-27 18:34:26,974 DEBUG [EBManual_Intent_JSSTTL-116708] Executing ClickRunTest function:
2016-01-27 18:34:27,281 DEBUG [EBManual_Intent_JSSTTL-116708] Executing Click function
2016-01-27 18:34:28,269 DEBUG [EBManual_Intent_JSSTTL-116708] Exiting Click function
2016-01-27 18:34:28,269 DEBUG [EBManual_Intent_JSSTTL-116708] runtest_bottom_xpath Button clicked Successfully
2016-01-27 18:34:28,269 DEBUG [EBManual_Intent_JSSTTL-116708] TestStepResult of ClickRunTest: pass
2016-01-27 18:34:28,269 DEBUG [EBManual_Intent_JSSTTL-116708] In execute keyword function
2016-01-27 18:34:28,269 DEBUG [EBManual_Intent_JSSTTL-116708] Executing wait function:
2016-01-27 18:34:28,269 DEBUG [EBManual_Intent_JSSTTL-116708] Started Executing wait function
2016-01-27 18:34:30,269 DEBUG [EBManual_Intent_JSSTTL-116708] Exiting from wait function
2016-01-27 18:34:30,269 DEBUG [EBManual_Intent_JSSTTL-116708] TestStepResult of wait: Pass
2016-01-27 18:34:30,269 DEBUG [EBManual_Intent_JSSTTL-116708] In execute keyword function
2016-01-27 18:34:30,269 DEBUG [EBManual_Intent_JSSTTL-116708] Executing CheckUITextContains function:
2016-01-27 18:34:30,269 DEBUG [EBManual_Intent_JSSTTL-116708] Started executeCommandLine function
2016-01-27 18:34:34,289 DEBUG [EBManual_Intent_JSSTTL-116708] Text is Present
2016-01-27 18:34:34,289 DEBUG [EBManual_Intent_JSSTTL-116708] TestStepResult of CheckUITextContains: Pass
2016-01-27 18:34:34,289 DEBUG [EBManual_Intent_JSSTTL-116708] In execute keyword function
2016-01-27 18:34:34,289 DEBUG [EBManual_Intent_JSSTTL-116708] Executing ClickUIButtonText function:
2016-01-27 18:34:34,289 DEBUG [EBManual_Intent_JSSTTL-116708] Entered ClickUIButtonText function
2016-01-27 18:34:34,289 DEBUG [EBManual_Intent_JSSTTL-116708] Started executeCommandLine function
2016-01-27 18:34:38,308 DEBUG [EBManual_Intent_JSSTTL-116708] Started executeCommandLine function
2016-01-27 18:34:42,760 DEBUG [EBManual_Intent_JSSTTL-116708] Exiting ClickUIButtonText function
2016-01-27 18:34:42,760 DEBUG [EBManual_Intent_JSSTTL-116708] TestStepResult of ClickUIButtonText: Pass
2016-01-27 18:34:42,760 DEBUG [EBManual_Intent_JSSTTL-116708] In execute keyword function
2016-01-27 18:34:42,760 DEBUG [EBManual_Intent_JSSTTL-116708] Executing wait function:
2016-01-27 18:34:42,760 DEBUG [EBManual_Intent_JSSTTL-116708] Started Executing wait function
2016-01-27 18:34:44,761 DEBUG [EBManual_Intent_JSSTTL-116708] Exiting from wait function
2016-01-27 18:34:44,761 DEBUG [EBManual_Intent_JSSTTL-116708] TestStepResult of wait: Pass
2016-01-27 18:34:44,761 DEBUG [EBManual_Intent_JSSTTL-116708] In execute keyword function
2016-01-27 18:34:44,761 DEBUG [EBManual_Intent_JSSTTL-116708] Executing SelectTestToRun function:
2016-01-27 18:34:51,959 DEBUG [EBManual_Intent_JSSTTL-116708] Successfull in selecting clicking the category
2016-01-27 18:34:51,959 DEBUG [EBManual_Intent_JSSTTL-116708] TestStepResult of SelectTestToRun: pass
2016-01-27 18:34:51,959 DEBUG [EBManual_Intent_JSSTTL-116708] In execute keyword function
2016-01-27 18:34:51,959 DEBUG [EBManual_Intent_JSSTTL-116708] Executing ClickRunTest function:
2016-01-27 18:34:52,304 DEBUG [EBManual_Intent_JSSTTL-116708] Executing Click function
2016-01-27 18:34:53,373 DEBUG [EBManual_Intent_JSSTTL-116708] Exiting Click function
2016-01-27 18:34:53,373 DEBUG [EBManual_Intent_JSSTTL-116708] runtest_top_xpath Button clicked Successfully
2016-01-27 18:34:53,373 DEBUG [EBManual_Intent_JSSTTL-116708] TestStepResult of ClickRunTest: pass
2016-01-27 18:34:53,373 DEBUG [EBManual_Intent_JSSTTL-116708] In execute keyword function
2016-01-27 18:34:53,373 DEBUG [EBManual_Intent_JSSTTL-116708] Executing validate_OldText_Exists function:
2016-01-27 18:34:53,373 DEBUG [EBManual_Intent_JSSTTL-116708] Entered validate_OldText_Exists function
2016-01-27 18:34:54,299 DEBUG [EBManual_Intent_JSSTTL-116708] VT328_41 Testcase Text found
2016-01-27 18:34:54,299 DEBUG [EBManual_Intent_JSSTTL-116708] Exiting from validate_OldText_Exists function
2016-01-27 18:34:54,299 DEBUG [EBManual_Intent_JSSTTL-116708] Result of validate_OldText_Exists: Pass
2016-01-27 18:34:54,299 DEBUG [EBManual_Intent_JSSTTL-116708] In execute keyword function
2016-01-27 18:34:54,299 DEBUG [EBManual_Intent_JSSTTL-116708] Executing ClickRunTest function:
2016-01-27 18:34:54,739 DEBUG [EBManual_Intent_JSSTTL-116708] Executing Click function
2016-01-27 18:34:55,829 DEBUG [EBManual_Intent_JSSTTL-116708] Exiting Click function
2016-01-27 18:34:55,829 DEBUG [EBManual_Intent_JSSTTL-116708] runtest_bottom_xpath Button clicked Successfully
2016-01-27 18:34:55,829 DEBUG [EBManual_Intent_JSSTTL-116708] TestStepResult of ClickRunTest: pass
2016-01-27 18:34:55,829 DEBUG [EBManual_Intent_JSSTTL-116708] In execute keyword function
2016-01-27 18:34:55,829 DEBUG [EBManual_Intent_JSSTTL-116708] Executing wait function:
2016-01-27 18:34:55,829 DEBUG [EBManual_Intent_JSSTTL-116708] Started Executing wait function
2016-01-27 18:34:57,829 DEBUG [EBManual_Intent_JSSTTL-116708] Exiting from wait function
2016-01-27 18:34:57,829 DEBUG [EBManual_Intent_JSSTTL-116708] TestStepResult of wait: Pass
2016-01-27 18:34:57,829 DEBUG [EBManual_Intent_JSSTTL-116708] In execute keyword function
2016-01-27 18:34:57,829 DEBUG [EBManual_Intent_JSSTTL-116708] Executing press_Key function:
2016-01-27 18:34:57,829 DEBUG [EBManual_Intent_JSSTTL-116708] Started executeCommandLine function
2016-01-27 18:35:01,849 DEBUG [EBManual_Intent_JSSTTL-116708] Exiting from executeCommandLine function
2016-01-27 18:35:01,849 DEBUG [EBManual_Intent_JSSTTL-116708] pressed on the home key
2016-01-27 18:35:01,849 DEBUG [EBManual_Intent_JSSTTL-116708] home works
2016-01-27 18:35:02,849 DEBUG [EBManual_Intent_JSSTTL-116708] TestStepResult of press_Key: pass
2016-01-27 18:35:02,849 DEBUG [EBManual_Intent_JSSTTL-116708] In execute keyword function
2016-01-27 18:35:02,849 DEBUG [EBManual_Intent_JSSTTL-116708] Executing launch_App_Device function:
2016-01-27 18:35:02,849 DEBUG [EBManual_Intent_JSSTTL-116708] Started Executing Launch_App_Device function
2016-01-27 18:35:02,849 DEBUG [EBManual_Intent_JSSTTL-116708] Started executeCommandLine function
2016-01-27 18:35:06,868 DEBUG [EBManual_Intent_JSSTTL-116708] Exiting from executeCommandLine function
2016-01-27 18:35:07,868 DEBUG [EBManual_Intent_JSSTTL-116708] Successfully launched the App
2016-01-27 18:35:07,868 DEBUG [EBManual_Intent_JSSTTL-116708] Exiting Launch_App_Device function
2016-01-27 18:35:07,868 DEBUG [EBManual_Intent_JSSTTL-116708] TestStepResult of launch_App_Device: Pass
2016-01-27 18:35:07,868 DEBUG [EBManual_Intent_JSSTTL-116708] In execute keyword function
2016-01-27 18:35:07,868 DEBUG [EBManual_Intent_JSSTTL-116708] Executing CheckUITextContains function:
2016-01-27 18:35:07,868 DEBUG [EBManual_Intent_JSSTTL-116708] Started executeCommandLine function
2016-01-27 18:35:21,886 DEBUG [EBManual_Intent_JSSTTL-116708] Text is not Present
2016-01-27 18:35:21,886 DEBUG [EBManual_Intent_JSSTTL-116708] TestStepResult of CheckUITextContains: Pass
2016-01-27 18:35:21,886 DEBUG [EBManual_Intent_JSSTTL-116708] allstep_result contains: PassPasspassPasspasspasspassPassPassPassPasspasspasspassPassPassnull
2016-01-27 18:35:21,886 DEBUG [EBManual_Intent_JSSTTL-116708] allexpected_result contains: nullPassnullPassnullpassnullpassnull
2016-01-27 18:35:21,886 DEBUG [EBManual_Intent_JSSTTL-116708] Testcase_Result contains: nullPassnullPassnullpassnullpassnullPassPasspassPasspasspasspassPassPassPassPasspasspasspassPassPassnull
2016-01-27 18:35:21,886 DEBUG [EBManual_Intent_JSSTTL-116708] Test case with description Stop Listening to the background intents Pass
2016-01-27 18:35:22,932 DEBUG [EBManual_Intent_JSSTTL-116708] Executing browser_Quit function
2016-01-27 18:35:22,932 DEBUG [EBManual_Intent_JSSTTL-116708] Completed browser_Quit function
2016-01-27 18:35:22,932 DEBUG [EBManual_Intent_JSSTTL-116708] Completed quitSelendroid function
2016-01-27 18:35:22,933 DEBUG [EBManual_Intent_JSSTTL-116708] Row number:9
2016-01-27 18:35:23,006 DEBUG [EBManual_Intent_JSSTTL-116708] Ending Test Case IDSTTL-116708
