2016-01-27 18:57:02,369 DEBUG [EBManual_Intent_JSSTTL-116735] Executing Test Case ID: STTL-116735
2016-01-27 18:57:02,377 DEBUG [EBManual_Intent_JSSTTL-116735] Executing Init_Selendroid function with APK as parameter and clear data value with 1
2016-01-27 18:57:12,716 DEBUG [EBManual_Intent_JSSTTL-116735] Exiting Init_Selendroid function
2016-01-27 18:57:12,753 DEBUG [EBManual_Intent_JSSTTL-116735] TestCase with Description "Start Listening to the background intents callback without argument" Execution started
2016-01-27 18:57:12,753 DEBUG [EBManual_Intent_JSSTTL-116735] In execute keyword function
2016-01-27 18:57:12,753 DEBUG [EBManual_Intent_JSSTTL-116735] Executing wait function:
2016-01-27 18:57:12,753 DEBUG [EBManual_Intent_JSSTTL-116735] Started Executing wait function
2016-01-27 18:57:15,753 DEBUG [EBManual_Intent_JSSTTL-116735] Exiting from wait function
2016-01-27 18:57:15,753 DEBUG [EBManual_Intent_JSSTTL-116735] TestStepResult of wait: Pass
2016-01-27 18:57:15,753 DEBUG [EBManual_Intent_JSSTTL-116735] In execute keyword function
2016-01-27 18:57:15,753 DEBUG [EBManual_Intent_JSSTTL-116735] Executing validate_PageTitle function:
2016-01-27 18:57:15,790 DEBUG [EBManual_Intent_JSSTTL-116735] The title of the page is *********************************: Manual specs
2016-01-27 18:57:15,790 DEBUG [EBManual_Intent_JSSTTL-116735] The page title found is correct
2016-01-27 18:57:15,790 DEBUG [EBManual_Intent_JSSTTL-116735] Result of validate_PageTitle: pass
2016-01-27 18:57:15,791 DEBUG [EBManual_Intent_JSSTTL-116735] In execute keyword function
2016-01-27 18:57:15,791 DEBUG [EBManual_Intent_JSSTTL-116735] Executing link_Click function:
2016-01-27 18:57:16,531 DEBUG [EBManual_Intent_JSSTTL-116735] Executing Click function
2016-01-27 18:57:17,607 DEBUG [EBManual_Intent_JSSTTL-116735] Exiting Click function
2016-01-27 18:57:17,607 DEBUG [EBManual_Intent_JSSTTL-116735] intent_test_link clicked successfully
2016-01-27 18:57:17,607 DEBUG [EBManual_Intent_JSSTTL-116735] TestStepResult of link_Click: Pass
2016-01-27 18:57:17,607 DEBUG [EBManual_Intent_JSSTTL-116735] In execute keyword function
2016-01-27 18:57:17,607 DEBUG [EBManual_Intent_JSSTTL-116735] Executing validate_PageTitle function:
2016-01-27 18:57:17,626 DEBUG [EBManual_Intent_JSSTTL-116735] The title of the page is *********************************: Intent JS Test
2016-01-27 18:57:17,626 DEBUG [EBManual_Intent_JSSTTL-116735] The page title found is correct
2016-01-27 18:57:17,626 DEBUG [EBManual_Intent_JSSTTL-116735] Result of validate_PageTitle: pass
2016-01-27 18:57:17,626 DEBUG [EBManual_Intent_JSSTTL-116735] In execute keyword function
2016-01-27 18:57:17,626 DEBUG [EBManual_Intent_JSSTTL-116735] Executing SelectTestToRun function:
2016-01-27 18:57:25,283 DEBUG [EBManual_Intent_JSSTTL-116735] Successfull in selecting clicking the category
2016-01-27 18:57:25,283 DEBUG [EBManual_Intent_JSSTTL-116735] TestStepResult of SelectTestToRun: pass
2016-01-27 18:57:25,283 DEBUG [EBManual_Intent_JSSTTL-116735] In execute keyword function
2016-01-27 18:57:25,283 DEBUG [EBManual_Intent_JSSTTL-116735] Executing ClickRunTest function:
2016-01-27 18:57:25,653 DEBUG [EBManual_Intent_JSSTTL-116735] Executing Click function
2016-01-27 18:57:26,567 DEBUG [EBManual_Intent_JSSTTL-116735] Exiting Click function
2016-01-27 18:57:26,567 DEBUG [EBManual_Intent_JSSTTL-116735] runtest_top_xpath Button clicked Successfully
2016-01-27 18:57:26,567 DEBUG [EBManual_Intent_JSSTTL-116735] TestStepResult of ClickRunTest: pass
2016-01-27 18:57:26,567 DEBUG [EBManual_Intent_JSSTTL-116735] In execute keyword function
2016-01-27 18:57:26,567 DEBUG [EBManual_Intent_JSSTTL-116735] Executing validate_OldText_Exists function:
2016-01-27 18:57:26,567 DEBUG [EBManual_Intent_JSSTTL-116735] Entered validate_OldText_Exists function
2016-01-27 18:57:27,244 DEBUG [EBManual_Intent_JSSTTL-116735] VT328_50 Testcase Text found
2016-01-27 18:57:27,244 DEBUG [EBManual_Intent_JSSTTL-116735] Exiting from validate_OldText_Exists function
2016-01-27 18:57:27,244 DEBUG [EBManual_Intent_JSSTTL-116735] Result of validate_OldText_Exists: Pass
2016-01-27 18:57:27,244 DEBUG [EBManual_Intent_JSSTTL-116735] In execute keyword function
2016-01-27 18:57:27,244 DEBUG [EBManual_Intent_JSSTTL-116735] Executing ClickRunTest function:
2016-01-27 18:57:27,588 DEBUG [EBManual_Intent_JSSTTL-116735] Executing Click function
2016-01-27 18:57:28,690 DEBUG [EBManual_Intent_JSSTTL-116735] Exiting Click function
2016-01-27 18:57:28,690 DEBUG [EBManual_Intent_JSSTTL-116735] runtest_bottom_xpath Button clicked Successfully
2016-01-27 18:57:28,690 DEBUG [EBManual_Intent_JSSTTL-116735] TestStepResult of ClickRunTest: pass
2016-01-27 18:57:28,690 DEBUG [EBManual_Intent_JSSTTL-116735] In execute keyword function
2016-01-27 18:57:28,690 DEBUG [EBManual_Intent_JSSTTL-116735] Executing wait function:
2016-01-27 18:57:28,690 DEBUG [EBManual_Intent_JSSTTL-116735] Started Executing wait function
2016-01-27 18:57:33,690 DEBUG [EBManual_Intent_JSSTTL-116735] Exiting from wait function
2016-01-27 18:57:33,690 DEBUG [EBManual_Intent_JSSTTL-116735] TestStepResult of wait: Pass
2016-01-27 18:57:33,690 DEBUG [EBManual_Intent_JSSTTL-116735] In execute keyword function
2016-01-27 18:57:33,690 DEBUG [EBManual_Intent_JSSTTL-116735] Executing CheckUITextContains function:
2016-01-27 18:57:33,690 DEBUG [EBManual_Intent_JSSTTL-116735] Started executeCommandLine function
2016-01-27 18:57:37,709 DEBUG [EBManual_Intent_JSSTTL-116735] Text is Present
2016-01-27 18:57:37,709 DEBUG [EBManual_Intent_JSSTTL-116735] TestStepResult of CheckUITextContains: Pass
2016-01-27 18:57:37,709 DEBUG [EBManual_Intent_JSSTTL-116735] In execute keyword function
2016-01-27 18:57:37,709 DEBUG [EBManual_Intent_JSSTTL-116735] Executing ClickUIButtonText function:
2016-01-27 18:57:37,709 DEBUG [EBManual_Intent_JSSTTL-116735] Entered ClickUIButtonText function
2016-01-27 18:57:37,709 DEBUG [EBManual_Intent_JSSTTL-116735] Started executeCommandLine function
2016-01-27 18:57:41,729 DEBUG [EBManual_Intent_JSSTTL-116735] Started executeCommandLine function
2016-01-27 18:57:46,173 DEBUG [EBManual_Intent_JSSTTL-116735] Exiting ClickUIButtonText function
2016-01-27 18:57:46,174 DEBUG [EBManual_Intent_JSSTTL-116735] TestStepResult of ClickUIButtonText: Pass
2016-01-27 18:57:46,174 DEBUG [EBManual_Intent_JSSTTL-116735] allstep_result contains: PassPassPasspasspasspassPassPassnull
2016-01-27 18:57:46,174 DEBUG [EBManual_Intent_JSSTTL-116735] allexpected_result contains: nullPassnullpassnullpassnull
2016-01-27 18:57:46,174 DEBUG [EBManual_Intent_JSSTTL-116735] Testcase_Result contains: nullPassnullpassnullpassnullPassPassPasspasspasspassPassPassnull
2016-01-27 18:57:46,174 DEBUG [EBManual_Intent_JSSTTL-116735] Test case with description Start Listening to the background intents callback without argument Pass
2016-01-27 18:57:47,178 DEBUG [EBManual_Intent_JSSTTL-116735] Executing browser_Quit function
2016-01-27 18:57:47,178 DEBUG [EBManual_Intent_JSSTTL-116735] Completed browser_Quit function
2016-01-27 18:57:47,179 DEBUG [EBManual_Intent_JSSTTL-116735] Completed quitSelendroid function
2016-01-27 18:57:47,180 DEBUG [EBManual_Intent_JSSTTL-116735] Row number:36
2016-01-27 18:57:47,237 DEBUG [EBManual_Intent_JSSTTL-116735] Ending Test Case IDSTTL-116735
