2016-01-27 18:44:06,043 DEBUG [EBManual_Intent_JSSTTL-116720] Executing Test Case ID: STTL-116720
2016-01-27 18:44:06,052 DEBUG [EBManual_Intent_JSSTTL-116720] Executing Init_Selendroid function with APK as parameter and clear data value with 1
2016-01-27 18:44:14,901 DEBUG [EBManual_Intent_JSSTTL-116720] Exiting Init_Selendroid function
2016-01-27 18:44:14,920 DEBUG [EBManual_Intent_JSSTTL-116720] TestCase with Description "category - Launch Gallery application from test app by setting category "CATEGORY_APP_GALLERY" and action "ACTION_MAIN"" Execution started
2016-01-27 18:44:14,920 DEBUG [EBManual_Intent_JSSTTL-116720] In execute keyword function
2016-01-27 18:44:14,920 DEBUG [EBManual_Intent_JSSTTL-116720] Executing wait function:
2016-01-27 18:44:14,920 DEBUG [EBManual_Intent_JSSTTL-116720] Started Executing wait function
2016-01-27 18:44:17,920 DEBUG [EBManual_Intent_JSSTTL-116720] Exiting from wait function
2016-01-27 18:44:17,920 DEBUG [EBManual_Intent_JSSTTL-116720] TestStepResult of wait: Pass
2016-01-27 18:44:17,920 DEBUG [EBManual_Intent_JSSTTL-116720] In execute keyword function
2016-01-27 18:44:17,920 DEBUG [EBManual_Intent_JSSTTL-116720] Executing validate_PageTitle function:
2016-01-27 18:44:17,961 DEBUG [EBManual_Intent_JSSTTL-116720] The title of the page is *********************************: Manual specs
2016-01-27 18:44:17,961 DEBUG [EBManual_Intent_JSSTTL-116720] The page title found is correct
2016-01-27 18:44:17,961 DEBUG [EBManual_Intent_JSSTTL-116720] Result of validate_PageTitle: pass
2016-01-27 18:44:17,962 DEBUG [EBManual_Intent_JSSTTL-116720] In execute keyword function
2016-01-27 18:44:17,962 DEBUG [EBManual_Intent_JSSTTL-116720] Executing link_Click function:
2016-01-27 18:44:18,629 DEBUG [EBManual_Intent_JSSTTL-116720] Executing Click function
2016-01-27 18:44:19,715 DEBUG [EBManual_Intent_JSSTTL-116720] Exiting Click function
2016-01-27 18:44:19,715 DEBUG [EBManual_Intent_JSSTTL-116720] intent_test_link clicked successfully
2016-01-27 18:44:19,715 DEBUG [EBManual_Intent_JSSTTL-116720] TestStepResult of link_Click: Pass
2016-01-27 18:44:19,715 DEBUG [EBManual_Intent_JSSTTL-116720] In execute keyword function
2016-01-27 18:44:19,715 DEBUG [EBManual_Intent_JSSTTL-116720] Executing validate_PageTitle function:
2016-01-27 18:44:19,734 DEBUG [EBManual_Intent_JSSTTL-116720] The title of the page is *********************************: Intent JS Test
2016-01-27 18:44:19,734 DEBUG [EBManual_Intent_JSSTTL-116720] The page title found is correct
2016-01-27 18:44:19,734 DEBUG [EBManual_Intent_JSSTTL-116720] Result of validate_PageTitle: pass
2016-01-27 18:44:19,734 DEBUG [EBManual_Intent_JSSTTL-116720] In execute keyword function
2016-01-27 18:44:19,734 DEBUG [EBManual_Intent_JSSTTL-116720] Executing SelectTestToRun function:
2016-01-27 18:44:24,335 DEBUG [EBManual_Intent_JSSTTL-116720] Successfull in selecting clicking the category
2016-01-27 18:44:24,335 DEBUG [EBManual_Intent_JSSTTL-116720] TestStepResult of SelectTestToRun: pass
2016-01-27 18:44:24,335 DEBUG [EBManual_Intent_JSSTTL-116720] In execute keyword function
2016-01-27 18:44:24,335 DEBUG [EBManual_Intent_JSSTTL-116720] Executing ClickRunTest function:
2016-01-27 18:44:24,676 DEBUG [EBManual_Intent_JSSTTL-116720] Executing Click function
2016-01-27 18:44:25,582 DEBUG [EBManual_Intent_JSSTTL-116720] Exiting Click function
2016-01-27 18:44:25,582 DEBUG [EBManual_Intent_JSSTTL-116720] runtest_top_xpath Button clicked Successfully
2016-01-27 18:44:25,582 DEBUG [EBManual_Intent_JSSTTL-116720] TestStepResult of ClickRunTest: pass
2016-01-27 18:44:25,582 DEBUG [EBManual_Intent_JSSTTL-116720] In execute keyword function
2016-01-27 18:44:25,582 DEBUG [EBManual_Intent_JSSTTL-116720] Executing validate_OldText_Exists function:
2016-01-27 18:44:25,582 DEBUG [EBManual_Intent_JSSTTL-116720] Entered validate_OldText_Exists function
2016-01-27 18:44:26,107 DEBUG [EBManual_Intent_JSSTTL-116720] VT328_19 Testcase Text found
2016-01-27 18:44:26,107 DEBUG [EBManual_Intent_JSSTTL-116720] Exiting from validate_OldText_Exists function
2016-01-27 18:44:26,107 DEBUG [EBManual_Intent_JSSTTL-116720] Result of validate_OldText_Exists: Pass
2016-01-27 18:44:26,107 DEBUG [EBManual_Intent_JSSTTL-116720] In execute keyword function
2016-01-27 18:44:26,107 DEBUG [EBManual_Intent_JSSTTL-116720] Executing ClickRunTest function:
2016-01-27 18:44:26,402 DEBUG [EBManual_Intent_JSSTTL-116720] Executing Click function
2016-01-27 18:44:27,356 DEBUG [EBManual_Intent_JSSTTL-116720] Exiting Click function
2016-01-27 18:44:27,356 DEBUG [EBManual_Intent_JSSTTL-116720] runtest_bottom_xpath Button clicked Successfully
2016-01-27 18:44:27,356 DEBUG [EBManual_Intent_JSSTTL-116720] TestStepResult of ClickRunTest: pass
2016-01-27 18:44:27,356 DEBUG [EBManual_Intent_JSSTTL-116720] In execute keyword function
2016-01-27 18:44:27,356 DEBUG [EBManual_Intent_JSSTTL-116720] Executing wait function:
2016-01-27 18:44:27,356 DEBUG [EBManual_Intent_JSSTTL-116720] Started Executing wait function
2016-01-27 18:44:32,357 DEBUG [EBManual_Intent_JSSTTL-116720] Exiting from wait function
2016-01-27 18:44:32,357 DEBUG [EBManual_Intent_JSSTTL-116720] TestStepResult of wait: Pass
2016-01-27 18:44:32,357 DEBUG [EBManual_Intent_JSSTTL-116720] In execute keyword function
2016-01-27 18:44:32,357 DEBUG [EBManual_Intent_JSSTTL-116720] Executing validate_App_Launched_Device function:
2016-01-27 18:44:32,357 DEBUG [EBManual_Intent_JSSTTL-116720] Started Executing Validate_App_launched_Device function
2016-01-27 18:44:32,357 DEBUG [EBManual_Intent_JSSTTL-116720] Entered CheckUIButtonExists function
2016-01-27 18:44:32,357 DEBUG [EBManual_Intent_JSSTTL-116720] Started executeCommandLine function
2016-01-27 18:44:36,378 DEBUG [EBManual_Intent_JSSTTL-116720] Exiting from executeCommandLine function
2016-01-27 18:44:36,378 DEBUG [EBManual_Intent_JSSTTL-116720] Button is not Present
2016-01-27 18:44:36,378 DEBUG [EBManual_Intent_JSSTTL-116720] Exiting from CheckUIButtonExists function
2016-01-27 18:44:36,378 DEBUG [EBManual_Intent_JSSTTL-116720] Started executeCommandLine function
2016-01-27 18:44:40,398 DEBUG [EBManual_Intent_JSSTTL-116720] Given App is in Foreground
2016-01-27 18:44:40,398 DEBUG [EBManual_Intent_JSSTTL-116720] Exiting Validate_App_launched_Device function
2016-01-27 18:44:40,398 DEBUG [EBManual_Intent_JSSTTL-116720] Result of validate_App_Launched_Device: Pass
2016-01-27 18:44:40,398 DEBUG [EBManual_Intent_JSSTTL-116720] In execute keyword function
2016-01-27 18:44:40,398 DEBUG [EBManual_Intent_JSSTTL-116720] Executing press_Key function:
2016-01-27 18:44:40,398 DEBUG [EBManual_Intent_JSSTTL-116720] Started executeCommandLine function
2016-01-27 18:44:44,419 DEBUG [EBManual_Intent_JSSTTL-116720] Exiting from executeCommandLine function
2016-01-27 18:44:44,419 DEBUG [EBManual_Intent_JSSTTL-116720] pressed on the back key
2016-01-27 18:44:44,419 DEBUG [EBManual_Intent_JSSTTL-116720] Back works
2016-01-27 18:44:45,419 DEBUG [EBManual_Intent_JSSTTL-116720] TestStepResult of press_Key: pass
2016-01-27 18:44:45,419 DEBUG [EBManual_Intent_JSSTTL-116720] allstep_result contains: passPasspasspasspassPassPassnull
2016-01-27 18:44:45,419 DEBUG [EBManual_Intent_JSSTTL-116720] allexpected_result contains: nullPassnullPassnullpassnullpassnull
2016-01-27 18:44:45,419 DEBUG [EBManual_Intent_JSSTTL-116720] Testcase_Result contains: nullPassnullPassnullpassnullpassnullpassPasspasspasspassPassPassnull
2016-01-27 18:44:45,419 DEBUG [EBManual_Intent_JSSTTL-116720] Test case with description category - Launch Gallery application from test app by setting category "CATEGORY_APP_GALLERY" and action "ACTION_MAIN" Pass
2016-01-27 18:44:46,417 DEBUG [EBManual_Intent_JSSTTL-116720] Executing browser_Quit function
2016-01-27 18:44:46,417 DEBUG [EBManual_Intent_JSSTTL-116720] Completed browser_Quit function
2016-01-27 18:44:46,418 DEBUG [EBManual_Intent_JSSTTL-116720] Completed quitSelendroid function
2016-01-27 18:44:46,418 DEBUG [EBManual_Intent_JSSTTL-116720] Row number:21
2016-01-27 18:44:46,455 DEBUG [EBManual_Intent_JSSTTL-116720] Ending Test Case IDSTTL-116720
