2016-01-27 18:51:59,668 DEBUG [EBManual_Intent_JSSTTL-116729] Executing Test Case ID: STTL-116729
2016-01-27 18:51:59,677 DEBUG [EBManual_Intent_JSSTTL-116729] Executing Init_Selendroid function with APK as parameter and clear data value with 1
2016-01-27 18:52:10,001 DEBUG [EBManual_Intent_JSSTTL-116729] Exiting Init_Selendroid function
2016-01-27 18:52:10,018 DEBUG [EBManual_Intent_JSSTTL-116729] TestCase with Description "Start Activity with Intent_Action and Intent_Category" Execution started
2016-01-27 18:52:10,018 DEBUG [EBManual_Intent_JSSTTL-116729] In execute keyword function
2016-01-27 18:52:10,018 DEBUG [EBManual_Intent_JSSTTL-116729] Executing wait function:
2016-01-27 18:52:10,018 DEBUG [EBManual_Intent_JSSTTL-116729] Started Executing wait function
2016-01-27 18:52:13,019 DEBUG [EBManual_Intent_JSSTTL-116729] Exiting from wait function
2016-01-27 18:52:13,019 DEBUG [EBManual_Intent_JSSTTL-116729] TestStepResult of wait: Pass
2016-01-27 18:52:13,019 DEBUG [EBManual_Intent_JSSTTL-116729] In execute keyword function
2016-01-27 18:52:13,019 DEBUG [EBManual_Intent_JSSTTL-116729] Executing validate_PageTitle function:
2016-01-27 18:52:13,059 DEBUG [EBManual_Intent_JSSTTL-116729] The title of the page is *********************************: Manual specs
2016-01-27 18:52:13,059 DEBUG [EBManual_Intent_JSSTTL-116729] The page title found is correct
2016-01-27 18:52:13,059 DEBUG [EBManual_Intent_JSSTTL-116729] Result of validate_PageTitle: pass
2016-01-27 18:52:13,060 DEBUG [EBManual_Intent_JSSTTL-116729] In execute keyword function
2016-01-27 18:52:13,060 DEBUG [EBManual_Intent_JSSTTL-116729] Executing validate_App_Exist_Device function:
2016-01-27 18:52:13,060 DEBUG [EBManual_Intent_JSSTTL-116729] Started Executing Validate_App_Exist_Device function
2016-01-27 18:52:13,060 DEBUG [EBManual_Intent_JSSTTL-116729] Started executeCommandLine function
2016-01-27 18:52:17,080 DEBUG [EBManual_Intent_JSSTTL-116729] App is installed
2016-01-27 18:52:17,080 DEBUG [EBManual_Intent_JSSTTL-116729] Result of validate_App_Exist_Device: Pass
2016-01-27 18:52:17,080 DEBUG [EBManual_Intent_JSSTTL-116729] In execute keyword function
2016-01-27 18:52:17,080 DEBUG [EBManual_Intent_JSSTTL-116729] Executing link_Click function:
2016-01-27 18:52:17,642 DEBUG [EBManual_Intent_JSSTTL-116729] Executing Click function
2016-01-27 18:52:18,658 DEBUG [EBManual_Intent_JSSTTL-116729] Exiting Click function
2016-01-27 18:52:18,658 DEBUG [EBManual_Intent_JSSTTL-116729] intent_test_link clicked successfully
2016-01-27 18:52:18,658 DEBUG [EBManual_Intent_JSSTTL-116729] TestStepResult of link_Click: Pass
2016-01-27 18:52:18,658 DEBUG [EBManual_Intent_JSSTTL-116729] In execute keyword function
2016-01-27 18:52:18,658 DEBUG [EBManual_Intent_JSSTTL-116729] Executing validate_PageTitle function:
2016-01-27 18:52:18,696 DEBUG [EBManual_Intent_JSSTTL-116729] The title of the page is *********************************: Intent JS Test
2016-01-27 18:52:18,696 DEBUG [EBManual_Intent_JSSTTL-116729] The page title found is correct
2016-01-27 18:52:18,696 DEBUG [EBManual_Intent_JSSTTL-116729] Result of validate_PageTitle: pass
2016-01-27 18:52:18,696 DEBUG [EBManual_Intent_JSSTTL-116729] In execute keyword function
2016-01-27 18:52:18,696 DEBUG [EBManual_Intent_JSSTTL-116729] Executing SelectTestToRun function:
2016-01-27 18:52:26,656 DEBUG [EBManual_Intent_JSSTTL-116729] Successfull in selecting clicking the category
2016-01-27 18:52:26,656 DEBUG [EBManual_Intent_JSSTTL-116729] TestStepResult of SelectTestToRun: pass
2016-01-27 18:52:26,656 DEBUG [EBManual_Intent_JSSTTL-116729] In execute keyword function
2016-01-27 18:52:26,656 DEBUG [EBManual_Intent_JSSTTL-116729] Executing ClickRunTest function:
2016-01-27 18:52:26,990 DEBUG [EBManual_Intent_JSSTTL-116729] Executing Click function
2016-01-27 18:52:27,936 DEBUG [EBManual_Intent_JSSTTL-116729] Exiting Click function
2016-01-27 18:52:27,936 DEBUG [EBManual_Intent_JSSTTL-116729] runtest_top_xpath Button clicked Successfully
2016-01-27 18:52:27,936 DEBUG [EBManual_Intent_JSSTTL-116729] TestStepResult of ClickRunTest: pass
2016-01-27 18:52:27,936 DEBUG [EBManual_Intent_JSSTTL-116729] In execute keyword function
2016-01-27 18:52:27,936 DEBUG [EBManual_Intent_JSSTTL-116729] Executing validate_OldText_Exists function:
2016-01-27 18:52:27,936 DEBUG [EBManual_Intent_JSSTTL-116729] Entered validate_OldText_Exists function
2016-01-27 18:52:28,678 DEBUG [EBManual_Intent_JSSTTL-116729] VT328_51 Testcase Text found
2016-01-27 18:52:28,679 DEBUG [EBManual_Intent_JSSTTL-116729] Exiting from validate_OldText_Exists function
2016-01-27 18:52:28,679 DEBUG [EBManual_Intent_JSSTTL-116729] Result of validate_OldText_Exists: Pass
2016-01-27 18:52:28,679 DEBUG [EBManual_Intent_JSSTTL-116729] In execute keyword function
2016-01-27 18:52:28,679 DEBUG [EBManual_Intent_JSSTTL-116729] Executing ClickRunTest function:
2016-01-27 18:52:28,968 DEBUG [EBManual_Intent_JSSTTL-116729] Executing Click function
2016-01-27 18:52:29,932 DEBUG [EBManual_Intent_JSSTTL-116729] Exiting Click function
2016-01-27 18:52:29,932 DEBUG [EBManual_Intent_JSSTTL-116729] runtest_bottom_xpath Button clicked Successfully
2016-01-27 18:52:29,932 DEBUG [EBManual_Intent_JSSTTL-116729] TestStepResult of ClickRunTest: pass
2016-01-27 18:52:29,932 DEBUG [EBManual_Intent_JSSTTL-116729] In execute keyword function
2016-01-27 18:52:29,932 DEBUG [EBManual_Intent_JSSTTL-116729] Executing wait function:
2016-01-27 18:52:29,932 DEBUG [EBManual_Intent_JSSTTL-116729] Started Executing wait function
2016-01-27 18:52:34,933 DEBUG [EBManual_Intent_JSSTTL-116729] Exiting from wait function
2016-01-27 18:52:34,933 DEBUG [EBManual_Intent_JSSTTL-116729] TestStepResult of wait: Pass
2016-01-27 18:52:34,933 DEBUG [EBManual_Intent_JSSTTL-116729] In execute keyword function
2016-01-27 18:52:34,933 DEBUG [EBManual_Intent_JSSTTL-116729] Executing validate_App_Launched_Device function:
2016-01-27 18:52:34,933 DEBUG [EBManual_Intent_JSSTTL-116729] Started Executing Validate_App_launched_Device function
2016-01-27 18:52:34,933 DEBUG [EBManual_Intent_JSSTTL-116729] Entered CheckUIButtonExists function
2016-01-27 18:52:34,933 DEBUG [EBManual_Intent_JSSTTL-116729] Started executeCommandLine function
2016-01-27 18:52:38,942 DEBUG [EBManual_Intent_JSSTTL-116729] Exiting from executeCommandLine function
2016-01-27 18:52:38,942 DEBUG [EBManual_Intent_JSSTTL-116729] Button is not Present
2016-01-27 18:52:38,942 DEBUG [EBManual_Intent_JSSTTL-116729] Exiting from CheckUIButtonExists function
2016-01-27 18:52:38,942 DEBUG [EBManual_Intent_JSSTTL-116729] Started executeCommandLine function
2016-01-27 18:52:42,963 DEBUG [EBManual_Intent_JSSTTL-116729] Given App is in Foreground
2016-01-27 18:52:42,963 DEBUG [EBManual_Intent_JSSTTL-116729] Exiting Validate_App_launched_Device function
2016-01-27 18:52:42,963 DEBUG [EBManual_Intent_JSSTTL-116729] Result of validate_App_Launched_Device: Pass
2016-01-27 18:52:42,963 DEBUG [EBManual_Intent_JSSTTL-116729] In execute keyword function
2016-01-27 18:52:42,963 DEBUG [EBManual_Intent_JSSTTL-116729] Executing ClickUIButtonText function:
2016-01-27 18:52:42,963 DEBUG [EBManual_Intent_JSSTTL-116729] Entered ClickUIButtonText function
2016-01-27 18:52:42,963 DEBUG [EBManual_Intent_JSSTTL-116729] Started executeCommandLine function
2016-01-27 18:52:46,984 DEBUG [EBManual_Intent_JSSTTL-116729] Started executeCommandLine function
2016-01-27 18:52:51,006 DEBUG [EBManual_Intent_JSSTTL-116729] Exiting ClickUIButtonText function
2016-01-27 18:52:51,006 DEBUG [EBManual_Intent_JSSTTL-116729] TestStepResult of ClickUIButtonText: Pass
2016-01-27 18:52:51,006 DEBUG [EBManual_Intent_JSSTTL-116729] allstep_result contains: PassPasspasspasspassPassPassnull
2016-01-27 18:52:51,006 DEBUG [EBManual_Intent_JSSTTL-116729] allexpected_result contains: nullPassnullPassnullpassnullpassPassnull
2016-01-27 18:52:51,006 DEBUG [EBManual_Intent_JSSTTL-116729] Testcase_Result contains: nullPassnullPassnullpassnullpassPassnullPassPasspasspasspassPassPassnull
2016-01-27 18:52:51,006 DEBUG [EBManual_Intent_JSSTTL-116729] Test case with description Start Activity with Intent_Action and Intent_Category Pass
2016-01-27 18:52:52,021 DEBUG [EBManual_Intent_JSSTTL-116729] Executing browser_Quit function
2016-01-27 18:52:52,021 DEBUG [EBManual_Intent_JSSTTL-116729] Completed browser_Quit function
2016-01-27 18:52:52,021 DEBUG [EBManual_Intent_JSSTTL-116729] Completed quitSelendroid function
2016-01-27 18:52:52,022 DEBUG [EBManual_Intent_JSSTTL-116729] Row number:30
2016-01-27 18:52:52,055 DEBUG [EBManual_Intent_JSSTTL-116729] Ending Test Case IDSTTL-116729
