2016-01-27 18:42:41,908 DEBUG [EBManual_Intent_JSSTTL-116718] Executing Test Case ID: STTL-116718
2016-01-27 18:42:41,926 DEBUG [EBManual_Intent_JSSTTL-116718] Executing Init_Selendroid function with APK as parameter and clear data value with 1
2016-01-27 18:42:54,213 DEBUG [EBManual_Intent_JSSTTL-116718] Exiting Init_Selendroid function
2016-01-27 18:42:54,223 DEBUG [EBManual_Intent_JSSTTL-116718] TestCase with Description "category - Launch contacts from test application by setting category "CATEGORY_APP_CONTACTS" and action "ACTION_MAIN"" Execution started
2016-01-27 18:42:54,223 DEBUG [EBManual_Intent_JSSTTL-116718] In execute keyword function
2016-01-27 18:42:54,223 DEBUG [EBManual_Intent_JSSTTL-116718] Executing wait function:
2016-01-27 18:42:54,223 DEBUG [EBManual_Intent_JSSTTL-116718] Started Executing wait function
2016-01-27 18:42:57,223 DEBUG [EBManual_Intent_JSSTTL-116718] Exiting from wait function
2016-01-27 18:42:57,223 DEBUG [EBManual_Intent_JSSTTL-116718] TestStepResult of wait: Pass
2016-01-27 18:42:57,223 DEBUG [EBManual_Intent_JSSTTL-116718] In execute keyword function
2016-01-27 18:42:57,223 DEBUG [EBManual_Intent_JSSTTL-116718] Executing validate_PageTitle function:
2016-01-27 18:42:57,258 DEBUG [EBManual_Intent_JSSTTL-116718] The title of the page is *********************************: Manual specs
2016-01-27 18:42:57,258 DEBUG [EBManual_Intent_JSSTTL-116718] The page title found is correct
2016-01-27 18:42:57,258 DEBUG [EBManual_Intent_JSSTTL-116718] Result of validate_PageTitle: pass
2016-01-27 18:42:57,258 DEBUG [EBManual_Intent_JSSTTL-116718] In execute keyword function
2016-01-27 18:42:57,258 DEBUG [EBManual_Intent_JSSTTL-116718] Executing link_Click function:
2016-01-27 18:42:57,848 DEBUG [EBManual_Intent_JSSTTL-116718] Executing Click function
2016-01-27 18:42:58,876 DEBUG [EBManual_Intent_JSSTTL-116718] Exiting Click function
2016-01-27 18:42:58,876 DEBUG [EBManual_Intent_JSSTTL-116718] intent_test_link clicked successfully
2016-01-27 18:42:58,876 DEBUG [EBManual_Intent_JSSTTL-116718] TestStepResult of link_Click: Pass
2016-01-27 18:42:58,876 DEBUG [EBManual_Intent_JSSTTL-116718] In execute keyword function
2016-01-27 18:42:58,876 DEBUG [EBManual_Intent_JSSTTL-116718] Executing validate_PageTitle function:
2016-01-27 18:42:58,897 DEBUG [EBManual_Intent_JSSTTL-116718] The title of the page is *********************************: Intent JS Test
2016-01-27 18:42:58,897 DEBUG [EBManual_Intent_JSSTTL-116718] The page title found is correct
2016-01-27 18:42:58,897 DEBUG [EBManual_Intent_JSSTTL-116718] Result of validate_PageTitle: pass
2016-01-27 18:42:58,897 DEBUG [EBManual_Intent_JSSTTL-116718] In execute keyword function
2016-01-27 18:42:58,897 DEBUG [EBManual_Intent_JSSTTL-116718] Executing SelectTestToRun function:
2016-01-27 18:43:03,222 DEBUG [EBManual_Intent_JSSTTL-116718] Successfull in selecting clicking the category
2016-01-27 18:43:03,222 DEBUG [EBManual_Intent_JSSTTL-116718] TestStepResult of SelectTestToRun: pass
2016-01-27 18:43:03,222 DEBUG [EBManual_Intent_JSSTTL-116718] In execute keyword function
2016-01-27 18:43:03,222 DEBUG [EBManual_Intent_JSSTTL-116718] Executing ClickRunTest function:
2016-01-27 18:43:03,586 DEBUG [EBManual_Intent_JSSTTL-116718] Executing Click function
2016-01-27 18:43:04,531 DEBUG [EBManual_Intent_JSSTTL-116718] Exiting Click function
2016-01-27 18:43:04,531 DEBUG [EBManual_Intent_JSSTTL-116718] runtest_top_xpath Button clicked Successfully
2016-01-27 18:43:04,531 DEBUG [EBManual_Intent_JSSTTL-116718] TestStepResult of ClickRunTest: pass
2016-01-27 18:43:04,531 DEBUG [EBManual_Intent_JSSTTL-116718] In execute keyword function
2016-01-27 18:43:04,531 DEBUG [EBManual_Intent_JSSTTL-116718] Executing validate_OldText_Exists function:
2016-01-27 18:43:04,531 DEBUG [EBManual_Intent_JSSTTL-116718] Entered validate_OldText_Exists function
2016-01-27 18:43:05,011 DEBUG [EBManual_Intent_JSSTTL-116718] VT328_17 Testcase Text found
2016-01-27 18:43:05,011 DEBUG [EBManual_Intent_JSSTTL-116718] Exiting from validate_OldText_Exists function
2016-01-27 18:43:05,011 DEBUG [EBManual_Intent_JSSTTL-116718] Result of validate_OldText_Exists: Pass
2016-01-27 18:43:05,011 DEBUG [EBManual_Intent_JSSTTL-116718] In execute keyword function
2016-01-27 18:43:05,011 DEBUG [EBManual_Intent_JSSTTL-116718] Executing ClickRunTest function:
2016-01-27 18:43:05,341 DEBUG [EBManual_Intent_JSSTTL-116718] Executing Click function
2016-01-27 18:43:06,301 DEBUG [EBManual_Intent_JSSTTL-116718] Exiting Click function
2016-01-27 18:43:06,301 DEBUG [EBManual_Intent_JSSTTL-116718] runtest_bottom_xpath Button clicked Successfully
2016-01-27 18:43:06,301 DEBUG [EBManual_Intent_JSSTTL-116718] TestStepResult of ClickRunTest: pass
2016-01-27 18:43:06,301 DEBUG [EBManual_Intent_JSSTTL-116718] In execute keyword function
2016-01-27 18:43:06,301 DEBUG [EBManual_Intent_JSSTTL-116718] Executing wait function:
2016-01-27 18:43:06,301 DEBUG [EBManual_Intent_JSSTTL-116718] Started Executing wait function
2016-01-27 18:43:11,302 DEBUG [EBManual_Intent_JSSTTL-116718] Exiting from wait function
2016-01-27 18:43:11,302 DEBUG [EBManual_Intent_JSSTTL-116718] TestStepResult of wait: Pass
2016-01-27 18:43:11,302 DEBUG [EBManual_Intent_JSSTTL-116718] In execute keyword function
2016-01-27 18:43:11,302 DEBUG [EBManual_Intent_JSSTTL-116718] Executing validate_App_Launched_Device function:
2016-01-27 18:43:11,302 DEBUG [EBManual_Intent_JSSTTL-116718] Started Executing Validate_App_launched_Device function
2016-01-27 18:43:11,302 DEBUG [EBManual_Intent_JSSTTL-116718] Entered CheckUIButtonExists function
2016-01-27 18:43:11,302 DEBUG [EBManual_Intent_JSSTTL-116718] Started executeCommandLine function
2016-01-27 18:43:15,324 DEBUG [EBManual_Intent_JSSTTL-116718] Exiting from executeCommandLine function
2016-01-27 18:43:15,324 DEBUG [EBManual_Intent_JSSTTL-116718] Button is not Present
2016-01-27 18:43:15,324 DEBUG [EBManual_Intent_JSSTTL-116718] Exiting from CheckUIButtonExists function
2016-01-27 18:43:15,324 DEBUG [EBManual_Intent_JSSTTL-116718] Started executeCommandLine function
2016-01-27 18:43:19,343 DEBUG [EBManual_Intent_JSSTTL-116718] Given App is in Foreground
2016-01-27 18:43:19,343 DEBUG [EBManual_Intent_JSSTTL-116718] Exiting Validate_App_launched_Device function
2016-01-27 18:43:19,343 DEBUG [EBManual_Intent_JSSTTL-116718] Result of validate_App_Launched_Device: Pass
2016-01-27 18:43:19,343 DEBUG [EBManual_Intent_JSSTTL-116718] In execute keyword function
2016-01-27 18:43:19,343 DEBUG [EBManual_Intent_JSSTTL-116718] Executing press_Key function:
2016-01-27 18:43:19,343 DEBUG [EBManual_Intent_JSSTTL-116718] Started executeCommandLine function
2016-01-27 18:43:23,363 DEBUG [EBManual_Intent_JSSTTL-116718] Exiting from executeCommandLine function
2016-01-27 18:43:23,363 DEBUG [EBManual_Intent_JSSTTL-116718] pressed on the back key
2016-01-27 18:43:23,363 DEBUG [EBManual_Intent_JSSTTL-116718] Back works
2016-01-27 18:43:24,363 DEBUG [EBManual_Intent_JSSTTL-116718] TestStepResult of press_Key: pass
2016-01-27 18:43:24,363 DEBUG [EBManual_Intent_JSSTTL-116718] allstep_result contains: passPasspasspasspassPassPassnull
2016-01-27 18:43:24,363 DEBUG [EBManual_Intent_JSSTTL-116718] allexpected_result contains: nullPassnullPassnullpassnullpassnull
2016-01-27 18:43:24,363 DEBUG [EBManual_Intent_JSSTTL-116718] Testcase_Result contains: nullPassnullPassnullpassnullpassnullpassPasspasspasspassPassPassnull
2016-01-27 18:43:24,363 DEBUG [EBManual_Intent_JSSTTL-116718] Test case with description category - Launch contacts from test application by setting category "CATEGORY_APP_CONTACTS" and action "ACTION_MAIN" Pass
2016-01-27 18:43:25,365 DEBUG [EBManual_Intent_JSSTTL-116718] Executing browser_Quit function
2016-01-27 18:43:25,365 DEBUG [EBManual_Intent_JSSTTL-116718] Completed browser_Quit function
2016-01-27 18:43:25,365 DEBUG [EBManual_Intent_JSSTTL-116718] Completed quitSelendroid function
2016-01-27 18:43:25,366 DEBUG [EBManual_Intent_JSSTTL-116718] Row number:19
2016-01-27 18:43:25,405 DEBUG [EBManual_Intent_JSSTTL-116718] Ending Test Case IDSTTL-116718
