2016-01-27 18:32:33,569 DEBUG [EBManual_Intent_JSSTTL-116706] Executing Test Case ID: STTL-116706
2016-01-27 18:32:33,578 DEBUG [EBManual_Intent_JSSTTL-116706] Executing Init_Selendroid function with APK as parameter and clear data value with 1
2016-01-27 18:32:43,823 DEBUG [EBManual_Intent_JSSTTL-116706] Exiting Init_Selendroid function
2016-01-27 18:32:43,842 DEBUG [EBManual_Intent_JSSTTL-116706] TestCase with Description "Callback : Send an Intent and the same intent details should be seen in the callback." Execution started
2016-01-27 18:32:43,842 DEBUG [EBManual_Intent_JSSTTL-116706] In execute keyword function
2016-01-27 18:32:43,842 DEBUG [EBManual_Intent_JSSTTL-116706] Executing wait function:
2016-01-27 18:32:43,842 DEBUG [EBManual_Intent_JSSTTL-116706] Started Executing wait function
2016-01-27 18:32:46,842 DEBUG [EBManual_Intent_JSSTTL-116706] Exiting from wait function
2016-01-27 18:32:46,842 DEBUG [EBManual_Intent_JSSTTL-116706] TestStepResult of wait: Pass
2016-01-27 18:32:46,842 DEBUG [EBManual_Intent_JSSTTL-116706] In execute keyword function
2016-01-27 18:32:46,842 DEBUG [EBManual_Intent_JSSTTL-116706] Executing validate_PageTitle function:
2016-01-27 18:32:46,864 DEBUG [EBManual_Intent_JSSTTL-116706] The title of the page is *********************************: Manual specs
2016-01-27 18:32:46,864 DEBUG [EBManual_Intent_JSSTTL-116706] The page title found is correct
2016-01-27 18:32:46,864 DEBUG [EBManual_Intent_JSSTTL-116706] Result of validate_PageTitle: pass
2016-01-27 18:32:46,864 DEBUG [EBManual_Intent_JSSTTL-116706] In execute keyword function
2016-01-27 18:32:46,864 DEBUG [EBManual_Intent_JSSTTL-116706] Executing link_Click function:
2016-01-27 18:32:47,496 DEBUG [EBManual_Intent_JSSTTL-116706] Executing Click function
2016-01-27 18:32:48,534 DEBUG [EBManual_Intent_JSSTTL-116706] Exiting Click function
2016-01-27 18:32:48,534 DEBUG [EBManual_Intent_JSSTTL-116706] intent_test_link clicked successfully
2016-01-27 18:32:48,534 DEBUG [EBManual_Intent_JSSTTL-116706] TestStepResult of link_Click: Pass
2016-01-27 18:32:48,534 DEBUG [EBManual_Intent_JSSTTL-116706] In execute keyword function
2016-01-27 18:32:48,534 DEBUG [EBManual_Intent_JSSTTL-116706] Executing validate_PageTitle function:
2016-01-27 18:32:48,553 DEBUG [EBManual_Intent_JSSTTL-116706] The title of the page is *********************************: Intent JS Test
2016-01-27 18:32:48,553 DEBUG [EBManual_Intent_JSSTTL-116706] The page title found is correct
2016-01-27 18:32:48,553 DEBUG [EBManual_Intent_JSSTTL-116706] Result of validate_PageTitle: pass
2016-01-27 18:32:48,553 DEBUG [EBManual_Intent_JSSTTL-116706] In execute keyword function
2016-01-27 18:32:48,553 DEBUG [EBManual_Intent_JSSTTL-116706] Executing SelectTestToRun function:
2016-01-27 18:32:54,731 DEBUG [EBManual_Intent_JSSTTL-116706] Successfull in selecting clicking the category
2016-01-27 18:32:54,731 DEBUG [EBManual_Intent_JSSTTL-116706] TestStepResult of SelectTestToRun: pass
2016-01-27 18:32:54,731 DEBUG [EBManual_Intent_JSSTTL-116706] In execute keyword function
2016-01-27 18:32:54,731 DEBUG [EBManual_Intent_JSSTTL-116706] Executing ClickRunTest function:
2016-01-27 18:32:55,163 DEBUG [EBManual_Intent_JSSTTL-116706] Executing Click function
2016-01-27 18:32:56,116 DEBUG [EBManual_Intent_JSSTTL-116706] Exiting Click function
2016-01-27 18:32:56,117 DEBUG [EBManual_Intent_JSSTTL-116706] runtest_top_xpath Button clicked Successfully
2016-01-27 18:32:56,117 DEBUG [EBManual_Intent_JSSTTL-116706] TestStepResult of ClickRunTest: pass
2016-01-27 18:32:56,117 DEBUG [EBManual_Intent_JSSTTL-116706] In execute keyword function
2016-01-27 18:32:56,117 DEBUG [EBManual_Intent_JSSTTL-116706] Executing validate_OldText_Exists function:
2016-01-27 18:32:56,117 DEBUG [EBManual_Intent_JSSTTL-116706] Entered validate_OldText_Exists function
2016-01-27 18:32:56,804 DEBUG [EBManual_Intent_JSSTTL-116706] VT328_38 Testcase Text found
2016-01-27 18:32:56,804 DEBUG [EBManual_Intent_JSSTTL-116706] Exiting from validate_OldText_Exists function
2016-01-27 18:32:56,804 DEBUG [EBManual_Intent_JSSTTL-116706] Result of validate_OldText_Exists: Pass
2016-01-27 18:32:56,804 DEBUG [EBManual_Intent_JSSTTL-116706] In execute keyword function
2016-01-27 18:32:56,804 DEBUG [EBManual_Intent_JSSTTL-116706] Executing ClickRunTest function:
2016-01-27 18:32:57,152 DEBUG [EBManual_Intent_JSSTTL-116706] Executing Click function
2016-01-27 18:32:58,277 DEBUG [EBManual_Intent_JSSTTL-116706] Exiting Click function
2016-01-27 18:32:58,277 DEBUG [EBManual_Intent_JSSTTL-116706] runtest_bottom_xpath Button clicked Successfully
2016-01-27 18:32:58,277 DEBUG [EBManual_Intent_JSSTTL-116706] TestStepResult of ClickRunTest: pass
2016-01-27 18:32:58,277 DEBUG [EBManual_Intent_JSSTTL-116706] In execute keyword function
2016-01-27 18:32:58,277 DEBUG [EBManual_Intent_JSSTTL-116706] Executing wait function:
2016-01-27 18:32:58,277 DEBUG [EBManual_Intent_JSSTTL-116706] Started Executing wait function
2016-01-27 18:33:03,278 DEBUG [EBManual_Intent_JSSTTL-116706] Exiting from wait function
2016-01-27 18:33:03,278 DEBUG [EBManual_Intent_JSSTTL-116706] TestStepResult of wait: Pass
2016-01-27 18:33:03,278 DEBUG [EBManual_Intent_JSSTTL-116706] In execute keyword function
2016-01-27 18:33:03,278 DEBUG [EBManual_Intent_JSSTTL-116706] Executing validate_App_Launched_Device function:
2016-01-27 18:33:03,278 DEBUG [EBManual_Intent_JSSTTL-116706] Started Executing Validate_App_launched_Device function
2016-01-27 18:33:03,278 DEBUG [EBManual_Intent_JSSTTL-116706] Entered CheckUIButtonExists function
2016-01-27 18:33:03,278 DEBUG [EBManual_Intent_JSSTTL-116706] Started executeCommandLine function
2016-01-27 18:33:07,298 DEBUG [EBManual_Intent_JSSTTL-116706] Exiting from executeCommandLine function
2016-01-27 18:33:07,298 DEBUG [EBManual_Intent_JSSTTL-116706] Button is not Present
2016-01-27 18:33:07,298 DEBUG [EBManual_Intent_JSSTTL-116706] Exiting from CheckUIButtonExists function
2016-01-27 18:33:07,298 DEBUG [EBManual_Intent_JSSTTL-116706] Started executeCommandLine function
2016-01-27 18:33:11,320 DEBUG [EBManual_Intent_JSSTTL-116706] Given App is in Foreground
2016-01-27 18:33:11,320 DEBUG [EBManual_Intent_JSSTTL-116706] Exiting Validate_App_launched_Device function
2016-01-27 18:33:11,320 DEBUG [EBManual_Intent_JSSTTL-116706] Result of validate_App_Launched_Device: Pass
2016-01-27 18:33:11,320 DEBUG [EBManual_Intent_JSSTTL-116706] In execute keyword function
2016-01-27 18:33:11,320 DEBUG [EBManual_Intent_JSSTTL-116706] Executing ClickUIButtonText function:
2016-01-27 18:33:11,320 DEBUG [EBManual_Intent_JSSTTL-116706] Entered ClickUIButtonText function
2016-01-27 18:33:11,320 DEBUG [EBManual_Intent_JSSTTL-116706] Started executeCommandLine function
2016-01-27 18:33:15,339 DEBUG [EBManual_Intent_JSSTTL-116706] Started executeCommandLine function
2016-01-27 18:33:19,358 DEBUG [EBManual_Intent_JSSTTL-116706] Exiting ClickUIButtonText function
2016-01-27 18:33:19,358 DEBUG [EBManual_Intent_JSSTTL-116706] TestStepResult of ClickUIButtonText: Pass
2016-01-27 18:33:19,358 DEBUG [EBManual_Intent_JSSTTL-116706] In execute keyword function
2016-01-27 18:33:19,358 DEBUG [EBManual_Intent_JSSTTL-116706] Executing validate_Alert function:
2016-01-27 18:33:19,358 DEBUG [EBManual_Intent_JSSTTL-116706] Entered validate_Alert function
2016-01-27 18:33:19,399 DEBUG [EBManual_Intent_JSSTTL-116706] Alert found
2016-01-27 18:33:19,458 DEBUG [EBManual_Intent_JSSTTL-116706] Alert with correct Text found
2016-01-27 18:33:20,108 DEBUG [EBManual_Intent_JSSTTL-116706] Result of validate_Alert: Pass
2016-01-27 18:33:20,108 DEBUG [EBManual_Intent_JSSTTL-116706] allstep_result contains: PassPasspasspasspassPassPassnull
2016-01-27 18:33:20,108 DEBUG [EBManual_Intent_JSSTTL-116706] allexpected_result contains: nullPassnullPassnullPassnullpassnullpassnull
2016-01-27 18:33:20,108 DEBUG [EBManual_Intent_JSSTTL-116706] Testcase_Result contains: nullPassnullPassnullPassnullpassnullpassnullPassPasspasspasspassPassPassnull
2016-01-27 18:33:20,108 DEBUG [EBManual_Intent_JSSTTL-116706] Test case with description Callback : Send an Intent and the same intent details should be seen in the callback. Pass
2016-01-27 18:33:21,100 DEBUG [EBManual_Intent_JSSTTL-116706] Executing browser_Quit function
2016-01-27 18:33:21,100 DEBUG [EBManual_Intent_JSSTTL-116706] Completed browser_Quit function
2016-01-27 18:33:21,100 DEBUG [EBManual_Intent_JSSTTL-116706] Completed quitSelendroid function
2016-01-27 18:33:21,101 DEBUG [EBManual_Intent_JSSTTL-116706] Row number:7
2016-01-27 18:33:21,199 DEBUG [EBManual_Intent_JSSTTL-116706] Ending Test Case IDSTTL-116706
