2016-01-27 18:54:32,552 DEBUG [EBManual_Intent_JSSTTL-116732] Executing Test Case ID: STTL-116732
2016-01-27 18:54:32,571 DEBUG [EBManual_Intent_JSSTTL-116732] Executing Init_Selendroid function with APK as parameter and clear data value with 1
2016-01-27 18:54:43,017 DEBUG [EBManual_Intent_JSSTTL-116732] Exiting Init_Selendroid function
2016-01-27 18:54:43,052 DEBUG [EBManual_Intent_JSSTTL-116732] TestCase with Description "Start Listening to the background intents - broadcast messages (receiving broadcast messages)" Execution started
2016-01-27 18:54:43,052 DEBUG [EBManual_Intent_JSSTTL-116732] In execute keyword function
2016-01-27 18:54:43,053 DEBUG [EBManual_Intent_JSSTTL-116732] Executing wait function:
2016-01-27 18:54:43,053 DEBUG [EBManual_Intent_JSSTTL-116732] Started Executing wait function
2016-01-27 18:54:46,053 DEBUG [EBManual_Intent_JSSTTL-116732] Exiting from wait function
2016-01-27 18:54:46,053 DEBUG [EBManual_Intent_JSSTTL-116732] TestStepResult of wait: Pass
2016-01-27 18:54:46,053 DEBUG [EBManual_Intent_JSSTTL-116732] In execute keyword function
2016-01-27 18:54:46,053 DEBUG [EBManual_Intent_JSSTTL-116732] Executing validate_PageTitle function:
2016-01-27 18:54:46,092 DEBUG [EBManual_Intent_JSSTTL-116732] The title of the page is *********************************: Manual specs
2016-01-27 18:54:46,092 DEBUG [EBManual_Intent_JSSTTL-116732] The page title found is correct
2016-01-27 18:54:46,092 DEBUG [EBManual_Intent_JSSTTL-116732] Result of validate_PageTitle: pass
2016-01-27 18:54:46,092 DEBUG [EBManual_Intent_JSSTTL-116732] In execute keyword function
2016-01-27 18:54:46,092 DEBUG [EBManual_Intent_JSSTTL-116732] Executing link_Click function:
2016-01-27 18:54:46,692 DEBUG [EBManual_Intent_JSSTTL-116732] Executing Click function
2016-01-27 18:54:47,768 DEBUG [EBManual_Intent_JSSTTL-116732] Exiting Click function
2016-01-27 18:54:47,768 DEBUG [EBManual_Intent_JSSTTL-116732] intent_test_link clicked successfully
2016-01-27 18:54:47,768 DEBUG [EBManual_Intent_JSSTTL-116732] TestStepResult of link_Click: Pass
2016-01-27 18:54:47,768 DEBUG [EBManual_Intent_JSSTTL-116732] In execute keyword function
2016-01-27 18:54:47,768 DEBUG [EBManual_Intent_JSSTTL-116732] Executing validate_PageTitle function:
2016-01-27 18:54:47,779 DEBUG [EBManual_Intent_JSSTTL-116732] The title of the page is *********************************: Intent JS Test
2016-01-27 18:54:47,779 DEBUG [EBManual_Intent_JSSTTL-116732] The page title found is correct
2016-01-27 18:54:47,779 DEBUG [EBManual_Intent_JSSTTL-116732] Result of validate_PageTitle: pass
2016-01-27 18:54:47,779 DEBUG [EBManual_Intent_JSSTTL-116732] In execute keyword function
2016-01-27 18:54:47,779 DEBUG [EBManual_Intent_JSSTTL-116732] Executing SelectTestToRun function:
2016-01-27 18:54:54,504 DEBUG [EBManual_Intent_JSSTTL-116732] Successfull in selecting clicking the category
2016-01-27 18:54:54,504 DEBUG [EBManual_Intent_JSSTTL-116732] TestStepResult of SelectTestToRun: pass
2016-01-27 18:54:54,504 DEBUG [EBManual_Intent_JSSTTL-116732] In execute keyword function
2016-01-27 18:54:54,504 DEBUG [EBManual_Intent_JSSTTL-116732] Executing ClickRunTest function:
2016-01-27 18:54:54,842 DEBUG [EBManual_Intent_JSSTTL-116732] Executing Click function
2016-01-27 18:54:55,795 DEBUG [EBManual_Intent_JSSTTL-116732] Exiting Click function
2016-01-27 18:54:55,795 DEBUG [EBManual_Intent_JSSTTL-116732] runtest_top_xpath Button clicked Successfully
2016-01-27 18:54:55,795 DEBUG [EBManual_Intent_JSSTTL-116732] TestStepResult of ClickRunTest: pass
2016-01-27 18:54:55,795 DEBUG [EBManual_Intent_JSSTTL-116732] In execute keyword function
2016-01-27 18:54:55,795 DEBUG [EBManual_Intent_JSSTTL-116732] Executing validate_OldText_Exists function:
2016-01-27 18:54:55,795 DEBUG [EBManual_Intent_JSSTTL-116732] Entered validate_OldText_Exists function
2016-01-27 18:54:56,401 DEBUG [EBManual_Intent_JSSTTL-116732] VT328_40 Testcase Text found
2016-01-27 18:54:56,401 DEBUG [EBManual_Intent_JSSTTL-116732] Exiting from validate_OldText_Exists function
2016-01-27 18:54:56,401 DEBUG [EBManual_Intent_JSSTTL-116732] Result of validate_OldText_Exists: Pass
2016-01-27 18:54:56,401 DEBUG [EBManual_Intent_JSSTTL-116732] In execute keyword function
2016-01-27 18:54:56,401 DEBUG [EBManual_Intent_JSSTTL-116732] Executing ClickRunTest function:
2016-01-27 18:54:56,722 DEBUG [EBManual_Intent_JSSTTL-116732] Executing Click function
2016-01-27 18:54:57,824 DEBUG [EBManual_Intent_JSSTTL-116732] Exiting Click function
2016-01-27 18:54:57,824 DEBUG [EBManual_Intent_JSSTTL-116732] runtest_bottom_xpath Button clicked Successfully
2016-01-27 18:54:57,824 DEBUG [EBManual_Intent_JSSTTL-116732] TestStepResult of ClickRunTest: pass
2016-01-27 18:54:57,824 DEBUG [EBManual_Intent_JSSTTL-116732] In execute keyword function
2016-01-27 18:54:57,824 DEBUG [EBManual_Intent_JSSTTL-116732] Executing wait function:
2016-01-27 18:54:57,824 DEBUG [EBManual_Intent_JSSTTL-116732] Started Executing wait function
2016-01-27 18:55:02,824 DEBUG [EBManual_Intent_JSSTTL-116732] Exiting from wait function
2016-01-27 18:55:02,824 DEBUG [EBManual_Intent_JSSTTL-116732] TestStepResult of wait: Pass
2016-01-27 18:55:02,824 DEBUG [EBManual_Intent_JSSTTL-116732] In execute keyword function
2016-01-27 18:55:02,824 DEBUG [EBManual_Intent_JSSTTL-116732] Executing CheckUITextContains function:
2016-01-27 18:55:02,824 DEBUG [EBManual_Intent_JSSTTL-116732] Started executeCommandLine function
2016-01-27 18:55:06,845 DEBUG [EBManual_Intent_JSSTTL-116732] Text is Present
2016-01-27 18:55:06,845 DEBUG [EBManual_Intent_JSSTTL-116732] TestStepResult of CheckUITextContains: Pass
2016-01-27 18:55:06,845 DEBUG [EBManual_Intent_JSSTTL-116732] In execute keyword function
2016-01-27 18:55:06,845 DEBUG [EBManual_Intent_JSSTTL-116732] Executing CheckUITextContains function:
2016-01-27 18:55:06,846 DEBUG [EBManual_Intent_JSSTTL-116732] Started executeCommandLine function
2016-01-27 18:55:10,867 DEBUG [EBManual_Intent_JSSTTL-116732] Text is Present
2016-01-27 18:55:10,867 DEBUG [EBManual_Intent_JSSTTL-116732] TestStepResult of CheckUITextContains: Pass
2016-01-27 18:55:10,867 DEBUG [EBManual_Intent_JSSTTL-116732] In execute keyword function
2016-01-27 18:55:10,867 DEBUG [EBManual_Intent_JSSTTL-116732] Executing CheckUITextContains function:
2016-01-27 18:55:10,867 DEBUG [EBManual_Intent_JSSTTL-116732] Started executeCommandLine function
2016-01-27 18:55:14,888 DEBUG [EBManual_Intent_JSSTTL-116732] Text is Present
2016-01-27 18:55:14,888 DEBUG [EBManual_Intent_JSSTTL-116732] TestStepResult of CheckUITextContains: Pass
2016-01-27 18:55:14,888 DEBUG [EBManual_Intent_JSSTTL-116732] In execute keyword function
2016-01-27 18:55:14,888 DEBUG [EBManual_Intent_JSSTTL-116732] Executing ClickUIButtonText function:
2016-01-27 18:55:14,888 DEBUG [EBManual_Intent_JSSTTL-116732] Entered ClickUIButtonText function
2016-01-27 18:55:14,888 DEBUG [EBManual_Intent_JSSTTL-116732] Started executeCommandLine function
2016-01-27 18:55:18,909 DEBUG [EBManual_Intent_JSSTTL-116732] Started executeCommandLine function
2016-01-27 18:55:23,326 DEBUG [EBManual_Intent_JSSTTL-116732] Exiting ClickUIButtonText function
2016-01-27 18:55:23,326 DEBUG [EBManual_Intent_JSSTTL-116732] TestStepResult of ClickUIButtonText: Pass
2016-01-27 18:55:23,326 DEBUG [EBManual_Intent_JSSTTL-116732] allstep_result contains: PassPassPassPassPasspasspasspassPassPassnull
2016-01-27 18:55:23,326 DEBUG [EBManual_Intent_JSSTTL-116732] allexpected_result contains: nullPassnullpassnullpassnull
2016-01-27 18:55:23,326 DEBUG [EBManual_Intent_JSSTTL-116732] Testcase_Result contains: nullPassnullpassnullpassnullPassPassPassPassPasspasspasspassPassPassnull
2016-01-27 18:55:23,326 DEBUG [EBManual_Intent_JSSTTL-116732] Test case with description Start Listening to the background intents - broadcast messages (receiving broadcast messages) Pass
2016-01-27 18:55:24,374 DEBUG [EBManual_Intent_JSSTTL-116732] Executing browser_Quit function
2016-01-27 18:55:24,374 DEBUG [EBManual_Intent_JSSTTL-116732] Completed browser_Quit function
2016-01-27 18:55:24,374 DEBUG [EBManual_Intent_JSSTTL-116732] Completed quitSelendroid function
2016-01-27 18:55:24,374 DEBUG [EBManual_Intent_JSSTTL-116732] Row number:8
2016-01-27 18:55:24,503 DEBUG [EBManual_Intent_JSSTTL-116732] Ending Test Case IDSTTL-116732
