2016-01-27 18:40:04,853 DEBUG [EBManual_Intent_JSSTTL-116714] Executing Test Case ID: STTL-116714
2016-01-27 18:40:04,889 DEBUG [EBManual_Intent_JSSTTL-116714] Executing Init_Selendroid function with APK as parameter and clear data value with 1
2016-01-27 18:40:14,511 DEBUG [EBManual_Intent_JSSTTL-116714] Exiting Init_Selendroid function
2016-01-27 18:40:14,530 DEBUG [EBManual_Intent_JSSTTL-116714] TestCase with Description "intentType - Broadcast data from test app and receive back at test app" Execution started
2016-01-27 18:40:14,530 DEBUG [EBManual_Intent_JSSTTL-116714] In execute keyword function
2016-01-27 18:40:14,530 DEBUG [EBManual_Intent_JSSTTL-116714] Executing wait function:
2016-01-27 18:40:14,530 DEBUG [EBManual_Intent_JSSTTL-116714] Started Executing wait function
2016-01-27 18:40:17,530 DEBUG [EBManual_Intent_JSSTTL-116714] Exiting from wait function
2016-01-27 18:40:17,530 DEBUG [EBManual_Intent_JSSTTL-116714] TestStepResult of wait: Pass
2016-01-27 18:40:17,530 DEBUG [EBManual_Intent_JSSTTL-116714] In execute keyword function
2016-01-27 18:40:17,530 DEBUG [EBManual_Intent_JSSTTL-116714] Executing validate_PageTitle function:
2016-01-27 18:40:17,572 DEBUG [EBManual_Intent_JSSTTL-116714] The title of the page is *********************************: Manual specs
2016-01-27 18:40:17,572 DEBUG [EBManual_Intent_JSSTTL-116714] The page title found is correct
2016-01-27 18:40:17,573 DEBUG [EBManual_Intent_JSSTTL-116714] Result of validate_PageTitle: pass
2016-01-27 18:40:17,573 DEBUG [EBManual_Intent_JSSTTL-116714] In execute keyword function
2016-01-27 18:40:17,573 DEBUG [EBManual_Intent_JSSTTL-116714] Executing link_Click function:
2016-01-27 18:40:18,155 DEBUG [EBManual_Intent_JSSTTL-116714] Executing Click function
2016-01-27 18:40:19,249 DEBUG [EBManual_Intent_JSSTTL-116714] Exiting Click function
2016-01-27 18:40:19,249 DEBUG [EBManual_Intent_JSSTTL-116714] intent_test_link clicked successfully
2016-01-27 18:40:19,249 DEBUG [EBManual_Intent_JSSTTL-116714] TestStepResult of link_Click: Pass
2016-01-27 18:40:19,249 DEBUG [EBManual_Intent_JSSTTL-116714] In execute keyword function
2016-01-27 18:40:19,249 DEBUG [EBManual_Intent_JSSTTL-116714] Executing validate_PageTitle function:
2016-01-27 18:40:19,268 DEBUG [EBManual_Intent_JSSTTL-116714] The title of the page is *********************************: Intent JS Test
2016-01-27 18:40:19,268 DEBUG [EBManual_Intent_JSSTTL-116714] The page title found is correct
2016-01-27 18:40:19,268 DEBUG [EBManual_Intent_JSSTTL-116714] Result of validate_PageTitle: pass
2016-01-27 18:40:19,268 DEBUG [EBManual_Intent_JSSTTL-116714] In execute keyword function
2016-01-27 18:40:19,268 DEBUG [EBManual_Intent_JSSTTL-116714] Executing SelectTestToRun function:
2016-01-27 18:40:23,027 DEBUG [EBManual_Intent_JSSTTL-116714] Successfull in selecting clicking the category
2016-01-27 18:40:23,027 DEBUG [EBManual_Intent_JSSTTL-116714] TestStepResult of SelectTestToRun: pass
2016-01-27 18:40:23,027 DEBUG [EBManual_Intent_JSSTTL-116714] In execute keyword function
2016-01-27 18:40:23,027 DEBUG [EBManual_Intent_JSSTTL-116714] Executing ClickRunTest function:
2016-01-27 18:40:23,441 DEBUG [EBManual_Intent_JSSTTL-116714] Executing Click function
2016-01-27 18:40:24,385 DEBUG [EBManual_Intent_JSSTTL-116714] Exiting Click function
2016-01-27 18:40:24,385 DEBUG [EBManual_Intent_JSSTTL-116714] runtest_top_xpath Button clicked Successfully
2016-01-27 18:40:24,385 DEBUG [EBManual_Intent_JSSTTL-116714] TestStepResult of ClickRunTest: pass
2016-01-27 18:40:24,385 DEBUG [EBManual_Intent_JSSTTL-116714] In execute keyword function
2016-01-27 18:40:24,385 DEBUG [EBManual_Intent_JSSTTL-116714] Executing validate_OldText_Exists function:
2016-01-27 18:40:24,385 DEBUG [EBManual_Intent_JSSTTL-116714] Entered validate_OldText_Exists function
2016-01-27 18:40:24,867 DEBUG [EBManual_Intent_JSSTTL-116714] VT328_11 Testcase Text found
2016-01-27 18:40:24,867 DEBUG [EBManual_Intent_JSSTTL-116714] Exiting from validate_OldText_Exists function
2016-01-27 18:40:24,867 DEBUG [EBManual_Intent_JSSTTL-116714] Result of validate_OldText_Exists: Pass
2016-01-27 18:40:24,867 DEBUG [EBManual_Intent_JSSTTL-116714] In execute keyword function
2016-01-27 18:40:24,868 DEBUG [EBManual_Intent_JSSTTL-116714] Executing ClickRunTest function:
2016-01-27 18:40:25,181 DEBUG [EBManual_Intent_JSSTTL-116714] Executing Click function
2016-01-27 18:40:26,190 DEBUG [EBManual_Intent_JSSTTL-116714] Exiting Click function
2016-01-27 18:40:26,191 DEBUG [EBManual_Intent_JSSTTL-116714] runtest_bottom_xpath Button clicked Successfully
2016-01-27 18:40:26,191 DEBUG [EBManual_Intent_JSSTTL-116714] TestStepResult of ClickRunTest: pass
2016-01-27 18:40:26,191 DEBUG [EBManual_Intent_JSSTTL-116714] In execute keyword function
2016-01-27 18:40:26,191 DEBUG [EBManual_Intent_JSSTTL-116714] Executing validate_Alert function:
2016-01-27 18:40:26,191 DEBUG [EBManual_Intent_JSSTTL-116714] Entered validate_Alert function
2016-01-27 18:40:26,225 DEBUG [EBManual_Intent_JSSTTL-116714] Alert found
2016-01-27 18:40:26,280 DEBUG [EBManual_Intent_JSSTTL-116714] Alert with correct Text found
2016-01-27 18:40:26,921 DEBUG [EBManual_Intent_JSSTTL-116714] Result of validate_Alert: Pass
2016-01-27 18:40:26,921 DEBUG [EBManual_Intent_JSSTTL-116714] allstep_result contains: passpasspassPassPassnull
2016-01-27 18:40:26,921 DEBUG [EBManual_Intent_JSSTTL-116714] allexpected_result contains: nullPassnullPassnullpassnullpassnull
2016-01-27 18:40:26,921 DEBUG [EBManual_Intent_JSSTTL-116714] Testcase_Result contains: nullPassnullPassnullpassnullpassnullpasspasspassPassPassnull
2016-01-27 18:40:26,922 DEBUG [EBManual_Intent_JSSTTL-116714] Test case with description intentType - Broadcast data from test app and receive back at test app Pass
2016-01-27 18:40:27,909 DEBUG [EBManual_Intent_JSSTTL-116714] Executing browser_Quit function
2016-01-27 18:40:27,909 DEBUG [EBManual_Intent_JSSTTL-116714] Completed browser_Quit function
2016-01-27 18:40:27,909 DEBUG [EBManual_Intent_JSSTTL-116714] Completed quitSelendroid function
2016-01-27 18:40:27,910 DEBUG [EBManual_Intent_JSSTTL-116714] Row number:15
2016-01-27 18:40:27,988 DEBUG [EBManual_Intent_JSSTTL-116714] Ending Test Case IDSTTL-116714
