2016-01-27 18:38:18,131 DEBUG [EBManual_Intent_JSSTTL-116712] Executing Test Case ID: STTL-116712
2016-01-27 18:38:18,151 DEBUG [EBManual_Intent_JSSTTL-116712] Executing Init_Selendroid function with APK as parameter and clear data value with 1
2016-01-27 18:38:28,250 DEBUG [EBManual_Intent_JSSTTL-116712] Exiting Init_Selendroid function
2016-01-27 18:38:28,298 DEBUG [EBManual_Intent_JSSTTL-116712] TestCase with Description "intentType - StartActivity: Launch target application by \'className\', which is running in background" Execution started
2016-01-27 18:38:28,298 DEBUG [EBManual_Intent_JSSTTL-116712] In execute keyword function
2016-01-27 18:38:28,298 DEBUG [EBManual_Intent_JSSTTL-116712] Executing wait function:
2016-01-27 18:38:28,298 DEBUG [EBManual_Intent_JSSTTL-116712] Started Executing wait function
2016-01-27 18:38:31,299 DEBUG [EBManual_Intent_JSSTTL-116712] Exiting from wait function
2016-01-27 18:38:31,299 DEBUG [EBManual_Intent_JSSTTL-116712] TestStepResult of wait: Pass
2016-01-27 18:38:31,299 DEBUG [EBManual_Intent_JSSTTL-116712] In execute keyword function
2016-01-27 18:38:31,299 DEBUG [EBManual_Intent_JSSTTL-116712] Executing validate_PageTitle function:
2016-01-27 18:38:31,337 DEBUG [EBManual_Intent_JSSTTL-116712] The title of the page is *********************************: Manual specs
2016-01-27 18:38:31,337 DEBUG [EBManual_Intent_JSSTTL-116712] The page title found is correct
2016-01-27 18:38:31,338 DEBUG [EBManual_Intent_JSSTTL-116712] Result of validate_PageTitle: pass
2016-01-27 18:38:31,338 DEBUG [EBManual_Intent_JSSTTL-116712] In execute keyword function
2016-01-27 18:38:31,338 DEBUG [EBManual_Intent_JSSTTL-116712] Executing validate_App_Exist_Device function:
2016-01-27 18:38:31,338 DEBUG [EBManual_Intent_JSSTTL-116712] Started Executing Validate_App_Exist_Device function
2016-01-27 18:38:31,338 DEBUG [EBManual_Intent_JSSTTL-116712] Started executeCommandLine function
2016-01-27 18:38:35,357 DEBUG [EBManual_Intent_JSSTTL-116712] App is installed
2016-01-27 18:38:35,357 DEBUG [EBManual_Intent_JSSTTL-116712] Result of validate_App_Exist_Device: Pass
2016-01-27 18:38:35,357 DEBUG [EBManual_Intent_JSSTTL-116712] In execute keyword function
2016-01-27 18:38:35,357 DEBUG [EBManual_Intent_JSSTTL-116712] Executing link_Click function:
2016-01-27 18:38:35,969 DEBUG [EBManual_Intent_JSSTTL-116712] Executing Click function
2016-01-27 18:38:37,026 DEBUG [EBManual_Intent_JSSTTL-116712] Exiting Click function
2016-01-27 18:38:37,027 DEBUG [EBManual_Intent_JSSTTL-116712] intent_test_link clicked successfully
2016-01-27 18:38:37,027 DEBUG [EBManual_Intent_JSSTTL-116712] TestStepResult of link_Click: Pass
2016-01-27 18:38:37,027 DEBUG [EBManual_Intent_JSSTTL-116712] In execute keyword function
2016-01-27 18:38:37,027 DEBUG [EBManual_Intent_JSSTTL-116712] Executing validate_PageTitle function:
2016-01-27 18:38:37,043 DEBUG [EBManual_Intent_JSSTTL-116712] The title of the page is *********************************: Intent JS Test
2016-01-27 18:38:37,043 DEBUG [EBManual_Intent_JSSTTL-116712] The page title found is correct
2016-01-27 18:38:37,043 DEBUG [EBManual_Intent_JSSTTL-116712] Result of validate_PageTitle: pass
2016-01-27 18:38:37,043 DEBUG [EBManual_Intent_JSSTTL-116712] In execute keyword function
2016-01-27 18:38:37,043 DEBUG [EBManual_Intent_JSSTTL-116712] Executing SelectTestToRun function:
2016-01-27 18:38:39,979 DEBUG [EBManual_Intent_JSSTTL-116712] Successfull in selecting clicking the category
2016-01-27 18:38:39,979 DEBUG [EBManual_Intent_JSSTTL-116712] TestStepResult of SelectTestToRun: pass
2016-01-27 18:38:39,979 DEBUG [EBManual_Intent_JSSTTL-116712] In execute keyword function
2016-01-27 18:38:39,979 DEBUG [EBManual_Intent_JSSTTL-116712] Executing ClickRunTest function:
2016-01-27 18:38:40,321 DEBUG [EBManual_Intent_JSSTTL-116712] Executing Click function
2016-01-27 18:38:41,340 DEBUG [EBManual_Intent_JSSTTL-116712] Exiting Click function
2016-01-27 18:38:41,340 DEBUG [EBManual_Intent_JSSTTL-116712] runtest_top_xpath Button clicked Successfully
2016-01-27 18:38:41,340 DEBUG [EBManual_Intent_JSSTTL-116712] TestStepResult of ClickRunTest: pass
2016-01-27 18:38:41,341 DEBUG [EBManual_Intent_JSSTTL-116712] In execute keyword function
2016-01-27 18:38:41,341 DEBUG [EBManual_Intent_JSSTTL-116712] Executing validate_OldText_Exists function:
2016-01-27 18:38:41,341 DEBUG [EBManual_Intent_JSSTTL-116712] Entered validate_OldText_Exists function
2016-01-27 18:38:41,781 DEBUG [EBManual_Intent_JSSTTL-116712] VT328_03 Testcase Text found
2016-01-27 18:38:41,781 DEBUG [EBManual_Intent_JSSTTL-116712] Exiting from validate_OldText_Exists function
2016-01-27 18:38:41,782 DEBUG [EBManual_Intent_JSSTTL-116712] Result of validate_OldText_Exists: Pass
2016-01-27 18:38:41,782 DEBUG [EBManual_Intent_JSSTTL-116712] In execute keyword function
2016-01-27 18:38:41,782 DEBUG [EBManual_Intent_JSSTTL-116712] Executing ClickRunTest function:
2016-01-27 18:38:42,188 DEBUG [EBManual_Intent_JSSTTL-116712] Executing Click function
2016-01-27 18:38:43,187 DEBUG [EBManual_Intent_JSSTTL-116712] Exiting Click function
2016-01-27 18:38:43,188 DEBUG [EBManual_Intent_JSSTTL-116712] runtest_bottom_xpath Button clicked Successfully
2016-01-27 18:38:43,188 DEBUG [EBManual_Intent_JSSTTL-116712] TestStepResult of ClickRunTest: pass
2016-01-27 18:38:43,188 DEBUG [EBManual_Intent_JSSTTL-116712] In execute keyword function
2016-01-27 18:38:43,188 DEBUG [EBManual_Intent_JSSTTL-116712] Executing wait function:
2016-01-27 18:38:43,188 DEBUG [EBManual_Intent_JSSTTL-116712] Started Executing wait function
2016-01-27 18:38:48,188 DEBUG [EBManual_Intent_JSSTTL-116712] Exiting from wait function
2016-01-27 18:38:48,188 DEBUG [EBManual_Intent_JSSTTL-116712] TestStepResult of wait: Pass
2016-01-27 18:38:48,188 DEBUG [EBManual_Intent_JSSTTL-116712] In execute keyword function
2016-01-27 18:38:48,188 DEBUG [EBManual_Intent_JSSTTL-116712] Executing validate_App_Launched_Device function:
2016-01-27 18:38:48,188 DEBUG [EBManual_Intent_JSSTTL-116712] Started Executing Validate_App_launched_Device function
2016-01-27 18:38:48,188 DEBUG [EBManual_Intent_JSSTTL-116712] Entered CheckUIButtonExists function
2016-01-27 18:38:48,188 DEBUG [EBManual_Intent_JSSTTL-116712] Started executeCommandLine function
2016-01-27 18:38:52,208 DEBUG [EBManual_Intent_JSSTTL-116712] Exiting from executeCommandLine function
2016-01-27 18:38:52,208 DEBUG [EBManual_Intent_JSSTTL-116712] Button is not Present
2016-01-27 18:38:52,208 DEBUG [EBManual_Intent_JSSTTL-116712] Exiting from CheckUIButtonExists function
2016-01-27 18:38:52,208 DEBUG [EBManual_Intent_JSSTTL-116712] Started executeCommandLine function
2016-01-27 18:38:56,227 DEBUG [EBManual_Intent_JSSTTL-116712] Given App is in Foreground
2016-01-27 18:38:56,227 DEBUG [EBManual_Intent_JSSTTL-116712] Exiting Validate_App_launched_Device function
2016-01-27 18:38:56,227 DEBUG [EBManual_Intent_JSSTTL-116712] Result of validate_App_Launched_Device: Pass
2016-01-27 18:38:56,227 DEBUG [EBManual_Intent_JSSTTL-116712] In execute keyword function
2016-01-27 18:38:56,227 DEBUG [EBManual_Intent_JSSTTL-116712] Executing launch_App_Device function:
2016-01-27 18:38:56,227 DEBUG [EBManual_Intent_JSSTTL-116712] Started Executing Launch_App_Device function
2016-01-27 18:38:56,227 DEBUG [EBManual_Intent_JSSTTL-116712] Started executeCommandLine function
2016-01-27 18:39:00,246 DEBUG [EBManual_Intent_JSSTTL-116712] Exiting from executeCommandLine function
2016-01-27 18:39:01,247 DEBUG [EBManual_Intent_JSSTTL-116712] Successfully launched the App
2016-01-27 18:39:01,247 DEBUG [EBManual_Intent_JSSTTL-116712] Exiting Launch_App_Device function
2016-01-27 18:39:01,247 DEBUG [EBManual_Intent_JSSTTL-116712] TestStepResult of launch_App_Device: Pass
2016-01-27 18:39:01,247 DEBUG [EBManual_Intent_JSSTTL-116712] In execute keyword function
2016-01-27 18:39:01,247 DEBUG [EBManual_Intent_JSSTTL-116712] Executing SelectTestToRun function:
2016-01-27 18:39:04,221 DEBUG [EBManual_Intent_JSSTTL-116712] Successfull in selecting clicking the category
2016-01-27 18:39:04,221 DEBUG [EBManual_Intent_JSSTTL-116712] TestStepResult of SelectTestToRun: pass
2016-01-27 18:39:04,222 DEBUG [EBManual_Intent_JSSTTL-116712] In execute keyword function
2016-01-27 18:39:04,222 DEBUG [EBManual_Intent_JSSTTL-116712] Executing ClickRunTest function:
2016-01-27 18:39:04,543 DEBUG [EBManual_Intent_JSSTTL-116712] Executing Click function
2016-01-27 18:39:05,553 DEBUG [EBManual_Intent_JSSTTL-116712] Exiting Click function
2016-01-27 18:39:05,553 DEBUG [EBManual_Intent_JSSTTL-116712] runtest_top_xpath Button clicked Successfully
2016-01-27 18:39:05,553 DEBUG [EBManual_Intent_JSSTTL-116712] TestStepResult of ClickRunTest: pass
2016-01-27 18:39:05,553 DEBUG [EBManual_Intent_JSSTTL-116712] In execute keyword function
2016-01-27 18:39:05,553 DEBUG [EBManual_Intent_JSSTTL-116712] Executing validate_OldText_Exists function:
2016-01-27 18:39:05,553 DEBUG [EBManual_Intent_JSSTTL-116712] Entered validate_OldText_Exists function
2016-01-27 18:39:06,093 DEBUG [EBManual_Intent_JSSTTL-116712] VT328_04 Testcase Text found
2016-01-27 18:39:06,093 DEBUG [EBManual_Intent_JSSTTL-116712] Exiting from validate_OldText_Exists function
2016-01-27 18:39:06,093 DEBUG [EBManual_Intent_JSSTTL-116712] Result of validate_OldText_Exists: Pass
2016-01-27 18:39:06,093 DEBUG [EBManual_Intent_JSSTTL-116712] In execute keyword function
2016-01-27 18:39:06,093 DEBUG [EBManual_Intent_JSSTTL-116712] Executing ClickRunTest function:
2016-01-27 18:39:06,378 DEBUG [EBManual_Intent_JSSTTL-116712] Executing Click function
2016-01-27 18:39:07,377 DEBUG [EBManual_Intent_JSSTTL-116712] Exiting Click function
2016-01-27 18:39:07,377 DEBUG [EBManual_Intent_JSSTTL-116712] runtest_bottom_xpath Button clicked Successfully
2016-01-27 18:39:07,377 DEBUG [EBManual_Intent_JSSTTL-116712] TestStepResult of ClickRunTest: pass
2016-01-27 18:39:07,377 DEBUG [EBManual_Intent_JSSTTL-116712] In execute keyword function
2016-01-27 18:39:07,377 DEBUG [EBManual_Intent_JSSTTL-116712] Executing wait function:
2016-01-27 18:39:07,377 DEBUG [EBManual_Intent_JSSTTL-116712] Started Executing wait function
2016-01-27 18:39:12,378 DEBUG [EBManual_Intent_JSSTTL-116712] Exiting from wait function
2016-01-27 18:39:12,378 DEBUG [EBManual_Intent_JSSTTL-116712] TestStepResult of wait: Pass
2016-01-27 18:39:12,378 DEBUG [EBManual_Intent_JSSTTL-116712] In execute keyword function
2016-01-27 18:39:12,378 DEBUG [EBManual_Intent_JSSTTL-116712] Executing validate_App_Launched_Device function:
2016-01-27 18:39:12,378 DEBUG [EBManual_Intent_JSSTTL-116712] Started Executing Validate_App_launched_Device function
2016-01-27 18:39:12,378 DEBUG [EBManual_Intent_JSSTTL-116712] Entered CheckUIButtonExists function
2016-01-27 18:39:12,378 DEBUG [EBManual_Intent_JSSTTL-116712] Started executeCommandLine function
2016-01-27 18:39:16,398 DEBUG [EBManual_Intent_JSSTTL-116712] Exiting from executeCommandLine function
2016-01-27 18:39:16,398 DEBUG [EBManual_Intent_JSSTTL-116712] Button is not Present
2016-01-27 18:39:16,398 DEBUG [EBManual_Intent_JSSTTL-116712] Exiting from CheckUIButtonExists function
2016-01-27 18:39:16,398 DEBUG [EBManual_Intent_JSSTTL-116712] Started executeCommandLine function
2016-01-27 18:39:20,409 DEBUG [EBManual_Intent_JSSTTL-116712] Given App is in Foreground
2016-01-27 18:39:20,409 DEBUG [EBManual_Intent_JSSTTL-116712] Exiting Validate_App_launched_Device function
2016-01-27 18:39:20,409 DEBUG [EBManual_Intent_JSSTTL-116712] Result of validate_App_Launched_Device: Pass
2016-01-27 18:39:20,409 DEBUG [EBManual_Intent_JSSTTL-116712] In execute keyword function
2016-01-27 18:39:20,409 DEBUG [EBManual_Intent_JSSTTL-116712] Executing ClickUIButtonText function:
2016-01-27 18:39:20,410 DEBUG [EBManual_Intent_JSSTTL-116712] Entered ClickUIButtonText function
2016-01-27 18:39:20,410 DEBUG [EBManual_Intent_JSSTTL-116712] Started executeCommandLine function
2016-01-27 18:39:24,430 DEBUG [EBManual_Intent_JSSTTL-116712] Started executeCommandLine function
2016-01-27 18:39:28,449 DEBUG [EBManual_Intent_JSSTTL-116712] Exiting ClickUIButtonText function
2016-01-27 18:39:28,449 DEBUG [EBManual_Intent_JSSTTL-116712] TestStepResult of ClickUIButtonText: Pass
2016-01-27 18:39:28,449 DEBUG [EBManual_Intent_JSSTTL-116712] allstep_result contains: PassPasspasspasspassPassPasspasspasspassPassPassnull
2016-01-27 18:39:28,449 DEBUG [EBManual_Intent_JSSTTL-116712] allexpected_result contains: nullPassnullPassnullPassnullPassnullpassnullpassPassnull
2016-01-27 18:39:28,449 DEBUG [EBManual_Intent_JSSTTL-116712] Testcase_Result contains: nullPassnullPassnullPassnullPassnullpassnullpassPassnullPassPasspasspasspassPassPasspasspasspassPassPassnull
2016-01-27 18:39:28,449 DEBUG [EBManual_Intent_JSSTTL-116712] Test case with description intentType - StartActivity: Launch target application by \'className\', which is running in background Pass
2016-01-27 18:39:29,535 DEBUG [EBManual_Intent_JSSTTL-116712] Executing browser_Quit function
2016-01-27 18:39:29,535 DEBUG [EBManual_Intent_JSSTTL-116712] Completed browser_Quit function
2016-01-27 18:39:29,535 DEBUG [EBManual_Intent_JSSTTL-116712] Completed quitSelendroid function
2016-01-27 18:39:29,536 DEBUG [EBManual_Intent_JSSTTL-116712] Row number:13
2016-01-27 18:39:29,642 DEBUG [EBManual_Intent_JSSTTL-116712] Ending Test Case IDSTTL-116712
