2016-01-27 18:28:17,073 DEBUG [EBManual_Intent_JSSTTL-116701] Executing Test Case ID: STTL-116701
2016-01-27 18:28:52,136 DEBUG [EBManual_Intent_JSSTTL-116701] Executing Init_Selendroid function with APK as parameter and clear data value with 1
2016-01-27 18:29:02,909 DEBUG [EBManual_Intent_JSSTTL-116701] Exiting Init_Selendroid function
2016-01-27 18:29:02,928 DEBUG [EBManual_Intent_JSSTTL-116701] TestCase with Description "Change Start page" Execution started
2016-01-27 18:29:02,928 DEBUG [EBManual_Intent_JSSTTL-116701] In execute keyword function
2016-01-27 18:29:02,928 DEBUG [EBManual_Intent_JSSTTL-116701] Executing wait function:
2016-01-27 18:29:02,928 DEBUG [EBManual_Intent_JSSTTL-116701] Started Executing wait function
2016-01-27 18:29:05,928 DEBUG [EBManual_Intent_JSSTTL-116701] Exiting from wait function
2016-01-27 18:29:05,928 DEBUG [EBManual_Intent_JSSTTL-116701] TestStepResult of wait: Pass
2016-01-27 18:29:05,928 DEBUG [EBManual_Intent_JSSTTL-116701] In execute keyword function
2016-01-27 18:29:05,928 DEBUG [EBManual_Intent_JSSTTL-116701] Executing PullConfigxml function:
2016-01-27 18:29:05,928 DEBUG [EBManual_Intent_JSSTTL-116701] Started executeCommandLine function
2016-01-27 18:29:09,947 DEBUG [EBManual_Intent_JSSTTL-116701] TestStepResult of PullConfigxml: Pass
2016-01-27 18:29:09,947 DEBUG [EBManual_Intent_JSSTTL-116701] In execute keyword function
2016-01-27 18:29:09,947 DEBUG [EBManual_Intent_JSSTTL-116701] Executing ChangeConfigxml function:
2016-01-27 18:29:09,947 DEBUG [EBManual_Intent_JSSTTL-116701] Executing ChangeConfigxml function
2016-01-27 18:29:09,949 DEBUG [EBManual_Intent_JSSTTL-116701] TestStepResult of ChangeConfigxml: Pass
2016-01-27 18:29:09,949 DEBUG [EBManual_Intent_JSSTTL-116701] In execute keyword function
2016-01-27 18:29:09,949 DEBUG [EBManual_Intent_JSSTTL-116701] Executing ChangeConfigxml function:
2016-01-27 18:29:09,949 DEBUG [EBManual_Intent_JSSTTL-116701] Executing ChangeConfigxml function
2016-01-27 18:29:09,951 DEBUG [EBManual_Intent_JSSTTL-116701] TestStepResult of ChangeConfigxml: Pass
2016-01-27 18:29:09,951 DEBUG [EBManual_Intent_JSSTTL-116701] In execute keyword function
2016-01-27 18:29:09,951 DEBUG [EBManual_Intent_JSSTTL-116701] Executing ChangeConfigxml function:
2016-01-27 18:29:09,951 DEBUG [EBManual_Intent_JSSTTL-116701] Executing ChangeConfigxml function
2016-01-27 18:29:09,953 DEBUG [EBManual_Intent_JSSTTL-116701] TestStepResult of ChangeConfigxml: Pass
2016-01-27 18:29:09,953 DEBUG [EBManual_Intent_JSSTTL-116701] In execute keyword function
2016-01-27 18:29:09,953 DEBUG [EBManual_Intent_JSSTTL-116701] Executing ChangeConfigxml function:
2016-01-27 18:29:09,953 DEBUG [EBManual_Intent_JSSTTL-116701] Executing ChangeConfigxml function
2016-01-27 18:29:09,955 DEBUG [EBManual_Intent_JSSTTL-116701] TestStepResult of ChangeConfigxml: Pass
2016-01-27 18:29:09,955 DEBUG [EBManual_Intent_JSSTTL-116701] In execute keyword function
2016-01-27 18:29:09,955 DEBUG [EBManual_Intent_JSSTTL-116701] Executing ChangeConfigxml function:
2016-01-27 18:29:09,955 DEBUG [EBManual_Intent_JSSTTL-116701] Executing ChangeConfigxml function
2016-01-27 18:29:09,957 DEBUG [EBManual_Intent_JSSTTL-116701] TestStepResult of ChangeConfigxml: Pass
2016-01-27 18:29:09,957 DEBUG [EBManual_Intent_JSSTTL-116701] In execute keyword function
2016-01-27 18:29:09,957 DEBUG [EBManual_Intent_JSSTTL-116701] Executing PushConfigxml function:
2016-01-27 18:29:09,957 DEBUG [EBManual_Intent_JSSTTL-116701] Started executeCommandLine function
2016-01-27 18:29:13,976 DEBUG [EBManual_Intent_JSSTTL-116701] TestStepResult of PushConfigxml: Pass
2016-01-27 18:29:13,976 DEBUG [EBManual_Intent_JSSTTL-116701] allstep_result contains: PassPassPassPassPassPassPassPassnull
2016-01-27 18:29:13,976 DEBUG [EBManual_Intent_JSSTTL-116701] allexpected_result contains: null
2016-01-27 18:29:13,976 DEBUG [EBManual_Intent_JSSTTL-116701] Testcase_Result contains: nullPassPassPassPassPassPassPassPassnull
2016-01-27 18:29:13,976 DEBUG [EBManual_Intent_JSSTTL-116701] Test case with description Change Start page Pass
2016-01-27 18:29:14,975 DEBUG [EBManual_Intent_JSSTTL-116701] Executing browser_Quit function
2016-01-27 18:29:14,975 DEBUG [EBManual_Intent_JSSTTL-116701] Completed browser_Quit function
2016-01-27 18:29:14,975 DEBUG [EBManual_Intent_JSSTTL-116701] Completed quitSelendroid function
2016-01-27 18:29:14,975 DEBUG [EBManual_Intent_JSSTTL-116701] Row number:2
2016-01-27 18:29:15,078 DEBUG [EBManual_Intent_JSSTTL-116701] Ending Test Case IDSTTL-116701
