2016-01-27 18:35:23,035 DEBUG [EBManual_Intent_JSSTTL-116709] Executing Test Case ID: STTL-116709
2016-01-27 18:35:23,042 DEBUG [EBManual_Intent_JSSTTL-116709] Executing Init_Selendroid function with APK as parameter and clear data value with 1
2016-01-27 18:35:33,265 DEBUG [EBManual_Intent_JSSTTL-116709] Exiting Init_Selendroid function
2016-01-27 18:35:33,314 DEBUG [EBManual_Intent_JSSTTL-116709] TestCase with Description "Sending array of data with the intent" Execution started
2016-01-27 18:35:33,314 DEBUG [EBManual_Intent_JSSTTL-116709] In execute keyword function
2016-01-27 18:35:33,314 DEBUG [EBManual_Intent_JSSTTL-116709] Executing wait function:
2016-01-27 18:35:33,314 DEBUG [EBManual_Intent_JSSTTL-116709] Started Executing wait function
2016-01-27 18:35:36,314 DEBUG [EBManual_Intent_JSSTTL-116709] Exiting from wait function
2016-01-27 18:35:36,314 DEBUG [EBManual_Intent_JSSTTL-116709] TestStepResult of wait: Pass
2016-01-27 18:35:36,314 DEBUG [EBManual_Intent_JSSTTL-116709] In execute keyword function
2016-01-27 18:35:36,314 DEBUG [EBManual_Intent_JSSTTL-116709] Executing validate_PageTitle function:
2016-01-27 18:35:36,360 DEBUG [EBManual_Intent_JSSTTL-116709] The title of the page is *********************************: Manual specs
2016-01-27 18:35:36,360 DEBUG [EBManual_Intent_JSSTTL-116709] The page title found is correct
2016-01-27 18:35:36,360 DEBUG [EBManual_Intent_JSSTTL-116709] Result of validate_PageTitle: pass
2016-01-27 18:35:36,360 DEBUG [EBManual_Intent_JSSTTL-116709] In execute keyword function
2016-01-27 18:35:36,360 DEBUG [EBManual_Intent_JSSTTL-116709] Executing link_Click function:
2016-01-27 18:35:36,952 DEBUG [EBManual_Intent_JSSTTL-116709] Executing Click function
2016-01-27 18:35:38,046 DEBUG [EBManual_Intent_JSSTTL-116709] Exiting Click function
2016-01-27 18:35:38,046 DEBUG [EBManual_Intent_JSSTTL-116709] intent_test_link clicked successfully
2016-01-27 18:35:38,046 DEBUG [EBManual_Intent_JSSTTL-116709] TestStepResult of link_Click: Pass
2016-01-27 18:35:38,046 DEBUG [EBManual_Intent_JSSTTL-116709] In execute keyword function
2016-01-27 18:35:38,046 DEBUG [EBManual_Intent_JSSTTL-116709] Executing validate_PageTitle function:
2016-01-27 18:35:38,064 DEBUG [EBManual_Intent_JSSTTL-116709] The title of the page is *********************************: Intent JS Test
2016-01-27 18:35:38,064 DEBUG [EBManual_Intent_JSSTTL-116709] The page title found is correct
2016-01-27 18:35:38,064 DEBUG [EBManual_Intent_JSSTTL-116709] Result of validate_PageTitle: pass
2016-01-27 18:35:38,064 DEBUG [EBManual_Intent_JSSTTL-116709] In execute keyword function
2016-01-27 18:35:38,064 DEBUG [EBManual_Intent_JSSTTL-116709] Executing SelectTestToRun function:
2016-01-27 18:35:45,263 DEBUG [EBManual_Intent_JSSTTL-116709] Successfull in selecting clicking the category
2016-01-27 18:35:45,263 DEBUG [EBManual_Intent_JSSTTL-116709] TestStepResult of SelectTestToRun: pass
2016-01-27 18:35:45,263 DEBUG [EBManual_Intent_JSSTTL-116709] In execute keyword function
2016-01-27 18:35:45,263 DEBUG [EBManual_Intent_JSSTTL-116709] Executing ClickRunTest function:
2016-01-27 18:35:45,605 DEBUG [EBManual_Intent_JSSTTL-116709] Executing Click function
2016-01-27 18:35:46,536 DEBUG [EBManual_Intent_JSSTTL-116709] Exiting Click function
2016-01-27 18:35:46,536 DEBUG [EBManual_Intent_JSSTTL-116709] runtest_top_xpath Button clicked Successfully
2016-01-27 18:35:46,536 DEBUG [EBManual_Intent_JSSTTL-116709] TestStepResult of ClickRunTest: pass
2016-01-27 18:35:46,536 DEBUG [EBManual_Intent_JSSTTL-116709] In execute keyword function
2016-01-27 18:35:46,536 DEBUG [EBManual_Intent_JSSTTL-116709] Executing validate_OldText_Exists function:
2016-01-27 18:35:46,536 DEBUG [EBManual_Intent_JSSTTL-116709] Entered validate_OldText_Exists function
2016-01-27 18:35:47,187 DEBUG [EBManual_Intent_JSSTTL-116709] VT328_44 Testcase Text found
2016-01-27 18:35:47,188 DEBUG [EBManual_Intent_JSSTTL-116709] Exiting from validate_OldText_Exists function
2016-01-27 18:35:47,188 DEBUG [EBManual_Intent_JSSTTL-116709] Result of validate_OldText_Exists: Pass
2016-01-27 18:35:47,188 DEBUG [EBManual_Intent_JSSTTL-116709] In execute keyword function
2016-01-27 18:35:47,188 DEBUG [EBManual_Intent_JSSTTL-116709] Executing ClickRunTest function:
2016-01-27 18:35:47,530 DEBUG [EBManual_Intent_JSSTTL-116709] Executing Click function
2016-01-27 18:35:48,451 DEBUG [EBManual_Intent_JSSTTL-116709] Exiting Click function
2016-01-27 18:35:48,451 DEBUG [EBManual_Intent_JSSTTL-116709] runtest_bottom_xpath Button clicked Successfully
2016-01-27 18:35:48,451 DEBUG [EBManual_Intent_JSSTTL-116709] TestStepResult of ClickRunTest: pass
2016-01-27 18:35:48,451 DEBUG [EBManual_Intent_JSSTTL-116709] In execute keyword function
2016-01-27 18:35:48,451 DEBUG [EBManual_Intent_JSSTTL-116709] Executing wait function:
2016-01-27 18:35:48,451 DEBUG [EBManual_Intent_JSSTTL-116709] Started Executing wait function
2016-01-27 18:35:53,452 DEBUG [EBManual_Intent_JSSTTL-116709] Exiting from wait function
2016-01-27 18:35:53,452 DEBUG [EBManual_Intent_JSSTTL-116709] TestStepResult of wait: Pass
2016-01-27 18:35:53,452 DEBUG [EBManual_Intent_JSSTTL-116709] In execute keyword function
2016-01-27 18:35:53,452 DEBUG [EBManual_Intent_JSSTTL-116709] Executing validate_App_Launched_Device function:
2016-01-27 18:35:53,453 DEBUG [EBManual_Intent_JSSTTL-116709] Started Executing Validate_App_launched_Device function
2016-01-27 18:35:53,453 DEBUG [EBManual_Intent_JSSTTL-116709] Entered CheckUIButtonExists function
2016-01-27 18:35:53,453 DEBUG [EBManual_Intent_JSSTTL-116709] Started executeCommandLine function
2016-01-27 18:35:57,472 DEBUG [EBManual_Intent_JSSTTL-116709] Exiting from executeCommandLine function
2016-01-27 18:35:57,472 DEBUG [EBManual_Intent_JSSTTL-116709] Button is not Present
2016-01-27 18:35:57,472 DEBUG [EBManual_Intent_JSSTTL-116709] Exiting from CheckUIButtonExists function
2016-01-27 18:35:57,472 DEBUG [EBManual_Intent_JSSTTL-116709] Started executeCommandLine function
2016-01-27 18:36:01,493 DEBUG [EBManual_Intent_JSSTTL-116709] Given App is in Foreground
2016-01-27 18:36:01,493 DEBUG [EBManual_Intent_JSSTTL-116709] Exiting Validate_App_launched_Device function
2016-01-27 18:36:01,493 DEBUG [EBManual_Intent_JSSTTL-116709] Result of validate_App_Launched_Device: Pass
2016-01-27 18:36:01,493 DEBUG [EBManual_Intent_JSSTTL-116709] In execute keyword function
2016-01-27 18:36:01,493 DEBUG [EBManual_Intent_JSSTTL-116709] Executing validate_CompareEditText function:
2016-01-27 18:36:01,493 DEBUG [EBManual_Intent_JSSTTL-116709] Entered validate_TextMsgBody function
2016-01-27 18:36:01,493 DEBUG [EBManual_Intent_JSSTTL-116709] Started executeCommandLine function
2016-01-27 18:36:05,510 DEBUG [EBManual_Intent_JSSTTL-116709] Exiting from executeCommandLine function
2016-01-27 18:36:05,510 DEBUG [EBManual_Intent_JSSTTL-116709] Result of validate_CompareEditText: fail
2016-01-27 18:36:05,510 DEBUG [EBManual_Intent_JSSTTL-116709] In execute keyword function
2016-01-27 18:36:05,510 DEBUG [EBManual_Intent_JSSTTL-116709] Executing validate_CompareEditText function:
2016-01-27 18:36:05,510 DEBUG [EBManual_Intent_JSSTTL-116709] Entered validate_TextMsgBody function
2016-01-27 18:36:05,510 DEBUG [EBManual_Intent_JSSTTL-116709] Started executeCommandLine function
2016-01-27 18:36:09,529 DEBUG [EBManual_Intent_JSSTTL-116709] Exiting from executeCommandLine function
2016-01-27 18:36:09,529 DEBUG [EBManual_Intent_JSSTTL-116709] Result of validate_CompareEditText: fail
2016-01-27 18:36:09,529 DEBUG [EBManual_Intent_JSSTTL-116709] In execute keyword function
2016-01-27 18:36:09,529 DEBUG [EBManual_Intent_JSSTTL-116709] Executing press_Key function:
2016-01-27 18:36:09,529 DEBUG [EBManual_Intent_JSSTTL-116709] Started executeCommandLine function
2016-01-27 18:36:13,549 DEBUG [EBManual_Intent_JSSTTL-116709] Exiting from executeCommandLine function
2016-01-27 18:36:13,549 DEBUG [EBManual_Intent_JSSTTL-116709] pressed on the back key
2016-01-27 18:36:13,549 DEBUG [EBManual_Intent_JSSTTL-116709] Back works
2016-01-27 18:36:14,549 DEBUG [EBManual_Intent_JSSTTL-116709] TestStepResult of press_Key: pass
2016-01-27 18:36:14,549 DEBUG [EBManual_Intent_JSSTTL-116709] In execute keyword function
2016-01-27 18:36:14,549 DEBUG [EBManual_Intent_JSSTTL-116709] Executing press_Key function:
2016-01-27 18:36:14,549 DEBUG [EBManual_Intent_JSSTTL-116709] Started executeCommandLine function
2016-01-27 18:36:18,569 DEBUG [EBManual_Intent_JSSTTL-116709] Exiting from executeCommandLine function
2016-01-27 18:36:18,569 DEBUG [EBManual_Intent_JSSTTL-116709] pressed on the back key
2016-01-27 18:36:18,569 DEBUG [EBManual_Intent_JSSTTL-116709] Back works
2016-01-27 18:36:19,569 DEBUG [EBManual_Intent_JSSTTL-116709] TestStepResult of press_Key: pass
2016-01-27 18:36:19,569 DEBUG [EBManual_Intent_JSSTTL-116709] allstep_result contains: passpassPasspasspasspassPassPassnull
2016-01-27 18:36:19,569 DEBUG [EBManual_Intent_JSSTTL-116709] allexpected_result contains: nullPassfailfailnullPassnullpassnullpassnull
2016-01-27 18:36:19,569 DEBUG [EBManual_Intent_JSSTTL-116709] Testcase_Result contains: nullPassfailfailnullPassnullpassnullpassnullpasspassPasspasspasspassPassPassnull
2016-01-27 18:36:19,569 DEBUG [EBManual_Intent_JSSTTL-116709] Test case with description Sending array of data with the intent Fail
2016-01-27 18:36:20,555 DEBUG [EBManual_Intent_JSSTTL-116709] Executing browser_Quit function
2016-01-27 18:36:20,555 DEBUG [EBManual_Intent_JSSTTL-116709] Completed browser_Quit function
2016-01-27 18:36:20,555 DEBUG [EBManual_Intent_JSSTTL-116709] Completed quitSelendroid function
2016-01-27 18:36:20,556 DEBUG [EBManual_Intent_JSSTTL-116709] Row number:10
