2016-01-27 18:33:21,220 DEBUG [EBManual_Intent_JSSTTL-116707] Executing Test Case ID: STTL-116707
2016-01-27 18:33:21,228 DEBUG [EBManual_Intent_JSSTTL-116707] Executing Init_Selendroid function with APK as parameter and clear data value with 1
2016-01-27 18:33:30,890 DEBUG [EBManual_Intent_JSSTTL-116707] Exiting Init_Selendroid function
2016-01-27 18:33:30,910 DEBUG [EBManual_Intent_JSSTTL-116707] TestCase with Description "Start Listening to the background intents - broadcast messages (receiving broadcast messages)" Execution started
2016-01-27 18:33:30,910 DEBUG [EBManual_Intent_JSSTTL-116707] In execute keyword function
2016-01-27 18:33:30,910 DEBUG [EBManual_Intent_JSSTTL-116707] Executing wait function:
2016-01-27 18:33:30,910 DEBUG [EBManual_Intent_JSSTTL-116707] Started Executing wait function
2016-01-27 18:33:33,910 DEBUG [EBManual_Intent_JSSTTL-116707] Exiting from wait function
2016-01-27 18:33:33,910 DEBUG [EBManual_Intent_JSSTTL-116707] TestStepResult of wait: Pass
2016-01-27 18:33:33,910 DEBUG [EBManual_Intent_JSSTTL-116707] In execute keyword function
2016-01-27 18:33:33,910 DEBUG [EBManual_Intent_JSSTTL-116707] Executing validate_PageTitle function:
2016-01-27 18:33:33,952 DEBUG [EBManual_Intent_JSSTTL-116707] The title of the page is *********************************: Manual specs
2016-01-27 18:33:33,952 DEBUG [EBManual_Intent_JSSTTL-116707] The page title found is correct
2016-01-27 18:33:33,952 DEBUG [EBManual_Intent_JSSTTL-116707] Result of validate_PageTitle: pass
2016-01-27 18:33:33,952 DEBUG [EBManual_Intent_JSSTTL-116707] In execute keyword function
2016-01-27 18:33:33,952 DEBUG [EBManual_Intent_JSSTTL-116707] Executing link_Click function:
2016-01-27 18:33:34,602 DEBUG [EBManual_Intent_JSSTTL-116707] Executing Click function
2016-01-27 18:33:35,677 DEBUG [EBManual_Intent_JSSTTL-116707] Exiting Click function
2016-01-27 18:33:35,677 DEBUG [EBManual_Intent_JSSTTL-116707] intent_test_link clicked successfully
2016-01-27 18:33:35,677 DEBUG [EBManual_Intent_JSSTTL-116707] TestStepResult of link_Click: Pass
2016-01-27 18:33:35,677 DEBUG [EBManual_Intent_JSSTTL-116707] In execute keyword function
2016-01-27 18:33:35,678 DEBUG [EBManual_Intent_JSSTTL-116707] Executing validate_PageTitle function:
2016-01-27 18:33:35,697 DEBUG [EBManual_Intent_JSSTTL-116707] The title of the page is *********************************: Intent JS Test
2016-01-27 18:33:35,697 DEBUG [EBManual_Intent_JSSTTL-116707] The page title found is correct
2016-01-27 18:33:35,697 DEBUG [EBManual_Intent_JSSTTL-116707] Result of validate_PageTitle: pass
2016-01-27 18:33:35,697 DEBUG [EBManual_Intent_JSSTTL-116707] In execute keyword function
2016-01-27 18:33:35,697 DEBUG [EBManual_Intent_JSSTTL-116707] Executing SelectTestToRun function:
2016-01-27 18:33:41,839 DEBUG [EBManual_Intent_JSSTTL-116707] Successfull in selecting clicking the category
2016-01-27 18:33:41,839 DEBUG [EBManual_Intent_JSSTTL-116707] TestStepResult of SelectTestToRun: pass
2016-01-27 18:33:41,839 DEBUG [EBManual_Intent_JSSTTL-116707] In execute keyword function
2016-01-27 18:33:41,839 DEBUG [EBManual_Intent_JSSTTL-116707] Executing ClickRunTest function:
2016-01-27 18:33:42,209 DEBUG [EBManual_Intent_JSSTTL-116707] Executing Click function
2016-01-27 18:33:43,315 DEBUG [EBManual_Intent_JSSTTL-116707] Exiting Click function
2016-01-27 18:33:43,315 DEBUG [EBManual_Intent_JSSTTL-116707] runtest_top_xpath Button clicked Successfully
2016-01-27 18:33:43,315 DEBUG [EBManual_Intent_JSSTTL-116707] TestStepResult of ClickRunTest: pass
2016-01-27 18:33:43,315 DEBUG [EBManual_Intent_JSSTTL-116707] In execute keyword function
2016-01-27 18:33:43,315 DEBUG [EBManual_Intent_JSSTTL-116707] Executing validate_OldText_Exists function:
2016-01-27 18:33:43,315 DEBUG [EBManual_Intent_JSSTTL-116707] Entered validate_OldText_Exists function
2016-01-27 18:33:43,826 DEBUG [EBManual_Intent_JSSTTL-116707] VT328_39 Testcase Text found
2016-01-27 18:33:43,826 DEBUG [EBManual_Intent_JSSTTL-116707] Exiting from validate_OldText_Exists function
2016-01-27 18:33:43,826 DEBUG [EBManual_Intent_JSSTTL-116707] Result of validate_OldText_Exists: Pass
2016-01-27 18:33:43,826 DEBUG [EBManual_Intent_JSSTTL-116707] In execute keyword function
2016-01-27 18:33:43,826 DEBUG [EBManual_Intent_JSSTTL-116707] Executing ClickRunTest function:
2016-01-27 18:33:44,132 DEBUG [EBManual_Intent_JSSTTL-116707] Executing Click function
2016-01-27 18:33:45,115 DEBUG [EBManual_Intent_JSSTTL-116707] Exiting Click function
2016-01-27 18:33:45,115 DEBUG [EBManual_Intent_JSSTTL-116707] runtest_bottom_xpath Button clicked Successfully
2016-01-27 18:33:45,115 DEBUG [EBManual_Intent_JSSTTL-116707] TestStepResult of ClickRunTest: pass
2016-01-27 18:33:45,115 DEBUG [EBManual_Intent_JSSTTL-116707] In execute keyword function
2016-01-27 18:33:45,115 DEBUG [EBManual_Intent_JSSTTL-116707] Executing wait function:
2016-01-27 18:33:45,115 DEBUG [EBManual_Intent_JSSTTL-116707] Started Executing wait function
2016-01-27 18:33:50,116 DEBUG [EBManual_Intent_JSSTTL-116707] Exiting from wait function
2016-01-27 18:33:50,116 DEBUG [EBManual_Intent_JSSTTL-116707] TestStepResult of wait: Pass
2016-01-27 18:33:50,116 DEBUG [EBManual_Intent_JSSTTL-116707] In execute keyword function
2016-01-27 18:33:50,116 DEBUG [EBManual_Intent_JSSTTL-116707] Executing CheckUITextContains function:
2016-01-27 18:33:50,116 DEBUG [EBManual_Intent_JSSTTL-116707] Started executeCommandLine function
2016-01-27 18:33:54,136 DEBUG [EBManual_Intent_JSSTTL-116707] Text is Present
2016-01-27 18:33:54,136 DEBUG [EBManual_Intent_JSSTTL-116707] TestStepResult of CheckUITextContains: Pass
2016-01-27 18:33:54,136 DEBUG [EBManual_Intent_JSSTTL-116707] In execute keyword function
2016-01-27 18:33:54,136 DEBUG [EBManual_Intent_JSSTTL-116707] Executing ClickUIButtonText function:
2016-01-27 18:33:54,136 DEBUG [EBManual_Intent_JSSTTL-116707] Entered ClickUIButtonText function
2016-01-27 18:33:54,136 DEBUG [EBManual_Intent_JSSTTL-116707] Started executeCommandLine function
2016-01-27 18:33:58,155 DEBUG [EBManual_Intent_JSSTTL-116707] Started executeCommandLine function
2016-01-27 18:34:02,596 DEBUG [EBManual_Intent_JSSTTL-116707] Exiting ClickUIButtonText function
2016-01-27 18:34:02,596 DEBUG [EBManual_Intent_JSSTTL-116707] TestStepResult of ClickUIButtonText: Pass
2016-01-27 18:34:02,596 DEBUG [EBManual_Intent_JSSTTL-116707] allstep_result contains: PassPassPasspasspasspassPassPassnull
2016-01-27 18:34:02,596 DEBUG [EBManual_Intent_JSSTTL-116707] allexpected_result contains: nullPassnullpassnullpassnull
2016-01-27 18:34:02,596 DEBUG [EBManual_Intent_JSSTTL-116707] Testcase_Result contains: nullPassnullpassnullpassnullPassPassPasspasspasspassPassPassnull
2016-01-27 18:34:02,596 DEBUG [EBManual_Intent_JSSTTL-116707] Test case with description Start Listening to the background intents - broadcast messages (receiving broadcast messages) Pass
2016-01-27 18:34:03,614 DEBUG [EBManual_Intent_JSSTTL-116707] Executing browser_Quit function
2016-01-27 18:34:03,614 DEBUG [EBManual_Intent_JSSTTL-116707] Completed browser_Quit function
2016-01-27 18:34:03,614 DEBUG [EBManual_Intent_JSSTTL-116707] Completed quitSelendroid function
2016-01-27 18:34:03,614 DEBUG [EBManual_Intent_JSSTTL-116707] Row number:8
2016-01-27 18:34:03,670 DEBUG [EBManual_Intent_JSSTTL-116707] Ending Test Case IDSTTL-116707
