2016-01-27 18:31:47,810 DEBUG [EBManual_Intent_JSSTTL-116705] Executing Test Case ID: STTL-116705
2016-01-27 18:31:47,830 DEBUG [EBManual_Intent_JSSTTL-116705] Executing Init_Selendroid function with APK as parameter and clear data value with 1
2016-01-27 18:31:58,102 DEBUG [EBManual_Intent_JSSTTL-116705] Exiting Init_Selendroid function
2016-01-27 18:31:58,120 DEBUG [EBManual_Intent_JSSTTL-116705] TestCase with Description "appName - Launch Android application via 'appName' (packageName) from test application." Execution started
2016-01-27 18:31:58,120 DEBUG [EBManual_Intent_JSSTTL-116705] In execute keyword function
2016-01-27 18:31:58,120 DEBUG [EBManual_Intent_JSSTTL-116705] Executing wait function:
2016-01-27 18:31:58,121 DEBUG [EBManual_Intent_JSSTTL-116705] Started Executing wait function
2016-01-27 18:32:01,122 DEBUG [EBManual_Intent_JSSTTL-116705] Exiting from wait function
2016-01-27 18:32:01,122 DEBUG [EBManual_Intent_JSSTTL-116705] TestStepResult of wait: Pass
2016-01-27 18:32:01,122 DEBUG [EBManual_Intent_JSSTTL-116705] In execute keyword function
2016-01-27 18:32:01,122 DEBUG [EBManual_Intent_JSSTTL-116705] Executing validate_PageTitle function:
2016-01-27 18:32:01,163 DEBUG [EBManual_Intent_JSSTTL-116705] The title of the page is *********************************: Manual specs
2016-01-27 18:32:01,163 DEBUG [EBManual_Intent_JSSTTL-116705] The page title found is correct
2016-01-27 18:32:01,163 DEBUG [EBManual_Intent_JSSTTL-116705] Result of validate_PageTitle: pass
2016-01-27 18:32:01,163 DEBUG [EBManual_Intent_JSSTTL-116705] In execute keyword function
2016-01-27 18:32:01,163 DEBUG [EBManual_Intent_JSSTTL-116705] Executing link_Click function:
2016-01-27 18:32:01,800 DEBUG [EBManual_Intent_JSSTTL-116705] Executing Click function
2016-01-27 18:32:02,858 DEBUG [EBManual_Intent_JSSTTL-116705] Exiting Click function
2016-01-27 18:32:02,858 DEBUG [EBManual_Intent_JSSTTL-116705] intent_test_link clicked successfully
2016-01-27 18:32:02,858 DEBUG [EBManual_Intent_JSSTTL-116705] TestStepResult of link_Click: Pass
2016-01-27 18:32:02,858 DEBUG [EBManual_Intent_JSSTTL-116705] In execute keyword function
2016-01-27 18:32:02,858 DEBUG [EBManual_Intent_JSSTTL-116705] Executing validate_PageTitle function:
2016-01-27 18:32:02,875 DEBUG [EBManual_Intent_JSSTTL-116705] The title of the page is *********************************: Intent JS Test
2016-01-27 18:32:02,875 DEBUG [EBManual_Intent_JSSTTL-116705] The page title found is correct
2016-01-27 18:32:02,875 DEBUG [EBManual_Intent_JSSTTL-116705] Result of validate_PageTitle: pass
2016-01-27 18:32:02,875 DEBUG [EBManual_Intent_JSSTTL-116705] In execute keyword function
2016-01-27 18:32:02,875 DEBUG [EBManual_Intent_JSSTTL-116705] Executing SelectTestToRun function:
2016-01-27 18:32:07,992 DEBUG [EBManual_Intent_JSSTTL-116705] Successfull in selecting clicking the category
2016-01-27 18:32:07,992 DEBUG [EBManual_Intent_JSSTTL-116705] TestStepResult of SelectTestToRun: pass
2016-01-27 18:32:07,992 DEBUG [EBManual_Intent_JSSTTL-116705] In execute keyword function
2016-01-27 18:32:07,992 DEBUG [EBManual_Intent_JSSTTL-116705] Executing ClickRunTest function:
2016-01-27 18:32:08,351 DEBUG [EBManual_Intent_JSSTTL-116705] Executing Click function
2016-01-27 18:32:09,291 DEBUG [EBManual_Intent_JSSTTL-116705] Exiting Click function
2016-01-27 18:32:09,291 DEBUG [EBManual_Intent_JSSTTL-116705] runtest_top_xpath Button clicked Successfully
2016-01-27 18:32:09,291 DEBUG [EBManual_Intent_JSSTTL-116705] TestStepResult of ClickRunTest: pass
2016-01-27 18:32:09,291 DEBUG [EBManual_Intent_JSSTTL-116705] In execute keyword function
2016-01-27 18:32:09,291 DEBUG [EBManual_Intent_JSSTTL-116705] Executing validate_OldText_Exists function:
2016-01-27 18:32:09,291 DEBUG [EBManual_Intent_JSSTTL-116705] Entered validate_OldText_Exists function
2016-01-27 18:32:09,917 DEBUG [EBManual_Intent_JSSTTL-116705] VT328_27 Testcase Text found
2016-01-27 18:32:09,917 DEBUG [EBManual_Intent_JSSTTL-116705] Exiting from validate_OldText_Exists function
2016-01-27 18:32:09,917 DEBUG [EBManual_Intent_JSSTTL-116705] Result of validate_OldText_Exists: Pass
2016-01-27 18:32:09,917 DEBUG [EBManual_Intent_JSSTTL-116705] In execute keyword function
2016-01-27 18:32:09,917 DEBUG [EBManual_Intent_JSSTTL-116705] Executing ClickRunTest function:
2016-01-27 18:32:10,234 DEBUG [EBManual_Intent_JSSTTL-116705] Executing Click function
2016-01-27 18:32:11,298 DEBUG [EBManual_Intent_JSSTTL-116705] Exiting Click function
2016-01-27 18:32:11,298 DEBUG [EBManual_Intent_JSSTTL-116705] runtest_bottom_xpath Button clicked Successfully
2016-01-27 18:32:11,298 DEBUG [EBManual_Intent_JSSTTL-116705] TestStepResult of ClickRunTest: pass
2016-01-27 18:32:11,298 DEBUG [EBManual_Intent_JSSTTL-116705] In execute keyword function
2016-01-27 18:32:11,298 DEBUG [EBManual_Intent_JSSTTL-116705] Executing wait function:
2016-01-27 18:32:11,298 DEBUG [EBManual_Intent_JSSTTL-116705] Started Executing wait function
2016-01-27 18:32:16,298 DEBUG [EBManual_Intent_JSSTTL-116705] Exiting from wait function
2016-01-27 18:32:16,298 DEBUG [EBManual_Intent_JSSTTL-116705] TestStepResult of wait: Pass
2016-01-27 18:32:16,298 DEBUG [EBManual_Intent_JSSTTL-116705] In execute keyword function
2016-01-27 18:32:16,298 DEBUG [EBManual_Intent_JSSTTL-116705] Executing validate_App_Launched_Device function:
2016-01-27 18:32:16,298 DEBUG [EBManual_Intent_JSSTTL-116705] Started Executing Validate_App_launched_Device function
2016-01-27 18:32:16,298 DEBUG [EBManual_Intent_JSSTTL-116705] Entered CheckUIButtonExists function
2016-01-27 18:32:16,298 DEBUG [EBManual_Intent_JSSTTL-116705] Started executeCommandLine function
2016-01-27 18:32:20,317 DEBUG [EBManual_Intent_JSSTTL-116705] Exiting from executeCommandLine function
2016-01-27 18:32:20,317 DEBUG [EBManual_Intent_JSSTTL-116705] Button is not Present
2016-01-27 18:32:20,317 DEBUG [EBManual_Intent_JSSTTL-116705] Exiting from CheckUIButtonExists function
2016-01-27 18:32:20,317 DEBUG [EBManual_Intent_JSSTTL-116705] Started executeCommandLine function
2016-01-27 18:32:24,338 DEBUG [EBManual_Intent_JSSTTL-116705] Given App is in Foreground
2016-01-27 18:32:24,338 DEBUG [EBManual_Intent_JSSTTL-116705] Exiting Validate_App_launched_Device function
2016-01-27 18:32:24,338 DEBUG [EBManual_Intent_JSSTTL-116705] Result of validate_App_Launched_Device: Pass
2016-01-27 18:32:24,338 DEBUG [EBManual_Intent_JSSTTL-116705] In execute keyword function
2016-01-27 18:32:24,338 DEBUG [EBManual_Intent_JSSTTL-116705] Executing ClickUIButtonText function:
2016-01-27 18:32:24,338 DEBUG [EBManual_Intent_JSSTTL-116705] Entered ClickUIButtonText function
2016-01-27 18:32:24,338 DEBUG [EBManual_Intent_JSSTTL-116705] Started executeCommandLine function
2016-01-27 18:32:28,357 DEBUG [EBManual_Intent_JSSTTL-116705] Started executeCommandLine function
2016-01-27 18:32:32,377 DEBUG [EBManual_Intent_JSSTTL-116705] Exiting ClickUIButtonText function
2016-01-27 18:32:32,377 DEBUG [EBManual_Intent_JSSTTL-116705] TestStepResult of ClickUIButtonText: Pass
2016-01-27 18:32:32,377 DEBUG [EBManual_Intent_JSSTTL-116705] allstep_result contains: PassPasspasspasspassPassPassnull
2016-01-27 18:32:32,377 DEBUG [EBManual_Intent_JSSTTL-116705] allexpected_result contains: nullPassnullPassnullpassnullpassnull
2016-01-27 18:32:32,377 DEBUG [EBManual_Intent_JSSTTL-116705] Testcase_Result contains: nullPassnullPassnullpassnullpassnullPassPasspasspasspassPassPassnull
2016-01-27 18:32:32,377 DEBUG [EBManual_Intent_JSSTTL-116705] Test case with description appName - Launch Android application via 'appName' (packageName) from test application. Pass
2016-01-27 18:32:33,514 DEBUG [EBManual_Intent_JSSTTL-116705] Executing browser_Quit function
2016-01-27 18:32:33,514 DEBUG [EBManual_Intent_JSSTTL-116705] Completed browser_Quit function
2016-01-27 18:32:33,514 DEBUG [EBManual_Intent_JSSTTL-116705] Completed quitSelendroid function
2016-01-27 18:32:33,514 DEBUG [EBManual_Intent_JSSTTL-116705] Row number:6
2016-01-27 18:32:33,551 DEBUG [EBManual_Intent_JSSTTL-116705] Ending Test Case IDSTTL-116705
