2016-01-28 03:50:17,061 DEBUG [EBRE22_GestureSTTL-116721] Executing Test Case ID: STTL-116721
2016-01-28 03:50:17,068 DEBUG [EBRE22_GestureSTTL-116721] Executing Init_Selendroid function with APK as parameter and clear data value with 1
2016-01-28 03:50:26,116 DEBUG [EBRE22_GestureSTTL-116721] Exiting Init_Selendroid function
2016-01-28 03:50:26,131 DEBUG [EBRE22_GestureSTTL-116721] TestCase with Description "Gesture event as HTTP URL" Execution started
2016-01-28 03:50:26,131 DEBUG [EBRE22_GestureSTTL-116721] In execute keyword function
2016-01-28 03:50:26,131 DEBUG [EBRE22_GestureSTTL-116721] Executing wait function:
2016-01-28 03:50:26,132 DEBUG [EBRE22_GestureSTTL-116721] Started Executing wait function
2016-01-28 03:50:30,132 DEBUG [EBRE22_GestureSTTL-116721] Exiting from wait function
2016-01-28 03:50:30,132 DEBUG [EBRE22_GestureSTTL-116721] TestStepResult of wait: Pass
2016-01-28 03:50:30,132 DEBUG [EBRE22_GestureSTTL-116721] In execute keyword function
2016-01-28 03:50:30,132 DEBUG [EBRE22_GestureSTTL-116721] Executing validate_PageTitle function:
2016-01-28 03:50:30,177 DEBUG [EBRE22_GestureSTTL-116721] The title of the page is *********************************: RE 2.2 Tests
2016-01-28 03:50:30,177 DEBUG [EBRE22_GestureSTTL-116721] The page title found is correct
2016-01-28 03:50:30,177 DEBUG [EBRE22_GestureSTTL-116721] Result of validate_PageTitle: pass
2016-01-28 03:50:30,177 DEBUG [EBRE22_GestureSTTL-116721] In execute keyword function
2016-01-28 03:50:30,177 DEBUG [EBRE22_GestureSTTL-116721] Executing link_Click function:
2016-01-28 03:50:30,958 DEBUG [EBRE22_GestureSTTL-116721] Executing Click function
2016-01-28 03:50:31,991 DEBUG [EBRE22_GestureSTTL-116721] Exiting Click function
2016-01-28 03:50:31,991 DEBUG [EBRE22_GestureSTTL-116721] gesture22_test_link clicked successfully
2016-01-28 03:50:31,991 DEBUG [EBRE22_GestureSTTL-116721] TestStepResult of link_Click: Pass
2016-01-28 03:50:31,992 DEBUG [EBRE22_GestureSTTL-116721] In execute keyword function
2016-01-28 03:50:31,992 DEBUG [EBRE22_GestureSTTL-116721] Executing wait function:
2016-01-28 03:50:31,992 DEBUG [EBRE22_GestureSTTL-116721] Started Executing wait function
2016-01-28 03:50:33,993 DEBUG [EBRE22_GestureSTTL-116721] Exiting from wait function
2016-01-28 03:50:33,993 DEBUG [EBRE22_GestureSTTL-116721] TestStepResult of wait: Pass
2016-01-28 03:50:33,993 DEBUG [EBRE22_GestureSTTL-116721] In execute keyword function
2016-01-28 03:50:33,993 DEBUG [EBRE22_GestureSTTL-116721] Executing validate_PageTitle function:
2016-01-28 03:50:34,032 DEBUG [EBRE22_GestureSTTL-116721] The title of the page is *********************************: Gesture Index
2016-01-28 03:50:34,032 DEBUG [EBRE22_GestureSTTL-116721] The page title found is correct
2016-01-28 03:50:34,032 DEBUG [EBRE22_GestureSTTL-116721] Result of validate_PageTitle: pass
2016-01-28 03:50:34,032 DEBUG [EBRE22_GestureSTTL-116721] In execute keyword function
2016-01-28 03:50:34,032 DEBUG [EBRE22_GestureSTTL-116721] Executing link_Click function:
2016-01-28 03:50:34,452 DEBUG [EBRE22_GestureSTTL-116721] Executing Click function
2016-01-28 03:50:35,408 DEBUG [EBRE22_GestureSTTL-116721] Exiting Click function
2016-01-28 03:50:35,409 DEBUG [EBRE22_GestureSTTL-116721] holdgesture22_test_link clicked successfully
2016-01-28 03:50:35,409 DEBUG [EBRE22_GestureSTTL-116721] TestStepResult of link_Click: Pass
2016-01-28 03:50:35,409 DEBUG [EBRE22_GestureSTTL-116721] In execute keyword function
2016-01-28 03:50:35,409 DEBUG [EBRE22_GestureSTTL-116721] Executing wait function:
2016-01-28 03:50:35,409 DEBUG [EBRE22_GestureSTTL-116721] Started Executing wait function
2016-01-28 03:50:37,409 DEBUG [EBRE22_GestureSTTL-116721] Exiting from wait function
2016-01-28 03:50:37,409 DEBUG [EBRE22_GestureSTTL-116721] TestStepResult of wait: Pass
2016-01-28 03:50:37,409 DEBUG [EBRE22_GestureSTTL-116721] In execute keyword function
2016-01-28 03:50:37,409 DEBUG [EBRE22_GestureSTTL-116721] Executing validate_PageTitle function:
2016-01-28 03:50:37,445 DEBUG [EBRE22_GestureSTTL-116721] The title of the page is *********************************: Hold Gesture
2016-01-28 03:50:37,445 DEBUG [EBRE22_GestureSTTL-116721] The page title found is correct
2016-01-28 03:50:37,445 DEBUG [EBRE22_GestureSTTL-116721] Result of validate_PageTitle: pass
2016-01-28 03:50:37,445 DEBUG [EBRE22_GestureSTTL-116721] In execute keyword function
2016-01-28 03:50:37,445 DEBUG [EBRE22_GestureSTTL-116721] Executing SelectTestToRun function:
2016-01-28 03:50:40,505 DEBUG [EBRE22_GestureSTTL-116721] Successfull in selecting clicking the category
2016-01-28 03:50:40,505 DEBUG [EBRE22_GestureSTTL-116721] TestStepResult of SelectTestToRun: pass
2016-01-28 03:50:40,505 DEBUG [EBRE22_GestureSTTL-116721] In execute keyword function
2016-01-28 03:50:40,505 DEBUG [EBRE22_GestureSTTL-116721] Executing validate_Text_Exists function:
2016-01-28 03:50:40,750 DEBUG [EBRE22_GestureSTTL-116721] VT187-0160h Testcase Text found
2016-01-28 03:50:40,751 DEBUG [EBRE22_GestureSTTL-116721] Result of validate_Text_Exists: Pass
2016-01-28 03:50:40,751 DEBUG [EBRE22_GestureSTTL-116721] In execute keyword function
2016-01-28 03:50:40,751 DEBUG [EBRE22_GestureSTTL-116721] Executing ClickRunTest function:
2016-01-28 03:50:41,078 DEBUG [EBRE22_GestureSTTL-116721] Executing Click function
2016-01-28 03:50:42,119 DEBUG [EBRE22_GestureSTTL-116721] Exiting Click function
2016-01-28 03:50:42,119 DEBUG [EBRE22_GestureSTTL-116721] runtest_top_xpath Button clicked Successfully
2016-01-28 03:50:42,119 DEBUG [EBRE22_GestureSTTL-116721] TestStepResult of ClickRunTest: pass
2016-01-28 03:50:42,119 DEBUG [EBRE22_GestureSTTL-116721] In execute keyword function
2016-01-28 03:50:42,119 DEBUG [EBRE22_GestureSTTL-116721] Executing DrawGesture function:
2016-01-28 03:50:42,119 DEBUG [EBRE22_GestureSTTL-116721] Started executeCommandLine function
2016-01-28 03:50:46,141 DEBUG [EBRE22_GestureSTTL-116721] Gesture hold drawn successfully
2016-01-28 03:50:46,141 DEBUG [EBRE22_GestureSTTL-116721] TestStepResult of DrawGesture: Pass
2016-01-28 03:50:46,141 DEBUG [EBRE22_GestureSTTL-116721] In execute keyword function
2016-01-28 03:50:46,141 DEBUG [EBRE22_GestureSTTL-116721] Executing validate_PageTitle function:
2016-01-28 03:50:47,158 DEBUG [EBRE22_GestureSTTL-116721] The title of the page is *********************************: Hold Gesture
2016-01-28 03:50:47,159 DEBUG [EBRE22_GestureSTTL-116721] The page title found is incorrect
2016-01-28 03:50:47,159 DEBUG [EBRE22_GestureSTTL-116721] Result of validate_PageTitle: fail
2016-01-28 03:50:47,159 DEBUG [EBRE22_GestureSTTL-116721] allstep_result contains: PasspasspassPassPassPassPassPassnull
2016-01-28 03:50:47,159 DEBUG [EBRE22_GestureSTTL-116721] allexpected_result contains: nullfailnullPassnullpassnullpassnullpassnull
2016-01-28 03:50:47,159 DEBUG [EBRE22_GestureSTTL-116721] Testcase_Result contains: nullfailnullPassnullpassnullpassnullpassnullPasspasspassPassPassPassPassPassnull
2016-01-28 03:50:47,159 DEBUG [EBRE22_GestureSTTL-116721] Test case with description Gesture event as HTTP URL Fail
2016-01-28 03:50:48,155 DEBUG [EBRE22_GestureSTTL-116721] Executing browser_Quit function
2016-01-28 03:50:48,155 DEBUG [EBRE22_GestureSTTL-116721] Completed browser_Quit function
2016-01-28 03:50:48,155 DEBUG [EBRE22_GestureSTTL-116721] Completed quitSelendroid function
2016-01-28 03:50:48,155 DEBUG [EBRE22_GestureSTTL-116721] Row number:14
