2016-01-28 03:45:08,336 DEBUG [EBRE22_GestureSTTL-116712] Executing Test Case ID: STTL-116712
2016-01-28 03:45:08,344 DEBUG [EBRE22_GestureSTTL-116712] Executing Init_Selendroid function with APK as parameter and clear data value with 1
2016-01-28 03:45:18,767 DEBUG [EBRE22_GestureSTTL-116712] Exiting Init_Selendroid function
2016-01-28 03:45:18,781 DEBUG [EBRE22_GestureSTTL-116712] TestCase with Description "Linear Gesture with JSON event" Execution started
2016-01-28 03:45:18,781 DEBUG [EBRE22_GestureSTTL-116712] In execute keyword function
2016-01-28 03:45:18,781 DEBUG [EBRE22_GestureSTTL-116712] Executing wait function:
2016-01-28 03:45:18,781 DEBUG [EBRE22_GestureSTTL-116712] Started Executing wait function
2016-01-28 03:45:22,781 DEBUG [EBRE22_GestureSTTL-116712] Exiting from wait function
2016-01-28 03:45:22,781 DEBUG [EBRE22_GestureSTTL-116712] TestStepResult of wait: Pass
2016-01-28 03:45:22,781 DEBUG [EBRE22_GestureSTTL-116712] In execute keyword function
2016-01-28 03:45:22,781 DEBUG [EBRE22_GestureSTTL-116712] Executing validate_PageTitle function:
2016-01-28 03:45:22,824 DEBUG [EBRE22_GestureSTTL-116712] The title of the page is *********************************: RE 2.2 Tests
2016-01-28 03:45:22,824 DEBUG [EBRE22_GestureSTTL-116712] The page title found is correct
2016-01-28 03:45:22,824 DEBUG [EBRE22_GestureSTTL-116712] Result of validate_PageTitle: pass
2016-01-28 03:45:22,824 DEBUG [EBRE22_GestureSTTL-116712] In execute keyword function
2016-01-28 03:45:22,824 DEBUG [EBRE22_GestureSTTL-116712] Executing link_Click function:
2016-01-28 03:45:23,446 DEBUG [EBRE22_GestureSTTL-116712] Executing Click function
2016-01-28 03:45:24,506 DEBUG [EBRE22_GestureSTTL-116712] Exiting Click function
2016-01-28 03:45:24,506 DEBUG [EBRE22_GestureSTTL-116712] gesture22_test_link clicked successfully
2016-01-28 03:45:24,506 DEBUG [EBRE22_GestureSTTL-116712] TestStepResult of link_Click: Pass
2016-01-28 03:45:24,507 DEBUG [EBRE22_GestureSTTL-116712] In execute keyword function
2016-01-28 03:45:24,507 DEBUG [EBRE22_GestureSTTL-116712] Executing wait function:
2016-01-28 03:45:24,507 DEBUG [EBRE22_GestureSTTL-116712] Started Executing wait function
2016-01-28 03:45:26,507 DEBUG [EBRE22_GestureSTTL-116712] Exiting from wait function
2016-01-28 03:45:26,507 DEBUG [EBRE22_GestureSTTL-116712] TestStepResult of wait: Pass
2016-01-28 03:45:26,507 DEBUG [EBRE22_GestureSTTL-116712] In execute keyword function
2016-01-28 03:45:26,507 DEBUG [EBRE22_GestureSTTL-116712] Executing validate_PageTitle function:
2016-01-28 03:45:26,542 DEBUG [EBRE22_GestureSTTL-116712] The title of the page is *********************************: Gesture Index
2016-01-28 03:45:26,542 DEBUG [EBRE22_GestureSTTL-116712] The page title found is correct
2016-01-28 03:45:26,542 DEBUG [EBRE22_GestureSTTL-116712] Result of validate_PageTitle: pass
2016-01-28 03:45:26,542 DEBUG [EBRE22_GestureSTTL-116712] In execute keyword function
2016-01-28 03:45:26,542 DEBUG [EBRE22_GestureSTTL-116712] Executing link_Click function:
2016-01-28 03:45:26,874 DEBUG [EBRE22_GestureSTTL-116712] Executing Click function
2016-01-28 03:45:27,809 DEBUG [EBRE22_GestureSTTL-116712] Exiting Click function
2016-01-28 03:45:27,809 DEBUG [EBRE22_GestureSTTL-116712] lineargesture22_test_link clicked successfully
2016-01-28 03:45:27,809 DEBUG [EBRE22_GestureSTTL-116712] TestStepResult of link_Click: Pass
2016-01-28 03:45:27,809 DEBUG [EBRE22_GestureSTTL-116712] In execute keyword function
2016-01-28 03:45:27,809 DEBUG [EBRE22_GestureSTTL-116712] Executing wait function:
2016-01-28 03:45:27,809 DEBUG [EBRE22_GestureSTTL-116712] Started Executing wait function
2016-01-28 03:45:29,809 DEBUG [EBRE22_GestureSTTL-116712] Exiting from wait function
2016-01-28 03:45:29,809 DEBUG [EBRE22_GestureSTTL-116712] TestStepResult of wait: Pass
2016-01-28 03:45:29,809 DEBUG [EBRE22_GestureSTTL-116712] In execute keyword function
2016-01-28 03:45:29,809 DEBUG [EBRE22_GestureSTTL-116712] Executing validate_PageTitle function:
2016-01-28 03:45:29,854 DEBUG [EBRE22_GestureSTTL-116712] The title of the page is *********************************: Linear Gesture
2016-01-28 03:45:29,854 DEBUG [EBRE22_GestureSTTL-116712] The page title found is correct
2016-01-28 03:45:29,854 DEBUG [EBRE22_GestureSTTL-116712] Result of validate_PageTitle: pass
2016-01-28 03:45:29,854 DEBUG [EBRE22_GestureSTTL-116712] In execute keyword function
2016-01-28 03:45:29,854 DEBUG [EBRE22_GestureSTTL-116712] Executing SelectTestToRun function:
2016-01-28 03:45:33,205 DEBUG [EBRE22_GestureSTTL-116712] Successfull in selecting clicking the category
2016-01-28 03:45:33,205 DEBUG [EBRE22_GestureSTTL-116712] TestStepResult of SelectTestToRun: pass
2016-01-28 03:45:33,205 DEBUG [EBRE22_GestureSTTL-116712] In execute keyword function
2016-01-28 03:45:33,205 DEBUG [EBRE22_GestureSTTL-116712] Executing validate_Text_Exists function:
2016-01-28 03:45:33,498 DEBUG [EBRE22_GestureSTTL-116712] VT187-0151 Testcase Text found
2016-01-28 03:45:33,498 DEBUG [EBRE22_GestureSTTL-116712] Result of validate_Text_Exists: Pass
2016-01-28 03:45:33,498 DEBUG [EBRE22_GestureSTTL-116712] In execute keyword function
2016-01-28 03:45:33,498 DEBUG [EBRE22_GestureSTTL-116712] Executing ClickRunTest function:
2016-01-28 03:45:33,808 DEBUG [EBRE22_GestureSTTL-116712] Executing Click function
2016-01-28 03:45:34,772 DEBUG [EBRE22_GestureSTTL-116712] Exiting Click function
2016-01-28 03:45:34,772 DEBUG [EBRE22_GestureSTTL-116712] runtest_top_xpath Button clicked Successfully
2016-01-28 03:45:34,772 DEBUG [EBRE22_GestureSTTL-116712] TestStepResult of ClickRunTest: pass
2016-01-28 03:45:34,772 DEBUG [EBRE22_GestureSTTL-116712] In execute keyword function
2016-01-28 03:45:34,772 DEBUG [EBRE22_GestureSTTL-116712] Executing DrawGesture function:
2016-01-28 03:45:34,772 DEBUG [EBRE22_GestureSTTL-116712] Started executeCommandLine function
2016-01-28 03:45:38,793 DEBUG [EBRE22_GestureSTTL-116712] Gesture linear drawn successfully
2016-01-28 03:45:38,793 DEBUG [EBRE22_GestureSTTL-116712] TestStepResult of DrawGesture: Pass
2016-01-28 03:45:38,793 DEBUG [EBRE22_GestureSTTL-116712] In execute keyword function
2016-01-28 03:45:38,793 DEBUG [EBRE22_GestureSTTL-116712] Executing validate_Result function:
2016-01-28 03:45:39,093 DEBUG [EBRE22_GestureSTTL-116712] Gesture with json event detected for 1th time Text found in Gesture with json event detected for 1th time.
Gesture ID: My Linear Gesture, Count: 0
2016-01-28 03:45:39,094 DEBUG [EBRE22_GestureSTTL-116712] Result of validate_Result: Pass
2016-01-28 03:45:39,094 DEBUG [EBRE22_GestureSTTL-116712] In execute keyword function
2016-01-28 03:45:39,094 DEBUG [EBRE22_GestureSTTL-116712] Executing validate_Result function:
2016-01-28 03:45:39,239 DEBUG [EBRE22_GestureSTTL-116712] My Linear Gesture Text found in Gesture with json event detected for 1th time.
Gesture ID: My Linear Gesture, Count: 0
2016-01-28 03:45:39,239 DEBUG [EBRE22_GestureSTTL-116712] Result of validate_Result: Pass
2016-01-28 03:45:39,239 DEBUG [EBRE22_GestureSTTL-116712] In execute keyword function
2016-01-28 03:45:39,239 DEBUG [EBRE22_GestureSTTL-116712] Executing DrawGesture function:
2016-01-28 03:45:39,239 DEBUG [EBRE22_GestureSTTL-116712] Started executeCommandLine function
2016-01-28 03:45:43,261 DEBUG [EBRE22_GestureSTTL-116712] Gesture linear drawn successfully
2016-01-28 03:45:43,261 DEBUG [EBRE22_GestureSTTL-116712] TestStepResult of DrawGesture: Pass
2016-01-28 03:45:43,261 DEBUG [EBRE22_GestureSTTL-116712] In execute keyword function
2016-01-28 03:45:43,261 DEBUG [EBRE22_GestureSTTL-116712] Executing validate_Result function:
2016-01-28 03:45:43,432 DEBUG [EBRE22_GestureSTTL-116712] Gesture with json event detected for 2th time Text found in Gesture with json event detected for 2th time.
Gesture ID: My Linear Gesture, Count: 0
2016-01-28 03:45:43,432 DEBUG [EBRE22_GestureSTTL-116712] Result of validate_Result: Pass
2016-01-28 03:45:43,432 DEBUG [EBRE22_GestureSTTL-116712] In execute keyword function
2016-01-28 03:45:43,432 DEBUG [EBRE22_GestureSTTL-116712] Executing validate_Result function:
2016-01-28 03:45:43,603 DEBUG [EBRE22_GestureSTTL-116712] My Linear Gesture Text found in Gesture with json event detected for 2th time.
Gesture ID: My Linear Gesture, Count: 0
2016-01-28 03:45:43,603 DEBUG [EBRE22_GestureSTTL-116712] Result of validate_Result: Pass
2016-01-28 03:45:43,603 DEBUG [EBRE22_GestureSTTL-116712] allstep_result contains: PassPasspasspassPassPassPassPassPassnull
2016-01-28 03:45:43,603 DEBUG [EBRE22_GestureSTTL-116712] allexpected_result contains: nullPassPassnullPassPassnullPassnullpassnullpassnullpassnull
2016-01-28 03:45:43,603 DEBUG [EBRE22_GestureSTTL-116712] Testcase_Result contains: nullPassPassnullPassPassnullPassnullpassnullpassnullpassnullPassPasspasspassPassPassPassPassPassnull
2016-01-28 03:45:43,603 DEBUG [EBRE22_GestureSTTL-116712] Test case with description Linear Gesture with JSON event Pass
2016-01-28 03:45:44,605 DEBUG [EBRE22_GestureSTTL-116712] Executing browser_Quit function
2016-01-28 03:45:44,605 DEBUG [EBRE22_GestureSTTL-116712] Completed browser_Quit function
2016-01-28 03:45:44,605 DEBUG [EBRE22_GestureSTTL-116712] Completed quitSelendroid function
2016-01-28 03:45:44,606 DEBUG [EBRE22_GestureSTTL-116712] Row number:13
2016-01-28 03:45:44,642 DEBUG [EBRE22_GestureSTTL-116712] Ending Test Case IDSTTL-116712
