2016-01-28 03:50:48,204 DEBUG [EBRE22_GestureSTTL-116722] Executing Test Case ID: STTL-116722
2016-01-28 03:50:48,210 DEBUG [EBRE22_GestureSTTL-116722] Executing Init_Selendroid function with APK as parameter and clear data value with 1
2016-01-28 03:50:58,211 DEBUG [EBRE22_GestureSTTL-116722] Exiting Init_Selendroid function
2016-01-28 03:50:58,226 DEBUG [EBRE22_GestureSTTL-116722] TestCase with Description "Delete gesture" Execution started
2016-01-28 03:50:58,226 DEBUG [EBRE22_GestureSTTL-116722] In execute keyword function
2016-01-28 03:50:58,226 DEBUG [EBRE22_GestureSTTL-116722] Executing wait function:
2016-01-28 03:50:58,226 DEBUG [EBRE22_GestureSTTL-116722] Started Executing wait function
2016-01-28 03:51:02,226 DEBUG [EBRE22_GestureSTTL-116722] Exiting from wait function
2016-01-28 03:51:02,226 DEBUG [EBRE22_GestureSTTL-116722] TestStepResult of wait: Pass
2016-01-28 03:51:02,226 DEBUG [EBRE22_GestureSTTL-116722] In execute keyword function
2016-01-28 03:51:02,226 DEBUG [EBRE22_GestureSTTL-116722] Executing validate_PageTitle function:
2016-01-28 03:51:02,267 DEBUG [EBRE22_GestureSTTL-116722] The title of the page is *********************************: RE 2.2 Tests
2016-01-28 03:51:02,267 DEBUG [EBRE22_GestureSTTL-116722] The page title found is correct
2016-01-28 03:51:02,267 DEBUG [EBRE22_GestureSTTL-116722] Result of validate_PageTitle: pass
2016-01-28 03:51:02,267 DEBUG [EBRE22_GestureSTTL-116722] In execute keyword function
2016-01-28 03:51:02,267 DEBUG [EBRE22_GestureSTTL-116722] Executing link_Click function:
2016-01-28 03:51:02,842 DEBUG [EBRE22_GestureSTTL-116722] Executing Click function
2016-01-28 03:51:03,925 DEBUG [EBRE22_GestureSTTL-116722] Exiting Click function
2016-01-28 03:51:03,925 DEBUG [EBRE22_GestureSTTL-116722] gesture22_test_link clicked successfully
2016-01-28 03:51:03,925 DEBUG [EBRE22_GestureSTTL-116722] TestStepResult of link_Click: Pass
2016-01-28 03:51:03,925 DEBUG [EBRE22_GestureSTTL-116722] In execute keyword function
2016-01-28 03:51:03,925 DEBUG [EBRE22_GestureSTTL-116722] Executing wait function:
2016-01-28 03:51:03,925 DEBUG [EBRE22_GestureSTTL-116722] Started Executing wait function
2016-01-28 03:51:05,925 DEBUG [EBRE22_GestureSTTL-116722] Exiting from wait function
2016-01-28 03:51:05,925 DEBUG [EBRE22_GestureSTTL-116722] TestStepResult of wait: Pass
2016-01-28 03:51:05,925 DEBUG [EBRE22_GestureSTTL-116722] In execute keyword function
2016-01-28 03:51:05,925 DEBUG [EBRE22_GestureSTTL-116722] Executing validate_PageTitle function:
2016-01-28 03:51:05,957 DEBUG [EBRE22_GestureSTTL-116722] The title of the page is *********************************: Gesture Index
2016-01-28 03:51:05,958 DEBUG [EBRE22_GestureSTTL-116722] The page title found is correct
2016-01-28 03:51:05,958 DEBUG [EBRE22_GestureSTTL-116722] Result of validate_PageTitle: pass
2016-01-28 03:51:05,958 DEBUG [EBRE22_GestureSTTL-116722] In execute keyword function
2016-01-28 03:51:05,958 DEBUG [EBRE22_GestureSTTL-116722] Executing link_Click function:
2016-01-28 03:51:06,321 DEBUG [EBRE22_GestureSTTL-116722] Executing Click function
2016-01-28 03:51:07,268 DEBUG [EBRE22_GestureSTTL-116722] Exiting Click function
2016-01-28 03:51:07,268 DEBUG [EBRE22_GestureSTTL-116722] holdgesture22_test_link clicked successfully
2016-01-28 03:51:07,268 DEBUG [EBRE22_GestureSTTL-116722] TestStepResult of link_Click: Pass
2016-01-28 03:51:07,268 DEBUG [EBRE22_GestureSTTL-116722] In execute keyword function
2016-01-28 03:51:07,268 DEBUG [EBRE22_GestureSTTL-116722] Executing wait function:
2016-01-28 03:51:07,268 DEBUG [EBRE22_GestureSTTL-116722] Started Executing wait function
2016-01-28 03:51:09,268 DEBUG [EBRE22_GestureSTTL-116722] Exiting from wait function
2016-01-28 03:51:09,268 DEBUG [EBRE22_GestureSTTL-116722] TestStepResult of wait: Pass
2016-01-28 03:51:09,268 DEBUG [EBRE22_GestureSTTL-116722] In execute keyword function
2016-01-28 03:51:09,268 DEBUG [EBRE22_GestureSTTL-116722] Executing validate_PageTitle function:
2016-01-28 03:51:09,303 DEBUG [EBRE22_GestureSTTL-116722] The title of the page is *********************************: Hold Gesture
2016-01-28 03:51:09,304 DEBUG [EBRE22_GestureSTTL-116722] The page title found is correct
2016-01-28 03:51:09,304 DEBUG [EBRE22_GestureSTTL-116722] Result of validate_PageTitle: pass
2016-01-28 03:51:09,304 DEBUG [EBRE22_GestureSTTL-116722] In execute keyword function
2016-01-28 03:51:09,304 DEBUG [EBRE22_GestureSTTL-116722] Executing SelectTestToRun function:
2016-01-28 03:51:12,366 DEBUG [EBRE22_GestureSTTL-116722] Successfull in selecting clicking the category
2016-01-28 03:51:12,366 DEBUG [EBRE22_GestureSTTL-116722] TestStepResult of SelectTestToRun: pass
2016-01-28 03:51:12,366 DEBUG [EBRE22_GestureSTTL-116722] In execute keyword function
2016-01-28 03:51:12,366 DEBUG [EBRE22_GestureSTTL-116722] Executing validate_Text_Exists function:
2016-01-28 03:51:12,658 DEBUG [EBRE22_GestureSTTL-116722] VT187-0164h Testcase Text found
2016-01-28 03:51:12,658 DEBUG [EBRE22_GestureSTTL-116722] Result of validate_Text_Exists: Pass
2016-01-28 03:51:12,659 DEBUG [EBRE22_GestureSTTL-116722] In execute keyword function
2016-01-28 03:51:12,659 DEBUG [EBRE22_GestureSTTL-116722] Executing ClickRunTest function:
2016-01-28 03:51:13,026 DEBUG [EBRE22_GestureSTTL-116722] Executing Click function
2016-01-28 03:51:14,047 DEBUG [EBRE22_GestureSTTL-116722] Exiting Click function
2016-01-28 03:51:14,047 DEBUG [EBRE22_GestureSTTL-116722] runtest_top_xpath Button clicked Successfully
2016-01-28 03:51:14,047 DEBUG [EBRE22_GestureSTTL-116722] TestStepResult of ClickRunTest: pass
2016-01-28 03:51:14,047 DEBUG [EBRE22_GestureSTTL-116722] In execute keyword function
2016-01-28 03:51:14,047 DEBUG [EBRE22_GestureSTTL-116722] Executing DrawGesture function:
2016-01-28 03:51:14,047 DEBUG [EBRE22_GestureSTTL-116722] Started executeCommandLine function
2016-01-28 03:51:20,892 DEBUG [EBRE22_GestureSTTL-116722] Gesture hold drawn successfully
2016-01-28 03:51:20,892 DEBUG [EBRE22_GestureSTTL-116722] TestStepResult of DrawGesture: Pass
2016-01-28 03:51:20,892 DEBUG [EBRE22_GestureSTTL-116722] In execute keyword function
2016-01-28 03:51:20,892 DEBUG [EBRE22_GestureSTTL-116722] Executing validate_Result function:
2016-01-28 03:51:21,138 DEBUG [EBRE22_GestureSTTL-116722] Gesture detected for 3th time Text found in Gesture detected for 3th time.
Gesture ID: hold-center, Count: 0
2016-01-28 03:51:21,138 DEBUG [EBRE22_GestureSTTL-116722] Result of validate_Result: Pass
2016-01-28 03:51:21,139 DEBUG [EBRE22_GestureSTTL-116722] In execute keyword function
2016-01-28 03:51:21,139 DEBUG [EBRE22_GestureSTTL-116722] Executing validate_Result function:
2016-01-28 03:51:21,292 DEBUG [EBRE22_GestureSTTL-116722] hold-center Text found in Gesture detected for 3th time.
Gesture ID: hold-center, Count: 0
2016-01-28 03:51:21,292 DEBUG [EBRE22_GestureSTTL-116722] Result of validate_Result: Pass
2016-01-28 03:51:21,292 DEBUG [EBRE22_GestureSTTL-116722] In execute keyword function
2016-01-28 03:51:21,292 DEBUG [EBRE22_GestureSTTL-116722] Executing ClickRunTest function:
2016-01-28 03:51:21,599 DEBUG [EBRE22_GestureSTTL-116722] Executing Click function
2016-01-28 03:51:22,589 DEBUG [EBRE22_GestureSTTL-116722] Exiting Click function
2016-01-28 03:51:22,589 DEBUG [EBRE22_GestureSTTL-116722] deleteButton_xpath Button clicked Successfully
2016-01-28 03:51:22,589 DEBUG [EBRE22_GestureSTTL-116722] TestStepResult of ClickRunTest: pass
2016-01-28 03:51:22,589 DEBUG [EBRE22_GestureSTTL-116722] In execute keyword function
2016-01-28 03:51:22,589 DEBUG [EBRE22_GestureSTTL-116722] Executing DrawGesture function:
2016-01-28 03:51:22,589 DEBUG [EBRE22_GestureSTTL-116722] Started executeCommandLine function
2016-01-28 03:51:29,464 DEBUG [EBRE22_GestureSTTL-116722] Gesture hold drawn successfully
2016-01-28 03:51:29,464 DEBUG [EBRE22_GestureSTTL-116722] TestStepResult of DrawGesture: Pass
2016-01-28 03:51:29,464 DEBUG [EBRE22_GestureSTTL-116722] In execute keyword function
2016-01-28 03:51:29,464 DEBUG [EBRE22_GestureSTTL-116722] Executing validate_Result function:
2016-01-28 03:51:29,624 DEBUG [EBRE22_GestureSTTL-116722] Gesture detected for 3th time Text found in Gesture detected for 3th time.
Gesture ID: hold-center, Count: 0
2016-01-28 03:51:29,624 DEBUG [EBRE22_GestureSTTL-116722] Result of validate_Result: Pass
2016-01-28 03:51:29,624 DEBUG [EBRE22_GestureSTTL-116722] In execute keyword function
2016-01-28 03:51:29,624 DEBUG [EBRE22_GestureSTTL-116722] Executing validate_Result function:
2016-01-28 03:51:29,766 DEBUG [EBRE22_GestureSTTL-116722] hold-center Text found in Gesture detected for 3th time.
Gesture ID: hold-center, Count: 0
2016-01-28 03:51:29,766 DEBUG [EBRE22_GestureSTTL-116722] Result of validate_Result: Pass
2016-01-28 03:51:29,766 DEBUG [EBRE22_GestureSTTL-116722] allstep_result contains: PasspassPasspasspassPassPassPassPassPassnull
2016-01-28 03:51:29,766 DEBUG [EBRE22_GestureSTTL-116722] allexpected_result contains: nullPassPassnullPassPassnullPassnullpassnullpassnullpassnull
2016-01-28 03:51:29,767 DEBUG [EBRE22_GestureSTTL-116722] Testcase_Result contains: nullPassPassnullPassPassnullPassnullpassnullpassnullpassnullPasspassPasspasspassPassPassPassPassPassnull
2016-01-28 03:51:29,767 DEBUG [EBRE22_GestureSTTL-116722] Test case with description Delete gesture Pass
2016-01-28 03:51:30,745 DEBUG [EBRE22_GestureSTTL-116722] Executing browser_Quit function
2016-01-28 03:51:30,745 DEBUG [EBRE22_GestureSTTL-116722] Completed browser_Quit function
2016-01-28 03:51:30,745 DEBUG [EBRE22_GestureSTTL-116722] Completed quitSelendroid function
2016-01-28 03:51:30,746 DEBUG [EBRE22_GestureSTTL-116722] Row number:15
2016-01-28 03:51:30,782 DEBUG [EBRE22_GestureSTTL-116722] Ending Test Case IDSTTL-116722
