2016-01-28 03:41:06,148 DEBUG [EBRE22_GestureSTTL-116706] Executing Test Case ID: STTL-116706
2016-01-28 03:41:06,154 DEBUG [EBRE22_GestureSTTL-116706] Executing Init_Selendroid function with APK as parameter and clear data value with 1
2016-01-28 03:41:16,652 DEBUG [EBRE22_GestureSTTL-116706] Exiting Init_Selendroid function
2016-01-28 03:41:16,666 DEBUG [EBRE22_GestureSTTL-116706] TestCase with Description "Linear gesture - preset:top-bottom" Execution started
2016-01-28 03:41:16,666 DEBUG [EBRE22_GestureSTTL-116706] In execute keyword function
2016-01-28 03:41:16,666 DEBUG [EBRE22_GestureSTTL-116706] Executing wait function:
2016-01-28 03:41:16,666 DEBUG [EBRE22_GestureSTTL-116706] Started Executing wait function
2016-01-28 03:41:20,666 DEBUG [EBRE22_GestureSTTL-116706] Exiting from wait function
2016-01-28 03:41:20,666 DEBUG [EBRE22_GestureSTTL-116706] TestStepResult of wait: Pass
2016-01-28 03:41:20,666 DEBUG [EBRE22_GestureSTTL-116706] In execute keyword function
2016-01-28 03:41:20,666 DEBUG [EBRE22_GestureSTTL-116706] Executing validate_PageTitle function:
2016-01-28 03:41:20,705 DEBUG [EBRE22_GestureSTTL-116706] The title of the page is *********************************: RE 2.2 Tests
2016-01-28 03:41:20,705 DEBUG [EBRE22_GestureSTTL-116706] The page title found is correct
2016-01-28 03:41:20,705 DEBUG [EBRE22_GestureSTTL-116706] Result of validate_PageTitle: pass
2016-01-28 03:41:20,706 DEBUG [EBRE22_GestureSTTL-116706] In execute keyword function
2016-01-28 03:41:20,706 DEBUG [EBRE22_GestureSTTL-116706] Executing link_Click function:
2016-01-28 03:41:21,420 DEBUG [EBRE22_GestureSTTL-116706] Executing Click function
2016-01-28 03:41:22,506 DEBUG [EBRE22_GestureSTTL-116706] Exiting Click function
2016-01-28 03:41:22,506 DEBUG [EBRE22_GestureSTTL-116706] gesture22_test_link clicked successfully
2016-01-28 03:41:22,506 DEBUG [EBRE22_GestureSTTL-116706] TestStepResult of link_Click: Pass
2016-01-28 03:41:22,506 DEBUG [EBRE22_GestureSTTL-116706] In execute keyword function
2016-01-28 03:41:22,506 DEBUG [EBRE22_GestureSTTL-116706] Executing wait function:
2016-01-28 03:41:22,506 DEBUG [EBRE22_GestureSTTL-116706] Started Executing wait function
2016-01-28 03:41:24,507 DEBUG [EBRE22_GestureSTTL-116706] Exiting from wait function
2016-01-28 03:41:24,507 DEBUG [EBRE22_GestureSTTL-116706] TestStepResult of wait: Pass
2016-01-28 03:41:24,507 DEBUG [EBRE22_GestureSTTL-116706] In execute keyword function
2016-01-28 03:41:24,507 DEBUG [EBRE22_GestureSTTL-116706] Executing validate_PageTitle function:
2016-01-28 03:41:24,542 DEBUG [EBRE22_GestureSTTL-116706] The title of the page is *********************************: Gesture Index
2016-01-28 03:41:24,542 DEBUG [EBRE22_GestureSTTL-116706] The page title found is correct
2016-01-28 03:41:24,542 DEBUG [EBRE22_GestureSTTL-116706] Result of validate_PageTitle: pass
2016-01-28 03:41:24,542 DEBUG [EBRE22_GestureSTTL-116706] In execute keyword function
2016-01-28 03:41:24,542 DEBUG [EBRE22_GestureSTTL-116706] Executing link_Click function:
2016-01-28 03:41:24,888 DEBUG [EBRE22_GestureSTTL-116706] Executing Click function
2016-01-28 03:41:25,808 DEBUG [EBRE22_GestureSTTL-116706] Exiting Click function
2016-01-28 03:41:25,808 DEBUG [EBRE22_GestureSTTL-116706] lineargesture22_test_link clicked successfully
2016-01-28 03:41:25,808 DEBUG [EBRE22_GestureSTTL-116706] TestStepResult of link_Click: Pass
2016-01-28 03:41:25,808 DEBUG [EBRE22_GestureSTTL-116706] In execute keyword function
2016-01-28 03:41:25,808 DEBUG [EBRE22_GestureSTTL-116706] Executing wait function:
2016-01-28 03:41:25,808 DEBUG [EBRE22_GestureSTTL-116706] Started Executing wait function
2016-01-28 03:41:27,808 DEBUG [EBRE22_GestureSTTL-116706] Exiting from wait function
2016-01-28 03:41:27,808 DEBUG [EBRE22_GestureSTTL-116706] TestStepResult of wait: Pass
2016-01-28 03:41:27,808 DEBUG [EBRE22_GestureSTTL-116706] In execute keyword function
2016-01-28 03:41:27,808 DEBUG [EBRE22_GestureSTTL-116706] Executing validate_PageTitle function:
2016-01-28 03:41:27,847 DEBUG [EBRE22_GestureSTTL-116706] The title of the page is *********************************: Linear Gesture
2016-01-28 03:41:27,848 DEBUG [EBRE22_GestureSTTL-116706] The page title found is correct
2016-01-28 03:41:27,848 DEBUG [EBRE22_GestureSTTL-116706] Result of validate_PageTitle: pass
2016-01-28 03:41:27,848 DEBUG [EBRE22_GestureSTTL-116706] In execute keyword function
2016-01-28 03:41:27,848 DEBUG [EBRE22_GestureSTTL-116706] Executing SelectTestToRun function:
2016-01-28 03:41:30,612 DEBUG [EBRE22_GestureSTTL-116706] Successfull in selecting clicking the category
2016-01-28 03:41:30,612 DEBUG [EBRE22_GestureSTTL-116706] TestStepResult of SelectTestToRun: pass
2016-01-28 03:41:30,612 DEBUG [EBRE22_GestureSTTL-116706] In execute keyword function
2016-01-28 03:41:30,612 DEBUG [EBRE22_GestureSTTL-116706] Executing validate_Text_Exists function:
2016-01-28 03:41:30,913 DEBUG [EBRE22_GestureSTTL-116706] VT187-0016 Testcase Text found
2016-01-28 03:41:30,913 DEBUG [EBRE22_GestureSTTL-116706] Result of validate_Text_Exists: Pass
2016-01-28 03:41:30,913 DEBUG [EBRE22_GestureSTTL-116706] In execute keyword function
2016-01-28 03:41:30,913 DEBUG [EBRE22_GestureSTTL-116706] Executing ClickRunTest function:
2016-01-28 03:41:31,244 DEBUG [EBRE22_GestureSTTL-116706] Executing Click function
2016-01-28 03:41:32,244 DEBUG [EBRE22_GestureSTTL-116706] Exiting Click function
2016-01-28 03:41:32,244 DEBUG [EBRE22_GestureSTTL-116706] runtest_top_xpath Button clicked Successfully
2016-01-28 03:41:32,244 DEBUG [EBRE22_GestureSTTL-116706] TestStepResult of ClickRunTest: pass
2016-01-28 03:41:32,244 DEBUG [EBRE22_GestureSTTL-116706] In execute keyword function
2016-01-28 03:41:32,244 DEBUG [EBRE22_GestureSTTL-116706] Executing DrawGesture function:
2016-01-28 03:41:32,244 DEBUG [EBRE22_GestureSTTL-116706] Started executeCommandLine function
2016-01-28 03:41:36,265 DEBUG [EBRE22_GestureSTTL-116706] Started executeCommandLine function
2016-01-28 03:41:40,286 DEBUG [EBRE22_GestureSTTL-116706] Gesture top-bottom drawn successfully
2016-01-28 03:41:40,286 DEBUG [EBRE22_GestureSTTL-116706] TestStepResult of DrawGesture: Pass
2016-01-28 03:41:40,286 DEBUG [EBRE22_GestureSTTL-116706] In execute keyword function
2016-01-28 03:41:40,286 DEBUG [EBRE22_GestureSTTL-116706] Executing validate_Result function:
2016-01-28 03:41:40,550 DEBUG [EBRE22_GestureSTTL-116706] Gesture detected for 1th time Text found in Gesture detected for 1th time.
Gesture ID: My Linear Gesture, Count: 0
2016-01-28 03:41:40,550 DEBUG [EBRE22_GestureSTTL-116706] Result of validate_Result: Pass
2016-01-28 03:41:40,550 DEBUG [EBRE22_GestureSTTL-116706] In execute keyword function
2016-01-28 03:41:40,550 DEBUG [EBRE22_GestureSTTL-116706] Executing validate_Result function:
2016-01-28 03:41:40,676 DEBUG [EBRE22_GestureSTTL-116706] My Linear Gesture Text found in Gesture detected for 1th time.
Gesture ID: My Linear Gesture, Count: 0
2016-01-28 03:41:40,676 DEBUG [EBRE22_GestureSTTL-116706] Result of validate_Result: Pass
2016-01-28 03:41:40,677 DEBUG [EBRE22_GestureSTTL-116706] In execute keyword function
2016-01-28 03:41:40,677 DEBUG [EBRE22_GestureSTTL-116706] Executing DrawGesture function:
2016-01-28 03:41:40,677 DEBUG [EBRE22_GestureSTTL-116706] Started executeCommandLine function
2016-01-28 03:41:44,697 DEBUG [EBRE22_GestureSTTL-116706] Started executeCommandLine function
2016-01-28 03:41:48,717 DEBUG [EBRE22_GestureSTTL-116706] Gesture top-bottom drawn successfully
2016-01-28 03:41:48,717 DEBUG [EBRE22_GestureSTTL-116706] TestStepResult of DrawGesture: Pass
2016-01-28 03:41:48,717 DEBUG [EBRE22_GestureSTTL-116706] In execute keyword function
2016-01-28 03:41:48,717 DEBUG [EBRE22_GestureSTTL-116706] Executing validate_Result function:
2016-01-28 03:41:48,909 DEBUG [EBRE22_GestureSTTL-116706] Gesture detected for 2th time Text found in Gesture detected for 2th time.
Gesture ID: My Linear Gesture, Count: 0
2016-01-28 03:41:48,909 DEBUG [EBRE22_GestureSTTL-116706] Result of validate_Result: Pass
2016-01-28 03:41:48,909 DEBUG [EBRE22_GestureSTTL-116706] In execute keyword function
2016-01-28 03:41:48,909 DEBUG [EBRE22_GestureSTTL-116706] Executing validate_Result function:
2016-01-28 03:41:49,038 DEBUG [EBRE22_GestureSTTL-116706] My Linear Gesture Text found in Gesture detected for 2th time.
Gesture ID: My Linear Gesture, Count: 0
2016-01-28 03:41:49,038 DEBUG [EBRE22_GestureSTTL-116706] Result of validate_Result: Pass
2016-01-28 03:41:49,038 DEBUG [EBRE22_GestureSTTL-116706] allstep_result contains: PassPasspasspassPassPassPassPassPassnull
2016-01-28 03:41:49,038 DEBUG [EBRE22_GestureSTTL-116706] allexpected_result contains: nullPassPassnullPassPassnullPassnullpassnullpassnullpassnull
2016-01-28 03:41:49,038 DEBUG [EBRE22_GestureSTTL-116706] Testcase_Result contains: nullPassPassnullPassPassnullPassnullpassnullpassnullpassnullPassPasspasspassPassPassPassPassPassnull
2016-01-28 03:41:49,038 DEBUG [EBRE22_GestureSTTL-116706] Test case with description Linear gesture - preset:top-bottom Pass
2016-01-28 03:41:50,059 DEBUG [EBRE22_GestureSTTL-116706] Executing browser_Quit function
2016-01-28 03:41:50,059 DEBUG [EBRE22_GestureSTTL-116706] Completed browser_Quit function
2016-01-28 03:41:50,059 DEBUG [EBRE22_GestureSTTL-116706] Completed quitSelendroid function
2016-01-28 03:41:50,059 DEBUG [EBRE22_GestureSTTL-116706] Row number:7
2016-01-28 03:41:50,091 DEBUG [EBRE22_GestureSTTL-116706] Ending Test Case IDSTTL-116706
