2016-01-27 17:52:58,864 DEBUG [EBManual_Camera_JSSTTL-116706] Executing Test Case ID: STTL-116706
2016-01-27 17:52:58,878 DEBUG [EBManual_Camera_JSSTTL-116706] Executing Init_Selendroid function with APK as parameter and clear data value with 1
2016-01-27 17:53:08,938 DEBUG [EBManual_Camera_JSSTTL-116706] Exiting Init_Selendroid function
2016-01-27 17:53:08,958 DEBUG [EBManual_Camera_JSSTTL-116706] TestCase with Description "should choosePicture with callback and suspend the device" Execution started
2016-01-27 17:53:08,958 DEBUG [EBManual_Camera_JSSTTL-116706] In execute keyword function
2016-01-27 17:53:08,958 DEBUG [EBManual_Camera_JSSTTL-116706] Executing wait function:
2016-01-27 17:53:08,958 DEBUG [EBManual_Camera_JSSTTL-116706] Started Executing wait function
2016-01-27 17:53:13,958 DEBUG [EBManual_Camera_JSSTTL-116706] Exiting from wait function
2016-01-27 17:53:13,958 DEBUG [EBManual_Camera_JSSTTL-116706] TestStepResult of wait: Pass
2016-01-27 17:53:13,958 DEBUG [EBManual_Camera_JSSTTL-116706] In execute keyword function
2016-01-27 17:53:13,958 DEBUG [EBManual_Camera_JSSTTL-116706] Executing validate_PageTitle function:
2016-01-27 17:53:14,005 DEBUG [EBManual_Camera_JSSTTL-116706] The title of the page is *********************************: Manual specs
2016-01-27 17:53:14,005 DEBUG [EBManual_Camera_JSSTTL-116706] The page title found is correct
2016-01-27 17:53:14,005 DEBUG [EBManual_Camera_JSSTTL-116706] Result of validate_PageTitle: pass
2016-01-27 17:53:14,005 DEBUG [EBManual_Camera_JSSTTL-116706] In execute keyword function
2016-01-27 17:53:14,005 DEBUG [EBManual_Camera_JSSTTL-116706] Executing link_Click function:
2016-01-27 17:53:14,555 DEBUG [EBManual_Camera_JSSTTL-116706] Executing Click function
2016-01-27 17:53:15,585 DEBUG [EBManual_Camera_JSSTTL-116706] Exiting Click function
2016-01-27 17:53:15,586 DEBUG [EBManual_Camera_JSSTTL-116706] camera_main_link clicked successfully
2016-01-27 17:53:15,586 DEBUG [EBManual_Camera_JSSTTL-116706] TestStepResult of link_Click: Pass
2016-01-27 17:53:15,586 DEBUG [EBManual_Camera_JSSTTL-116706] In execute keyword function
2016-01-27 17:53:15,586 DEBUG [EBManual_Camera_JSSTTL-116706] Executing validate_PageTitle function:
2016-01-27 17:53:15,602 DEBUG [EBManual_Camera_JSSTTL-116706] The title of the page is *********************************: Camera Main Tests
2016-01-27 17:53:15,602 DEBUG [EBManual_Camera_JSSTTL-116706] The page title found is correct
2016-01-27 17:53:15,602 DEBUG [EBManual_Camera_JSSTTL-116706] Result of validate_PageTitle: pass
2016-01-27 17:53:15,602 DEBUG [EBManual_Camera_JSSTTL-116706] In execute keyword function
2016-01-27 17:53:15,602 DEBUG [EBManual_Camera_JSSTTL-116706] Executing SelectTestToRun function:
2016-01-27 17:53:23,228 DEBUG [EBManual_Camera_JSSTTL-116706] Successfull in selecting clicking the category
2016-01-27 17:53:23,228 DEBUG [EBManual_Camera_JSSTTL-116706] TestStepResult of SelectTestToRun: pass
2016-01-27 17:53:23,228 DEBUG [EBManual_Camera_JSSTTL-116706] In execute keyword function
2016-01-27 17:53:23,228 DEBUG [EBManual_Camera_JSSTTL-116706] Executing ClickRunTest function:
2016-01-27 17:53:23,595 DEBUG [EBManual_Camera_JSSTTL-116706] Executing Click function
2016-01-27 17:53:24,532 DEBUG [EBManual_Camera_JSSTTL-116706] Exiting Click function
2016-01-27 17:53:24,532 DEBUG [EBManual_Camera_JSSTTL-116706] runtest_top_xpath Button clicked Successfully
2016-01-27 17:53:24,532 DEBUG [EBManual_Camera_JSSTTL-116706] TestStepResult of ClickRunTest: pass
2016-01-27 17:53:24,532 DEBUG [EBManual_Camera_JSSTTL-116706] In execute keyword function
2016-01-27 17:53:24,532 DEBUG [EBManual_Camera_JSSTTL-116706] Executing wait function:
2016-01-27 17:53:24,532 DEBUG [EBManual_Camera_JSSTTL-116706] Started Executing wait function
2016-01-27 17:53:26,532 DEBUG [EBManual_Camera_JSSTTL-116706] Exiting from wait function
2016-01-27 17:53:26,532 DEBUG [EBManual_Camera_JSSTTL-116706] TestStepResult of wait: Pass
2016-01-27 17:53:26,532 DEBUG [EBManual_Camera_JSSTTL-116706] In execute keyword function
2016-01-27 17:53:26,532 DEBUG [EBManual_Camera_JSSTTL-116706] Executing validate_Text_Exists function:
2016-01-27 17:53:26,807 DEBUG [EBManual_Camera_JSSTTL-116706] VT285-0012 Testcase Text found
2016-01-27 17:53:26,807 DEBUG [EBManual_Camera_JSSTTL-116706] Result of validate_Text_Exists: Pass
2016-01-27 17:53:26,807 DEBUG [EBManual_Camera_JSSTTL-116706] In execute keyword function
2016-01-27 17:53:26,807 DEBUG [EBManual_Camera_JSSTTL-116706] Executing ClickRunTest function:
2016-01-27 17:53:27,185 DEBUG [EBManual_Camera_JSSTTL-116706] Executing Click function
2016-01-27 17:53:28,266 DEBUG [EBManual_Camera_JSSTTL-116706] Exiting Click function
2016-01-27 17:53:28,267 DEBUG [EBManual_Camera_JSSTTL-116706] runtest_bottom_xpath Button clicked Successfully
2016-01-27 17:53:28,267 DEBUG [EBManual_Camera_JSSTTL-116706] TestStepResult of ClickRunTest: pass
2016-01-27 17:53:28,267 DEBUG [EBManual_Camera_JSSTTL-116706] In execute keyword function
2016-01-27 17:53:28,267 DEBUG [EBManual_Camera_JSSTTL-116706] Executing CheckUITextContains function:
2016-01-27 17:53:28,267 DEBUG [EBManual_Camera_JSSTTL-116706] Started executeCommandLine function
2016-01-27 17:53:32,287 DEBUG [EBManual_Camera_JSSTTL-116706] Text is Present
2016-01-27 17:53:32,287 DEBUG [EBManual_Camera_JSSTTL-116706] TestStepResult of CheckUITextContains: Pass
2016-01-27 17:53:32,287 DEBUG [EBManual_Camera_JSSTTL-116706] In execute keyword function
2016-01-27 17:53:32,287 DEBUG [EBManual_Camera_JSSTTL-116706] Executing Lock_UnlockScreen function:
2016-01-27 17:53:32,287 DEBUG [EBManual_Camera_JSSTTL-116706] locking screen
2016-01-27 17:53:32,287 DEBUG [EBManual_Camera_JSSTTL-116706] Started executeCommandLine function
2016-01-27 17:53:37,307 DEBUG [EBManual_Camera_JSSTTL-116706] TestStepResult of Lock_UnlockScreen: pass
2016-01-27 17:53:37,307 DEBUG [EBManual_Camera_JSSTTL-116706] In execute keyword function
2016-01-27 17:53:37,307 DEBUG [EBManual_Camera_JSSTTL-116706] Executing Lock_UnlockScreen function:
2016-01-27 17:53:37,307 DEBUG [EBManual_Camera_JSSTTL-116706] unlocking screen
2016-01-27 17:53:37,307 DEBUG [EBManual_Camera_JSSTTL-116706] Started executeCommandLine function
2016-01-27 17:53:41,327 DEBUG [EBManual_Camera_JSSTTL-116706] Started executeCommandLine function
2016-01-27 17:53:45,347 DEBUG [EBManual_Camera_JSSTTL-116706] TestStepResult of Lock_UnlockScreen: pass
2016-01-27 17:53:45,347 DEBUG [EBManual_Camera_JSSTTL-116706] In execute keyword function
2016-01-27 17:53:45,347 DEBUG [EBManual_Camera_JSSTTL-116706] Executing CheckUITextContains function:
2016-01-27 17:53:45,347 DEBUG [EBManual_Camera_JSSTTL-116706] Started executeCommandLine function
2016-01-27 17:53:49,366 DEBUG [EBManual_Camera_JSSTTL-116706] Text is Present
2016-01-27 17:53:49,366 DEBUG [EBManual_Camera_JSSTTL-116706] TestStepResult of CheckUITextContains: Pass
2016-01-27 17:53:49,366 DEBUG [EBManual_Camera_JSSTTL-116706] In execute keyword function
2016-01-27 17:53:49,366 DEBUG [EBManual_Camera_JSSTTL-116706] Executing ClickUITextView function:
2016-01-27 17:53:49,367 DEBUG [EBManual_Camera_JSSTTL-116706] Entered ClickUITextView function
2016-01-27 17:53:49,408 DEBUG [EBManual_Camera_JSSTTL-116706] Started executeCommandLine function
2016-01-27 17:54:03,414 DEBUG [EBManual_Camera_JSSTTL-116706] Started executeCommandLine function
2016-01-27 17:54:07,436 DEBUG [EBManual_Camera_JSSTTL-116706] Exiting ClickUITextView function
2016-01-27 17:54:07,436 DEBUG [EBManual_Camera_JSSTTL-116706] TestStepResult of ClickUITextView: Pass
2016-01-27 17:54:07,436 DEBUG [EBManual_Camera_JSSTTL-116706] In execute keyword function
2016-01-27 17:54:07,436 DEBUG [EBManual_Camera_JSSTTL-116706] Executing ClickUIButtonText function:
2016-01-27 17:54:07,436 DEBUG [EBManual_Camera_JSSTTL-116706] Entered ClickUIButtonText function
2016-01-27 17:54:07,436 DEBUG [EBManual_Camera_JSSTTL-116706] Started executeCommandLine function
2016-01-27 17:54:11,456 DEBUG [EBManual_Camera_JSSTTL-116706] Started executeCommandLine function
2016-01-27 17:54:15,881 DEBUG [EBManual_Camera_JSSTTL-116706] Exiting ClickUIButtonText function
2016-01-27 17:54:15,881 DEBUG [EBManual_Camera_JSSTTL-116706] TestStepResult of ClickUIButtonText: Pass
2016-01-27 17:54:15,882 DEBUG [EBManual_Camera_JSSTTL-116706] In execute keyword function
2016-01-27 17:54:15,882 DEBUG [EBManual_Camera_JSSTTL-116706] Executing validate_Text_Exists function:
2016-01-27 17:54:16,049 DEBUG [EBManual_Camera_JSSTTL-116706] VT285-0012 Testcase Text found
2016-01-27 17:54:16,049 DEBUG [EBManual_Camera_JSSTTL-116706] Result of validate_Text_Exists: Pass
2016-01-27 17:54:16,049 DEBUG [EBManual_Camera_JSSTTL-116706] In execute keyword function
2016-01-27 17:54:16,049 DEBUG [EBManual_Camera_JSSTTL-116706] Executing validate_Result function:
2016-01-27 17:54:16,296 DEBUG [EBManual_Camera_JSSTTL-116706] ok Text found in Results
status : : ok
message : : undefined
imageHeight : : 204
imageWidth : : 204
imageFormat : : jpg
imageUri : : /data/data/com.symbol.enterprisebrowser/rhodata/db/db-files/IMG_20160127_055249.jpg
2016-01-27 17:54:16,296 DEBUG [EBManual_Camera_JSSTTL-116706] Result of validate_Result: Pass
2016-01-27 17:54:16,296 DEBUG [EBManual_Camera_JSSTTL-116706] In execute keyword function
2016-01-27 17:54:16,296 DEBUG [EBManual_Camera_JSSTTL-116706] Executing validate_Result function:
2016-01-27 17:54:16,460 DEBUG [EBManual_Camera_JSSTTL-116706] jpg Text found in Results
status : : ok
message : : undefined
imageHeight : : 204
imageWidth : : 204
imageFormat : : jpg
imageUri : : /data/data/com.symbol.enterprisebrowser/rhodata/db/db-files/IMG_20160127_055249.jpg
2016-01-27 17:54:16,460 DEBUG [EBManual_Camera_JSSTTL-116706] Result of validate_Result: Pass
2016-01-27 17:54:16,460 DEBUG [EBManual_Camera_JSSTTL-116706] In execute keyword function
2016-01-27 17:54:16,460 DEBUG [EBManual_Camera_JSSTTL-116706] Executing validate_Result function:
2016-01-27 17:54:16,609 DEBUG [EBManual_Camera_JSSTTL-116706] /data/data/com.symbol.enterprisebrowser/rhodata/db/db-files/IMG_ Text found in Results
status : : ok
message : : undefined
imageHeight : : 204
imageWidth : : 204
imageFormat : : jpg
imageUri : : /data/data/com.symbol.enterprisebrowser/rhodata/db/db-files/IMG_20160127_055249.jpg
2016-01-27 17:54:16,609 DEBUG [EBManual_Camera_JSSTTL-116706] Result of validate_Result: Pass
2016-01-27 17:54:16,609 DEBUG [EBManual_Camera_JSSTTL-116706] allstep_result contains: PassPassPasspasspassPasspassPasspasspassPassPassnull
2016-01-27 17:54:16,609 DEBUG [EBManual_Camera_JSSTTL-116706] allexpected_result contains: nullPassPassPassPassnullPassnullpassnullpassnull
2016-01-27 17:54:16,609 DEBUG [EBManual_Camera_JSSTTL-116706] Testcase_Result contains: nullPassPassPassPassnullPassnullpassnullpassnullPassPassPasspasspassPasspassPasspasspassPassPassnull
2016-01-27 17:54:16,609 DEBUG [EBManual_Camera_JSSTTL-116706] Test case with description should choosePicture with callback and suspend the device Pass
2016-01-27 17:54:17,568 DEBUG [EBManual_Camera_JSSTTL-116706] Executing browser_Quit function
2016-01-27 17:54:17,568 DEBUG [EBManual_Camera_JSSTTL-116706] Completed browser_Quit function
2016-01-27 17:54:17,568 DEBUG [EBManual_Camera_JSSTTL-116706] Completed quitSelendroid function
2016-01-27 17:54:17,568 DEBUG [EBManual_Camera_JSSTTL-116706] Row number:7
2016-01-27 17:54:17,626 DEBUG [EBManual_Camera_JSSTTL-116706] Ending Test Case IDSTTL-116706
