2016-01-27 17:50:45,719 DEBUG [EBManual_Camera_JSSTTL-116704] Executing Test Case ID: STTL-116704
2016-01-27 17:50:45,741 DEBUG [EBManual_Camera_JSSTTL-116704] Executing Init_Selendroid function with APK as parameter and clear data value with 1
2016-01-27 17:50:55,998 DEBUG [EBManual_Camera_JSSTTL-116704] Exiting Init_Selendroid function
2016-01-27 17:50:56,020 DEBUG [EBManual_Camera_JSSTTL-116704] TestCase with Description "Should call choosePicture with outputFormat as image & callback as anonymous function" Execution started
2016-01-27 17:50:56,020 DEBUG [EBManual_Camera_JSSTTL-116704] In execute keyword function
2016-01-27 17:50:56,020 DEBUG [EBManual_Camera_JSSTTL-116704] Executing wait function:
2016-01-27 17:50:56,020 DEBUG [EBManual_Camera_JSSTTL-116704] Started Executing wait function
2016-01-27 17:51:01,020 DEBUG [EBManual_Camera_JSSTTL-116704] Exiting from wait function
2016-01-27 17:51:01,020 DEBUG [EBManual_Camera_JSSTTL-116704] TestStepResult of wait: Pass
2016-01-27 17:51:01,020 DEBUG [EBManual_Camera_JSSTTL-116704] In execute keyword function
2016-01-27 17:51:01,020 DEBUG [EBManual_Camera_JSSTTL-116704] Executing validate_PageTitle function:
2016-01-27 17:51:01,065 DEBUG [EBManual_Camera_JSSTTL-116704] The title of the page is *********************************: Manual specs
2016-01-27 17:51:01,065 DEBUG [EBManual_Camera_JSSTTL-116704] The page title found is correct
2016-01-27 17:51:01,065 DEBUG [EBManual_Camera_JSSTTL-116704] Result of validate_PageTitle: pass
2016-01-27 17:51:01,065 DEBUG [EBManual_Camera_JSSTTL-116704] In execute keyword function
2016-01-27 17:51:01,066 DEBUG [EBManual_Camera_JSSTTL-116704] Executing link_Click function:
2016-01-27 17:51:01,574 DEBUG [EBManual_Camera_JSSTTL-116704] Executing Click function
2016-01-27 17:51:02,651 DEBUG [EBManual_Camera_JSSTTL-116704] Exiting Click function
2016-01-27 17:51:02,651 DEBUG [EBManual_Camera_JSSTTL-116704] camera_main_link clicked successfully
2016-01-27 17:51:02,651 DEBUG [EBManual_Camera_JSSTTL-116704] TestStepResult of link_Click: Pass
2016-01-27 17:51:02,651 DEBUG [EBManual_Camera_JSSTTL-116704] In execute keyword function
2016-01-27 17:51:02,651 DEBUG [EBManual_Camera_JSSTTL-116704] Executing validate_PageTitle function:
2016-01-27 17:51:02,667 DEBUG [EBManual_Camera_JSSTTL-116704] The title of the page is *********************************: Camera Main Tests
2016-01-27 17:51:02,667 DEBUG [EBManual_Camera_JSSTTL-116704] The page title found is correct
2016-01-27 17:51:02,667 DEBUG [EBManual_Camera_JSSTTL-116704] Result of validate_PageTitle: pass
2016-01-27 17:51:02,667 DEBUG [EBManual_Camera_JSSTTL-116704] In execute keyword function
2016-01-27 17:51:02,667 DEBUG [EBManual_Camera_JSSTTL-116704] Executing SelectTestToRun function:
2016-01-27 17:51:10,122 DEBUG [EBManual_Camera_JSSTTL-116704] Successfull in selecting clicking the category
2016-01-27 17:51:10,122 DEBUG [EBManual_Camera_JSSTTL-116704] TestStepResult of SelectTestToRun: pass
2016-01-27 17:51:10,122 DEBUG [EBManual_Camera_JSSTTL-116704] In execute keyword function
2016-01-27 17:51:10,122 DEBUG [EBManual_Camera_JSSTTL-116704] Executing ClickRunTest function:
2016-01-27 17:51:10,488 DEBUG [EBManual_Camera_JSSTTL-116704] Executing Click function
2016-01-27 17:51:11,399 DEBUG [EBManual_Camera_JSSTTL-116704] Exiting Click function
2016-01-27 17:51:11,399 DEBUG [EBManual_Camera_JSSTTL-116704] runtest_top_xpath Button clicked Successfully
2016-01-27 17:51:11,399 DEBUG [EBManual_Camera_JSSTTL-116704] TestStepResult of ClickRunTest: pass
2016-01-27 17:51:11,399 DEBUG [EBManual_Camera_JSSTTL-116704] In execute keyword function
2016-01-27 17:51:11,399 DEBUG [EBManual_Camera_JSSTTL-116704] Executing wait function:
2016-01-27 17:51:11,399 DEBUG [EBManual_Camera_JSSTTL-116704] Started Executing wait function
2016-01-27 17:51:13,399 DEBUG [EBManual_Camera_JSSTTL-116704] Exiting from wait function
2016-01-27 17:51:13,399 DEBUG [EBManual_Camera_JSSTTL-116704] TestStepResult of wait: Pass
2016-01-27 17:51:13,399 DEBUG [EBManual_Camera_JSSTTL-116704] In execute keyword function
2016-01-27 17:51:13,399 DEBUG [EBManual_Camera_JSSTTL-116704] Executing validate_Text_Exists function:
2016-01-27 17:51:13,749 DEBUG [EBManual_Camera_JSSTTL-116704] VT285-0003 Testcase Text found
2016-01-27 17:51:13,749 DEBUG [EBManual_Camera_JSSTTL-116704] Result of validate_Text_Exists: Pass
2016-01-27 17:51:13,749 DEBUG [EBManual_Camera_JSSTTL-116704] In execute keyword function
2016-01-27 17:51:13,749 DEBUG [EBManual_Camera_JSSTTL-116704] Executing ClickRunTest function:
2016-01-27 17:51:14,166 DEBUG [EBManual_Camera_JSSTTL-116704] Executing Click function
2016-01-27 17:51:15,317 DEBUG [EBManual_Camera_JSSTTL-116704] Exiting Click function
2016-01-27 17:51:15,317 DEBUG [EBManual_Camera_JSSTTL-116704] runtest_bottom_xpath Button clicked Successfully
2016-01-27 17:51:15,317 DEBUG [EBManual_Camera_JSSTTL-116704] TestStepResult of ClickRunTest: pass
2016-01-27 17:51:15,317 DEBUG [EBManual_Camera_JSSTTL-116704] In execute keyword function
2016-01-27 17:51:15,317 DEBUG [EBManual_Camera_JSSTTL-116704] Executing CheckUITextContains function:
2016-01-27 17:51:15,317 DEBUG [EBManual_Camera_JSSTTL-116704] Started executeCommandLine function
2016-01-27 17:51:19,337 DEBUG [EBManual_Camera_JSSTTL-116704] Text is Present
2016-01-27 17:51:19,337 DEBUG [EBManual_Camera_JSSTTL-116704] TestStepResult of CheckUITextContains: Pass
2016-01-27 17:51:19,337 DEBUG [EBManual_Camera_JSSTTL-116704] In execute keyword function
2016-01-27 17:51:19,337 DEBUG [EBManual_Camera_JSSTTL-116704] Executing CheckUITextContains function:
2016-01-27 17:51:19,337 DEBUG [EBManual_Camera_JSSTTL-116704] Started executeCommandLine function
2016-01-27 17:51:23,356 DEBUG [EBManual_Camera_JSSTTL-116704] Text is Present
2016-01-27 17:51:23,356 DEBUG [EBManual_Camera_JSSTTL-116704] TestStepResult of CheckUITextContains: Pass
2016-01-27 17:51:23,356 DEBUG [EBManual_Camera_JSSTTL-116704] In execute keyword function
2016-01-27 17:51:23,356 DEBUG [EBManual_Camera_JSSTTL-116704] Executing ClickUITextView function:
2016-01-27 17:51:23,356 DEBUG [EBManual_Camera_JSSTTL-116704] Entered ClickUITextView function
2016-01-27 17:51:23,400 DEBUG [EBManual_Camera_JSSTTL-116704] Started executeCommandLine function
2016-01-27 17:51:37,651 DEBUG [EBManual_Camera_JSSTTL-116704] Started executeCommandLine function
2016-01-27 17:51:41,672 DEBUG [EBManual_Camera_JSSTTL-116704] Exiting ClickUITextView function
2016-01-27 17:51:41,672 DEBUG [EBManual_Camera_JSSTTL-116704] TestStepResult of ClickUITextView: Pass
2016-01-27 17:51:41,672 DEBUG [EBManual_Camera_JSSTTL-116704] In execute keyword function
2016-01-27 17:51:41,672 DEBUG [EBManual_Camera_JSSTTL-116704] Executing ClickUIButtonText function:
2016-01-27 17:51:41,672 DEBUG [EBManual_Camera_JSSTTL-116704] Entered ClickUIButtonText function
2016-01-27 17:51:41,672 DEBUG [EBManual_Camera_JSSTTL-116704] Started executeCommandLine function
2016-01-27 17:51:45,692 DEBUG [EBManual_Camera_JSSTTL-116704] Started executeCommandLine function
2016-01-27 17:51:50,278 DEBUG [EBManual_Camera_JSSTTL-116704] Exiting ClickUIButtonText function
2016-01-27 17:51:50,278 DEBUG [EBManual_Camera_JSSTTL-116704] TestStepResult of ClickUIButtonText: Pass
2016-01-27 17:51:50,278 DEBUG [EBManual_Camera_JSSTTL-116704] In execute keyword function
2016-01-27 17:51:50,278 DEBUG [EBManual_Camera_JSSTTL-116704] Executing validate_Text_Exists function:
2016-01-27 17:51:50,473 DEBUG [EBManual_Camera_JSSTTL-116704] VT285-0003 Testcase Text found
2016-01-27 17:51:50,474 DEBUG [EBManual_Camera_JSSTTL-116704] Result of validate_Text_Exists: Pass
2016-01-27 17:51:50,474 DEBUG [EBManual_Camera_JSSTTL-116704] In execute keyword function
2016-01-27 17:51:50,474 DEBUG [EBManual_Camera_JSSTTL-116704] Executing validate_Result function:
2016-01-27 17:51:50,733 DEBUG [EBManual_Camera_JSSTTL-116704] ok Text found in Results
status : : ok
message : : undefined
imageHeight : : 204
imageWidth : : 204
imageFormat : : jpg
imageUri : : /data/data/com.symbol.enterprisebrowser/rhodata/db/db-files/IMG_20160127_055024.jpg
2016-01-27 17:51:50,733 DEBUG [EBManual_Camera_JSSTTL-116704] Result of validate_Result: Pass
2016-01-27 17:51:50,733 DEBUG [EBManual_Camera_JSSTTL-116704] In execute keyword function
2016-01-27 17:51:50,733 DEBUG [EBManual_Camera_JSSTTL-116704] Executing validate_Result function:
2016-01-27 17:51:50,952 DEBUG [EBManual_Camera_JSSTTL-116704] jpg Text found in Results
status : : ok
message : : undefined
imageHeight : : 204
imageWidth : : 204
imageFormat : : jpg
imageUri : : /data/data/com.symbol.enterprisebrowser/rhodata/db/db-files/IMG_20160127_055024.jpg
2016-01-27 17:51:50,952 DEBUG [EBManual_Camera_JSSTTL-116704] Result of validate_Result: Pass
2016-01-27 17:51:50,952 DEBUG [EBManual_Camera_JSSTTL-116704] In execute keyword function
2016-01-27 17:51:50,952 DEBUG [EBManual_Camera_JSSTTL-116704] Executing validate_Result function:
2016-01-27 17:51:51,128 DEBUG [EBManual_Camera_JSSTTL-116704] /data/data/com.symbol.enterprisebrowser/rhodata/db/db-files/IMG_ Text found in Results
status : : ok
message : : undefined
imageHeight : : 204
imageWidth : : 204
imageFormat : : jpg
imageUri : : /data/data/com.symbol.enterprisebrowser/rhodata/db/db-files/IMG_20160127_055024.jpg
2016-01-27 17:51:51,128 DEBUG [EBManual_Camera_JSSTTL-116704] Result of validate_Result: Pass
2016-01-27 17:51:51,128 DEBUG [EBManual_Camera_JSSTTL-116704] allstep_result contains: PassPassPassPasspassPasspasspassPassPassnull
2016-01-27 17:51:51,128 DEBUG [EBManual_Camera_JSSTTL-116704] allexpected_result contains: nullPassPassPassPassnullPassnullpassnullpassnull
2016-01-27 17:51:51,128 DEBUG [EBManual_Camera_JSSTTL-116704] Testcase_Result contains: nullPassPassPassPassnullPassnullpassnullpassnullPassPassPassPasspassPasspasspassPassPassnull
2016-01-27 17:51:51,128 DEBUG [EBManual_Camera_JSSTTL-116704] Test case with description Should call choosePicture with outputFormat as image & callback as anonymous function Pass
2016-01-27 17:51:52,049 DEBUG [EBManual_Camera_JSSTTL-116704] Executing browser_Quit function
2016-01-27 17:51:52,049 DEBUG [EBManual_Camera_JSSTTL-116704] Completed browser_Quit function
2016-01-27 17:51:52,049 DEBUG [EBManual_Camera_JSSTTL-116704] Completed quitSelendroid function
2016-01-27 17:51:52,050 DEBUG [EBManual_Camera_JSSTTL-116704] Row number:5
2016-01-27 17:51:52,189 DEBUG [EBManual_Camera_JSSTTL-116704] Ending Test Case IDSTTL-116704
