2016-01-27 17:58:48,483 DEBUG [EBManual_Camera_JSSTTL-116713] Executing Test Case ID: STTL-116713
2016-01-27 17:58:48,493 DEBUG [EBManual_Camera_JSSTTL-116713] Executing Init_Selendroid function with APK as parameter and clear data value with 1
2016-01-27 17:58:58,708 DEBUG [EBManual_Camera_JSSTTL-116713] Exiting Init_Selendroid function
2016-01-27 17:58:58,753 DEBUG [EBManual_Camera_JSSTTL-116713] TestCase with Description "Should call takePicture with desiredHeight 0 and desiredWidth 0" Execution started
2016-01-27 17:58:58,753 DEBUG [EBManual_Camera_JSSTTL-116713] In execute keyword function
2016-01-27 17:58:58,753 DEBUG [EBManual_Camera_JSSTTL-116713] Executing wait function:
2016-01-27 17:58:58,753 DEBUG [EBManual_Camera_JSSTTL-116713] Started Executing wait function
2016-01-27 17:59:03,753 DEBUG [EBManual_Camera_JSSTTL-116713] Exiting from wait function
2016-01-27 17:59:03,753 DEBUG [EBManual_Camera_JSSTTL-116713] TestStepResult of wait: Pass
2016-01-27 17:59:03,753 DEBUG [EBManual_Camera_JSSTTL-116713] In execute keyword function
2016-01-27 17:59:03,753 DEBUG [EBManual_Camera_JSSTTL-116713] Executing validate_PageTitle function:
2016-01-27 17:59:03,785 DEBUG [EBManual_Camera_JSSTTL-116713] The title of the page is *********************************: Manual specs
2016-01-27 17:59:03,785 DEBUG [EBManual_Camera_JSSTTL-116713] The page title found is correct
2016-01-27 17:59:03,785 DEBUG [EBManual_Camera_JSSTTL-116713] Result of validate_PageTitle: pass
2016-01-27 17:59:03,786 DEBUG [EBManual_Camera_JSSTTL-116713] In execute keyword function
2016-01-27 17:59:03,786 DEBUG [EBManual_Camera_JSSTTL-116713] Executing link_Click function:
2016-01-27 17:59:04,327 DEBUG [EBManual_Camera_JSSTTL-116713] Executing Click function
2016-01-27 17:59:05,406 DEBUG [EBManual_Camera_JSSTTL-116713] Exiting Click function
2016-01-27 17:59:05,406 DEBUG [EBManual_Camera_JSSTTL-116713] camera_main_link clicked successfully
2016-01-27 17:59:05,406 DEBUG [EBManual_Camera_JSSTTL-116713] TestStepResult of link_Click: Pass
2016-01-27 17:59:05,406 DEBUG [EBManual_Camera_JSSTTL-116713] In execute keyword function
2016-01-27 17:59:05,407 DEBUG [EBManual_Camera_JSSTTL-116713] Executing validate_PageTitle function:
2016-01-27 17:59:05,422 DEBUG [EBManual_Camera_JSSTTL-116713] The title of the page is *********************************: Camera Main Tests
2016-01-27 17:59:05,423 DEBUG [EBManual_Camera_JSSTTL-116713] The page title found is correct
2016-01-27 17:59:05,423 DEBUG [EBManual_Camera_JSSTTL-116713] Result of validate_PageTitle: pass
2016-01-27 17:59:05,423 DEBUG [EBManual_Camera_JSSTTL-116713] In execute keyword function
2016-01-27 17:59:05,423 DEBUG [EBManual_Camera_JSSTTL-116713] Executing SelectTestToRun function:
2016-01-27 17:59:15,025 DEBUG [EBManual_Camera_JSSTTL-116713] Successfull in selecting clicking the category
2016-01-27 17:59:15,025 DEBUG [EBManual_Camera_JSSTTL-116713] TestStepResult of SelectTestToRun: pass
2016-01-27 17:59:15,025 DEBUG [EBManual_Camera_JSSTTL-116713] In execute keyword function
2016-01-27 17:59:15,025 DEBUG [EBManual_Camera_JSSTTL-116713] Executing ClickRunTest function:
2016-01-27 17:59:15,310 DEBUG [EBManual_Camera_JSSTTL-116713] Executing Click function
2016-01-27 17:59:16,230 DEBUG [EBManual_Camera_JSSTTL-116713] Exiting Click function
2016-01-27 17:59:16,230 DEBUG [EBManual_Camera_JSSTTL-116713] runtest_top_xpath Button clicked Successfully
2016-01-27 17:59:16,230 DEBUG [EBManual_Camera_JSSTTL-116713] TestStepResult of ClickRunTest: pass
2016-01-27 17:59:16,230 DEBUG [EBManual_Camera_JSSTTL-116713] In execute keyword function
2016-01-27 17:59:16,230 DEBUG [EBManual_Camera_JSSTTL-116713] Executing wait function:
2016-01-27 17:59:16,230 DEBUG [EBManual_Camera_JSSTTL-116713] Started Executing wait function
2016-01-27 17:59:18,230 DEBUG [EBManual_Camera_JSSTTL-116713] Exiting from wait function
2016-01-27 17:59:18,230 DEBUG [EBManual_Camera_JSSTTL-116713] TestStepResult of wait: Pass
2016-01-27 17:59:18,230 DEBUG [EBManual_Camera_JSSTTL-116713] In execute keyword function
2016-01-27 17:59:18,230 DEBUG [EBManual_Camera_JSSTTL-116713] Executing validate_Text_Exists function:
2016-01-27 17:59:18,518 DEBUG [EBManual_Camera_JSSTTL-116713] VT285-0048 Testcase Text found
2016-01-27 17:59:18,518 DEBUG [EBManual_Camera_JSSTTL-116713] Result of validate_Text_Exists: Pass
2016-01-27 17:59:18,518 DEBUG [EBManual_Camera_JSSTTL-116713] In execute keyword function
2016-01-27 17:59:18,518 DEBUG [EBManual_Camera_JSSTTL-116713] Executing ClickRunTest function:
2016-01-27 17:59:18,838 DEBUG [EBManual_Camera_JSSTTL-116713] Executing Click function
2016-01-27 17:59:19,987 DEBUG [EBManual_Camera_JSSTTL-116713] Exiting Click function
2016-01-27 17:59:19,987 DEBUG [EBManual_Camera_JSSTTL-116713] runtest_bottom_xpath Button clicked Successfully
2016-01-27 17:59:19,987 DEBUG [EBManual_Camera_JSSTTL-116713] TestStepResult of ClickRunTest: pass
2016-01-27 17:59:19,987 DEBUG [EBManual_Camera_JSSTTL-116713] In execute keyword function
2016-01-27 17:59:19,987 DEBUG [EBManual_Camera_JSSTTL-116713] Executing wait function:
2016-01-27 17:59:19,987 DEBUG [EBManual_Camera_JSSTTL-116713] Started Executing wait function
2016-01-27 17:59:21,987 DEBUG [EBManual_Camera_JSSTTL-116713] Exiting from wait function
2016-01-27 17:59:21,987 DEBUG [EBManual_Camera_JSSTTL-116713] TestStepResult of wait: Pass
2016-01-27 17:59:21,987 DEBUG [EBManual_Camera_JSSTTL-116713] In execute keyword function
2016-01-27 17:59:21,987 DEBUG [EBManual_Camera_JSSTTL-116713] Executing ClickCameraNativeButton function:
2016-01-27 17:59:21,987 DEBUG [EBManual_Camera_JSSTTL-116713] Started executeCommandLine function
2016-01-27 17:59:26,007 DEBUG [EBManual_Camera_JSSTTL-116713] Started executeCommandLine function
2016-01-27 17:59:30,027 DEBUG [EBManual_Camera_JSSTTL-116713] 0 Clicked Camera Native Button
2016-01-27 17:59:30,027 DEBUG [EBManual_Camera_JSSTTL-116713] TestStepResult of ClickCameraNativeButton: Pass
2016-01-27 17:59:30,027 DEBUG [EBManual_Camera_JSSTTL-116713] In execute keyword function
2016-01-27 17:59:30,027 DEBUG [EBManual_Camera_JSSTTL-116713] Executing validate_Result function:
2016-01-27 17:59:30,315 DEBUG [EBManual_Camera_JSSTTL-116713] ok Text found in Results
status : : ok
message : : undefined
imageHeight : : 192
imageWidth : : 112
imageFormat : : jpg
imageUri : : /data/data/com.symbol.enterprisebrowser/rhodata/db/db-files/IMG_20160127_055805.jpg
desiredTest : : true
2016-01-27 17:59:30,315 DEBUG [EBManual_Camera_JSSTTL-116713] Result of validate_Result: Pass
2016-01-27 17:59:30,315 DEBUG [EBManual_Camera_JSSTTL-116713] In execute keyword function
2016-01-27 17:59:30,315 DEBUG [EBManual_Camera_JSSTTL-116713] Executing validate_Result function:
2016-01-27 17:59:30,477 DEBUG [EBManual_Camera_JSSTTL-116713] jpg Text found in Results
status : : ok
message : : undefined
imageHeight : : 192
imageWidth : : 112
imageFormat : : jpg
imageUri : : /data/data/com.symbol.enterprisebrowser/rhodata/db/db-files/IMG_20160127_055805.jpg
desiredTest : : true
2016-01-27 17:59:30,477 DEBUG [EBManual_Camera_JSSTTL-116713] Result of validate_Result: Pass
2016-01-27 17:59:30,477 DEBUG [EBManual_Camera_JSSTTL-116713] In execute keyword function
2016-01-27 17:59:30,477 DEBUG [EBManual_Camera_JSSTTL-116713] Executing validate_Result function:
2016-01-27 17:59:30,633 DEBUG [EBManual_Camera_JSSTTL-116713] /data/data/com.symbol.enterprisebrowser/rhodata/db/db-files/IMG_ Text found in Results
status : : ok
message : : undefined
imageHeight : : 192
imageWidth : : 112
imageFormat : : jpg
imageUri : : /data/data/com.symbol.enterprisebrowser/rhodata/db/db-files/IMG_20160127_055805.jpg
desiredTest : : true
2016-01-27 17:59:30,633 DEBUG [EBManual_Camera_JSSTTL-116713] Result of validate_Result: Pass
2016-01-27 17:59:30,633 DEBUG [EBManual_Camera_JSSTTL-116713] In execute keyword function
2016-01-27 17:59:30,634 DEBUG [EBManual_Camera_JSSTTL-116713] Executing validate_Result function:
2016-01-27 17:59:30,805 DEBUG [EBManual_Camera_JSSTTL-116713] desiredTest Text found in Results
status : : ok
message : : undefined
imageHeight : : 192
imageWidth : : 112
imageFormat : : jpg
imageUri : : /data/data/com.symbol.enterprisebrowser/rhodata/db/db-files/IMG_20160127_055805.jpg
desiredTest : : true
2016-01-27 17:59:30,805 DEBUG [EBManual_Camera_JSSTTL-116713] Result of validate_Result: Pass
2016-01-27 17:59:30,805 DEBUG [EBManual_Camera_JSSTTL-116713] In execute keyword function
2016-01-27 17:59:30,805 DEBUG [EBManual_Camera_JSSTTL-116713] Executing validate_Result function:
2016-01-27 17:59:30,951 DEBUG [EBManual_Camera_JSSTTL-116713] true Text found in Results
status : : ok
message : : undefined
imageHeight : : 192
imageWidth : : 112
imageFormat : : jpg
imageUri : : /data/data/com.symbol.enterprisebrowser/rhodata/db/db-files/IMG_20160127_055805.jpg
desiredTest : : true
2016-01-27 17:59:30,951 DEBUG [EBManual_Camera_JSSTTL-116713] Result of validate_Result: Pass
2016-01-27 17:59:30,951 DEBUG [EBManual_Camera_JSSTTL-116713] allstep_result contains: PassPasspassPasspasspassPassPassnull
2016-01-27 17:59:30,951 DEBUG [EBManual_Camera_JSSTTL-116713] allexpected_result contains: nullPassPassPassPassPassnullPassnullpassnullpassnull
2016-01-27 17:59:30,951 DEBUG [EBManual_Camera_JSSTTL-116713] Testcase_Result contains: nullPassPassPassPassPassnullPassnullpassnullpassnullPassPasspassPasspasspassPassPassnull
2016-01-27 17:59:30,951 DEBUG [EBManual_Camera_JSSTTL-116713] Test case with description Should call takePicture with desiredHeight 0 and desiredWidth 0 Pass
2016-01-27 17:59:31,999 DEBUG [EBManual_Camera_JSSTTL-116713] Executing browser_Quit function
2016-01-27 17:59:31,999 DEBUG [EBManual_Camera_JSSTTL-116713] Completed browser_Quit function
2016-01-27 17:59:31,999 DEBUG [EBManual_Camera_JSSTTL-116713] Completed quitSelendroid function
2016-01-27 17:59:32,000 DEBUG [EBManual_Camera_JSSTTL-116713] Row number:14
2016-01-27 17:59:32,084 DEBUG [EBManual_Camera_JSSTTL-116713] Ending Test Case IDSTTL-116713
