2016-01-27 17:48:51,416 DEBUG [EBManual_Camera_JSSTTL-116702] Executing Test Case ID: STTL-116702
2016-01-27 17:48:51,440 DEBUG [EBManual_Camera_JSSTTL-116702] Executing Init_Selendroid function with APK as parameter and clear data value with 1
2016-01-27 17:49:01,543 DEBUG [EBManual_Camera_JSSTTL-116702] Exiting Init_Selendroid function
2016-01-27 17:49:01,580 DEBUG [EBManual_Camera_JSSTTL-116702] TestCase with Description "should call choosePicture with callback status OK" Execution started
2016-01-27 17:49:01,580 DEBUG [EBManual_Camera_JSSTTL-116702] In execute keyword function
2016-01-27 17:49:01,580 DEBUG [EBManual_Camera_JSSTTL-116702] Executing wait function:
2016-01-27 17:49:01,580 DEBUG [EBManual_Camera_JSSTTL-116702] Started Executing wait function
2016-01-27 17:49:06,579 DEBUG [EBManual_Camera_JSSTTL-116702] Exiting from wait function
2016-01-27 17:49:06,579 DEBUG [EBManual_Camera_JSSTTL-116702] TestStepResult of wait: Pass
2016-01-27 17:49:06,579 DEBUG [EBManual_Camera_JSSTTL-116702] In execute keyword function
2016-01-27 17:49:06,579 DEBUG [EBManual_Camera_JSSTTL-116702] Executing validate_PageTitle function:
2016-01-27 17:49:06,621 DEBUG [EBManual_Camera_JSSTTL-116702] The title of the page is *********************************: Manual specs
2016-01-27 17:49:06,621 DEBUG [EBManual_Camera_JSSTTL-116702] The page title found is correct
2016-01-27 17:49:06,621 DEBUG [EBManual_Camera_JSSTTL-116702] Result of validate_PageTitle: pass
2016-01-27 17:49:06,621 DEBUG [EBManual_Camera_JSSTTL-116702] In execute keyword function
2016-01-27 17:49:06,621 DEBUG [EBManual_Camera_JSSTTL-116702] Executing link_Click function:
2016-01-27 17:49:07,209 DEBUG [EBManual_Camera_JSSTTL-116702] Executing Click function
2016-01-27 17:49:08,213 DEBUG [EBManual_Camera_JSSTTL-116702] Exiting Click function
2016-01-27 17:49:08,213 DEBUG [EBManual_Camera_JSSTTL-116702] camera_main_link clicked successfully
2016-01-27 17:49:08,213 DEBUG [EBManual_Camera_JSSTTL-116702] TestStepResult of link_Click: Pass
2016-01-27 17:49:08,214 DEBUG [EBManual_Camera_JSSTTL-116702] In execute keyword function
2016-01-27 17:49:08,214 DEBUG [EBManual_Camera_JSSTTL-116702] Executing validate_PageTitle function:
2016-01-27 17:49:08,231 DEBUG [EBManual_Camera_JSSTTL-116702] The title of the page is *********************************: Camera Main Tests
2016-01-27 17:49:08,231 DEBUG [EBManual_Camera_JSSTTL-116702] The page title found is correct
2016-01-27 17:49:08,231 DEBUG [EBManual_Camera_JSSTTL-116702] Result of validate_PageTitle: pass
2016-01-27 17:49:08,231 DEBUG [EBManual_Camera_JSSTTL-116702] In execute keyword function
2016-01-27 17:49:08,231 DEBUG [EBManual_Camera_JSSTTL-116702] Executing SelectTestToRun function:
2016-01-27 17:49:16,076 DEBUG [EBManual_Camera_JSSTTL-116702] Successfull in selecting clicking the category
2016-01-27 17:49:16,076 DEBUG [EBManual_Camera_JSSTTL-116702] TestStepResult of SelectTestToRun: pass
2016-01-27 17:49:16,077 DEBUG [EBManual_Camera_JSSTTL-116702] In execute keyword function
2016-01-27 17:49:16,077 DEBUG [EBManual_Camera_JSSTTL-116702] Executing ClickRunTest function:
2016-01-27 17:49:16,457 DEBUG [EBManual_Camera_JSSTTL-116702] Executing Click function
2016-01-27 17:49:17,406 DEBUG [EBManual_Camera_JSSTTL-116702] Exiting Click function
2016-01-27 17:49:17,406 DEBUG [EBManual_Camera_JSSTTL-116702] runtest_top_xpath Button clicked Successfully
2016-01-27 17:49:17,406 DEBUG [EBManual_Camera_JSSTTL-116702] TestStepResult of ClickRunTest: pass
2016-01-27 17:49:17,406 DEBUG [EBManual_Camera_JSSTTL-116702] In execute keyword function
2016-01-27 17:49:17,406 DEBUG [EBManual_Camera_JSSTTL-116702] Executing wait function:
2016-01-27 17:49:17,406 DEBUG [EBManual_Camera_JSSTTL-116702] Started Executing wait function
2016-01-27 17:49:19,406 DEBUG [EBManual_Camera_JSSTTL-116702] Exiting from wait function
2016-01-27 17:49:19,406 DEBUG [EBManual_Camera_JSSTTL-116702] TestStepResult of wait: Pass
2016-01-27 17:49:19,406 DEBUG [EBManual_Camera_JSSTTL-116702] In execute keyword function
2016-01-27 17:49:19,406 DEBUG [EBManual_Camera_JSSTTL-116702] Executing validate_Text_Exists function:
2016-01-27 17:49:19,692 DEBUG [EBManual_Camera_JSSTTL-116702] VT285-0001 Testcase Text found
2016-01-27 17:49:19,692 DEBUG [EBManual_Camera_JSSTTL-116702] Result of validate_Text_Exists: Pass
2016-01-27 17:49:19,692 DEBUG [EBManual_Camera_JSSTTL-116702] In execute keyword function
2016-01-27 17:49:19,692 DEBUG [EBManual_Camera_JSSTTL-116702] Executing ClickRunTest function:
2016-01-27 17:49:20,032 DEBUG [EBManual_Camera_JSSTTL-116702] Executing Click function
2016-01-27 17:49:21,208 DEBUG [EBManual_Camera_JSSTTL-116702] Exiting Click function
2016-01-27 17:49:21,208 DEBUG [EBManual_Camera_JSSTTL-116702] runtest_bottom_xpath Button clicked Successfully
2016-01-27 17:49:21,208 DEBUG [EBManual_Camera_JSSTTL-116702] TestStepResult of ClickRunTest: pass
2016-01-27 17:49:21,208 DEBUG [EBManual_Camera_JSSTTL-116702] In execute keyword function
2016-01-27 17:49:21,208 DEBUG [EBManual_Camera_JSSTTL-116702] Executing CheckUITextContains function:
2016-01-27 17:49:21,208 DEBUG [EBManual_Camera_JSSTTL-116702] Started executeCommandLine function
2016-01-27 17:49:25,226 DEBUG [EBManual_Camera_JSSTTL-116702] Text is Present
2016-01-27 17:49:25,226 DEBUG [EBManual_Camera_JSSTTL-116702] TestStepResult of CheckUITextContains: Pass
2016-01-27 17:49:25,226 DEBUG [EBManual_Camera_JSSTTL-116702] In execute keyword function
2016-01-27 17:49:25,226 DEBUG [EBManual_Camera_JSSTTL-116702] Executing CheckUITextContains function:
2016-01-27 17:49:25,226 DEBUG [EBManual_Camera_JSSTTL-116702] Started executeCommandLine function
2016-01-27 17:49:29,246 DEBUG [EBManual_Camera_JSSTTL-116702] Text is Present
2016-01-27 17:49:29,246 DEBUG [EBManual_Camera_JSSTTL-116702] TestStepResult of CheckUITextContains: Pass
2016-01-27 17:49:29,246 DEBUG [EBManual_Camera_JSSTTL-116702] In execute keyword function
2016-01-27 17:49:29,246 DEBUG [EBManual_Camera_JSSTTL-116702] Executing ClickUITextView function:
2016-01-27 17:49:29,246 DEBUG [EBManual_Camera_JSSTTL-116702] Entered ClickUITextView function
2016-01-27 17:49:29,289 DEBUG [EBManual_Camera_JSSTTL-116702] Started executeCommandLine function
2016-01-27 17:49:43,384 DEBUG [EBManual_Camera_JSSTTL-116702] Started executeCommandLine function
2016-01-27 17:49:47,406 DEBUG [EBManual_Camera_JSSTTL-116702] Exiting ClickUITextView function
2016-01-27 17:49:47,406 DEBUG [EBManual_Camera_JSSTTL-116702] TestStepResult of ClickUITextView: Pass
2016-01-27 17:49:47,406 DEBUG [EBManual_Camera_JSSTTL-116702] In execute keyword function
2016-01-27 17:49:47,406 DEBUG [EBManual_Camera_JSSTTL-116702] Executing ClickUIButtonText function:
2016-01-27 17:49:47,406 DEBUG [EBManual_Camera_JSSTTL-116702] Entered ClickUIButtonText function
2016-01-27 17:49:47,406 DEBUG [EBManual_Camera_JSSTTL-116702] Started executeCommandLine function
2016-01-27 17:49:51,426 DEBUG [EBManual_Camera_JSSTTL-116702] Started executeCommandLine function
2016-01-27 17:49:56,071 DEBUG [EBManual_Camera_JSSTTL-116702] Exiting ClickUIButtonText function
2016-01-27 17:49:56,072 DEBUG [EBManual_Camera_JSSTTL-116702] TestStepResult of ClickUIButtonText: Pass
2016-01-27 17:49:56,072 DEBUG [EBManual_Camera_JSSTTL-116702] In execute keyword function
2016-01-27 17:49:56,072 DEBUG [EBManual_Camera_JSSTTL-116702] Executing validate_Text_Exists function:
2016-01-27 17:49:56,247 DEBUG [EBManual_Camera_JSSTTL-116702] VT285-0001 Testcase Text found
2016-01-27 17:49:56,247 DEBUG [EBManual_Camera_JSSTTL-116702] Result of validate_Text_Exists: Pass
2016-01-27 17:49:56,247 DEBUG [EBManual_Camera_JSSTTL-116702] In execute keyword function
2016-01-27 17:49:56,247 DEBUG [EBManual_Camera_JSSTTL-116702] Executing validate_Result function:
2016-01-27 17:49:56,547 DEBUG [EBManual_Camera_JSSTTL-116702] ok Text found in Results
status : : ok
message : : undefined
imageHeight : : 204
imageWidth : : 204
imageFormat : : jpg
imageUri : : /data/data/com.symbol.enterprisebrowser/rhodata/db/db-files/IMG_20160127_054830.jpg
2016-01-27 17:49:56,547 DEBUG [EBManual_Camera_JSSTTL-116702] Result of validate_Result: Pass
2016-01-27 17:49:56,547 DEBUG [EBManual_Camera_JSSTTL-116702] In execute keyword function
2016-01-27 17:49:56,547 DEBUG [EBManual_Camera_JSSTTL-116702] Executing validate_Result function:
2016-01-27 17:49:56,743 DEBUG [EBManual_Camera_JSSTTL-116702] jpg Text found in Results
status : : ok
message : : undefined
imageHeight : : 204
imageWidth : : 204
imageFormat : : jpg
imageUri : : /data/data/com.symbol.enterprisebrowser/rhodata/db/db-files/IMG_20160127_054830.jpg
2016-01-27 17:49:56,743 DEBUG [EBManual_Camera_JSSTTL-116702] Result of validate_Result: Pass
2016-01-27 17:49:56,743 DEBUG [EBManual_Camera_JSSTTL-116702] In execute keyword function
2016-01-27 17:49:56,743 DEBUG [EBManual_Camera_JSSTTL-116702] Executing validate_Result function:
2016-01-27 17:49:56,977 DEBUG [EBManual_Camera_JSSTTL-116702] /data/data/com.symbol.enterprisebrowser/rhodata/db/db-files/IMG_ Text found in Results
status : : ok
message : : undefined
imageHeight : : 204
imageWidth : : 204
imageFormat : : jpg
imageUri : : /data/data/com.symbol.enterprisebrowser/rhodata/db/db-files/IMG_20160127_054830.jpg
2016-01-27 17:49:56,978 DEBUG [EBManual_Camera_JSSTTL-116702] Result of validate_Result: Pass
2016-01-27 17:49:56,978 DEBUG [EBManual_Camera_JSSTTL-116702] allstep_result contains: PassPassPassPasspassPasspasspassPassPassnull
2016-01-27 17:49:56,978 DEBUG [EBManual_Camera_JSSTTL-116702] allexpected_result contains: nullPassPassPassPassnullPassnullpassnullpassnull
2016-01-27 17:49:56,978 DEBUG [EBManual_Camera_JSSTTL-116702] Testcase_Result contains: nullPassPassPassPassnullPassnullpassnullpassnullPassPassPassPasspassPasspasspassPassPassnull
2016-01-27 17:49:56,978 DEBUG [EBManual_Camera_JSSTTL-116702] Test case with description should call choosePicture with callback status OK Pass
2016-01-27 17:49:57,939 DEBUG [EBManual_Camera_JSSTTL-116702] Executing browser_Quit function
2016-01-27 17:49:57,939 DEBUG [EBManual_Camera_JSSTTL-116702] Completed browser_Quit function
2016-01-27 17:49:57,939 DEBUG [EBManual_Camera_JSSTTL-116702] Completed quitSelendroid function
2016-01-27 17:49:57,939 DEBUG [EBManual_Camera_JSSTTL-116702] Row number:3
2016-01-27 17:49:58,022 DEBUG [EBManual_Camera_JSSTTL-116702] Ending Test Case IDSTTL-116702
