2016-01-27 17:58:05,364 DEBUG [EBManual_Camera_JSSTTL-116712] Executing Test Case ID: STTL-116712
2016-01-27 17:58:05,372 DEBUG [EBManual_Camera_JSSTTL-116712] Executing Init_Selendroid function with APK as parameter and clear data value with 1
2016-01-27 17:58:15,356 DEBUG [EBManual_Camera_JSSTTL-116712] Exiting Init_Selendroid function
2016-01-27 17:58:15,407 DEBUG [EBManual_Camera_JSSTTL-116712] TestCase with Description "Should call takePicture with desiredHeight 640 and desiredWidth 360" Execution started
2016-01-27 17:58:15,407 DEBUG [EBManual_Camera_JSSTTL-116712] In execute keyword function
2016-01-27 17:58:15,407 DEBUG [EBManual_Camera_JSSTTL-116712] Executing wait function:
2016-01-27 17:58:15,407 DEBUG [EBManual_Camera_JSSTTL-116712] Started Executing wait function
2016-01-27 17:58:20,407 DEBUG [EBManual_Camera_JSSTTL-116712] Exiting from wait function
2016-01-27 17:58:20,407 DEBUG [EBManual_Camera_JSSTTL-116712] TestStepResult of wait: Pass
2016-01-27 17:58:20,407 DEBUG [EBManual_Camera_JSSTTL-116712] In execute keyword function
2016-01-27 17:58:20,407 DEBUG [EBManual_Camera_JSSTTL-116712] Executing validate_PageTitle function:
2016-01-27 17:58:20,451 DEBUG [EBManual_Camera_JSSTTL-116712] The title of the page is *********************************: Manual specs
2016-01-27 17:58:20,451 DEBUG [EBManual_Camera_JSSTTL-116712] The page title found is correct
2016-01-27 17:58:20,451 DEBUG [EBManual_Camera_JSSTTL-116712] Result of validate_PageTitle: pass
2016-01-27 17:58:20,451 DEBUG [EBManual_Camera_JSSTTL-116712] In execute keyword function
2016-01-27 17:58:20,451 DEBUG [EBManual_Camera_JSSTTL-116712] Executing link_Click function:
2016-01-27 17:58:20,990 DEBUG [EBManual_Camera_JSSTTL-116712] Executing Click function
2016-01-27 17:58:22,020 DEBUG [EBManual_Camera_JSSTTL-116712] Exiting Click function
2016-01-27 17:58:22,020 DEBUG [EBManual_Camera_JSSTTL-116712] camera_main_link clicked successfully
2016-01-27 17:58:22,020 DEBUG [EBManual_Camera_JSSTTL-116712] TestStepResult of link_Click: Pass
2016-01-27 17:58:22,020 DEBUG [EBManual_Camera_JSSTTL-116712] In execute keyword function
2016-01-27 17:58:22,020 DEBUG [EBManual_Camera_JSSTTL-116712] Executing validate_PageTitle function:
2016-01-27 17:58:22,040 DEBUG [EBManual_Camera_JSSTTL-116712] The title of the page is *********************************: Camera Main Tests
2016-01-27 17:58:22,040 DEBUG [EBManual_Camera_JSSTTL-116712] The page title found is correct
2016-01-27 17:58:22,040 DEBUG [EBManual_Camera_JSSTTL-116712] Result of validate_PageTitle: pass
2016-01-27 17:58:22,040 DEBUG [EBManual_Camera_JSSTTL-116712] In execute keyword function
2016-01-27 17:58:22,040 DEBUG [EBManual_Camera_JSSTTL-116712] Executing SelectTestToRun function:
2016-01-27 17:58:31,438 DEBUG [EBManual_Camera_JSSTTL-116712] Successfull in selecting clicking the category
2016-01-27 17:58:31,438 DEBUG [EBManual_Camera_JSSTTL-116712] TestStepResult of SelectTestToRun: pass
2016-01-27 17:58:31,438 DEBUG [EBManual_Camera_JSSTTL-116712] In execute keyword function
2016-01-27 17:58:31,439 DEBUG [EBManual_Camera_JSSTTL-116712] Executing ClickRunTest function:
2016-01-27 17:58:31,792 DEBUG [EBManual_Camera_JSSTTL-116712] Executing Click function
2016-01-27 17:58:32,709 DEBUG [EBManual_Camera_JSSTTL-116712] Exiting Click function
2016-01-27 17:58:32,709 DEBUG [EBManual_Camera_JSSTTL-116712] runtest_top_xpath Button clicked Successfully
2016-01-27 17:58:32,709 DEBUG [EBManual_Camera_JSSTTL-116712] TestStepResult of ClickRunTest: pass
2016-01-27 17:58:32,709 DEBUG [EBManual_Camera_JSSTTL-116712] In execute keyword function
2016-01-27 17:58:32,709 DEBUG [EBManual_Camera_JSSTTL-116712] Executing wait function:
2016-01-27 17:58:32,709 DEBUG [EBManual_Camera_JSSTTL-116712] Started Executing wait function
2016-01-27 17:58:34,709 DEBUG [EBManual_Camera_JSSTTL-116712] Exiting from wait function
2016-01-27 17:58:34,709 DEBUG [EBManual_Camera_JSSTTL-116712] TestStepResult of wait: Pass
2016-01-27 17:58:34,709 DEBUG [EBManual_Camera_JSSTTL-116712] In execute keyword function
2016-01-27 17:58:34,709 DEBUG [EBManual_Camera_JSSTTL-116712] Executing validate_Text_Exists function:
2016-01-27 17:58:34,941 DEBUG [EBManual_Camera_JSSTTL-116712] VT285-0047 Testcase Text found
2016-01-27 17:58:34,941 DEBUG [EBManual_Camera_JSSTTL-116712] Result of validate_Text_Exists: Pass
2016-01-27 17:58:34,941 DEBUG [EBManual_Camera_JSSTTL-116712] In execute keyword function
2016-01-27 17:58:34,941 DEBUG [EBManual_Camera_JSSTTL-116712] Executing ClickRunTest function:
2016-01-27 17:58:35,296 DEBUG [EBManual_Camera_JSSTTL-116712] Executing Click function
2016-01-27 17:58:36,373 DEBUG [EBManual_Camera_JSSTTL-116712] Exiting Click function
2016-01-27 17:58:36,373 DEBUG [EBManual_Camera_JSSTTL-116712] runtest_bottom_xpath Button clicked Successfully
2016-01-27 17:58:36,373 DEBUG [EBManual_Camera_JSSTTL-116712] TestStepResult of ClickRunTest: pass
2016-01-27 17:58:36,373 DEBUG [EBManual_Camera_JSSTTL-116712] In execute keyword function
2016-01-27 17:58:36,374 DEBUG [EBManual_Camera_JSSTTL-116712] Executing wait function:
2016-01-27 17:58:36,374 DEBUG [EBManual_Camera_JSSTTL-116712] Started Executing wait function
2016-01-27 17:58:38,374 DEBUG [EBManual_Camera_JSSTTL-116712] Exiting from wait function
2016-01-27 17:58:38,374 DEBUG [EBManual_Camera_JSSTTL-116712] TestStepResult of wait: Pass
2016-01-27 17:58:38,374 DEBUG [EBManual_Camera_JSSTTL-116712] In execute keyword function
2016-01-27 17:58:38,374 DEBUG [EBManual_Camera_JSSTTL-116712] Executing ClickCameraNativeButton function:
2016-01-27 17:58:38,374 DEBUG [EBManual_Camera_JSSTTL-116712] Started executeCommandLine function
2016-01-27 17:58:42,396 DEBUG [EBManual_Camera_JSSTTL-116712] Started executeCommandLine function
2016-01-27 17:58:46,416 DEBUG [EBManual_Camera_JSSTTL-116712] 0 Clicked Camera Native Button
2016-01-27 17:58:46,416 DEBUG [EBManual_Camera_JSSTTL-116712] TestStepResult of ClickCameraNativeButton: Pass
2016-01-27 17:58:46,416 DEBUG [EBManual_Camera_JSSTTL-116712] In execute keyword function
2016-01-27 17:58:46,416 DEBUG [EBManual_Camera_JSSTTL-116712] Executing validate_Result function:
2016-01-27 17:58:46,696 DEBUG [EBManual_Camera_JSSTTL-116712] ok Text found in Results
status : : ok
message : : undefined
imageHeight : : 640
imageWidth : : 480
imageFormat : : jpg
imageUri : : /data/data/com.symbol.enterprisebrowser/rhodata/db/db-files/IMG_20160127_055721.jpg
desiredTest : : true
2016-01-27 17:58:46,697 DEBUG [EBManual_Camera_JSSTTL-116712] Result of validate_Result: Pass
2016-01-27 17:58:46,697 DEBUG [EBManual_Camera_JSSTTL-116712] In execute keyword function
2016-01-27 17:58:46,697 DEBUG [EBManual_Camera_JSSTTL-116712] Executing validate_Result function:
2016-01-27 17:58:46,885 DEBUG [EBManual_Camera_JSSTTL-116712] jpg Text found in Results
status : : ok
message : : undefined
imageHeight : : 640
imageWidth : : 480
imageFormat : : jpg
imageUri : : /data/data/com.symbol.enterprisebrowser/rhodata/db/db-files/IMG_20160127_055721.jpg
desiredTest : : true
2016-01-27 17:58:46,885 DEBUG [EBManual_Camera_JSSTTL-116712] Result of validate_Result: Pass
2016-01-27 17:58:46,885 DEBUG [EBManual_Camera_JSSTTL-116712] In execute keyword function
2016-01-27 17:58:46,885 DEBUG [EBManual_Camera_JSSTTL-116712] Executing validate_Result function:
2016-01-27 17:58:47,035 DEBUG [EBManual_Camera_JSSTTL-116712] /data/data/com.symbol.enterprisebrowser/rhodata/db/db-files/IMG_ Text found in Results
status : : ok
message : : undefined
imageHeight : : 640
imageWidth : : 480
imageFormat : : jpg
imageUri : : /data/data/com.symbol.enterprisebrowser/rhodata/db/db-files/IMG_20160127_055721.jpg
desiredTest : : true
2016-01-27 17:58:47,035 DEBUG [EBManual_Camera_JSSTTL-116712] Result of validate_Result: Pass
2016-01-27 17:58:47,035 DEBUG [EBManual_Camera_JSSTTL-116712] In execute keyword function
2016-01-27 17:58:47,035 DEBUG [EBManual_Camera_JSSTTL-116712] Executing validate_Result function:
2016-01-27 17:58:47,215 DEBUG [EBManual_Camera_JSSTTL-116712] desiredTest Text found in Results
status : : ok
message : : undefined
imageHeight : : 640
imageWidth : : 480
imageFormat : : jpg
imageUri : : /data/data/com.symbol.enterprisebrowser/rhodata/db/db-files/IMG_20160127_055721.jpg
desiredTest : : true
2016-01-27 17:58:47,215 DEBUG [EBManual_Camera_JSSTTL-116712] Result of validate_Result: Pass
2016-01-27 17:58:47,215 DEBUG [EBManual_Camera_JSSTTL-116712] In execute keyword function
2016-01-27 17:58:47,215 DEBUG [EBManual_Camera_JSSTTL-116712] Executing validate_Result function:
2016-01-27 17:58:47,405 DEBUG [EBManual_Camera_JSSTTL-116712] true Text found in Results
status : : ok
message : : undefined
imageHeight : : 640
imageWidth : : 480
imageFormat : : jpg
imageUri : : /data/data/com.symbol.enterprisebrowser/rhodata/db/db-files/IMG_20160127_055721.jpg
desiredTest : : true
2016-01-27 17:58:47,405 DEBUG [EBManual_Camera_JSSTTL-116712] Result of validate_Result: Pass
2016-01-27 17:58:47,405 DEBUG [EBManual_Camera_JSSTTL-116712] allstep_result contains: PassPasspassPasspasspassPassPassnull
2016-01-27 17:58:47,405 DEBUG [EBManual_Camera_JSSTTL-116712] allexpected_result contains: nullPassPassPassPassPassnullPassnullpassnullpassnull
2016-01-27 17:58:47,405 DEBUG [EBManual_Camera_JSSTTL-116712] Testcase_Result contains: nullPassPassPassPassPassnullPassnullpassnullpassnullPassPasspassPasspasspassPassPassnull
2016-01-27 17:58:47,405 DEBUG [EBManual_Camera_JSSTTL-116712] Test case with description Should call takePicture with desiredHeight 640 and desiredWidth 360 Pass
2016-01-27 17:58:48,361 DEBUG [EBManual_Camera_JSSTTL-116712] Executing browser_Quit function
2016-01-27 17:58:48,361 DEBUG [EBManual_Camera_JSSTTL-116712] Completed browser_Quit function
2016-01-27 17:58:48,361 DEBUG [EBManual_Camera_JSSTTL-116712] Completed quitSelendroid function
2016-01-27 17:58:48,362 DEBUG [EBManual_Camera_JSSTTL-116712] Row number:13
2016-01-27 17:58:48,409 DEBUG [EBManual_Camera_JSSTTL-116712] Ending Test Case IDSTTL-116712
