2016-01-27 18:03:57,071 DEBUG [EBManual_Camera_JSSTTL-116720] Executing Test Case ID: STTL-116720
2016-01-27 18:03:57,096 DEBUG [EBManual_Camera_JSSTTL-116720] Executing Init_Selendroid function with APK as parameter and clear data value with 1
2016-01-27 18:04:07,302 DEBUG [EBManual_Camera_JSSTTL-116720] Exiting Init_Selendroid function
2016-01-27 18:04:07,342 DEBUG [EBManual_Camera_JSSTTL-116720] TestCase with Description "Should capture image by calling takePicture() method with useSystemViewfinder true" Execution started
2016-01-27 18:04:07,342 DEBUG [EBManual_Camera_JSSTTL-116720] In execute keyword function
2016-01-27 18:04:07,342 DEBUG [EBManual_Camera_JSSTTL-116720] Executing wait function:
2016-01-27 18:04:07,342 DEBUG [EBManual_Camera_JSSTTL-116720] Started Executing wait function
2016-01-27 18:04:12,344 DEBUG [EBManual_Camera_JSSTTL-116720] Exiting from wait function
2016-01-27 18:04:12,344 DEBUG [EBManual_Camera_JSSTTL-116720] TestStepResult of wait: Pass
2016-01-27 18:04:12,344 DEBUG [EBManual_Camera_JSSTTL-116720] In execute keyword function
2016-01-27 18:04:12,344 DEBUG [EBManual_Camera_JSSTTL-116720] Executing validate_PageTitle function:
2016-01-27 18:04:12,382 DEBUG [EBManual_Camera_JSSTTL-116720] The title of the page is *********************************: Manual specs
2016-01-27 18:04:12,382 DEBUG [EBManual_Camera_JSSTTL-116720] The page title found is correct
2016-01-27 18:04:12,382 DEBUG [EBManual_Camera_JSSTTL-116720] Result of validate_PageTitle: pass
2016-01-27 18:04:12,382 DEBUG [EBManual_Camera_JSSTTL-116720] In execute keyword function
2016-01-27 18:04:12,382 DEBUG [EBManual_Camera_JSSTTL-116720] Executing link_Click function:
2016-01-27 18:04:12,918 DEBUG [EBManual_Camera_JSSTTL-116720] Executing Click function
2016-01-27 18:04:13,958 DEBUG [EBManual_Camera_JSSTTL-116720] Exiting Click function
2016-01-27 18:04:13,958 DEBUG [EBManual_Camera_JSSTTL-116720] camera_main_link clicked successfully
2016-01-27 18:04:13,958 DEBUG [EBManual_Camera_JSSTTL-116720] TestStepResult of link_Click: Pass
2016-01-27 18:04:13,959 DEBUG [EBManual_Camera_JSSTTL-116720] In execute keyword function
2016-01-27 18:04:13,959 DEBUG [EBManual_Camera_JSSTTL-116720] Executing validate_PageTitle function:
2016-01-27 18:04:13,980 DEBUG [EBManual_Camera_JSSTTL-116720] The title of the page is *********************************: Camera Main Tests
2016-01-27 18:04:13,980 DEBUG [EBManual_Camera_JSSTTL-116720] The page title found is correct
2016-01-27 18:04:13,980 DEBUG [EBManual_Camera_JSSTTL-116720] Result of validate_PageTitle: pass
2016-01-27 18:04:13,980 DEBUG [EBManual_Camera_JSSTTL-116720] In execute keyword function
2016-01-27 18:04:13,980 DEBUG [EBManual_Camera_JSSTTL-116720] Executing SelectTestToRun function:
2016-01-27 18:04:24,435 DEBUG [EBManual_Camera_JSSTTL-116720] Successfull in selecting clicking the category
2016-01-27 18:04:24,435 DEBUG [EBManual_Camera_JSSTTL-116720] TestStepResult of SelectTestToRun: pass
2016-01-27 18:04:24,435 DEBUG [EBManual_Camera_JSSTTL-116720] In execute keyword function
2016-01-27 18:04:24,435 DEBUG [EBManual_Camera_JSSTTL-116720] Executing ClickRunTest function:
2016-01-27 18:04:24,813 DEBUG [EBManual_Camera_JSSTTL-116720] Executing Click function
2016-01-27 18:04:25,748 DEBUG [EBManual_Camera_JSSTTL-116720] Exiting Click function
2016-01-27 18:04:25,749 DEBUG [EBManual_Camera_JSSTTL-116720] runtest_top_xpath Button clicked Successfully
2016-01-27 18:04:25,749 DEBUG [EBManual_Camera_JSSTTL-116720] TestStepResult of ClickRunTest: pass
2016-01-27 18:04:25,749 DEBUG [EBManual_Camera_JSSTTL-116720] In execute keyword function
2016-01-27 18:04:25,749 DEBUG [EBManual_Camera_JSSTTL-116720] Executing wait function:
2016-01-27 18:04:25,749 DEBUG [EBManual_Camera_JSSTTL-116720] Started Executing wait function
2016-01-27 18:04:27,749 DEBUG [EBManual_Camera_JSSTTL-116720] Exiting from wait function
2016-01-27 18:04:27,749 DEBUG [EBManual_Camera_JSSTTL-116720] TestStepResult of wait: Pass
2016-01-27 18:04:27,749 DEBUG [EBManual_Camera_JSSTTL-116720] In execute keyword function
2016-01-27 18:04:27,749 DEBUG [EBManual_Camera_JSSTTL-116720] Executing validate_Text_Exists function:
2016-01-27 18:04:28,081 DEBUG [EBManual_Camera_JSSTTL-116720] VT285-0062 Testcase Text found
2016-01-27 18:04:28,082 DEBUG [EBManual_Camera_JSSTTL-116720] Result of validate_Text_Exists: Pass
2016-01-27 18:04:28,082 DEBUG [EBManual_Camera_JSSTTL-116720] In execute keyword function
2016-01-27 18:04:28,082 DEBUG [EBManual_Camera_JSSTTL-116720] Executing ClickRunTest function:
2016-01-27 18:04:28,502 DEBUG [EBManual_Camera_JSSTTL-116720] Executing Click function
2016-01-27 18:04:29,660 DEBUG [EBManual_Camera_JSSTTL-116720] Exiting Click function
2016-01-27 18:04:29,660 DEBUG [EBManual_Camera_JSSTTL-116720] runtest_bottom_xpath Button clicked Successfully
2016-01-27 18:04:29,660 DEBUG [EBManual_Camera_JSSTTL-116720] TestStepResult of ClickRunTest: pass
2016-01-27 18:04:29,660 DEBUG [EBManual_Camera_JSSTTL-116720] In execute keyword function
2016-01-27 18:04:29,660 DEBUG [EBManual_Camera_JSSTTL-116720] Executing wait function:
2016-01-27 18:04:29,660 DEBUG [EBManual_Camera_JSSTTL-116720] Started Executing wait function
2016-01-27 18:04:31,661 DEBUG [EBManual_Camera_JSSTTL-116720] Exiting from wait function
2016-01-27 18:04:31,661 DEBUG [EBManual_Camera_JSSTTL-116720] TestStepResult of wait: Pass
2016-01-27 18:04:31,661 DEBUG [EBManual_Camera_JSSTTL-116720] In execute keyword function
2016-01-27 18:04:31,661 DEBUG [EBManual_Camera_JSSTTL-116720] Executing ClickCameraSystemButton function:
2016-01-27 18:04:31,661 DEBUG [EBManual_Camera_JSSTTL-116720] Started executeCommandLine function
2016-01-27 18:04:35,681 DEBUG [EBManual_Camera_JSSTTL-116720] Started executeCommandLine function
2016-01-27 18:04:39,700 DEBUG [EBManual_Camera_JSSTTL-116720] Clicked Camera system button successfully
2016-01-27 18:04:39,700 DEBUG [EBManual_Camera_JSSTTL-116720] TestStepResult of ClickCameraSystemButton: Pass
2016-01-27 18:04:39,700 DEBUG [EBManual_Camera_JSSTTL-116720] In execute keyword function
2016-01-27 18:04:39,700 DEBUG [EBManual_Camera_JSSTTL-116720] Executing validate_Result function:
2016-01-27 18:04:40,004 DEBUG [EBManual_Camera_JSSTTL-116720] ok Text found in Results
status : : ok
message : : undefined
imageHeight : : 1280
imageWidth : : 720
imageFormat : : jpg
imageUri : : /data/data/com.symbol.enterprisebrowser/rhodata/db/db-files/IMG_20160127_060314.jpg
2016-01-27 18:04:40,004 DEBUG [EBManual_Camera_JSSTTL-116720] Result of validate_Result: Pass
2016-01-27 18:04:40,004 DEBUG [EBManual_Camera_JSSTTL-116720] In execute keyword function
2016-01-27 18:04:40,004 DEBUG [EBManual_Camera_JSSTTL-116720] Executing validate_Result function:
2016-01-27 18:04:40,170 DEBUG [EBManual_Camera_JSSTTL-116720] jpg Text found in Results
status : : ok
message : : undefined
imageHeight : : 1280
imageWidth : : 720
imageFormat : : jpg
imageUri : : /data/data/com.symbol.enterprisebrowser/rhodata/db/db-files/IMG_20160127_060314.jpg
2016-01-27 18:04:40,171 DEBUG [EBManual_Camera_JSSTTL-116720] Result of validate_Result: Pass
2016-01-27 18:04:40,171 DEBUG [EBManual_Camera_JSSTTL-116720] In execute keyword function
2016-01-27 18:04:40,171 DEBUG [EBManual_Camera_JSSTTL-116720] Executing validate_Result function:
2016-01-27 18:04:40,321 DEBUG [EBManual_Camera_JSSTTL-116720] /data/data/com.symbol.enterprisebrowser/rhodata/db/db-files/IMG_ Text found in Results
status : : ok
message : : undefined
imageHeight : : 1280
imageWidth : : 720
imageFormat : : jpg
imageUri : : /data/data/com.symbol.enterprisebrowser/rhodata/db/db-files/IMG_20160127_060314.jpg
2016-01-27 18:04:40,321 DEBUG [EBManual_Camera_JSSTTL-116720] Result of validate_Result: Pass
2016-01-27 18:04:40,321 DEBUG [EBManual_Camera_JSSTTL-116720] allstep_result contains: PassPasspassPasspasspassPassPassnull
2016-01-27 18:04:40,321 DEBUG [EBManual_Camera_JSSTTL-116720] allexpected_result contains: nullPassPassPassnullPassnullpassnullpassnull
2016-01-27 18:04:40,321 DEBUG [EBManual_Camera_JSSTTL-116720] Testcase_Result contains: nullPassPassPassnullPassnullpassnullpassnullPassPasspassPasspasspassPassPassnull
2016-01-27 18:04:40,321 DEBUG [EBManual_Camera_JSSTTL-116720] Test case with description Should capture image by calling takePicture() method with useSystemViewfinder true Pass
2016-01-27 18:04:41,263 DEBUG [EBManual_Camera_JSSTTL-116720] Executing browser_Quit function
2016-01-27 18:04:41,263 DEBUG [EBManual_Camera_JSSTTL-116720] Completed browser_Quit function
2016-01-27 18:04:41,263 DEBUG [EBManual_Camera_JSSTTL-116720] Completed quitSelendroid function
2016-01-27 18:04:41,264 DEBUG [EBManual_Camera_JSSTTL-116720] Row number:21
2016-01-27 18:04:41,364 DEBUG [EBManual_Camera_JSSTTL-116720] Ending Test Case IDSTTL-116720
