2016-01-27 22:19:51,990 DEBUG [EBManual_Tabbar_JSSTTL-116708] Executing Test Case ID: STTL-116708
2016-01-27 22:19:51,996 DEBUG [EBManual_Tabbar_JSSTTL-116708] Executing Init_Selendroid function with APK as parameter and clear data value with 1
2016-01-27 22:20:02,304 DEBUG [EBManual_Tabbar_JSSTTL-116708] Exiting Init_Selendroid function
2016-01-27 22:20:02,317 DEBUG [EBManual_Tabbar_JSSTTL-116708] TestCase with Description "Change the selected color of the tab only for one tab" Execution started
2016-01-27 22:20:02,317 DEBUG [EBManual_Tabbar_JSSTTL-116708] In execute keyword function
2016-01-27 22:20:02,317 DEBUG [EBManual_Tabbar_JSSTTL-116708] Executing wait function:
2016-01-27 22:20:02,317 DEBUG [EBManual_Tabbar_JSSTTL-116708] Started Executing wait function
2016-01-27 22:20:07,317 DEBUG [EBManual_Tabbar_JSSTTL-116708] Exiting from wait function
2016-01-27 22:20:07,317 DEBUG [EBManual_Tabbar_JSSTTL-116708] TestStepResult of wait: Pass
2016-01-27 22:20:07,317 DEBUG [EBManual_Tabbar_JSSTTL-116708] In execute keyword function
2016-01-27 22:20:07,317 DEBUG [EBManual_Tabbar_JSSTTL-116708] Executing validate_PageTitle function:
2016-01-27 22:20:07,340 DEBUG [EBManual_Tabbar_JSSTTL-116708] The title of the page is *********************************: Manual specs
2016-01-27 22:20:07,340 DEBUG [EBManual_Tabbar_JSSTTL-116708] The page title found is correct
2016-01-27 22:20:07,340 DEBUG [EBManual_Tabbar_JSSTTL-116708] Result of validate_PageTitle: pass
2016-01-27 22:20:07,340 DEBUG [EBManual_Tabbar_JSSTTL-116708] In execute keyword function
2016-01-27 22:20:07,340 DEBUG [EBManual_Tabbar_JSSTTL-116708] Executing link_Click function:
2016-01-27 22:20:07,924 DEBUG [EBManual_Tabbar_JSSTTL-116708] Executing Click function
2016-01-27 22:20:08,985 DEBUG [EBManual_Tabbar_JSSTTL-116708] Exiting Click function
2016-01-27 22:20:08,985 DEBUG [EBManual_Tabbar_JSSTTL-116708] tabbar_test_link clicked successfully
2016-01-27 22:20:08,985 DEBUG [EBManual_Tabbar_JSSTTL-116708] TestStepResult of link_Click: Pass
2016-01-27 22:20:08,985 DEBUG [EBManual_Tabbar_JSSTTL-116708] In execute keyword function
2016-01-27 22:20:08,985 DEBUG [EBManual_Tabbar_JSSTTL-116708] Executing validate_PageTitle function:
2016-01-27 22:20:09,005 DEBUG [EBManual_Tabbar_JSSTTL-116708] The title of the page is *********************************: Native Tabbar JS Test
2016-01-27 22:20:09,005 DEBUG [EBManual_Tabbar_JSSTTL-116708] The page title found is correct
2016-01-27 22:20:09,005 DEBUG [EBManual_Tabbar_JSSTTL-116708] Result of validate_PageTitle: pass
2016-01-27 22:20:09,006 DEBUG [EBManual_Tabbar_JSSTTL-116708] In execute keyword function
2016-01-27 22:20:09,006 DEBUG [EBManual_Tabbar_JSSTTL-116708] Executing SelectTestToRun function:
2016-01-27 22:20:12,703 DEBUG [EBManual_Tabbar_JSSTTL-116708] Successfull in selecting clicking the category
2016-01-27 22:20:12,703 DEBUG [EBManual_Tabbar_JSSTTL-116708] TestStepResult of SelectTestToRun: pass
2016-01-27 22:20:12,703 DEBUG [EBManual_Tabbar_JSSTTL-116708] In execute keyword function
2016-01-27 22:20:12,703 DEBUG [EBManual_Tabbar_JSSTTL-116708] Executing ClickRunTest function:
2016-01-27 22:20:13,062 DEBUG [EBManual_Tabbar_JSSTTL-116708] Executing Click function
2016-01-27 22:20:14,004 DEBUG [EBManual_Tabbar_JSSTTL-116708] Exiting Click function
2016-01-27 22:20:14,004 DEBUG [EBManual_Tabbar_JSSTTL-116708] runtest_top_xpath Button clicked Successfully
2016-01-27 22:20:14,004 DEBUG [EBManual_Tabbar_JSSTTL-116708] TestStepResult of ClickRunTest: pass
2016-01-27 22:20:14,004 DEBUG [EBManual_Tabbar_JSSTTL-116708] In execute keyword function
2016-01-27 22:20:14,004 DEBUG [EBManual_Tabbar_JSSTTL-116708] Executing validate_Text_Exists function:
2016-01-27 22:20:14,667 DEBUG [EBManual_Tabbar_JSSTTL-116708] VT283-0317 Testcase Text found
2016-01-27 22:20:14,667 DEBUG [EBManual_Tabbar_JSSTTL-116708] Result of validate_Text_Exists: Pass
2016-01-27 22:20:14,667 DEBUG [EBManual_Tabbar_JSSTTL-116708] In execute keyword function
2016-01-27 22:20:14,667 DEBUG [EBManual_Tabbar_JSSTTL-116708] Executing ClickRunTest function:
2016-01-27 22:20:14,965 DEBUG [EBManual_Tabbar_JSSTTL-116708] Executing Click function
2016-01-27 22:20:15,909 DEBUG [EBManual_Tabbar_JSSTTL-116708] Exiting Click function
2016-01-27 22:20:15,909 DEBUG [EBManual_Tabbar_JSSTTL-116708] runtest_bottom_xpath Button clicked Successfully
2016-01-27 22:20:15,909 DEBUG [EBManual_Tabbar_JSSTTL-116708] TestStepResult of ClickRunTest: pass
2016-01-27 22:20:15,909 DEBUG [EBManual_Tabbar_JSSTTL-116708] In execute keyword function
2016-01-27 22:20:15,909 DEBUG [EBManual_Tabbar_JSSTTL-116708] Executing wait function:
2016-01-27 22:20:15,909 DEBUG [EBManual_Tabbar_JSSTTL-116708] Started Executing wait function
2016-01-27 22:20:20,909 DEBUG [EBManual_Tabbar_JSSTTL-116708] Exiting from wait function
2016-01-27 22:20:20,909 DEBUG [EBManual_Tabbar_JSSTTL-116708] TestStepResult of wait: Pass
2016-01-27 22:20:20,909 DEBUG [EBManual_Tabbar_JSSTTL-116708] In execute keyword function
2016-01-27 22:20:20,909 DEBUG [EBManual_Tabbar_JSSTTL-116708] Executing TakeScreenshot function:
2016-01-27 22:20:22,854 DEBUG [EBManual_Tabbar_JSSTTL-116708] TestStepResult of TakeScreenshot: pass
2016-01-27 22:20:22,854 DEBUG [EBManual_Tabbar_JSSTTL-116708] In execute keyword function
2016-01-27 22:20:22,854 DEBUG [EBManual_Tabbar_JSSTTL-116708] Executing validate_Screenshot function:
2016-01-27 22:20:22,904 DEBUG [EBManual_Tabbar_JSSTTL-116708] Match found with reference image
2016-01-27 22:20:22,904 DEBUG [EBManual_Tabbar_JSSTTL-116708] Result of validate_Screenshot: Pass
2016-01-27 22:20:22,904 DEBUG [EBManual_Tabbar_JSSTTL-116708] allstep_result contains: passPasspasspasspassPassPassnull
2016-01-27 22:20:22,904 DEBUG [EBManual_Tabbar_JSSTTL-116708] allexpected_result contains: nullPassnullPassnullpassnullpassnull
2016-01-27 22:20:22,904 DEBUG [EBManual_Tabbar_JSSTTL-116708] Testcase_Result contains: nullPassnullPassnullpassnullpassnullpassPasspasspasspassPassPassnull
2016-01-27 22:20:22,904 DEBUG [EBManual_Tabbar_JSSTTL-116708] Test case with description Change the selected color of the tab only for one tab Pass
2016-01-27 22:20:23,875 DEBUG [EBManual_Tabbar_JSSTTL-116708] Executing browser_Quit function
2016-01-27 22:20:23,875 DEBUG [EBManual_Tabbar_JSSTTL-116708] Completed browser_Quit function
2016-01-27 22:20:23,875 DEBUG [EBManual_Tabbar_JSSTTL-116708] Completed quitSelendroid function
2016-01-27 22:20:23,876 DEBUG [EBManual_Tabbar_JSSTTL-116708] Row number:9
2016-01-27 22:20:23,909 DEBUG [EBManual_Tabbar_JSSTTL-116708] Ending Test Case IDSTTL-116708
