2016-01-27 22:18:12,755 DEBUG [EBManual_Tabbar_JSSTTL-116706] Executing Test Case ID: STTL-116706
2016-01-27 22:18:12,760 DEBUG [EBManual_Tabbar_JSSTTL-116706] Executing Init_Selendroid function with APK as parameter and clear data value with 1
2016-01-27 22:18:22,796 DEBUG [EBManual_Tabbar_JSSTTL-116706] Exiting Init_Selendroid function
2016-01-27 22:18:22,810 DEBUG [EBManual_Tabbar_JSSTTL-116706] TestCase with Description "Remove the Current Tab bar and replace with this one along with reload" Execution started
2016-01-27 22:18:22,810 DEBUG [EBManual_Tabbar_JSSTTL-116706] In execute keyword function
2016-01-27 22:18:22,810 DEBUG [EBManual_Tabbar_JSSTTL-116706] Executing wait function:
2016-01-27 22:18:22,810 DEBUG [EBManual_Tabbar_JSSTTL-116706] Started Executing wait function
2016-01-27 22:18:27,810 DEBUG [EBManual_Tabbar_JSSTTL-116706] Exiting from wait function
2016-01-27 22:18:27,810 DEBUG [EBManual_Tabbar_JSSTTL-116706] TestStepResult of wait: Pass
2016-01-27 22:18:27,810 DEBUG [EBManual_Tabbar_JSSTTL-116706] In execute keyword function
2016-01-27 22:18:27,810 DEBUG [EBManual_Tabbar_JSSTTL-116706] Executing validate_PageTitle function:
2016-01-27 22:18:27,849 DEBUG [EBManual_Tabbar_JSSTTL-116706] The title of the page is *********************************: Manual specs
2016-01-27 22:18:27,849 DEBUG [EBManual_Tabbar_JSSTTL-116706] The page title found is correct
2016-01-27 22:18:27,849 DEBUG [EBManual_Tabbar_JSSTTL-116706] Result of validate_PageTitle: pass
2016-01-27 22:18:27,849 DEBUG [EBManual_Tabbar_JSSTTL-116706] In execute keyword function
2016-01-27 22:18:27,849 DEBUG [EBManual_Tabbar_JSSTTL-116706] Executing link_Click function:
2016-01-27 22:18:28,519 DEBUG [EBManual_Tabbar_JSSTTL-116706] Executing Click function
2016-01-27 22:18:29,563 DEBUG [EBManual_Tabbar_JSSTTL-116706] Exiting Click function
2016-01-27 22:18:29,563 DEBUG [EBManual_Tabbar_JSSTTL-116706] tabbar_test_link clicked successfully
2016-01-27 22:18:29,563 DEBUG [EBManual_Tabbar_JSSTTL-116706] TestStepResult of link_Click: Pass
2016-01-27 22:18:29,563 DEBUG [EBManual_Tabbar_JSSTTL-116706] In execute keyword function
2016-01-27 22:18:29,563 DEBUG [EBManual_Tabbar_JSSTTL-116706] Executing validate_PageTitle function:
2016-01-27 22:18:29,582 DEBUG [EBManual_Tabbar_JSSTTL-116706] The title of the page is *********************************: Native Tabbar JS Test
2016-01-27 22:18:29,582 DEBUG [EBManual_Tabbar_JSSTTL-116706] The page title found is correct
2016-01-27 22:18:29,582 DEBUG [EBManual_Tabbar_JSSTTL-116706] Result of validate_PageTitle: pass
2016-01-27 22:18:29,582 DEBUG [EBManual_Tabbar_JSSTTL-116706] In execute keyword function
2016-01-27 22:18:29,582 DEBUG [EBManual_Tabbar_JSSTTL-116706] Executing SelectTestToRun function:
2016-01-27 22:18:32,200 DEBUG [EBManual_Tabbar_JSSTTL-116706] Successfull in selecting clicking the category
2016-01-27 22:18:32,200 DEBUG [EBManual_Tabbar_JSSTTL-116706] TestStepResult of SelectTestToRun: pass
2016-01-27 22:18:32,200 DEBUG [EBManual_Tabbar_JSSTTL-116706] In execute keyword function
2016-01-27 22:18:32,200 DEBUG [EBManual_Tabbar_JSSTTL-116706] Executing ClickRunTest function:
2016-01-27 22:18:32,546 DEBUG [EBManual_Tabbar_JSSTTL-116706] Executing Click function
2016-01-27 22:18:33,486 DEBUG [EBManual_Tabbar_JSSTTL-116706] Exiting Click function
2016-01-27 22:18:33,486 DEBUG [EBManual_Tabbar_JSSTTL-116706] runtest_top_xpath Button clicked Successfully
2016-01-27 22:18:33,486 DEBUG [EBManual_Tabbar_JSSTTL-116706] TestStepResult of ClickRunTest: pass
2016-01-27 22:18:33,486 DEBUG [EBManual_Tabbar_JSSTTL-116706] In execute keyword function
2016-01-27 22:18:33,486 DEBUG [EBManual_Tabbar_JSSTTL-116706] Executing validate_Text_Exists function:
2016-01-27 22:18:33,771 DEBUG [EBManual_Tabbar_JSSTTL-116706] VT283-0301 Testcase Text found
2016-01-27 22:18:33,771 DEBUG [EBManual_Tabbar_JSSTTL-116706] Result of validate_Text_Exists: Pass
2016-01-27 22:18:33,771 DEBUG [EBManual_Tabbar_JSSTTL-116706] In execute keyword function
2016-01-27 22:18:33,771 DEBUG [EBManual_Tabbar_JSSTTL-116706] Executing ClickRunTest function:
2016-01-27 22:18:34,075 DEBUG [EBManual_Tabbar_JSSTTL-116706] Executing Click function
2016-01-27 22:18:35,000 DEBUG [EBManual_Tabbar_JSSTTL-116706] Exiting Click function
2016-01-27 22:18:35,000 DEBUG [EBManual_Tabbar_JSSTTL-116706] runtest_bottom_xpath Button clicked Successfully
2016-01-27 22:18:35,000 DEBUG [EBManual_Tabbar_JSSTTL-116706] TestStepResult of ClickRunTest: pass
2016-01-27 22:18:35,000 DEBUG [EBManual_Tabbar_JSSTTL-116706] In execute keyword function
2016-01-27 22:18:35,000 DEBUG [EBManual_Tabbar_JSSTTL-116706] Executing wait function:
2016-01-27 22:18:35,000 DEBUG [EBManual_Tabbar_JSSTTL-116706] Started Executing wait function
2016-01-27 22:18:40,000 DEBUG [EBManual_Tabbar_JSSTTL-116706] Exiting from wait function
2016-01-27 22:18:40,000 DEBUG [EBManual_Tabbar_JSSTTL-116706] TestStepResult of wait: Pass
2016-01-27 22:18:40,000 DEBUG [EBManual_Tabbar_JSSTTL-116706] In execute keyword function
2016-01-27 22:18:40,000 DEBUG [EBManual_Tabbar_JSSTTL-116706] Executing TakeScreenshot function:
2016-01-27 22:18:41,704 DEBUG [EBManual_Tabbar_JSSTTL-116706] TestStepResult of TakeScreenshot: pass
2016-01-27 22:18:41,704 DEBUG [EBManual_Tabbar_JSSTTL-116706] In execute keyword function
2016-01-27 22:18:41,704 DEBUG [EBManual_Tabbar_JSSTTL-116706] Executing validate_Screenshot function:
2016-01-27 22:18:41,747 DEBUG [EBManual_Tabbar_JSSTTL-116706] Match found with reference image
2016-01-27 22:18:41,747 DEBUG [EBManual_Tabbar_JSSTTL-116706] Result of validate_Screenshot: Pass
2016-01-27 22:18:41,747 DEBUG [EBManual_Tabbar_JSSTTL-116706] In execute keyword function
2016-01-27 22:18:41,747 DEBUG [EBManual_Tabbar_JSSTTL-116706] Executing SwitchApp function:
2016-01-27 22:18:41,794 DEBUG [EBManual_Tabbar_JSSTTL-116706] Successfully switched to NATIVE_APP
2016-01-27 22:18:41,794 DEBUG [EBManual_Tabbar_JSSTTL-116706] TestStepResult of SwitchApp: Pass
2016-01-27 22:18:41,794 DEBUG [EBManual_Tabbar_JSSTTL-116706] In execute keyword function
2016-01-27 22:18:41,794 DEBUG [EBManual_Tabbar_JSSTTL-116706] Executing wait function:
2016-01-27 22:18:41,795 DEBUG [EBManual_Tabbar_JSSTTL-116706] Started Executing wait function
2016-01-27 22:18:43,795 DEBUG [EBManual_Tabbar_JSSTTL-116706] Exiting from wait function
2016-01-27 22:18:43,795 DEBUG [EBManual_Tabbar_JSSTTL-116706] TestStepResult of wait: Pass
2016-01-27 22:18:43,795 DEBUG [EBManual_Tabbar_JSSTTL-116706] In execute keyword function
2016-01-27 22:18:43,795 DEBUG [EBManual_Tabbar_JSSTTL-116706] Executing ClickNativeIcon function:
2016-01-27 22:18:44,822 DEBUG [EBManual_Tabbar_JSSTTL-116706] [[AppiumTouchActionExtension: selendroid on ANDROID (dd619df9-b41a-1387-617b-0dfb734de078)] -> xpath: //TextView[@id='title' and @value='MainPage']]Clicked successfully
2016-01-27 22:18:44,822 DEBUG [EBManual_Tabbar_JSSTTL-116706] TestStepResult of ClickNativeIcon: pass
2016-01-27 22:18:44,823 DEBUG [EBManual_Tabbar_JSSTTL-116706] In execute keyword function
2016-01-27 22:18:44,823 DEBUG [EBManual_Tabbar_JSSTTL-116706] Executing wait function:
2016-01-27 22:18:44,823 DEBUG [EBManual_Tabbar_JSSTTL-116706] Started Executing wait function
2016-01-27 22:18:46,823 DEBUG [EBManual_Tabbar_JSSTTL-116706] Exiting from wait function
2016-01-27 22:18:46,823 DEBUG [EBManual_Tabbar_JSSTTL-116706] TestStepResult of wait: Pass
2016-01-27 22:18:46,823 DEBUG [EBManual_Tabbar_JSSTTL-116706] In execute keyword function
2016-01-27 22:18:46,823 DEBUG [EBManual_Tabbar_JSSTTL-116706] Executing SwitchApp function:
2016-01-27 22:18:46,911 DEBUG [EBManual_Tabbar_JSSTTL-116706] Successfully switched to WEBVIEW
2016-01-27 22:18:46,911 DEBUG [EBManual_Tabbar_JSSTTL-116706] TestStepResult of SwitchApp: Pass
2016-01-27 22:18:46,911 DEBUG [EBManual_Tabbar_JSSTTL-116706] In execute keyword function
2016-01-27 22:18:46,911 DEBUG [EBManual_Tabbar_JSSTTL-116706] Executing SelectTestToRun function:
2016-01-27 22:18:51,102 DEBUG [EBManual_Tabbar_JSSTTL-116706] Successfull in selecting clicking the category
2016-01-27 22:18:51,102 DEBUG [EBManual_Tabbar_JSSTTL-116706] TestStepResult of SelectTestToRun: pass
2016-01-27 22:18:51,102 DEBUG [EBManual_Tabbar_JSSTTL-116706] In execute keyword function
2016-01-27 22:18:51,102 DEBUG [EBManual_Tabbar_JSSTTL-116706] Executing ClickRunTest function:
2016-01-27 22:18:51,443 DEBUG [EBManual_Tabbar_JSSTTL-116706] Executing Click function
2016-01-27 22:18:52,408 DEBUG [EBManual_Tabbar_JSSTTL-116706] Exiting Click function
2016-01-27 22:18:52,408 DEBUG [EBManual_Tabbar_JSSTTL-116706] runtest_top_xpath Button clicked Successfully
2016-01-27 22:18:52,408 DEBUG [EBManual_Tabbar_JSSTTL-116706] TestStepResult of ClickRunTest: pass
2016-01-27 22:18:52,408 DEBUG [EBManual_Tabbar_JSSTTL-116706] In execute keyword function
2016-01-27 22:18:52,408 DEBUG [EBManual_Tabbar_JSSTTL-116706] Executing validate_Text_Exists function:
2016-01-27 22:18:53,098 DEBUG [EBManual_Tabbar_JSSTTL-116706] VT283-0312 Testcase Text found
2016-01-27 22:18:53,098 DEBUG [EBManual_Tabbar_JSSTTL-116706] Result of validate_Text_Exists: Pass
2016-01-27 22:18:53,098 DEBUG [EBManual_Tabbar_JSSTTL-116706] In execute keyword function
2016-01-27 22:18:53,098 DEBUG [EBManual_Tabbar_JSSTTL-116706] Executing ClickRunTest function:
2016-01-27 22:18:53,416 DEBUG [EBManual_Tabbar_JSSTTL-116706] Executing Click function
2016-01-27 22:18:54,480 DEBUG [EBManual_Tabbar_JSSTTL-116706] Exiting Click function
2016-01-27 22:18:54,480 DEBUG [EBManual_Tabbar_JSSTTL-116706] runtest_bottom_xpath Button clicked Successfully
2016-01-27 22:18:54,480 DEBUG [EBManual_Tabbar_JSSTTL-116706] TestStepResult of ClickRunTest: pass
2016-01-27 22:18:54,480 DEBUG [EBManual_Tabbar_JSSTTL-116706] In execute keyword function
2016-01-27 22:18:54,480 DEBUG [EBManual_Tabbar_JSSTTL-116706] Executing wait function:
2016-01-27 22:18:54,480 DEBUG [EBManual_Tabbar_JSSTTL-116706] Started Executing wait function
2016-01-27 22:18:59,480 DEBUG [EBManual_Tabbar_JSSTTL-116706] Exiting from wait function
2016-01-27 22:18:59,480 DEBUG [EBManual_Tabbar_JSSTTL-116706] TestStepResult of wait: Pass
2016-01-27 22:18:59,480 DEBUG [EBManual_Tabbar_JSSTTL-116706] In execute keyword function
2016-01-27 22:18:59,480 DEBUG [EBManual_Tabbar_JSSTTL-116706] Executing TakeScreenshot function:
2016-01-27 22:19:01,103 DEBUG [EBManual_Tabbar_JSSTTL-116706] TestStepResult of TakeScreenshot: pass
2016-01-27 22:19:01,103 DEBUG [EBManual_Tabbar_JSSTTL-116706] In execute keyword function
2016-01-27 22:19:01,103 DEBUG [EBManual_Tabbar_JSSTTL-116706] Executing validate_Screenshot function:
2016-01-27 22:19:01,156 DEBUG [EBManual_Tabbar_JSSTTL-116706] Match found with reference image
2016-01-27 22:19:01,156 DEBUG [EBManual_Tabbar_JSSTTL-116706] Result of validate_Screenshot: Pass
2016-01-27 22:19:01,156 DEBUG [EBManual_Tabbar_JSSTTL-116706] In execute keyword function
2016-01-27 22:19:01,156 DEBUG [EBManual_Tabbar_JSSTTL-116706] TestStepResult of : Function <> not found in the keyword class
2016-01-27 22:19:01,156 DEBUG [EBManual_Tabbar_JSSTTL-116706] allstep_result contains: Function <> not found in the keyword classpassPasspasspasspassPassPasspassPassPasspassPasspasspasspassPassPassnull
2016-01-27 22:19:01,156 DEBUG [EBManual_Tabbar_JSSTTL-116706] allexpected_result contains: nullPassnullPassnullPassnullPassnullpassnullpassnull
2016-01-27 22:19:01,156 DEBUG [EBManual_Tabbar_JSSTTL-116706] Testcase_Result contains: nullPassnullPassnullPassnullPassnullpassnullpassnullFunction <> not found in the keyword classpassPasspasspasspassPassPasspassPassPasspassPasspasspasspassPassPassnull
2016-01-27 22:19:01,156 DEBUG [EBManual_Tabbar_JSSTTL-116706] Test case with description Remove the Current Tab bar and replace with this one along with reload Pass
2016-01-27 22:19:02,166 DEBUG [EBManual_Tabbar_JSSTTL-116706] Executing browser_Quit function
2016-01-27 22:19:02,167 DEBUG [EBManual_Tabbar_JSSTTL-116706] Completed browser_Quit function
2016-01-27 22:19:02,167 DEBUG [EBManual_Tabbar_JSSTTL-116706] Completed quitSelendroid function
2016-01-27 22:19:02,168 DEBUG [EBManual_Tabbar_JSSTTL-116706] Row number:7
2016-01-27 22:19:02,199 DEBUG [EBManual_Tabbar_JSSTTL-116706] Ending Test Case IDSTTL-116706
