2016-01-27 22:21:22,993 DEBUG [EBManual_Tabbar_JSSTTL-116711] Executing Test Case ID: STTL-116711
2016-01-27 22:21:22,998 DEBUG [EBManual_Tabbar_JSSTTL-116711] Executing Init_Selendroid function with APK as parameter and clear data value with 1
2016-01-27 22:21:33,062 DEBUG [EBManual_Tabbar_JSSTTL-116711] Exiting Init_Selendroid function
2016-01-27 22:21:33,075 DEBUG [EBManual_Tabbar_JSSTTL-116711] TestCase with Description "Tabbar with callabck" Execution started
2016-01-27 22:21:33,075 DEBUG [EBManual_Tabbar_JSSTTL-116711] In execute keyword function
2016-01-27 22:21:33,075 DEBUG [EBManual_Tabbar_JSSTTL-116711] Executing wait function:
2016-01-27 22:21:33,075 DEBUG [EBManual_Tabbar_JSSTTL-116711] Started Executing wait function
2016-01-27 22:21:38,075 DEBUG [EBManual_Tabbar_JSSTTL-116711] Exiting from wait function
2016-01-27 22:21:38,075 DEBUG [EBManual_Tabbar_JSSTTL-116711] TestStepResult of wait: Pass
2016-01-27 22:21:38,075 DEBUG [EBManual_Tabbar_JSSTTL-116711] In execute keyword function
2016-01-27 22:21:38,075 DEBUG [EBManual_Tabbar_JSSTTL-116711] Executing validate_PageTitle function:
2016-01-27 22:21:38,115 DEBUG [EBManual_Tabbar_JSSTTL-116711] The title of the page is *********************************: Manual specs
2016-01-27 22:21:38,115 DEBUG [EBManual_Tabbar_JSSTTL-116711] The page title found is correct
2016-01-27 22:21:38,115 DEBUG [EBManual_Tabbar_JSSTTL-116711] Result of validate_PageTitle: pass
2016-01-27 22:21:38,115 DEBUG [EBManual_Tabbar_JSSTTL-116711] In execute keyword function
2016-01-27 22:21:38,115 DEBUG [EBManual_Tabbar_JSSTTL-116711] Executing link_Click function:
2016-01-27 22:21:38,758 DEBUG [EBManual_Tabbar_JSSTTL-116711] Executing Click function
2016-01-27 22:21:39,836 DEBUG [EBManual_Tabbar_JSSTTL-116711] Exiting Click function
2016-01-27 22:21:39,836 DEBUG [EBManual_Tabbar_JSSTTL-116711] tabbar_test_link clicked successfully
2016-01-27 22:21:39,836 DEBUG [EBManual_Tabbar_JSSTTL-116711] TestStepResult of link_Click: Pass
2016-01-27 22:21:39,836 DEBUG [EBManual_Tabbar_JSSTTL-116711] In execute keyword function
2016-01-27 22:21:39,836 DEBUG [EBManual_Tabbar_JSSTTL-116711] Executing validate_PageTitle function:
2016-01-27 22:21:39,854 DEBUG [EBManual_Tabbar_JSSTTL-116711] The title of the page is *********************************: Native Tabbar JS Test
2016-01-27 22:21:39,855 DEBUG [EBManual_Tabbar_JSSTTL-116711] The page title found is correct
2016-01-27 22:21:39,855 DEBUG [EBManual_Tabbar_JSSTTL-116711] Result of validate_PageTitle: pass
2016-01-27 22:21:39,855 DEBUG [EBManual_Tabbar_JSSTTL-116711] In execute keyword function
2016-01-27 22:21:39,855 DEBUG [EBManual_Tabbar_JSSTTL-116711] Executing SelectTestToRun function:
2016-01-27 22:21:43,366 DEBUG [EBManual_Tabbar_JSSTTL-116711] Successfull in selecting clicking the category
2016-01-27 22:21:43,366 DEBUG [EBManual_Tabbar_JSSTTL-116711] TestStepResult of SelectTestToRun: pass
2016-01-27 22:21:43,366 DEBUG [EBManual_Tabbar_JSSTTL-116711] In execute keyword function
2016-01-27 22:21:43,366 DEBUG [EBManual_Tabbar_JSSTTL-116711] Executing ClickRunTest function:
2016-01-27 22:21:43,735 DEBUG [EBManual_Tabbar_JSSTTL-116711] Executing Click function
2016-01-27 22:21:44,638 DEBUG [EBManual_Tabbar_JSSTTL-116711] Exiting Click function
2016-01-27 22:21:44,638 DEBUG [EBManual_Tabbar_JSSTTL-116711] runtest_top_xpath Button clicked Successfully
2016-01-27 22:21:44,638 DEBUG [EBManual_Tabbar_JSSTTL-116711] TestStepResult of ClickRunTest: pass
2016-01-27 22:21:44,638 DEBUG [EBManual_Tabbar_JSSTTL-116711] In execute keyword function
2016-01-27 22:21:44,638 DEBUG [EBManual_Tabbar_JSSTTL-116711] Executing validate_Text_Exists function:
2016-01-27 22:21:45,247 DEBUG [EBManual_Tabbar_JSSTTL-116711] VT283-0324 Testcase Text found
2016-01-27 22:21:45,248 DEBUG [EBManual_Tabbar_JSSTTL-116711] Result of validate_Text_Exists: Pass
2016-01-27 22:21:45,248 DEBUG [EBManual_Tabbar_JSSTTL-116711] In execute keyword function
2016-01-27 22:21:45,248 DEBUG [EBManual_Tabbar_JSSTTL-116711] Executing ClickRunTest function:
2016-01-27 22:21:45,598 DEBUG [EBManual_Tabbar_JSSTTL-116711] Executing Click function
2016-01-27 22:21:46,512 DEBUG [EBManual_Tabbar_JSSTTL-116711] Exiting Click function
2016-01-27 22:21:46,512 DEBUG [EBManual_Tabbar_JSSTTL-116711] runtest_bottom_xpath Button clicked Successfully
2016-01-27 22:21:46,512 DEBUG [EBManual_Tabbar_JSSTTL-116711] TestStepResult of ClickRunTest: pass
2016-01-27 22:21:46,513 DEBUG [EBManual_Tabbar_JSSTTL-116711] In execute keyword function
2016-01-27 22:21:46,513 DEBUG [EBManual_Tabbar_JSSTTL-116711] Executing wait function:
2016-01-27 22:21:46,513 DEBUG [EBManual_Tabbar_JSSTTL-116711] Started Executing wait function
2016-01-27 22:21:51,513 DEBUG [EBManual_Tabbar_JSSTTL-116711] Exiting from wait function
2016-01-27 22:21:51,513 DEBUG [EBManual_Tabbar_JSSTTL-116711] TestStepResult of wait: Pass
2016-01-27 22:21:51,513 DEBUG [EBManual_Tabbar_JSSTTL-116711] In execute keyword function
2016-01-27 22:21:51,513 DEBUG [EBManual_Tabbar_JSSTTL-116711] Executing TakeScreenshot function:
2016-01-27 22:21:53,337 DEBUG [EBManual_Tabbar_JSSTTL-116711] TestStepResult of TakeScreenshot: pass
2016-01-27 22:21:53,338 DEBUG [EBManual_Tabbar_JSSTTL-116711] In execute keyword function
2016-01-27 22:21:53,338 DEBUG [EBManual_Tabbar_JSSTTL-116711] Executing validate_Screenshot function:
2016-01-27 22:21:53,379 DEBUG [EBManual_Tabbar_JSSTTL-116711] Match found with reference image
2016-01-27 22:21:53,379 DEBUG [EBManual_Tabbar_JSSTTL-116711] Result of validate_Screenshot: Pass
2016-01-27 22:21:53,379 DEBUG [EBManual_Tabbar_JSSTTL-116711] In execute keyword function
2016-01-27 22:21:53,379 DEBUG [EBManual_Tabbar_JSSTTL-116711] Executing SwitchApp function:
2016-01-27 22:21:53,445 DEBUG [EBManual_Tabbar_JSSTTL-116711] Successfully switched to NATIVE_APP
2016-01-27 22:21:53,445 DEBUG [EBManual_Tabbar_JSSTTL-116711] TestStepResult of SwitchApp: Pass
2016-01-27 22:21:53,445 DEBUG [EBManual_Tabbar_JSSTTL-116711] In execute keyword function
2016-01-27 22:21:53,445 DEBUG [EBManual_Tabbar_JSSTTL-116711] Executing wait function:
2016-01-27 22:21:53,445 DEBUG [EBManual_Tabbar_JSSTTL-116711] Started Executing wait function
2016-01-27 22:21:55,445 DEBUG [EBManual_Tabbar_JSSTTL-116711] Exiting from wait function
2016-01-27 22:21:55,445 DEBUG [EBManual_Tabbar_JSSTTL-116711] TestStepResult of wait: Pass
2016-01-27 22:21:55,445 DEBUG [EBManual_Tabbar_JSSTTL-116711] In execute keyword function
2016-01-27 22:21:55,445 DEBUG [EBManual_Tabbar_JSSTTL-116711] Executing ClickNativeIcon function:
2016-01-27 22:21:56,399 DEBUG [EBManual_Tabbar_JSSTTL-116711] [[AppiumTouchActionExtension: selendroid on ANDROID (e91bb7f8-879e-425a-045a-988d53f0b984)] -> xpath: //TextView[@id='title' and @value='Page1']]Clicked successfully
2016-01-27 22:21:56,399 DEBUG [EBManual_Tabbar_JSSTTL-116711] TestStepResult of ClickNativeIcon: pass
2016-01-27 22:21:56,399 DEBUG [EBManual_Tabbar_JSSTTL-116711] In execute keyword function
2016-01-27 22:21:56,399 DEBUG [EBManual_Tabbar_JSSTTL-116711] Executing CheckUITextContains function:
2016-01-27 22:21:56,399 DEBUG [EBManual_Tabbar_JSSTTL-116711] Started executeCommandLine function
2016-01-27 22:22:00,418 DEBUG [EBManual_Tabbar_JSSTTL-116711] Text is Present
2016-01-27 22:22:00,418 DEBUG [EBManual_Tabbar_JSSTTL-116711] TestStepResult of CheckUITextContains: Pass
2016-01-27 22:22:00,418 DEBUG [EBManual_Tabbar_JSSTTL-116711] allstep_result contains: PasspassPassPasspassPasspasspasspassPassPassnull
2016-01-27 22:22:00,418 DEBUG [EBManual_Tabbar_JSSTTL-116711] allexpected_result contains: nullPassnullPassnullpassnullpassnull
2016-01-27 22:22:00,418 DEBUG [EBManual_Tabbar_JSSTTL-116711] Testcase_Result contains: nullPassnullPassnullpassnullpassnullPasspassPassPasspassPasspasspasspassPassPassnull
2016-01-27 22:22:00,418 DEBUG [EBManual_Tabbar_JSSTTL-116711] Test case with description Tabbar with callabck Pass
2016-01-27 22:22:01,510 DEBUG [EBManual_Tabbar_JSSTTL-116711] Executing browser_Quit function
2016-01-27 22:22:01,510 DEBUG [EBManual_Tabbar_JSSTTL-116711] Completed browser_Quit function
2016-01-27 22:22:01,510 DEBUG [EBManual_Tabbar_JSSTTL-116711] Completed quitSelendroid function
2016-01-27 22:22:01,511 DEBUG [EBManual_Tabbar_JSSTTL-116711] Row number:12
2016-01-27 22:22:01,549 DEBUG [EBManual_Tabbar_JSSTTL-116711] Ending Test Case IDSTTL-116711
