2016-01-27 22:22:33,797 DEBUG [EBManual_Tabbar_JSSTTL-116713] Executing Test Case ID: STTL-116713
2016-01-27 22:22:33,805 DEBUG [EBManual_Tabbar_JSSTTL-116713] Executing Init_Selendroid function with APK as parameter and clear data value with 1
2016-01-27 22:22:43,768 DEBUG [EBManual_Tabbar_JSSTTL-116713] Exiting Init_Selendroid function
2016-01-27 22:22:43,781 DEBUG [EBManual_Tabbar_JSSTTL-116713] TestCase with Description "Create a Tabbar with 15 tabs" Execution started
2016-01-27 22:22:43,781 DEBUG [EBManual_Tabbar_JSSTTL-116713] In execute keyword function
2016-01-27 22:22:43,781 DEBUG [EBManual_Tabbar_JSSTTL-116713] Executing wait function:
2016-01-27 22:22:43,781 DEBUG [EBManual_Tabbar_JSSTTL-116713] Started Executing wait function
2016-01-27 22:22:48,781 DEBUG [EBManual_Tabbar_JSSTTL-116713] Exiting from wait function
2016-01-27 22:22:48,781 DEBUG [EBManual_Tabbar_JSSTTL-116713] TestStepResult of wait: Pass
2016-01-27 22:22:48,781 DEBUG [EBManual_Tabbar_JSSTTL-116713] In execute keyword function
2016-01-27 22:22:48,781 DEBUG [EBManual_Tabbar_JSSTTL-116713] Executing validate_PageTitle function:
2016-01-27 22:22:48,821 DEBUG [EBManual_Tabbar_JSSTTL-116713] The title of the page is *********************************: Manual specs
2016-01-27 22:22:48,821 DEBUG [EBManual_Tabbar_JSSTTL-116713] The page title found is correct
2016-01-27 22:22:48,821 DEBUG [EBManual_Tabbar_JSSTTL-116713] Result of validate_PageTitle: pass
2016-01-27 22:22:48,821 DEBUG [EBManual_Tabbar_JSSTTL-116713] In execute keyword function
2016-01-27 22:22:48,821 DEBUG [EBManual_Tabbar_JSSTTL-116713] Executing link_Click function:
2016-01-27 22:22:49,516 DEBUG [EBManual_Tabbar_JSSTTL-116713] Executing Click function
2016-01-27 22:22:50,707 DEBUG [EBManual_Tabbar_JSSTTL-116713] Exiting Click function
2016-01-27 22:22:50,707 DEBUG [EBManual_Tabbar_JSSTTL-116713] tabbar_test_link clicked successfully
2016-01-27 22:22:50,707 DEBUG [EBManual_Tabbar_JSSTTL-116713] TestStepResult of link_Click: Pass
2016-01-27 22:22:50,707 DEBUG [EBManual_Tabbar_JSSTTL-116713] In execute keyword function
2016-01-27 22:22:50,707 DEBUG [EBManual_Tabbar_JSSTTL-116713] Executing validate_PageTitle function:
2016-01-27 22:22:50,724 DEBUG [EBManual_Tabbar_JSSTTL-116713] The title of the page is *********************************: Native Tabbar JS Test
2016-01-27 22:22:50,724 DEBUG [EBManual_Tabbar_JSSTTL-116713] The page title found is correct
2016-01-27 22:22:50,724 DEBUG [EBManual_Tabbar_JSSTTL-116713] Result of validate_PageTitle: pass
2016-01-27 22:22:50,724 DEBUG [EBManual_Tabbar_JSSTTL-116713] In execute keyword function
2016-01-27 22:22:50,724 DEBUG [EBManual_Tabbar_JSSTTL-116713] Executing SelectTestToRun function:
2016-01-27 22:22:54,901 DEBUG [EBManual_Tabbar_JSSTTL-116713] Successfull in selecting clicking the category
2016-01-27 22:22:54,901 DEBUG [EBManual_Tabbar_JSSTTL-116713] TestStepResult of SelectTestToRun: pass
2016-01-27 22:22:54,901 DEBUG [EBManual_Tabbar_JSSTTL-116713] In execute keyword function
2016-01-27 22:22:54,901 DEBUG [EBManual_Tabbar_JSSTTL-116713] Executing ClickRunTest function:
2016-01-27 22:22:55,242 DEBUG [EBManual_Tabbar_JSSTTL-116713] Executing Click function
2016-01-27 22:22:56,169 DEBUG [EBManual_Tabbar_JSSTTL-116713] Exiting Click function
2016-01-27 22:22:56,169 DEBUG [EBManual_Tabbar_JSSTTL-116713] runtest_top_xpath Button clicked Successfully
2016-01-27 22:22:56,169 DEBUG [EBManual_Tabbar_JSSTTL-116713] TestStepResult of ClickRunTest: pass
2016-01-27 22:22:56,169 DEBUG [EBManual_Tabbar_JSSTTL-116713] In execute keyword function
2016-01-27 22:22:56,169 DEBUG [EBManual_Tabbar_JSSTTL-116713] Executing validate_Text_Exists function:
2016-01-27 22:22:56,795 DEBUG [EBManual_Tabbar_JSSTTL-116713] VT283-0343 Testcase Text found
2016-01-27 22:22:56,795 DEBUG [EBManual_Tabbar_JSSTTL-116713] Result of validate_Text_Exists: Pass
2016-01-27 22:22:56,795 DEBUG [EBManual_Tabbar_JSSTTL-116713] In execute keyword function
2016-01-27 22:22:56,795 DEBUG [EBManual_Tabbar_JSSTTL-116713] Executing ClickRunTest function:
2016-01-27 22:22:57,132 DEBUG [EBManual_Tabbar_JSSTTL-116713] Executing Click function
2016-01-27 22:22:58,040 DEBUG [EBManual_Tabbar_JSSTTL-116713] Exiting Click function
2016-01-27 22:22:58,040 DEBUG [EBManual_Tabbar_JSSTTL-116713] runtest_bottom_xpath Button clicked Successfully
2016-01-27 22:22:58,040 DEBUG [EBManual_Tabbar_JSSTTL-116713] TestStepResult of ClickRunTest: pass
2016-01-27 22:22:58,040 DEBUG [EBManual_Tabbar_JSSTTL-116713] In execute keyword function
2016-01-27 22:22:58,040 DEBUG [EBManual_Tabbar_JSSTTL-116713] Executing wait function:
2016-01-27 22:22:58,040 DEBUG [EBManual_Tabbar_JSSTTL-116713] Started Executing wait function
2016-01-27 22:23:03,040 DEBUG [EBManual_Tabbar_JSSTTL-116713] Exiting from wait function
2016-01-27 22:23:03,040 DEBUG [EBManual_Tabbar_JSSTTL-116713] TestStepResult of wait: Pass
2016-01-27 22:23:03,040 DEBUG [EBManual_Tabbar_JSSTTL-116713] In execute keyword function
2016-01-27 22:23:03,040 DEBUG [EBManual_Tabbar_JSSTTL-116713] Executing TakeScreenshot function:
2016-01-27 22:23:07,903 DEBUG [EBManual_Tabbar_JSSTTL-116713] TestStepResult of TakeScreenshot: pass
2016-01-27 22:23:07,903 DEBUG [EBManual_Tabbar_JSSTTL-116713] In execute keyword function
2016-01-27 22:23:07,903 DEBUG [EBManual_Tabbar_JSSTTL-116713] Executing validate_Screenshot function:
2016-01-27 22:23:07,956 DEBUG [EBManual_Tabbar_JSSTTL-116713] Match found with reference image
2016-01-27 22:23:07,956 DEBUG [EBManual_Tabbar_JSSTTL-116713] Result of validate_Screenshot: Pass
2016-01-27 22:23:07,956 DEBUG [EBManual_Tabbar_JSSTTL-116713] allstep_result contains: passPasspasspasspassPassPassnull
2016-01-27 22:23:07,956 DEBUG [EBManual_Tabbar_JSSTTL-116713] allexpected_result contains: nullPassnullPassnullpassnullpassnull
2016-01-27 22:23:07,956 DEBUG [EBManual_Tabbar_JSSTTL-116713] Testcase_Result contains: nullPassnullPassnullpassnullpassnullpassPasspasspasspassPassPassnull
2016-01-27 22:23:07,956 DEBUG [EBManual_Tabbar_JSSTTL-116713] Test case with description Create a Tabbar with 15 tabs Pass
2016-01-27 22:23:08,959 DEBUG [EBManual_Tabbar_JSSTTL-116713] Executing browser_Quit function
2016-01-27 22:23:08,959 DEBUG [EBManual_Tabbar_JSSTTL-116713] Completed browser_Quit function
2016-01-27 22:23:08,959 DEBUG [EBManual_Tabbar_JSSTTL-116713] Completed quitSelendroid function
2016-01-27 22:23:08,959 DEBUG [EBManual_Tabbar_JSSTTL-116713] Row number:14
2016-01-27 22:23:08,991 DEBUG [EBManual_Tabbar_JSSTTL-116713] Ending Test Case IDSTTL-116713
