2016-01-27 22:22:01,561 DEBUG [EBManual_Tabbar_JSSTTL-116712] Executing Test Case ID: STTL-116712
2016-01-27 22:22:01,567 DEBUG [EBManual_Tabbar_JSSTTL-116712] Executing Init_Selendroid function with APK as parameter and clear data value with 1
2016-01-27 22:22:11,964 DEBUG [EBManual_Tabbar_JSSTTL-116712] Exiting Init_Selendroid function
2016-01-27 22:22:11,977 DEBUG [EBManual_Tabbar_JSSTTL-116712] TestCase with Description "Create tabbar at the bottom of the page" Execution started
2016-01-27 22:22:11,978 DEBUG [EBManual_Tabbar_JSSTTL-116712] In execute keyword function
2016-01-27 22:22:11,978 DEBUG [EBManual_Tabbar_JSSTTL-116712] Executing wait function:
2016-01-27 22:22:11,978 DEBUG [EBManual_Tabbar_JSSTTL-116712] Started Executing wait function
2016-01-27 22:22:16,978 DEBUG [EBManual_Tabbar_JSSTTL-116712] Exiting from wait function
2016-01-27 22:22:16,978 DEBUG [EBManual_Tabbar_JSSTTL-116712] TestStepResult of wait: Pass
2016-01-27 22:22:16,978 DEBUG [EBManual_Tabbar_JSSTTL-116712] In execute keyword function
2016-01-27 22:22:16,978 DEBUG [EBManual_Tabbar_JSSTTL-116712] Executing validate_PageTitle function:
2016-01-27 22:22:17,020 DEBUG [EBManual_Tabbar_JSSTTL-116712] The title of the page is *********************************: Manual specs
2016-01-27 22:22:17,020 DEBUG [EBManual_Tabbar_JSSTTL-116712] The page title found is correct
2016-01-27 22:22:17,020 DEBUG [EBManual_Tabbar_JSSTTL-116712] Result of validate_PageTitle: pass
2016-01-27 22:22:17,020 DEBUG [EBManual_Tabbar_JSSTTL-116712] In execute keyword function
2016-01-27 22:22:17,020 DEBUG [EBManual_Tabbar_JSSTTL-116712] Executing link_Click function:
2016-01-27 22:22:17,653 DEBUG [EBManual_Tabbar_JSSTTL-116712] Executing Click function
2016-01-27 22:22:18,738 DEBUG [EBManual_Tabbar_JSSTTL-116712] Exiting Click function
2016-01-27 22:22:18,739 DEBUG [EBManual_Tabbar_JSSTTL-116712] tabbar_test_link clicked successfully
2016-01-27 22:22:18,739 DEBUG [EBManual_Tabbar_JSSTTL-116712] TestStepResult of link_Click: Pass
2016-01-27 22:22:18,739 DEBUG [EBManual_Tabbar_JSSTTL-116712] In execute keyword function
2016-01-27 22:22:18,739 DEBUG [EBManual_Tabbar_JSSTTL-116712] Executing validate_PageTitle function:
2016-01-27 22:22:18,756 DEBUG [EBManual_Tabbar_JSSTTL-116712] The title of the page is *********************************: Native Tabbar JS Test
2016-01-27 22:22:18,756 DEBUG [EBManual_Tabbar_JSSTTL-116712] The page title found is correct
2016-01-27 22:22:18,756 DEBUG [EBManual_Tabbar_JSSTTL-116712] Result of validate_PageTitle: pass
2016-01-27 22:22:18,756 DEBUG [EBManual_Tabbar_JSSTTL-116712] In execute keyword function
2016-01-27 22:22:18,756 DEBUG [EBManual_Tabbar_JSSTTL-116712] Executing SelectTestToRun function:
2016-01-27 22:22:22,482 DEBUG [EBManual_Tabbar_JSSTTL-116712] Successfull in selecting clicking the category
2016-01-27 22:22:22,482 DEBUG [EBManual_Tabbar_JSSTTL-116712] TestStepResult of SelectTestToRun: pass
2016-01-27 22:22:22,482 DEBUG [EBManual_Tabbar_JSSTTL-116712] In execute keyword function
2016-01-27 22:22:22,482 DEBUG [EBManual_Tabbar_JSSTTL-116712] Executing ClickRunTest function:
2016-01-27 22:22:22,895 DEBUG [EBManual_Tabbar_JSSTTL-116712] Executing Click function
2016-01-27 22:22:23,847 DEBUG [EBManual_Tabbar_JSSTTL-116712] Exiting Click function
2016-01-27 22:22:23,847 DEBUG [EBManual_Tabbar_JSSTTL-116712] runtest_top_xpath Button clicked Successfully
2016-01-27 22:22:23,847 DEBUG [EBManual_Tabbar_JSSTTL-116712] TestStepResult of ClickRunTest: pass
2016-01-27 22:22:23,847 DEBUG [EBManual_Tabbar_JSSTTL-116712] In execute keyword function
2016-01-27 22:22:23,847 DEBUG [EBManual_Tabbar_JSSTTL-116712] Executing validate_Text_Exists function:
2016-01-27 22:22:24,435 DEBUG [EBManual_Tabbar_JSSTTL-116712] VT283-0335 Testcase Text found
2016-01-27 22:22:24,435 DEBUG [EBManual_Tabbar_JSSTTL-116712] Result of validate_Text_Exists: Pass
2016-01-27 22:22:24,436 DEBUG [EBManual_Tabbar_JSSTTL-116712] In execute keyword function
2016-01-27 22:22:24,436 DEBUG [EBManual_Tabbar_JSSTTL-116712] Executing ClickRunTest function:
2016-01-27 22:22:24,764 DEBUG [EBManual_Tabbar_JSSTTL-116712] Executing Click function
2016-01-27 22:22:25,704 DEBUG [EBManual_Tabbar_JSSTTL-116712] Exiting Click function
2016-01-27 22:22:25,704 DEBUG [EBManual_Tabbar_JSSTTL-116712] runtest_bottom_xpath Button clicked Successfully
2016-01-27 22:22:25,704 DEBUG [EBManual_Tabbar_JSSTTL-116712] TestStepResult of ClickRunTest: pass
2016-01-27 22:22:25,704 DEBUG [EBManual_Tabbar_JSSTTL-116712] In execute keyword function
2016-01-27 22:22:25,704 DEBUG [EBManual_Tabbar_JSSTTL-116712] Executing wait function:
2016-01-27 22:22:25,704 DEBUG [EBManual_Tabbar_JSSTTL-116712] Started Executing wait function
2016-01-27 22:22:30,704 DEBUG [EBManual_Tabbar_JSSTTL-116712] Exiting from wait function
2016-01-27 22:22:30,704 DEBUG [EBManual_Tabbar_JSSTTL-116712] TestStepResult of wait: Pass
2016-01-27 22:22:30,704 DEBUG [EBManual_Tabbar_JSSTTL-116712] In execute keyword function
2016-01-27 22:22:30,704 DEBUG [EBManual_Tabbar_JSSTTL-116712] Executing TakeScreenshot function:
2016-01-27 22:22:32,631 DEBUG [EBManual_Tabbar_JSSTTL-116712] TestStepResult of TakeScreenshot: pass
2016-01-27 22:22:32,631 DEBUG [EBManual_Tabbar_JSSTTL-116712] In execute keyword function
2016-01-27 22:22:32,631 DEBUG [EBManual_Tabbar_JSSTTL-116712] Executing validate_Screenshot function:
2016-01-27 22:22:32,681 DEBUG [EBManual_Tabbar_JSSTTL-116712] Match found with reference image
2016-01-27 22:22:32,681 DEBUG [EBManual_Tabbar_JSSTTL-116712] Result of validate_Screenshot: Pass
2016-01-27 22:22:32,681 DEBUG [EBManual_Tabbar_JSSTTL-116712] allstep_result contains: passPasspasspasspassPassPassnull
2016-01-27 22:22:32,681 DEBUG [EBManual_Tabbar_JSSTTL-116712] allexpected_result contains: nullPassnullPassnullpassnullpassnull
2016-01-27 22:22:32,681 DEBUG [EBManual_Tabbar_JSSTTL-116712] Testcase_Result contains: nullPassnullPassnullpassnullpassnullpassPasspasspasspassPassPassnull
2016-01-27 22:22:32,681 DEBUG [EBManual_Tabbar_JSSTTL-116712] Test case with description Create tabbar at the bottom of the page Pass
2016-01-27 22:22:33,726 DEBUG [EBManual_Tabbar_JSSTTL-116712] Executing browser_Quit function
2016-01-27 22:22:33,726 DEBUG [EBManual_Tabbar_JSSTTL-116712] Completed browser_Quit function
2016-01-27 22:22:33,726 DEBUG [EBManual_Tabbar_JSSTTL-116712] Completed quitSelendroid function
2016-01-27 22:22:33,727 DEBUG [EBManual_Tabbar_JSSTTL-116712] Row number:13
2016-01-27 22:22:33,773 DEBUG [EBManual_Tabbar_JSSTTL-116712] Ending Test Case IDSTTL-116712
