2016-01-27 22:15:32,099 DEBUG [EBManual_Tabbar_JSSTTL-116703] Executing Test Case ID: STTL-116703
2016-01-27 22:15:32,104 DEBUG [EBManual_Tabbar_JSSTTL-116703] Executing Init_Selendroid function with APK as parameter and clear data value with 1
2016-01-27 22:15:43,215 DEBUG [EBManual_Tabbar_JSSTTL-116703] Exiting Init_Selendroid function
2016-01-27 22:15:43,229 DEBUG [EBManual_Tabbar_JSSTTL-116703] TestCase with Description "Current tabindex on second page" Execution started
2016-01-27 22:15:43,229 DEBUG [EBManual_Tabbar_JSSTTL-116703] In execute keyword function
2016-01-27 22:15:43,229 DEBUG [EBManual_Tabbar_JSSTTL-116703] Executing wait function:
2016-01-27 22:15:43,229 DEBUG [EBManual_Tabbar_JSSTTL-116703] Started Executing wait function
2016-01-27 22:15:48,229 DEBUG [EBManual_Tabbar_JSSTTL-116703] Exiting from wait function
2016-01-27 22:15:48,229 DEBUG [EBManual_Tabbar_JSSTTL-116703] TestStepResult of wait: Pass
2016-01-27 22:15:48,229 DEBUG [EBManual_Tabbar_JSSTTL-116703] In execute keyword function
2016-01-27 22:15:48,229 DEBUG [EBManual_Tabbar_JSSTTL-116703] Executing validate_PageTitle function:
2016-01-27 22:15:48,274 DEBUG [EBManual_Tabbar_JSSTTL-116703] The title of the page is *********************************: Manual specs
2016-01-27 22:15:48,274 DEBUG [EBManual_Tabbar_JSSTTL-116703] The page title found is correct
2016-01-27 22:15:48,274 DEBUG [EBManual_Tabbar_JSSTTL-116703] Result of validate_PageTitle: pass
2016-01-27 22:15:48,274 DEBUG [EBManual_Tabbar_JSSTTL-116703] In execute keyword function
2016-01-27 22:15:48,274 DEBUG [EBManual_Tabbar_JSSTTL-116703] Executing link_Click function:
2016-01-27 22:15:48,968 DEBUG [EBManual_Tabbar_JSSTTL-116703] Executing Click function
2016-01-27 22:15:50,031 DEBUG [EBManual_Tabbar_JSSTTL-116703] Exiting Click function
2016-01-27 22:15:50,031 DEBUG [EBManual_Tabbar_JSSTTL-116703] tabbar_test_link clicked successfully
2016-01-27 22:15:50,031 DEBUG [EBManual_Tabbar_JSSTTL-116703] TestStepResult of link_Click: Pass
2016-01-27 22:15:50,031 DEBUG [EBManual_Tabbar_JSSTTL-116703] In execute keyword function
2016-01-27 22:15:50,031 DEBUG [EBManual_Tabbar_JSSTTL-116703] Executing validate_PageTitle function:
2016-01-27 22:15:50,061 DEBUG [EBManual_Tabbar_JSSTTL-116703] The title of the page is *********************************: Native Tabbar JS Test
2016-01-27 22:15:50,061 DEBUG [EBManual_Tabbar_JSSTTL-116703] The page title found is correct
2016-01-27 22:15:50,061 DEBUG [EBManual_Tabbar_JSSTTL-116703] Result of validate_PageTitle: pass
2016-01-27 22:15:50,061 DEBUG [EBManual_Tabbar_JSSTTL-116703] In execute keyword function
2016-01-27 22:15:50,061 DEBUG [EBManual_Tabbar_JSSTTL-116703] Executing SelectTestToRun function:
2016-01-27 22:15:53,113 DEBUG [EBManual_Tabbar_JSSTTL-116703] Successfull in selecting clicking the category
2016-01-27 22:15:53,113 DEBUG [EBManual_Tabbar_JSSTTL-116703] TestStepResult of SelectTestToRun: pass
2016-01-27 22:15:53,113 DEBUG [EBManual_Tabbar_JSSTTL-116703] In execute keyword function
2016-01-27 22:15:53,113 DEBUG [EBManual_Tabbar_JSSTTL-116703] Executing ClickRunTest function:
2016-01-27 22:15:53,467 DEBUG [EBManual_Tabbar_JSSTTL-116703] Executing Click function
2016-01-27 22:15:54,401 DEBUG [EBManual_Tabbar_JSSTTL-116703] Exiting Click function
2016-01-27 22:15:54,401 DEBUG [EBManual_Tabbar_JSSTTL-116703] runtest_top_xpath Button clicked Successfully
2016-01-27 22:15:54,401 DEBUG [EBManual_Tabbar_JSSTTL-116703] TestStepResult of ClickRunTest: pass
2016-01-27 22:15:54,401 DEBUG [EBManual_Tabbar_JSSTTL-116703] In execute keyword function
2016-01-27 22:15:54,402 DEBUG [EBManual_Tabbar_JSSTTL-116703] Executing validate_Text_Exists function:
2016-01-27 22:15:55,069 DEBUG [EBManual_Tabbar_JSSTTL-116703] VT283-0310 Testcase Text found
2016-01-27 22:15:55,069 DEBUG [EBManual_Tabbar_JSSTTL-116703] Result of validate_Text_Exists: Pass
2016-01-27 22:15:55,069 DEBUG [EBManual_Tabbar_JSSTTL-116703] In execute keyword function
2016-01-27 22:15:55,069 DEBUG [EBManual_Tabbar_JSSTTL-116703] Executing ClickRunTest function:
2016-01-27 22:15:55,375 DEBUG [EBManual_Tabbar_JSSTTL-116703] Executing Click function
2016-01-27 22:15:56,301 DEBUG [EBManual_Tabbar_JSSTTL-116703] Exiting Click function
2016-01-27 22:15:56,301 DEBUG [EBManual_Tabbar_JSSTTL-116703] runtest_bottom_xpath Button clicked Successfully
2016-01-27 22:15:56,301 DEBUG [EBManual_Tabbar_JSSTTL-116703] TestStepResult of ClickRunTest: pass
2016-01-27 22:15:56,301 DEBUG [EBManual_Tabbar_JSSTTL-116703] In execute keyword function
2016-01-27 22:15:56,301 DEBUG [EBManual_Tabbar_JSSTTL-116703] Executing wait function:
2016-01-27 22:15:56,301 DEBUG [EBManual_Tabbar_JSSTTL-116703] Started Executing wait function
2016-01-27 22:16:01,301 DEBUG [EBManual_Tabbar_JSSTTL-116703] Exiting from wait function
2016-01-27 22:16:01,301 DEBUG [EBManual_Tabbar_JSSTTL-116703] TestStepResult of wait: Pass
2016-01-27 22:16:01,301 DEBUG [EBManual_Tabbar_JSSTTL-116703] In execute keyword function
2016-01-27 22:16:01,301 DEBUG [EBManual_Tabbar_JSSTTL-116703] Executing TakeScreenshot function:
2016-01-27 22:16:03,172 DEBUG [EBManual_Tabbar_JSSTTL-116703] TestStepResult of TakeScreenshot: pass
2016-01-27 22:16:03,172 DEBUG [EBManual_Tabbar_JSSTTL-116703] In execute keyword function
2016-01-27 22:16:03,172 DEBUG [EBManual_Tabbar_JSSTTL-116703] Executing validate_Screenshot function:
2016-01-27 22:16:03,215 DEBUG [EBManual_Tabbar_JSSTTL-116703] Match found with reference image
2016-01-27 22:16:03,215 DEBUG [EBManual_Tabbar_JSSTTL-116703] Result of validate_Screenshot: Pass
2016-01-27 22:16:03,215 DEBUG [EBManual_Tabbar_JSSTTL-116703] allstep_result contains: passPasspasspasspassPassPassnull
2016-01-27 22:16:03,215 DEBUG [EBManual_Tabbar_JSSTTL-116703] allexpected_result contains: nullPassnullPassnullpassnullpassnull
2016-01-27 22:16:03,215 DEBUG [EBManual_Tabbar_JSSTTL-116703] Testcase_Result contains: nullPassnullPassnullpassnullpassnullpassPasspasspasspassPassPassnull
2016-01-27 22:16:03,215 DEBUG [EBManual_Tabbar_JSSTTL-116703] Test case with description Current tabindex on second page Pass
2016-01-27 22:16:04,223 DEBUG [EBManual_Tabbar_JSSTTL-116703] Executing browser_Quit function
2016-01-27 22:16:04,223 DEBUG [EBManual_Tabbar_JSSTTL-116703] Completed browser_Quit function
2016-01-27 22:16:04,223 DEBUG [EBManual_Tabbar_JSSTTL-116703] Completed quitSelendroid function
2016-01-27 22:16:04,223 DEBUG [EBManual_Tabbar_JSSTTL-116703] Row number:4
2016-01-27 22:16:04,250 DEBUG [EBManual_Tabbar_JSSTTL-116703] Ending Test Case IDSTTL-116703
