2016-01-27 22:15:02,681 DEBUG [EBManual_Tabbar_JSSTTL-116702] Executing Test Case ID: STTL-116702
2016-01-27 22:15:02,689 DEBUG [EBManual_Tabbar_JSSTTL-116702] Executing Init_Selendroid function with APK as parameter and clear data value with 1
2016-01-27 22:15:11,731 DEBUG [EBManual_Tabbar_JSSTTL-116702] Exiting Init_Selendroid function
2016-01-27 22:15:11,745 DEBUG [EBManual_Tabbar_JSSTTL-116702] TestCase with Description "switch the active tab to second" Execution started
2016-01-27 22:15:11,745 DEBUG [EBManual_Tabbar_JSSTTL-116702] In execute keyword function
2016-01-27 22:15:11,745 DEBUG [EBManual_Tabbar_JSSTTL-116702] Executing wait function:
2016-01-27 22:15:11,745 DEBUG [EBManual_Tabbar_JSSTTL-116702] Started Executing wait function
2016-01-27 22:15:16,745 DEBUG [EBManual_Tabbar_JSSTTL-116702] Exiting from wait function
2016-01-27 22:15:16,745 DEBUG [EBManual_Tabbar_JSSTTL-116702] TestStepResult of wait: Pass
2016-01-27 22:15:16,745 DEBUG [EBManual_Tabbar_JSSTTL-116702] In execute keyword function
2016-01-27 22:15:16,745 DEBUG [EBManual_Tabbar_JSSTTL-116702] Executing validate_PageTitle function:
2016-01-27 22:15:16,790 DEBUG [EBManual_Tabbar_JSSTTL-116702] The title of the page is *********************************: Manual specs
2016-01-27 22:15:16,790 DEBUG [EBManual_Tabbar_JSSTTL-116702] The page title found is correct
2016-01-27 22:15:16,790 DEBUG [EBManual_Tabbar_JSSTTL-116702] Result of validate_PageTitle: pass
2016-01-27 22:15:16,790 DEBUG [EBManual_Tabbar_JSSTTL-116702] In execute keyword function
2016-01-27 22:15:16,790 DEBUG [EBManual_Tabbar_JSSTTL-116702] Executing link_Click function:
2016-01-27 22:15:17,551 DEBUG [EBManual_Tabbar_JSSTTL-116702] Executing Click function
2016-01-27 22:15:18,752 DEBUG [EBManual_Tabbar_JSSTTL-116702] Exiting Click function
2016-01-27 22:15:18,752 DEBUG [EBManual_Tabbar_JSSTTL-116702] tabbar_test_link clicked successfully
2016-01-27 22:15:18,752 DEBUG [EBManual_Tabbar_JSSTTL-116702] TestStepResult of link_Click: Pass
2016-01-27 22:15:18,753 DEBUG [EBManual_Tabbar_JSSTTL-116702] In execute keyword function
2016-01-27 22:15:18,753 DEBUG [EBManual_Tabbar_JSSTTL-116702] Executing validate_PageTitle function:
2016-01-27 22:15:18,773 DEBUG [EBManual_Tabbar_JSSTTL-116702] The title of the page is *********************************: Native Tabbar JS Test
2016-01-27 22:15:18,773 DEBUG [EBManual_Tabbar_JSSTTL-116702] The page title found is correct
2016-01-27 22:15:18,773 DEBUG [EBManual_Tabbar_JSSTTL-116702] Result of validate_PageTitle: pass
2016-01-27 22:15:18,773 DEBUG [EBManual_Tabbar_JSSTTL-116702] In execute keyword function
2016-01-27 22:15:18,773 DEBUG [EBManual_Tabbar_JSSTTL-116702] Executing SelectTestToRun function:
2016-01-27 22:15:21,383 DEBUG [EBManual_Tabbar_JSSTTL-116702] Successfull in selecting clicking the category
2016-01-27 22:15:21,383 DEBUG [EBManual_Tabbar_JSSTTL-116702] TestStepResult of SelectTestToRun: pass
2016-01-27 22:15:21,383 DEBUG [EBManual_Tabbar_JSSTTL-116702] In execute keyword function
2016-01-27 22:15:21,383 DEBUG [EBManual_Tabbar_JSSTTL-116702] Executing ClickRunTest function:
2016-01-27 22:15:21,705 DEBUG [EBManual_Tabbar_JSSTTL-116702] Executing Click function
2016-01-27 22:15:22,663 DEBUG [EBManual_Tabbar_JSSTTL-116702] Exiting Click function
2016-01-27 22:15:22,663 DEBUG [EBManual_Tabbar_JSSTTL-116702] runtest_top_xpath Button clicked Successfully
2016-01-27 22:15:22,663 DEBUG [EBManual_Tabbar_JSSTTL-116702] TestStepResult of ClickRunTest: pass
2016-01-27 22:15:22,663 DEBUG [EBManual_Tabbar_JSSTTL-116702] In execute keyword function
2016-01-27 22:15:22,663 DEBUG [EBManual_Tabbar_JSSTTL-116702] Executing validate_Text_Exists function:
2016-01-27 22:15:22,959 DEBUG [EBManual_Tabbar_JSSTTL-116702] VT283-0301 Testcase Text found
2016-01-27 22:15:22,959 DEBUG [EBManual_Tabbar_JSSTTL-116702] Result of validate_Text_Exists: Pass
2016-01-27 22:15:22,959 DEBUG [EBManual_Tabbar_JSSTTL-116702] In execute keyword function
2016-01-27 22:15:22,959 DEBUG [EBManual_Tabbar_JSSTTL-116702] Executing ClickRunTest function:
2016-01-27 22:15:23,295 DEBUG [EBManual_Tabbar_JSSTTL-116702] Executing Click function
2016-01-27 22:15:24,264 DEBUG [EBManual_Tabbar_JSSTTL-116702] Exiting Click function
2016-01-27 22:15:24,265 DEBUG [EBManual_Tabbar_JSSTTL-116702] runtest_bottom_xpath Button clicked Successfully
2016-01-27 22:15:24,265 DEBUG [EBManual_Tabbar_JSSTTL-116702] TestStepResult of ClickRunTest: pass
2016-01-27 22:15:24,265 DEBUG [EBManual_Tabbar_JSSTTL-116702] In execute keyword function
2016-01-27 22:15:24,265 DEBUG [EBManual_Tabbar_JSSTTL-116702] Executing wait function:
2016-01-27 22:15:24,265 DEBUG [EBManual_Tabbar_JSSTTL-116702] Started Executing wait function
2016-01-27 22:15:29,265 DEBUG [EBManual_Tabbar_JSSTTL-116702] Exiting from wait function
2016-01-27 22:15:29,265 DEBUG [EBManual_Tabbar_JSSTTL-116702] TestStepResult of wait: Pass
2016-01-27 22:15:29,265 DEBUG [EBManual_Tabbar_JSSTTL-116702] In execute keyword function
2016-01-27 22:15:29,265 DEBUG [EBManual_Tabbar_JSSTTL-116702] Executing TakeScreenshot function:
2016-01-27 22:15:30,901 DEBUG [EBManual_Tabbar_JSSTTL-116702] TestStepResult of TakeScreenshot: pass
2016-01-27 22:15:30,901 DEBUG [EBManual_Tabbar_JSSTTL-116702] In execute keyword function
2016-01-27 22:15:30,901 DEBUG [EBManual_Tabbar_JSSTTL-116702] Executing validate_Screenshot function:
2016-01-27 22:15:30,969 DEBUG [EBManual_Tabbar_JSSTTL-116702] Match found with reference image
2016-01-27 22:15:30,969 DEBUG [EBManual_Tabbar_JSSTTL-116702] Result of validate_Screenshot: Pass
2016-01-27 22:15:30,969 DEBUG [EBManual_Tabbar_JSSTTL-116702] In execute keyword function
2016-01-27 22:15:30,969 DEBUG [EBManual_Tabbar_JSSTTL-116702] TestStepResult of : Function <> not found in the keyword class
2016-01-27 22:15:30,969 DEBUG [EBManual_Tabbar_JSSTTL-116702] allstep_result contains: Function <> not found in the keyword classpassPasspasspasspassPassPassnull
2016-01-27 22:15:30,969 DEBUG [EBManual_Tabbar_JSSTTL-116702] allexpected_result contains: nullPassnullPassnullpassnullpassnull
2016-01-27 22:15:30,969 DEBUG [EBManual_Tabbar_JSSTTL-116702] Testcase_Result contains: nullPassnullPassnullpassnullpassnullFunction <> not found in the keyword classpassPasspasspasspassPassPassnull
2016-01-27 22:15:30,969 DEBUG [EBManual_Tabbar_JSSTTL-116702] Test case with description switch the active tab to second Pass
2016-01-27 22:15:32,054 DEBUG [EBManual_Tabbar_JSSTTL-116702] Executing browser_Quit function
2016-01-27 22:15:32,054 DEBUG [EBManual_Tabbar_JSSTTL-116702] Completed browser_Quit function
2016-01-27 22:15:32,054 DEBUG [EBManual_Tabbar_JSSTTL-116702] Completed quitSelendroid function
2016-01-27 22:15:32,054 DEBUG [EBManual_Tabbar_JSSTTL-116702] Row number:3
2016-01-27 22:15:32,084 DEBUG [EBManual_Tabbar_JSSTTL-116702] Ending Test Case IDSTTL-116702
