2016-01-27 22:14:06,347 DEBUG [EBManual_Tabbar_JSSTTL-116701] Executing Test Case ID: STTL-116701
2016-01-27 22:14:41,410 DEBUG [EBManual_Tabbar_JSSTTL-116701] Executing Init_Selendroid function with APK as parameter and clear data value with 1
2016-01-27 22:14:50,521 DEBUG [EBManual_Tabbar_JSSTTL-116701] Exiting Init_Selendroid function
2016-01-27 22:14:50,534 DEBUG [EBManual_Tabbar_JSSTTL-116701] TestCase with Description "Change Start page" Execution started
2016-01-27 22:14:50,534 DEBUG [EBManual_Tabbar_JSSTTL-116701] In execute keyword function
2016-01-27 22:14:50,534 DEBUG [EBManual_Tabbar_JSSTTL-116701] Executing wait function:
2016-01-27 22:14:50,534 DEBUG [EBManual_Tabbar_JSSTTL-116701] Started Executing wait function
2016-01-27 22:14:53,535 DEBUG [EBManual_Tabbar_JSSTTL-116701] Exiting from wait function
2016-01-27 22:14:53,535 DEBUG [EBManual_Tabbar_JSSTTL-116701] TestStepResult of wait: Pass
2016-01-27 22:14:53,535 DEBUG [EBManual_Tabbar_JSSTTL-116701] In execute keyword function
2016-01-27 22:14:53,535 DEBUG [EBManual_Tabbar_JSSTTL-116701] Executing PullConfigxml function:
2016-01-27 22:14:53,535 DEBUG [EBManual_Tabbar_JSSTTL-116701] Started executeCommandLine function
2016-01-27 22:14:57,552 DEBUG [EBManual_Tabbar_JSSTTL-116701] TestStepResult of PullConfigxml: Pass
2016-01-27 22:14:57,552 DEBUG [EBManual_Tabbar_JSSTTL-116701] In execute keyword function
2016-01-27 22:14:57,552 DEBUG [EBManual_Tabbar_JSSTTL-116701] Executing ChangeConfigxml function:
2016-01-27 22:14:57,552 DEBUG [EBManual_Tabbar_JSSTTL-116701] Executing ChangeConfigxml function
2016-01-27 22:14:57,554 DEBUG [EBManual_Tabbar_JSSTTL-116701] TestStepResult of ChangeConfigxml: Pass
2016-01-27 22:14:57,554 DEBUG [EBManual_Tabbar_JSSTTL-116701] In execute keyword function
2016-01-27 22:14:57,554 DEBUG [EBManual_Tabbar_JSSTTL-116701] Executing ChangeConfigxml function:
2016-01-27 22:14:57,554 DEBUG [EBManual_Tabbar_JSSTTL-116701] Executing ChangeConfigxml function
2016-01-27 22:14:57,556 DEBUG [EBManual_Tabbar_JSSTTL-116701] TestStepResult of ChangeConfigxml: Pass
2016-01-27 22:14:57,556 DEBUG [EBManual_Tabbar_JSSTTL-116701] In execute keyword function
2016-01-27 22:14:57,556 DEBUG [EBManual_Tabbar_JSSTTL-116701] Executing ChangeConfigxml function:
2016-01-27 22:14:57,556 DEBUG [EBManual_Tabbar_JSSTTL-116701] Executing ChangeConfigxml function
2016-01-27 22:14:57,558 DEBUG [EBManual_Tabbar_JSSTTL-116701] TestStepResult of ChangeConfigxml: Pass
2016-01-27 22:14:57,558 DEBUG [EBManual_Tabbar_JSSTTL-116701] In execute keyword function
2016-01-27 22:14:57,558 DEBUG [EBManual_Tabbar_JSSTTL-116701] Executing PushConfigxml function:
2016-01-27 22:14:57,558 DEBUG [EBManual_Tabbar_JSSTTL-116701] Started executeCommandLine function
2016-01-27 22:15:01,577 DEBUG [EBManual_Tabbar_JSSTTL-116701] TestStepResult of PushConfigxml: Pass
2016-01-27 22:15:01,577 DEBUG [EBManual_Tabbar_JSSTTL-116701] allstep_result contains: PassPassPassPassPassPassnull
2016-01-27 22:15:01,577 DEBUG [EBManual_Tabbar_JSSTTL-116701] allexpected_result contains: null
2016-01-27 22:15:01,577 DEBUG [EBManual_Tabbar_JSSTTL-116701] Testcase_Result contains: nullPassPassPassPassPassPassnull
2016-01-27 22:15:01,577 DEBUG [EBManual_Tabbar_JSSTTL-116701] Test case with description Change Start page Pass
2016-01-27 22:15:02,630 DEBUG [EBManual_Tabbar_JSSTTL-116701] Executing browser_Quit function
2016-01-27 22:15:02,631 DEBUG [EBManual_Tabbar_JSSTTL-116701] Completed browser_Quit function
2016-01-27 22:15:02,631 DEBUG [EBManual_Tabbar_JSSTTL-116701] Completed quitSelendroid function
2016-01-27 22:15:02,631 DEBUG [EBManual_Tabbar_JSSTTL-116701] Row number:2
2016-01-27 22:15:02,665 DEBUG [EBManual_Tabbar_JSSTTL-116701] Ending Test Case IDSTTL-116701
