2016-01-27 21:18:55,095 DEBUG [EBManual_Signature_JSSTTL-116729] Executing Test Case ID: STTL-116729
2016-01-27 21:18:55,102 DEBUG [EBManual_Signature_JSSTTL-116729] Executing Init_Selendroid function with APK as parameter and clear data value with 1
2016-01-27 21:19:05,013 DEBUG [EBManual_Signature_JSSTTL-116729] Exiting Init_Selendroid function
2016-01-27 21:19:05,032 DEBUG [EBManual_Signature_JSSTTL-116729] TestCase with Description "Call show and capture with default path" Execution started
2016-01-27 21:19:05,032 DEBUG [EBManual_Signature_JSSTTL-116729] In execute keyword function
2016-01-27 21:19:05,032 DEBUG [EBManual_Signature_JSSTTL-116729] Executing wait function:
2016-01-27 21:19:05,032 DEBUG [EBManual_Signature_JSSTTL-116729] Started Executing wait function
2016-01-27 21:19:08,032 DEBUG [EBManual_Signature_JSSTTL-116729] Exiting from wait function
2016-01-27 21:19:08,032 DEBUG [EBManual_Signature_JSSTTL-116729] TestStepResult of wait: Pass
2016-01-27 21:19:08,032 DEBUG [EBManual_Signature_JSSTTL-116729] In execute keyword function
2016-01-27 21:19:08,032 DEBUG [EBManual_Signature_JSSTTL-116729] Executing validate_PageTitle function:
2016-01-27 21:19:08,073 DEBUG [EBManual_Signature_JSSTTL-116729] The title of the page is *********************************: Manual specs
2016-01-27 21:19:08,073 DEBUG [EBManual_Signature_JSSTTL-116729] The page title found is correct
2016-01-27 21:19:08,073 DEBUG [EBManual_Signature_JSSTTL-116729] Result of validate_PageTitle: pass
2016-01-27 21:19:08,073 DEBUG [EBManual_Signature_JSSTTL-116729] In execute keyword function
2016-01-27 21:19:08,073 DEBUG [EBManual_Signature_JSSTTL-116729] Executing link_Click function:
2016-01-27 21:19:08,746 DEBUG [EBManual_Signature_JSSTTL-116729] Executing Click function
2016-01-27 21:19:10,174 DEBUG [EBManual_Signature_JSSTTL-116729] Exiting Click function
2016-01-27 21:19:10,174 DEBUG [EBManual_Signature_JSSTTL-116729] signature_page2_link clicked successfully
2016-01-27 21:19:10,174 DEBUG [EBManual_Signature_JSSTTL-116729] TestStepResult of link_Click: Pass
2016-01-27 21:19:10,174 DEBUG [EBManual_Signature_JSSTTL-116729] In execute keyword function
2016-01-27 21:19:10,175 DEBUG [EBManual_Signature_JSSTTL-116729] Executing validate_PageTitle function:
2016-01-27 21:19:10,192 DEBUG [EBManual_Signature_JSSTTL-116729] The title of the page is *********************************: Signature JS Test
2016-01-27 21:19:10,192 DEBUG [EBManual_Signature_JSSTTL-116729] The page title found is correct
2016-01-27 21:19:10,192 DEBUG [EBManual_Signature_JSSTTL-116729] Result of validate_PageTitle: pass
2016-01-27 21:19:10,192 DEBUG [EBManual_Signature_JSSTTL-116729] In execute keyword function
2016-01-27 21:19:10,192 DEBUG [EBManual_Signature_JSSTTL-116729] Executing SelectTestToRun function:
2016-01-27 21:19:14,106 DEBUG [EBManual_Signature_JSSTTL-116729] Successfull in selecting clicking the category
2016-01-27 21:19:14,106 DEBUG [EBManual_Signature_JSSTTL-116729] TestStepResult of SelectTestToRun: pass
2016-01-27 21:19:14,106 DEBUG [EBManual_Signature_JSSTTL-116729] In execute keyword function
2016-01-27 21:19:14,106 DEBUG [EBManual_Signature_JSSTTL-116729] Executing ClickRunTest function:
2016-01-27 21:19:14,463 DEBUG [EBManual_Signature_JSSTTL-116729] Executing Click function
2016-01-27 21:19:15,400 DEBUG [EBManual_Signature_JSSTTL-116729] Exiting Click function
2016-01-27 21:19:15,401 DEBUG [EBManual_Signature_JSSTTL-116729] runtest_top_xpath Button clicked Successfully
2016-01-27 21:19:15,401 DEBUG [EBManual_Signature_JSSTTL-116729] TestStepResult of ClickRunTest: pass
2016-01-27 21:19:15,401 DEBUG [EBManual_Signature_JSSTTL-116729] In execute keyword function
2016-01-27 21:19:15,401 DEBUG [EBManual_Signature_JSSTTL-116729] Executing validate_Text_Exists function:
2016-01-27 21:19:16,113 DEBUG [EBManual_Signature_JSSTTL-116729] VT299-0030 Testcase Text found
2016-01-27 21:19:16,113 DEBUG [EBManual_Signature_JSSTTL-116729] Result of validate_Text_Exists: Pass
2016-01-27 21:19:16,113 DEBUG [EBManual_Signature_JSSTTL-116729] In execute keyword function
2016-01-27 21:19:16,113 DEBUG [EBManual_Signature_JSSTTL-116729] Executing ClickRunTest function:
2016-01-27 21:19:16,442 DEBUG [EBManual_Signature_JSSTTL-116729] Executing Click function
2016-01-27 21:19:17,371 DEBUG [EBManual_Signature_JSSTTL-116729] Exiting Click function
2016-01-27 21:19:17,371 DEBUG [EBManual_Signature_JSSTTL-116729] runtest_bottom_xpath Button clicked Successfully
2016-01-27 21:19:17,371 DEBUG [EBManual_Signature_JSSTTL-116729] TestStepResult of ClickRunTest: pass
2016-01-27 21:19:17,371 DEBUG [EBManual_Signature_JSSTTL-116729] In execute keyword function
2016-01-27 21:19:17,371 DEBUG [EBManual_Signature_JSSTTL-116729] Executing SwitchApp function:
2016-01-27 21:19:17,450 DEBUG [EBManual_Signature_JSSTTL-116729] Successfully switched to NATIVE_APP
2016-01-27 21:19:17,450 DEBUG [EBManual_Signature_JSSTTL-116729] TestStepResult of SwitchApp: Pass
2016-01-27 21:19:17,450 DEBUG [EBManual_Signature_JSSTTL-116729] In execute keyword function
2016-01-27 21:19:17,450 DEBUG [EBManual_Signature_JSSTTL-116729] Executing DrawSignature function:
2016-01-27 21:19:18,232 DEBUG [EBManual_Signature_JSSTTL-116729] Started executeCommandLine function
2016-01-27 21:19:22,249 DEBUG [EBManual_Signature_JSSTTL-116729] Exiting from executeCommandLine function
2016-01-27 21:19:22,249 DEBUG [EBManual_Signature_JSSTTL-116729] Signature drawn successfully
2016-01-27 21:19:22,249 DEBUG [EBManual_Signature_JSSTTL-116729] TestStepResult of DrawSignature: Pass
2016-01-27 21:19:22,249 DEBUG [EBManual_Signature_JSSTTL-116729] In execute keyword function
2016-01-27 21:19:22,249 DEBUG [EBManual_Signature_JSSTTL-116729] Executing SwitchApp function:
2016-01-27 21:19:22,353 DEBUG [EBManual_Signature_JSSTTL-116729] Successfully switched to WEBVIEW
2016-01-27 21:19:22,353 DEBUG [EBManual_Signature_JSSTTL-116729] TestStepResult of SwitchApp: Pass
2016-01-27 21:19:22,353 DEBUG [EBManual_Signature_JSSTTL-116729] In execute keyword function
2016-01-27 21:19:22,353 DEBUG [EBManual_Signature_JSSTTL-116729] Executing validate_Result function:
2016-01-27 21:19:26,148 DEBUG [EBManual_Signature_JSSTTL-116729] Status: Text found in Results
Status: : ok
ImageUri: : file:///storage/sdcard0/Pictures/signature.png
2016-01-27 21:19:26,148 DEBUG [EBManual_Signature_JSSTTL-116729] Result of validate_Result: Pass
2016-01-27 21:19:26,148 DEBUG [EBManual_Signature_JSSTTL-116729] In execute keyword function
2016-01-27 21:19:26,148 DEBUG [EBManual_Signature_JSSTTL-116729] Executing validate_Result function:
2016-01-27 21:19:26,290 DEBUG [EBManual_Signature_JSSTTL-116729] ok Text found in Results
Status: : ok
ImageUri: : file:///storage/sdcard0/Pictures/signature.png
2016-01-27 21:19:26,290 DEBUG [EBManual_Signature_JSSTTL-116729] Result of validate_Result: Pass
2016-01-27 21:19:26,291 DEBUG [EBManual_Signature_JSSTTL-116729] In execute keyword function
2016-01-27 21:19:26,291 DEBUG [EBManual_Signature_JSSTTL-116729] Executing validate_Result function:
2016-01-27 21:19:26,487 DEBUG [EBManual_Signature_JSSTTL-116729] ImageUri: Text found in Results
Status: : ok
ImageUri: : file:///storage/sdcard0/Pictures/signature.png
2016-01-27 21:19:26,488 DEBUG [EBManual_Signature_JSSTTL-116729] Result of validate_Result: Pass
2016-01-27 21:19:26,488 DEBUG [EBManual_Signature_JSSTTL-116729] allstep_result contains: PassPassPasspasspasspassPassPassnull
2016-01-27 21:19:26,488 DEBUG [EBManual_Signature_JSSTTL-116729] allexpected_result contains: nullPassPassPassnullPassnullpassnullpassnull
2016-01-27 21:19:26,488 DEBUG [EBManual_Signature_JSSTTL-116729] Testcase_Result contains: nullPassPassPassnullPassnullpassnullpassnullPassPassPasspasspasspassPassPassnull
2016-01-27 21:19:26,488 DEBUG [EBManual_Signature_JSSTTL-116729] Test case with description Call show and capture with default path Pass
2016-01-27 21:19:27,441 DEBUG [EBManual_Signature_JSSTTL-116729] Executing browser_Quit function
2016-01-27 21:19:27,441 DEBUG [EBManual_Signature_JSSTTL-116729] Completed browser_Quit function
2016-01-27 21:19:27,441 DEBUG [EBManual_Signature_JSSTTL-116729] Completed quitSelendroid function
2016-01-27 21:19:27,442 DEBUG [EBManual_Signature_JSSTTL-116729] Row number:30
2016-01-27 21:19:27,476 DEBUG [EBManual_Signature_JSSTTL-116729] Ending Test Case IDSTTL-116729
