2016-01-27 21:19:27,491 DEBUG [EBManual_Signature_JSSTTL-116730] Executing Test Case ID: STTL-116730
2016-01-27 21:19:27,498 DEBUG [EBManual_Signature_JSSTTL-116730] Executing Init_Selendroid function with APK as parameter and clear data value with 1
2016-01-27 21:19:37,783 DEBUG [EBManual_Signature_JSSTTL-116730] Exiting Init_Selendroid function
2016-01-27 21:19:37,801 DEBUG [EBManual_Signature_JSSTTL-116730] TestCase with Description "Call show and then call hide and then call show again" Execution started
2016-01-27 21:19:37,801 DEBUG [EBManual_Signature_JSSTTL-116730] In execute keyword function
2016-01-27 21:19:37,801 DEBUG [EBManual_Signature_JSSTTL-116730] Executing wait function:
2016-01-27 21:19:37,801 DEBUG [EBManual_Signature_JSSTTL-116730] Started Executing wait function
2016-01-27 21:19:40,801 DEBUG [EBManual_Signature_JSSTTL-116730] Exiting from wait function
2016-01-27 21:19:40,801 DEBUG [EBManual_Signature_JSSTTL-116730] TestStepResult of wait: Pass
2016-01-27 21:19:40,801 DEBUG [EBManual_Signature_JSSTTL-116730] In execute keyword function
2016-01-27 21:19:40,801 DEBUG [EBManual_Signature_JSSTTL-116730] Executing validate_PageTitle function:
2016-01-27 21:19:40,817 DEBUG [EBManual_Signature_JSSTTL-116730] The title of the page is *********************************: Manual specs
2016-01-27 21:19:40,817 DEBUG [EBManual_Signature_JSSTTL-116730] The page title found is correct
2016-01-27 21:19:40,817 DEBUG [EBManual_Signature_JSSTTL-116730] Result of validate_PageTitle: pass
2016-01-27 21:19:40,818 DEBUG [EBManual_Signature_JSSTTL-116730] In execute keyword function
2016-01-27 21:19:40,818 DEBUG [EBManual_Signature_JSSTTL-116730] Executing link_Click function:
2016-01-27 21:19:41,485 DEBUG [EBManual_Signature_JSSTTL-116730] Executing Click function
2016-01-27 21:19:42,911 DEBUG [EBManual_Signature_JSSTTL-116730] Exiting Click function
2016-01-27 21:19:42,911 DEBUG [EBManual_Signature_JSSTTL-116730] signature_page2_link clicked successfully
2016-01-27 21:19:42,911 DEBUG [EBManual_Signature_JSSTTL-116730] TestStepResult of link_Click: Pass
2016-01-27 21:19:42,911 DEBUG [EBManual_Signature_JSSTTL-116730] In execute keyword function
2016-01-27 21:19:42,911 DEBUG [EBManual_Signature_JSSTTL-116730] Executing validate_PageTitle function:
2016-01-27 21:19:42,928 DEBUG [EBManual_Signature_JSSTTL-116730] The title of the page is *********************************: Signature JS Test
2016-01-27 21:19:42,928 DEBUG [EBManual_Signature_JSSTTL-116730] The page title found is correct
2016-01-27 21:19:42,928 DEBUG [EBManual_Signature_JSSTTL-116730] Result of validate_PageTitle: pass
2016-01-27 21:19:42,928 DEBUG [EBManual_Signature_JSSTTL-116730] In execute keyword function
2016-01-27 21:19:42,928 DEBUG [EBManual_Signature_JSSTTL-116730] Executing SelectTestToRun function:
2016-01-27 21:19:46,815 DEBUG [EBManual_Signature_JSSTTL-116730] Successfull in selecting clicking the category
2016-01-27 21:19:46,815 DEBUG [EBManual_Signature_JSSTTL-116730] TestStepResult of SelectTestToRun: pass
2016-01-27 21:19:46,815 DEBUG [EBManual_Signature_JSSTTL-116730] In execute keyword function
2016-01-27 21:19:46,815 DEBUG [EBManual_Signature_JSSTTL-116730] Executing ClickRunTest function:
2016-01-27 21:19:47,172 DEBUG [EBManual_Signature_JSSTTL-116730] Executing Click function
2016-01-27 21:19:48,112 DEBUG [EBManual_Signature_JSSTTL-116730] Exiting Click function
2016-01-27 21:19:48,113 DEBUG [EBManual_Signature_JSSTTL-116730] runtest_top_xpath Button clicked Successfully
2016-01-27 21:19:48,113 DEBUG [EBManual_Signature_JSSTTL-116730] TestStepResult of ClickRunTest: pass
2016-01-27 21:19:48,113 DEBUG [EBManual_Signature_JSSTTL-116730] In execute keyword function
2016-01-27 21:19:48,113 DEBUG [EBManual_Signature_JSSTTL-116730] Executing validate_Text_Exists function:
2016-01-27 21:19:48,733 DEBUG [EBManual_Signature_JSSTTL-116730] VT299-0031 Testcase Text found
2016-01-27 21:19:48,733 DEBUG [EBManual_Signature_JSSTTL-116730] Result of validate_Text_Exists: Pass
2016-01-27 21:19:48,733 DEBUG [EBManual_Signature_JSSTTL-116730] In execute keyword function
2016-01-27 21:19:48,733 DEBUG [EBManual_Signature_JSSTTL-116730] Executing ClickRunTest function:
2016-01-27 21:19:49,053 DEBUG [EBManual_Signature_JSSTTL-116730] Executing Click function
2016-01-27 21:19:49,993 DEBUG [EBManual_Signature_JSSTTL-116730] Exiting Click function
2016-01-27 21:19:49,993 DEBUG [EBManual_Signature_JSSTTL-116730] runtest_bottom_xpath Button clicked Successfully
2016-01-27 21:19:49,993 DEBUG [EBManual_Signature_JSSTTL-116730] TestStepResult of ClickRunTest: pass
2016-01-27 21:19:49,993 DEBUG [EBManual_Signature_JSSTTL-116730] In execute keyword function
2016-01-27 21:19:49,993 DEBUG [EBManual_Signature_JSSTTL-116730] Executing wait function:
2016-01-27 21:19:49,993 DEBUG [EBManual_Signature_JSSTTL-116730] Started Executing wait function
2016-01-27 21:19:59,994 DEBUG [EBManual_Signature_JSSTTL-116730] Exiting from wait function
2016-01-27 21:19:59,994 DEBUG [EBManual_Signature_JSSTTL-116730] TestStepResult of wait: Pass
2016-01-27 21:19:59,994 DEBUG [EBManual_Signature_JSSTTL-116730] allstep_result contains: PasspasspasspassPassPassnull
2016-01-27 21:19:59,994 DEBUG [EBManual_Signature_JSSTTL-116730] allexpected_result contains: nullPassnullpassnullpassnull
2016-01-27 21:19:59,994 DEBUG [EBManual_Signature_JSSTTL-116730] Testcase_Result contains: nullPassnullpassnullpassnullPasspasspasspassPassPassnull
2016-01-27 21:19:59,994 DEBUG [EBManual_Signature_JSSTTL-116730] Test case with description Call show and then call hide and then call show again Pass
2016-01-27 21:20:01,011 DEBUG [EBManual_Signature_JSSTTL-116730] Executing browser_Quit function
2016-01-27 21:20:01,011 DEBUG [EBManual_Signature_JSSTTL-116730] Completed browser_Quit function
2016-01-27 21:20:01,011 DEBUG [EBManual_Signature_JSSTTL-116730] Completed quitSelendroid function
2016-01-27 21:20:01,012 DEBUG [EBManual_Signature_JSSTTL-116730] Row number:31
2016-01-27 21:20:01,043 DEBUG [EBManual_Signature_JSSTTL-116730] Ending Test Case IDSTTL-116730
