2016-01-27 21:09:27,041 DEBUG [EBManual_Signature_JSSTTL-116715] Executing Test Case ID: STTL-116715
2016-01-27 21:09:27,049 DEBUG [EBManual_Signature_JSSTTL-116715] Executing Init_Selendroid function with APK as parameter and clear data value with 1
2016-01-27 21:09:37,505 DEBUG [EBManual_Signature_JSSTTL-116715] Exiting Init_Selendroid function
2016-01-27 21:09:37,522 DEBUG [EBManual_Signature_JSSTTL-116715] TestCase with Description "Call takeFullScreen after setting compressionFormat as png, fileName as VT299-016 and outputFormat as Image" Execution started
2016-01-27 21:09:37,522 DEBUG [EBManual_Signature_JSSTTL-116715] In execute keyword function
2016-01-27 21:09:37,522 DEBUG [EBManual_Signature_JSSTTL-116715] Executing wait function:
2016-01-27 21:09:37,523 DEBUG [EBManual_Signature_JSSTTL-116715] Started Executing wait function
2016-01-27 21:09:40,523 DEBUG [EBManual_Signature_JSSTTL-116715] Exiting from wait function
2016-01-27 21:09:40,523 DEBUG [EBManual_Signature_JSSTTL-116715] TestStepResult of wait: Pass
2016-01-27 21:09:40,523 DEBUG [EBManual_Signature_JSSTTL-116715] In execute keyword function
2016-01-27 21:09:40,523 DEBUG [EBManual_Signature_JSSTTL-116715] Executing validate_PageTitle function:
2016-01-27 21:09:40,564 DEBUG [EBManual_Signature_JSSTTL-116715] The title of the page is *********************************: Manual specs
2016-01-27 21:09:40,564 DEBUG [EBManual_Signature_JSSTTL-116715] The page title found is correct
2016-01-27 21:09:40,564 DEBUG [EBManual_Signature_JSSTTL-116715] Result of validate_PageTitle: pass
2016-01-27 21:09:40,564 DEBUG [EBManual_Signature_JSSTTL-116715] In execute keyword function
2016-01-27 21:09:40,564 DEBUG [EBManual_Signature_JSSTTL-116715] Executing link_Click function:
2016-01-27 21:09:41,238 DEBUG [EBManual_Signature_JSSTTL-116715] Executing Click function
2016-01-27 21:09:42,589 DEBUG [EBManual_Signature_JSSTTL-116715] Exiting Click function
2016-01-27 21:09:42,589 DEBUG [EBManual_Signature_JSSTTL-116715] signature_page1_link clicked successfully
2016-01-27 21:09:42,589 DEBUG [EBManual_Signature_JSSTTL-116715] TestStepResult of link_Click: Pass
2016-01-27 21:09:42,589 DEBUG [EBManual_Signature_JSSTTL-116715] In execute keyword function
2016-01-27 21:09:42,589 DEBUG [EBManual_Signature_JSSTTL-116715] Executing validate_PageTitle function:
2016-01-27 21:09:42,606 DEBUG [EBManual_Signature_JSSTTL-116715] The title of the page is *********************************: Signature JS Test
2016-01-27 21:09:42,607 DEBUG [EBManual_Signature_JSSTTL-116715] The page title found is correct
2016-01-27 21:09:42,607 DEBUG [EBManual_Signature_JSSTTL-116715] Result of validate_PageTitle: pass
2016-01-27 21:09:42,607 DEBUG [EBManual_Signature_JSSTTL-116715] In execute keyword function
2016-01-27 21:09:42,607 DEBUG [EBManual_Signature_JSSTTL-116715] Executing SelectTestToRun function:
2016-01-27 21:09:46,715 DEBUG [EBManual_Signature_JSSTTL-116715] Successfull in selecting clicking the category
2016-01-27 21:09:46,715 DEBUG [EBManual_Signature_JSSTTL-116715] TestStepResult of SelectTestToRun: pass
2016-01-27 21:09:46,716 DEBUG [EBManual_Signature_JSSTTL-116715] In execute keyword function
2016-01-27 21:09:46,716 DEBUG [EBManual_Signature_JSSTTL-116715] Executing ClickRunTest function:
2016-01-27 21:09:47,000 DEBUG [EBManual_Signature_JSSTTL-116715] Executing Click function
2016-01-27 21:09:47,997 DEBUG [EBManual_Signature_JSSTTL-116715] Exiting Click function
2016-01-27 21:09:47,997 DEBUG [EBManual_Signature_JSSTTL-116715] runtest_top_xpath Button clicked Successfully
2016-01-27 21:09:47,997 DEBUG [EBManual_Signature_JSSTTL-116715] TestStepResult of ClickRunTest: pass
2016-01-27 21:09:47,997 DEBUG [EBManual_Signature_JSSTTL-116715] In execute keyword function
2016-01-27 21:09:47,997 DEBUG [EBManual_Signature_JSSTTL-116715] Executing validate_Text_Exists function:
2016-01-27 21:09:48,608 DEBUG [EBManual_Signature_JSSTTL-116715] VT299-0016 Testcase Text found
2016-01-27 21:09:48,608 DEBUG [EBManual_Signature_JSSTTL-116715] Result of validate_Text_Exists: Pass
2016-01-27 21:09:48,608 DEBUG [EBManual_Signature_JSSTTL-116715] In execute keyword function
2016-01-27 21:09:48,608 DEBUG [EBManual_Signature_JSSTTL-116715] Executing ClickRunTest function:
2016-01-27 21:09:48,934 DEBUG [EBManual_Signature_JSSTTL-116715] Executing Click function
2016-01-27 21:09:50,023 DEBUG [EBManual_Signature_JSSTTL-116715] Exiting Click function
2016-01-27 21:09:50,023 DEBUG [EBManual_Signature_JSSTTL-116715] runtest_bottom_xpath Button clicked Successfully
2016-01-27 21:09:50,023 DEBUG [EBManual_Signature_JSSTTL-116715] TestStepResult of ClickRunTest: pass
2016-01-27 21:09:50,023 DEBUG [EBManual_Signature_JSSTTL-116715] In execute keyword function
2016-01-27 21:09:50,023 DEBUG [EBManual_Signature_JSSTTL-116715] Executing SwitchApp function:
2016-01-27 21:09:50,095 DEBUG [EBManual_Signature_JSSTTL-116715] Successfully switched to NATIVE_APP
2016-01-27 21:09:50,095 DEBUG [EBManual_Signature_JSSTTL-116715] TestStepResult of SwitchApp: Pass
2016-01-27 21:09:50,095 DEBUG [EBManual_Signature_JSSTTL-116715] In execute keyword function
2016-01-27 21:09:50,095 DEBUG [EBManual_Signature_JSSTTL-116715] Executing DrawSignature function:
2016-01-27 21:09:50,362 DEBUG [EBManual_Signature_JSSTTL-116715] Started executeCommandLine function
2016-01-27 21:09:54,382 DEBUG [EBManual_Signature_JSSTTL-116715] Exiting from executeCommandLine function
2016-01-27 21:09:54,382 DEBUG [EBManual_Signature_JSSTTL-116715] Signature drawn successfully
2016-01-27 21:09:54,382 DEBUG [EBManual_Signature_JSSTTL-116715] TestStepResult of DrawSignature: Pass
2016-01-27 21:09:54,382 DEBUG [EBManual_Signature_JSSTTL-116715] In execute keyword function
2016-01-27 21:09:54,382 DEBUG [EBManual_Signature_JSSTTL-116715] Executing ClickNativeIcon function:
2016-01-27 21:09:55,133 DEBUG [EBManual_Signature_JSSTTL-116715] [[AppiumTouchActionExtension: selendroid on ANDROID (a28f26d9-098e-7899-0f1c-b77c9195adf1)] -> xpath: //ImageButton[@id='sig_okButton']]Clicked successfully
2016-01-27 21:09:55,133 DEBUG [EBManual_Signature_JSSTTL-116715] TestStepResult of ClickNativeIcon: pass
2016-01-27 21:09:55,133 DEBUG [EBManual_Signature_JSSTTL-116715] In execute keyword function
2016-01-27 21:09:55,134 DEBUG [EBManual_Signature_JSSTTL-116715] Executing wait function:
2016-01-27 21:09:55,134 DEBUG [EBManual_Signature_JSSTTL-116715] Started Executing wait function
2016-01-27 21:09:57,134 DEBUG [EBManual_Signature_JSSTTL-116715] Exiting from wait function
2016-01-27 21:09:57,134 DEBUG [EBManual_Signature_JSSTTL-116715] TestStepResult of wait: Pass
2016-01-27 21:09:57,134 DEBUG [EBManual_Signature_JSSTTL-116715] In execute keyword function
2016-01-27 21:09:57,134 DEBUG [EBManual_Signature_JSSTTL-116715] Executing SwitchApp function:
2016-01-27 21:09:57,249 DEBUG [EBManual_Signature_JSSTTL-116715] Successfully switched to WEBVIEW
2016-01-27 21:09:57,249 DEBUG [EBManual_Signature_JSSTTL-116715] TestStepResult of SwitchApp: Pass
2016-01-27 21:09:57,249 DEBUG [EBManual_Signature_JSSTTL-116715] In execute keyword function
2016-01-27 21:09:57,249 DEBUG [EBManual_Signature_JSSTTL-116715] Executing wait function:
2016-01-27 21:09:57,249 DEBUG [EBManual_Signature_JSSTTL-116715] Started Executing wait function
2016-01-27 21:09:59,249 DEBUG [EBManual_Signature_JSSTTL-116715] Exiting from wait function
2016-01-27 21:09:59,249 DEBUG [EBManual_Signature_JSSTTL-116715] TestStepResult of wait: Pass
2016-01-27 21:09:59,249 DEBUG [EBManual_Signature_JSSTTL-116715] In execute keyword function
2016-01-27 21:09:59,249 DEBUG [EBManual_Signature_JSSTTL-116715] Executing validate_Result function:
2016-01-27 21:09:59,520 DEBUG [EBManual_Signature_JSSTTL-116715] Status: Text found in Results
Status: : ok
ImageUri: : file:///data/data/com.symbol.enterprisebrowser/rhodata/db/db-files/VT299-0016.png
2016-01-27 21:09:59,520 DEBUG [EBManual_Signature_JSSTTL-116715] Result of validate_Result: Pass
2016-01-27 21:09:59,520 DEBUG [EBManual_Signature_JSSTTL-116715] In execute keyword function
2016-01-27 21:09:59,520 DEBUG [EBManual_Signature_JSSTTL-116715] Executing validate_Result function:
2016-01-27 21:09:59,689 DEBUG [EBManual_Signature_JSSTTL-116715] ok Text found in Results
Status: : ok
ImageUri: : file:///data/data/com.symbol.enterprisebrowser/rhodata/db/db-files/VT299-0016.png
2016-01-27 21:09:59,689 DEBUG [EBManual_Signature_JSSTTL-116715] Result of validate_Result: Pass
2016-01-27 21:09:59,689 DEBUG [EBManual_Signature_JSSTTL-116715] In execute keyword function
2016-01-27 21:09:59,689 DEBUG [EBManual_Signature_JSSTTL-116715] Executing validate_Result function:
2016-01-27 21:09:59,858 DEBUG [EBManual_Signature_JSSTTL-116715] ImageUri: Text found in Results
Status: : ok
ImageUri: : file:///data/data/com.symbol.enterprisebrowser/rhodata/db/db-files/VT299-0016.png
2016-01-27 21:09:59,858 DEBUG [EBManual_Signature_JSSTTL-116715] Result of validate_Result: Pass
2016-01-27 21:09:59,858 DEBUG [EBManual_Signature_JSSTTL-116715] In execute keyword function
2016-01-27 21:09:59,859 DEBUG [EBManual_Signature_JSSTTL-116715] Executing validate_Result function:
2016-01-27 21:10:00,058 DEBUG [EBManual_Signature_JSSTTL-116715] file:///data/data/com.symbol.enterprisebrowser/rhodata/db/db-files/VT299-0016.png Text found in Results
Status: : ok
ImageUri: : file:///data/data/com.symbol.enterprisebrowser/rhodata/db/db-files/VT299-0016.png
2016-01-27 21:10:00,058 DEBUG [EBManual_Signature_JSSTTL-116715] Result of validate_Result: Pass
2016-01-27 21:10:00,058 DEBUG [EBManual_Signature_JSSTTL-116715] allstep_result contains: PassPassPasspassPassPasspasspasspassPassPassnull
2016-01-27 21:10:00,058 DEBUG [EBManual_Signature_JSSTTL-116715] allexpected_result contains: nullPassPassPassPassnullPassnullpassnullpassnull
2016-01-27 21:10:00,058 DEBUG [EBManual_Signature_JSSTTL-116715] Testcase_Result contains: nullPassPassPassPassnullPassnullpassnullpassnullPassPassPasspassPassPasspasspasspassPassPassnull
2016-01-27 21:10:00,058 DEBUG [EBManual_Signature_JSSTTL-116715] Test case with description Call takeFullScreen after setting compressionFormat as png, fileName as VT299-016 and outputFormat as Image Pass
2016-01-27 21:10:01,146 DEBUG [EBManual_Signature_JSSTTL-116715] Executing browser_Quit function
2016-01-27 21:10:01,146 DEBUG [EBManual_Signature_JSSTTL-116715] Completed browser_Quit function
2016-01-27 21:10:01,146 DEBUG [EBManual_Signature_JSSTTL-116715] Completed quitSelendroid function
2016-01-27 21:10:01,146 DEBUG [EBManual_Signature_JSSTTL-116715] Row number:16
2016-01-27 21:10:01,189 DEBUG [EBManual_Signature_JSSTTL-116715] Ending Test Case IDSTTL-116715
