2016-01-27 21:22:32,504 DEBUG [EBManual_Signature_JSSTTL-116735] Executing Test Case ID: STTL-116735
2016-01-27 21:22:32,511 DEBUG [EBManual_Signature_JSSTTL-116735] Executing Init_Selendroid function with APK as parameter and clear data value with 1
2016-01-27 21:22:42,779 DEBUG [EBManual_Signature_JSSTTL-116735] Exiting Init_Selendroid function
2016-01-27 21:22:42,797 DEBUG [EBManual_Signature_JSSTTL-116735] TestCase with Description "Call takeFullScreen and rotate the device portrait to landscape" Execution started
2016-01-27 21:22:42,797 DEBUG [EBManual_Signature_JSSTTL-116735] In execute keyword function
2016-01-27 21:22:42,797 DEBUG [EBManual_Signature_JSSTTL-116735] Executing wait function:
2016-01-27 21:22:42,797 DEBUG [EBManual_Signature_JSSTTL-116735] Started Executing wait function
2016-01-27 21:22:45,797 DEBUG [EBManual_Signature_JSSTTL-116735] Exiting from wait function
2016-01-27 21:22:45,797 DEBUG [EBManual_Signature_JSSTTL-116735] TestStepResult of wait: Pass
2016-01-27 21:22:45,797 DEBUG [EBManual_Signature_JSSTTL-116735] In execute keyword function
2016-01-27 21:22:45,797 DEBUG [EBManual_Signature_JSSTTL-116735] Executing validate_PageTitle function:
2016-01-27 21:22:45,814 DEBUG [EBManual_Signature_JSSTTL-116735] The title of the page is *********************************: Manual specs
2016-01-27 21:22:45,814 DEBUG [EBManual_Signature_JSSTTL-116735] The page title found is correct
2016-01-27 21:22:45,814 DEBUG [EBManual_Signature_JSSTTL-116735] Result of validate_PageTitle: pass
2016-01-27 21:22:45,814 DEBUG [EBManual_Signature_JSSTTL-116735] In execute keyword function
2016-01-27 21:22:45,814 DEBUG [EBManual_Signature_JSSTTL-116735] Executing link_Click function:
2016-01-27 21:22:46,508 DEBUG [EBManual_Signature_JSSTTL-116735] Executing Click function
2016-01-27 21:22:47,887 DEBUG [EBManual_Signature_JSSTTL-116735] Exiting Click function
2016-01-27 21:22:47,887 DEBUG [EBManual_Signature_JSSTTL-116735] signature_page2_link clicked successfully
2016-01-27 21:22:47,887 DEBUG [EBManual_Signature_JSSTTL-116735] TestStepResult of link_Click: Pass
2016-01-27 21:22:47,887 DEBUG [EBManual_Signature_JSSTTL-116735] In execute keyword function
2016-01-27 21:22:47,887 DEBUG [EBManual_Signature_JSSTTL-116735] Executing validate_PageTitle function:
2016-01-27 21:22:47,904 DEBUG [EBManual_Signature_JSSTTL-116735] The title of the page is *********************************: Signature JS Test
2016-01-27 21:22:47,904 DEBUG [EBManual_Signature_JSSTTL-116735] The page title found is correct
2016-01-27 21:22:47,904 DEBUG [EBManual_Signature_JSSTTL-116735] Result of validate_PageTitle: pass
2016-01-27 21:22:47,904 DEBUG [EBManual_Signature_JSSTTL-116735] In execute keyword function
2016-01-27 21:22:47,904 DEBUG [EBManual_Signature_JSSTTL-116735] Executing SelectTestToRun function:
2016-01-27 21:22:52,275 DEBUG [EBManual_Signature_JSSTTL-116735] Successfull in selecting clicking the category
2016-01-27 21:22:52,275 DEBUG [EBManual_Signature_JSSTTL-116735] TestStepResult of SelectTestToRun: pass
2016-01-27 21:22:52,275 DEBUG [EBManual_Signature_JSSTTL-116735] In execute keyword function
2016-01-27 21:22:52,275 DEBUG [EBManual_Signature_JSSTTL-116735] Executing ClickRunTest function:
2016-01-27 21:22:52,626 DEBUG [EBManual_Signature_JSSTTL-116735] Executing Click function
2016-01-27 21:22:53,556 DEBUG [EBManual_Signature_JSSTTL-116735] Exiting Click function
2016-01-27 21:22:53,556 DEBUG [EBManual_Signature_JSSTTL-116735] runtest_top_xpath Button clicked Successfully
2016-01-27 21:22:53,556 DEBUG [EBManual_Signature_JSSTTL-116735] TestStepResult of ClickRunTest: pass
2016-01-27 21:22:53,556 DEBUG [EBManual_Signature_JSSTTL-116735] In execute keyword function
2016-01-27 21:22:53,556 DEBUG [EBManual_Signature_JSSTTL-116735] Executing validate_Text_Exists function:
2016-01-27 21:22:54,198 DEBUG [EBManual_Signature_JSSTTL-116735] VT299-0038 Testcase Text found
2016-01-27 21:22:54,198 DEBUG [EBManual_Signature_JSSTTL-116735] Result of validate_Text_Exists: Pass
2016-01-27 21:22:54,198 DEBUG [EBManual_Signature_JSSTTL-116735] In execute keyword function
2016-01-27 21:22:54,199 DEBUG [EBManual_Signature_JSSTTL-116735] Executing ClickRunTest function:
2016-01-27 21:22:54,546 DEBUG [EBManual_Signature_JSSTTL-116735] Executing Click function
2016-01-27 21:22:55,589 DEBUG [EBManual_Signature_JSSTTL-116735] Exiting Click function
2016-01-27 21:22:55,589 DEBUG [EBManual_Signature_JSSTTL-116735] runtest_bottom_xpath Button clicked Successfully
2016-01-27 21:22:55,589 DEBUG [EBManual_Signature_JSSTTL-116735] TestStepResult of ClickRunTest: pass
2016-01-27 21:22:55,589 DEBUG [EBManual_Signature_JSSTTL-116735] In execute keyword function
2016-01-27 21:22:55,589 DEBUG [EBManual_Signature_JSSTTL-116735] Executing Rotate_Screen function:
2016-01-27 21:22:55,967 DEBUG [EBManual_Signature_JSSTTL-116735] Rotated to landscape successfully
2016-01-27 21:22:55,967 DEBUG [EBManual_Signature_JSSTTL-116735] TestStepResult of Rotate_Screen: pass
2016-01-27 21:22:55,967 DEBUG [EBManual_Signature_JSSTTL-116735] In execute keyword function
2016-01-27 21:22:55,967 DEBUG [EBManual_Signature_JSSTTL-116735] Executing wait function:
2016-01-27 21:22:55,967 DEBUG [EBManual_Signature_JSSTTL-116735] Started Executing wait function
2016-01-27 21:22:57,967 DEBUG [EBManual_Signature_JSSTTL-116735] Exiting from wait function
2016-01-27 21:22:57,967 DEBUG [EBManual_Signature_JSSTTL-116735] TestStepResult of wait: Pass
2016-01-27 21:22:57,967 DEBUG [EBManual_Signature_JSSTTL-116735] In execute keyword function
2016-01-27 21:22:57,967 DEBUG [EBManual_Signature_JSSTTL-116735] Executing TakeScreenshot function:
2016-01-27 21:22:58,738 DEBUG [EBManual_Signature_JSSTTL-116735] TestStepResult of TakeScreenshot: pass
2016-01-27 21:22:58,738 DEBUG [EBManual_Signature_JSSTTL-116735] In execute keyword function
2016-01-27 21:22:58,738 DEBUG [EBManual_Signature_JSSTTL-116735] Executing wait function:
2016-01-27 21:22:58,738 DEBUG [EBManual_Signature_JSSTTL-116735] Started Executing wait function
2016-01-27 21:23:00,738 DEBUG [EBManual_Signature_JSSTTL-116735] Exiting from wait function
2016-01-27 21:23:00,738 DEBUG [EBManual_Signature_JSSTTL-116735] TestStepResult of wait: Pass
2016-01-27 21:23:00,738 DEBUG [EBManual_Signature_JSSTTL-116735] In execute keyword function
2016-01-27 21:23:00,738 DEBUG [EBManual_Signature_JSSTTL-116735] Executing validate_Screenshot function:
2016-01-27 21:23:00,945 DEBUG [EBManual_Signature_JSSTTL-116735] Match found with reference image
2016-01-27 21:23:00,945 DEBUG [EBManual_Signature_JSSTTL-116735] Result of validate_Screenshot: Pass
2016-01-27 21:23:00,945 DEBUG [EBManual_Signature_JSSTTL-116735] allstep_result contains: PasspassPasspasspasspasspassPassPassnull
2016-01-27 21:23:00,945 DEBUG [EBManual_Signature_JSSTTL-116735] allexpected_result contains: nullPassnullPassnullpassnullpassnull
2016-01-27 21:23:00,945 DEBUG [EBManual_Signature_JSSTTL-116735] Testcase_Result contains: nullPassnullPassnullpassnullpassnullPasspassPasspasspasspasspassPassPassnull
2016-01-27 21:23:00,945 DEBUG [EBManual_Signature_JSSTTL-116735] Test case with description Call takeFullScreen and rotate the device portrait to landscape Pass
2016-01-27 21:23:01,878 DEBUG [EBManual_Signature_JSSTTL-116735] Executing browser_Quit function
2016-01-27 21:23:01,878 DEBUG [EBManual_Signature_JSSTTL-116735] Completed browser_Quit function
2016-01-27 21:23:01,878 DEBUG [EBManual_Signature_JSSTTL-116735] Completed quitSelendroid function
2016-01-27 21:23:01,879 DEBUG [EBManual_Signature_JSSTTL-116735] Row number:36
2016-01-27 21:23:01,940 DEBUG [EBManual_Signature_JSSTTL-116735] Ending Test Case IDSTTL-116735
