2016-01-27 21:08:06,426 DEBUG [EBManual_Signature_JSSTTL-116713] Executing Test Case ID: STTL-116713
2016-01-27 21:08:06,433 DEBUG [EBManual_Signature_JSSTTL-116713] Executing Init_Selendroid function with APK as parameter and clear data value with 1
2016-01-27 21:08:16,826 DEBUG [EBManual_Signature_JSSTTL-116713] Exiting Init_Selendroid function
2016-01-27 21:08:16,844 DEBUG [EBManual_Signature_JSSTTL-116713] TestCase with Description "Call takeFullScreen after setting bgColor as #FF87CEEB, penColor as #FF8B0000 and penWidth as 5" Execution started
2016-01-27 21:08:16,844 DEBUG [EBManual_Signature_JSSTTL-116713] In execute keyword function
2016-01-27 21:08:16,844 DEBUG [EBManual_Signature_JSSTTL-116713] Executing wait function:
2016-01-27 21:08:16,844 DEBUG [EBManual_Signature_JSSTTL-116713] Started Executing wait function
2016-01-27 21:08:19,844 DEBUG [EBManual_Signature_JSSTTL-116713] Exiting from wait function
2016-01-27 21:08:19,844 DEBUG [EBManual_Signature_JSSTTL-116713] TestStepResult of wait: Pass
2016-01-27 21:08:19,844 DEBUG [EBManual_Signature_JSSTTL-116713] In execute keyword function
2016-01-27 21:08:19,844 DEBUG [EBManual_Signature_JSSTTL-116713] Executing validate_PageTitle function:
2016-01-27 21:08:19,884 DEBUG [EBManual_Signature_JSSTTL-116713] The title of the page is *********************************: Manual specs
2016-01-27 21:08:19,884 DEBUG [EBManual_Signature_JSSTTL-116713] The page title found is correct
2016-01-27 21:08:19,884 DEBUG [EBManual_Signature_JSSTTL-116713] Result of validate_PageTitle: pass
2016-01-27 21:08:19,884 DEBUG [EBManual_Signature_JSSTTL-116713] In execute keyword function
2016-01-27 21:08:19,884 DEBUG [EBManual_Signature_JSSTTL-116713] Executing link_Click function:
2016-01-27 21:08:20,603 DEBUG [EBManual_Signature_JSSTTL-116713] Executing Click function
2016-01-27 21:08:22,006 DEBUG [EBManual_Signature_JSSTTL-116713] Exiting Click function
2016-01-27 21:08:22,006 DEBUG [EBManual_Signature_JSSTTL-116713] signature_page1_link clicked successfully
2016-01-27 21:08:22,006 DEBUG [EBManual_Signature_JSSTTL-116713] TestStepResult of link_Click: Pass
2016-01-27 21:08:22,006 DEBUG [EBManual_Signature_JSSTTL-116713] In execute keyword function
2016-01-27 21:08:22,006 DEBUG [EBManual_Signature_JSSTTL-116713] Executing validate_PageTitle function:
2016-01-27 21:08:22,025 DEBUG [EBManual_Signature_JSSTTL-116713] The title of the page is *********************************: Signature JS Test
2016-01-27 21:08:22,025 DEBUG [EBManual_Signature_JSSTTL-116713] The page title found is correct
2016-01-27 21:08:22,025 DEBUG [EBManual_Signature_JSSTTL-116713] Result of validate_PageTitle: pass
2016-01-27 21:08:22,026 DEBUG [EBManual_Signature_JSSTTL-116713] In execute keyword function
2016-01-27 21:08:22,026 DEBUG [EBManual_Signature_JSSTTL-116713] Executing SelectTestToRun function:
2016-01-27 21:08:25,991 DEBUG [EBManual_Signature_JSSTTL-116713] Successfull in selecting clicking the category
2016-01-27 21:08:25,991 DEBUG [EBManual_Signature_JSSTTL-116713] TestStepResult of SelectTestToRun: pass
2016-01-27 21:08:25,991 DEBUG [EBManual_Signature_JSSTTL-116713] In execute keyword function
2016-01-27 21:08:25,991 DEBUG [EBManual_Signature_JSSTTL-116713] Executing ClickRunTest function:
2016-01-27 21:08:26,366 DEBUG [EBManual_Signature_JSSTTL-116713] Executing Click function
2016-01-27 21:08:27,298 DEBUG [EBManual_Signature_JSSTTL-116713] Exiting Click function
2016-01-27 21:08:27,298 DEBUG [EBManual_Signature_JSSTTL-116713] runtest_top_xpath Button clicked Successfully
2016-01-27 21:08:27,298 DEBUG [EBManual_Signature_JSSTTL-116713] TestStepResult of ClickRunTest: pass
2016-01-27 21:08:27,298 DEBUG [EBManual_Signature_JSSTTL-116713] In execute keyword function
2016-01-27 21:08:27,298 DEBUG [EBManual_Signature_JSSTTL-116713] Executing validate_Text_Exists function:
2016-01-27 21:08:27,912 DEBUG [EBManual_Signature_JSSTTL-116713] VT299-0014 Testcase Text found
2016-01-27 21:08:27,912 DEBUG [EBManual_Signature_JSSTTL-116713] Result of validate_Text_Exists: Pass
2016-01-27 21:08:27,912 DEBUG [EBManual_Signature_JSSTTL-116713] In execute keyword function
2016-01-27 21:08:27,912 DEBUG [EBManual_Signature_JSSTTL-116713] Executing ClickRunTest function:
2016-01-27 21:08:28,272 DEBUG [EBManual_Signature_JSSTTL-116713] Executing Click function
2016-01-27 21:08:29,415 DEBUG [EBManual_Signature_JSSTTL-116713] Exiting Click function
2016-01-27 21:08:29,415 DEBUG [EBManual_Signature_JSSTTL-116713] runtest_bottom_xpath Button clicked Successfully
2016-01-27 21:08:29,415 DEBUG [EBManual_Signature_JSSTTL-116713] TestStepResult of ClickRunTest: pass
2016-01-27 21:08:29,415 DEBUG [EBManual_Signature_JSSTTL-116713] In execute keyword function
2016-01-27 21:08:29,415 DEBUG [EBManual_Signature_JSSTTL-116713] Executing SwitchApp function:
2016-01-27 21:08:29,468 DEBUG [EBManual_Signature_JSSTTL-116713] Successfully switched to NATIVE_APP
2016-01-27 21:08:29,468 DEBUG [EBManual_Signature_JSSTTL-116713] TestStepResult of SwitchApp: Pass
2016-01-27 21:08:29,468 DEBUG [EBManual_Signature_JSSTTL-116713] In execute keyword function
2016-01-27 21:08:29,468 DEBUG [EBManual_Signature_JSSTTL-116713] Executing DrawSignature function:
2016-01-27 21:08:29,783 DEBUG [EBManual_Signature_JSSTTL-116713] Started executeCommandLine function
2016-01-27 21:08:33,804 DEBUG [EBManual_Signature_JSSTTL-116713] Exiting from executeCommandLine function
2016-01-27 21:08:33,804 DEBUG [EBManual_Signature_JSSTTL-116713] Signature drawn successfully
2016-01-27 21:08:33,804 DEBUG [EBManual_Signature_JSSTTL-116713] TestStepResult of DrawSignature: Pass
2016-01-27 21:08:33,804 DEBUG [EBManual_Signature_JSSTTL-116713] In execute keyword function
2016-01-27 21:08:33,804 DEBUG [EBManual_Signature_JSSTTL-116713] Executing TakeScreenshot function:
2016-01-27 21:08:34,331 DEBUG [EBManual_Signature_JSSTTL-116713] Started Executing Validate_App_launched_Device function
2016-01-27 21:08:34,331 DEBUG [EBManual_Signature_JSSTTL-116713] Entered CheckUIButtonExists function
2016-01-27 21:08:34,331 DEBUG [EBManual_Signature_JSSTTL-116713] Started executeCommandLine function
2016-01-27 21:08:38,340 DEBUG [EBManual_Signature_JSSTTL-116713] Exiting from executeCommandLine function
2016-01-27 21:08:38,340 DEBUG [EBManual_Signature_JSSTTL-116713] Button is not Present
2016-01-27 21:08:38,340 DEBUG [EBManual_Signature_JSSTTL-116713] Exiting from CheckUIButtonExists function
2016-01-27 21:08:38,340 DEBUG [EBManual_Signature_JSSTTL-116713] Started executeCommandLine function
2016-01-27 21:08:42,361 DEBUG [EBManual_Signature_JSSTTL-116713] Given App is in Foreground
2016-01-27 21:08:42,361 DEBUG [EBManual_Signature_JSSTTL-116713] Exiting Validate_App_launched_Device function
2016-01-27 21:08:42,448 DEBUG [EBManual_Signature_JSSTTL-116713] TestStepResult of TakeScreenshot: pass
2016-01-27 21:08:42,448 DEBUG [EBManual_Signature_JSSTTL-116713] In execute keyword function
2016-01-27 21:08:42,448 DEBUG [EBManual_Signature_JSSTTL-116713] Executing ClickNativeIcon function:
2016-01-27 21:08:43,148 DEBUG [EBManual_Signature_JSSTTL-116713] [[AppiumTouchActionExtension: selendroid on ANDROID (6be3a06e-d2cc-0a6c-8045-ba159da4a911)] -> xpath: //ImageButton[@id='sig_okButton']]Clicked successfully
2016-01-27 21:08:43,148 DEBUG [EBManual_Signature_JSSTTL-116713] TestStepResult of ClickNativeIcon: pass
2016-01-27 21:08:43,148 DEBUG [EBManual_Signature_JSSTTL-116713] In execute keyword function
2016-01-27 21:08:43,148 DEBUG [EBManual_Signature_JSSTTL-116713] Executing wait function:
2016-01-27 21:08:43,148 DEBUG [EBManual_Signature_JSSTTL-116713] Started Executing wait function
2016-01-27 21:08:45,148 DEBUG [EBManual_Signature_JSSTTL-116713] Exiting from wait function
2016-01-27 21:08:45,148 DEBUG [EBManual_Signature_JSSTTL-116713] TestStepResult of wait: Pass
2016-01-27 21:08:45,148 DEBUG [EBManual_Signature_JSSTTL-116713] In execute keyword function
2016-01-27 21:08:45,148 DEBUG [EBManual_Signature_JSSTTL-116713] Executing SwitchApp function:
2016-01-27 21:08:45,258 DEBUG [EBManual_Signature_JSSTTL-116713] Successfully switched to WEBVIEW
2016-01-27 21:08:45,258 DEBUG [EBManual_Signature_JSSTTL-116713] TestStepResult of SwitchApp: Pass
2016-01-27 21:08:45,258 DEBUG [EBManual_Signature_JSSTTL-116713] In execute keyword function
2016-01-27 21:08:45,258 DEBUG [EBManual_Signature_JSSTTL-116713] Executing wait function:
2016-01-27 21:08:45,258 DEBUG [EBManual_Signature_JSSTTL-116713] Started Executing wait function
2016-01-27 21:08:47,258 DEBUG [EBManual_Signature_JSSTTL-116713] Exiting from wait function
2016-01-27 21:08:47,258 DEBUG [EBManual_Signature_JSSTTL-116713] TestStepResult of wait: Pass
2016-01-27 21:08:47,258 DEBUG [EBManual_Signature_JSSTTL-116713] In execute keyword function
2016-01-27 21:08:47,258 DEBUG [EBManual_Signature_JSSTTL-116713] Executing validate_Screenshot function:
2016-01-27 21:08:47,475 DEBUG [EBManual_Signature_JSSTTL-116713] Started executeCommandLine function
2016-01-27 21:08:47,669 DEBUG [EBManual_Signature_JSSTTL-116713] Partial Match found with reference image 54.3079
2016-01-27 21:08:47,669 DEBUG [EBManual_Signature_JSSTTL-116713] Started executeCommandLine function
2016-01-27 21:08:51,676 DEBUG [EBManual_Signature_JSSTTL-116713] Result of validate_Screenshot: Pass
2016-01-27 21:08:51,676 DEBUG [EBManual_Signature_JSSTTL-116713] In execute keyword function
2016-01-27 21:08:51,676 DEBUG [EBManual_Signature_JSSTTL-116713] Executing validate_Result function:
2016-01-27 21:08:51,941 DEBUG [EBManual_Signature_JSSTTL-116713] Status: Text found in Results
Status: : ok
ImageUri: : file:///data/data/com.symbol.enterprisebrowser/rhodata/db/db-files/VT299-0014.png
2016-01-27 21:08:51,941 DEBUG [EBManual_Signature_JSSTTL-116713] Result of validate_Result: Pass
2016-01-27 21:08:51,941 DEBUG [EBManual_Signature_JSSTTL-116713] In execute keyword function
2016-01-27 21:08:51,941 DEBUG [EBManual_Signature_JSSTTL-116713] Executing validate_Result function:
2016-01-27 21:08:52,118 DEBUG [EBManual_Signature_JSSTTL-116713] ok Text found in Results
Status: : ok
ImageUri: : file:///data/data/com.symbol.enterprisebrowser/rhodata/db/db-files/VT299-0014.png
2016-01-27 21:08:52,118 DEBUG [EBManual_Signature_JSSTTL-116713] Result of validate_Result: Pass
2016-01-27 21:08:52,118 DEBUG [EBManual_Signature_JSSTTL-116713] In execute keyword function
2016-01-27 21:08:52,118 DEBUG [EBManual_Signature_JSSTTL-116713] Executing validate_Result function:
2016-01-27 21:08:52,300 DEBUG [EBManual_Signature_JSSTTL-116713] ImageUri: Text found in Results
Status: : ok
ImageUri: : file:///data/data/com.symbol.enterprisebrowser/rhodata/db/db-files/VT299-0014.png
2016-01-27 21:08:52,300 DEBUG [EBManual_Signature_JSSTTL-116713] Result of validate_Result: Pass
2016-01-27 21:08:52,300 DEBUG [EBManual_Signature_JSSTTL-116713] In execute keyword function
2016-01-27 21:08:52,300 DEBUG [EBManual_Signature_JSSTTL-116713] Executing validate_Result function:
2016-01-27 21:08:52,440 DEBUG [EBManual_Signature_JSSTTL-116713] file:///data/data/com.symbol.enterprisebrowser/rhodata/db/db-files/VT299-0014.png Text found in Results
Status: : ok
ImageUri: : file:///data/data/com.symbol.enterprisebrowser/rhodata/db/db-files/VT299-0014.png
2016-01-27 21:08:52,440 DEBUG [EBManual_Signature_JSSTTL-116713] Result of validate_Result: Pass
2016-01-27 21:08:52,440 DEBUG [EBManual_Signature_JSSTTL-116713] allstep_result contains: PassPassPasspasspassPassPasspasspasspassPassPassnull
2016-01-27 21:08:52,440 DEBUG [EBManual_Signature_JSSTTL-116713] allexpected_result contains: nullPassPassPassPassPassnullPassnullpassnullpassnull
2016-01-27 21:08:52,440 DEBUG [EBManual_Signature_JSSTTL-116713] Testcase_Result contains: nullPassPassPassPassPassnullPassnullpassnullpassnullPassPassPasspasspassPassPasspasspasspassPassPassnull
2016-01-27 21:08:52,440 DEBUG [EBManual_Signature_JSSTTL-116713] Test case with description Call takeFullScreen after setting bgColor as #FF87CEEB, penColor as #FF8B0000 and penWidth as 5 Pass
2016-01-27 21:08:53,451 DEBUG [EBManual_Signature_JSSTTL-116713] Executing browser_Quit function
2016-01-27 21:08:53,451 DEBUG [EBManual_Signature_JSSTTL-116713] Completed browser_Quit function
2016-01-27 21:08:53,451 DEBUG [EBManual_Signature_JSSTTL-116713] Completed quitSelendroid function
2016-01-27 21:08:53,451 DEBUG [EBManual_Signature_JSSTTL-116713] Row number:14
2016-01-27 21:08:53,487 DEBUG [EBManual_Signature_JSSTTL-116713] Ending Test Case IDSTTL-116713
