2016-01-27 20:59:45,480 DEBUG [EBManual_Signature_JSSTTL-116704] Executing Test Case ID: STTL-116704
2016-01-27 20:59:45,488 DEBUG [EBManual_Signature_JSSTTL-116704] Executing Init_Selendroid function with APK as parameter and clear data value with 1
2016-01-27 20:59:55,867 DEBUG [EBManual_Signature_JSSTTL-116704] Exiting Init_Selendroid function
2016-01-27 20:59:55,886 DEBUG [EBManual_Signature_JSSTTL-116704] TestCase with Description "Call takeFullScreen with callback as anonymous function" Execution started
2016-01-27 20:59:55,886 DEBUG [EBManual_Signature_JSSTTL-116704] In execute keyword function
2016-01-27 20:59:55,886 DEBUG [EBManual_Signature_JSSTTL-116704] Executing wait function:
2016-01-27 20:59:55,886 DEBUG [EBManual_Signature_JSSTTL-116704] Started Executing wait function
2016-01-27 20:59:58,886 DEBUG [EBManual_Signature_JSSTTL-116704] Exiting from wait function
2016-01-27 20:59:58,886 DEBUG [EBManual_Signature_JSSTTL-116704] TestStepResult of wait: Pass
2016-01-27 20:59:58,886 DEBUG [EBManual_Signature_JSSTTL-116704] In execute keyword function
2016-01-27 20:59:58,886 DEBUG [EBManual_Signature_JSSTTL-116704] Executing validate_PageTitle function:
2016-01-27 20:59:58,928 DEBUG [EBManual_Signature_JSSTTL-116704] The title of the page is *********************************: Manual specs
2016-01-27 20:59:58,928 DEBUG [EBManual_Signature_JSSTTL-116704] The page title found is correct
2016-01-27 20:59:58,928 DEBUG [EBManual_Signature_JSSTTL-116704] Result of validate_PageTitle: pass
2016-01-27 20:59:58,928 DEBUG [EBManual_Signature_JSSTTL-116704] In execute keyword function
2016-01-27 20:59:58,928 DEBUG [EBManual_Signature_JSSTTL-116704] Executing link_Click function:
2016-01-27 20:59:59,731 DEBUG [EBManual_Signature_JSSTTL-116704] Executing Click function
2016-01-27 21:00:01,098 DEBUG [EBManual_Signature_JSSTTL-116704] Exiting Click function
2016-01-27 21:00:01,098 DEBUG [EBManual_Signature_JSSTTL-116704] signature_page1_link clicked successfully
2016-01-27 21:00:01,098 DEBUG [EBManual_Signature_JSSTTL-116704] TestStepResult of link_Click: Pass
2016-01-27 21:00:01,098 DEBUG [EBManual_Signature_JSSTTL-116704] In execute keyword function
2016-01-27 21:00:01,098 DEBUG [EBManual_Signature_JSSTTL-116704] Executing validate_PageTitle function:
2016-01-27 21:00:01,113 DEBUG [EBManual_Signature_JSSTTL-116704] The title of the page is *********************************: Signature JS Test
2016-01-27 21:00:01,113 DEBUG [EBManual_Signature_JSSTTL-116704] The page title found is correct
2016-01-27 21:00:01,113 DEBUG [EBManual_Signature_JSSTTL-116704] Result of validate_PageTitle: pass
2016-01-27 21:00:01,113 DEBUG [EBManual_Signature_JSSTTL-116704] In execute keyword function
2016-01-27 21:00:01,113 DEBUG [EBManual_Signature_JSSTTL-116704] Executing SelectTestToRun function:
2016-01-27 21:00:04,004 DEBUG [EBManual_Signature_JSSTTL-116704] Successfull in selecting clicking the category
2016-01-27 21:00:04,004 DEBUG [EBManual_Signature_JSSTTL-116704] TestStepResult of SelectTestToRun: pass
2016-01-27 21:00:04,004 DEBUG [EBManual_Signature_JSSTTL-116704] In execute keyword function
2016-01-27 21:00:04,004 DEBUG [EBManual_Signature_JSSTTL-116704] Executing ClickRunTest function:
2016-01-27 21:00:04,355 DEBUG [EBManual_Signature_JSSTTL-116704] Executing Click function
2016-01-27 21:00:05,280 DEBUG [EBManual_Signature_JSSTTL-116704] Exiting Click function
2016-01-27 21:00:05,280 DEBUG [EBManual_Signature_JSSTTL-116704] runtest_top_xpath Button clicked Successfully
2016-01-27 21:00:05,280 DEBUG [EBManual_Signature_JSSTTL-116704] TestStepResult of ClickRunTest: pass
2016-01-27 21:00:05,280 DEBUG [EBManual_Signature_JSSTTL-116704] In execute keyword function
2016-01-27 21:00:05,280 DEBUG [EBManual_Signature_JSSTTL-116704] Executing validate_Text_Exists function:
2016-01-27 21:00:05,917 DEBUG [EBManual_Signature_JSSTTL-116704] VT299-0004 Testcase Text found
2016-01-27 21:00:05,917 DEBUG [EBManual_Signature_JSSTTL-116704] Result of validate_Text_Exists: Pass
2016-01-27 21:00:05,917 DEBUG [EBManual_Signature_JSSTTL-116704] In execute keyword function
2016-01-27 21:00:05,917 DEBUG [EBManual_Signature_JSSTTL-116704] Executing ClickRunTest function:
2016-01-27 21:00:06,228 DEBUG [EBManual_Signature_JSSTTL-116704] Executing Click function
2016-01-27 21:00:07,180 DEBUG [EBManual_Signature_JSSTTL-116704] Exiting Click function
2016-01-27 21:00:07,180 DEBUG [EBManual_Signature_JSSTTL-116704] runtest_bottom_xpath Button clicked Successfully
2016-01-27 21:00:07,180 DEBUG [EBManual_Signature_JSSTTL-116704] TestStepResult of ClickRunTest: pass
2016-01-27 21:00:07,180 DEBUG [EBManual_Signature_JSSTTL-116704] In execute keyword function
2016-01-27 21:00:07,180 DEBUG [EBManual_Signature_JSSTTL-116704] Executing wait function:
2016-01-27 21:00:07,180 DEBUG [EBManual_Signature_JSSTTL-116704] Started Executing wait function
2016-01-27 21:00:09,180 DEBUG [EBManual_Signature_JSSTTL-116704] Exiting from wait function
2016-01-27 21:00:09,180 DEBUG [EBManual_Signature_JSSTTL-116704] TestStepResult of wait: Pass
2016-01-27 21:00:09,180 DEBUG [EBManual_Signature_JSSTTL-116704] In execute keyword function
2016-01-27 21:00:09,180 DEBUG [EBManual_Signature_JSSTTL-116704] Executing SwitchApp function:
2016-01-27 21:00:09,244 DEBUG [EBManual_Signature_JSSTTL-116704] Successfully switched to NATIVE_APP
2016-01-27 21:00:09,244 DEBUG [EBManual_Signature_JSSTTL-116704] TestStepResult of SwitchApp: Pass
2016-01-27 21:00:09,244 DEBUG [EBManual_Signature_JSSTTL-116704] In execute keyword function
2016-01-27 21:00:09,244 DEBUG [EBManual_Signature_JSSTTL-116704] Executing DrawSignature function:
2016-01-27 21:00:09,523 DEBUG [EBManual_Signature_JSSTTL-116704] Started executeCommandLine function
2016-01-27 21:00:13,541 DEBUG [EBManual_Signature_JSSTTL-116704] Exiting from executeCommandLine function
2016-01-27 21:00:13,541 DEBUG [EBManual_Signature_JSSTTL-116704] Signature drawn successfully
2016-01-27 21:00:13,541 DEBUG [EBManual_Signature_JSSTTL-116704] TestStepResult of DrawSignature: Pass
2016-01-27 21:00:13,541 DEBUG [EBManual_Signature_JSSTTL-116704] In execute keyword function
2016-01-27 21:00:13,541 DEBUG [EBManual_Signature_JSSTTL-116704] Executing TakeScreenshot function:
2016-01-27 21:00:14,051 DEBUG [EBManual_Signature_JSSTTL-116704] Started Executing Validate_App_launched_Device function
2016-01-27 21:00:14,052 DEBUG [EBManual_Signature_JSSTTL-116704] Entered CheckUIButtonExists function
2016-01-27 21:00:14,052 DEBUG [EBManual_Signature_JSSTTL-116704] Started executeCommandLine function
2016-01-27 21:00:18,062 DEBUG [EBManual_Signature_JSSTTL-116704] Exiting from executeCommandLine function
2016-01-27 21:00:18,062 DEBUG [EBManual_Signature_JSSTTL-116704] Button is not Present
2016-01-27 21:00:18,062 DEBUG [EBManual_Signature_JSSTTL-116704] Exiting from CheckUIButtonExists function
2016-01-27 21:00:18,062 DEBUG [EBManual_Signature_JSSTTL-116704] Started executeCommandLine function
2016-01-27 21:00:22,083 DEBUG [EBManual_Signature_JSSTTL-116704] Given App is in Foreground
2016-01-27 21:00:22,083 DEBUG [EBManual_Signature_JSSTTL-116704] Exiting Validate_App_launched_Device function
2016-01-27 21:00:22,183 DEBUG [EBManual_Signature_JSSTTL-116704] TestStepResult of TakeScreenshot: pass
2016-01-27 21:00:22,183 DEBUG [EBManual_Signature_JSSTTL-116704] In execute keyword function
2016-01-27 21:00:22,183 DEBUG [EBManual_Signature_JSSTTL-116704] Executing ClickNativeIcon function:
2016-01-27 21:00:22,969 DEBUG [EBManual_Signature_JSSTTL-116704] [[AppiumTouchActionExtension: selendroid on ANDROID (02dd76ed-f946-fcbd-33e9-1053426755c4)] -> xpath: //ImageButton[@id='sig_okButton']]Clicked successfully
2016-01-27 21:00:22,969 DEBUG [EBManual_Signature_JSSTTL-116704] TestStepResult of ClickNativeIcon: pass
2016-01-27 21:00:22,969 DEBUG [EBManual_Signature_JSSTTL-116704] In execute keyword function
2016-01-27 21:00:22,969 DEBUG [EBManual_Signature_JSSTTL-116704] Executing wait function:
2016-01-27 21:00:22,969 DEBUG [EBManual_Signature_JSSTTL-116704] Started Executing wait function
2016-01-27 21:00:24,969 DEBUG [EBManual_Signature_JSSTTL-116704] Exiting from wait function
2016-01-27 21:00:24,969 DEBUG [EBManual_Signature_JSSTTL-116704] TestStepResult of wait: Pass
2016-01-27 21:00:24,969 DEBUG [EBManual_Signature_JSSTTL-116704] In execute keyword function
2016-01-27 21:00:24,969 DEBUG [EBManual_Signature_JSSTTL-116704] Executing SwitchApp function:
2016-01-27 21:00:25,082 DEBUG [EBManual_Signature_JSSTTL-116704] Successfully switched to WEBVIEW
2016-01-27 21:00:25,082 DEBUG [EBManual_Signature_JSSTTL-116704] TestStepResult of SwitchApp: Pass
2016-01-27 21:00:25,082 DEBUG [EBManual_Signature_JSSTTL-116704] In execute keyword function
2016-01-27 21:00:25,082 DEBUG [EBManual_Signature_JSSTTL-116704] Executing wait function:
2016-01-27 21:00:25,082 DEBUG [EBManual_Signature_JSSTTL-116704] Started Executing wait function
2016-01-27 21:00:27,082 DEBUG [EBManual_Signature_JSSTTL-116704] Exiting from wait function
2016-01-27 21:00:27,082 DEBUG [EBManual_Signature_JSSTTL-116704] TestStepResult of wait: Pass
2016-01-27 21:00:27,082 DEBUG [EBManual_Signature_JSSTTL-116704] In execute keyword function
2016-01-27 21:00:27,082 DEBUG [EBManual_Signature_JSSTTL-116704] Executing validate_Screenshot function:
2016-01-27 21:00:27,298 DEBUG [EBManual_Signature_JSSTTL-116704] Started executeCommandLine function
2016-01-27 21:00:27,474 DEBUG [EBManual_Signature_JSSTTL-116704] Partial Match found with reference image 41.9892
2016-01-27 21:00:27,474 DEBUG [EBManual_Signature_JSSTTL-116704] Started executeCommandLine function
2016-01-27 21:00:31,483 DEBUG [EBManual_Signature_JSSTTL-116704] Result of validate_Screenshot: Pass
2016-01-27 21:00:31,483 DEBUG [EBManual_Signature_JSSTTL-116704] In execute keyword function
2016-01-27 21:00:31,483 DEBUG [EBManual_Signature_JSSTTL-116704] Executing validate_Result function:
2016-01-27 21:00:31,773 DEBUG [EBManual_Signature_JSSTTL-116704] Status: Text found in Results
Status: : ok
ImageUri: : file:///data/data/com.symbol.enterprisebrowser/rhodata/db/db-files/VT299-0004.png
2016-01-27 21:00:31,773 DEBUG [EBManual_Signature_JSSTTL-116704] Result of validate_Result: Pass
2016-01-27 21:00:31,773 DEBUG [EBManual_Signature_JSSTTL-116704] In execute keyword function
2016-01-27 21:00:31,773 DEBUG [EBManual_Signature_JSSTTL-116704] Executing validate_Result function:
2016-01-27 21:00:31,971 DEBUG [EBManual_Signature_JSSTTL-116704] ok Text found in Results
Status: : ok
ImageUri: : file:///data/data/com.symbol.enterprisebrowser/rhodata/db/db-files/VT299-0004.png
2016-01-27 21:00:31,971 DEBUG [EBManual_Signature_JSSTTL-116704] Result of validate_Result: Pass
2016-01-27 21:00:31,971 DEBUG [EBManual_Signature_JSSTTL-116704] In execute keyword function
2016-01-27 21:00:31,971 DEBUG [EBManual_Signature_JSSTTL-116704] Executing validate_Result function:
2016-01-27 21:00:32,180 DEBUG [EBManual_Signature_JSSTTL-116704] ImageUri: Text found in Results
Status: : ok
ImageUri: : file:///data/data/com.symbol.enterprisebrowser/rhodata/db/db-files/VT299-0004.png
2016-01-27 21:00:32,180 DEBUG [EBManual_Signature_JSSTTL-116704] Result of validate_Result: Pass
2016-01-27 21:00:32,180 DEBUG [EBManual_Signature_JSSTTL-116704] In execute keyword function
2016-01-27 21:00:32,180 DEBUG [EBManual_Signature_JSSTTL-116704] Executing validate_Result function:
2016-01-27 21:00:32,379 DEBUG [EBManual_Signature_JSSTTL-116704] file:///data/data/com.symbol.enterprisebrowser/rhodata/db/db-files/VT299-0004.png Text found in Results
Status: : ok
ImageUri: : file:///data/data/com.symbol.enterprisebrowser/rhodata/db/db-files/VT299-0004.png
2016-01-27 21:00:32,379 DEBUG [EBManual_Signature_JSSTTL-116704] Result of validate_Result: Pass
2016-01-27 21:00:32,379 DEBUG [EBManual_Signature_JSSTTL-116704] allstep_result contains: PassPassPasspasspassPassPassPasspasspasspassPassPassnull
2016-01-27 21:00:32,379 DEBUG [EBManual_Signature_JSSTTL-116704] allexpected_result contains: nullPassPassPassPassPassnullPassnullpassnullpassnull
2016-01-27 21:00:32,379 DEBUG [EBManual_Signature_JSSTTL-116704] Testcase_Result contains: nullPassPassPassPassPassnullPassnullpassnullpassnullPassPassPasspasspassPassPassPasspasspasspassPassPassnull
2016-01-27 21:00:32,379 DEBUG [EBManual_Signature_JSSTTL-116704] Test case with description Call takeFullScreen with callback as anonymous function Pass
2016-01-27 21:00:33,463 DEBUG [EBManual_Signature_JSSTTL-116704] Executing browser_Quit function
2016-01-27 21:00:33,464 DEBUG [EBManual_Signature_JSSTTL-116704] Completed browser_Quit function
2016-01-27 21:00:33,464 DEBUG [EBManual_Signature_JSSTTL-116704] Completed quitSelendroid function
2016-01-27 21:00:33,464 DEBUG [EBManual_Signature_JSSTTL-116704] Row number:5
2016-01-27 21:00:33,505 DEBUG [EBManual_Signature_JSSTTL-116704] Ending Test Case IDSTTL-116704
