2016-01-27 21:23:01,958 DEBUG [EBManual_Signature_JSSTTL-116736] Executing Test Case ID: STTL-116736
2016-01-27 21:23:01,966 DEBUG [EBManual_Signature_JSSTTL-116736] Executing Init_Selendroid function with APK as parameter and clear data value with 1
2016-01-27 21:23:12,303 DEBUG [EBManual_Signature_JSSTTL-116736] Exiting Init_Selendroid function
2016-01-27 21:23:12,321 DEBUG [EBManual_Signature_JSSTTL-116736] TestCase with Description "Call takeFullScreen and rotate the device  landscape to portrait" Execution started
2016-01-27 21:23:12,321 DEBUG [EBManual_Signature_JSSTTL-116736] In execute keyword function
2016-01-27 21:23:12,321 DEBUG [EBManual_Signature_JSSTTL-116736] Executing wait function:
2016-01-27 21:23:12,321 DEBUG [EBManual_Signature_JSSTTL-116736] Started Executing wait function
2016-01-27 21:23:15,321 DEBUG [EBManual_Signature_JSSTTL-116736] Exiting from wait function
2016-01-27 21:23:15,321 DEBUG [EBManual_Signature_JSSTTL-116736] TestStepResult of wait: Pass
2016-01-27 21:23:15,321 DEBUG [EBManual_Signature_JSSTTL-116736] In execute keyword function
2016-01-27 21:23:15,321 DEBUG [EBManual_Signature_JSSTTL-116736] Executing validate_PageTitle function:
2016-01-27 21:23:15,338 DEBUG [EBManual_Signature_JSSTTL-116736] The title of the page is *********************************: Manual specs
2016-01-27 21:23:15,338 DEBUG [EBManual_Signature_JSSTTL-116736] The page title found is correct
2016-01-27 21:23:15,338 DEBUG [EBManual_Signature_JSSTTL-116736] Result of validate_PageTitle: pass
2016-01-27 21:23:15,338 DEBUG [EBManual_Signature_JSSTTL-116736] In execute keyword function
2016-01-27 21:23:15,338 DEBUG [EBManual_Signature_JSSTTL-116736] Executing link_Click function:
2016-01-27 21:23:16,052 DEBUG [EBManual_Signature_JSSTTL-116736] Executing Click function
2016-01-27 21:23:17,429 DEBUG [EBManual_Signature_JSSTTL-116736] Exiting Click function
2016-01-27 21:23:17,429 DEBUG [EBManual_Signature_JSSTTL-116736] signature_page2_link clicked successfully
2016-01-27 21:23:17,429 DEBUG [EBManual_Signature_JSSTTL-116736] TestStepResult of link_Click: Pass
2016-01-27 21:23:17,429 DEBUG [EBManual_Signature_JSSTTL-116736] In execute keyword function
2016-01-27 21:23:17,429 DEBUG [EBManual_Signature_JSSTTL-116736] Executing validate_PageTitle function:
2016-01-27 21:23:17,444 DEBUG [EBManual_Signature_JSSTTL-116736] The title of the page is *********************************: Signature JS Test
2016-01-27 21:23:17,444 DEBUG [EBManual_Signature_JSSTTL-116736] The page title found is correct
2016-01-27 21:23:17,444 DEBUG [EBManual_Signature_JSSTTL-116736] Result of validate_PageTitle: pass
2016-01-27 21:23:17,444 DEBUG [EBManual_Signature_JSSTTL-116736] In execute keyword function
2016-01-27 21:23:17,444 DEBUG [EBManual_Signature_JSSTTL-116736] Executing SelectTestToRun function:
2016-01-27 21:23:21,918 DEBUG [EBManual_Signature_JSSTTL-116736] Successfull in selecting clicking the category
2016-01-27 21:23:21,918 DEBUG [EBManual_Signature_JSSTTL-116736] TestStepResult of SelectTestToRun: pass
2016-01-27 21:23:21,918 DEBUG [EBManual_Signature_JSSTTL-116736] In execute keyword function
2016-01-27 21:23:21,918 DEBUG [EBManual_Signature_JSSTTL-116736] Executing ClickRunTest function:
2016-01-27 21:23:22,299 DEBUG [EBManual_Signature_JSSTTL-116736] Executing Click function
2016-01-27 21:23:23,212 DEBUG [EBManual_Signature_JSSTTL-116736] Exiting Click function
2016-01-27 21:23:23,212 DEBUG [EBManual_Signature_JSSTTL-116736] runtest_top_xpath Button clicked Successfully
2016-01-27 21:23:23,212 DEBUG [EBManual_Signature_JSSTTL-116736] TestStepResult of ClickRunTest: pass
2016-01-27 21:23:23,212 DEBUG [EBManual_Signature_JSSTTL-116736] In execute keyword function
2016-01-27 21:23:23,212 DEBUG [EBManual_Signature_JSSTTL-116736] Executing validate_Text_Exists function:
2016-01-27 21:23:23,855 DEBUG [EBManual_Signature_JSSTTL-116736] VT299-0039 Testcase Text found
2016-01-27 21:23:23,855 DEBUG [EBManual_Signature_JSSTTL-116736] Result of validate_Text_Exists: Pass
2016-01-27 21:23:23,855 DEBUG [EBManual_Signature_JSSTTL-116736] In execute keyword function
2016-01-27 21:23:23,855 DEBUG [EBManual_Signature_JSSTTL-116736] Executing ClickRunTest function:
2016-01-27 21:23:24,167 DEBUG [EBManual_Signature_JSSTTL-116736] Executing Click function
2016-01-27 21:23:25,357 DEBUG [EBManual_Signature_JSSTTL-116736] Exiting Click function
2016-01-27 21:23:25,357 DEBUG [EBManual_Signature_JSSTTL-116736] runtest_bottom_xpath Button clicked Successfully
2016-01-27 21:23:25,357 DEBUG [EBManual_Signature_JSSTTL-116736] TestStepResult of ClickRunTest: pass
2016-01-27 21:23:25,357 DEBUG [EBManual_Signature_JSSTTL-116736] In execute keyword function
2016-01-27 21:23:25,357 DEBUG [EBManual_Signature_JSSTTL-116736] Executing Rotate_Screen function:
2016-01-27 21:23:25,675 DEBUG [EBManual_Signature_JSSTTL-116736] Rotated to landscape successfully
2016-01-27 21:23:25,675 DEBUG [EBManual_Signature_JSSTTL-116736] TestStepResult of Rotate_Screen: pass
2016-01-27 21:23:25,675 DEBUG [EBManual_Signature_JSSTTL-116736] In execute keyword function
2016-01-27 21:23:25,675 DEBUG [EBManual_Signature_JSSTTL-116736] Executing wait function:
2016-01-27 21:23:25,675 DEBUG [EBManual_Signature_JSSTTL-116736] Started Executing wait function
2016-01-27 21:23:27,675 DEBUG [EBManual_Signature_JSSTTL-116736] Exiting from wait function
2016-01-27 21:23:27,675 DEBUG [EBManual_Signature_JSSTTL-116736] TestStepResult of wait: Pass
2016-01-27 21:23:27,675 DEBUG [EBManual_Signature_JSSTTL-116736] In execute keyword function
2016-01-27 21:23:27,675 DEBUG [EBManual_Signature_JSSTTL-116736] Executing TakeScreenshot function:
2016-01-27 21:23:28,434 DEBUG [EBManual_Signature_JSSTTL-116736] TestStepResult of TakeScreenshot: pass
2016-01-27 21:23:28,434 DEBUG [EBManual_Signature_JSSTTL-116736] In execute keyword function
2016-01-27 21:23:28,434 DEBUG [EBManual_Signature_JSSTTL-116736] Executing wait function:
2016-01-27 21:23:28,434 DEBUG [EBManual_Signature_JSSTTL-116736] Started Executing wait function
2016-01-27 21:23:30,434 DEBUG [EBManual_Signature_JSSTTL-116736] Exiting from wait function
2016-01-27 21:23:30,434 DEBUG [EBManual_Signature_JSSTTL-116736] TestStepResult of wait: Pass
2016-01-27 21:23:30,434 DEBUG [EBManual_Signature_JSSTTL-116736] In execute keyword function
2016-01-27 21:23:30,434 DEBUG [EBManual_Signature_JSSTTL-116736] Executing Rotate_Screen function:
2016-01-27 21:23:30,715 DEBUG [EBManual_Signature_JSSTTL-116736] Rotated to potrait successfully
2016-01-27 21:23:30,715 DEBUG [EBManual_Signature_JSSTTL-116736] TestStepResult of Rotate_Screen: pass
2016-01-27 21:23:30,715 DEBUG [EBManual_Signature_JSSTTL-116736] In execute keyword function
2016-01-27 21:23:30,715 DEBUG [EBManual_Signature_JSSTTL-116736] Executing wait function:
2016-01-27 21:23:30,715 DEBUG [EBManual_Signature_JSSTTL-116736] Started Executing wait function
2016-01-27 21:23:32,716 DEBUG [EBManual_Signature_JSSTTL-116736] Exiting from wait function
2016-01-27 21:23:32,716 DEBUG [EBManual_Signature_JSSTTL-116736] TestStepResult of wait: Pass
2016-01-27 21:23:32,716 DEBUG [EBManual_Signature_JSSTTL-116736] In execute keyword function
2016-01-27 21:23:32,716 DEBUG [EBManual_Signature_JSSTTL-116736] Executing TakeScreenshot function:
2016-01-27 21:23:33,271 DEBUG [EBManual_Signature_JSSTTL-116736] Started Executing Validate_App_launched_Device function
2016-01-27 21:23:33,271 DEBUG [EBManual_Signature_JSSTTL-116736] Entered CheckUIButtonExists function
2016-01-27 21:23:33,271 DEBUG [EBManual_Signature_JSSTTL-116736] Started executeCommandLine function
2016-01-27 21:23:37,279 DEBUG [EBManual_Signature_JSSTTL-116736] Exiting from executeCommandLine function
2016-01-27 21:23:37,279 DEBUG [EBManual_Signature_JSSTTL-116736] Button is not Present
2016-01-27 21:23:37,279 DEBUG [EBManual_Signature_JSSTTL-116736] Exiting from CheckUIButtonExists function
2016-01-27 21:23:37,279 DEBUG [EBManual_Signature_JSSTTL-116736] Started executeCommandLine function
2016-01-27 21:23:41,301 DEBUG [EBManual_Signature_JSSTTL-116736] Given App is in Foreground
2016-01-27 21:23:41,301 DEBUG [EBManual_Signature_JSSTTL-116736] Exiting Validate_App_launched_Device function
2016-01-27 21:23:41,417 DEBUG [EBManual_Signature_JSSTTL-116736] TestStepResult of TakeScreenshot: pass
2016-01-27 21:23:41,417 DEBUG [EBManual_Signature_JSSTTL-116736] In execute keyword function
2016-01-27 21:23:41,417 DEBUG [EBManual_Signature_JSSTTL-116736] Executing wait function:
2016-01-27 21:23:41,417 DEBUG [EBManual_Signature_JSSTTL-116736] Started Executing wait function
2016-01-27 21:23:43,417 DEBUG [EBManual_Signature_JSSTTL-116736] Exiting from wait function
2016-01-27 21:23:43,417 DEBUG [EBManual_Signature_JSSTTL-116736] TestStepResult of wait: Pass
2016-01-27 21:23:43,417 DEBUG [EBManual_Signature_JSSTTL-116736] In execute keyword function
2016-01-27 21:23:43,417 DEBUG [EBManual_Signature_JSSTTL-116736] Executing validate_Screenshot function:
2016-01-27 21:23:43,610 DEBUG [EBManual_Signature_JSSTTL-116736] Match found with reference image
2016-01-27 21:23:43,610 DEBUG [EBManual_Signature_JSSTTL-116736] Result of validate_Screenshot: Pass
2016-01-27 21:23:43,610 DEBUG [EBManual_Signature_JSSTTL-116736] In execute keyword function
2016-01-27 21:23:43,610 DEBUG [EBManual_Signature_JSSTTL-116736] Executing validate_Screenshot function:
2016-01-27 21:23:43,785 DEBUG [EBManual_Signature_JSSTTL-116736] Match found with reference image
2016-01-27 21:23:43,785 DEBUG [EBManual_Signature_JSSTTL-116736] Result of validate_Screenshot: Pass
2016-01-27 21:23:43,785 DEBUG [EBManual_Signature_JSSTTL-116736] allstep_result contains: PasspassPasspassPasspassPasspasspasspasspassPassPassnull
2016-01-27 21:23:43,785 DEBUG [EBManual_Signature_JSSTTL-116736] allexpected_result contains: nullPassPassnullPassnullpassnullpassnull
2016-01-27 21:23:43,785 DEBUG [EBManual_Signature_JSSTTL-116736] Testcase_Result contains: nullPassPassnullPassnullpassnullpassnullPasspassPasspassPasspassPasspasspasspasspassPassPassnull
2016-01-27 21:23:43,785 DEBUG [EBManual_Signature_JSSTTL-116736] Test case with description Call takeFullScreen and rotate the device  landscape to portrait Pass
2016-01-27 21:23:44,857 DEBUG [EBManual_Signature_JSSTTL-116736] Executing browser_Quit function
2016-01-27 21:23:44,857 DEBUG [EBManual_Signature_JSSTTL-116736] Completed browser_Quit function
2016-01-27 21:23:44,858 DEBUG [EBManual_Signature_JSSTTL-116736] Completed quitSelendroid function
2016-01-27 21:23:44,859 DEBUG [EBManual_Signature_JSSTTL-116736] Row number:37
2016-01-27 21:23:44,904 DEBUG [EBManual_Signature_JSSTTL-116736] Ending Test Case IDSTTL-116736
