2016-01-27 21:20:46,445 DEBUG [EBManual_Signature_JSSTTL-116732] Executing Test Case ID: STTL-116732
2016-01-27 21:20:46,452 DEBUG [EBManual_Signature_JSSTTL-116732] Executing Init_Selendroid function with APK as parameter and clear data value with 1
2016-01-27 21:20:56,350 DEBUG [EBManual_Signature_JSSTTL-116732] Exiting Init_Selendroid function
2016-01-27 21:20:56,368 DEBUG [EBManual_Signature_JSSTTL-116732] TestCase with Description "Call show and suspend the device" Execution started
2016-01-27 21:20:56,368 DEBUG [EBManual_Signature_JSSTTL-116732] In execute keyword function
2016-01-27 21:20:56,369 DEBUG [EBManual_Signature_JSSTTL-116732] Executing wait function:
2016-01-27 21:20:56,369 DEBUG [EBManual_Signature_JSSTTL-116732] Started Executing wait function
2016-01-27 21:20:59,369 DEBUG [EBManual_Signature_JSSTTL-116732] Exiting from wait function
2016-01-27 21:20:59,369 DEBUG [EBManual_Signature_JSSTTL-116732] TestStepResult of wait: Pass
2016-01-27 21:20:59,369 DEBUG [EBManual_Signature_JSSTTL-116732] In execute keyword function
2016-01-27 21:20:59,369 DEBUG [EBManual_Signature_JSSTTL-116732] Executing validate_PageTitle function:
2016-01-27 21:20:59,385 DEBUG [EBManual_Signature_JSSTTL-116732] The title of the page is *********************************: Manual specs
2016-01-27 21:20:59,385 DEBUG [EBManual_Signature_JSSTTL-116732] The page title found is correct
2016-01-27 21:20:59,385 DEBUG [EBManual_Signature_JSSTTL-116732] Result of validate_PageTitle: pass
2016-01-27 21:20:59,386 DEBUG [EBManual_Signature_JSSTTL-116732] In execute keyword function
2016-01-27 21:20:59,386 DEBUG [EBManual_Signature_JSSTTL-116732] Executing link_Click function:
2016-01-27 21:21:00,130 DEBUG [EBManual_Signature_JSSTTL-116732] Executing Click function
2016-01-27 21:21:01,483 DEBUG [EBManual_Signature_JSSTTL-116732] Exiting Click function
2016-01-27 21:21:01,483 DEBUG [EBManual_Signature_JSSTTL-116732] signature_page2_link clicked successfully
2016-01-27 21:21:01,483 DEBUG [EBManual_Signature_JSSTTL-116732] TestStepResult of link_Click: Pass
2016-01-27 21:21:01,483 DEBUG [EBManual_Signature_JSSTTL-116732] In execute keyword function
2016-01-27 21:21:01,483 DEBUG [EBManual_Signature_JSSTTL-116732] Executing validate_PageTitle function:
2016-01-27 21:21:01,503 DEBUG [EBManual_Signature_JSSTTL-116732] The title of the page is *********************************: Signature JS Test
2016-01-27 21:21:01,503 DEBUG [EBManual_Signature_JSSTTL-116732] The page title found is correct
2016-01-27 21:21:01,503 DEBUG [EBManual_Signature_JSSTTL-116732] Result of validate_PageTitle: pass
2016-01-27 21:21:01,503 DEBUG [EBManual_Signature_JSSTTL-116732] In execute keyword function
2016-01-27 21:21:01,503 DEBUG [EBManual_Signature_JSSTTL-116732] Executing SelectTestToRun function:
2016-01-27 21:21:05,703 DEBUG [EBManual_Signature_JSSTTL-116732] Successfull in selecting clicking the category
2016-01-27 21:21:05,703 DEBUG [EBManual_Signature_JSSTTL-116732] TestStepResult of SelectTestToRun: pass
2016-01-27 21:21:05,703 DEBUG [EBManual_Signature_JSSTTL-116732] In execute keyword function
2016-01-27 21:21:05,703 DEBUG [EBManual_Signature_JSSTTL-116732] Executing ClickRunTest function:
2016-01-27 21:21:06,022 DEBUG [EBManual_Signature_JSSTTL-116732] Executing Click function
2016-01-27 21:21:06,977 DEBUG [EBManual_Signature_JSSTTL-116732] Exiting Click function
2016-01-27 21:21:06,977 DEBUG [EBManual_Signature_JSSTTL-116732] runtest_top_xpath Button clicked Successfully
2016-01-27 21:21:06,977 DEBUG [EBManual_Signature_JSSTTL-116732] TestStepResult of ClickRunTest: pass
2016-01-27 21:21:06,977 DEBUG [EBManual_Signature_JSSTTL-116732] In execute keyword function
2016-01-27 21:21:06,977 DEBUG [EBManual_Signature_JSSTTL-116732] Executing validate_Text_Exists function:
2016-01-27 21:21:07,591 DEBUG [EBManual_Signature_JSSTTL-116732] VT299-0035 Testcase Text found
2016-01-27 21:21:07,591 DEBUG [EBManual_Signature_JSSTTL-116732] Result of validate_Text_Exists: Pass
2016-01-27 21:21:07,591 DEBUG [EBManual_Signature_JSSTTL-116732] In execute keyword function
2016-01-27 21:21:07,591 DEBUG [EBManual_Signature_JSSTTL-116732] Executing ClickRunTest function:
2016-01-27 21:21:07,948 DEBUG [EBManual_Signature_JSSTTL-116732] Executing Click function
2016-01-27 21:21:08,869 DEBUG [EBManual_Signature_JSSTTL-116732] Exiting Click function
2016-01-27 21:21:08,869 DEBUG [EBManual_Signature_JSSTTL-116732] runtest_bottom_xpath Button clicked Successfully
2016-01-27 21:21:08,869 DEBUG [EBManual_Signature_JSSTTL-116732] TestStepResult of ClickRunTest: pass
2016-01-27 21:21:08,869 DEBUG [EBManual_Signature_JSSTTL-116732] In execute keyword function
2016-01-27 21:21:08,869 DEBUG [EBManual_Signature_JSSTTL-116732] Executing Lock_UnlockScreen function:
2016-01-27 21:21:08,869 DEBUG [EBManual_Signature_JSSTTL-116732] locking screen
2016-01-27 21:21:08,869 DEBUG [EBManual_Signature_JSSTTL-116732] Started executeCommandLine function
2016-01-27 21:21:13,891 DEBUG [EBManual_Signature_JSSTTL-116732] TestStepResult of Lock_UnlockScreen: pass
2016-01-27 21:21:13,891 DEBUG [EBManual_Signature_JSSTTL-116732] In execute keyword function
2016-01-27 21:21:13,891 DEBUG [EBManual_Signature_JSSTTL-116732] Executing Lock_UnlockScreen function:
2016-01-27 21:21:13,891 DEBUG [EBManual_Signature_JSSTTL-116732] unlocking screen
2016-01-27 21:21:13,891 DEBUG [EBManual_Signature_JSSTTL-116732] Started executeCommandLine function
2016-01-27 21:21:17,911 DEBUG [EBManual_Signature_JSSTTL-116732] Started executeCommandLine function
2016-01-27 21:21:21,933 DEBUG [EBManual_Signature_JSSTTL-116732] TestStepResult of Lock_UnlockScreen: pass
2016-01-27 21:21:21,933 DEBUG [EBManual_Signature_JSSTTL-116732] In execute keyword function
2016-01-27 21:21:21,933 DEBUG [EBManual_Signature_JSSTTL-116732] Executing wait function:
2016-01-27 21:21:21,933 DEBUG [EBManual_Signature_JSSTTL-116732] Started Executing wait function
2016-01-27 21:21:23,933 DEBUG [EBManual_Signature_JSSTTL-116732] Exiting from wait function
2016-01-27 21:21:23,933 DEBUG [EBManual_Signature_JSSTTL-116732] TestStepResult of wait: Pass
2016-01-27 21:21:23,933 DEBUG [EBManual_Signature_JSSTTL-116732] allstep_result contains: PasspasspasspasspasspassPassPassnull
2016-01-27 21:21:23,933 DEBUG [EBManual_Signature_JSSTTL-116732] allexpected_result contains: nullPassnullpassnullpassnull
2016-01-27 21:21:23,933 DEBUG [EBManual_Signature_JSSTTL-116732] Testcase_Result contains: nullPassnullpassnullpassnullPasspasspasspasspasspassPassPassnull
2016-01-27 21:21:23,933 DEBUG [EBManual_Signature_JSSTTL-116732] Test case with description Call show and suspend the device Pass
2016-01-27 21:21:24,947 DEBUG [EBManual_Signature_JSSTTL-116732] Executing browser_Quit function
2016-01-27 21:21:24,947 DEBUG [EBManual_Signature_JSSTTL-116732] Completed browser_Quit function
2016-01-27 21:21:24,947 DEBUG [EBManual_Signature_JSSTTL-116732] Completed quitSelendroid function
2016-01-27 21:21:24,948 DEBUG [EBManual_Signature_JSSTTL-116732] Row number:33
2016-01-27 21:21:24,992 DEBUG [EBManual_Signature_JSSTTL-116732] Ending Test Case IDSTTL-116732
