2016-01-27 21:04:41,679 DEBUG [EBManual_Signature_JSSTTL-116709] Executing Test Case ID: STTL-116709
2016-01-27 21:04:41,687 DEBUG [EBManual_Signature_JSSTTL-116709] Executing Init_Selendroid function with APK as parameter and clear data value with 1
2016-01-27 21:04:51,581 DEBUG [EBManual_Signature_JSSTTL-116709] Exiting Init_Selendroid function
2016-01-27 21:04:51,598 DEBUG [EBManual_Signature_JSSTTL-116709] TestCase with Description "Call capture with callback as anonymous function" Execution started
2016-01-27 21:04:51,599 DEBUG [EBManual_Signature_JSSTTL-116709] In execute keyword function
2016-01-27 21:04:51,599 DEBUG [EBManual_Signature_JSSTTL-116709] Executing wait function:
2016-01-27 21:04:51,599 DEBUG [EBManual_Signature_JSSTTL-116709] Started Executing wait function
2016-01-27 21:04:54,599 DEBUG [EBManual_Signature_JSSTTL-116709] Exiting from wait function
2016-01-27 21:04:54,599 DEBUG [EBManual_Signature_JSSTTL-116709] TestStepResult of wait: Pass
2016-01-27 21:04:54,599 DEBUG [EBManual_Signature_JSSTTL-116709] In execute keyword function
2016-01-27 21:04:54,599 DEBUG [EBManual_Signature_JSSTTL-116709] Executing validate_PageTitle function:
2016-01-27 21:04:54,638 DEBUG [EBManual_Signature_JSSTTL-116709] The title of the page is *********************************: Manual specs
2016-01-27 21:04:54,638 DEBUG [EBManual_Signature_JSSTTL-116709] The page title found is correct
2016-01-27 21:04:54,638 DEBUG [EBManual_Signature_JSSTTL-116709] Result of validate_PageTitle: pass
2016-01-27 21:04:54,638 DEBUG [EBManual_Signature_JSSTTL-116709] In execute keyword function
2016-01-27 21:04:54,638 DEBUG [EBManual_Signature_JSSTTL-116709] Executing link_Click function:
2016-01-27 21:04:55,349 DEBUG [EBManual_Signature_JSSTTL-116709] Executing Click function
2016-01-27 21:04:56,726 DEBUG [EBManual_Signature_JSSTTL-116709] Exiting Click function
2016-01-27 21:04:56,726 DEBUG [EBManual_Signature_JSSTTL-116709] signature_page1_link clicked successfully
2016-01-27 21:04:56,726 DEBUG [EBManual_Signature_JSSTTL-116709] TestStepResult of link_Click: Pass
2016-01-27 21:04:56,726 DEBUG [EBManual_Signature_JSSTTL-116709] In execute keyword function
2016-01-27 21:04:56,726 DEBUG [EBManual_Signature_JSSTTL-116709] Executing validate_PageTitle function:
2016-01-27 21:04:56,746 DEBUG [EBManual_Signature_JSSTTL-116709] The title of the page is *********************************: Signature JS Test
2016-01-27 21:04:56,746 DEBUG [EBManual_Signature_JSSTTL-116709] The page title found is correct
2016-01-27 21:04:56,746 DEBUG [EBManual_Signature_JSSTTL-116709] Result of validate_PageTitle: pass
2016-01-27 21:04:56,746 DEBUG [EBManual_Signature_JSSTTL-116709] In execute keyword function
2016-01-27 21:04:56,746 DEBUG [EBManual_Signature_JSSTTL-116709] Executing SelectTestToRun function:
2016-01-27 21:05:00,103 DEBUG [EBManual_Signature_JSSTTL-116709] Successfull in selecting clicking the category
2016-01-27 21:05:00,103 DEBUG [EBManual_Signature_JSSTTL-116709] TestStepResult of SelectTestToRun: pass
2016-01-27 21:05:00,103 DEBUG [EBManual_Signature_JSSTTL-116709] In execute keyword function
2016-01-27 21:05:00,103 DEBUG [EBManual_Signature_JSSTTL-116709] Executing ClickRunTest function:
2016-01-27 21:05:00,468 DEBUG [EBManual_Signature_JSSTTL-116709] Executing Click function
2016-01-27 21:05:01,476 DEBUG [EBManual_Signature_JSSTTL-116709] Exiting Click function
2016-01-27 21:05:01,477 DEBUG [EBManual_Signature_JSSTTL-116709] runtest_top_xpath Button clicked Successfully
2016-01-27 21:05:01,477 DEBUG [EBManual_Signature_JSSTTL-116709] TestStepResult of ClickRunTest: pass
2016-01-27 21:05:01,477 DEBUG [EBManual_Signature_JSSTTL-116709] In execute keyword function
2016-01-27 21:05:01,477 DEBUG [EBManual_Signature_JSSTTL-116709] Executing validate_Text_Exists function:
2016-01-27 21:05:02,044 DEBUG [EBManual_Signature_JSSTTL-116709] VT299-0010 Testcase Text found
2016-01-27 21:05:02,044 DEBUG [EBManual_Signature_JSSTTL-116709] Result of validate_Text_Exists: Pass
2016-01-27 21:05:02,045 DEBUG [EBManual_Signature_JSSTTL-116709] In execute keyword function
2016-01-27 21:05:02,045 DEBUG [EBManual_Signature_JSSTTL-116709] Executing ClickRunTest function:
2016-01-27 21:05:02,387 DEBUG [EBManual_Signature_JSSTTL-116709] Executing Click function
2016-01-27 21:05:03,302 DEBUG [EBManual_Signature_JSSTTL-116709] Exiting Click function
2016-01-27 21:05:03,302 DEBUG [EBManual_Signature_JSSTTL-116709] runtest_bottom_xpath Button clicked Successfully
2016-01-27 21:05:03,302 DEBUG [EBManual_Signature_JSSTTL-116709] TestStepResult of ClickRunTest: pass
2016-01-27 21:05:03,302 DEBUG [EBManual_Signature_JSSTTL-116709] In execute keyword function
2016-01-27 21:05:03,302 DEBUG [EBManual_Signature_JSSTTL-116709] Executing SwitchApp function:
2016-01-27 21:05:03,396 DEBUG [EBManual_Signature_JSSTTL-116709] Successfully switched to NATIVE_APP
2016-01-27 21:05:03,396 DEBUG [EBManual_Signature_JSSTTL-116709] TestStepResult of SwitchApp: Pass
2016-01-27 21:05:03,396 DEBUG [EBManual_Signature_JSSTTL-116709] In execute keyword function
2016-01-27 21:05:03,396 DEBUG [EBManual_Signature_JSSTTL-116709] Executing DrawSignature function:
2016-01-27 21:05:04,278 DEBUG [EBManual_Signature_JSSTTL-116709] Started executeCommandLine function
2016-01-27 21:05:08,298 DEBUG [EBManual_Signature_JSSTTL-116709] Exiting from executeCommandLine function
2016-01-27 21:05:08,298 DEBUG [EBManual_Signature_JSSTTL-116709] Signature drawn successfully
2016-01-27 21:05:08,298 DEBUG [EBManual_Signature_JSSTTL-116709] TestStepResult of DrawSignature: Pass
2016-01-27 21:05:08,298 DEBUG [EBManual_Signature_JSSTTL-116709] In execute keyword function
2016-01-27 21:05:08,298 DEBUG [EBManual_Signature_JSSTTL-116709] Executing TakeScreenshot function:
2016-01-27 21:05:09,166 DEBUG [EBManual_Signature_JSSTTL-116709] Started Executing Validate_App_launched_Device function
2016-01-27 21:05:09,166 DEBUG [EBManual_Signature_JSSTTL-116709] Entered CheckUIButtonExists function
2016-01-27 21:05:09,166 DEBUG [EBManual_Signature_JSSTTL-116709] Started executeCommandLine function
2016-01-27 21:05:13,176 DEBUG [EBManual_Signature_JSSTTL-116709] Exiting from executeCommandLine function
2016-01-27 21:05:13,176 DEBUG [EBManual_Signature_JSSTTL-116709] Button is not Present
2016-01-27 21:05:13,176 DEBUG [EBManual_Signature_JSSTTL-116709] Exiting from CheckUIButtonExists function
2016-01-27 21:05:13,176 DEBUG [EBManual_Signature_JSSTTL-116709] Started executeCommandLine function
2016-01-27 21:05:17,196 DEBUG [EBManual_Signature_JSSTTL-116709] Given App is in Foreground
2016-01-27 21:05:17,196 DEBUG [EBManual_Signature_JSSTTL-116709] Exiting Validate_App_launched_Device function
2016-01-27 21:05:17,340 DEBUG [EBManual_Signature_JSSTTL-116709] TestStepResult of TakeScreenshot: pass
2016-01-27 21:05:17,340 DEBUG [EBManual_Signature_JSSTTL-116709] In execute keyword function
2016-01-27 21:05:17,340 DEBUG [EBManual_Signature_JSSTTL-116709] Executing SwitchApp function:
2016-01-27 21:05:17,435 DEBUG [EBManual_Signature_JSSTTL-116709] Successfully switched to WEBVIEW
2016-01-27 21:05:17,435 DEBUG [EBManual_Signature_JSSTTL-116709] TestStepResult of SwitchApp: Pass
2016-01-27 21:05:17,435 DEBUG [EBManual_Signature_JSSTTL-116709] In execute keyword function
2016-01-27 21:05:17,435 DEBUG [EBManual_Signature_JSSTTL-116709] Executing wait function:
2016-01-27 21:05:17,435 DEBUG [EBManual_Signature_JSSTTL-116709] Started Executing wait function
2016-01-27 21:05:19,435 DEBUG [EBManual_Signature_JSSTTL-116709] Exiting from wait function
2016-01-27 21:05:19,435 DEBUG [EBManual_Signature_JSSTTL-116709] TestStepResult of wait: Pass
2016-01-27 21:05:19,435 DEBUG [EBManual_Signature_JSSTTL-116709] In execute keyword function
2016-01-27 21:05:19,435 DEBUG [EBManual_Signature_JSSTTL-116709] Executing validate_Screenshot function:
2016-01-27 21:05:19,670 DEBUG [EBManual_Signature_JSSTTL-116709] Started executeCommandLine function
2016-01-27 21:05:19,892 DEBUG [EBManual_Signature_JSSTTL-116709] Partial Match found with reference image 50.0119
2016-01-27 21:05:19,892 DEBUG [EBManual_Signature_JSSTTL-116709] Started executeCommandLine function
2016-01-27 21:05:23,898 DEBUG [EBManual_Signature_JSSTTL-116709] Result of validate_Screenshot: Pass
2016-01-27 21:05:23,898 DEBUG [EBManual_Signature_JSSTTL-116709] In execute keyword function
2016-01-27 21:05:23,898 DEBUG [EBManual_Signature_JSSTTL-116709] Executing validate_Result function:
2016-01-27 21:05:33,106 DEBUG [EBManual_Signature_JSSTTL-116709] Status: Text found in Results
Status: : ok
ImageUri: : file:///data/data/com.symbol.enterprisebrowser/rhodata/db/db-files/VT299-0010.png
2016-01-27 21:05:33,106 DEBUG [EBManual_Signature_JSSTTL-116709] Result of validate_Result: Pass
2016-01-27 21:05:33,106 DEBUG [EBManual_Signature_JSSTTL-116709] In execute keyword function
2016-01-27 21:05:33,106 DEBUG [EBManual_Signature_JSSTTL-116709] Executing validate_Result function:
2016-01-27 21:05:33,310 DEBUG [EBManual_Signature_JSSTTL-116709] ok Text found in Results
Status: : ok
ImageUri: : file:///data/data/com.symbol.enterprisebrowser/rhodata/db/db-files/VT299-0010.png
2016-01-27 21:05:33,310 DEBUG [EBManual_Signature_JSSTTL-116709] Result of validate_Result: Pass
2016-01-27 21:05:33,310 DEBUG [EBManual_Signature_JSSTTL-116709] In execute keyword function
2016-01-27 21:05:33,310 DEBUG [EBManual_Signature_JSSTTL-116709] Executing validate_Result function:
2016-01-27 21:05:33,477 DEBUG [EBManual_Signature_JSSTTL-116709] ImageUri: Text found in Results
Status: : ok
ImageUri: : file:///data/data/com.symbol.enterprisebrowser/rhodata/db/db-files/VT299-0010.png
2016-01-27 21:05:33,477 DEBUG [EBManual_Signature_JSSTTL-116709] Result of validate_Result: Pass
2016-01-27 21:05:33,477 DEBUG [EBManual_Signature_JSSTTL-116709] In execute keyword function
2016-01-27 21:05:33,477 DEBUG [EBManual_Signature_JSSTTL-116709] Executing validate_Result function:
2016-01-27 21:05:33,685 DEBUG [EBManual_Signature_JSSTTL-116709] file:///data/data/com.symbol.enterprisebrowser/rhodata/db/db-files/VT299-0010.png Text found in Results
Status: : ok
ImageUri: : file:///data/data/com.symbol.enterprisebrowser/rhodata/db/db-files/VT299-0010.png
2016-01-27 21:05:33,685 DEBUG [EBManual_Signature_JSSTTL-116709] Result of validate_Result: Pass
2016-01-27 21:05:33,685 DEBUG [EBManual_Signature_JSSTTL-116709] allstep_result contains: PassPasspassPassPasspasspasspassPassPassnull
2016-01-27 21:05:33,685 DEBUG [EBManual_Signature_JSSTTL-116709] allexpected_result contains: nullPassPassPassPassPassnullPassnullpassnullpassnull
2016-01-27 21:05:33,685 DEBUG [EBManual_Signature_JSSTTL-116709] Testcase_Result contains: nullPassPassPassPassPassnullPassnullpassnullpassnullPassPasspassPassPasspasspasspassPassPassnull
2016-01-27 21:05:33,686 DEBUG [EBManual_Signature_JSSTTL-116709] Test case with description Call capture with callback as anonymous function Pass
2016-01-27 21:05:34,762 DEBUG [EBManual_Signature_JSSTTL-116709] Executing browser_Quit function
2016-01-27 21:05:34,762 DEBUG [EBManual_Signature_JSSTTL-116709] Completed browser_Quit function
2016-01-27 21:05:34,762 DEBUG [EBManual_Signature_JSSTTL-116709] Completed quitSelendroid function
2016-01-27 21:05:34,762 DEBUG [EBManual_Signature_JSSTTL-116709] Row number:10
2016-01-27 21:05:34,806 DEBUG [EBManual_Signature_JSSTTL-116709] Ending Test Case IDSTTL-116709
