2016-01-27 21:23:44,921 DEBUG [EBManual_Signature_JSSTTL-116737] Executing Test Case ID: STTL-116737
2016-01-27 21:23:44,928 DEBUG [EBManual_Signature_JSSTTL-116737] Executing Init_Selendroid function with APK as parameter and clear data value with 1
2016-01-27 21:23:55,177 DEBUG [EBManual_Signature_JSSTTL-116737] Exiting Init_Selendroid function
2016-01-27 21:23:55,195 DEBUG [EBManual_Signature_JSSTTL-116737] TestCase with Description "Call takeFullScreen with callback as function and wait for timeout" Execution started
2016-01-27 21:23:55,195 DEBUG [EBManual_Signature_JSSTTL-116737] In execute keyword function
2016-01-27 21:23:55,195 DEBUG [EBManual_Signature_JSSTTL-116737] Executing wait function:
2016-01-27 21:23:55,195 DEBUG [EBManual_Signature_JSSTTL-116737] Started Executing wait function
2016-01-27 21:23:58,195 DEBUG [EBManual_Signature_JSSTTL-116737] Exiting from wait function
2016-01-27 21:23:58,195 DEBUG [EBManual_Signature_JSSTTL-116737] TestStepResult of wait: Pass
2016-01-27 21:23:58,195 DEBUG [EBManual_Signature_JSSTTL-116737] In execute keyword function
2016-01-27 21:23:58,195 DEBUG [EBManual_Signature_JSSTTL-116737] Executing validate_PageTitle function:
2016-01-27 21:23:58,237 DEBUG [EBManual_Signature_JSSTTL-116737] The title of the page is *********************************: Manual specs
2016-01-27 21:23:58,237 DEBUG [EBManual_Signature_JSSTTL-116737] The page title found is correct
2016-01-27 21:23:58,237 DEBUG [EBManual_Signature_JSSTTL-116737] Result of validate_PageTitle: pass
2016-01-27 21:23:58,237 DEBUG [EBManual_Signature_JSSTTL-116737] In execute keyword function
2016-01-27 21:23:58,237 DEBUG [EBManual_Signature_JSSTTL-116737] Executing link_Click function:
2016-01-27 21:23:58,968 DEBUG [EBManual_Signature_JSSTTL-116737] Executing Click function
2016-01-27 21:24:00,422 DEBUG [EBManual_Signature_JSSTTL-116737] Exiting Click function
2016-01-27 21:24:00,422 DEBUG [EBManual_Signature_JSSTTL-116737] signature_page2_link clicked successfully
2016-01-27 21:24:00,422 DEBUG [EBManual_Signature_JSSTTL-116737] TestStepResult of link_Click: Pass
2016-01-27 21:24:00,422 DEBUG [EBManual_Signature_JSSTTL-116737] In execute keyword function
2016-01-27 21:24:00,422 DEBUG [EBManual_Signature_JSSTTL-116737] Executing validate_PageTitle function:
2016-01-27 21:24:00,454 DEBUG [EBManual_Signature_JSSTTL-116737] The title of the page is *********************************: Signature JS Test
2016-01-27 21:24:00,454 DEBUG [EBManual_Signature_JSSTTL-116737] The page title found is correct
2016-01-27 21:24:00,455 DEBUG [EBManual_Signature_JSSTTL-116737] Result of validate_PageTitle: pass
2016-01-27 21:24:00,455 DEBUG [EBManual_Signature_JSSTTL-116737] In execute keyword function
2016-01-27 21:24:00,455 DEBUG [EBManual_Signature_JSSTTL-116737] Executing SelectTestToRun function:
2016-01-27 21:24:05,023 DEBUG [EBManual_Signature_JSSTTL-116737] Successfull in selecting clicking the category
2016-01-27 21:24:05,023 DEBUG [EBManual_Signature_JSSTTL-116737] TestStepResult of SelectTestToRun: pass
2016-01-27 21:24:05,023 DEBUG [EBManual_Signature_JSSTTL-116737] In execute keyword function
2016-01-27 21:24:05,023 DEBUG [EBManual_Signature_JSSTTL-116737] Executing ClickRunTest function:
2016-01-27 21:24:05,342 DEBUG [EBManual_Signature_JSSTTL-116737] Executing Click function
2016-01-27 21:24:06,312 DEBUG [EBManual_Signature_JSSTTL-116737] Exiting Click function
2016-01-27 21:24:06,312 DEBUG [EBManual_Signature_JSSTTL-116737] runtest_top_xpath Button clicked Successfully
2016-01-27 21:24:06,312 DEBUG [EBManual_Signature_JSSTTL-116737] TestStepResult of ClickRunTest: pass
2016-01-27 21:24:06,312 DEBUG [EBManual_Signature_JSSTTL-116737] In execute keyword function
2016-01-27 21:24:06,312 DEBUG [EBManual_Signature_JSSTTL-116737] Executing validate_Text_Exists function:
2016-01-27 21:24:07,055 DEBUG [EBManual_Signature_JSSTTL-116737] VT299-0040 Testcase Text found
2016-01-27 21:24:07,055 DEBUG [EBManual_Signature_JSSTTL-116737] Result of validate_Text_Exists: Pass
2016-01-27 21:24:07,056 DEBUG [EBManual_Signature_JSSTTL-116737] In execute keyword function
2016-01-27 21:24:07,056 DEBUG [EBManual_Signature_JSSTTL-116737] Executing ClickRunTest function:
2016-01-27 21:24:07,358 DEBUG [EBManual_Signature_JSSTTL-116737] Executing Click function
2016-01-27 21:24:08,353 DEBUG [EBManual_Signature_JSSTTL-116737] Exiting Click function
2016-01-27 21:24:08,353 DEBUG [EBManual_Signature_JSSTTL-116737] runtest_bottom_xpath Button clicked Successfully
2016-01-27 21:24:08,353 DEBUG [EBManual_Signature_JSSTTL-116737] TestStepResult of ClickRunTest: pass
2016-01-27 21:24:08,353 DEBUG [EBManual_Signature_JSSTTL-116737] In execute keyword function
2016-01-27 21:24:08,353 DEBUG [EBManual_Signature_JSSTTL-116737] Executing wait function:
2016-01-27 21:24:08,353 DEBUG [EBManual_Signature_JSSTTL-116737] Started Executing wait function
2016-01-27 21:24:30,354 DEBUG [EBManual_Signature_JSSTTL-116737] Exiting from wait function
2016-01-27 21:24:30,354 DEBUG [EBManual_Signature_JSSTTL-116737] TestStepResult of wait: Pass
2016-01-27 21:24:30,354 DEBUG [EBManual_Signature_JSSTTL-116737] allstep_result contains: PasspasspasspassPassPassnull
2016-01-27 21:24:30,354 DEBUG [EBManual_Signature_JSSTTL-116737] allexpected_result contains: nullPassnullpassnullpassnull
2016-01-27 21:24:30,354 DEBUG [EBManual_Signature_JSSTTL-116737] Testcase_Result contains: nullPassnullpassnullpassnullPasspasspasspassPassPassnull
2016-01-27 21:24:30,354 DEBUG [EBManual_Signature_JSSTTL-116737] Test case with description Call takeFullScreen with callback as function and wait for timeout Pass
2016-01-27 21:24:31,470 DEBUG [EBManual_Signature_JSSTTL-116737] Executing browser_Quit function
2016-01-27 21:24:31,470 DEBUG [EBManual_Signature_JSSTTL-116737] Completed browser_Quit function
2016-01-27 21:24:31,470 DEBUG [EBManual_Signature_JSSTTL-116737] Completed quitSelendroid function
2016-01-27 21:24:31,471 DEBUG [EBManual_Signature_JSSTTL-116737] Row number:38
2016-01-27 21:24:31,503 DEBUG [EBManual_Signature_JSSTTL-116737] Ending Test Case IDSTTL-116737
