2016-01-27 21:06:32,541 DEBUG [EBManual_Signature_JSSTTL-116711] Executing Test Case ID: STTL-116711
2016-01-27 21:06:32,548 DEBUG [EBManual_Signature_JSSTTL-116711] Executing Init_Selendroid function with APK as parameter and clear data value with 1
2016-01-27 21:06:42,835 DEBUG [EBManual_Signature_JSSTTL-116711] Exiting Init_Selendroid function
2016-01-27 21:06:42,853 DEBUG [EBManual_Signature_JSSTTL-116711] TestCase with Description "Call takeFullScreen with bgColor as #0000FF(RGB), penColor as #FFFFFF00 and callback" Execution started
2016-01-27 21:06:42,853 DEBUG [EBManual_Signature_JSSTTL-116711] In execute keyword function
2016-01-27 21:06:42,853 DEBUG [EBManual_Signature_JSSTTL-116711] Executing wait function:
2016-01-27 21:06:42,853 DEBUG [EBManual_Signature_JSSTTL-116711] Started Executing wait function
2016-01-27 21:06:45,853 DEBUG [EBManual_Signature_JSSTTL-116711] Exiting from wait function
2016-01-27 21:06:45,853 DEBUG [EBManual_Signature_JSSTTL-116711] TestStepResult of wait: Pass
2016-01-27 21:06:45,853 DEBUG [EBManual_Signature_JSSTTL-116711] In execute keyword function
2016-01-27 21:06:45,853 DEBUG [EBManual_Signature_JSSTTL-116711] Executing validate_PageTitle function:
2016-01-27 21:06:45,899 DEBUG [EBManual_Signature_JSSTTL-116711] The title of the page is *********************************: Manual specs
2016-01-27 21:06:45,899 DEBUG [EBManual_Signature_JSSTTL-116711] The page title found is correct
2016-01-27 21:06:45,899 DEBUG [EBManual_Signature_JSSTTL-116711] Result of validate_PageTitle: pass
2016-01-27 21:06:45,899 DEBUG [EBManual_Signature_JSSTTL-116711] In execute keyword function
2016-01-27 21:06:45,899 DEBUG [EBManual_Signature_JSSTTL-116711] Executing link_Click function:
2016-01-27 21:06:46,667 DEBUG [EBManual_Signature_JSSTTL-116711] Executing Click function
2016-01-27 21:06:48,078 DEBUG [EBManual_Signature_JSSTTL-116711] Exiting Click function
2016-01-27 21:06:48,078 DEBUG [EBManual_Signature_JSSTTL-116711] signature_page1_link clicked successfully
2016-01-27 21:06:48,078 DEBUG [EBManual_Signature_JSSTTL-116711] TestStepResult of link_Click: Pass
2016-01-27 21:06:48,078 DEBUG [EBManual_Signature_JSSTTL-116711] In execute keyword function
2016-01-27 21:06:48,078 DEBUG [EBManual_Signature_JSSTTL-116711] Executing validate_PageTitle function:
2016-01-27 21:06:48,096 DEBUG [EBManual_Signature_JSSTTL-116711] The title of the page is *********************************: Signature JS Test
2016-01-27 21:06:48,096 DEBUG [EBManual_Signature_JSSTTL-116711] The page title found is correct
2016-01-27 21:06:48,097 DEBUG [EBManual_Signature_JSSTTL-116711] Result of validate_PageTitle: pass
2016-01-27 21:06:48,097 DEBUG [EBManual_Signature_JSSTTL-116711] In execute keyword function
2016-01-27 21:06:48,097 DEBUG [EBManual_Signature_JSSTTL-116711] Executing SelectTestToRun function:
2016-01-27 21:06:51,690 DEBUG [EBManual_Signature_JSSTTL-116711] Successfull in selecting clicking the category
2016-01-27 21:06:51,690 DEBUG [EBManual_Signature_JSSTTL-116711] TestStepResult of SelectTestToRun: pass
2016-01-27 21:06:51,690 DEBUG [EBManual_Signature_JSSTTL-116711] In execute keyword function
2016-01-27 21:06:51,690 DEBUG [EBManual_Signature_JSSTTL-116711] Executing ClickRunTest function:
2016-01-27 21:06:52,109 DEBUG [EBManual_Signature_JSSTTL-116711] Executing Click function
2016-01-27 21:06:53,079 DEBUG [EBManual_Signature_JSSTTL-116711] Exiting Click function
2016-01-27 21:06:53,079 DEBUG [EBManual_Signature_JSSTTL-116711] runtest_top_xpath Button clicked Successfully
2016-01-27 21:06:53,079 DEBUG [EBManual_Signature_JSSTTL-116711] TestStepResult of ClickRunTest: pass
2016-01-27 21:06:53,079 DEBUG [EBManual_Signature_JSSTTL-116711] In execute keyword function
2016-01-27 21:06:53,080 DEBUG [EBManual_Signature_JSSTTL-116711] Executing validate_Text_Exists function:
2016-01-27 21:06:53,687 DEBUG [EBManual_Signature_JSSTTL-116711] VT299-0012 Testcase Text found
2016-01-27 21:06:53,687 DEBUG [EBManual_Signature_JSSTTL-116711] Result of validate_Text_Exists: Pass
2016-01-27 21:06:53,687 DEBUG [EBManual_Signature_JSSTTL-116711] In execute keyword function
2016-01-27 21:06:53,687 DEBUG [EBManual_Signature_JSSTTL-116711] Executing ClickRunTest function:
2016-01-27 21:06:54,128 DEBUG [EBManual_Signature_JSSTTL-116711] Executing Click function
2016-01-27 21:06:55,193 DEBUG [EBManual_Signature_JSSTTL-116711] Exiting Click function
2016-01-27 21:06:55,193 DEBUG [EBManual_Signature_JSSTTL-116711] runtest_bottom_xpath Button clicked Successfully
2016-01-27 21:06:55,193 DEBUG [EBManual_Signature_JSSTTL-116711] TestStepResult of ClickRunTest: pass
2016-01-27 21:06:55,193 DEBUG [EBManual_Signature_JSSTTL-116711] In execute keyword function
2016-01-27 21:06:55,193 DEBUG [EBManual_Signature_JSSTTL-116711] Executing SwitchApp function:
2016-01-27 21:06:55,256 DEBUG [EBManual_Signature_JSSTTL-116711] Successfully switched to NATIVE_APP
2016-01-27 21:06:55,257 DEBUG [EBManual_Signature_JSSTTL-116711] TestStepResult of SwitchApp: Pass
2016-01-27 21:06:55,257 DEBUG [EBManual_Signature_JSSTTL-116711] In execute keyword function
2016-01-27 21:06:55,257 DEBUG [EBManual_Signature_JSSTTL-116711] Executing DrawSignature function:
2016-01-27 21:06:55,565 DEBUG [EBManual_Signature_JSSTTL-116711] Started executeCommandLine function
2016-01-27 21:06:59,585 DEBUG [EBManual_Signature_JSSTTL-116711] Exiting from executeCommandLine function
2016-01-27 21:06:59,585 DEBUG [EBManual_Signature_JSSTTL-116711] Signature drawn successfully
2016-01-27 21:06:59,585 DEBUG [EBManual_Signature_JSSTTL-116711] TestStepResult of DrawSignature: Pass
2016-01-27 21:06:59,585 DEBUG [EBManual_Signature_JSSTTL-116711] In execute keyword function
2016-01-27 21:06:59,585 DEBUG [EBManual_Signature_JSSTTL-116711] Executing TakeScreenshot function:
2016-01-27 21:07:00,310 DEBUG [EBManual_Signature_JSSTTL-116711] Started Executing Validate_App_launched_Device function
2016-01-27 21:07:00,310 DEBUG [EBManual_Signature_JSSTTL-116711] Entered CheckUIButtonExists function
2016-01-27 21:07:00,310 DEBUG [EBManual_Signature_JSSTTL-116711] Started executeCommandLine function
2016-01-27 21:07:04,320 DEBUG [EBManual_Signature_JSSTTL-116711] Exiting from executeCommandLine function
2016-01-27 21:07:04,320 DEBUG [EBManual_Signature_JSSTTL-116711] Button is not Present
2016-01-27 21:07:04,320 DEBUG [EBManual_Signature_JSSTTL-116711] Exiting from CheckUIButtonExists function
2016-01-27 21:07:04,320 DEBUG [EBManual_Signature_JSSTTL-116711] Started executeCommandLine function
2016-01-27 21:07:08,341 DEBUG [EBManual_Signature_JSSTTL-116711] Given App is in Foreground
2016-01-27 21:07:08,341 DEBUG [EBManual_Signature_JSSTTL-116711] Exiting Validate_App_launched_Device function
2016-01-27 21:07:08,456 DEBUG [EBManual_Signature_JSSTTL-116711] TestStepResult of TakeScreenshot: pass
2016-01-27 21:07:08,456 DEBUG [EBManual_Signature_JSSTTL-116711] In execute keyword function
2016-01-27 21:07:08,456 DEBUG [EBManual_Signature_JSSTTL-116711] Executing ClickNativeIcon function:
2016-01-27 21:07:09,232 DEBUG [EBManual_Signature_JSSTTL-116711] [[AppiumTouchActionExtension: selendroid on ANDROID (79a87f1d-99a9-f032-78b4-fbd49abb40c1)] -> xpath: //ImageButton[@id='sig_okButton']]Clicked successfully
2016-01-27 21:07:09,232 DEBUG [EBManual_Signature_JSSTTL-116711] TestStepResult of ClickNativeIcon: pass
2016-01-27 21:07:09,232 DEBUG [EBManual_Signature_JSSTTL-116711] In execute keyword function
2016-01-27 21:07:09,232 DEBUG [EBManual_Signature_JSSTTL-116711] Executing wait function:
2016-01-27 21:07:09,232 DEBUG [EBManual_Signature_JSSTTL-116711] Started Executing wait function
2016-01-27 21:07:11,233 DEBUG [EBManual_Signature_JSSTTL-116711] Exiting from wait function
2016-01-27 21:07:11,233 DEBUG [EBManual_Signature_JSSTTL-116711] TestStepResult of wait: Pass
2016-01-27 21:07:11,233 DEBUG [EBManual_Signature_JSSTTL-116711] In execute keyword function
2016-01-27 21:07:11,233 DEBUG [EBManual_Signature_JSSTTL-116711] Executing SwitchApp function:
2016-01-27 21:07:11,352 DEBUG [EBManual_Signature_JSSTTL-116711] Successfully switched to WEBVIEW
2016-01-27 21:07:11,352 DEBUG [EBManual_Signature_JSSTTL-116711] TestStepResult of SwitchApp: Pass
2016-01-27 21:07:11,352 DEBUG [EBManual_Signature_JSSTTL-116711] In execute keyword function
2016-01-27 21:07:11,352 DEBUG [EBManual_Signature_JSSTTL-116711] Executing wait function:
2016-01-27 21:07:11,352 DEBUG [EBManual_Signature_JSSTTL-116711] Started Executing wait function
2016-01-27 21:07:13,352 DEBUG [EBManual_Signature_JSSTTL-116711] Exiting from wait function
2016-01-27 21:07:13,352 DEBUG [EBManual_Signature_JSSTTL-116711] TestStepResult of wait: Pass
2016-01-27 21:07:13,352 DEBUG [EBManual_Signature_JSSTTL-116711] In execute keyword function
2016-01-27 21:07:13,352 DEBUG [EBManual_Signature_JSSTTL-116711] Executing validate_Screenshot function:
2016-01-27 21:07:13,510 DEBUG [EBManual_Signature_JSSTTL-116711] Started executeCommandLine function
2016-01-27 21:07:13,708 DEBUG [EBManual_Signature_JSSTTL-116711] Partial Match found with reference image 54.6452
2016-01-27 21:07:13,708 DEBUG [EBManual_Signature_JSSTTL-116711] Started executeCommandLine function
2016-01-27 21:07:17,714 DEBUG [EBManual_Signature_JSSTTL-116711] Result of validate_Screenshot: Pass
2016-01-27 21:07:17,714 DEBUG [EBManual_Signature_JSSTTL-116711] In execute keyword function
2016-01-27 21:07:17,714 DEBUG [EBManual_Signature_JSSTTL-116711] Executing validate_Result function:
2016-01-27 21:07:18,020 DEBUG [EBManual_Signature_JSSTTL-116711] Status: Text found in Results
Status: : ok
ImageUri: : file:///data/data/com.symbol.enterprisebrowser/rhodata/db/db-files/VT299-0012.png
2016-01-27 21:07:18,020 DEBUG [EBManual_Signature_JSSTTL-116711] Result of validate_Result: Pass
2016-01-27 21:07:18,020 DEBUG [EBManual_Signature_JSSTTL-116711] In execute keyword function
2016-01-27 21:07:18,020 DEBUG [EBManual_Signature_JSSTTL-116711] Executing validate_Result function:
2016-01-27 21:07:18,200 DEBUG [EBManual_Signature_JSSTTL-116711] ok Text found in Results
Status: : ok
ImageUri: : file:///data/data/com.symbol.enterprisebrowser/rhodata/db/db-files/VT299-0012.png
2016-01-27 21:07:18,200 DEBUG [EBManual_Signature_JSSTTL-116711] Result of validate_Result: Pass
2016-01-27 21:07:18,200 DEBUG [EBManual_Signature_JSSTTL-116711] In execute keyword function
2016-01-27 21:07:18,200 DEBUG [EBManual_Signature_JSSTTL-116711] Executing validate_Result function:
2016-01-27 21:07:18,381 DEBUG [EBManual_Signature_JSSTTL-116711] ImageUri: Text found in Results
Status: : ok
ImageUri: : file:///data/data/com.symbol.enterprisebrowser/rhodata/db/db-files/VT299-0012.png
2016-01-27 21:07:18,381 DEBUG [EBManual_Signature_JSSTTL-116711] Result of validate_Result: Pass
2016-01-27 21:07:18,381 DEBUG [EBManual_Signature_JSSTTL-116711] In execute keyword function
2016-01-27 21:07:18,381 DEBUG [EBManual_Signature_JSSTTL-116711] Executing validate_Result function:
2016-01-27 21:07:18,549 DEBUG [EBManual_Signature_JSSTTL-116711] file:///data/data/com.symbol.enterprisebrowser/rhodata/db/db-files/VT299-0012.png Text found in Results
Status: : ok
ImageUri: : file:///data/data/com.symbol.enterprisebrowser/rhodata/db/db-files/VT299-0012.png
2016-01-27 21:07:18,549 DEBUG [EBManual_Signature_JSSTTL-116711] Result of validate_Result: Pass
2016-01-27 21:07:18,549 DEBUG [EBManual_Signature_JSSTTL-116711] allstep_result contains: PassPassPasspasspassPassPasspasspasspassPassPassnull
2016-01-27 21:07:18,549 DEBUG [EBManual_Signature_JSSTTL-116711] allexpected_result contains: nullPassPassPassPassPassnullPassnullpassnullpassnull
2016-01-27 21:07:18,549 DEBUG [EBManual_Signature_JSSTTL-116711] Testcase_Result contains: nullPassPassPassPassPassnullPassnullpassnullpassnullPassPassPasspasspassPassPasspasspasspassPassPassnull
2016-01-27 21:07:18,549 DEBUG [EBManual_Signature_JSSTTL-116711] Test case with description Call takeFullScreen with bgColor as #0000FF(RGB), penColor as #FFFFFF00 and callback Pass
2016-01-27 21:07:19,602 DEBUG [EBManual_Signature_JSSTTL-116711] Executing browser_Quit function
2016-01-27 21:07:19,602 DEBUG [EBManual_Signature_JSSTTL-116711] Completed browser_Quit function
2016-01-27 21:07:19,602 DEBUG [EBManual_Signature_JSSTTL-116711] Completed quitSelendroid function
2016-01-27 21:07:19,602 DEBUG [EBManual_Signature_JSSTTL-116711] Row number:12
2016-01-27 21:07:19,642 DEBUG [EBManual_Signature_JSSTTL-116711] Ending Test Case IDSTTL-116711
