2016-01-27 18:24:03,308 DEBUG [EBManual_Configxml_JSSTTL-116707] Executing Test Case ID: STTL-116707
2016-01-27 18:24:03,358 DEBUG [EBManual_Configxml_JSSTTL-116707] Executing Init_Selendroid function with APK as parameter and clear data value with 1
2016-01-27 18:24:14,094 DEBUG [EBManual_Configxml_JSSTTL-116707] Exiting Init_Selendroid function
2016-01-27 18:24:14,216 DEBUG [EBManual_Configxml_JSSTTL-116707] TestCase with Description "PageZoomEnabled as 2.0" Execution started
2016-01-27 18:24:14,216 DEBUG [EBManual_Configxml_JSSTTL-116707] In execute keyword function
2016-01-27 18:24:14,216 DEBUG [EBManual_Configxml_JSSTTL-116707] Executing wait function:
2016-01-27 18:24:14,216 DEBUG [EBManual_Configxml_JSSTTL-116707] Started Executing wait function
2016-01-27 18:24:20,216 DEBUG [EBManual_Configxml_JSSTTL-116707] Exiting from wait function
2016-01-27 18:24:20,216 DEBUG [EBManual_Configxml_JSSTTL-116707] TestStepResult of wait: Pass
2016-01-27 18:24:20,216 DEBUG [EBManual_Configxml_JSSTTL-116707] In execute keyword function
2016-01-27 18:24:20,216 DEBUG [EBManual_Configxml_JSSTTL-116707] Executing validate_PageTitle function:
2016-01-27 18:24:20,270 DEBUG [EBManual_Configxml_JSSTTL-116707] The title of the page is *********************************: All Index
2016-01-27 18:24:20,270 DEBUG [EBManual_Configxml_JSSTTL-116707] The page title found is correct
2016-01-27 18:24:20,270 DEBUG [EBManual_Configxml_JSSTTL-116707] Result of validate_PageTitle: pass
2016-01-27 18:24:20,270 DEBUG [EBManual_Configxml_JSSTTL-116707] In execute keyword function
2016-01-27 18:24:20,270 DEBUG [EBManual_Configxml_JSSTTL-116707] Executing TakeScreenshot function:
2016-01-27 18:24:20,975 DEBUG [EBManual_Configxml_JSSTTL-116707] Started Executing Validate_App_launched_Device function
2016-01-27 18:24:20,975 DEBUG [EBManual_Configxml_JSSTTL-116707] Entered CheckUIButtonExists function
2016-01-27 18:24:20,975 DEBUG [EBManual_Configxml_JSSTTL-116707] Started executeCommandLine function
2016-01-27 18:24:24,986 DEBUG [EBManual_Configxml_JSSTTL-116707] Exiting from executeCommandLine function
2016-01-27 18:24:24,986 DEBUG [EBManual_Configxml_JSSTTL-116707] Button is not Present
2016-01-27 18:24:24,986 DEBUG [EBManual_Configxml_JSSTTL-116707] Exiting from CheckUIButtonExists function
2016-01-27 18:24:24,986 DEBUG [EBManual_Configxml_JSSTTL-116707] Started executeCommandLine function
2016-01-27 18:24:29,006 DEBUG [EBManual_Configxml_JSSTTL-116707] Given App is in Foreground
2016-01-27 18:24:29,006 DEBUG [EBManual_Configxml_JSSTTL-116707] Exiting Validate_App_launched_Device function
2016-01-27 18:24:29,129 DEBUG [EBManual_Configxml_JSSTTL-116707] TestStepResult of TakeScreenshot: pass
2016-01-27 18:24:29,129 DEBUG [EBManual_Configxml_JSSTTL-116707] In execute keyword function
2016-01-27 18:24:29,129 DEBUG [EBManual_Configxml_JSSTTL-116707] Executing validate_Screenshot function:
2016-01-27 18:24:29,340 DEBUG [EBManual_Configxml_JSSTTL-116707] Match found with reference image
2016-01-27 18:24:29,340 DEBUG [EBManual_Configxml_JSSTTL-116707] Result of validate_Screenshot: Pass
2016-01-27 18:24:29,340 DEBUG [EBManual_Configxml_JSSTTL-116707] In execute keyword function
2016-01-27 18:24:29,340 DEBUG [EBManual_Configxml_JSSTTL-116707] Executing PullConfigxml function:
2016-01-27 18:24:29,340 DEBUG [EBManual_Configxml_JSSTTL-116707] Started executeCommandLine function
2016-01-27 18:24:33,349 DEBUG [EBManual_Configxml_JSSTTL-116707] TestStepResult of PullConfigxml: Pass
2016-01-27 18:24:33,349 DEBUG [EBManual_Configxml_JSSTTL-116707] In execute keyword function
2016-01-27 18:24:33,349 DEBUG [EBManual_Configxml_JSSTTL-116707] Executing ChangeConfigxml function:
2016-01-27 18:24:33,349 DEBUG [EBManual_Configxml_JSSTTL-116707] Executing ChangeConfigxml function
2016-01-27 18:24:33,351 DEBUG [EBManual_Configxml_JSSTTL-116707] TestStepResult of ChangeConfigxml: Pass
2016-01-27 18:24:33,351 DEBUG [EBManual_Configxml_JSSTTL-116707] In execute keyword function
2016-01-27 18:24:33,351 DEBUG [EBManual_Configxml_JSSTTL-116707] Executing ChangeConfigxml function:
2016-01-27 18:24:33,351 DEBUG [EBManual_Configxml_JSSTTL-116707] Executing ChangeConfigxml function
2016-01-27 18:24:33,353 DEBUG [EBManual_Configxml_JSSTTL-116707] TestStepResult of ChangeConfigxml: Pass
2016-01-27 18:24:33,353 DEBUG [EBManual_Configxml_JSSTTL-116707] In execute keyword function
2016-01-27 18:24:33,353 DEBUG [EBManual_Configxml_JSSTTL-116707] Executing PushConfigxml function:
2016-01-27 18:24:33,353 DEBUG [EBManual_Configxml_JSSTTL-116707] Started executeCommandLine function
2016-01-27 18:24:37,372 DEBUG [EBManual_Configxml_JSSTTL-116707] TestStepResult of PushConfigxml: Pass
2016-01-27 18:24:37,372 DEBUG [EBManual_Configxml_JSSTTL-116707] allstep_result contains: PassPassPassPasspassPassnull
2016-01-27 18:24:37,372 DEBUG [EBManual_Configxml_JSSTTL-116707] allexpected_result contains: nullPassnullpassnull
2016-01-27 18:24:37,372 DEBUG [EBManual_Configxml_JSSTTL-116707] Testcase_Result contains: nullPassnullpassnullPassPassPassPasspassPassnull
2016-01-27 18:24:37,372 DEBUG [EBManual_Configxml_JSSTTL-116707] Test case with description PageZoomEnabled as 2.0 Pass
2016-01-27 18:24:38,383 DEBUG [EBManual_Configxml_JSSTTL-116707] Executing browser_Quit function
2016-01-27 18:24:38,383 DEBUG [EBManual_Configxml_JSSTTL-116707] Completed browser_Quit function
2016-01-27 18:24:38,383 DEBUG [EBManual_Configxml_JSSTTL-116707] Completed quitSelendroid function
2016-01-27 18:24:38,383 DEBUG [EBManual_Configxml_JSSTTL-116707] Row number:8
2016-01-27 18:24:41,208 DEBUG [EBManual_Configxml_JSSTTL-116707] Ending Test Case IDSTTL-116707
