2016-01-27 18:24:41,282 DEBUG [EBManual_Configxml_JSSTTL-116708] Executing Test Case ID: STTL-116708
2016-01-27 18:24:41,321 DEBUG [EBManual_Configxml_JSSTTL-116708] Executing Init_Selendroid function with APK as parameter and clear data value with 1
2016-01-27 18:24:51,343 DEBUG [EBManual_Configxml_JSSTTL-116708] Exiting Init_Selendroid function
2016-01-27 18:24:51,413 DEBUG [EBManual_Configxml_JSSTTL-116708] TestCase with Description "PageZoomEnabled as 3.0" Execution started
2016-01-27 18:24:51,413 DEBUG [EBManual_Configxml_JSSTTL-116708] In execute keyword function
2016-01-27 18:24:51,413 DEBUG [EBManual_Configxml_JSSTTL-116708] Executing wait function:
2016-01-27 18:24:51,413 DEBUG [EBManual_Configxml_JSSTTL-116708] Started Executing wait function
2016-01-27 18:24:57,413 DEBUG [EBManual_Configxml_JSSTTL-116708] Exiting from wait function
2016-01-27 18:24:57,413 DEBUG [EBManual_Configxml_JSSTTL-116708] TestStepResult of wait: Pass
2016-01-27 18:24:57,413 DEBUG [EBManual_Configxml_JSSTTL-116708] In execute keyword function
2016-01-27 18:24:57,413 DEBUG [EBManual_Configxml_JSSTTL-116708] Executing validate_PageTitle function:
2016-01-27 18:24:57,468 DEBUG [EBManual_Configxml_JSSTTL-116708] The title of the page is *********************************: All Index
2016-01-27 18:24:57,468 DEBUG [EBManual_Configxml_JSSTTL-116708] The page title found is correct
2016-01-27 18:24:57,468 DEBUG [EBManual_Configxml_JSSTTL-116708] Result of validate_PageTitle: pass
2016-01-27 18:24:57,468 DEBUG [EBManual_Configxml_JSSTTL-116708] In execute keyword function
2016-01-27 18:24:57,468 DEBUG [EBManual_Configxml_JSSTTL-116708] Executing TakeScreenshot function:
2016-01-27 18:24:58,225 DEBUG [EBManual_Configxml_JSSTTL-116708] Started Executing Validate_App_launched_Device function
2016-01-27 18:24:58,225 DEBUG [EBManual_Configxml_JSSTTL-116708] Entered CheckUIButtonExists function
2016-01-27 18:24:58,225 DEBUG [EBManual_Configxml_JSSTTL-116708] Started executeCommandLine function
2016-01-27 18:25:02,236 DEBUG [EBManual_Configxml_JSSTTL-116708] Exiting from executeCommandLine function
2016-01-27 18:25:02,236 DEBUG [EBManual_Configxml_JSSTTL-116708] Button is not Present
2016-01-27 18:25:02,236 DEBUG [EBManual_Configxml_JSSTTL-116708] Exiting from CheckUIButtonExists function
2016-01-27 18:25:02,236 DEBUG [EBManual_Configxml_JSSTTL-116708] Started executeCommandLine function
2016-01-27 18:25:06,256 DEBUG [EBManual_Configxml_JSSTTL-116708] Given App is in Foreground
2016-01-27 18:25:06,256 DEBUG [EBManual_Configxml_JSSTTL-116708] Exiting Validate_App_launched_Device function
2016-01-27 18:25:06,403 DEBUG [EBManual_Configxml_JSSTTL-116708] TestStepResult of TakeScreenshot: pass
2016-01-27 18:25:06,403 DEBUG [EBManual_Configxml_JSSTTL-116708] In execute keyword function
2016-01-27 18:25:06,403 DEBUG [EBManual_Configxml_JSSTTL-116708] Executing validate_Screenshot function:
2016-01-27 18:25:06,586 DEBUG [EBManual_Configxml_JSSTTL-116708] Match found with reference image
2016-01-27 18:25:06,586 DEBUG [EBManual_Configxml_JSSTTL-116708] Result of validate_Screenshot: Pass
2016-01-27 18:25:06,586 DEBUG [EBManual_Configxml_JSSTTL-116708] In execute keyword function
2016-01-27 18:25:06,586 DEBUG [EBManual_Configxml_JSSTTL-116708] Executing PushBkpConfigxml function:
2016-01-27 18:25:06,586 DEBUG [EBManual_Configxml_JSSTTL-116708] Started executeCommandLine function
2016-01-27 18:25:10,595 DEBUG [EBManual_Configxml_JSSTTL-116708] TestStepResult of PushBkpConfigxml: Pass
2016-01-27 18:25:10,595 DEBUG [EBManual_Configxml_JSSTTL-116708] In execute keyword function
2016-01-27 18:25:10,595 DEBUG [EBManual_Configxml_JSSTTL-116708] Executing PullConfigxml function:
2016-01-27 18:25:10,595 DEBUG [EBManual_Configxml_JSSTTL-116708] Started executeCommandLine function
2016-01-27 18:25:14,615 DEBUG [EBManual_Configxml_JSSTTL-116708] TestStepResult of PullConfigxml: Pass
2016-01-27 18:25:14,615 DEBUG [EBManual_Configxml_JSSTTL-116708] In execute keyword function
2016-01-27 18:25:14,615 DEBUG [EBManual_Configxml_JSSTTL-116708] Executing ChangeConfigxml function:
2016-01-27 18:25:14,615 DEBUG [EBManual_Configxml_JSSTTL-116708] Executing ChangeConfigxml function
2016-01-27 18:25:14,617 DEBUG [EBManual_Configxml_JSSTTL-116708] TestStepResult of ChangeConfigxml: Pass
2016-01-27 18:25:14,617 DEBUG [EBManual_Configxml_JSSTTL-116708] In execute keyword function
2016-01-27 18:25:14,617 DEBUG [EBManual_Configxml_JSSTTL-116708] Executing ChangeConfigxml function:
2016-01-27 18:25:14,617 DEBUG [EBManual_Configxml_JSSTTL-116708] Executing ChangeConfigxml function
2016-01-27 18:25:14,619 DEBUG [EBManual_Configxml_JSSTTL-116708] TestStepResult of ChangeConfigxml: Pass
2016-01-27 18:25:14,619 DEBUG [EBManual_Configxml_JSSTTL-116708] In execute keyword function
2016-01-27 18:25:14,619 DEBUG [EBManual_Configxml_JSSTTL-116708] Executing PushConfigxml function:
2016-01-27 18:25:14,619 DEBUG [EBManual_Configxml_JSSTTL-116708] Started executeCommandLine function
2016-01-27 18:25:18,640 DEBUG [EBManual_Configxml_JSSTTL-116708] TestStepResult of PushConfigxml: Pass
2016-01-27 18:25:18,640 DEBUG [EBManual_Configxml_JSSTTL-116708] allstep_result contains: PassPassPassPassPasspassPassnull
2016-01-27 18:25:18,640 DEBUG [EBManual_Configxml_JSSTTL-116708] allexpected_result contains: nullPassnullpassnull
2016-01-27 18:25:18,640 DEBUG [EBManual_Configxml_JSSTTL-116708] Testcase_Result contains: nullPassnullpassnullPassPassPassPassPasspassPassnull
2016-01-27 18:25:18,640 DEBUG [EBManual_Configxml_JSSTTL-116708] Test case with description PageZoomEnabled as 3.0 Pass
2016-01-27 18:25:19,646 DEBUG [EBManual_Configxml_JSSTTL-116708] Executing browser_Quit function
2016-01-27 18:25:19,646 DEBUG [EBManual_Configxml_JSSTTL-116708] Completed browser_Quit function
2016-01-27 18:25:19,646 DEBUG [EBManual_Configxml_JSSTTL-116708] Completed quitSelendroid function
2016-01-27 18:25:19,646 DEBUG [EBManual_Configxml_JSSTTL-116708] Row number:9
2016-01-27 18:25:22,359 DEBUG [EBManual_Configxml_JSSTTL-116708] Ending Test Case IDSTTL-116708
