2016-01-27 18:25:22,511 DEBUG [EBManual_Configxml_JSSTTL-116709] Executing Test Case ID: STTL-116709
2016-01-27 18:25:22,572 DEBUG [EBManual_Configxml_JSSTTL-116709] Executing Init_Selendroid function with APK as parameter and clear data value with 1
2016-01-27 18:25:32,799 DEBUG [EBManual_Configxml_JSSTTL-116709] Exiting Init_Selendroid function
2016-01-27 18:25:32,927 DEBUG [EBManual_Configxml_JSSTTL-116709] TestCase with Description "PageZoomEnabled as 4.0" Execution started
2016-01-27 18:25:32,927 DEBUG [EBManual_Configxml_JSSTTL-116709] In execute keyword function
2016-01-27 18:25:32,927 DEBUG [EBManual_Configxml_JSSTTL-116709] Executing wait function:
2016-01-27 18:25:32,927 DEBUG [EBManual_Configxml_JSSTTL-116709] Started Executing wait function
2016-01-27 18:25:38,927 DEBUG [EBManual_Configxml_JSSTTL-116709] Exiting from wait function
2016-01-27 18:25:38,927 DEBUG [EBManual_Configxml_JSSTTL-116709] TestStepResult of wait: Pass
2016-01-27 18:25:38,927 DEBUG [EBManual_Configxml_JSSTTL-116709] In execute keyword function
2016-01-27 18:25:38,927 DEBUG [EBManual_Configxml_JSSTTL-116709] Executing validate_PageTitle function:
2016-01-27 18:25:38,950 DEBUG [EBManual_Configxml_JSSTTL-116709] The title of the page is *********************************: All Index
2016-01-27 18:25:38,950 DEBUG [EBManual_Configxml_JSSTTL-116709] The page title found is correct
2016-01-27 18:25:38,950 DEBUG [EBManual_Configxml_JSSTTL-116709] Result of validate_PageTitle: pass
2016-01-27 18:25:38,950 DEBUG [EBManual_Configxml_JSSTTL-116709] In execute keyword function
2016-01-27 18:25:38,950 DEBUG [EBManual_Configxml_JSSTTL-116709] Executing TakeScreenshot function:
2016-01-27 18:25:39,692 DEBUG [EBManual_Configxml_JSSTTL-116709] Started Executing Validate_App_launched_Device function
2016-01-27 18:25:39,692 DEBUG [EBManual_Configxml_JSSTTL-116709] Entered CheckUIButtonExists function
2016-01-27 18:25:39,692 DEBUG [EBManual_Configxml_JSSTTL-116709] Started executeCommandLine function
2016-01-27 18:25:43,705 DEBUG [EBManual_Configxml_JSSTTL-116709] Exiting from executeCommandLine function
2016-01-27 18:25:43,705 DEBUG [EBManual_Configxml_JSSTTL-116709] Button is not Present
2016-01-27 18:25:43,705 DEBUG [EBManual_Configxml_JSSTTL-116709] Exiting from CheckUIButtonExists function
2016-01-27 18:25:43,705 DEBUG [EBManual_Configxml_JSSTTL-116709] Started executeCommandLine function
2016-01-27 18:25:47,724 DEBUG [EBManual_Configxml_JSSTTL-116709] Given App is in Foreground
2016-01-27 18:25:47,724 DEBUG [EBManual_Configxml_JSSTTL-116709] Exiting Validate_App_launched_Device function
2016-01-27 18:25:47,903 DEBUG [EBManual_Configxml_JSSTTL-116709] TestStepResult of TakeScreenshot: pass
2016-01-27 18:25:47,903 DEBUG [EBManual_Configxml_JSSTTL-116709] In execute keyword function
2016-01-27 18:25:47,903 DEBUG [EBManual_Configxml_JSSTTL-116709] Executing validate_Screenshot function:
2016-01-27 18:25:48,087 DEBUG [EBManual_Configxml_JSSTTL-116709] Match found with reference image
2016-01-27 18:25:48,087 DEBUG [EBManual_Configxml_JSSTTL-116709] Result of validate_Screenshot: Pass
2016-01-27 18:25:48,087 DEBUG [EBManual_Configxml_JSSTTL-116709] In execute keyword function
2016-01-27 18:25:48,087 DEBUG [EBManual_Configxml_JSSTTL-116709] Executing PushBkpConfigxml function:
2016-01-27 18:25:48,087 DEBUG [EBManual_Configxml_JSSTTL-116709] Started executeCommandLine function
2016-01-27 18:25:52,096 DEBUG [EBManual_Configxml_JSSTTL-116709] TestStepResult of PushBkpConfigxml: Pass
2016-01-27 18:25:52,096 DEBUG [EBManual_Configxml_JSSTTL-116709] In execute keyword function
2016-01-27 18:25:52,096 DEBUG [EBManual_Configxml_JSSTTL-116709] Executing PullConfigxml function:
2016-01-27 18:25:52,096 DEBUG [EBManual_Configxml_JSSTTL-116709] Started executeCommandLine function
2016-01-27 18:25:56,115 DEBUG [EBManual_Configxml_JSSTTL-116709] TestStepResult of PullConfigxml: Pass
2016-01-27 18:25:56,115 DEBUG [EBManual_Configxml_JSSTTL-116709] In execute keyword function
2016-01-27 18:25:56,115 DEBUG [EBManual_Configxml_JSSTTL-116709] Executing ChangeConfigxml function:
2016-01-27 18:25:56,115 DEBUG [EBManual_Configxml_JSSTTL-116709] Executing ChangeConfigxml function
2016-01-27 18:25:56,117 DEBUG [EBManual_Configxml_JSSTTL-116709] TestStepResult of ChangeConfigxml: Pass
2016-01-27 18:25:56,117 DEBUG [EBManual_Configxml_JSSTTL-116709] In execute keyword function
2016-01-27 18:25:56,117 DEBUG [EBManual_Configxml_JSSTTL-116709] Executing PushConfigxml function:
2016-01-27 18:25:56,117 DEBUG [EBManual_Configxml_JSSTTL-116709] Started executeCommandLine function
2016-01-27 18:26:00,136 DEBUG [EBManual_Configxml_JSSTTL-116709] TestStepResult of PushConfigxml: Pass
2016-01-27 18:26:00,136 DEBUG [EBManual_Configxml_JSSTTL-116709] allstep_result contains: PassPassPassPasspassPassnull
2016-01-27 18:26:00,136 DEBUG [EBManual_Configxml_JSSTTL-116709] allexpected_result contains: nullPassnullpassnull
2016-01-27 18:26:00,136 DEBUG [EBManual_Configxml_JSSTTL-116709] Testcase_Result contains: nullPassnullpassnullPassPassPassPasspassPassnull
2016-01-27 18:26:00,136 DEBUG [EBManual_Configxml_JSSTTL-116709] Test case with description PageZoomEnabled as 4.0 Pass
2016-01-27 18:26:01,148 DEBUG [EBManual_Configxml_JSSTTL-116709] Executing browser_Quit function
2016-01-27 18:26:01,148 DEBUG [EBManual_Configxml_JSSTTL-116709] Completed browser_Quit function
2016-01-27 18:26:01,148 DEBUG [EBManual_Configxml_JSSTTL-116709] Completed quitSelendroid function
2016-01-27 18:26:01,149 DEBUG [EBManual_Configxml_JSSTTL-116709] Row number:10
2016-01-27 18:26:04,072 DEBUG [EBManual_Configxml_JSSTTL-116709] Ending Test Case IDSTTL-116709
