2016-01-27 18:21:51,927 DEBUG [EBManual_Configxml_JSSTTL-116703] Executing Test Case ID: STTL-116703
2016-01-27 18:21:52,003 DEBUG [EBManual_Configxml_JSSTTL-116703] Executing Init_Selendroid function with APK as parameter and clear data value with 1
2016-01-27 18:22:02,086 DEBUG [EBManual_Configxml_JSSTTL-116703] Exiting Init_Selendroid function
2016-01-27 18:22:02,189 DEBUG [EBManual_Configxml_JSSTTL-116703] TestCase with Description "DebugButtonsDisabled" Execution started
2016-01-27 18:22:02,189 DEBUG [EBManual_Configxml_JSSTTL-116703] In execute keyword function
2016-01-27 18:22:02,189 DEBUG [EBManual_Configxml_JSSTTL-116703] Executing wait function:
2016-01-27 18:22:02,189 DEBUG [EBManual_Configxml_JSSTTL-116703] Started Executing wait function
2016-01-27 18:22:06,189 DEBUG [EBManual_Configxml_JSSTTL-116703] Exiting from wait function
2016-01-27 18:22:06,189 DEBUG [EBManual_Configxml_JSSTTL-116703] TestStepResult of wait: Pass
2016-01-27 18:22:06,189 DEBUG [EBManual_Configxml_JSSTTL-116703] In execute keyword function
2016-01-27 18:22:06,189 DEBUG [EBManual_Configxml_JSSTTL-116703] Executing PushBkpConfigxml function:
2016-01-27 18:22:06,189 DEBUG [EBManual_Configxml_JSSTTL-116703] Started executeCommandLine function
2016-01-27 18:22:10,208 DEBUG [EBManual_Configxml_JSSTTL-116703] TestStepResult of PushBkpConfigxml: Pass
2016-01-27 18:22:10,208 DEBUG [EBManual_Configxml_JSSTTL-116703] In execute keyword function
2016-01-27 18:22:10,208 DEBUG [EBManual_Configxml_JSSTTL-116703] Executing PullConfigxml function:
2016-01-27 18:22:10,208 DEBUG [EBManual_Configxml_JSSTTL-116703] Started executeCommandLine function
2016-01-27 18:22:14,228 DEBUG [EBManual_Configxml_JSSTTL-116703] TestStepResult of PullConfigxml: Pass
2016-01-27 18:22:14,228 DEBUG [EBManual_Configxml_JSSTTL-116703] In execute keyword function
2016-01-27 18:22:14,228 DEBUG [EBManual_Configxml_JSSTTL-116703] Executing ChangeConfigxml function:
2016-01-27 18:22:14,228 DEBUG [EBManual_Configxml_JSSTTL-116703] Executing ChangeConfigxml function
2016-01-27 18:22:14,230 DEBUG [EBManual_Configxml_JSSTTL-116703] TestStepResult of ChangeConfigxml: Pass
2016-01-27 18:22:14,230 DEBUG [EBManual_Configxml_JSSTTL-116703] In execute keyword function
2016-01-27 18:22:14,230 DEBUG [EBManual_Configxml_JSSTTL-116703] Executing ChangeConfigxml function:
2016-01-27 18:22:14,230 DEBUG [EBManual_Configxml_JSSTTL-116703] Executing ChangeConfigxml function
2016-01-27 18:22:14,232 DEBUG [EBManual_Configxml_JSSTTL-116703] TestStepResult of ChangeConfigxml: Pass
2016-01-27 18:22:14,232 DEBUG [EBManual_Configxml_JSSTTL-116703] In execute keyword function
2016-01-27 18:22:14,232 DEBUG [EBManual_Configxml_JSSTTL-116703] Executing PushConfigxml function:
2016-01-27 18:22:14,232 DEBUG [EBManual_Configxml_JSSTTL-116703] Started executeCommandLine function
2016-01-27 18:22:18,251 DEBUG [EBManual_Configxml_JSSTTL-116703] TestStepResult of PushConfigxml: Pass
2016-01-27 18:22:18,251 DEBUG [EBManual_Configxml_JSSTTL-116703] allstep_result contains: PassPassPassPassPassPassnull
2016-01-27 18:22:18,251 DEBUG [EBManual_Configxml_JSSTTL-116703] allexpected_result contains: null
2016-01-27 18:22:18,251 DEBUG [EBManual_Configxml_JSSTTL-116703] Testcase_Result contains: nullPassPassPassPassPassPassnull
2016-01-27 18:22:18,251 DEBUG [EBManual_Configxml_JSSTTL-116703] Test case with description DebugButtonsDisabled Pass
2016-01-27 18:22:19,259 DEBUG [EBManual_Configxml_JSSTTL-116703] Executing browser_Quit function
2016-01-27 18:22:19,259 DEBUG [EBManual_Configxml_JSSTTL-116703] Completed browser_Quit function
2016-01-27 18:22:19,259 DEBUG [EBManual_Configxml_JSSTTL-116703] Completed quitSelendroid function
2016-01-27 18:22:19,260 DEBUG [EBManual_Configxml_JSSTTL-116703] Row number:4
2016-01-27 18:22:22,076 DEBUG [EBManual_Configxml_JSSTTL-116703] Ending Test Case IDSTTL-116703
