2016-01-27 18:20:16,911 DEBUG [EBManual_Configxml_JSSTTL-116701] Executing Test Case ID: STTL-116701
2016-01-27 18:20:52,029 DEBUG [EBManual_Configxml_JSSTTL-116701] Executing Init_Selendroid function with APK as parameter and clear data value with 1
2016-01-27 18:21:02,461 DEBUG [EBManual_Configxml_JSSTTL-116701] Exiting Init_Selendroid function
2016-01-27 18:21:02,557 DEBUG [EBManual_Configxml_JSSTTL-116701] TestCase with Description "Change Start page" Execution started
2016-01-27 18:21:02,557 DEBUG [EBManual_Configxml_JSSTTL-116701] In execute keyword function
2016-01-27 18:21:02,557 DEBUG [EBManual_Configxml_JSSTTL-116701] Executing wait function:
2016-01-27 18:21:02,557 DEBUG [EBManual_Configxml_JSSTTL-116701] Started Executing wait function
2016-01-27 18:21:06,557 DEBUG [EBManual_Configxml_JSSTTL-116701] Exiting from wait function
2016-01-27 18:21:06,557 DEBUG [EBManual_Configxml_JSSTTL-116701] TestStepResult of wait: Pass
2016-01-27 18:21:06,557 DEBUG [EBManual_Configxml_JSSTTL-116701] In execute keyword function
2016-01-27 18:21:06,557 DEBUG [EBManual_Configxml_JSSTTL-116701] Executing PullConfigxml function:
2016-01-27 18:21:06,557 DEBUG [EBManual_Configxml_JSSTTL-116701] Started executeCommandLine function
2016-01-27 18:21:10,589 DEBUG [EBManual_Configxml_JSSTTL-116701] TestStepResult of PullConfigxml: Pass
2016-01-27 18:21:10,589 DEBUG [EBManual_Configxml_JSSTTL-116701] In execute keyword function
2016-01-27 18:21:10,589 DEBUG [EBManual_Configxml_JSSTTL-116701] Executing ChangeConfigxml function:
2016-01-27 18:21:10,589 DEBUG [EBManual_Configxml_JSSTTL-116701] Executing ChangeConfigxml function
2016-01-27 18:21:10,591 DEBUG [EBManual_Configxml_JSSTTL-116701] TestStepResult of ChangeConfigxml: Pass
2016-01-27 18:21:10,591 DEBUG [EBManual_Configxml_JSSTTL-116701] In execute keyword function
2016-01-27 18:21:10,591 DEBUG [EBManual_Configxml_JSSTTL-116701] Executing ChangeConfigxml function:
2016-01-27 18:21:10,591 DEBUG [EBManual_Configxml_JSSTTL-116701] Executing ChangeConfigxml function
2016-01-27 18:21:10,595 DEBUG [EBManual_Configxml_JSSTTL-116701] TestStepResult of ChangeConfigxml: Pass
2016-01-27 18:21:10,595 DEBUG [EBManual_Configxml_JSSTTL-116701] In execute keyword function
2016-01-27 18:21:10,595 DEBUG [EBManual_Configxml_JSSTTL-116701] Executing PushConfigxml function:
2016-01-27 18:21:10,595 DEBUG [EBManual_Configxml_JSSTTL-116701] Started executeCommandLine function
2016-01-27 18:21:14,616 DEBUG [EBManual_Configxml_JSSTTL-116701] TestStepResult of PushConfigxml: Pass
2016-01-27 18:21:14,616 DEBUG [EBManual_Configxml_JSSTTL-116701] allstep_result contains: PassPassPassPassPassnull
2016-01-27 18:21:14,616 DEBUG [EBManual_Configxml_JSSTTL-116701] allexpected_result contains: null
2016-01-27 18:21:14,616 DEBUG [EBManual_Configxml_JSSTTL-116701] Testcase_Result contains: nullPassPassPassPassPassnull
2016-01-27 18:21:14,616 DEBUG [EBManual_Configxml_JSSTTL-116701] Test case with description Change Start page Pass
2016-01-27 18:21:15,646 DEBUG [EBManual_Configxml_JSSTTL-116701] Executing browser_Quit function
2016-01-27 18:21:15,646 DEBUG [EBManual_Configxml_JSSTTL-116701] Completed browser_Quit function
2016-01-27 18:21:15,646 DEBUG [EBManual_Configxml_JSSTTL-116701] Completed quitSelendroid function
2016-01-27 18:21:15,646 DEBUG [EBManual_Configxml_JSSTTL-116701] Row number:2
2016-01-27 18:21:18,404 DEBUG [EBManual_Configxml_JSSTTL-116701] Ending Test Case IDSTTL-116701
