2016-01-28 02:19:52,191 DEBUG [EBPB_PB2STTL-116710] Executing Test Case ID: STTL-116710
2016-01-28 02:19:52,200 DEBUG [EBPB_PB2STTL-116710] Executing Init_Selendroid function with APK as parameter and clear data value with 1
2016-01-28 02:20:02,594 DEBUG [EBPB_PB2STTL-116710] Exiting Init_Selendroid function
2016-01-28 02:20:02,609 DEBUG [EBPB_PB2STTL-116710] TestCase with Description "Generic UUID" Execution started
2016-01-28 02:20:02,609 DEBUG [EBPB_PB2STTL-116710] In execute keyword function
2016-01-28 02:20:02,609 DEBUG [EBPB_PB2STTL-116710] Executing wait function:
2016-01-28 02:20:02,609 DEBUG [EBPB_PB2STTL-116710] Started Executing wait function
2016-01-28 02:20:05,609 DEBUG [EBPB_PB2STTL-116710] Exiting from wait function
2016-01-28 02:20:05,609 DEBUG [EBPB_PB2STTL-116710] TestStepResult of wait: Pass
2016-01-28 02:20:05,609 DEBUG [EBPB_PB2STTL-116710] In execute keyword function
2016-01-28 02:20:05,609 DEBUG [EBPB_PB2STTL-116710] Executing validate_PageTitle function:
2016-01-28 02:20:05,655 DEBUG [EBPB_PB2STTL-116710] The title of the page is *********************************: Pocket Browser Tests
2016-01-28 02:20:05,655 DEBUG [EBPB_PB2STTL-116710] The page title found is correct
2016-01-28 02:20:05,655 DEBUG [EBPB_PB2STTL-116710] Result of validate_PageTitle: pass
2016-01-28 02:20:05,655 DEBUG [EBPB_PB2STTL-116710] In execute keyword function
2016-01-28 02:20:05,655 DEBUG [EBPB_PB2STTL-116710] Executing link_Click function:
2016-01-28 02:20:06,305 DEBUG [EBPB_PB2STTL-116710] Executing Click function
2016-01-28 02:20:07,565 DEBUG [EBPB_PB2STTL-116710] Exiting Click function
2016-01-28 02:20:07,565 DEBUG [EBPB_PB2STTL-116710] PB2_test_link clicked successfully
2016-01-28 02:20:07,565 DEBUG [EBPB_PB2STTL-116710] TestStepResult of link_Click: Pass
2016-01-28 02:20:07,565 DEBUG [EBPB_PB2STTL-116710] In execute keyword function
2016-01-28 02:20:07,565 DEBUG [EBPB_PB2STTL-116710] Executing wait function:
2016-01-28 02:20:07,565 DEBUG [EBPB_PB2STTL-116710] Started Executing wait function
2016-01-28 02:20:09,565 DEBUG [EBPB_PB2STTL-116710] Exiting from wait function
2016-01-28 02:20:09,565 DEBUG [EBPB_PB2STTL-116710] TestStepResult of wait: Pass
2016-01-28 02:20:09,565 DEBUG [EBPB_PB2STTL-116710] In execute keyword function
2016-01-28 02:20:09,565 DEBUG [EBPB_PB2STTL-116710] Executing validate_PageTitle function:
2016-01-28 02:20:09,602 DEBUG [EBPB_PB2STTL-116710] The title of the page is *********************************: PB2 Tests
2016-01-28 02:20:09,602 DEBUG [EBPB_PB2STTL-116710] The page title found is correct
2016-01-28 02:20:09,602 DEBUG [EBPB_PB2STTL-116710] Result of validate_PageTitle: pass
2016-01-28 02:20:09,602 DEBUG [EBPB_PB2STTL-116710] In execute keyword function
2016-01-28 02:20:09,602 DEBUG [EBPB_PB2STTL-116710] Executing link_Click function:
2016-01-28 02:20:09,986 DEBUG [EBPB_PB2STTL-116710] Executing Click function
2016-01-28 02:20:11,024 DEBUG [EBPB_PB2STTL-116710] Exiting Click function
2016-01-28 02:20:11,024 DEBUG [EBPB_PB2STTL-116710] genericpb_test_link clicked successfully
2016-01-28 02:20:11,024 DEBUG [EBPB_PB2STTL-116710] TestStepResult of link_Click: Pass
2016-01-28 02:20:11,024 DEBUG [EBPB_PB2STTL-116710] In execute keyword function
2016-01-28 02:20:11,024 DEBUG [EBPB_PB2STTL-116710] Executing ClickRunTest function:
2016-01-28 02:20:11,395 DEBUG [EBPB_PB2STTL-116710] Executing Click function
2016-01-28 02:20:12,375 DEBUG [EBPB_PB2STTL-116710] Exiting Click function
2016-01-28 02:20:12,375 DEBUG [EBPB_PB2STTL-116710] captureButton_xpath Button clicked Successfully
2016-01-28 02:20:12,375 DEBUG [EBPB_PB2STTL-116710] TestStepResult of ClickRunTest: pass
2016-01-28 02:20:12,375 DEBUG [EBPB_PB2STTL-116710] In execute keyword function
2016-01-28 02:20:12,375 DEBUG [EBPB_PB2STTL-116710] Executing validate_SystemProperties function:
2016-01-28 02:20:12,642 DEBUG [EBPB_PB2STTL-116710] Started executeCommandLine function
2016-01-28 02:20:16,662 DEBUG [EBPB_PB2STTL-116710] Started executeCommandLine function
2016-01-28 02:20:20,682 DEBUG [EBPB_PB2STTL-116710] uuidvalue isuuid:0000D7EE2B4A050100143505225D0057 returned in property and result isPass
2016-01-28 02:20:20,682 DEBUG [EBPB_PB2STTL-116710] Result of validate_SystemProperties: Pass
2016-01-28 02:20:20,682 DEBUG [EBPB_PB2STTL-116710] allstep_result contains: passPassPassPassPassnull
2016-01-28 02:20:20,682 DEBUG [EBPB_PB2STTL-116710] allexpected_result contains: nullPassnullpassnullpassnull
2016-01-28 02:20:20,682 DEBUG [EBPB_PB2STTL-116710] Testcase_Result contains: nullPassnullpassnullpassnullpassPassPassPassPassnull
2016-01-28 02:20:20,682 DEBUG [EBPB_PB2STTL-116710] Test case with description Generic UUID Pass
2016-01-28 02:20:21,776 DEBUG [EBPB_PB2STTL-116710] Executing browser_Quit function
2016-01-28 02:20:21,776 DEBUG [EBPB_PB2STTL-116710] Completed browser_Quit function
2016-01-28 02:20:21,776 DEBUG [EBPB_PB2STTL-116710] Completed quitSelendroid function
2016-01-28 02:20:21,777 DEBUG [EBPB_PB2STTL-116710] Row number:11
2016-01-28 02:20:21,818 DEBUG [EBPB_PB2STTL-116710] Ending Test Case IDSTTL-116710
