2016-01-28 02:17:09,770 DEBUG [EBPB_PB2STTL-116706] Executing Test Case ID: STTL-116706
2016-01-28 02:17:09,776 DEBUG [EBPB_PB2STTL-116706] Executing Init_Selendroid function with APK as parameter and clear data value with 1
2016-01-28 02:17:20,280 DEBUG [EBPB_PB2STTL-116706] Exiting Init_Selendroid function
2016-01-28 02:17:20,307 DEBUG [EBPB_PB2STTL-116706] TestCase with Description "Signature ftp" Execution started
2016-01-28 02:17:20,307 DEBUG [EBPB_PB2STTL-116706] In execute keyword function
2016-01-28 02:17:20,307 DEBUG [EBPB_PB2STTL-116706] Executing wait function:
2016-01-28 02:17:20,307 DEBUG [EBPB_PB2STTL-116706] Started Executing wait function
2016-01-28 02:17:23,308 DEBUG [EBPB_PB2STTL-116706] Exiting from wait function
2016-01-28 02:17:23,308 DEBUG [EBPB_PB2STTL-116706] TestStepResult of wait: Pass
2016-01-28 02:17:23,308 DEBUG [EBPB_PB2STTL-116706] In execute keyword function
2016-01-28 02:17:23,308 DEBUG [EBPB_PB2STTL-116706] Executing validate_PageTitle function:
2016-01-28 02:17:23,350 DEBUG [EBPB_PB2STTL-116706] The title of the page is *********************************: Pocket Browser Tests
2016-01-28 02:17:23,350 DEBUG [EBPB_PB2STTL-116706] The page title found is correct
2016-01-28 02:17:23,350 DEBUG [EBPB_PB2STTL-116706] Result of validate_PageTitle: pass
2016-01-28 02:17:23,350 DEBUG [EBPB_PB2STTL-116706] In execute keyword function
2016-01-28 02:17:23,351 DEBUG [EBPB_PB2STTL-116706] Executing link_Click function:
2016-01-28 02:17:24,002 DEBUG [EBPB_PB2STTL-116706] Executing Click function
2016-01-28 02:17:25,300 DEBUG [EBPB_PB2STTL-116706] Exiting Click function
2016-01-28 02:17:25,300 DEBUG [EBPB_PB2STTL-116706] PB2_test_link clicked successfully
2016-01-28 02:17:25,300 DEBUG [EBPB_PB2STTL-116706] TestStepResult of link_Click: Pass
2016-01-28 02:17:25,300 DEBUG [EBPB_PB2STTL-116706] In execute keyword function
2016-01-28 02:17:25,300 DEBUG [EBPB_PB2STTL-116706] Executing wait function:
2016-01-28 02:17:25,300 DEBUG [EBPB_PB2STTL-116706] Started Executing wait function
2016-01-28 02:17:27,300 DEBUG [EBPB_PB2STTL-116706] Exiting from wait function
2016-01-28 02:17:27,300 DEBUG [EBPB_PB2STTL-116706] TestStepResult of wait: Pass
2016-01-28 02:17:27,300 DEBUG [EBPB_PB2STTL-116706] In execute keyword function
2016-01-28 02:17:27,300 DEBUG [EBPB_PB2STTL-116706] Executing validate_PageTitle function:
2016-01-28 02:17:27,336 DEBUG [EBPB_PB2STTL-116706] The title of the page is *********************************: PB2 Tests
2016-01-28 02:17:27,336 DEBUG [EBPB_PB2STTL-116706] The page title found is correct
2016-01-28 02:17:27,336 DEBUG [EBPB_PB2STTL-116706] Result of validate_PageTitle: pass
2016-01-28 02:17:27,337 DEBUG [EBPB_PB2STTL-116706] In execute keyword function
2016-01-28 02:17:27,337 DEBUG [EBPB_PB2STTL-116706] Executing link_Click function:
2016-01-28 02:17:27,821 DEBUG [EBPB_PB2STTL-116706] Executing Click function
2016-01-28 02:17:29,019 DEBUG [EBPB_PB2STTL-116706] Exiting Click function
2016-01-28 02:17:29,019 DEBUG [EBPB_PB2STTL-116706] signatureftp_test_link clicked successfully
2016-01-28 02:17:29,019 DEBUG [EBPB_PB2STTL-116706] TestStepResult of link_Click: Pass
2016-01-28 02:17:29,019 DEBUG [EBPB_PB2STTL-116706] In execute keyword function
2016-01-28 02:17:29,019 DEBUG [EBPB_PB2STTL-116706] Executing wait function:
2016-01-28 02:17:29,019 DEBUG [EBPB_PB2STTL-116706] Started Executing wait function
2016-01-28 02:17:31,019 DEBUG [EBPB_PB2STTL-116706] Exiting from wait function
2016-01-28 02:17:31,019 DEBUG [EBPB_PB2STTL-116706] TestStepResult of wait: Pass
2016-01-28 02:17:31,019 DEBUG [EBPB_PB2STTL-116706] In execute keyword function
2016-01-28 02:17:31,019 DEBUG [EBPB_PB2STTL-116706] Executing SwitchApp function:
2016-01-28 02:17:31,115 DEBUG [EBPB_PB2STTL-116706] Successfully switched to NATIVE_APP
2016-01-28 02:17:31,115 DEBUG [EBPB_PB2STTL-116706] TestStepResult of SwitchApp: Pass
2016-01-28 02:17:31,115 DEBUG [EBPB_PB2STTL-116706] In execute keyword function
2016-01-28 02:17:31,115 DEBUG [EBPB_PB2STTL-116706] Executing wait function:
2016-01-28 02:17:31,115 DEBUG [EBPB_PB2STTL-116706] Started Executing wait function
2016-01-28 02:17:33,116 DEBUG [EBPB_PB2STTL-116706] Exiting from wait function
2016-01-28 02:17:33,116 DEBUG [EBPB_PB2STTL-116706] TestStepResult of wait: Pass
2016-01-28 02:17:33,116 DEBUG [EBPB_PB2STTL-116706] In execute keyword function
2016-01-28 02:17:33,116 DEBUG [EBPB_PB2STTL-116706] Executing DrawSignature function:
2016-01-28 02:17:33,891 DEBUG [EBPB_PB2STTL-116706] Started executeCommandLine function
2016-01-28 02:17:37,911 DEBUG [EBPB_PB2STTL-116706] Exiting from executeCommandLine function
2016-01-28 02:17:37,911 DEBUG [EBPB_PB2STTL-116706] Signature drawn successfully
2016-01-28 02:17:37,911 DEBUG [EBPB_PB2STTL-116706] TestStepResult of DrawSignature: Pass
2016-01-28 02:17:37,911 DEBUG [EBPB_PB2STTL-116706] In execute keyword function
2016-01-28 02:17:37,911 DEBUG [EBPB_PB2STTL-116706] Executing wait function:
2016-01-28 02:17:37,911 DEBUG [EBPB_PB2STTL-116706] Started Executing wait function
2016-01-28 02:17:39,911 DEBUG [EBPB_PB2STTL-116706] Exiting from wait function
2016-01-28 02:17:39,911 DEBUG [EBPB_PB2STTL-116706] TestStepResult of wait: Pass
2016-01-28 02:17:39,911 DEBUG [EBPB_PB2STTL-116706] In execute keyword function
2016-01-28 02:17:39,911 DEBUG [EBPB_PB2STTL-116706] Executing SwitchApp function:
2016-01-28 02:17:40,011 DEBUG [EBPB_PB2STTL-116706] Successfully switched to WEBVIEW
2016-01-28 02:17:40,011 DEBUG [EBPB_PB2STTL-116706] TestStepResult of SwitchApp: Pass
2016-01-28 02:17:40,011 DEBUG [EBPB_PB2STTL-116706] In execute keyword function
2016-01-28 02:17:40,011 DEBUG [EBPB_PB2STTL-116706] Executing wait function:
2016-01-28 02:17:40,011 DEBUG [EBPB_PB2STTL-116706] Started Executing wait function
2016-01-28 02:17:42,011 DEBUG [EBPB_PB2STTL-116706] Exiting from wait function
2016-01-28 02:17:42,011 DEBUG [EBPB_PB2STTL-116706] TestStepResult of wait: Pass
2016-01-28 02:17:42,011 DEBUG [EBPB_PB2STTL-116706] In execute keyword function
2016-01-28 02:17:42,011 DEBUG [EBPB_PB2STTL-116706] Executing ClickRunTest function:
2016-01-28 02:17:42,394 DEBUG [EBPB_PB2STTL-116706] Executing Click function
2016-01-28 02:17:43,359 DEBUG [EBPB_PB2STTL-116706] Exiting Click function
2016-01-28 02:17:43,359 DEBUG [EBPB_PB2STTL-116706] captureButton_xpath Button clicked Successfully
2016-01-28 02:17:43,359 DEBUG [EBPB_PB2STTL-116706] TestStepResult of ClickRunTest: pass
2016-01-28 02:17:43,359 DEBUG [EBPB_PB2STTL-116706] In execute keyword function
2016-01-28 02:17:43,359 DEBUG [EBPB_PB2STTL-116706] Executing wait function:
2016-01-28 02:17:43,359 DEBUG [EBPB_PB2STTL-116706] Started Executing wait function
2016-01-28 02:17:51,359 DEBUG [EBPB_PB2STTL-116706] Exiting from wait function
2016-01-28 02:17:51,359 DEBUG [EBPB_PB2STTL-116706] TestStepResult of wait: Pass
2016-01-28 02:17:51,359 DEBUG [EBPB_PB2STTL-116706] In execute keyword function
2016-01-28 02:17:51,359 DEBUG [EBPB_PB2STTL-116706] Executing CheckUITextContains function:
2016-01-28 02:17:51,359 DEBUG [EBPB_PB2STTL-116706] Started executeCommandLine function
2016-01-28 02:17:55,381 DEBUG [EBPB_PB2STTL-116706] Text is Present
2016-01-28 02:17:55,381 DEBUG [EBPB_PB2STTL-116706] TestStepResult of CheckUITextContains: Pass
2016-01-28 02:17:55,381 DEBUG [EBPB_PB2STTL-116706] In execute keyword function
2016-01-28 02:17:55,381 DEBUG [EBPB_PB2STTL-116706] Executing ClickUIButtonText function:
2016-01-28 02:17:55,381 DEBUG [EBPB_PB2STTL-116706] Entered ClickUIButtonText function
2016-01-28 02:17:55,381 DEBUG [EBPB_PB2STTL-116706] Started executeCommandLine function
2016-01-28 02:17:59,402 DEBUG [EBPB_PB2STTL-116706] Started executeCommandLine function
2016-01-28 02:18:03,865 DEBUG [EBPB_PB2STTL-116706] Exiting ClickUIButtonText function
2016-01-28 02:18:03,865 DEBUG [EBPB_PB2STTL-116706] TestStepResult of ClickUIButtonText: Pass
2016-01-28 02:18:03,865 DEBUG [EBPB_PB2STTL-116706] allstep_result contains: PassPassPasspassPassPassPassPassPassPassPassPassPassPassPassnull
2016-01-28 02:18:03,865 DEBUG [EBPB_PB2STTL-116706] allexpected_result contains: nullpassnullpassnull
2016-01-28 02:18:03,865 DEBUG [EBPB_PB2STTL-116706] Testcase_Result contains: nullpassnullpassnullPassPassPasspassPassPassPassPassPassPassPassPassPassPassPassnull
2016-01-28 02:18:03,865 DEBUG [EBPB_PB2STTL-116706] Test case with description Signature ftp Pass
2016-01-28 02:18:04,945 DEBUG [EBPB_PB2STTL-116706] Executing browser_Quit function
2016-01-28 02:18:04,945 DEBUG [EBPB_PB2STTL-116706] Completed browser_Quit function
2016-01-28 02:18:04,945 DEBUG [EBPB_PB2STTL-116706] Completed quitSelendroid function
2016-01-28 02:18:04,945 DEBUG [EBPB_PB2STTL-116706] Row number:7
2016-01-28 02:18:04,979 DEBUG [EBPB_PB2STTL-116706] Ending Test Case IDSTTL-116706
