2016-01-28 02:22:21,213 DEBUG [EBPB_PB2STTL-116715] Executing Test Case ID: STTL-116715
2016-01-28 02:22:21,221 DEBUG [EBPB_PB2STTL-116715] Executing Init_Selendroid function with APK as parameter and clear data value with 1
2016-01-28 02:22:31,304 DEBUG [EBPB_PB2STTL-116715] Exiting Init_Selendroid function
2016-01-28 02:22:31,311 DEBUG [EBPB_PB2STTL-116715] TestCase with Description "TextSize" Execution started
2016-01-28 02:22:31,311 DEBUG [EBPB_PB2STTL-116715] In execute keyword function
2016-01-28 02:22:31,311 DEBUG [EBPB_PB2STTL-116715] Executing wait function:
2016-01-28 02:22:31,311 DEBUG [EBPB_PB2STTL-116715] Started Executing wait function
2016-01-28 02:22:34,312 DEBUG [EBPB_PB2STTL-116715] Exiting from wait function
2016-01-28 02:22:34,312 DEBUG [EBPB_PB2STTL-116715] TestStepResult of wait: Pass
2016-01-28 02:22:34,312 DEBUG [EBPB_PB2STTL-116715] In execute keyword function
2016-01-28 02:22:34,312 DEBUG [EBPB_PB2STTL-116715] Executing validate_PageTitle function:
2016-01-28 02:22:34,360 DEBUG [EBPB_PB2STTL-116715] The title of the page is *********************************: Pocket Browser Tests
2016-01-28 02:22:34,360 DEBUG [EBPB_PB2STTL-116715] The page title found is correct
2016-01-28 02:22:34,360 DEBUG [EBPB_PB2STTL-116715] Result of validate_PageTitle: pass
2016-01-28 02:22:34,360 DEBUG [EBPB_PB2STTL-116715] In execute keyword function
2016-01-28 02:22:34,360 DEBUG [EBPB_PB2STTL-116715] Executing link_Click function:
2016-01-28 02:22:35,036 DEBUG [EBPB_PB2STTL-116715] Executing Click function
2016-01-28 02:22:36,300 DEBUG [EBPB_PB2STTL-116715] Exiting Click function
2016-01-28 02:22:36,300 DEBUG [EBPB_PB2STTL-116715] PB2_test_link clicked successfully
2016-01-28 02:22:36,300 DEBUG [EBPB_PB2STTL-116715] TestStepResult of link_Click: Pass
2016-01-28 02:22:36,300 DEBUG [EBPB_PB2STTL-116715] In execute keyword function
2016-01-28 02:22:36,300 DEBUG [EBPB_PB2STTL-116715] Executing wait function:
2016-01-28 02:22:36,300 DEBUG [EBPB_PB2STTL-116715] Started Executing wait function
2016-01-28 02:22:38,300 DEBUG [EBPB_PB2STTL-116715] Exiting from wait function
2016-01-28 02:22:38,300 DEBUG [EBPB_PB2STTL-116715] TestStepResult of wait: Pass
2016-01-28 02:22:38,300 DEBUG [EBPB_PB2STTL-116715] In execute keyword function
2016-01-28 02:22:38,300 DEBUG [EBPB_PB2STTL-116715] Executing validate_PageTitle function:
2016-01-28 02:22:38,344 DEBUG [EBPB_PB2STTL-116715] The title of the page is *********************************: PB2 Tests
2016-01-28 02:22:38,344 DEBUG [EBPB_PB2STTL-116715] The page title found is correct
2016-01-28 02:22:38,344 DEBUG [EBPB_PB2STTL-116715] Result of validate_PageTitle: pass
2016-01-28 02:22:38,344 DEBUG [EBPB_PB2STTL-116715] In execute keyword function
2016-01-28 02:22:38,344 DEBUG [EBPB_PB2STTL-116715] Executing link_Click function:
2016-01-28 02:22:38,855 DEBUG [EBPB_PB2STTL-116715] Executing Click function
2016-01-28 02:22:40,059 DEBUG [EBPB_PB2STTL-116715] Exiting Click function
2016-01-28 02:22:40,059 DEBUG [EBPB_PB2STTL-116715] textsizepb_test_link clicked successfully
2016-01-28 02:22:40,059 DEBUG [EBPB_PB2STTL-116715] TestStepResult of link_Click: Pass
2016-01-28 02:22:40,059 DEBUG [EBPB_PB2STTL-116715] In execute keyword function
2016-01-28 02:22:40,059 DEBUG [EBPB_PB2STTL-116715] Executing TakeScreenshot function:
2016-01-28 02:22:40,765 DEBUG [EBPB_PB2STTL-116715] Started Executing Validate_App_launched_Device function
2016-01-28 02:22:40,765 DEBUG [EBPB_PB2STTL-116715] Entered CheckUIButtonExists function
2016-01-28 02:22:40,765 DEBUG [EBPB_PB2STTL-116715] Started executeCommandLine function
2016-01-28 02:22:44,777 DEBUG [EBPB_PB2STTL-116715] Exiting from executeCommandLine function
2016-01-28 02:22:44,777 DEBUG [EBPB_PB2STTL-116715] Button is not Present
2016-01-28 02:22:44,777 DEBUG [EBPB_PB2STTL-116715] Exiting from CheckUIButtonExists function
2016-01-28 02:22:44,777 DEBUG [EBPB_PB2STTL-116715] Started executeCommandLine function
2016-01-28 02:22:48,797 DEBUG [EBPB_PB2STTL-116715] Given App is in Foreground
2016-01-28 02:22:48,797 DEBUG [EBPB_PB2STTL-116715] Exiting Validate_App_launched_Device function
2016-01-28 02:22:48,911 DEBUG [EBPB_PB2STTL-116715] TestStepResult of TakeScreenshot: pass
2016-01-28 02:22:48,911 DEBUG [EBPB_PB2STTL-116715] In execute keyword function
2016-01-28 02:22:48,920 DEBUG [EBPB_PB2STTL-116715] Executing validate_Screenshot function:
2016-01-28 02:22:49,117 DEBUG [EBPB_PB2STTL-116715] Match found with reference image
2016-01-28 02:22:49,117 DEBUG [EBPB_PB2STTL-116715] Result of validate_Screenshot: Pass
2016-01-28 02:22:49,117 DEBUG [EBPB_PB2STTL-116715] allstep_result contains: passPassPassPassPassnull
2016-01-28 02:22:49,117 DEBUG [EBPB_PB2STTL-116715] allexpected_result contains: nullPassnullpassnullpassnull
2016-01-28 02:22:49,117 DEBUG [EBPB_PB2STTL-116715] Testcase_Result contains: nullPassnullpassnullpassnullpassPassPassPassPassnull
2016-01-28 02:22:49,117 DEBUG [EBPB_PB2STTL-116715] Test case with description TextSize Pass
2016-01-28 02:22:50,153 DEBUG [EBPB_PB2STTL-116715] Executing browser_Quit function
2016-01-28 02:22:50,153 DEBUG [EBPB_PB2STTL-116715] Completed browser_Quit function
2016-01-28 02:22:50,153 DEBUG [EBPB_PB2STTL-116715] Completed quitSelendroid function
2016-01-28 02:22:50,153 DEBUG [EBPB_PB2STTL-116715] Row number:16
2016-01-28 02:22:50,181 DEBUG [EBPB_PB2STTL-116715] Ending Test Case IDSTTL-116715
