2016-01-28 02:15:03,011 DEBUG [EBPB_PB2STTL-116704] Executing Test Case ID: STTL-116704
2016-01-28 02:15:03,017 DEBUG [EBPB_PB2STTL-116704] Executing Init_Selendroid function with APK as parameter and clear data value with 1
2016-01-28 02:15:13,099 DEBUG [EBPB_PB2STTL-116704] Exiting Init_Selendroid function
2016-01-28 02:15:13,114 DEBUG [EBPB_PB2STTL-116704] TestCase with Description "Signature" Execution started
2016-01-28 02:15:13,114 DEBUG [EBPB_PB2STTL-116704] In execute keyword function
2016-01-28 02:15:13,114 DEBUG [EBPB_PB2STTL-116704] Executing wait function:
2016-01-28 02:15:13,114 DEBUG [EBPB_PB2STTL-116704] Started Executing wait function
2016-01-28 02:15:16,114 DEBUG [EBPB_PB2STTL-116704] Exiting from wait function
2016-01-28 02:15:16,114 DEBUG [EBPB_PB2STTL-116704] TestStepResult of wait: Pass
2016-01-28 02:15:16,114 DEBUG [EBPB_PB2STTL-116704] In execute keyword function
2016-01-28 02:15:16,114 DEBUG [EBPB_PB2STTL-116704] Executing validate_PageTitle function:
2016-01-28 02:15:16,157 DEBUG [EBPB_PB2STTL-116704] The title of the page is *********************************: Pocket Browser Tests
2016-01-28 02:15:16,158 DEBUG [EBPB_PB2STTL-116704] The page title found is correct
2016-01-28 02:15:16,158 DEBUG [EBPB_PB2STTL-116704] Result of validate_PageTitle: pass
2016-01-28 02:15:16,158 DEBUG [EBPB_PB2STTL-116704] In execute keyword function
2016-01-28 02:15:16,158 DEBUG [EBPB_PB2STTL-116704] Executing link_Click function:
2016-01-28 02:15:16,826 DEBUG [EBPB_PB2STTL-116704] Executing Click function
2016-01-28 02:15:18,117 DEBUG [EBPB_PB2STTL-116704] Exiting Click function
2016-01-28 02:15:18,117 DEBUG [EBPB_PB2STTL-116704] PB2_test_link clicked successfully
2016-01-28 02:15:18,117 DEBUG [EBPB_PB2STTL-116704] TestStepResult of link_Click: Pass
2016-01-28 02:15:18,117 DEBUG [EBPB_PB2STTL-116704] In execute keyword function
2016-01-28 02:15:18,117 DEBUG [EBPB_PB2STTL-116704] Executing wait function:
2016-01-28 02:15:18,117 DEBUG [EBPB_PB2STTL-116704] Started Executing wait function
2016-01-28 02:15:20,117 DEBUG [EBPB_PB2STTL-116704] Exiting from wait function
2016-01-28 02:15:20,117 DEBUG [EBPB_PB2STTL-116704] TestStepResult of wait: Pass
2016-01-28 02:15:20,117 DEBUG [EBPB_PB2STTL-116704] In execute keyword function
2016-01-28 02:15:20,117 DEBUG [EBPB_PB2STTL-116704] Executing validate_PageTitle function:
2016-01-28 02:15:20,156 DEBUG [EBPB_PB2STTL-116704] The title of the page is *********************************: PB2 Tests
2016-01-28 02:15:20,156 DEBUG [EBPB_PB2STTL-116704] The page title found is correct
2016-01-28 02:15:20,156 DEBUG [EBPB_PB2STTL-116704] Result of validate_PageTitle: pass
2016-01-28 02:15:20,156 DEBUG [EBPB_PB2STTL-116704] In execute keyword function
2016-01-28 02:15:20,156 DEBUG [EBPB_PB2STTL-116704] Executing link_Click function:
2016-01-28 02:15:20,625 DEBUG [EBPB_PB2STTL-116704] Executing Click function
2016-01-28 02:15:21,800 DEBUG [EBPB_PB2STTL-116704] Exiting Click function
2016-01-28 02:15:21,800 DEBUG [EBPB_PB2STTL-116704] signaturepb_test_link clicked successfully
2016-01-28 02:15:21,800 DEBUG [EBPB_PB2STTL-116704] TestStepResult of link_Click: Pass
2016-01-28 02:15:21,800 DEBUG [EBPB_PB2STTL-116704] In execute keyword function
2016-01-28 02:15:21,800 DEBUG [EBPB_PB2STTL-116704] Executing wait function:
2016-01-28 02:15:21,800 DEBUG [EBPB_PB2STTL-116704] Started Executing wait function
2016-01-28 02:15:23,801 DEBUG [EBPB_PB2STTL-116704] Exiting from wait function
2016-01-28 02:15:23,801 DEBUG [EBPB_PB2STTL-116704] TestStepResult of wait: Pass
2016-01-28 02:15:23,801 DEBUG [EBPB_PB2STTL-116704] In execute keyword function
2016-01-28 02:15:23,801 DEBUG [EBPB_PB2STTL-116704] Executing SwitchApp function:
2016-01-28 02:15:23,920 DEBUG [EBPB_PB2STTL-116704] Successfully switched to NATIVE_APP
2016-01-28 02:15:23,920 DEBUG [EBPB_PB2STTL-116704] TestStepResult of SwitchApp: Pass
2016-01-28 02:15:23,920 DEBUG [EBPB_PB2STTL-116704] In execute keyword function
2016-01-28 02:15:23,920 DEBUG [EBPB_PB2STTL-116704] Executing wait function:
2016-01-28 02:15:23,920 DEBUG [EBPB_PB2STTL-116704] Started Executing wait function
2016-01-28 02:15:25,920 DEBUG [EBPB_PB2STTL-116704] Exiting from wait function
2016-01-28 02:15:25,920 DEBUG [EBPB_PB2STTL-116704] TestStepResult of wait: Pass
2016-01-28 02:15:25,920 DEBUG [EBPB_PB2STTL-116704] In execute keyword function
2016-01-28 02:15:25,920 DEBUG [EBPB_PB2STTL-116704] Executing DrawSignature function:
2016-01-28 02:15:26,752 DEBUG [EBPB_PB2STTL-116704] Started executeCommandLine function
2016-01-28 02:15:30,772 DEBUG [EBPB_PB2STTL-116704] Exiting from executeCommandLine function
2016-01-28 02:15:30,772 DEBUG [EBPB_PB2STTL-116704] Signature drawn successfully
2016-01-28 02:15:30,772 DEBUG [EBPB_PB2STTL-116704] TestStepResult of DrawSignature: Pass
2016-01-28 02:15:30,772 DEBUG [EBPB_PB2STTL-116704] In execute keyword function
2016-01-28 02:15:30,772 DEBUG [EBPB_PB2STTL-116704] Executing wait function:
2016-01-28 02:15:30,772 DEBUG [EBPB_PB2STTL-116704] Started Executing wait function
2016-01-28 02:15:32,773 DEBUG [EBPB_PB2STTL-116704] Exiting from wait function
2016-01-28 02:15:32,773 DEBUG [EBPB_PB2STTL-116704] TestStepResult of wait: Pass
2016-01-28 02:15:32,773 DEBUG [EBPB_PB2STTL-116704] In execute keyword function
2016-01-28 02:15:32,773 DEBUG [EBPB_PB2STTL-116704] Executing SwitchApp function:
2016-01-28 02:15:32,871 DEBUG [EBPB_PB2STTL-116704] Successfully switched to WEBVIEW
2016-01-28 02:15:32,872 DEBUG [EBPB_PB2STTL-116704] TestStepResult of SwitchApp: Pass
2016-01-28 02:15:32,872 DEBUG [EBPB_PB2STTL-116704] In execute keyword function
2016-01-28 02:15:32,872 DEBUG [EBPB_PB2STTL-116704] Executing wait function:
2016-01-28 02:15:32,872 DEBUG [EBPB_PB2STTL-116704] Started Executing wait function
2016-01-28 02:15:34,872 DEBUG [EBPB_PB2STTL-116704] Exiting from wait function
2016-01-28 02:15:34,872 DEBUG [EBPB_PB2STTL-116704] TestStepResult of wait: Pass
2016-01-28 02:15:34,872 DEBUG [EBPB_PB2STTL-116704] In execute keyword function
2016-01-28 02:15:34,872 DEBUG [EBPB_PB2STTL-116704] Executing ClickRunTest function:
2016-01-28 02:15:35,253 DEBUG [EBPB_PB2STTL-116704] Executing Click function
2016-01-28 02:15:36,260 DEBUG [EBPB_PB2STTL-116704] Exiting Click function
2016-01-28 02:15:36,260 DEBUG [EBPB_PB2STTL-116704] captureButton_xpath Button clicked Successfully
2016-01-28 02:15:36,260 DEBUG [EBPB_PB2STTL-116704] TestStepResult of ClickRunTest: pass
2016-01-28 02:15:36,260 DEBUG [EBPB_PB2STTL-116704] In execute keyword function
2016-01-28 02:15:36,260 DEBUG [EBPB_PB2STTL-116704] Executing wait function:
2016-01-28 02:15:36,260 DEBUG [EBPB_PB2STTL-116704] Started Executing wait function
2016-01-28 02:15:51,261 DEBUG [EBPB_PB2STTL-116704] Exiting from wait function
2016-01-28 02:15:51,261 DEBUG [EBPB_PB2STTL-116704] TestStepResult of wait: Pass
2016-01-28 02:15:51,261 DEBUG [EBPB_PB2STTL-116704] In execute keyword function
2016-01-28 02:15:51,261 DEBUG [EBPB_PB2STTL-116704] Executing validate_FileExists function:
2016-01-28 02:15:51,261 DEBUG [EBPB_PB2STTL-116704] Started executeCommandLine function
2016-01-28 02:15:55,283 DEBUG [EBPB_PB2STTL-116704] /sdcard/Android/data/com.symbol.enterprisebrowser/PbSignature.bmp File Found
2016-01-28 02:15:55,283 DEBUG [EBPB_PB2STTL-116704] Result of validate_FileExists: Pass
2016-01-28 02:15:55,283 DEBUG [EBPB_PB2STTL-116704] In execute keyword function
2016-01-28 02:15:55,283 DEBUG [EBPB_PB2STTL-116704] Executing ClickRunTest function:
2016-01-28 02:15:55,638 DEBUG [EBPB_PB2STTL-116704] Executing Click function
2016-01-28 02:15:56,568 DEBUG [EBPB_PB2STTL-116704] Exiting Click function
2016-01-28 02:15:56,569 DEBUG [EBPB_PB2STTL-116704] clearButton_xpath Button clicked Successfully
2016-01-28 02:15:56,569 DEBUG [EBPB_PB2STTL-116704] TestStepResult of ClickRunTest: pass
2016-01-28 02:15:56,569 DEBUG [EBPB_PB2STTL-116704] In execute keyword function
2016-01-28 02:15:56,569 DEBUG [EBPB_PB2STTL-116704] Executing wait function:
2016-01-28 02:15:56,569 DEBUG [EBPB_PB2STTL-116704] Started Executing wait function
2016-01-28 02:15:58,569 DEBUG [EBPB_PB2STTL-116704] Exiting from wait function
2016-01-28 02:15:58,569 DEBUG [EBPB_PB2STTL-116704] TestStepResult of wait: Pass
2016-01-28 02:15:58,569 DEBUG [EBPB_PB2STTL-116704] In execute keyword function
2016-01-28 02:15:58,569 DEBUG [EBPB_PB2STTL-116704] Executing TakeScreenshot function:
2016-01-28 02:15:59,340 DEBUG [EBPB_PB2STTL-116704] Started Executing Validate_App_launched_Device function
2016-01-28 02:15:59,340 DEBUG [EBPB_PB2STTL-116704] Entered CheckUIButtonExists function
2016-01-28 02:15:59,340 DEBUG [EBPB_PB2STTL-116704] Started executeCommandLine function
2016-01-28 02:16:03,361 DEBUG [EBPB_PB2STTL-116704] Exiting from executeCommandLine function
2016-01-28 02:16:03,361 DEBUG [EBPB_PB2STTL-116704] Button is not Present
2016-01-28 02:16:03,361 DEBUG [EBPB_PB2STTL-116704] Exiting from CheckUIButtonExists function
2016-01-28 02:16:03,361 DEBUG [EBPB_PB2STTL-116704] Started executeCommandLine function
2016-01-28 02:16:07,383 DEBUG [EBPB_PB2STTL-116704] Given App is in Foreground
2016-01-28 02:16:07,383 DEBUG [EBPB_PB2STTL-116704] Exiting Validate_App_launched_Device function
2016-01-28 02:16:07,471 DEBUG [EBPB_PB2STTL-116704] TestStepResult of TakeScreenshot: pass
2016-01-28 02:16:07,472 DEBUG [EBPB_PB2STTL-116704] In execute keyword function
2016-01-28 02:16:07,472 DEBUG [EBPB_PB2STTL-116704] Executing wait function:
2016-01-28 02:16:07,472 DEBUG [EBPB_PB2STTL-116704] Started Executing wait function
2016-01-28 02:16:09,472 DEBUG [EBPB_PB2STTL-116704] Exiting from wait function
2016-01-28 02:16:09,472 DEBUG [EBPB_PB2STTL-116704] TestStepResult of wait: Pass
2016-01-28 02:16:09,472 DEBUG [EBPB_PB2STTL-116704] In execute keyword function
2016-01-28 02:16:09,472 DEBUG [EBPB_PB2STTL-116704] Executing validate_Screenshot function:
2016-01-28 02:16:09,685 DEBUG [EBPB_PB2STTL-116704] Match found with reference image
2016-01-28 02:16:09,685 DEBUG [EBPB_PB2STTL-116704] Result of validate_Screenshot: Pass
2016-01-28 02:16:09,685 DEBUG [EBPB_PB2STTL-116704] In execute keyword function
2016-01-28 02:16:09,685 DEBUG [EBPB_PB2STTL-116704] Executing ClickRunTest function:
2016-01-28 02:16:10,010 DEBUG [EBPB_PB2STTL-116704] Executing Click function
2016-01-28 02:16:10,983 DEBUG [EBPB_PB2STTL-116704] Exiting Click function
2016-01-28 02:16:10,983 DEBUG [EBPB_PB2STTL-116704] disableButton_xpath Button clicked Successfully
2016-01-28 02:16:10,983 DEBUG [EBPB_PB2STTL-116704] TestStepResult of ClickRunTest: pass
2016-01-28 02:16:10,983 DEBUG [EBPB_PB2STTL-116704] In execute keyword function
2016-01-28 02:16:10,983 DEBUG [EBPB_PB2STTL-116704] Executing wait function:
2016-01-28 02:16:10,983 DEBUG [EBPB_PB2STTL-116704] Started Executing wait function
2016-01-28 02:16:12,984 DEBUG [EBPB_PB2STTL-116704] Exiting from wait function
2016-01-28 02:16:12,984 DEBUG [EBPB_PB2STTL-116704] TestStepResult of wait: Pass
2016-01-28 02:16:12,984 DEBUG [EBPB_PB2STTL-116704] In execute keyword function
2016-01-28 02:16:12,984 DEBUG [EBPB_PB2STTL-116704] Executing validate_isIconDisplayed function:
2016-01-28 02:16:12,984 DEBUG [EBPB_PB2STTL-116704] Entered validate_isIconDisplayed function
2016-01-28 02:16:13,545 DEBUG [EBPB_PB2STTL-116704] Result of validate_isIconDisplayed: Pass
2016-01-28 02:16:13,545 DEBUG [EBPB_PB2STTL-116704] allstep_result contains: PasspassPasspassPasspassPasspassPassPassPassPassPassPassPassPassPassPassPassnull
2016-01-28 02:16:13,545 DEBUG [EBPB_PB2STTL-116704] allexpected_result contains: nullPassnullPassnullPassnullpassnullpassnull
2016-01-28 02:16:13,545 DEBUG [EBPB_PB2STTL-116704] Testcase_Result contains: nullPassnullPassnullPassnullpassnullpassnullPasspassPasspassPasspassPasspassPassPassPassPassPassPassPassPassPassPassPassnull
2016-01-28 02:16:13,545 DEBUG [EBPB_PB2STTL-116704] Test case with description Signature Pass
2016-01-28 02:16:14,546 DEBUG [EBPB_PB2STTL-116704] Executing browser_Quit function
2016-01-28 02:16:14,546 DEBUG [EBPB_PB2STTL-116704] Completed browser_Quit function
2016-01-28 02:16:14,546 DEBUG [EBPB_PB2STTL-116704] Completed quitSelendroid function
2016-01-28 02:16:14,547 DEBUG [EBPB_PB2STTL-116704] Row number:5
2016-01-28 02:16:14,583 DEBUG [EBPB_PB2STTL-116704] Ending Test Case IDSTTL-116704
