2016-01-28 02:16:14,599 DEBUG [EBPB_PB2STTL-116705] Executing Test Case ID: STTL-116705
2016-01-28 02:16:14,605 DEBUG [EBPB_PB2STTL-116705] Executing Init_Selendroid function with APK as parameter and clear data value with 1
2016-01-28 02:16:25,065 DEBUG [EBPB_PB2STTL-116705] Exiting Init_Selendroid function
2016-01-28 02:16:25,080 DEBUG [EBPB_PB2STTL-116705] TestCase with Description "Signature http" Execution started
2016-01-28 02:16:25,080 DEBUG [EBPB_PB2STTL-116705] In execute keyword function
2016-01-28 02:16:25,080 DEBUG [EBPB_PB2STTL-116705] Executing wait function:
2016-01-28 02:16:25,080 DEBUG [EBPB_PB2STTL-116705] Started Executing wait function
2016-01-28 02:16:28,080 DEBUG [EBPB_PB2STTL-116705] Exiting from wait function
2016-01-28 02:16:28,080 DEBUG [EBPB_PB2STTL-116705] TestStepResult of wait: Pass
2016-01-28 02:16:28,080 DEBUG [EBPB_PB2STTL-116705] In execute keyword function
2016-01-28 02:16:28,080 DEBUG [EBPB_PB2STTL-116705] Executing validate_PageTitle function:
2016-01-28 02:16:28,121 DEBUG [EBPB_PB2STTL-116705] The title of the page is *********************************: Pocket Browser Tests
2016-01-28 02:16:28,121 DEBUG [EBPB_PB2STTL-116705] The page title found is correct
2016-01-28 02:16:28,121 DEBUG [EBPB_PB2STTL-116705] Result of validate_PageTitle: pass
2016-01-28 02:16:28,121 DEBUG [EBPB_PB2STTL-116705] In execute keyword function
2016-01-28 02:16:28,121 DEBUG [EBPB_PB2STTL-116705] Executing link_Click function:
2016-01-28 02:16:28,760 DEBUG [EBPB_PB2STTL-116705] Executing Click function
2016-01-28 02:16:30,048 DEBUG [EBPB_PB2STTL-116705] Exiting Click function
2016-01-28 02:16:30,048 DEBUG [EBPB_PB2STTL-116705] PB2_test_link clicked successfully
2016-01-28 02:16:30,048 DEBUG [EBPB_PB2STTL-116705] TestStepResult of link_Click: Pass
2016-01-28 02:16:30,048 DEBUG [EBPB_PB2STTL-116705] In execute keyword function
2016-01-28 02:16:30,048 DEBUG [EBPB_PB2STTL-116705] Executing wait function:
2016-01-28 02:16:30,048 DEBUG [EBPB_PB2STTL-116705] Started Executing wait function
2016-01-28 02:16:32,048 DEBUG [EBPB_PB2STTL-116705] Exiting from wait function
2016-01-28 02:16:32,048 DEBUG [EBPB_PB2STTL-116705] TestStepResult of wait: Pass
2016-01-28 02:16:32,048 DEBUG [EBPB_PB2STTL-116705] In execute keyword function
2016-01-28 02:16:32,048 DEBUG [EBPB_PB2STTL-116705] Executing validate_PageTitle function:
2016-01-28 02:16:32,090 DEBUG [EBPB_PB2STTL-116705] The title of the page is *********************************: PB2 Tests
2016-01-28 02:16:32,090 DEBUG [EBPB_PB2STTL-116705] The page title found is correct
2016-01-28 02:16:32,090 DEBUG [EBPB_PB2STTL-116705] Result of validate_PageTitle: pass
2016-01-28 02:16:32,090 DEBUG [EBPB_PB2STTL-116705] In execute keyword function
2016-01-28 02:16:32,090 DEBUG [EBPB_PB2STTL-116705] Executing link_Click function:
2016-01-28 02:16:32,558 DEBUG [EBPB_PB2STTL-116705] Executing Click function
2016-01-28 02:16:33,757 DEBUG [EBPB_PB2STTL-116705] Exiting Click function
2016-01-28 02:16:33,757 DEBUG [EBPB_PB2STTL-116705] signaturehttp_test_link clicked successfully
2016-01-28 02:16:33,757 DEBUG [EBPB_PB2STTL-116705] TestStepResult of link_Click: Pass
2016-01-28 02:16:33,757 DEBUG [EBPB_PB2STTL-116705] In execute keyword function
2016-01-28 02:16:33,757 DEBUG [EBPB_PB2STTL-116705] Executing wait function:
2016-01-28 02:16:33,757 DEBUG [EBPB_PB2STTL-116705] Started Executing wait function
2016-01-28 02:16:35,757 DEBUG [EBPB_PB2STTL-116705] Exiting from wait function
2016-01-28 02:16:35,757 DEBUG [EBPB_PB2STTL-116705] TestStepResult of wait: Pass
2016-01-28 02:16:35,757 DEBUG [EBPB_PB2STTL-116705] In execute keyword function
2016-01-28 02:16:35,757 DEBUG [EBPB_PB2STTL-116705] Executing SwitchApp function:
2016-01-28 02:16:35,877 DEBUG [EBPB_PB2STTL-116705] Successfully switched to NATIVE_APP
2016-01-28 02:16:35,877 DEBUG [EBPB_PB2STTL-116705] TestStepResult of SwitchApp: Pass
2016-01-28 02:16:35,877 DEBUG [EBPB_PB2STTL-116705] In execute keyword function
2016-01-28 02:16:35,877 DEBUG [EBPB_PB2STTL-116705] Executing wait function:
2016-01-28 02:16:35,877 DEBUG [EBPB_PB2STTL-116705] Started Executing wait function
2016-01-28 02:16:37,877 DEBUG [EBPB_PB2STTL-116705] Exiting from wait function
2016-01-28 02:16:37,877 DEBUG [EBPB_PB2STTL-116705] TestStepResult of wait: Pass
2016-01-28 02:16:37,877 DEBUG [EBPB_PB2STTL-116705] In execute keyword function
2016-01-28 02:16:37,877 DEBUG [EBPB_PB2STTL-116705] Executing DrawSignature function:
2016-01-28 02:16:38,645 DEBUG [EBPB_PB2STTL-116705] Started executeCommandLine function
2016-01-28 02:16:42,663 DEBUG [EBPB_PB2STTL-116705] Exiting from executeCommandLine function
2016-01-28 02:16:42,663 DEBUG [EBPB_PB2STTL-116705] Signature drawn successfully
2016-01-28 02:16:42,663 DEBUG [EBPB_PB2STTL-116705] TestStepResult of DrawSignature: Pass
2016-01-28 02:16:42,663 DEBUG [EBPB_PB2STTL-116705] In execute keyword function
2016-01-28 02:16:42,663 DEBUG [EBPB_PB2STTL-116705] Executing wait function:
2016-01-28 02:16:42,663 DEBUG [EBPB_PB2STTL-116705] Started Executing wait function
2016-01-28 02:16:44,663 DEBUG [EBPB_PB2STTL-116705] Exiting from wait function
2016-01-28 02:16:44,663 DEBUG [EBPB_PB2STTL-116705] TestStepResult of wait: Pass
2016-01-28 02:16:44,663 DEBUG [EBPB_PB2STTL-116705] In execute keyword function
2016-01-28 02:16:44,663 DEBUG [EBPB_PB2STTL-116705] Executing SwitchApp function:
2016-01-28 02:16:44,764 DEBUG [EBPB_PB2STTL-116705] Successfully switched to WEBVIEW
2016-01-28 02:16:44,764 DEBUG [EBPB_PB2STTL-116705] TestStepResult of SwitchApp: Pass
2016-01-28 02:16:44,764 DEBUG [EBPB_PB2STTL-116705] In execute keyword function
2016-01-28 02:16:44,764 DEBUG [EBPB_PB2STTL-116705] Executing wait function:
2016-01-28 02:16:44,764 DEBUG [EBPB_PB2STTL-116705] Started Executing wait function
2016-01-28 02:16:46,764 DEBUG [EBPB_PB2STTL-116705] Exiting from wait function
2016-01-28 02:16:46,764 DEBUG [EBPB_PB2STTL-116705] TestStepResult of wait: Pass
2016-01-28 02:16:46,764 DEBUG [EBPB_PB2STTL-116705] In execute keyword function
2016-01-28 02:16:46,764 DEBUG [EBPB_PB2STTL-116705] Executing ClickRunTest function:
2016-01-28 02:16:47,227 DEBUG [EBPB_PB2STTL-116705] Executing Click function
2016-01-28 02:16:48,191 DEBUG [EBPB_PB2STTL-116705] Exiting Click function
2016-01-28 02:16:48,191 DEBUG [EBPB_PB2STTL-116705] captureButton_xpath Button clicked Successfully
2016-01-28 02:16:48,191 DEBUG [EBPB_PB2STTL-116705] TestStepResult of ClickRunTest: pass
2016-01-28 02:16:48,191 DEBUG [EBPB_PB2STTL-116705] In execute keyword function
2016-01-28 02:16:48,191 DEBUG [EBPB_PB2STTL-116705] Executing wait function:
2016-01-28 02:16:48,191 DEBUG [EBPB_PB2STTL-116705] Started Executing wait function
2016-01-28 02:16:56,192 DEBUG [EBPB_PB2STTL-116705] Exiting from wait function
2016-01-28 02:16:56,192 DEBUG [EBPB_PB2STTL-116705] TestStepResult of wait: Pass
2016-01-28 02:16:56,192 DEBUG [EBPB_PB2STTL-116705] In execute keyword function
2016-01-28 02:16:56,192 DEBUG [EBPB_PB2STTL-116705] Executing CheckUITextContains function:
2016-01-28 02:16:56,192 DEBUG [EBPB_PB2STTL-116705] Started executeCommandLine function
2016-01-28 02:17:00,204 DEBUG [EBPB_PB2STTL-116705] Text is Present
2016-01-28 02:17:00,204 DEBUG [EBPB_PB2STTL-116705] TestStepResult of CheckUITextContains: Pass
2016-01-28 02:17:00,204 DEBUG [EBPB_PB2STTL-116705] In execute keyword function
2016-01-28 02:17:00,204 DEBUG [EBPB_PB2STTL-116705] Executing ClickUIButtonText function:
2016-01-28 02:17:00,204 DEBUG [EBPB_PB2STTL-116705] Entered ClickUIButtonText function
2016-01-28 02:17:00,204 DEBUG [EBPB_PB2STTL-116705] Started executeCommandLine function
2016-01-28 02:17:04,226 DEBUG [EBPB_PB2STTL-116705] Started executeCommandLine function
2016-01-28 02:17:08,647 DEBUG [EBPB_PB2STTL-116705] Exiting ClickUIButtonText function
2016-01-28 02:17:08,647 DEBUG [EBPB_PB2STTL-116705] TestStepResult of ClickUIButtonText: Pass
2016-01-28 02:17:08,647 DEBUG [EBPB_PB2STTL-116705] allstep_result contains: PassPassPasspassPassPassPassPassPassPassPassPassPassPassPassnull
2016-01-28 02:17:08,647 DEBUG [EBPB_PB2STTL-116705] allexpected_result contains: nullpassnullpassnull
2016-01-28 02:17:08,647 DEBUG [EBPB_PB2STTL-116705] Testcase_Result contains: nullpassnullpassnullPassPassPasspassPassPassPassPassPassPassPassPassPassPassPassnull
2016-01-28 02:17:08,647 DEBUG [EBPB_PB2STTL-116705] Test case with description Signature http Pass
2016-01-28 02:17:09,729 DEBUG [EBPB_PB2STTL-116705] Executing browser_Quit function
2016-01-28 02:17:09,729 DEBUG [EBPB_PB2STTL-116705] Completed browser_Quit function
2016-01-28 02:17:09,729 DEBUG [EBPB_PB2STTL-116705] Completed quitSelendroid function
2016-01-28 02:17:09,730 DEBUG [EBPB_PB2STTL-116705] Row number:6
2016-01-28 02:17:09,757 DEBUG [EBPB_PB2STTL-116705] Ending Test Case IDSTTL-116705
