2016-01-28 02:13:28,794 DEBUG [EBPB_PB2STTL-116702] Executing Test Case ID: STTL-116702
2016-01-28 02:13:28,802 DEBUG [EBPB_PB2STTL-116702] Executing Init_Selendroid function with APK as parameter and clear data value with 1
2016-01-28 02:13:39,290 DEBUG [EBPB_PB2STTL-116702] Exiting Init_Selendroid function
2016-01-28 02:13:39,305 DEBUG [EBPB_PB2STTL-116702] TestCase with Description "Battery" Execution started
2016-01-28 02:13:39,305 DEBUG [EBPB_PB2STTL-116702] In execute keyword function
2016-01-28 02:13:39,305 DEBUG [EBPB_PB2STTL-116702] Executing wait function:
2016-01-28 02:13:39,305 DEBUG [EBPB_PB2STTL-116702] Started Executing wait function
2016-01-28 02:13:42,306 DEBUG [EBPB_PB2STTL-116702] Exiting from wait function
2016-01-28 02:13:42,306 DEBUG [EBPB_PB2STTL-116702] TestStepResult of wait: Pass
2016-01-28 02:13:42,306 DEBUG [EBPB_PB2STTL-116702] In execute keyword function
2016-01-28 02:13:42,306 DEBUG [EBPB_PB2STTL-116702] Executing validate_PageTitle function:
2016-01-28 02:13:42,347 DEBUG [EBPB_PB2STTL-116702] The title of the page is *********************************: Pocket Browser Tests
2016-01-28 02:13:42,347 DEBUG [EBPB_PB2STTL-116702] The page title found is correct
2016-01-28 02:13:42,347 DEBUG [EBPB_PB2STTL-116702] Result of validate_PageTitle: pass
2016-01-28 02:13:42,347 DEBUG [EBPB_PB2STTL-116702] In execute keyword function
2016-01-28 02:13:42,347 DEBUG [EBPB_PB2STTL-116702] Executing link_Click function:
2016-01-28 02:13:43,044 DEBUG [EBPB_PB2STTL-116702] Executing Click function
2016-01-28 02:13:44,336 DEBUG [EBPB_PB2STTL-116702] Exiting Click function
2016-01-28 02:13:44,336 DEBUG [EBPB_PB2STTL-116702] PB2_test_link clicked successfully
2016-01-28 02:13:44,336 DEBUG [EBPB_PB2STTL-116702] TestStepResult of link_Click: Pass
2016-01-28 02:13:44,336 DEBUG [EBPB_PB2STTL-116702] In execute keyword function
2016-01-28 02:13:44,336 DEBUG [EBPB_PB2STTL-116702] Executing wait function:
2016-01-28 02:13:44,336 DEBUG [EBPB_PB2STTL-116702] Started Executing wait function
2016-01-28 02:13:46,336 DEBUG [EBPB_PB2STTL-116702] Exiting from wait function
2016-01-28 02:13:46,336 DEBUG [EBPB_PB2STTL-116702] TestStepResult of wait: Pass
2016-01-28 02:13:46,336 DEBUG [EBPB_PB2STTL-116702] In execute keyword function
2016-01-28 02:13:46,336 DEBUG [EBPB_PB2STTL-116702] Executing validate_PageTitle function:
2016-01-28 02:13:46,375 DEBUG [EBPB_PB2STTL-116702] The title of the page is *********************************: PB2 Tests
2016-01-28 02:13:46,375 DEBUG [EBPB_PB2STTL-116702] The page title found is correct
2016-01-28 02:13:46,375 DEBUG [EBPB_PB2STTL-116702] Result of validate_PageTitle: pass
2016-01-28 02:13:46,375 DEBUG [EBPB_PB2STTL-116702] In execute keyword function
2016-01-28 02:13:46,375 DEBUG [EBPB_PB2STTL-116702] Executing link_Click function:
2016-01-28 02:13:46,765 DEBUG [EBPB_PB2STTL-116702] Executing Click function
2016-01-28 02:13:47,731 DEBUG [EBPB_PB2STTL-116702] Exiting Click function
2016-01-28 02:13:47,731 DEBUG [EBPB_PB2STTL-116702] batterypb_test_link clicked successfully
2016-01-28 02:13:47,731 DEBUG [EBPB_PB2STTL-116702] TestStepResult of link_Click: Pass
2016-01-28 02:13:47,731 DEBUG [EBPB_PB2STTL-116702] In execute keyword function
2016-01-28 02:13:47,732 DEBUG [EBPB_PB2STTL-116702] Executing wait function:
2016-01-28 02:13:47,732 DEBUG [EBPB_PB2STTL-116702] Started Executing wait function
2016-01-28 02:13:49,732 DEBUG [EBPB_PB2STTL-116702] Exiting from wait function
2016-01-28 02:13:49,732 DEBUG [EBPB_PB2STTL-116702] TestStepResult of wait: Pass
2016-01-28 02:13:49,732 DEBUG [EBPB_PB2STTL-116702] In execute keyword function
2016-01-28 02:13:49,732 DEBUG [EBPB_PB2STTL-116702] Executing TakeScreenshot function:
2016-01-28 02:13:50,458 DEBUG [EBPB_PB2STTL-116702] Started Executing Validate_App_launched_Device function
2016-01-28 02:13:50,458 DEBUG [EBPB_PB2STTL-116702] Entered CheckUIButtonExists function
2016-01-28 02:13:50,458 DEBUG [EBPB_PB2STTL-116702] Started executeCommandLine function
2016-01-28 02:13:54,467 DEBUG [EBPB_PB2STTL-116702] Exiting from executeCommandLine function
2016-01-28 02:13:54,467 DEBUG [EBPB_PB2STTL-116702] Button is not Present
2016-01-28 02:13:54,467 DEBUG [EBPB_PB2STTL-116702] Exiting from CheckUIButtonExists function
2016-01-28 02:13:54,467 DEBUG [EBPB_PB2STTL-116702] Started executeCommandLine function
2016-01-28 02:13:58,488 DEBUG [EBPB_PB2STTL-116702] Given App is in Foreground
2016-01-28 02:13:58,488 DEBUG [EBPB_PB2STTL-116702] Exiting Validate_App_launched_Device function
2016-01-28 02:13:58,601 DEBUG [EBPB_PB2STTL-116702] TestStepResult of TakeScreenshot: pass
2016-01-28 02:13:58,601 DEBUG [EBPB_PB2STTL-116702] In execute keyword function
2016-01-28 02:13:58,601 DEBUG [EBPB_PB2STTL-116702] Executing wait function:
2016-01-28 02:13:58,601 DEBUG [EBPB_PB2STTL-116702] Started Executing wait function
2016-01-28 02:14:00,601 DEBUG [EBPB_PB2STTL-116702] Exiting from wait function
2016-01-28 02:14:00,601 DEBUG [EBPB_PB2STTL-116702] TestStepResult of wait: Pass
2016-01-28 02:14:00,601 DEBUG [EBPB_PB2STTL-116702] In execute keyword function
2016-01-28 02:14:00,601 DEBUG [EBPB_PB2STTL-116702] Executing validate_Screenshot function:
2016-01-28 02:14:00,827 DEBUG [EBPB_PB2STTL-116702] Match found with reference image
2016-01-28 02:14:00,827 DEBUG [EBPB_PB2STTL-116702] Result of validate_Screenshot: Pass
2016-01-28 02:14:00,827 DEBUG [EBPB_PB2STTL-116702] In execute keyword function
2016-01-28 02:14:00,827 DEBUG [EBPB_PB2STTL-116702] Executing link_Click function:
2016-01-28 02:14:01,193 DEBUG [EBPB_PB2STTL-116702] Executing Click function
2016-01-28 02:14:02,139 DEBUG [EBPB_PB2STTL-116702] Exiting Click function
2016-01-28 02:14:02,139 DEBUG [EBPB_PB2STTL-116702] hidebatterypower_link clicked successfully
2016-01-28 02:14:02,139 DEBUG [EBPB_PB2STTL-116702] TestStepResult of link_Click: Pass
2016-01-28 02:14:02,139 DEBUG [EBPB_PB2STTL-116702] In execute keyword function
2016-01-28 02:14:02,139 DEBUG [EBPB_PB2STTL-116702] Executing TakeScreenshot function:
2016-01-28 02:14:02,736 DEBUG [EBPB_PB2STTL-116702] Started Executing Validate_App_launched_Device function
2016-01-28 02:14:02,736 DEBUG [EBPB_PB2STTL-116702] Entered CheckUIButtonExists function
2016-01-28 02:14:02,736 DEBUG [EBPB_PB2STTL-116702] Started executeCommandLine function
2016-01-28 02:14:06,750 DEBUG [EBPB_PB2STTL-116702] Exiting from executeCommandLine function
2016-01-28 02:14:06,750 DEBUG [EBPB_PB2STTL-116702] Button is not Present
2016-01-28 02:14:06,750 DEBUG [EBPB_PB2STTL-116702] Exiting from CheckUIButtonExists function
2016-01-28 02:14:06,750 DEBUG [EBPB_PB2STTL-116702] Started executeCommandLine function
2016-01-28 02:14:10,770 DEBUG [EBPB_PB2STTL-116702] Given App is in Foreground
2016-01-28 02:14:10,770 DEBUG [EBPB_PB2STTL-116702] Exiting Validate_App_launched_Device function
2016-01-28 02:14:10,863 DEBUG [EBPB_PB2STTL-116702] TestStepResult of TakeScreenshot: pass
2016-01-28 02:14:10,863 DEBUG [EBPB_PB2STTL-116702] In execute keyword function
2016-01-28 02:14:10,863 DEBUG [EBPB_PB2STTL-116702] Executing link_Click function:
2016-01-28 02:14:11,234 DEBUG [EBPB_PB2STTL-116702] Executing Click function
2016-01-28 02:14:12,186 DEBUG [EBPB_PB2STTL-116702] Exiting Click function
2016-01-28 02:14:12,187 DEBUG [EBPB_PB2STTL-116702] batterypowercallback_link clicked successfully
2016-01-28 02:14:12,187 DEBUG [EBPB_PB2STTL-116702] TestStepResult of link_Click: Pass
2016-01-28 02:14:12,187 DEBUG [EBPB_PB2STTL-116702] In execute keyword function
2016-01-28 02:14:12,187 DEBUG [EBPB_PB2STTL-116702] Executing wait function:
2016-01-28 02:14:12,187 DEBUG [EBPB_PB2STTL-116702] Started Executing wait function
2016-01-28 02:14:14,188 DEBUG [EBPB_PB2STTL-116702] Exiting from wait function
2016-01-28 02:14:14,188 DEBUG [EBPB_PB2STTL-116702] TestStepResult of wait: Pass
2016-01-28 02:14:14,188 DEBUG [EBPB_PB2STTL-116702] In execute keyword function
2016-01-28 02:14:14,188 DEBUG [EBPB_PB2STTL-116702] Executing validate_Result function:
2016-01-28 02:14:14,447 DEBUG [EBPB_PB2STTL-116702] AC: 1 Text found in AC: 1
main:100
backup: 0
2016-01-28 02:14:14,447 DEBUG [EBPB_PB2STTL-116702] Result of validate_Result: Pass
2016-01-28 02:14:14,447 DEBUG [EBPB_PB2STTL-116702] In execute keyword function
2016-01-28 02:14:14,447 DEBUG [EBPB_PB2STTL-116702] Executing validate_Result function:
2016-01-28 02:14:14,579 DEBUG [EBPB_PB2STTL-116702] main Text found in AC: 1
main:100
backup: 0
2016-01-28 02:14:14,579 DEBUG [EBPB_PB2STTL-116702] Result of validate_Result: Pass
2016-01-28 02:14:14,579 DEBUG [EBPB_PB2STTL-116702] In execute keyword function
2016-01-28 02:14:14,579 DEBUG [EBPB_PB2STTL-116702] Executing validate_Result function:
2016-01-28 02:14:14,732 DEBUG [EBPB_PB2STTL-116702] backup Text found in AC: 1
main:100
backup: 0
2016-01-28 02:14:14,732 DEBUG [EBPB_PB2STTL-116702] Result of validate_Result: Pass
2016-01-28 02:14:14,732 DEBUG [EBPB_PB2STTL-116702] In execute keyword function
2016-01-28 02:14:14,732 DEBUG [EBPB_PB2STTL-116702] Executing validate_Screenshot function:
2016-01-28 02:14:14,932 DEBUG [EBPB_PB2STTL-116702] Match found with reference image
2016-01-28 02:14:14,932 DEBUG [EBPB_PB2STTL-116702] Result of validate_Screenshot: Pass
2016-01-28 02:14:14,932 DEBUG [EBPB_PB2STTL-116702] allstep_result contains: PassPasspassPassPasspassPassPassPassPassPassnull
2016-01-28 02:14:14,932 DEBUG [EBPB_PB2STTL-116702] allexpected_result contains: nullPassnullPassPassPassnullPassnullpassnullpassnull
2016-01-28 02:14:14,932 DEBUG [EBPB_PB2STTL-116702] Testcase_Result contains: nullPassnullPassPassPassnullPassnullpassnullpassnullPassPasspassPassPasspassPassPassPassPassPassnull
2016-01-28 02:14:14,932 DEBUG [EBPB_PB2STTL-116702] Test case with description Battery Pass
2016-01-28 02:14:15,952 DEBUG [EBPB_PB2STTL-116702] Executing browser_Quit function
2016-01-28 02:14:15,952 DEBUG [EBPB_PB2STTL-116702] Completed browser_Quit function
2016-01-28 02:14:15,952 DEBUG [EBPB_PB2STTL-116702] Completed quitSelendroid function
2016-01-28 02:14:15,952 DEBUG [EBPB_PB2STTL-116702] Row number:3
2016-01-28 02:14:15,984 DEBUG [EBPB_PB2STTL-116702] Ending Test Case IDSTTL-116702
