2016-01-28 02:18:04,991 DEBUG [EBPB_PB2STTL-116707] Executing Test Case ID: STTL-116707
2016-01-28 02:18:04,997 DEBUG [EBPB_PB2STTL-116707] Executing Init_Selendroid function with APK as parameter and clear data value with 1
2016-01-28 02:18:15,474 DEBUG [EBPB_PB2STTL-116707] Exiting Init_Selendroid function
2016-01-28 02:18:15,489 DEBUG [EBPB_PB2STTL-116707] TestCase with Description "Imager local" Execution started
2016-01-28 02:18:15,489 DEBUG [EBPB_PB2STTL-116707] In execute keyword function
2016-01-28 02:18:15,489 DEBUG [EBPB_PB2STTL-116707] Executing wait function:
2016-01-28 02:18:15,489 DEBUG [EBPB_PB2STTL-116707] Started Executing wait function
2016-01-28 02:18:18,489 DEBUG [EBPB_PB2STTL-116707] Exiting from wait function
2016-01-28 02:18:18,489 DEBUG [EBPB_PB2STTL-116707] TestStepResult of wait: Pass
2016-01-28 02:18:18,489 DEBUG [EBPB_PB2STTL-116707] In execute keyword function
2016-01-28 02:18:18,489 DEBUG [EBPB_PB2STTL-116707] Executing validate_PageTitle function:
2016-01-28 02:18:18,527 DEBUG [EBPB_PB2STTL-116707] The title of the page is *********************************: Pocket Browser Tests
2016-01-28 02:18:18,528 DEBUG [EBPB_PB2STTL-116707] The page title found is correct
2016-01-28 02:18:18,528 DEBUG [EBPB_PB2STTL-116707] Result of validate_PageTitle: pass
2016-01-28 02:18:18,528 DEBUG [EBPB_PB2STTL-116707] In execute keyword function
2016-01-28 02:18:18,528 DEBUG [EBPB_PB2STTL-116707] Executing link_Click function:
2016-01-28 02:18:19,205 DEBUG [EBPB_PB2STTL-116707] Executing Click function
2016-01-28 02:18:20,505 DEBUG [EBPB_PB2STTL-116707] Exiting Click function
2016-01-28 02:18:20,505 DEBUG [EBPB_PB2STTL-116707] PB2_test_link clicked successfully
2016-01-28 02:18:20,505 DEBUG [EBPB_PB2STTL-116707] TestStepResult of link_Click: Pass
2016-01-28 02:18:20,505 DEBUG [EBPB_PB2STTL-116707] In execute keyword function
2016-01-28 02:18:20,505 DEBUG [EBPB_PB2STTL-116707] Executing wait function:
2016-01-28 02:18:20,505 DEBUG [EBPB_PB2STTL-116707] Started Executing wait function
2016-01-28 02:18:22,506 DEBUG [EBPB_PB2STTL-116707] Exiting from wait function
2016-01-28 02:18:22,506 DEBUG [EBPB_PB2STTL-116707] TestStepResult of wait: Pass
2016-01-28 02:18:22,506 DEBUG [EBPB_PB2STTL-116707] In execute keyword function
2016-01-28 02:18:22,506 DEBUG [EBPB_PB2STTL-116707] Executing validate_PageTitle function:
2016-01-28 02:18:22,543 DEBUG [EBPB_PB2STTL-116707] The title of the page is *********************************: PB2 Tests
2016-01-28 02:18:22,543 DEBUG [EBPB_PB2STTL-116707] The page title found is correct
2016-01-28 02:18:22,543 DEBUG [EBPB_PB2STTL-116707] Result of validate_PageTitle: pass
2016-01-28 02:18:22,543 DEBUG [EBPB_PB2STTL-116707] In execute keyword function
2016-01-28 02:18:22,543 DEBUG [EBPB_PB2STTL-116707] Executing link_Click function:
2016-01-28 02:18:22,995 DEBUG [EBPB_PB2STTL-116707] Executing Click function
2016-01-28 02:18:24,015 DEBUG [EBPB_PB2STTL-116707] Exiting Click function
2016-01-28 02:18:24,015 DEBUG [EBPB_PB2STTL-116707] imagerpb_test_link clicked successfully
2016-01-28 02:18:24,015 DEBUG [EBPB_PB2STTL-116707] TestStepResult of link_Click: Pass
2016-01-28 02:18:24,015 DEBUG [EBPB_PB2STTL-116707] In execute keyword function
2016-01-28 02:18:24,015 DEBUG [EBPB_PB2STTL-116707] Executing ClickRunTest function:
2016-01-28 02:18:24,813 DEBUG [EBPB_PB2STTL-116707] Executing Click function
2016-01-28 02:18:25,767 DEBUG [EBPB_PB2STTL-116707] Exiting Click function
2016-01-28 02:18:25,767 DEBUG [EBPB_PB2STTL-116707] captureButton_xpath Button clicked Successfully
2016-01-28 02:18:25,767 DEBUG [EBPB_PB2STTL-116707] TestStepResult of ClickRunTest: pass
2016-01-28 02:18:25,767 DEBUG [EBPB_PB2STTL-116707] In execute keyword function
2016-01-28 02:18:25,767 DEBUG [EBPB_PB2STTL-116707] Executing validate_FileExists function:
2016-01-28 02:18:25,767 DEBUG [EBPB_PB2STTL-116707] Started executeCommandLine function
2016-01-28 02:18:29,788 DEBUG [EBPB_PB2STTL-116707] /sdcard/Android/data/com.symbol.enterprisebrowser/Img.bmp File Found
2016-01-28 02:18:29,788 DEBUG [EBPB_PB2STTL-116707] Result of validate_FileExists: Pass
2016-01-28 02:18:29,788 DEBUG [EBPB_PB2STTL-116707] allstep_result contains: passPassPassPassPassnull
2016-01-28 02:18:29,788 DEBUG [EBPB_PB2STTL-116707] allexpected_result contains: nullPassnullpassnullpassnull
2016-01-28 02:18:29,788 DEBUG [EBPB_PB2STTL-116707] Testcase_Result contains: nullPassnullpassnullpassnullpassPassPassPassPassnull
2016-01-28 02:18:29,788 DEBUG [EBPB_PB2STTL-116707] Test case with description Imager local Pass
2016-01-28 02:18:30,842 DEBUG [EBPB_PB2STTL-116707] Executing browser_Quit function
2016-01-28 02:18:30,842 DEBUG [EBPB_PB2STTL-116707] Completed browser_Quit function
2016-01-28 02:18:30,842 DEBUG [EBPB_PB2STTL-116707] Completed quitSelendroid function
2016-01-28 02:18:30,842 DEBUG [EBPB_PB2STTL-116707] Row number:8
2016-01-28 02:18:30,872 DEBUG [EBPB_PB2STTL-116707] Ending Test Case IDSTTL-116707
