2016-01-28 02:21:43,823 DEBUG [EBPB_PB2STTL-116714] Executing Test Case ID: STTL-116714
2016-01-28 02:21:43,829 DEBUG [EBPB_PB2STTL-116714] Executing Init_Selendroid function with APK as parameter and clear data value with 1
2016-01-28 02:21:53,900 DEBUG [EBPB_PB2STTL-116714] Exiting Init_Selendroid function
2016-01-28 02:21:53,915 DEBUG [EBPB_PB2STTL-116714] TestCase with Description "ScreenOrientation" Execution started
2016-01-28 02:21:53,916 DEBUG [EBPB_PB2STTL-116714] In execute keyword function
2016-01-28 02:21:53,916 DEBUG [EBPB_PB2STTL-116714] Executing wait function:
2016-01-28 02:21:53,916 DEBUG [EBPB_PB2STTL-116714] Started Executing wait function
2016-01-28 02:21:56,916 DEBUG [EBPB_PB2STTL-116714] Exiting from wait function
2016-01-28 02:21:56,916 DEBUG [EBPB_PB2STTL-116714] TestStepResult of wait: Pass
2016-01-28 02:21:56,916 DEBUG [EBPB_PB2STTL-116714] In execute keyword function
2016-01-28 02:21:56,916 DEBUG [EBPB_PB2STTL-116714] Executing validate_PageTitle function:
2016-01-28 02:21:56,960 DEBUG [EBPB_PB2STTL-116714] The title of the page is *********************************: Pocket Browser Tests
2016-01-28 02:21:56,960 DEBUG [EBPB_PB2STTL-116714] The page title found is correct
2016-01-28 02:21:56,960 DEBUG [EBPB_PB2STTL-116714] Result of validate_PageTitle: pass
2016-01-28 02:21:56,960 DEBUG [EBPB_PB2STTL-116714] In execute keyword function
2016-01-28 02:21:56,960 DEBUG [EBPB_PB2STTL-116714] Executing link_Click function:
2016-01-28 02:21:57,584 DEBUG [EBPB_PB2STTL-116714] Executing Click function
2016-01-28 02:21:58,847 DEBUG [EBPB_PB2STTL-116714] Exiting Click function
2016-01-28 02:21:58,847 DEBUG [EBPB_PB2STTL-116714] PB2_test_link clicked successfully
2016-01-28 02:21:58,847 DEBUG [EBPB_PB2STTL-116714] TestStepResult of link_Click: Pass
2016-01-28 02:21:58,848 DEBUG [EBPB_PB2STTL-116714] In execute keyword function
2016-01-28 02:21:58,848 DEBUG [EBPB_PB2STTL-116714] Executing wait function:
2016-01-28 02:21:58,848 DEBUG [EBPB_PB2STTL-116714] Started Executing wait function
2016-01-28 02:22:00,848 DEBUG [EBPB_PB2STTL-116714] Exiting from wait function
2016-01-28 02:22:00,848 DEBUG [EBPB_PB2STTL-116714] TestStepResult of wait: Pass
2016-01-28 02:22:00,848 DEBUG [EBPB_PB2STTL-116714] In execute keyword function
2016-01-28 02:22:00,848 DEBUG [EBPB_PB2STTL-116714] Executing validate_PageTitle function:
2016-01-28 02:22:00,891 DEBUG [EBPB_PB2STTL-116714] The title of the page is *********************************: PB2 Tests
2016-01-28 02:22:00,891 DEBUG [EBPB_PB2STTL-116714] The page title found is correct
2016-01-28 02:22:00,891 DEBUG [EBPB_PB2STTL-116714] Result of validate_PageTitle: pass
2016-01-28 02:22:00,891 DEBUG [EBPB_PB2STTL-116714] In execute keyword function
2016-01-28 02:22:00,891 DEBUG [EBPB_PB2STTL-116714] Executing link_Click function:
2016-01-28 02:22:01,360 DEBUG [EBPB_PB2STTL-116714] Executing Click function
2016-01-28 02:22:02,571 DEBUG [EBPB_PB2STTL-116714] Exiting Click function
2016-01-28 02:22:02,571 DEBUG [EBPB_PB2STTL-116714] screenorientationpb_test_link clicked successfully
2016-01-28 02:22:02,571 DEBUG [EBPB_PB2STTL-116714] TestStepResult of link_Click: Pass
2016-01-28 02:22:02,571 DEBUG [EBPB_PB2STTL-116714] In execute keyword function
2016-01-28 02:22:02,571 DEBUG [EBPB_PB2STTL-116714] Executing validate_screenOrientation function:
2016-01-28 02:22:02,571 DEBUG [EBPB_PB2STTL-116714] Started executeCommandLine function
2016-01-28 02:22:06,591 DEBUG [EBPB_PB2STTL-116714] Screen rotated successfully with specified orientation
2016-01-28 02:22:06,591 DEBUG [EBPB_PB2STTL-116714] Result of validate_screenOrientation: Pass
2016-01-28 02:22:06,591 DEBUG [EBPB_PB2STTL-116714] In execute keyword function
2016-01-28 02:22:06,591 DEBUG [EBPB_PB2STTL-116714] Executing press_Key function:
2016-01-28 02:22:06,591 DEBUG [EBPB_PB2STTL-116714] Started executeCommandLine function
2016-01-28 02:22:10,611 DEBUG [EBPB_PB2STTL-116714] Exiting from executeCommandLine function
2016-01-28 02:22:10,611 DEBUG [EBPB_PB2STTL-116714] pressed on the back key
2016-01-28 02:22:10,611 DEBUG [EBPB_PB2STTL-116714] Back works
2016-01-28 02:22:11,611 DEBUG [EBPB_PB2STTL-116714] TestStepResult of press_Key: pass
2016-01-28 02:22:11,611 DEBUG [EBPB_PB2STTL-116714] In execute keyword function
2016-01-28 02:22:11,611 DEBUG [EBPB_PB2STTL-116714] Executing wait function:
2016-01-28 02:22:11,611 DEBUG [EBPB_PB2STTL-116714] Started Executing wait function
2016-01-28 02:22:13,612 DEBUG [EBPB_PB2STTL-116714] Exiting from wait function
2016-01-28 02:22:13,612 DEBUG [EBPB_PB2STTL-116714] TestStepResult of wait: Pass
2016-01-28 02:22:13,612 DEBUG [EBPB_PB2STTL-116714] In execute keyword function
2016-01-28 02:22:13,612 DEBUG [EBPB_PB2STTL-116714] Executing link_Click function:
2016-01-28 02:22:14,102 DEBUG [EBPB_PB2STTL-116714] Executing Click function
2016-01-28 02:22:15,191 DEBUG [EBPB_PB2STTL-116714] Exiting Click function
2016-01-28 02:22:15,191 DEBUG [EBPB_PB2STTL-116714] screenorientationpbnormal_test_link clicked successfully
2016-01-28 02:22:15,191 DEBUG [EBPB_PB2STTL-116714] TestStepResult of link_Click: Pass
2016-01-28 02:22:15,192 DEBUG [EBPB_PB2STTL-116714] In execute keyword function
2016-01-28 02:22:15,192 DEBUG [EBPB_PB2STTL-116714] Executing wait function:
2016-01-28 02:22:15,192 DEBUG [EBPB_PB2STTL-116714] Started Executing wait function
2016-01-28 02:22:20,192 DEBUG [EBPB_PB2STTL-116714] Exiting from wait function
2016-01-28 02:22:20,192 DEBUG [EBPB_PB2STTL-116714] TestStepResult of wait: Pass
2016-01-28 02:22:20,192 DEBUG [EBPB_PB2STTL-116714] allstep_result contains: PassPassPasspassPassPassPassPassnull
2016-01-28 02:22:20,192 DEBUG [EBPB_PB2STTL-116714] allexpected_result contains: nullPassnullpassnullpassnull
2016-01-28 02:22:20,192 DEBUG [EBPB_PB2STTL-116714] Testcase_Result contains: nullPassnullpassnullpassnullPassPassPasspassPassPassPassPassnull
2016-01-28 02:22:20,192 DEBUG [EBPB_PB2STTL-116714] Test case with description ScreenOrientation Pass
2016-01-28 02:22:21,163 DEBUG [EBPB_PB2STTL-116714] Executing browser_Quit function
2016-01-28 02:22:21,164 DEBUG [EBPB_PB2STTL-116714] Completed browser_Quit function
2016-01-28 02:22:21,164 DEBUG [EBPB_PB2STTL-116714] Completed quitSelendroid function
2016-01-28 02:22:21,164 DEBUG [EBPB_PB2STTL-116714] Row number:15
2016-01-28 02:22:21,198 DEBUG [EBPB_PB2STTL-116714] Ending Test Case IDSTTL-116714
