2016-01-28 02:46:02,560 DEBUG [EBPB_SignatureSTTL-116707] Executing Test Case ID: STTL-116707
2016-01-28 02:46:02,566 DEBUG [EBPB_SignatureSTTL-116707] Executing Init_Selendroid function with APK as parameter and clear data value with 1
2016-01-28 02:46:13,118 DEBUG [EBPB_SignatureSTTL-116707] Exiting Init_Selendroid function
2016-01-28 02:46:13,132 DEBUG [EBPB_SignatureSTTL-116707] TestCase with Description "SignatureCapture with height" Execution started
2016-01-28 02:46:13,132 DEBUG [EBPB_SignatureSTTL-116707] In execute keyword function
2016-01-28 02:46:13,132 DEBUG [EBPB_SignatureSTTL-116707] Executing wait function:
2016-01-28 02:46:13,132 DEBUG [EBPB_SignatureSTTL-116707] Started Executing wait function
2016-01-28 02:46:17,132 DEBUG [EBPB_SignatureSTTL-116707] Exiting from wait function
2016-01-28 02:46:17,132 DEBUG [EBPB_SignatureSTTL-116707] TestStepResult of wait: Pass
2016-01-28 02:46:17,132 DEBUG [EBPB_SignatureSTTL-116707] In execute keyword function
2016-01-28 02:46:17,132 DEBUG [EBPB_SignatureSTTL-116707] Executing validate_PageTitle function:
2016-01-28 02:46:17,174 DEBUG [EBPB_SignatureSTTL-116707] The title of the page is *********************************: Pocket Browser Tests
2016-01-28 02:46:17,174 DEBUG [EBPB_SignatureSTTL-116707] The page title found is correct
2016-01-28 02:46:17,174 DEBUG [EBPB_SignatureSTTL-116707] Result of validate_PageTitle: pass
2016-01-28 02:46:17,174 DEBUG [EBPB_SignatureSTTL-116707] In execute keyword function
2016-01-28 02:46:17,174 DEBUG [EBPB_SignatureSTTL-116707] Executing link_Click function:
2016-01-28 02:46:17,815 DEBUG [EBPB_SignatureSTTL-116707] Executing Click function
2016-01-28 02:46:19,127 DEBUG [EBPB_SignatureSTTL-116707] Exiting Click function
2016-01-28 02:46:19,127 DEBUG [EBPB_SignatureSTTL-116707] Signaturetest_link clicked successfully
2016-01-28 02:46:19,127 DEBUG [EBPB_SignatureSTTL-116707] TestStepResult of link_Click: Pass
2016-01-28 02:46:19,127 DEBUG [EBPB_SignatureSTTL-116707] In execute keyword function
2016-01-28 02:46:19,127 DEBUG [EBPB_SignatureSTTL-116707] Executing wait function:
2016-01-28 02:46:19,127 DEBUG [EBPB_SignatureSTTL-116707] Started Executing wait function
2016-01-28 02:46:21,127 DEBUG [EBPB_SignatureSTTL-116707] Exiting from wait function
2016-01-28 02:46:21,127 DEBUG [EBPB_SignatureSTTL-116707] TestStepResult of wait: Pass
2016-01-28 02:46:21,127 DEBUG [EBPB_SignatureSTTL-116707] In execute keyword function
2016-01-28 02:46:21,127 DEBUG [EBPB_SignatureSTTL-116707] Executing validate_PageTitle function:
2016-01-28 02:46:21,162 DEBUG [EBPB_SignatureSTTL-116707] The title of the page is *********************************: Signature
2016-01-28 02:46:21,162 DEBUG [EBPB_SignatureSTTL-116707] The page title found is correct
2016-01-28 02:46:21,162 DEBUG [EBPB_SignatureSTTL-116707] Result of validate_PageTitle: pass
2016-01-28 02:46:21,162 DEBUG [EBPB_SignatureSTTL-116707] In execute keyword function
2016-01-28 02:46:21,162 DEBUG [EBPB_SignatureSTTL-116707] Executing SelectTestToRun function:
2016-01-28 02:46:24,369 DEBUG [EBPB_SignatureSTTL-116707] Successfull in selecting clicking the category
2016-01-28 02:46:24,369 DEBUG [EBPB_SignatureSTTL-116707] TestStepResult of SelectTestToRun: pass
2016-01-28 02:46:24,369 DEBUG [EBPB_SignatureSTTL-116707] In execute keyword function
2016-01-28 02:46:24,369 DEBUG [EBPB_SignatureSTTL-116707] Executing validate_Text_Exists function:
2016-01-28 02:46:24,643 DEBUG [EBPB_SignatureSTTL-116707] VT056-1221 Testcase Text found
2016-01-28 02:46:24,643 DEBUG [EBPB_SignatureSTTL-116707] Result of validate_Text_Exists: Pass
2016-01-28 02:46:24,643 DEBUG [EBPB_SignatureSTTL-116707] In execute keyword function
2016-01-28 02:46:24,643 DEBUG [EBPB_SignatureSTTL-116707] Executing ClickRunTest function:
2016-01-28 02:46:24,998 DEBUG [EBPB_SignatureSTTL-116707] Executing Click function
2016-01-28 02:46:25,958 DEBUG [EBPB_SignatureSTTL-116707] Exiting Click function
2016-01-28 02:46:25,958 DEBUG [EBPB_SignatureSTTL-116707] runtest_top_xpath Button clicked Successfully
2016-01-28 02:46:25,958 DEBUG [EBPB_SignatureSTTL-116707] TestStepResult of ClickRunTest: pass
2016-01-28 02:46:25,958 DEBUG [EBPB_SignatureSTTL-116707] In execute keyword function
2016-01-28 02:46:25,958 DEBUG [EBPB_SignatureSTTL-116707] Executing validate_isIconDisplayed function:
2016-01-28 02:46:25,958 DEBUG [EBPB_SignatureSTTL-116707] Entered validate_isIconDisplayed function
2016-01-28 02:46:26,395 DEBUG [EBPB_SignatureSTTL-116707] Result of validate_isIconDisplayed: Pass
2016-01-28 02:46:26,395 DEBUG [EBPB_SignatureSTTL-116707] In execute keyword function
2016-01-28 02:46:26,395 DEBUG [EBPB_SignatureSTTL-116707] Executing validate_Iconposition function:
2016-01-28 02:46:26,395 DEBUG [EBPB_SignatureSTTL-116707] Entered validate_Iconposition function
2016-01-28 02:46:27,344 DEBUG [EBPB_SignatureSTTL-116707] Result of validate_Iconposition: Pass
2016-01-28 02:46:27,344 DEBUG [EBPB_SignatureSTTL-116707] allstep_result contains: passpassPassPassPassnull
2016-01-28 02:46:27,344 DEBUG [EBPB_SignatureSTTL-116707] allexpected_result contains: nullPassPassnullPassnullpassnullpassnull
2016-01-28 02:46:27,344 DEBUG [EBPB_SignatureSTTL-116707] Testcase_Result contains: nullPassPassnullPassnullpassnullpassnullpasspassPassPassPassnull
2016-01-28 02:46:27,344 DEBUG [EBPB_SignatureSTTL-116707] Test case with description SignatureCapture with height Pass
2016-01-28 02:46:28,352 DEBUG [EBPB_SignatureSTTL-116707] Executing browser_Quit function
2016-01-28 02:46:28,352 DEBUG [EBPB_SignatureSTTL-116707] Completed browser_Quit function
2016-01-28 02:46:28,352 DEBUG [EBPB_SignatureSTTL-116707] Completed quitSelendroid function
2016-01-28 02:46:28,352 DEBUG [EBPB_SignatureSTTL-116707] Row number:8
2016-01-28 02:46:28,390 DEBUG [EBPB_SignatureSTTL-116707] Ending Test Case IDSTTL-116707
