2016-01-28 02:46:53,999 DEBUG [EBPB_SignatureSTTL-116709] Executing Test Case ID: STTL-116709
2016-01-28 02:46:54,006 DEBUG [EBPB_SignatureSTTL-116709] Executing Init_Selendroid function with APK as parameter and clear data value with 1
2016-01-28 02:47:03,986 DEBUG [EBPB_SignatureSTTL-116709] Exiting Init_Selendroid function
2016-01-28 02:47:04,001 DEBUG [EBPB_SignatureSTTL-116709] TestCase with Description "SignatureCapture with penwidth" Execution started
2016-01-28 02:47:04,001 DEBUG [EBPB_SignatureSTTL-116709] In execute keyword function
2016-01-28 02:47:04,001 DEBUG [EBPB_SignatureSTTL-116709] Executing wait function:
2016-01-28 02:47:04,001 DEBUG [EBPB_SignatureSTTL-116709] Started Executing wait function
2016-01-28 02:47:08,001 DEBUG [EBPB_SignatureSTTL-116709] Exiting from wait function
2016-01-28 02:47:08,001 DEBUG [EBPB_SignatureSTTL-116709] TestStepResult of wait: Pass
2016-01-28 02:47:08,001 DEBUG [EBPB_SignatureSTTL-116709] In execute keyword function
2016-01-28 02:47:08,001 DEBUG [EBPB_SignatureSTTL-116709] Executing validate_PageTitle function:
2016-01-28 02:47:08,042 DEBUG [EBPB_SignatureSTTL-116709] The title of the page is *********************************: Pocket Browser Tests
2016-01-28 02:47:08,043 DEBUG [EBPB_SignatureSTTL-116709] The page title found is correct
2016-01-28 02:47:08,043 DEBUG [EBPB_SignatureSTTL-116709] Result of validate_PageTitle: pass
2016-01-28 02:47:08,043 DEBUG [EBPB_SignatureSTTL-116709] In execute keyword function
2016-01-28 02:47:08,043 DEBUG [EBPB_SignatureSTTL-116709] Executing link_Click function:
2016-01-28 02:47:08,756 DEBUG [EBPB_SignatureSTTL-116709] Executing Click function
2016-01-28 02:47:10,059 DEBUG [EBPB_SignatureSTTL-116709] Exiting Click function
2016-01-28 02:47:10,059 DEBUG [EBPB_SignatureSTTL-116709] Signaturetest_link clicked successfully
2016-01-28 02:47:10,059 DEBUG [EBPB_SignatureSTTL-116709] TestStepResult of link_Click: Pass
2016-01-28 02:47:10,059 DEBUG [EBPB_SignatureSTTL-116709] In execute keyword function
2016-01-28 02:47:10,059 DEBUG [EBPB_SignatureSTTL-116709] Executing wait function:
2016-01-28 02:47:10,059 DEBUG [EBPB_SignatureSTTL-116709] Started Executing wait function
2016-01-28 02:47:12,059 DEBUG [EBPB_SignatureSTTL-116709] Exiting from wait function
2016-01-28 02:47:12,059 DEBUG [EBPB_SignatureSTTL-116709] TestStepResult of wait: Pass
2016-01-28 02:47:12,059 DEBUG [EBPB_SignatureSTTL-116709] In execute keyword function
2016-01-28 02:47:12,059 DEBUG [EBPB_SignatureSTTL-116709] Executing validate_PageTitle function:
2016-01-28 02:47:12,096 DEBUG [EBPB_SignatureSTTL-116709] The title of the page is *********************************: Signature
2016-01-28 02:47:12,096 DEBUG [EBPB_SignatureSTTL-116709] The page title found is correct
2016-01-28 02:47:12,096 DEBUG [EBPB_SignatureSTTL-116709] Result of validate_PageTitle: pass
2016-01-28 02:47:12,096 DEBUG [EBPB_SignatureSTTL-116709] In execute keyword function
2016-01-28 02:47:12,096 DEBUG [EBPB_SignatureSTTL-116709] Executing SelectTestToRun function:
2016-01-28 02:47:15,506 DEBUG [EBPB_SignatureSTTL-116709] Successfull in selecting clicking the category
2016-01-28 02:47:15,506 DEBUG [EBPB_SignatureSTTL-116709] TestStepResult of SelectTestToRun: pass
2016-01-28 02:47:15,506 DEBUG [EBPB_SignatureSTTL-116709] In execute keyword function
2016-01-28 02:47:15,506 DEBUG [EBPB_SignatureSTTL-116709] Executing validate_Text_Exists function:
2016-01-28 02:47:15,785 DEBUG [EBPB_SignatureSTTL-116709] VT056-1223 Testcase Text found
2016-01-28 02:47:15,785 DEBUG [EBPB_SignatureSTTL-116709] Result of validate_Text_Exists: Pass
2016-01-28 02:47:15,785 DEBUG [EBPB_SignatureSTTL-116709] In execute keyword function
2016-01-28 02:47:15,785 DEBUG [EBPB_SignatureSTTL-116709] Executing ClickRunTest function:
2016-01-28 02:47:16,143 DEBUG [EBPB_SignatureSTTL-116709] Executing Click function
2016-01-28 02:47:17,317 DEBUG [EBPB_SignatureSTTL-116709] Exiting Click function
2016-01-28 02:47:17,317 DEBUG [EBPB_SignatureSTTL-116709] runtest_top_xpath Button clicked Successfully
2016-01-28 02:47:17,317 DEBUG [EBPB_SignatureSTTL-116709] TestStepResult of ClickRunTest: pass
2016-01-28 02:47:17,317 DEBUG [EBPB_SignatureSTTL-116709] In execute keyword function
2016-01-28 02:47:17,318 DEBUG [EBPB_SignatureSTTL-116709] Executing wait function:
2016-01-28 02:47:17,318 DEBUG [EBPB_SignatureSTTL-116709] Started Executing wait function
2016-01-28 02:47:19,318 DEBUG [EBPB_SignatureSTTL-116709] Exiting from wait function
2016-01-28 02:47:19,318 DEBUG [EBPB_SignatureSTTL-116709] TestStepResult of wait: Pass
2016-01-28 02:47:19,318 DEBUG [EBPB_SignatureSTTL-116709] In execute keyword function
2016-01-28 02:47:19,318 DEBUG [EBPB_SignatureSTTL-116709] Executing SwitchApp function:
2016-01-28 02:47:19,430 DEBUG [EBPB_SignatureSTTL-116709] Successfully switched to NATIVE_APP
2016-01-28 02:47:19,430 DEBUG [EBPB_SignatureSTTL-116709] TestStepResult of SwitchApp: Pass
2016-01-28 02:47:19,430 DEBUG [EBPB_SignatureSTTL-116709] In execute keyword function
2016-01-28 02:47:19,430 DEBUG [EBPB_SignatureSTTL-116709] Executing wait function:
2016-01-28 02:47:19,430 DEBUG [EBPB_SignatureSTTL-116709] Started Executing wait function
2016-01-28 02:47:21,430 DEBUG [EBPB_SignatureSTTL-116709] Exiting from wait function
2016-01-28 02:47:21,430 DEBUG [EBPB_SignatureSTTL-116709] TestStepResult of wait: Pass
2016-01-28 02:47:21,430 DEBUG [EBPB_SignatureSTTL-116709] In execute keyword function
2016-01-28 02:47:21,430 DEBUG [EBPB_SignatureSTTL-116709] Executing DrawSignature function:
2016-01-28 02:47:22,258 DEBUG [EBPB_SignatureSTTL-116709] Started executeCommandLine function
2016-01-28 02:47:26,279 DEBUG [EBPB_SignatureSTTL-116709] Exiting from executeCommandLine function
2016-01-28 02:47:26,279 DEBUG [EBPB_SignatureSTTL-116709] Signature drawn successfully
2016-01-28 02:47:26,279 DEBUG [EBPB_SignatureSTTL-116709] TestStepResult of DrawSignature: Pass
2016-01-28 02:47:26,279 DEBUG [EBPB_SignatureSTTL-116709] In execute keyword function
2016-01-28 02:47:26,279 DEBUG [EBPB_SignatureSTTL-116709] Executing wait function:
2016-01-28 02:47:26,279 DEBUG [EBPB_SignatureSTTL-116709] Started Executing wait function
2016-01-28 02:47:28,279 DEBUG [EBPB_SignatureSTTL-116709] Exiting from wait function
2016-01-28 02:47:28,279 DEBUG [EBPB_SignatureSTTL-116709] TestStepResult of wait: Pass
2016-01-28 02:47:28,279 DEBUG [EBPB_SignatureSTTL-116709] In execute keyword function
2016-01-28 02:47:28,279 DEBUG [EBPB_SignatureSTTL-116709] Executing SwitchApp function:
2016-01-28 02:47:28,388 DEBUG [EBPB_SignatureSTTL-116709] Successfully switched to WEBVIEW
2016-01-28 02:47:28,388 DEBUG [EBPB_SignatureSTTL-116709] TestStepResult of SwitchApp: Pass
2016-01-28 02:47:28,388 DEBUG [EBPB_SignatureSTTL-116709] In execute keyword function
2016-01-28 02:47:28,388 DEBUG [EBPB_SignatureSTTL-116709] Executing wait function:
2016-01-28 02:47:28,388 DEBUG [EBPB_SignatureSTTL-116709] Started Executing wait function
2016-01-28 02:47:30,388 DEBUG [EBPB_SignatureSTTL-116709] Exiting from wait function
2016-01-28 02:47:30,388 DEBUG [EBPB_SignatureSTTL-116709] TestStepResult of wait: Pass
2016-01-28 02:47:30,388 DEBUG [EBPB_SignatureSTTL-116709] In execute keyword function
2016-01-28 02:47:30,388 DEBUG [EBPB_SignatureSTTL-116709] Executing TakeScreenshot function:
2016-01-28 02:47:31,978 DEBUG [EBPB_SignatureSTTL-116709] TestStepResult of TakeScreenshot: pass
2016-01-28 02:47:31,979 DEBUG [EBPB_SignatureSTTL-116709] In execute keyword function
2016-01-28 02:47:31,979 DEBUG [EBPB_SignatureSTTL-116709] Executing wait function:
2016-01-28 02:47:31,979 DEBUG [EBPB_SignatureSTTL-116709] Started Executing wait function
2016-01-28 02:47:33,980 DEBUG [EBPB_SignatureSTTL-116709] Exiting from wait function
2016-01-28 02:47:33,980 DEBUG [EBPB_SignatureSTTL-116709] TestStepResult of wait: Pass
2016-01-28 02:47:33,980 DEBUG [EBPB_SignatureSTTL-116709] In execute keyword function
2016-01-28 02:47:33,980 DEBUG [EBPB_SignatureSTTL-116709] Executing validate_Screenshot function:
2016-01-28 02:47:33,994 DEBUG [EBPB_SignatureSTTL-116709] Started executeCommandLine function
2016-01-28 02:47:34,751 DEBUG [EBPB_SignatureSTTL-116709] Partial Match found with reference image 33.4679
2016-01-28 02:47:34,751 DEBUG [EBPB_SignatureSTTL-116709] Started executeCommandLine function
2016-01-28 02:47:38,923 DEBUG [EBPB_SignatureSTTL-116709] Result of validate_Screenshot: Pass
2016-01-28 02:47:38,923 DEBUG [EBPB_SignatureSTTL-116709] allstep_result contains: PasspassPassPassPassPassPassPassPasspasspassPassPassPassnull
2016-01-28 02:47:38,923 DEBUG [EBPB_SignatureSTTL-116709] allexpected_result contains: nullPassnullPassnullpassnullpassnull
2016-01-28 02:47:38,923 DEBUG [EBPB_SignatureSTTL-116709] Testcase_Result contains: nullPassnullPassnullpassnullpassnullPasspassPassPassPassPassPassPassPasspasspassPassPassPassnull
2016-01-28 02:47:38,923 DEBUG [EBPB_SignatureSTTL-116709] Test case with description SignatureCapture with penwidth Pass
2016-01-28 02:47:39,978 DEBUG [EBPB_SignatureSTTL-116709] Executing browser_Quit function
2016-01-28 02:47:39,978 DEBUG [EBPB_SignatureSTTL-116709] Completed browser_Quit function
2016-01-28 02:47:39,978 DEBUG [EBPB_SignatureSTTL-116709] Completed quitSelendroid function
2016-01-28 02:47:39,979 DEBUG [EBPB_SignatureSTTL-116709] Row number:10
2016-01-28 02:47:40,011 DEBUG [EBPB_SignatureSTTL-116709] Ending Test Case IDSTTL-116709
