2016-01-28 02:52:30,504 DEBUG [EBPB_SignatureSTTL-116718] Executing Test Case ID: STTL-116718
2016-01-28 02:52:30,512 DEBUG [EBPB_SignatureSTTL-116718] Executing Init_Selendroid function with APK as parameter and clear data value with 1
2016-01-28 02:52:40,908 DEBUG [EBPB_SignatureSTTL-116718] Exiting Init_Selendroid function
2016-01-28 02:52:40,922 DEBUG [EBPB_SignatureSTTL-116718] TestCase with Description "Vectortransfer Event" Execution started
2016-01-28 02:52:40,922 DEBUG [EBPB_SignatureSTTL-116718] In execute keyword function
2016-01-28 02:52:40,923 DEBUG [EBPB_SignatureSTTL-116718] Executing wait function:
2016-01-28 02:52:40,923 DEBUG [EBPB_SignatureSTTL-116718] Started Executing wait function
2016-01-28 02:52:44,924 DEBUG [EBPB_SignatureSTTL-116718] Exiting from wait function
2016-01-28 02:52:44,924 DEBUG [EBPB_SignatureSTTL-116718] TestStepResult of wait: Pass
2016-01-28 02:52:44,924 DEBUG [EBPB_SignatureSTTL-116718] In execute keyword function
2016-01-28 02:52:44,924 DEBUG [EBPB_SignatureSTTL-116718] Executing validate_PageTitle function:
2016-01-28 02:52:44,963 DEBUG [EBPB_SignatureSTTL-116718] The title of the page is *********************************: Pocket Browser Tests
2016-01-28 02:52:44,963 DEBUG [EBPB_SignatureSTTL-116718] The page title found is correct
2016-01-28 02:52:44,963 DEBUG [EBPB_SignatureSTTL-116718] Result of validate_PageTitle: pass
2016-01-28 02:52:44,964 DEBUG [EBPB_SignatureSTTL-116718] In execute keyword function
2016-01-28 02:52:44,964 DEBUG [EBPB_SignatureSTTL-116718] Executing link_Click function:
2016-01-28 02:52:45,709 DEBUG [EBPB_SignatureSTTL-116718] Executing Click function
2016-01-28 02:52:46,927 DEBUG [EBPB_SignatureSTTL-116718] Exiting Click function
2016-01-28 02:52:46,927 DEBUG [EBPB_SignatureSTTL-116718] Signaturetest_link clicked successfully
2016-01-28 02:52:46,927 DEBUG [EBPB_SignatureSTTL-116718] TestStepResult of link_Click: Pass
2016-01-28 02:52:46,927 DEBUG [EBPB_SignatureSTTL-116718] In execute keyword function
2016-01-28 02:52:46,927 DEBUG [EBPB_SignatureSTTL-116718] Executing wait function:
2016-01-28 02:52:46,927 DEBUG [EBPB_SignatureSTTL-116718] Started Executing wait function
2016-01-28 02:52:48,927 DEBUG [EBPB_SignatureSTTL-116718] Exiting from wait function
2016-01-28 02:52:48,927 DEBUG [EBPB_SignatureSTTL-116718] TestStepResult of wait: Pass
2016-01-28 02:52:48,927 DEBUG [EBPB_SignatureSTTL-116718] In execute keyword function
2016-01-28 02:52:48,927 DEBUG [EBPB_SignatureSTTL-116718] Executing validate_PageTitle function:
2016-01-28 02:52:48,942 DEBUG [EBPB_SignatureSTTL-116718] The title of the page is *********************************: Signature
2016-01-28 02:52:48,943 DEBUG [EBPB_SignatureSTTL-116718] The page title found is correct
2016-01-28 02:52:48,943 DEBUG [EBPB_SignatureSTTL-116718] Result of validate_PageTitle: pass
2016-01-28 02:52:48,943 DEBUG [EBPB_SignatureSTTL-116718] In execute keyword function
2016-01-28 02:52:48,943 DEBUG [EBPB_SignatureSTTL-116718] Executing SelectTestToRun function:
2016-01-28 02:52:53,576 DEBUG [EBPB_SignatureSTTL-116718] Successfull in selecting clicking the category
2016-01-28 02:52:53,576 DEBUG [EBPB_SignatureSTTL-116718] TestStepResult of SelectTestToRun: pass
2016-01-28 02:52:53,576 DEBUG [EBPB_SignatureSTTL-116718] In execute keyword function
2016-01-28 02:52:53,577 DEBUG [EBPB_SignatureSTTL-116718] Executing validate_Text_Exists function:
2016-01-28 02:52:53,822 DEBUG [EBPB_SignatureSTTL-116718] VT056-1236 Testcase Text found
2016-01-28 02:52:53,822 DEBUG [EBPB_SignatureSTTL-116718] Result of validate_Text_Exists: Pass
2016-01-28 02:52:53,822 DEBUG [EBPB_SignatureSTTL-116718] In execute keyword function
2016-01-28 02:52:53,822 DEBUG [EBPB_SignatureSTTL-116718] Executing ClickRunTest function:
2016-01-28 02:52:54,164 DEBUG [EBPB_SignatureSTTL-116718] Executing Click function
2016-01-28 02:52:55,200 DEBUG [EBPB_SignatureSTTL-116718] Exiting Click function
2016-01-28 02:52:55,200 DEBUG [EBPB_SignatureSTTL-116718] runtest_top_xpath Button clicked Successfully
2016-01-28 02:52:55,200 DEBUG [EBPB_SignatureSTTL-116718] TestStepResult of ClickRunTest: pass
2016-01-28 02:52:55,200 DEBUG [EBPB_SignatureSTTL-116718] In execute keyword function
2016-01-28 02:52:55,200 DEBUG [EBPB_SignatureSTTL-116718] Executing wait function:
2016-01-28 02:52:55,200 DEBUG [EBPB_SignatureSTTL-116718] Started Executing wait function
2016-01-28 02:52:57,200 DEBUG [EBPB_SignatureSTTL-116718] Exiting from wait function
2016-01-28 02:52:57,200 DEBUG [EBPB_SignatureSTTL-116718] TestStepResult of wait: Pass
2016-01-28 02:52:57,200 DEBUG [EBPB_SignatureSTTL-116718] In execute keyword function
2016-01-28 02:52:57,200 DEBUG [EBPB_SignatureSTTL-116718] Executing SwitchApp function:
2016-01-28 02:52:57,290 DEBUG [EBPB_SignatureSTTL-116718] Successfully switched to NATIVE_APP
2016-01-28 02:52:57,290 DEBUG [EBPB_SignatureSTTL-116718] TestStepResult of SwitchApp: Pass
2016-01-28 02:52:57,290 DEBUG [EBPB_SignatureSTTL-116718] In execute keyword function
2016-01-28 02:52:57,290 DEBUG [EBPB_SignatureSTTL-116718] Executing wait function:
2016-01-28 02:52:57,290 DEBUG [EBPB_SignatureSTTL-116718] Started Executing wait function
2016-01-28 02:52:59,290 DEBUG [EBPB_SignatureSTTL-116718] Exiting from wait function
2016-01-28 02:52:59,290 DEBUG [EBPB_SignatureSTTL-116718] TestStepResult of wait: Pass
2016-01-28 02:52:59,290 DEBUG [EBPB_SignatureSTTL-116718] In execute keyword function
2016-01-28 02:52:59,290 DEBUG [EBPB_SignatureSTTL-116718] Executing DrawSignature function:
2016-01-28 02:53:00,062 DEBUG [EBPB_SignatureSTTL-116718] Started executeCommandLine function
2016-01-28 02:53:04,081 DEBUG [EBPB_SignatureSTTL-116718] Exiting from executeCommandLine function
2016-01-28 02:53:04,081 DEBUG [EBPB_SignatureSTTL-116718] Signature drawn successfully
2016-01-28 02:53:04,081 DEBUG [EBPB_SignatureSTTL-116718] TestStepResult of DrawSignature: Pass
2016-01-28 02:53:04,081 DEBUG [EBPB_SignatureSTTL-116718] In execute keyword function
2016-01-28 02:53:04,081 DEBUG [EBPB_SignatureSTTL-116718] Executing wait function:
2016-01-28 02:53:04,081 DEBUG [EBPB_SignatureSTTL-116718] Started Executing wait function
2016-01-28 02:53:06,081 DEBUG [EBPB_SignatureSTTL-116718] Exiting from wait function
2016-01-28 02:53:06,081 DEBUG [EBPB_SignatureSTTL-116718] TestStepResult of wait: Pass
2016-01-28 02:53:06,081 DEBUG [EBPB_SignatureSTTL-116718] In execute keyword function
2016-01-28 02:53:06,081 DEBUG [EBPB_SignatureSTTL-116718] Executing SwitchApp function:
2016-01-28 02:53:06,183 DEBUG [EBPB_SignatureSTTL-116718] Successfully switched to WEBVIEW
2016-01-28 02:53:06,183 DEBUG [EBPB_SignatureSTTL-116718] TestStepResult of SwitchApp: Pass
2016-01-28 02:53:06,183 DEBUG [EBPB_SignatureSTTL-116718] In execute keyword function
2016-01-28 02:53:06,183 DEBUG [EBPB_SignatureSTTL-116718] Executing wait function:
2016-01-28 02:53:06,184 DEBUG [EBPB_SignatureSTTL-116718] Started Executing wait function
2016-01-28 02:53:08,184 DEBUG [EBPB_SignatureSTTL-116718] Exiting from wait function
2016-01-28 02:53:08,184 DEBUG [EBPB_SignatureSTTL-116718] TestStepResult of wait: Pass
2016-01-28 02:53:08,184 DEBUG [EBPB_SignatureSTTL-116718] In execute keyword function
2016-01-28 02:53:08,184 DEBUG [EBPB_SignatureSTTL-116718] Executing validate_Result function:
2016-01-28 02:53:08,705 DEBUG [EBPB_SignatureSTTL-116718] 0x Text found in X Y X Y X Y
0xFFFF 0xFFFF 0x0 0x46 0x0 0x46
0x10 0x46 0x1B 0x46 0x24 0x46
0x2F 0x46 0x39 0x46 0x44 0x46
0x4E 0x46 0x58 0x46 0x63 0x46
0x6D 0x46 0x77 0x46 0x82 0x46
0x8C 0x46 0x96 0x46 0xA1 0x46
0xAB 0x46 0xB5 0x46 0xB5 0x46
0xFFFF 0xFFFF undefined undefined undefined undefined
2016-01-28 02:53:08,705 DEBUG [EBPB_SignatureSTTL-116718] Result of validate_Result: Pass
2016-01-28 02:53:08,705 DEBUG [EBPB_SignatureSTTL-116718] In execute keyword function
2016-01-28 02:53:08,705 DEBUG [EBPB_SignatureSTTL-116718] Executing validate_Result function:
2016-01-28 02:53:09,087 DEBUG [EBPB_SignatureSTTL-116718] X Text found in X Y X Y X Y
0xFFFF 0xFFFF 0x0 0x46 0x0 0x46
0x10 0x46 0x1B 0x46 0x24 0x46
0x2F 0x46 0x39 0x46 0x44 0x46
0x4E 0x46 0x58 0x46 0x63 0x46
0x6D 0x46 0x77 0x46 0x82 0x46
0x8C 0x46 0x96 0x46 0xA1 0x46
0xAB 0x46 0xB5 0x46 0xB5 0x46
0xFFFF 0xFFFF undefined undefined undefined undefined
2016-01-28 02:53:09,087 DEBUG [EBPB_SignatureSTTL-116718] Result of validate_Result: Pass
2016-01-28 02:53:09,087 DEBUG [EBPB_SignatureSTTL-116718] In execute keyword function
2016-01-28 02:53:09,087 DEBUG [EBPB_SignatureSTTL-116718] Executing validate_Result function:
2016-01-28 02:53:09,453 DEBUG [EBPB_SignatureSTTL-116718] Y Text found in X Y X Y X Y
0xFFFF 0xFFFF 0x0 0x46 0x0 0x46
0x10 0x46 0x1B 0x46 0x24 0x46
0x2F 0x46 0x39 0x46 0x44 0x46
0x4E 0x46 0x58 0x46 0x63 0x46
0x6D 0x46 0x77 0x46 0x82 0x46
0x8C 0x46 0x96 0x46 0xA1 0x46
0xAB 0x46 0xB5 0x46 0xB5 0x46
0xFFFF 0xFFFF undefined undefined undefined undefined
2016-01-28 02:53:09,453 DEBUG [EBPB_SignatureSTTL-116718] Result of validate_Result: Pass
2016-01-28 02:53:09,453 DEBUG [EBPB_SignatureSTTL-116718] allstep_result contains: PassPassPassPassPassPassPasspasspassPassPassPassnull
2016-01-28 02:53:09,453 DEBUG [EBPB_SignatureSTTL-116718] allexpected_result contains: nullPassPassPassnullPassnullpassnullpassnull
2016-01-28 02:53:09,453 DEBUG [EBPB_SignatureSTTL-116718] Testcase_Result contains: nullPassPassPassnullPassnullpassnullpassnullPassPassPassPassPassPassPasspasspassPassPassPassnull
2016-01-28 02:53:09,453 DEBUG [EBPB_SignatureSTTL-116718] Test case with description Vectortransfer Event Pass
2016-01-28 02:53:10,454 DEBUG [EBPB_SignatureSTTL-116718] Executing browser_Quit function
2016-01-28 02:53:10,454 DEBUG [EBPB_SignatureSTTL-116718] Completed browser_Quit function
2016-01-28 02:53:10,454 DEBUG [EBPB_SignatureSTTL-116718] Completed quitSelendroid function
2016-01-28 02:53:10,455 DEBUG [EBPB_SignatureSTTL-116718] Row number:19
2016-01-28 02:53:10,486 DEBUG [EBPB_SignatureSTTL-116718] Ending Test Case IDSTTL-116718
