2016-01-28 02:51:16,330 DEBUG [EBPB_SignatureSTTL-116716] Executing Test Case ID: STTL-116716
2016-01-28 02:51:16,337 DEBUG [EBPB_SignatureSTTL-116716] Executing Init_Selendroid function with APK as parameter and clear data value with 1
2016-01-28 02:51:26,952 DEBUG [EBPB_SignatureSTTL-116716] Exiting Init_Selendroid function
2016-01-28 02:51:26,966 DEBUG [EBPB_SignatureSTTL-116716] TestCase with Description "SignatureCapture Destination(http)" Execution started
2016-01-28 02:51:26,966 DEBUG [EBPB_SignatureSTTL-116716] In execute keyword function
2016-01-28 02:51:26,967 DEBUG [EBPB_SignatureSTTL-116716] Executing wait function:
2016-01-28 02:51:26,967 DEBUG [EBPB_SignatureSTTL-116716] Started Executing wait function
2016-01-28 02:51:30,967 DEBUG [EBPB_SignatureSTTL-116716] Exiting from wait function
2016-01-28 02:51:30,967 DEBUG [EBPB_SignatureSTTL-116716] TestStepResult of wait: Pass
2016-01-28 02:51:30,967 DEBUG [EBPB_SignatureSTTL-116716] In execute keyword function
2016-01-28 02:51:30,967 DEBUG [EBPB_SignatureSTTL-116716] Executing validate_PageTitle function:
2016-01-28 02:51:31,009 DEBUG [EBPB_SignatureSTTL-116716] The title of the page is *********************************: Pocket Browser Tests
2016-01-28 02:51:31,009 DEBUG [EBPB_SignatureSTTL-116716] The page title found is correct
2016-01-28 02:51:31,009 DEBUG [EBPB_SignatureSTTL-116716] Result of validate_PageTitle: pass
2016-01-28 02:51:31,009 DEBUG [EBPB_SignatureSTTL-116716] In execute keyword function
2016-01-28 02:51:31,009 DEBUG [EBPB_SignatureSTTL-116716] Executing link_Click function:
2016-01-28 02:51:31,673 DEBUG [EBPB_SignatureSTTL-116716] Executing Click function
2016-01-28 02:51:32,910 DEBUG [EBPB_SignatureSTTL-116716] Exiting Click function
2016-01-28 02:51:32,910 DEBUG [EBPB_SignatureSTTL-116716] Signaturetest_link clicked successfully
2016-01-28 02:51:32,910 DEBUG [EBPB_SignatureSTTL-116716] TestStepResult of link_Click: Pass
2016-01-28 02:51:32,910 DEBUG [EBPB_SignatureSTTL-116716] In execute keyword function
2016-01-28 02:51:32,910 DEBUG [EBPB_SignatureSTTL-116716] Executing wait function:
2016-01-28 02:51:32,910 DEBUG [EBPB_SignatureSTTL-116716] Started Executing wait function
2016-01-28 02:51:34,910 DEBUG [EBPB_SignatureSTTL-116716] Exiting from wait function
2016-01-28 02:51:34,910 DEBUG [EBPB_SignatureSTTL-116716] TestStepResult of wait: Pass
2016-01-28 02:51:34,910 DEBUG [EBPB_SignatureSTTL-116716] In execute keyword function
2016-01-28 02:51:34,910 DEBUG [EBPB_SignatureSTTL-116716] Executing validate_PageTitle function:
2016-01-28 02:51:34,948 DEBUG [EBPB_SignatureSTTL-116716] The title of the page is *********************************: Signature
2016-01-28 02:51:34,948 DEBUG [EBPB_SignatureSTTL-116716] The page title found is correct
2016-01-28 02:51:34,948 DEBUG [EBPB_SignatureSTTL-116716] Result of validate_PageTitle: pass
2016-01-28 02:51:34,948 DEBUG [EBPB_SignatureSTTL-116716] In execute keyword function
2016-01-28 02:51:34,948 DEBUG [EBPB_SignatureSTTL-116716] Executing SelectTestToRun function:
2016-01-28 02:51:38,935 DEBUG [EBPB_SignatureSTTL-116716] Successfull in selecting clicking the category
2016-01-28 02:51:38,935 DEBUG [EBPB_SignatureSTTL-116716] TestStepResult of SelectTestToRun: pass
2016-01-28 02:51:38,935 DEBUG [EBPB_SignatureSTTL-116716] In execute keyword function
2016-01-28 02:51:38,935 DEBUG [EBPB_SignatureSTTL-116716] Executing validate_Text_Exists function:
2016-01-28 02:51:39,204 DEBUG [EBPB_SignatureSTTL-116716] VT056-1230 Testcase Text found
2016-01-28 02:51:39,204 DEBUG [EBPB_SignatureSTTL-116716] Result of validate_Text_Exists: Pass
2016-01-28 02:51:39,204 DEBUG [EBPB_SignatureSTTL-116716] In execute keyword function
2016-01-28 02:51:39,204 DEBUG [EBPB_SignatureSTTL-116716] Executing ClickRunTest function:
2016-01-28 02:51:39,486 DEBUG [EBPB_SignatureSTTL-116716] Executing Click function
2016-01-28 02:51:40,514 DEBUG [EBPB_SignatureSTTL-116716] Exiting Click function
2016-01-28 02:51:40,514 DEBUG [EBPB_SignatureSTTL-116716] runtest_top_xpath Button clicked Successfully
2016-01-28 02:51:40,514 DEBUG [EBPB_SignatureSTTL-116716] TestStepResult of ClickRunTest: pass
2016-01-28 02:51:40,514 DEBUG [EBPB_SignatureSTTL-116716] In execute keyword function
2016-01-28 02:51:40,515 DEBUG [EBPB_SignatureSTTL-116716] Executing wait function:
2016-01-28 02:51:40,515 DEBUG [EBPB_SignatureSTTL-116716] Started Executing wait function
2016-01-28 02:51:42,515 DEBUG [EBPB_SignatureSTTL-116716] Exiting from wait function
2016-01-28 02:51:42,515 DEBUG [EBPB_SignatureSTTL-116716] TestStepResult of wait: Pass
2016-01-28 02:51:42,515 DEBUG [EBPB_SignatureSTTL-116716] In execute keyword function
2016-01-28 02:51:42,515 DEBUG [EBPB_SignatureSTTL-116716] Executing ClickRunTest function:
2016-01-28 02:51:42,929 DEBUG [EBPB_SignatureSTTL-116716] Executing Click function
2016-01-28 02:51:43,911 DEBUG [EBPB_SignatureSTTL-116716] Exiting Click function
2016-01-28 02:51:43,911 DEBUG [EBPB_SignatureSTTL-116716] captureButton_xpath Button clicked Successfully
2016-01-28 02:51:43,911 DEBUG [EBPB_SignatureSTTL-116716] TestStepResult of ClickRunTest: pass
2016-01-28 02:51:43,911 DEBUG [EBPB_SignatureSTTL-116716] In execute keyword function
2016-01-28 02:51:43,911 DEBUG [EBPB_SignatureSTTL-116716] Executing wait function:
2016-01-28 02:51:43,911 DEBUG [EBPB_SignatureSTTL-116716] Started Executing wait function
2016-01-28 02:51:51,911 DEBUG [EBPB_SignatureSTTL-116716] Exiting from wait function
2016-01-28 02:51:51,911 DEBUG [EBPB_SignatureSTTL-116716] TestStepResult of wait: Pass
2016-01-28 02:51:51,911 DEBUG [EBPB_SignatureSTTL-116716] In execute keyword function
2016-01-28 02:51:51,911 DEBUG [EBPB_SignatureSTTL-116716] Executing validate_Result function:
2016-01-28 02:51:52,216 DEBUG [EBPB_SignatureSTTL-116716] FileSent Text found in Javascript response =FileSent
2016-01-28 02:51:52,216 DEBUG [EBPB_SignatureSTTL-116716] Result of validate_Result: Pass
2016-01-28 02:51:52,216 DEBUG [EBPB_SignatureSTTL-116716] allstep_result contains: PasspassPasspasspassPassPassPassnull
2016-01-28 02:51:52,216 DEBUG [EBPB_SignatureSTTL-116716] allexpected_result contains: nullPassnullPassnullpassnullpassnull
2016-01-28 02:51:52,216 DEBUG [EBPB_SignatureSTTL-116716] Testcase_Result contains: nullPassnullPassnullpassnullpassnullPasspassPasspasspassPassPassPassnull
2016-01-28 02:51:52,216 DEBUG [EBPB_SignatureSTTL-116716] Test case with description SignatureCapture Destination(http) Pass
2016-01-28 02:51:53,090 DEBUG [EBPB_SignatureSTTL-116716] Executing browser_Quit function
2016-01-28 02:51:53,090 DEBUG [EBPB_SignatureSTTL-116716] Completed browser_Quit function
2016-01-28 02:51:53,090 DEBUG [EBPB_SignatureSTTL-116716] Completed quitSelendroid function
2016-01-28 02:51:53,091 DEBUG [EBPB_SignatureSTTL-116716] Row number:17
2016-01-28 02:51:53,124 DEBUG [EBPB_SignatureSTTL-116716] Ending Test Case IDSTTL-116716
