2016-01-28 02:53:10,499 DEBUG [EBPB_SignatureSTTL-116719] Executing Test Case ID: STTL-116719
2016-01-28 02:53:10,504 DEBUG [EBPB_SignatureSTTL-116719] Executing Init_Selendroid function with APK as parameter and clear data value with 1
2016-01-28 02:53:20,867 DEBUG [EBPB_SignatureSTTL-116719] Exiting Init_Selendroid function
2016-01-28 02:53:20,882 DEBUG [EBPB_SignatureSTTL-116719] TestCase with Description "Capture and Exit" Execution started
2016-01-28 02:53:20,882 DEBUG [EBPB_SignatureSTTL-116719] In execute keyword function
2016-01-28 02:53:20,882 DEBUG [EBPB_SignatureSTTL-116719] Executing wait function:
2016-01-28 02:53:20,882 DEBUG [EBPB_SignatureSTTL-116719] Started Executing wait function
2016-01-28 02:53:24,883 DEBUG [EBPB_SignatureSTTL-116719] Exiting from wait function
2016-01-28 02:53:24,883 DEBUG [EBPB_SignatureSTTL-116719] TestStepResult of wait: Pass
2016-01-28 02:53:24,883 DEBUG [EBPB_SignatureSTTL-116719] In execute keyword function
2016-01-28 02:53:24,883 DEBUG [EBPB_SignatureSTTL-116719] Executing validate_PageTitle function:
2016-01-28 02:53:24,922 DEBUG [EBPB_SignatureSTTL-116719] The title of the page is *********************************: Pocket Browser Tests
2016-01-28 02:53:24,922 DEBUG [EBPB_SignatureSTTL-116719] The page title found is correct
2016-01-28 02:53:24,922 DEBUG [EBPB_SignatureSTTL-116719] Result of validate_PageTitle: pass
2016-01-28 02:53:24,922 DEBUG [EBPB_SignatureSTTL-116719] In execute keyword function
2016-01-28 02:53:24,922 DEBUG [EBPB_SignatureSTTL-116719] Executing link_Click function:
2016-01-28 02:53:25,595 DEBUG [EBPB_SignatureSTTL-116719] Executing Click function
2016-01-28 02:53:26,844 DEBUG [EBPB_SignatureSTTL-116719] Exiting Click function
2016-01-28 02:53:26,844 DEBUG [EBPB_SignatureSTTL-116719] Signaturetest_link clicked successfully
2016-01-28 02:53:26,844 DEBUG [EBPB_SignatureSTTL-116719] TestStepResult of link_Click: Pass
2016-01-28 02:53:26,844 DEBUG [EBPB_SignatureSTTL-116719] In execute keyword function
2016-01-28 02:53:26,844 DEBUG [EBPB_SignatureSTTL-116719] Executing wait function:
2016-01-28 02:53:26,844 DEBUG [EBPB_SignatureSTTL-116719] Started Executing wait function
2016-01-28 02:53:28,844 DEBUG [EBPB_SignatureSTTL-116719] Exiting from wait function
2016-01-28 02:53:28,844 DEBUG [EBPB_SignatureSTTL-116719] TestStepResult of wait: Pass
2016-01-28 02:53:28,844 DEBUG [EBPB_SignatureSTTL-116719] In execute keyword function
2016-01-28 02:53:28,844 DEBUG [EBPB_SignatureSTTL-116719] Executing validate_PageTitle function:
2016-01-28 02:53:28,877 DEBUG [EBPB_SignatureSTTL-116719] The title of the page is *********************************: Signature
2016-01-28 02:53:28,877 DEBUG [EBPB_SignatureSTTL-116719] The page title found is correct
2016-01-28 02:53:28,877 DEBUG [EBPB_SignatureSTTL-116719] Result of validate_PageTitle: pass
2016-01-28 02:53:28,877 DEBUG [EBPB_SignatureSTTL-116719] In execute keyword function
2016-01-28 02:53:28,877 DEBUG [EBPB_SignatureSTTL-116719] Executing SelectTestToRun function:
2016-01-28 02:53:33,335 DEBUG [EBPB_SignatureSTTL-116719] Successfull in selecting clicking the category
2016-01-28 02:53:33,335 DEBUG [EBPB_SignatureSTTL-116719] TestStepResult of SelectTestToRun: pass
2016-01-28 02:53:33,335 DEBUG [EBPB_SignatureSTTL-116719] In execute keyword function
2016-01-28 02:53:33,335 DEBUG [EBPB_SignatureSTTL-116719] Executing validate_Text_Exists function:
2016-01-28 02:53:33,578 DEBUG [EBPB_SignatureSTTL-116719] VT056-1235 Testcase Text found
2016-01-28 02:53:33,578 DEBUG [EBPB_SignatureSTTL-116719] Result of validate_Text_Exists: Pass
2016-01-28 02:53:33,578 DEBUG [EBPB_SignatureSTTL-116719] In execute keyword function
2016-01-28 02:53:33,578 DEBUG [EBPB_SignatureSTTL-116719] Executing ClickRunTest function:
2016-01-28 02:53:33,893 DEBUG [EBPB_SignatureSTTL-116719] Executing Click function
2016-01-28 02:53:34,928 DEBUG [EBPB_SignatureSTTL-116719] Exiting Click function
2016-01-28 02:53:34,928 DEBUG [EBPB_SignatureSTTL-116719] runtest_top_xpath Button clicked Successfully
2016-01-28 02:53:34,928 DEBUG [EBPB_SignatureSTTL-116719] TestStepResult of ClickRunTest: pass
2016-01-28 02:53:34,928 DEBUG [EBPB_SignatureSTTL-116719] In execute keyword function
2016-01-28 02:53:34,928 DEBUG [EBPB_SignatureSTTL-116719] Executing wait function:
2016-01-28 02:53:34,928 DEBUG [EBPB_SignatureSTTL-116719] Started Executing wait function
2016-01-28 02:53:36,928 DEBUG [EBPB_SignatureSTTL-116719] Exiting from wait function
2016-01-28 02:53:36,928 DEBUG [EBPB_SignatureSTTL-116719] TestStepResult of wait: Pass
2016-01-28 02:53:36,928 DEBUG [EBPB_SignatureSTTL-116719] In execute keyword function
2016-01-28 02:53:36,928 DEBUG [EBPB_SignatureSTTL-116719] Executing ClickRunTest function:
2016-01-28 02:53:37,328 DEBUG [EBPB_SignatureSTTL-116719] Executing Click function
2016-01-28 02:53:38,452 DEBUG [EBPB_SignatureSTTL-116719] Exiting Click function
2016-01-28 02:53:38,452 DEBUG [EBPB_SignatureSTTL-116719] captureButton_xpath Button clicked Successfully
2016-01-28 02:53:38,452 DEBUG [EBPB_SignatureSTTL-116719] TestStepResult of ClickRunTest: pass
2016-01-28 02:53:38,452 DEBUG [EBPB_SignatureSTTL-116719] In execute keyword function
2016-01-28 02:53:38,452 DEBUG [EBPB_SignatureSTTL-116719] Executing SwitchApp function:
2016-01-28 02:53:38,534 DEBUG [EBPB_SignatureSTTL-116719] Successfully switched to NATIVE_APP
2016-01-28 02:53:38,534 DEBUG [EBPB_SignatureSTTL-116719] TestStepResult of SwitchApp: Pass
2016-01-28 02:53:38,534 DEBUG [EBPB_SignatureSTTL-116719] In execute keyword function
2016-01-28 02:53:38,534 DEBUG [EBPB_SignatureSTTL-116719] Executing ClickNativeIcon function:
2016-01-28 02:53:39,449 DEBUG [EBPB_SignatureSTTL-116719] [[AppiumTouchActionExtension: selendroid on ANDROID (f60fe31a-b5e0-3446-9dff-ccfb64915f7e)] -> xpath: (//Button[@id='quit_button'])[1]]Clicked successfully
2016-01-28 02:53:39,449 DEBUG [EBPB_SignatureSTTL-116719] TestStepResult of ClickNativeIcon: pass
2016-01-28 02:53:39,449 DEBUG [EBPB_SignatureSTTL-116719] In execute keyword function
2016-01-28 02:53:39,449 DEBUG [EBPB_SignatureSTTL-116719] Executing SwitchApp function:
2016-01-28 02:53:39,542 DEBUG [EBPB_SignatureSTTL-116719] Successfully switched to WEBVIEW
2016-01-28 02:53:39,542 DEBUG [EBPB_SignatureSTTL-116719] TestStepResult of SwitchApp: Pass
2016-01-28 02:53:39,542 DEBUG [EBPB_SignatureSTTL-116719] In execute keyword function
2016-01-28 02:53:39,542 DEBUG [EBPB_SignatureSTTL-116719] Executing wait function:
2016-01-28 02:53:39,542 DEBUG [EBPB_SignatureSTTL-116719] Started Executing wait function
2016-01-28 02:53:41,542 DEBUG [EBPB_SignatureSTTL-116719] Exiting from wait function
2016-01-28 02:53:41,542 DEBUG [EBPB_SignatureSTTL-116719] TestStepResult of wait: Pass
2016-01-28 02:53:41,542 DEBUG [EBPB_SignatureSTTL-116719] In execute keyword function
2016-01-28 02:53:41,542 DEBUG [EBPB_SignatureSTTL-116719] Executing validate_AppMinimized function:
2016-01-28 02:53:41,542 DEBUG [EBPB_SignatureSTTL-116719] Started Executing validate_AppMinimized function
2016-01-28 02:53:41,542 DEBUG [EBPB_SignatureSTTL-116719] Started Executing Validate_App_launched_Device function
2016-01-28 02:53:41,542 DEBUG [EBPB_SignatureSTTL-116719] Entered CheckUIButtonExists function
2016-01-28 02:53:41,542 DEBUG [EBPB_SignatureSTTL-116719] Started executeCommandLine function
2016-01-28 02:53:45,564 DEBUG [EBPB_SignatureSTTL-116719] Exiting from executeCommandLine function
2016-01-28 02:53:45,564 DEBUG [EBPB_SignatureSTTL-116719] Button is not Present
2016-01-28 02:53:45,564 DEBUG [EBPB_SignatureSTTL-116719] Exiting from CheckUIButtonExists function
2016-01-28 02:53:45,564 DEBUG [EBPB_SignatureSTTL-116719] Started executeCommandLine function
2016-01-28 02:53:49,584 DEBUG [EBPB_SignatureSTTL-116719] Exiting from executeCommandLine function
2016-01-28 02:53:49,584 DEBUG [EBPB_SignatureSTTL-116719] Started executeCommandLine function
2016-01-28 02:53:53,605 DEBUG [EBPB_SignatureSTTL-116719] Exiting from executeCommandLine function
2016-01-28 02:53:53,605 DEBUG [EBPB_SignatureSTTL-116719] Given App is not in Foreground
2016-01-28 02:53:53,605 DEBUG [EBPB_SignatureSTTL-116719] Exiting Validate_App_launched_Device function
2016-01-28 02:53:53,605 DEBUG [EBPB_SignatureSTTL-116719] Not in com.symbol.enterprisebrowser screen
2016-01-28 02:53:53,605 DEBUG [EBPB_SignatureSTTL-116719] Exiting validate_AppMinimized function
2016-01-28 02:53:53,605 DEBUG [EBPB_SignatureSTTL-116719] Result of validate_AppMinimized: Pass
2016-01-28 02:53:53,605 DEBUG [EBPB_SignatureSTTL-116719] allstep_result contains: PassPasspassPasspassPasspasspassPassPassPassnull
2016-01-28 02:53:53,605 DEBUG [EBPB_SignatureSTTL-116719] allexpected_result contains: nullPassnullPassnullpassnullpassnull
2016-01-28 02:53:53,605 DEBUG [EBPB_SignatureSTTL-116719] Testcase_Result contains: nullPassnullPassnullpassnullpassnullPassPasspassPasspassPasspasspassPassPassPassnull
2016-01-28 02:53:53,605 DEBUG [EBPB_SignatureSTTL-116719] Test case with description Capture and Exit Pass
2016-01-28 02:53:53,617 DEBUG [EBPB_SignatureSTTL-116719] Completed quitSelendroid function
2016-01-28 02:53:53,618 DEBUG [EBPB_SignatureSTTL-116719] Row number:20
2016-01-28 02:53:53,652 DEBUG [EBPB_SignatureSTTL-116719] Ending Test Case IDSTTL-116719
