2016-01-28 04:03:13,403 DEBUG [EBRE22_KeyhandlingSTTL-116703] Executing Test Case ID: STTL-116703
2016-01-28 04:03:13,410 DEBUG [EBRE22_KeyhandlingSTTL-116703] Executing Init_Selendroid function with APK as parameter and clear data value with 1
2016-01-28 04:03:22,437 DEBUG [EBRE22_KeyhandlingSTTL-116703] Exiting Init_Selendroid function
2016-01-28 04:03:22,454 DEBUG [EBRE22_KeyhandlingSTTL-116703] TestCase with Description "Set HomeKey Value to Up Menu" Execution started
2016-01-28 04:03:22,454 DEBUG [EBRE22_KeyhandlingSTTL-116703] In execute keyword function
2016-01-28 04:03:22,454 DEBUG [EBRE22_KeyhandlingSTTL-116703] Executing wait function:
2016-01-28 04:03:22,454 DEBUG [EBRE22_KeyhandlingSTTL-116703] Started Executing wait function
2016-01-28 04:03:27,453 DEBUG [EBRE22_KeyhandlingSTTL-116703] Exiting from wait function
2016-01-28 04:03:27,453 DEBUG [EBRE22_KeyhandlingSTTL-116703] TestStepResult of wait: Pass
2016-01-28 04:03:27,453 DEBUG [EBRE22_KeyhandlingSTTL-116703] In execute keyword function
2016-01-28 04:03:27,453 DEBUG [EBRE22_KeyhandlingSTTL-116703] Executing validate_PageTitle function:
2016-01-28 04:03:27,511 DEBUG [EBRE22_KeyhandlingSTTL-116703] The title of the page is *********************************: RE 2.2 Tests
2016-01-28 04:03:27,511 DEBUG [EBRE22_KeyhandlingSTTL-116703] The page title found is correct
2016-01-28 04:03:27,511 DEBUG [EBRE22_KeyhandlingSTTL-116703] Result of validate_PageTitle: pass
2016-01-28 04:03:27,511 DEBUG [EBRE22_KeyhandlingSTTL-116703] In execute keyword function
2016-01-28 04:03:27,511 DEBUG [EBRE22_KeyhandlingSTTL-116703] Executing link_Click function:
2016-01-28 04:03:28,185 DEBUG [EBRE22_KeyhandlingSTTL-116703] Executing Click function
2016-01-28 04:03:29,293 DEBUG [EBRE22_KeyhandlingSTTL-116703] Exiting Click function
2016-01-28 04:03:29,293 DEBUG [EBRE22_KeyhandlingSTTL-116703] keyhandling_link clicked successfully
2016-01-28 04:03:29,293 DEBUG [EBRE22_KeyhandlingSTTL-116703] TestStepResult of link_Click: Pass
2016-01-28 04:03:29,293 DEBUG [EBRE22_KeyhandlingSTTL-116703] In execute keyword function
2016-01-28 04:03:29,293 DEBUG [EBRE22_KeyhandlingSTTL-116703] Executing validate_PageTitle function:
2016-01-28 04:03:29,329 DEBUG [EBRE22_KeyhandlingSTTL-116703] The title of the page is *********************************: PB and RE2.2 Semi Auto Frame Work : Keyhandling
2016-01-28 04:03:29,329 DEBUG [EBRE22_KeyhandlingSTTL-116703] The page title found is correct
2016-01-28 04:03:29,329 DEBUG [EBRE22_KeyhandlingSTTL-116703] Result of validate_PageTitle: pass
2016-01-28 04:03:29,329 DEBUG [EBRE22_KeyhandlingSTTL-116703] In execute keyword function
2016-01-28 04:03:29,329 DEBUG [EBRE22_KeyhandlingSTTL-116703] Executing SelectTestToRun function:
2016-01-28 04:03:32,148 DEBUG [EBRE22_KeyhandlingSTTL-116703] Successfull in selecting clicking the category
2016-01-28 04:03:32,148 DEBUG [EBRE22_KeyhandlingSTTL-116703] TestStepResult of SelectTestToRun: pass
2016-01-28 04:03:32,148 DEBUG [EBRE22_KeyhandlingSTTL-116703] In execute keyword function
2016-01-28 04:03:32,148 DEBUG [EBRE22_KeyhandlingSTTL-116703] Executing ClickRunTest function:
2016-01-28 04:03:32,449 DEBUG [EBRE22_KeyhandlingSTTL-116703] Executing Click function
2016-01-28 04:03:33,491 DEBUG [EBRE22_KeyhandlingSTTL-116703] Exiting Click function
2016-01-28 04:03:33,491 DEBUG [EBRE22_KeyhandlingSTTL-116703] runtest_top_xpath Button clicked Successfully
2016-01-28 04:03:33,491 DEBUG [EBRE22_KeyhandlingSTTL-116703] TestStepResult of ClickRunTest: pass
2016-01-28 04:03:33,491 DEBUG [EBRE22_KeyhandlingSTTL-116703] In execute keyword function
2016-01-28 04:03:33,491 DEBUG [EBRE22_KeyhandlingSTTL-116703] Executing validate_Text_Exists function:
2016-01-28 04:03:33,740 DEBUG [EBRE22_KeyhandlingSTTL-116703] VT187-2572 Testcase Text found
2016-01-28 04:03:33,740 DEBUG [EBRE22_KeyhandlingSTTL-116703] Result of validate_Text_Exists: Pass
2016-01-28 04:03:33,740 DEBUG [EBRE22_KeyhandlingSTTL-116703] In execute keyword function
2016-01-28 04:03:33,740 DEBUG [EBRE22_KeyhandlingSTTL-116703] Executing sendKeyEvents function:
2016-01-28 04:03:33,740 DEBUG [EBRE22_KeyhandlingSTTL-116703] Entered sendKeyEvents function
2016-01-28 04:03:33,740 DEBUG [EBRE22_KeyhandlingSTTL-116703] MENU
2016-01-28 04:03:33,740 DEBUG [EBRE22_KeyhandlingSTTL-116703] Entered Starkey
2016-01-28 04:03:33,740 DEBUG [EBRE22_KeyhandlingSTTL-116703] Started executeCommandLine function
2016-01-28 04:03:37,760 DEBUG [EBRE22_KeyhandlingSTTL-116703] Exiting from executeCommandLine function
2016-01-28 04:03:37,760 DEBUG [EBRE22_KeyhandlingSTTL-116703] pass
2016-01-28 04:03:37,760 DEBUG [EBRE22_KeyhandlingSTTL-116703] TestStepResult of sendKeyEvents: pass
2016-01-28 04:03:37,760 DEBUG [EBRE22_KeyhandlingSTTL-116703] In execute keyword function
2016-01-28 04:03:37,760 DEBUG [EBRE22_KeyhandlingSTTL-116703] Executing wait function:
2016-01-28 04:03:37,760 DEBUG [EBRE22_KeyhandlingSTTL-116703] Started Executing wait function
2016-01-28 04:03:40,759 DEBUG [EBRE22_KeyhandlingSTTL-116703] Exiting from wait function
2016-01-28 04:03:40,759 DEBUG [EBRE22_KeyhandlingSTTL-116703] TestStepResult of wait: Pass
2016-01-28 04:03:40,759 DEBUG [EBRE22_KeyhandlingSTTL-116703] In execute keyword function
2016-01-28 04:03:40,759 DEBUG [EBRE22_KeyhandlingSTTL-116703] Executing validate_PageTitle function:
2016-01-28 04:03:40,814 DEBUG [EBRE22_KeyhandlingSTTL-116703] The title of the page is *********************************: RE 2.2 Tests
2016-01-28 04:03:40,814 DEBUG [EBRE22_KeyhandlingSTTL-116703] The page title found is correct
2016-01-28 04:03:40,814 DEBUG [EBRE22_KeyhandlingSTTL-116703] Result of validate_PageTitle: pass
2016-01-28 04:03:40,814 DEBUG [EBRE22_KeyhandlingSTTL-116703] allstep_result contains: PasspasspasspassPassPassnull
2016-01-28 04:03:40,814 DEBUG [EBRE22_KeyhandlingSTTL-116703] allexpected_result contains: nullpassnullPassnullpassnullpassnull
2016-01-28 04:03:40,814 DEBUG [EBRE22_KeyhandlingSTTL-116703] Testcase_Result contains: nullpassnullPassnullpassnullpassnullPasspasspasspassPassPassnull
2016-01-28 04:03:40,814 DEBUG [EBRE22_KeyhandlingSTTL-116703] Test case with description Set HomeKey Value to Up Menu Pass
2016-01-28 04:03:41,800 DEBUG [EBRE22_KeyhandlingSTTL-116703] Executing browser_Quit function
2016-01-28 04:03:41,800 DEBUG [EBRE22_KeyhandlingSTTL-116703] Completed browser_Quit function
2016-01-28 04:03:41,800 DEBUG [EBRE22_KeyhandlingSTTL-116703] Completed quitSelendroid function
2016-01-28 04:03:41,800 DEBUG [EBRE22_KeyhandlingSTTL-116703] Row number:4
2016-01-28 04:03:41,848 DEBUG [EBRE22_KeyhandlingSTTL-116703] Ending Test Case IDSTTL-116703
