2016-01-28 04:15:17,082 DEBUG [EBRE22_KeyhandlingSTTL-116715] Executing Test Case ID: STTL-116715
2016-01-28 04:15:17,090 DEBUG [EBRE22_KeyhandlingSTTL-116715] Executing Init_Selendroid function with APK as parameter and clear data value with 1
2016-01-28 04:15:27,640 DEBUG [EBRE22_KeyhandlingSTTL-116715] Exiting Init_Selendroid function
2016-01-28 04:15:27,657 DEBUG [EBRE22_KeyhandlingSTTL-116715] TestCase with Description "KeyValue:8(1 key) Dispatch:true" Execution started
2016-01-28 04:15:27,657 DEBUG [EBRE22_KeyhandlingSTTL-116715] In execute keyword function
2016-01-28 04:15:27,657 DEBUG [EBRE22_KeyhandlingSTTL-116715] Executing wait function:
2016-01-28 04:15:27,657 DEBUG [EBRE22_KeyhandlingSTTL-116715] Started Executing wait function
2016-01-28 04:15:32,658 DEBUG [EBRE22_KeyhandlingSTTL-116715] Exiting from wait function
2016-01-28 04:15:32,658 DEBUG [EBRE22_KeyhandlingSTTL-116715] TestStepResult of wait: Pass
2016-01-28 04:15:32,658 DEBUG [EBRE22_KeyhandlingSTTL-116715] In execute keyword function
2016-01-28 04:15:32,658 DEBUG [EBRE22_KeyhandlingSTTL-116715] Executing validate_PageTitle function:
2016-01-28 04:15:32,697 DEBUG [EBRE22_KeyhandlingSTTL-116715] The title of the page is *********************************: RE 2.2 Tests
2016-01-28 04:15:32,697 DEBUG [EBRE22_KeyhandlingSTTL-116715] The page title found is correct
2016-01-28 04:15:32,697 DEBUG [EBRE22_KeyhandlingSTTL-116715] Result of validate_PageTitle: pass
2016-01-28 04:15:32,697 DEBUG [EBRE22_KeyhandlingSTTL-116715] In execute keyword function
2016-01-28 04:15:32,697 DEBUG [EBRE22_KeyhandlingSTTL-116715] Executing link_Click function:
2016-01-28 04:15:33,344 DEBUG [EBRE22_KeyhandlingSTTL-116715] Executing Click function
2016-01-28 04:15:34,406 DEBUG [EBRE22_KeyhandlingSTTL-116715] Exiting Click function
2016-01-28 04:15:34,406 DEBUG [EBRE22_KeyhandlingSTTL-116715] keyhandling_link clicked successfully
2016-01-28 04:15:34,406 DEBUG [EBRE22_KeyhandlingSTTL-116715] TestStepResult of link_Click: Pass
2016-01-28 04:15:34,406 DEBUG [EBRE22_KeyhandlingSTTL-116715] In execute keyword function
2016-01-28 04:15:34,406 DEBUG [EBRE22_KeyhandlingSTTL-116715] Executing validate_PageTitle function:
2016-01-28 04:15:34,441 DEBUG [EBRE22_KeyhandlingSTTL-116715] The title of the page is *********************************: PB and RE2.2 Semi Auto Frame Work : Keyhandling
2016-01-28 04:15:34,441 DEBUG [EBRE22_KeyhandlingSTTL-116715] The page title found is correct
2016-01-28 04:15:34,441 DEBUG [EBRE22_KeyhandlingSTTL-116715] Result of validate_PageTitle: pass
2016-01-28 04:15:34,441 DEBUG [EBRE22_KeyhandlingSTTL-116715] In execute keyword function
2016-01-28 04:15:34,441 DEBUG [EBRE22_KeyhandlingSTTL-116715] Executing SelectTestToRun function:
2016-01-28 04:15:38,224 DEBUG [EBRE22_KeyhandlingSTTL-116715] Successfull in selecting clicking the category
2016-01-28 04:15:38,224 DEBUG [EBRE22_KeyhandlingSTTL-116715] TestStepResult of SelectTestToRun: pass
2016-01-28 04:15:38,225 DEBUG [EBRE22_KeyhandlingSTTL-116715] In execute keyword function
2016-01-28 04:15:38,225 DEBUG [EBRE22_KeyhandlingSTTL-116715] Executing ClickRunTest function:
2016-01-28 04:15:38,586 DEBUG [EBRE22_KeyhandlingSTTL-116715] Executing Click function
2016-01-28 04:15:39,592 DEBUG [EBRE22_KeyhandlingSTTL-116715] Exiting Click function
2016-01-28 04:15:39,592 DEBUG [EBRE22_KeyhandlingSTTL-116715] runtest_top_xpath Button clicked Successfully
2016-01-28 04:15:39,592 DEBUG [EBRE22_KeyhandlingSTTL-116715] TestStepResult of ClickRunTest: pass
2016-01-28 04:15:39,592 DEBUG [EBRE22_KeyhandlingSTTL-116715] In execute keyword function
2016-01-28 04:15:39,592 DEBUG [EBRE22_KeyhandlingSTTL-116715] Executing validate_Text_Exists function:
2016-01-28 04:15:39,883 DEBUG [EBRE22_KeyhandlingSTTL-116715] VT187-2587 Testcase Text found
2016-01-28 04:15:39,883 DEBUG [EBRE22_KeyhandlingSTTL-116715] Result of validate_Text_Exists: Pass
2016-01-28 04:15:39,883 DEBUG [EBRE22_KeyhandlingSTTL-116715] In execute keyword function
2016-01-28 04:15:39,883 DEBUG [EBRE22_KeyhandlingSTTL-116715] Executing textBoxClick function:
2016-01-28 04:15:41,316 DEBUG [EBRE22_KeyhandlingSTTL-116715] keytxtInput_idtext box clicked successfully
2016-01-28 04:15:41,317 DEBUG [EBRE22_KeyhandlingSTTL-116715] TestStepResult of textBoxClick: pass
2016-01-28 04:15:41,317 DEBUG [EBRE22_KeyhandlingSTTL-116715] In execute keyword function
2016-01-28 04:15:41,317 DEBUG [EBRE22_KeyhandlingSTTL-116715] Executing wait function:
2016-01-28 04:15:41,317 DEBUG [EBRE22_KeyhandlingSTTL-116715] Started Executing wait function
2016-01-28 04:15:43,317 DEBUG [EBRE22_KeyhandlingSTTL-116715] Exiting from wait function
2016-01-28 04:15:43,317 DEBUG [EBRE22_KeyhandlingSTTL-116715] TestStepResult of wait: Pass
2016-01-28 04:15:43,317 DEBUG [EBRE22_KeyhandlingSTTL-116715] In execute keyword function
2016-01-28 04:15:43,317 DEBUG [EBRE22_KeyhandlingSTTL-116715] Executing sendKeyEvents function:
2016-01-28 04:15:43,317 DEBUG [EBRE22_KeyhandlingSTTL-116715] Entered sendKeyEvents function
2016-01-28 04:15:43,317 DEBUG [EBRE22_KeyhandlingSTTL-116715] 1
2016-01-28 04:15:43,317 DEBUG [EBRE22_KeyhandlingSTTL-116715] Entered 1
2016-01-28 04:15:43,317 DEBUG [EBRE22_KeyhandlingSTTL-116715] Started executeCommandLine function
2016-01-28 04:15:47,338 DEBUG [EBRE22_KeyhandlingSTTL-116715] Exiting from executeCommandLine function
2016-01-28 04:15:47,338 DEBUG [EBRE22_KeyhandlingSTTL-116715] pass
2016-01-28 04:15:47,338 DEBUG [EBRE22_KeyhandlingSTTL-116715] TestStepResult of sendKeyEvents: pass
2016-01-28 04:15:47,338 DEBUG [EBRE22_KeyhandlingSTTL-116715] In execute keyword function
2016-01-28 04:15:47,338 DEBUG [EBRE22_KeyhandlingSTTL-116715] Executing validate_textBoxData function:
2016-01-28 04:15:47,338 DEBUG [EBRE22_KeyhandlingSTTL-116715] Executing getAttribute function
2016-01-28 04:15:47,529 DEBUG [EBRE22_KeyhandlingSTTL-116715] 1
2016-01-28 04:15:47,529 DEBUG [EBRE22_KeyhandlingSTTL-116715] 1 value matches with Expected 1 value
2016-01-28 04:15:47,529 DEBUG [EBRE22_KeyhandlingSTTL-116715] Result of validate_textBoxData: Pass
2016-01-28 04:15:47,529 DEBUG [EBRE22_KeyhandlingSTTL-116715] allstep_result contains: passPasspasspasspassPassPassnull
2016-01-28 04:15:47,529 DEBUG [EBRE22_KeyhandlingSTTL-116715] allexpected_result contains: nullPassnullPassnullpassnullpassnull
2016-01-28 04:15:47,529 DEBUG [EBRE22_KeyhandlingSTTL-116715] Testcase_Result contains: nullPassnullPassnullpassnullpassnullpassPasspasspasspassPassPassnull
2016-01-28 04:15:47,529 DEBUG [EBRE22_KeyhandlingSTTL-116715] Test case with description KeyValue:8(1 key) Dispatch:true Pass
2016-01-28 04:15:48,501 DEBUG [EBRE22_KeyhandlingSTTL-116715] Executing browser_Quit function
2016-01-28 04:15:48,501 DEBUG [EBRE22_KeyhandlingSTTL-116715] Completed browser_Quit function
2016-01-28 04:15:48,501 DEBUG [EBRE22_KeyhandlingSTTL-116715] Completed quitSelendroid function
2016-01-28 04:15:48,502 DEBUG [EBRE22_KeyhandlingSTTL-116715] Row number:16
2016-01-28 04:15:48,537 DEBUG [EBRE22_KeyhandlingSTTL-116715] Ending Test Case IDSTTL-116715
