2016-01-28 04:36:13,447 DEBUG [EBRE22_KeyhandlingSTTL-116726] Executing Test Case ID: STTL-116726
2016-01-28 04:36:13,459 DEBUG [EBRE22_KeyhandlingSTTL-116726] Executing Init_Selendroid function with APK as parameter and clear data value with 1
2016-01-28 04:36:23,966 DEBUG [EBRE22_KeyhandlingSTTL-116726] Exiting Init_Selendroid function
2016-01-28 04:36:23,982 DEBUG [EBRE22_KeyhandlingSTTL-116726] TestCase with Description "KeyValue:All(Function & Special Keys) with iswindows key=1" Execution started
2016-01-28 04:36:23,982 DEBUG [EBRE22_KeyhandlingSTTL-116726] In execute keyword function
2016-01-28 04:36:23,982 DEBUG [EBRE22_KeyhandlingSTTL-116726] Executing wait function:
2016-01-28 04:36:23,982 DEBUG [EBRE22_KeyhandlingSTTL-116726] Started Executing wait function
2016-01-28 04:36:28,982 DEBUG [EBRE22_KeyhandlingSTTL-116726] Exiting from wait function
2016-01-28 04:36:28,982 DEBUG [EBRE22_KeyhandlingSTTL-116726] TestStepResult of wait: Pass
2016-01-28 04:36:28,982 DEBUG [EBRE22_KeyhandlingSTTL-116726] In execute keyword function
2016-01-28 04:36:28,982 DEBUG [EBRE22_KeyhandlingSTTL-116726] Executing validate_PageTitle function:
2016-01-28 04:36:29,020 DEBUG [EBRE22_KeyhandlingSTTL-116726] The title of the page is *********************************: RE 2.2 Tests
2016-01-28 04:36:29,020 DEBUG [EBRE22_KeyhandlingSTTL-116726] The page title found is correct
2016-01-28 04:36:29,020 DEBUG [EBRE22_KeyhandlingSTTL-116726] Result of validate_PageTitle: pass
2016-01-28 04:36:29,021 DEBUG [EBRE22_KeyhandlingSTTL-116726] In execute keyword function
2016-01-28 04:36:29,021 DEBUG [EBRE22_KeyhandlingSTTL-116726] Executing link_Click function:
2016-01-28 04:36:29,636 DEBUG [EBRE22_KeyhandlingSTTL-116726] Executing Click function
2016-01-28 04:36:30,683 DEBUG [EBRE22_KeyhandlingSTTL-116726] Exiting Click function
2016-01-28 04:36:30,683 DEBUG [EBRE22_KeyhandlingSTTL-116726] keyhandling_link clicked successfully
2016-01-28 04:36:30,683 DEBUG [EBRE22_KeyhandlingSTTL-116726] TestStepResult of link_Click: Pass
2016-01-28 04:36:30,683 DEBUG [EBRE22_KeyhandlingSTTL-116726] In execute keyword function
2016-01-28 04:36:30,683 DEBUG [EBRE22_KeyhandlingSTTL-116726] Executing validate_PageTitle function:
2016-01-28 04:36:30,702 DEBUG [EBRE22_KeyhandlingSTTL-116726] The title of the page is *********************************: PB and RE2.2 Semi Auto Frame Work : Keyhandling
2016-01-28 04:36:30,702 DEBUG [EBRE22_KeyhandlingSTTL-116726] The page title found is correct
2016-01-28 04:36:30,702 DEBUG [EBRE22_KeyhandlingSTTL-116726] Result of validate_PageTitle: pass
2016-01-28 04:36:30,702 DEBUG [EBRE22_KeyhandlingSTTL-116726] In execute keyword function
2016-01-28 04:36:30,703 DEBUG [EBRE22_KeyhandlingSTTL-116726] Executing SelectTestToRun function:
2016-01-28 04:36:34,202 DEBUG [EBRE22_KeyhandlingSTTL-116726] Successfull in selecting clicking the category
2016-01-28 04:36:34,202 DEBUG [EBRE22_KeyhandlingSTTL-116726] TestStepResult of SelectTestToRun: pass
2016-01-28 04:36:34,202 DEBUG [EBRE22_KeyhandlingSTTL-116726] In execute keyword function
2016-01-28 04:36:34,202 DEBUG [EBRE22_KeyhandlingSTTL-116726] Executing ClickRunTest function:
2016-01-28 04:36:34,559 DEBUG [EBRE22_KeyhandlingSTTL-116726] Executing Click function
2016-01-28 04:36:35,559 DEBUG [EBRE22_KeyhandlingSTTL-116726] Exiting Click function
2016-01-28 04:36:35,559 DEBUG [EBRE22_KeyhandlingSTTL-116726] runtest_top_xpath Button clicked Successfully
2016-01-28 04:36:35,559 DEBUG [EBRE22_KeyhandlingSTTL-116726] TestStepResult of ClickRunTest: pass
2016-01-28 04:36:35,559 DEBUG [EBRE22_KeyhandlingSTTL-116726] In execute keyword function
2016-01-28 04:36:35,559 DEBUG [EBRE22_KeyhandlingSTTL-116726] Executing validate_Text_Exists function:
2016-01-28 04:36:35,856 DEBUG [EBRE22_KeyhandlingSTTL-116726] VT187-2583 Testcase Text found
2016-01-28 04:36:35,856 DEBUG [EBRE22_KeyhandlingSTTL-116726] Result of validate_Text_Exists: Pass
2016-01-28 04:36:35,856 DEBUG [EBRE22_KeyhandlingSTTL-116726] In execute keyword function
2016-01-28 04:36:35,856 DEBUG [EBRE22_KeyhandlingSTTL-116726] Executing sendKeyEvents function:
2016-01-28 04:36:35,857 DEBUG [EBRE22_KeyhandlingSTTL-116726] Entered sendKeyEvents function
2016-01-28 04:36:35,857 DEBUG [EBRE22_KeyhandlingSTTL-116726] F1
2016-01-28 04:36:35,857 DEBUG [EBRE22_KeyhandlingSTTL-116726] Entered F1key
2016-01-28 04:36:35,857 DEBUG [EBRE22_KeyhandlingSTTL-116726] Started executeCommandLine function
2016-01-28 04:36:39,878 DEBUG [EBRE22_KeyhandlingSTTL-116726] Exiting from executeCommandLine function
2016-01-28 04:36:39,878 DEBUG [EBRE22_KeyhandlingSTTL-116726] pass
2016-01-28 04:36:39,878 DEBUG [EBRE22_KeyhandlingSTTL-116726] TestStepResult of sendKeyEvents: pass
2016-01-28 04:36:39,878 DEBUG [EBRE22_KeyhandlingSTTL-116726] In execute keyword function
2016-01-28 04:36:39,878 DEBUG [EBRE22_KeyhandlingSTTL-116726] Executing validate_keyCaptured function:
2016-01-28 04:36:39,878 DEBUG [EBRE22_KeyhandlingSTTL-116726] Entered validate_keyCaptured function
2016-01-28 04:36:40,141 DEBUG [EBRE22_KeyhandlingSTTL-116726] 112
2016-01-28 04:36:40,141 DEBUG [EBRE22_KeyhandlingSTTL-116726] Actual Value matches Expected
2016-01-28 04:36:40,142 DEBUG [EBRE22_KeyhandlingSTTL-116726] pass
2016-01-28 04:36:40,142 DEBUG [EBRE22_KeyhandlingSTTL-116726] Exiting from validate_keyCaptured function
2016-01-28 04:36:40,142 DEBUG [EBRE22_KeyhandlingSTTL-116726] Result of validate_keyCaptured: pass
2016-01-28 04:36:40,142 DEBUG [EBRE22_KeyhandlingSTTL-116726] In execute keyword function
2016-01-28 04:36:40,142 DEBUG [EBRE22_KeyhandlingSTTL-116726] Executing sendKeyEvents function:
2016-01-28 04:36:40,142 DEBUG [EBRE22_KeyhandlingSTTL-116726] Entered sendKeyEvents function
2016-01-28 04:36:40,142 DEBUG [EBRE22_KeyhandlingSTTL-116726] F2
2016-01-28 04:36:40,142 DEBUG [EBRE22_KeyhandlingSTTL-116726] Entered F2key
2016-01-28 04:36:40,142 DEBUG [EBRE22_KeyhandlingSTTL-116726] Started executeCommandLine function
2016-01-28 04:36:44,164 DEBUG [EBRE22_KeyhandlingSTTL-116726] Exiting from executeCommandLine function
2016-01-28 04:36:44,164 DEBUG [EBRE22_KeyhandlingSTTL-116726] pass
2016-01-28 04:36:44,164 DEBUG [EBRE22_KeyhandlingSTTL-116726] TestStepResult of sendKeyEvents: pass
2016-01-28 04:36:44,164 DEBUG [EBRE22_KeyhandlingSTTL-116726] In execute keyword function
2016-01-28 04:36:44,164 DEBUG [EBRE22_KeyhandlingSTTL-116726] Executing validate_keyCaptured function:
2016-01-28 04:36:44,164 DEBUG [EBRE22_KeyhandlingSTTL-116726] Entered validate_keyCaptured function
2016-01-28 04:36:44,386 DEBUG [EBRE22_KeyhandlingSTTL-116726] 113
2016-01-28 04:36:44,386 DEBUG [EBRE22_KeyhandlingSTTL-116726] Actual Value matches Expected
2016-01-28 04:36:44,386 DEBUG [EBRE22_KeyhandlingSTTL-116726] pass
2016-01-28 04:36:44,386 DEBUG [EBRE22_KeyhandlingSTTL-116726] Exiting from validate_keyCaptured function
2016-01-28 04:36:44,386 DEBUG [EBRE22_KeyhandlingSTTL-116726] Result of validate_keyCaptured: pass
2016-01-28 04:36:44,387 DEBUG [EBRE22_KeyhandlingSTTL-116726] In execute keyword function
2016-01-28 04:36:44,387 DEBUG [EBRE22_KeyhandlingSTTL-116726] Executing sendKeyEvents function:
2016-01-28 04:36:44,387 DEBUG [EBRE22_KeyhandlingSTTL-116726] Entered sendKeyEvents function
2016-01-28 04:36:44,387 DEBUG [EBRE22_KeyhandlingSTTL-116726] F3
2016-01-28 04:36:44,387 DEBUG [EBRE22_KeyhandlingSTTL-116726] Entered F3key
2016-01-28 04:36:44,387 DEBUG [EBRE22_KeyhandlingSTTL-116726] Started executeCommandLine function
2016-01-28 04:36:48,407 DEBUG [EBRE22_KeyhandlingSTTL-116726] Exiting from executeCommandLine function
2016-01-28 04:36:48,407 DEBUG [EBRE22_KeyhandlingSTTL-116726] pass
2016-01-28 04:36:48,407 DEBUG [EBRE22_KeyhandlingSTTL-116726] TestStepResult of sendKeyEvents: pass
2016-01-28 04:36:48,407 DEBUG [EBRE22_KeyhandlingSTTL-116726] In execute keyword function
2016-01-28 04:36:48,407 DEBUG [EBRE22_KeyhandlingSTTL-116726] Executing validate_keyCaptured function:
2016-01-28 04:36:48,407 DEBUG [EBRE22_KeyhandlingSTTL-116726] Entered validate_keyCaptured function
2016-01-28 04:36:48,582 DEBUG [EBRE22_KeyhandlingSTTL-116726] 114
2016-01-28 04:36:48,582 DEBUG [EBRE22_KeyhandlingSTTL-116726] Actual Value matches Expected
2016-01-28 04:36:48,582 DEBUG [EBRE22_KeyhandlingSTTL-116726] pass
2016-01-28 04:36:48,582 DEBUG [EBRE22_KeyhandlingSTTL-116726] Exiting from validate_keyCaptured function
2016-01-28 04:36:48,582 DEBUG [EBRE22_KeyhandlingSTTL-116726] Result of validate_keyCaptured: pass
2016-01-28 04:36:48,582 DEBUG [EBRE22_KeyhandlingSTTL-116726] In execute keyword function
2016-01-28 04:36:48,582 DEBUG [EBRE22_KeyhandlingSTTL-116726] Executing sendKeyEvents function:
2016-01-28 04:36:48,582 DEBUG [EBRE22_KeyhandlingSTTL-116726] Entered sendKeyEvents function
2016-01-28 04:36:48,582 DEBUG [EBRE22_KeyhandlingSTTL-116726] F4
2016-01-28 04:36:48,582 DEBUG [EBRE22_KeyhandlingSTTL-116726] Entered F4key
2016-01-28 04:36:48,582 DEBUG [EBRE22_KeyhandlingSTTL-116726] Started executeCommandLine function
2016-01-28 04:36:52,604 DEBUG [EBRE22_KeyhandlingSTTL-116726] Exiting from executeCommandLine function
2016-01-28 04:36:52,604 DEBUG [EBRE22_KeyhandlingSTTL-116726] pass
2016-01-28 04:36:52,604 DEBUG [EBRE22_KeyhandlingSTTL-116726] TestStepResult of sendKeyEvents: pass
2016-01-28 04:36:52,604 DEBUG [EBRE22_KeyhandlingSTTL-116726] In execute keyword function
2016-01-28 04:36:52,604 DEBUG [EBRE22_KeyhandlingSTTL-116726] Executing validate_keyCaptured function:
2016-01-28 04:36:52,604 DEBUG [EBRE22_KeyhandlingSTTL-116726] Entered validate_keyCaptured function
2016-01-28 04:36:52,798 DEBUG [EBRE22_KeyhandlingSTTL-116726] 115
2016-01-28 04:36:52,798 DEBUG [EBRE22_KeyhandlingSTTL-116726] Actual Value matches Expected
2016-01-28 04:36:52,798 DEBUG [EBRE22_KeyhandlingSTTL-116726] pass
2016-01-28 04:36:52,798 DEBUG [EBRE22_KeyhandlingSTTL-116726] Exiting from validate_keyCaptured function
2016-01-28 04:36:52,798 DEBUG [EBRE22_KeyhandlingSTTL-116726] Result of validate_keyCaptured: pass
2016-01-28 04:36:52,798 DEBUG [EBRE22_KeyhandlingSTTL-116726] In execute keyword function
2016-01-28 04:36:52,798 DEBUG [EBRE22_KeyhandlingSTTL-116726] Executing sendKeyEvents function:
2016-01-28 04:36:52,798 DEBUG [EBRE22_KeyhandlingSTTL-116726] Entered sendKeyEvents function
2016-01-28 04:36:52,798 DEBUG [EBRE22_KeyhandlingSTTL-116726] F5
2016-01-28 04:36:52,798 DEBUG [EBRE22_KeyhandlingSTTL-116726] Entered F5key
2016-01-28 04:36:52,798 DEBUG [EBRE22_KeyhandlingSTTL-116726] Started executeCommandLine function
2016-01-28 04:36:56,819 DEBUG [EBRE22_KeyhandlingSTTL-116726] Exiting from executeCommandLine function
2016-01-28 04:36:56,819 DEBUG [EBRE22_KeyhandlingSTTL-116726] pass
2016-01-28 04:36:56,819 DEBUG [EBRE22_KeyhandlingSTTL-116726] TestStepResult of sendKeyEvents: pass
2016-01-28 04:36:56,819 DEBUG [EBRE22_KeyhandlingSTTL-116726] In execute keyword function
2016-01-28 04:36:56,819 DEBUG [EBRE22_KeyhandlingSTTL-116726] Executing validate_keyCaptured function:
2016-01-28 04:36:56,819 DEBUG [EBRE22_KeyhandlingSTTL-116726] Entered validate_keyCaptured function
2016-01-28 04:36:56,997 DEBUG [EBRE22_KeyhandlingSTTL-116726] 116
2016-01-28 04:36:56,997 DEBUG [EBRE22_KeyhandlingSTTL-116726] Actual Value matches Expected
2016-01-28 04:36:56,997 DEBUG [EBRE22_KeyhandlingSTTL-116726] pass
2016-01-28 04:36:56,997 DEBUG [EBRE22_KeyhandlingSTTL-116726] Exiting from validate_keyCaptured function
2016-01-28 04:36:56,997 DEBUG [EBRE22_KeyhandlingSTTL-116726] Result of validate_keyCaptured: pass
2016-01-28 04:36:56,997 DEBUG [EBRE22_KeyhandlingSTTL-116726] In execute keyword function
2016-01-28 04:36:56,997 DEBUG [EBRE22_KeyhandlingSTTL-116726] Executing sendKeyEvents function:
2016-01-28 04:36:56,997 DEBUG [EBRE22_KeyhandlingSTTL-116726] Entered sendKeyEvents function
2016-01-28 04:36:56,997 DEBUG [EBRE22_KeyhandlingSTTL-116726] F6
2016-01-28 04:36:56,997 DEBUG [EBRE22_KeyhandlingSTTL-116726] Entered F6key
2016-01-28 04:36:56,997 DEBUG [EBRE22_KeyhandlingSTTL-116726] Started executeCommandLine function
2016-01-28 04:37:01,019 DEBUG [EBRE22_KeyhandlingSTTL-116726] Exiting from executeCommandLine function
2016-01-28 04:37:01,019 DEBUG [EBRE22_KeyhandlingSTTL-116726] pass
2016-01-28 04:37:01,019 DEBUG [EBRE22_KeyhandlingSTTL-116726] TestStepResult of sendKeyEvents: pass
2016-01-28 04:37:01,019 DEBUG [EBRE22_KeyhandlingSTTL-116726] In execute keyword function
2016-01-28 04:37:01,019 DEBUG [EBRE22_KeyhandlingSTTL-116726] Executing validate_keyCaptured function:
2016-01-28 04:37:01,019 DEBUG [EBRE22_KeyhandlingSTTL-116726] Entered validate_keyCaptured function
2016-01-28 04:37:01,187 DEBUG [EBRE22_KeyhandlingSTTL-116726] 117
2016-01-28 04:37:01,187 DEBUG [EBRE22_KeyhandlingSTTL-116726] Actual Value matches Expected
2016-01-28 04:37:01,187 DEBUG [EBRE22_KeyhandlingSTTL-116726] pass
2016-01-28 04:37:01,187 DEBUG [EBRE22_KeyhandlingSTTL-116726] Exiting from validate_keyCaptured function
2016-01-28 04:37:01,187 DEBUG [EBRE22_KeyhandlingSTTL-116726] Result of validate_keyCaptured: pass
2016-01-28 04:37:01,187 DEBUG [EBRE22_KeyhandlingSTTL-116726] In execute keyword function
2016-01-28 04:37:01,187 DEBUG [EBRE22_KeyhandlingSTTL-116726] Executing sendKeyEvents function:
2016-01-28 04:37:01,187 DEBUG [EBRE22_KeyhandlingSTTL-116726] Entered sendKeyEvents function
2016-01-28 04:37:01,187 DEBUG [EBRE22_KeyhandlingSTTL-116726] F7
2016-01-28 04:37:01,187 DEBUG [EBRE22_KeyhandlingSTTL-116726] Entered F7key
2016-01-28 04:37:01,187 DEBUG [EBRE22_KeyhandlingSTTL-116726] Started executeCommandLine function
2016-01-28 04:37:05,207 DEBUG [EBRE22_KeyhandlingSTTL-116726] Exiting from executeCommandLine function
2016-01-28 04:37:05,207 DEBUG [EBRE22_KeyhandlingSTTL-116726] pass
2016-01-28 04:37:05,207 DEBUG [EBRE22_KeyhandlingSTTL-116726] TestStepResult of sendKeyEvents: pass
2016-01-28 04:37:05,207 DEBUG [EBRE22_KeyhandlingSTTL-116726] In execute keyword function
2016-01-28 04:37:05,207 DEBUG [EBRE22_KeyhandlingSTTL-116726] Executing validate_keyCaptured function:
2016-01-28 04:37:05,207 DEBUG [EBRE22_KeyhandlingSTTL-116726] Entered validate_keyCaptured function
2016-01-28 04:37:05,400 DEBUG [EBRE22_KeyhandlingSTTL-116726] 118
2016-01-28 04:37:05,400 DEBUG [EBRE22_KeyhandlingSTTL-116726] Actual Value matches Expected
2016-01-28 04:37:05,400 DEBUG [EBRE22_KeyhandlingSTTL-116726] pass
2016-01-28 04:37:05,400 DEBUG [EBRE22_KeyhandlingSTTL-116726] Exiting from validate_keyCaptured function
2016-01-28 04:37:05,400 DEBUG [EBRE22_KeyhandlingSTTL-116726] Result of validate_keyCaptured: pass
2016-01-28 04:37:05,400 DEBUG [EBRE22_KeyhandlingSTTL-116726] In execute keyword function
2016-01-28 04:37:05,400 DEBUG [EBRE22_KeyhandlingSTTL-116726] Executing sendKeyEvents function:
2016-01-28 04:37:05,400 DEBUG [EBRE22_KeyhandlingSTTL-116726] Entered sendKeyEvents function
2016-01-28 04:37:05,400 DEBUG [EBRE22_KeyhandlingSTTL-116726] F8
2016-01-28 04:37:05,400 DEBUG [EBRE22_KeyhandlingSTTL-116726] Entered F8key
2016-01-28 04:37:05,400 DEBUG [EBRE22_KeyhandlingSTTL-116726] Started executeCommandLine function
2016-01-28 04:37:09,421 DEBUG [EBRE22_KeyhandlingSTTL-116726] Exiting from executeCommandLine function
2016-01-28 04:37:09,421 DEBUG [EBRE22_KeyhandlingSTTL-116726] pass
2016-01-28 04:37:09,421 DEBUG [EBRE22_KeyhandlingSTTL-116726] TestStepResult of sendKeyEvents: pass
2016-01-28 04:37:09,421 DEBUG [EBRE22_KeyhandlingSTTL-116726] In execute keyword function
2016-01-28 04:37:09,421 DEBUG [EBRE22_KeyhandlingSTTL-116726] Executing validate_keyCaptured function:
2016-01-28 04:37:09,421 DEBUG [EBRE22_KeyhandlingSTTL-116726] Entered validate_keyCaptured function
2016-01-28 04:37:09,620 DEBUG [EBRE22_KeyhandlingSTTL-116726] 119
2016-01-28 04:37:09,620 DEBUG [EBRE22_KeyhandlingSTTL-116726] Actual Value matches Expected
2016-01-28 04:37:09,620 DEBUG [EBRE22_KeyhandlingSTTL-116726] pass
2016-01-28 04:37:09,620 DEBUG [EBRE22_KeyhandlingSTTL-116726] Exiting from validate_keyCaptured function
2016-01-28 04:37:09,620 DEBUG [EBRE22_KeyhandlingSTTL-116726] Result of validate_keyCaptured: pass
2016-01-28 04:37:09,620 DEBUG [EBRE22_KeyhandlingSTTL-116726] In execute keyword function
2016-01-28 04:37:09,620 DEBUG [EBRE22_KeyhandlingSTTL-116726] Executing sendKeyEvents function:
2016-01-28 04:37:09,620 DEBUG [EBRE22_KeyhandlingSTTL-116726] Entered sendKeyEvents function
2016-01-28 04:37:09,620 DEBUG [EBRE22_KeyhandlingSTTL-116726] F9
2016-01-28 04:37:09,620 DEBUG [EBRE22_KeyhandlingSTTL-116726] Entered F9key
2016-01-28 04:37:09,620 DEBUG [EBRE22_KeyhandlingSTTL-116726] Started executeCommandLine function
2016-01-28 04:37:13,630 DEBUG [EBRE22_KeyhandlingSTTL-116726] Exiting from executeCommandLine function
2016-01-28 04:37:13,630 DEBUG [EBRE22_KeyhandlingSTTL-116726] pass
2016-01-28 04:37:13,630 DEBUG [EBRE22_KeyhandlingSTTL-116726] TestStepResult of sendKeyEvents: pass
2016-01-28 04:37:13,630 DEBUG [EBRE22_KeyhandlingSTTL-116726] In execute keyword function
2016-01-28 04:37:13,630 DEBUG [EBRE22_KeyhandlingSTTL-116726] Executing validate_keyCaptured function:
2016-01-28 04:37:13,630 DEBUG [EBRE22_KeyhandlingSTTL-116726] Entered validate_keyCaptured function
2016-01-28 04:37:13,809 DEBUG [EBRE22_KeyhandlingSTTL-116726] 120
2016-01-28 04:37:13,809 DEBUG [EBRE22_KeyhandlingSTTL-116726] Actual Value matches Expected
2016-01-28 04:37:13,809 DEBUG [EBRE22_KeyhandlingSTTL-116726] pass
2016-01-28 04:37:13,809 DEBUG [EBRE22_KeyhandlingSTTL-116726] Exiting from validate_keyCaptured function
2016-01-28 04:37:13,809 DEBUG [EBRE22_KeyhandlingSTTL-116726] Result of validate_keyCaptured: pass
2016-01-28 04:37:13,809 DEBUG [EBRE22_KeyhandlingSTTL-116726] In execute keyword function
2016-01-28 04:37:13,809 DEBUG [EBRE22_KeyhandlingSTTL-116726] Executing sendKeyEvents function:
2016-01-28 04:37:13,809 DEBUG [EBRE22_KeyhandlingSTTL-116726] Entered sendKeyEvents function
2016-01-28 04:37:13,809 DEBUG [EBRE22_KeyhandlingSTTL-116726] F10
2016-01-28 04:37:13,809 DEBUG [EBRE22_KeyhandlingSTTL-116726] Entered F10key
2016-01-28 04:37:13,809 DEBUG [EBRE22_KeyhandlingSTTL-116726] Started executeCommandLine function
2016-01-28 04:37:17,830 DEBUG [EBRE22_KeyhandlingSTTL-116726] Exiting from executeCommandLine function
2016-01-28 04:37:17,830 DEBUG [EBRE22_KeyhandlingSTTL-116726] pass
2016-01-28 04:37:17,830 DEBUG [EBRE22_KeyhandlingSTTL-116726] TestStepResult of sendKeyEvents: pass
2016-01-28 04:37:17,830 DEBUG [EBRE22_KeyhandlingSTTL-116726] In execute keyword function
2016-01-28 04:37:17,830 DEBUG [EBRE22_KeyhandlingSTTL-116726] Executing validate_keyCaptured function:
2016-01-28 04:37:17,830 DEBUG [EBRE22_KeyhandlingSTTL-116726] Entered validate_keyCaptured function
2016-01-28 04:37:18,005 DEBUG [EBRE22_KeyhandlingSTTL-116726] 121
2016-01-28 04:37:18,006 DEBUG [EBRE22_KeyhandlingSTTL-116726] Actual Value matches Expected
2016-01-28 04:37:18,006 DEBUG [EBRE22_KeyhandlingSTTL-116726] pass
2016-01-28 04:37:18,006 DEBUG [EBRE22_KeyhandlingSTTL-116726] Exiting from validate_keyCaptured function
2016-01-28 04:37:18,006 DEBUG [EBRE22_KeyhandlingSTTL-116726] Result of validate_keyCaptured: pass
2016-01-28 04:37:18,006 DEBUG [EBRE22_KeyhandlingSTTL-116726] In execute keyword function
2016-01-28 04:37:18,006 DEBUG [EBRE22_KeyhandlingSTTL-116726] Executing sendKeyEvents function:
2016-01-28 04:37:18,006 DEBUG [EBRE22_KeyhandlingSTTL-116726] Entered sendKeyEvents function
2016-01-28 04:37:18,006 DEBUG [EBRE22_KeyhandlingSTTL-116726] F11
2016-01-28 04:37:18,006 DEBUG [EBRE22_KeyhandlingSTTL-116726] Entered F11key
2016-01-28 04:37:18,006 DEBUG [EBRE22_KeyhandlingSTTL-116726] Started executeCommandLine function
2016-01-28 04:37:22,027 DEBUG [EBRE22_KeyhandlingSTTL-116726] Exiting from executeCommandLine function
2016-01-28 04:37:22,027 DEBUG [EBRE22_KeyhandlingSTTL-116726] pass
2016-01-28 04:37:22,027 DEBUG [EBRE22_KeyhandlingSTTL-116726] TestStepResult of sendKeyEvents: pass
2016-01-28 04:37:22,027 DEBUG [EBRE22_KeyhandlingSTTL-116726] In execute keyword function
2016-01-28 04:37:22,027 DEBUG [EBRE22_KeyhandlingSTTL-116726] Executing validate_keyCaptured function:
2016-01-28 04:37:22,027 DEBUG [EBRE22_KeyhandlingSTTL-116726] Entered validate_keyCaptured function
2016-01-28 04:37:22,220 DEBUG [EBRE22_KeyhandlingSTTL-116726] 122
2016-01-28 04:37:22,221 DEBUG [EBRE22_KeyhandlingSTTL-116726] Actual Value matches Expected
2016-01-28 04:37:22,221 DEBUG [EBRE22_KeyhandlingSTTL-116726] pass
2016-01-28 04:37:22,221 DEBUG [EBRE22_KeyhandlingSTTL-116726] Exiting from validate_keyCaptured function
2016-01-28 04:37:22,221 DEBUG [EBRE22_KeyhandlingSTTL-116726] Result of validate_keyCaptured: pass
2016-01-28 04:37:22,221 DEBUG [EBRE22_KeyhandlingSTTL-116726] In execute keyword function
2016-01-28 04:37:22,221 DEBUG [EBRE22_KeyhandlingSTTL-116726] Executing sendKeyEvents function:
2016-01-28 04:37:22,221 DEBUG [EBRE22_KeyhandlingSTTL-116726] Entered sendKeyEvents function
2016-01-28 04:37:22,221 DEBUG [EBRE22_KeyhandlingSTTL-116726] F12
2016-01-28 04:37:22,221 DEBUG [EBRE22_KeyhandlingSTTL-116726] Entered F12key
2016-01-28 04:37:22,221 DEBUG [EBRE22_KeyhandlingSTTL-116726] Started executeCommandLine function
2016-01-28 04:37:26,241 DEBUG [EBRE22_KeyhandlingSTTL-116726] Exiting from executeCommandLine function
2016-01-28 04:37:26,241 DEBUG [EBRE22_KeyhandlingSTTL-116726] pass
2016-01-28 04:37:26,241 DEBUG [EBRE22_KeyhandlingSTTL-116726] TestStepResult of sendKeyEvents: pass
2016-01-28 04:37:26,241 DEBUG [EBRE22_KeyhandlingSTTL-116726] In execute keyword function
2016-01-28 04:37:26,241 DEBUG [EBRE22_KeyhandlingSTTL-116726] Executing validate_keyCaptured function:
2016-01-28 04:37:26,241 DEBUG [EBRE22_KeyhandlingSTTL-116726] Entered validate_keyCaptured function
2016-01-28 04:37:26,411 DEBUG [EBRE22_KeyhandlingSTTL-116726] 123
2016-01-28 04:37:26,411 DEBUG [EBRE22_KeyhandlingSTTL-116726] Actual Value matches Expected
2016-01-28 04:37:26,411 DEBUG [EBRE22_KeyhandlingSTTL-116726] pass
2016-01-28 04:37:26,411 DEBUG [EBRE22_KeyhandlingSTTL-116726] Exiting from validate_keyCaptured function
2016-01-28 04:37:26,411 DEBUG [EBRE22_KeyhandlingSTTL-116726] Result of validate_keyCaptured: pass
2016-01-28 04:37:26,411 DEBUG [EBRE22_KeyhandlingSTTL-116726] In execute keyword function
2016-01-28 04:37:26,411 DEBUG [EBRE22_KeyhandlingSTTL-116726] Executing sendKeyEvents function:
2016-01-28 04:37:26,411 DEBUG [EBRE22_KeyhandlingSTTL-116726] Entered sendKeyEvents function
2016-01-28 04:37:26,411 DEBUG [EBRE22_KeyhandlingSTTL-116726] CTRL
2016-01-28 04:37:26,411 DEBUG [EBRE22_KeyhandlingSTTL-116726] Entered CTRLkey
2016-01-28 04:37:26,411 DEBUG [EBRE22_KeyhandlingSTTL-116726] Started executeCommandLine function
2016-01-28 04:37:30,431 DEBUG [EBRE22_KeyhandlingSTTL-116726] Exiting from executeCommandLine function
2016-01-28 04:37:30,431 DEBUG [EBRE22_KeyhandlingSTTL-116726] pass
2016-01-28 04:37:30,431 DEBUG [EBRE22_KeyhandlingSTTL-116726] TestStepResult of sendKeyEvents: pass
2016-01-28 04:37:30,431 DEBUG [EBRE22_KeyhandlingSTTL-116726] In execute keyword function
2016-01-28 04:37:30,431 DEBUG [EBRE22_KeyhandlingSTTL-116726] Executing validate_keyCaptured function:
2016-01-28 04:37:30,431 DEBUG [EBRE22_KeyhandlingSTTL-116726] Entered validate_keyCaptured function
2016-01-28 04:37:30,617 DEBUG [EBRE22_KeyhandlingSTTL-116726] 17
2016-01-28 04:37:30,617 DEBUG [EBRE22_KeyhandlingSTTL-116726] Actual Value matches Expected
2016-01-28 04:37:30,617 DEBUG [EBRE22_KeyhandlingSTTL-116726] pass
2016-01-28 04:37:30,617 DEBUG [EBRE22_KeyhandlingSTTL-116726] Exiting from validate_keyCaptured function
2016-01-28 04:37:30,617 DEBUG [EBRE22_KeyhandlingSTTL-116726] Result of validate_keyCaptured: pass
2016-01-28 04:37:30,617 DEBUG [EBRE22_KeyhandlingSTTL-116726] In execute keyword function
2016-01-28 04:37:30,617 DEBUG [EBRE22_KeyhandlingSTTL-116726] Executing sendKeyEvents function:
2016-01-28 04:37:30,617 DEBUG [EBRE22_KeyhandlingSTTL-116726] Entered sendKeyEvents function
2016-01-28 04:37:30,617 DEBUG [EBRE22_KeyhandlingSTTL-116726] Alt
2016-01-28 04:37:30,617 DEBUG [EBRE22_KeyhandlingSTTL-116726] Entered Altkey
2016-01-28 04:37:30,617 DEBUG [EBRE22_KeyhandlingSTTL-116726] Started executeCommandLine function
2016-01-28 04:37:34,639 DEBUG [EBRE22_KeyhandlingSTTL-116726] Exiting from executeCommandLine function
2016-01-28 04:37:34,639 DEBUG [EBRE22_KeyhandlingSTTL-116726] pass
2016-01-28 04:37:34,639 DEBUG [EBRE22_KeyhandlingSTTL-116726] TestStepResult of sendKeyEvents: pass
2016-01-28 04:37:34,639 DEBUG [EBRE22_KeyhandlingSTTL-116726] In execute keyword function
2016-01-28 04:37:34,639 DEBUG [EBRE22_KeyhandlingSTTL-116726] Executing validate_keyCaptured function:
2016-01-28 04:37:34,639 DEBUG [EBRE22_KeyhandlingSTTL-116726] Entered validate_keyCaptured function
2016-01-28 04:37:34,804 DEBUG [EBRE22_KeyhandlingSTTL-116726] 18
2016-01-28 04:37:34,804 DEBUG [EBRE22_KeyhandlingSTTL-116726] Actual Value matches Expected
2016-01-28 04:37:34,804 DEBUG [EBRE22_KeyhandlingSTTL-116726] pass
2016-01-28 04:37:34,804 DEBUG [EBRE22_KeyhandlingSTTL-116726] Exiting from validate_keyCaptured function
2016-01-28 04:37:34,804 DEBUG [EBRE22_KeyhandlingSTTL-116726] Result of validate_keyCaptured: pass
2016-01-28 04:37:34,804 DEBUG [EBRE22_KeyhandlingSTTL-116726] In execute keyword function
2016-01-28 04:37:34,804 DEBUG [EBRE22_KeyhandlingSTTL-116726] Executing sendKeyEvents function:
2016-01-28 04:37:34,804 DEBUG [EBRE22_KeyhandlingSTTL-116726] Entered sendKeyEvents function
2016-01-28 04:37:34,804 DEBUG [EBRE22_KeyhandlingSTTL-116726] ENTER
2016-01-28 04:37:34,804 DEBUG [EBRE22_KeyhandlingSTTL-116726] Entered Enterkey
2016-01-28 04:37:34,804 DEBUG [EBRE22_KeyhandlingSTTL-116726] Started executeCommandLine function
2016-01-28 04:37:38,824 DEBUG [EBRE22_KeyhandlingSTTL-116726] Exiting from executeCommandLine function
2016-01-28 04:37:38,824 DEBUG [EBRE22_KeyhandlingSTTL-116726] pass
2016-01-28 04:37:38,824 DEBUG [EBRE22_KeyhandlingSTTL-116726] TestStepResult of sendKeyEvents: pass
2016-01-28 04:37:38,824 DEBUG [EBRE22_KeyhandlingSTTL-116726] In execute keyword function
2016-01-28 04:37:38,824 DEBUG [EBRE22_KeyhandlingSTTL-116726] Executing validate_keyCaptured function:
2016-01-28 04:37:38,824 DEBUG [EBRE22_KeyhandlingSTTL-116726] Entered validate_keyCaptured function
2016-01-28 04:37:39,020 DEBUG [EBRE22_KeyhandlingSTTL-116726] 13
2016-01-28 04:37:39,020 DEBUG [EBRE22_KeyhandlingSTTL-116726] Actual Value matches Expected
2016-01-28 04:37:39,020 DEBUG [EBRE22_KeyhandlingSTTL-116726] pass
2016-01-28 04:37:39,020 DEBUG [EBRE22_KeyhandlingSTTL-116726] Exiting from validate_keyCaptured function
2016-01-28 04:37:39,020 DEBUG [EBRE22_KeyhandlingSTTL-116726] Result of validate_keyCaptured: pass
2016-01-28 04:37:39,020 DEBUG [EBRE22_KeyhandlingSTTL-116726] In execute keyword function
2016-01-28 04:37:39,020 DEBUG [EBRE22_KeyhandlingSTTL-116726] Executing sendKeyEvents function:
2016-01-28 04:37:39,020 DEBUG [EBRE22_KeyhandlingSTTL-116726] Entered sendKeyEvents function
2016-01-28 04:37:39,020 DEBUG [EBRE22_KeyhandlingSTTL-116726] BACK
2016-01-28 04:37:39,021 DEBUG [EBRE22_KeyhandlingSTTL-116726] Entered BACKkey
2016-01-28 04:37:39,021 DEBUG [EBRE22_KeyhandlingSTTL-116726] Started executeCommandLine function
2016-01-28 04:37:43,042 DEBUG [EBRE22_KeyhandlingSTTL-116726] Exiting from executeCommandLine function
2016-01-28 04:37:43,042 DEBUG [EBRE22_KeyhandlingSTTL-116726] pass
2016-01-28 04:37:43,042 DEBUG [EBRE22_KeyhandlingSTTL-116726] TestStepResult of sendKeyEvents: pass
2016-01-28 04:37:43,042 DEBUG [EBRE22_KeyhandlingSTTL-116726] In execute keyword function
2016-01-28 04:37:43,042 DEBUG [EBRE22_KeyhandlingSTTL-116726] Executing validate_keyCaptured function:
2016-01-28 04:37:43,042 DEBUG [EBRE22_KeyhandlingSTTL-116726] Entered validate_keyCaptured function
2016-01-28 04:37:43,253 DEBUG [EBRE22_KeyhandlingSTTL-116726] 46
2016-01-28 04:37:43,253 DEBUG [EBRE22_KeyhandlingSTTL-116726] Actual Value matches Expected
2016-01-28 04:37:43,253 DEBUG [EBRE22_KeyhandlingSTTL-116726] pass
2016-01-28 04:37:43,253 DEBUG [EBRE22_KeyhandlingSTTL-116726] Exiting from validate_keyCaptured function
2016-01-28 04:37:43,253 DEBUG [EBRE22_KeyhandlingSTTL-116726] Result of validate_keyCaptured: pass
2016-01-28 04:37:43,253 DEBUG [EBRE22_KeyhandlingSTTL-116726] In execute keyword function
2016-01-28 04:37:43,253 DEBUG [EBRE22_KeyhandlingSTTL-116726] Executing sendKeyEvents function:
2016-01-28 04:37:43,253 DEBUG [EBRE22_KeyhandlingSTTL-116726] Entered sendKeyEvents function
2016-01-28 04:37:43,253 DEBUG [EBRE22_KeyhandlingSTTL-116726] TAB
2016-01-28 04:37:43,253 DEBUG [EBRE22_KeyhandlingSTTL-116726] Entered TABkey
2016-01-28 04:37:43,253 DEBUG [EBRE22_KeyhandlingSTTL-116726] Started executeCommandLine function
2016-01-28 04:37:47,273 DEBUG [EBRE22_KeyhandlingSTTL-116726] Exiting from executeCommandLine function
2016-01-28 04:37:47,273 DEBUG [EBRE22_KeyhandlingSTTL-116726] pass
2016-01-28 04:37:47,273 DEBUG [EBRE22_KeyhandlingSTTL-116726] TestStepResult of sendKeyEvents: pass
2016-01-28 04:37:47,273 DEBUG [EBRE22_KeyhandlingSTTL-116726] In execute keyword function
2016-01-28 04:37:47,273 DEBUG [EBRE22_KeyhandlingSTTL-116726] Executing validate_keyCaptured function:
2016-01-28 04:37:47,273 DEBUG [EBRE22_KeyhandlingSTTL-116726] Entered validate_keyCaptured function
2016-01-28 04:37:47,444 DEBUG [EBRE22_KeyhandlingSTTL-116726] 9
2016-01-28 04:37:47,444 DEBUG [EBRE22_KeyhandlingSTTL-116726] Actual Value matches Expected
2016-01-28 04:37:47,444 DEBUG [EBRE22_KeyhandlingSTTL-116726] pass
2016-01-28 04:37:47,444 DEBUG [EBRE22_KeyhandlingSTTL-116726] Exiting from validate_keyCaptured function
2016-01-28 04:37:47,444 DEBUG [EBRE22_KeyhandlingSTTL-116726] Result of validate_keyCaptured: pass
2016-01-28 04:37:47,445 DEBUG [EBRE22_KeyhandlingSTTL-116726] In execute keyword function
2016-01-28 04:37:47,445 DEBUG [EBRE22_KeyhandlingSTTL-116726] Executing sendKeyEvents function:
2016-01-28 04:37:47,445 DEBUG [EBRE22_KeyhandlingSTTL-116726] Entered sendKeyEvents function
2016-01-28 04:37:47,445 DEBUG [EBRE22_KeyhandlingSTTL-116726] SPACE
2016-01-28 04:37:47,445 DEBUG [EBRE22_KeyhandlingSTTL-116726] Entered SPACEkey
2016-01-28 04:37:47,445 DEBUG [EBRE22_KeyhandlingSTTL-116726] Started executeCommandLine function
2016-01-28 04:37:51,466 DEBUG [EBRE22_KeyhandlingSTTL-116726] Exiting from executeCommandLine function
2016-01-28 04:37:51,466 DEBUG [EBRE22_KeyhandlingSTTL-116726] pass
2016-01-28 04:37:51,466 DEBUG [EBRE22_KeyhandlingSTTL-116726] TestStepResult of sendKeyEvents: pass
2016-01-28 04:37:51,466 DEBUG [EBRE22_KeyhandlingSTTL-116726] In execute keyword function
2016-01-28 04:37:51,466 DEBUG [EBRE22_KeyhandlingSTTL-116726] Executing validate_keyCaptured function:
2016-01-28 04:37:51,466 DEBUG [EBRE22_KeyhandlingSTTL-116726] Entered validate_keyCaptured function
2016-01-28 04:37:51,625 DEBUG [EBRE22_KeyhandlingSTTL-116726] 32
2016-01-28 04:37:51,625 DEBUG [EBRE22_KeyhandlingSTTL-116726] Actual Value matches Expected
2016-01-28 04:37:51,626 DEBUG [EBRE22_KeyhandlingSTTL-116726] pass
2016-01-28 04:37:51,626 DEBUG [EBRE22_KeyhandlingSTTL-116726] Exiting from validate_keyCaptured function
2016-01-28 04:37:51,626 DEBUG [EBRE22_KeyhandlingSTTL-116726] Result of validate_keyCaptured: pass
2016-01-28 04:37:51,626 DEBUG [EBRE22_KeyhandlingSTTL-116726] In execute keyword function
2016-01-28 04:37:51,626 DEBUG [EBRE22_KeyhandlingSTTL-116726] Executing sendKeyEvents function:
2016-01-28 04:37:51,626 DEBUG [EBRE22_KeyhandlingSTTL-116726] Entered sendKeyEvents function
2016-01-28 04:37:51,626 DEBUG [EBRE22_KeyhandlingSTTL-116726] SHIFT
2016-01-28 04:37:51,626 DEBUG [EBRE22_KeyhandlingSTTL-116726] Entered Shiftkey
2016-01-28 04:37:51,626 DEBUG [EBRE22_KeyhandlingSTTL-116726] Started executeCommandLine function
2016-01-28 04:37:55,646 DEBUG [EBRE22_KeyhandlingSTTL-116726] Exiting from executeCommandLine function
2016-01-28 04:37:55,646 DEBUG [EBRE22_KeyhandlingSTTL-116726] pass
2016-01-28 04:37:55,646 DEBUG [EBRE22_KeyhandlingSTTL-116726] TestStepResult of sendKeyEvents: pass
2016-01-28 04:37:55,646 DEBUG [EBRE22_KeyhandlingSTTL-116726] In execute keyword function
2016-01-28 04:37:55,646 DEBUG [EBRE22_KeyhandlingSTTL-116726] Executing validate_keyCaptured function:
2016-01-28 04:37:55,646 DEBUG [EBRE22_KeyhandlingSTTL-116726] Entered validate_keyCaptured function
2016-01-28 04:37:55,837 DEBUG [EBRE22_KeyhandlingSTTL-116726] 16
2016-01-28 04:37:55,837 DEBUG [EBRE22_KeyhandlingSTTL-116726] Actual Value matches Expected
2016-01-28 04:37:55,837 DEBUG [EBRE22_KeyhandlingSTTL-116726] pass
2016-01-28 04:37:55,837 DEBUG [EBRE22_KeyhandlingSTTL-116726] Exiting from validate_keyCaptured function
2016-01-28 04:37:55,837 DEBUG [EBRE22_KeyhandlingSTTL-116726] Result of validate_keyCaptured: pass
2016-01-28 04:37:55,837 DEBUG [EBRE22_KeyhandlingSTTL-116726] In execute keyword function
2016-01-28 04:37:55,837 DEBUG [EBRE22_KeyhandlingSTTL-116726] Executing sendKeyEvents function:
2016-01-28 04:37:55,837 DEBUG [EBRE22_KeyhandlingSTTL-116726] Entered sendKeyEvents function
2016-01-28 04:37:55,837 DEBUG [EBRE22_KeyhandlingSTTL-116726] DecimalPoint
2016-01-28 04:37:55,837 DEBUG [EBRE22_KeyhandlingSTTL-116726] Entered DecimalPointkey
2016-01-28 04:37:55,837 DEBUG [EBRE22_KeyhandlingSTTL-116726] Started executeCommandLine function
2016-01-28 04:37:59,857 DEBUG [EBRE22_KeyhandlingSTTL-116726] Exiting from executeCommandLine function
2016-01-28 04:37:59,857 DEBUG [EBRE22_KeyhandlingSTTL-116726] pass
2016-01-28 04:37:59,857 DEBUG [EBRE22_KeyhandlingSTTL-116726] TestStepResult of sendKeyEvents: pass
2016-01-28 04:37:59,857 DEBUG [EBRE22_KeyhandlingSTTL-116726] In execute keyword function
2016-01-28 04:37:59,857 DEBUG [EBRE22_KeyhandlingSTTL-116726] Executing validate_keyCaptured function:
2016-01-28 04:37:59,857 DEBUG [EBRE22_KeyhandlingSTTL-116726] Entered validate_keyCaptured function
2016-01-28 04:38:00,023 DEBUG [EBRE22_KeyhandlingSTTL-116726] 56
2016-01-28 04:38:00,023 DEBUG [EBRE22_KeyhandlingSTTL-116726] Actual Value matches Expected
2016-01-28 04:38:00,023 DEBUG [EBRE22_KeyhandlingSTTL-116726] pass
2016-01-28 04:38:00,023 DEBUG [EBRE22_KeyhandlingSTTL-116726] Exiting from validate_keyCaptured function
2016-01-28 04:38:00,023 DEBUG [EBRE22_KeyhandlingSTTL-116726] Result of validate_keyCaptured: pass
2016-01-28 04:38:00,023 DEBUG [EBRE22_KeyhandlingSTTL-116726] In execute keyword function
2016-01-28 04:38:00,023 DEBUG [EBRE22_KeyhandlingSTTL-116726] Executing sendKeyEvents function:
2016-01-28 04:38:00,023 DEBUG [EBRE22_KeyhandlingSTTL-116726] Entered sendKeyEvents function
2016-01-28 04:38:00,023 DEBUG [EBRE22_KeyhandlingSTTL-116726] Star
2016-01-28 04:38:00,023 DEBUG [EBRE22_KeyhandlingSTTL-116726] Entered Starkey
2016-01-28 04:38:00,023 DEBUG [EBRE22_KeyhandlingSTTL-116726] Started executeCommandLine function
2016-01-28 04:38:04,045 DEBUG [EBRE22_KeyhandlingSTTL-116726] Exiting from executeCommandLine function
2016-01-28 04:38:04,045 DEBUG [EBRE22_KeyhandlingSTTL-116726] pass
2016-01-28 04:38:04,045 DEBUG [EBRE22_KeyhandlingSTTL-116726] TestStepResult of sendKeyEvents: pass
2016-01-28 04:38:04,045 DEBUG [EBRE22_KeyhandlingSTTL-116726] In execute keyword function
2016-01-28 04:38:04,045 DEBUG [EBRE22_KeyhandlingSTTL-116726] Executing validate_keyCaptured function:
2016-01-28 04:38:04,045 DEBUG [EBRE22_KeyhandlingSTTL-116726] Entered validate_keyCaptured function
2016-01-28 04:38:04,213 DEBUG [EBRE22_KeyhandlingSTTL-116726] 17
2016-01-28 04:38:04,213 DEBUG [EBRE22_KeyhandlingSTTL-116726] Actual Value matches Expected
2016-01-28 04:38:04,213 DEBUG [EBRE22_KeyhandlingSTTL-116726] pass
2016-01-28 04:38:04,213 DEBUG [EBRE22_KeyhandlingSTTL-116726] Exiting from validate_keyCaptured function
2016-01-28 04:38:04,213 DEBUG [EBRE22_KeyhandlingSTTL-116726] Result of validate_keyCaptured: pass
2016-01-28 04:38:04,213 DEBUG [EBRE22_KeyhandlingSTTL-116726] In execute keyword function
2016-01-28 04:38:04,213 DEBUG [EBRE22_KeyhandlingSTTL-116726] Executing sendKeyEvents function:
2016-01-28 04:38:04,213 DEBUG [EBRE22_KeyhandlingSTTL-116726] Entered sendKeyEvents function
2016-01-28 04:38:04,213 DEBUG [EBRE22_KeyhandlingSTTL-116726] Plus
2016-01-28 04:38:04,213 DEBUG [EBRE22_KeyhandlingSTTL-116726] Entered Pluskey
2016-01-28 04:38:04,213 DEBUG [EBRE22_KeyhandlingSTTL-116726] Started executeCommandLine function
2016-01-28 04:38:08,234 DEBUG [EBRE22_KeyhandlingSTTL-116726] Exiting from executeCommandLine function
2016-01-28 04:38:08,234 DEBUG [EBRE22_KeyhandlingSTTL-116726] pass
2016-01-28 04:38:08,234 DEBUG [EBRE22_KeyhandlingSTTL-116726] TestStepResult of sendKeyEvents: pass
2016-01-28 04:38:08,234 DEBUG [EBRE22_KeyhandlingSTTL-116726] In execute keyword function
2016-01-28 04:38:08,234 DEBUG [EBRE22_KeyhandlingSTTL-116726] Executing validate_keyCaptured function:
2016-01-28 04:38:08,234 DEBUG [EBRE22_KeyhandlingSTTL-116726] Entered validate_keyCaptured function
2016-01-28 04:38:08,401 DEBUG [EBRE22_KeyhandlingSTTL-116726] 109
2016-01-28 04:38:08,401 DEBUG [EBRE22_KeyhandlingSTTL-116726] Actual Value matches Expected
2016-01-28 04:38:08,401 DEBUG [EBRE22_KeyhandlingSTTL-116726] pass
2016-01-28 04:38:08,401 DEBUG [EBRE22_KeyhandlingSTTL-116726] Exiting from validate_keyCaptured function
2016-01-28 04:38:08,401 DEBUG [EBRE22_KeyhandlingSTTL-116726] Result of validate_keyCaptured: pass
2016-01-28 04:38:08,401 DEBUG [EBRE22_KeyhandlingSTTL-116726] In execute keyword function
2016-01-28 04:38:08,401 DEBUG [EBRE22_KeyhandlingSTTL-116726] Executing sendKeyEvents function:
2016-01-28 04:38:08,401 DEBUG [EBRE22_KeyhandlingSTTL-116726] Entered sendKeyEvents function
2016-01-28 04:38:08,401 DEBUG [EBRE22_KeyhandlingSTTL-116726] Minus
2016-01-28 04:38:08,401 DEBUG [EBRE22_KeyhandlingSTTL-116726] Entered Minuskey
2016-01-28 04:38:08,401 DEBUG [EBRE22_KeyhandlingSTTL-116726] Started executeCommandLine function
2016-01-28 04:38:12,423 DEBUG [EBRE22_KeyhandlingSTTL-116726] Exiting from executeCommandLine function
2016-01-28 04:38:12,423 DEBUG [EBRE22_KeyhandlingSTTL-116726] pass
2016-01-28 04:38:12,423 DEBUG [EBRE22_KeyhandlingSTTL-116726] TestStepResult of sendKeyEvents: pass
2016-01-28 04:38:12,423 DEBUG [EBRE22_KeyhandlingSTTL-116726] In execute keyword function
2016-01-28 04:38:12,423 DEBUG [EBRE22_KeyhandlingSTTL-116726] Executing validate_keyCaptured function:
2016-01-28 04:38:12,423 DEBUG [EBRE22_KeyhandlingSTTL-116726] Entered validate_keyCaptured function
2016-01-28 04:38:12,621 DEBUG [EBRE22_KeyhandlingSTTL-116726] 108
2016-01-28 04:38:12,621 DEBUG [EBRE22_KeyhandlingSTTL-116726] Actual Value matches Expected
2016-01-28 04:38:12,621 DEBUG [EBRE22_KeyhandlingSTTL-116726] pass
2016-01-28 04:38:12,621 DEBUG [EBRE22_KeyhandlingSTTL-116726] Exiting from validate_keyCaptured function
2016-01-28 04:38:12,621 DEBUG [EBRE22_KeyhandlingSTTL-116726] Result of validate_keyCaptured: pass
2016-01-28 04:38:12,621 DEBUG [EBRE22_KeyhandlingSTTL-116726] In execute keyword function
2016-01-28 04:38:12,621 DEBUG [EBRE22_KeyhandlingSTTL-116726] Executing sendKeyEvents function:
2016-01-28 04:38:12,621 DEBUG [EBRE22_KeyhandlingSTTL-116726] Entered sendKeyEvents function
2016-01-28 04:38:12,621 DEBUG [EBRE22_KeyhandlingSTTL-116726] Multiply
2016-01-28 04:38:12,621 DEBUG [EBRE22_KeyhandlingSTTL-116726] Entered Multiplykey
2016-01-28 04:38:12,621 DEBUG [EBRE22_KeyhandlingSTTL-116726] Started executeCommandLine function
2016-01-28 04:38:16,643 DEBUG [EBRE22_KeyhandlingSTTL-116726] Exiting from executeCommandLine function
2016-01-28 04:38:16,643 DEBUG [EBRE22_KeyhandlingSTTL-116726] pass
2016-01-28 04:38:16,643 DEBUG [EBRE22_KeyhandlingSTTL-116726] TestStepResult of sendKeyEvents: pass
2016-01-28 04:38:16,644 DEBUG [EBRE22_KeyhandlingSTTL-116726] In execute keyword function
2016-01-28 04:38:16,644 DEBUG [EBRE22_KeyhandlingSTTL-116726] Executing validate_keyCaptured function:
2016-01-28 04:38:16,644 DEBUG [EBRE22_KeyhandlingSTTL-116726] Entered validate_keyCaptured function
2016-01-28 04:38:16,797 DEBUG [EBRE22_KeyhandlingSTTL-116726] 107
2016-01-28 04:38:16,797 DEBUG [EBRE22_KeyhandlingSTTL-116726] Actual Value matches Expected
2016-01-28 04:38:16,797 DEBUG [EBRE22_KeyhandlingSTTL-116726] pass
2016-01-28 04:38:16,797 DEBUG [EBRE22_KeyhandlingSTTL-116726] Exiting from validate_keyCaptured function
2016-01-28 04:38:16,797 DEBUG [EBRE22_KeyhandlingSTTL-116726] Result of validate_keyCaptured: pass
2016-01-28 04:38:16,797 DEBUG [EBRE22_KeyhandlingSTTL-116726] In execute keyword function
2016-01-28 04:38:16,797 DEBUG [EBRE22_KeyhandlingSTTL-116726] Executing sendKeyEvents function:
2016-01-28 04:38:16,797 DEBUG [EBRE22_KeyhandlingSTTL-116726] Entered sendKeyEvents function
2016-01-28 04:38:16,797 DEBUG [EBRE22_KeyhandlingSTTL-116726] Divide
2016-01-28 04:38:16,797 DEBUG [EBRE22_KeyhandlingSTTL-116726] Entered Dividekey
2016-01-28 04:38:16,797 DEBUG [EBRE22_KeyhandlingSTTL-116726] Started executeCommandLine function
2016-01-28 04:38:20,815 DEBUG [EBRE22_KeyhandlingSTTL-116726] Exiting from executeCommandLine function
2016-01-28 04:38:20,815 DEBUG [EBRE22_KeyhandlingSTTL-116726] pass
2016-01-28 04:38:20,815 DEBUG [EBRE22_KeyhandlingSTTL-116726] TestStepResult of sendKeyEvents: pass
2016-01-28 04:38:20,815 DEBUG [EBRE22_KeyhandlingSTTL-116726] In execute keyword function
2016-01-28 04:38:20,815 DEBUG [EBRE22_KeyhandlingSTTL-116726] Executing validate_keyCaptured function:
2016-01-28 04:38:20,815 DEBUG [EBRE22_KeyhandlingSTTL-116726] Entered validate_keyCaptured function
2016-01-28 04:38:20,984 DEBUG [EBRE22_KeyhandlingSTTL-116726] 106
2016-01-28 04:38:20,984 DEBUG [EBRE22_KeyhandlingSTTL-116726] Actual Value matches Expected
2016-01-28 04:38:20,984 DEBUG [EBRE22_KeyhandlingSTTL-116726] pass
2016-01-28 04:38:20,984 DEBUG [EBRE22_KeyhandlingSTTL-116726] Exiting from validate_keyCaptured function
2016-01-28 04:38:20,984 DEBUG [EBRE22_KeyhandlingSTTL-116726] Result of validate_keyCaptured: pass
2016-01-28 04:38:20,984 DEBUG [EBRE22_KeyhandlingSTTL-116726] In execute keyword function
2016-01-28 04:38:20,984 DEBUG [EBRE22_KeyhandlingSTTL-116726] Executing sendKeyEvents function:
2016-01-28 04:38:20,984 DEBUG [EBRE22_KeyhandlingSTTL-116726] Entered sendKeyEvents function
2016-01-28 04:38:20,984 DEBUG [EBRE22_KeyhandlingSTTL-116726] Equals
2016-01-28 04:38:20,985 DEBUG [EBRE22_KeyhandlingSTTL-116726] Entered Equalskey
2016-01-28 04:38:20,985 DEBUG [EBRE22_KeyhandlingSTTL-116726] Started executeCommandLine function
2016-01-28 04:38:25,005 DEBUG [EBRE22_KeyhandlingSTTL-116726] Exiting from executeCommandLine function
2016-01-28 04:38:25,005 DEBUG [EBRE22_KeyhandlingSTTL-116726] pass
2016-01-28 04:38:25,005 DEBUG [EBRE22_KeyhandlingSTTL-116726] TestStepResult of sendKeyEvents: pass
2016-01-28 04:38:25,005 DEBUG [EBRE22_KeyhandlingSTTL-116726] In execute keyword function
2016-01-28 04:38:25,005 DEBUG [EBRE22_KeyhandlingSTTL-116726] Executing validate_keyCaptured function:
2016-01-28 04:38:25,005 DEBUG [EBRE22_KeyhandlingSTTL-116726] Entered validate_keyCaptured function
2016-01-28 04:38:25,181 DEBUG [EBRE22_KeyhandlingSTTL-116726] 161
2016-01-28 04:38:25,181 DEBUG [EBRE22_KeyhandlingSTTL-116726] Actual Value matches Expected
2016-01-28 04:38:25,181 DEBUG [EBRE22_KeyhandlingSTTL-116726] pass
2016-01-28 04:38:25,181 DEBUG [EBRE22_KeyhandlingSTTL-116726] Exiting from validate_keyCaptured function
2016-01-28 04:38:25,181 DEBUG [EBRE22_KeyhandlingSTTL-116726] Result of validate_keyCaptured: pass
2016-01-28 04:38:25,181 DEBUG [EBRE22_KeyhandlingSTTL-116726] In execute keyword function
2016-01-28 04:38:25,181 DEBUG [EBRE22_KeyhandlingSTTL-116726] Executing sendKeyEvents function:
2016-01-28 04:38:25,182 DEBUG [EBRE22_KeyhandlingSTTL-116726] Entered sendKeyEvents function
2016-01-28 04:38:25,182 DEBUG [EBRE22_KeyhandlingSTTL-116726] ESC
2016-01-28 04:38:25,182 DEBUG [EBRE22_KeyhandlingSTTL-116726] Entered ESCkey
2016-01-28 04:38:25,182 DEBUG [EBRE22_KeyhandlingSTTL-116726] Started executeCommandLine function
2016-01-28 04:38:29,200 DEBUG [EBRE22_KeyhandlingSTTL-116726] Exiting from executeCommandLine function
2016-01-28 04:38:29,200 DEBUG [EBRE22_KeyhandlingSTTL-116726] pass
2016-01-28 04:38:29,200 DEBUG [EBRE22_KeyhandlingSTTL-116726] TestStepResult of sendKeyEvents: pass
2016-01-28 04:38:29,200 DEBUG [EBRE22_KeyhandlingSTTL-116726] In execute keyword function
2016-01-28 04:38:29,200 DEBUG [EBRE22_KeyhandlingSTTL-116726] Executing validate_keyCaptured function:
2016-01-28 04:38:29,200 DEBUG [EBRE22_KeyhandlingSTTL-116726] Entered validate_keyCaptured function
2016-01-28 04:38:29,431 DEBUG [EBRE22_KeyhandlingSTTL-116726] 27
2016-01-28 04:38:29,431 DEBUG [EBRE22_KeyhandlingSTTL-116726] Actual Value matches Expected
2016-01-28 04:38:29,431 DEBUG [EBRE22_KeyhandlingSTTL-116726] pass
2016-01-28 04:38:29,431 DEBUG [EBRE22_KeyhandlingSTTL-116726] Exiting from validate_keyCaptured function
2016-01-28 04:38:29,431 DEBUG [EBRE22_KeyhandlingSTTL-116726] Result of validate_keyCaptured: pass
2016-01-28 04:38:29,431 DEBUG [EBRE22_KeyhandlingSTTL-116726] allstep_result contains: passpasspasspasspasspasspasspasspasspasspasspasspasspasspasspasspasspasspasspasspasspasspasspasspasspasspasspasspassPassPassnull
2016-01-28 04:38:29,431 DEBUG [EBRE22_KeyhandlingSTTL-116726] allexpected_result contains: nullpassnullpassnullpassnullpassnullpassnullpassnullpassnullpassnullpassnullpassnullpassnullpassnullpassnullpassnullpassnullpassnullpassnullpassnullpassnullpassnullpassnullpassnullpassnullpassnullpassnullpassnullpassnullPassnullpassnullpassnull
2016-01-28 04:38:29,431 DEBUG [EBRE22_KeyhandlingSTTL-116726] Testcase_Result contains: nullpassnullpassnullpassnullpassnullpassnullpassnullpassnullpassnullpassnullpassnullpassnullpassnullpassnullpassnullpassnullpassnullpassnullpassnullpassnullpassnullpassnullpassnullpassnullpassnullpassnullpassnullpassnullPassnullpassnullpassnullpasspasspasspasspasspasspasspasspasspasspasspasspasspasspasspasspasspasspasspasspasspasspasspasspasspasspasspasspassPassPassnull
2016-01-28 04:38:29,431 DEBUG [EBRE22_KeyhandlingSTTL-116726] Test case with description KeyValue:All(Function & Special Keys) with iswindows key=1 Pass
2016-01-28 04:38:30,397 DEBUG [EBRE22_KeyhandlingSTTL-116726] Executing browser_Quit function
2016-01-28 04:38:30,397 DEBUG [EBRE22_KeyhandlingSTTL-116726] Completed browser_Quit function
2016-01-28 04:38:30,397 DEBUG [EBRE22_KeyhandlingSTTL-116726] Completed quitSelendroid function
2016-01-28 04:38:30,398 DEBUG [EBRE22_KeyhandlingSTTL-116726] Row number:27
2016-01-28 04:38:30,430 DEBUG [EBRE22_KeyhandlingSTTL-116726] Ending Test Case IDSTTL-116726
