2016-01-28 04:14:45,681 DEBUG [EBRE22_KeyhandlingSTTL-116714] Executing Test Case ID: STTL-116714
2016-01-28 04:14:45,697 DEBUG [EBRE22_KeyhandlingSTTL-116714] Executing Init_Selendroid function with APK as parameter and clear data value with 1
2016-01-28 04:14:55,607 DEBUG [EBRE22_KeyhandlingSTTL-116714] Exiting Init_Selendroid function
2016-01-28 04:14:55,624 DEBUG [EBRE22_KeyhandlingSTTL-116714] TestCase with Description "KeyValue:Menu and Back Key" Execution started
2016-01-28 04:14:55,624 DEBUG [EBRE22_KeyhandlingSTTL-116714] In execute keyword function
2016-01-28 04:14:55,624 DEBUG [EBRE22_KeyhandlingSTTL-116714] Executing wait function:
2016-01-28 04:14:55,624 DEBUG [EBRE22_KeyhandlingSTTL-116714] Started Executing wait function
2016-01-28 04:15:00,624 DEBUG [EBRE22_KeyhandlingSTTL-116714] Exiting from wait function
2016-01-28 04:15:00,624 DEBUG [EBRE22_KeyhandlingSTTL-116714] TestStepResult of wait: Pass
2016-01-28 04:15:00,624 DEBUG [EBRE22_KeyhandlingSTTL-116714] In execute keyword function
2016-01-28 04:15:00,624 DEBUG [EBRE22_KeyhandlingSTTL-116714] Executing validate_PageTitle function:
2016-01-28 04:15:00,664 DEBUG [EBRE22_KeyhandlingSTTL-116714] The title of the page is *********************************: RE 2.2 Tests
2016-01-28 04:15:00,664 DEBUG [EBRE22_KeyhandlingSTTL-116714] The page title found is correct
2016-01-28 04:15:00,664 DEBUG [EBRE22_KeyhandlingSTTL-116714] Result of validate_PageTitle: pass
2016-01-28 04:15:00,664 DEBUG [EBRE22_KeyhandlingSTTL-116714] In execute keyword function
2016-01-28 04:15:00,664 DEBUG [EBRE22_KeyhandlingSTTL-116714] Executing link_Click function:
2016-01-28 04:15:01,276 DEBUG [EBRE22_KeyhandlingSTTL-116714] Executing Click function
2016-01-28 04:15:02,318 DEBUG [EBRE22_KeyhandlingSTTL-116714] Exiting Click function
2016-01-28 04:15:02,318 DEBUG [EBRE22_KeyhandlingSTTL-116714] keyhandling_link clicked successfully
2016-01-28 04:15:02,318 DEBUG [EBRE22_KeyhandlingSTTL-116714] TestStepResult of link_Click: Pass
2016-01-28 04:15:02,319 DEBUG [EBRE22_KeyhandlingSTTL-116714] In execute keyword function
2016-01-28 04:15:02,319 DEBUG [EBRE22_KeyhandlingSTTL-116714] Executing validate_PageTitle function:
2016-01-28 04:15:02,364 DEBUG [EBRE22_KeyhandlingSTTL-116714] The title of the page is *********************************: PB and RE2.2 Semi Auto Frame Work : Keyhandling
2016-01-28 04:15:02,364 DEBUG [EBRE22_KeyhandlingSTTL-116714] The page title found is correct
2016-01-28 04:15:02,364 DEBUG [EBRE22_KeyhandlingSTTL-116714] Result of validate_PageTitle: pass
2016-01-28 04:15:02,364 DEBUG [EBRE22_KeyhandlingSTTL-116714] In execute keyword function
2016-01-28 04:15:02,364 DEBUG [EBRE22_KeyhandlingSTTL-116714] Executing SelectTestToRun function:
2016-01-28 04:15:05,973 DEBUG [EBRE22_KeyhandlingSTTL-116714] Successfull in selecting clicking the category
2016-01-28 04:15:05,973 DEBUG [EBRE22_KeyhandlingSTTL-116714] TestStepResult of SelectTestToRun: pass
2016-01-28 04:15:05,973 DEBUG [EBRE22_KeyhandlingSTTL-116714] In execute keyword function
2016-01-28 04:15:05,973 DEBUG [EBRE22_KeyhandlingSTTL-116714] Executing ClickRunTest function:
2016-01-28 04:15:06,349 DEBUG [EBRE22_KeyhandlingSTTL-116714] Executing Click function
2016-01-28 04:15:07,339 DEBUG [EBRE22_KeyhandlingSTTL-116714] Exiting Click function
2016-01-28 04:15:07,339 DEBUG [EBRE22_KeyhandlingSTTL-116714] runtest_top_xpath Button clicked Successfully
2016-01-28 04:15:07,339 DEBUG [EBRE22_KeyhandlingSTTL-116714] TestStepResult of ClickRunTest: pass
2016-01-28 04:15:07,339 DEBUG [EBRE22_KeyhandlingSTTL-116714] In execute keyword function
2016-01-28 04:15:07,339 DEBUG [EBRE22_KeyhandlingSTTL-116714] Executing validate_Text_Exists function:
2016-01-28 04:15:07,619 DEBUG [EBRE22_KeyhandlingSTTL-116714] VT187-2586 Testcase Text found
2016-01-28 04:15:07,619 DEBUG [EBRE22_KeyhandlingSTTL-116714] Result of validate_Text_Exists: Pass
2016-01-28 04:15:07,619 DEBUG [EBRE22_KeyhandlingSTTL-116714] In execute keyword function
2016-01-28 04:15:07,619 DEBUG [EBRE22_KeyhandlingSTTL-116714] Executing sendKeyEvents function:
2016-01-28 04:15:07,619 DEBUG [EBRE22_KeyhandlingSTTL-116714] Entered sendKeyEvents function
2016-01-28 04:15:07,619 DEBUG [EBRE22_KeyhandlingSTTL-116714] BACK
2016-01-28 04:15:07,620 DEBUG [EBRE22_KeyhandlingSTTL-116714] Entered BACKkey
2016-01-28 04:15:07,620 DEBUG [EBRE22_KeyhandlingSTTL-116714] Started executeCommandLine function
2016-01-28 04:15:11,641 DEBUG [EBRE22_KeyhandlingSTTL-116714] Exiting from executeCommandLine function
2016-01-28 04:15:11,641 DEBUG [EBRE22_KeyhandlingSTTL-116714] pass
2016-01-28 04:15:11,641 DEBUG [EBRE22_KeyhandlingSTTL-116714] TestStepResult of sendKeyEvents: pass
2016-01-28 04:15:11,641 DEBUG [EBRE22_KeyhandlingSTTL-116714] In execute keyword function
2016-01-28 04:15:11,641 DEBUG [EBRE22_KeyhandlingSTTL-116714] Executing validate_keyCaptured function:
2016-01-28 04:15:11,641 DEBUG [EBRE22_KeyhandlingSTTL-116714] Entered validate_keyCaptured function
2016-01-28 04:15:11,912 DEBUG [EBRE22_KeyhandlingSTTL-116714] 67
2016-01-28 04:15:11,912 DEBUG [EBRE22_KeyhandlingSTTL-116714] Actual Value matches Expected
2016-01-28 04:15:11,912 DEBUG [EBRE22_KeyhandlingSTTL-116714] pass
2016-01-28 04:15:11,912 DEBUG [EBRE22_KeyhandlingSTTL-116714] Exiting from validate_keyCaptured function
2016-01-28 04:15:11,912 DEBUG [EBRE22_KeyhandlingSTTL-116714] Result of validate_keyCaptured: pass
2016-01-28 04:15:11,912 DEBUG [EBRE22_KeyhandlingSTTL-116714] In execute keyword function
2016-01-28 04:15:11,912 DEBUG [EBRE22_KeyhandlingSTTL-116714] Executing sendKeyEvents function:
2016-01-28 04:15:11,912 DEBUG [EBRE22_KeyhandlingSTTL-116714] Entered sendKeyEvents function
2016-01-28 04:15:11,912 DEBUG [EBRE22_KeyhandlingSTTL-116714] MENU
2016-01-28 04:15:11,912 DEBUG [EBRE22_KeyhandlingSTTL-116714] Entered Starkey
2016-01-28 04:15:11,912 DEBUG [EBRE22_KeyhandlingSTTL-116714] Started executeCommandLine function
2016-01-28 04:15:15,933 DEBUG [EBRE22_KeyhandlingSTTL-116714] Exiting from executeCommandLine function
2016-01-28 04:15:15,933 DEBUG [EBRE22_KeyhandlingSTTL-116714] pass
2016-01-28 04:15:15,933 DEBUG [EBRE22_KeyhandlingSTTL-116714] TestStepResult of sendKeyEvents: pass
2016-01-28 04:15:15,933 DEBUG [EBRE22_KeyhandlingSTTL-116714] In execute keyword function
2016-01-28 04:15:15,933 DEBUG [EBRE22_KeyhandlingSTTL-116714] Executing validate_keyCaptured function:
2016-01-28 04:15:15,933 DEBUG [EBRE22_KeyhandlingSTTL-116714] Entered validate_keyCaptured function
2016-01-28 04:15:16,088 DEBUG [EBRE22_KeyhandlingSTTL-116714] 82
2016-01-28 04:15:16,088 DEBUG [EBRE22_KeyhandlingSTTL-116714] Actual Value matches Expected
2016-01-28 04:15:16,088 DEBUG [EBRE22_KeyhandlingSTTL-116714] pass
2016-01-28 04:15:16,088 DEBUG [EBRE22_KeyhandlingSTTL-116714] Exiting from validate_keyCaptured function
2016-01-28 04:15:16,088 DEBUG [EBRE22_KeyhandlingSTTL-116714] Result of validate_keyCaptured: pass
2016-01-28 04:15:16,088 DEBUG [EBRE22_KeyhandlingSTTL-116714] allstep_result contains: passpasspasspassPassPassnull
2016-01-28 04:15:16,088 DEBUG [EBRE22_KeyhandlingSTTL-116714] allexpected_result contains: nullpassnullpassnullPassnullpassnullpassnull
2016-01-28 04:15:16,088 DEBUG [EBRE22_KeyhandlingSTTL-116714] Testcase_Result contains: nullpassnullpassnullPassnullpassnullpassnullpasspasspasspassPassPassnull
2016-01-28 04:15:16,088 DEBUG [EBRE22_KeyhandlingSTTL-116714] Test case with description KeyValue:Menu and Back Key Pass
2016-01-28 04:15:17,031 DEBUG [EBRE22_KeyhandlingSTTL-116714] Executing browser_Quit function
2016-01-28 04:15:17,031 DEBUG [EBRE22_KeyhandlingSTTL-116714] Completed browser_Quit function
2016-01-28 04:15:17,031 DEBUG [EBRE22_KeyhandlingSTTL-116714] Completed quitSelendroid function
2016-01-28 04:15:17,031 DEBUG [EBRE22_KeyhandlingSTTL-116714] Row number:15
2016-01-28 04:15:17,068 DEBUG [EBRE22_KeyhandlingSTTL-116714] Ending Test Case IDSTTL-116714
