2016-01-28 04:08:23,584 DEBUG [EBRE22_KeyhandlingSTTL-116708] Executing Test Case ID: STTL-116708
2016-01-28 04:08:23,592 DEBUG [EBRE22_KeyhandlingSTTL-116708] Executing Init_Selendroid function with APK as parameter and clear data value with 1
2016-01-28 04:08:34,126 DEBUG [EBRE22_KeyhandlingSTTL-116708] Exiting Init_Selendroid function
2016-01-28 04:08:34,142 DEBUG [EBRE22_KeyhandlingSTTL-116708] TestCase with Description "KeyValue:All with event URL for alphabets" Execution started
2016-01-28 04:08:34,142 DEBUG [EBRE22_KeyhandlingSTTL-116708] In execute keyword function
2016-01-28 04:08:34,142 DEBUG [EBRE22_KeyhandlingSTTL-116708] Executing wait function:
2016-01-28 04:08:34,142 DEBUG [EBRE22_KeyhandlingSTTL-116708] Started Executing wait function
2016-01-28 04:08:39,142 DEBUG [EBRE22_KeyhandlingSTTL-116708] Exiting from wait function
2016-01-28 04:08:39,142 DEBUG [EBRE22_KeyhandlingSTTL-116708] TestStepResult of wait: Pass
2016-01-28 04:08:39,142 DEBUG [EBRE22_KeyhandlingSTTL-116708] In execute keyword function
2016-01-28 04:08:39,142 DEBUG [EBRE22_KeyhandlingSTTL-116708] Executing validate_PageTitle function:
2016-01-28 04:08:39,176 DEBUG [EBRE22_KeyhandlingSTTL-116708] The title of the page is *********************************: RE 2.2 Tests
2016-01-28 04:08:39,176 DEBUG [EBRE22_KeyhandlingSTTL-116708] The page title found is correct
2016-01-28 04:08:39,176 DEBUG [EBRE22_KeyhandlingSTTL-116708] Result of validate_PageTitle: pass
2016-01-28 04:08:39,176 DEBUG [EBRE22_KeyhandlingSTTL-116708] In execute keyword function
2016-01-28 04:08:39,176 DEBUG [EBRE22_KeyhandlingSTTL-116708] Executing link_Click function:
2016-01-28 04:08:39,762 DEBUG [EBRE22_KeyhandlingSTTL-116708] Executing Click function
2016-01-28 04:08:40,860 DEBUG [EBRE22_KeyhandlingSTTL-116708] Exiting Click function
2016-01-28 04:08:40,860 DEBUG [EBRE22_KeyhandlingSTTL-116708] keyhandling_link clicked successfully
2016-01-28 04:08:40,860 DEBUG [EBRE22_KeyhandlingSTTL-116708] TestStepResult of link_Click: Pass
2016-01-28 04:08:40,860 DEBUG [EBRE22_KeyhandlingSTTL-116708] In execute keyword function
2016-01-28 04:08:40,860 DEBUG [EBRE22_KeyhandlingSTTL-116708] Executing validate_PageTitle function:
2016-01-28 04:08:40,892 DEBUG [EBRE22_KeyhandlingSTTL-116708] The title of the page is *********************************: PB and RE2.2 Semi Auto Frame Work : Keyhandling
2016-01-28 04:08:40,892 DEBUG [EBRE22_KeyhandlingSTTL-116708] The page title found is correct
2016-01-28 04:08:40,892 DEBUG [EBRE22_KeyhandlingSTTL-116708] Result of validate_PageTitle: pass
2016-01-28 04:08:40,892 DEBUG [EBRE22_KeyhandlingSTTL-116708] In execute keyword function
2016-01-28 04:08:40,892 DEBUG [EBRE22_KeyhandlingSTTL-116708] Executing SelectTestToRun function:
2016-01-28 04:08:44,194 DEBUG [EBRE22_KeyhandlingSTTL-116708] Successfull in selecting clicking the category
2016-01-28 04:08:44,194 DEBUG [EBRE22_KeyhandlingSTTL-116708] TestStepResult of SelectTestToRun: pass
2016-01-28 04:08:44,195 DEBUG [EBRE22_KeyhandlingSTTL-116708] In execute keyword function
2016-01-28 04:08:44,195 DEBUG [EBRE22_KeyhandlingSTTL-116708] Executing ClickRunTest function:
2016-01-28 04:08:44,484 DEBUG [EBRE22_KeyhandlingSTTL-116708] Executing Click function
2016-01-28 04:08:45,511 DEBUG [EBRE22_KeyhandlingSTTL-116708] Exiting Click function
2016-01-28 04:08:45,512 DEBUG [EBRE22_KeyhandlingSTTL-116708] runtest_top_xpath Button clicked Successfully
2016-01-28 04:08:45,512 DEBUG [EBRE22_KeyhandlingSTTL-116708] TestStepResult of ClickRunTest: pass
2016-01-28 04:08:45,512 DEBUG [EBRE22_KeyhandlingSTTL-116708] In execute keyword function
2016-01-28 04:08:45,512 DEBUG [EBRE22_KeyhandlingSTTL-116708] Executing validate_Text_Exists function:
2016-01-28 04:08:45,808 DEBUG [EBRE22_KeyhandlingSTTL-116708] VT187-2580 Testcase Text found
2016-01-28 04:08:45,808 DEBUG [EBRE22_KeyhandlingSTTL-116708] Result of validate_Text_Exists: Pass
2016-01-28 04:08:45,808 DEBUG [EBRE22_KeyhandlingSTTL-116708] In execute keyword function
2016-01-28 04:08:45,808 DEBUG [EBRE22_KeyhandlingSTTL-116708] Executing sendKeyEvents function:
2016-01-28 04:08:45,808 DEBUG [EBRE22_KeyhandlingSTTL-116708] Entered sendKeyEvents function
2016-01-28 04:08:45,809 DEBUG [EBRE22_KeyhandlingSTTL-116708] A
2016-01-28 04:08:45,809 DEBUG [EBRE22_KeyhandlingSTTL-116708] Entered a
2016-01-28 04:08:45,809 DEBUG [EBRE22_KeyhandlingSTTL-116708] Started executeCommandLine function
2016-01-28 04:08:49,829 DEBUG [EBRE22_KeyhandlingSTTL-116708] Exiting from executeCommandLine function
2016-01-28 04:08:49,829 DEBUG [EBRE22_KeyhandlingSTTL-116708] pass
2016-01-28 04:08:49,829 DEBUG [EBRE22_KeyhandlingSTTL-116708] TestStepResult of sendKeyEvents: pass
2016-01-28 04:08:49,829 DEBUG [EBRE22_KeyhandlingSTTL-116708] In execute keyword function
2016-01-28 04:08:49,829 DEBUG [EBRE22_KeyhandlingSTTL-116708] Executing validate_PageTitle function:
2016-01-28 04:08:49,860 DEBUG [EBRE22_KeyhandlingSTTL-116708] The title of the page is *********************************: Navigation Check
2016-01-28 04:08:49,860 DEBUG [EBRE22_KeyhandlingSTTL-116708] The page title found is correct
2016-01-28 04:08:49,860 DEBUG [EBRE22_KeyhandlingSTTL-116708] Result of validate_PageTitle: pass
2016-01-28 04:08:49,860 DEBUG [EBRE22_KeyhandlingSTTL-116708] allstep_result contains: passpasspassPassPassnull
2016-01-28 04:08:49,860 DEBUG [EBRE22_KeyhandlingSTTL-116708] allexpected_result contains: nullpassnullPassnullpassnullpassnull
2016-01-28 04:08:49,860 DEBUG [EBRE22_KeyhandlingSTTL-116708] Testcase_Result contains: nullpassnullPassnullpassnullpassnullpasspasspassPassPassnull
2016-01-28 04:08:49,861 DEBUG [EBRE22_KeyhandlingSTTL-116708] Test case with description KeyValue:All with event URL for alphabets Pass
2016-01-28 04:08:50,849 DEBUG [EBRE22_KeyhandlingSTTL-116708] Executing browser_Quit function
2016-01-28 04:08:50,849 DEBUG [EBRE22_KeyhandlingSTTL-116708] Completed browser_Quit function
2016-01-28 04:08:50,849 DEBUG [EBRE22_KeyhandlingSTTL-116708] Completed quitSelendroid function
2016-01-28 04:08:50,849 DEBUG [EBRE22_KeyhandlingSTTL-116708] Row number:9
2016-01-28 04:08:50,881 DEBUG [EBRE22_KeyhandlingSTTL-116708] Ending Test Case IDSTTL-116708
