2016-01-28 04:06:48,662 DEBUG [EBRE22_KeyhandlingSTTL-116707] Executing Test Case ID: STTL-116707
2016-01-28 04:06:48,670 DEBUG [EBRE22_KeyhandlingSTTL-116707] Executing Init_Selendroid function with APK as parameter and clear data value with 1
2016-01-28 04:06:59,162 DEBUG [EBRE22_KeyhandlingSTTL-116707] Exiting Init_Selendroid function
2016-01-28 04:06:59,178 DEBUG [EBRE22_KeyhandlingSTTL-116707] TestCase with Description "KeyValue:All(Numeric, Arrow, Volume & PTT Keys)JavaScript function" Execution started
2016-01-28 04:06:59,178 DEBUG [EBRE22_KeyhandlingSTTL-116707] In execute keyword function
2016-01-28 04:06:59,178 DEBUG [EBRE22_KeyhandlingSTTL-116707] Executing wait function:
2016-01-28 04:06:59,178 DEBUG [EBRE22_KeyhandlingSTTL-116707] Started Executing wait function
2016-01-28 04:07:04,178 DEBUG [EBRE22_KeyhandlingSTTL-116707] Exiting from wait function
2016-01-28 04:07:04,178 DEBUG [EBRE22_KeyhandlingSTTL-116707] TestStepResult of wait: Pass
2016-01-28 04:07:04,178 DEBUG [EBRE22_KeyhandlingSTTL-116707] In execute keyword function
2016-01-28 04:07:04,178 DEBUG [EBRE22_KeyhandlingSTTL-116707] Executing validate_PageTitle function:
2016-01-28 04:07:04,235 DEBUG [EBRE22_KeyhandlingSTTL-116707] The title of the page is *********************************: RE 2.2 Tests
2016-01-28 04:07:04,235 DEBUG [EBRE22_KeyhandlingSTTL-116707] The page title found is correct
2016-01-28 04:07:04,235 DEBUG [EBRE22_KeyhandlingSTTL-116707] Result of validate_PageTitle: pass
2016-01-28 04:07:04,235 DEBUG [EBRE22_KeyhandlingSTTL-116707] In execute keyword function
2016-01-28 04:07:04,235 DEBUG [EBRE22_KeyhandlingSTTL-116707] Executing link_Click function:
2016-01-28 04:07:04,862 DEBUG [EBRE22_KeyhandlingSTTL-116707] Executing Click function
2016-01-28 04:07:05,894 DEBUG [EBRE22_KeyhandlingSTTL-116707] Exiting Click function
2016-01-28 04:07:05,894 DEBUG [EBRE22_KeyhandlingSTTL-116707] keyhandling_link clicked successfully
2016-01-28 04:07:05,894 DEBUG [EBRE22_KeyhandlingSTTL-116707] TestStepResult of link_Click: Pass
2016-01-28 04:07:05,894 DEBUG [EBRE22_KeyhandlingSTTL-116707] In execute keyword function
2016-01-28 04:07:05,894 DEBUG [EBRE22_KeyhandlingSTTL-116707] Executing validate_PageTitle function:
2016-01-28 04:07:05,926 DEBUG [EBRE22_KeyhandlingSTTL-116707] The title of the page is *********************************: PB and RE2.2 Semi Auto Frame Work : Keyhandling
2016-01-28 04:07:05,927 DEBUG [EBRE22_KeyhandlingSTTL-116707] The page title found is correct
2016-01-28 04:07:05,927 DEBUG [EBRE22_KeyhandlingSTTL-116707] Result of validate_PageTitle: pass
2016-01-28 04:07:05,927 DEBUG [EBRE22_KeyhandlingSTTL-116707] In execute keyword function
2016-01-28 04:07:05,927 DEBUG [EBRE22_KeyhandlingSTTL-116707] Executing SelectTestToRun function:
2016-01-28 04:07:09,206 DEBUG [EBRE22_KeyhandlingSTTL-116707] Successfull in selecting clicking the category
2016-01-28 04:07:09,206 DEBUG [EBRE22_KeyhandlingSTTL-116707] TestStepResult of SelectTestToRun: pass
2016-01-28 04:07:09,206 DEBUG [EBRE22_KeyhandlingSTTL-116707] In execute keyword function
2016-01-28 04:07:09,206 DEBUG [EBRE22_KeyhandlingSTTL-116707] Executing ClickRunTest function:
2016-01-28 04:07:09,552 DEBUG [EBRE22_KeyhandlingSTTL-116707] Executing Click function
2016-01-28 04:07:10,551 DEBUG [EBRE22_KeyhandlingSTTL-116707] Exiting Click function
2016-01-28 04:07:10,551 DEBUG [EBRE22_KeyhandlingSTTL-116707] runtest_top_xpath Button clicked Successfully
2016-01-28 04:07:10,551 DEBUG [EBRE22_KeyhandlingSTTL-116707] TestStepResult of ClickRunTest: pass
2016-01-28 04:07:10,551 DEBUG [EBRE22_KeyhandlingSTTL-116707] In execute keyword function
2016-01-28 04:07:10,551 DEBUG [EBRE22_KeyhandlingSTTL-116707] Executing validate_Text_Exists function:
2016-01-28 04:07:10,777 DEBUG [EBRE22_KeyhandlingSTTL-116707] VT187-2579 Testcase Text found
2016-01-28 04:07:10,777 DEBUG [EBRE22_KeyhandlingSTTL-116707] Result of validate_Text_Exists: Pass
2016-01-28 04:07:10,777 DEBUG [EBRE22_KeyhandlingSTTL-116707] In execute keyword function
2016-01-28 04:07:10,777 DEBUG [EBRE22_KeyhandlingSTTL-116707] Executing sendKeyEvents function:
2016-01-28 04:07:10,777 DEBUG [EBRE22_KeyhandlingSTTL-116707] Entered sendKeyEvents function
2016-01-28 04:07:10,777 DEBUG [EBRE22_KeyhandlingSTTL-116707] Volumeup
2016-01-28 04:07:10,777 DEBUG [EBRE22_KeyhandlingSTTL-116707] Entered volumeup
2016-01-28 04:07:10,777 DEBUG [EBRE22_KeyhandlingSTTL-116707] Started executeCommandLine function
2016-01-28 04:07:14,797 DEBUG [EBRE22_KeyhandlingSTTL-116707] Exiting from executeCommandLine function
2016-01-28 04:07:14,797 DEBUG [EBRE22_KeyhandlingSTTL-116707] pass
2016-01-28 04:07:14,797 DEBUG [EBRE22_KeyhandlingSTTL-116707] TestStepResult of sendKeyEvents: pass
2016-01-28 04:07:14,797 DEBUG [EBRE22_KeyhandlingSTTL-116707] In execute keyword function
2016-01-28 04:07:14,797 DEBUG [EBRE22_KeyhandlingSTTL-116707] Executing validate_keyCaptured function:
2016-01-28 04:07:14,797 DEBUG [EBRE22_KeyhandlingSTTL-116707] Entered validate_keyCaptured function
2016-01-28 04:07:15,107 DEBUG [EBRE22_KeyhandlingSTTL-116707] 24
2016-01-28 04:07:15,107 DEBUG [EBRE22_KeyhandlingSTTL-116707] Actual Value matches Expected
2016-01-28 04:07:15,107 DEBUG [EBRE22_KeyhandlingSTTL-116707] pass
2016-01-28 04:07:15,107 DEBUG [EBRE22_KeyhandlingSTTL-116707] Exiting from validate_keyCaptured function
2016-01-28 04:07:15,107 DEBUG [EBRE22_KeyhandlingSTTL-116707] Result of validate_keyCaptured: pass
2016-01-28 04:07:15,107 DEBUG [EBRE22_KeyhandlingSTTL-116707] In execute keyword function
2016-01-28 04:07:15,107 DEBUG [EBRE22_KeyhandlingSTTL-116707] Executing sendKeyEvents function:
2016-01-28 04:07:15,107 DEBUG [EBRE22_KeyhandlingSTTL-116707] Entered sendKeyEvents function
2016-01-28 04:07:15,107 DEBUG [EBRE22_KeyhandlingSTTL-116707] Volumedown
2016-01-28 04:07:15,107 DEBUG [EBRE22_KeyhandlingSTTL-116707] Entered volumedown
2016-01-28 04:07:15,107 DEBUG [EBRE22_KeyhandlingSTTL-116707] Started executeCommandLine function
2016-01-28 04:07:19,127 DEBUG [EBRE22_KeyhandlingSTTL-116707] Exiting from executeCommandLine function
2016-01-28 04:07:19,127 DEBUG [EBRE22_KeyhandlingSTTL-116707] pass
2016-01-28 04:07:19,127 DEBUG [EBRE22_KeyhandlingSTTL-116707] TestStepResult of sendKeyEvents: pass
2016-01-28 04:07:19,127 DEBUG [EBRE22_KeyhandlingSTTL-116707] In execute keyword function
2016-01-28 04:07:19,127 DEBUG [EBRE22_KeyhandlingSTTL-116707] Executing validate_keyCaptured function:
2016-01-28 04:07:19,127 DEBUG [EBRE22_KeyhandlingSTTL-116707] Entered validate_keyCaptured function
2016-01-28 04:07:19,308 DEBUG [EBRE22_KeyhandlingSTTL-116707] 25
2016-01-28 04:07:19,308 DEBUG [EBRE22_KeyhandlingSTTL-116707] Actual Value matches Expected
2016-01-28 04:07:19,308 DEBUG [EBRE22_KeyhandlingSTTL-116707] pass
2016-01-28 04:07:19,308 DEBUG [EBRE22_KeyhandlingSTTL-116707] Exiting from validate_keyCaptured function
2016-01-28 04:07:19,308 DEBUG [EBRE22_KeyhandlingSTTL-116707] Result of validate_keyCaptured: pass
2016-01-28 04:07:19,308 DEBUG [EBRE22_KeyhandlingSTTL-116707] In execute keyword function
2016-01-28 04:07:19,308 DEBUG [EBRE22_KeyhandlingSTTL-116707] Executing sendKeyEvents function:
2016-01-28 04:07:19,308 DEBUG [EBRE22_KeyhandlingSTTL-116707] Entered sendKeyEvents function
2016-01-28 04:07:19,308 DEBUG [EBRE22_KeyhandlingSTTL-116707] PTTKey
2016-01-28 04:07:19,308 DEBUG [EBRE22_KeyhandlingSTTL-116707] Entered PTTKey
2016-01-28 04:07:19,308 DEBUG [EBRE22_KeyhandlingSTTL-116707] Started executeCommandLine function
2016-01-28 04:07:23,327 DEBUG [EBRE22_KeyhandlingSTTL-116707] Exiting from executeCommandLine function
2016-01-28 04:07:23,327 DEBUG [EBRE22_KeyhandlingSTTL-116707] pass
2016-01-28 04:07:23,327 DEBUG [EBRE22_KeyhandlingSTTL-116707] TestStepResult of sendKeyEvents: pass
2016-01-28 04:07:23,327 DEBUG [EBRE22_KeyhandlingSTTL-116707] In execute keyword function
2016-01-28 04:07:23,327 DEBUG [EBRE22_KeyhandlingSTTL-116707] Executing validate_keyCaptured function:
2016-01-28 04:07:23,327 DEBUG [EBRE22_KeyhandlingSTTL-116707] Entered validate_keyCaptured function
2016-01-28 04:07:23,543 DEBUG [EBRE22_KeyhandlingSTTL-116707] 25
2016-01-28 04:07:23,543 DEBUG [EBRE22_KeyhandlingSTTL-116707] Actual Value does not match Expected
2016-01-28 04:07:23,543 DEBUG [EBRE22_KeyhandlingSTTL-116707] fail
2016-01-28 04:07:23,543 DEBUG [EBRE22_KeyhandlingSTTL-116707] Exiting from validate_keyCaptured function
2016-01-28 04:07:23,543 DEBUG [EBRE22_KeyhandlingSTTL-116707] Result of validate_keyCaptured: fail
2016-01-28 04:07:23,543 DEBUG [EBRE22_KeyhandlingSTTL-116707] In execute keyword function
2016-01-28 04:07:23,543 DEBUG [EBRE22_KeyhandlingSTTL-116707] Executing sendKeyEvents function:
2016-01-28 04:07:23,543 DEBUG [EBRE22_KeyhandlingSTTL-116707] Entered sendKeyEvents function
2016-01-28 04:07:23,543 DEBUG [EBRE22_KeyhandlingSTTL-116707] 0
2016-01-28 04:07:23,543 DEBUG [EBRE22_KeyhandlingSTTL-116707] Entered 0
2016-01-28 04:07:23,543 DEBUG [EBRE22_KeyhandlingSTTL-116707] Started executeCommandLine function
2016-01-28 04:07:27,564 DEBUG [EBRE22_KeyhandlingSTTL-116707] Exiting from executeCommandLine function
2016-01-28 04:07:27,564 DEBUG [EBRE22_KeyhandlingSTTL-116707] pass
2016-01-28 04:07:27,564 DEBUG [EBRE22_KeyhandlingSTTL-116707] TestStepResult of sendKeyEvents: pass
2016-01-28 04:07:27,564 DEBUG [EBRE22_KeyhandlingSTTL-116707] In execute keyword function
2016-01-28 04:07:27,564 DEBUG [EBRE22_KeyhandlingSTTL-116707] Executing validate_keyCaptured function:
2016-01-28 04:07:27,564 DEBUG [EBRE22_KeyhandlingSTTL-116707] Entered validate_keyCaptured function
2016-01-28 04:07:27,748 DEBUG [EBRE22_KeyhandlingSTTL-116707] 7
2016-01-28 04:07:27,748 DEBUG [EBRE22_KeyhandlingSTTL-116707] Actual Value matches Expected
2016-01-28 04:07:27,748 DEBUG [EBRE22_KeyhandlingSTTL-116707] pass
2016-01-28 04:07:27,748 DEBUG [EBRE22_KeyhandlingSTTL-116707] Exiting from validate_keyCaptured function
2016-01-28 04:07:27,748 DEBUG [EBRE22_KeyhandlingSTTL-116707] Result of validate_keyCaptured: pass
2016-01-28 04:07:27,748 DEBUG [EBRE22_KeyhandlingSTTL-116707] In execute keyword function
2016-01-28 04:07:27,748 DEBUG [EBRE22_KeyhandlingSTTL-116707] Executing sendKeyEvents function:
2016-01-28 04:07:27,748 DEBUG [EBRE22_KeyhandlingSTTL-116707] Entered sendKeyEvents function
2016-01-28 04:07:27,748 DEBUG [EBRE22_KeyhandlingSTTL-116707] 1
2016-01-28 04:07:27,748 DEBUG [EBRE22_KeyhandlingSTTL-116707] Entered 1
2016-01-28 04:07:27,748 DEBUG [EBRE22_KeyhandlingSTTL-116707] Started executeCommandLine function
2016-01-28 04:07:31,768 DEBUG [EBRE22_KeyhandlingSTTL-116707] Exiting from executeCommandLine function
2016-01-28 04:07:31,768 DEBUG [EBRE22_KeyhandlingSTTL-116707] pass
2016-01-28 04:07:31,768 DEBUG [EBRE22_KeyhandlingSTTL-116707] TestStepResult of sendKeyEvents: pass
2016-01-28 04:07:31,768 DEBUG [EBRE22_KeyhandlingSTTL-116707] In execute keyword function
2016-01-28 04:07:31,768 DEBUG [EBRE22_KeyhandlingSTTL-116707] Executing validate_keyCaptured function:
2016-01-28 04:07:31,768 DEBUG [EBRE22_KeyhandlingSTTL-116707] Entered validate_keyCaptured function
2016-01-28 04:07:31,946 DEBUG [EBRE22_KeyhandlingSTTL-116707] 8
2016-01-28 04:07:31,946 DEBUG [EBRE22_KeyhandlingSTTL-116707] Actual Value matches Expected
2016-01-28 04:07:31,946 DEBUG [EBRE22_KeyhandlingSTTL-116707] pass
2016-01-28 04:07:31,946 DEBUG [EBRE22_KeyhandlingSTTL-116707] Exiting from validate_keyCaptured function
2016-01-28 04:07:31,946 DEBUG [EBRE22_KeyhandlingSTTL-116707] Result of validate_keyCaptured: pass
2016-01-28 04:07:31,946 DEBUG [EBRE22_KeyhandlingSTTL-116707] In execute keyword function
2016-01-28 04:07:31,946 DEBUG [EBRE22_KeyhandlingSTTL-116707] Executing sendKeyEvents function:
2016-01-28 04:07:31,946 DEBUG [EBRE22_KeyhandlingSTTL-116707] Entered sendKeyEvents function
2016-01-28 04:07:31,946 DEBUG [EBRE22_KeyhandlingSTTL-116707] 2
2016-01-28 04:07:31,946 DEBUG [EBRE22_KeyhandlingSTTL-116707] Entered 2
2016-01-28 04:07:31,946 DEBUG [EBRE22_KeyhandlingSTTL-116707] Started executeCommandLine function
2016-01-28 04:07:35,967 DEBUG [EBRE22_KeyhandlingSTTL-116707] Exiting from executeCommandLine function
2016-01-28 04:07:35,967 DEBUG [EBRE22_KeyhandlingSTTL-116707] pass
2016-01-28 04:07:35,967 DEBUG [EBRE22_KeyhandlingSTTL-116707] TestStepResult of sendKeyEvents: pass
2016-01-28 04:07:35,967 DEBUG [EBRE22_KeyhandlingSTTL-116707] In execute keyword function
2016-01-28 04:07:35,967 DEBUG [EBRE22_KeyhandlingSTTL-116707] Executing validate_keyCaptured function:
2016-01-28 04:07:35,967 DEBUG [EBRE22_KeyhandlingSTTL-116707] Entered validate_keyCaptured function
2016-01-28 04:07:36,137 DEBUG [EBRE22_KeyhandlingSTTL-116707] 9
2016-01-28 04:07:36,137 DEBUG [EBRE22_KeyhandlingSTTL-116707] Actual Value matches Expected
2016-01-28 04:07:36,137 DEBUG [EBRE22_KeyhandlingSTTL-116707] pass
2016-01-28 04:07:36,137 DEBUG [EBRE22_KeyhandlingSTTL-116707] Exiting from validate_keyCaptured function
2016-01-28 04:07:36,137 DEBUG [EBRE22_KeyhandlingSTTL-116707] Result of validate_keyCaptured: pass
2016-01-28 04:07:36,137 DEBUG [EBRE22_KeyhandlingSTTL-116707] In execute keyword function
2016-01-28 04:07:36,137 DEBUG [EBRE22_KeyhandlingSTTL-116707] Executing sendKeyEvents function:
2016-01-28 04:07:36,137 DEBUG [EBRE22_KeyhandlingSTTL-116707] Entered sendKeyEvents function
2016-01-28 04:07:36,137 DEBUG [EBRE22_KeyhandlingSTTL-116707] 3
2016-01-28 04:07:36,137 DEBUG [EBRE22_KeyhandlingSTTL-116707] Entered 3
2016-01-28 04:07:36,137 DEBUG [EBRE22_KeyhandlingSTTL-116707] Started executeCommandLine function
2016-01-28 04:07:40,157 DEBUG [EBRE22_KeyhandlingSTTL-116707] Exiting from executeCommandLine function
2016-01-28 04:07:40,157 DEBUG [EBRE22_KeyhandlingSTTL-116707] pass
2016-01-28 04:07:40,157 DEBUG [EBRE22_KeyhandlingSTTL-116707] TestStepResult of sendKeyEvents: pass
2016-01-28 04:07:40,157 DEBUG [EBRE22_KeyhandlingSTTL-116707] In execute keyword function
2016-01-28 04:07:40,157 DEBUG [EBRE22_KeyhandlingSTTL-116707] Executing validate_keyCaptured function:
2016-01-28 04:07:40,157 DEBUG [EBRE22_KeyhandlingSTTL-116707] Entered validate_keyCaptured function
2016-01-28 04:07:40,353 DEBUG [EBRE22_KeyhandlingSTTL-116707] 10
2016-01-28 04:07:40,353 DEBUG [EBRE22_KeyhandlingSTTL-116707] Actual Value matches Expected
2016-01-28 04:07:40,353 DEBUG [EBRE22_KeyhandlingSTTL-116707] pass
2016-01-28 04:07:40,353 DEBUG [EBRE22_KeyhandlingSTTL-116707] Exiting from validate_keyCaptured function
2016-01-28 04:07:40,353 DEBUG [EBRE22_KeyhandlingSTTL-116707] Result of validate_keyCaptured: pass
2016-01-28 04:07:40,353 DEBUG [EBRE22_KeyhandlingSTTL-116707] In execute keyword function
2016-01-28 04:07:40,353 DEBUG [EBRE22_KeyhandlingSTTL-116707] Executing sendKeyEvents function:
2016-01-28 04:07:40,353 DEBUG [EBRE22_KeyhandlingSTTL-116707] Entered sendKeyEvents function
2016-01-28 04:07:40,353 DEBUG [EBRE22_KeyhandlingSTTL-116707] 4
2016-01-28 04:07:40,353 DEBUG [EBRE22_KeyhandlingSTTL-116707] Entered 4
2016-01-28 04:07:40,353 DEBUG [EBRE22_KeyhandlingSTTL-116707] Started executeCommandLine function
2016-01-28 04:07:44,374 DEBUG [EBRE22_KeyhandlingSTTL-116707] Exiting from executeCommandLine function
2016-01-28 04:07:44,374 DEBUG [EBRE22_KeyhandlingSTTL-116707] pass
2016-01-28 04:07:44,374 DEBUG [EBRE22_KeyhandlingSTTL-116707] TestStepResult of sendKeyEvents: pass
2016-01-28 04:07:44,374 DEBUG [EBRE22_KeyhandlingSTTL-116707] In execute keyword function
2016-01-28 04:07:44,374 DEBUG [EBRE22_KeyhandlingSTTL-116707] Executing validate_keyCaptured function:
2016-01-28 04:07:44,374 DEBUG [EBRE22_KeyhandlingSTTL-116707] Entered validate_keyCaptured function
2016-01-28 04:07:44,569 DEBUG [EBRE22_KeyhandlingSTTL-116707] 11
2016-01-28 04:07:44,569 DEBUG [EBRE22_KeyhandlingSTTL-116707] Actual Value matches Expected
2016-01-28 04:07:44,569 DEBUG [EBRE22_KeyhandlingSTTL-116707] pass
2016-01-28 04:07:44,569 DEBUG [EBRE22_KeyhandlingSTTL-116707] Exiting from validate_keyCaptured function
2016-01-28 04:07:44,569 DEBUG [EBRE22_KeyhandlingSTTL-116707] Result of validate_keyCaptured: pass
2016-01-28 04:07:44,569 DEBUG [EBRE22_KeyhandlingSTTL-116707] In execute keyword function
2016-01-28 04:07:44,569 DEBUG [EBRE22_KeyhandlingSTTL-116707] Executing sendKeyEvents function:
2016-01-28 04:07:44,570 DEBUG [EBRE22_KeyhandlingSTTL-116707] Entered sendKeyEvents function
2016-01-28 04:07:44,570 DEBUG [EBRE22_KeyhandlingSTTL-116707] 5
2016-01-28 04:07:44,570 DEBUG [EBRE22_KeyhandlingSTTL-116707] Entered 5
2016-01-28 04:07:44,570 DEBUG [EBRE22_KeyhandlingSTTL-116707] Started executeCommandLine function
2016-01-28 04:07:48,590 DEBUG [EBRE22_KeyhandlingSTTL-116707] Exiting from executeCommandLine function
2016-01-28 04:07:48,590 DEBUG [EBRE22_KeyhandlingSTTL-116707] pass
2016-01-28 04:07:48,590 DEBUG [EBRE22_KeyhandlingSTTL-116707] TestStepResult of sendKeyEvents: pass
2016-01-28 04:07:48,590 DEBUG [EBRE22_KeyhandlingSTTL-116707] In execute keyword function
2016-01-28 04:07:48,590 DEBUG [EBRE22_KeyhandlingSTTL-116707] Executing validate_keyCaptured function:
2016-01-28 04:07:48,590 DEBUG [EBRE22_KeyhandlingSTTL-116707] Entered validate_keyCaptured function
2016-01-28 04:07:48,800 DEBUG [EBRE22_KeyhandlingSTTL-116707] 12
2016-01-28 04:07:48,800 DEBUG [EBRE22_KeyhandlingSTTL-116707] Actual Value matches Expected
2016-01-28 04:07:48,800 DEBUG [EBRE22_KeyhandlingSTTL-116707] pass
2016-01-28 04:07:48,800 DEBUG [EBRE22_KeyhandlingSTTL-116707] Exiting from validate_keyCaptured function
2016-01-28 04:07:48,800 DEBUG [EBRE22_KeyhandlingSTTL-116707] Result of validate_keyCaptured: pass
2016-01-28 04:07:48,800 DEBUG [EBRE22_KeyhandlingSTTL-116707] In execute keyword function
2016-01-28 04:07:48,800 DEBUG [EBRE22_KeyhandlingSTTL-116707] Executing sendKeyEvents function:
2016-01-28 04:07:48,800 DEBUG [EBRE22_KeyhandlingSTTL-116707] Entered sendKeyEvents function
2016-01-28 04:07:48,800 DEBUG [EBRE22_KeyhandlingSTTL-116707] 6
2016-01-28 04:07:48,800 DEBUG [EBRE22_KeyhandlingSTTL-116707] Entered 6
2016-01-28 04:07:48,800 DEBUG [EBRE22_KeyhandlingSTTL-116707] Started executeCommandLine function
2016-01-28 04:07:52,820 DEBUG [EBRE22_KeyhandlingSTTL-116707] Exiting from executeCommandLine function
2016-01-28 04:07:52,820 DEBUG [EBRE22_KeyhandlingSTTL-116707] pass
2016-01-28 04:07:52,820 DEBUG [EBRE22_KeyhandlingSTTL-116707] TestStepResult of sendKeyEvents: pass
2016-01-28 04:07:52,820 DEBUG [EBRE22_KeyhandlingSTTL-116707] In execute keyword function
2016-01-28 04:07:52,820 DEBUG [EBRE22_KeyhandlingSTTL-116707] Executing validate_keyCaptured function:
2016-01-28 04:07:52,820 DEBUG [EBRE22_KeyhandlingSTTL-116707] Entered validate_keyCaptured function
2016-01-28 04:07:53,021 DEBUG [EBRE22_KeyhandlingSTTL-116707] 13
2016-01-28 04:07:53,021 DEBUG [EBRE22_KeyhandlingSTTL-116707] Actual Value matches Expected
2016-01-28 04:07:53,021 DEBUG [EBRE22_KeyhandlingSTTL-116707] pass
2016-01-28 04:07:53,021 DEBUG [EBRE22_KeyhandlingSTTL-116707] Exiting from validate_keyCaptured function
2016-01-28 04:07:53,021 DEBUG [EBRE22_KeyhandlingSTTL-116707] Result of validate_keyCaptured: pass
2016-01-28 04:07:53,022 DEBUG [EBRE22_KeyhandlingSTTL-116707] In execute keyword function
2016-01-28 04:07:53,022 DEBUG [EBRE22_KeyhandlingSTTL-116707] Executing sendKeyEvents function:
2016-01-28 04:07:53,022 DEBUG [EBRE22_KeyhandlingSTTL-116707] Entered sendKeyEvents function
2016-01-28 04:07:53,022 DEBUG [EBRE22_KeyhandlingSTTL-116707] 7
2016-01-28 04:07:53,022 DEBUG [EBRE22_KeyhandlingSTTL-116707] Entered 7
2016-01-28 04:07:53,022 DEBUG [EBRE22_KeyhandlingSTTL-116707] Started executeCommandLine function
2016-01-28 04:07:57,042 DEBUG [EBRE22_KeyhandlingSTTL-116707] Exiting from executeCommandLine function
2016-01-28 04:07:57,042 DEBUG [EBRE22_KeyhandlingSTTL-116707] pass
2016-01-28 04:07:57,042 DEBUG [EBRE22_KeyhandlingSTTL-116707] TestStepResult of sendKeyEvents: pass
2016-01-28 04:07:57,042 DEBUG [EBRE22_KeyhandlingSTTL-116707] In execute keyword function
2016-01-28 04:07:57,042 DEBUG [EBRE22_KeyhandlingSTTL-116707] Executing validate_keyCaptured function:
2016-01-28 04:07:57,042 DEBUG [EBRE22_KeyhandlingSTTL-116707] Entered validate_keyCaptured function
2016-01-28 04:07:57,271 DEBUG [EBRE22_KeyhandlingSTTL-116707] 14
2016-01-28 04:07:57,271 DEBUG [EBRE22_KeyhandlingSTTL-116707] Actual Value matches Expected
2016-01-28 04:07:57,271 DEBUG [EBRE22_KeyhandlingSTTL-116707] pass
2016-01-28 04:07:57,271 DEBUG [EBRE22_KeyhandlingSTTL-116707] Exiting from validate_keyCaptured function
2016-01-28 04:07:57,271 DEBUG [EBRE22_KeyhandlingSTTL-116707] Result of validate_keyCaptured: pass
2016-01-28 04:07:57,271 DEBUG [EBRE22_KeyhandlingSTTL-116707] In execute keyword function
2016-01-28 04:07:57,271 DEBUG [EBRE22_KeyhandlingSTTL-116707] Executing sendKeyEvents function:
2016-01-28 04:07:57,271 DEBUG [EBRE22_KeyhandlingSTTL-116707] Entered sendKeyEvents function
2016-01-28 04:07:57,271 DEBUG [EBRE22_KeyhandlingSTTL-116707] 8
2016-01-28 04:07:57,271 DEBUG [EBRE22_KeyhandlingSTTL-116707] Entered 8
2016-01-28 04:07:57,271 DEBUG [EBRE22_KeyhandlingSTTL-116707] Started executeCommandLine function
2016-01-28 04:08:01,291 DEBUG [EBRE22_KeyhandlingSTTL-116707] Exiting from executeCommandLine function
2016-01-28 04:08:01,291 DEBUG [EBRE22_KeyhandlingSTTL-116707] pass
2016-01-28 04:08:01,291 DEBUG [EBRE22_KeyhandlingSTTL-116707] TestStepResult of sendKeyEvents: pass
2016-01-28 04:08:01,291 DEBUG [EBRE22_KeyhandlingSTTL-116707] In execute keyword function
2016-01-28 04:08:01,291 DEBUG [EBRE22_KeyhandlingSTTL-116707] Executing validate_keyCaptured function:
2016-01-28 04:08:01,291 DEBUG [EBRE22_KeyhandlingSTTL-116707] Entered validate_keyCaptured function
2016-01-28 04:08:01,456 DEBUG [EBRE22_KeyhandlingSTTL-116707] 15
2016-01-28 04:08:01,456 DEBUG [EBRE22_KeyhandlingSTTL-116707] Actual Value matches Expected
2016-01-28 04:08:01,456 DEBUG [EBRE22_KeyhandlingSTTL-116707] pass
2016-01-28 04:08:01,456 DEBUG [EBRE22_KeyhandlingSTTL-116707] Exiting from validate_keyCaptured function
2016-01-28 04:08:01,456 DEBUG [EBRE22_KeyhandlingSTTL-116707] Result of validate_keyCaptured: pass
2016-01-28 04:08:01,456 DEBUG [EBRE22_KeyhandlingSTTL-116707] In execute keyword function
2016-01-28 04:08:01,456 DEBUG [EBRE22_KeyhandlingSTTL-116707] Executing sendKeyEvents function:
2016-01-28 04:08:01,456 DEBUG [EBRE22_KeyhandlingSTTL-116707] Entered sendKeyEvents function
2016-01-28 04:08:01,456 DEBUG [EBRE22_KeyhandlingSTTL-116707] 9
2016-01-28 04:08:01,456 DEBUG [EBRE22_KeyhandlingSTTL-116707] Entered 9
2016-01-28 04:08:01,456 DEBUG [EBRE22_KeyhandlingSTTL-116707] Started executeCommandLine function
2016-01-28 04:08:05,475 DEBUG [EBRE22_KeyhandlingSTTL-116707] Exiting from executeCommandLine function
2016-01-28 04:08:05,475 DEBUG [EBRE22_KeyhandlingSTTL-116707] pass
2016-01-28 04:08:05,475 DEBUG [EBRE22_KeyhandlingSTTL-116707] TestStepResult of sendKeyEvents: pass
2016-01-28 04:08:05,475 DEBUG [EBRE22_KeyhandlingSTTL-116707] In execute keyword function
2016-01-28 04:08:05,475 DEBUG [EBRE22_KeyhandlingSTTL-116707] Executing validate_keyCaptured function:
2016-01-28 04:08:05,475 DEBUG [EBRE22_KeyhandlingSTTL-116707] Entered validate_keyCaptured function
2016-01-28 04:08:05,670 DEBUG [EBRE22_KeyhandlingSTTL-116707] 16
2016-01-28 04:08:05,670 DEBUG [EBRE22_KeyhandlingSTTL-116707] Actual Value matches Expected
2016-01-28 04:08:05,670 DEBUG [EBRE22_KeyhandlingSTTL-116707] pass
2016-01-28 04:08:05,670 DEBUG [EBRE22_KeyhandlingSTTL-116707] Exiting from validate_keyCaptured function
2016-01-28 04:08:05,670 DEBUG [EBRE22_KeyhandlingSTTL-116707] Result of validate_keyCaptured: pass
2016-01-28 04:08:05,670 DEBUG [EBRE22_KeyhandlingSTTL-116707] In execute keyword function
2016-01-28 04:08:05,670 DEBUG [EBRE22_KeyhandlingSTTL-116707] Executing sendKeyEvents function:
2016-01-28 04:08:05,670 DEBUG [EBRE22_KeyhandlingSTTL-116707] Entered sendKeyEvents function
2016-01-28 04:08:05,670 DEBUG [EBRE22_KeyhandlingSTTL-116707] UpArrow
2016-01-28 04:08:05,670 DEBUG [EBRE22_KeyhandlingSTTL-116707] Entered UpArrowkey
2016-01-28 04:08:05,670 DEBUG [EBRE22_KeyhandlingSTTL-116707] Started executeCommandLine function
2016-01-28 04:08:09,690 DEBUG [EBRE22_KeyhandlingSTTL-116707] Exiting from executeCommandLine function
2016-01-28 04:08:09,690 DEBUG [EBRE22_KeyhandlingSTTL-116707] pass
2016-01-28 04:08:09,690 DEBUG [EBRE22_KeyhandlingSTTL-116707] TestStepResult of sendKeyEvents: pass
2016-01-28 04:08:09,690 DEBUG [EBRE22_KeyhandlingSTTL-116707] In execute keyword function
2016-01-28 04:08:09,690 DEBUG [EBRE22_KeyhandlingSTTL-116707] Executing validate_keyCaptured function:
2016-01-28 04:08:09,690 DEBUG [EBRE22_KeyhandlingSTTL-116707] Entered validate_keyCaptured function
2016-01-28 04:08:09,854 DEBUG [EBRE22_KeyhandlingSTTL-116707] 19
2016-01-28 04:08:09,854 DEBUG [EBRE22_KeyhandlingSTTL-116707] Actual Value matches Expected
2016-01-28 04:08:09,854 DEBUG [EBRE22_KeyhandlingSTTL-116707] pass
2016-01-28 04:08:09,854 DEBUG [EBRE22_KeyhandlingSTTL-116707] Exiting from validate_keyCaptured function
2016-01-28 04:08:09,854 DEBUG [EBRE22_KeyhandlingSTTL-116707] Result of validate_keyCaptured: pass
2016-01-28 04:08:09,854 DEBUG [EBRE22_KeyhandlingSTTL-116707] In execute keyword function
2016-01-28 04:08:09,854 DEBUG [EBRE22_KeyhandlingSTTL-116707] Executing sendKeyEvents function:
2016-01-28 04:08:09,854 DEBUG [EBRE22_KeyhandlingSTTL-116707] Entered sendKeyEvents function
2016-01-28 04:08:09,854 DEBUG [EBRE22_KeyhandlingSTTL-116707] DownArrow
2016-01-28 04:08:09,854 DEBUG [EBRE22_KeyhandlingSTTL-116707] Entered DownArrowkey
2016-01-28 04:08:09,854 DEBUG [EBRE22_KeyhandlingSTTL-116707] Started executeCommandLine function
2016-01-28 04:08:13,873 DEBUG [EBRE22_KeyhandlingSTTL-116707] Exiting from executeCommandLine function
2016-01-28 04:08:13,873 DEBUG [EBRE22_KeyhandlingSTTL-116707] pass
2016-01-28 04:08:13,873 DEBUG [EBRE22_KeyhandlingSTTL-116707] TestStepResult of sendKeyEvents: pass
2016-01-28 04:08:13,873 DEBUG [EBRE22_KeyhandlingSTTL-116707] In execute keyword function
2016-01-28 04:08:13,873 DEBUG [EBRE22_KeyhandlingSTTL-116707] Executing validate_keyCaptured function:
2016-01-28 04:08:13,873 DEBUG [EBRE22_KeyhandlingSTTL-116707] Entered validate_keyCaptured function
2016-01-28 04:08:14,107 DEBUG [EBRE22_KeyhandlingSTTL-116707] 20
2016-01-28 04:08:14,107 DEBUG [EBRE22_KeyhandlingSTTL-116707] Actual Value matches Expected
2016-01-28 04:08:14,107 DEBUG [EBRE22_KeyhandlingSTTL-116707] pass
2016-01-28 04:08:14,107 DEBUG [EBRE22_KeyhandlingSTTL-116707] Exiting from validate_keyCaptured function
2016-01-28 04:08:14,107 DEBUG [EBRE22_KeyhandlingSTTL-116707] Result of validate_keyCaptured: pass
2016-01-28 04:08:14,107 DEBUG [EBRE22_KeyhandlingSTTL-116707] In execute keyword function
2016-01-28 04:08:14,107 DEBUG [EBRE22_KeyhandlingSTTL-116707] Executing sendKeyEvents function:
2016-01-28 04:08:14,107 DEBUG [EBRE22_KeyhandlingSTTL-116707] Entered sendKeyEvents function
2016-01-28 04:08:14,107 DEBUG [EBRE22_KeyhandlingSTTL-116707] LeftArrow
2016-01-28 04:08:14,107 DEBUG [EBRE22_KeyhandlingSTTL-116707] Entered LeftArrowkey
2016-01-28 04:08:14,107 DEBUG [EBRE22_KeyhandlingSTTL-116707] Started executeCommandLine function
2016-01-28 04:08:18,127 DEBUG [EBRE22_KeyhandlingSTTL-116707] Exiting from executeCommandLine function
2016-01-28 04:08:18,127 DEBUG [EBRE22_KeyhandlingSTTL-116707] pass
2016-01-28 04:08:18,127 DEBUG [EBRE22_KeyhandlingSTTL-116707] TestStepResult of sendKeyEvents: pass
2016-01-28 04:08:18,127 DEBUG [EBRE22_KeyhandlingSTTL-116707] In execute keyword function
2016-01-28 04:08:18,127 DEBUG [EBRE22_KeyhandlingSTTL-116707] Executing validate_keyCaptured function:
2016-01-28 04:08:18,127 DEBUG [EBRE22_KeyhandlingSTTL-116707] Entered validate_keyCaptured function
2016-01-28 04:08:18,300 DEBUG [EBRE22_KeyhandlingSTTL-116707] 21
2016-01-28 04:08:18,300 DEBUG [EBRE22_KeyhandlingSTTL-116707] Actual Value matches Expected
2016-01-28 04:08:18,300 DEBUG [EBRE22_KeyhandlingSTTL-116707] pass
2016-01-28 04:08:18,300 DEBUG [EBRE22_KeyhandlingSTTL-116707] Exiting from validate_keyCaptured function
2016-01-28 04:08:18,300 DEBUG [EBRE22_KeyhandlingSTTL-116707] Result of validate_keyCaptured: pass
2016-01-28 04:08:18,300 DEBUG [EBRE22_KeyhandlingSTTL-116707] In execute keyword function
2016-01-28 04:08:18,300 DEBUG [EBRE22_KeyhandlingSTTL-116707] Executing sendKeyEvents function:
2016-01-28 04:08:18,300 DEBUG [EBRE22_KeyhandlingSTTL-116707] Entered sendKeyEvents function
2016-01-28 04:08:18,300 DEBUG [EBRE22_KeyhandlingSTTL-116707] RightArrow
2016-01-28 04:08:18,300 DEBUG [EBRE22_KeyhandlingSTTL-116707] Entered RightArrowkey
2016-01-28 04:08:18,300 DEBUG [EBRE22_KeyhandlingSTTL-116707] Started executeCommandLine function
2016-01-28 04:08:22,320 DEBUG [EBRE22_KeyhandlingSTTL-116707] Exiting from executeCommandLine function
2016-01-28 04:08:22,320 DEBUG [EBRE22_KeyhandlingSTTL-116707] pass
2016-01-28 04:08:22,320 DEBUG [EBRE22_KeyhandlingSTTL-116707] TestStepResult of sendKeyEvents: pass
2016-01-28 04:08:22,320 DEBUG [EBRE22_KeyhandlingSTTL-116707] In execute keyword function
2016-01-28 04:08:22,320 DEBUG [EBRE22_KeyhandlingSTTL-116707] Executing validate_keyCaptured function:
2016-01-28 04:08:22,320 DEBUG [EBRE22_KeyhandlingSTTL-116707] Entered validate_keyCaptured function
2016-01-28 04:08:22,541 DEBUG [EBRE22_KeyhandlingSTTL-116707] 22
2016-01-28 04:08:22,541 DEBUG [EBRE22_KeyhandlingSTTL-116707] Actual Value matches Expected
2016-01-28 04:08:22,541 DEBUG [EBRE22_KeyhandlingSTTL-116707] pass
2016-01-28 04:08:22,541 DEBUG [EBRE22_KeyhandlingSTTL-116707] Exiting from validate_keyCaptured function
2016-01-28 04:08:22,541 DEBUG [EBRE22_KeyhandlingSTTL-116707] Result of validate_keyCaptured: pass
2016-01-28 04:08:22,541 DEBUG [EBRE22_KeyhandlingSTTL-116707] allstep_result contains: passpasspasspasspasspasspasspasspasspasspasspasspasspasspasspasspasspasspassPassPassnull
2016-01-28 04:08:22,541 DEBUG [EBRE22_KeyhandlingSTTL-116707] allexpected_result contains: nullpassnullpassnullpassnullpassnullpassnullpassnullpassnullpassnullpassnullpassnullpassnullpassnullpassnullpassnullfailnullpassnullpassnullPassnullpassnullpassnull
2016-01-28 04:08:22,541 DEBUG [EBRE22_KeyhandlingSTTL-116707] Testcase_Result contains: nullpassnullpassnullpassnullpassnullpassnullpassnullpassnullpassnullpassnullpassnullpassnullpassnullpassnullpassnullfailnullpassnullpassnullPassnullpassnullpassnullpasspasspasspasspasspasspasspasspasspasspasspasspasspasspasspasspasspasspassPassPassnull
2016-01-28 04:08:22,541 DEBUG [EBRE22_KeyhandlingSTTL-116707] Test case with description KeyValue:All(Numeric, Arrow, Volume & PTT Keys)JavaScript function Fail
2016-01-28 04:08:23,487 DEBUG [EBRE22_KeyhandlingSTTL-116707] Executing browser_Quit function
2016-01-28 04:08:23,487 DEBUG [EBRE22_KeyhandlingSTTL-116707] Completed browser_Quit function
2016-01-28 04:08:23,487 DEBUG [EBRE22_KeyhandlingSTTL-116707] Completed quitSelendroid function
2016-01-28 04:08:23,488 DEBUG [EBRE22_KeyhandlingSTTL-116707] Row number:8
