2016-01-28 04:29:54,080 DEBUG [EBRE22_KeyhandlingSTTL-116721] Executing Test Case ID: STTL-116721
2016-01-28 04:29:54,103 DEBUG [EBRE22_KeyhandlingSTTL-116721] Executing Init_Selendroid function with APK as parameter and clear data value with 1
2016-01-28 04:30:04,642 DEBUG [EBRE22_KeyhandlingSTTL-116721] Exiting Init_Selendroid function
2016-01-28 04:30:04,658 DEBUG [EBRE22_KeyhandlingSTTL-116721] TestCase with Description "Keyvalue 8
Remap:9
(Remap 1 to 2)" Execution started
2016-01-28 04:30:04,658 DEBUG [EBRE22_KeyhandlingSTTL-116721] In execute keyword function
2016-01-28 04:30:04,658 DEBUG [EBRE22_KeyhandlingSTTL-116721] Executing wait function:
2016-01-28 04:30:04,658 DEBUG [EBRE22_KeyhandlingSTTL-116721] Started Executing wait function
2016-01-28 04:30:09,658 DEBUG [EBRE22_KeyhandlingSTTL-116721] Exiting from wait function
2016-01-28 04:30:09,658 DEBUG [EBRE22_KeyhandlingSTTL-116721] TestStepResult of wait: Pass
2016-01-28 04:30:09,658 DEBUG [EBRE22_KeyhandlingSTTL-116721] In execute keyword function
2016-01-28 04:30:09,658 DEBUG [EBRE22_KeyhandlingSTTL-116721] Executing validate_PageTitle function:
2016-01-28 04:30:09,696 DEBUG [EBRE22_KeyhandlingSTTL-116721] The title of the page is *********************************: RE 2.2 Tests
2016-01-28 04:30:09,696 DEBUG [EBRE22_KeyhandlingSTTL-116721] The page title found is correct
2016-01-28 04:30:09,696 DEBUG [EBRE22_KeyhandlingSTTL-116721] Result of validate_PageTitle: pass
2016-01-28 04:30:09,696 DEBUG [EBRE22_KeyhandlingSTTL-116721] In execute keyword function
2016-01-28 04:30:09,696 DEBUG [EBRE22_KeyhandlingSTTL-116721] Executing link_Click function:
2016-01-28 04:30:10,323 DEBUG [EBRE22_KeyhandlingSTTL-116721] Executing Click function
2016-01-28 04:30:11,362 DEBUG [EBRE22_KeyhandlingSTTL-116721] Exiting Click function
2016-01-28 04:30:11,363 DEBUG [EBRE22_KeyhandlingSTTL-116721] keyhandling_link clicked successfully
2016-01-28 04:30:11,363 DEBUG [EBRE22_KeyhandlingSTTL-116721] TestStepResult of link_Click: Pass
2016-01-28 04:30:11,363 DEBUG [EBRE22_KeyhandlingSTTL-116721] In execute keyword function
2016-01-28 04:30:11,363 DEBUG [EBRE22_KeyhandlingSTTL-116721] Executing validate_PageTitle function:
2016-01-28 04:30:11,408 DEBUG [EBRE22_KeyhandlingSTTL-116721] The title of the page is *********************************: PB and RE2.2 Semi Auto Frame Work : Keyhandling
2016-01-28 04:30:11,408 DEBUG [EBRE22_KeyhandlingSTTL-116721] The page title found is correct
2016-01-28 04:30:11,408 DEBUG [EBRE22_KeyhandlingSTTL-116721] Result of validate_PageTitle: pass
2016-01-28 04:30:11,408 DEBUG [EBRE22_KeyhandlingSTTL-116721] In execute keyword function
2016-01-28 04:30:11,408 DEBUG [EBRE22_KeyhandlingSTTL-116721] Executing SelectTestToRun function:
2016-01-28 04:30:15,765 DEBUG [EBRE22_KeyhandlingSTTL-116721] Successfull in selecting clicking the category
2016-01-28 04:30:15,765 DEBUG [EBRE22_KeyhandlingSTTL-116721] TestStepResult of SelectTestToRun: pass
2016-01-28 04:30:15,765 DEBUG [EBRE22_KeyhandlingSTTL-116721] In execute keyword function
2016-01-28 04:30:15,765 DEBUG [EBRE22_KeyhandlingSTTL-116721] Executing ClickRunTest function:
2016-01-28 04:30:16,101 DEBUG [EBRE22_KeyhandlingSTTL-116721] Executing Click function
2016-01-28 04:30:17,123 DEBUG [EBRE22_KeyhandlingSTTL-116721] Exiting Click function
2016-01-28 04:30:17,123 DEBUG [EBRE22_KeyhandlingSTTL-116721] runtest_top_xpath Button clicked Successfully
2016-01-28 04:30:17,123 DEBUG [EBRE22_KeyhandlingSTTL-116721] TestStepResult of ClickRunTest: pass
2016-01-28 04:30:17,123 DEBUG [EBRE22_KeyhandlingSTTL-116721] In execute keyword function
2016-01-28 04:30:17,123 DEBUG [EBRE22_KeyhandlingSTTL-116721] Executing validate_Text_Exists function:
2016-01-28 04:30:17,398 DEBUG [EBRE22_KeyhandlingSTTL-116721] VT187-2607 Testcase Text found
2016-01-28 04:30:17,398 DEBUG [EBRE22_KeyhandlingSTTL-116721] Result of validate_Text_Exists: Pass
2016-01-28 04:30:17,398 DEBUG [EBRE22_KeyhandlingSTTL-116721] In execute keyword function
2016-01-28 04:30:17,398 DEBUG [EBRE22_KeyhandlingSTTL-116721] Executing textBoxClick function:
2016-01-28 04:30:18,844 DEBUG [EBRE22_KeyhandlingSTTL-116721] keytxtInput_idtext box clicked successfully
2016-01-28 04:30:18,844 DEBUG [EBRE22_KeyhandlingSTTL-116721] TestStepResult of textBoxClick: pass
2016-01-28 04:30:18,844 DEBUG [EBRE22_KeyhandlingSTTL-116721] In execute keyword function
2016-01-28 04:30:18,844 DEBUG [EBRE22_KeyhandlingSTTL-116721] Executing wait function:
2016-01-28 04:30:18,844 DEBUG [EBRE22_KeyhandlingSTTL-116721] Started Executing wait function
2016-01-28 04:30:20,844 DEBUG [EBRE22_KeyhandlingSTTL-116721] Exiting from wait function
2016-01-28 04:30:20,844 DEBUG [EBRE22_KeyhandlingSTTL-116721] TestStepResult of wait: Pass
2016-01-28 04:30:20,844 DEBUG [EBRE22_KeyhandlingSTTL-116721] In execute keyword function
2016-01-28 04:30:20,844 DEBUG [EBRE22_KeyhandlingSTTL-116721] Executing sendKeyEvents function:
2016-01-28 04:30:20,844 DEBUG [EBRE22_KeyhandlingSTTL-116721] Entered sendKeyEvents function
2016-01-28 04:30:20,844 DEBUG [EBRE22_KeyhandlingSTTL-116721] 1
2016-01-28 04:30:20,844 DEBUG [EBRE22_KeyhandlingSTTL-116721] Entered 1
2016-01-28 04:30:20,844 DEBUG [EBRE22_KeyhandlingSTTL-116721] Started executeCommandLine function
2016-01-28 04:30:24,865 DEBUG [EBRE22_KeyhandlingSTTL-116721] Exiting from executeCommandLine function
2016-01-28 04:30:24,865 DEBUG [EBRE22_KeyhandlingSTTL-116721] pass
2016-01-28 04:30:24,865 DEBUG [EBRE22_KeyhandlingSTTL-116721] TestStepResult of sendKeyEvents: pass
2016-01-28 04:30:24,865 DEBUG [EBRE22_KeyhandlingSTTL-116721] In execute keyword function
2016-01-28 04:30:24,865 DEBUG [EBRE22_KeyhandlingSTTL-116721] Executing validate_textBoxData function:
2016-01-28 04:30:24,865 DEBUG [EBRE22_KeyhandlingSTTL-116721] Executing getAttribute function
2016-01-28 04:30:25,063 DEBUG [EBRE22_KeyhandlingSTTL-116721] 2
2016-01-28 04:30:25,063 DEBUG [EBRE22_KeyhandlingSTTL-116721] 2 value matches with Expected 2 value
2016-01-28 04:30:25,063 DEBUG [EBRE22_KeyhandlingSTTL-116721] Result of validate_textBoxData: Pass
2016-01-28 04:30:25,063 DEBUG [EBRE22_KeyhandlingSTTL-116721] In execute keyword function
2016-01-28 04:30:25,063 DEBUG [EBRE22_KeyhandlingSTTL-116721] Executing SwitchApp function:
2016-01-28 04:30:25,119 DEBUG [EBRE22_KeyhandlingSTTL-116721] Successfully switched to NATIVE_APP
2016-01-28 04:30:25,119 DEBUG [EBRE22_KeyhandlingSTTL-116721] TestStepResult of SwitchApp: Pass
2016-01-28 04:30:25,119 DEBUG [EBRE22_KeyhandlingSTTL-116721] In execute keyword function
2016-01-28 04:30:25,119 DEBUG [EBRE22_KeyhandlingSTTL-116721] Executing ClickNativeIcon function:
2016-01-28 04:30:26,007 DEBUG [EBRE22_KeyhandlingSTTL-116721] [[AppiumTouchActionExtension: selendroid on ANDROID (04329a17-d48a-b41f-9697-c41ae445ca93)] -> xpath: (//Button[@id='reload_button'])[1]]Clicked successfully
2016-01-28 04:30:26,008 DEBUG [EBRE22_KeyhandlingSTTL-116721] TestStepResult of ClickNativeIcon: pass
2016-01-28 04:30:26,008 DEBUG [EBRE22_KeyhandlingSTTL-116721] In execute keyword function
2016-01-28 04:30:26,008 DEBUG [EBRE22_KeyhandlingSTTL-116721] Executing wait function:
2016-01-28 04:30:26,008 DEBUG [EBRE22_KeyhandlingSTTL-116721] Started Executing wait function
2016-01-28 04:30:36,009 DEBUG [EBRE22_KeyhandlingSTTL-116721] Exiting from wait function
2016-01-28 04:30:36,009 DEBUG [EBRE22_KeyhandlingSTTL-116721] TestStepResult of wait: Pass
2016-01-28 04:30:36,009 DEBUG [EBRE22_KeyhandlingSTTL-116721] In execute keyword function
2016-01-28 04:30:36,009 DEBUG [EBRE22_KeyhandlingSTTL-116721] Executing SwitchApp function:
2016-01-28 04:30:36,113 DEBUG [EBRE22_KeyhandlingSTTL-116721] Successfully switched to WEBVIEW
2016-01-28 04:30:36,113 DEBUG [EBRE22_KeyhandlingSTTL-116721] TestStepResult of SwitchApp: Pass
2016-01-28 04:30:36,113 DEBUG [EBRE22_KeyhandlingSTTL-116721] In execute keyword function
2016-01-28 04:30:36,113 DEBUG [EBRE22_KeyhandlingSTTL-116721] Executing SelectTestToRun function:
2016-01-28 04:30:40,318 DEBUG [EBRE22_KeyhandlingSTTL-116721] Successfull in selecting clicking the category
2016-01-28 04:30:40,319 DEBUG [EBRE22_KeyhandlingSTTL-116721] TestStepResult of SelectTestToRun: pass
2016-01-28 04:30:40,319 DEBUG [EBRE22_KeyhandlingSTTL-116721] In execute keyword function
2016-01-28 04:30:40,319 DEBUG [EBRE22_KeyhandlingSTTL-116721] Executing ClickRunTest function:
2016-01-28 04:30:40,656 DEBUG [EBRE22_KeyhandlingSTTL-116721] Executing Click function
2016-01-28 04:30:41,722 DEBUG [EBRE22_KeyhandlingSTTL-116721] Exiting Click function
2016-01-28 04:30:41,722 DEBUG [EBRE22_KeyhandlingSTTL-116721] runtest_top_xpath Button clicked Successfully
2016-01-28 04:30:41,722 DEBUG [EBRE22_KeyhandlingSTTL-116721] TestStepResult of ClickRunTest: pass
2016-01-28 04:30:41,722 DEBUG [EBRE22_KeyhandlingSTTL-116721] In execute keyword function
2016-01-28 04:30:41,722 DEBUG [EBRE22_KeyhandlingSTTL-116721] Executing validate_Text_Exists function:
2016-01-28 04:30:41,965 DEBUG [EBRE22_KeyhandlingSTTL-116721] VT187-2607 Testcase Text found
2016-01-28 04:30:41,965 DEBUG [EBRE22_KeyhandlingSTTL-116721] Result of validate_Text_Exists: Pass
2016-01-28 04:30:41,965 DEBUG [EBRE22_KeyhandlingSTTL-116721] In execute keyword function
2016-01-28 04:30:41,965 DEBUG [EBRE22_KeyhandlingSTTL-116721] Executing textBoxClick function:
2016-01-28 04:30:43,336 DEBUG [EBRE22_KeyhandlingSTTL-116721] keytxtInput_idtext box clicked successfully
2016-01-28 04:30:43,337 DEBUG [EBRE22_KeyhandlingSTTL-116721] TestStepResult of textBoxClick: pass
2016-01-28 04:30:43,337 DEBUG [EBRE22_KeyhandlingSTTL-116721] In execute keyword function
2016-01-28 04:30:43,337 DEBUG [EBRE22_KeyhandlingSTTL-116721] Executing wait function:
2016-01-28 04:30:43,337 DEBUG [EBRE22_KeyhandlingSTTL-116721] Started Executing wait function
2016-01-28 04:30:45,337 DEBUG [EBRE22_KeyhandlingSTTL-116721] Exiting from wait function
2016-01-28 04:30:45,337 DEBUG [EBRE22_KeyhandlingSTTL-116721] TestStepResult of wait: Pass
2016-01-28 04:30:45,337 DEBUG [EBRE22_KeyhandlingSTTL-116721] In execute keyword function
2016-01-28 04:30:45,337 DEBUG [EBRE22_KeyhandlingSTTL-116721] Executing sendKeyEvents function:
2016-01-28 04:30:45,337 DEBUG [EBRE22_KeyhandlingSTTL-116721] Entered sendKeyEvents function
2016-01-28 04:30:45,337 DEBUG [EBRE22_KeyhandlingSTTL-116721] 2
2016-01-28 04:30:45,337 DEBUG [EBRE22_KeyhandlingSTTL-116721] Entered 2
2016-01-28 04:30:45,337 DEBUG [EBRE22_KeyhandlingSTTL-116721] Started executeCommandLine function
2016-01-28 04:30:49,358 DEBUG [EBRE22_KeyhandlingSTTL-116721] Exiting from executeCommandLine function
2016-01-28 04:30:49,358 DEBUG [EBRE22_KeyhandlingSTTL-116721] pass
2016-01-28 04:30:49,358 DEBUG [EBRE22_KeyhandlingSTTL-116721] TestStepResult of sendKeyEvents: pass
2016-01-28 04:30:49,358 DEBUG [EBRE22_KeyhandlingSTTL-116721] In execute keyword function
2016-01-28 04:30:49,358 DEBUG [EBRE22_KeyhandlingSTTL-116721] Executing validate_textBoxData function:
2016-01-28 04:30:49,358 DEBUG [EBRE22_KeyhandlingSTTL-116721] Executing getAttribute function
2016-01-28 04:30:49,568 DEBUG [EBRE22_KeyhandlingSTTL-116721] 2
2016-01-28 04:30:49,568 DEBUG [EBRE22_KeyhandlingSTTL-116721] 2 value matches with Expected 2 value
2016-01-28 04:30:49,568 DEBUG [EBRE22_KeyhandlingSTTL-116721] Result of validate_textBoxData: Pass
2016-01-28 04:30:49,568 DEBUG [EBRE22_KeyhandlingSTTL-116721] allstep_result contains: passPasspasspasspassPassPasspassPasspassPasspasspasspassPassPassnull
2016-01-28 04:30:49,568 DEBUG [EBRE22_KeyhandlingSTTL-116721] allexpected_result contains: nullPassnullPassnullPassnullPassnullpassnullpassnull
2016-01-28 04:30:49,568 DEBUG [EBRE22_KeyhandlingSTTL-116721] Testcase_Result contains: nullPassnullPassnullPassnullPassnullpassnullpassnullpassPasspasspasspassPassPasspassPasspassPasspasspasspassPassPassnull
2016-01-28 04:30:49,568 DEBUG [EBRE22_KeyhandlingSTTL-116721] Test case with description Keyvalue 8
Remap:9
(Remap 1 to 2) Pass
2016-01-28 04:30:50,550 DEBUG [EBRE22_KeyhandlingSTTL-116721] Executing browser_Quit function
2016-01-28 04:30:50,550 DEBUG [EBRE22_KeyhandlingSTTL-116721] Completed browser_Quit function
2016-01-28 04:30:50,550 DEBUG [EBRE22_KeyhandlingSTTL-116721] Completed quitSelendroid function
2016-01-28 04:30:50,551 DEBUG [EBRE22_KeyhandlingSTTL-116721] Row number:22
2016-01-28 04:30:50,588 DEBUG [EBRE22_KeyhandlingSTTL-116721] Ending Test Case IDSTTL-116721
