2016-01-28 04:30:50,606 DEBUG [EBRE22_KeyhandlingSTTL-116722] Executing Test Case ID: STTL-116722
2016-01-28 04:30:50,612 DEBUG [EBRE22_KeyhandlingSTTL-116722] Executing Init_Selendroid function with APK as parameter and clear data value with 1
2016-01-28 04:31:00,421 DEBUG [EBRE22_KeyhandlingSTTL-116722] Exiting Init_Selendroid function
2016-01-28 04:31:00,437 DEBUG [EBRE22_KeyhandlingSTTL-116722] TestCase with Description "Keyvalue 61
Remap:10
(Remap Tab to 3)" Execution started
2016-01-28 04:31:00,438 DEBUG [EBRE22_KeyhandlingSTTL-116722] In execute keyword function
2016-01-28 04:31:00,438 DEBUG [EBRE22_KeyhandlingSTTL-116722] Executing wait function:
2016-01-28 04:31:00,438 DEBUG [EBRE22_KeyhandlingSTTL-116722] Started Executing wait function
2016-01-28 04:31:05,439 DEBUG [EBRE22_KeyhandlingSTTL-116722] Exiting from wait function
2016-01-28 04:31:05,439 DEBUG [EBRE22_KeyhandlingSTTL-116722] TestStepResult of wait: Pass
2016-01-28 04:31:05,439 DEBUG [EBRE22_KeyhandlingSTTL-116722] In execute keyword function
2016-01-28 04:31:05,439 DEBUG [EBRE22_KeyhandlingSTTL-116722] Executing validate_PageTitle function:
2016-01-28 04:31:05,455 DEBUG [EBRE22_KeyhandlingSTTL-116722] The title of the page is *********************************: RE 2.2 Tests
2016-01-28 04:31:05,455 DEBUG [EBRE22_KeyhandlingSTTL-116722] The page title found is correct
2016-01-28 04:31:05,455 DEBUG [EBRE22_KeyhandlingSTTL-116722] Result of validate_PageTitle: pass
2016-01-28 04:31:05,455 DEBUG [EBRE22_KeyhandlingSTTL-116722] In execute keyword function
2016-01-28 04:31:05,455 DEBUG [EBRE22_KeyhandlingSTTL-116722] Executing link_Click function:
2016-01-28 04:31:06,050 DEBUG [EBRE22_KeyhandlingSTTL-116722] Executing Click function
2016-01-28 04:31:07,132 DEBUG [EBRE22_KeyhandlingSTTL-116722] Exiting Click function
2016-01-28 04:31:07,132 DEBUG [EBRE22_KeyhandlingSTTL-116722] keyhandling_link clicked successfully
2016-01-28 04:31:07,132 DEBUG [EBRE22_KeyhandlingSTTL-116722] TestStepResult of link_Click: Pass
2016-01-28 04:31:07,132 DEBUG [EBRE22_KeyhandlingSTTL-116722] In execute keyword function
2016-01-28 04:31:07,132 DEBUG [EBRE22_KeyhandlingSTTL-116722] Executing validate_PageTitle function:
2016-01-28 04:31:07,151 DEBUG [EBRE22_KeyhandlingSTTL-116722] The title of the page is *********************************: PB and RE2.2 Semi Auto Frame Work : Keyhandling
2016-01-28 04:31:07,151 DEBUG [EBRE22_KeyhandlingSTTL-116722] The page title found is correct
2016-01-28 04:31:07,152 DEBUG [EBRE22_KeyhandlingSTTL-116722] Result of validate_PageTitle: pass
2016-01-28 04:31:07,152 DEBUG [EBRE22_KeyhandlingSTTL-116722] In execute keyword function
2016-01-28 04:31:07,152 DEBUG [EBRE22_KeyhandlingSTTL-116722] Executing SelectTestToRun function:
2016-01-28 04:31:11,731 DEBUG [EBRE22_KeyhandlingSTTL-116722] Successfull in selecting clicking the category
2016-01-28 04:31:11,731 DEBUG [EBRE22_KeyhandlingSTTL-116722] TestStepResult of SelectTestToRun: pass
2016-01-28 04:31:11,731 DEBUG [EBRE22_KeyhandlingSTTL-116722] In execute keyword function
2016-01-28 04:31:11,731 DEBUG [EBRE22_KeyhandlingSTTL-116722] Executing ClickRunTest function:
2016-01-28 04:31:12,075 DEBUG [EBRE22_KeyhandlingSTTL-116722] Executing Click function
2016-01-28 04:31:13,081 DEBUG [EBRE22_KeyhandlingSTTL-116722] Exiting Click function
2016-01-28 04:31:13,081 DEBUG [EBRE22_KeyhandlingSTTL-116722] runtest_top_xpath Button clicked Successfully
2016-01-28 04:31:13,081 DEBUG [EBRE22_KeyhandlingSTTL-116722] TestStepResult of ClickRunTest: pass
2016-01-28 04:31:13,081 DEBUG [EBRE22_KeyhandlingSTTL-116722] In execute keyword function
2016-01-28 04:31:13,081 DEBUG [EBRE22_KeyhandlingSTTL-116722] Executing validate_Text_Exists function:
2016-01-28 04:31:13,372 DEBUG [EBRE22_KeyhandlingSTTL-116722] VT187-3058 Testcase Text found
2016-01-28 04:31:13,372 DEBUG [EBRE22_KeyhandlingSTTL-116722] Result of validate_Text_Exists: Pass
2016-01-28 04:31:13,372 DEBUG [EBRE22_KeyhandlingSTTL-116722] In execute keyword function
2016-01-28 04:31:13,373 DEBUG [EBRE22_KeyhandlingSTTL-116722] Executing textBoxClick function:
2016-01-28 04:31:14,885 DEBUG [EBRE22_KeyhandlingSTTL-116722] keytxtInput_idtext box clicked successfully
2016-01-28 04:31:14,885 DEBUG [EBRE22_KeyhandlingSTTL-116722] TestStepResult of textBoxClick: pass
2016-01-28 04:31:14,885 DEBUG [EBRE22_KeyhandlingSTTL-116722] In execute keyword function
2016-01-28 04:31:14,885 DEBUG [EBRE22_KeyhandlingSTTL-116722] Executing wait function:
2016-01-28 04:31:14,885 DEBUG [EBRE22_KeyhandlingSTTL-116722] Started Executing wait function
2016-01-28 04:31:16,885 DEBUG [EBRE22_KeyhandlingSTTL-116722] Exiting from wait function
2016-01-28 04:31:16,885 DEBUG [EBRE22_KeyhandlingSTTL-116722] TestStepResult of wait: Pass
2016-01-28 04:31:16,885 DEBUG [EBRE22_KeyhandlingSTTL-116722] In execute keyword function
2016-01-28 04:31:16,885 DEBUG [EBRE22_KeyhandlingSTTL-116722] Executing sendKeyEvents function:
2016-01-28 04:31:16,885 DEBUG [EBRE22_KeyhandlingSTTL-116722] Entered sendKeyEvents function
2016-01-28 04:31:16,885 DEBUG [EBRE22_KeyhandlingSTTL-116722] 3
2016-01-28 04:31:16,885 DEBUG [EBRE22_KeyhandlingSTTL-116722] Entered 3
2016-01-28 04:31:16,885 DEBUG [EBRE22_KeyhandlingSTTL-116722] Started executeCommandLine function
2016-01-28 04:31:20,905 DEBUG [EBRE22_KeyhandlingSTTL-116722] Exiting from executeCommandLine function
2016-01-28 04:31:20,905 DEBUG [EBRE22_KeyhandlingSTTL-116722] pass
2016-01-28 04:31:20,905 DEBUG [EBRE22_KeyhandlingSTTL-116722] TestStepResult of sendKeyEvents: pass
2016-01-28 04:31:20,905 DEBUG [EBRE22_KeyhandlingSTTL-116722] In execute keyword function
2016-01-28 04:31:20,905 DEBUG [EBRE22_KeyhandlingSTTL-116722] Executing validate_textBoxData function:
2016-01-28 04:31:20,905 DEBUG [EBRE22_KeyhandlingSTTL-116722] Executing getAttribute function
2016-01-28 04:31:21,099 DEBUG [EBRE22_KeyhandlingSTTL-116722] 3
2016-01-28 04:31:21,099 DEBUG [EBRE22_KeyhandlingSTTL-116722] 3 value matches with Expected 3 value
2016-01-28 04:31:21,099 DEBUG [EBRE22_KeyhandlingSTTL-116722] Result of validate_textBoxData: Pass
2016-01-28 04:31:21,099 DEBUG [EBRE22_KeyhandlingSTTL-116722] In execute keyword function
2016-01-28 04:31:21,099 DEBUG [EBRE22_KeyhandlingSTTL-116722] Executing SwitchApp function:
2016-01-28 04:31:21,151 DEBUG [EBRE22_KeyhandlingSTTL-116722] Successfully switched to NATIVE_APP
2016-01-28 04:31:21,151 DEBUG [EBRE22_KeyhandlingSTTL-116722] TestStepResult of SwitchApp: Pass
2016-01-28 04:31:21,151 DEBUG [EBRE22_KeyhandlingSTTL-116722] In execute keyword function
2016-01-28 04:31:21,151 DEBUG [EBRE22_KeyhandlingSTTL-116722] Executing ClickNativeIcon function:
2016-01-28 04:31:22,073 DEBUG [EBRE22_KeyhandlingSTTL-116722] [[AppiumTouchActionExtension: selendroid on ANDROID (60a0c88b-1dec-9944-b2b6-87124d6aaa11)] -> xpath: (//Button[@id='reload_button'])[1]]Clicked successfully
2016-01-28 04:31:22,073 DEBUG [EBRE22_KeyhandlingSTTL-116722] TestStepResult of ClickNativeIcon: pass
2016-01-28 04:31:22,073 DEBUG [EBRE22_KeyhandlingSTTL-116722] In execute keyword function
2016-01-28 04:31:22,073 DEBUG [EBRE22_KeyhandlingSTTL-116722] Executing wait function:
2016-01-28 04:31:22,073 DEBUG [EBRE22_KeyhandlingSTTL-116722] Started Executing wait function
2016-01-28 04:31:32,074 DEBUG [EBRE22_KeyhandlingSTTL-116722] Exiting from wait function
2016-01-28 04:31:32,074 DEBUG [EBRE22_KeyhandlingSTTL-116722] TestStepResult of wait: Pass
2016-01-28 04:31:32,074 DEBUG [EBRE22_KeyhandlingSTTL-116722] In execute keyword function
2016-01-28 04:31:32,074 DEBUG [EBRE22_KeyhandlingSTTL-116722] Executing SwitchApp function:
2016-01-28 04:31:32,200 DEBUG [EBRE22_KeyhandlingSTTL-116722] Successfully switched to WEBVIEW
2016-01-28 04:31:32,200 DEBUG [EBRE22_KeyhandlingSTTL-116722] TestStepResult of SwitchApp: Pass
2016-01-28 04:31:32,201 DEBUG [EBRE22_KeyhandlingSTTL-116722] In execute keyword function
2016-01-28 04:31:32,201 DEBUG [EBRE22_KeyhandlingSTTL-116722] Executing SelectTestToRun function:
2016-01-28 04:31:36,552 DEBUG [EBRE22_KeyhandlingSTTL-116722] Successfull in selecting clicking the category
2016-01-28 04:31:36,552 DEBUG [EBRE22_KeyhandlingSTTL-116722] TestStepResult of SelectTestToRun: pass
2016-01-28 04:31:36,552 DEBUG [EBRE22_KeyhandlingSTTL-116722] In execute keyword function
2016-01-28 04:31:36,553 DEBUG [EBRE22_KeyhandlingSTTL-116722] Executing ClickRunTest function:
2016-01-28 04:31:36,879 DEBUG [EBRE22_KeyhandlingSTTL-116722] Executing Click function
2016-01-28 04:31:37,936 DEBUG [EBRE22_KeyhandlingSTTL-116722] Exiting Click function
2016-01-28 04:31:37,936 DEBUG [EBRE22_KeyhandlingSTTL-116722] runtest_top_xpath Button clicked Successfully
2016-01-28 04:31:37,936 DEBUG [EBRE22_KeyhandlingSTTL-116722] TestStepResult of ClickRunTest: pass
2016-01-28 04:31:37,936 DEBUG [EBRE22_KeyhandlingSTTL-116722] In execute keyword function
2016-01-28 04:31:37,936 DEBUG [EBRE22_KeyhandlingSTTL-116722] Executing validate_Text_Exists function:
2016-01-28 04:31:38,153 DEBUG [EBRE22_KeyhandlingSTTL-116722] VT187-3058 Testcase Text found
2016-01-28 04:31:38,153 DEBUG [EBRE22_KeyhandlingSTTL-116722] Result of validate_Text_Exists: Pass
2016-01-28 04:31:38,153 DEBUG [EBRE22_KeyhandlingSTTL-116722] In execute keyword function
2016-01-28 04:31:38,153 DEBUG [EBRE22_KeyhandlingSTTL-116722] Executing textBoxClick function:
2016-01-28 04:31:39,594 DEBUG [EBRE22_KeyhandlingSTTL-116722] keytxtInput_idtext box clicked successfully
2016-01-28 04:31:39,594 DEBUG [EBRE22_KeyhandlingSTTL-116722] TestStepResult of textBoxClick: pass
2016-01-28 04:31:39,594 DEBUG [EBRE22_KeyhandlingSTTL-116722] In execute keyword function
2016-01-28 04:31:39,594 DEBUG [EBRE22_KeyhandlingSTTL-116722] Executing wait function:
2016-01-28 04:31:39,594 DEBUG [EBRE22_KeyhandlingSTTL-116722] Started Executing wait function
2016-01-28 04:31:41,595 DEBUG [EBRE22_KeyhandlingSTTL-116722] Exiting from wait function
2016-01-28 04:31:41,595 DEBUG [EBRE22_KeyhandlingSTTL-116722] TestStepResult of wait: Pass
2016-01-28 04:31:41,595 DEBUG [EBRE22_KeyhandlingSTTL-116722] In execute keyword function
2016-01-28 04:31:41,595 DEBUG [EBRE22_KeyhandlingSTTL-116722] Executing sendKeyEvents function:
2016-01-28 04:31:41,595 DEBUG [EBRE22_KeyhandlingSTTL-116722] Entered sendKeyEvents function
2016-01-28 04:31:41,595 DEBUG [EBRE22_KeyhandlingSTTL-116722] Tab
2016-01-28 04:31:41,595 DEBUG [EBRE22_KeyhandlingSTTL-116722] Entered TABkey
2016-01-28 04:31:41,595 DEBUG [EBRE22_KeyhandlingSTTL-116722] Started executeCommandLine function
2016-01-28 04:31:45,616 DEBUG [EBRE22_KeyhandlingSTTL-116722] Exiting from executeCommandLine function
2016-01-28 04:31:45,616 DEBUG [EBRE22_KeyhandlingSTTL-116722] pass
2016-01-28 04:31:45,616 DEBUG [EBRE22_KeyhandlingSTTL-116722] TestStepResult of sendKeyEvents: pass
2016-01-28 04:31:45,616 DEBUG [EBRE22_KeyhandlingSTTL-116722] In execute keyword function
2016-01-28 04:31:45,616 DEBUG [EBRE22_KeyhandlingSTTL-116722] Executing validate_textBoxData function:
2016-01-28 04:31:45,616 DEBUG [EBRE22_KeyhandlingSTTL-116722] Executing getAttribute function
2016-01-28 04:31:45,807 DEBUG [EBRE22_KeyhandlingSTTL-116722] 3
2016-01-28 04:31:45,807 DEBUG [EBRE22_KeyhandlingSTTL-116722] 3 value matches with Expected 3 value
2016-01-28 04:31:45,807 DEBUG [EBRE22_KeyhandlingSTTL-116722] Result of validate_textBoxData: Pass
2016-01-28 04:31:45,807 DEBUG [EBRE22_KeyhandlingSTTL-116722] allstep_result contains: passPasspasspasspassPassPasspassPasspassPasspasspasspassPassPassnull
2016-01-28 04:31:45,807 DEBUG [EBRE22_KeyhandlingSTTL-116722] allexpected_result contains: nullPassnullPassnullPassnullPassnullpassnullpassnull
2016-01-28 04:31:45,807 DEBUG [EBRE22_KeyhandlingSTTL-116722] Testcase_Result contains: nullPassnullPassnullPassnullPassnullpassnullpassnullpassPasspasspasspassPassPasspassPasspassPasspasspasspassPassPassnull
2016-01-28 04:31:45,807 DEBUG [EBRE22_KeyhandlingSTTL-116722] Test case with description Keyvalue 61
Remap:10
(Remap Tab to 3) Pass
2016-01-28 04:31:46,746 DEBUG [EBRE22_KeyhandlingSTTL-116722] Executing browser_Quit function
2016-01-28 04:31:46,746 DEBUG [EBRE22_KeyhandlingSTTL-116722] Completed browser_Quit function
2016-01-28 04:31:46,746 DEBUG [EBRE22_KeyhandlingSTTL-116722] Completed quitSelendroid function
2016-01-28 04:31:46,746 DEBUG [EBRE22_KeyhandlingSTTL-116722] Row number:23
2016-01-28 04:31:46,783 DEBUG [EBRE22_KeyhandlingSTTL-116722] Ending Test Case IDSTTL-116722
