2016-01-28 04:23:06,090 DEBUG [EBRE22_KeyhandlingSTTL-116719] Executing Test Case ID: STTL-116719
2016-01-28 04:23:06,097 DEBUG [EBRE22_KeyhandlingSTTL-116719] Executing Init_Selendroid function with APK as parameter and clear data value with 1
2016-01-28 04:23:16,184 DEBUG [EBRE22_KeyhandlingSTTL-116719] Exiting Init_Selendroid function
2016-01-28 04:23:16,200 DEBUG [EBRE22_KeyhandlingSTTL-116719] TestCase with Description "KeyValue:All  Dispatch:false for Numeric" Execution started
2016-01-28 04:23:16,200 DEBUG [EBRE22_KeyhandlingSTTL-116719] In execute keyword function
2016-01-28 04:23:16,200 DEBUG [EBRE22_KeyhandlingSTTL-116719] Executing wait function:
2016-01-28 04:23:16,200 DEBUG [EBRE22_KeyhandlingSTTL-116719] Started Executing wait function
2016-01-28 04:23:21,201 DEBUG [EBRE22_KeyhandlingSTTL-116719] Exiting from wait function
2016-01-28 04:23:21,201 DEBUG [EBRE22_KeyhandlingSTTL-116719] TestStepResult of wait: Pass
2016-01-28 04:23:21,201 DEBUG [EBRE22_KeyhandlingSTTL-116719] In execute keyword function
2016-01-28 04:23:21,201 DEBUG [EBRE22_KeyhandlingSTTL-116719] Executing validate_PageTitle function:
2016-01-28 04:23:21,247 DEBUG [EBRE22_KeyhandlingSTTL-116719] The title of the page is *********************************: RE 2.2 Tests
2016-01-28 04:23:21,247 DEBUG [EBRE22_KeyhandlingSTTL-116719] The page title found is correct
2016-01-28 04:23:21,247 DEBUG [EBRE22_KeyhandlingSTTL-116719] Result of validate_PageTitle: pass
2016-01-28 04:23:21,247 DEBUG [EBRE22_KeyhandlingSTTL-116719] In execute keyword function
2016-01-28 04:23:21,247 DEBUG [EBRE22_KeyhandlingSTTL-116719] Executing link_Click function:
2016-01-28 04:23:21,832 DEBUG [EBRE22_KeyhandlingSTTL-116719] Executing Click function
2016-01-28 04:23:22,840 DEBUG [EBRE22_KeyhandlingSTTL-116719] Exiting Click function
2016-01-28 04:23:22,840 DEBUG [EBRE22_KeyhandlingSTTL-116719] keyhandling_link clicked successfully
2016-01-28 04:23:22,840 DEBUG [EBRE22_KeyhandlingSTTL-116719] TestStepResult of link_Click: Pass
2016-01-28 04:23:22,840 DEBUG [EBRE22_KeyhandlingSTTL-116719] In execute keyword function
2016-01-28 04:23:22,840 DEBUG [EBRE22_KeyhandlingSTTL-116719] Executing validate_PageTitle function:
2016-01-28 04:23:22,865 DEBUG [EBRE22_KeyhandlingSTTL-116719] The title of the page is *********************************: PB and RE2.2 Semi Auto Frame Work : Keyhandling
2016-01-28 04:23:22,865 DEBUG [EBRE22_KeyhandlingSTTL-116719] The page title found is correct
2016-01-28 04:23:22,865 DEBUG [EBRE22_KeyhandlingSTTL-116719] Result of validate_PageTitle: pass
2016-01-28 04:23:22,865 DEBUG [EBRE22_KeyhandlingSTTL-116719] In execute keyword function
2016-01-28 04:23:22,865 DEBUG [EBRE22_KeyhandlingSTTL-116719] Executing SelectTestToRun function:
2016-01-28 04:23:27,133 DEBUG [EBRE22_KeyhandlingSTTL-116719] Successfull in selecting clicking the category
2016-01-28 04:23:27,133 DEBUG [EBRE22_KeyhandlingSTTL-116719] TestStepResult of SelectTestToRun: pass
2016-01-28 04:23:27,133 DEBUG [EBRE22_KeyhandlingSTTL-116719] In execute keyword function
2016-01-28 04:23:27,133 DEBUG [EBRE22_KeyhandlingSTTL-116719] Executing ClickRunTest function:
2016-01-28 04:23:27,514 DEBUG [EBRE22_KeyhandlingSTTL-116719] Executing Click function
2016-01-28 04:23:28,528 DEBUG [EBRE22_KeyhandlingSTTL-116719] Exiting Click function
2016-01-28 04:23:28,528 DEBUG [EBRE22_KeyhandlingSTTL-116719] runtest_top_xpath Button clicked Successfully
2016-01-28 04:23:28,528 DEBUG [EBRE22_KeyhandlingSTTL-116719] TestStepResult of ClickRunTest: pass
2016-01-28 04:23:28,528 DEBUG [EBRE22_KeyhandlingSTTL-116719] In execute keyword function
2016-01-28 04:23:28,528 DEBUG [EBRE22_KeyhandlingSTTL-116719] Executing validate_Text_Exists function:
2016-01-28 04:23:28,809 DEBUG [EBRE22_KeyhandlingSTTL-116719] VT187-2592 Testcase Text found
2016-01-28 04:23:28,809 DEBUG [EBRE22_KeyhandlingSTTL-116719] Result of validate_Text_Exists: Pass
2016-01-28 04:23:28,809 DEBUG [EBRE22_KeyhandlingSTTL-116719] In execute keyword function
2016-01-28 04:23:28,809 DEBUG [EBRE22_KeyhandlingSTTL-116719] Executing textBoxClick function:
2016-01-28 04:23:30,176 DEBUG [EBRE22_KeyhandlingSTTL-116719] keytxtInput_idtext box clicked successfully
2016-01-28 04:23:30,176 DEBUG [EBRE22_KeyhandlingSTTL-116719] TestStepResult of textBoxClick: pass
2016-01-28 04:23:30,176 DEBUG [EBRE22_KeyhandlingSTTL-116719] In execute keyword function
2016-01-28 04:23:30,176 DEBUG [EBRE22_KeyhandlingSTTL-116719] Executing wait function:
2016-01-28 04:23:30,176 DEBUG [EBRE22_KeyhandlingSTTL-116719] Started Executing wait function
2016-01-28 04:23:32,177 DEBUG [EBRE22_KeyhandlingSTTL-116719] Exiting from wait function
2016-01-28 04:23:32,177 DEBUG [EBRE22_KeyhandlingSTTL-116719] TestStepResult of wait: Pass
2016-01-28 04:23:32,177 DEBUG [EBRE22_KeyhandlingSTTL-116719] In execute keyword function
2016-01-28 04:23:32,177 DEBUG [EBRE22_KeyhandlingSTTL-116719] Executing sendKeyEvents function:
2016-01-28 04:23:32,177 DEBUG [EBRE22_KeyhandlingSTTL-116719] Entered sendKeyEvents function
2016-01-28 04:23:32,177 DEBUG [EBRE22_KeyhandlingSTTL-116719] 0
2016-01-28 04:23:32,177 DEBUG [EBRE22_KeyhandlingSTTL-116719] Entered 0
2016-01-28 04:23:32,177 DEBUG [EBRE22_KeyhandlingSTTL-116719] Started executeCommandLine function
2016-01-28 04:23:36,198 DEBUG [EBRE22_KeyhandlingSTTL-116719] Exiting from executeCommandLine function
2016-01-28 04:23:36,198 DEBUG [EBRE22_KeyhandlingSTTL-116719] pass
2016-01-28 04:23:36,198 DEBUG [EBRE22_KeyhandlingSTTL-116719] TestStepResult of sendKeyEvents: pass
2016-01-28 04:23:36,198 DEBUG [EBRE22_KeyhandlingSTTL-116719] In execute keyword function
2016-01-28 04:23:36,198 DEBUG [EBRE22_KeyhandlingSTTL-116719] Executing validate_textBoxData function:
2016-01-28 04:23:36,198 DEBUG [EBRE22_KeyhandlingSTTL-116719] Executing getAttribute function
2016-01-28 04:23:36,383 DEBUG [EBRE22_KeyhandlingSTTL-116719] 
2016-01-28 04:23:36,384 DEBUG [EBRE22_KeyhandlingSTTL-116719]  value matches with Expected null value
2016-01-28 04:23:36,384 DEBUG [EBRE22_KeyhandlingSTTL-116719] Result of validate_textBoxData: Pass
2016-01-28 04:23:36,384 DEBUG [EBRE22_KeyhandlingSTTL-116719] In execute keyword function
2016-01-28 04:23:36,384 DEBUG [EBRE22_KeyhandlingSTTL-116719] Executing validate_keyCaptured function:
2016-01-28 04:23:36,384 DEBUG [EBRE22_KeyhandlingSTTL-116719] Entered validate_keyCaptured function
2016-01-28 04:23:36,621 DEBUG [EBRE22_KeyhandlingSTTL-116719] 7
2016-01-28 04:23:36,621 DEBUG [EBRE22_KeyhandlingSTTL-116719] Actual Value matches Expected
2016-01-28 04:23:36,621 DEBUG [EBRE22_KeyhandlingSTTL-116719] pass
2016-01-28 04:23:36,621 DEBUG [EBRE22_KeyhandlingSTTL-116719] Exiting from validate_keyCaptured function
2016-01-28 04:23:36,621 DEBUG [EBRE22_KeyhandlingSTTL-116719] Result of validate_keyCaptured: pass
2016-01-28 04:23:36,621 DEBUG [EBRE22_KeyhandlingSTTL-116719] In execute keyword function
2016-01-28 04:23:36,621 DEBUG [EBRE22_KeyhandlingSTTL-116719] Executing SwitchApp function:
2016-01-28 04:23:36,686 DEBUG [EBRE22_KeyhandlingSTTL-116719] Successfully switched to NATIVE_APP
2016-01-28 04:23:36,686 DEBUG [EBRE22_KeyhandlingSTTL-116719] TestStepResult of SwitchApp: Pass
2016-01-28 04:23:36,686 DEBUG [EBRE22_KeyhandlingSTTL-116719] In execute keyword function
2016-01-28 04:23:36,686 DEBUG [EBRE22_KeyhandlingSTTL-116719] Executing ClickNativeIcon function:
2016-01-28 04:23:37,583 DEBUG [EBRE22_KeyhandlingSTTL-116719] [[AppiumTouchActionExtension: selendroid on ANDROID (71fdc3f5-e59e-deb0-7b21-db55fa2d86da)] -> xpath: (//Button[@id='reload_button'])[1]]Clicked successfully
2016-01-28 04:23:37,583 DEBUG [EBRE22_KeyhandlingSTTL-116719] TestStepResult of ClickNativeIcon: pass
2016-01-28 04:23:37,583 DEBUG [EBRE22_KeyhandlingSTTL-116719] In execute keyword function
2016-01-28 04:23:37,583 DEBUG [EBRE22_KeyhandlingSTTL-116719] Executing wait function:
2016-01-28 04:23:37,583 DEBUG [EBRE22_KeyhandlingSTTL-116719] Started Executing wait function
2016-01-28 04:23:47,584 DEBUG [EBRE22_KeyhandlingSTTL-116719] Exiting from wait function
2016-01-28 04:23:47,584 DEBUG [EBRE22_KeyhandlingSTTL-116719] TestStepResult of wait: Pass
2016-01-28 04:23:47,584 DEBUG [EBRE22_KeyhandlingSTTL-116719] In execute keyword function
2016-01-28 04:23:47,584 DEBUG [EBRE22_KeyhandlingSTTL-116719] Executing SwitchApp function:
2016-01-28 04:23:47,688 DEBUG [EBRE22_KeyhandlingSTTL-116719] Successfully switched to WEBVIEW
2016-01-28 04:23:47,688 DEBUG [EBRE22_KeyhandlingSTTL-116719] TestStepResult of SwitchApp: Pass
2016-01-28 04:23:47,688 DEBUG [EBRE22_KeyhandlingSTTL-116719] In execute keyword function
2016-01-28 04:23:47,688 DEBUG [EBRE22_KeyhandlingSTTL-116719] Executing SelectTestToRun function:
2016-01-28 04:23:51,808 DEBUG [EBRE22_KeyhandlingSTTL-116719] Successfull in selecting clicking the category
2016-01-28 04:23:51,808 DEBUG [EBRE22_KeyhandlingSTTL-116719] TestStepResult of SelectTestToRun: pass
2016-01-28 04:23:51,808 DEBUG [EBRE22_KeyhandlingSTTL-116719] In execute keyword function
2016-01-28 04:23:51,808 DEBUG [EBRE22_KeyhandlingSTTL-116719] Executing ClickRunTest function:
2016-01-28 04:23:52,175 DEBUG [EBRE22_KeyhandlingSTTL-116719] Executing Click function
2016-01-28 04:23:53,197 DEBUG [EBRE22_KeyhandlingSTTL-116719] Exiting Click function
2016-01-28 04:23:53,197 DEBUG [EBRE22_KeyhandlingSTTL-116719] runtest_top_xpath Button clicked Successfully
2016-01-28 04:23:53,197 DEBUG [EBRE22_KeyhandlingSTTL-116719] TestStepResult of ClickRunTest: pass
2016-01-28 04:23:53,197 DEBUG [EBRE22_KeyhandlingSTTL-116719] In execute keyword function
2016-01-28 04:23:53,197 DEBUG [EBRE22_KeyhandlingSTTL-116719] Executing validate_Text_Exists function:
2016-01-28 04:23:53,452 DEBUG [EBRE22_KeyhandlingSTTL-116719] VT187-2592 Testcase Text found
2016-01-28 04:23:53,452 DEBUG [EBRE22_KeyhandlingSTTL-116719] Result of validate_Text_Exists: Pass
2016-01-28 04:23:53,452 DEBUG [EBRE22_KeyhandlingSTTL-116719] In execute keyword function
2016-01-28 04:23:53,452 DEBUG [EBRE22_KeyhandlingSTTL-116719] Executing textBoxClick function:
2016-01-28 04:23:54,868 DEBUG [EBRE22_KeyhandlingSTTL-116719] keytxtInput_idtext box clicked successfully
2016-01-28 04:23:54,868 DEBUG [EBRE22_KeyhandlingSTTL-116719] TestStepResult of textBoxClick: pass
2016-01-28 04:23:54,868 DEBUG [EBRE22_KeyhandlingSTTL-116719] In execute keyword function
2016-01-28 04:23:54,868 DEBUG [EBRE22_KeyhandlingSTTL-116719] Executing wait function:
2016-01-28 04:23:54,868 DEBUG [EBRE22_KeyhandlingSTTL-116719] Started Executing wait function
2016-01-28 04:23:56,868 DEBUG [EBRE22_KeyhandlingSTTL-116719] Exiting from wait function
2016-01-28 04:23:56,868 DEBUG [EBRE22_KeyhandlingSTTL-116719] TestStepResult of wait: Pass
2016-01-28 04:23:56,868 DEBUG [EBRE22_KeyhandlingSTTL-116719] In execute keyword function
2016-01-28 04:23:56,868 DEBUG [EBRE22_KeyhandlingSTTL-116719] Executing sendKeyEvents function:
2016-01-28 04:23:56,868 DEBUG [EBRE22_KeyhandlingSTTL-116719] Entered sendKeyEvents function
2016-01-28 04:23:56,868 DEBUG [EBRE22_KeyhandlingSTTL-116719] 3
2016-01-28 04:23:56,868 DEBUG [EBRE22_KeyhandlingSTTL-116719] Entered 3
2016-01-28 04:23:56,868 DEBUG [EBRE22_KeyhandlingSTTL-116719] Started executeCommandLine function
2016-01-28 04:24:00,890 DEBUG [EBRE22_KeyhandlingSTTL-116719] Exiting from executeCommandLine function
2016-01-28 04:24:00,890 DEBUG [EBRE22_KeyhandlingSTTL-116719] pass
2016-01-28 04:24:00,890 DEBUG [EBRE22_KeyhandlingSTTL-116719] TestStepResult of sendKeyEvents: pass
2016-01-28 04:24:00,890 DEBUG [EBRE22_KeyhandlingSTTL-116719] In execute keyword function
2016-01-28 04:24:00,890 DEBUG [EBRE22_KeyhandlingSTTL-116719] Executing validate_textBoxData function:
2016-01-28 04:24:00,890 DEBUG [EBRE22_KeyhandlingSTTL-116719] Executing getAttribute function
2016-01-28 04:24:01,070 DEBUG [EBRE22_KeyhandlingSTTL-116719] 
2016-01-28 04:24:01,070 DEBUG [EBRE22_KeyhandlingSTTL-116719]  value matches with Expected null value
2016-01-28 04:24:01,070 DEBUG [EBRE22_KeyhandlingSTTL-116719] Result of validate_textBoxData: Pass
2016-01-28 04:24:01,070 DEBUG [EBRE22_KeyhandlingSTTL-116719] In execute keyword function
2016-01-28 04:24:01,070 DEBUG [EBRE22_KeyhandlingSTTL-116719] Executing validate_keyCaptured function:
2016-01-28 04:24:01,070 DEBUG [EBRE22_KeyhandlingSTTL-116719] Entered validate_keyCaptured function
2016-01-28 04:24:01,269 DEBUG [EBRE22_KeyhandlingSTTL-116719] 10
2016-01-28 04:24:01,269 DEBUG [EBRE22_KeyhandlingSTTL-116719] Actual Value matches Expected
2016-01-28 04:24:01,269 DEBUG [EBRE22_KeyhandlingSTTL-116719] pass
2016-01-28 04:24:01,269 DEBUG [EBRE22_KeyhandlingSTTL-116719] Exiting from validate_keyCaptured function
2016-01-28 04:24:01,269 DEBUG [EBRE22_KeyhandlingSTTL-116719] Result of validate_keyCaptured: pass
2016-01-28 04:24:01,269 DEBUG [EBRE22_KeyhandlingSTTL-116719] In execute keyword function
2016-01-28 04:24:01,269 DEBUG [EBRE22_KeyhandlingSTTL-116719] Executing SwitchApp function:
2016-01-28 04:24:01,319 DEBUG [EBRE22_KeyhandlingSTTL-116719] Successfully switched to NATIVE_APP
2016-01-28 04:24:01,319 DEBUG [EBRE22_KeyhandlingSTTL-116719] TestStepResult of SwitchApp: Pass
2016-01-28 04:24:01,319 DEBUG [EBRE22_KeyhandlingSTTL-116719] In execute keyword function
2016-01-28 04:24:01,319 DEBUG [EBRE22_KeyhandlingSTTL-116719] Executing ClickNativeIcon function:
2016-01-28 04:24:02,201 DEBUG [EBRE22_KeyhandlingSTTL-116719] [[AppiumTouchActionExtension: selendroid on ANDROID (71fdc3f5-e59e-deb0-7b21-db55fa2d86da)] -> xpath: (//Button[@id='reload_button'])[1]]Clicked successfully
2016-01-28 04:24:02,201 DEBUG [EBRE22_KeyhandlingSTTL-116719] TestStepResult of ClickNativeIcon: pass
2016-01-28 04:24:02,201 DEBUG [EBRE22_KeyhandlingSTTL-116719] In execute keyword function
2016-01-28 04:24:02,201 DEBUG [EBRE22_KeyhandlingSTTL-116719] Executing wait function:
2016-01-28 04:24:02,201 DEBUG [EBRE22_KeyhandlingSTTL-116719] Started Executing wait function
2016-01-28 04:24:12,202 DEBUG [EBRE22_KeyhandlingSTTL-116719] Exiting from wait function
2016-01-28 04:24:12,202 DEBUG [EBRE22_KeyhandlingSTTL-116719] TestStepResult of wait: Pass
2016-01-28 04:24:12,202 DEBUG [EBRE22_KeyhandlingSTTL-116719] In execute keyword function
2016-01-28 04:24:12,202 DEBUG [EBRE22_KeyhandlingSTTL-116719] Executing SwitchApp function:
2016-01-28 04:24:12,307 DEBUG [EBRE22_KeyhandlingSTTL-116719] Successfully switched to WEBVIEW
2016-01-28 04:24:12,308 DEBUG [EBRE22_KeyhandlingSTTL-116719] TestStepResult of SwitchApp: Pass
2016-01-28 04:24:12,308 DEBUG [EBRE22_KeyhandlingSTTL-116719] In execute keyword function
2016-01-28 04:24:12,308 DEBUG [EBRE22_KeyhandlingSTTL-116719] Executing SelectTestToRun function:
2016-01-28 04:24:16,650 DEBUG [EBRE22_KeyhandlingSTTL-116719] Successfull in selecting clicking the category
2016-01-28 04:24:16,650 DEBUG [EBRE22_KeyhandlingSTTL-116719] TestStepResult of SelectTestToRun: pass
2016-01-28 04:24:16,650 DEBUG [EBRE22_KeyhandlingSTTL-116719] In execute keyword function
2016-01-28 04:24:16,650 DEBUG [EBRE22_KeyhandlingSTTL-116719] Executing ClickRunTest function:
2016-01-28 04:24:16,986 DEBUG [EBRE22_KeyhandlingSTTL-116719] Executing Click function
2016-01-28 04:24:18,045 DEBUG [EBRE22_KeyhandlingSTTL-116719] Exiting Click function
2016-01-28 04:24:18,045 DEBUG [EBRE22_KeyhandlingSTTL-116719] runtest_top_xpath Button clicked Successfully
2016-01-28 04:24:18,045 DEBUG [EBRE22_KeyhandlingSTTL-116719] TestStepResult of ClickRunTest: pass
2016-01-28 04:24:18,045 DEBUG [EBRE22_KeyhandlingSTTL-116719] In execute keyword function
2016-01-28 04:24:18,045 DEBUG [EBRE22_KeyhandlingSTTL-116719] Executing validate_Text_Exists function:
2016-01-28 04:24:18,264 DEBUG [EBRE22_KeyhandlingSTTL-116719] VT187-2592 Testcase Text found
2016-01-28 04:24:18,264 DEBUG [EBRE22_KeyhandlingSTTL-116719] Result of validate_Text_Exists: Pass
2016-01-28 04:24:18,265 DEBUG [EBRE22_KeyhandlingSTTL-116719] In execute keyword function
2016-01-28 04:24:18,265 DEBUG [EBRE22_KeyhandlingSTTL-116719] Executing textBoxClick function:
2016-01-28 04:24:19,688 DEBUG [EBRE22_KeyhandlingSTTL-116719] keytxtInput_idtext box clicked successfully
2016-01-28 04:24:19,688 DEBUG [EBRE22_KeyhandlingSTTL-116719] TestStepResult of textBoxClick: pass
2016-01-28 04:24:19,688 DEBUG [EBRE22_KeyhandlingSTTL-116719] In execute keyword function
2016-01-28 04:24:19,688 DEBUG [EBRE22_KeyhandlingSTTL-116719] Executing wait function:
2016-01-28 04:24:19,688 DEBUG [EBRE22_KeyhandlingSTTL-116719] Started Executing wait function
2016-01-28 04:24:21,689 DEBUG [EBRE22_KeyhandlingSTTL-116719] Exiting from wait function
2016-01-28 04:24:21,689 DEBUG [EBRE22_KeyhandlingSTTL-116719] TestStepResult of wait: Pass
2016-01-28 04:24:21,689 DEBUG [EBRE22_KeyhandlingSTTL-116719] In execute keyword function
2016-01-28 04:24:21,689 DEBUG [EBRE22_KeyhandlingSTTL-116719] Executing sendKeyEvents function:
2016-01-28 04:24:21,689 DEBUG [EBRE22_KeyhandlingSTTL-116719] Entered sendKeyEvents function
2016-01-28 04:24:21,689 DEBUG [EBRE22_KeyhandlingSTTL-116719] 4
2016-01-28 04:24:21,689 DEBUG [EBRE22_KeyhandlingSTTL-116719] Entered 4
2016-01-28 04:24:21,689 DEBUG [EBRE22_KeyhandlingSTTL-116719] Started executeCommandLine function
2016-01-28 04:24:25,710 DEBUG [EBRE22_KeyhandlingSTTL-116719] Exiting from executeCommandLine function
2016-01-28 04:24:25,710 DEBUG [EBRE22_KeyhandlingSTTL-116719] pass
2016-01-28 04:24:25,710 DEBUG [EBRE22_KeyhandlingSTTL-116719] TestStepResult of sendKeyEvents: pass
2016-01-28 04:24:25,710 DEBUG [EBRE22_KeyhandlingSTTL-116719] In execute keyword function
2016-01-28 04:24:25,710 DEBUG [EBRE22_KeyhandlingSTTL-116719] Executing validate_textBoxData function:
2016-01-28 04:24:25,710 DEBUG [EBRE22_KeyhandlingSTTL-116719] Executing getAttribute function
2016-01-28 04:24:25,928 DEBUG [EBRE22_KeyhandlingSTTL-116719] 
2016-01-28 04:24:25,928 DEBUG [EBRE22_KeyhandlingSTTL-116719]  value matches with Expected null value
2016-01-28 04:24:25,928 DEBUG [EBRE22_KeyhandlingSTTL-116719] Result of validate_textBoxData: Pass
2016-01-28 04:24:25,928 DEBUG [EBRE22_KeyhandlingSTTL-116719] In execute keyword function
2016-01-28 04:24:25,928 DEBUG [EBRE22_KeyhandlingSTTL-116719] Executing validate_keyCaptured function:
2016-01-28 04:24:25,928 DEBUG [EBRE22_KeyhandlingSTTL-116719] Entered validate_keyCaptured function
2016-01-28 04:24:26,316 DEBUG [EBRE22_KeyhandlingSTTL-116719] 11
2016-01-28 04:24:26,316 DEBUG [EBRE22_KeyhandlingSTTL-116719] Actual Value matches Expected
2016-01-28 04:24:26,316 DEBUG [EBRE22_KeyhandlingSTTL-116719] pass
2016-01-28 04:24:26,316 DEBUG [EBRE22_KeyhandlingSTTL-116719] Exiting from validate_keyCaptured function
2016-01-28 04:24:26,316 DEBUG [EBRE22_KeyhandlingSTTL-116719] Result of validate_keyCaptured: pass
2016-01-28 04:24:26,316 DEBUG [EBRE22_KeyhandlingSTTL-116719] In execute keyword function
2016-01-28 04:24:26,316 DEBUG [EBRE22_KeyhandlingSTTL-116719] Executing SwitchApp function:
2016-01-28 04:24:26,380 DEBUG [EBRE22_KeyhandlingSTTL-116719] Successfully switched to NATIVE_APP
2016-01-28 04:24:26,380 DEBUG [EBRE22_KeyhandlingSTTL-116719] TestStepResult of SwitchApp: Pass
2016-01-28 04:24:26,380 DEBUG [EBRE22_KeyhandlingSTTL-116719] In execute keyword function
2016-01-28 04:24:26,380 DEBUG [EBRE22_KeyhandlingSTTL-116719] Executing ClickNativeIcon function:
2016-01-28 04:24:27,236 DEBUG [EBRE22_KeyhandlingSTTL-116719] [[AppiumTouchActionExtension: selendroid on ANDROID (71fdc3f5-e59e-deb0-7b21-db55fa2d86da)] -> xpath: (//Button[@id='reload_button'])[1]]Clicked successfully
2016-01-28 04:24:27,236 DEBUG [EBRE22_KeyhandlingSTTL-116719] TestStepResult of ClickNativeIcon: pass
2016-01-28 04:24:27,236 DEBUG [EBRE22_KeyhandlingSTTL-116719] In execute keyword function
2016-01-28 04:24:27,236 DEBUG [EBRE22_KeyhandlingSTTL-116719] Executing wait function:
2016-01-28 04:24:27,236 DEBUG [EBRE22_KeyhandlingSTTL-116719] Started Executing wait function
2016-01-28 04:24:37,237 DEBUG [EBRE22_KeyhandlingSTTL-116719] Exiting from wait function
2016-01-28 04:24:37,237 DEBUG [EBRE22_KeyhandlingSTTL-116719] TestStepResult of wait: Pass
2016-01-28 04:24:37,237 DEBUG [EBRE22_KeyhandlingSTTL-116719] In execute keyword function
2016-01-28 04:24:37,237 DEBUG [EBRE22_KeyhandlingSTTL-116719] Executing SwitchApp function:
2016-01-28 04:24:37,332 DEBUG [EBRE22_KeyhandlingSTTL-116719] Successfully switched to WEBVIEW
2016-01-28 04:24:37,333 DEBUG [EBRE22_KeyhandlingSTTL-116719] TestStepResult of SwitchApp: Pass
2016-01-28 04:24:37,333 DEBUG [EBRE22_KeyhandlingSTTL-116719] In execute keyword function
2016-01-28 04:24:37,333 DEBUG [EBRE22_KeyhandlingSTTL-116719] Executing SelectTestToRun function:
2016-01-28 04:24:41,362 DEBUG [EBRE22_KeyhandlingSTTL-116719] Successfull in selecting clicking the category
2016-01-28 04:24:41,362 DEBUG [EBRE22_KeyhandlingSTTL-116719] TestStepResult of SelectTestToRun: pass
2016-01-28 04:24:41,362 DEBUG [EBRE22_KeyhandlingSTTL-116719] In execute keyword function
2016-01-28 04:24:41,362 DEBUG [EBRE22_KeyhandlingSTTL-116719] Executing ClickRunTest function:
2016-01-28 04:24:41,714 DEBUG [EBRE22_KeyhandlingSTTL-116719] Executing Click function
2016-01-28 04:24:42,794 DEBUG [EBRE22_KeyhandlingSTTL-116719] Exiting Click function
2016-01-28 04:24:42,794 DEBUG [EBRE22_KeyhandlingSTTL-116719] runtest_top_xpath Button clicked Successfully
2016-01-28 04:24:42,794 DEBUG [EBRE22_KeyhandlingSTTL-116719] TestStepResult of ClickRunTest: pass
2016-01-28 04:24:42,794 DEBUG [EBRE22_KeyhandlingSTTL-116719] In execute keyword function
2016-01-28 04:24:42,794 DEBUG [EBRE22_KeyhandlingSTTL-116719] Executing validate_Text_Exists function:
2016-01-28 04:24:43,079 DEBUG [EBRE22_KeyhandlingSTTL-116719] VT187-2592 Testcase Text found
2016-01-28 04:24:43,079 DEBUG [EBRE22_KeyhandlingSTTL-116719] Result of validate_Text_Exists: Pass
2016-01-28 04:24:43,079 DEBUG [EBRE22_KeyhandlingSTTL-116719] In execute keyword function
2016-01-28 04:24:43,080 DEBUG [EBRE22_KeyhandlingSTTL-116719] Executing textBoxClick function:
2016-01-28 04:24:44,519 DEBUG [EBRE22_KeyhandlingSTTL-116719] keytxtInput_idtext box clicked successfully
2016-01-28 04:24:44,519 DEBUG [EBRE22_KeyhandlingSTTL-116719] TestStepResult of textBoxClick: pass
2016-01-28 04:24:44,519 DEBUG [EBRE22_KeyhandlingSTTL-116719] In execute keyword function
2016-01-28 04:24:44,519 DEBUG [EBRE22_KeyhandlingSTTL-116719] Executing wait function:
2016-01-28 04:24:44,519 DEBUG [EBRE22_KeyhandlingSTTL-116719] Started Executing wait function
2016-01-28 04:24:46,519 DEBUG [EBRE22_KeyhandlingSTTL-116719] Exiting from wait function
2016-01-28 04:24:46,519 DEBUG [EBRE22_KeyhandlingSTTL-116719] TestStepResult of wait: Pass
2016-01-28 04:24:46,519 DEBUG [EBRE22_KeyhandlingSTTL-116719] In execute keyword function
2016-01-28 04:24:46,519 DEBUG [EBRE22_KeyhandlingSTTL-116719] Executing sendKeyEvents function:
2016-01-28 04:24:46,519 DEBUG [EBRE22_KeyhandlingSTTL-116719] Entered sendKeyEvents function
2016-01-28 04:24:46,519 DEBUG [EBRE22_KeyhandlingSTTL-116719] 5
2016-01-28 04:24:46,519 DEBUG [EBRE22_KeyhandlingSTTL-116719] Entered 5
2016-01-28 04:24:46,519 DEBUG [EBRE22_KeyhandlingSTTL-116719] Started executeCommandLine function
2016-01-28 04:24:50,540 DEBUG [EBRE22_KeyhandlingSTTL-116719] Exiting from executeCommandLine function
2016-01-28 04:24:50,540 DEBUG [EBRE22_KeyhandlingSTTL-116719] pass
2016-01-28 04:24:50,540 DEBUG [EBRE22_KeyhandlingSTTL-116719] TestStepResult of sendKeyEvents: pass
2016-01-28 04:24:50,540 DEBUG [EBRE22_KeyhandlingSTTL-116719] In execute keyword function
2016-01-28 04:24:50,540 DEBUG [EBRE22_KeyhandlingSTTL-116719] Executing validate_textBoxData function:
2016-01-28 04:24:50,540 DEBUG [EBRE22_KeyhandlingSTTL-116719] Executing getAttribute function
2016-01-28 04:24:50,743 DEBUG [EBRE22_KeyhandlingSTTL-116719] 
2016-01-28 04:24:50,744 DEBUG [EBRE22_KeyhandlingSTTL-116719]  value matches with Expected null value
2016-01-28 04:24:50,744 DEBUG [EBRE22_KeyhandlingSTTL-116719] Result of validate_textBoxData: Pass
2016-01-28 04:24:50,744 DEBUG [EBRE22_KeyhandlingSTTL-116719] In execute keyword function
2016-01-28 04:24:50,744 DEBUG [EBRE22_KeyhandlingSTTL-116719] Executing validate_keyCaptured function:
2016-01-28 04:24:50,744 DEBUG [EBRE22_KeyhandlingSTTL-116719] Entered validate_keyCaptured function
2016-01-28 04:24:50,978 DEBUG [EBRE22_KeyhandlingSTTL-116719] 12
2016-01-28 04:24:50,979 DEBUG [EBRE22_KeyhandlingSTTL-116719] Actual Value matches Expected
2016-01-28 04:24:50,979 DEBUG [EBRE22_KeyhandlingSTTL-116719] pass
2016-01-28 04:24:50,979 DEBUG [EBRE22_KeyhandlingSTTL-116719] Exiting from validate_keyCaptured function
2016-01-28 04:24:50,979 DEBUG [EBRE22_KeyhandlingSTTL-116719] Result of validate_keyCaptured: pass
2016-01-28 04:24:50,979 DEBUG [EBRE22_KeyhandlingSTTL-116719] In execute keyword function
2016-01-28 04:24:50,979 DEBUG [EBRE22_KeyhandlingSTTL-116719] Executing SwitchApp function:
2016-01-28 04:24:51,027 DEBUG [EBRE22_KeyhandlingSTTL-116719] Successfully switched to NATIVE_APP
2016-01-28 04:24:51,028 DEBUG [EBRE22_KeyhandlingSTTL-116719] TestStepResult of SwitchApp: Pass
2016-01-28 04:24:51,028 DEBUG [EBRE22_KeyhandlingSTTL-116719] In execute keyword function
2016-01-28 04:24:51,028 DEBUG [EBRE22_KeyhandlingSTTL-116719] Executing ClickNativeIcon function:
2016-01-28 04:24:51,886 DEBUG [EBRE22_KeyhandlingSTTL-116719] [[AppiumTouchActionExtension: selendroid on ANDROID (71fdc3f5-e59e-deb0-7b21-db55fa2d86da)] -> xpath: (//Button[@id='reload_button'])[1]]Clicked successfully
2016-01-28 04:24:51,886 DEBUG [EBRE22_KeyhandlingSTTL-116719] TestStepResult of ClickNativeIcon: pass
2016-01-28 04:24:51,886 DEBUG [EBRE22_KeyhandlingSTTL-116719] In execute keyword function
2016-01-28 04:24:51,886 DEBUG [EBRE22_KeyhandlingSTTL-116719] Executing wait function:
2016-01-28 04:24:51,886 DEBUG [EBRE22_KeyhandlingSTTL-116719] Started Executing wait function
2016-01-28 04:25:01,887 DEBUG [EBRE22_KeyhandlingSTTL-116719] Exiting from wait function
2016-01-28 04:25:01,887 DEBUG [EBRE22_KeyhandlingSTTL-116719] TestStepResult of wait: Pass
2016-01-28 04:25:01,887 DEBUG [EBRE22_KeyhandlingSTTL-116719] In execute keyword function
2016-01-28 04:25:01,887 DEBUG [EBRE22_KeyhandlingSTTL-116719] Executing SwitchApp function:
2016-01-28 04:25:01,989 DEBUG [EBRE22_KeyhandlingSTTL-116719] Successfully switched to WEBVIEW
2016-01-28 04:25:01,989 DEBUG [EBRE22_KeyhandlingSTTL-116719] TestStepResult of SwitchApp: Pass
2016-01-28 04:25:01,989 DEBUG [EBRE22_KeyhandlingSTTL-116719] In execute keyword function
2016-01-28 04:25:01,989 DEBUG [EBRE22_KeyhandlingSTTL-116719] Executing SelectTestToRun function:
2016-01-28 04:25:06,027 DEBUG [EBRE22_KeyhandlingSTTL-116719] Successfull in selecting clicking the category
2016-01-28 04:25:06,027 DEBUG [EBRE22_KeyhandlingSTTL-116719] TestStepResult of SelectTestToRun: pass
2016-01-28 04:25:06,027 DEBUG [EBRE22_KeyhandlingSTTL-116719] In execute keyword function
2016-01-28 04:25:06,027 DEBUG [EBRE22_KeyhandlingSTTL-116719] Executing ClickRunTest function:
2016-01-28 04:25:06,370 DEBUG [EBRE22_KeyhandlingSTTL-116719] Executing Click function
2016-01-28 04:25:07,393 DEBUG [EBRE22_KeyhandlingSTTL-116719] Exiting Click function
2016-01-28 04:25:07,394 DEBUG [EBRE22_KeyhandlingSTTL-116719] runtest_top_xpath Button clicked Successfully
2016-01-28 04:25:07,394 DEBUG [EBRE22_KeyhandlingSTTL-116719] TestStepResult of ClickRunTest: pass
2016-01-28 04:25:07,394 DEBUG [EBRE22_KeyhandlingSTTL-116719] In execute keyword function
2016-01-28 04:25:07,394 DEBUG [EBRE22_KeyhandlingSTTL-116719] Executing validate_Text_Exists function:
2016-01-28 04:25:07,606 DEBUG [EBRE22_KeyhandlingSTTL-116719] VT187-2592 Testcase Text found
2016-01-28 04:25:07,606 DEBUG [EBRE22_KeyhandlingSTTL-116719] Result of validate_Text_Exists: Pass
2016-01-28 04:25:07,606 DEBUG [EBRE22_KeyhandlingSTTL-116719] In execute keyword function
2016-01-28 04:25:07,606 DEBUG [EBRE22_KeyhandlingSTTL-116719] Executing textBoxClick function:
2016-01-28 04:25:09,042 DEBUG [EBRE22_KeyhandlingSTTL-116719] keytxtInput_idtext box clicked successfully
2016-01-28 04:25:09,042 DEBUG [EBRE22_KeyhandlingSTTL-116719] TestStepResult of textBoxClick: pass
2016-01-28 04:25:09,042 DEBUG [EBRE22_KeyhandlingSTTL-116719] In execute keyword function
2016-01-28 04:25:09,042 DEBUG [EBRE22_KeyhandlingSTTL-116719] Executing wait function:
2016-01-28 04:25:09,042 DEBUG [EBRE22_KeyhandlingSTTL-116719] Started Executing wait function
2016-01-28 04:25:11,043 DEBUG [EBRE22_KeyhandlingSTTL-116719] Exiting from wait function
2016-01-28 04:25:11,043 DEBUG [EBRE22_KeyhandlingSTTL-116719] TestStepResult of wait: Pass
2016-01-28 04:25:11,043 DEBUG [EBRE22_KeyhandlingSTTL-116719] In execute keyword function
2016-01-28 04:25:11,043 DEBUG [EBRE22_KeyhandlingSTTL-116719] Executing sendKeyEvents function:
2016-01-28 04:25:11,043 DEBUG [EBRE22_KeyhandlingSTTL-116719] Entered sendKeyEvents function
2016-01-28 04:25:11,043 DEBUG [EBRE22_KeyhandlingSTTL-116719] 6
2016-01-28 04:25:11,043 DEBUG [EBRE22_KeyhandlingSTTL-116719] Entered 6
2016-01-28 04:25:11,043 DEBUG [EBRE22_KeyhandlingSTTL-116719] Started executeCommandLine function
2016-01-28 04:25:15,064 DEBUG [EBRE22_KeyhandlingSTTL-116719] Exiting from executeCommandLine function
2016-01-28 04:25:15,064 DEBUG [EBRE22_KeyhandlingSTTL-116719] pass
2016-01-28 04:25:15,064 DEBUG [EBRE22_KeyhandlingSTTL-116719] TestStepResult of sendKeyEvents: pass
2016-01-28 04:25:15,064 DEBUG [EBRE22_KeyhandlingSTTL-116719] In execute keyword function
2016-01-28 04:25:15,064 DEBUG [EBRE22_KeyhandlingSTTL-116719] Executing validate_textBoxData function:
2016-01-28 04:25:15,064 DEBUG [EBRE22_KeyhandlingSTTL-116719] Executing getAttribute function
2016-01-28 04:25:15,251 DEBUG [EBRE22_KeyhandlingSTTL-116719] 
2016-01-28 04:25:15,251 DEBUG [EBRE22_KeyhandlingSTTL-116719]  value matches with Expected null value
2016-01-28 04:25:15,251 DEBUG [EBRE22_KeyhandlingSTTL-116719] Result of validate_textBoxData: Pass
2016-01-28 04:25:15,251 DEBUG [EBRE22_KeyhandlingSTTL-116719] In execute keyword function
2016-01-28 04:25:15,251 DEBUG [EBRE22_KeyhandlingSTTL-116719] Executing validate_keyCaptured function:
2016-01-28 04:25:15,251 DEBUG [EBRE22_KeyhandlingSTTL-116719] Entered validate_keyCaptured function
2016-01-28 04:25:15,474 DEBUG [EBRE22_KeyhandlingSTTL-116719] 13
2016-01-28 04:25:15,474 DEBUG [EBRE22_KeyhandlingSTTL-116719] Actual Value matches Expected
2016-01-28 04:25:15,474 DEBUG [EBRE22_KeyhandlingSTTL-116719] pass
2016-01-28 04:25:15,474 DEBUG [EBRE22_KeyhandlingSTTL-116719] Exiting from validate_keyCaptured function
2016-01-28 04:25:15,474 DEBUG [EBRE22_KeyhandlingSTTL-116719] Result of validate_keyCaptured: pass
2016-01-28 04:25:15,474 DEBUG [EBRE22_KeyhandlingSTTL-116719] In execute keyword function
2016-01-28 04:25:15,474 DEBUG [EBRE22_KeyhandlingSTTL-116719] Executing SwitchApp function:
2016-01-28 04:25:15,522 DEBUG [EBRE22_KeyhandlingSTTL-116719] Successfully switched to NATIVE_APP
2016-01-28 04:25:15,522 DEBUG [EBRE22_KeyhandlingSTTL-116719] TestStepResult of SwitchApp: Pass
2016-01-28 04:25:15,522 DEBUG [EBRE22_KeyhandlingSTTL-116719] In execute keyword function
2016-01-28 04:25:15,522 DEBUG [EBRE22_KeyhandlingSTTL-116719] Executing ClickNativeIcon function:
2016-01-28 04:25:16,349 DEBUG [EBRE22_KeyhandlingSTTL-116719] [[AppiumTouchActionExtension: selendroid on ANDROID (71fdc3f5-e59e-deb0-7b21-db55fa2d86da)] -> xpath: (//Button[@id='reload_button'])[1]]Clicked successfully
2016-01-28 04:25:16,349 DEBUG [EBRE22_KeyhandlingSTTL-116719] TestStepResult of ClickNativeIcon: pass
2016-01-28 04:25:16,349 DEBUG [EBRE22_KeyhandlingSTTL-116719] In execute keyword function
2016-01-28 04:25:16,349 DEBUG [EBRE22_KeyhandlingSTTL-116719] Executing wait function:
2016-01-28 04:25:16,349 DEBUG [EBRE22_KeyhandlingSTTL-116719] Started Executing wait function
2016-01-28 04:25:26,350 DEBUG [EBRE22_KeyhandlingSTTL-116719] Exiting from wait function
2016-01-28 04:25:26,350 DEBUG [EBRE22_KeyhandlingSTTL-116719] TestStepResult of wait: Pass
2016-01-28 04:25:26,350 DEBUG [EBRE22_KeyhandlingSTTL-116719] In execute keyword function
2016-01-28 04:25:26,350 DEBUG [EBRE22_KeyhandlingSTTL-116719] Executing SwitchApp function:
2016-01-28 04:25:26,449 DEBUG [EBRE22_KeyhandlingSTTL-116719] Successfully switched to WEBVIEW
2016-01-28 04:25:26,449 DEBUG [EBRE22_KeyhandlingSTTL-116719] TestStepResult of SwitchApp: Pass
2016-01-28 04:25:26,449 DEBUG [EBRE22_KeyhandlingSTTL-116719] In execute keyword function
2016-01-28 04:25:26,449 DEBUG [EBRE22_KeyhandlingSTTL-116719] Executing SelectTestToRun function:
2016-01-28 04:25:30,507 DEBUG [EBRE22_KeyhandlingSTTL-116719] Successfull in selecting clicking the category
2016-01-28 04:25:30,507 DEBUG [EBRE22_KeyhandlingSTTL-116719] TestStepResult of SelectTestToRun: pass
2016-01-28 04:25:30,507 DEBUG [EBRE22_KeyhandlingSTTL-116719] In execute keyword function
2016-01-28 04:25:30,507 DEBUG [EBRE22_KeyhandlingSTTL-116719] Executing ClickRunTest function:
2016-01-28 04:25:30,812 DEBUG [EBRE22_KeyhandlingSTTL-116719] Executing Click function
2016-01-28 04:25:31,836 DEBUG [EBRE22_KeyhandlingSTTL-116719] Exiting Click function
2016-01-28 04:25:31,836 DEBUG [EBRE22_KeyhandlingSTTL-116719] runtest_top_xpath Button clicked Successfully
2016-01-28 04:25:31,836 DEBUG [EBRE22_KeyhandlingSTTL-116719] TestStepResult of ClickRunTest: pass
2016-01-28 04:25:31,836 DEBUG [EBRE22_KeyhandlingSTTL-116719] In execute keyword function
2016-01-28 04:25:31,836 DEBUG [EBRE22_KeyhandlingSTTL-116719] Executing validate_Text_Exists function:
2016-01-28 04:25:32,050 DEBUG [EBRE22_KeyhandlingSTTL-116719] VT187-2592 Testcase Text found
2016-01-28 04:25:32,050 DEBUG [EBRE22_KeyhandlingSTTL-116719] Result of validate_Text_Exists: Pass
2016-01-28 04:25:32,050 DEBUG [EBRE22_KeyhandlingSTTL-116719] In execute keyword function
2016-01-28 04:25:32,050 DEBUG [EBRE22_KeyhandlingSTTL-116719] Executing textBoxClick function:
2016-01-28 04:25:33,443 DEBUG [EBRE22_KeyhandlingSTTL-116719] keytxtInput_idtext box clicked successfully
2016-01-28 04:25:33,444 DEBUG [EBRE22_KeyhandlingSTTL-116719] TestStepResult of textBoxClick: pass
2016-01-28 04:25:33,444 DEBUG [EBRE22_KeyhandlingSTTL-116719] In execute keyword function
2016-01-28 04:25:33,444 DEBUG [EBRE22_KeyhandlingSTTL-116719] Executing wait function:
2016-01-28 04:25:33,444 DEBUG [EBRE22_KeyhandlingSTTL-116719] Started Executing wait function
2016-01-28 04:25:35,444 DEBUG [EBRE22_KeyhandlingSTTL-116719] Exiting from wait function
2016-01-28 04:25:35,444 DEBUG [EBRE22_KeyhandlingSTTL-116719] TestStepResult of wait: Pass
2016-01-28 04:25:35,444 DEBUG [EBRE22_KeyhandlingSTTL-116719] In execute keyword function
2016-01-28 04:25:35,444 DEBUG [EBRE22_KeyhandlingSTTL-116719] Executing sendKeyEvents function:
2016-01-28 04:25:35,444 DEBUG [EBRE22_KeyhandlingSTTL-116719] Entered sendKeyEvents function
2016-01-28 04:25:35,444 DEBUG [EBRE22_KeyhandlingSTTL-116719] 7
2016-01-28 04:25:35,444 DEBUG [EBRE22_KeyhandlingSTTL-116719] Entered 7
2016-01-28 04:25:35,444 DEBUG [EBRE22_KeyhandlingSTTL-116719] Started executeCommandLine function
2016-01-28 04:25:39,456 DEBUG [EBRE22_KeyhandlingSTTL-116719] Exiting from executeCommandLine function
2016-01-28 04:25:39,456 DEBUG [EBRE22_KeyhandlingSTTL-116719] pass
2016-01-28 04:25:39,456 DEBUG [EBRE22_KeyhandlingSTTL-116719] TestStepResult of sendKeyEvents: pass
2016-01-28 04:25:39,456 DEBUG [EBRE22_KeyhandlingSTTL-116719] In execute keyword function
2016-01-28 04:25:39,456 DEBUG [EBRE22_KeyhandlingSTTL-116719] Executing validate_textBoxData function:
2016-01-28 04:25:39,456 DEBUG [EBRE22_KeyhandlingSTTL-116719] Executing getAttribute function
2016-01-28 04:25:39,645 DEBUG [EBRE22_KeyhandlingSTTL-116719] 
2016-01-28 04:25:39,645 DEBUG [EBRE22_KeyhandlingSTTL-116719]  value matches with Expected null value
2016-01-28 04:25:39,645 DEBUG [EBRE22_KeyhandlingSTTL-116719] Result of validate_textBoxData: Pass
2016-01-28 04:25:39,645 DEBUG [EBRE22_KeyhandlingSTTL-116719] In execute keyword function
2016-01-28 04:25:39,645 DEBUG [EBRE22_KeyhandlingSTTL-116719] Executing validate_keyCaptured function:
2016-01-28 04:25:39,645 DEBUG [EBRE22_KeyhandlingSTTL-116719] Entered validate_keyCaptured function
2016-01-28 04:25:39,845 DEBUG [EBRE22_KeyhandlingSTTL-116719] 14
2016-01-28 04:25:39,845 DEBUG [EBRE22_KeyhandlingSTTL-116719] Actual Value matches Expected
2016-01-28 04:25:39,845 DEBUG [EBRE22_KeyhandlingSTTL-116719] pass
2016-01-28 04:25:39,845 DEBUG [EBRE22_KeyhandlingSTTL-116719] Exiting from validate_keyCaptured function
2016-01-28 04:25:39,845 DEBUG [EBRE22_KeyhandlingSTTL-116719] Result of validate_keyCaptured: pass
2016-01-28 04:25:39,846 DEBUG [EBRE22_KeyhandlingSTTL-116719] In execute keyword function
2016-01-28 04:25:39,846 DEBUG [EBRE22_KeyhandlingSTTL-116719] Executing SwitchApp function:
2016-01-28 04:25:39,910 DEBUG [EBRE22_KeyhandlingSTTL-116719] Successfully switched to NATIVE_APP
2016-01-28 04:25:39,910 DEBUG [EBRE22_KeyhandlingSTTL-116719] TestStepResult of SwitchApp: Pass
2016-01-28 04:25:39,910 DEBUG [EBRE22_KeyhandlingSTTL-116719] In execute keyword function
2016-01-28 04:25:39,910 DEBUG [EBRE22_KeyhandlingSTTL-116719] Executing ClickNativeIcon function:
2016-01-28 04:25:40,735 DEBUG [EBRE22_KeyhandlingSTTL-116719] [[AppiumTouchActionExtension: selendroid on ANDROID (71fdc3f5-e59e-deb0-7b21-db55fa2d86da)] -> xpath: (//Button[@id='reload_button'])[1]]Clicked successfully
2016-01-28 04:25:40,735 DEBUG [EBRE22_KeyhandlingSTTL-116719] TestStepResult of ClickNativeIcon: pass
2016-01-28 04:25:40,735 DEBUG [EBRE22_KeyhandlingSTTL-116719] In execute keyword function
2016-01-28 04:25:40,735 DEBUG [EBRE22_KeyhandlingSTTL-116719] Executing wait function:
2016-01-28 04:25:40,735 DEBUG [EBRE22_KeyhandlingSTTL-116719] Started Executing wait function
2016-01-28 04:25:50,736 DEBUG [EBRE22_KeyhandlingSTTL-116719] Exiting from wait function
2016-01-28 04:25:50,736 DEBUG [EBRE22_KeyhandlingSTTL-116719] TestStepResult of wait: Pass
2016-01-28 04:25:50,736 DEBUG [EBRE22_KeyhandlingSTTL-116719] In execute keyword function
2016-01-28 04:25:50,736 DEBUG [EBRE22_KeyhandlingSTTL-116719] Executing SwitchApp function:
2016-01-28 04:25:50,847 DEBUG [EBRE22_KeyhandlingSTTL-116719] Successfully switched to WEBVIEW
2016-01-28 04:25:50,847 DEBUG [EBRE22_KeyhandlingSTTL-116719] TestStepResult of SwitchApp: Pass
2016-01-28 04:25:50,847 DEBUG [EBRE22_KeyhandlingSTTL-116719] In execute keyword function
2016-01-28 04:25:50,847 DEBUG [EBRE22_KeyhandlingSTTL-116719] Executing SelectTestToRun function:
2016-01-28 04:25:54,988 DEBUG [EBRE22_KeyhandlingSTTL-116719] Successfull in selecting clicking the category
2016-01-28 04:25:54,988 DEBUG [EBRE22_KeyhandlingSTTL-116719] TestStepResult of SelectTestToRun: pass
2016-01-28 04:25:54,988 DEBUG [EBRE22_KeyhandlingSTTL-116719] In execute keyword function
2016-01-28 04:25:54,988 DEBUG [EBRE22_KeyhandlingSTTL-116719] Executing ClickRunTest function:
2016-01-28 04:25:55,322 DEBUG [EBRE22_KeyhandlingSTTL-116719] Executing Click function
2016-01-28 04:25:56,354 DEBUG [EBRE22_KeyhandlingSTTL-116719] Exiting Click function
2016-01-28 04:25:56,354 DEBUG [EBRE22_KeyhandlingSTTL-116719] runtest_top_xpath Button clicked Successfully
2016-01-28 04:25:56,354 DEBUG [EBRE22_KeyhandlingSTTL-116719] TestStepResult of ClickRunTest: pass
2016-01-28 04:25:56,354 DEBUG [EBRE22_KeyhandlingSTTL-116719] In execute keyword function
2016-01-28 04:25:56,354 DEBUG [EBRE22_KeyhandlingSTTL-116719] Executing validate_Text_Exists function:
2016-01-28 04:25:56,620 DEBUG [EBRE22_KeyhandlingSTTL-116719] VT187-2592 Testcase Text found
2016-01-28 04:25:56,621 DEBUG [EBRE22_KeyhandlingSTTL-116719] Result of validate_Text_Exists: Pass
2016-01-28 04:25:56,621 DEBUG [EBRE22_KeyhandlingSTTL-116719] In execute keyword function
2016-01-28 04:25:56,621 DEBUG [EBRE22_KeyhandlingSTTL-116719] Executing textBoxClick function:
2016-01-28 04:25:57,998 DEBUG [EBRE22_KeyhandlingSTTL-116719] keytxtInput_idtext box clicked successfully
2016-01-28 04:25:57,998 DEBUG [EBRE22_KeyhandlingSTTL-116719] TestStepResult of textBoxClick: pass
2016-01-28 04:25:57,998 DEBUG [EBRE22_KeyhandlingSTTL-116719] In execute keyword function
2016-01-28 04:25:57,998 DEBUG [EBRE22_KeyhandlingSTTL-116719] Executing wait function:
2016-01-28 04:25:57,998 DEBUG [EBRE22_KeyhandlingSTTL-116719] Started Executing wait function
2016-01-28 04:25:59,998 DEBUG [EBRE22_KeyhandlingSTTL-116719] Exiting from wait function
2016-01-28 04:25:59,998 DEBUG [EBRE22_KeyhandlingSTTL-116719] TestStepResult of wait: Pass
2016-01-28 04:25:59,998 DEBUG [EBRE22_KeyhandlingSTTL-116719] In execute keyword function
2016-01-28 04:25:59,998 DEBUG [EBRE22_KeyhandlingSTTL-116719] Executing sendKeyEvents function:
2016-01-28 04:25:59,998 DEBUG [EBRE22_KeyhandlingSTTL-116719] Entered sendKeyEvents function
2016-01-28 04:25:59,998 DEBUG [EBRE22_KeyhandlingSTTL-116719] 8
2016-01-28 04:25:59,998 DEBUG [EBRE22_KeyhandlingSTTL-116719] Entered 8
2016-01-28 04:25:59,998 DEBUG [EBRE22_KeyhandlingSTTL-116719] Started executeCommandLine function
2016-01-28 04:26:04,020 DEBUG [EBRE22_KeyhandlingSTTL-116719] Exiting from executeCommandLine function
2016-01-28 04:26:04,020 DEBUG [EBRE22_KeyhandlingSTTL-116719] pass
2016-01-28 04:26:04,020 DEBUG [EBRE22_KeyhandlingSTTL-116719] TestStepResult of sendKeyEvents: pass
2016-01-28 04:26:04,020 DEBUG [EBRE22_KeyhandlingSTTL-116719] In execute keyword function
2016-01-28 04:26:04,020 DEBUG [EBRE22_KeyhandlingSTTL-116719] Executing validate_textBoxData function:
2016-01-28 04:26:04,020 DEBUG [EBRE22_KeyhandlingSTTL-116719] Executing getAttribute function
2016-01-28 04:26:04,204 DEBUG [EBRE22_KeyhandlingSTTL-116719] 
2016-01-28 04:26:04,204 DEBUG [EBRE22_KeyhandlingSTTL-116719]  value matches with Expected null value
2016-01-28 04:26:04,204 DEBUG [EBRE22_KeyhandlingSTTL-116719] Result of validate_textBoxData: Pass
2016-01-28 04:26:04,204 DEBUG [EBRE22_KeyhandlingSTTL-116719] In execute keyword function
2016-01-28 04:26:04,204 DEBUG [EBRE22_KeyhandlingSTTL-116719] Executing validate_keyCaptured function:
2016-01-28 04:26:04,204 DEBUG [EBRE22_KeyhandlingSTTL-116719] Entered validate_keyCaptured function
2016-01-28 04:26:04,419 DEBUG [EBRE22_KeyhandlingSTTL-116719] 15
2016-01-28 04:26:04,419 DEBUG [EBRE22_KeyhandlingSTTL-116719] Actual Value matches Expected
2016-01-28 04:26:04,419 DEBUG [EBRE22_KeyhandlingSTTL-116719] pass
2016-01-28 04:26:04,419 DEBUG [EBRE22_KeyhandlingSTTL-116719] Exiting from validate_keyCaptured function
2016-01-28 04:26:04,419 DEBUG [EBRE22_KeyhandlingSTTL-116719] Result of validate_keyCaptured: pass
2016-01-28 04:26:04,419 DEBUG [EBRE22_KeyhandlingSTTL-116719] In execute keyword function
2016-01-28 04:26:04,419 DEBUG [EBRE22_KeyhandlingSTTL-116719] Executing SwitchApp function:
2016-01-28 04:26:04,468 DEBUG [EBRE22_KeyhandlingSTTL-116719] Successfully switched to NATIVE_APP
2016-01-28 04:26:04,468 DEBUG [EBRE22_KeyhandlingSTTL-116719] TestStepResult of SwitchApp: Pass
2016-01-28 04:26:04,469 DEBUG [EBRE22_KeyhandlingSTTL-116719] In execute keyword function
2016-01-28 04:26:04,469 DEBUG [EBRE22_KeyhandlingSTTL-116719] Executing ClickNativeIcon function:
2016-01-28 04:26:05,297 DEBUG [EBRE22_KeyhandlingSTTL-116719] [[AppiumTouchActionExtension: selendroid on ANDROID (71fdc3f5-e59e-deb0-7b21-db55fa2d86da)] -> xpath: (//Button[@id='reload_button'])[1]]Clicked successfully
2016-01-28 04:26:05,297 DEBUG [EBRE22_KeyhandlingSTTL-116719] TestStepResult of ClickNativeIcon: pass
2016-01-28 04:26:05,297 DEBUG [EBRE22_KeyhandlingSTTL-116719] In execute keyword function
2016-01-28 04:26:05,297 DEBUG [EBRE22_KeyhandlingSTTL-116719] Executing wait function:
2016-01-28 04:26:05,297 DEBUG [EBRE22_KeyhandlingSTTL-116719] Started Executing wait function
2016-01-28 04:26:15,298 DEBUG [EBRE22_KeyhandlingSTTL-116719] Exiting from wait function
2016-01-28 04:26:15,298 DEBUG [EBRE22_KeyhandlingSTTL-116719] TestStepResult of wait: Pass
2016-01-28 04:26:15,298 DEBUG [EBRE22_KeyhandlingSTTL-116719] In execute keyword function
2016-01-28 04:26:15,298 DEBUG [EBRE22_KeyhandlingSTTL-116719] Executing SwitchApp function:
2016-01-28 04:26:15,354 DEBUG [EBRE22_KeyhandlingSTTL-116719] Successfully switched to WEBVIEW
2016-01-28 04:26:15,354 DEBUG [EBRE22_KeyhandlingSTTL-116719] TestStepResult of SwitchApp: Pass
2016-01-28 04:26:15,354 DEBUG [EBRE22_KeyhandlingSTTL-116719] In execute keyword function
2016-01-28 04:26:15,354 DEBUG [EBRE22_KeyhandlingSTTL-116719] Executing SelectTestToRun function:
2016-01-28 04:26:19,415 DEBUG [EBRE22_KeyhandlingSTTL-116719] Successfull in selecting clicking the category
2016-01-28 04:26:19,415 DEBUG [EBRE22_KeyhandlingSTTL-116719] TestStepResult of SelectTestToRun: pass
2016-01-28 04:26:19,415 DEBUG [EBRE22_KeyhandlingSTTL-116719] In execute keyword function
2016-01-28 04:26:19,415 DEBUG [EBRE22_KeyhandlingSTTL-116719] Executing ClickRunTest function:
2016-01-28 04:26:19,717 DEBUG [EBRE22_KeyhandlingSTTL-116719] Executing Click function
2016-01-28 04:26:20,743 DEBUG [EBRE22_KeyhandlingSTTL-116719] Exiting Click function
2016-01-28 04:26:20,743 DEBUG [EBRE22_KeyhandlingSTTL-116719] runtest_top_xpath Button clicked Successfully
2016-01-28 04:26:20,743 DEBUG [EBRE22_KeyhandlingSTTL-116719] TestStepResult of ClickRunTest: pass
2016-01-28 04:26:20,743 DEBUG [EBRE22_KeyhandlingSTTL-116719] In execute keyword function
2016-01-28 04:26:20,743 DEBUG [EBRE22_KeyhandlingSTTL-116719] Executing validate_Text_Exists function:
2016-01-28 04:26:20,955 DEBUG [EBRE22_KeyhandlingSTTL-116719] VT187-2592 Testcase Text found
2016-01-28 04:26:20,955 DEBUG [EBRE22_KeyhandlingSTTL-116719] Result of validate_Text_Exists: Pass
2016-01-28 04:26:20,955 DEBUG [EBRE22_KeyhandlingSTTL-116719] In execute keyword function
2016-01-28 04:26:20,955 DEBUG [EBRE22_KeyhandlingSTTL-116719] Executing textBoxClick function:
2016-01-28 04:26:22,294 DEBUG [EBRE22_KeyhandlingSTTL-116719] keytxtInput_idtext box clicked successfully
2016-01-28 04:26:22,295 DEBUG [EBRE22_KeyhandlingSTTL-116719] TestStepResult of textBoxClick: pass
2016-01-28 04:26:22,295 DEBUG [EBRE22_KeyhandlingSTTL-116719] In execute keyword function
2016-01-28 04:26:22,295 DEBUG [EBRE22_KeyhandlingSTTL-116719] Executing wait function:
2016-01-28 04:26:22,295 DEBUG [EBRE22_KeyhandlingSTTL-116719] Started Executing wait function
2016-01-28 04:26:24,295 DEBUG [EBRE22_KeyhandlingSTTL-116719] Exiting from wait function
2016-01-28 04:26:24,295 DEBUG [EBRE22_KeyhandlingSTTL-116719] TestStepResult of wait: Pass
2016-01-28 04:26:24,295 DEBUG [EBRE22_KeyhandlingSTTL-116719] In execute keyword function
2016-01-28 04:26:24,295 DEBUG [EBRE22_KeyhandlingSTTL-116719] Executing sendKeyEvents function:
2016-01-28 04:26:24,295 DEBUG [EBRE22_KeyhandlingSTTL-116719] Entered sendKeyEvents function
2016-01-28 04:26:24,295 DEBUG [EBRE22_KeyhandlingSTTL-116719] 9
2016-01-28 04:26:24,295 DEBUG [EBRE22_KeyhandlingSTTL-116719] Entered 9
2016-01-28 04:26:24,295 DEBUG [EBRE22_KeyhandlingSTTL-116719] Started executeCommandLine function
2016-01-28 04:26:28,317 DEBUG [EBRE22_KeyhandlingSTTL-116719] Exiting from executeCommandLine function
2016-01-28 04:26:28,317 DEBUG [EBRE22_KeyhandlingSTTL-116719] pass
2016-01-28 04:26:28,317 DEBUG [EBRE22_KeyhandlingSTTL-116719] TestStepResult of sendKeyEvents: pass
2016-01-28 04:26:28,317 DEBUG [EBRE22_KeyhandlingSTTL-116719] In execute keyword function
2016-01-28 04:26:28,317 DEBUG [EBRE22_KeyhandlingSTTL-116719] Executing validate_textBoxData function:
2016-01-28 04:26:28,317 DEBUG [EBRE22_KeyhandlingSTTL-116719] Executing getAttribute function
2016-01-28 04:26:28,527 DEBUG [EBRE22_KeyhandlingSTTL-116719] 
2016-01-28 04:26:28,527 DEBUG [EBRE22_KeyhandlingSTTL-116719]  value matches with Expected null value
2016-01-28 04:26:28,527 DEBUG [EBRE22_KeyhandlingSTTL-116719] Result of validate_textBoxData: Pass
2016-01-28 04:26:28,527 DEBUG [EBRE22_KeyhandlingSTTL-116719] In execute keyword function
2016-01-28 04:26:28,527 DEBUG [EBRE22_KeyhandlingSTTL-116719] Executing validate_keyCaptured function:
2016-01-28 04:26:28,527 DEBUG [EBRE22_KeyhandlingSTTL-116719] Entered validate_keyCaptured function
2016-01-28 04:26:28,751 DEBUG [EBRE22_KeyhandlingSTTL-116719] 16
2016-01-28 04:26:28,751 DEBUG [EBRE22_KeyhandlingSTTL-116719] Actual Value matches Expected
2016-01-28 04:26:28,751 DEBUG [EBRE22_KeyhandlingSTTL-116719] pass
2016-01-28 04:26:28,751 DEBUG [EBRE22_KeyhandlingSTTL-116719] Exiting from validate_keyCaptured function
2016-01-28 04:26:28,751 DEBUG [EBRE22_KeyhandlingSTTL-116719] Result of validate_keyCaptured: pass
2016-01-28 04:26:28,751 DEBUG [EBRE22_KeyhandlingSTTL-116719] allstep_result contains: passPasspasspasspassPassPasspassPasspassPasspasspasspassPassPasspassPasspassPasspasspasspassPassPasspassPasspassPasspasspasspassPassPasspassPasspassPasspasspasspassPassPasspassPasspassPasspasspasspassPassPasspassPasspassPasspasspasspassPassPasspassPasspassPasspasspasspassPassPassnull
2016-01-28 04:26:28,751 DEBUG [EBRE22_KeyhandlingSTTL-116719] allexpected_result contains: nullPasspassnullPassnullPasspassnullPassnullPasspassnullPassnullPasspassnullPassnullPasspassnullPassnullPasspassnullPassnullPasspassnullPassnullPasspassnullPassnullpassnullpassnull
2016-01-28 04:26:28,751 DEBUG [EBRE22_KeyhandlingSTTL-116719] Testcase_Result contains: nullPasspassnullPassnullPasspassnullPassnullPasspassnullPassnullPasspassnullPassnullPasspassnullPassnullPasspassnullPassnullPasspassnullPassnullPasspassnullPassnullpassnullpassnullpassPasspasspasspassPassPasspassPasspassPasspasspasspassPassPasspassPasspassPasspasspasspassPassPasspassPasspassPasspasspasspassPassPasspassPasspassPasspasspasspassPassPasspassPasspassPasspasspasspassPassPasspassPasspassPasspasspasspassPassPasspassPasspassPasspasspasspassPassPassnull
2016-01-28 04:26:28,751 DEBUG [EBRE22_KeyhandlingSTTL-116719] Test case with description KeyValue:All  Dispatch:false for Numeric Pass
2016-01-28 04:26:29,636 DEBUG [EBRE22_KeyhandlingSTTL-116719] Executing browser_Quit function
2016-01-28 04:26:29,636 DEBUG [EBRE22_KeyhandlingSTTL-116719] Completed browser_Quit function
2016-01-28 04:26:29,636 DEBUG [EBRE22_KeyhandlingSTTL-116719] Completed quitSelendroid function
2016-01-28 04:26:29,637 DEBUG [EBRE22_KeyhandlingSTTL-116719] Row number:20
2016-01-28 04:26:29,668 DEBUG [EBRE22_KeyhandlingSTTL-116719] Ending Test Case IDSTTL-116719
