2016-01-28 04:32:25,887 DEBUG [EBRE22_KeyhandlingSTTL-116724] Executing Test Case ID: STTL-116724
2016-01-28 04:32:25,894 DEBUG [EBRE22_KeyhandlingSTTL-116724] Executing Init_Selendroid function with APK as parameter and clear data value with 1
2016-01-28 04:32:36,321 DEBUG [EBRE22_KeyhandlingSTTL-116724] Exiting Init_Selendroid function
2016-01-28 04:32:36,338 DEBUG [EBRE22_KeyhandlingSTTL-116724] TestCase with Description "KeyValue:All(Alphabets)- JavaScript function with iswindows key=1" Execution started
2016-01-28 04:32:36,338 DEBUG [EBRE22_KeyhandlingSTTL-116724] In execute keyword function
2016-01-28 04:32:36,338 DEBUG [EBRE22_KeyhandlingSTTL-116724] Executing wait function:
2016-01-28 04:32:36,338 DEBUG [EBRE22_KeyhandlingSTTL-116724] Started Executing wait function
2016-01-28 04:32:41,339 DEBUG [EBRE22_KeyhandlingSTTL-116724] Exiting from wait function
2016-01-28 04:32:41,339 DEBUG [EBRE22_KeyhandlingSTTL-116724] TestStepResult of wait: Pass
2016-01-28 04:32:41,339 DEBUG [EBRE22_KeyhandlingSTTL-116724] In execute keyword function
2016-01-28 04:32:41,339 DEBUG [EBRE22_KeyhandlingSTTL-116724] Executing validate_PageTitle function:
2016-01-28 04:32:41,379 DEBUG [EBRE22_KeyhandlingSTTL-116724] The title of the page is *********************************: RE 2.2 Tests
2016-01-28 04:32:41,379 DEBUG [EBRE22_KeyhandlingSTTL-116724] The page title found is correct
2016-01-28 04:32:41,379 DEBUG [EBRE22_KeyhandlingSTTL-116724] Result of validate_PageTitle: pass
2016-01-28 04:32:41,379 DEBUG [EBRE22_KeyhandlingSTTL-116724] In execute keyword function
2016-01-28 04:32:41,379 DEBUG [EBRE22_KeyhandlingSTTL-116724] Executing link_Click function:
2016-01-28 04:32:42,047 DEBUG [EBRE22_KeyhandlingSTTL-116724] Executing Click function
2016-01-28 04:32:43,146 DEBUG [EBRE22_KeyhandlingSTTL-116724] Exiting Click function
2016-01-28 04:32:43,146 DEBUG [EBRE22_KeyhandlingSTTL-116724] keyhandling_link clicked successfully
2016-01-28 04:32:43,146 DEBUG [EBRE22_KeyhandlingSTTL-116724] TestStepResult of link_Click: Pass
2016-01-28 04:32:43,146 DEBUG [EBRE22_KeyhandlingSTTL-116724] In execute keyword function
2016-01-28 04:32:43,146 DEBUG [EBRE22_KeyhandlingSTTL-116724] Executing validate_PageTitle function:
2016-01-28 04:32:43,183 DEBUG [EBRE22_KeyhandlingSTTL-116724] The title of the page is *********************************: PB and RE2.2 Semi Auto Frame Work : Keyhandling
2016-01-28 04:32:43,183 DEBUG [EBRE22_KeyhandlingSTTL-116724] The page title found is correct
2016-01-28 04:32:43,183 DEBUG [EBRE22_KeyhandlingSTTL-116724] Result of validate_PageTitle: pass
2016-01-28 04:32:43,183 DEBUG [EBRE22_KeyhandlingSTTL-116724] In execute keyword function
2016-01-28 04:32:43,183 DEBUG [EBRE22_KeyhandlingSTTL-116724] Executing SelectTestToRun function:
2016-01-28 04:32:46,456 DEBUG [EBRE22_KeyhandlingSTTL-116724] Successfull in selecting clicking the category
2016-01-28 04:32:46,457 DEBUG [EBRE22_KeyhandlingSTTL-116724] TestStepResult of SelectTestToRun: pass
2016-01-28 04:32:46,457 DEBUG [EBRE22_KeyhandlingSTTL-116724] In execute keyword function
2016-01-28 04:32:46,457 DEBUG [EBRE22_KeyhandlingSTTL-116724] Executing ClickRunTest function:
2016-01-28 04:32:46,827 DEBUG [EBRE22_KeyhandlingSTTL-116724] Executing Click function
2016-01-28 04:32:47,863 DEBUG [EBRE22_KeyhandlingSTTL-116724] Exiting Click function
2016-01-28 04:32:47,863 DEBUG [EBRE22_KeyhandlingSTTL-116724] runtest_top_xpath Button clicked Successfully
2016-01-28 04:32:47,863 DEBUG [EBRE22_KeyhandlingSTTL-116724] TestStepResult of ClickRunTest: pass
2016-01-28 04:32:47,863 DEBUG [EBRE22_KeyhandlingSTTL-116724] In execute keyword function
2016-01-28 04:32:47,863 DEBUG [EBRE22_KeyhandlingSTTL-116724] Executing validate_Text_Exists function:
2016-01-28 04:32:48,158 DEBUG [EBRE22_KeyhandlingSTTL-116724] VT187-2579 Testcase Text found
2016-01-28 04:32:48,159 DEBUG [EBRE22_KeyhandlingSTTL-116724] Result of validate_Text_Exists: Pass
2016-01-28 04:32:48,159 DEBUG [EBRE22_KeyhandlingSTTL-116724] In execute keyword function
2016-01-28 04:32:48,159 DEBUG [EBRE22_KeyhandlingSTTL-116724] Executing sendKeyEvents function:
2016-01-28 04:32:48,159 DEBUG [EBRE22_KeyhandlingSTTL-116724] Entered sendKeyEvents function
2016-01-28 04:32:48,159 DEBUG [EBRE22_KeyhandlingSTTL-116724] a
2016-01-28 04:32:48,159 DEBUG [EBRE22_KeyhandlingSTTL-116724] Entered a
2016-01-28 04:32:48,159 DEBUG [EBRE22_KeyhandlingSTTL-116724] Started executeCommandLine function
2016-01-28 04:32:52,181 DEBUG [EBRE22_KeyhandlingSTTL-116724] Exiting from executeCommandLine function
2016-01-28 04:32:52,181 DEBUG [EBRE22_KeyhandlingSTTL-116724] pass
2016-01-28 04:32:52,181 DEBUG [EBRE22_KeyhandlingSTTL-116724] TestStepResult of sendKeyEvents: pass
2016-01-28 04:32:52,181 DEBUG [EBRE22_KeyhandlingSTTL-116724] In execute keyword function
2016-01-28 04:32:52,181 DEBUG [EBRE22_KeyhandlingSTTL-116724] Executing validate_keyCaptured function:
2016-01-28 04:32:52,181 DEBUG [EBRE22_KeyhandlingSTTL-116724] Entered validate_keyCaptured function
2016-01-28 04:32:52,465 DEBUG [EBRE22_KeyhandlingSTTL-116724] 65
2016-01-28 04:32:52,465 DEBUG [EBRE22_KeyhandlingSTTL-116724] Actual Value matches Expected
2016-01-28 04:32:52,465 DEBUG [EBRE22_KeyhandlingSTTL-116724] pass
2016-01-28 04:32:52,465 DEBUG [EBRE22_KeyhandlingSTTL-116724] Exiting from validate_keyCaptured function
2016-01-28 04:32:52,465 DEBUG [EBRE22_KeyhandlingSTTL-116724] Result of validate_keyCaptured: pass
2016-01-28 04:32:52,465 DEBUG [EBRE22_KeyhandlingSTTL-116724] In execute keyword function
2016-01-28 04:32:52,465 DEBUG [EBRE22_KeyhandlingSTTL-116724] Executing sendKeyEvents function:
2016-01-28 04:32:52,465 DEBUG [EBRE22_KeyhandlingSTTL-116724] Entered sendKeyEvents function
2016-01-28 04:32:52,465 DEBUG [EBRE22_KeyhandlingSTTL-116724] b
2016-01-28 04:32:52,465 DEBUG [EBRE22_KeyhandlingSTTL-116724] Entered b
2016-01-28 04:32:52,465 DEBUG [EBRE22_KeyhandlingSTTL-116724] Started executeCommandLine function
2016-01-28 04:32:56,485 DEBUG [EBRE22_KeyhandlingSTTL-116724] Exiting from executeCommandLine function
2016-01-28 04:32:56,485 DEBUG [EBRE22_KeyhandlingSTTL-116724] pass
2016-01-28 04:32:56,485 DEBUG [EBRE22_KeyhandlingSTTL-116724] TestStepResult of sendKeyEvents: pass
2016-01-28 04:32:56,485 DEBUG [EBRE22_KeyhandlingSTTL-116724] In execute keyword function
2016-01-28 04:32:56,485 DEBUG [EBRE22_KeyhandlingSTTL-116724] Executing validate_keyCaptured function:
2016-01-28 04:32:56,485 DEBUG [EBRE22_KeyhandlingSTTL-116724] Entered validate_keyCaptured function
2016-01-28 04:32:56,663 DEBUG [EBRE22_KeyhandlingSTTL-116724] 66
2016-01-28 04:32:56,663 DEBUG [EBRE22_KeyhandlingSTTL-116724] Actual Value matches Expected
2016-01-28 04:32:56,663 DEBUG [EBRE22_KeyhandlingSTTL-116724] pass
2016-01-28 04:32:56,663 DEBUG [EBRE22_KeyhandlingSTTL-116724] Exiting from validate_keyCaptured function
2016-01-28 04:32:56,663 DEBUG [EBRE22_KeyhandlingSTTL-116724] Result of validate_keyCaptured: pass
2016-01-28 04:32:56,663 DEBUG [EBRE22_KeyhandlingSTTL-116724] In execute keyword function
2016-01-28 04:32:56,663 DEBUG [EBRE22_KeyhandlingSTTL-116724] Executing sendKeyEvents function:
2016-01-28 04:32:56,663 DEBUG [EBRE22_KeyhandlingSTTL-116724] Entered sendKeyEvents function
2016-01-28 04:32:56,663 DEBUG [EBRE22_KeyhandlingSTTL-116724] c
2016-01-28 04:32:56,663 DEBUG [EBRE22_KeyhandlingSTTL-116724] Entered c
2016-01-28 04:32:56,663 DEBUG [EBRE22_KeyhandlingSTTL-116724] Started executeCommandLine function
2016-01-28 04:33:00,683 DEBUG [EBRE22_KeyhandlingSTTL-116724] Exiting from executeCommandLine function
2016-01-28 04:33:00,683 DEBUG [EBRE22_KeyhandlingSTTL-116724] pass
2016-01-28 04:33:00,683 DEBUG [EBRE22_KeyhandlingSTTL-116724] TestStepResult of sendKeyEvents: pass
2016-01-28 04:33:00,683 DEBUG [EBRE22_KeyhandlingSTTL-116724] In execute keyword function
2016-01-28 04:33:00,683 DEBUG [EBRE22_KeyhandlingSTTL-116724] Executing validate_keyCaptured function:
2016-01-28 04:33:00,683 DEBUG [EBRE22_KeyhandlingSTTL-116724] Entered validate_keyCaptured function
2016-01-28 04:33:00,876 DEBUG [EBRE22_KeyhandlingSTTL-116724] 67
2016-01-28 04:33:00,876 DEBUG [EBRE22_KeyhandlingSTTL-116724] Actual Value matches Expected
2016-01-28 04:33:00,876 DEBUG [EBRE22_KeyhandlingSTTL-116724] pass
2016-01-28 04:33:00,876 DEBUG [EBRE22_KeyhandlingSTTL-116724] Exiting from validate_keyCaptured function
2016-01-28 04:33:00,876 DEBUG [EBRE22_KeyhandlingSTTL-116724] Result of validate_keyCaptured: pass
2016-01-28 04:33:00,876 DEBUG [EBRE22_KeyhandlingSTTL-116724] In execute keyword function
2016-01-28 04:33:00,876 DEBUG [EBRE22_KeyhandlingSTTL-116724] Executing sendKeyEvents function:
2016-01-28 04:33:00,876 DEBUG [EBRE22_KeyhandlingSTTL-116724] Entered sendKeyEvents function
2016-01-28 04:33:00,876 DEBUG [EBRE22_KeyhandlingSTTL-116724] d
2016-01-28 04:33:00,876 DEBUG [EBRE22_KeyhandlingSTTL-116724] Entered d
2016-01-28 04:33:00,876 DEBUG [EBRE22_KeyhandlingSTTL-116724] Started executeCommandLine function
2016-01-28 04:33:04,897 DEBUG [EBRE22_KeyhandlingSTTL-116724] Exiting from executeCommandLine function
2016-01-28 04:33:04,897 DEBUG [EBRE22_KeyhandlingSTTL-116724] pass
2016-01-28 04:33:04,897 DEBUG [EBRE22_KeyhandlingSTTL-116724] TestStepResult of sendKeyEvents: pass
2016-01-28 04:33:04,897 DEBUG [EBRE22_KeyhandlingSTTL-116724] In execute keyword function
2016-01-28 04:33:04,897 DEBUG [EBRE22_KeyhandlingSTTL-116724] Executing validate_keyCaptured function:
2016-01-28 04:33:04,897 DEBUG [EBRE22_KeyhandlingSTTL-116724] Entered validate_keyCaptured function
2016-01-28 04:33:05,088 DEBUG [EBRE22_KeyhandlingSTTL-116724] 68
2016-01-28 04:33:05,088 DEBUG [EBRE22_KeyhandlingSTTL-116724] Actual Value matches Expected
2016-01-28 04:33:05,088 DEBUG [EBRE22_KeyhandlingSTTL-116724] pass
2016-01-28 04:33:05,088 DEBUG [EBRE22_KeyhandlingSTTL-116724] Exiting from validate_keyCaptured function
2016-01-28 04:33:05,088 DEBUG [EBRE22_KeyhandlingSTTL-116724] Result of validate_keyCaptured: pass
2016-01-28 04:33:05,088 DEBUG [EBRE22_KeyhandlingSTTL-116724] In execute keyword function
2016-01-28 04:33:05,088 DEBUG [EBRE22_KeyhandlingSTTL-116724] Executing sendKeyEvents function:
2016-01-28 04:33:05,088 DEBUG [EBRE22_KeyhandlingSTTL-116724] Entered sendKeyEvents function
2016-01-28 04:33:05,088 DEBUG [EBRE22_KeyhandlingSTTL-116724] e
2016-01-28 04:33:05,088 DEBUG [EBRE22_KeyhandlingSTTL-116724] Entered e
2016-01-28 04:33:05,088 DEBUG [EBRE22_KeyhandlingSTTL-116724] Started executeCommandLine function
2016-01-28 04:33:09,108 DEBUG [EBRE22_KeyhandlingSTTL-116724] Exiting from executeCommandLine function
2016-01-28 04:33:09,108 DEBUG [EBRE22_KeyhandlingSTTL-116724] pass
2016-01-28 04:33:09,108 DEBUG [EBRE22_KeyhandlingSTTL-116724] TestStepResult of sendKeyEvents: pass
2016-01-28 04:33:09,108 DEBUG [EBRE22_KeyhandlingSTTL-116724] In execute keyword function
2016-01-28 04:33:09,108 DEBUG [EBRE22_KeyhandlingSTTL-116724] Executing validate_keyCaptured function:
2016-01-28 04:33:09,108 DEBUG [EBRE22_KeyhandlingSTTL-116724] Entered validate_keyCaptured function
2016-01-28 04:33:09,330 DEBUG [EBRE22_KeyhandlingSTTL-116724] 69
2016-01-28 04:33:09,330 DEBUG [EBRE22_KeyhandlingSTTL-116724] Actual Value matches Expected
2016-01-28 04:33:09,330 DEBUG [EBRE22_KeyhandlingSTTL-116724] pass
2016-01-28 04:33:09,330 DEBUG [EBRE22_KeyhandlingSTTL-116724] Exiting from validate_keyCaptured function
2016-01-28 04:33:09,330 DEBUG [EBRE22_KeyhandlingSTTL-116724] Result of validate_keyCaptured: pass
2016-01-28 04:33:09,330 DEBUG [EBRE22_KeyhandlingSTTL-116724] In execute keyword function
2016-01-28 04:33:09,330 DEBUG [EBRE22_KeyhandlingSTTL-116724] Executing sendKeyEvents function:
2016-01-28 04:33:09,330 DEBUG [EBRE22_KeyhandlingSTTL-116724] Entered sendKeyEvents function
2016-01-28 04:33:09,330 DEBUG [EBRE22_KeyhandlingSTTL-116724] f
2016-01-28 04:33:09,330 DEBUG [EBRE22_KeyhandlingSTTL-116724] Entered f
2016-01-28 04:33:09,330 DEBUG [EBRE22_KeyhandlingSTTL-116724] Started executeCommandLine function
2016-01-28 04:33:13,351 DEBUG [EBRE22_KeyhandlingSTTL-116724] Exiting from executeCommandLine function
2016-01-28 04:33:13,351 DEBUG [EBRE22_KeyhandlingSTTL-116724] pass
2016-01-28 04:33:13,351 DEBUG [EBRE22_KeyhandlingSTTL-116724] TestStepResult of sendKeyEvents: pass
2016-01-28 04:33:13,351 DEBUG [EBRE22_KeyhandlingSTTL-116724] In execute keyword function
2016-01-28 04:33:13,351 DEBUG [EBRE22_KeyhandlingSTTL-116724] Executing validate_keyCaptured function:
2016-01-28 04:33:13,351 DEBUG [EBRE22_KeyhandlingSTTL-116724] Entered validate_keyCaptured function
2016-01-28 04:33:13,532 DEBUG [EBRE22_KeyhandlingSTTL-116724] 70
2016-01-28 04:33:13,532 DEBUG [EBRE22_KeyhandlingSTTL-116724] Actual Value matches Expected
2016-01-28 04:33:13,532 DEBUG [EBRE22_KeyhandlingSTTL-116724] pass
2016-01-28 04:33:13,532 DEBUG [EBRE22_KeyhandlingSTTL-116724] Exiting from validate_keyCaptured function
2016-01-28 04:33:13,532 DEBUG [EBRE22_KeyhandlingSTTL-116724] Result of validate_keyCaptured: pass
2016-01-28 04:33:13,532 DEBUG [EBRE22_KeyhandlingSTTL-116724] In execute keyword function
2016-01-28 04:33:13,532 DEBUG [EBRE22_KeyhandlingSTTL-116724] Executing sendKeyEvents function:
2016-01-28 04:33:13,532 DEBUG [EBRE22_KeyhandlingSTTL-116724] Entered sendKeyEvents function
2016-01-28 04:33:13,532 DEBUG [EBRE22_KeyhandlingSTTL-116724] g
2016-01-28 04:33:13,532 DEBUG [EBRE22_KeyhandlingSTTL-116724] Entered g
2016-01-28 04:33:13,532 DEBUG [EBRE22_KeyhandlingSTTL-116724] Started executeCommandLine function
2016-01-28 04:33:17,552 DEBUG [EBRE22_KeyhandlingSTTL-116724] Exiting from executeCommandLine function
2016-01-28 04:33:17,552 DEBUG [EBRE22_KeyhandlingSTTL-116724] pass
2016-01-28 04:33:17,552 DEBUG [EBRE22_KeyhandlingSTTL-116724] TestStepResult of sendKeyEvents: pass
2016-01-28 04:33:17,552 DEBUG [EBRE22_KeyhandlingSTTL-116724] In execute keyword function
2016-01-28 04:33:17,552 DEBUG [EBRE22_KeyhandlingSTTL-116724] Executing validate_keyCaptured function:
2016-01-28 04:33:17,552 DEBUG [EBRE22_KeyhandlingSTTL-116724] Entered validate_keyCaptured function
2016-01-28 04:33:17,763 DEBUG [EBRE22_KeyhandlingSTTL-116724] 71
2016-01-28 04:33:17,763 DEBUG [EBRE22_KeyhandlingSTTL-116724] Actual Value matches Expected
2016-01-28 04:33:17,763 DEBUG [EBRE22_KeyhandlingSTTL-116724] pass
2016-01-28 04:33:17,763 DEBUG [EBRE22_KeyhandlingSTTL-116724] Exiting from validate_keyCaptured function
2016-01-28 04:33:17,763 DEBUG [EBRE22_KeyhandlingSTTL-116724] Result of validate_keyCaptured: pass
2016-01-28 04:33:17,763 DEBUG [EBRE22_KeyhandlingSTTL-116724] In execute keyword function
2016-01-28 04:33:17,763 DEBUG [EBRE22_KeyhandlingSTTL-116724] Executing sendKeyEvents function:
2016-01-28 04:33:17,764 DEBUG [EBRE22_KeyhandlingSTTL-116724] Entered sendKeyEvents function
2016-01-28 04:33:17,764 DEBUG [EBRE22_KeyhandlingSTTL-116724] h
2016-01-28 04:33:17,764 DEBUG [EBRE22_KeyhandlingSTTL-116724] Entered h
2016-01-28 04:33:17,764 DEBUG [EBRE22_KeyhandlingSTTL-116724] Started executeCommandLine function
2016-01-28 04:33:21,785 DEBUG [EBRE22_KeyhandlingSTTL-116724] Exiting from executeCommandLine function
2016-01-28 04:33:21,785 DEBUG [EBRE22_KeyhandlingSTTL-116724] pass
2016-01-28 04:33:21,785 DEBUG [EBRE22_KeyhandlingSTTL-116724] TestStepResult of sendKeyEvents: pass
2016-01-28 04:33:21,785 DEBUG [EBRE22_KeyhandlingSTTL-116724] In execute keyword function
2016-01-28 04:33:21,785 DEBUG [EBRE22_KeyhandlingSTTL-116724] Executing validate_keyCaptured function:
2016-01-28 04:33:21,785 DEBUG [EBRE22_KeyhandlingSTTL-116724] Entered validate_keyCaptured function
2016-01-28 04:33:21,961 DEBUG [EBRE22_KeyhandlingSTTL-116724] 72
2016-01-28 04:33:21,962 DEBUG [EBRE22_KeyhandlingSTTL-116724] Actual Value matches Expected
2016-01-28 04:33:21,962 DEBUG [EBRE22_KeyhandlingSTTL-116724] pass
2016-01-28 04:33:21,962 DEBUG [EBRE22_KeyhandlingSTTL-116724] Exiting from validate_keyCaptured function
2016-01-28 04:33:21,962 DEBUG [EBRE22_KeyhandlingSTTL-116724] Result of validate_keyCaptured: pass
2016-01-28 04:33:21,962 DEBUG [EBRE22_KeyhandlingSTTL-116724] In execute keyword function
2016-01-28 04:33:21,962 DEBUG [EBRE22_KeyhandlingSTTL-116724] Executing sendKeyEvents function:
2016-01-28 04:33:21,962 DEBUG [EBRE22_KeyhandlingSTTL-116724] Entered sendKeyEvents function
2016-01-28 04:33:21,962 DEBUG [EBRE22_KeyhandlingSTTL-116724] i
2016-01-28 04:33:21,962 DEBUG [EBRE22_KeyhandlingSTTL-116724] Entered i
2016-01-28 04:33:21,962 DEBUG [EBRE22_KeyhandlingSTTL-116724] Started executeCommandLine function
2016-01-28 04:33:25,982 DEBUG [EBRE22_KeyhandlingSTTL-116724] Exiting from executeCommandLine function
2016-01-28 04:33:25,982 DEBUG [EBRE22_KeyhandlingSTTL-116724] pass
2016-01-28 04:33:25,982 DEBUG [EBRE22_KeyhandlingSTTL-116724] TestStepResult of sendKeyEvents: pass
2016-01-28 04:33:25,982 DEBUG [EBRE22_KeyhandlingSTTL-116724] In execute keyword function
2016-01-28 04:33:25,982 DEBUG [EBRE22_KeyhandlingSTTL-116724] Executing validate_keyCaptured function:
2016-01-28 04:33:25,982 DEBUG [EBRE22_KeyhandlingSTTL-116724] Entered validate_keyCaptured function
2016-01-28 04:33:26,186 DEBUG [EBRE22_KeyhandlingSTTL-116724] 73
2016-01-28 04:33:26,186 DEBUG [EBRE22_KeyhandlingSTTL-116724] Actual Value matches Expected
2016-01-28 04:33:26,186 DEBUG [EBRE22_KeyhandlingSTTL-116724] pass
2016-01-28 04:33:26,186 DEBUG [EBRE22_KeyhandlingSTTL-116724] Exiting from validate_keyCaptured function
2016-01-28 04:33:26,186 DEBUG [EBRE22_KeyhandlingSTTL-116724] Result of validate_keyCaptured: pass
2016-01-28 04:33:26,186 DEBUG [EBRE22_KeyhandlingSTTL-116724] In execute keyword function
2016-01-28 04:33:26,186 DEBUG [EBRE22_KeyhandlingSTTL-116724] Executing sendKeyEvents function:
2016-01-28 04:33:26,186 DEBUG [EBRE22_KeyhandlingSTTL-116724] Entered sendKeyEvents function
2016-01-28 04:33:26,186 DEBUG [EBRE22_KeyhandlingSTTL-116724] j
2016-01-28 04:33:26,186 DEBUG [EBRE22_KeyhandlingSTTL-116724] Entered j
2016-01-28 04:33:26,186 DEBUG [EBRE22_KeyhandlingSTTL-116724] Started executeCommandLine function
2016-01-28 04:33:30,205 DEBUG [EBRE22_KeyhandlingSTTL-116724] Exiting from executeCommandLine function
2016-01-28 04:33:30,205 DEBUG [EBRE22_KeyhandlingSTTL-116724] pass
2016-01-28 04:33:30,205 DEBUG [EBRE22_KeyhandlingSTTL-116724] TestStepResult of sendKeyEvents: pass
2016-01-28 04:33:30,205 DEBUG [EBRE22_KeyhandlingSTTL-116724] In execute keyword function
2016-01-28 04:33:30,205 DEBUG [EBRE22_KeyhandlingSTTL-116724] Executing validate_keyCaptured function:
2016-01-28 04:33:30,205 DEBUG [EBRE22_KeyhandlingSTTL-116724] Entered validate_keyCaptured function
2016-01-28 04:33:30,415 DEBUG [EBRE22_KeyhandlingSTTL-116724] 74
2016-01-28 04:33:30,415 DEBUG [EBRE22_KeyhandlingSTTL-116724] Actual Value matches Expected
2016-01-28 04:33:30,415 DEBUG [EBRE22_KeyhandlingSTTL-116724] pass
2016-01-28 04:33:30,415 DEBUG [EBRE22_KeyhandlingSTTL-116724] Exiting from validate_keyCaptured function
2016-01-28 04:33:30,415 DEBUG [EBRE22_KeyhandlingSTTL-116724] Result of validate_keyCaptured: pass
2016-01-28 04:33:30,415 DEBUG [EBRE22_KeyhandlingSTTL-116724] In execute keyword function
2016-01-28 04:33:30,415 DEBUG [EBRE22_KeyhandlingSTTL-116724] Executing sendKeyEvents function:
2016-01-28 04:33:30,415 DEBUG [EBRE22_KeyhandlingSTTL-116724] Entered sendKeyEvents function
2016-01-28 04:33:30,415 DEBUG [EBRE22_KeyhandlingSTTL-116724] k
2016-01-28 04:33:30,415 DEBUG [EBRE22_KeyhandlingSTTL-116724] Entered k
2016-01-28 04:33:30,415 DEBUG [EBRE22_KeyhandlingSTTL-116724] Started executeCommandLine function
2016-01-28 04:33:34,437 DEBUG [EBRE22_KeyhandlingSTTL-116724] Exiting from executeCommandLine function
2016-01-28 04:33:34,437 DEBUG [EBRE22_KeyhandlingSTTL-116724] pass
2016-01-28 04:33:34,437 DEBUG [EBRE22_KeyhandlingSTTL-116724] TestStepResult of sendKeyEvents: pass
2016-01-28 04:33:34,437 DEBUG [EBRE22_KeyhandlingSTTL-116724] In execute keyword function
2016-01-28 04:33:34,437 DEBUG [EBRE22_KeyhandlingSTTL-116724] Executing validate_keyCaptured function:
2016-01-28 04:33:34,437 DEBUG [EBRE22_KeyhandlingSTTL-116724] Entered validate_keyCaptured function
2016-01-28 04:33:34,658 DEBUG [EBRE22_KeyhandlingSTTL-116724] 75
2016-01-28 04:33:34,658 DEBUG [EBRE22_KeyhandlingSTTL-116724] Actual Value matches Expected
2016-01-28 04:33:34,658 DEBUG [EBRE22_KeyhandlingSTTL-116724] pass
2016-01-28 04:33:34,658 DEBUG [EBRE22_KeyhandlingSTTL-116724] Exiting from validate_keyCaptured function
2016-01-28 04:33:34,658 DEBUG [EBRE22_KeyhandlingSTTL-116724] Result of validate_keyCaptured: pass
2016-01-28 04:33:34,658 DEBUG [EBRE22_KeyhandlingSTTL-116724] In execute keyword function
2016-01-28 04:33:34,658 DEBUG [EBRE22_KeyhandlingSTTL-116724] Executing sendKeyEvents function:
2016-01-28 04:33:34,658 DEBUG [EBRE22_KeyhandlingSTTL-116724] Entered sendKeyEvents function
2016-01-28 04:33:34,658 DEBUG [EBRE22_KeyhandlingSTTL-116724] l
2016-01-28 04:33:34,658 DEBUG [EBRE22_KeyhandlingSTTL-116724] Entered l
2016-01-28 04:33:34,658 DEBUG [EBRE22_KeyhandlingSTTL-116724] Started executeCommandLine function
2016-01-28 04:33:38,678 DEBUG [EBRE22_KeyhandlingSTTL-116724] Exiting from executeCommandLine function
2016-01-28 04:33:38,678 DEBUG [EBRE22_KeyhandlingSTTL-116724] pass
2016-01-28 04:33:38,678 DEBUG [EBRE22_KeyhandlingSTTL-116724] TestStepResult of sendKeyEvents: pass
2016-01-28 04:33:38,678 DEBUG [EBRE22_KeyhandlingSTTL-116724] In execute keyword function
2016-01-28 04:33:38,678 DEBUG [EBRE22_KeyhandlingSTTL-116724] Executing validate_keyCaptured function:
2016-01-28 04:33:38,678 DEBUG [EBRE22_KeyhandlingSTTL-116724] Entered validate_keyCaptured function
2016-01-28 04:33:38,848 DEBUG [EBRE22_KeyhandlingSTTL-116724] 76
2016-01-28 04:33:38,848 DEBUG [EBRE22_KeyhandlingSTTL-116724] Actual Value matches Expected
2016-01-28 04:33:38,848 DEBUG [EBRE22_KeyhandlingSTTL-116724] pass
2016-01-28 04:33:38,848 DEBUG [EBRE22_KeyhandlingSTTL-116724] Exiting from validate_keyCaptured function
2016-01-28 04:33:38,848 DEBUG [EBRE22_KeyhandlingSTTL-116724] Result of validate_keyCaptured: pass
2016-01-28 04:33:38,848 DEBUG [EBRE22_KeyhandlingSTTL-116724] In execute keyword function
2016-01-28 04:33:38,848 DEBUG [EBRE22_KeyhandlingSTTL-116724] Executing sendKeyEvents function:
2016-01-28 04:33:38,848 DEBUG [EBRE22_KeyhandlingSTTL-116724] Entered sendKeyEvents function
2016-01-28 04:33:38,848 DEBUG [EBRE22_KeyhandlingSTTL-116724] m
2016-01-28 04:33:38,848 DEBUG [EBRE22_KeyhandlingSTTL-116724] Entered m
2016-01-28 04:33:38,848 DEBUG [EBRE22_KeyhandlingSTTL-116724] Started executeCommandLine function
2016-01-28 04:33:42,869 DEBUG [EBRE22_KeyhandlingSTTL-116724] Exiting from executeCommandLine function
2016-01-28 04:33:42,869 DEBUG [EBRE22_KeyhandlingSTTL-116724] pass
2016-01-28 04:33:42,869 DEBUG [EBRE22_KeyhandlingSTTL-116724] TestStepResult of sendKeyEvents: pass
2016-01-28 04:33:42,869 DEBUG [EBRE22_KeyhandlingSTTL-116724] In execute keyword function
2016-01-28 04:33:42,869 DEBUG [EBRE22_KeyhandlingSTTL-116724] Executing validate_keyCaptured function:
2016-01-28 04:33:42,869 DEBUG [EBRE22_KeyhandlingSTTL-116724] Entered validate_keyCaptured function
2016-01-28 04:33:43,085 DEBUG [EBRE22_KeyhandlingSTTL-116724] 77
2016-01-28 04:33:43,085 DEBUG [EBRE22_KeyhandlingSTTL-116724] Actual Value matches Expected
2016-01-28 04:33:43,085 DEBUG [EBRE22_KeyhandlingSTTL-116724] pass
2016-01-28 04:33:43,085 DEBUG [EBRE22_KeyhandlingSTTL-116724] Exiting from validate_keyCaptured function
2016-01-28 04:33:43,085 DEBUG [EBRE22_KeyhandlingSTTL-116724] Result of validate_keyCaptured: pass
2016-01-28 04:33:43,085 DEBUG [EBRE22_KeyhandlingSTTL-116724] In execute keyword function
2016-01-28 04:33:43,085 DEBUG [EBRE22_KeyhandlingSTTL-116724] Executing sendKeyEvents function:
2016-01-28 04:33:43,085 DEBUG [EBRE22_KeyhandlingSTTL-116724] Entered sendKeyEvents function
2016-01-28 04:33:43,085 DEBUG [EBRE22_KeyhandlingSTTL-116724] n
2016-01-28 04:33:43,085 DEBUG [EBRE22_KeyhandlingSTTL-116724] Entered n
2016-01-28 04:33:43,085 DEBUG [EBRE22_KeyhandlingSTTL-116724] Started executeCommandLine function
2016-01-28 04:33:47,104 DEBUG [EBRE22_KeyhandlingSTTL-116724] Exiting from executeCommandLine function
2016-01-28 04:33:47,104 DEBUG [EBRE22_KeyhandlingSTTL-116724] pass
2016-01-28 04:33:47,104 DEBUG [EBRE22_KeyhandlingSTTL-116724] TestStepResult of sendKeyEvents: pass
2016-01-28 04:33:47,104 DEBUG [EBRE22_KeyhandlingSTTL-116724] In execute keyword function
2016-01-28 04:33:47,104 DEBUG [EBRE22_KeyhandlingSTTL-116724] Executing validate_keyCaptured function:
2016-01-28 04:33:47,104 DEBUG [EBRE22_KeyhandlingSTTL-116724] Entered validate_keyCaptured function
2016-01-28 04:33:47,248 DEBUG [EBRE22_KeyhandlingSTTL-116724] 78
2016-01-28 04:33:47,248 DEBUG [EBRE22_KeyhandlingSTTL-116724] Actual Value matches Expected
2016-01-28 04:33:47,248 DEBUG [EBRE22_KeyhandlingSTTL-116724] pass
2016-01-28 04:33:47,248 DEBUG [EBRE22_KeyhandlingSTTL-116724] Exiting from validate_keyCaptured function
2016-01-28 04:33:47,248 DEBUG [EBRE22_KeyhandlingSTTL-116724] Result of validate_keyCaptured: pass
2016-01-28 04:33:47,248 DEBUG [EBRE22_KeyhandlingSTTL-116724] In execute keyword function
2016-01-28 04:33:47,248 DEBUG [EBRE22_KeyhandlingSTTL-116724] Executing sendKeyEvents function:
2016-01-28 04:33:47,248 DEBUG [EBRE22_KeyhandlingSTTL-116724] Entered sendKeyEvents function
2016-01-28 04:33:47,248 DEBUG [EBRE22_KeyhandlingSTTL-116724] o
2016-01-28 04:33:47,248 DEBUG [EBRE22_KeyhandlingSTTL-116724] Entered o
2016-01-28 04:33:47,248 DEBUG [EBRE22_KeyhandlingSTTL-116724] Started executeCommandLine function
2016-01-28 04:33:51,270 DEBUG [EBRE22_KeyhandlingSTTL-116724] Exiting from executeCommandLine function
2016-01-28 04:33:51,270 DEBUG [EBRE22_KeyhandlingSTTL-116724] pass
2016-01-28 04:33:51,270 DEBUG [EBRE22_KeyhandlingSTTL-116724] TestStepResult of sendKeyEvents: pass
2016-01-28 04:33:51,270 DEBUG [EBRE22_KeyhandlingSTTL-116724] In execute keyword function
2016-01-28 04:33:51,270 DEBUG [EBRE22_KeyhandlingSTTL-116724] Executing validate_keyCaptured function:
2016-01-28 04:33:51,270 DEBUG [EBRE22_KeyhandlingSTTL-116724] Entered validate_keyCaptured function
2016-01-28 04:33:51,496 DEBUG [EBRE22_KeyhandlingSTTL-116724] 79
2016-01-28 04:33:51,496 DEBUG [EBRE22_KeyhandlingSTTL-116724] Actual Value matches Expected
2016-01-28 04:33:51,496 DEBUG [EBRE22_KeyhandlingSTTL-116724] pass
2016-01-28 04:33:51,496 DEBUG [EBRE22_KeyhandlingSTTL-116724] Exiting from validate_keyCaptured function
2016-01-28 04:33:51,496 DEBUG [EBRE22_KeyhandlingSTTL-116724] Result of validate_keyCaptured: pass
2016-01-28 04:33:51,496 DEBUG [EBRE22_KeyhandlingSTTL-116724] In execute keyword function
2016-01-28 04:33:51,496 DEBUG [EBRE22_KeyhandlingSTTL-116724] Executing sendKeyEvents function:
2016-01-28 04:33:51,496 DEBUG [EBRE22_KeyhandlingSTTL-116724] Entered sendKeyEvents function
2016-01-28 04:33:51,496 DEBUG [EBRE22_KeyhandlingSTTL-116724] p
2016-01-28 04:33:51,496 DEBUG [EBRE22_KeyhandlingSTTL-116724] Entered p
2016-01-28 04:33:51,496 DEBUG [EBRE22_KeyhandlingSTTL-116724] Started executeCommandLine function
2016-01-28 04:33:55,514 DEBUG [EBRE22_KeyhandlingSTTL-116724] Exiting from executeCommandLine function
2016-01-28 04:33:55,514 DEBUG [EBRE22_KeyhandlingSTTL-116724] pass
2016-01-28 04:33:55,514 DEBUG [EBRE22_KeyhandlingSTTL-116724] TestStepResult of sendKeyEvents: pass
2016-01-28 04:33:55,514 DEBUG [EBRE22_KeyhandlingSTTL-116724] In execute keyword function
2016-01-28 04:33:55,514 DEBUG [EBRE22_KeyhandlingSTTL-116724] Executing validate_keyCaptured function:
2016-01-28 04:33:55,514 DEBUG [EBRE22_KeyhandlingSTTL-116724] Entered validate_keyCaptured function
2016-01-28 04:33:55,701 DEBUG [EBRE22_KeyhandlingSTTL-116724] 80
2016-01-28 04:33:55,701 DEBUG [EBRE22_KeyhandlingSTTL-116724] Actual Value matches Expected
2016-01-28 04:33:55,701 DEBUG [EBRE22_KeyhandlingSTTL-116724] pass
2016-01-28 04:33:55,701 DEBUG [EBRE22_KeyhandlingSTTL-116724] Exiting from validate_keyCaptured function
2016-01-28 04:33:55,701 DEBUG [EBRE22_KeyhandlingSTTL-116724] Result of validate_keyCaptured: pass
2016-01-28 04:33:55,701 DEBUG [EBRE22_KeyhandlingSTTL-116724] In execute keyword function
2016-01-28 04:33:55,701 DEBUG [EBRE22_KeyhandlingSTTL-116724] Executing sendKeyEvents function:
2016-01-28 04:33:55,701 DEBUG [EBRE22_KeyhandlingSTTL-116724] Entered sendKeyEvents function
2016-01-28 04:33:55,701 DEBUG [EBRE22_KeyhandlingSTTL-116724] q
2016-01-28 04:33:55,701 DEBUG [EBRE22_KeyhandlingSTTL-116724] Entered q
2016-01-28 04:33:55,701 DEBUG [EBRE22_KeyhandlingSTTL-116724] Started executeCommandLine function
2016-01-28 04:33:59,720 DEBUG [EBRE22_KeyhandlingSTTL-116724] Exiting from executeCommandLine function
2016-01-28 04:33:59,720 DEBUG [EBRE22_KeyhandlingSTTL-116724] pass
2016-01-28 04:33:59,720 DEBUG [EBRE22_KeyhandlingSTTL-116724] TestStepResult of sendKeyEvents: pass
2016-01-28 04:33:59,720 DEBUG [EBRE22_KeyhandlingSTTL-116724] In execute keyword function
2016-01-28 04:33:59,720 DEBUG [EBRE22_KeyhandlingSTTL-116724] Executing validate_keyCaptured function:
2016-01-28 04:33:59,720 DEBUG [EBRE22_KeyhandlingSTTL-116724] Entered validate_keyCaptured function
2016-01-28 04:33:59,928 DEBUG [EBRE22_KeyhandlingSTTL-116724] 81
2016-01-28 04:33:59,928 DEBUG [EBRE22_KeyhandlingSTTL-116724] Actual Value matches Expected
2016-01-28 04:33:59,928 DEBUG [EBRE22_KeyhandlingSTTL-116724] pass
2016-01-28 04:33:59,928 DEBUG [EBRE22_KeyhandlingSTTL-116724] Exiting from validate_keyCaptured function
2016-01-28 04:33:59,928 DEBUG [EBRE22_KeyhandlingSTTL-116724] Result of validate_keyCaptured: pass
2016-01-28 04:33:59,928 DEBUG [EBRE22_KeyhandlingSTTL-116724] In execute keyword function
2016-01-28 04:33:59,928 DEBUG [EBRE22_KeyhandlingSTTL-116724] Executing sendKeyEvents function:
2016-01-28 04:33:59,928 DEBUG [EBRE22_KeyhandlingSTTL-116724] Entered sendKeyEvents function
2016-01-28 04:33:59,928 DEBUG [EBRE22_KeyhandlingSTTL-116724] r
2016-01-28 04:33:59,928 DEBUG [EBRE22_KeyhandlingSTTL-116724] Entered r
2016-01-28 04:33:59,928 DEBUG [EBRE22_KeyhandlingSTTL-116724] Started executeCommandLine function
2016-01-28 04:34:03,950 DEBUG [EBRE22_KeyhandlingSTTL-116724] Exiting from executeCommandLine function
2016-01-28 04:34:03,950 DEBUG [EBRE22_KeyhandlingSTTL-116724] pass
2016-01-28 04:34:03,950 DEBUG [EBRE22_KeyhandlingSTTL-116724] TestStepResult of sendKeyEvents: pass
2016-01-28 04:34:03,950 DEBUG [EBRE22_KeyhandlingSTTL-116724] In execute keyword function
2016-01-28 04:34:03,950 DEBUG [EBRE22_KeyhandlingSTTL-116724] Executing validate_keyCaptured function:
2016-01-28 04:34:03,950 DEBUG [EBRE22_KeyhandlingSTTL-116724] Entered validate_keyCaptured function
2016-01-28 04:34:04,153 DEBUG [EBRE22_KeyhandlingSTTL-116724] 82
2016-01-28 04:34:04,153 DEBUG [EBRE22_KeyhandlingSTTL-116724] Actual Value matches Expected
2016-01-28 04:34:04,153 DEBUG [EBRE22_KeyhandlingSTTL-116724] pass
2016-01-28 04:34:04,153 DEBUG [EBRE22_KeyhandlingSTTL-116724] Exiting from validate_keyCaptured function
2016-01-28 04:34:04,153 DEBUG [EBRE22_KeyhandlingSTTL-116724] Result of validate_keyCaptured: pass
2016-01-28 04:34:04,153 DEBUG [EBRE22_KeyhandlingSTTL-116724] In execute keyword function
2016-01-28 04:34:04,153 DEBUG [EBRE22_KeyhandlingSTTL-116724] Executing sendKeyEvents function:
2016-01-28 04:34:04,153 DEBUG [EBRE22_KeyhandlingSTTL-116724] Entered sendKeyEvents function
2016-01-28 04:34:04,153 DEBUG [EBRE22_KeyhandlingSTTL-116724] s
2016-01-28 04:34:04,153 DEBUG [EBRE22_KeyhandlingSTTL-116724] Entered s
2016-01-28 04:34:04,153 DEBUG [EBRE22_KeyhandlingSTTL-116724] Started executeCommandLine function
2016-01-28 04:34:08,172 DEBUG [EBRE22_KeyhandlingSTTL-116724] Exiting from executeCommandLine function
2016-01-28 04:34:08,172 DEBUG [EBRE22_KeyhandlingSTTL-116724] pass
2016-01-28 04:34:08,172 DEBUG [EBRE22_KeyhandlingSTTL-116724] TestStepResult of sendKeyEvents: pass
2016-01-28 04:34:08,172 DEBUG [EBRE22_KeyhandlingSTTL-116724] In execute keyword function
2016-01-28 04:34:08,172 DEBUG [EBRE22_KeyhandlingSTTL-116724] Executing validate_keyCaptured function:
2016-01-28 04:34:08,172 DEBUG [EBRE22_KeyhandlingSTTL-116724] Entered validate_keyCaptured function
2016-01-28 04:34:08,357 DEBUG [EBRE22_KeyhandlingSTTL-116724] 83
2016-01-28 04:34:08,357 DEBUG [EBRE22_KeyhandlingSTTL-116724] Actual Value matches Expected
2016-01-28 04:34:08,357 DEBUG [EBRE22_KeyhandlingSTTL-116724] pass
2016-01-28 04:34:08,357 DEBUG [EBRE22_KeyhandlingSTTL-116724] Exiting from validate_keyCaptured function
2016-01-28 04:34:08,357 DEBUG [EBRE22_KeyhandlingSTTL-116724] Result of validate_keyCaptured: pass
2016-01-28 04:34:08,357 DEBUG [EBRE22_KeyhandlingSTTL-116724] In execute keyword function
2016-01-28 04:34:08,357 DEBUG [EBRE22_KeyhandlingSTTL-116724] Executing sendKeyEvents function:
2016-01-28 04:34:08,358 DEBUG [EBRE22_KeyhandlingSTTL-116724] Entered sendKeyEvents function
2016-01-28 04:34:08,358 DEBUG [EBRE22_KeyhandlingSTTL-116724] t
2016-01-28 04:34:08,358 DEBUG [EBRE22_KeyhandlingSTTL-116724] Entered t
2016-01-28 04:34:08,358 DEBUG [EBRE22_KeyhandlingSTTL-116724] Started executeCommandLine function
2016-01-28 04:34:12,379 DEBUG [EBRE22_KeyhandlingSTTL-116724] Exiting from executeCommandLine function
2016-01-28 04:34:12,379 DEBUG [EBRE22_KeyhandlingSTTL-116724] pass
2016-01-28 04:34:12,379 DEBUG [EBRE22_KeyhandlingSTTL-116724] TestStepResult of sendKeyEvents: pass
2016-01-28 04:34:12,379 DEBUG [EBRE22_KeyhandlingSTTL-116724] In execute keyword function
2016-01-28 04:34:12,379 DEBUG [EBRE22_KeyhandlingSTTL-116724] Executing validate_keyCaptured function:
2016-01-28 04:34:12,379 DEBUG [EBRE22_KeyhandlingSTTL-116724] Entered validate_keyCaptured function
2016-01-28 04:34:12,591 DEBUG [EBRE22_KeyhandlingSTTL-116724] 84
2016-01-28 04:34:12,591 DEBUG [EBRE22_KeyhandlingSTTL-116724] Actual Value matches Expected
2016-01-28 04:34:12,591 DEBUG [EBRE22_KeyhandlingSTTL-116724] pass
2016-01-28 04:34:12,591 DEBUG [EBRE22_KeyhandlingSTTL-116724] Exiting from validate_keyCaptured function
2016-01-28 04:34:12,591 DEBUG [EBRE22_KeyhandlingSTTL-116724] Result of validate_keyCaptured: pass
2016-01-28 04:34:12,591 DEBUG [EBRE22_KeyhandlingSTTL-116724] In execute keyword function
2016-01-28 04:34:12,591 DEBUG [EBRE22_KeyhandlingSTTL-116724] Executing sendKeyEvents function:
2016-01-28 04:34:12,591 DEBUG [EBRE22_KeyhandlingSTTL-116724] Entered sendKeyEvents function
2016-01-28 04:34:12,591 DEBUG [EBRE22_KeyhandlingSTTL-116724] u
2016-01-28 04:34:12,591 DEBUG [EBRE22_KeyhandlingSTTL-116724] Entered u
2016-01-28 04:34:12,591 DEBUG [EBRE22_KeyhandlingSTTL-116724] Started executeCommandLine function
2016-01-28 04:34:16,612 DEBUG [EBRE22_KeyhandlingSTTL-116724] Exiting from executeCommandLine function
2016-01-28 04:34:16,612 DEBUG [EBRE22_KeyhandlingSTTL-116724] pass
2016-01-28 04:34:16,612 DEBUG [EBRE22_KeyhandlingSTTL-116724] TestStepResult of sendKeyEvents: pass
2016-01-28 04:34:16,612 DEBUG [EBRE22_KeyhandlingSTTL-116724] In execute keyword function
2016-01-28 04:34:16,612 DEBUG [EBRE22_KeyhandlingSTTL-116724] Executing validate_keyCaptured function:
2016-01-28 04:34:16,612 DEBUG [EBRE22_KeyhandlingSTTL-116724] Entered validate_keyCaptured function
2016-01-28 04:34:16,821 DEBUG [EBRE22_KeyhandlingSTTL-116724] 85
2016-01-28 04:34:16,821 DEBUG [EBRE22_KeyhandlingSTTL-116724] Actual Value matches Expected
2016-01-28 04:34:16,821 DEBUG [EBRE22_KeyhandlingSTTL-116724] pass
2016-01-28 04:34:16,821 DEBUG [EBRE22_KeyhandlingSTTL-116724] Exiting from validate_keyCaptured function
2016-01-28 04:34:16,821 DEBUG [EBRE22_KeyhandlingSTTL-116724] Result of validate_keyCaptured: pass
2016-01-28 04:34:16,821 DEBUG [EBRE22_KeyhandlingSTTL-116724] In execute keyword function
2016-01-28 04:34:16,821 DEBUG [EBRE22_KeyhandlingSTTL-116724] Executing sendKeyEvents function:
2016-01-28 04:34:16,821 DEBUG [EBRE22_KeyhandlingSTTL-116724] Entered sendKeyEvents function
2016-01-28 04:34:16,821 DEBUG [EBRE22_KeyhandlingSTTL-116724] v
2016-01-28 04:34:16,821 DEBUG [EBRE22_KeyhandlingSTTL-116724] Entered v
2016-01-28 04:34:16,821 DEBUG [EBRE22_KeyhandlingSTTL-116724] Started executeCommandLine function
2016-01-28 04:34:20,841 DEBUG [EBRE22_KeyhandlingSTTL-116724] Exiting from executeCommandLine function
2016-01-28 04:34:20,841 DEBUG [EBRE22_KeyhandlingSTTL-116724] pass
2016-01-28 04:34:20,841 DEBUG [EBRE22_KeyhandlingSTTL-116724] TestStepResult of sendKeyEvents: pass
2016-01-28 04:34:20,841 DEBUG [EBRE22_KeyhandlingSTTL-116724] In execute keyword function
2016-01-28 04:34:20,841 DEBUG [EBRE22_KeyhandlingSTTL-116724] Executing validate_keyCaptured function:
2016-01-28 04:34:20,841 DEBUG [EBRE22_KeyhandlingSTTL-116724] Entered validate_keyCaptured function
2016-01-28 04:34:21,009 DEBUG [EBRE22_KeyhandlingSTTL-116724] 86
2016-01-28 04:34:21,009 DEBUG [EBRE22_KeyhandlingSTTL-116724] Actual Value matches Expected
2016-01-28 04:34:21,009 DEBUG [EBRE22_KeyhandlingSTTL-116724] pass
2016-01-28 04:34:21,009 DEBUG [EBRE22_KeyhandlingSTTL-116724] Exiting from validate_keyCaptured function
2016-01-28 04:34:21,009 DEBUG [EBRE22_KeyhandlingSTTL-116724] Result of validate_keyCaptured: pass
2016-01-28 04:34:21,009 DEBUG [EBRE22_KeyhandlingSTTL-116724] In execute keyword function
2016-01-28 04:34:21,009 DEBUG [EBRE22_KeyhandlingSTTL-116724] Executing sendKeyEvents function:
2016-01-28 04:34:21,009 DEBUG [EBRE22_KeyhandlingSTTL-116724] Entered sendKeyEvents function
2016-01-28 04:34:21,009 DEBUG [EBRE22_KeyhandlingSTTL-116724] w
2016-01-28 04:34:21,009 DEBUG [EBRE22_KeyhandlingSTTL-116724] Entered w
2016-01-28 04:34:21,009 DEBUG [EBRE22_KeyhandlingSTTL-116724] Started executeCommandLine function
2016-01-28 04:34:25,029 DEBUG [EBRE22_KeyhandlingSTTL-116724] Exiting from executeCommandLine function
2016-01-28 04:34:25,029 DEBUG [EBRE22_KeyhandlingSTTL-116724] pass
2016-01-28 04:34:25,029 DEBUG [EBRE22_KeyhandlingSTTL-116724] TestStepResult of sendKeyEvents: pass
2016-01-28 04:34:25,029 DEBUG [EBRE22_KeyhandlingSTTL-116724] In execute keyword function
2016-01-28 04:34:25,029 DEBUG [EBRE22_KeyhandlingSTTL-116724] Executing validate_keyCaptured function:
2016-01-28 04:34:25,029 DEBUG [EBRE22_KeyhandlingSTTL-116724] Entered validate_keyCaptured function
2016-01-28 04:34:25,227 DEBUG [EBRE22_KeyhandlingSTTL-116724] 87
2016-01-28 04:34:25,227 DEBUG [EBRE22_KeyhandlingSTTL-116724] Actual Value matches Expected
2016-01-28 04:34:25,227 DEBUG [EBRE22_KeyhandlingSTTL-116724] pass
2016-01-28 04:34:25,227 DEBUG [EBRE22_KeyhandlingSTTL-116724] Exiting from validate_keyCaptured function
2016-01-28 04:34:25,227 DEBUG [EBRE22_KeyhandlingSTTL-116724] Result of validate_keyCaptured: pass
2016-01-28 04:34:25,227 DEBUG [EBRE22_KeyhandlingSTTL-116724] In execute keyword function
2016-01-28 04:34:25,227 DEBUG [EBRE22_KeyhandlingSTTL-116724] Executing sendKeyEvents function:
2016-01-28 04:34:25,227 DEBUG [EBRE22_KeyhandlingSTTL-116724] Entered sendKeyEvents function
2016-01-28 04:34:25,227 DEBUG [EBRE22_KeyhandlingSTTL-116724] x
2016-01-28 04:34:25,227 DEBUG [EBRE22_KeyhandlingSTTL-116724] Entered x
2016-01-28 04:34:25,228 DEBUG [EBRE22_KeyhandlingSTTL-116724] Started executeCommandLine function
2016-01-28 04:34:29,248 DEBUG [EBRE22_KeyhandlingSTTL-116724] Exiting from executeCommandLine function
2016-01-28 04:34:29,248 DEBUG [EBRE22_KeyhandlingSTTL-116724] pass
2016-01-28 04:34:29,248 DEBUG [EBRE22_KeyhandlingSTTL-116724] TestStepResult of sendKeyEvents: pass
2016-01-28 04:34:29,248 DEBUG [EBRE22_KeyhandlingSTTL-116724] In execute keyword function
2016-01-28 04:34:29,248 DEBUG [EBRE22_KeyhandlingSTTL-116724] Executing validate_keyCaptured function:
2016-01-28 04:34:29,248 DEBUG [EBRE22_KeyhandlingSTTL-116724] Entered validate_keyCaptured function
2016-01-28 04:34:29,415 DEBUG [EBRE22_KeyhandlingSTTL-116724] 88
2016-01-28 04:34:29,415 DEBUG [EBRE22_KeyhandlingSTTL-116724] Actual Value matches Expected
2016-01-28 04:34:29,415 DEBUG [EBRE22_KeyhandlingSTTL-116724] pass
2016-01-28 04:34:29,415 DEBUG [EBRE22_KeyhandlingSTTL-116724] Exiting from validate_keyCaptured function
2016-01-28 04:34:29,415 DEBUG [EBRE22_KeyhandlingSTTL-116724] Result of validate_keyCaptured: pass
2016-01-28 04:34:29,415 DEBUG [EBRE22_KeyhandlingSTTL-116724] In execute keyword function
2016-01-28 04:34:29,415 DEBUG [EBRE22_KeyhandlingSTTL-116724] Executing sendKeyEvents function:
2016-01-28 04:34:29,415 DEBUG [EBRE22_KeyhandlingSTTL-116724] Entered sendKeyEvents function
2016-01-28 04:34:29,415 DEBUG [EBRE22_KeyhandlingSTTL-116724] y
2016-01-28 04:34:29,415 DEBUG [EBRE22_KeyhandlingSTTL-116724] Entered y
2016-01-28 04:34:29,415 DEBUG [EBRE22_KeyhandlingSTTL-116724] Started executeCommandLine function
2016-01-28 04:34:33,436 DEBUG [EBRE22_KeyhandlingSTTL-116724] Exiting from executeCommandLine function
2016-01-28 04:34:33,436 DEBUG [EBRE22_KeyhandlingSTTL-116724] pass
2016-01-28 04:34:33,436 DEBUG [EBRE22_KeyhandlingSTTL-116724] TestStepResult of sendKeyEvents: pass
2016-01-28 04:34:33,436 DEBUG [EBRE22_KeyhandlingSTTL-116724] In execute keyword function
2016-01-28 04:34:33,436 DEBUG [EBRE22_KeyhandlingSTTL-116724] Executing validate_keyCaptured function:
2016-01-28 04:34:33,436 DEBUG [EBRE22_KeyhandlingSTTL-116724] Entered validate_keyCaptured function
2016-01-28 04:34:33,639 DEBUG [EBRE22_KeyhandlingSTTL-116724] 89
2016-01-28 04:34:33,639 DEBUG [EBRE22_KeyhandlingSTTL-116724] Actual Value matches Expected
2016-01-28 04:34:33,639 DEBUG [EBRE22_KeyhandlingSTTL-116724] pass
2016-01-28 04:34:33,639 DEBUG [EBRE22_KeyhandlingSTTL-116724] Exiting from validate_keyCaptured function
2016-01-28 04:34:33,639 DEBUG [EBRE22_KeyhandlingSTTL-116724] Result of validate_keyCaptured: pass
2016-01-28 04:34:33,639 DEBUG [EBRE22_KeyhandlingSTTL-116724] In execute keyword function
2016-01-28 04:34:33,639 DEBUG [EBRE22_KeyhandlingSTTL-116724] Executing sendKeyEvents function:
2016-01-28 04:34:33,639 DEBUG [EBRE22_KeyhandlingSTTL-116724] Entered sendKeyEvents function
2016-01-28 04:34:33,639 DEBUG [EBRE22_KeyhandlingSTTL-116724] z
2016-01-28 04:34:33,639 DEBUG [EBRE22_KeyhandlingSTTL-116724] Entered z
2016-01-28 04:34:33,639 DEBUG [EBRE22_KeyhandlingSTTL-116724] Started executeCommandLine function
2016-01-28 04:34:37,659 DEBUG [EBRE22_KeyhandlingSTTL-116724] Exiting from executeCommandLine function
2016-01-28 04:34:37,659 DEBUG [EBRE22_KeyhandlingSTTL-116724] pass
2016-01-28 04:34:37,659 DEBUG [EBRE22_KeyhandlingSTTL-116724] TestStepResult of sendKeyEvents: pass
2016-01-28 04:34:37,659 DEBUG [EBRE22_KeyhandlingSTTL-116724] In execute keyword function
2016-01-28 04:34:37,659 DEBUG [EBRE22_KeyhandlingSTTL-116724] Executing validate_keyCaptured function:
2016-01-28 04:34:37,659 DEBUG [EBRE22_KeyhandlingSTTL-116724] Entered validate_keyCaptured function
2016-01-28 04:34:37,826 DEBUG [EBRE22_KeyhandlingSTTL-116724] 90
2016-01-28 04:34:37,826 DEBUG [EBRE22_KeyhandlingSTTL-116724] Actual Value matches Expected
2016-01-28 04:34:37,826 DEBUG [EBRE22_KeyhandlingSTTL-116724] pass
2016-01-28 04:34:37,826 DEBUG [EBRE22_KeyhandlingSTTL-116724] Exiting from validate_keyCaptured function
2016-01-28 04:34:37,826 DEBUG [EBRE22_KeyhandlingSTTL-116724] Result of validate_keyCaptured: pass
2016-01-28 04:34:37,826 DEBUG [EBRE22_KeyhandlingSTTL-116724] allstep_result contains: passpasspasspasspasspasspasspasspasspasspasspasspasspasspasspasspasspasspasspasspasspasspasspasspasspasspasspassPassPassnull
2016-01-28 04:34:37,826 DEBUG [EBRE22_KeyhandlingSTTL-116724] allexpected_result contains: nullpassnullpassnullpassnullpassnullpassnullpassnullpassnullpassnullpassnullpassnullpassnullpassnullpassnullpassnullpassnullpassnullpassnullpassnullpassnullpassnullpassnullpassnullpassnullpassnullpassnullpassnullPassnullpassnullpassnull
2016-01-28 04:34:37,826 DEBUG [EBRE22_KeyhandlingSTTL-116724] Testcase_Result contains: nullpassnullpassnullpassnullpassnullpassnullpassnullpassnullpassnullpassnullpassnullpassnullpassnullpassnullpassnullpassnullpassnullpassnullpassnullpassnullpassnullpassnullpassnullpassnullpassnullpassnullpassnullPassnullpassnullpassnullpasspasspasspasspasspasspasspasspasspasspasspasspasspasspasspasspasspasspasspasspasspasspasspasspasspasspasspassPassPassnull
2016-01-28 04:34:37,826 DEBUG [EBRE22_KeyhandlingSTTL-116724] Test case with description KeyValue:All(Alphabets)- JavaScript function with iswindows key=1 Pass
2016-01-28 04:34:38,783 DEBUG [EBRE22_KeyhandlingSTTL-116724] Executing browser_Quit function
2016-01-28 04:34:38,783 DEBUG [EBRE22_KeyhandlingSTTL-116724] Completed browser_Quit function
2016-01-28 04:34:38,783 DEBUG [EBRE22_KeyhandlingSTTL-116724] Completed quitSelendroid function
2016-01-28 04:34:38,783 DEBUG [EBRE22_KeyhandlingSTTL-116724] Row number:25
2016-01-28 04:34:38,816 DEBUG [EBRE22_KeyhandlingSTTL-116724] Ending Test Case IDSTTL-116724
