2016-01-28 04:15:48,549 DEBUG [EBRE22_KeyhandlingSTTL-116716] Executing Test Case ID: STTL-116716
2016-01-28 04:15:48,556 DEBUG [EBRE22_KeyhandlingSTTL-116716] Executing Init_Selendroid function with APK as parameter and clear data value with 1
2016-01-28 04:15:58,479 DEBUG [EBRE22_KeyhandlingSTTL-116716] Exiting Init_Selendroid function
2016-01-28 04:15:58,495 DEBUG [EBRE22_KeyhandlingSTTL-116716] TestCase with Description "KeyValue:8(1 key) Dispatch:false" Execution started
2016-01-28 04:15:58,496 DEBUG [EBRE22_KeyhandlingSTTL-116716] In execute keyword function
2016-01-28 04:15:58,496 DEBUG [EBRE22_KeyhandlingSTTL-116716] Executing wait function:
2016-01-28 04:15:58,496 DEBUG [EBRE22_KeyhandlingSTTL-116716] Started Executing wait function
2016-01-28 04:16:03,497 DEBUG [EBRE22_KeyhandlingSTTL-116716] Exiting from wait function
2016-01-28 04:16:03,497 DEBUG [EBRE22_KeyhandlingSTTL-116716] TestStepResult of wait: Pass
2016-01-28 04:16:03,497 DEBUG [EBRE22_KeyhandlingSTTL-116716] In execute keyword function
2016-01-28 04:16:03,497 DEBUG [EBRE22_KeyhandlingSTTL-116716] Executing validate_PageTitle function:
2016-01-28 04:16:03,537 DEBUG [EBRE22_KeyhandlingSTTL-116716] The title of the page is *********************************: RE 2.2 Tests
2016-01-28 04:16:03,537 DEBUG [EBRE22_KeyhandlingSTTL-116716] The page title found is correct
2016-01-28 04:16:03,537 DEBUG [EBRE22_KeyhandlingSTTL-116716] Result of validate_PageTitle: pass
2016-01-28 04:16:03,537 DEBUG [EBRE22_KeyhandlingSTTL-116716] In execute keyword function
2016-01-28 04:16:03,537 DEBUG [EBRE22_KeyhandlingSTTL-116716] Executing link_Click function:
2016-01-28 04:16:04,303 DEBUG [EBRE22_KeyhandlingSTTL-116716] Executing Click function
2016-01-28 04:16:05,366 DEBUG [EBRE22_KeyhandlingSTTL-116716] Exiting Click function
2016-01-28 04:16:05,366 DEBUG [EBRE22_KeyhandlingSTTL-116716] keyhandling_link clicked successfully
2016-01-28 04:16:05,366 DEBUG [EBRE22_KeyhandlingSTTL-116716] TestStepResult of link_Click: Pass
2016-01-28 04:16:05,367 DEBUG [EBRE22_KeyhandlingSTTL-116716] In execute keyword function
2016-01-28 04:16:05,367 DEBUG [EBRE22_KeyhandlingSTTL-116716] Executing validate_PageTitle function:
2016-01-28 04:16:05,405 DEBUG [EBRE22_KeyhandlingSTTL-116716] The title of the page is *********************************: PB and RE2.2 Semi Auto Frame Work : Keyhandling
2016-01-28 04:16:05,405 DEBUG [EBRE22_KeyhandlingSTTL-116716] The page title found is correct
2016-01-28 04:16:05,405 DEBUG [EBRE22_KeyhandlingSTTL-116716] Result of validate_PageTitle: pass
2016-01-28 04:16:05,405 DEBUG [EBRE22_KeyhandlingSTTL-116716] In execute keyword function
2016-01-28 04:16:05,405 DEBUG [EBRE22_KeyhandlingSTTL-116716] Executing SelectTestToRun function:
2016-01-28 04:16:09,275 DEBUG [EBRE22_KeyhandlingSTTL-116716] Successfull in selecting clicking the category
2016-01-28 04:16:09,275 DEBUG [EBRE22_KeyhandlingSTTL-116716] TestStepResult of SelectTestToRun: pass
2016-01-28 04:16:09,276 DEBUG [EBRE22_KeyhandlingSTTL-116716] In execute keyword function
2016-01-28 04:16:09,276 DEBUG [EBRE22_KeyhandlingSTTL-116716] Executing ClickRunTest function:
2016-01-28 04:16:09,633 DEBUG [EBRE22_KeyhandlingSTTL-116716] Executing Click function
2016-01-28 04:16:10,654 DEBUG [EBRE22_KeyhandlingSTTL-116716] Exiting Click function
2016-01-28 04:16:10,654 DEBUG [EBRE22_KeyhandlingSTTL-116716] runtest_top_xpath Button clicked Successfully
2016-01-28 04:16:10,654 DEBUG [EBRE22_KeyhandlingSTTL-116716] TestStepResult of ClickRunTest: pass
2016-01-28 04:16:10,654 DEBUG [EBRE22_KeyhandlingSTTL-116716] In execute keyword function
2016-01-28 04:16:10,654 DEBUG [EBRE22_KeyhandlingSTTL-116716] Executing validate_Text_Exists function:
2016-01-28 04:16:10,939 DEBUG [EBRE22_KeyhandlingSTTL-116716] VT187-2588 Testcase Text found
2016-01-28 04:16:10,939 DEBUG [EBRE22_KeyhandlingSTTL-116716] Result of validate_Text_Exists: Pass
2016-01-28 04:16:10,939 DEBUG [EBRE22_KeyhandlingSTTL-116716] In execute keyword function
2016-01-28 04:16:10,939 DEBUG [EBRE22_KeyhandlingSTTL-116716] Executing textBoxClick function:
2016-01-28 04:16:12,401 DEBUG [EBRE22_KeyhandlingSTTL-116716] keytxtInput_idtext box clicked successfully
2016-01-28 04:16:12,401 DEBUG [EBRE22_KeyhandlingSTTL-116716] TestStepResult of textBoxClick: pass
2016-01-28 04:16:12,401 DEBUG [EBRE22_KeyhandlingSTTL-116716] In execute keyword function
2016-01-28 04:16:12,401 DEBUG [EBRE22_KeyhandlingSTTL-116716] Executing wait function:
2016-01-28 04:16:12,401 DEBUG [EBRE22_KeyhandlingSTTL-116716] Started Executing wait function
2016-01-28 04:16:14,401 DEBUG [EBRE22_KeyhandlingSTTL-116716] Exiting from wait function
2016-01-28 04:16:14,401 DEBUG [EBRE22_KeyhandlingSTTL-116716] TestStepResult of wait: Pass
2016-01-28 04:16:14,401 DEBUG [EBRE22_KeyhandlingSTTL-116716] In execute keyword function
2016-01-28 04:16:14,401 DEBUG [EBRE22_KeyhandlingSTTL-116716] Executing sendKeyEvents function:
2016-01-28 04:16:14,401 DEBUG [EBRE22_KeyhandlingSTTL-116716] Entered sendKeyEvents function
2016-01-28 04:16:14,401 DEBUG [EBRE22_KeyhandlingSTTL-116716] 1
2016-01-28 04:16:14,401 DEBUG [EBRE22_KeyhandlingSTTL-116716] Entered 1
2016-01-28 04:16:14,401 DEBUG [EBRE22_KeyhandlingSTTL-116716] Started executeCommandLine function
2016-01-28 04:16:18,422 DEBUG [EBRE22_KeyhandlingSTTL-116716] Exiting from executeCommandLine function
2016-01-28 04:16:18,422 DEBUG [EBRE22_KeyhandlingSTTL-116716] pass
2016-01-28 04:16:18,422 DEBUG [EBRE22_KeyhandlingSTTL-116716] TestStepResult of sendKeyEvents: pass
2016-01-28 04:16:18,422 DEBUG [EBRE22_KeyhandlingSTTL-116716] In execute keyword function
2016-01-28 04:16:18,422 DEBUG [EBRE22_KeyhandlingSTTL-116716] Executing validate_textBoxData function:
2016-01-28 04:16:18,422 DEBUG [EBRE22_KeyhandlingSTTL-116716] Executing getAttribute function
2016-01-28 04:16:18,618 DEBUG [EBRE22_KeyhandlingSTTL-116716] 
2016-01-28 04:16:18,619 DEBUG [EBRE22_KeyhandlingSTTL-116716]  value matches with Expected null value
2016-01-28 04:16:18,619 DEBUG [EBRE22_KeyhandlingSTTL-116716] Result of validate_textBoxData: Pass
2016-01-28 04:16:18,619 DEBUG [EBRE22_KeyhandlingSTTL-116716] In execute keyword function
2016-01-28 04:16:18,619 DEBUG [EBRE22_KeyhandlingSTTL-116716] Executing validate_keyCaptured function:
2016-01-28 04:16:18,619 DEBUG [EBRE22_KeyhandlingSTTL-116716] Entered validate_keyCaptured function
2016-01-28 04:16:18,839 DEBUG [EBRE22_KeyhandlingSTTL-116716] 8
2016-01-28 04:16:18,839 DEBUG [EBRE22_KeyhandlingSTTL-116716] Actual Value matches Expected
2016-01-28 04:16:18,839 DEBUG [EBRE22_KeyhandlingSTTL-116716] pass
2016-01-28 04:16:18,839 DEBUG [EBRE22_KeyhandlingSTTL-116716] Exiting from validate_keyCaptured function
2016-01-28 04:16:18,839 DEBUG [EBRE22_KeyhandlingSTTL-116716] Result of validate_keyCaptured: pass
2016-01-28 04:16:18,839 DEBUG [EBRE22_KeyhandlingSTTL-116716] In execute keyword function
2016-01-28 04:16:18,839 DEBUG [EBRE22_KeyhandlingSTTL-116716] TestStepResult of : Function <> not found in the keyword class
2016-01-28 04:16:18,839 DEBUG [EBRE22_KeyhandlingSTTL-116716] allstep_result contains: Function <> not found in the keyword classpassPasspasspasspassPassPassnull
2016-01-28 04:16:18,839 DEBUG [EBRE22_KeyhandlingSTTL-116716] allexpected_result contains: nullPasspassnullPassnullpassnullpassnull
2016-01-28 04:16:18,839 DEBUG [EBRE22_KeyhandlingSTTL-116716] Testcase_Result contains: nullPasspassnullPassnullpassnullpassnullFunction <> not found in the keyword classpassPasspasspasspassPassPassnull
2016-01-28 04:16:18,839 DEBUG [EBRE22_KeyhandlingSTTL-116716] Test case with description KeyValue:8(1 key) Dispatch:false Pass
2016-01-28 04:16:19,796 DEBUG [EBRE22_KeyhandlingSTTL-116716] Executing browser_Quit function
2016-01-28 04:16:19,796 DEBUG [EBRE22_KeyhandlingSTTL-116716] Completed browser_Quit function
2016-01-28 04:16:19,796 DEBUG [EBRE22_KeyhandlingSTTL-116716] Completed quitSelendroid function
2016-01-28 04:16:19,796 DEBUG [EBRE22_KeyhandlingSTTL-116716] Row number:17
2016-01-28 04:16:19,829 DEBUG [EBRE22_KeyhandlingSTTL-116716] Ending Test Case IDSTTL-116716
