2016-01-28 04:09:44,897 DEBUG [EBRE22_KeyhandlingSTTL-116711] Executing Test Case ID: STTL-116711
2016-01-28 04:09:44,904 DEBUG [EBRE22_KeyhandlingSTTL-116711] Executing Init_Selendroid function with APK as parameter and clear data value with 1
2016-01-28 04:09:54,970 DEBUG [EBRE22_KeyhandlingSTTL-116711] Exiting Init_Selendroid function
2016-01-28 04:09:54,987 DEBUG [EBRE22_KeyhandlingSTTL-116711] TestCase with Description "KeyValue:All with event URL for Function keys" Execution started
2016-01-28 04:09:54,987 DEBUG [EBRE22_KeyhandlingSTTL-116711] In execute keyword function
2016-01-28 04:09:54,987 DEBUG [EBRE22_KeyhandlingSTTL-116711] Executing wait function:
2016-01-28 04:09:54,987 DEBUG [EBRE22_KeyhandlingSTTL-116711] Started Executing wait function
2016-01-28 04:09:59,987 DEBUG [EBRE22_KeyhandlingSTTL-116711] Exiting from wait function
2016-01-28 04:09:59,987 DEBUG [EBRE22_KeyhandlingSTTL-116711] TestStepResult of wait: Pass
2016-01-28 04:09:59,987 DEBUG [EBRE22_KeyhandlingSTTL-116711] In execute keyword function
2016-01-28 04:09:59,987 DEBUG [EBRE22_KeyhandlingSTTL-116711] Executing validate_PageTitle function:
2016-01-28 04:10:00,027 DEBUG [EBRE22_KeyhandlingSTTL-116711] The title of the page is *********************************: RE 2.2 Tests
2016-01-28 04:10:00,027 DEBUG [EBRE22_KeyhandlingSTTL-116711] The page title found is correct
2016-01-28 04:10:00,027 DEBUG [EBRE22_KeyhandlingSTTL-116711] Result of validate_PageTitle: pass
2016-01-28 04:10:00,027 DEBUG [EBRE22_KeyhandlingSTTL-116711] In execute keyword function
2016-01-28 04:10:00,027 DEBUG [EBRE22_KeyhandlingSTTL-116711] Executing link_Click function:
2016-01-28 04:10:00,644 DEBUG [EBRE22_KeyhandlingSTTL-116711] Executing Click function
2016-01-28 04:10:01,716 DEBUG [EBRE22_KeyhandlingSTTL-116711] Exiting Click function
2016-01-28 04:10:01,716 DEBUG [EBRE22_KeyhandlingSTTL-116711] keyhandling_link clicked successfully
2016-01-28 04:10:01,716 DEBUG [EBRE22_KeyhandlingSTTL-116711] TestStepResult of link_Click: Pass
2016-01-28 04:10:01,716 DEBUG [EBRE22_KeyhandlingSTTL-116711] In execute keyword function
2016-01-28 04:10:01,716 DEBUG [EBRE22_KeyhandlingSTTL-116711] Executing validate_PageTitle function:
2016-01-28 04:10:01,763 DEBUG [EBRE22_KeyhandlingSTTL-116711] The title of the page is *********************************: PB and RE2.2 Semi Auto Frame Work : Keyhandling
2016-01-28 04:10:01,763 DEBUG [EBRE22_KeyhandlingSTTL-116711] The page title found is correct
2016-01-28 04:10:01,763 DEBUG [EBRE22_KeyhandlingSTTL-116711] Result of validate_PageTitle: pass
2016-01-28 04:10:01,763 DEBUG [EBRE22_KeyhandlingSTTL-116711] In execute keyword function
2016-01-28 04:10:01,763 DEBUG [EBRE22_KeyhandlingSTTL-116711] Executing SelectTestToRun function:
2016-01-28 04:10:05,043 DEBUG [EBRE22_KeyhandlingSTTL-116711] Successfull in selecting clicking the category
2016-01-28 04:10:05,043 DEBUG [EBRE22_KeyhandlingSTTL-116711] TestStepResult of SelectTestToRun: pass
2016-01-28 04:10:05,044 DEBUG [EBRE22_KeyhandlingSTTL-116711] In execute keyword function
2016-01-28 04:10:05,044 DEBUG [EBRE22_KeyhandlingSTTL-116711] Executing ClickRunTest function:
2016-01-28 04:10:05,394 DEBUG [EBRE22_KeyhandlingSTTL-116711] Executing Click function
2016-01-28 04:10:06,406 DEBUG [EBRE22_KeyhandlingSTTL-116711] Exiting Click function
2016-01-28 04:10:06,406 DEBUG [EBRE22_KeyhandlingSTTL-116711] runtest_top_xpath Button clicked Successfully
2016-01-28 04:10:06,406 DEBUG [EBRE22_KeyhandlingSTTL-116711] TestStepResult of ClickRunTest: pass
2016-01-28 04:10:06,406 DEBUG [EBRE22_KeyhandlingSTTL-116711] In execute keyword function
2016-01-28 04:10:06,406 DEBUG [EBRE22_KeyhandlingSTTL-116711] Executing validate_Text_Exists function:
2016-01-28 04:10:06,670 DEBUG [EBRE22_KeyhandlingSTTL-116711] VT187-2580 Testcase Text found
2016-01-28 04:10:06,670 DEBUG [EBRE22_KeyhandlingSTTL-116711] Result of validate_Text_Exists: Pass
2016-01-28 04:10:06,670 DEBUG [EBRE22_KeyhandlingSTTL-116711] In execute keyword function
2016-01-28 04:10:06,670 DEBUG [EBRE22_KeyhandlingSTTL-116711] Executing sendKeyEvents function:
2016-01-28 04:10:06,670 DEBUG [EBRE22_KeyhandlingSTTL-116711] Entered sendKeyEvents function
2016-01-28 04:10:06,670 DEBUG [EBRE22_KeyhandlingSTTL-116711] F5
2016-01-28 04:10:06,670 DEBUG [EBRE22_KeyhandlingSTTL-116711] Entered F5key
2016-01-28 04:10:06,670 DEBUG [EBRE22_KeyhandlingSTTL-116711] Started executeCommandLine function
2016-01-28 04:10:10,691 DEBUG [EBRE22_KeyhandlingSTTL-116711] Exiting from executeCommandLine function
2016-01-28 04:10:10,691 DEBUG [EBRE22_KeyhandlingSTTL-116711] pass
2016-01-28 04:10:10,691 DEBUG [EBRE22_KeyhandlingSTTL-116711] TestStepResult of sendKeyEvents: pass
2016-01-28 04:10:10,691 DEBUG [EBRE22_KeyhandlingSTTL-116711] In execute keyword function
2016-01-28 04:10:10,691 DEBUG [EBRE22_KeyhandlingSTTL-116711] Executing validate_PageTitle function:
2016-01-28 04:10:10,722 DEBUG [EBRE22_KeyhandlingSTTL-116711] The title of the page is *********************************: Navigation Check
2016-01-28 04:10:10,722 DEBUG [EBRE22_KeyhandlingSTTL-116711] The page title found is correct
2016-01-28 04:10:10,722 DEBUG [EBRE22_KeyhandlingSTTL-116711] Result of validate_PageTitle: pass
2016-01-28 04:10:10,722 DEBUG [EBRE22_KeyhandlingSTTL-116711] allstep_result contains: passpasspassPassPassnull
2016-01-28 04:10:10,722 DEBUG [EBRE22_KeyhandlingSTTL-116711] allexpected_result contains: nullpassnullPassnullpassnullpassnull
2016-01-28 04:10:10,723 DEBUG [EBRE22_KeyhandlingSTTL-116711] Testcase_Result contains: nullpassnullPassnullpassnullpassnullpasspasspassPassPassnull
2016-01-28 04:10:10,723 DEBUG [EBRE22_KeyhandlingSTTL-116711] Test case with description KeyValue:All with event URL for Function keys Pass
2016-01-28 04:10:11,683 DEBUG [EBRE22_KeyhandlingSTTL-116711] Executing browser_Quit function
2016-01-28 04:10:11,683 DEBUG [EBRE22_KeyhandlingSTTL-116711] Completed browser_Quit function
2016-01-28 04:10:11,683 DEBUG [EBRE22_KeyhandlingSTTL-116711] Completed quitSelendroid function
2016-01-28 04:10:11,683 DEBUG [EBRE22_KeyhandlingSTTL-116711] Row number:12
2016-01-28 04:10:11,715 DEBUG [EBRE22_KeyhandlingSTTL-116711] Ending Test Case IDSTTL-116711
