2016-01-28 04:09:17,602 DEBUG [EBRE22_KeyhandlingSTTL-116710] Executing Test Case ID: STTL-116710
2016-01-28 04:09:17,608 DEBUG [EBRE22_KeyhandlingSTTL-116710] Executing Init_Selendroid function with APK as parameter and clear data value with 1
2016-01-28 04:09:28,060 DEBUG [EBRE22_KeyhandlingSTTL-116710] Exiting Init_Selendroid function
2016-01-28 04:09:28,077 DEBUG [EBRE22_KeyhandlingSTTL-116710] TestCase with Description "KeyValue:All with event URL for symbol keys" Execution started
2016-01-28 04:09:28,077 DEBUG [EBRE22_KeyhandlingSTTL-116710] In execute keyword function
2016-01-28 04:09:28,077 DEBUG [EBRE22_KeyhandlingSTTL-116710] Executing wait function:
2016-01-28 04:09:28,077 DEBUG [EBRE22_KeyhandlingSTTL-116710] Started Executing wait function
2016-01-28 04:09:33,077 DEBUG [EBRE22_KeyhandlingSTTL-116710] Exiting from wait function
2016-01-28 04:09:33,077 DEBUG [EBRE22_KeyhandlingSTTL-116710] TestStepResult of wait: Pass
2016-01-28 04:09:33,077 DEBUG [EBRE22_KeyhandlingSTTL-116710] In execute keyword function
2016-01-28 04:09:33,077 DEBUG [EBRE22_KeyhandlingSTTL-116710] Executing validate_PageTitle function:
2016-01-28 04:09:33,118 DEBUG [EBRE22_KeyhandlingSTTL-116710] The title of the page is *********************************: RE 2.2 Tests
2016-01-28 04:09:33,118 DEBUG [EBRE22_KeyhandlingSTTL-116710] The page title found is correct
2016-01-28 04:09:33,118 DEBUG [EBRE22_KeyhandlingSTTL-116710] Result of validate_PageTitle: pass
2016-01-28 04:09:33,118 DEBUG [EBRE22_KeyhandlingSTTL-116710] In execute keyword function
2016-01-28 04:09:33,118 DEBUG [EBRE22_KeyhandlingSTTL-116710] Executing link_Click function:
2016-01-28 04:09:33,729 DEBUG [EBRE22_KeyhandlingSTTL-116710] Executing Click function
2016-01-28 04:09:34,820 DEBUG [EBRE22_KeyhandlingSTTL-116710] Exiting Click function
2016-01-28 04:09:34,820 DEBUG [EBRE22_KeyhandlingSTTL-116710] keyhandling_link clicked successfully
2016-01-28 04:09:34,820 DEBUG [EBRE22_KeyhandlingSTTL-116710] TestStepResult of link_Click: Pass
2016-01-28 04:09:34,820 DEBUG [EBRE22_KeyhandlingSTTL-116710] In execute keyword function
2016-01-28 04:09:34,820 DEBUG [EBRE22_KeyhandlingSTTL-116710] Executing validate_PageTitle function:
2016-01-28 04:09:34,858 DEBUG [EBRE22_KeyhandlingSTTL-116710] The title of the page is *********************************: PB and RE2.2 Semi Auto Frame Work : Keyhandling
2016-01-28 04:09:34,858 DEBUG [EBRE22_KeyhandlingSTTL-116710] The page title found is correct
2016-01-28 04:09:34,858 DEBUG [EBRE22_KeyhandlingSTTL-116710] Result of validate_PageTitle: pass
2016-01-28 04:09:34,858 DEBUG [EBRE22_KeyhandlingSTTL-116710] In execute keyword function
2016-01-28 04:09:34,858 DEBUG [EBRE22_KeyhandlingSTTL-116710] Executing SelectTestToRun function:
2016-01-28 04:09:38,208 DEBUG [EBRE22_KeyhandlingSTTL-116710] Successfull in selecting clicking the category
2016-01-28 04:09:38,208 DEBUG [EBRE22_KeyhandlingSTTL-116710] TestStepResult of SelectTestToRun: pass
2016-01-28 04:09:38,208 DEBUG [EBRE22_KeyhandlingSTTL-116710] In execute keyword function
2016-01-28 04:09:38,208 DEBUG [EBRE22_KeyhandlingSTTL-116710] Executing ClickRunTest function:
2016-01-28 04:09:38,541 DEBUG [EBRE22_KeyhandlingSTTL-116710] Executing Click function
2016-01-28 04:09:39,566 DEBUG [EBRE22_KeyhandlingSTTL-116710] Exiting Click function
2016-01-28 04:09:39,567 DEBUG [EBRE22_KeyhandlingSTTL-116710] runtest_top_xpath Button clicked Successfully
2016-01-28 04:09:39,567 DEBUG [EBRE22_KeyhandlingSTTL-116710] TestStepResult of ClickRunTest: pass
2016-01-28 04:09:39,567 DEBUG [EBRE22_KeyhandlingSTTL-116710] In execute keyword function
2016-01-28 04:09:39,567 DEBUG [EBRE22_KeyhandlingSTTL-116710] Executing validate_Text_Exists function:
2016-01-28 04:09:39,823 DEBUG [EBRE22_KeyhandlingSTTL-116710] VT187-2580 Testcase Text found
2016-01-28 04:09:39,823 DEBUG [EBRE22_KeyhandlingSTTL-116710] Result of validate_Text_Exists: Pass
2016-01-28 04:09:39,823 DEBUG [EBRE22_KeyhandlingSTTL-116710] In execute keyword function
2016-01-28 04:09:39,824 DEBUG [EBRE22_KeyhandlingSTTL-116710] Executing sendKeyEvents function:
2016-01-28 04:09:39,824 DEBUG [EBRE22_KeyhandlingSTTL-116710] Entered sendKeyEvents function
2016-01-28 04:09:39,824 DEBUG [EBRE22_KeyhandlingSTTL-116710] star
2016-01-28 04:09:39,824 DEBUG [EBRE22_KeyhandlingSTTL-116710] Entered Starkey
2016-01-28 04:09:39,824 DEBUG [EBRE22_KeyhandlingSTTL-116710] Started executeCommandLine function
2016-01-28 04:09:43,844 DEBUG [EBRE22_KeyhandlingSTTL-116710] Exiting from executeCommandLine function
2016-01-28 04:09:43,844 DEBUG [EBRE22_KeyhandlingSTTL-116710] pass
2016-01-28 04:09:43,844 DEBUG [EBRE22_KeyhandlingSTTL-116710] TestStepResult of sendKeyEvents: pass
2016-01-28 04:09:43,844 DEBUG [EBRE22_KeyhandlingSTTL-116710] In execute keyword function
2016-01-28 04:09:43,844 DEBUG [EBRE22_KeyhandlingSTTL-116710] Executing validate_PageTitle function:
2016-01-28 04:09:43,886 DEBUG [EBRE22_KeyhandlingSTTL-116710] The title of the page is *********************************: Navigation Check
2016-01-28 04:09:43,886 DEBUG [EBRE22_KeyhandlingSTTL-116710] The page title found is correct
2016-01-28 04:09:43,886 DEBUG [EBRE22_KeyhandlingSTTL-116710] Result of validate_PageTitle: pass
2016-01-28 04:09:43,886 DEBUG [EBRE22_KeyhandlingSTTL-116710] allstep_result contains: passpasspassPassPassnull
2016-01-28 04:09:43,886 DEBUG [EBRE22_KeyhandlingSTTL-116710] allexpected_result contains: nullpassnullPassnullpassnullpassnull
2016-01-28 04:09:43,886 DEBUG [EBRE22_KeyhandlingSTTL-116710] Testcase_Result contains: nullpassnullPassnullpassnullpassnullpasspasspassPassPassnull
2016-01-28 04:09:43,886 DEBUG [EBRE22_KeyhandlingSTTL-116710] Test case with description KeyValue:All with event URL for symbol keys Pass
2016-01-28 04:09:44,852 DEBUG [EBRE22_KeyhandlingSTTL-116710] Executing browser_Quit function
2016-01-28 04:09:44,852 DEBUG [EBRE22_KeyhandlingSTTL-116710] Completed browser_Quit function
2016-01-28 04:09:44,852 DEBUG [EBRE22_KeyhandlingSTTL-116710] Completed quitSelendroid function
2016-01-28 04:09:44,852 DEBUG [EBRE22_KeyhandlingSTTL-116710] Row number:11
2016-01-28 04:09:44,885 DEBUG [EBRE22_KeyhandlingSTTL-116710] Ending Test Case IDSTTL-116710
