2016-01-28 04:39:31,371 DEBUG [EBRE22_KeyhandlingSTTL-116729] Executing Test Case ID: STTL-116729
2016-01-28 04:39:31,377 DEBUG [EBRE22_KeyhandlingSTTL-116729] Executing Init_Selendroid function with APK as parameter and clear data value with 1
2016-01-28 04:39:41,847 DEBUG [EBRE22_KeyhandlingSTTL-116729] Exiting Init_Selendroid function
2016-01-28 04:39:41,865 DEBUG [EBRE22_KeyhandlingSTTL-116729] TestCase with Description "KeyValue:8(1 key) Dispatch:false with windows key=1" Execution started
2016-01-28 04:39:41,865 DEBUG [EBRE22_KeyhandlingSTTL-116729] In execute keyword function
2016-01-28 04:39:41,865 DEBUG [EBRE22_KeyhandlingSTTL-116729] Executing wait function:
2016-01-28 04:39:41,865 DEBUG [EBRE22_KeyhandlingSTTL-116729] Started Executing wait function
2016-01-28 04:39:46,865 DEBUG [EBRE22_KeyhandlingSTTL-116729] Exiting from wait function
2016-01-28 04:39:46,865 DEBUG [EBRE22_KeyhandlingSTTL-116729] TestStepResult of wait: Pass
2016-01-28 04:39:46,865 DEBUG [EBRE22_KeyhandlingSTTL-116729] In execute keyword function
2016-01-28 04:39:46,865 DEBUG [EBRE22_KeyhandlingSTTL-116729] Executing validate_PageTitle function:
2016-01-28 04:39:46,906 DEBUG [EBRE22_KeyhandlingSTTL-116729] The title of the page is *********************************: RE 2.2 Tests
2016-01-28 04:39:46,906 DEBUG [EBRE22_KeyhandlingSTTL-116729] The page title found is correct
2016-01-28 04:39:46,907 DEBUG [EBRE22_KeyhandlingSTTL-116729] Result of validate_PageTitle: pass
2016-01-28 04:39:46,907 DEBUG [EBRE22_KeyhandlingSTTL-116729] In execute keyword function
2016-01-28 04:39:46,907 DEBUG [EBRE22_KeyhandlingSTTL-116729] Executing link_Click function:
2016-01-28 04:39:47,512 DEBUG [EBRE22_KeyhandlingSTTL-116729] Executing Click function
2016-01-28 04:39:48,610 DEBUG [EBRE22_KeyhandlingSTTL-116729] Exiting Click function
2016-01-28 04:39:48,611 DEBUG [EBRE22_KeyhandlingSTTL-116729] keyhandling_link clicked successfully
2016-01-28 04:39:48,611 DEBUG [EBRE22_KeyhandlingSTTL-116729] TestStepResult of link_Click: Pass
2016-01-28 04:39:48,611 DEBUG [EBRE22_KeyhandlingSTTL-116729] In execute keyword function
2016-01-28 04:39:48,611 DEBUG [EBRE22_KeyhandlingSTTL-116729] Executing validate_PageTitle function:
2016-01-28 04:39:48,650 DEBUG [EBRE22_KeyhandlingSTTL-116729] The title of the page is *********************************: PB and RE2.2 Semi Auto Frame Work : Keyhandling
2016-01-28 04:39:48,650 DEBUG [EBRE22_KeyhandlingSTTL-116729] The page title found is correct
2016-01-28 04:39:48,650 DEBUG [EBRE22_KeyhandlingSTTL-116729] Result of validate_PageTitle: pass
2016-01-28 04:39:48,650 DEBUG [EBRE22_KeyhandlingSTTL-116729] In execute keyword function
2016-01-28 04:39:48,650 DEBUG [EBRE22_KeyhandlingSTTL-116729] Executing SelectTestToRun function:
2016-01-28 04:39:52,728 DEBUG [EBRE22_KeyhandlingSTTL-116729] Successfull in selecting clicking the category
2016-01-28 04:39:52,728 DEBUG [EBRE22_KeyhandlingSTTL-116729] TestStepResult of SelectTestToRun: pass
2016-01-28 04:39:52,728 DEBUG [EBRE22_KeyhandlingSTTL-116729] In execute keyword function
2016-01-28 04:39:52,728 DEBUG [EBRE22_KeyhandlingSTTL-116729] Executing ClickRunTest function:
2016-01-28 04:39:53,106 DEBUG [EBRE22_KeyhandlingSTTL-116729] Executing Click function
2016-01-28 04:39:54,097 DEBUG [EBRE22_KeyhandlingSTTL-116729] Exiting Click function
2016-01-28 04:39:54,097 DEBUG [EBRE22_KeyhandlingSTTL-116729] runtest_top_xpath Button clicked Successfully
2016-01-28 04:39:54,097 DEBUG [EBRE22_KeyhandlingSTTL-116729] TestStepResult of ClickRunTest: pass
2016-01-28 04:39:54,097 DEBUG [EBRE22_KeyhandlingSTTL-116729] In execute keyword function
2016-01-28 04:39:54,097 DEBUG [EBRE22_KeyhandlingSTTL-116729] Executing validate_Text_Exists function:
2016-01-28 04:39:54,401 DEBUG [EBRE22_KeyhandlingSTTL-116729] VT187-2633 Testcase Text found
2016-01-28 04:39:54,401 DEBUG [EBRE22_KeyhandlingSTTL-116729] Result of validate_Text_Exists: Pass
2016-01-28 04:39:54,401 DEBUG [EBRE22_KeyhandlingSTTL-116729] In execute keyword function
2016-01-28 04:39:54,401 DEBUG [EBRE22_KeyhandlingSTTL-116729] Executing textBoxClick function:
2016-01-28 04:39:55,833 DEBUG [EBRE22_KeyhandlingSTTL-116729] keytxtInput_idtext box clicked successfully
2016-01-28 04:39:55,833 DEBUG [EBRE22_KeyhandlingSTTL-116729] TestStepResult of textBoxClick: pass
2016-01-28 04:39:55,833 DEBUG [EBRE22_KeyhandlingSTTL-116729] In execute keyword function
2016-01-28 04:39:55,833 DEBUG [EBRE22_KeyhandlingSTTL-116729] Executing wait function:
2016-01-28 04:39:55,833 DEBUG [EBRE22_KeyhandlingSTTL-116729] Started Executing wait function
2016-01-28 04:39:57,833 DEBUG [EBRE22_KeyhandlingSTTL-116729] Exiting from wait function
2016-01-28 04:39:57,833 DEBUG [EBRE22_KeyhandlingSTTL-116729] TestStepResult of wait: Pass
2016-01-28 04:39:57,833 DEBUG [EBRE22_KeyhandlingSTTL-116729] In execute keyword function
2016-01-28 04:39:57,833 DEBUG [EBRE22_KeyhandlingSTTL-116729] Executing sendKeyEvents function:
2016-01-28 04:39:57,833 DEBUG [EBRE22_KeyhandlingSTTL-116729] Entered sendKeyEvents function
2016-01-28 04:39:57,833 DEBUG [EBRE22_KeyhandlingSTTL-116729] 1
2016-01-28 04:39:57,833 DEBUG [EBRE22_KeyhandlingSTTL-116729] Entered 1
2016-01-28 04:39:57,833 DEBUG [EBRE22_KeyhandlingSTTL-116729] Started executeCommandLine function
2016-01-28 04:40:01,855 DEBUG [EBRE22_KeyhandlingSTTL-116729] Exiting from executeCommandLine function
2016-01-28 04:40:01,855 DEBUG [EBRE22_KeyhandlingSTTL-116729] pass
2016-01-28 04:40:01,855 DEBUG [EBRE22_KeyhandlingSTTL-116729] TestStepResult of sendKeyEvents: pass
2016-01-28 04:40:01,855 DEBUG [EBRE22_KeyhandlingSTTL-116729] In execute keyword function
2016-01-28 04:40:01,855 DEBUG [EBRE22_KeyhandlingSTTL-116729] Executing validate_textBoxData function:
2016-01-28 04:40:01,855 DEBUG [EBRE22_KeyhandlingSTTL-116729] Executing getAttribute function
2016-01-28 04:40:02,050 DEBUG [EBRE22_KeyhandlingSTTL-116729] 
2016-01-28 04:40:02,050 DEBUG [EBRE22_KeyhandlingSTTL-116729]  value matches with Expected null value
2016-01-28 04:40:02,050 DEBUG [EBRE22_KeyhandlingSTTL-116729] Result of validate_textBoxData: Pass
2016-01-28 04:40:02,050 DEBUG [EBRE22_KeyhandlingSTTL-116729] In execute keyword function
2016-01-28 04:40:02,050 DEBUG [EBRE22_KeyhandlingSTTL-116729] Executing validate_keyCaptured function:
2016-01-28 04:40:02,050 DEBUG [EBRE22_KeyhandlingSTTL-116729] Entered validate_keyCaptured function
2016-01-28 04:40:02,284 DEBUG [EBRE22_KeyhandlingSTTL-116729] 49
2016-01-28 04:40:02,284 DEBUG [EBRE22_KeyhandlingSTTL-116729] Actual Value matches Expected
2016-01-28 04:40:02,284 DEBUG [EBRE22_KeyhandlingSTTL-116729] pass
2016-01-28 04:40:02,284 DEBUG [EBRE22_KeyhandlingSTTL-116729] Exiting from validate_keyCaptured function
2016-01-28 04:40:02,284 DEBUG [EBRE22_KeyhandlingSTTL-116729] Result of validate_keyCaptured: pass
2016-01-28 04:40:02,284 DEBUG [EBRE22_KeyhandlingSTTL-116729] In execute keyword function
2016-01-28 04:40:02,284 DEBUG [EBRE22_KeyhandlingSTTL-116729] TestStepResult of : Function <> not found in the keyword class
2016-01-28 04:40:02,284 DEBUG [EBRE22_KeyhandlingSTTL-116729] allstep_result contains: Function <> not found in the keyword classpassPasspasspasspassPassPassnull
2016-01-28 04:40:02,285 DEBUG [EBRE22_KeyhandlingSTTL-116729] allexpected_result contains: nullPasspassnullPassnullpassnullpassnull
2016-01-28 04:40:02,285 DEBUG [EBRE22_KeyhandlingSTTL-116729] Testcase_Result contains: nullPasspassnullPassnullpassnullpassnullFunction <> not found in the keyword classpassPasspasspasspassPassPassnull
2016-01-28 04:40:02,285 DEBUG [EBRE22_KeyhandlingSTTL-116729] Test case with description KeyValue:8(1 key) Dispatch:false with windows key=1 Pass
2016-01-28 04:40:03,230 DEBUG [EBRE22_KeyhandlingSTTL-116729] Executing browser_Quit function
2016-01-28 04:40:03,230 DEBUG [EBRE22_KeyhandlingSTTL-116729] Completed browser_Quit function
2016-01-28 04:40:03,230 DEBUG [EBRE22_KeyhandlingSTTL-116729] Completed quitSelendroid function
2016-01-28 04:40:03,231 DEBUG [EBRE22_KeyhandlingSTTL-116729] Row number:30
2016-01-28 04:40:03,274 DEBUG [EBRE22_KeyhandlingSTTL-116729] Ending Test Case IDSTTL-116729
