2016-01-28 04:02:45,913 DEBUG [EBRE22_KeyhandlingSTTL-116702] Executing Test Case ID: STTL-116702
2016-01-28 04:02:45,921 DEBUG [EBRE22_KeyhandlingSTTL-116702] Executing Init_Selendroid function with APK as parameter and clear data value with 1
2016-01-28 04:02:56,251 DEBUG [EBRE22_KeyhandlingSTTL-116702] Exiting Init_Selendroid function
2016-01-28 04:02:56,267 DEBUG [EBRE22_KeyhandlingSTTL-116702] TestCase with Description "Set HomeKey Value to Enter" Execution started
2016-01-28 04:02:56,267 DEBUG [EBRE22_KeyhandlingSTTL-116702] In execute keyword function
2016-01-28 04:02:56,267 DEBUG [EBRE22_KeyhandlingSTTL-116702] Executing wait function:
2016-01-28 04:02:56,268 DEBUG [EBRE22_KeyhandlingSTTL-116702] Started Executing wait function
2016-01-28 04:03:01,267 DEBUG [EBRE22_KeyhandlingSTTL-116702] Exiting from wait function
2016-01-28 04:03:01,267 DEBUG [EBRE22_KeyhandlingSTTL-116702] TestStepResult of wait: Pass
2016-01-28 04:03:01,267 DEBUG [EBRE22_KeyhandlingSTTL-116702] In execute keyword function
2016-01-28 04:03:01,267 DEBUG [EBRE22_KeyhandlingSTTL-116702] Executing validate_PageTitle function:
2016-01-28 04:03:01,311 DEBUG [EBRE22_KeyhandlingSTTL-116702] The title of the page is *********************************: RE 2.2 Tests
2016-01-28 04:03:01,311 DEBUG [EBRE22_KeyhandlingSTTL-116702] The page title found is correct
2016-01-28 04:03:01,311 DEBUG [EBRE22_KeyhandlingSTTL-116702] Result of validate_PageTitle: pass
2016-01-28 04:03:01,311 DEBUG [EBRE22_KeyhandlingSTTL-116702] In execute keyword function
2016-01-28 04:03:01,311 DEBUG [EBRE22_KeyhandlingSTTL-116702] Executing link_Click function:
2016-01-28 04:03:01,876 DEBUG [EBRE22_KeyhandlingSTTL-116702] Executing Click function
2016-01-28 04:03:02,968 DEBUG [EBRE22_KeyhandlingSTTL-116702] Exiting Click function
2016-01-28 04:03:02,968 DEBUG [EBRE22_KeyhandlingSTTL-116702] keyhandling_link clicked successfully
2016-01-28 04:03:02,968 DEBUG [EBRE22_KeyhandlingSTTL-116702] TestStepResult of link_Click: Pass
2016-01-28 04:03:02,968 DEBUG [EBRE22_KeyhandlingSTTL-116702] In execute keyword function
2016-01-28 04:03:02,968 DEBUG [EBRE22_KeyhandlingSTTL-116702] Executing validate_PageTitle function:
2016-01-28 04:03:03,003 DEBUG [EBRE22_KeyhandlingSTTL-116702] The title of the page is *********************************: PB and RE2.2 Semi Auto Frame Work : Keyhandling
2016-01-28 04:03:03,003 DEBUG [EBRE22_KeyhandlingSTTL-116702] The page title found is correct
2016-01-28 04:03:03,003 DEBUG [EBRE22_KeyhandlingSTTL-116702] Result of validate_PageTitle: pass
2016-01-28 04:03:03,003 DEBUG [EBRE22_KeyhandlingSTTL-116702] In execute keyword function
2016-01-28 04:03:03,003 DEBUG [EBRE22_KeyhandlingSTTL-116702] Executing SelectTestToRun function:
2016-01-28 04:03:03,763 DEBUG [EBRE22_KeyhandlingSTTL-116702] Successfull in selecting clicking the category
2016-01-28 04:03:03,763 DEBUG [EBRE22_KeyhandlingSTTL-116702] TestStepResult of SelectTestToRun: pass
2016-01-28 04:03:03,763 DEBUG [EBRE22_KeyhandlingSTTL-116702] In execute keyword function
2016-01-28 04:03:03,763 DEBUG [EBRE22_KeyhandlingSTTL-116702] Executing ClickRunTest function:
2016-01-28 04:03:04,075 DEBUG [EBRE22_KeyhandlingSTTL-116702] Executing Click function
2016-01-28 04:03:05,067 DEBUG [EBRE22_KeyhandlingSTTL-116702] Exiting Click function
2016-01-28 04:03:05,067 DEBUG [EBRE22_KeyhandlingSTTL-116702] runtest_top_xpath Button clicked Successfully
2016-01-28 04:03:05,067 DEBUG [EBRE22_KeyhandlingSTTL-116702] TestStepResult of ClickRunTest: pass
2016-01-28 04:03:05,067 DEBUG [EBRE22_KeyhandlingSTTL-116702] In execute keyword function
2016-01-28 04:03:05,067 DEBUG [EBRE22_KeyhandlingSTTL-116702] Executing validate_Text_Exists function:
2016-01-28 04:03:05,314 DEBUG [EBRE22_KeyhandlingSTTL-116702] VT187-2569 Testcase Text found
2016-01-28 04:03:05,314 DEBUG [EBRE22_KeyhandlingSTTL-116702] Result of validate_Text_Exists: Pass
2016-01-28 04:03:05,314 DEBUG [EBRE22_KeyhandlingSTTL-116702] In execute keyword function
2016-01-28 04:03:05,314 DEBUG [EBRE22_KeyhandlingSTTL-116702] Executing sendKeyEvents function:
2016-01-28 04:03:05,314 DEBUG [EBRE22_KeyhandlingSTTL-116702] Entered sendKeyEvents function
2016-01-28 04:03:05,314 DEBUG [EBRE22_KeyhandlingSTTL-116702] Enter
2016-01-28 04:03:05,314 DEBUG [EBRE22_KeyhandlingSTTL-116702] Entered Enterkey
2016-01-28 04:03:05,314 DEBUG [EBRE22_KeyhandlingSTTL-116702] Started executeCommandLine function
2016-01-28 04:03:09,333 DEBUG [EBRE22_KeyhandlingSTTL-116702] Exiting from executeCommandLine function
2016-01-28 04:03:09,333 DEBUG [EBRE22_KeyhandlingSTTL-116702] pass
2016-01-28 04:03:09,333 DEBUG [EBRE22_KeyhandlingSTTL-116702] TestStepResult of sendKeyEvents: pass
2016-01-28 04:03:09,333 DEBUG [EBRE22_KeyhandlingSTTL-116702] In execute keyword function
2016-01-28 04:03:09,333 DEBUG [EBRE22_KeyhandlingSTTL-116702] Executing wait function:
2016-01-28 04:03:09,333 DEBUG [EBRE22_KeyhandlingSTTL-116702] Started Executing wait function
2016-01-28 04:03:12,334 DEBUG [EBRE22_KeyhandlingSTTL-116702] Exiting from wait function
2016-01-28 04:03:12,334 DEBUG [EBRE22_KeyhandlingSTTL-116702] TestStepResult of wait: Pass
2016-01-28 04:03:12,334 DEBUG [EBRE22_KeyhandlingSTTL-116702] In execute keyword function
2016-01-28 04:03:12,334 DEBUG [EBRE22_KeyhandlingSTTL-116702] Executing validate_PageTitle function:
2016-01-28 04:03:12,374 DEBUG [EBRE22_KeyhandlingSTTL-116702] The title of the page is *********************************: RE 2.2 Tests
2016-01-28 04:03:12,374 DEBUG [EBRE22_KeyhandlingSTTL-116702] The page title found is correct
2016-01-28 04:03:12,374 DEBUG [EBRE22_KeyhandlingSTTL-116702] Result of validate_PageTitle: pass
2016-01-28 04:03:12,374 DEBUG [EBRE22_KeyhandlingSTTL-116702] allstep_result contains: PasspasspasspassPassPassnull
2016-01-28 04:03:12,374 DEBUG [EBRE22_KeyhandlingSTTL-116702] allexpected_result contains: nullpassnullPassnullpassnullpassnull
2016-01-28 04:03:12,374 DEBUG [EBRE22_KeyhandlingSTTL-116702] Testcase_Result contains: nullpassnullPassnullpassnullpassnullPasspasspasspassPassPassnull
2016-01-28 04:03:12,374 DEBUG [EBRE22_KeyhandlingSTTL-116702] Test case with description Set HomeKey Value to Enter Pass
2016-01-28 04:03:13,361 DEBUG [EBRE22_KeyhandlingSTTL-116702] Executing browser_Quit function
2016-01-28 04:03:13,361 DEBUG [EBRE22_KeyhandlingSTTL-116702] Completed browser_Quit function
2016-01-28 04:03:13,361 DEBUG [EBRE22_KeyhandlingSTTL-116702] Completed quitSelendroid function
2016-01-28 04:03:13,361 DEBUG [EBRE22_KeyhandlingSTTL-116702] Row number:3
2016-01-28 04:03:13,390 DEBUG [EBRE22_KeyhandlingSTTL-116702] Ending Test Case IDSTTL-116702
