2016-01-28 04:54:43,406 DEBUG [EBRE22_RawSensorsSTTL-116705] Executing Test Case ID: STTL-116705
2016-01-28 04:54:43,412 DEBUG [EBRE22_RawSensorsSTTL-116705] Executing Init_Selendroid function with APK as parameter and clear data value with 1
2016-01-28 04:54:53,882 DEBUG [EBRE22_RawSensorsSTTL-116705] Exiting Init_Selendroid function
2016-01-28 04:54:53,912 DEBUG [EBRE22_RawSensorsSTTL-116705] TestCase with Description "Enable tiltangle" Execution started
2016-01-28 04:54:53,912 DEBUG [EBRE22_RawSensorsSTTL-116705] In execute keyword function
2016-01-28 04:54:53,912 DEBUG [EBRE22_RawSensorsSTTL-116705] Executing wait function:
2016-01-28 04:54:53,912 DEBUG [EBRE22_RawSensorsSTTL-116705] Started Executing wait function
2016-01-28 04:54:56,912 DEBUG [EBRE22_RawSensorsSTTL-116705] Exiting from wait function
2016-01-28 04:54:56,912 DEBUG [EBRE22_RawSensorsSTTL-116705] TestStepResult of wait: Pass
2016-01-28 04:54:56,912 DEBUG [EBRE22_RawSensorsSTTL-116705] In execute keyword function
2016-01-28 04:54:56,912 DEBUG [EBRE22_RawSensorsSTTL-116705] Executing validate_PageTitle function:
2016-01-28 04:54:56,952 DEBUG [EBRE22_RawSensorsSTTL-116705] The title of the page is *********************************: RE 2.2 Tests
2016-01-28 04:54:56,952 DEBUG [EBRE22_RawSensorsSTTL-116705] The page title found is correct
2016-01-28 04:54:56,952 DEBUG [EBRE22_RawSensorsSTTL-116705] Result of validate_PageTitle: pass
2016-01-28 04:54:56,952 DEBUG [EBRE22_RawSensorsSTTL-116705] In execute keyword function
2016-01-28 04:54:56,952 DEBUG [EBRE22_RawSensorsSTTL-116705] Executing link_Click function:
2016-01-28 04:54:57,648 DEBUG [EBRE22_RawSensorsSTTL-116705] Executing Click function
2016-01-28 04:54:59,029 DEBUG [EBRE22_RawSensorsSTTL-116705] Exiting Click function
2016-01-28 04:54:59,029 DEBUG [EBRE22_RawSensorsSTTL-116705] rawsensor_test_link clicked successfully
2016-01-28 04:54:59,029 DEBUG [EBRE22_RawSensorsSTTL-116705] TestStepResult of link_Click: Pass
2016-01-28 04:54:59,029 DEBUG [EBRE22_RawSensorsSTTL-116705] In execute keyword function
2016-01-28 04:54:59,029 DEBUG [EBRE22_RawSensorsSTTL-116705] Executing validate_PageTitle function:
2016-01-28 04:54:59,065 DEBUG [EBRE22_RawSensorsSTTL-116705] The title of the page is *********************************: PB and RE2.2 Semi Auto Frame Work : Raw Sensors
2016-01-28 04:54:59,065 DEBUG [EBRE22_RawSensorsSTTL-116705] The page title found is correct
2016-01-28 04:54:59,065 DEBUG [EBRE22_RawSensorsSTTL-116705] Result of validate_PageTitle: pass
2016-01-28 04:54:59,065 DEBUG [EBRE22_RawSensorsSTTL-116705] In execute keyword function
2016-01-28 04:54:59,065 DEBUG [EBRE22_RawSensorsSTTL-116705] Executing wait function:
2016-01-28 04:54:59,065 DEBUG [EBRE22_RawSensorsSTTL-116705] Started Executing wait function
2016-01-28 04:55:00,065 DEBUG [EBRE22_RawSensorsSTTL-116705] Exiting from wait function
2016-01-28 04:55:00,065 DEBUG [EBRE22_RawSensorsSTTL-116705] TestStepResult of wait: Pass
2016-01-28 04:55:00,065 DEBUG [EBRE22_RawSensorsSTTL-116705] In execute keyword function
2016-01-28 04:55:00,065 DEBUG [EBRE22_RawSensorsSTTL-116705] Executing SelectTestToRun function:
2016-01-28 04:55:02,832 DEBUG [EBRE22_RawSensorsSTTL-116705] Successfull in selecting clicking the category
2016-01-28 04:55:02,832 DEBUG [EBRE22_RawSensorsSTTL-116705] TestStepResult of SelectTestToRun: pass
2016-01-28 04:55:02,832 DEBUG [EBRE22_RawSensorsSTTL-116705] In execute keyword function
2016-01-28 04:55:02,832 DEBUG [EBRE22_RawSensorsSTTL-116705] Executing validate_Text_Exists function:
2016-01-28 04:55:03,109 DEBUG [EBRE22_RawSensorsSTTL-116705] VT187-2884 Testcase Text found
2016-01-28 04:55:03,109 DEBUG [EBRE22_RawSensorsSTTL-116705] Result of validate_Text_Exists: Pass
2016-01-28 04:55:03,109 DEBUG [EBRE22_RawSensorsSTTL-116705] In execute keyword function
2016-01-28 04:55:03,110 DEBUG [EBRE22_RawSensorsSTTL-116705] Executing wait function:
2016-01-28 04:55:03,110 DEBUG [EBRE22_RawSensorsSTTL-116705] Started Executing wait function
2016-01-28 04:55:04,110 DEBUG [EBRE22_RawSensorsSTTL-116705] Exiting from wait function
2016-01-28 04:55:04,110 DEBUG [EBRE22_RawSensorsSTTL-116705] TestStepResult of wait: Pass
2016-01-28 04:55:04,110 DEBUG [EBRE22_RawSensorsSTTL-116705] In execute keyword function
2016-01-28 04:55:04,110 DEBUG [EBRE22_RawSensorsSTTL-116705] Executing ClickRunTest function:
2016-01-28 04:55:04,471 DEBUG [EBRE22_RawSensorsSTTL-116705] Executing Click function
2016-01-28 04:55:05,558 DEBUG [EBRE22_RawSensorsSTTL-116705] Exiting Click function
2016-01-28 04:55:05,558 DEBUG [EBRE22_RawSensorsSTTL-116705] runtest_top_xpath Button clicked Successfully
2016-01-28 04:55:05,558 DEBUG [EBRE22_RawSensorsSTTL-116705] TestStepResult of ClickRunTest: pass
2016-01-28 04:55:05,558 DEBUG [EBRE22_RawSensorsSTTL-116705] In execute keyword function
2016-01-28 04:55:05,558 DEBUG [EBRE22_RawSensorsSTTL-116705] Executing wait function:
2016-01-28 04:55:05,558 DEBUG [EBRE22_RawSensorsSTTL-116705] Started Executing wait function
2016-01-28 04:55:13,559 DEBUG [EBRE22_RawSensorsSTTL-116705] Exiting from wait function
2016-01-28 04:55:13,559 DEBUG [EBRE22_RawSensorsSTTL-116705] TestStepResult of wait: Pass
2016-01-28 04:55:13,559 DEBUG [EBRE22_RawSensorsSTTL-116705] In execute keyword function
2016-01-28 04:55:13,559 DEBUG [EBRE22_RawSensorsSTTL-116705] Executing isTextPresent function:
2016-01-28 04:55:13,559 DEBUG [EBRE22_RawSensorsSTTL-116705] Entered isTextPresent function
2016-01-28 04:55:13,840 DEBUG [EBRE22_RawSensorsSTTL-116705] actualX_id has some text
2016-01-28 04:55:13,840 DEBUG [EBRE22_RawSensorsSTTL-116705] Exiting from isTextPresent function
2016-01-28 04:55:13,840 DEBUG [EBRE22_RawSensorsSTTL-116705] Result of isTextPresent: Pass
2016-01-28 04:55:13,840 DEBUG [EBRE22_RawSensorsSTTL-116705] In execute keyword function
2016-01-28 04:55:13,840 DEBUG [EBRE22_RawSensorsSTTL-116705] Executing isTextPresent function:
2016-01-28 04:55:13,840 DEBUG [EBRE22_RawSensorsSTTL-116705] Entered isTextPresent function
2016-01-28 04:55:14,071 DEBUG [EBRE22_RawSensorsSTTL-116705] actualY_id has some text
2016-01-28 04:55:14,071 DEBUG [EBRE22_RawSensorsSTTL-116705] Exiting from isTextPresent function
2016-01-28 04:55:14,071 DEBUG [EBRE22_RawSensorsSTTL-116705] Result of isTextPresent: Pass
2016-01-28 04:55:14,071 DEBUG [EBRE22_RawSensorsSTTL-116705] In execute keyword function
2016-01-28 04:55:14,071 DEBUG [EBRE22_RawSensorsSTTL-116705] Executing isTextPresent function:
2016-01-28 04:55:14,071 DEBUG [EBRE22_RawSensorsSTTL-116705] Entered isTextPresent function
2016-01-28 04:55:14,305 DEBUG [EBRE22_RawSensorsSTTL-116705] actualZ_id has some text
2016-01-28 04:55:14,305 DEBUG [EBRE22_RawSensorsSTTL-116705] Exiting from isTextPresent function
2016-01-28 04:55:14,305 DEBUG [EBRE22_RawSensorsSTTL-116705] Result of isTextPresent: Pass
2016-01-28 04:55:14,305 DEBUG [EBRE22_RawSensorsSTTL-116705] allstep_result contains: PasspassPasspassPassPassPassnull
2016-01-28 04:55:14,305 DEBUG [EBRE22_RawSensorsSTTL-116705] allexpected_result contains: nullPassPassPassnullPassnullpassnullpassnull
2016-01-28 04:55:14,305 DEBUG [EBRE22_RawSensorsSTTL-116705] Testcase_Result contains: nullPassPassPassnullPassnullpassnullpassnullPasspassPasspassPassPassPassnull
2016-01-28 04:55:14,305 DEBUG [EBRE22_RawSensorsSTTL-116705] Test case with description Enable tiltangle Pass
2016-01-28 04:55:15,272 DEBUG [EBRE22_RawSensorsSTTL-116705] Executing browser_Quit function
2016-01-28 04:55:15,272 DEBUG [EBRE22_RawSensorsSTTL-116705] Completed browser_Quit function
2016-01-28 04:55:15,272 DEBUG [EBRE22_RawSensorsSTTL-116705] Completed quitSelendroid function
2016-01-28 04:55:15,272 DEBUG [EBRE22_RawSensorsSTTL-116705] Row number:6
2016-01-28 04:55:15,310 DEBUG [EBRE22_RawSensorsSTTL-116705] Ending Test Case IDSTTL-116705
