2016-01-28 04:56:17,402 DEBUG [EBRE22_RawSensorsSTTL-116708] Executing Test Case ID: STTL-116708
2016-01-28 04:56:17,408 DEBUG [EBRE22_RawSensorsSTTL-116708] Executing Init_Selendroid function with APK as parameter and clear data value with 1
2016-01-28 04:56:27,931 DEBUG [EBRE22_RawSensorsSTTL-116708] Exiting Init_Selendroid function
2016-01-28 04:56:27,945 DEBUG [EBRE22_RawSensorsSTTL-116708] TestCase with Description "Enable magnetometer" Execution started
2016-01-28 04:56:27,945 DEBUG [EBRE22_RawSensorsSTTL-116708] In execute keyword function
2016-01-28 04:56:27,945 DEBUG [EBRE22_RawSensorsSTTL-116708] Executing wait function:
2016-01-28 04:56:27,945 DEBUG [EBRE22_RawSensorsSTTL-116708] Started Executing wait function
2016-01-28 04:56:30,945 DEBUG [EBRE22_RawSensorsSTTL-116708] Exiting from wait function
2016-01-28 04:56:30,945 DEBUG [EBRE22_RawSensorsSTTL-116708] TestStepResult of wait: Pass
2016-01-28 04:56:30,945 DEBUG [EBRE22_RawSensorsSTTL-116708] In execute keyword function
2016-01-28 04:56:30,945 DEBUG [EBRE22_RawSensorsSTTL-116708] Executing validate_PageTitle function:
2016-01-28 04:56:31,007 DEBUG [EBRE22_RawSensorsSTTL-116708] The title of the page is *********************************: RE 2.2 Tests
2016-01-28 04:56:31,007 DEBUG [EBRE22_RawSensorsSTTL-116708] The page title found is correct
2016-01-28 04:56:31,007 DEBUG [EBRE22_RawSensorsSTTL-116708] Result of validate_PageTitle: pass
2016-01-28 04:56:31,007 DEBUG [EBRE22_RawSensorsSTTL-116708] In execute keyword function
2016-01-28 04:56:31,007 DEBUG [EBRE22_RawSensorsSTTL-116708] Executing link_Click function:
2016-01-28 04:56:31,646 DEBUG [EBRE22_RawSensorsSTTL-116708] Executing Click function
2016-01-28 04:56:32,892 DEBUG [EBRE22_RawSensorsSTTL-116708] Exiting Click function
2016-01-28 04:56:32,892 DEBUG [EBRE22_RawSensorsSTTL-116708] rawsensor_test_link clicked successfully
2016-01-28 04:56:32,892 DEBUG [EBRE22_RawSensorsSTTL-116708] TestStepResult of link_Click: Pass
2016-01-28 04:56:32,892 DEBUG [EBRE22_RawSensorsSTTL-116708] In execute keyword function
2016-01-28 04:56:32,892 DEBUG [EBRE22_RawSensorsSTTL-116708] Executing validate_PageTitle function:
2016-01-28 04:56:32,929 DEBUG [EBRE22_RawSensorsSTTL-116708] The title of the page is *********************************: PB and RE2.2 Semi Auto Frame Work : Raw Sensors
2016-01-28 04:56:32,929 DEBUG [EBRE22_RawSensorsSTTL-116708] The page title found is correct
2016-01-28 04:56:32,929 DEBUG [EBRE22_RawSensorsSTTL-116708] Result of validate_PageTitle: pass
2016-01-28 04:56:32,929 DEBUG [EBRE22_RawSensorsSTTL-116708] In execute keyword function
2016-01-28 04:56:32,929 DEBUG [EBRE22_RawSensorsSTTL-116708] Executing wait function:
2016-01-28 04:56:32,929 DEBUG [EBRE22_RawSensorsSTTL-116708] Started Executing wait function
2016-01-28 04:56:33,929 DEBUG [EBRE22_RawSensorsSTTL-116708] Exiting from wait function
2016-01-28 04:56:33,929 DEBUG [EBRE22_RawSensorsSTTL-116708] TestStepResult of wait: Pass
2016-01-28 04:56:33,929 DEBUG [EBRE22_RawSensorsSTTL-116708] In execute keyword function
2016-01-28 04:56:33,929 DEBUG [EBRE22_RawSensorsSTTL-116708] Executing SelectTestToRun function:
2016-01-28 04:56:36,916 DEBUG [EBRE22_RawSensorsSTTL-116708] Successfull in selecting clicking the category
2016-01-28 04:56:36,916 DEBUG [EBRE22_RawSensorsSTTL-116708] TestStepResult of SelectTestToRun: pass
2016-01-28 04:56:36,916 DEBUG [EBRE22_RawSensorsSTTL-116708] In execute keyword function
2016-01-28 04:56:36,916 DEBUG [EBRE22_RawSensorsSTTL-116708] Executing validate_Text_Exists function:
2016-01-28 04:56:37,197 DEBUG [EBRE22_RawSensorsSTTL-116708] VT187-2896 Testcase Text found
2016-01-28 04:56:37,197 DEBUG [EBRE22_RawSensorsSTTL-116708] Result of validate_Text_Exists: Pass
2016-01-28 04:56:37,197 DEBUG [EBRE22_RawSensorsSTTL-116708] In execute keyword function
2016-01-28 04:56:37,197 DEBUG [EBRE22_RawSensorsSTTL-116708] Executing wait function:
2016-01-28 04:56:37,197 DEBUG [EBRE22_RawSensorsSTTL-116708] Started Executing wait function
2016-01-28 04:56:38,197 DEBUG [EBRE22_RawSensorsSTTL-116708] Exiting from wait function
2016-01-28 04:56:38,197 DEBUG [EBRE22_RawSensorsSTTL-116708] TestStepResult of wait: Pass
2016-01-28 04:56:38,197 DEBUG [EBRE22_RawSensorsSTTL-116708] In execute keyword function
2016-01-28 04:56:38,197 DEBUG [EBRE22_RawSensorsSTTL-116708] Executing ClickRunTest function:
2016-01-28 04:56:38,584 DEBUG [EBRE22_RawSensorsSTTL-116708] Executing Click function
2016-01-28 04:56:39,694 DEBUG [EBRE22_RawSensorsSTTL-116708] Exiting Click function
2016-01-28 04:56:39,694 DEBUG [EBRE22_RawSensorsSTTL-116708] runtest_top_xpath Button clicked Successfully
2016-01-28 04:56:39,694 DEBUG [EBRE22_RawSensorsSTTL-116708] TestStepResult of ClickRunTest: pass
2016-01-28 04:56:39,694 DEBUG [EBRE22_RawSensorsSTTL-116708] In execute keyword function
2016-01-28 04:56:39,694 DEBUG [EBRE22_RawSensorsSTTL-116708] Executing wait function:
2016-01-28 04:56:39,694 DEBUG [EBRE22_RawSensorsSTTL-116708] Started Executing wait function
2016-01-28 04:56:47,695 DEBUG [EBRE22_RawSensorsSTTL-116708] Exiting from wait function
2016-01-28 04:56:47,695 DEBUG [EBRE22_RawSensorsSTTL-116708] TestStepResult of wait: Pass
2016-01-28 04:56:47,695 DEBUG [EBRE22_RawSensorsSTTL-116708] In execute keyword function
2016-01-28 04:56:47,695 DEBUG [EBRE22_RawSensorsSTTL-116708] Executing isTextPresent function:
2016-01-28 04:56:47,695 DEBUG [EBRE22_RawSensorsSTTL-116708] Entered isTextPresent function
2016-01-28 04:56:47,934 DEBUG [EBRE22_RawSensorsSTTL-116708] actualX_id has some text
2016-01-28 04:56:47,934 DEBUG [EBRE22_RawSensorsSTTL-116708] Exiting from isTextPresent function
2016-01-28 04:56:47,934 DEBUG [EBRE22_RawSensorsSTTL-116708] Result of isTextPresent: Pass
2016-01-28 04:56:47,934 DEBUG [EBRE22_RawSensorsSTTL-116708] In execute keyword function
2016-01-28 04:56:47,934 DEBUG [EBRE22_RawSensorsSTTL-116708] Executing isTextPresent function:
2016-01-28 04:56:47,934 DEBUG [EBRE22_RawSensorsSTTL-116708] Entered isTextPresent function
2016-01-28 04:56:48,160 DEBUG [EBRE22_RawSensorsSTTL-116708] actualY_id has some text
2016-01-28 04:56:48,160 DEBUG [EBRE22_RawSensorsSTTL-116708] Exiting from isTextPresent function
2016-01-28 04:56:48,160 DEBUG [EBRE22_RawSensorsSTTL-116708] Result of isTextPresent: Pass
2016-01-28 04:56:48,160 DEBUG [EBRE22_RawSensorsSTTL-116708] In execute keyword function
2016-01-28 04:56:48,160 DEBUG [EBRE22_RawSensorsSTTL-116708] Executing isTextPresent function:
2016-01-28 04:56:48,160 DEBUG [EBRE22_RawSensorsSTTL-116708] Entered isTextPresent function
2016-01-28 04:56:48,401 DEBUG [EBRE22_RawSensorsSTTL-116708] actualZ_id has some text
2016-01-28 04:56:48,401 DEBUG [EBRE22_RawSensorsSTTL-116708] Exiting from isTextPresent function
2016-01-28 04:56:48,401 DEBUG [EBRE22_RawSensorsSTTL-116708] Result of isTextPresent: Pass
2016-01-28 04:56:48,401 DEBUG [EBRE22_RawSensorsSTTL-116708] allstep_result contains: PasspassPasspassPassPassPassnull
2016-01-28 04:56:48,401 DEBUG [EBRE22_RawSensorsSTTL-116708] allexpected_result contains: nullPassPassPassnullPassnullpassnullpassnull
2016-01-28 04:56:48,401 DEBUG [EBRE22_RawSensorsSTTL-116708] Testcase_Result contains: nullPassPassPassnullPassnullpassnullpassnullPasspassPasspassPassPassPassnull
2016-01-28 04:56:48,401 DEBUG [EBRE22_RawSensorsSTTL-116708] Test case with description Enable magnetometer Pass
2016-01-28 04:56:49,445 DEBUG [EBRE22_RawSensorsSTTL-116708] Executing browser_Quit function
2016-01-28 04:56:49,445 DEBUG [EBRE22_RawSensorsSTTL-116708] Completed browser_Quit function
2016-01-28 04:56:49,445 DEBUG [EBRE22_RawSensorsSTTL-116708] Completed quitSelendroid function
2016-01-28 04:56:49,445 DEBUG [EBRE22_RawSensorsSTTL-116708] Row number:9
2016-01-28 04:56:49,485 DEBUG [EBRE22_RawSensorsSTTL-116708] Ending Test Case IDSTTL-116708
