2016-01-28 04:59:32,091 DEBUG [EBRE22_RawSensorsSTTL-116714] Executing Test Case ID: STTL-116714
2016-01-28 04:59:32,097 DEBUG [EBRE22_RawSensorsSTTL-116714] Executing Init_Selendroid function with APK as parameter and clear data value with 1
2016-01-28 04:59:41,317 DEBUG [EBRE22_RawSensorsSTTL-116714] Exiting Init_Selendroid function
2016-01-28 04:59:41,328 DEBUG [EBRE22_RawSensorsSTTL-116714] TestCase with Description "Enable gravity" Execution started
2016-01-28 04:59:41,328 DEBUG [EBRE22_RawSensorsSTTL-116714] In execute keyword function
2016-01-28 04:59:41,328 DEBUG [EBRE22_RawSensorsSTTL-116714] Executing wait function:
2016-01-28 04:59:41,328 DEBUG [EBRE22_RawSensorsSTTL-116714] Started Executing wait function
2016-01-28 04:59:44,328 DEBUG [EBRE22_RawSensorsSTTL-116714] Exiting from wait function
2016-01-28 04:59:44,328 DEBUG [EBRE22_RawSensorsSTTL-116714] TestStepResult of wait: Pass
2016-01-28 04:59:44,328 DEBUG [EBRE22_RawSensorsSTTL-116714] In execute keyword function
2016-01-28 04:59:44,328 DEBUG [EBRE22_RawSensorsSTTL-116714] Executing validate_PageTitle function:
2016-01-28 04:59:44,370 DEBUG [EBRE22_RawSensorsSTTL-116714] The title of the page is *********************************: RE 2.2 Tests
2016-01-28 04:59:44,370 DEBUG [EBRE22_RawSensorsSTTL-116714] The page title found is correct
2016-01-28 04:59:44,370 DEBUG [EBRE22_RawSensorsSTTL-116714] Result of validate_PageTitle: pass
2016-01-28 04:59:44,370 DEBUG [EBRE22_RawSensorsSTTL-116714] In execute keyword function
2016-01-28 04:59:44,370 DEBUG [EBRE22_RawSensorsSTTL-116714] Executing link_Click function:
2016-01-28 04:59:45,091 DEBUG [EBRE22_RawSensorsSTTL-116714] Executing Click function
2016-01-28 04:59:46,346 DEBUG [EBRE22_RawSensorsSTTL-116714] Exiting Click function
2016-01-28 04:59:46,346 DEBUG [EBRE22_RawSensorsSTTL-116714] rawsensor_test_link clicked successfully
2016-01-28 04:59:46,346 DEBUG [EBRE22_RawSensorsSTTL-116714] TestStepResult of link_Click: Pass
2016-01-28 04:59:46,346 DEBUG [EBRE22_RawSensorsSTTL-116714] In execute keyword function
2016-01-28 04:59:46,346 DEBUG [EBRE22_RawSensorsSTTL-116714] Executing validate_PageTitle function:
2016-01-28 04:59:46,385 DEBUG [EBRE22_RawSensorsSTTL-116714] The title of the page is *********************************: PB and RE2.2 Semi Auto Frame Work : Raw Sensors
2016-01-28 04:59:46,385 DEBUG [EBRE22_RawSensorsSTTL-116714] The page title found is correct
2016-01-28 04:59:46,385 DEBUG [EBRE22_RawSensorsSTTL-116714] Result of validate_PageTitle: pass
2016-01-28 04:59:46,385 DEBUG [EBRE22_RawSensorsSTTL-116714] In execute keyword function
2016-01-28 04:59:46,385 DEBUG [EBRE22_RawSensorsSTTL-116714] Executing wait function:
2016-01-28 04:59:46,385 DEBUG [EBRE22_RawSensorsSTTL-116714] Started Executing wait function
2016-01-28 04:59:47,385 DEBUG [EBRE22_RawSensorsSTTL-116714] Exiting from wait function
2016-01-28 04:59:47,385 DEBUG [EBRE22_RawSensorsSTTL-116714] TestStepResult of wait: Pass
2016-01-28 04:59:47,385 DEBUG [EBRE22_RawSensorsSTTL-116714] In execute keyword function
2016-01-28 04:59:47,385 DEBUG [EBRE22_RawSensorsSTTL-116714] Executing SelectTestToRun function:
2016-01-28 04:59:51,283 DEBUG [EBRE22_RawSensorsSTTL-116714] Successfull in selecting clicking the category
2016-01-28 04:59:51,283 DEBUG [EBRE22_RawSensorsSTTL-116714] TestStepResult of SelectTestToRun: pass
2016-01-28 04:59:51,284 DEBUG [EBRE22_RawSensorsSTTL-116714] In execute keyword function
2016-01-28 04:59:51,284 DEBUG [EBRE22_RawSensorsSTTL-116714] Executing validate_Text_Exists function:
2016-01-28 04:59:51,532 DEBUG [EBRE22_RawSensorsSTTL-116714] VT187-2928 Testcase Text found
2016-01-28 04:59:51,532 DEBUG [EBRE22_RawSensorsSTTL-116714] Result of validate_Text_Exists: Pass
2016-01-28 04:59:51,532 DEBUG [EBRE22_RawSensorsSTTL-116714] In execute keyword function
2016-01-28 04:59:51,532 DEBUG [EBRE22_RawSensorsSTTL-116714] Executing wait function:
2016-01-28 04:59:51,533 DEBUG [EBRE22_RawSensorsSTTL-116714] Started Executing wait function
2016-01-28 04:59:52,533 DEBUG [EBRE22_RawSensorsSTTL-116714] Exiting from wait function
2016-01-28 04:59:52,533 DEBUG [EBRE22_RawSensorsSTTL-116714] TestStepResult of wait: Pass
2016-01-28 04:59:52,533 DEBUG [EBRE22_RawSensorsSTTL-116714] In execute keyword function
2016-01-28 04:59:52,533 DEBUG [EBRE22_RawSensorsSTTL-116714] Executing ClickRunTest function:
2016-01-28 04:59:52,914 DEBUG [EBRE22_RawSensorsSTTL-116714] Executing Click function
2016-01-28 04:59:53,908 DEBUG [EBRE22_RawSensorsSTTL-116714] Exiting Click function
2016-01-28 04:59:53,908 DEBUG [EBRE22_RawSensorsSTTL-116714] runtest_top_xpath Button clicked Successfully
2016-01-28 04:59:53,908 DEBUG [EBRE22_RawSensorsSTTL-116714] TestStepResult of ClickRunTest: pass
2016-01-28 04:59:53,908 DEBUG [EBRE22_RawSensorsSTTL-116714] In execute keyword function
2016-01-28 04:59:53,908 DEBUG [EBRE22_RawSensorsSTTL-116714] Executing wait function:
2016-01-28 04:59:53,908 DEBUG [EBRE22_RawSensorsSTTL-116714] Started Executing wait function
2016-01-28 05:00:01,909 DEBUG [EBRE22_RawSensorsSTTL-116714] Exiting from wait function
2016-01-28 05:00:01,909 DEBUG [EBRE22_RawSensorsSTTL-116714] TestStepResult of wait: Pass
2016-01-28 05:00:01,909 DEBUG [EBRE22_RawSensorsSTTL-116714] In execute keyword function
2016-01-28 05:00:01,909 DEBUG [EBRE22_RawSensorsSTTL-116714] Executing isTextPresent function:
2016-01-28 05:00:01,909 DEBUG [EBRE22_RawSensorsSTTL-116714] Entered isTextPresent function
2016-01-28 05:00:02,194 DEBUG [EBRE22_RawSensorsSTTL-116714] actualX_id has some text
2016-01-28 05:00:02,194 DEBUG [EBRE22_RawSensorsSTTL-116714] Exiting from isTextPresent function
2016-01-28 05:00:02,194 DEBUG [EBRE22_RawSensorsSTTL-116714] Result of isTextPresent: Pass
2016-01-28 05:00:02,194 DEBUG [EBRE22_RawSensorsSTTL-116714] In execute keyword function
2016-01-28 05:00:02,194 DEBUG [EBRE22_RawSensorsSTTL-116714] Executing isTextPresent function:
2016-01-28 05:00:02,194 DEBUG [EBRE22_RawSensorsSTTL-116714] Entered isTextPresent function
2016-01-28 05:00:02,445 DEBUG [EBRE22_RawSensorsSTTL-116714] actualY_id has some text
2016-01-28 05:00:02,445 DEBUG [EBRE22_RawSensorsSTTL-116714] Exiting from isTextPresent function
2016-01-28 05:00:02,445 DEBUG [EBRE22_RawSensorsSTTL-116714] Result of isTextPresent: Pass
2016-01-28 05:00:02,445 DEBUG [EBRE22_RawSensorsSTTL-116714] In execute keyword function
2016-01-28 05:00:02,445 DEBUG [EBRE22_RawSensorsSTTL-116714] Executing isTextPresent function:
2016-01-28 05:00:02,445 DEBUG [EBRE22_RawSensorsSTTL-116714] Entered isTextPresent function
2016-01-28 05:00:02,676 DEBUG [EBRE22_RawSensorsSTTL-116714] actualZ_id has some text
2016-01-28 05:00:02,676 DEBUG [EBRE22_RawSensorsSTTL-116714] Exiting from isTextPresent function
2016-01-28 05:00:02,676 DEBUG [EBRE22_RawSensorsSTTL-116714] Result of isTextPresent: Pass
2016-01-28 05:00:02,676 DEBUG [EBRE22_RawSensorsSTTL-116714] allstep_result contains: PasspassPasspassPassPassPassnull
2016-01-28 05:00:02,676 DEBUG [EBRE22_RawSensorsSTTL-116714] allexpected_result contains: nullPassPassPassnullPassnullpassnullpassnull
2016-01-28 05:00:02,676 DEBUG [EBRE22_RawSensorsSTTL-116714] Testcase_Result contains: nullPassPassPassnullPassnullpassnullpassnullPasspassPasspassPassPassPassnull
2016-01-28 05:00:02,676 DEBUG [EBRE22_RawSensorsSTTL-116714] Test case with description Enable gravity Pass
2016-01-28 05:00:03,699 DEBUG [EBRE22_RawSensorsSTTL-116714] Executing browser_Quit function
2016-01-28 05:00:03,699 DEBUG [EBRE22_RawSensorsSTTL-116714] Completed browser_Quit function
2016-01-28 05:00:03,699 DEBUG [EBRE22_RawSensorsSTTL-116714] Completed quitSelendroid function
2016-01-28 05:00:03,700 DEBUG [EBRE22_RawSensorsSTTL-116714] Row number:15
2016-01-28 05:00:03,735 DEBUG [EBRE22_RawSensorsSTTL-116714] Ending Test Case IDSTTL-116714
