2016-01-28 04:57:21,723 DEBUG [EBRE22_RawSensorsSTTL-116710] Executing Test Case ID: STTL-116710
2016-01-28 04:57:21,729 DEBUG [EBRE22_RawSensorsSTTL-116710] Executing Init_Selendroid function with APK as parameter and clear data value with 1
2016-01-28 04:57:31,694 DEBUG [EBRE22_RawSensorsSTTL-116710] Exiting Init_Selendroid function
2016-01-28 04:57:31,709 DEBUG [EBRE22_RawSensorsSTTL-116710] TestCase with Description "Enable ambientlight" Execution started
2016-01-28 04:57:31,709 DEBUG [EBRE22_RawSensorsSTTL-116710] In execute keyword function
2016-01-28 04:57:31,709 DEBUG [EBRE22_RawSensorsSTTL-116710] Executing wait function:
2016-01-28 04:57:31,709 DEBUG [EBRE22_RawSensorsSTTL-116710] Started Executing wait function
2016-01-28 04:57:34,709 DEBUG [EBRE22_RawSensorsSTTL-116710] Exiting from wait function
2016-01-28 04:57:34,709 DEBUG [EBRE22_RawSensorsSTTL-116710] TestStepResult of wait: Pass
2016-01-28 04:57:34,709 DEBUG [EBRE22_RawSensorsSTTL-116710] In execute keyword function
2016-01-28 04:57:34,709 DEBUG [EBRE22_RawSensorsSTTL-116710] Executing validate_PageTitle function:
2016-01-28 04:57:34,750 DEBUG [EBRE22_RawSensorsSTTL-116710] The title of the page is *********************************: RE 2.2 Tests
2016-01-28 04:57:34,750 DEBUG [EBRE22_RawSensorsSTTL-116710] The page title found is correct
2016-01-28 04:57:34,750 DEBUG [EBRE22_RawSensorsSTTL-116710] Result of validate_PageTitle: pass
2016-01-28 04:57:34,750 DEBUG [EBRE22_RawSensorsSTTL-116710] In execute keyword function
2016-01-28 04:57:34,750 DEBUG [EBRE22_RawSensorsSTTL-116710] Executing link_Click function:
2016-01-28 04:57:35,469 DEBUG [EBRE22_RawSensorsSTTL-116710] Executing Click function
2016-01-28 04:57:36,791 DEBUG [EBRE22_RawSensorsSTTL-116710] Exiting Click function
2016-01-28 04:57:36,791 DEBUG [EBRE22_RawSensorsSTTL-116710] rawsensor_test_link clicked successfully
2016-01-28 04:57:36,791 DEBUG [EBRE22_RawSensorsSTTL-116710] TestStepResult of link_Click: Pass
2016-01-28 04:57:36,791 DEBUG [EBRE22_RawSensorsSTTL-116710] In execute keyword function
2016-01-28 04:57:36,791 DEBUG [EBRE22_RawSensorsSTTL-116710] Executing validate_PageTitle function:
2016-01-28 04:57:36,831 DEBUG [EBRE22_RawSensorsSTTL-116710] The title of the page is *********************************: PB and RE2.2 Semi Auto Frame Work : Raw Sensors
2016-01-28 04:57:36,831 DEBUG [EBRE22_RawSensorsSTTL-116710] The page title found is correct
2016-01-28 04:57:36,831 DEBUG [EBRE22_RawSensorsSTTL-116710] Result of validate_PageTitle: pass
2016-01-28 04:57:36,831 DEBUG [EBRE22_RawSensorsSTTL-116710] In execute keyword function
2016-01-28 04:57:36,831 DEBUG [EBRE22_RawSensorsSTTL-116710] Executing wait function:
2016-01-28 04:57:36,831 DEBUG [EBRE22_RawSensorsSTTL-116710] Started Executing wait function
2016-01-28 04:57:37,831 DEBUG [EBRE22_RawSensorsSTTL-116710] Exiting from wait function
2016-01-28 04:57:37,831 DEBUG [EBRE22_RawSensorsSTTL-116710] TestStepResult of wait: Pass
2016-01-28 04:57:37,831 DEBUG [EBRE22_RawSensorsSTTL-116710] In execute keyword function
2016-01-28 04:57:37,831 DEBUG [EBRE22_RawSensorsSTTL-116710] Executing SelectTestToRun function:
2016-01-28 04:57:41,194 DEBUG [EBRE22_RawSensorsSTTL-116710] Successfull in selecting clicking the category
2016-01-28 04:57:41,194 DEBUG [EBRE22_RawSensorsSTTL-116710] TestStepResult of SelectTestToRun: pass
2016-01-28 04:57:41,194 DEBUG [EBRE22_RawSensorsSTTL-116710] In execute keyword function
2016-01-28 04:57:41,194 DEBUG [EBRE22_RawSensorsSTTL-116710] Executing validate_Text_Exists function:
2016-01-28 04:57:41,478 DEBUG [EBRE22_RawSensorsSTTL-116710] VT187-2904 Testcase Text found
2016-01-28 04:57:41,478 DEBUG [EBRE22_RawSensorsSTTL-116710] Result of validate_Text_Exists: Pass
2016-01-28 04:57:41,478 DEBUG [EBRE22_RawSensorsSTTL-116710] In execute keyword function
2016-01-28 04:57:41,478 DEBUG [EBRE22_RawSensorsSTTL-116710] Executing wait function:
2016-01-28 04:57:41,478 DEBUG [EBRE22_RawSensorsSTTL-116710] Started Executing wait function
2016-01-28 04:57:42,478 DEBUG [EBRE22_RawSensorsSTTL-116710] Exiting from wait function
2016-01-28 04:57:42,478 DEBUG [EBRE22_RawSensorsSTTL-116710] TestStepResult of wait: Pass
2016-01-28 04:57:42,478 DEBUG [EBRE22_RawSensorsSTTL-116710] In execute keyword function
2016-01-28 04:57:42,478 DEBUG [EBRE22_RawSensorsSTTL-116710] Executing ClickRunTest function:
2016-01-28 04:57:42,844 DEBUG [EBRE22_RawSensorsSTTL-116710] Executing Click function
2016-01-28 04:57:43,889 DEBUG [EBRE22_RawSensorsSTTL-116710] Exiting Click function
2016-01-28 04:57:43,889 DEBUG [EBRE22_RawSensorsSTTL-116710] runtest_top_xpath Button clicked Successfully
2016-01-28 04:57:43,889 DEBUG [EBRE22_RawSensorsSTTL-116710] TestStepResult of ClickRunTest: pass
2016-01-28 04:57:43,889 DEBUG [EBRE22_RawSensorsSTTL-116710] In execute keyword function
2016-01-28 04:57:43,889 DEBUG [EBRE22_RawSensorsSTTL-116710] Executing wait function:
2016-01-28 04:57:43,889 DEBUG [EBRE22_RawSensorsSTTL-116710] Started Executing wait function
2016-01-28 04:57:58,890 DEBUG [EBRE22_RawSensorsSTTL-116710] Exiting from wait function
2016-01-28 04:57:58,890 DEBUG [EBRE22_RawSensorsSTTL-116710] TestStepResult of wait: Pass
2016-01-28 04:57:58,890 DEBUG [EBRE22_RawSensorsSTTL-116710] In execute keyword function
2016-01-28 04:57:58,890 DEBUG [EBRE22_RawSensorsSTTL-116710] Executing isTextPresent function:
2016-01-28 04:57:58,890 DEBUG [EBRE22_RawSensorsSTTL-116710] Entered isTextPresent function
2016-01-28 04:57:59,214 DEBUG [EBRE22_RawSensorsSTTL-116710] actualX_id has some text
2016-01-28 04:57:59,214 DEBUG [EBRE22_RawSensorsSTTL-116710] Exiting from isTextPresent function
2016-01-28 04:57:59,214 DEBUG [EBRE22_RawSensorsSTTL-116710] Result of isTextPresent: Pass
2016-01-28 04:57:59,214 DEBUG [EBRE22_RawSensorsSTTL-116710] allstep_result contains: PasspassPasspassPassPassPassnull
2016-01-28 04:57:59,214 DEBUG [EBRE22_RawSensorsSTTL-116710] allexpected_result contains: nullPassnullPassnullpassnullpassnull
2016-01-28 04:57:59,214 DEBUG [EBRE22_RawSensorsSTTL-116710] Testcase_Result contains: nullPassnullPassnullpassnullpassnullPasspassPasspassPassPassPassnull
2016-01-28 04:57:59,214 DEBUG [EBRE22_RawSensorsSTTL-116710] Test case with description Enable ambientlight Pass
2016-01-28 04:58:00,195 DEBUG [EBRE22_RawSensorsSTTL-116710] Executing browser_Quit function
2016-01-28 04:58:00,195 DEBUG [EBRE22_RawSensorsSTTL-116710] Completed browser_Quit function
2016-01-28 04:58:00,195 DEBUG [EBRE22_RawSensorsSTTL-116710] Completed quitSelendroid function
2016-01-28 04:58:00,196 DEBUG [EBRE22_RawSensorsSTTL-116710] Row number:11
2016-01-28 04:58:00,229 DEBUG [EBRE22_RawSensorsSTTL-116710] Ending Test Case IDSTTL-116710
