2016-01-28 04:56:49,502 DEBUG [EBRE22_RawSensorsSTTL-116709] Executing Test Case ID: STTL-116709
2016-01-28 04:56:49,508 DEBUG [EBRE22_RawSensorsSTTL-116709] Executing Init_Selendroid function with APK as parameter and clear data value with 1
2016-01-28 04:57:00,048 DEBUG [EBRE22_RawSensorsSTTL-116709] Exiting Init_Selendroid function
2016-01-28 04:57:00,063 DEBUG [EBRE22_RawSensorsSTTL-116709] TestCase with Description "Enable gyroscope" Execution started
2016-01-28 04:57:00,063 DEBUG [EBRE22_RawSensorsSTTL-116709] In execute keyword function
2016-01-28 04:57:00,063 DEBUG [EBRE22_RawSensorsSTTL-116709] Executing wait function:
2016-01-28 04:57:00,063 DEBUG [EBRE22_RawSensorsSTTL-116709] Started Executing wait function
2016-01-28 04:57:03,064 DEBUG [EBRE22_RawSensorsSTTL-116709] Exiting from wait function
2016-01-28 04:57:03,064 DEBUG [EBRE22_RawSensorsSTTL-116709] TestStepResult of wait: Pass
2016-01-28 04:57:03,064 DEBUG [EBRE22_RawSensorsSTTL-116709] In execute keyword function
2016-01-28 04:57:03,064 DEBUG [EBRE22_RawSensorsSTTL-116709] Executing validate_PageTitle function:
2016-01-28 04:57:03,103 DEBUG [EBRE22_RawSensorsSTTL-116709] The title of the page is *********************************: RE 2.2 Tests
2016-01-28 04:57:03,103 DEBUG [EBRE22_RawSensorsSTTL-116709] The page title found is correct
2016-01-28 04:57:03,103 DEBUG [EBRE22_RawSensorsSTTL-116709] Result of validate_PageTitle: pass
2016-01-28 04:57:03,103 DEBUG [EBRE22_RawSensorsSTTL-116709] In execute keyword function
2016-01-28 04:57:03,103 DEBUG [EBRE22_RawSensorsSTTL-116709] Executing link_Click function:
2016-01-28 04:57:03,894 DEBUG [EBRE22_RawSensorsSTTL-116709] Executing Click function
2016-01-28 04:57:05,188 DEBUG [EBRE22_RawSensorsSTTL-116709] Exiting Click function
2016-01-28 04:57:05,188 DEBUG [EBRE22_RawSensorsSTTL-116709] rawsensor_test_link clicked successfully
2016-01-28 04:57:05,188 DEBUG [EBRE22_RawSensorsSTTL-116709] TestStepResult of link_Click: Pass
2016-01-28 04:57:05,188 DEBUG [EBRE22_RawSensorsSTTL-116709] In execute keyword function
2016-01-28 04:57:05,188 DEBUG [EBRE22_RawSensorsSTTL-116709] Executing validate_PageTitle function:
2016-01-28 04:57:05,222 DEBUG [EBRE22_RawSensorsSTTL-116709] The title of the page is *********************************: PB and RE2.2 Semi Auto Frame Work : Raw Sensors
2016-01-28 04:57:05,222 DEBUG [EBRE22_RawSensorsSTTL-116709] The page title found is correct
2016-01-28 04:57:05,222 DEBUG [EBRE22_RawSensorsSTTL-116709] Result of validate_PageTitle: pass
2016-01-28 04:57:05,222 DEBUG [EBRE22_RawSensorsSTTL-116709] In execute keyword function
2016-01-28 04:57:05,222 DEBUG [EBRE22_RawSensorsSTTL-116709] Executing wait function:
2016-01-28 04:57:05,222 DEBUG [EBRE22_RawSensorsSTTL-116709] Started Executing wait function
2016-01-28 04:57:06,222 DEBUG [EBRE22_RawSensorsSTTL-116709] Exiting from wait function
2016-01-28 04:57:06,222 DEBUG [EBRE22_RawSensorsSTTL-116709] TestStepResult of wait: Pass
2016-01-28 04:57:06,222 DEBUG [EBRE22_RawSensorsSTTL-116709] In execute keyword function
2016-01-28 04:57:06,222 DEBUG [EBRE22_RawSensorsSTTL-116709] Executing SelectTestToRun function:
2016-01-28 04:57:09,336 DEBUG [EBRE22_RawSensorsSTTL-116709] Successfull in selecting clicking the category
2016-01-28 04:57:09,336 DEBUG [EBRE22_RawSensorsSTTL-116709] TestStepResult of SelectTestToRun: pass
2016-01-28 04:57:09,336 DEBUG [EBRE22_RawSensorsSTTL-116709] In execute keyword function
2016-01-28 04:57:09,336 DEBUG [EBRE22_RawSensorsSTTL-116709] Executing validate_Text_Exists function:
2016-01-28 04:57:09,598 DEBUG [EBRE22_RawSensorsSTTL-116709] VT187-2900 Testcase Text found
2016-01-28 04:57:09,598 DEBUG [EBRE22_RawSensorsSTTL-116709] Result of validate_Text_Exists: Pass
2016-01-28 04:57:09,598 DEBUG [EBRE22_RawSensorsSTTL-116709] In execute keyword function
2016-01-28 04:57:09,598 DEBUG [EBRE22_RawSensorsSTTL-116709] Executing wait function:
2016-01-28 04:57:09,598 DEBUG [EBRE22_RawSensorsSTTL-116709] Started Executing wait function
2016-01-28 04:57:10,598 DEBUG [EBRE22_RawSensorsSTTL-116709] Exiting from wait function
2016-01-28 04:57:10,598 DEBUG [EBRE22_RawSensorsSTTL-116709] TestStepResult of wait: Pass
2016-01-28 04:57:10,598 DEBUG [EBRE22_RawSensorsSTTL-116709] In execute keyword function
2016-01-28 04:57:10,598 DEBUG [EBRE22_RawSensorsSTTL-116709] Executing ClickRunTest function:
2016-01-28 04:57:10,923 DEBUG [EBRE22_RawSensorsSTTL-116709] Executing Click function
2016-01-28 04:57:11,933 DEBUG [EBRE22_RawSensorsSTTL-116709] Exiting Click function
2016-01-28 04:57:11,933 DEBUG [EBRE22_RawSensorsSTTL-116709] runtest_top_xpath Button clicked Successfully
2016-01-28 04:57:11,933 DEBUG [EBRE22_RawSensorsSTTL-116709] TestStepResult of ClickRunTest: pass
2016-01-28 04:57:11,933 DEBUG [EBRE22_RawSensorsSTTL-116709] In execute keyword function
2016-01-28 04:57:11,933 DEBUG [EBRE22_RawSensorsSTTL-116709] Executing wait function:
2016-01-28 04:57:11,933 DEBUG [EBRE22_RawSensorsSTTL-116709] Started Executing wait function
2016-01-28 04:57:19,933 DEBUG [EBRE22_RawSensorsSTTL-116709] Exiting from wait function
2016-01-28 04:57:19,933 DEBUG [EBRE22_RawSensorsSTTL-116709] TestStepResult of wait: Pass
2016-01-28 04:57:19,933 DEBUG [EBRE22_RawSensorsSTTL-116709] In execute keyword function
2016-01-28 04:57:19,933 DEBUG [EBRE22_RawSensorsSTTL-116709] Executing isTextPresent function:
2016-01-28 04:57:19,933 DEBUG [EBRE22_RawSensorsSTTL-116709] Entered isTextPresent function
2016-01-28 04:57:20,227 DEBUG [EBRE22_RawSensorsSTTL-116709] actualX_id has some text
2016-01-28 04:57:20,227 DEBUG [EBRE22_RawSensorsSTTL-116709] Exiting from isTextPresent function
2016-01-28 04:57:20,227 DEBUG [EBRE22_RawSensorsSTTL-116709] Result of isTextPresent: Pass
2016-01-28 04:57:20,227 DEBUG [EBRE22_RawSensorsSTTL-116709] In execute keyword function
2016-01-28 04:57:20,227 DEBUG [EBRE22_RawSensorsSTTL-116709] Executing isTextPresent function:
2016-01-28 04:57:20,227 DEBUG [EBRE22_RawSensorsSTTL-116709] Entered isTextPresent function
2016-01-28 04:57:20,517 DEBUG [EBRE22_RawSensorsSTTL-116709] actualY_id has some text
2016-01-28 04:57:20,517 DEBUG [EBRE22_RawSensorsSTTL-116709] Exiting from isTextPresent function
2016-01-28 04:57:20,517 DEBUG [EBRE22_RawSensorsSTTL-116709] Result of isTextPresent: Pass
2016-01-28 04:57:20,517 DEBUG [EBRE22_RawSensorsSTTL-116709] In execute keyword function
2016-01-28 04:57:20,517 DEBUG [EBRE22_RawSensorsSTTL-116709] Executing isTextPresent function:
2016-01-28 04:57:20,517 DEBUG [EBRE22_RawSensorsSTTL-116709] Entered isTextPresent function
2016-01-28 04:57:20,760 DEBUG [EBRE22_RawSensorsSTTL-116709] actualZ_id has some text
2016-01-28 04:57:20,760 DEBUG [EBRE22_RawSensorsSTTL-116709] Exiting from isTextPresent function
2016-01-28 04:57:20,760 DEBUG [EBRE22_RawSensorsSTTL-116709] Result of isTextPresent: Pass
2016-01-28 04:57:20,760 DEBUG [EBRE22_RawSensorsSTTL-116709] allstep_result contains: PasspassPasspassPassPassPassnull
2016-01-28 04:57:20,760 DEBUG [EBRE22_RawSensorsSTTL-116709] allexpected_result contains: nullPassPassPassnullPassnullpassnullpassnull
2016-01-28 04:57:20,760 DEBUG [EBRE22_RawSensorsSTTL-116709] Testcase_Result contains: nullPassPassPassnullPassnullpassnullpassnullPasspassPasspassPassPassPassnull
2016-01-28 04:57:20,760 DEBUG [EBRE22_RawSensorsSTTL-116709] Test case with description Enable gyroscope Pass
2016-01-28 04:57:21,668 DEBUG [EBRE22_RawSensorsSTTL-116709] Executing browser_Quit function
2016-01-28 04:57:21,668 DEBUG [EBRE22_RawSensorsSTTL-116709] Completed browser_Quit function
2016-01-28 04:57:21,668 DEBUG [EBRE22_RawSensorsSTTL-116709] Completed quitSelendroid function
2016-01-28 04:57:21,669 DEBUG [EBRE22_RawSensorsSTTL-116709] Row number:10
2016-01-28 04:57:21,707 DEBUG [EBRE22_RawSensorsSTTL-116709] Ending Test Case IDSTTL-116709
