2016-01-28 05:01:39,669 DEBUG [EBRE22_RawSensorsSTTL-116718] Executing Test Case ID: STTL-116718
2016-01-28 05:01:39,676 DEBUG [EBRE22_RawSensorsSTTL-116718] Executing Init_Selendroid function with APK as parameter and clear data value with 1
2016-01-28 05:01:50,038 DEBUG [EBRE22_RawSensorsSTTL-116718] Exiting Init_Selendroid function
2016-01-28 05:01:50,052 DEBUG [EBRE22_RawSensorsSTTL-116718] TestCase with Description "Test RawSensor with JSON objects" Execution started
2016-01-28 05:01:50,052 DEBUG [EBRE22_RawSensorsSTTL-116718] In execute keyword function
2016-01-28 05:01:50,052 DEBUG [EBRE22_RawSensorsSTTL-116718] Executing wait function:
2016-01-28 05:01:50,052 DEBUG [EBRE22_RawSensorsSTTL-116718] Started Executing wait function
2016-01-28 05:01:53,053 DEBUG [EBRE22_RawSensorsSTTL-116718] Exiting from wait function
2016-01-28 05:01:53,053 DEBUG [EBRE22_RawSensorsSTTL-116718] TestStepResult of wait: Pass
2016-01-28 05:01:53,053 DEBUG [EBRE22_RawSensorsSTTL-116718] In execute keyword function
2016-01-28 05:01:53,053 DEBUG [EBRE22_RawSensorsSTTL-116718] Executing validate_PageTitle function:
2016-01-28 05:01:53,094 DEBUG [EBRE22_RawSensorsSTTL-116718] The title of the page is *********************************: RE 2.2 Tests
2016-01-28 05:01:53,094 DEBUG [EBRE22_RawSensorsSTTL-116718] The page title found is correct
2016-01-28 05:01:53,094 DEBUG [EBRE22_RawSensorsSTTL-116718] Result of validate_PageTitle: pass
2016-01-28 05:01:53,094 DEBUG [EBRE22_RawSensorsSTTL-116718] In execute keyword function
2016-01-28 05:01:53,094 DEBUG [EBRE22_RawSensorsSTTL-116718] Executing link_Click function:
2016-01-28 05:01:53,700 DEBUG [EBRE22_RawSensorsSTTL-116718] Executing Click function
2016-01-28 05:01:54,990 DEBUG [EBRE22_RawSensorsSTTL-116718] Exiting Click function
2016-01-28 05:01:54,990 DEBUG [EBRE22_RawSensorsSTTL-116718] rawsensor_test_link clicked successfully
2016-01-28 05:01:54,990 DEBUG [EBRE22_RawSensorsSTTL-116718] TestStepResult of link_Click: Pass
2016-01-28 05:01:54,990 DEBUG [EBRE22_RawSensorsSTTL-116718] In execute keyword function
2016-01-28 05:01:54,990 DEBUG [EBRE22_RawSensorsSTTL-116718] Executing validate_PageTitle function:
2016-01-28 05:01:55,026 DEBUG [EBRE22_RawSensorsSTTL-116718] The title of the page is *********************************: PB and RE2.2 Semi Auto Frame Work : Raw Sensors
2016-01-28 05:01:55,026 DEBUG [EBRE22_RawSensorsSTTL-116718] The page title found is correct
2016-01-28 05:01:55,026 DEBUG [EBRE22_RawSensorsSTTL-116718] Result of validate_PageTitle: pass
2016-01-28 05:01:55,026 DEBUG [EBRE22_RawSensorsSTTL-116718] In execute keyword function
2016-01-28 05:01:55,026 DEBUG [EBRE22_RawSensorsSTTL-116718] Executing wait function:
2016-01-28 05:01:55,027 DEBUG [EBRE22_RawSensorsSTTL-116718] Started Executing wait function
2016-01-28 05:01:56,027 DEBUG [EBRE22_RawSensorsSTTL-116718] Exiting from wait function
2016-01-28 05:01:56,027 DEBUG [EBRE22_RawSensorsSTTL-116718] TestStepResult of wait: Pass
2016-01-28 05:01:56,027 DEBUG [EBRE22_RawSensorsSTTL-116718] In execute keyword function
2016-01-28 05:01:56,027 DEBUG [EBRE22_RawSensorsSTTL-116718] Executing SelectTestToRun function:
2016-01-28 05:02:00,644 DEBUG [EBRE22_RawSensorsSTTL-116718] Successfull in selecting clicking the category
2016-01-28 05:02:00,644 DEBUG [EBRE22_RawSensorsSTTL-116718] TestStepResult of SelectTestToRun: pass
2016-01-28 05:02:00,644 DEBUG [EBRE22_RawSensorsSTTL-116718] In execute keyword function
2016-01-28 05:02:00,644 DEBUG [EBRE22_RawSensorsSTTL-116718] Executing validate_Text_Exists function:
2016-01-28 05:02:00,928 DEBUG [EBRE22_RawSensorsSTTL-116718] VT187-2863 Testcase Text found
2016-01-28 05:02:00,928 DEBUG [EBRE22_RawSensorsSTTL-116718] Result of validate_Text_Exists: Pass
2016-01-28 05:02:00,928 DEBUG [EBRE22_RawSensorsSTTL-116718] In execute keyword function
2016-01-28 05:02:00,928 DEBUG [EBRE22_RawSensorsSTTL-116718] Executing wait function:
2016-01-28 05:02:00,928 DEBUG [EBRE22_RawSensorsSTTL-116718] Started Executing wait function
2016-01-28 05:02:01,929 DEBUG [EBRE22_RawSensorsSTTL-116718] Exiting from wait function
2016-01-28 05:02:01,929 DEBUG [EBRE22_RawSensorsSTTL-116718] TestStepResult of wait: Pass
2016-01-28 05:02:01,929 DEBUG [EBRE22_RawSensorsSTTL-116718] In execute keyword function
2016-01-28 05:02:01,929 DEBUG [EBRE22_RawSensorsSTTL-116718] Executing ClickRunTest function:
2016-01-28 05:02:02,307 DEBUG [EBRE22_RawSensorsSTTL-116718] Executing Click function
2016-01-28 05:02:03,343 DEBUG [EBRE22_RawSensorsSTTL-116718] Exiting Click function
2016-01-28 05:02:03,343 DEBUG [EBRE22_RawSensorsSTTL-116718] runtest_top_xpath Button clicked Successfully
2016-01-28 05:02:03,343 DEBUG [EBRE22_RawSensorsSTTL-116718] TestStepResult of ClickRunTest: pass
2016-01-28 05:02:03,343 DEBUG [EBRE22_RawSensorsSTTL-116718] In execute keyword function
2016-01-28 05:02:03,343 DEBUG [EBRE22_RawSensorsSTTL-116718] Executing wait function:
2016-01-28 05:02:03,343 DEBUG [EBRE22_RawSensorsSTTL-116718] Started Executing wait function
2016-01-28 05:02:11,344 DEBUG [EBRE22_RawSensorsSTTL-116718] Exiting from wait function
2016-01-28 05:02:11,344 DEBUG [EBRE22_RawSensorsSTTL-116718] TestStepResult of wait: Pass
2016-01-28 05:02:11,344 DEBUG [EBRE22_RawSensorsSTTL-116718] In execute keyword function
2016-01-28 05:02:11,344 DEBUG [EBRE22_RawSensorsSTTL-116718] Executing isTextPresent function:
2016-01-28 05:02:11,344 DEBUG [EBRE22_RawSensorsSTTL-116718] Entered isTextPresent function
2016-01-28 05:02:11,615 DEBUG [EBRE22_RawSensorsSTTL-116718] actualresult_id has some text
2016-01-28 05:02:11,615 DEBUG [EBRE22_RawSensorsSTTL-116718] Exiting from isTextPresent function
2016-01-28 05:02:11,615 DEBUG [EBRE22_RawSensorsSTTL-116718] Result of isTextPresent: Pass
2016-01-28 05:02:11,615 DEBUG [EBRE22_RawSensorsSTTL-116718] allstep_result contains: PasspassPasspassPassPassPassnull
2016-01-28 05:02:11,615 DEBUG [EBRE22_RawSensorsSTTL-116718] allexpected_result contains: nullPassnullPassnullpassnullpassnull
2016-01-28 05:02:11,615 DEBUG [EBRE22_RawSensorsSTTL-116718] Testcase_Result contains: nullPassnullPassnullpassnullpassnullPasspassPasspassPassPassPassnull
2016-01-28 05:02:11,615 DEBUG [EBRE22_RawSensorsSTTL-116718] Test case with description Test RawSensor with JSON objects Pass
2016-01-28 05:02:12,602 DEBUG [EBRE22_RawSensorsSTTL-116718] Executing browser_Quit function
2016-01-28 05:02:12,602 DEBUG [EBRE22_RawSensorsSTTL-116718] Completed browser_Quit function
2016-01-28 05:02:12,602 DEBUG [EBRE22_RawSensorsSTTL-116718] Completed quitSelendroid function
2016-01-28 05:02:12,602 DEBUG [EBRE22_RawSensorsSTTL-116718] Row number:19
2016-01-28 05:02:12,629 DEBUG [EBRE22_RawSensorsSTTL-116718] Ending Test Case IDSTTL-116718
