2016-01-28 04:55:15,326 DEBUG [EBRE22_RawSensorsSTTL-116706] Executing Test Case ID: STTL-116706
2016-01-28 04:55:15,332 DEBUG [EBRE22_RawSensorsSTTL-116706] Executing Init_Selendroid function with APK as parameter and clear data value with 1
2016-01-28 04:55:25,264 DEBUG [EBRE22_RawSensorsSTTL-116706] Exiting Init_Selendroid function
2016-01-28 04:55:25,279 DEBUG [EBRE22_RawSensorsSTTL-116706] TestCase with Description "Enable motion" Execution started
2016-01-28 04:55:25,279 DEBUG [EBRE22_RawSensorsSTTL-116706] In execute keyword function
2016-01-28 04:55:25,279 DEBUG [EBRE22_RawSensorsSTTL-116706] Executing wait function:
2016-01-28 04:55:25,279 DEBUG [EBRE22_RawSensorsSTTL-116706] Started Executing wait function
2016-01-28 04:55:28,279 DEBUG [EBRE22_RawSensorsSTTL-116706] Exiting from wait function
2016-01-28 04:55:28,279 DEBUG [EBRE22_RawSensorsSTTL-116706] TestStepResult of wait: Pass
2016-01-28 04:55:28,279 DEBUG [EBRE22_RawSensorsSTTL-116706] In execute keyword function
2016-01-28 04:55:28,279 DEBUG [EBRE22_RawSensorsSTTL-116706] Executing validate_PageTitle function:
2016-01-28 04:55:28,318 DEBUG [EBRE22_RawSensorsSTTL-116706] The title of the page is *********************************: RE 2.2 Tests
2016-01-28 04:55:28,318 DEBUG [EBRE22_RawSensorsSTTL-116706] The page title found is correct
2016-01-28 04:55:28,318 DEBUG [EBRE22_RawSensorsSTTL-116706] Result of validate_PageTitle: pass
2016-01-28 04:55:28,318 DEBUG [EBRE22_RawSensorsSTTL-116706] In execute keyword function
2016-01-28 04:55:28,318 DEBUG [EBRE22_RawSensorsSTTL-116706] Executing link_Click function:
2016-01-28 04:55:29,016 DEBUG [EBRE22_RawSensorsSTTL-116706] Executing Click function
2016-01-28 04:55:30,297 DEBUG [EBRE22_RawSensorsSTTL-116706] Exiting Click function
2016-01-28 04:55:30,297 DEBUG [EBRE22_RawSensorsSTTL-116706] rawsensor_test_link clicked successfully
2016-01-28 04:55:30,297 DEBUG [EBRE22_RawSensorsSTTL-116706] TestStepResult of link_Click: Pass
2016-01-28 04:55:30,297 DEBUG [EBRE22_RawSensorsSTTL-116706] In execute keyword function
2016-01-28 04:55:30,297 DEBUG [EBRE22_RawSensorsSTTL-116706] Executing validate_PageTitle function:
2016-01-28 04:55:30,336 DEBUG [EBRE22_RawSensorsSTTL-116706] The title of the page is *********************************: PB and RE2.2 Semi Auto Frame Work : Raw Sensors
2016-01-28 04:55:30,336 DEBUG [EBRE22_RawSensorsSTTL-116706] The page title found is correct
2016-01-28 04:55:30,336 DEBUG [EBRE22_RawSensorsSTTL-116706] Result of validate_PageTitle: pass
2016-01-28 04:55:30,336 DEBUG [EBRE22_RawSensorsSTTL-116706] In execute keyword function
2016-01-28 04:55:30,336 DEBUG [EBRE22_RawSensorsSTTL-116706] Executing wait function:
2016-01-28 04:55:30,336 DEBUG [EBRE22_RawSensorsSTTL-116706] Started Executing wait function
2016-01-28 04:55:31,337 DEBUG [EBRE22_RawSensorsSTTL-116706] Exiting from wait function
2016-01-28 04:55:31,337 DEBUG [EBRE22_RawSensorsSTTL-116706] TestStepResult of wait: Pass
2016-01-28 04:55:31,337 DEBUG [EBRE22_RawSensorsSTTL-116706] In execute keyword function
2016-01-28 04:55:31,337 DEBUG [EBRE22_RawSensorsSTTL-116706] Executing SelectTestToRun function:
2016-01-28 04:55:34,171 DEBUG [EBRE22_RawSensorsSTTL-116706] Successfull in selecting clicking the category
2016-01-28 04:55:34,171 DEBUG [EBRE22_RawSensorsSTTL-116706] TestStepResult of SelectTestToRun: pass
2016-01-28 04:55:34,171 DEBUG [EBRE22_RawSensorsSTTL-116706] In execute keyword function
2016-01-28 04:55:34,171 DEBUG [EBRE22_RawSensorsSTTL-116706] Executing validate_Text_Exists function:
2016-01-28 04:55:34,417 DEBUG [EBRE22_RawSensorsSTTL-116706] VT187-2888 Testcase Text found
2016-01-28 04:55:34,417 DEBUG [EBRE22_RawSensorsSTTL-116706] Result of validate_Text_Exists: Pass
2016-01-28 04:55:34,417 DEBUG [EBRE22_RawSensorsSTTL-116706] In execute keyword function
2016-01-28 04:55:34,417 DEBUG [EBRE22_RawSensorsSTTL-116706] Executing wait function:
2016-01-28 04:55:34,417 DEBUG [EBRE22_RawSensorsSTTL-116706] Started Executing wait function
2016-01-28 04:55:35,417 DEBUG [EBRE22_RawSensorsSTTL-116706] Exiting from wait function
2016-01-28 04:55:35,417 DEBUG [EBRE22_RawSensorsSTTL-116706] TestStepResult of wait: Pass
2016-01-28 04:55:35,417 DEBUG [EBRE22_RawSensorsSTTL-116706] In execute keyword function
2016-01-28 04:55:35,417 DEBUG [EBRE22_RawSensorsSTTL-116706] Executing ClickRunTest function:
2016-01-28 04:55:35,729 DEBUG [EBRE22_RawSensorsSTTL-116706] Executing Click function
2016-01-28 04:55:36,723 DEBUG [EBRE22_RawSensorsSTTL-116706] Exiting Click function
2016-01-28 04:55:36,723 DEBUG [EBRE22_RawSensorsSTTL-116706] runtest_top_xpath Button clicked Successfully
2016-01-28 04:55:36,723 DEBUG [EBRE22_RawSensorsSTTL-116706] TestStepResult of ClickRunTest: pass
2016-01-28 04:55:36,723 DEBUG [EBRE22_RawSensorsSTTL-116706] In execute keyword function
2016-01-28 04:55:36,723 DEBUG [EBRE22_RawSensorsSTTL-116706] Executing wait function:
2016-01-28 04:55:36,723 DEBUG [EBRE22_RawSensorsSTTL-116706] Started Executing wait function
2016-01-28 04:55:44,724 DEBUG [EBRE22_RawSensorsSTTL-116706] Exiting from wait function
2016-01-28 04:55:44,724 DEBUG [EBRE22_RawSensorsSTTL-116706] TestStepResult of wait: Pass
2016-01-28 04:55:44,724 DEBUG [EBRE22_RawSensorsSTTL-116706] In execute keyword function
2016-01-28 04:55:44,724 DEBUG [EBRE22_RawSensorsSTTL-116706] Executing isTextPresent function:
2016-01-28 04:55:44,724 DEBUG [EBRE22_RawSensorsSTTL-116706] Entered isTextPresent function
2016-01-28 04:55:45,010 DEBUG [EBRE22_RawSensorsSTTL-116706] actualX_id does not have any text
2016-01-28 04:55:45,010 DEBUG [EBRE22_RawSensorsSTTL-116706] Exiting from isTextPresent function
2016-01-28 04:55:45,010 DEBUG [EBRE22_RawSensorsSTTL-116706] Result of isTextPresent: Fail
2016-01-28 04:55:45,010 DEBUG [EBRE22_RawSensorsSTTL-116706] allstep_result contains: PasspassPasspassPassPassPassnull
2016-01-28 04:55:45,010 DEBUG [EBRE22_RawSensorsSTTL-116706] allexpected_result contains: nullFailnullPassnullpassnullpassnull
2016-01-28 04:55:45,010 DEBUG [EBRE22_RawSensorsSTTL-116706] Testcase_Result contains: nullFailnullPassnullpassnullpassnullPasspassPasspassPassPassPassnull
2016-01-28 04:55:45,010 DEBUG [EBRE22_RawSensorsSTTL-116706] Test case with description Enable motion Fail
2016-01-28 04:55:45,947 DEBUG [EBRE22_RawSensorsSTTL-116706] Executing browser_Quit function
2016-01-28 04:55:45,947 DEBUG [EBRE22_RawSensorsSTTL-116706] Completed browser_Quit function
2016-01-28 04:55:45,947 DEBUG [EBRE22_RawSensorsSTTL-116706] Completed quitSelendroid function
2016-01-28 04:55:45,947 DEBUG [EBRE22_RawSensorsSTTL-116706] Row number:7
