2016-01-28 04:55:45,990 DEBUG [EBRE22_RawSensorsSTTL-116707] Executing Test Case ID: STTL-116707
2016-01-28 04:55:45,996 DEBUG [EBRE22_RawSensorsSTTL-116707] Executing Init_Selendroid function with APK as parameter and clear data value with 1
2016-01-28 04:55:56,524 DEBUG [EBRE22_RawSensorsSTTL-116707] Exiting Init_Selendroid function
2016-01-28 04:55:56,538 DEBUG [EBRE22_RawSensorsSTTL-116707] TestCase with Description "Enable ecompass" Execution started
2016-01-28 04:55:56,538 DEBUG [EBRE22_RawSensorsSTTL-116707] In execute keyword function
2016-01-28 04:55:56,538 DEBUG [EBRE22_RawSensorsSTTL-116707] Executing wait function:
2016-01-28 04:55:56,538 DEBUG [EBRE22_RawSensorsSTTL-116707] Started Executing wait function
2016-01-28 04:55:59,538 DEBUG [EBRE22_RawSensorsSTTL-116707] Exiting from wait function
2016-01-28 04:55:59,538 DEBUG [EBRE22_RawSensorsSTTL-116707] TestStepResult of wait: Pass
2016-01-28 04:55:59,538 DEBUG [EBRE22_RawSensorsSTTL-116707] In execute keyword function
2016-01-28 04:55:59,538 DEBUG [EBRE22_RawSensorsSTTL-116707] Executing validate_PageTitle function:
2016-01-28 04:55:59,576 DEBUG [EBRE22_RawSensorsSTTL-116707] The title of the page is *********************************: RE 2.2 Tests
2016-01-28 04:55:59,576 DEBUG [EBRE22_RawSensorsSTTL-116707] The page title found is correct
2016-01-28 04:55:59,576 DEBUG [EBRE22_RawSensorsSTTL-116707] Result of validate_PageTitle: pass
2016-01-28 04:55:59,576 DEBUG [EBRE22_RawSensorsSTTL-116707] In execute keyword function
2016-01-28 04:55:59,576 DEBUG [EBRE22_RawSensorsSTTL-116707] Executing link_Click function:
2016-01-28 04:56:00,188 DEBUG [EBRE22_RawSensorsSTTL-116707] Executing Click function
2016-01-28 04:56:01,472 DEBUG [EBRE22_RawSensorsSTTL-116707] Exiting Click function
2016-01-28 04:56:01,472 DEBUG [EBRE22_RawSensorsSTTL-116707] rawsensor_test_link clicked successfully
2016-01-28 04:56:01,472 DEBUG [EBRE22_RawSensorsSTTL-116707] TestStepResult of link_Click: Pass
2016-01-28 04:56:01,472 DEBUG [EBRE22_RawSensorsSTTL-116707] In execute keyword function
2016-01-28 04:56:01,472 DEBUG [EBRE22_RawSensorsSTTL-116707] Executing validate_PageTitle function:
2016-01-28 04:56:01,509 DEBUG [EBRE22_RawSensorsSTTL-116707] The title of the page is *********************************: PB and RE2.2 Semi Auto Frame Work : Raw Sensors
2016-01-28 04:56:01,509 DEBUG [EBRE22_RawSensorsSTTL-116707] The page title found is correct
2016-01-28 04:56:01,509 DEBUG [EBRE22_RawSensorsSTTL-116707] Result of validate_PageTitle: pass
2016-01-28 04:56:01,510 DEBUG [EBRE22_RawSensorsSTTL-116707] In execute keyword function
2016-01-28 04:56:01,510 DEBUG [EBRE22_RawSensorsSTTL-116707] Executing wait function:
2016-01-28 04:56:01,510 DEBUG [EBRE22_RawSensorsSTTL-116707] Started Executing wait function
2016-01-28 04:56:02,510 DEBUG [EBRE22_RawSensorsSTTL-116707] Exiting from wait function
2016-01-28 04:56:02,510 DEBUG [EBRE22_RawSensorsSTTL-116707] TestStepResult of wait: Pass
2016-01-28 04:56:02,510 DEBUG [EBRE22_RawSensorsSTTL-116707] In execute keyword function
2016-01-28 04:56:02,510 DEBUG [EBRE22_RawSensorsSTTL-116707] Executing SelectTestToRun function:
2016-01-28 04:56:05,495 DEBUG [EBRE22_RawSensorsSTTL-116707] Successfull in selecting clicking the category
2016-01-28 04:56:05,495 DEBUG [EBRE22_RawSensorsSTTL-116707] TestStepResult of SelectTestToRun: pass
2016-01-28 04:56:05,495 DEBUG [EBRE22_RawSensorsSTTL-116707] In execute keyword function
2016-01-28 04:56:05,495 DEBUG [EBRE22_RawSensorsSTTL-116707] Executing validate_Text_Exists function:
2016-01-28 04:56:05,748 DEBUG [EBRE22_RawSensorsSTTL-116707] VT187-2892 Testcase Text found
2016-01-28 04:56:05,748 DEBUG [EBRE22_RawSensorsSTTL-116707] Result of validate_Text_Exists: Pass
2016-01-28 04:56:05,748 DEBUG [EBRE22_RawSensorsSTTL-116707] In execute keyword function
2016-01-28 04:56:05,748 DEBUG [EBRE22_RawSensorsSTTL-116707] Executing wait function:
2016-01-28 04:56:05,748 DEBUG [EBRE22_RawSensorsSTTL-116707] Started Executing wait function
2016-01-28 04:56:06,748 DEBUG [EBRE22_RawSensorsSTTL-116707] Exiting from wait function
2016-01-28 04:56:06,748 DEBUG [EBRE22_RawSensorsSTTL-116707] TestStepResult of wait: Pass
2016-01-28 04:56:06,748 DEBUG [EBRE22_RawSensorsSTTL-116707] In execute keyword function
2016-01-28 04:56:06,748 DEBUG [EBRE22_RawSensorsSTTL-116707] Executing ClickRunTest function:
2016-01-28 04:56:07,094 DEBUG [EBRE22_RawSensorsSTTL-116707] Executing Click function
2016-01-28 04:56:08,130 DEBUG [EBRE22_RawSensorsSTTL-116707] Exiting Click function
2016-01-28 04:56:08,130 DEBUG [EBRE22_RawSensorsSTTL-116707] runtest_top_xpath Button clicked Successfully
2016-01-28 04:56:08,130 DEBUG [EBRE22_RawSensorsSTTL-116707] TestStepResult of ClickRunTest: pass
2016-01-28 04:56:08,130 DEBUG [EBRE22_RawSensorsSTTL-116707] In execute keyword function
2016-01-28 04:56:08,130 DEBUG [EBRE22_RawSensorsSTTL-116707] Executing wait function:
2016-01-28 04:56:08,130 DEBUG [EBRE22_RawSensorsSTTL-116707] Started Executing wait function
2016-01-28 04:56:16,131 DEBUG [EBRE22_RawSensorsSTTL-116707] Exiting from wait function
2016-01-28 04:56:16,131 DEBUG [EBRE22_RawSensorsSTTL-116707] TestStepResult of wait: Pass
2016-01-28 04:56:16,131 DEBUG [EBRE22_RawSensorsSTTL-116707] In execute keyword function
2016-01-28 04:56:16,131 DEBUG [EBRE22_RawSensorsSTTL-116707] Executing isTextPresent function:
2016-01-28 04:56:16,132 DEBUG [EBRE22_RawSensorsSTTL-116707] Entered isTextPresent function
2016-01-28 04:56:16,400 DEBUG [EBRE22_RawSensorsSTTL-116707] actualX_id does not have any text
2016-01-28 04:56:16,401 DEBUG [EBRE22_RawSensorsSTTL-116707] Exiting from isTextPresent function
2016-01-28 04:56:16,401 DEBUG [EBRE22_RawSensorsSTTL-116707] Result of isTextPresent: Fail
2016-01-28 04:56:16,401 DEBUG [EBRE22_RawSensorsSTTL-116707] allstep_result contains: PasspassPasspassPassPassPassnull
2016-01-28 04:56:16,401 DEBUG [EBRE22_RawSensorsSTTL-116707] allexpected_result contains: nullFailnullPassnullpassnullpassnull
2016-01-28 04:56:16,401 DEBUG [EBRE22_RawSensorsSTTL-116707] Testcase_Result contains: nullFailnullPassnullpassnullpassnullPasspassPasspassPassPassPassnull
2016-01-28 04:56:16,401 DEBUG [EBRE22_RawSensorsSTTL-116707] Test case with description Enable ecompass Fail
2016-01-28 04:56:17,343 DEBUG [EBRE22_RawSensorsSTTL-116707] Executing browser_Quit function
2016-01-28 04:56:17,343 DEBUG [EBRE22_RawSensorsSTTL-116707] Completed browser_Quit function
2016-01-28 04:56:17,343 DEBUG [EBRE22_RawSensorsSTTL-116707] Completed quitSelendroid function
2016-01-28 04:56:17,343 DEBUG [EBRE22_RawSensorsSTTL-116707] Row number:8
