2016-01-28 00:07:46,788 DEBUG [EBPB_EMML10STTL-116713] Executing Test Case ID: STTL-116713
2016-01-28 00:07:46,793 DEBUG [EBPB_EMML10STTL-116713] Executing Init_Selendroid function with APK as parameter and clear data value with 1
2016-01-28 00:07:57,325 DEBUG [EBPB_EMML10STTL-116713] Exiting Init_Selendroid function
2016-01-28 00:07:57,339 DEBUG [EBPB_EMML10STTL-116713] TestCase with Description "Set the alarm with Repeat value to true." Execution started
2016-01-28 00:07:57,339 DEBUG [EBPB_EMML10STTL-116713] In execute keyword function
2016-01-28 00:07:57,339 DEBUG [EBPB_EMML10STTL-116713] Executing wait function:
2016-01-28 00:07:57,339 DEBUG [EBPB_EMML10STTL-116713] Started Executing wait function
2016-01-28 00:08:00,339 DEBUG [EBPB_EMML10STTL-116713] Exiting from wait function
2016-01-28 00:08:00,339 DEBUG [EBPB_EMML10STTL-116713] TestStepResult of wait: Pass
2016-01-28 00:08:00,339 DEBUG [EBPB_EMML10STTL-116713] In execute keyword function
2016-01-28 00:08:00,339 DEBUG [EBPB_EMML10STTL-116713] Executing validate_PageTitle function:
2016-01-28 00:08:00,392 DEBUG [EBPB_EMML10STTL-116713] The title of the page is *********************************: Pocket Browser Tests
2016-01-28 00:08:00,392 DEBUG [EBPB_EMML10STTL-116713] The page title found is correct
2016-01-28 00:08:00,392 DEBUG [EBPB_EMML10STTL-116713] Result of validate_PageTitle: pass
2016-01-28 00:08:00,392 DEBUG [EBPB_EMML10STTL-116713] In execute keyword function
2016-01-28 00:08:00,393 DEBUG [EBPB_EMML10STTL-116713] Executing link_Click function:
2016-01-28 00:08:01,033 DEBUG [EBPB_EMML10STTL-116713] Executing Click function
2016-01-28 00:08:02,070 DEBUG [EBPB_EMML10STTL-116713] Exiting Click function
2016-01-28 00:08:02,070 DEBUG [EBPB_EMML10STTL-116713] EMML10_test_link clicked successfully
2016-01-28 00:08:02,070 DEBUG [EBPB_EMML10STTL-116713] TestStepResult of link_Click: Pass
2016-01-28 00:08:02,070 DEBUG [EBPB_EMML10STTL-116713] In execute keyword function
2016-01-28 00:08:02,070 DEBUG [EBPB_EMML10STTL-116713] Executing wait function:
2016-01-28 00:08:02,070 DEBUG [EBPB_EMML10STTL-116713] Started Executing wait function
2016-01-28 00:08:04,070 DEBUG [EBPB_EMML10STTL-116713] Exiting from wait function
2016-01-28 00:08:04,070 DEBUG [EBPB_EMML10STTL-116713] TestStepResult of wait: Pass
2016-01-28 00:08:04,070 DEBUG [EBPB_EMML10STTL-116713] In execute keyword function
2016-01-28 00:08:04,070 DEBUG [EBPB_EMML10STTL-116713] Executing validate_PageTitle function:
2016-01-28 00:08:04,108 DEBUG [EBPB_EMML10STTL-116713] The title of the page is *********************************: EMML1.0 Test Index Page
2016-01-28 00:08:04,108 DEBUG [EBPB_EMML10STTL-116713] The page title found is correct
2016-01-28 00:08:04,108 DEBUG [EBPB_EMML10STTL-116713] Result of validate_PageTitle: pass
2016-01-28 00:08:04,108 DEBUG [EBPB_EMML10STTL-116713] In execute keyword function
2016-01-28 00:08:04,108 DEBUG [EBPB_EMML10STTL-116713] Executing link_Click function:
2016-01-28 00:08:04,487 DEBUG [EBPB_EMML10STTL-116713] Executing Click function
2016-01-28 00:08:05,464 DEBUG [EBPB_EMML10STTL-116713] Exiting Click function
2016-01-28 00:08:05,464 DEBUG [EBPB_EMML10STTL-116713] alarm10_test_link clicked successfully
2016-01-28 00:08:05,465 DEBUG [EBPB_EMML10STTL-116713] TestStepResult of link_Click: Pass
2016-01-28 00:08:05,465 DEBUG [EBPB_EMML10STTL-116713] In execute keyword function
2016-01-28 00:08:05,465 DEBUG [EBPB_EMML10STTL-116713] Executing wait function:
2016-01-28 00:08:05,465 DEBUG [EBPB_EMML10STTL-116713] Started Executing wait function
2016-01-28 00:08:35,467 DEBUG [EBPB_EMML10STTL-116713] Exiting from wait function
2016-01-28 00:08:35,467 DEBUG [EBPB_EMML10STTL-116713] TestStepResult of wait: Pass
2016-01-28 00:08:35,467 DEBUG [EBPB_EMML10STTL-116713] In execute keyword function
2016-01-28 00:08:35,467 DEBUG [EBPB_EMML10STTL-116713] Executing CheckUITextContains function:
2016-01-28 00:08:35,467 DEBUG [EBPB_EMML10STTL-116713] Started executeCommandLine function
2016-01-28 00:08:39,489 DEBUG [EBPB_EMML10STTL-116713] Text is Present
2016-01-28 00:08:39,489 DEBUG [EBPB_EMML10STTL-116713] TestStepResult of CheckUITextContains: Pass
2016-01-28 00:08:39,489 DEBUG [EBPB_EMML10STTL-116713] In execute keyword function
2016-01-28 00:08:39,489 DEBUG [EBPB_EMML10STTL-116713] Executing ClickUIButtonText function:
2016-01-28 00:08:39,489 DEBUG [EBPB_EMML10STTL-116713] Entered ClickUIButtonText function
2016-01-28 00:08:39,489 DEBUG [EBPB_EMML10STTL-116713] Started executeCommandLine function
2016-01-28 00:08:43,511 DEBUG [EBPB_EMML10STTL-116713] Started executeCommandLine function
2016-01-28 00:08:48,012 DEBUG [EBPB_EMML10STTL-116713] Exiting ClickUIButtonText function
2016-01-28 00:08:48,012 DEBUG [EBPB_EMML10STTL-116713] TestStepResult of ClickUIButtonText: Pass
2016-01-28 00:08:48,012 DEBUG [EBPB_EMML10STTL-116713] allstep_result contains: PassPassPassPassPassPassPassnull
2016-01-28 00:08:48,012 DEBUG [EBPB_EMML10STTL-116713] allexpected_result contains: nullpassnullpassnull
2016-01-28 00:08:48,012 DEBUG [EBPB_EMML10STTL-116713] Testcase_Result contains: nullpassnullpassnullPassPassPassPassPassPassPassnull
2016-01-28 00:08:48,012 DEBUG [EBPB_EMML10STTL-116713] Test case with description Set the alarm with Repeat value to true. Pass
2016-01-28 00:08:49,107 DEBUG [EBPB_EMML10STTL-116713] Executing browser_Quit function
2016-01-28 00:08:49,107 DEBUG [EBPB_EMML10STTL-116713] Completed browser_Quit function
2016-01-28 00:08:49,107 DEBUG [EBPB_EMML10STTL-116713] Completed quitSelendroid function
2016-01-28 00:08:49,107 DEBUG [EBPB_EMML10STTL-116713] Row number:14
2016-01-28 00:08:49,137 DEBUG [EBPB_EMML10STTL-116713] Ending Test Case IDSTTL-116713
