2016-01-27 23:59:48,398 DEBUG [EBPB_EMML10STTL-116701] Executing Test Case ID: STTL-116701
2016-01-28 00:00:23,470 DEBUG [EBPB_EMML10STTL-116701] Executing Init_Selendroid function with APK as parameter and clear data value with 1
2016-01-28 00:00:33,710 DEBUG [EBPB_EMML10STTL-116701] Exiting Init_Selendroid function
2016-01-28 00:00:33,724 DEBUG [EBPB_EMML10STTL-116701] TestCase with Description "Change Start page" Execution started
2016-01-28 00:00:33,724 DEBUG [EBPB_EMML10STTL-116701] In execute keyword function
2016-01-28 00:00:33,724 DEBUG [EBPB_EMML10STTL-116701] Executing wait function:
2016-01-28 00:00:33,724 DEBUG [EBPB_EMML10STTL-116701] Started Executing wait function
2016-01-28 00:00:36,725 DEBUG [EBPB_EMML10STTL-116701] Exiting from wait function
2016-01-28 00:00:36,725 DEBUG [EBPB_EMML10STTL-116701] TestStepResult of wait: Pass
2016-01-28 00:00:36,725 DEBUG [EBPB_EMML10STTL-116701] In execute keyword function
2016-01-28 00:00:36,725 DEBUG [EBPB_EMML10STTL-116701] Executing PullConfigxml function:
2016-01-28 00:00:36,725 DEBUG [EBPB_EMML10STTL-116701] Started executeCommandLine function
2016-01-28 00:00:40,746 DEBUG [EBPB_EMML10STTL-116701] TestStepResult of PullConfigxml: Pass
2016-01-28 00:00:40,746 DEBUG [EBPB_EMML10STTL-116701] In execute keyword function
2016-01-28 00:00:40,746 DEBUG [EBPB_EMML10STTL-116701] Executing ChangeConfigxml function:
2016-01-28 00:00:40,746 DEBUG [EBPB_EMML10STTL-116701] Executing ChangeConfigxml function
2016-01-28 00:00:40,748 DEBUG [EBPB_EMML10STTL-116701] TestStepResult of ChangeConfigxml: Pass
2016-01-28 00:00:40,748 DEBUG [EBPB_EMML10STTL-116701] In execute keyword function
2016-01-28 00:00:40,748 DEBUG [EBPB_EMML10STTL-116701] Executing ChangeConfigxml function:
2016-01-28 00:00:40,748 DEBUG [EBPB_EMML10STTL-116701] Executing ChangeConfigxml function
2016-01-28 00:00:40,750 DEBUG [EBPB_EMML10STTL-116701] TestStepResult of ChangeConfigxml: Pass
2016-01-28 00:00:40,750 DEBUG [EBPB_EMML10STTL-116701] In execute keyword function
2016-01-28 00:00:40,750 DEBUG [EBPB_EMML10STTL-116701] Executing ChangeConfigxml function:
2016-01-28 00:00:40,750 DEBUG [EBPB_EMML10STTL-116701] Executing ChangeConfigxml function
2016-01-28 00:00:40,753 DEBUG [EBPB_EMML10STTL-116701] TestStepResult of ChangeConfigxml: Pass
2016-01-28 00:00:40,753 DEBUG [EBPB_EMML10STTL-116701] In execute keyword function
2016-01-28 00:00:40,753 DEBUG [EBPB_EMML10STTL-116701] Executing ChangeConfigxml function:
2016-01-28 00:00:40,753 DEBUG [EBPB_EMML10STTL-116701] Executing ChangeConfigxml function
2016-01-28 00:00:40,755 DEBUG [EBPB_EMML10STTL-116701] TestStepResult of ChangeConfigxml: Pass
2016-01-28 00:00:40,755 DEBUG [EBPB_EMML10STTL-116701] In execute keyword function
2016-01-28 00:00:40,755 DEBUG [EBPB_EMML10STTL-116701] Executing PushConfigxml function:
2016-01-28 00:00:40,755 DEBUG [EBPB_EMML10STTL-116701] Started executeCommandLine function
2016-01-28 00:00:44,773 DEBUG [EBPB_EMML10STTL-116701] TestStepResult of PushConfigxml: Pass
2016-01-28 00:00:44,773 DEBUG [EBPB_EMML10STTL-116701] allstep_result contains: PassPassPassPassPassPassPassnull
2016-01-28 00:00:44,773 DEBUG [EBPB_EMML10STTL-116701] allexpected_result contains: null
2016-01-28 00:00:44,773 DEBUG [EBPB_EMML10STTL-116701] Testcase_Result contains: nullPassPassPassPassPassPassPassnull
2016-01-28 00:00:44,773 DEBUG [EBPB_EMML10STTL-116701] Test case with description Change Start page Pass
2016-01-28 00:00:45,798 DEBUG [EBPB_EMML10STTL-116701] Executing browser_Quit function
2016-01-28 00:00:45,798 DEBUG [EBPB_EMML10STTL-116701] Completed browser_Quit function
2016-01-28 00:00:45,798 DEBUG [EBPB_EMML10STTL-116701] Completed quitSelendroid function
2016-01-28 00:00:45,798 DEBUG [EBPB_EMML10STTL-116701] Row number:2
2016-01-28 00:00:45,820 DEBUG [EBPB_EMML10STTL-116701] Ending Test Case IDSTTL-116701
