2016-01-28 00:07:17,330 DEBUG [EBPB_EMML10STTL-116712] Executing Test Case ID: STTL-116712
2016-01-28 00:07:17,335 DEBUG [EBPB_EMML10STTL-116712] Executing Init_Selendroid function with APK as parameter and clear data value with 1
2016-01-28 00:07:27,378 DEBUG [EBPB_EMML10STTL-116712] Exiting Init_Selendroid function
2016-01-28 00:07:27,392 DEBUG [EBPB_EMML10STTL-116712] TestCase with Description "Timer with start method when interval is set" Execution started
2016-01-28 00:07:27,392 DEBUG [EBPB_EMML10STTL-116712] In execute keyword function
2016-01-28 00:07:27,392 DEBUG [EBPB_EMML10STTL-116712] Executing wait function:
2016-01-28 00:07:27,392 DEBUG [EBPB_EMML10STTL-116712] Started Executing wait function
2016-01-28 00:07:30,392 DEBUG [EBPB_EMML10STTL-116712] Exiting from wait function
2016-01-28 00:07:30,392 DEBUG [EBPB_EMML10STTL-116712] TestStepResult of wait: Pass
2016-01-28 00:07:30,392 DEBUG [EBPB_EMML10STTL-116712] In execute keyword function
2016-01-28 00:07:30,392 DEBUG [EBPB_EMML10STTL-116712] Executing validate_PageTitle function:
2016-01-28 00:07:30,432 DEBUG [EBPB_EMML10STTL-116712] The title of the page is *********************************: Pocket Browser Tests
2016-01-28 00:07:30,432 DEBUG [EBPB_EMML10STTL-116712] The page title found is correct
2016-01-28 00:07:30,432 DEBUG [EBPB_EMML10STTL-116712] Result of validate_PageTitle: pass
2016-01-28 00:07:30,432 DEBUG [EBPB_EMML10STTL-116712] In execute keyword function
2016-01-28 00:07:30,432 DEBUG [EBPB_EMML10STTL-116712] Executing link_Click function:
2016-01-28 00:07:31,030 DEBUG [EBPB_EMML10STTL-116712] Executing Click function
2016-01-28 00:07:32,085 DEBUG [EBPB_EMML10STTL-116712] Exiting Click function
2016-01-28 00:07:32,085 DEBUG [EBPB_EMML10STTL-116712] EMML10_test_link clicked successfully
2016-01-28 00:07:32,085 DEBUG [EBPB_EMML10STTL-116712] TestStepResult of link_Click: Pass
2016-01-28 00:07:32,085 DEBUG [EBPB_EMML10STTL-116712] In execute keyword function
2016-01-28 00:07:32,085 DEBUG [EBPB_EMML10STTL-116712] Executing wait function:
2016-01-28 00:07:32,085 DEBUG [EBPB_EMML10STTL-116712] Started Executing wait function
2016-01-28 00:07:34,085 DEBUG [EBPB_EMML10STTL-116712] Exiting from wait function
2016-01-28 00:07:34,085 DEBUG [EBPB_EMML10STTL-116712] TestStepResult of wait: Pass
2016-01-28 00:07:34,085 DEBUG [EBPB_EMML10STTL-116712] In execute keyword function
2016-01-28 00:07:34,085 DEBUG [EBPB_EMML10STTL-116712] Executing validate_PageTitle function:
2016-01-28 00:07:34,107 DEBUG [EBPB_EMML10STTL-116712] The title of the page is *********************************: EMML1.0 Test Index Page
2016-01-28 00:07:34,107 DEBUG [EBPB_EMML10STTL-116712] The page title found is correct
2016-01-28 00:07:34,107 DEBUG [EBPB_EMML10STTL-116712] Result of validate_PageTitle: pass
2016-01-28 00:07:34,107 DEBUG [EBPB_EMML10STTL-116712] In execute keyword function
2016-01-28 00:07:34,107 DEBUG [EBPB_EMML10STTL-116712] Executing link_Click function:
2016-01-28 00:07:34,517 DEBUG [EBPB_EMML10STTL-116712] Executing Click function
2016-01-28 00:07:35,478 DEBUG [EBPB_EMML10STTL-116712] Exiting Click function
2016-01-28 00:07:35,478 DEBUG [EBPB_EMML10STTL-116712] timer10_test_link clicked successfully
2016-01-28 00:07:35,478 DEBUG [EBPB_EMML10STTL-116712] TestStepResult of link_Click: Pass
2016-01-28 00:07:35,479 DEBUG [EBPB_EMML10STTL-116712] In execute keyword function
2016-01-28 00:07:35,479 DEBUG [EBPB_EMML10STTL-116712] Executing wait function:
2016-01-28 00:07:35,479 DEBUG [EBPB_EMML10STTL-116712] Started Executing wait function
2016-01-28 00:07:45,480 DEBUG [EBPB_EMML10STTL-116712] Exiting from wait function
2016-01-28 00:07:45,480 DEBUG [EBPB_EMML10STTL-116712] TestStepResult of wait: Pass
2016-01-28 00:07:45,480 DEBUG [EBPB_EMML10STTL-116712] In execute keyword function
2016-01-28 00:07:45,480 DEBUG [EBPB_EMML10STTL-116712] Executing validate_Result function:
2016-01-28 00:07:45,744 DEBUG [EBPB_EMML10STTL-116712] Time: Text found in Time: 28/01/16 00:06:21
2016-01-28 00:07:45,745 DEBUG [EBPB_EMML10STTL-116712] Result of validate_Result: Pass
2016-01-28 00:07:45,745 DEBUG [EBPB_EMML10STTL-116712] allstep_result contains: PassPassPassPassPassnull
2016-01-28 00:07:45,745 DEBUG [EBPB_EMML10STTL-116712] allexpected_result contains: nullPassnullpassnullpassnull
2016-01-28 00:07:45,745 DEBUG [EBPB_EMML10STTL-116712] Testcase_Result contains: nullPassnullpassnullpassnullPassPassPassPassPassnull
2016-01-28 00:07:45,745 DEBUG [EBPB_EMML10STTL-116712] Test case with description Timer with start method when interval is set Pass
2016-01-28 00:07:46,748 DEBUG [EBPB_EMML10STTL-116712] Executing browser_Quit function
2016-01-28 00:07:46,748 DEBUG [EBPB_EMML10STTL-116712] Completed browser_Quit function
2016-01-28 00:07:46,748 DEBUG [EBPB_EMML10STTL-116712] Completed quitSelendroid function
2016-01-28 00:07:46,749 DEBUG [EBPB_EMML10STTL-116712] Row number:13
2016-01-28 00:07:46,775 DEBUG [EBPB_EMML10STTL-116712] Ending Test Case IDSTTL-116712
