2016-01-28 00:00:45,836 DEBUG [EBPB_EMML10STTL-116702] Executing Test Case ID: STTL-116702
2016-01-28 00:00:45,841 DEBUG [EBPB_EMML10STTL-116702] Executing Init_Selendroid function with APK as parameter and clear data value with 1
2016-01-28 00:00:56,208 DEBUG [EBPB_EMML10STTL-116702] Exiting Init_Selendroid function
2016-01-28 00:00:56,221 DEBUG [EBPB_EMML10STTL-116702] TestCase with Description "Battery" Execution started
2016-01-28 00:00:56,222 DEBUG [EBPB_EMML10STTL-116702] In execute keyword function
2016-01-28 00:00:56,222 DEBUG [EBPB_EMML10STTL-116702] Executing wait function:
2016-01-28 00:00:56,222 DEBUG [EBPB_EMML10STTL-116702] Started Executing wait function
2016-01-28 00:00:59,222 DEBUG [EBPB_EMML10STTL-116702] Exiting from wait function
2016-01-28 00:00:59,222 DEBUG [EBPB_EMML10STTL-116702] TestStepResult of wait: Pass
2016-01-28 00:00:59,222 DEBUG [EBPB_EMML10STTL-116702] In execute keyword function
2016-01-28 00:00:59,222 DEBUG [EBPB_EMML10STTL-116702] Executing validate_PageTitle function:
2016-01-28 00:00:59,263 DEBUG [EBPB_EMML10STTL-116702] The title of the page is *********************************: Pocket Browser Tests
2016-01-28 00:00:59,263 DEBUG [EBPB_EMML10STTL-116702] The page title found is correct
2016-01-28 00:00:59,263 DEBUG [EBPB_EMML10STTL-116702] Result of validate_PageTitle: pass
2016-01-28 00:00:59,263 DEBUG [EBPB_EMML10STTL-116702] In execute keyword function
2016-01-28 00:00:59,263 DEBUG [EBPB_EMML10STTL-116702] Executing link_Click function:
2016-01-28 00:00:59,874 DEBUG [EBPB_EMML10STTL-116702] Executing Click function
2016-01-28 00:01:00,921 DEBUG [EBPB_EMML10STTL-116702] Exiting Click function
2016-01-28 00:01:00,921 DEBUG [EBPB_EMML10STTL-116702] EMML10_test_link clicked successfully
2016-01-28 00:01:00,921 DEBUG [EBPB_EMML10STTL-116702] TestStepResult of link_Click: Pass
2016-01-28 00:01:00,921 DEBUG [EBPB_EMML10STTL-116702] In execute keyword function
2016-01-28 00:01:00,921 DEBUG [EBPB_EMML10STTL-116702] Executing wait function:
2016-01-28 00:01:00,921 DEBUG [EBPB_EMML10STTL-116702] Started Executing wait function
2016-01-28 00:01:02,922 DEBUG [EBPB_EMML10STTL-116702] Exiting from wait function
2016-01-28 00:01:02,922 DEBUG [EBPB_EMML10STTL-116702] TestStepResult of wait: Pass
2016-01-28 00:01:02,922 DEBUG [EBPB_EMML10STTL-116702] In execute keyword function
2016-01-28 00:01:02,922 DEBUG [EBPB_EMML10STTL-116702] Executing validate_PageTitle function:
2016-01-28 00:01:02,964 DEBUG [EBPB_EMML10STTL-116702] The title of the page is *********************************: EMML1.0 Test Index Page
2016-01-28 00:01:02,964 DEBUG [EBPB_EMML10STTL-116702] The page title found is correct
2016-01-28 00:01:02,964 DEBUG [EBPB_EMML10STTL-116702] Result of validate_PageTitle: pass
2016-01-28 00:01:02,964 DEBUG [EBPB_EMML10STTL-116702] In execute keyword function
2016-01-28 00:01:02,964 DEBUG [EBPB_EMML10STTL-116702] Executing link_Click function:
2016-01-28 00:01:03,357 DEBUG [EBPB_EMML10STTL-116702] Executing Click function
2016-01-28 00:01:04,330 DEBUG [EBPB_EMML10STTL-116702] Exiting Click function
2016-01-28 00:01:04,330 DEBUG [EBPB_EMML10STTL-116702] battery10_test_link clicked successfully
2016-01-28 00:01:04,330 DEBUG [EBPB_EMML10STTL-116702] TestStepResult of link_Click: Pass
2016-01-28 00:01:04,330 DEBUG [EBPB_EMML10STTL-116702] In execute keyword function
2016-01-28 00:01:04,330 DEBUG [EBPB_EMML10STTL-116702] Executing wait function:
2016-01-28 00:01:04,330 DEBUG [EBPB_EMML10STTL-116702] Started Executing wait function
2016-01-28 00:01:06,330 DEBUG [EBPB_EMML10STTL-116702] Exiting from wait function
2016-01-28 00:01:06,330 DEBUG [EBPB_EMML10STTL-116702] TestStepResult of wait: Pass
2016-01-28 00:01:06,330 DEBUG [EBPB_EMML10STTL-116702] In execute keyword function
2016-01-28 00:01:06,330 DEBUG [EBPB_EMML10STTL-116702] Executing TakeScreenshot function:
2016-01-28 00:01:07,030 DEBUG [EBPB_EMML10STTL-116702] Started Executing Validate_App_launched_Device function
2016-01-28 00:01:07,030 DEBUG [EBPB_EMML10STTL-116702] Entered CheckUIButtonExists function
2016-01-28 00:01:07,030 DEBUG [EBPB_EMML10STTL-116702] Started executeCommandLine function
2016-01-28 00:01:11,038 DEBUG [EBPB_EMML10STTL-116702] Exiting from executeCommandLine function
2016-01-28 00:01:11,038 DEBUG [EBPB_EMML10STTL-116702] Button is not Present
2016-01-28 00:01:11,038 DEBUG [EBPB_EMML10STTL-116702] Exiting from CheckUIButtonExists function
2016-01-28 00:01:11,038 DEBUG [EBPB_EMML10STTL-116702] Started executeCommandLine function
2016-01-28 00:01:15,059 DEBUG [EBPB_EMML10STTL-116702] Given App is in Foreground
2016-01-28 00:01:15,059 DEBUG [EBPB_EMML10STTL-116702] Exiting Validate_App_launched_Device function
2016-01-28 00:01:15,196 DEBUG [EBPB_EMML10STTL-116702] TestStepResult of TakeScreenshot: pass
2016-01-28 00:01:15,196 DEBUG [EBPB_EMML10STTL-116702] In execute keyword function
2016-01-28 00:01:15,196 DEBUG [EBPB_EMML10STTL-116702] Executing wait function:
2016-01-28 00:01:15,196 DEBUG [EBPB_EMML10STTL-116702] Started Executing wait function
2016-01-28 00:01:17,196 DEBUG [EBPB_EMML10STTL-116702] Exiting from wait function
2016-01-28 00:01:17,196 DEBUG [EBPB_EMML10STTL-116702] TestStepResult of wait: Pass
2016-01-28 00:01:17,196 DEBUG [EBPB_EMML10STTL-116702] In execute keyword function
2016-01-28 00:01:17,196 DEBUG [EBPB_EMML10STTL-116702] Executing validate_Screenshot function:
2016-01-28 00:01:17,512 DEBUG [EBPB_EMML10STTL-116702] Match found with reference image
2016-01-28 00:01:17,512 DEBUG [EBPB_EMML10STTL-116702] Result of validate_Screenshot: Pass
2016-01-28 00:01:17,512 DEBUG [EBPB_EMML10STTL-116702] In execute keyword function
2016-01-28 00:01:17,512 DEBUG [EBPB_EMML10STTL-116702] Executing link_Click function:
2016-01-28 00:01:17,864 DEBUG [EBPB_EMML10STTL-116702] Executing Click function
2016-01-28 00:01:18,844 DEBUG [EBPB_EMML10STTL-116702] Exiting Click function
2016-01-28 00:01:18,844 DEBUG [EBPB_EMML10STTL-116702] hidebattery_link clicked successfully
2016-01-28 00:01:18,844 DEBUG [EBPB_EMML10STTL-116702] TestStepResult of link_Click: Pass
2016-01-28 00:01:18,844 DEBUG [EBPB_EMML10STTL-116702] In execute keyword function
2016-01-28 00:01:18,844 DEBUG [EBPB_EMML10STTL-116702] Executing TakeScreenshot function:
2016-01-28 00:01:19,411 DEBUG [EBPB_EMML10STTL-116702] Started Executing Validate_App_launched_Device function
2016-01-28 00:01:19,411 DEBUG [EBPB_EMML10STTL-116702] Entered CheckUIButtonExists function
2016-01-28 00:01:19,411 DEBUG [EBPB_EMML10STTL-116702] Started executeCommandLine function
2016-01-28 00:01:23,424 DEBUG [EBPB_EMML10STTL-116702] Exiting from executeCommandLine function
2016-01-28 00:01:23,424 DEBUG [EBPB_EMML10STTL-116702] Button is not Present
2016-01-28 00:01:23,424 DEBUG [EBPB_EMML10STTL-116702] Exiting from CheckUIButtonExists function
2016-01-28 00:01:23,424 DEBUG [EBPB_EMML10STTL-116702] Started executeCommandLine function
2016-01-28 00:01:27,445 DEBUG [EBPB_EMML10STTL-116702] Given App is in Foreground
2016-01-28 00:01:27,445 DEBUG [EBPB_EMML10STTL-116702] Exiting Validate_App_launched_Device function
2016-01-28 00:01:27,559 DEBUG [EBPB_EMML10STTL-116702] TestStepResult of TakeScreenshot: pass
2016-01-28 00:01:27,560 DEBUG [EBPB_EMML10STTL-116702] In execute keyword function
2016-01-28 00:01:27,560 DEBUG [EBPB_EMML10STTL-116702] Executing link_Click function:
2016-01-28 00:01:27,968 DEBUG [EBPB_EMML10STTL-116702] Executing Click function
2016-01-28 00:01:28,989 DEBUG [EBPB_EMML10STTL-116702] Exiting Click function
2016-01-28 00:01:28,989 DEBUG [EBPB_EMML10STTL-116702] batterycallback_link clicked successfully
2016-01-28 00:01:28,989 DEBUG [EBPB_EMML10STTL-116702] TestStepResult of link_Click: Pass
2016-01-28 00:01:28,989 DEBUG [EBPB_EMML10STTL-116702] In execute keyword function
2016-01-28 00:01:28,989 DEBUG [EBPB_EMML10STTL-116702] Executing wait function:
2016-01-28 00:01:28,989 DEBUG [EBPB_EMML10STTL-116702] Started Executing wait function
2016-01-28 00:01:30,989 DEBUG [EBPB_EMML10STTL-116702] Exiting from wait function
2016-01-28 00:01:30,989 DEBUG [EBPB_EMML10STTL-116702] TestStepResult of wait: Pass
2016-01-28 00:01:30,989 DEBUG [EBPB_EMML10STTL-116702] In execute keyword function
2016-01-28 00:01:30,989 DEBUG [EBPB_EMML10STTL-116702] Executing validate_Result function:
2016-01-28 00:01:31,250 DEBUG [EBPB_EMML10STTL-116702] AC: 1 Text found in AC: 1
main:100
backup: 0
2016-01-28 00:01:31,250 DEBUG [EBPB_EMML10STTL-116702] Result of validate_Result: Pass
2016-01-28 00:01:31,250 DEBUG [EBPB_EMML10STTL-116702] In execute keyword function
2016-01-28 00:01:31,250 DEBUG [EBPB_EMML10STTL-116702] Executing validate_Result function:
2016-01-28 00:01:31,382 DEBUG [EBPB_EMML10STTL-116702] main Text found in AC: 1
main:100
backup: 0
2016-01-28 00:01:31,382 DEBUG [EBPB_EMML10STTL-116702] Result of validate_Result: Pass
2016-01-28 00:01:31,382 DEBUG [EBPB_EMML10STTL-116702] In execute keyword function
2016-01-28 00:01:31,382 DEBUG [EBPB_EMML10STTL-116702] Executing validate_Result function:
2016-01-28 00:01:31,511 DEBUG [EBPB_EMML10STTL-116702] backup Text found in AC: 1
main:100
backup: 0
2016-01-28 00:01:31,511 DEBUG [EBPB_EMML10STTL-116702] Result of validate_Result: Pass
2016-01-28 00:01:31,511 DEBUG [EBPB_EMML10STTL-116702] In execute keyword function
2016-01-28 00:01:31,511 DEBUG [EBPB_EMML10STTL-116702] Executing validate_Screenshot function:
2016-01-28 00:01:31,742 DEBUG [EBPB_EMML10STTL-116702] Match found with reference image
2016-01-28 00:01:31,743 DEBUG [EBPB_EMML10STTL-116702] Result of validate_Screenshot: Pass
2016-01-28 00:01:31,743 DEBUG [EBPB_EMML10STTL-116702] allstep_result contains: PassPasspassPassPasspassPassPassPassPassPassnull
2016-01-28 00:01:31,743 DEBUG [EBPB_EMML10STTL-116702] allexpected_result contains: nullPassnullPassPassPassnullPassnullpassnullpassnull
2016-01-28 00:01:31,743 DEBUG [EBPB_EMML10STTL-116702] Testcase_Result contains: nullPassnullPassPassPassnullPassnullpassnullpassnullPassPasspassPassPasspassPassPassPassPassPassnull
2016-01-28 00:01:31,743 DEBUG [EBPB_EMML10STTL-116702] Test case with description Battery Pass
2016-01-28 00:01:32,883 DEBUG [EBPB_EMML10STTL-116702] Executing browser_Quit function
2016-01-28 00:01:32,883 DEBUG [EBPB_EMML10STTL-116702] Completed browser_Quit function
2016-01-28 00:01:32,883 DEBUG [EBPB_EMML10STTL-116702] Completed quitSelendroid function
2016-01-28 00:01:32,883 DEBUG [EBPB_EMML10STTL-116702] Row number:3
2016-01-28 00:01:32,916 DEBUG [EBPB_EMML10STTL-116702] Ending Test Case IDSTTL-116702
