2016-01-28 00:04:29,873 DEBUG [EBPB_EMML10STTL-116707] Executing Test Case ID: STTL-116707
2016-01-28 00:04:29,881 DEBUG [EBPB_EMML10STTL-116707] Executing Init_Selendroid function with APK as parameter and clear data value with 1
2016-01-28 00:04:40,201 DEBUG [EBPB_EMML10STTL-116707] Exiting Init_Selendroid function
2016-01-28 00:04:40,214 DEBUG [EBPB_EMML10STTL-116707] TestCase with Description "Hourglass " Execution started
2016-01-28 00:04:40,214 DEBUG [EBPB_EMML10STTL-116707] In execute keyword function
2016-01-28 00:04:40,214 DEBUG [EBPB_EMML10STTL-116707] Executing wait function:
2016-01-28 00:04:40,214 DEBUG [EBPB_EMML10STTL-116707] Started Executing wait function
2016-01-28 00:04:43,215 DEBUG [EBPB_EMML10STTL-116707] Exiting from wait function
2016-01-28 00:04:43,215 DEBUG [EBPB_EMML10STTL-116707] TestStepResult of wait: Pass
2016-01-28 00:04:43,215 DEBUG [EBPB_EMML10STTL-116707] In execute keyword function
2016-01-28 00:04:43,215 DEBUG [EBPB_EMML10STTL-116707] Executing validate_PageTitle function:
2016-01-28 00:04:43,256 DEBUG [EBPB_EMML10STTL-116707] The title of the page is *********************************: Pocket Browser Tests
2016-01-28 00:04:43,256 DEBUG [EBPB_EMML10STTL-116707] The page title found is correct
2016-01-28 00:04:43,256 DEBUG [EBPB_EMML10STTL-116707] Result of validate_PageTitle: pass
2016-01-28 00:04:43,256 DEBUG [EBPB_EMML10STTL-116707] In execute keyword function
2016-01-28 00:04:43,256 DEBUG [EBPB_EMML10STTL-116707] Executing link_Click function:
2016-01-28 00:04:43,878 DEBUG [EBPB_EMML10STTL-116707] Executing Click function
2016-01-28 00:04:44,933 DEBUG [EBPB_EMML10STTL-116707] Exiting Click function
2016-01-28 00:04:44,933 DEBUG [EBPB_EMML10STTL-116707] EMML10_test_link clicked successfully
2016-01-28 00:04:44,933 DEBUG [EBPB_EMML10STTL-116707] TestStepResult of link_Click: Pass
2016-01-28 00:04:44,934 DEBUG [EBPB_EMML10STTL-116707] In execute keyword function
2016-01-28 00:04:44,934 DEBUG [EBPB_EMML10STTL-116707] Executing wait function:
2016-01-28 00:04:44,934 DEBUG [EBPB_EMML10STTL-116707] Started Executing wait function
2016-01-28 00:04:46,934 DEBUG [EBPB_EMML10STTL-116707] Exiting from wait function
2016-01-28 00:04:46,934 DEBUG [EBPB_EMML10STTL-116707] TestStepResult of wait: Pass
2016-01-28 00:04:46,934 DEBUG [EBPB_EMML10STTL-116707] In execute keyword function
2016-01-28 00:04:46,934 DEBUG [EBPB_EMML10STTL-116707] Executing validate_PageTitle function:
2016-01-28 00:04:46,974 DEBUG [EBPB_EMML10STTL-116707] The title of the page is *********************************: EMML1.0 Test Index Page
2016-01-28 00:04:46,974 DEBUG [EBPB_EMML10STTL-116707] The page title found is correct
2016-01-28 00:04:46,974 DEBUG [EBPB_EMML10STTL-116707] Result of validate_PageTitle: pass
2016-01-28 00:04:46,974 DEBUG [EBPB_EMML10STTL-116707] In execute keyword function
2016-01-28 00:04:46,974 DEBUG [EBPB_EMML10STTL-116707] Executing link_Click function:
2016-01-28 00:04:47,383 DEBUG [EBPB_EMML10STTL-116707] Executing Click function
2016-01-28 00:04:48,339 DEBUG [EBPB_EMML10STTL-116707] Exiting Click function
2016-01-28 00:04:48,339 DEBUG [EBPB_EMML10STTL-116707] DeviceApplicationhourglass10_test_link clicked successfully
2016-01-28 00:04:48,339 DEBUG [EBPB_EMML10STTL-116707] TestStepResult of link_Click: Pass
2016-01-28 00:04:48,339 DEBUG [EBPB_EMML10STTL-116707] In execute keyword function
2016-01-28 00:04:48,339 DEBUG [EBPB_EMML10STTL-116707] Executing validate_isIconDisplayed function:
2016-01-28 00:04:48,339 DEBUG [EBPB_EMML10STTL-116707] Entered validate_isIconDisplayed function
2016-01-28 00:04:48,821 DEBUG [EBPB_EMML10STTL-116707] Result of validate_isIconDisplayed: Pass
2016-01-28 00:04:48,821 DEBUG [EBPB_EMML10STTL-116707] In execute keyword function
2016-01-28 00:04:48,821 DEBUG [EBPB_EMML10STTL-116707] Executing validate_Iconposition function:
2016-01-28 00:04:48,821 DEBUG [EBPB_EMML10STTL-116707] Entered validate_Iconposition function
2016-01-28 00:04:49,825 DEBUG [EBPB_EMML10STTL-116707] Result of validate_Iconposition: Pass
2016-01-28 00:04:49,825 DEBUG [EBPB_EMML10STTL-116707] In execute keyword function
2016-01-28 00:04:49,825 DEBUG [EBPB_EMML10STTL-116707] Executing validate_Iconposition function:
2016-01-28 00:04:49,825 DEBUG [EBPB_EMML10STTL-116707] Entered validate_Iconposition function
2016-01-28 00:04:50,680 DEBUG [EBPB_EMML10STTL-116707] Result of validate_Iconposition: Pass
2016-01-28 00:04:50,680 DEBUG [EBPB_EMML10STTL-116707] allstep_result contains: PassPassPassPassnull
2016-01-28 00:04:50,680 DEBUG [EBPB_EMML10STTL-116707] allexpected_result contains: nullPassPassPassnullpassnullpassnull
2016-01-28 00:04:50,680 DEBUG [EBPB_EMML10STTL-116707] Testcase_Result contains: nullPassPassPassnullpassnullpassnullPassPassPassPassnull
2016-01-28 00:04:50,680 DEBUG [EBPB_EMML10STTL-116707] Test case with description Hourglass  Pass
2016-01-28 00:04:51,728 DEBUG [EBPB_EMML10STTL-116707] Executing browser_Quit function
2016-01-28 00:04:51,728 DEBUG [EBPB_EMML10STTL-116707] Completed browser_Quit function
2016-01-28 00:04:51,728 DEBUG [EBPB_EMML10STTL-116707] Completed quitSelendroid function
2016-01-28 00:04:51,729 DEBUG [EBPB_EMML10STTL-116707] Row number:0
2016-01-28 00:04:51,757 DEBUG [EBPB_EMML10STTL-116707] Ending Test Case IDSTTL-116707
