2016-01-28 00:03:51,839 DEBUG [EBPB_EMML10STTL-116706] Executing Test Case ID: STTL-116706
2016-01-28 00:03:51,846 DEBUG [EBPB_EMML10STTL-116706] Executing Init_Selendroid function with APK as parameter and clear data value with 1
2016-01-28 00:04:01,798 DEBUG [EBPB_EMML10STTL-116706] Exiting Init_Selendroid function
2016-01-28 00:04:01,812 DEBUG [EBPB_EMML10STTL-116706] TestCase with Description "Imager " Execution started
2016-01-28 00:04:01,812 DEBUG [EBPB_EMML10STTL-116706] In execute keyword function
2016-01-28 00:04:01,812 DEBUG [EBPB_EMML10STTL-116706] Executing wait function:
2016-01-28 00:04:01,812 DEBUG [EBPB_EMML10STTL-116706] Started Executing wait function
2016-01-28 00:04:04,812 DEBUG [EBPB_EMML10STTL-116706] Exiting from wait function
2016-01-28 00:04:04,812 DEBUG [EBPB_EMML10STTL-116706] TestStepResult of wait: Pass
2016-01-28 00:04:04,812 DEBUG [EBPB_EMML10STTL-116706] In execute keyword function
2016-01-28 00:04:04,812 DEBUG [EBPB_EMML10STTL-116706] Executing validate_PageTitle function:
2016-01-28 00:04:04,852 DEBUG [EBPB_EMML10STTL-116706] The title of the page is *********************************: Pocket Browser Tests
2016-01-28 00:04:04,852 DEBUG [EBPB_EMML10STTL-116706] The page title found is correct
2016-01-28 00:04:04,852 DEBUG [EBPB_EMML10STTL-116706] Result of validate_PageTitle: pass
2016-01-28 00:04:04,852 DEBUG [EBPB_EMML10STTL-116706] In execute keyword function
2016-01-28 00:04:04,852 DEBUG [EBPB_EMML10STTL-116706] Executing link_Click function:
2016-01-28 00:04:05,465 DEBUG [EBPB_EMML10STTL-116706] Executing Click function
2016-01-28 00:04:06,567 DEBUG [EBPB_EMML10STTL-116706] Exiting Click function
2016-01-28 00:04:06,567 DEBUG [EBPB_EMML10STTL-116706] EMML10_test_link clicked successfully
2016-01-28 00:04:06,567 DEBUG [EBPB_EMML10STTL-116706] TestStepResult of link_Click: Pass
2016-01-28 00:04:06,567 DEBUG [EBPB_EMML10STTL-116706] In execute keyword function
2016-01-28 00:04:06,567 DEBUG [EBPB_EMML10STTL-116706] Executing wait function:
2016-01-28 00:04:06,567 DEBUG [EBPB_EMML10STTL-116706] Started Executing wait function
2016-01-28 00:04:08,567 DEBUG [EBPB_EMML10STTL-116706] Exiting from wait function
2016-01-28 00:04:08,567 DEBUG [EBPB_EMML10STTL-116706] TestStepResult of wait: Pass
2016-01-28 00:04:08,567 DEBUG [EBPB_EMML10STTL-116706] In execute keyword function
2016-01-28 00:04:08,567 DEBUG [EBPB_EMML10STTL-116706] Executing validate_PageTitle function:
2016-01-28 00:04:08,604 DEBUG [EBPB_EMML10STTL-116706] The title of the page is *********************************: EMML1.0 Test Index Page
2016-01-28 00:04:08,604 DEBUG [EBPB_EMML10STTL-116706] The page title found is correct
2016-01-28 00:04:08,604 DEBUG [EBPB_EMML10STTL-116706] Result of validate_PageTitle: pass
2016-01-28 00:04:08,604 DEBUG [EBPB_EMML10STTL-116706] In execute keyword function
2016-01-28 00:04:08,604 DEBUG [EBPB_EMML10STTL-116706] Executing link_Click function:
2016-01-28 00:04:08,979 DEBUG [EBPB_EMML10STTL-116706] Executing Click function
2016-01-28 00:04:09,940 DEBUG [EBPB_EMML10STTL-116706] Exiting Click function
2016-01-28 00:04:09,940 DEBUG [EBPB_EMML10STTL-116706] imager10_test_link clicked successfully
2016-01-28 00:04:09,940 DEBUG [EBPB_EMML10STTL-116706] TestStepResult of link_Click: Pass
2016-01-28 00:04:09,940 DEBUG [EBPB_EMML10STTL-116706] In execute keyword function
2016-01-28 00:04:09,940 DEBUG [EBPB_EMML10STTL-116706] Executing ClickRunTest function:
2016-01-28 00:04:11,265 DEBUG [EBPB_EMML10STTL-116706] Executing Click function
2016-01-28 00:04:12,224 DEBUG [EBPB_EMML10STTL-116706] Exiting Click function
2016-01-28 00:04:12,224 DEBUG [EBPB_EMML10STTL-116706] captureButton_xpath Button clicked Successfully
2016-01-28 00:04:12,224 DEBUG [EBPB_EMML10STTL-116706] TestStepResult of ClickRunTest: pass
2016-01-28 00:04:12,224 DEBUG [EBPB_EMML10STTL-116706] In execute keyword function
2016-01-28 00:04:12,224 DEBUG [EBPB_EMML10STTL-116706] Executing wait function:
2016-01-28 00:04:12,224 DEBUG [EBPB_EMML10STTL-116706] Started Executing wait function
2016-01-28 00:04:16,224 DEBUG [EBPB_EMML10STTL-116706] Exiting from wait function
2016-01-28 00:04:16,224 DEBUG [EBPB_EMML10STTL-116706] TestStepResult of wait: Pass
2016-01-28 00:04:16,224 DEBUG [EBPB_EMML10STTL-116706] In execute keyword function
2016-01-28 00:04:16,224 DEBUG [EBPB_EMML10STTL-116706] Executing CheckUITextContains function:
2016-01-28 00:04:16,224 DEBUG [EBPB_EMML10STTL-116706] Started executeCommandLine function
2016-01-28 00:04:20,244 DEBUG [EBPB_EMML10STTL-116706] Text is Present
2016-01-28 00:04:20,244 DEBUG [EBPB_EMML10STTL-116706] TestStepResult of CheckUITextContains: Pass
2016-01-28 00:04:20,244 DEBUG [EBPB_EMML10STTL-116706] In execute keyword function
2016-01-28 00:04:20,244 DEBUG [EBPB_EMML10STTL-116706] Executing ClickUIButtonText function:
2016-01-28 00:04:20,244 DEBUG [EBPB_EMML10STTL-116706] Entered ClickUIButtonText function
2016-01-28 00:04:20,244 DEBUG [EBPB_EMML10STTL-116706] Started executeCommandLine function
2016-01-28 00:04:24,255 DEBUG [EBPB_EMML10STTL-116706] Started executeCommandLine function
2016-01-28 00:04:28,733 DEBUG [EBPB_EMML10STTL-116706] Exiting ClickUIButtonText function
2016-01-28 00:04:28,734 DEBUG [EBPB_EMML10STTL-116706] TestStepResult of ClickUIButtonText: Pass
2016-01-28 00:04:28,734 DEBUG [EBPB_EMML10STTL-116706] allstep_result contains: PassPassPasspassPassPassPassPassnull
2016-01-28 00:04:28,734 DEBUG [EBPB_EMML10STTL-116706] allexpected_result contains: nullpassnullpassnull
2016-01-28 00:04:28,734 DEBUG [EBPB_EMML10STTL-116706] Testcase_Result contains: nullpassnullpassnullPassPassPasspassPassPassPassPassnull
2016-01-28 00:04:28,734 DEBUG [EBPB_EMML10STTL-116706] Test case with description Imager  Pass
2016-01-28 00:04:29,847 DEBUG [EBPB_EMML10STTL-116706] Executing browser_Quit function
2016-01-28 00:04:29,847 DEBUG [EBPB_EMML10STTL-116706] Completed browser_Quit function
2016-01-28 00:04:29,847 DEBUG [EBPB_EMML10STTL-116706] Completed quitSelendroid function
2016-01-28 00:04:29,847 DEBUG [EBPB_EMML10STTL-116706] Row number:0
2016-01-28 00:04:29,858 DEBUG [EBPB_EMML10STTL-116706] Ending Test Case IDSTTL-116706
