2016-01-28 00:37:28,139 DEBUG [EBPB_FileManagementSTTL-116707] Executing Test Case ID: STTL-116707
2016-01-28 00:37:28,146 DEBUG [EBPB_FileManagementSTTL-116707] Executing Init_Selendroid function with APK as parameter and clear data value with 1
2016-01-28 00:37:37,202 DEBUG [EBPB_FileManagementSTTL-116707] Exiting Init_Selendroid function
2016-01-28 00:37:37,217 DEBUG [EBPB_FileManagementSTTL-116707] TestCase with Description ".

HTTP Server to device with valid username and password" Execution started
2016-01-28 00:37:37,217 DEBUG [EBPB_FileManagementSTTL-116707] In execute keyword function
2016-01-28 00:37:37,217 DEBUG [EBPB_FileManagementSTTL-116707] Executing wait function:
2016-01-28 00:37:37,217 DEBUG [EBPB_FileManagementSTTL-116707] Started Executing wait function
2016-01-28 00:37:39,217 DEBUG [EBPB_FileManagementSTTL-116707] Exiting from wait function
2016-01-28 00:37:39,217 DEBUG [EBPB_FileManagementSTTL-116707] TestStepResult of wait: Pass
2016-01-28 00:37:39,217 DEBUG [EBPB_FileManagementSTTL-116707] In execute keyword function
2016-01-28 00:37:39,217 DEBUG [EBPB_FileManagementSTTL-116707] Executing validate_PageTitle function:
2016-01-28 00:37:39,261 DEBUG [EBPB_FileManagementSTTL-116707] The title of the page is *********************************: Pocket Browser Tests
2016-01-28 00:37:39,261 DEBUG [EBPB_FileManagementSTTL-116707] The page title found is correct
2016-01-28 00:37:39,261 DEBUG [EBPB_FileManagementSTTL-116707] Result of validate_PageTitle: pass
2016-01-28 00:37:39,261 DEBUG [EBPB_FileManagementSTTL-116707] In execute keyword function
2016-01-28 00:37:39,261 DEBUG [EBPB_FileManagementSTTL-116707] Executing link_Click function:
2016-01-28 00:37:39,867 DEBUG [EBPB_FileManagementSTTL-116707] Executing Click function
2016-01-28 00:37:40,920 DEBUG [EBPB_FileManagementSTTL-116707] Exiting Click function
2016-01-28 00:37:40,920 DEBUG [EBPB_FileManagementSTTL-116707] filemanagement_test_link clicked successfully
2016-01-28 00:37:40,920 DEBUG [EBPB_FileManagementSTTL-116707] TestStepResult of link_Click: Pass
2016-01-28 00:37:40,921 DEBUG [EBPB_FileManagementSTTL-116707] In execute keyword function
2016-01-28 00:37:40,921 DEBUG [EBPB_FileManagementSTTL-116707] Executing wait function:
2016-01-28 00:37:40,921 DEBUG [EBPB_FileManagementSTTL-116707] Started Executing wait function
2016-01-28 00:37:42,922 DEBUG [EBPB_FileManagementSTTL-116707] Exiting from wait function
2016-01-28 00:37:42,922 DEBUG [EBPB_FileManagementSTTL-116707] TestStepResult of wait: Pass
2016-01-28 00:37:42,922 DEBUG [EBPB_FileManagementSTTL-116707] In execute keyword function
2016-01-28 00:37:42,922 DEBUG [EBPB_FileManagementSTTL-116707] Executing validate_PageTitle function:
2016-01-28 00:37:42,958 DEBUG [EBPB_FileManagementSTTL-116707] The title of the page is *********************************: PB and RE2.2 Semi Auto Frame Work : FileManagement
2016-01-28 00:37:42,958 DEBUG [EBPB_FileManagementSTTL-116707] The page title found is correct
2016-01-28 00:37:42,958 DEBUG [EBPB_FileManagementSTTL-116707] Result of validate_PageTitle: pass
2016-01-28 00:37:42,958 DEBUG [EBPB_FileManagementSTTL-116707] In execute keyword function
2016-01-28 00:37:42,958 DEBUG [EBPB_FileManagementSTTL-116707] Executing SelectTestToRun function:
2016-01-28 00:37:45,900 DEBUG [EBPB_FileManagementSTTL-116707] Successfull in selecting clicking the category
2016-01-28 00:37:45,900 DEBUG [EBPB_FileManagementSTTL-116707] TestStepResult of SelectTestToRun: pass
2016-01-28 00:37:45,900 DEBUG [EBPB_FileManagementSTTL-116707] In execute keyword function
2016-01-28 00:37:45,900 DEBUG [EBPB_FileManagementSTTL-116707] Executing ClickRunTest function:
2016-01-28 00:37:46,201 DEBUG [EBPB_FileManagementSTTL-116707] Executing Click function
2016-01-28 00:37:47,212 DEBUG [EBPB_FileManagementSTTL-116707] Exiting Click function
2016-01-28 00:37:47,212 DEBUG [EBPB_FileManagementSTTL-116707] runtest_top_xpath Button clicked Successfully
2016-01-28 00:37:47,212 DEBUG [EBPB_FileManagementSTTL-116707] TestStepResult of ClickRunTest: pass
2016-01-28 00:37:47,212 DEBUG [EBPB_FileManagementSTTL-116707] In execute keyword function
2016-01-28 00:37:47,212 DEBUG [EBPB_FileManagementSTTL-116707] Executing validate_Text_Exists function:
2016-01-28 00:37:47,501 DEBUG [EBPB_FileManagementSTTL-116707] VT056-1029 Testcase Text found
2016-01-28 00:37:47,501 DEBUG [EBPB_FileManagementSTTL-116707] Result of validate_Text_Exists: Pass
2016-01-28 00:37:47,501 DEBUG [EBPB_FileManagementSTTL-116707] In execute keyword function
2016-01-28 00:37:47,501 DEBUG [EBPB_FileManagementSTTL-116707] Executing wait function:
2016-01-28 00:37:47,501 DEBUG [EBPB_FileManagementSTTL-116707] Started Executing wait function
2016-01-28 00:37:57,502 DEBUG [EBPB_FileManagementSTTL-116707] Exiting from wait function
2016-01-28 00:37:57,502 DEBUG [EBPB_FileManagementSTTL-116707] TestStepResult of wait: Pass
2016-01-28 00:37:57,502 DEBUG [EBPB_FileManagementSTTL-116707] In execute keyword function
2016-01-28 00:37:57,502 DEBUG [EBPB_FileManagementSTTL-116707] Executing validate_Result function:
2016-01-28 00:37:57,769 DEBUG [EBPB_FileManagementSTTL-116707] Received Text found in OK: File Received
2016-01-28 00:37:57,769 DEBUG [EBPB_FileManagementSTTL-116707] Result of validate_Result: Pass
2016-01-28 00:37:57,769 DEBUG [EBPB_FileManagementSTTL-116707] allstep_result contains: PasspasspassPassPassPassnull
2016-01-28 00:37:57,769 DEBUG [EBPB_FileManagementSTTL-116707] allexpected_result contains: nullPassnullPassnullpassnullpassnull
2016-01-28 00:37:57,769 DEBUG [EBPB_FileManagementSTTL-116707] Testcase_Result contains: nullPassnullPassnullpassnullpassnullPasspasspassPassPassPassnull
2016-01-28 00:37:57,769 DEBUG [EBPB_FileManagementSTTL-116707] Test case with description .

HTTP Server to device with valid username and password Pass
2016-01-28 00:37:58,729 DEBUG [EBPB_FileManagementSTTL-116707] Executing browser_Quit function
2016-01-28 00:37:58,729 DEBUG [EBPB_FileManagementSTTL-116707] Completed browser_Quit function
2016-01-28 00:37:58,729 DEBUG [EBPB_FileManagementSTTL-116707] Completed quitSelendroid function
2016-01-28 00:37:58,729 DEBUG [EBPB_FileManagementSTTL-116707] Row number:8
2016-01-28 00:37:58,765 DEBUG [EBPB_FileManagementSTTL-116707] Ending Test Case IDSTTL-116707
