2016-01-28 00:41:39,899 DEBUG [EBPB_FileManagementSTTL-116715] Executing Test Case ID: STTL-116715
2016-01-28 00:41:39,905 DEBUG [EBPB_FileManagementSTTL-116715] Executing Init_Selendroid function with APK as parameter and clear data value with 1
2016-01-28 00:41:50,617 DEBUG [EBPB_FileManagementSTTL-116715] Exiting Init_Selendroid function
2016-01-28 00:41:50,632 DEBUG [EBPB_FileManagementSTTL-116715] TestCase with Description ".

Device File System to FTP Server with valid username and invalid password" Execution started
2016-01-28 00:41:50,632 DEBUG [EBPB_FileManagementSTTL-116715] In execute keyword function
2016-01-28 00:41:50,632 DEBUG [EBPB_FileManagementSTTL-116715] Executing wait function:
2016-01-28 00:41:50,632 DEBUG [EBPB_FileManagementSTTL-116715] Started Executing wait function
2016-01-28 00:41:52,633 DEBUG [EBPB_FileManagementSTTL-116715] Exiting from wait function
2016-01-28 00:41:52,633 DEBUG [EBPB_FileManagementSTTL-116715] TestStepResult of wait: Pass
2016-01-28 00:41:52,633 DEBUG [EBPB_FileManagementSTTL-116715] In execute keyword function
2016-01-28 00:41:52,633 DEBUG [EBPB_FileManagementSTTL-116715] Executing validate_PageTitle function:
2016-01-28 00:41:52,679 DEBUG [EBPB_FileManagementSTTL-116715] The title of the page is *********************************: Pocket Browser Tests
2016-01-28 00:41:52,679 DEBUG [EBPB_FileManagementSTTL-116715] The page title found is correct
2016-01-28 00:41:52,679 DEBUG [EBPB_FileManagementSTTL-116715] Result of validate_PageTitle: pass
2016-01-28 00:41:52,679 DEBUG [EBPB_FileManagementSTTL-116715] In execute keyword function
2016-01-28 00:41:52,679 DEBUG [EBPB_FileManagementSTTL-116715] Executing link_Click function:
2016-01-28 00:41:53,318 DEBUG [EBPB_FileManagementSTTL-116715] Executing Click function
2016-01-28 00:41:54,371 DEBUG [EBPB_FileManagementSTTL-116715] Exiting Click function
2016-01-28 00:41:54,371 DEBUG [EBPB_FileManagementSTTL-116715] filemanagement_test_link clicked successfully
2016-01-28 00:41:54,371 DEBUG [EBPB_FileManagementSTTL-116715] TestStepResult of link_Click: Pass
2016-01-28 00:41:54,371 DEBUG [EBPB_FileManagementSTTL-116715] In execute keyword function
2016-01-28 00:41:54,371 DEBUG [EBPB_FileManagementSTTL-116715] Executing wait function:
2016-01-28 00:41:54,371 DEBUG [EBPB_FileManagementSTTL-116715] Started Executing wait function
2016-01-28 00:41:56,371 DEBUG [EBPB_FileManagementSTTL-116715] Exiting from wait function
2016-01-28 00:41:56,371 DEBUG [EBPB_FileManagementSTTL-116715] TestStepResult of wait: Pass
2016-01-28 00:41:56,371 DEBUG [EBPB_FileManagementSTTL-116715] In execute keyword function
2016-01-28 00:41:56,371 DEBUG [EBPB_FileManagementSTTL-116715] Executing validate_PageTitle function:
2016-01-28 00:41:56,406 DEBUG [EBPB_FileManagementSTTL-116715] The title of the page is *********************************: PB and RE2.2 Semi Auto Frame Work : FileManagement
2016-01-28 00:41:56,407 DEBUG [EBPB_FileManagementSTTL-116715] The page title found is correct
2016-01-28 00:41:56,407 DEBUG [EBPB_FileManagementSTTL-116715] Result of validate_PageTitle: pass
2016-01-28 00:41:56,407 DEBUG [EBPB_FileManagementSTTL-116715] In execute keyword function
2016-01-28 00:41:56,407 DEBUG [EBPB_FileManagementSTTL-116715] Executing SelectTestToRun function:
2016-01-28 00:42:00,300 DEBUG [EBPB_FileManagementSTTL-116715] Successfull in selecting clicking the category
2016-01-28 00:42:00,301 DEBUG [EBPB_FileManagementSTTL-116715] TestStepResult of SelectTestToRun: pass
2016-01-28 00:42:00,301 DEBUG [EBPB_FileManagementSTTL-116715] In execute keyword function
2016-01-28 00:42:00,301 DEBUG [EBPB_FileManagementSTTL-116715] Executing ClickRunTest function:
2016-01-28 00:42:00,665 DEBUG [EBPB_FileManagementSTTL-116715] Executing Click function
2016-01-28 00:42:01,641 DEBUG [EBPB_FileManagementSTTL-116715] Exiting Click function
2016-01-28 00:42:01,641 DEBUG [EBPB_FileManagementSTTL-116715] runtest_top_xpath Button clicked Successfully
2016-01-28 00:42:01,641 DEBUG [EBPB_FileManagementSTTL-116715] TestStepResult of ClickRunTest: pass
2016-01-28 00:42:01,641 DEBUG [EBPB_FileManagementSTTL-116715] In execute keyword function
2016-01-28 00:42:01,641 DEBUG [EBPB_FileManagementSTTL-116715] Executing validate_Text_Exists function:
2016-01-28 00:42:01,910 DEBUG [EBPB_FileManagementSTTL-116715] VT056-1037 Testcase Text found
2016-01-28 00:42:01,910 DEBUG [EBPB_FileManagementSTTL-116715] Result of validate_Text_Exists: Pass
2016-01-28 00:42:01,910 DEBUG [EBPB_FileManagementSTTL-116715] In execute keyword function
2016-01-28 00:42:01,910 DEBUG [EBPB_FileManagementSTTL-116715] Executing wait function:
2016-01-28 00:42:01,910 DEBUG [EBPB_FileManagementSTTL-116715] Started Executing wait function
2016-01-28 00:42:11,911 DEBUG [EBPB_FileManagementSTTL-116715] Exiting from wait function
2016-01-28 00:42:11,911 DEBUG [EBPB_FileManagementSTTL-116715] TestStepResult of wait: Pass
2016-01-28 00:42:11,911 DEBUG [EBPB_FileManagementSTTL-116715] In execute keyword function
2016-01-28 00:42:11,911 DEBUG [EBPB_FileManagementSTTL-116715] Executing validate_Result function:
2016-01-28 00:42:12,214 DEBUG [EBPB_FileManagementSTTL-116715] 12014 Text found in Error Code: 12014
2016-01-28 00:42:12,214 DEBUG [EBPB_FileManagementSTTL-116715] Result of validate_Result: Pass
2016-01-28 00:42:12,214 DEBUG [EBPB_FileManagementSTTL-116715] allstep_result contains: PasspasspassPassPassPassnull
2016-01-28 00:42:12,214 DEBUG [EBPB_FileManagementSTTL-116715] allexpected_result contains: nullPassnullPassnullpassnullpassnull
2016-01-28 00:42:12,214 DEBUG [EBPB_FileManagementSTTL-116715] Testcase_Result contains: nullPassnullPassnullpassnullpassnullPasspasspassPassPassPassnull
2016-01-28 00:42:12,214 DEBUG [EBPB_FileManagementSTTL-116715] Test case with description .

Device File System to FTP Server with valid username and invalid password Pass
2016-01-28 00:42:13,127 DEBUG [EBPB_FileManagementSTTL-116715] Executing browser_Quit function
2016-01-28 00:42:13,127 DEBUG [EBPB_FileManagementSTTL-116715] Completed browser_Quit function
2016-01-28 00:42:13,127 DEBUG [EBPB_FileManagementSTTL-116715] Completed quitSelendroid function
2016-01-28 00:42:13,128 DEBUG [EBPB_FileManagementSTTL-116715] Row number:16
2016-01-28 00:42:13,165 DEBUG [EBPB_FileManagementSTTL-116715] Ending Test Case IDSTTL-116715
