2016-01-28 00:39:31,356 DEBUG [EBPB_FileManagementSTTL-116711] Executing Test Case ID: STTL-116711
2016-01-28 00:39:31,362 DEBUG [EBPB_FileManagementSTTL-116711] Executing Init_Selendroid function with APK as parameter and clear data value with 1
2016-01-28 00:39:40,250 DEBUG [EBPB_FileManagementSTTL-116711] Exiting Init_Selendroid function
2016-01-28 00:39:40,265 DEBUG [EBPB_FileManagementSTTL-116711] TestCase with Description ".

FTP Server to Device Create folder:False" Execution started
2016-01-28 00:39:40,265 DEBUG [EBPB_FileManagementSTTL-116711] In execute keyword function
2016-01-28 00:39:40,265 DEBUG [EBPB_FileManagementSTTL-116711] Executing wait function:
2016-01-28 00:39:40,265 DEBUG [EBPB_FileManagementSTTL-116711] Started Executing wait function
2016-01-28 00:39:42,267 DEBUG [EBPB_FileManagementSTTL-116711] Exiting from wait function
2016-01-28 00:39:42,267 DEBUG [EBPB_FileManagementSTTL-116711] TestStepResult of wait: Pass
2016-01-28 00:39:42,267 DEBUG [EBPB_FileManagementSTTL-116711] In execute keyword function
2016-01-28 00:39:42,267 DEBUG [EBPB_FileManagementSTTL-116711] Executing validate_PageTitle function:
2016-01-28 00:39:42,313 DEBUG [EBPB_FileManagementSTTL-116711] The title of the page is *********************************: Pocket Browser Tests
2016-01-28 00:39:42,313 DEBUG [EBPB_FileManagementSTTL-116711] The page title found is correct
2016-01-28 00:39:42,313 DEBUG [EBPB_FileManagementSTTL-116711] Result of validate_PageTitle: pass
2016-01-28 00:39:42,313 DEBUG [EBPB_FileManagementSTTL-116711] In execute keyword function
2016-01-28 00:39:42,313 DEBUG [EBPB_FileManagementSTTL-116711] Executing link_Click function:
2016-01-28 00:39:42,964 DEBUG [EBPB_FileManagementSTTL-116711] Executing Click function
2016-01-28 00:39:44,042 DEBUG [EBPB_FileManagementSTTL-116711] Exiting Click function
2016-01-28 00:39:44,042 DEBUG [EBPB_FileManagementSTTL-116711] filemanagement_test_link clicked successfully
2016-01-28 00:39:44,042 DEBUG [EBPB_FileManagementSTTL-116711] TestStepResult of link_Click: Pass
2016-01-28 00:39:44,042 DEBUG [EBPB_FileManagementSTTL-116711] In execute keyword function
2016-01-28 00:39:44,042 DEBUG [EBPB_FileManagementSTTL-116711] Executing wait function:
2016-01-28 00:39:44,042 DEBUG [EBPB_FileManagementSTTL-116711] Started Executing wait function
2016-01-28 00:39:46,042 DEBUG [EBPB_FileManagementSTTL-116711] Exiting from wait function
2016-01-28 00:39:46,042 DEBUG [EBPB_FileManagementSTTL-116711] TestStepResult of wait: Pass
2016-01-28 00:39:46,042 DEBUG [EBPB_FileManagementSTTL-116711] In execute keyword function
2016-01-28 00:39:46,042 DEBUG [EBPB_FileManagementSTTL-116711] Executing validate_PageTitle function:
2016-01-28 00:39:46,078 DEBUG [EBPB_FileManagementSTTL-116711] The title of the page is *********************************: PB and RE2.2 Semi Auto Frame Work : FileManagement
2016-01-28 00:39:46,078 DEBUG [EBPB_FileManagementSTTL-116711] The page title found is correct
2016-01-28 00:39:46,078 DEBUG [EBPB_FileManagementSTTL-116711] Result of validate_PageTitle: pass
2016-01-28 00:39:46,078 DEBUG [EBPB_FileManagementSTTL-116711] In execute keyword function
2016-01-28 00:39:46,078 DEBUG [EBPB_FileManagementSTTL-116711] Executing SelectTestToRun function:
2016-01-28 00:39:49,406 DEBUG [EBPB_FileManagementSTTL-116711] Successfull in selecting clicking the category
2016-01-28 00:39:49,406 DEBUG [EBPB_FileManagementSTTL-116711] TestStepResult of SelectTestToRun: pass
2016-01-28 00:39:49,406 DEBUG [EBPB_FileManagementSTTL-116711] In execute keyword function
2016-01-28 00:39:49,406 DEBUG [EBPB_FileManagementSTTL-116711] Executing ClickRunTest function:
2016-01-28 00:39:49,768 DEBUG [EBPB_FileManagementSTTL-116711] Executing Click function
2016-01-28 00:39:50,821 DEBUG [EBPB_FileManagementSTTL-116711] Exiting Click function
2016-01-28 00:39:50,821 DEBUG [EBPB_FileManagementSTTL-116711] runtest_top_xpath Button clicked Successfully
2016-01-28 00:39:50,821 DEBUG [EBPB_FileManagementSTTL-116711] TestStepResult of ClickRunTest: pass
2016-01-28 00:39:50,821 DEBUG [EBPB_FileManagementSTTL-116711] In execute keyword function
2016-01-28 00:39:50,821 DEBUG [EBPB_FileManagementSTTL-116711] Executing validate_Text_Exists function:
2016-01-28 00:39:51,105 DEBUG [EBPB_FileManagementSTTL-116711] VT056-1033 Testcase Text found
2016-01-28 00:39:51,105 DEBUG [EBPB_FileManagementSTTL-116711] Result of validate_Text_Exists: Pass
2016-01-28 00:39:51,105 DEBUG [EBPB_FileManagementSTTL-116711] In execute keyword function
2016-01-28 00:39:51,105 DEBUG [EBPB_FileManagementSTTL-116711] Executing wait function:
2016-01-28 00:39:51,105 DEBUG [EBPB_FileManagementSTTL-116711] Started Executing wait function
2016-01-28 00:40:01,106 DEBUG [EBPB_FileManagementSTTL-116711] Exiting from wait function
2016-01-28 00:40:01,106 DEBUG [EBPB_FileManagementSTTL-116711] TestStepResult of wait: Pass
2016-01-28 00:40:01,106 DEBUG [EBPB_FileManagementSTTL-116711] In execute keyword function
2016-01-28 00:40:01,106 DEBUG [EBPB_FileManagementSTTL-116711] Executing validate_Result function:
2016-01-28 00:40:01,395 DEBUG [EBPB_FileManagementSTTL-116711] Exception Text found in Error Code: IO Exception
2016-01-28 00:40:01,395 DEBUG [EBPB_FileManagementSTTL-116711] Result of validate_Result: Pass
2016-01-28 00:40:01,395 DEBUG [EBPB_FileManagementSTTL-116711] allstep_result contains: PasspasspassPassPassPassnull
2016-01-28 00:40:01,395 DEBUG [EBPB_FileManagementSTTL-116711] allexpected_result contains: nullPassnullPassnullpassnullpassnull
2016-01-28 00:40:01,395 DEBUG [EBPB_FileManagementSTTL-116711] Testcase_Result contains: nullPassnullPassnullpassnullpassnullPasspasspassPassPassPassnull
2016-01-28 00:40:01,395 DEBUG [EBPB_FileManagementSTTL-116711] Test case with description .

FTP Server to Device Create folder:False Pass
2016-01-28 00:40:02,419 DEBUG [EBPB_FileManagementSTTL-116711] Executing browser_Quit function
2016-01-28 00:40:02,419 DEBUG [EBPB_FileManagementSTTL-116711] Completed browser_Quit function
2016-01-28 00:40:02,419 DEBUG [EBPB_FileManagementSTTL-116711] Completed quitSelendroid function
2016-01-28 00:40:02,419 DEBUG [EBPB_FileManagementSTTL-116711] Row number:12
2016-01-28 00:40:02,458 DEBUG [EBPB_FileManagementSTTL-116711] Ending Test Case IDSTTL-116711
