2016-01-28 00:37:58,778 DEBUG [EBPB_FileManagementSTTL-116708] Executing Test Case ID: STTL-116708
2016-01-28 00:37:58,785 DEBUG [EBPB_FileManagementSTTL-116708] Executing Init_Selendroid function with APK as parameter and clear data value with 1
2016-01-28 00:38:07,748 DEBUG [EBPB_FileManagementSTTL-116708] Exiting Init_Selendroid function
2016-01-28 00:38:07,754 DEBUG [EBPB_FileManagementSTTL-116708] TestCase with Description ".

Device File System to FTP Server with valid username and password" Execution started
2016-01-28 00:38:07,754 DEBUG [EBPB_FileManagementSTTL-116708] In execute keyword function
2016-01-28 00:38:07,754 DEBUG [EBPB_FileManagementSTTL-116708] Executing wait function:
2016-01-28 00:38:07,754 DEBUG [EBPB_FileManagementSTTL-116708] Started Executing wait function
2016-01-28 00:38:09,754 DEBUG [EBPB_FileManagementSTTL-116708] Exiting from wait function
2016-01-28 00:38:09,754 DEBUG [EBPB_FileManagementSTTL-116708] TestStepResult of wait: Pass
2016-01-28 00:38:09,754 DEBUG [EBPB_FileManagementSTTL-116708] In execute keyword function
2016-01-28 00:38:09,754 DEBUG [EBPB_FileManagementSTTL-116708] Executing validate_PageTitle function:
2016-01-28 00:38:09,797 DEBUG [EBPB_FileManagementSTTL-116708] The title of the page is *********************************: Pocket Browser Tests
2016-01-28 00:38:09,797 DEBUG [EBPB_FileManagementSTTL-116708] The page title found is correct
2016-01-28 00:38:09,797 DEBUG [EBPB_FileManagementSTTL-116708] Result of validate_PageTitle: pass
2016-01-28 00:38:09,797 DEBUG [EBPB_FileManagementSTTL-116708] In execute keyword function
2016-01-28 00:38:09,798 DEBUG [EBPB_FileManagementSTTL-116708] Executing link_Click function:
2016-01-28 00:38:10,440 DEBUG [EBPB_FileManagementSTTL-116708] Executing Click function
2016-01-28 00:38:11,466 DEBUG [EBPB_FileManagementSTTL-116708] Exiting Click function
2016-01-28 00:38:11,466 DEBUG [EBPB_FileManagementSTTL-116708] filemanagement_test_link clicked successfully
2016-01-28 00:38:11,466 DEBUG [EBPB_FileManagementSTTL-116708] TestStepResult of link_Click: Pass
2016-01-28 00:38:11,466 DEBUG [EBPB_FileManagementSTTL-116708] In execute keyword function
2016-01-28 00:38:11,466 DEBUG [EBPB_FileManagementSTTL-116708] Executing wait function:
2016-01-28 00:38:11,466 DEBUG [EBPB_FileManagementSTTL-116708] Started Executing wait function
2016-01-28 00:38:13,467 DEBUG [EBPB_FileManagementSTTL-116708] Exiting from wait function
2016-01-28 00:38:13,467 DEBUG [EBPB_FileManagementSTTL-116708] TestStepResult of wait: Pass
2016-01-28 00:38:13,467 DEBUG [EBPB_FileManagementSTTL-116708] In execute keyword function
2016-01-28 00:38:13,467 DEBUG [EBPB_FileManagementSTTL-116708] Executing validate_PageTitle function:
2016-01-28 00:38:13,504 DEBUG [EBPB_FileManagementSTTL-116708] The title of the page is *********************************: PB and RE2.2 Semi Auto Frame Work : FileManagement
2016-01-28 00:38:13,504 DEBUG [EBPB_FileManagementSTTL-116708] The page title found is correct
2016-01-28 00:38:13,504 DEBUG [EBPB_FileManagementSTTL-116708] Result of validate_PageTitle: pass
2016-01-28 00:38:13,504 DEBUG [EBPB_FileManagementSTTL-116708] In execute keyword function
2016-01-28 00:38:13,504 DEBUG [EBPB_FileManagementSTTL-116708] Executing SelectTestToRun function:
2016-01-28 00:38:16,566 DEBUG [EBPB_FileManagementSTTL-116708] Successfull in selecting clicking the category
2016-01-28 00:38:16,566 DEBUG [EBPB_FileManagementSTTL-116708] TestStepResult of SelectTestToRun: pass
2016-01-28 00:38:16,566 DEBUG [EBPB_FileManagementSTTL-116708] In execute keyword function
2016-01-28 00:38:16,566 DEBUG [EBPB_FileManagementSTTL-116708] Executing ClickRunTest function:
2016-01-28 00:38:16,883 DEBUG [EBPB_FileManagementSTTL-116708] Executing Click function
2016-01-28 00:38:17,866 DEBUG [EBPB_FileManagementSTTL-116708] Exiting Click function
2016-01-28 00:38:17,866 DEBUG [EBPB_FileManagementSTTL-116708] runtest_top_xpath Button clicked Successfully
2016-01-28 00:38:17,866 DEBUG [EBPB_FileManagementSTTL-116708] TestStepResult of ClickRunTest: pass
2016-01-28 00:38:17,866 DEBUG [EBPB_FileManagementSTTL-116708] In execute keyword function
2016-01-28 00:38:17,866 DEBUG [EBPB_FileManagementSTTL-116708] Executing validate_Text_Exists function:
2016-01-28 00:38:18,156 DEBUG [EBPB_FileManagementSTTL-116708] VT056-1030 Testcase Text found
2016-01-28 00:38:18,156 DEBUG [EBPB_FileManagementSTTL-116708] Result of validate_Text_Exists: Pass
2016-01-28 00:38:18,156 DEBUG [EBPB_FileManagementSTTL-116708] In execute keyword function
2016-01-28 00:38:18,156 DEBUG [EBPB_FileManagementSTTL-116708] Executing wait function:
2016-01-28 00:38:18,157 DEBUG [EBPB_FileManagementSTTL-116708] Started Executing wait function
2016-01-28 00:38:28,158 DEBUG [EBPB_FileManagementSTTL-116708] Exiting from wait function
2016-01-28 00:38:28,158 DEBUG [EBPB_FileManagementSTTL-116708] TestStepResult of wait: Pass
2016-01-28 00:38:28,158 DEBUG [EBPB_FileManagementSTTL-116708] In execute keyword function
2016-01-28 00:38:28,158 DEBUG [EBPB_FileManagementSTTL-116708] Executing validate_Result function:
2016-01-28 00:38:28,439 DEBUG [EBPB_FileManagementSTTL-116708] Sent Text found in OK: File Sent
2016-01-28 00:38:28,439 DEBUG [EBPB_FileManagementSTTL-116708] Result of validate_Result: Pass
2016-01-28 00:38:28,439 DEBUG [EBPB_FileManagementSTTL-116708] allstep_result contains: PasspasspassPassPassPassnull
2016-01-28 00:38:28,439 DEBUG [EBPB_FileManagementSTTL-116708] allexpected_result contains: nullPassnullPassnullpassnullpassnull
2016-01-28 00:38:28,440 DEBUG [EBPB_FileManagementSTTL-116708] Testcase_Result contains: nullPassnullPassnullpassnullpassnullPasspasspassPassPassPassnull
2016-01-28 00:38:28,440 DEBUG [EBPB_FileManagementSTTL-116708] Test case with description .

Device File System to FTP Server with valid username and password Pass
2016-01-28 00:38:29,441 DEBUG [EBPB_FileManagementSTTL-116708] Executing browser_Quit function
2016-01-28 00:38:29,441 DEBUG [EBPB_FileManagementSTTL-116708] Completed browser_Quit function
2016-01-28 00:38:29,441 DEBUG [EBPB_FileManagementSTTL-116708] Completed quitSelendroid function
2016-01-28 00:38:29,442 DEBUG [EBPB_FileManagementSTTL-116708] Row number:9
2016-01-28 00:38:29,474 DEBUG [EBPB_FileManagementSTTL-116708] Ending Test Case IDSTTL-116708
