2016-01-28 00:34:53,614 DEBUG [EBPB_FileManagementSTTL-116702] Executing Test Case ID: STTL-116702
2016-01-28 00:34:53,620 DEBUG [EBPB_FileManagementSTTL-116702] Executing Init_Selendroid function with APK as parameter and clear data value with 1
2016-01-28 00:35:03,530 DEBUG [EBPB_FileManagementSTTL-116702] Exiting Init_Selendroid function
2016-01-28 00:35:03,544 DEBUG [EBPB_FileManagementSTTL-116702] TestCase with Description ".

HTTP Server to device" Execution started
2016-01-28 00:35:03,545 DEBUG [EBPB_FileManagementSTTL-116702] In execute keyword function
2016-01-28 00:35:03,545 DEBUG [EBPB_FileManagementSTTL-116702] Executing wait function:
2016-01-28 00:35:03,545 DEBUG [EBPB_FileManagementSTTL-116702] Started Executing wait function
2016-01-28 00:35:05,545 DEBUG [EBPB_FileManagementSTTL-116702] Exiting from wait function
2016-01-28 00:35:05,545 DEBUG [EBPB_FileManagementSTTL-116702] TestStepResult of wait: Pass
2016-01-28 00:35:05,545 DEBUG [EBPB_FileManagementSTTL-116702] In execute keyword function
2016-01-28 00:35:05,545 DEBUG [EBPB_FileManagementSTTL-116702] Executing validate_PageTitle function:
2016-01-28 00:35:05,586 DEBUG [EBPB_FileManagementSTTL-116702] The title of the page is *********************************: Pocket Browser Tests
2016-01-28 00:35:05,586 DEBUG [EBPB_FileManagementSTTL-116702] The page title found is correct
2016-01-28 00:35:05,586 DEBUG [EBPB_FileManagementSTTL-116702] Result of validate_PageTitle: pass
2016-01-28 00:35:05,586 DEBUG [EBPB_FileManagementSTTL-116702] In execute keyword function
2016-01-28 00:35:05,586 DEBUG [EBPB_FileManagementSTTL-116702] Executing link_Click function:
2016-01-28 00:35:06,213 DEBUG [EBPB_FileManagementSTTL-116702] Executing Click function
2016-01-28 00:35:07,288 DEBUG [EBPB_FileManagementSTTL-116702] Exiting Click function
2016-01-28 00:35:07,288 DEBUG [EBPB_FileManagementSTTL-116702] filemanagement_test_link clicked successfully
2016-01-28 00:35:07,288 DEBUG [EBPB_FileManagementSTTL-116702] TestStepResult of link_Click: Pass
2016-01-28 00:35:07,288 DEBUG [EBPB_FileManagementSTTL-116702] In execute keyword function
2016-01-28 00:35:07,288 DEBUG [EBPB_FileManagementSTTL-116702] Executing wait function:
2016-01-28 00:35:07,288 DEBUG [EBPB_FileManagementSTTL-116702] Started Executing wait function
2016-01-28 00:35:09,288 DEBUG [EBPB_FileManagementSTTL-116702] Exiting from wait function
2016-01-28 00:35:09,288 DEBUG [EBPB_FileManagementSTTL-116702] TestStepResult of wait: Pass
2016-01-28 00:35:09,288 DEBUG [EBPB_FileManagementSTTL-116702] In execute keyword function
2016-01-28 00:35:09,288 DEBUG [EBPB_FileManagementSTTL-116702] Executing validate_PageTitle function:
2016-01-28 00:35:09,323 DEBUG [EBPB_FileManagementSTTL-116702] The title of the page is *********************************: PB and RE2.2 Semi Auto Frame Work : FileManagement
2016-01-28 00:35:09,323 DEBUG [EBPB_FileManagementSTTL-116702] The page title found is correct
2016-01-28 00:35:09,323 DEBUG [EBPB_FileManagementSTTL-116702] Result of validate_PageTitle: pass
2016-01-28 00:35:09,323 DEBUG [EBPB_FileManagementSTTL-116702] In execute keyword function
2016-01-28 00:35:09,324 DEBUG [EBPB_FileManagementSTTL-116702] Executing SelectTestToRun function:
2016-01-28 00:35:09,959 DEBUG [EBPB_FileManagementSTTL-116702] Successfull in selecting clicking the category
2016-01-28 00:35:09,959 DEBUG [EBPB_FileManagementSTTL-116702] TestStepResult of SelectTestToRun: pass
2016-01-28 00:35:09,959 DEBUG [EBPB_FileManagementSTTL-116702] In execute keyword function
2016-01-28 00:35:09,959 DEBUG [EBPB_FileManagementSTTL-116702] Executing ClickRunTest function:
2016-01-28 00:35:10,281 DEBUG [EBPB_FileManagementSTTL-116702] Executing Click function
2016-01-28 00:35:11,394 DEBUG [EBPB_FileManagementSTTL-116702] Exiting Click function
2016-01-28 00:35:11,394 DEBUG [EBPB_FileManagementSTTL-116702] runtest_top_xpath Button clicked Successfully
2016-01-28 00:35:11,394 DEBUG [EBPB_FileManagementSTTL-116702] TestStepResult of ClickRunTest: pass
2016-01-28 00:35:11,394 DEBUG [EBPB_FileManagementSTTL-116702] In execute keyword function
2016-01-28 00:35:11,394 DEBUG [EBPB_FileManagementSTTL-116702] Executing validate_Text_Exists function:
2016-01-28 00:35:11,679 DEBUG [EBPB_FileManagementSTTL-116702] VT056-1024 Testcase Text found
2016-01-28 00:35:11,679 DEBUG [EBPB_FileManagementSTTL-116702] Result of validate_Text_Exists: Pass
2016-01-28 00:35:11,679 DEBUG [EBPB_FileManagementSTTL-116702] In execute keyword function
2016-01-28 00:35:11,679 DEBUG [EBPB_FileManagementSTTL-116702] Executing wait function:
2016-01-28 00:35:11,679 DEBUG [EBPB_FileManagementSTTL-116702] Started Executing wait function
2016-01-28 00:35:21,680 DEBUG [EBPB_FileManagementSTTL-116702] Exiting from wait function
2016-01-28 00:35:21,680 DEBUG [EBPB_FileManagementSTTL-116702] TestStepResult of wait: Pass
2016-01-28 00:35:21,680 DEBUG [EBPB_FileManagementSTTL-116702] In execute keyword function
2016-01-28 00:35:21,680 DEBUG [EBPB_FileManagementSTTL-116702] Executing validate_Result function:
2016-01-28 00:35:21,961 DEBUG [EBPB_FileManagementSTTL-116702] Received Text found in OK: File Received
2016-01-28 00:35:21,961 DEBUG [EBPB_FileManagementSTTL-116702] Result of validate_Result: Pass
2016-01-28 00:35:21,961 DEBUG [EBPB_FileManagementSTTL-116702] allstep_result contains: PasspasspassPassPassPassnull
2016-01-28 00:35:21,961 DEBUG [EBPB_FileManagementSTTL-116702] allexpected_result contains: nullPassnullPassnullpassnullpassnull
2016-01-28 00:35:21,961 DEBUG [EBPB_FileManagementSTTL-116702] Testcase_Result contains: nullPassnullPassnullpassnullpassnullPasspasspassPassPassPassnull
2016-01-28 00:35:21,961 DEBUG [EBPB_FileManagementSTTL-116702] Test case with description .

HTTP Server to device Pass
2016-01-28 00:35:23,014 DEBUG [EBPB_FileManagementSTTL-116702] Executing browser_Quit function
2016-01-28 00:35:23,014 DEBUG [EBPB_FileManagementSTTL-116702] Completed browser_Quit function
2016-01-28 00:35:23,014 DEBUG [EBPB_FileManagementSTTL-116702] Completed quitSelendroid function
2016-01-28 00:35:23,015 DEBUG [EBPB_FileManagementSTTL-116702] Row number:3
2016-01-28 00:35:23,053 DEBUG [EBPB_FileManagementSTTL-116702] Ending Test Case IDSTTL-116702
