2016-01-28 00:51:09,575 DEBUG [EBPB_FileManagementSTTL-116724] Executing Test Case ID: STTL-116724
2016-01-28 00:51:09,581 DEBUG [EBPB_FileManagementSTTL-116724] Executing Init_Selendroid function with APK as parameter and clear data value with 1
2016-01-28 00:51:19,936 DEBUG [EBPB_FileManagementSTTL-116724] Exiting Init_Selendroid function
2016-01-28 00:51:19,951 DEBUG [EBPB_FileManagementSTTL-116724] TestCase with Description ".

Device to FTP-large file(4mb)" Execution started
2016-01-28 00:51:19,951 DEBUG [EBPB_FileManagementSTTL-116724] In execute keyword function
2016-01-28 00:51:19,951 DEBUG [EBPB_FileManagementSTTL-116724] Executing wait function:
2016-01-28 00:51:19,951 DEBUG [EBPB_FileManagementSTTL-116724] Started Executing wait function
2016-01-28 00:51:21,951 DEBUG [EBPB_FileManagementSTTL-116724] Exiting from wait function
2016-01-28 00:51:21,951 DEBUG [EBPB_FileManagementSTTL-116724] TestStepResult of wait: Pass
2016-01-28 00:51:21,951 DEBUG [EBPB_FileManagementSTTL-116724] In execute keyword function
2016-01-28 00:51:21,951 DEBUG [EBPB_FileManagementSTTL-116724] Executing validate_PageTitle function:
2016-01-28 00:51:21,991 DEBUG [EBPB_FileManagementSTTL-116724] The title of the page is *********************************: Pocket Browser Tests
2016-01-28 00:51:21,991 DEBUG [EBPB_FileManagementSTTL-116724] The page title found is correct
2016-01-28 00:51:21,991 DEBUG [EBPB_FileManagementSTTL-116724] Result of validate_PageTitle: pass
2016-01-28 00:51:21,991 DEBUG [EBPB_FileManagementSTTL-116724] In execute keyword function
2016-01-28 00:51:21,991 DEBUG [EBPB_FileManagementSTTL-116724] Executing link_Click function:
2016-01-28 00:51:22,592 DEBUG [EBPB_FileManagementSTTL-116724] Executing Click function
2016-01-28 00:51:23,632 DEBUG [EBPB_FileManagementSTTL-116724] Exiting Click function
2016-01-28 00:51:23,632 DEBUG [EBPB_FileManagementSTTL-116724] filemanagement_test_link clicked successfully
2016-01-28 00:51:23,632 DEBUG [EBPB_FileManagementSTTL-116724] TestStepResult of link_Click: Pass
2016-01-28 00:51:23,632 DEBUG [EBPB_FileManagementSTTL-116724] In execute keyword function
2016-01-28 00:51:23,632 DEBUG [EBPB_FileManagementSTTL-116724] Executing wait function:
2016-01-28 00:51:23,632 DEBUG [EBPB_FileManagementSTTL-116724] Started Executing wait function
2016-01-28 00:51:25,632 DEBUG [EBPB_FileManagementSTTL-116724] Exiting from wait function
2016-01-28 00:51:25,632 DEBUG [EBPB_FileManagementSTTL-116724] TestStepResult of wait: Pass
2016-01-28 00:51:25,632 DEBUG [EBPB_FileManagementSTTL-116724] In execute keyword function
2016-01-28 00:51:25,632 DEBUG [EBPB_FileManagementSTTL-116724] Executing validate_PageTitle function:
2016-01-28 00:51:25,686 DEBUG [EBPB_FileManagementSTTL-116724] The title of the page is *********************************: PB and RE2.2 Semi Auto Frame Work : FileManagement
2016-01-28 00:51:25,686 DEBUG [EBPB_FileManagementSTTL-116724] The page title found is correct
2016-01-28 00:51:25,686 DEBUG [EBPB_FileManagementSTTL-116724] Result of validate_PageTitle: pass
2016-01-28 00:51:25,686 DEBUG [EBPB_FileManagementSTTL-116724] In execute keyword function
2016-01-28 00:51:25,686 DEBUG [EBPB_FileManagementSTTL-116724] Executing SelectTestToRun function:
2016-01-28 00:51:30,293 DEBUG [EBPB_FileManagementSTTL-116724] Successfull in selecting clicking the category
2016-01-28 00:51:30,294 DEBUG [EBPB_FileManagementSTTL-116724] TestStepResult of SelectTestToRun: pass
2016-01-28 00:51:30,294 DEBUG [EBPB_FileManagementSTTL-116724] In execute keyword function
2016-01-28 00:51:30,294 DEBUG [EBPB_FileManagementSTTL-116724] Executing ClickRunTest function:
2016-01-28 00:51:30,628 DEBUG [EBPB_FileManagementSTTL-116724] Executing Click function
2016-01-28 00:51:31,778 DEBUG [EBPB_FileManagementSTTL-116724] Exiting Click function
2016-01-28 00:51:31,779 DEBUG [EBPB_FileManagementSTTL-116724] runtest_top_xpath Button clicked Successfully
2016-01-28 00:51:31,779 DEBUG [EBPB_FileManagementSTTL-116724] TestStepResult of ClickRunTest: pass
2016-01-28 00:51:31,779 DEBUG [EBPB_FileManagementSTTL-116724] In execute keyword function
2016-01-28 00:51:31,779 DEBUG [EBPB_FileManagementSTTL-116724] Executing validate_Text_Exists function:
2016-01-28 00:51:32,061 DEBUG [EBPB_FileManagementSTTL-116724] VT056-1044 Testcase Text found
2016-01-28 00:51:32,061 DEBUG [EBPB_FileManagementSTTL-116724] Result of validate_Text_Exists: Pass
2016-01-28 00:51:32,061 DEBUG [EBPB_FileManagementSTTL-116724] In execute keyword function
2016-01-28 00:51:32,061 DEBUG [EBPB_FileManagementSTTL-116724] Executing wait function:
2016-01-28 00:51:32,061 DEBUG [EBPB_FileManagementSTTL-116724] Started Executing wait function
2016-01-28 00:53:12,066 DEBUG [EBPB_FileManagementSTTL-116724] Exiting from wait function
2016-01-28 00:53:12,066 DEBUG [EBPB_FileManagementSTTL-116724] TestStepResult of wait: Pass
2016-01-28 00:53:12,066 DEBUG [EBPB_FileManagementSTTL-116724] In execute keyword function
2016-01-28 00:53:12,066 DEBUG [EBPB_FileManagementSTTL-116724] Executing validate_Result function:
2016-01-28 00:53:12,333 DEBUG [EBPB_FileManagementSTTL-116724] Sent Text found in OK: File Sent
2016-01-28 00:53:12,333 DEBUG [EBPB_FileManagementSTTL-116724] Result of validate_Result: Pass
2016-01-28 00:53:12,333 DEBUG [EBPB_FileManagementSTTL-116724] allstep_result contains: PasspasspassPassPassPassnull
2016-01-28 00:53:12,333 DEBUG [EBPB_FileManagementSTTL-116724] allexpected_result contains: nullPassnullPassnullpassnullpassnull
2016-01-28 00:53:12,333 DEBUG [EBPB_FileManagementSTTL-116724] Testcase_Result contains: nullPassnullPassnullpassnullpassnullPasspasspassPassPassPassnull
2016-01-28 00:53:12,333 DEBUG [EBPB_FileManagementSTTL-116724] Test case with description .

Device to FTP-large file(4mb) Pass
2016-01-28 00:53:13,326 DEBUG [EBPB_FileManagementSTTL-116724] Executing browser_Quit function
2016-01-28 00:53:13,327 DEBUG [EBPB_FileManagementSTTL-116724] Completed browser_Quit function
2016-01-28 00:53:13,327 DEBUG [EBPB_FileManagementSTTL-116724] Completed quitSelendroid function
2016-01-28 00:53:13,327 DEBUG [EBPB_FileManagementSTTL-116724] Row number:25
2016-01-28 00:53:13,357 DEBUG [EBPB_FileManagementSTTL-116724] Ending Test Case IDSTTL-116724
