2016-01-28 00:42:46,251 DEBUG [EBPB_FileManagementSTTL-116717] Executing Test Case ID: STTL-116717
2016-01-28 00:42:46,257 DEBUG [EBPB_FileManagementSTTL-116717] Executing Init_Selendroid function with APK as parameter and clear data value with 1
2016-01-28 00:42:56,171 DEBUG [EBPB_FileManagementSTTL-116717] Exiting Init_Selendroid function
2016-01-28 00:42:56,186 DEBUG [EBPB_FileManagementSTTL-116717] TestCase with Description ".

Http server to device invalid file" Execution started
2016-01-28 00:42:56,186 DEBUG [EBPB_FileManagementSTTL-116717] In execute keyword function
2016-01-28 00:42:56,186 DEBUG [EBPB_FileManagementSTTL-116717] Executing wait function:
2016-01-28 00:42:56,186 DEBUG [EBPB_FileManagementSTTL-116717] Started Executing wait function
2016-01-28 00:42:58,186 DEBUG [EBPB_FileManagementSTTL-116717] Exiting from wait function
2016-01-28 00:42:58,186 DEBUG [EBPB_FileManagementSTTL-116717] TestStepResult of wait: Pass
2016-01-28 00:42:58,186 DEBUG [EBPB_FileManagementSTTL-116717] In execute keyword function
2016-01-28 00:42:58,186 DEBUG [EBPB_FileManagementSTTL-116717] Executing validate_PageTitle function:
2016-01-28 00:42:58,228 DEBUG [EBPB_FileManagementSTTL-116717] The title of the page is *********************************: Pocket Browser Tests
2016-01-28 00:42:58,228 DEBUG [EBPB_FileManagementSTTL-116717] The page title found is correct
2016-01-28 00:42:58,228 DEBUG [EBPB_FileManagementSTTL-116717] Result of validate_PageTitle: pass
2016-01-28 00:42:58,228 DEBUG [EBPB_FileManagementSTTL-116717] In execute keyword function
2016-01-28 00:42:58,228 DEBUG [EBPB_FileManagementSTTL-116717] Executing link_Click function:
2016-01-28 00:42:58,864 DEBUG [EBPB_FileManagementSTTL-116717] Executing Click function
2016-01-28 00:43:00,014 DEBUG [EBPB_FileManagementSTTL-116717] Exiting Click function
2016-01-28 00:43:00,015 DEBUG [EBPB_FileManagementSTTL-116717] filemanagement_test_link clicked successfully
2016-01-28 00:43:00,015 DEBUG [EBPB_FileManagementSTTL-116717] TestStepResult of link_Click: Pass
2016-01-28 00:43:00,015 DEBUG [EBPB_FileManagementSTTL-116717] In execute keyword function
2016-01-28 00:43:00,015 DEBUG [EBPB_FileManagementSTTL-116717] Executing wait function:
2016-01-28 00:43:00,015 DEBUG [EBPB_FileManagementSTTL-116717] Started Executing wait function
2016-01-28 00:43:02,016 DEBUG [EBPB_FileManagementSTTL-116717] Exiting from wait function
2016-01-28 00:43:02,016 DEBUG [EBPB_FileManagementSTTL-116717] TestStepResult of wait: Pass
2016-01-28 00:43:02,016 DEBUG [EBPB_FileManagementSTTL-116717] In execute keyword function
2016-01-28 00:43:02,016 DEBUG [EBPB_FileManagementSTTL-116717] Executing validate_PageTitle function:
2016-01-28 00:43:02,051 DEBUG [EBPB_FileManagementSTTL-116717] The title of the page is *********************************: PB and RE2.2 Semi Auto Frame Work : FileManagement
2016-01-28 00:43:02,051 DEBUG [EBPB_FileManagementSTTL-116717] The page title found is correct
2016-01-28 00:43:02,051 DEBUG [EBPB_FileManagementSTTL-116717] Result of validate_PageTitle: pass
2016-01-28 00:43:02,051 DEBUG [EBPB_FileManagementSTTL-116717] In execute keyword function
2016-01-28 00:43:02,051 DEBUG [EBPB_FileManagementSTTL-116717] Executing SelectTestToRun function:
2016-01-28 00:43:05,983 DEBUG [EBPB_FileManagementSTTL-116717] Successfull in selecting clicking the category
2016-01-28 00:43:05,983 DEBUG [EBPB_FileManagementSTTL-116717] TestStepResult of SelectTestToRun: pass
2016-01-28 00:43:05,983 DEBUG [EBPB_FileManagementSTTL-116717] In execute keyword function
2016-01-28 00:43:05,983 DEBUG [EBPB_FileManagementSTTL-116717] Executing ClickRunTest function:
2016-01-28 00:43:06,334 DEBUG [EBPB_FileManagementSTTL-116717] Executing Click function
2016-01-28 00:43:07,468 DEBUG [EBPB_FileManagementSTTL-116717] Exiting Click function
2016-01-28 00:43:07,468 DEBUG [EBPB_FileManagementSTTL-116717] runtest_top_xpath Button clicked Successfully
2016-01-28 00:43:07,468 DEBUG [EBPB_FileManagementSTTL-116717] TestStepResult of ClickRunTest: pass
2016-01-28 00:43:07,468 DEBUG [EBPB_FileManagementSTTL-116717] In execute keyword function
2016-01-28 00:43:07,469 DEBUG [EBPB_FileManagementSTTL-116717] Executing validate_Text_Exists function:
2016-01-28 00:43:07,744 DEBUG [EBPB_FileManagementSTTL-116717] VT056-1039 Testcase Text found
2016-01-28 00:43:07,744 DEBUG [EBPB_FileManagementSTTL-116717] Result of validate_Text_Exists: Pass
2016-01-28 00:43:07,744 DEBUG [EBPB_FileManagementSTTL-116717] In execute keyword function
2016-01-28 00:43:07,744 DEBUG [EBPB_FileManagementSTTL-116717] Executing wait function:
2016-01-28 00:43:07,744 DEBUG [EBPB_FileManagementSTTL-116717] Started Executing wait function
2016-01-28 00:43:17,745 DEBUG [EBPB_FileManagementSTTL-116717] Exiting from wait function
2016-01-28 00:43:17,745 DEBUG [EBPB_FileManagementSTTL-116717] TestStepResult of wait: Pass
2016-01-28 00:43:17,745 DEBUG [EBPB_FileManagementSTTL-116717] In execute keyword function
2016-01-28 00:43:17,745 DEBUG [EBPB_FileManagementSTTL-116717] Executing validate_Result function:
2016-01-28 00:43:17,995 DEBUG [EBPB_FileManagementSTTL-116717] Exception Text found in Error Code: IO Exception
2016-01-28 00:43:17,995 DEBUG [EBPB_FileManagementSTTL-116717] Result of validate_Result: Pass
2016-01-28 00:43:17,995 DEBUG [EBPB_FileManagementSTTL-116717] allstep_result contains: PasspasspassPassPassPassnull
2016-01-28 00:43:17,995 DEBUG [EBPB_FileManagementSTTL-116717] allexpected_result contains: nullPassnullPassnullpassnullpassnull
2016-01-28 00:43:17,995 DEBUG [EBPB_FileManagementSTTL-116717] Testcase_Result contains: nullPassnullPassnullpassnullpassnullPasspasspassPassPassPassnull
2016-01-28 00:43:17,995 DEBUG [EBPB_FileManagementSTTL-116717] Test case with description .

Http server to device invalid file Pass
2016-01-28 00:43:18,919 DEBUG [EBPB_FileManagementSTTL-116717] Executing browser_Quit function
2016-01-28 00:43:18,919 DEBUG [EBPB_FileManagementSTTL-116717] Completed browser_Quit function
2016-01-28 00:43:18,919 DEBUG [EBPB_FileManagementSTTL-116717] Completed quitSelendroid function
2016-01-28 00:43:18,919 DEBUG [EBPB_FileManagementSTTL-116717] Row number:18
2016-01-28 00:43:18,960 DEBUG [EBPB_FileManagementSTTL-116717] Ending Test Case IDSTTL-116717
