2016-01-28 00:40:34,750 DEBUG [EBPB_FileManagementSTTL-116713] Executing Test Case ID: STTL-116713
2016-01-28 00:40:34,756 DEBUG [EBPB_FileManagementSTTL-116713] Executing Init_Selendroid function with APK as parameter and clear data value with 1
2016-01-28 00:40:44,833 DEBUG [EBPB_FileManagementSTTL-116713] Exiting Init_Selendroid function
2016-01-28 00:40:44,848 DEBUG [EBPB_FileManagementSTTL-116713] TestCase with Description ".

Http server to device overwrite: true" Execution started
2016-01-28 00:40:44,848 DEBUG [EBPB_FileManagementSTTL-116713] In execute keyword function
2016-01-28 00:40:44,848 DEBUG [EBPB_FileManagementSTTL-116713] Executing wait function:
2016-01-28 00:40:44,848 DEBUG [EBPB_FileManagementSTTL-116713] Started Executing wait function
2016-01-28 00:40:46,848 DEBUG [EBPB_FileManagementSTTL-116713] Exiting from wait function
2016-01-28 00:40:46,848 DEBUG [EBPB_FileManagementSTTL-116713] TestStepResult of wait: Pass
2016-01-28 00:40:46,848 DEBUG [EBPB_FileManagementSTTL-116713] In execute keyword function
2016-01-28 00:40:46,848 DEBUG [EBPB_FileManagementSTTL-116713] Executing validate_PageTitle function:
2016-01-28 00:40:46,868 DEBUG [EBPB_FileManagementSTTL-116713] The title of the page is *********************************: Pocket Browser Tests
2016-01-28 00:40:46,868 DEBUG [EBPB_FileManagementSTTL-116713] The page title found is correct
2016-01-28 00:40:46,868 DEBUG [EBPB_FileManagementSTTL-116713] Result of validate_PageTitle: pass
2016-01-28 00:40:46,868 DEBUG [EBPB_FileManagementSTTL-116713] In execute keyword function
2016-01-28 00:40:46,868 DEBUG [EBPB_FileManagementSTTL-116713] Executing link_Click function:
2016-01-28 00:40:47,519 DEBUG [EBPB_FileManagementSTTL-116713] Executing Click function
2016-01-28 00:40:48,590 DEBUG [EBPB_FileManagementSTTL-116713] Exiting Click function
2016-01-28 00:40:48,590 DEBUG [EBPB_FileManagementSTTL-116713] filemanagement_test_link clicked successfully
2016-01-28 00:40:48,590 DEBUG [EBPB_FileManagementSTTL-116713] TestStepResult of link_Click: Pass
2016-01-28 00:40:48,590 DEBUG [EBPB_FileManagementSTTL-116713] In execute keyword function
2016-01-28 00:40:48,590 DEBUG [EBPB_FileManagementSTTL-116713] Executing wait function:
2016-01-28 00:40:48,590 DEBUG [EBPB_FileManagementSTTL-116713] Started Executing wait function
2016-01-28 00:40:50,590 DEBUG [EBPB_FileManagementSTTL-116713] Exiting from wait function
2016-01-28 00:40:50,590 DEBUG [EBPB_FileManagementSTTL-116713] TestStepResult of wait: Pass
2016-01-28 00:40:50,590 DEBUG [EBPB_FileManagementSTTL-116713] In execute keyword function
2016-01-28 00:40:50,590 DEBUG [EBPB_FileManagementSTTL-116713] Executing validate_PageTitle function:
2016-01-28 00:40:50,626 DEBUG [EBPB_FileManagementSTTL-116713] The title of the page is *********************************: PB and RE2.2 Semi Auto Frame Work : FileManagement
2016-01-28 00:40:50,626 DEBUG [EBPB_FileManagementSTTL-116713] The page title found is correct
2016-01-28 00:40:50,626 DEBUG [EBPB_FileManagementSTTL-116713] Result of validate_PageTitle: pass
2016-01-28 00:40:50,626 DEBUG [EBPB_FileManagementSTTL-116713] In execute keyword function
2016-01-28 00:40:50,626 DEBUG [EBPB_FileManagementSTTL-116713] Executing SelectTestToRun function:
2016-01-28 00:40:54,168 DEBUG [EBPB_FileManagementSTTL-116713] Successfull in selecting clicking the category
2016-01-28 00:40:54,168 DEBUG [EBPB_FileManagementSTTL-116713] TestStepResult of SelectTestToRun: pass
2016-01-28 00:40:54,168 DEBUG [EBPB_FileManagementSTTL-116713] In execute keyword function
2016-01-28 00:40:54,168 DEBUG [EBPB_FileManagementSTTL-116713] Executing ClickRunTest function:
2016-01-28 00:40:54,517 DEBUG [EBPB_FileManagementSTTL-116713] Executing Click function
2016-01-28 00:40:55,499 DEBUG [EBPB_FileManagementSTTL-116713] Exiting Click function
2016-01-28 00:40:55,500 DEBUG [EBPB_FileManagementSTTL-116713] runtest_top_xpath Button clicked Successfully
2016-01-28 00:40:55,500 DEBUG [EBPB_FileManagementSTTL-116713] TestStepResult of ClickRunTest: pass
2016-01-28 00:40:55,500 DEBUG [EBPB_FileManagementSTTL-116713] In execute keyword function
2016-01-28 00:40:55,500 DEBUG [EBPB_FileManagementSTTL-116713] Executing validate_Text_Exists function:
2016-01-28 00:40:55,789 DEBUG [EBPB_FileManagementSTTL-116713] VT056-1035 Testcase Text found
2016-01-28 00:40:55,789 DEBUG [EBPB_FileManagementSTTL-116713] Result of validate_Text_Exists: Pass
2016-01-28 00:40:55,789 DEBUG [EBPB_FileManagementSTTL-116713] In execute keyword function
2016-01-28 00:40:55,789 DEBUG [EBPB_FileManagementSTTL-116713] Executing wait function:
2016-01-28 00:40:55,789 DEBUG [EBPB_FileManagementSTTL-116713] Started Executing wait function
2016-01-28 00:41:05,790 DEBUG [EBPB_FileManagementSTTL-116713] Exiting from wait function
2016-01-28 00:41:05,790 DEBUG [EBPB_FileManagementSTTL-116713] TestStepResult of wait: Pass
2016-01-28 00:41:05,790 DEBUG [EBPB_FileManagementSTTL-116713] In execute keyword function
2016-01-28 00:41:05,790 DEBUG [EBPB_FileManagementSTTL-116713] Executing validate_Result function:
2016-01-28 00:41:06,021 DEBUG [EBPB_FileManagementSTTL-116713] Received Text found in OK: File Received
2016-01-28 00:41:06,021 DEBUG [EBPB_FileManagementSTTL-116713] Result of validate_Result: Pass
2016-01-28 00:41:06,021 DEBUG [EBPB_FileManagementSTTL-116713] allstep_result contains: PasspasspassPassPassPassnull
2016-01-28 00:41:06,021 DEBUG [EBPB_FileManagementSTTL-116713] allexpected_result contains: nullPassnullPassnullpassnullpassnull
2016-01-28 00:41:06,021 DEBUG [EBPB_FileManagementSTTL-116713] Testcase_Result contains: nullPassnullPassnullpassnullpassnullPasspasspassPassPassPassnull
2016-01-28 00:41:06,021 DEBUG [EBPB_FileManagementSTTL-116713] Test case with description .

Http server to device overwrite: true Pass
2016-01-28 00:41:06,901 DEBUG [EBPB_FileManagementSTTL-116713] Executing browser_Quit function
2016-01-28 00:41:06,901 DEBUG [EBPB_FileManagementSTTL-116713] Completed browser_Quit function
2016-01-28 00:41:06,901 DEBUG [EBPB_FileManagementSTTL-116713] Completed quitSelendroid function
2016-01-28 00:41:06,901 DEBUG [EBPB_FileManagementSTTL-116713] Row number:14
2016-01-28 00:41:06,951 DEBUG [EBPB_FileManagementSTTL-116713] Ending Test Case IDSTTL-116713
