2016-01-28 00:36:26,283 DEBUG [EBPB_FileManagementSTTL-116705] Executing Test Case ID: STTL-116705
2016-01-28 00:36:26,289 DEBUG [EBPB_FileManagementSTTL-116705] Executing Init_Selendroid function with APK as parameter and clear data value with 1
2016-01-28 00:36:36,315 DEBUG [EBPB_FileManagementSTTL-116705] Exiting Init_Selendroid function
2016-01-28 00:36:36,330 DEBUG [EBPB_FileManagementSTTL-116705] TestCase with Description ".

Device File System to FTP Server" Execution started
2016-01-28 00:36:36,331 DEBUG [EBPB_FileManagementSTTL-116705] In execute keyword function
2016-01-28 00:36:36,331 DEBUG [EBPB_FileManagementSTTL-116705] Executing wait function:
2016-01-28 00:36:36,331 DEBUG [EBPB_FileManagementSTTL-116705] Started Executing wait function
2016-01-28 00:36:38,331 DEBUG [EBPB_FileManagementSTTL-116705] Exiting from wait function
2016-01-28 00:36:38,331 DEBUG [EBPB_FileManagementSTTL-116705] TestStepResult of wait: Pass
2016-01-28 00:36:38,331 DEBUG [EBPB_FileManagementSTTL-116705] In execute keyword function
2016-01-28 00:36:38,331 DEBUG [EBPB_FileManagementSTTL-116705] Executing validate_PageTitle function:
2016-01-28 00:36:38,372 DEBUG [EBPB_FileManagementSTTL-116705] The title of the page is *********************************: Pocket Browser Tests
2016-01-28 00:36:38,372 DEBUG [EBPB_FileManagementSTTL-116705] The page title found is correct
2016-01-28 00:36:38,372 DEBUG [EBPB_FileManagementSTTL-116705] Result of validate_PageTitle: pass
2016-01-28 00:36:38,372 DEBUG [EBPB_FileManagementSTTL-116705] In execute keyword function
2016-01-28 00:36:38,372 DEBUG [EBPB_FileManagementSTTL-116705] Executing link_Click function:
2016-01-28 00:36:39,014 DEBUG [EBPB_FileManagementSTTL-116705] Executing Click function
2016-01-28 00:36:40,100 DEBUG [EBPB_FileManagementSTTL-116705] Exiting Click function
2016-01-28 00:36:40,101 DEBUG [EBPB_FileManagementSTTL-116705] filemanagement_test_link clicked successfully
2016-01-28 00:36:40,101 DEBUG [EBPB_FileManagementSTTL-116705] TestStepResult of link_Click: Pass
2016-01-28 00:36:40,101 DEBUG [EBPB_FileManagementSTTL-116705] In execute keyword function
2016-01-28 00:36:40,101 DEBUG [EBPB_FileManagementSTTL-116705] Executing wait function:
2016-01-28 00:36:40,101 DEBUG [EBPB_FileManagementSTTL-116705] Started Executing wait function
2016-01-28 00:36:42,102 DEBUG [EBPB_FileManagementSTTL-116705] Exiting from wait function
2016-01-28 00:36:42,102 DEBUG [EBPB_FileManagementSTTL-116705] TestStepResult of wait: Pass
2016-01-28 00:36:42,102 DEBUG [EBPB_FileManagementSTTL-116705] In execute keyword function
2016-01-28 00:36:42,102 DEBUG [EBPB_FileManagementSTTL-116705] Executing validate_PageTitle function:
2016-01-28 00:36:42,133 DEBUG [EBPB_FileManagementSTTL-116705] The title of the page is *********************************: PB and RE2.2 Semi Auto Frame Work : FileManagement
2016-01-28 00:36:42,133 DEBUG [EBPB_FileManagementSTTL-116705] The page title found is correct
2016-01-28 00:36:42,133 DEBUG [EBPB_FileManagementSTTL-116705] Result of validate_PageTitle: pass
2016-01-28 00:36:42,133 DEBUG [EBPB_FileManagementSTTL-116705] In execute keyword function
2016-01-28 00:36:42,133 DEBUG [EBPB_FileManagementSTTL-116705] Executing SelectTestToRun function:
2016-01-28 00:36:44,846 DEBUG [EBPB_FileManagementSTTL-116705] Successfull in selecting clicking the category
2016-01-28 00:36:44,846 DEBUG [EBPB_FileManagementSTTL-116705] TestStepResult of SelectTestToRun: pass
2016-01-28 00:36:44,846 DEBUG [EBPB_FileManagementSTTL-116705] In execute keyword function
2016-01-28 00:36:44,846 DEBUG [EBPB_FileManagementSTTL-116705] Executing ClickRunTest function:
2016-01-28 00:36:45,184 DEBUG [EBPB_FileManagementSTTL-116705] Executing Click function
2016-01-28 00:36:46,193 DEBUG [EBPB_FileManagementSTTL-116705] Exiting Click function
2016-01-28 00:36:46,193 DEBUG [EBPB_FileManagementSTTL-116705] runtest_top_xpath Button clicked Successfully
2016-01-28 00:36:46,193 DEBUG [EBPB_FileManagementSTTL-116705] TestStepResult of ClickRunTest: pass
2016-01-28 00:36:46,193 DEBUG [EBPB_FileManagementSTTL-116705] In execute keyword function
2016-01-28 00:36:46,193 DEBUG [EBPB_FileManagementSTTL-116705] Executing validate_Text_Exists function:
2016-01-28 00:36:46,455 DEBUG [EBPB_FileManagementSTTL-116705] VT056-1027 Testcase Text found
2016-01-28 00:36:46,455 DEBUG [EBPB_FileManagementSTTL-116705] Result of validate_Text_Exists: Pass
2016-01-28 00:36:46,455 DEBUG [EBPB_FileManagementSTTL-116705] In execute keyword function
2016-01-28 00:36:46,455 DEBUG [EBPB_FileManagementSTTL-116705] Executing wait function:
2016-01-28 00:36:46,455 DEBUG [EBPB_FileManagementSTTL-116705] Started Executing wait function
2016-01-28 00:36:56,456 DEBUG [EBPB_FileManagementSTTL-116705] Exiting from wait function
2016-01-28 00:36:56,456 DEBUG [EBPB_FileManagementSTTL-116705] TestStepResult of wait: Pass
2016-01-28 00:36:56,456 DEBUG [EBPB_FileManagementSTTL-116705] In execute keyword function
2016-01-28 00:36:56,456 DEBUG [EBPB_FileManagementSTTL-116705] Executing validate_Result function:
2016-01-28 00:36:56,771 DEBUG [EBPB_FileManagementSTTL-116705] Sent Text found in OK: File Sent
2016-01-28 00:36:56,771 DEBUG [EBPB_FileManagementSTTL-116705] Result of validate_Result: Pass
2016-01-28 00:36:56,771 DEBUG [EBPB_FileManagementSTTL-116705] allstep_result contains: PasspasspassPassPassPassnull
2016-01-28 00:36:56,771 DEBUG [EBPB_FileManagementSTTL-116705] allexpected_result contains: nullPassnullPassnullpassnullpassnull
2016-01-28 00:36:56,771 DEBUG [EBPB_FileManagementSTTL-116705] Testcase_Result contains: nullPassnullPassnullpassnullpassnullPasspasspassPassPassPassnull
2016-01-28 00:36:56,771 DEBUG [EBPB_FileManagementSTTL-116705] Test case with description .

Device File System to FTP Server Pass
2016-01-28 00:36:57,827 DEBUG [EBPB_FileManagementSTTL-116705] Executing browser_Quit function
2016-01-28 00:36:57,827 DEBUG [EBPB_FileManagementSTTL-116705] Completed browser_Quit function
2016-01-28 00:36:57,827 DEBUG [EBPB_FileManagementSTTL-116705] Completed quitSelendroid function
2016-01-28 00:36:57,828 DEBUG [EBPB_FileManagementSTTL-116705] Row number:6
2016-01-28 00:36:57,854 DEBUG [EBPB_FileManagementSTTL-116705] Ending Test Case IDSTTL-116705
