2016-01-28 00:47:02,813 DEBUG [EBPB_FileManagementSTTL-116722] Executing Test Case ID: STTL-116722
2016-01-28 00:47:02,819 DEBUG [EBPB_FileManagementSTTL-116722] Executing Init_Selendroid function with APK as parameter and clear data value with 1
2016-01-28 00:47:12,793 DEBUG [EBPB_FileManagementSTTL-116722] Exiting Init_Selendroid function
2016-01-28 00:47:12,808 DEBUG [EBPB_FileManagementSTTL-116722] TestCase with Description ".

Device File Transfer to HTTP-Large file(4mb)" Execution started
2016-01-28 00:47:12,808 DEBUG [EBPB_FileManagementSTTL-116722] In execute keyword function
2016-01-28 00:47:12,808 DEBUG [EBPB_FileManagementSTTL-116722] Executing wait function:
2016-01-28 00:47:12,808 DEBUG [EBPB_FileManagementSTTL-116722] Started Executing wait function
2016-01-28 00:47:14,808 DEBUG [EBPB_FileManagementSTTL-116722] Exiting from wait function
2016-01-28 00:47:14,808 DEBUG [EBPB_FileManagementSTTL-116722] TestStepResult of wait: Pass
2016-01-28 00:47:14,808 DEBUG [EBPB_FileManagementSTTL-116722] In execute keyword function
2016-01-28 00:47:14,808 DEBUG [EBPB_FileManagementSTTL-116722] Executing validate_PageTitle function:
2016-01-28 00:47:14,828 DEBUG [EBPB_FileManagementSTTL-116722] The title of the page is *********************************: Pocket Browser Tests
2016-01-28 00:47:14,828 DEBUG [EBPB_FileManagementSTTL-116722] The page title found is correct
2016-01-28 00:47:14,828 DEBUG [EBPB_FileManagementSTTL-116722] Result of validate_PageTitle: pass
2016-01-28 00:47:14,828 DEBUG [EBPB_FileManagementSTTL-116722] In execute keyword function
2016-01-28 00:47:14,828 DEBUG [EBPB_FileManagementSTTL-116722] Executing link_Click function:
2016-01-28 00:47:15,562 DEBUG [EBPB_FileManagementSTTL-116722] Executing Click function
2016-01-28 00:47:16,613 DEBUG [EBPB_FileManagementSTTL-116722] Exiting Click function
2016-01-28 00:47:16,613 DEBUG [EBPB_FileManagementSTTL-116722] filemanagement_test_link clicked successfully
2016-01-28 00:47:16,613 DEBUG [EBPB_FileManagementSTTL-116722] TestStepResult of link_Click: Pass
2016-01-28 00:47:16,613 DEBUG [EBPB_FileManagementSTTL-116722] In execute keyword function
2016-01-28 00:47:16,613 DEBUG [EBPB_FileManagementSTTL-116722] Executing wait function:
2016-01-28 00:47:16,613 DEBUG [EBPB_FileManagementSTTL-116722] Started Executing wait function
2016-01-28 00:47:18,613 DEBUG [EBPB_FileManagementSTTL-116722] Exiting from wait function
2016-01-28 00:47:18,613 DEBUG [EBPB_FileManagementSTTL-116722] TestStepResult of wait: Pass
2016-01-28 00:47:18,613 DEBUG [EBPB_FileManagementSTTL-116722] In execute keyword function
2016-01-28 00:47:18,613 DEBUG [EBPB_FileManagementSTTL-116722] Executing validate_PageTitle function:
2016-01-28 00:47:18,647 DEBUG [EBPB_FileManagementSTTL-116722] The title of the page is *********************************: PB and RE2.2 Semi Auto Frame Work : FileManagement
2016-01-28 00:47:18,647 DEBUG [EBPB_FileManagementSTTL-116722] The page title found is correct
2016-01-28 00:47:18,647 DEBUG [EBPB_FileManagementSTTL-116722] Result of validate_PageTitle: pass
2016-01-28 00:47:18,647 DEBUG [EBPB_FileManagementSTTL-116722] In execute keyword function
2016-01-28 00:47:18,647 DEBUG [EBPB_FileManagementSTTL-116722] Executing SelectTestToRun function:
2016-01-28 00:47:23,217 DEBUG [EBPB_FileManagementSTTL-116722] Successfull in selecting clicking the category
2016-01-28 00:47:23,217 DEBUG [EBPB_FileManagementSTTL-116722] TestStepResult of SelectTestToRun: pass
2016-01-28 00:47:23,217 DEBUG [EBPB_FileManagementSTTL-116722] In execute keyword function
2016-01-28 00:47:23,217 DEBUG [EBPB_FileManagementSTTL-116722] Executing ClickRunTest function:
2016-01-28 00:47:23,603 DEBUG [EBPB_FileManagementSTTL-116722] Executing Click function
2016-01-28 00:47:24,750 DEBUG [EBPB_FileManagementSTTL-116722] Exiting Click function
2016-01-28 00:47:24,750 DEBUG [EBPB_FileManagementSTTL-116722] runtest_top_xpath Button clicked Successfully
2016-01-28 00:47:24,750 DEBUG [EBPB_FileManagementSTTL-116722] TestStepResult of ClickRunTest: pass
2016-01-28 00:47:24,750 DEBUG [EBPB_FileManagementSTTL-116722] In execute keyword function
2016-01-28 00:47:24,750 DEBUG [EBPB_FileManagementSTTL-116722] Executing validate_Text_Exists function:
2016-01-28 00:47:25,029 DEBUG [EBPB_FileManagementSTTL-116722] VT056-1042 Testcase Text found
2016-01-28 00:47:25,029 DEBUG [EBPB_FileManagementSTTL-116722] Result of validate_Text_Exists: Pass
2016-01-28 00:47:25,029 DEBUG [EBPB_FileManagementSTTL-116722] In execute keyword function
2016-01-28 00:47:25,029 DEBUG [EBPB_FileManagementSTTL-116722] Executing wait function:
2016-01-28 00:47:25,029 DEBUG [EBPB_FileManagementSTTL-116722] Started Executing wait function
2016-01-28 00:49:05,034 DEBUG [EBPB_FileManagementSTTL-116722] Exiting from wait function
2016-01-28 00:49:05,034 DEBUG [EBPB_FileManagementSTTL-116722] TestStepResult of wait: Pass
2016-01-28 00:49:05,034 DEBUG [EBPB_FileManagementSTTL-116722] In execute keyword function
2016-01-28 00:49:05,034 DEBUG [EBPB_FileManagementSTTL-116722] Executing validate_Result function:
2016-01-28 00:49:05,313 DEBUG [EBPB_FileManagementSTTL-116722] Sent Text found in FileSent
2016-01-28 00:49:05,313 DEBUG [EBPB_FileManagementSTTL-116722] Result of validate_Result: Pass
2016-01-28 00:49:05,313 DEBUG [EBPB_FileManagementSTTL-116722] allstep_result contains: PasspasspassPassPassPassnull
2016-01-28 00:49:05,313 DEBUG [EBPB_FileManagementSTTL-116722] allexpected_result contains: nullPassnullPassnullpassnullpassnull
2016-01-28 00:49:05,313 DEBUG [EBPB_FileManagementSTTL-116722] Testcase_Result contains: nullPassnullPassnullpassnullpassnullPasspasspassPassPassPassnull
2016-01-28 00:49:05,313 DEBUG [EBPB_FileManagementSTTL-116722] Test case with description .

Device File Transfer to HTTP-Large file(4mb) Pass
2016-01-28 00:49:06,206 DEBUG [EBPB_FileManagementSTTL-116722] Executing browser_Quit function
2016-01-28 00:49:06,206 DEBUG [EBPB_FileManagementSTTL-116722] Completed browser_Quit function
2016-01-28 00:49:06,206 DEBUG [EBPB_FileManagementSTTL-116722] Completed quitSelendroid function
2016-01-28 00:49:06,206 DEBUG [EBPB_FileManagementSTTL-116722] Row number:23
2016-01-28 00:49:06,229 DEBUG [EBPB_FileManagementSTTL-116722] Ending Test Case IDSTTL-116722
