2016-01-27 22:56:58,869 DEBUG [EBPB_BatterySTTL-116709] Executing Test Case ID: STTL-116709
2016-01-27 22:56:58,875 DEBUG [EBPB_BatterySTTL-116709] Executing Init_Selendroid function with APK as parameter and clear data value with 1
2016-01-27 22:57:09,419 DEBUG [EBPB_BatterySTTL-116709] Exiting Init_Selendroid function
2016-01-27 22:57:09,434 DEBUG [EBPB_BatterySTTL-116709] TestCase with Description "Battery with Top_Right" Execution started
2016-01-27 22:57:09,434 DEBUG [EBPB_BatterySTTL-116709] In execute keyword function
2016-01-27 22:57:09,434 DEBUG [EBPB_BatterySTTL-116709] Executing wait function:
2016-01-27 22:57:09,434 DEBUG [EBPB_BatterySTTL-116709] Started Executing wait function
2016-01-27 22:57:12,435 DEBUG [EBPB_BatterySTTL-116709] Exiting from wait function
2016-01-27 22:57:12,435 DEBUG [EBPB_BatterySTTL-116709] TestStepResult of wait: Pass
2016-01-27 22:57:12,435 DEBUG [EBPB_BatterySTTL-116709] In execute keyword function
2016-01-27 22:57:12,435 DEBUG [EBPB_BatterySTTL-116709] Executing validate_PageTitle function:
2016-01-27 22:57:12,480 DEBUG [EBPB_BatterySTTL-116709] The title of the page is *********************************: Pocket Browser Tests
2016-01-27 22:57:12,480 DEBUG [EBPB_BatterySTTL-116709] The page title found is correct
2016-01-27 22:57:12,481 DEBUG [EBPB_BatterySTTL-116709] Result of validate_PageTitle: pass
2016-01-27 22:57:12,481 DEBUG [EBPB_BatterySTTL-116709] In execute keyword function
2016-01-27 22:57:12,481 DEBUG [EBPB_BatterySTTL-116709] Executing link_Click function:
2016-01-27 22:57:13,049 DEBUG [EBPB_BatterySTTL-116709] Executing Click function
2016-01-27 22:57:14,066 DEBUG [EBPB_BatterySTTL-116709] Exiting Click function
2016-01-27 22:57:14,067 DEBUG [EBPB_BatterySTTL-116709] PB_battery_test_link clicked successfully
2016-01-27 22:57:14,067 DEBUG [EBPB_BatterySTTL-116709] TestStepResult of link_Click: Pass
2016-01-27 22:57:14,067 DEBUG [EBPB_BatterySTTL-116709] In execute keyword function
2016-01-27 22:57:14,067 DEBUG [EBPB_BatterySTTL-116709] Executing validate_PageTitle function:
2016-01-27 22:57:14,092 DEBUG [EBPB_BatterySTTL-116709] The title of the page is *********************************: PB Battery Test
2016-01-27 22:57:14,093 DEBUG [EBPB_BatterySTTL-116709] The page title found is correct
2016-01-27 22:57:14,093 DEBUG [EBPB_BatterySTTL-116709] Result of validate_PageTitle: pass
2016-01-27 22:57:14,093 DEBUG [EBPB_BatterySTTL-116709] In execute keyword function
2016-01-27 22:57:14,093 DEBUG [EBPB_BatterySTTL-116709] Executing SelectTestToRun function:
2016-01-27 22:57:17,414 DEBUG [EBPB_BatterySTTL-116709] Successfull in selecting clicking the category
2016-01-27 22:57:17,414 DEBUG [EBPB_BatterySTTL-116709] TestStepResult of SelectTestToRun: pass
2016-01-27 22:57:17,414 DEBUG [EBPB_BatterySTTL-116709] In execute keyword function
2016-01-27 22:57:17,414 DEBUG [EBPB_BatterySTTL-116709] Executing ClickRunTest function:
2016-01-27 22:57:17,777 DEBUG [EBPB_BatterySTTL-116709] Executing Click function
2016-01-27 22:57:18,950 DEBUG [EBPB_BatterySTTL-116709] Exiting Click function
2016-01-27 22:57:18,950 DEBUG [EBPB_BatterySTTL-116709] runtest_top_xpath Button clicked Successfully
2016-01-27 22:57:18,950 DEBUG [EBPB_BatterySTTL-116709] TestStepResult of ClickRunTest: pass
2016-01-27 22:57:18,950 DEBUG [EBPB_BatterySTTL-116709] In execute keyword function
2016-01-27 22:57:18,950 DEBUG [EBPB_BatterySTTL-116709] Executing wait function:
2016-01-27 22:57:18,950 DEBUG [EBPB_BatterySTTL-116709] Started Executing wait function
2016-01-27 22:57:21,951 DEBUG [EBPB_BatterySTTL-116709] Exiting from wait function
2016-01-27 22:57:21,951 DEBUG [EBPB_BatterySTTL-116709] TestStepResult of wait: Pass
2016-01-27 22:57:21,951 DEBUG [EBPB_BatterySTTL-116709] In execute keyword function
2016-01-27 22:57:21,951 DEBUG [EBPB_BatterySTTL-116709] Executing TakeScreenshot function:
2016-01-27 22:57:22,813 DEBUG [EBPB_BatterySTTL-116709] Started Executing Validate_App_launched_Device function
2016-01-27 22:57:22,813 DEBUG [EBPB_BatterySTTL-116709] Entered CheckUIButtonExists function
2016-01-27 22:57:22,814 DEBUG [EBPB_BatterySTTL-116709] Started executeCommandLine function
2016-01-27 22:57:26,822 DEBUG [EBPB_BatterySTTL-116709] Exiting from executeCommandLine function
2016-01-27 22:57:26,822 DEBUG [EBPB_BatterySTTL-116709] Button is not Present
2016-01-27 22:57:26,822 DEBUG [EBPB_BatterySTTL-116709] Exiting from CheckUIButtonExists function
2016-01-27 22:57:26,822 DEBUG [EBPB_BatterySTTL-116709] Started executeCommandLine function
2016-01-27 22:57:30,842 DEBUG [EBPB_BatterySTTL-116709] Given App is in Foreground
2016-01-27 22:57:30,842 DEBUG [EBPB_BatterySTTL-116709] Exiting Validate_App_launched_Device function
2016-01-27 22:57:31,017 DEBUG [EBPB_BatterySTTL-116709] TestStepResult of TakeScreenshot: pass
2016-01-27 22:57:31,017 DEBUG [EBPB_BatterySTTL-116709] In execute keyword function
2016-01-27 22:57:31,017 DEBUG [EBPB_BatterySTTL-116709] Executing validate_Screenshot function:
2016-01-27 22:57:31,182 DEBUG [EBPB_BatterySTTL-116709] Match found with reference image
2016-01-27 22:57:31,182 DEBUG [EBPB_BatterySTTL-116709] Result of validate_Screenshot: Pass
2016-01-27 22:57:31,182 DEBUG [EBPB_BatterySTTL-116709] In execute keyword function
2016-01-27 22:57:31,182 DEBUG [EBPB_BatterySTTL-116709] TestStepResult of : Function <> not found in the keyword class
2016-01-27 22:57:31,182 DEBUG [EBPB_BatterySTTL-116709] allstep_result contains: Function <> not found in the keyword classpassPasspasspassPassPassnull
2016-01-27 22:57:31,182 DEBUG [EBPB_BatterySTTL-116709] allexpected_result contains: nullPassnullpassnullpassnull
2016-01-27 22:57:31,182 DEBUG [EBPB_BatterySTTL-116709] Testcase_Result contains: nullPassnullpassnullpassnullFunction <> not found in the keyword classpassPasspasspassPassPassnull
2016-01-27 22:57:31,182 DEBUG [EBPB_BatterySTTL-116709] Test case with description Battery with Top_Right Pass
2016-01-27 22:57:32,175 DEBUG [EBPB_BatterySTTL-116709] Executing browser_Quit function
2016-01-27 22:57:32,175 DEBUG [EBPB_BatterySTTL-116709] Completed browser_Quit function
2016-01-27 22:57:32,175 DEBUG [EBPB_BatterySTTL-116709] Completed quitSelendroid function
2016-01-27 22:57:32,176 DEBUG [EBPB_BatterySTTL-116709] Row number:10
2016-01-27 22:57:32,211 DEBUG [EBPB_BatterySTTL-116709] Ending Test Case IDSTTL-116709
