2016-01-27 23:02:33,870 DEBUG [EBPB_BatterySTTL-116719] Executing Test Case ID: STTL-116719
2016-01-27 23:02:33,876 DEBUG [EBPB_BatterySTTL-116719] Executing Init_Selendroid function with APK as parameter and clear data value with 1
2016-01-27 23:02:44,349 DEBUG [EBPB_BatterySTTL-116719] Exiting Init_Selendroid function
2016-01-27 23:02:44,362 DEBUG [EBPB_BatterySTTL-116719] TestCase with Description "Battery Event" Execution started
2016-01-27 23:02:44,363 DEBUG [EBPB_BatterySTTL-116719] In execute keyword function
2016-01-27 23:02:44,363 DEBUG [EBPB_BatterySTTL-116719] Executing wait function:
2016-01-27 23:02:44,363 DEBUG [EBPB_BatterySTTL-116719] Started Executing wait function
2016-01-27 23:02:47,363 DEBUG [EBPB_BatterySTTL-116719] Exiting from wait function
2016-01-27 23:02:47,363 DEBUG [EBPB_BatterySTTL-116719] TestStepResult of wait: Pass
2016-01-27 23:02:47,363 DEBUG [EBPB_BatterySTTL-116719] In execute keyword function
2016-01-27 23:02:47,363 DEBUG [EBPB_BatterySTTL-116719] Executing validate_PageTitle function:
2016-01-27 23:02:47,403 DEBUG [EBPB_BatterySTTL-116719] The title of the page is *********************************: Pocket Browser Tests
2016-01-27 23:02:47,403 DEBUG [EBPB_BatterySTTL-116719] The page title found is correct
2016-01-27 23:02:47,403 DEBUG [EBPB_BatterySTTL-116719] Result of validate_PageTitle: pass
2016-01-27 23:02:47,403 DEBUG [EBPB_BatterySTTL-116719] In execute keyword function
2016-01-27 23:02:47,403 DEBUG [EBPB_BatterySTTL-116719] Executing link_Click function:
2016-01-27 23:02:47,989 DEBUG [EBPB_BatterySTTL-116719] Executing Click function
2016-01-27 23:02:48,973 DEBUG [EBPB_BatterySTTL-116719] Exiting Click function
2016-01-27 23:02:48,973 DEBUG [EBPB_BatterySTTL-116719] PB_battery_test_link clicked successfully
2016-01-27 23:02:48,973 DEBUG [EBPB_BatterySTTL-116719] TestStepResult of link_Click: Pass
2016-01-27 23:02:48,973 DEBUG [EBPB_BatterySTTL-116719] In execute keyword function
2016-01-27 23:02:48,973 DEBUG [EBPB_BatterySTTL-116719] Executing validate_PageTitle function:
2016-01-27 23:02:48,993 DEBUG [EBPB_BatterySTTL-116719] The title of the page is *********************************: PB Battery Test
2016-01-27 23:02:48,993 DEBUG [EBPB_BatterySTTL-116719] The page title found is correct
2016-01-27 23:02:48,993 DEBUG [EBPB_BatterySTTL-116719] Result of validate_PageTitle: pass
2016-01-27 23:02:48,993 DEBUG [EBPB_BatterySTTL-116719] In execute keyword function
2016-01-27 23:02:48,993 DEBUG [EBPB_BatterySTTL-116719] Executing SelectTestToRun function:
2016-01-27 23:02:53,294 DEBUG [EBPB_BatterySTTL-116719] Successfull in selecting clicking the category
2016-01-27 23:02:53,294 DEBUG [EBPB_BatterySTTL-116719] TestStepResult of SelectTestToRun: pass
2016-01-27 23:02:53,294 DEBUG [EBPB_BatterySTTL-116719] In execute keyword function
2016-01-27 23:02:53,294 DEBUG [EBPB_BatterySTTL-116719] Executing ClickRunTest function:
2016-01-27 23:02:53,616 DEBUG [EBPB_BatterySTTL-116719] Executing Click function
2016-01-27 23:02:54,730 DEBUG [EBPB_BatterySTTL-116719] Exiting Click function
2016-01-27 23:02:54,730 DEBUG [EBPB_BatterySTTL-116719] runtest_top_xpath Button clicked Successfully
2016-01-27 23:02:54,730 DEBUG [EBPB_BatterySTTL-116719] TestStepResult of ClickRunTest: pass
2016-01-27 23:02:54,730 DEBUG [EBPB_BatterySTTL-116719] In execute keyword function
2016-01-27 23:02:54,730 DEBUG [EBPB_BatterySTTL-116719] Executing wait function:
2016-01-27 23:02:54,730 DEBUG [EBPB_BatterySTTL-116719] Started Executing wait function
2016-01-27 23:02:57,730 DEBUG [EBPB_BatterySTTL-116719] Exiting from wait function
2016-01-27 23:02:57,730 DEBUG [EBPB_BatterySTTL-116719] TestStepResult of wait: Pass
2016-01-27 23:02:57,730 DEBUG [EBPB_BatterySTTL-116719] In execute keyword function
2016-01-27 23:02:57,730 DEBUG [EBPB_BatterySTTL-116719] Executing validate_Result function:
2016-01-27 23:02:58,014 DEBUG [EBPB_BatterySTTL-116719] AC: 1 Text found in AC: 1
main:100
backup: 0
Count: 2
2016-01-27 23:02:58,015 DEBUG [EBPB_BatterySTTL-116719] Result of validate_Result: Pass
2016-01-27 23:02:58,015 DEBUG [EBPB_BatterySTTL-116719] In execute keyword function
2016-01-27 23:02:58,015 DEBUG [EBPB_BatterySTTL-116719] Executing validate_Result function:
2016-01-27 23:02:58,159 DEBUG [EBPB_BatterySTTL-116719] main: Text found in AC: 1
main:100
backup: 0
Count: 2
2016-01-27 23:02:58,159 DEBUG [EBPB_BatterySTTL-116719] Result of validate_Result: Pass
2016-01-27 23:02:58,159 DEBUG [EBPB_BatterySTTL-116719] In execute keyword function
2016-01-27 23:02:58,159 DEBUG [EBPB_BatterySTTL-116719] Executing validate_Result function:
2016-01-27 23:02:58,346 DEBUG [EBPB_BatterySTTL-116719] backup: Text found in AC: 1
main:100
backup: 0
Count: 2
2016-01-27 23:02:58,346 DEBUG [EBPB_BatterySTTL-116719] Result of validate_Result: Pass
2016-01-27 23:02:58,346 DEBUG [EBPB_BatterySTTL-116719] In execute keyword function
2016-01-27 23:02:58,346 DEBUG [EBPB_BatterySTTL-116719] Executing validate_Result function:
2016-01-27 23:02:58,513 DEBUG [EBPB_BatterySTTL-116719] Count: Text found in AC: 1
main:100
backup: 0
Count: 2
2016-01-27 23:02:58,513 DEBUG [EBPB_BatterySTTL-116719] Result of validate_Result: Pass
2016-01-27 23:02:58,513 DEBUG [EBPB_BatterySTTL-116719] In execute keyword function
2016-01-27 23:02:58,513 DEBUG [EBPB_BatterySTTL-116719] TestStepResult of : Function <> not found in the keyword class
2016-01-27 23:02:58,513 DEBUG [EBPB_BatterySTTL-116719] allstep_result contains: Function <> not found in the keyword classPasspasspassPassPassnull
2016-01-27 23:02:58,513 DEBUG [EBPB_BatterySTTL-116719] allexpected_result contains: nullPassPassPassPassnullpassnullpassnull
2016-01-27 23:02:58,513 DEBUG [EBPB_BatterySTTL-116719] Testcase_Result contains: nullPassPassPassPassnullpassnullpassnullFunction <> not found in the keyword classPasspasspassPassPassnull
2016-01-27 23:02:58,513 DEBUG [EBPB_BatterySTTL-116719] Test case with description Battery Event Pass
2016-01-27 23:02:59,493 DEBUG [EBPB_BatterySTTL-116719] Executing browser_Quit function
2016-01-27 23:02:59,493 DEBUG [EBPB_BatterySTTL-116719] Completed browser_Quit function
2016-01-27 23:02:59,493 DEBUG [EBPB_BatterySTTL-116719] Completed quitSelendroid function
2016-01-27 23:02:59,493 DEBUG [EBPB_BatterySTTL-116719] Row number:20
2016-01-27 23:02:59,537 DEBUG [EBPB_BatterySTTL-116719] Ending Test Case IDSTTL-116719
