2016-01-27 23:00:18,614 DEBUG [EBPB_BatterySTTL-116715] Executing Test Case ID: STTL-116715
2016-01-27 23:00:18,620 DEBUG [EBPB_BatterySTTL-116715] Executing Init_Selendroid function with APK as parameter and clear data value with 1
2016-01-27 23:00:29,048 DEBUG [EBPB_BatterySTTL-116715] Exiting Init_Selendroid function
2016-01-27 23:00:29,062 DEBUG [EBPB_BatterySTTL-116715] TestCase with Description "Battery with Bottom_Left" Execution started
2016-01-27 23:00:29,062 DEBUG [EBPB_BatterySTTL-116715] In execute keyword function
2016-01-27 23:00:29,062 DEBUG [EBPB_BatterySTTL-116715] Executing wait function:
2016-01-27 23:00:29,062 DEBUG [EBPB_BatterySTTL-116715] Started Executing wait function
2016-01-27 23:00:32,063 DEBUG [EBPB_BatterySTTL-116715] Exiting from wait function
2016-01-27 23:00:32,063 DEBUG [EBPB_BatterySTTL-116715] TestStepResult of wait: Pass
2016-01-27 23:00:32,063 DEBUG [EBPB_BatterySTTL-116715] In execute keyword function
2016-01-27 23:00:32,063 DEBUG [EBPB_BatterySTTL-116715] Executing validate_PageTitle function:
2016-01-27 23:00:32,116 DEBUG [EBPB_BatterySTTL-116715] The title of the page is *********************************: Pocket Browser Tests
2016-01-27 23:00:32,116 DEBUG [EBPB_BatterySTTL-116715] The page title found is correct
2016-01-27 23:00:32,116 DEBUG [EBPB_BatterySTTL-116715] Result of validate_PageTitle: pass
2016-01-27 23:00:32,116 DEBUG [EBPB_BatterySTTL-116715] In execute keyword function
2016-01-27 23:00:32,116 DEBUG [EBPB_BatterySTTL-116715] Executing link_Click function:
2016-01-27 23:00:32,637 DEBUG [EBPB_BatterySTTL-116715] Executing Click function
2016-01-27 23:00:33,663 DEBUG [EBPB_BatterySTTL-116715] Exiting Click function
2016-01-27 23:00:33,663 DEBUG [EBPB_BatterySTTL-116715] PB_battery_test_link clicked successfully
2016-01-27 23:00:33,663 DEBUG [EBPB_BatterySTTL-116715] TestStepResult of link_Click: Pass
2016-01-27 23:00:33,663 DEBUG [EBPB_BatterySTTL-116715] In execute keyword function
2016-01-27 23:00:33,663 DEBUG [EBPB_BatterySTTL-116715] Executing validate_PageTitle function:
2016-01-27 23:00:33,679 DEBUG [EBPB_BatterySTTL-116715] The title of the page is *********************************: PB Battery Test
2016-01-27 23:00:33,679 DEBUG [EBPB_BatterySTTL-116715] The page title found is correct
2016-01-27 23:00:33,679 DEBUG [EBPB_BatterySTTL-116715] Result of validate_PageTitle: pass
2016-01-27 23:00:33,679 DEBUG [EBPB_BatterySTTL-116715] In execute keyword function
2016-01-27 23:00:33,679 DEBUG [EBPB_BatterySTTL-116715] Executing SelectTestToRun function:
2016-01-27 23:00:37,607 DEBUG [EBPB_BatterySTTL-116715] Successfull in selecting clicking the category
2016-01-27 23:00:37,607 DEBUG [EBPB_BatterySTTL-116715] TestStepResult of SelectTestToRun: pass
2016-01-27 23:00:37,607 DEBUG [EBPB_BatterySTTL-116715] In execute keyword function
2016-01-27 23:00:37,607 DEBUG [EBPB_BatterySTTL-116715] Executing ClickRunTest function:
2016-01-27 23:00:37,936 DEBUG [EBPB_BatterySTTL-116715] Executing Click function
2016-01-27 23:00:39,034 DEBUG [EBPB_BatterySTTL-116715] Exiting Click function
2016-01-27 23:00:39,034 DEBUG [EBPB_BatterySTTL-116715] runtest_top_xpath Button clicked Successfully
2016-01-27 23:00:39,034 DEBUG [EBPB_BatterySTTL-116715] TestStepResult of ClickRunTest: pass
2016-01-27 23:00:39,034 DEBUG [EBPB_BatterySTTL-116715] In execute keyword function
2016-01-27 23:00:39,034 DEBUG [EBPB_BatterySTTL-116715] Executing wait function:
2016-01-27 23:00:39,034 DEBUG [EBPB_BatterySTTL-116715] Started Executing wait function
2016-01-27 23:00:42,036 DEBUG [EBPB_BatterySTTL-116715] Exiting from wait function
2016-01-27 23:00:42,036 DEBUG [EBPB_BatterySTTL-116715] TestStepResult of wait: Pass
2016-01-27 23:00:42,036 DEBUG [EBPB_BatterySTTL-116715] In execute keyword function
2016-01-27 23:00:42,036 DEBUG [EBPB_BatterySTTL-116715] Executing TakeScreenshot function:
2016-01-27 23:00:42,889 DEBUG [EBPB_BatterySTTL-116715] Started Executing Validate_App_launched_Device function
2016-01-27 23:00:42,889 DEBUG [EBPB_BatterySTTL-116715] Entered CheckUIButtonExists function
2016-01-27 23:00:42,889 DEBUG [EBPB_BatterySTTL-116715] Started executeCommandLine function
2016-01-27 23:00:46,901 DEBUG [EBPB_BatterySTTL-116715] Exiting from executeCommandLine function
2016-01-27 23:00:46,901 DEBUG [EBPB_BatterySTTL-116715] Button is not Present
2016-01-27 23:00:46,901 DEBUG [EBPB_BatterySTTL-116715] Exiting from CheckUIButtonExists function
2016-01-27 23:00:46,901 DEBUG [EBPB_BatterySTTL-116715] Started executeCommandLine function
2016-01-27 23:00:50,922 DEBUG [EBPB_BatterySTTL-116715] Given App is in Foreground
2016-01-27 23:00:50,922 DEBUG [EBPB_BatterySTTL-116715] Exiting Validate_App_launched_Device function
2016-01-27 23:00:51,076 DEBUG [EBPB_BatterySTTL-116715] TestStepResult of TakeScreenshot: pass
2016-01-27 23:00:51,076 DEBUG [EBPB_BatterySTTL-116715] In execute keyword function
2016-01-27 23:00:51,076 DEBUG [EBPB_BatterySTTL-116715] Executing validate_Screenshot function:
2016-01-27 23:00:51,221 DEBUG [EBPB_BatterySTTL-116715] Match found with reference image
2016-01-27 23:00:51,222 DEBUG [EBPB_BatterySTTL-116715] Result of validate_Screenshot: Pass
2016-01-27 23:00:51,222 DEBUG [EBPB_BatterySTTL-116715] In execute keyword function
2016-01-27 23:00:51,222 DEBUG [EBPB_BatterySTTL-116715] TestStepResult of : Function <> not found in the keyword class
2016-01-27 23:00:51,222 DEBUG [EBPB_BatterySTTL-116715] allstep_result contains: Function <> not found in the keyword classpassPasspasspassPassPassnull
2016-01-27 23:00:51,222 DEBUG [EBPB_BatterySTTL-116715] allexpected_result contains: nullPassnullpassnullpassnull
2016-01-27 23:00:51,222 DEBUG [EBPB_BatterySTTL-116715] Testcase_Result contains: nullPassnullpassnullpassnullFunction <> not found in the keyword classpassPasspasspassPassPassnull
2016-01-27 23:00:51,222 DEBUG [EBPB_BatterySTTL-116715] Test case with description Battery with Bottom_Left Pass
2016-01-27 23:00:52,168 DEBUG [EBPB_BatterySTTL-116715] Executing browser_Quit function
2016-01-27 23:00:52,168 DEBUG [EBPB_BatterySTTL-116715] Completed browser_Quit function
2016-01-27 23:00:52,168 DEBUG [EBPB_BatterySTTL-116715] Completed quitSelendroid function
2016-01-27 23:00:52,168 DEBUG [EBPB_BatterySTTL-116715] Row number:16
2016-01-27 23:00:52,202 DEBUG [EBPB_BatterySTTL-116715] Ending Test Case IDSTTL-116715
