2016-01-27 23:02:00,186 DEBUG [EBPB_BatterySTTL-116718] Executing Test Case ID: STTL-116718
2016-01-27 23:02:00,192 DEBUG [EBPB_BatterySTTL-116718] Executing Init_Selendroid function with APK as parameter and clear data value with 1
2016-01-27 23:02:10,082 DEBUG [EBPB_BatterySTTL-116718] Exiting Init_Selendroid function
2016-01-27 23:02:10,096 DEBUG [EBPB_BatterySTTL-116718] TestCase with Description "Battery with RGB Red color" Execution started
2016-01-27 23:02:10,096 DEBUG [EBPB_BatterySTTL-116718] In execute keyword function
2016-01-27 23:02:10,096 DEBUG [EBPB_BatterySTTL-116718] Executing wait function:
2016-01-27 23:02:10,096 DEBUG [EBPB_BatterySTTL-116718] Started Executing wait function
2016-01-27 23:02:13,097 DEBUG [EBPB_BatterySTTL-116718] Exiting from wait function
2016-01-27 23:02:13,097 DEBUG [EBPB_BatterySTTL-116718] TestStepResult of wait: Pass
2016-01-27 23:02:13,097 DEBUG [EBPB_BatterySTTL-116718] In execute keyword function
2016-01-27 23:02:13,097 DEBUG [EBPB_BatterySTTL-116718] Executing validate_PageTitle function:
2016-01-27 23:02:13,138 DEBUG [EBPB_BatterySTTL-116718] The title of the page is *********************************: Pocket Browser Tests
2016-01-27 23:02:13,139 DEBUG [EBPB_BatterySTTL-116718] The page title found is correct
2016-01-27 23:02:13,139 DEBUG [EBPB_BatterySTTL-116718] Result of validate_PageTitle: pass
2016-01-27 23:02:13,139 DEBUG [EBPB_BatterySTTL-116718] In execute keyword function
2016-01-27 23:02:13,139 DEBUG [EBPB_BatterySTTL-116718] Executing link_Click function:
2016-01-27 23:02:13,700 DEBUG [EBPB_BatterySTTL-116718] Executing Click function
2016-01-27 23:02:14,768 DEBUG [EBPB_BatterySTTL-116718] Exiting Click function
2016-01-27 23:02:14,768 DEBUG [EBPB_BatterySTTL-116718] PB_battery_test_link clicked successfully
2016-01-27 23:02:14,768 DEBUG [EBPB_BatterySTTL-116718] TestStepResult of link_Click: Pass
2016-01-27 23:02:14,768 DEBUG [EBPB_BatterySTTL-116718] In execute keyword function
2016-01-27 23:02:14,768 DEBUG [EBPB_BatterySTTL-116718] Executing validate_PageTitle function:
2016-01-27 23:02:14,804 DEBUG [EBPB_BatterySTTL-116718] The title of the page is *********************************: PB Battery Test
2016-01-27 23:02:14,804 DEBUG [EBPB_BatterySTTL-116718] The page title found is correct
2016-01-27 23:02:14,804 DEBUG [EBPB_BatterySTTL-116718] Result of validate_PageTitle: pass
2016-01-27 23:02:14,804 DEBUG [EBPB_BatterySTTL-116718] In execute keyword function
2016-01-27 23:02:14,804 DEBUG [EBPB_BatterySTTL-116718] Executing SelectTestToRun function:
2016-01-27 23:02:19,085 DEBUG [EBPB_BatterySTTL-116718] Successfull in selecting clicking the category
2016-01-27 23:02:19,085 DEBUG [EBPB_BatterySTTL-116718] TestStepResult of SelectTestToRun: pass
2016-01-27 23:02:19,085 DEBUG [EBPB_BatterySTTL-116718] In execute keyword function
2016-01-27 23:02:19,085 DEBUG [EBPB_BatterySTTL-116718] Executing ClickRunTest function:
2016-01-27 23:02:19,430 DEBUG [EBPB_BatterySTTL-116718] Executing Click function
2016-01-27 23:02:20,577 DEBUG [EBPB_BatterySTTL-116718] Exiting Click function
2016-01-27 23:02:20,577 DEBUG [EBPB_BatterySTTL-116718] runtest_top_xpath Button clicked Successfully
2016-01-27 23:02:20,577 DEBUG [EBPB_BatterySTTL-116718] TestStepResult of ClickRunTest: pass
2016-01-27 23:02:20,577 DEBUG [EBPB_BatterySTTL-116718] In execute keyword function
2016-01-27 23:02:20,577 DEBUG [EBPB_BatterySTTL-116718] Executing wait function:
2016-01-27 23:02:20,577 DEBUG [EBPB_BatterySTTL-116718] Started Executing wait function
2016-01-27 23:02:23,578 DEBUG [EBPB_BatterySTTL-116718] Exiting from wait function
2016-01-27 23:02:23,578 DEBUG [EBPB_BatterySTTL-116718] TestStepResult of wait: Pass
2016-01-27 23:02:23,578 DEBUG [EBPB_BatterySTTL-116718] In execute keyword function
2016-01-27 23:02:23,578 DEBUG [EBPB_BatterySTTL-116718] Executing TakeScreenshot function:
2016-01-27 23:02:24,402 DEBUG [EBPB_BatterySTTL-116718] Started Executing Validate_App_launched_Device function
2016-01-27 23:02:24,402 DEBUG [EBPB_BatterySTTL-116718] Entered CheckUIButtonExists function
2016-01-27 23:02:24,402 DEBUG [EBPB_BatterySTTL-116718] Started executeCommandLine function
2016-01-27 23:02:28,411 DEBUG [EBPB_BatterySTTL-116718] Exiting from executeCommandLine function
2016-01-27 23:02:28,411 DEBUG [EBPB_BatterySTTL-116718] Button is not Present
2016-01-27 23:02:28,411 DEBUG [EBPB_BatterySTTL-116718] Exiting from CheckUIButtonExists function
2016-01-27 23:02:28,411 DEBUG [EBPB_BatterySTTL-116718] Started executeCommandLine function
2016-01-27 23:02:32,433 DEBUG [EBPB_BatterySTTL-116718] Given App is in Foreground
2016-01-27 23:02:32,433 DEBUG [EBPB_BatterySTTL-116718] Exiting Validate_App_launched_Device function
2016-01-27 23:02:32,578 DEBUG [EBPB_BatterySTTL-116718] TestStepResult of TakeScreenshot: pass
2016-01-27 23:02:32,578 DEBUG [EBPB_BatterySTTL-116718] In execute keyword function
2016-01-27 23:02:32,578 DEBUG [EBPB_BatterySTTL-116718] Executing validate_Screenshot function:
2016-01-27 23:02:32,738 DEBUG [EBPB_BatterySTTL-116718] Match found with reference image
2016-01-27 23:02:32,738 DEBUG [EBPB_BatterySTTL-116718] Result of validate_Screenshot: Pass
2016-01-27 23:02:32,738 DEBUG [EBPB_BatterySTTL-116718] In execute keyword function
2016-01-27 23:02:32,738 DEBUG [EBPB_BatterySTTL-116718] TestStepResult of : Function <> not found in the keyword class
2016-01-27 23:02:32,738 DEBUG [EBPB_BatterySTTL-116718] allstep_result contains: Function <> not found in the keyword classpassPasspasspassPassPassnull
2016-01-27 23:02:32,738 DEBUG [EBPB_BatterySTTL-116718] allexpected_result contains: nullPassnullpassnullpassnull
2016-01-27 23:02:32,738 DEBUG [EBPB_BatterySTTL-116718] Testcase_Result contains: nullPassnullpassnullpassnullFunction <> not found in the keyword classpassPasspasspassPassPassnull
2016-01-27 23:02:32,738 DEBUG [EBPB_BatterySTTL-116718] Test case with description Battery with RGB Red color Pass
2016-01-27 23:02:33,828 DEBUG [EBPB_BatterySTTL-116718] Executing browser_Quit function
2016-01-27 23:02:33,828 DEBUG [EBPB_BatterySTTL-116718] Completed browser_Quit function
2016-01-27 23:02:33,828 DEBUG [EBPB_BatterySTTL-116718] Completed quitSelendroid function
2016-01-27 23:02:33,829 DEBUG [EBPB_BatterySTTL-116718] Row number:19
2016-01-27 23:02:33,856 DEBUG [EBPB_BatterySTTL-116718] Ending Test Case IDSTTL-116718
