2016-01-27 22:53:43,468 DEBUG [EBPB_BatterySTTL-116703] Executing Test Case ID: STTL-116703
2016-01-27 22:53:43,476 DEBUG [EBPB_BatterySTTL-116703] Executing Init_Selendroid function with APK as parameter and clear data value with 1
2016-01-27 22:53:54,022 DEBUG [EBPB_BatterySTTL-116703] Exiting Init_Selendroid function
2016-01-27 22:53:54,036 DEBUG [EBPB_BatterySTTL-116703] TestCase with Description "Battery Hidden" Execution started
2016-01-27 22:53:54,036 DEBUG [EBPB_BatterySTTL-116703] In execute keyword function
2016-01-27 22:53:54,036 DEBUG [EBPB_BatterySTTL-116703] Executing wait function:
2016-01-27 22:53:54,036 DEBUG [EBPB_BatterySTTL-116703] Started Executing wait function
2016-01-27 22:53:57,036 DEBUG [EBPB_BatterySTTL-116703] Exiting from wait function
2016-01-27 22:53:57,036 DEBUG [EBPB_BatterySTTL-116703] TestStepResult of wait: Pass
2016-01-27 22:53:57,036 DEBUG [EBPB_BatterySTTL-116703] In execute keyword function
2016-01-27 22:53:57,036 DEBUG [EBPB_BatterySTTL-116703] Executing validate_PageTitle function:
2016-01-27 22:53:57,086 DEBUG [EBPB_BatterySTTL-116703] The title of the page is *********************************: Pocket Browser Tests
2016-01-27 22:53:57,086 DEBUG [EBPB_BatterySTTL-116703] The page title found is correct
2016-01-27 22:53:57,086 DEBUG [EBPB_BatterySTTL-116703] Result of validate_PageTitle: pass
2016-01-27 22:53:57,086 DEBUG [EBPB_BatterySTTL-116703] In execute keyword function
2016-01-27 22:53:57,086 DEBUG [EBPB_BatterySTTL-116703] Executing link_Click function:
2016-01-27 22:53:57,580 DEBUG [EBPB_BatterySTTL-116703] Executing Click function
2016-01-27 22:53:58,600 DEBUG [EBPB_BatterySTTL-116703] Exiting Click function
2016-01-27 22:53:58,600 DEBUG [EBPB_BatterySTTL-116703] PB_battery_test_link clicked successfully
2016-01-27 22:53:58,600 DEBUG [EBPB_BatterySTTL-116703] TestStepResult of link_Click: Pass
2016-01-27 22:53:58,601 DEBUG [EBPB_BatterySTTL-116703] In execute keyword function
2016-01-27 22:53:58,601 DEBUG [EBPB_BatterySTTL-116703] Executing validate_PageTitle function:
2016-01-27 22:53:58,619 DEBUG [EBPB_BatterySTTL-116703] The title of the page is *********************************: PB Battery Test
2016-01-27 22:53:58,619 DEBUG [EBPB_BatterySTTL-116703] The page title found is correct
2016-01-27 22:53:58,619 DEBUG [EBPB_BatterySTTL-116703] Result of validate_PageTitle: pass
2016-01-27 22:53:58,619 DEBUG [EBPB_BatterySTTL-116703] In execute keyword function
2016-01-27 22:53:58,619 DEBUG [EBPB_BatterySTTL-116703] Executing SelectTestToRun function:
2016-01-27 22:54:01,478 DEBUG [EBPB_BatterySTTL-116703] Successfull in selecting clicking the category
2016-01-27 22:54:01,479 DEBUG [EBPB_BatterySTTL-116703] TestStepResult of SelectTestToRun: pass
2016-01-27 22:54:01,479 DEBUG [EBPB_BatterySTTL-116703] In execute keyword function
2016-01-27 22:54:01,479 DEBUG [EBPB_BatterySTTL-116703] Executing ClickRunTest function:
2016-01-27 22:54:01,853 DEBUG [EBPB_BatterySTTL-116703] Executing Click function
2016-01-27 22:54:02,779 DEBUG [EBPB_BatterySTTL-116703] Exiting Click function
2016-01-27 22:54:02,779 DEBUG [EBPB_BatterySTTL-116703] runtest_top_xpath Button clicked Successfully
2016-01-27 22:54:02,779 DEBUG [EBPB_BatterySTTL-116703] TestStepResult of ClickRunTest: pass
2016-01-27 22:54:02,779 DEBUG [EBPB_BatterySTTL-116703] In execute keyword function
2016-01-27 22:54:02,779 DEBUG [EBPB_BatterySTTL-116703] Executing wait function:
2016-01-27 22:54:02,779 DEBUG [EBPB_BatterySTTL-116703] Started Executing wait function
2016-01-27 22:54:05,779 DEBUG [EBPB_BatterySTTL-116703] Exiting from wait function
2016-01-27 22:54:05,779 DEBUG [EBPB_BatterySTTL-116703] TestStepResult of wait: Pass
2016-01-27 22:54:05,779 DEBUG [EBPB_BatterySTTL-116703] In execute keyword function
2016-01-27 22:54:05,779 DEBUG [EBPB_BatterySTTL-116703] Executing TakeScreenshot function:
2016-01-27 22:54:06,593 DEBUG [EBPB_BatterySTTL-116703] Started Executing Validate_App_launched_Device function
2016-01-27 22:54:06,593 DEBUG [EBPB_BatterySTTL-116703] Entered CheckUIButtonExists function
2016-01-27 22:54:06,593 DEBUG [EBPB_BatterySTTL-116703] Started executeCommandLine function
2016-01-27 22:54:10,602 DEBUG [EBPB_BatterySTTL-116703] Exiting from executeCommandLine function
2016-01-27 22:54:10,602 DEBUG [EBPB_BatterySTTL-116703] Button is not Present
2016-01-27 22:54:10,602 DEBUG [EBPB_BatterySTTL-116703] Exiting from CheckUIButtonExists function
2016-01-27 22:54:10,602 DEBUG [EBPB_BatterySTTL-116703] Started executeCommandLine function
2016-01-27 22:54:14,623 DEBUG [EBPB_BatterySTTL-116703] Given App is in Foreground
2016-01-27 22:54:14,623 DEBUG [EBPB_BatterySTTL-116703] Exiting Validate_App_launched_Device function
2016-01-27 22:54:14,825 DEBUG [EBPB_BatterySTTL-116703] TestStepResult of TakeScreenshot: pass
2016-01-27 22:54:14,825 DEBUG [EBPB_BatterySTTL-116703] In execute keyword function
2016-01-27 22:54:14,826 DEBUG [EBPB_BatterySTTL-116703] Executing validate_Screenshot function:
2016-01-27 22:54:14,991 DEBUG [EBPB_BatterySTTL-116703] Match found with reference image
2016-01-27 22:54:14,991 DEBUG [EBPB_BatterySTTL-116703] Result of validate_Screenshot: Pass
2016-01-27 22:54:14,991 DEBUG [EBPB_BatterySTTL-116703] In execute keyword function
2016-01-27 22:54:14,991 DEBUG [EBPB_BatterySTTL-116703] TestStepResult of : Function <> not found in the keyword class
2016-01-27 22:54:14,991 DEBUG [EBPB_BatterySTTL-116703] allstep_result contains: Function <> not found in the keyword classpassPasspasspassPassPassnull
2016-01-27 22:54:14,991 DEBUG [EBPB_BatterySTTL-116703] allexpected_result contains: nullPassnullpassnullpassnull
2016-01-27 22:54:14,991 DEBUG [EBPB_BatterySTTL-116703] Testcase_Result contains: nullPassnullpassnullpassnullFunction <> not found in the keyword classpassPasspasspassPassPassnull
2016-01-27 22:54:14,991 DEBUG [EBPB_BatterySTTL-116703] Test case with description Battery Hidden Pass
2016-01-27 22:54:15,918 DEBUG [EBPB_BatterySTTL-116703] Executing browser_Quit function
2016-01-27 22:54:15,918 DEBUG [EBPB_BatterySTTL-116703] Completed browser_Quit function
2016-01-27 22:54:15,918 DEBUG [EBPB_BatterySTTL-116703] Completed quitSelendroid function
2016-01-27 22:54:15,919 DEBUG [EBPB_BatterySTTL-116703] Row number:4
2016-01-27 22:54:15,956 DEBUG [EBPB_BatterySTTL-116703] Ending Test Case IDSTTL-116703
