2016-01-27 22:56:26,104 DEBUG [EBPB_BatterySTTL-116708] Executing Test Case ID: STTL-116708
2016-01-27 22:56:26,111 DEBUG [EBPB_BatterySTTL-116708] Executing Init_Selendroid function with APK as parameter and clear data value with 1
2016-01-27 22:56:36,012 DEBUG [EBPB_BatterySTTL-116708] Exiting Init_Selendroid function
2016-01-27 22:56:36,027 DEBUG [EBPB_BatterySTTL-116708] TestCase with Description "Battery with Left_Top" Execution started
2016-01-27 22:56:36,027 DEBUG [EBPB_BatterySTTL-116708] In execute keyword function
2016-01-27 22:56:36,027 DEBUG [EBPB_BatterySTTL-116708] Executing wait function:
2016-01-27 22:56:36,027 DEBUG [EBPB_BatterySTTL-116708] Started Executing wait function
2016-01-27 22:56:39,027 DEBUG [EBPB_BatterySTTL-116708] Exiting from wait function
2016-01-27 22:56:39,027 DEBUG [EBPB_BatterySTTL-116708] TestStepResult of wait: Pass
2016-01-27 22:56:39,027 DEBUG [EBPB_BatterySTTL-116708] In execute keyword function
2016-01-27 22:56:39,027 DEBUG [EBPB_BatterySTTL-116708] Executing validate_PageTitle function:
2016-01-27 22:56:39,067 DEBUG [EBPB_BatterySTTL-116708] The title of the page is *********************************: Pocket Browser Tests
2016-01-27 22:56:39,068 DEBUG [EBPB_BatterySTTL-116708] The page title found is correct
2016-01-27 22:56:39,068 DEBUG [EBPB_BatterySTTL-116708] Result of validate_PageTitle: pass
2016-01-27 22:56:39,068 DEBUG [EBPB_BatterySTTL-116708] In execute keyword function
2016-01-27 22:56:39,068 DEBUG [EBPB_BatterySTTL-116708] Executing link_Click function:
2016-01-27 22:56:39,593 DEBUG [EBPB_BatterySTTL-116708] Executing Click function
2016-01-27 22:56:40,613 DEBUG [EBPB_BatterySTTL-116708] Exiting Click function
2016-01-27 22:56:40,613 DEBUG [EBPB_BatterySTTL-116708] PB_battery_test_link clicked successfully
2016-01-27 22:56:40,613 DEBUG [EBPB_BatterySTTL-116708] TestStepResult of link_Click: Pass
2016-01-27 22:56:40,613 DEBUG [EBPB_BatterySTTL-116708] In execute keyword function
2016-01-27 22:56:40,613 DEBUG [EBPB_BatterySTTL-116708] Executing validate_PageTitle function:
2016-01-27 22:56:40,648 DEBUG [EBPB_BatterySTTL-116708] The title of the page is *********************************: PB Battery Test
2016-01-27 22:56:40,648 DEBUG [EBPB_BatterySTTL-116708] The page title found is correct
2016-01-27 22:56:40,648 DEBUG [EBPB_BatterySTTL-116708] Result of validate_PageTitle: pass
2016-01-27 22:56:40,648 DEBUG [EBPB_BatterySTTL-116708] In execute keyword function
2016-01-27 22:56:40,648 DEBUG [EBPB_BatterySTTL-116708] Executing SelectTestToRun function:
2016-01-27 22:56:43,883 DEBUG [EBPB_BatterySTTL-116708] Successfull in selecting clicking the category
2016-01-27 22:56:43,883 DEBUG [EBPB_BatterySTTL-116708] TestStepResult of SelectTestToRun: pass
2016-01-27 22:56:43,884 DEBUG [EBPB_BatterySTTL-116708] In execute keyword function
2016-01-27 22:56:43,884 DEBUG [EBPB_BatterySTTL-116708] Executing ClickRunTest function:
2016-01-27 22:56:44,219 DEBUG [EBPB_BatterySTTL-116708] Executing Click function
2016-01-27 22:56:45,392 DEBUG [EBPB_BatterySTTL-116708] Exiting Click function
2016-01-27 22:56:45,392 DEBUG [EBPB_BatterySTTL-116708] runtest_top_xpath Button clicked Successfully
2016-01-27 22:56:45,392 DEBUG [EBPB_BatterySTTL-116708] TestStepResult of ClickRunTest: pass
2016-01-27 22:56:45,392 DEBUG [EBPB_BatterySTTL-116708] In execute keyword function
2016-01-27 22:56:45,392 DEBUG [EBPB_BatterySTTL-116708] Executing wait function:
2016-01-27 22:56:45,392 DEBUG [EBPB_BatterySTTL-116708] Started Executing wait function
2016-01-27 22:56:48,392 DEBUG [EBPB_BatterySTTL-116708] Exiting from wait function
2016-01-27 22:56:48,392 DEBUG [EBPB_BatterySTTL-116708] TestStepResult of wait: Pass
2016-01-27 22:56:48,392 DEBUG [EBPB_BatterySTTL-116708] In execute keyword function
2016-01-27 22:56:48,392 DEBUG [EBPB_BatterySTTL-116708] Executing TakeScreenshot function:
2016-01-27 22:56:49,245 DEBUG [EBPB_BatterySTTL-116708] Started Executing Validate_App_launched_Device function
2016-01-27 22:56:49,245 DEBUG [EBPB_BatterySTTL-116708] Entered CheckUIButtonExists function
2016-01-27 22:56:49,245 DEBUG [EBPB_BatterySTTL-116708] Started executeCommandLine function
2016-01-27 22:56:53,256 DEBUG [EBPB_BatterySTTL-116708] Exiting from executeCommandLine function
2016-01-27 22:56:53,256 DEBUG [EBPB_BatterySTTL-116708] Button is not Present
2016-01-27 22:56:53,256 DEBUG [EBPB_BatterySTTL-116708] Exiting from CheckUIButtonExists function
2016-01-27 22:56:53,256 DEBUG [EBPB_BatterySTTL-116708] Started executeCommandLine function
2016-01-27 22:56:57,267 DEBUG [EBPB_BatterySTTL-116708] Given App is in Foreground
2016-01-27 22:56:57,267 DEBUG [EBPB_BatterySTTL-116708] Exiting Validate_App_launched_Device function
2016-01-27 22:56:57,404 DEBUG [EBPB_BatterySTTL-116708] TestStepResult of TakeScreenshot: pass
2016-01-27 22:56:57,404 DEBUG [EBPB_BatterySTTL-116708] In execute keyword function
2016-01-27 22:56:57,404 DEBUG [EBPB_BatterySTTL-116708] Executing validate_Screenshot function:
2016-01-27 22:56:57,871 DEBUG [EBPB_BatterySTTL-116708] Match found with reference image
2016-01-27 22:56:57,871 DEBUG [EBPB_BatterySTTL-116708] Result of validate_Screenshot: Pass
2016-01-27 22:56:57,871 DEBUG [EBPB_BatterySTTL-116708] In execute keyword function
2016-01-27 22:56:57,871 DEBUG [EBPB_BatterySTTL-116708] TestStepResult of : Function <> not found in the keyword class
2016-01-27 22:56:57,871 DEBUG [EBPB_BatterySTTL-116708] allstep_result contains: Function <> not found in the keyword classpassPasspasspassPassPassnull
2016-01-27 22:56:57,871 DEBUG [EBPB_BatterySTTL-116708] allexpected_result contains: nullPassnullpassnullpassnull
2016-01-27 22:56:57,871 DEBUG [EBPB_BatterySTTL-116708] Testcase_Result contains: nullPassnullpassnullpassnullFunction <> not found in the keyword classpassPasspasspassPassPassnull
2016-01-27 22:56:57,871 DEBUG [EBPB_BatterySTTL-116708] Test case with description Battery with Left_Top Pass
2016-01-27 22:56:58,816 DEBUG [EBPB_BatterySTTL-116708] Executing browser_Quit function
2016-01-27 22:56:58,816 DEBUG [EBPB_BatterySTTL-116708] Completed browser_Quit function
2016-01-27 22:56:58,816 DEBUG [EBPB_BatterySTTL-116708] Completed quitSelendroid function
2016-01-27 22:56:58,817 DEBUG [EBPB_BatterySTTL-116708] Row number:9
2016-01-27 22:56:58,853 DEBUG [EBPB_BatterySTTL-116708] Ending Test Case IDSTTL-116708
