2016-01-27 22:54:15,972 DEBUG [EBPB_BatterySTTL-116704] Executing Test Case ID: STTL-116704
2016-01-27 22:54:15,979 DEBUG [EBPB_BatterySTTL-116704] Executing Init_Selendroid function with APK as parameter and clear data value with 1
2016-01-27 22:54:25,804 DEBUG [EBPB_BatterySTTL-116704] Exiting Init_Selendroid function
2016-01-27 22:54:25,819 DEBUG [EBPB_BatterySTTL-116704] TestCase with Description "Battery with invalid content" Execution started
2016-01-27 22:54:25,819 DEBUG [EBPB_BatterySTTL-116704] In execute keyword function
2016-01-27 22:54:25,819 DEBUG [EBPB_BatterySTTL-116704] Executing wait function:
2016-01-27 22:54:25,819 DEBUG [EBPB_BatterySTTL-116704] Started Executing wait function
2016-01-27 22:54:28,819 DEBUG [EBPB_BatterySTTL-116704] Exiting from wait function
2016-01-27 22:54:28,819 DEBUG [EBPB_BatterySTTL-116704] TestStepResult of wait: Pass
2016-01-27 22:54:28,819 DEBUG [EBPB_BatterySTTL-116704] In execute keyword function
2016-01-27 22:54:28,819 DEBUG [EBPB_BatterySTTL-116704] Executing validate_PageTitle function:
2016-01-27 22:54:28,852 DEBUG [EBPB_BatterySTTL-116704] The title of the page is *********************************: Pocket Browser Tests
2016-01-27 22:54:28,852 DEBUG [EBPB_BatterySTTL-116704] The page title found is correct
2016-01-27 22:54:28,852 DEBUG [EBPB_BatterySTTL-116704] Result of validate_PageTitle: pass
2016-01-27 22:54:28,852 DEBUG [EBPB_BatterySTTL-116704] In execute keyword function
2016-01-27 22:54:28,852 DEBUG [EBPB_BatterySTTL-116704] Executing link_Click function:
2016-01-27 22:54:29,438 DEBUG [EBPB_BatterySTTL-116704] Executing Click function
2016-01-27 22:54:30,460 DEBUG [EBPB_BatterySTTL-116704] Exiting Click function
2016-01-27 22:54:30,460 DEBUG [EBPB_BatterySTTL-116704] PB_battery_test_link clicked successfully
2016-01-27 22:54:30,461 DEBUG [EBPB_BatterySTTL-116704] TestStepResult of link_Click: Pass
2016-01-27 22:54:30,461 DEBUG [EBPB_BatterySTTL-116704] In execute keyword function
2016-01-27 22:54:30,461 DEBUG [EBPB_BatterySTTL-116704] Executing validate_PageTitle function:
2016-01-27 22:54:30,492 DEBUG [EBPB_BatterySTTL-116704] The title of the page is *********************************: PB Battery Test
2016-01-27 22:54:30,492 DEBUG [EBPB_BatterySTTL-116704] The page title found is correct
2016-01-27 22:54:30,492 DEBUG [EBPB_BatterySTTL-116704] Result of validate_PageTitle: pass
2016-01-27 22:54:30,492 DEBUG [EBPB_BatterySTTL-116704] In execute keyword function
2016-01-27 22:54:30,492 DEBUG [EBPB_BatterySTTL-116704] Executing SelectTestToRun function:
2016-01-27 22:54:33,406 DEBUG [EBPB_BatterySTTL-116704] Successfull in selecting clicking the category
2016-01-27 22:54:33,406 DEBUG [EBPB_BatterySTTL-116704] TestStepResult of SelectTestToRun: pass
2016-01-27 22:54:33,406 DEBUG [EBPB_BatterySTTL-116704] In execute keyword function
2016-01-27 22:54:33,406 DEBUG [EBPB_BatterySTTL-116704] Executing ClickRunTest function:
2016-01-27 22:54:33,768 DEBUG [EBPB_BatterySTTL-116704] Executing Click function
2016-01-27 22:54:34,933 DEBUG [EBPB_BatterySTTL-116704] Exiting Click function
2016-01-27 22:54:34,933 DEBUG [EBPB_BatterySTTL-116704] runtest_top_xpath Button clicked Successfully
2016-01-27 22:54:34,933 DEBUG [EBPB_BatterySTTL-116704] TestStepResult of ClickRunTest: pass
2016-01-27 22:54:34,933 DEBUG [EBPB_BatterySTTL-116704] In execute keyword function
2016-01-27 22:54:34,933 DEBUG [EBPB_BatterySTTL-116704] Executing wait function:
2016-01-27 22:54:34,933 DEBUG [EBPB_BatterySTTL-116704] Started Executing wait function
2016-01-27 22:54:37,933 DEBUG [EBPB_BatterySTTL-116704] Exiting from wait function
2016-01-27 22:54:37,933 DEBUG [EBPB_BatterySTTL-116704] TestStepResult of wait: Pass
2016-01-27 22:54:37,933 DEBUG [EBPB_BatterySTTL-116704] In execute keyword function
2016-01-27 22:54:37,933 DEBUG [EBPB_BatterySTTL-116704] Executing TakeScreenshot function:
2016-01-27 22:54:38,784 DEBUG [EBPB_BatterySTTL-116704] Started Executing Validate_App_launched_Device function
2016-01-27 22:54:38,784 DEBUG [EBPB_BatterySTTL-116704] Entered CheckUIButtonExists function
2016-01-27 22:54:38,784 DEBUG [EBPB_BatterySTTL-116704] Started executeCommandLine function
2016-01-27 22:54:42,794 DEBUG [EBPB_BatterySTTL-116704] Exiting from executeCommandLine function
2016-01-27 22:54:42,794 DEBUG [EBPB_BatterySTTL-116704] Button is not Present
2016-01-27 22:54:42,794 DEBUG [EBPB_BatterySTTL-116704] Exiting from CheckUIButtonExists function
2016-01-27 22:54:42,794 DEBUG [EBPB_BatterySTTL-116704] Started executeCommandLine function
2016-01-27 22:54:46,814 DEBUG [EBPB_BatterySTTL-116704] Given App is in Foreground
2016-01-27 22:54:46,814 DEBUG [EBPB_BatterySTTL-116704] Exiting Validate_App_launched_Device function
2016-01-27 22:54:46,958 DEBUG [EBPB_BatterySTTL-116704] TestStepResult of TakeScreenshot: pass
2016-01-27 22:54:46,958 DEBUG [EBPB_BatterySTTL-116704] In execute keyword function
2016-01-27 22:54:46,958 DEBUG [EBPB_BatterySTTL-116704] Executing validate_Screenshot function:
2016-01-27 22:54:47,125 DEBUG [EBPB_BatterySTTL-116704] Match found with reference image
2016-01-27 22:54:47,125 DEBUG [EBPB_BatterySTTL-116704] Result of validate_Screenshot: Pass
2016-01-27 22:54:47,125 DEBUG [EBPB_BatterySTTL-116704] In execute keyword function
2016-01-27 22:54:47,125 DEBUG [EBPB_BatterySTTL-116704] TestStepResult of : Function <> not found in the keyword class
2016-01-27 22:54:47,125 DEBUG [EBPB_BatterySTTL-116704] allstep_result contains: Function <> not found in the keyword classpassPasspasspassPassPassnull
2016-01-27 22:54:47,125 DEBUG [EBPB_BatterySTTL-116704] allexpected_result contains: nullPassnullpassnullpassnull
2016-01-27 22:54:47,125 DEBUG [EBPB_BatterySTTL-116704] Testcase_Result contains: nullPassnullpassnullpassnullFunction <> not found in the keyword classpassPasspasspassPassPassnull
2016-01-27 22:54:47,125 DEBUG [EBPB_BatterySTTL-116704] Test case with description Battery with invalid content Pass
2016-01-27 22:54:48,065 DEBUG [EBPB_BatterySTTL-116704] Executing browser_Quit function
2016-01-27 22:54:48,065 DEBUG [EBPB_BatterySTTL-116704] Completed browser_Quit function
2016-01-27 22:54:48,065 DEBUG [EBPB_BatterySTTL-116704] Completed quitSelendroid function
2016-01-27 22:54:48,066 DEBUG [EBPB_BatterySTTL-116704] Row number:5
2016-01-27 22:54:48,113 DEBUG [EBPB_BatterySTTL-116704] Ending Test Case IDSTTL-116704
