2016-01-27 23:02:59,584 DEBUG [EBPB_BatterySTTL-116720] Executing Test Case ID: STTL-116720
2016-01-27 23:02:59,591 DEBUG [EBPB_BatterySTTL-116720] Executing Init_Selendroid function with APK as parameter and clear data value with 1
2016-01-27 23:03:09,972 DEBUG [EBPB_BatterySTTL-116720] Exiting Init_Selendroid function
2016-01-27 23:03:09,987 DEBUG [EBPB_BatterySTTL-116720] TestCase with Description "Battery Event with Navigate to URL" Execution started
2016-01-27 23:03:09,987 DEBUG [EBPB_BatterySTTL-116720] In execute keyword function
2016-01-27 23:03:09,987 DEBUG [EBPB_BatterySTTL-116720] Executing wait function:
2016-01-27 23:03:09,987 DEBUG [EBPB_BatterySTTL-116720] Started Executing wait function
2016-01-27 23:03:12,988 DEBUG [EBPB_BatterySTTL-116720] Exiting from wait function
2016-01-27 23:03:12,988 DEBUG [EBPB_BatterySTTL-116720] TestStepResult of wait: Pass
2016-01-27 23:03:12,988 DEBUG [EBPB_BatterySTTL-116720] In execute keyword function
2016-01-27 23:03:12,988 DEBUG [EBPB_BatterySTTL-116720] Executing validate_PageTitle function:
2016-01-27 23:03:13,030 DEBUG [EBPB_BatterySTTL-116720] The title of the page is *********************************: Pocket Browser Tests
2016-01-27 23:03:13,030 DEBUG [EBPB_BatterySTTL-116720] The page title found is correct
2016-01-27 23:03:13,030 DEBUG [EBPB_BatterySTTL-116720] Result of validate_PageTitle: pass
2016-01-27 23:03:13,030 DEBUG [EBPB_BatterySTTL-116720] In execute keyword function
2016-01-27 23:03:13,030 DEBUG [EBPB_BatterySTTL-116720] Executing link_Click function:
2016-01-27 23:03:13,571 DEBUG [EBPB_BatterySTTL-116720] Executing Click function
2016-01-27 23:03:14,579 DEBUG [EBPB_BatterySTTL-116720] Exiting Click function
2016-01-27 23:03:14,579 DEBUG [EBPB_BatterySTTL-116720] PB_battery_test_link clicked successfully
2016-01-27 23:03:14,579 DEBUG [EBPB_BatterySTTL-116720] TestStepResult of link_Click: Pass
2016-01-27 23:03:14,579 DEBUG [EBPB_BatterySTTL-116720] In execute keyword function
2016-01-27 23:03:14,579 DEBUG [EBPB_BatterySTTL-116720] Executing validate_PageTitle function:
2016-01-27 23:03:14,599 DEBUG [EBPB_BatterySTTL-116720] The title of the page is *********************************: PB Battery Test
2016-01-27 23:03:14,599 DEBUG [EBPB_BatterySTTL-116720] The page title found is correct
2016-01-27 23:03:14,599 DEBUG [EBPB_BatterySTTL-116720] Result of validate_PageTitle: pass
2016-01-27 23:03:14,599 DEBUG [EBPB_BatterySTTL-116720] In execute keyword function
2016-01-27 23:03:14,599 DEBUG [EBPB_BatterySTTL-116720] Executing SelectTestToRun function:
2016-01-27 23:03:19,426 DEBUG [EBPB_BatterySTTL-116720] Successfull in selecting clicking the category
2016-01-27 23:03:19,426 DEBUG [EBPB_BatterySTTL-116720] TestStepResult of SelectTestToRun: pass
2016-01-27 23:03:19,426 DEBUG [EBPB_BatterySTTL-116720] In execute keyword function
2016-01-27 23:03:19,426 DEBUG [EBPB_BatterySTTL-116720] Executing ClickRunTest function:
2016-01-27 23:03:19,800 DEBUG [EBPB_BatterySTTL-116720] Executing Click function
2016-01-27 23:03:20,775 DEBUG [EBPB_BatterySTTL-116720] Exiting Click function
2016-01-27 23:03:20,775 DEBUG [EBPB_BatterySTTL-116720] runtest_top_xpath Button clicked Successfully
2016-01-27 23:03:20,775 DEBUG [EBPB_BatterySTTL-116720] TestStepResult of ClickRunTest: pass
2016-01-27 23:03:20,776 DEBUG [EBPB_BatterySTTL-116720] In execute keyword function
2016-01-27 23:03:20,776 DEBUG [EBPB_BatterySTTL-116720] Executing wait function:
2016-01-27 23:03:20,776 DEBUG [EBPB_BatterySTTL-116720] Started Executing wait function
2016-01-27 23:03:23,777 DEBUG [EBPB_BatterySTTL-116720] Exiting from wait function
2016-01-27 23:03:23,777 DEBUG [EBPB_BatterySTTL-116720] TestStepResult of wait: Pass
2016-01-27 23:03:23,777 DEBUG [EBPB_BatterySTTL-116720] In execute keyword function
2016-01-27 23:03:23,777 DEBUG [EBPB_BatterySTTL-116720] Executing validate_Text_Exists function:
2016-01-27 23:03:24,026 DEBUG [EBPB_BatterySTTL-116720] Successfully navigated Testcase Text found
2016-01-27 23:03:24,026 DEBUG [EBPB_BatterySTTL-116720] Result of validate_Text_Exists: Pass
2016-01-27 23:03:24,026 DEBUG [EBPB_BatterySTTL-116720] In execute keyword function
2016-01-27 23:03:24,026 DEBUG [EBPB_BatterySTTL-116720] Executing wait function:
2016-01-27 23:03:24,026 DEBUG [EBPB_BatterySTTL-116720] Started Executing wait function
2016-01-27 23:03:26,026 DEBUG [EBPB_BatterySTTL-116720] Exiting from wait function
2016-01-27 23:03:26,026 DEBUG [EBPB_BatterySTTL-116720] TestStepResult of wait: Pass
2016-01-27 23:03:26,026 DEBUG [EBPB_BatterySTTL-116720] In execute keyword function
2016-01-27 23:03:26,026 DEBUG [EBPB_BatterySTTL-116720] TestStepResult of : Function <> not found in the keyword class
2016-01-27 23:03:26,026 DEBUG [EBPB_BatterySTTL-116720] allstep_result contains: Function <> not found in the keyword classPassPasspasspassPassPassnull
2016-01-27 23:03:26,026 DEBUG [EBPB_BatterySTTL-116720] allexpected_result contains: nullPassnullpassnullpassnull
2016-01-27 23:03:26,026 DEBUG [EBPB_BatterySTTL-116720] Testcase_Result contains: nullPassnullpassnullpassnullFunction <> not found in the keyword classPassPasspasspassPassPassnull
2016-01-27 23:03:26,026 DEBUG [EBPB_BatterySTTL-116720] Test case with description Battery Event with Navigate to URL Pass
2016-01-27 23:03:27,071 DEBUG [EBPB_BatterySTTL-116720] Executing browser_Quit function
2016-01-27 23:03:27,071 DEBUG [EBPB_BatterySTTL-116720] Completed browser_Quit function
2016-01-27 23:03:27,071 DEBUG [EBPB_BatterySTTL-116720] Completed quitSelendroid function
2016-01-27 23:03:27,072 DEBUG [EBPB_BatterySTTL-116720] Row number:21
2016-01-27 23:03:27,120 DEBUG [EBPB_BatterySTTL-116720] Ending Test Case IDSTTL-116720
