2016-01-28 02:40:09,788 DEBUG [EBPB_SignalSTTL-116721] Executing Test Case ID: STTL-116721
2016-01-28 02:40:09,794 DEBUG [EBPB_SignalSTTL-116721] Executing Init_Selendroid function with APK as parameter and clear data value with 1
2016-01-28 02:40:20,418 DEBUG [EBPB_SignalSTTL-116721] Exiting Init_Selendroid function
2016-01-28 02:40:20,432 DEBUG [EBPB_SignalSTTL-116721] TestCase with Description "Signalevent with no WLAN" Execution started
2016-01-28 02:40:20,432 DEBUG [EBPB_SignalSTTL-116721] In execute keyword function
2016-01-28 02:40:20,432 DEBUG [EBPB_SignalSTTL-116721] Executing wait function:
2016-01-28 02:40:20,432 DEBUG [EBPB_SignalSTTL-116721] Started Executing wait function
2016-01-28 02:40:23,433 DEBUG [EBPB_SignalSTTL-116721] Exiting from wait function
2016-01-28 02:40:23,433 DEBUG [EBPB_SignalSTTL-116721] TestStepResult of wait: Pass
2016-01-28 02:40:23,433 DEBUG [EBPB_SignalSTTL-116721] In execute keyword function
2016-01-28 02:40:23,433 DEBUG [EBPB_SignalSTTL-116721] Executing validate_PageTitle function:
2016-01-28 02:40:23,475 DEBUG [EBPB_SignalSTTL-116721] The title of the page is *********************************: Pocket Browser Tests
2016-01-28 02:40:23,475 DEBUG [EBPB_SignalSTTL-116721] The page title found is correct
2016-01-28 02:40:23,475 DEBUG [EBPB_SignalSTTL-116721] Result of validate_PageTitle: pass
2016-01-28 02:40:23,475 DEBUG [EBPB_SignalSTTL-116721] In execute keyword function
2016-01-28 02:40:23,476 DEBUG [EBPB_SignalSTTL-116721] Executing link_Click function:
2016-01-28 02:40:24,146 DEBUG [EBPB_SignalSTTL-116721] Executing Click function
2016-01-28 02:40:25,419 DEBUG [EBPB_SignalSTTL-116721] Exiting Click function
2016-01-28 02:40:25,419 DEBUG [EBPB_SignalSTTL-116721] PB_signal_test_link clicked successfully
2016-01-28 02:40:25,419 DEBUG [EBPB_SignalSTTL-116721] TestStepResult of link_Click: Pass
2016-01-28 02:40:25,419 DEBUG [EBPB_SignalSTTL-116721] In execute keyword function
2016-01-28 02:40:25,419 DEBUG [EBPB_SignalSTTL-116721] Executing validate_PageTitle function:
2016-01-28 02:40:25,442 DEBUG [EBPB_SignalSTTL-116721] The title of the page is *********************************: PB Signal Test
2016-01-28 02:40:25,442 DEBUG [EBPB_SignalSTTL-116721] The page title found is correct
2016-01-28 02:40:25,442 DEBUG [EBPB_SignalSTTL-116721] Result of validate_PageTitle: pass
2016-01-28 02:40:25,442 DEBUG [EBPB_SignalSTTL-116721] In execute keyword function
2016-01-28 02:40:25,442 DEBUG [EBPB_SignalSTTL-116721] Executing SelectTestToRun function:
2016-01-28 02:40:29,871 DEBUG [EBPB_SignalSTTL-116721] Successfull in selecting clicking the category
2016-01-28 02:40:29,871 DEBUG [EBPB_SignalSTTL-116721] TestStepResult of SelectTestToRun: pass
2016-01-28 02:40:29,871 DEBUG [EBPB_SignalSTTL-116721] In execute keyword function
2016-01-28 02:40:29,871 DEBUG [EBPB_SignalSTTL-116721] Executing ClickRunTest function:
2016-01-28 02:40:30,244 DEBUG [EBPB_SignalSTTL-116721] Executing Click function
2016-01-28 02:40:31,454 DEBUG [EBPB_SignalSTTL-116721] Exiting Click function
2016-01-28 02:40:31,454 DEBUG [EBPB_SignalSTTL-116721] runtest_top_xpath Button clicked Successfully
2016-01-28 02:40:31,454 DEBUG [EBPB_SignalSTTL-116721] TestStepResult of ClickRunTest: pass
2016-01-28 02:40:31,454 DEBUG [EBPB_SignalSTTL-116721] In execute keyword function
2016-01-28 02:40:31,454 DEBUG [EBPB_SignalSTTL-116721] Executing wait function:
2016-01-28 02:40:31,454 DEBUG [EBPB_SignalSTTL-116721] Started Executing wait function
2016-01-28 02:40:34,455 DEBUG [EBPB_SignalSTTL-116721] Exiting from wait function
2016-01-28 02:40:34,455 DEBUG [EBPB_SignalSTTL-116721] TestStepResult of wait: Pass
2016-01-28 02:40:34,455 DEBUG [EBPB_SignalSTTL-116721] In execute keyword function
2016-01-28 02:40:34,455 DEBUG [EBPB_SignalSTTL-116721] Executing validate_Result function:
2016-01-28 02:40:34,764 DEBUG [EBPB_SignalSTTL-116721] Signal: Text found in Signal: 100
ESSID:"ard"
MAC: 40:83:de:7e:5e:f4
AdapterName: wlan0
DHCPServer: 10.233.92.20
DHCPStatic:
Gateway: 10.233.82.254
IPAddress: 10.233.82.34
RSSI: -38
SubnetMask: 255.255.255.0
Wins:
2016-01-28 02:40:34,764 DEBUG [EBPB_SignalSTTL-116721] Result of validate_Result: Pass
2016-01-28 02:40:34,764 DEBUG [EBPB_SignalSTTL-116721] In execute keyword function
2016-01-28 02:40:34,764 DEBUG [EBPB_SignalSTTL-116721] Executing validate_Result function:
2016-01-28 02:40:34,934 DEBUG [EBPB_SignalSTTL-116721] ESSID:"ard" Text found in Signal: 100
ESSID:"ard"
MAC: 40:83:de:7e:5e:f4
AdapterName: wlan0
DHCPServer: 10.233.92.20
DHCPStatic:
Gateway: 10.233.82.254
IPAddress: 10.233.82.34
RSSI: -38
SubnetMask: 255.255.255.0
Wins:
2016-01-28 02:40:34,935 DEBUG [EBPB_SignalSTTL-116721] Result of validate_Result: Pass
2016-01-28 02:40:34,935 DEBUG [EBPB_SignalSTTL-116721] In execute keyword function
2016-01-28 02:40:34,935 DEBUG [EBPB_SignalSTTL-116721] Executing validate_Result function:
2016-01-28 02:40:35,096 DEBUG [EBPB_SignalSTTL-116721] MAC: Text found in Signal: 100
ESSID:"ard"
MAC: 40:83:de:7e:5e:f4
AdapterName: wlan0
DHCPServer: 10.233.92.20
DHCPStatic:
Gateway: 10.233.82.254
IPAddress: 10.233.82.34
RSSI: -38
SubnetMask: 255.255.255.0
Wins:
2016-01-28 02:40:35,096 DEBUG [EBPB_SignalSTTL-116721] Result of validate_Result: Pass
2016-01-28 02:40:35,096 DEBUG [EBPB_SignalSTTL-116721] In execute keyword function
2016-01-28 02:40:35,096 DEBUG [EBPB_SignalSTTL-116721] Executing validate_Result function:
2016-01-28 02:40:35,263 DEBUG [EBPB_SignalSTTL-116721] AdapterName: Text found in Signal: 100
ESSID:"ard"
MAC: 40:83:de:7e:5e:f4
AdapterName: wlan0
DHCPServer: 10.233.92.20
DHCPStatic:
Gateway: 10.233.82.254
IPAddress: 10.233.82.34
RSSI: -38
SubnetMask: 255.255.255.0
Wins:
2016-01-28 02:40:35,264 DEBUG [EBPB_SignalSTTL-116721] Result of validate_Result: Pass
2016-01-28 02:40:35,264 DEBUG [EBPB_SignalSTTL-116721] In execute keyword function
2016-01-28 02:40:35,264 DEBUG [EBPB_SignalSTTL-116721] Executing validate_Result function:
2016-01-28 02:40:35,482 DEBUG [EBPB_SignalSTTL-116721] DHCPServer: Text found in Signal: 100
ESSID:"ard"
MAC: 40:83:de:7e:5e:f4
AdapterName: wlan0
DHCPServer: 10.233.92.20
DHCPStatic:
Gateway: 10.233.82.254
IPAddress: 10.233.82.34
RSSI: -38
SubnetMask: 255.255.255.0
Wins:
2016-01-28 02:40:35,483 DEBUG [EBPB_SignalSTTL-116721] Result of validate_Result: Pass
2016-01-28 02:40:35,483 DEBUG [EBPB_SignalSTTL-116721] In execute keyword function
2016-01-28 02:40:35,483 DEBUG [EBPB_SignalSTTL-116721] Executing validate_Result function:
2016-01-28 02:40:35,655 DEBUG [EBPB_SignalSTTL-116721] DHCPStatic: Text found in Signal: 100
ESSID:"ard"
MAC: 40:83:de:7e:5e:f4
AdapterName: wlan0
DHCPServer: 10.233.92.20
DHCPStatic:
Gateway: 10.233.82.254
IPAddress: 10.233.82.34
RSSI: -38
SubnetMask: 255.255.255.0
Wins:
2016-01-28 02:40:35,655 DEBUG [EBPB_SignalSTTL-116721] Result of validate_Result: Pass
2016-01-28 02:40:35,655 DEBUG [EBPB_SignalSTTL-116721] In execute keyword function
2016-01-28 02:40:35,655 DEBUG [EBPB_SignalSTTL-116721] Executing validate_Result function:
2016-01-28 02:40:35,794 DEBUG [EBPB_SignalSTTL-116721] Gateway: Text found in Signal: 100
ESSID:"ard"
MAC: 40:83:de:7e:5e:f4
AdapterName: wlan0
DHCPServer: 10.233.92.20
DHCPStatic:
Gateway: 10.233.82.254
IPAddress: 10.233.82.34
RSSI: -38
SubnetMask: 255.255.255.0
Wins:
2016-01-28 02:40:35,794 DEBUG [EBPB_SignalSTTL-116721] Result of validate_Result: Pass
2016-01-28 02:40:35,794 DEBUG [EBPB_SignalSTTL-116721] In execute keyword function
2016-01-28 02:40:35,794 DEBUG [EBPB_SignalSTTL-116721] Executing validate_Result function:
2016-01-28 02:40:35,987 DEBUG [EBPB_SignalSTTL-116721] IPAddress: 10.233. Text found in Signal: 100
ESSID:"ard"
MAC: 40:83:de:7e:5e:f4
AdapterName: wlan0
DHCPServer: 10.233.92.20
DHCPStatic:
Gateway: 10.233.82.254
IPAddress: 10.233.82.34
RSSI: -38
SubnetMask: 255.255.255.0
Wins:
2016-01-28 02:40:35,987 DEBUG [EBPB_SignalSTTL-116721] Result of validate_Result: Pass
2016-01-28 02:40:35,987 DEBUG [EBPB_SignalSTTL-116721] In execute keyword function
2016-01-28 02:40:35,987 DEBUG [EBPB_SignalSTTL-116721] Executing validate_Result function:
2016-01-28 02:40:36,163 DEBUG [EBPB_SignalSTTL-116721] RSSI: Text found in Signal: 100
ESSID:"ard"
MAC: 40:83:de:7e:5e:f4
AdapterName: wlan0
DHCPServer: 10.233.92.20
DHCPStatic:
Gateway: 10.233.82.254
IPAddress: 10.233.82.34
RSSI: -38
SubnetMask: 255.255.255.0
Wins:
2016-01-28 02:40:36,163 DEBUG [EBPB_SignalSTTL-116721] Result of validate_Result: Pass
2016-01-28 02:40:36,163 DEBUG [EBPB_SignalSTTL-116721] In execute keyword function
2016-01-28 02:40:36,163 DEBUG [EBPB_SignalSTTL-116721] Executing validate_Result function:
2016-01-28 02:40:36,343 DEBUG [EBPB_SignalSTTL-116721] SubnetMask: 255.255. Text found in Signal: 100
ESSID:"ard"
MAC: 40:83:de:7e:5e:f4
AdapterName: wlan0
DHCPServer: 10.233.92.20
DHCPStatic:
Gateway: 10.233.82.254
IPAddress: 10.233.82.34
RSSI: -38
SubnetMask: 255.255.255.0
Wins:
2016-01-28 02:40:36,343 DEBUG [EBPB_SignalSTTL-116721] Result of validate_Result: Pass
2016-01-28 02:40:36,343 DEBUG [EBPB_SignalSTTL-116721] In execute keyword function
2016-01-28 02:40:36,343 DEBUG [EBPB_SignalSTTL-116721] Executing validate_Result function:
2016-01-28 02:40:36,499 DEBUG [EBPB_SignalSTTL-116721] Wins: Text found in Signal: 100
ESSID:"ard"
MAC: 40:83:de:7e:5e:f4
AdapterName: wlan0
DHCPServer: 10.233.92.20
DHCPStatic:
Gateway: 10.233.82.254
IPAddress: 10.233.82.34
RSSI: -38
SubnetMask: 255.255.255.0
Wins:
2016-01-28 02:40:36,499 DEBUG [EBPB_SignalSTTL-116721] Result of validate_Result: Pass
2016-01-28 02:40:36,499 DEBUG [EBPB_SignalSTTL-116721] In execute keyword function
2016-01-28 02:40:36,500 DEBUG [EBPB_SignalSTTL-116721] Executing wifi_Mode function:
2016-01-28 02:40:36,500 DEBUG [EBPB_SignalSTTL-116721] Started executeCommandLine function
2016-01-28 02:40:40,520 DEBUG [EBPB_SignalSTTL-116721] Turning off WiFi
2016-01-28 02:40:40,520 DEBUG [EBPB_SignalSTTL-116721] Started executeCommandLine function
2016-01-28 02:40:45,544 DEBUG [EBPB_SignalSTTL-116721] Started executeCommandLine function
2016-01-28 02:40:59,565 DEBUG [EBPB_SignalSTTL-116721] TestStepResult of wifi_Mode: pass
2016-01-28 02:40:59,565 DEBUG [EBPB_SignalSTTL-116721] In execute keyword function
2016-01-28 02:40:59,565 DEBUG [EBPB_SignalSTTL-116721] Executing press_Key function:
2016-01-28 02:40:59,565 DEBUG [EBPB_SignalSTTL-116721] Started executeCommandLine function
2016-01-28 02:41:03,587 DEBUG [EBPB_SignalSTTL-116721] Exiting from executeCommandLine function
2016-01-28 02:41:03,587 DEBUG [EBPB_SignalSTTL-116721] pressed on the home key
2016-01-28 02:41:03,587 DEBUG [EBPB_SignalSTTL-116721] home works
2016-01-28 02:41:04,587 DEBUG [EBPB_SignalSTTL-116721] TestStepResult of press_Key: pass
2016-01-28 02:41:04,587 DEBUG [EBPB_SignalSTTL-116721] In execute keyword function
2016-01-28 02:41:04,587 DEBUG [EBPB_SignalSTTL-116721] Executing launch_App_Device function:
2016-01-28 02:41:04,587 DEBUG [EBPB_SignalSTTL-116721] Started Executing Launch_App_Device function
2016-01-28 02:41:04,587 DEBUG [EBPB_SignalSTTL-116721] Started executeCommandLine function
2016-01-28 02:41:08,608 DEBUG [EBPB_SignalSTTL-116721] Exiting from executeCommandLine function
2016-01-28 02:41:09,608 DEBUG [EBPB_SignalSTTL-116721] Successfully launched the App
2016-01-28 02:41:09,608 DEBUG [EBPB_SignalSTTL-116721] Exiting Launch_App_Device function
2016-01-28 02:41:09,608 DEBUG [EBPB_SignalSTTL-116721] TestStepResult of launch_App_Device: Pass
2016-01-28 02:41:09,608 DEBUG [EBPB_SignalSTTL-116721] In execute keyword function
2016-01-28 02:41:09,608 DEBUG [EBPB_SignalSTTL-116721] Executing wait function:
2016-01-28 02:41:09,608 DEBUG [EBPB_SignalSTTL-116721] Started Executing wait function
2016-01-28 02:41:11,608 DEBUG [EBPB_SignalSTTL-116721] Exiting from wait function
2016-01-28 02:41:11,608 DEBUG [EBPB_SignalSTTL-116721] TestStepResult of wait: Pass
2016-01-28 02:41:11,608 DEBUG [EBPB_SignalSTTL-116721] In execute keyword function
2016-01-28 02:41:11,608 DEBUG [EBPB_SignalSTTL-116721] Executing validate_Result function:
2016-01-28 02:41:11,816 DEBUG [EBPB_SignalSTTL-116721] Signal: 0 Text found in Signal: 0
ESSID:
MAC: 00:00:00:00:00:00
AdapterName:
DHCPServer:
DHCPStatic:
Gateway:
IPAddress:
RSSI: 0
SubnetMask:
Wins:
2016-01-28 02:41:11,816 DEBUG [EBPB_SignalSTTL-116721] Result of validate_Result: Pass
2016-01-28 02:41:11,816 DEBUG [EBPB_SignalSTTL-116721] In execute keyword function
2016-01-28 02:41:11,816 DEBUG [EBPB_SignalSTTL-116721] Executing validate_Result function:
2016-01-28 02:41:11,961 DEBUG [EBPB_SignalSTTL-116721] ESSID: Text found in Signal: 0
ESSID:
MAC: 00:00:00:00:00:00
AdapterName:
DHCPServer:
DHCPStatic:
Gateway:
IPAddress:
RSSI: 0
SubnetMask:
Wins:
2016-01-28 02:41:11,961 DEBUG [EBPB_SignalSTTL-116721] Result of validate_Result: Pass
2016-01-28 02:41:11,961 DEBUG [EBPB_SignalSTTL-116721] In execute keyword function
2016-01-28 02:41:11,961 DEBUG [EBPB_SignalSTTL-116721] Executing validate_Result function:
2016-01-28 02:41:12,101 DEBUG [EBPB_SignalSTTL-116721] MAC: 00:00:00:00:00:00 Text found in Signal: 0
ESSID:
MAC: 00:00:00:00:00:00
AdapterName:
DHCPServer:
DHCPStatic:
Gateway:
IPAddress:
RSSI: 0
SubnetMask:
Wins:
2016-01-28 02:41:12,101 DEBUG [EBPB_SignalSTTL-116721] Result of validate_Result: Pass
2016-01-28 02:41:12,101 DEBUG [EBPB_SignalSTTL-116721] In execute keyword function
2016-01-28 02:41:12,101 DEBUG [EBPB_SignalSTTL-116721] Executing validate_Result function:
2016-01-28 02:41:12,270 DEBUG [EBPB_SignalSTTL-116721] AdapterName: Text found in Signal: 0
ESSID:
MAC: 00:00:00:00:00:00
AdapterName:
DHCPServer:
DHCPStatic:
Gateway:
IPAddress:
RSSI: 0
SubnetMask:
Wins:
2016-01-28 02:41:12,270 DEBUG [EBPB_SignalSTTL-116721] Result of validate_Result: Pass
2016-01-28 02:41:12,271 DEBUG [EBPB_SignalSTTL-116721] In execute keyword function
2016-01-28 02:41:12,271 DEBUG [EBPB_SignalSTTL-116721] Executing validate_Result function:
2016-01-28 02:41:12,403 DEBUG [EBPB_SignalSTTL-116721] DHCPServer: Text found in Signal: 0
ESSID:
MAC: 00:00:00:00:00:00
AdapterName:
DHCPServer:
DHCPStatic:
Gateway:
IPAddress:
RSSI: 0
SubnetMask:
Wins:
2016-01-28 02:41:12,403 DEBUG [EBPB_SignalSTTL-116721] Result of validate_Result: Pass
2016-01-28 02:41:12,403 DEBUG [EBPB_SignalSTTL-116721] In execute keyword function
2016-01-28 02:41:12,403 DEBUG [EBPB_SignalSTTL-116721] Executing validate_Result function:
2016-01-28 02:41:12,585 DEBUG [EBPB_SignalSTTL-116721] DHCPStatic: Text found in Signal: 0
ESSID:
MAC: 00:00:00:00:00:00
AdapterName:
DHCPServer:
DHCPStatic:
Gateway:
IPAddress:
RSSI: 0
SubnetMask:
Wins:
2016-01-28 02:41:12,585 DEBUG [EBPB_SignalSTTL-116721] Result of validate_Result: Pass
2016-01-28 02:41:12,585 DEBUG [EBPB_SignalSTTL-116721] In execute keyword function
2016-01-28 02:41:12,585 DEBUG [EBPB_SignalSTTL-116721] Executing validate_Result function:
2016-01-28 02:41:12,759 DEBUG [EBPB_SignalSTTL-116721] Gateway: Text found in Signal: 0
ESSID:
MAC: 00:00:00:00:00:00
AdapterName:
DHCPServer:
DHCPStatic:
Gateway:
IPAddress:
RSSI: 0
SubnetMask:
Wins:
2016-01-28 02:41:12,759 DEBUG [EBPB_SignalSTTL-116721] Result of validate_Result: Pass
2016-01-28 02:41:12,759 DEBUG [EBPB_SignalSTTL-116721] In execute keyword function
2016-01-28 02:41:12,759 DEBUG [EBPB_SignalSTTL-116721] Executing validate_Result function:
2016-01-28 02:41:12,946 DEBUG [EBPB_SignalSTTL-116721] IPAddress: Text found in Signal: 0
ESSID:
MAC: 00:00:00:00:00:00
AdapterName:
DHCPServer:
DHCPStatic:
Gateway:
IPAddress:
RSSI: 0
SubnetMask:
Wins:
2016-01-28 02:41:12,946 DEBUG [EBPB_SignalSTTL-116721] Result of validate_Result: Pass
2016-01-28 02:41:12,946 DEBUG [EBPB_SignalSTTL-116721] In execute keyword function
2016-01-28 02:41:12,946 DEBUG [EBPB_SignalSTTL-116721] Executing validate_Result function:
2016-01-28 02:41:13,117 DEBUG [EBPB_SignalSTTL-116721] RSSI: 0 Text found in Signal: 0
ESSID:
MAC: 00:00:00:00:00:00
AdapterName:
DHCPServer:
DHCPStatic:
Gateway:
IPAddress:
RSSI: 0
SubnetMask:
Wins:
2016-01-28 02:41:13,117 DEBUG [EBPB_SignalSTTL-116721] Result of validate_Result: Pass
2016-01-28 02:41:13,117 DEBUG [EBPB_SignalSTTL-116721] In execute keyword function
2016-01-28 02:41:13,117 DEBUG [EBPB_SignalSTTL-116721] Executing validate_Result function:
2016-01-28 02:41:13,276 DEBUG [EBPB_SignalSTTL-116721] SubnetMask: Text found in Signal: 0
ESSID:
MAC: 00:00:00:00:00:00
AdapterName:
DHCPServer:
DHCPStatic:
Gateway:
IPAddress:
RSSI: 0
SubnetMask:
Wins:
2016-01-28 02:41:13,276 DEBUG [EBPB_SignalSTTL-116721] Result of validate_Result: Pass
2016-01-28 02:41:13,276 DEBUG [EBPB_SignalSTTL-116721] In execute keyword function
2016-01-28 02:41:13,276 DEBUG [EBPB_SignalSTTL-116721] Executing validate_Result function:
2016-01-28 02:41:13,450 DEBUG [EBPB_SignalSTTL-116721] Wins: Text found in Signal: 0
ESSID:
MAC: 00:00:00:00:00:00
AdapterName:
DHCPServer:
DHCPStatic:
Gateway:
IPAddress:
RSSI: 0
SubnetMask:
Wins:
2016-01-28 02:41:13,450 DEBUG [EBPB_SignalSTTL-116721] Result of validate_Result: Pass
2016-01-28 02:41:13,450 DEBUG [EBPB_SignalSTTL-116721] In execute keyword function
2016-01-28 02:41:13,450 DEBUG [EBPB_SignalSTTL-116721] Executing wifi_Mode function:
2016-01-28 02:41:13,450 DEBUG [EBPB_SignalSTTL-116721] Started executeCommandLine function
2016-01-28 02:41:17,471 DEBUG [EBPB_SignalSTTL-116721] Turning on WiFi
2016-01-28 02:41:17,471 DEBUG [EBPB_SignalSTTL-116721] Started executeCommandLine function
2016-01-28 02:41:22,490 DEBUG [EBPB_SignalSTTL-116721] Started executeCommandLine function
2016-01-28 02:41:36,522 DEBUG [EBPB_SignalSTTL-116721] TestStepResult of wifi_Mode: pass
2016-01-28 02:41:36,522 DEBUG [EBPB_SignalSTTL-116721] In execute keyword function
2016-01-28 02:41:36,522 DEBUG [EBPB_SignalSTTL-116721] Executing press_Key function:
2016-01-28 02:41:36,522 DEBUG [EBPB_SignalSTTL-116721] Started executeCommandLine function
2016-01-28 02:41:40,544 DEBUG [EBPB_SignalSTTL-116721] Exiting from executeCommandLine function
2016-01-28 02:41:40,544 DEBUG [EBPB_SignalSTTL-116721] pressed on the home key
2016-01-28 02:41:40,544 DEBUG [EBPB_SignalSTTL-116721] home works
2016-01-28 02:41:41,544 DEBUG [EBPB_SignalSTTL-116721] TestStepResult of press_Key: pass
2016-01-28 02:41:41,544 DEBUG [EBPB_SignalSTTL-116721] In execute keyword function
2016-01-28 02:41:41,544 DEBUG [EBPB_SignalSTTL-116721] Executing launch_App_Device function:
2016-01-28 02:41:41,544 DEBUG [EBPB_SignalSTTL-116721] Started Executing Launch_App_Device function
2016-01-28 02:41:41,544 DEBUG [EBPB_SignalSTTL-116721] Started executeCommandLine function
2016-01-28 02:41:45,566 DEBUG [EBPB_SignalSTTL-116721] Exiting from executeCommandLine function
2016-01-28 02:41:46,566 DEBUG [EBPB_SignalSTTL-116721] Successfully launched the App
2016-01-28 02:41:46,566 DEBUG [EBPB_SignalSTTL-116721] Exiting Launch_App_Device function
2016-01-28 02:41:46,566 DEBUG [EBPB_SignalSTTL-116721] TestStepResult of launch_App_Device: Pass
2016-01-28 02:41:46,566 DEBUG [EBPB_SignalSTTL-116721] In execute keyword function
2016-01-28 02:41:46,566 DEBUG [EBPB_SignalSTTL-116721] Executing wait function:
2016-01-28 02:41:46,566 DEBUG [EBPB_SignalSTTL-116721] Started Executing wait function
2016-01-28 02:41:49,566 DEBUG [EBPB_SignalSTTL-116721] Exiting from wait function
2016-01-28 02:41:49,566 DEBUG [EBPB_SignalSTTL-116721] TestStepResult of wait: Pass
2016-01-28 02:41:49,566 DEBUG [EBPB_SignalSTTL-116721] allstep_result contains: PassPasspasspassPassPasspasspassPasspasspassPassPassnull
2016-01-28 02:41:49,566 DEBUG [EBPB_SignalSTTL-116721] allexpected_result contains: nullPassPassPassPassPassPassPassPassPassPassPassnullPassPassPassPassPassPassPassPassPassPassPassnullpassnullpassnull
2016-01-28 02:41:49,566 DEBUG [EBPB_SignalSTTL-116721] Testcase_Result contains: nullPassPassPassPassPassPassPassPassPassPassPassnullPassPassPassPassPassPassPassPassPassPassPassnullpassnullpassnullPassPasspasspassPassPasspasspassPasspasspassPassPassnull
2016-01-28 02:41:49,566 DEBUG [EBPB_SignalSTTL-116721] Test case with description Signalevent with no WLAN Pass
2016-01-28 02:41:50,593 DEBUG [EBPB_SignalSTTL-116721] Executing browser_Quit function
2016-01-28 02:41:50,593 DEBUG [EBPB_SignalSTTL-116721] Completed browser_Quit function
2016-01-28 02:41:50,593 DEBUG [EBPB_SignalSTTL-116721] Completed quitSelendroid function
2016-01-28 02:41:50,594 DEBUG [EBPB_SignalSTTL-116721] Row number:22
2016-01-28 02:41:50,626 DEBUG [EBPB_SignalSTTL-116721] Ending Test Case IDSTTL-116721
