2016-01-28 02:35:37,171 DEBUG [EBPB_SignalSTTL-116713] Executing Test Case ID: STTL-116713
2016-01-28 02:35:37,178 DEBUG [EBPB_SignalSTTL-116713] Executing Init_Selendroid function with APK as parameter and clear data value with 1
2016-01-28 02:35:47,582 DEBUG [EBPB_SignalSTTL-116713] Exiting Init_Selendroid function
2016-01-28 02:35:47,596 DEBUG [EBPB_SignalSTTL-116713] TestCase with Description "Signal with Left_Bottom" Execution started
2016-01-28 02:35:47,596 DEBUG [EBPB_SignalSTTL-116713] In execute keyword function
2016-01-28 02:35:47,596 DEBUG [EBPB_SignalSTTL-116713] Executing wait function:
2016-01-28 02:35:47,596 DEBUG [EBPB_SignalSTTL-116713] Started Executing wait function
2016-01-28 02:35:50,596 DEBUG [EBPB_SignalSTTL-116713] Exiting from wait function
2016-01-28 02:35:50,596 DEBUG [EBPB_SignalSTTL-116713] TestStepResult of wait: Pass
2016-01-28 02:35:50,596 DEBUG [EBPB_SignalSTTL-116713] In execute keyword function
2016-01-28 02:35:50,596 DEBUG [EBPB_SignalSTTL-116713] Executing validate_PageTitle function:
2016-01-28 02:35:50,638 DEBUG [EBPB_SignalSTTL-116713] The title of the page is *********************************: Pocket Browser Tests
2016-01-28 02:35:50,638 DEBUG [EBPB_SignalSTTL-116713] The page title found is correct
2016-01-28 02:35:50,638 DEBUG [EBPB_SignalSTTL-116713] Result of validate_PageTitle: pass
2016-01-28 02:35:50,638 DEBUG [EBPB_SignalSTTL-116713] In execute keyword function
2016-01-28 02:35:50,638 DEBUG [EBPB_SignalSTTL-116713] Executing link_Click function:
2016-01-28 02:35:51,293 DEBUG [EBPB_SignalSTTL-116713] Executing Click function
2016-01-28 02:35:52,543 DEBUG [EBPB_SignalSTTL-116713] Exiting Click function
2016-01-28 02:35:52,543 DEBUG [EBPB_SignalSTTL-116713] PB_signal_test_link clicked successfully
2016-01-28 02:35:52,543 DEBUG [EBPB_SignalSTTL-116713] TestStepResult of link_Click: Pass
2016-01-28 02:35:52,543 DEBUG [EBPB_SignalSTTL-116713] In execute keyword function
2016-01-28 02:35:52,543 DEBUG [EBPB_SignalSTTL-116713] Executing validate_PageTitle function:
2016-01-28 02:35:52,581 DEBUG [EBPB_SignalSTTL-116713] The title of the page is *********************************: PB Signal Test
2016-01-28 02:35:52,581 DEBUG [EBPB_SignalSTTL-116713] The page title found is correct
2016-01-28 02:35:52,581 DEBUG [EBPB_SignalSTTL-116713] Result of validate_PageTitle: pass
2016-01-28 02:35:52,581 DEBUG [EBPB_SignalSTTL-116713] In execute keyword function
2016-01-28 02:35:52,581 DEBUG [EBPB_SignalSTTL-116713] Executing SelectTestToRun function:
2016-01-28 02:35:56,208 DEBUG [EBPB_SignalSTTL-116713] Successfull in selecting clicking the category
2016-01-28 02:35:56,208 DEBUG [EBPB_SignalSTTL-116713] TestStepResult of SelectTestToRun: pass
2016-01-28 02:35:56,208 DEBUG [EBPB_SignalSTTL-116713] In execute keyword function
2016-01-28 02:35:56,208 DEBUG [EBPB_SignalSTTL-116713] Executing ClickRunTest function:
2016-01-28 02:35:56,595 DEBUG [EBPB_SignalSTTL-116713] Executing Click function
2016-01-28 02:35:57,715 DEBUG [EBPB_SignalSTTL-116713] Exiting Click function
2016-01-28 02:35:57,715 DEBUG [EBPB_SignalSTTL-116713] runtest_top_xpath Button clicked Successfully
2016-01-28 02:35:57,715 DEBUG [EBPB_SignalSTTL-116713] TestStepResult of ClickRunTest: pass
2016-01-28 02:35:57,715 DEBUG [EBPB_SignalSTTL-116713] In execute keyword function
2016-01-28 02:35:57,715 DEBUG [EBPB_SignalSTTL-116713] Executing wait function:
2016-01-28 02:35:57,715 DEBUG [EBPB_SignalSTTL-116713] Started Executing wait function
2016-01-28 02:36:00,715 DEBUG [EBPB_SignalSTTL-116713] Exiting from wait function
2016-01-28 02:36:00,715 DEBUG [EBPB_SignalSTTL-116713] TestStepResult of wait: Pass
2016-01-28 02:36:00,715 DEBUG [EBPB_SignalSTTL-116713] In execute keyword function
2016-01-28 02:36:00,715 DEBUG [EBPB_SignalSTTL-116713] Executing TakeScreenshot function:
2016-01-28 02:36:01,555 DEBUG [EBPB_SignalSTTL-116713] Started Executing Validate_App_launched_Device function
2016-01-28 02:36:01,555 DEBUG [EBPB_SignalSTTL-116713] Entered CheckUIButtonExists function
2016-01-28 02:36:01,555 DEBUG [EBPB_SignalSTTL-116713] Started executeCommandLine function
2016-01-28 02:36:05,565 DEBUG [EBPB_SignalSTTL-116713] Exiting from executeCommandLine function
2016-01-28 02:36:05,565 DEBUG [EBPB_SignalSTTL-116713] Button is not Present
2016-01-28 02:36:05,565 DEBUG [EBPB_SignalSTTL-116713] Exiting from CheckUIButtonExists function
2016-01-28 02:36:05,565 DEBUG [EBPB_SignalSTTL-116713] Started executeCommandLine function
2016-01-28 02:36:09,585 DEBUG [EBPB_SignalSTTL-116713] Given App is in Foreground
2016-01-28 02:36:09,585 DEBUG [EBPB_SignalSTTL-116713] Exiting Validate_App_launched_Device function
2016-01-28 02:36:09,741 DEBUG [EBPB_SignalSTTL-116713] TestStepResult of TakeScreenshot: pass
2016-01-28 02:36:09,741 DEBUG [EBPB_SignalSTTL-116713] In execute keyword function
2016-01-28 02:36:09,741 DEBUG [EBPB_SignalSTTL-116713] Executing validate_Screenshot function:
2016-01-28 02:36:09,932 DEBUG [EBPB_SignalSTTL-116713] Match found with reference image
2016-01-28 02:36:09,932 DEBUG [EBPB_SignalSTTL-116713] Result of validate_Screenshot: Pass
2016-01-28 02:36:09,932 DEBUG [EBPB_SignalSTTL-116713] In execute keyword function
2016-01-28 02:36:09,932 DEBUG [EBPB_SignalSTTL-116713] Executing wait function:
2016-01-28 02:36:09,932 DEBUG [EBPB_SignalSTTL-116713] Started Executing wait function
2016-01-28 02:36:11,932 DEBUG [EBPB_SignalSTTL-116713] Exiting from wait function
2016-01-28 02:36:11,932 DEBUG [EBPB_SignalSTTL-116713] TestStepResult of wait: Pass
2016-01-28 02:36:11,932 DEBUG [EBPB_SignalSTTL-116713] In execute keyword function
2016-01-28 02:36:11,932 DEBUG [EBPB_SignalSTTL-116713] TestStepResult of : Function <> not found in the keyword class
2016-01-28 02:36:11,932 DEBUG [EBPB_SignalSTTL-116713] allstep_result contains: Function <> not found in the keyword classPasspassPasspasspassPassPassnull
2016-01-28 02:36:11,932 DEBUG [EBPB_SignalSTTL-116713] allexpected_result contains: nullPassnullpassnullpassnull
2016-01-28 02:36:11,932 DEBUG [EBPB_SignalSTTL-116713] Testcase_Result contains: nullPassnullpassnullpassnullFunction <> not found in the keyword classPasspassPasspasspassPassPassnull
2016-01-28 02:36:11,932 DEBUG [EBPB_SignalSTTL-116713] Test case with description Signal with Left_Bottom Pass
2016-01-28 02:36:12,955 DEBUG [EBPB_SignalSTTL-116713] Executing browser_Quit function
2016-01-28 02:36:12,955 DEBUG [EBPB_SignalSTTL-116713] Completed browser_Quit function
2016-01-28 02:36:12,955 DEBUG [EBPB_SignalSTTL-116713] Completed quitSelendroid function
2016-01-28 02:36:12,955 DEBUG [EBPB_SignalSTTL-116713] Row number:14
2016-01-28 02:36:12,986 DEBUG [EBPB_SignalSTTL-116713] Ending Test Case IDSTTL-116713
