2016-01-28 00:15:05,335 DEBUG [EBPB_EMML11STTL-116710] Executing Test Case ID: STTL-116710
2016-01-28 00:15:05,343 DEBUG [EBPB_EMML11STTL-116710] Executing Init_Selendroid function with APK as parameter and clear data value with 1
2016-01-28 00:15:15,216 DEBUG [EBPB_EMML11STTL-116710] Exiting Init_Selendroid function
2016-01-28 00:15:15,230 DEBUG [EBPB_EMML11STTL-116710] TestCase with Description "Addressbar visibile/hidden" Execution started
2016-01-28 00:15:15,230 DEBUG [EBPB_EMML11STTL-116710] In execute keyword function
2016-01-28 00:15:15,230 DEBUG [EBPB_EMML11STTL-116710] Executing wait function:
2016-01-28 00:15:15,230 DEBUG [EBPB_EMML11STTL-116710] Started Executing wait function
2016-01-28 00:15:18,230 DEBUG [EBPB_EMML11STTL-116710] Exiting from wait function
2016-01-28 00:15:18,230 DEBUG [EBPB_EMML11STTL-116710] TestStepResult of wait: Pass
2016-01-28 00:15:18,230 DEBUG [EBPB_EMML11STTL-116710] In execute keyword function
2016-01-28 00:15:18,230 DEBUG [EBPB_EMML11STTL-116710] Executing validate_PageTitle function:
2016-01-28 00:15:18,273 DEBUG [EBPB_EMML11STTL-116710] The title of the page is *********************************: Pocket Browser Tests
2016-01-28 00:15:18,273 DEBUG [EBPB_EMML11STTL-116710] The page title found is correct
2016-01-28 00:15:18,274 DEBUG [EBPB_EMML11STTL-116710] Result of validate_PageTitle: pass
2016-01-28 00:15:18,274 DEBUG [EBPB_EMML11STTL-116710] In execute keyword function
2016-01-28 00:15:18,274 DEBUG [EBPB_EMML11STTL-116710] Executing link_Click function:
2016-01-28 00:15:18,910 DEBUG [EBPB_EMML11STTL-116710] Executing Click function
2016-01-28 00:15:19,942 DEBUG [EBPB_EMML11STTL-116710] Exiting Click function
2016-01-28 00:15:19,942 DEBUG [EBPB_EMML11STTL-116710] EMML11_test_link clicked successfully
2016-01-28 00:15:19,942 DEBUG [EBPB_EMML11STTL-116710] TestStepResult of link_Click: Pass
2016-01-28 00:15:19,942 DEBUG [EBPB_EMML11STTL-116710] In execute keyword function
2016-01-28 00:15:19,942 DEBUG [EBPB_EMML11STTL-116710] Executing wait function:
2016-01-28 00:15:19,942 DEBUG [EBPB_EMML11STTL-116710] Started Executing wait function
2016-01-28 00:15:21,943 DEBUG [EBPB_EMML11STTL-116710] Exiting from wait function
2016-01-28 00:15:21,943 DEBUG [EBPB_EMML11STTL-116710] TestStepResult of wait: Pass
2016-01-28 00:15:21,943 DEBUG [EBPB_EMML11STTL-116710] In execute keyword function
2016-01-28 00:15:21,943 DEBUG [EBPB_EMML11STTL-116710] Executing validate_PageTitle function:
2016-01-28 00:15:21,978 DEBUG [EBPB_EMML11STTL-116710] The title of the page is *********************************: EMML1.1 Test Index Page
2016-01-28 00:15:21,978 DEBUG [EBPB_EMML11STTL-116710] The page title found is correct
2016-01-28 00:15:21,978 DEBUG [EBPB_EMML11STTL-116710] Result of validate_PageTitle: pass
2016-01-28 00:15:21,978 DEBUG [EBPB_EMML11STTL-116710] In execute keyword function
2016-01-28 00:15:21,978 DEBUG [EBPB_EMML11STTL-116710] Executing link_Click function:
2016-01-28 00:15:22,367 DEBUG [EBPB_EMML11STTL-116710] Executing Click function
2016-01-28 00:15:23,317 DEBUG [EBPB_EMML11STTL-116710] Exiting Click function
2016-01-28 00:15:23,317 DEBUG [EBPB_EMML11STTL-116710] CandA_test_link clicked successfully
2016-01-28 00:15:23,317 DEBUG [EBPB_EMML11STTL-116710] TestStepResult of link_Click: Pass
2016-01-28 00:15:23,317 DEBUG [EBPB_EMML11STTL-116710] In execute keyword function
2016-01-28 00:15:23,317 DEBUG [EBPB_EMML11STTL-116710] Executing wait function:
2016-01-28 00:15:23,317 DEBUG [EBPB_EMML11STTL-116710] Started Executing wait function
2016-01-28 00:15:25,317 DEBUG [EBPB_EMML11STTL-116710] Exiting from wait function
2016-01-28 00:15:25,317 DEBUG [EBPB_EMML11STTL-116710] TestStepResult of wait: Pass
2016-01-28 00:15:25,317 DEBUG [EBPB_EMML11STTL-116710] In execute keyword function
2016-01-28 00:15:25,317 DEBUG [EBPB_EMML11STTL-116710] Executing link_Click function:
2016-01-28 00:15:25,700 DEBUG [EBPB_EMML11STTL-116710] Executing Click function
2016-01-28 00:15:26,691 DEBUG [EBPB_EMML11STTL-116710] Exiting Click function
2016-01-28 00:15:26,691 DEBUG [EBPB_EMML11STTL-116710] address_test_link clicked successfully
2016-01-28 00:15:26,691 DEBUG [EBPB_EMML11STTL-116710] TestStepResult of link_Click: Pass
2016-01-28 00:15:26,691 DEBUG [EBPB_EMML11STTL-116710] In execute keyword function
2016-01-28 00:15:26,691 DEBUG [EBPB_EMML11STTL-116710] Executing wait function:
2016-01-28 00:15:26,691 DEBUG [EBPB_EMML11STTL-116710] Started Executing wait function
2016-01-28 00:15:28,691 DEBUG [EBPB_EMML11STTL-116710] Exiting from wait function
2016-01-28 00:15:28,691 DEBUG [EBPB_EMML11STTL-116710] TestStepResult of wait: Pass
2016-01-28 00:15:28,691 DEBUG [EBPB_EMML11STTL-116710] In execute keyword function
2016-01-28 00:15:28,691 DEBUG [EBPB_EMML11STTL-116710] Executing validate_isIconDisplayed function:
2016-01-28 00:15:28,691 DEBUG [EBPB_EMML11STTL-116710] Entered validate_isIconDisplayed function
2016-01-28 00:15:29,154 DEBUG [EBPB_EMML11STTL-116710] Result of validate_isIconDisplayed: Pass
2016-01-28 00:15:29,154 DEBUG [EBPB_EMML11STTL-116710] In execute keyword function
2016-01-28 00:15:29,154 DEBUG [EBPB_EMML11STTL-116710] Executing ClickRunTest function:
2016-01-28 00:15:29,444 DEBUG [EBPB_EMML11STTL-116710] Executing Click function
2016-01-28 00:15:30,380 DEBUG [EBPB_EMML11STTL-116710] Exiting Click function
2016-01-28 00:15:30,380 DEBUG [EBPB_EMML11STTL-116710] Back_xpath Button clicked Successfully
2016-01-28 00:15:30,380 DEBUG [EBPB_EMML11STTL-116710] TestStepResult of ClickRunTest: pass
2016-01-28 00:15:30,380 DEBUG [EBPB_EMML11STTL-116710] In execute keyword function
2016-01-28 00:15:30,380 DEBUG [EBPB_EMML11STTL-116710] Executing wait function:
2016-01-28 00:15:30,380 DEBUG [EBPB_EMML11STTL-116710] Started Executing wait function
2016-01-28 00:15:32,381 DEBUG [EBPB_EMML11STTL-116710] Exiting from wait function
2016-01-28 00:15:32,381 DEBUG [EBPB_EMML11STTL-116710] TestStepResult of wait: Pass
2016-01-28 00:15:32,381 DEBUG [EBPB_EMML11STTL-116710] In execute keyword function
2016-01-28 00:15:32,381 DEBUG [EBPB_EMML11STTL-116710] Executing validate_isIconDisplayed function:
2016-01-28 00:15:32,381 DEBUG [EBPB_EMML11STTL-116710] Entered validate_isIconDisplayed function
2016-01-28 00:15:33,001 DEBUG [EBPB_EMML11STTL-116710] Result of validate_isIconDisplayed: Pass
2016-01-28 00:15:33,001 DEBUG [EBPB_EMML11STTL-116710] allstep_result contains: PasspassPassPassPassPassPassPassPassnull
2016-01-28 00:15:33,001 DEBUG [EBPB_EMML11STTL-116710] allexpected_result contains: nullPassnullPassnullpassnullpassnull
2016-01-28 00:15:33,001 DEBUG [EBPB_EMML11STTL-116710] Testcase_Result contains: nullPassnullPassnullpassnullpassnullPasspassPassPassPassPassPassPassPassnull
2016-01-28 00:15:33,002 DEBUG [EBPB_EMML11STTL-116710] Test case with description Addressbar visibile/hidden Pass
2016-01-28 00:15:34,056 DEBUG [EBPB_EMML11STTL-116710] Executing browser_Quit function
2016-01-28 00:15:34,056 DEBUG [EBPB_EMML11STTL-116710] Completed browser_Quit function
2016-01-28 00:15:34,056 DEBUG [EBPB_EMML11STTL-116710] Completed quitSelendroid function
2016-01-28 00:15:34,056 DEBUG [EBPB_EMML11STTL-116710] Row number:11
2016-01-28 00:15:34,082 DEBUG [EBPB_EMML11STTL-116710] Ending Test Case IDSTTL-116710
