2016-01-28 00:19:13,658 DEBUG [EBPB_EMML11STTL-116716] Executing Test Case ID: STTL-116716
2016-01-28 00:19:13,665 DEBUG [EBPB_EMML11STTL-116716] Executing Init_Selendroid function with APK as parameter and clear data value with 1
2016-01-28 00:19:24,034 DEBUG [EBPB_EMML11STTL-116716] Exiting Init_Selendroid function
2016-01-28 00:19:24,048 DEBUG [EBPB_EMML11STTL-116716] TestCase with Description "Timer with start method when interval is set" Execution started
2016-01-28 00:19:24,049 DEBUG [EBPB_EMML11STTL-116716] In execute keyword function
2016-01-28 00:19:24,049 DEBUG [EBPB_EMML11STTL-116716] Executing wait function:
2016-01-28 00:19:24,049 DEBUG [EBPB_EMML11STTL-116716] Started Executing wait function
2016-01-28 00:19:27,049 DEBUG [EBPB_EMML11STTL-116716] Exiting from wait function
2016-01-28 00:19:27,049 DEBUG [EBPB_EMML11STTL-116716] TestStepResult of wait: Pass
2016-01-28 00:19:27,049 DEBUG [EBPB_EMML11STTL-116716] In execute keyword function
2016-01-28 00:19:27,049 DEBUG [EBPB_EMML11STTL-116716] Executing validate_PageTitle function:
2016-01-28 00:19:27,089 DEBUG [EBPB_EMML11STTL-116716] The title of the page is *********************************: Pocket Browser Tests
2016-01-28 00:19:27,089 DEBUG [EBPB_EMML11STTL-116716] The page title found is correct
2016-01-28 00:19:27,089 DEBUG [EBPB_EMML11STTL-116716] Result of validate_PageTitle: pass
2016-01-28 00:19:27,089 DEBUG [EBPB_EMML11STTL-116716] In execute keyword function
2016-01-28 00:19:27,089 DEBUG [EBPB_EMML11STTL-116716] Executing link_Click function:
2016-01-28 00:19:27,681 DEBUG [EBPB_EMML11STTL-116716] Executing Click function
2016-01-28 00:19:28,746 DEBUG [EBPB_EMML11STTL-116716] Exiting Click function
2016-01-28 00:19:28,746 DEBUG [EBPB_EMML11STTL-116716] EMML11_test_link clicked successfully
2016-01-28 00:19:28,746 DEBUG [EBPB_EMML11STTL-116716] TestStepResult of link_Click: Pass
2016-01-28 00:19:28,746 DEBUG [EBPB_EMML11STTL-116716] In execute keyword function
2016-01-28 00:19:28,746 DEBUG [EBPB_EMML11STTL-116716] Executing wait function:
2016-01-28 00:19:28,746 DEBUG [EBPB_EMML11STTL-116716] Started Executing wait function
2016-01-28 00:19:30,746 DEBUG [EBPB_EMML11STTL-116716] Exiting from wait function
2016-01-28 00:19:30,746 DEBUG [EBPB_EMML11STTL-116716] TestStepResult of wait: Pass
2016-01-28 00:19:30,746 DEBUG [EBPB_EMML11STTL-116716] In execute keyword function
2016-01-28 00:19:30,746 DEBUG [EBPB_EMML11STTL-116716] Executing validate_PageTitle function:
2016-01-28 00:19:30,783 DEBUG [EBPB_EMML11STTL-116716] The title of the page is *********************************: EMML1.1 Test Index Page
2016-01-28 00:19:30,783 DEBUG [EBPB_EMML11STTL-116716] The page title found is correct
2016-01-28 00:19:30,783 DEBUG [EBPB_EMML11STTL-116716] Result of validate_PageTitle: pass
2016-01-28 00:19:30,783 DEBUG [EBPB_EMML11STTL-116716] In execute keyword function
2016-01-28 00:19:30,783 DEBUG [EBPB_EMML11STTL-116716] Executing link_Click function:
2016-01-28 00:19:31,125 DEBUG [EBPB_EMML11STTL-116716] Executing Click function
2016-01-28 00:19:32,094 DEBUG [EBPB_EMML11STTL-116716] Exiting Click function
2016-01-28 00:19:32,094 DEBUG [EBPB_EMML11STTL-116716] timer11_test_link clicked successfully
2016-01-28 00:19:32,094 DEBUG [EBPB_EMML11STTL-116716] TestStepResult of link_Click: Pass
2016-01-28 00:19:32,094 DEBUG [EBPB_EMML11STTL-116716] In execute keyword function
2016-01-28 00:19:32,094 DEBUG [EBPB_EMML11STTL-116716] Executing wait function:
2016-01-28 00:19:32,094 DEBUG [EBPB_EMML11STTL-116716] Started Executing wait function
2016-01-28 00:19:42,095 DEBUG [EBPB_EMML11STTL-116716] Exiting from wait function
2016-01-28 00:19:42,095 DEBUG [EBPB_EMML11STTL-116716] TestStepResult of wait: Pass
2016-01-28 00:19:42,095 DEBUG [EBPB_EMML11STTL-116716] In execute keyword function
2016-01-28 00:19:42,095 DEBUG [EBPB_EMML11STTL-116716] Executing validate_Result function:
2016-01-28 00:19:42,378 DEBUG [EBPB_EMML11STTL-116716] Time Text found in Time: 28/01/16 00:18:18
2016-01-28 00:19:42,378 DEBUG [EBPB_EMML11STTL-116716] Result of validate_Result: Pass
2016-01-28 00:19:42,378 DEBUG [EBPB_EMML11STTL-116716] allstep_result contains: PassPassPassPassPassnull
2016-01-28 00:19:42,378 DEBUG [EBPB_EMML11STTL-116716] allexpected_result contains: nullPassnullpassnullpassnull
2016-01-28 00:19:42,378 DEBUG [EBPB_EMML11STTL-116716] Testcase_Result contains: nullPassnullpassnullpassnullPassPassPassPassPassnull
2016-01-28 00:19:42,378 DEBUG [EBPB_EMML11STTL-116716] Test case with description Timer with start method when interval is set Pass
2016-01-28 00:19:43,411 DEBUG [EBPB_EMML11STTL-116716] Executing browser_Quit function
2016-01-28 00:19:43,411 DEBUG [EBPB_EMML11STTL-116716] Completed browser_Quit function
2016-01-28 00:19:43,411 DEBUG [EBPB_EMML11STTL-116716] Completed quitSelendroid function
2016-01-28 00:19:43,412 DEBUG [EBPB_EMML11STTL-116716] Row number:17
2016-01-28 00:19:43,443 DEBUG [EBPB_EMML11STTL-116716] Ending Test Case IDSTTL-116716
