2016-01-28 00:18:47,150 DEBUG [EBPB_EMML11STTL-116715] Executing Test Case ID: STTL-116715
2016-01-28 00:18:47,158 DEBUG [EBPB_EMML11STTL-116715] Executing Init_Selendroid function with APK as parameter and clear data value with 1
2016-01-28 00:18:57,510 DEBUG [EBPB_EMML11STTL-116715] Exiting Init_Selendroid function
2016-01-28 00:18:57,524 DEBUG [EBPB_EMML11STTL-116715] TestCase with Description "DebugButtons Visible" Execution started
2016-01-28 00:18:57,524 DEBUG [EBPB_EMML11STTL-116715] In execute keyword function
2016-01-28 00:18:57,524 DEBUG [EBPB_EMML11STTL-116715] Executing wait function:
2016-01-28 00:18:57,524 DEBUG [EBPB_EMML11STTL-116715] Started Executing wait function
2016-01-28 00:19:00,524 DEBUG [EBPB_EMML11STTL-116715] Exiting from wait function
2016-01-28 00:19:00,524 DEBUG [EBPB_EMML11STTL-116715] TestStepResult of wait: Pass
2016-01-28 00:19:00,524 DEBUG [EBPB_EMML11STTL-116715] In execute keyword function
2016-01-28 00:19:00,524 DEBUG [EBPB_EMML11STTL-116715] Executing validate_PageTitle function:
2016-01-28 00:19:00,566 DEBUG [EBPB_EMML11STTL-116715] The title of the page is *********************************: Pocket Browser Tests
2016-01-28 00:19:00,566 DEBUG [EBPB_EMML11STTL-116715] The page title found is correct
2016-01-28 00:19:00,566 DEBUG [EBPB_EMML11STTL-116715] Result of validate_PageTitle: pass
2016-01-28 00:19:00,566 DEBUG [EBPB_EMML11STTL-116715] In execute keyword function
2016-01-28 00:19:00,566 DEBUG [EBPB_EMML11STTL-116715] Executing link_Click function:
2016-01-28 00:19:01,142 DEBUG [EBPB_EMML11STTL-116715] Executing Click function
2016-01-28 00:19:02,184 DEBUG [EBPB_EMML11STTL-116715] Exiting Click function
2016-01-28 00:19:02,184 DEBUG [EBPB_EMML11STTL-116715] EMML11_test_link clicked successfully
2016-01-28 00:19:02,184 DEBUG [EBPB_EMML11STTL-116715] TestStepResult of link_Click: Pass
2016-01-28 00:19:02,184 DEBUG [EBPB_EMML11STTL-116715] In execute keyword function
2016-01-28 00:19:02,184 DEBUG [EBPB_EMML11STTL-116715] Executing wait function:
2016-01-28 00:19:02,184 DEBUG [EBPB_EMML11STTL-116715] Started Executing wait function
2016-01-28 00:19:04,184 DEBUG [EBPB_EMML11STTL-116715] Exiting from wait function
2016-01-28 00:19:04,184 DEBUG [EBPB_EMML11STTL-116715] TestStepResult of wait: Pass
2016-01-28 00:19:04,184 DEBUG [EBPB_EMML11STTL-116715] In execute keyword function
2016-01-28 00:19:04,184 DEBUG [EBPB_EMML11STTL-116715] Executing validate_PageTitle function:
2016-01-28 00:19:04,221 DEBUG [EBPB_EMML11STTL-116715] The title of the page is *********************************: EMML1.1 Test Index Page
2016-01-28 00:19:04,221 DEBUG [EBPB_EMML11STTL-116715] The page title found is correct
2016-01-28 00:19:04,221 DEBUG [EBPB_EMML11STTL-116715] Result of validate_PageTitle: pass
2016-01-28 00:19:04,221 DEBUG [EBPB_EMML11STTL-116715] In execute keyword function
2016-01-28 00:19:04,221 DEBUG [EBPB_EMML11STTL-116715] Executing link_Click function:
2016-01-28 00:19:04,597 DEBUG [EBPB_EMML11STTL-116715] Executing Click function
2016-01-28 00:19:05,527 DEBUG [EBPB_EMML11STTL-116715] Exiting Click function
2016-01-28 00:19:05,527 DEBUG [EBPB_EMML11STTL-116715] CandA_test_link clicked successfully
2016-01-28 00:19:05,527 DEBUG [EBPB_EMML11STTL-116715] TestStepResult of link_Click: Pass
2016-01-28 00:19:05,527 DEBUG [EBPB_EMML11STTL-116715] In execute keyword function
2016-01-28 00:19:05,527 DEBUG [EBPB_EMML11STTL-116715] Executing wait function:
2016-01-28 00:19:05,527 DEBUG [EBPB_EMML11STTL-116715] Started Executing wait function
2016-01-28 00:19:07,527 DEBUG [EBPB_EMML11STTL-116715] Exiting from wait function
2016-01-28 00:19:07,527 DEBUG [EBPB_EMML11STTL-116715] TestStepResult of wait: Pass
2016-01-28 00:19:07,527 DEBUG [EBPB_EMML11STTL-116715] In execute keyword function
2016-01-28 00:19:07,527 DEBUG [EBPB_EMML11STTL-116715] Executing link_Click function:
2016-01-28 00:19:07,938 DEBUG [EBPB_EMML11STTL-116715] Executing Click function
2016-01-28 00:19:08,928 DEBUG [EBPB_EMML11STTL-116715] Exiting Click function
2016-01-28 00:19:08,928 DEBUG [EBPB_EMML11STTL-116715] debug_test_link clicked successfully
2016-01-28 00:19:08,928 DEBUG [EBPB_EMML11STTL-116715] TestStepResult of link_Click: Pass
2016-01-28 00:19:08,928 DEBUG [EBPB_EMML11STTL-116715] In execute keyword function
2016-01-28 00:19:08,928 DEBUG [EBPB_EMML11STTL-116715] Executing wait function:
2016-01-28 00:19:08,928 DEBUG [EBPB_EMML11STTL-116715] Started Executing wait function
2016-01-28 00:19:10,928 DEBUG [EBPB_EMML11STTL-116715] Exiting from wait function
2016-01-28 00:19:10,928 DEBUG [EBPB_EMML11STTL-116715] TestStepResult of wait: Pass
2016-01-28 00:19:10,928 DEBUG [EBPB_EMML11STTL-116715] In execute keyword function
2016-01-28 00:19:10,928 DEBUG [EBPB_EMML11STTL-116715] Executing validate_isIconDisplayed function:
2016-01-28 00:19:10,928 DEBUG [EBPB_EMML11STTL-116715] Entered validate_isIconDisplayed function
2016-01-28 00:19:11,363 DEBUG [EBPB_EMML11STTL-116715] Result of validate_isIconDisplayed: Pass
2016-01-28 00:19:11,364 DEBUG [EBPB_EMML11STTL-116715] In execute keyword function
2016-01-28 00:19:11,364 DEBUG [EBPB_EMML11STTL-116715] Executing validate_isIconDisplayed function:
2016-01-28 00:19:11,364 DEBUG [EBPB_EMML11STTL-116715] Entered validate_isIconDisplayed function
2016-01-28 00:19:11,720 DEBUG [EBPB_EMML11STTL-116715] Result of validate_isIconDisplayed: Pass
2016-01-28 00:19:11,720 DEBUG [EBPB_EMML11STTL-116715] In execute keyword function
2016-01-28 00:19:11,721 DEBUG [EBPB_EMML11STTL-116715] Executing validate_isIconDisplayed function:
2016-01-28 00:19:11,721 DEBUG [EBPB_EMML11STTL-116715] Entered validate_isIconDisplayed function
2016-01-28 00:19:12,053 DEBUG [EBPB_EMML11STTL-116715] Result of validate_isIconDisplayed: Pass
2016-01-28 00:19:12,053 DEBUG [EBPB_EMML11STTL-116715] In execute keyword function
2016-01-28 00:19:12,053 DEBUG [EBPB_EMML11STTL-116715] Executing validate_isIconDisplayed function:
2016-01-28 00:19:12,053 DEBUG [EBPB_EMML11STTL-116715] Entered validate_isIconDisplayed function
2016-01-28 00:19:12,350 DEBUG [EBPB_EMML11STTL-116715] Result of validate_isIconDisplayed: Pass
2016-01-28 00:19:12,351 DEBUG [EBPB_EMML11STTL-116715] In execute keyword function
2016-01-28 00:19:12,351 DEBUG [EBPB_EMML11STTL-116715] Executing validate_isIconDisplayed function:
2016-01-28 00:19:12,351 DEBUG [EBPB_EMML11STTL-116715] Entered validate_isIconDisplayed function
2016-01-28 00:19:12,640 DEBUG [EBPB_EMML11STTL-116715] Result of validate_isIconDisplayed: Pass
2016-01-28 00:19:12,640 DEBUG [EBPB_EMML11STTL-116715] allstep_result contains: PassPassPassPassPassPassPassnull
2016-01-28 00:19:12,640 DEBUG [EBPB_EMML11STTL-116715] allexpected_result contains: nullPassPassPassPassPassnullpassnullpassnull
2016-01-28 00:19:12,640 DEBUG [EBPB_EMML11STTL-116715] Testcase_Result contains: nullPassPassPassPassPassnullpassnullpassnullPassPassPassPassPassPassPassnull
2016-01-28 00:19:12,640 DEBUG [EBPB_EMML11STTL-116715] Test case with description DebugButtons Visible Pass
2016-01-28 00:19:13,601 DEBUG [EBPB_EMML11STTL-116715] Executing browser_Quit function
2016-01-28 00:19:13,601 DEBUG [EBPB_EMML11STTL-116715] Completed browser_Quit function
2016-01-28 00:19:13,601 DEBUG [EBPB_EMML11STTL-116715] Completed quitSelendroid function
2016-01-28 00:19:13,601 DEBUG [EBPB_EMML11STTL-116715] Row number:16
2016-01-28 00:19:13,642 DEBUG [EBPB_EMML11STTL-116715] Ending Test Case IDSTTL-116715
