2016-01-28 00:11:47,309 DEBUG [EBPB_EMML11STTL-116705] Executing Test Case ID: STTL-116705
2016-01-28 00:11:47,316 DEBUG [EBPB_EMML11STTL-116705] Executing Init_Selendroid function with APK as parameter and clear data value with 1
2016-01-28 00:11:57,645 DEBUG [EBPB_EMML11STTL-116705] Exiting Init_Selendroid function
2016-01-28 00:11:57,659 DEBUG [EBPB_EMML11STTL-116705] TestCase with Description "Signature" Execution started
2016-01-28 00:11:57,659 DEBUG [EBPB_EMML11STTL-116705] In execute keyword function
2016-01-28 00:11:57,659 DEBUG [EBPB_EMML11STTL-116705] Executing wait function:
2016-01-28 00:11:57,659 DEBUG [EBPB_EMML11STTL-116705] Started Executing wait function
2016-01-28 00:12:00,659 DEBUG [EBPB_EMML11STTL-116705] Exiting from wait function
2016-01-28 00:12:00,659 DEBUG [EBPB_EMML11STTL-116705] TestStepResult of wait: Pass
2016-01-28 00:12:00,659 DEBUG [EBPB_EMML11STTL-116705] In execute keyword function
2016-01-28 00:12:00,659 DEBUG [EBPB_EMML11STTL-116705] Executing validate_PageTitle function:
2016-01-28 00:12:00,700 DEBUG [EBPB_EMML11STTL-116705] The title of the page is *********************************: Pocket Browser Tests
2016-01-28 00:12:00,700 DEBUG [EBPB_EMML11STTL-116705] The page title found is correct
2016-01-28 00:12:00,700 DEBUG [EBPB_EMML11STTL-116705] Result of validate_PageTitle: pass
2016-01-28 00:12:00,700 DEBUG [EBPB_EMML11STTL-116705] In execute keyword function
2016-01-28 00:12:00,700 DEBUG [EBPB_EMML11STTL-116705] Executing link_Click function:
2016-01-28 00:12:01,349 DEBUG [EBPB_EMML11STTL-116705] Executing Click function
2016-01-28 00:12:02,438 DEBUG [EBPB_EMML11STTL-116705] Exiting Click function
2016-01-28 00:12:02,438 DEBUG [EBPB_EMML11STTL-116705] EMML11_test_link clicked successfully
2016-01-28 00:12:02,438 DEBUG [EBPB_EMML11STTL-116705] TestStepResult of link_Click: Pass
2016-01-28 00:12:02,438 DEBUG [EBPB_EMML11STTL-116705] In execute keyword function
2016-01-28 00:12:02,439 DEBUG [EBPB_EMML11STTL-116705] Executing wait function:
2016-01-28 00:12:02,439 DEBUG [EBPB_EMML11STTL-116705] Started Executing wait function
2016-01-28 00:12:04,439 DEBUG [EBPB_EMML11STTL-116705] Exiting from wait function
2016-01-28 00:12:04,439 DEBUG [EBPB_EMML11STTL-116705] TestStepResult of wait: Pass
2016-01-28 00:12:04,439 DEBUG [EBPB_EMML11STTL-116705] In execute keyword function
2016-01-28 00:12:04,439 DEBUG [EBPB_EMML11STTL-116705] Executing validate_PageTitle function:
2016-01-28 00:12:04,478 DEBUG [EBPB_EMML11STTL-116705] The title of the page is *********************************: EMML1.1 Test Index Page
2016-01-28 00:12:04,478 DEBUG [EBPB_EMML11STTL-116705] The page title found is correct
2016-01-28 00:12:04,478 DEBUG [EBPB_EMML11STTL-116705] Result of validate_PageTitle: pass
2016-01-28 00:12:04,478 DEBUG [EBPB_EMML11STTL-116705] In execute keyword function
2016-01-28 00:12:04,478 DEBUG [EBPB_EMML11STTL-116705] Executing link_Click function:
2016-01-28 00:12:04,916 DEBUG [EBPB_EMML11STTL-116705] Executing Click function
2016-01-28 00:12:05,892 DEBUG [EBPB_EMML11STTL-116705] Exiting Click function
2016-01-28 00:12:05,892 DEBUG [EBPB_EMML11STTL-116705] signature11_test_link clicked successfully
2016-01-28 00:12:05,892 DEBUG [EBPB_EMML11STTL-116705] TestStepResult of link_Click: Pass
2016-01-28 00:12:05,892 DEBUG [EBPB_EMML11STTL-116705] In execute keyword function
2016-01-28 00:12:05,892 DEBUG [EBPB_EMML11STTL-116705] Executing wait function:
2016-01-28 00:12:05,892 DEBUG [EBPB_EMML11STTL-116705] Started Executing wait function
2016-01-28 00:12:07,892 DEBUG [EBPB_EMML11STTL-116705] Exiting from wait function
2016-01-28 00:12:07,892 DEBUG [EBPB_EMML11STTL-116705] TestStepResult of wait: Pass
2016-01-28 00:12:07,892 DEBUG [EBPB_EMML11STTL-116705] In execute keyword function
2016-01-28 00:12:07,892 DEBUG [EBPB_EMML11STTL-116705] Executing SwitchApp function:
2016-01-28 00:12:07,982 DEBUG [EBPB_EMML11STTL-116705] Successfully switched to NATIVE_APP
2016-01-28 00:12:07,982 DEBUG [EBPB_EMML11STTL-116705] TestStepResult of SwitchApp: Pass
2016-01-28 00:12:07,982 DEBUG [EBPB_EMML11STTL-116705] In execute keyword function
2016-01-28 00:12:07,982 DEBUG [EBPB_EMML11STTL-116705] Executing wait function:
2016-01-28 00:12:07,982 DEBUG [EBPB_EMML11STTL-116705] Started Executing wait function
2016-01-28 00:12:09,982 DEBUG [EBPB_EMML11STTL-116705] Exiting from wait function
2016-01-28 00:12:09,982 DEBUG [EBPB_EMML11STTL-116705] TestStepResult of wait: Pass
2016-01-28 00:12:09,982 DEBUG [EBPB_EMML11STTL-116705] In execute keyword function
2016-01-28 00:12:09,982 DEBUG [EBPB_EMML11STTL-116705] Executing DrawSignature function:
2016-01-28 00:12:10,851 DEBUG [EBPB_EMML11STTL-116705] Started executeCommandLine function
2016-01-28 00:12:14,872 DEBUG [EBPB_EMML11STTL-116705] Exiting from executeCommandLine function
2016-01-28 00:12:14,872 DEBUG [EBPB_EMML11STTL-116705] Signature drawn successfully
2016-01-28 00:12:14,872 DEBUG [EBPB_EMML11STTL-116705] TestStepResult of DrawSignature: Pass
2016-01-28 00:12:14,872 DEBUG [EBPB_EMML11STTL-116705] In execute keyword function
2016-01-28 00:12:14,872 DEBUG [EBPB_EMML11STTL-116705] Executing wait function:
2016-01-28 00:12:14,872 DEBUG [EBPB_EMML11STTL-116705] Started Executing wait function
2016-01-28 00:12:16,872 DEBUG [EBPB_EMML11STTL-116705] Exiting from wait function
2016-01-28 00:12:16,872 DEBUG [EBPB_EMML11STTL-116705] TestStepResult of wait: Pass
2016-01-28 00:12:16,872 DEBUG [EBPB_EMML11STTL-116705] In execute keyword function
2016-01-28 00:12:16,872 DEBUG [EBPB_EMML11STTL-116705] Executing SwitchApp function:
2016-01-28 00:12:16,977 DEBUG [EBPB_EMML11STTL-116705] Successfully switched to WEBVIEW
2016-01-28 00:12:16,977 DEBUG [EBPB_EMML11STTL-116705] TestStepResult of SwitchApp: Pass
2016-01-28 00:12:16,977 DEBUG [EBPB_EMML11STTL-116705] In execute keyword function
2016-01-28 00:12:16,977 DEBUG [EBPB_EMML11STTL-116705] Executing wait function:
2016-01-28 00:12:16,977 DEBUG [EBPB_EMML11STTL-116705] Started Executing wait function
2016-01-28 00:12:18,977 DEBUG [EBPB_EMML11STTL-116705] Exiting from wait function
2016-01-28 00:12:18,977 DEBUG [EBPB_EMML11STTL-116705] TestStepResult of wait: Pass
2016-01-28 00:12:18,977 DEBUG [EBPB_EMML11STTL-116705] In execute keyword function
2016-01-28 00:12:18,977 DEBUG [EBPB_EMML11STTL-116705] Executing ClickRunTest function:
2016-01-28 00:12:19,374 DEBUG [EBPB_EMML11STTL-116705] Executing Click function
2016-01-28 00:12:20,399 DEBUG [EBPB_EMML11STTL-116705] Exiting Click function
2016-01-28 00:12:20,399 DEBUG [EBPB_EMML11STTL-116705] captureButton_xpath Button clicked Successfully
2016-01-28 00:12:20,399 DEBUG [EBPB_EMML11STTL-116705] TestStepResult of ClickRunTest: pass
2016-01-28 00:12:20,399 DEBUG [EBPB_EMML11STTL-116705] In execute keyword function
2016-01-28 00:12:20,399 DEBUG [EBPB_EMML11STTL-116705] Executing wait function:
2016-01-28 00:12:20,399 DEBUG [EBPB_EMML11STTL-116705] Started Executing wait function
2016-01-28 00:12:35,401 DEBUG [EBPB_EMML11STTL-116705] Exiting from wait function
2016-01-28 00:12:35,401 DEBUG [EBPB_EMML11STTL-116705] TestStepResult of wait: Pass
2016-01-28 00:12:35,401 DEBUG [EBPB_EMML11STTL-116705] In execute keyword function
2016-01-28 00:12:35,401 DEBUG [EBPB_EMML11STTL-116705] Executing validate_Result function:
2016-01-28 00:12:35,634 DEBUG [EBPB_EMML11STTL-116705] OK: File Sent Text found in OK: File Sent
2016-01-28 00:12:35,634 DEBUG [EBPB_EMML11STTL-116705] Result of validate_Result: Pass
2016-01-28 00:12:35,634 DEBUG [EBPB_EMML11STTL-116705] In execute keyword function
2016-01-28 00:12:35,634 DEBUG [EBPB_EMML11STTL-116705] Executing ClickRunTest function:
2016-01-28 00:12:35,993 DEBUG [EBPB_EMML11STTL-116705] Executing Click function
2016-01-28 00:12:36,941 DEBUG [EBPB_EMML11STTL-116705] Exiting Click function
2016-01-28 00:12:36,941 DEBUG [EBPB_EMML11STTL-116705] clearButton_xpath Button clicked Successfully
2016-01-28 00:12:36,941 DEBUG [EBPB_EMML11STTL-116705] TestStepResult of ClickRunTest: pass
2016-01-28 00:12:36,941 DEBUG [EBPB_EMML11STTL-116705] In execute keyword function
2016-01-28 00:12:36,942 DEBUG [EBPB_EMML11STTL-116705] Executing wait function:
2016-01-28 00:12:36,942 DEBUG [EBPB_EMML11STTL-116705] Started Executing wait function
2016-01-28 00:12:38,942 DEBUG [EBPB_EMML11STTL-116705] Exiting from wait function
2016-01-28 00:12:38,942 DEBUG [EBPB_EMML11STTL-116705] TestStepResult of wait: Pass
2016-01-28 00:12:38,942 DEBUG [EBPB_EMML11STTL-116705] In execute keyword function
2016-01-28 00:12:38,942 DEBUG [EBPB_EMML11STTL-116705] Executing TakeScreenshot function:
2016-01-28 00:12:39,505 DEBUG [EBPB_EMML11STTL-116705] Started Executing Validate_App_launched_Device function
2016-01-28 00:12:39,505 DEBUG [EBPB_EMML11STTL-116705] Entered CheckUIButtonExists function
2016-01-28 00:12:39,505 DEBUG [EBPB_EMML11STTL-116705] Started executeCommandLine function
2016-01-28 00:12:43,517 DEBUG [EBPB_EMML11STTL-116705] Exiting from executeCommandLine function
2016-01-28 00:12:43,517 DEBUG [EBPB_EMML11STTL-116705] Button is not Present
2016-01-28 00:12:43,517 DEBUG [EBPB_EMML11STTL-116705] Exiting from CheckUIButtonExists function
2016-01-28 00:12:43,517 DEBUG [EBPB_EMML11STTL-116705] Started executeCommandLine function
2016-01-28 00:12:47,537 DEBUG [EBPB_EMML11STTL-116705] Given App is in Foreground
2016-01-28 00:12:47,537 DEBUG [EBPB_EMML11STTL-116705] Exiting Validate_App_launched_Device function
2016-01-28 00:12:47,662 DEBUG [EBPB_EMML11STTL-116705] TestStepResult of TakeScreenshot: pass
2016-01-28 00:12:47,662 DEBUG [EBPB_EMML11STTL-116705] In execute keyword function
2016-01-28 00:12:47,663 DEBUG [EBPB_EMML11STTL-116705] Executing wait function:
2016-01-28 00:12:47,663 DEBUG [EBPB_EMML11STTL-116705] Started Executing wait function
2016-01-28 00:12:49,663 DEBUG [EBPB_EMML11STTL-116705] Exiting from wait function
2016-01-28 00:12:49,663 DEBUG [EBPB_EMML11STTL-116705] TestStepResult of wait: Pass
2016-01-28 00:12:49,663 DEBUG [EBPB_EMML11STTL-116705] In execute keyword function
2016-01-28 00:12:49,663 DEBUG [EBPB_EMML11STTL-116705] Executing validate_Screenshot function:
2016-01-28 00:12:49,896 DEBUG [EBPB_EMML11STTL-116705] Match found with reference image
2016-01-28 00:12:49,897 DEBUG [EBPB_EMML11STTL-116705] Result of validate_Screenshot: Pass
2016-01-28 00:12:49,897 DEBUG [EBPB_EMML11STTL-116705] In execute keyword function
2016-01-28 00:12:49,897 DEBUG [EBPB_EMML11STTL-116705] Executing link_Click function:
2016-01-28 00:12:50,222 DEBUG [EBPB_EMML11STTL-116705] Executing Click function
2016-01-28 00:12:51,161 DEBUG [EBPB_EMML11STTL-116705] Exiting Click function
2016-01-28 00:12:51,161 DEBUG [EBPB_EMML11STTL-116705] hidesignature_test_link clicked successfully
2016-01-28 00:12:51,161 DEBUG [EBPB_EMML11STTL-116705] TestStepResult of link_Click: Pass
2016-01-28 00:12:51,162 DEBUG [EBPB_EMML11STTL-116705] In execute keyword function
2016-01-28 00:12:51,162 DEBUG [EBPB_EMML11STTL-116705] Executing wait function:
2016-01-28 00:12:51,162 DEBUG [EBPB_EMML11STTL-116705] Started Executing wait function
2016-01-28 00:12:53,163 DEBUG [EBPB_EMML11STTL-116705] Exiting from wait function
2016-01-28 00:12:53,163 DEBUG [EBPB_EMML11STTL-116705] TestStepResult of wait: Pass
2016-01-28 00:12:53,163 DEBUG [EBPB_EMML11STTL-116705] In execute keyword function
2016-01-28 00:12:53,163 DEBUG [EBPB_EMML11STTL-116705] Executing validate_isIconDisplayed function:
2016-01-28 00:12:53,163 DEBUG [EBPB_EMML11STTL-116705] Entered validate_isIconDisplayed function
2016-01-28 00:12:53,748 DEBUG [EBPB_EMML11STTL-116705] Result of validate_isIconDisplayed: Pass
2016-01-28 00:12:53,748 DEBUG [EBPB_EMML11STTL-116705] allstep_result contains: PassPassPasspassPasspassPasspassPassPassPassPassPassPassPassPassPassPassPassnull
2016-01-28 00:12:53,748 DEBUG [EBPB_EMML11STTL-116705] allexpected_result contains: nullPassnullPassnullPassnullpassnullpassnull
2016-01-28 00:12:53,748 DEBUG [EBPB_EMML11STTL-116705] Testcase_Result contains: nullPassnullPassnullPassnullpassnullpassnullPassPassPasspassPasspassPasspassPassPassPassPassPassPassPassPassPassPassPassnull
2016-01-28 00:12:53,748 DEBUG [EBPB_EMML11STTL-116705] Test case with description Signature Pass
2016-01-28 00:12:54,753 DEBUG [EBPB_EMML11STTL-116705] Executing browser_Quit function
2016-01-28 00:12:54,753 DEBUG [EBPB_EMML11STTL-116705] Completed browser_Quit function
2016-01-28 00:12:54,753 DEBUG [EBPB_EMML11STTL-116705] Completed quitSelendroid function
2016-01-28 00:12:54,753 DEBUG [EBPB_EMML11STTL-116705] Row number:6
2016-01-28 00:12:54,790 DEBUG [EBPB_EMML11STTL-116705] Ending Test Case IDSTTL-116705
