2016-01-28 00:19:43,466 DEBUG [EBPB_EMML11STTL-116717] Executing Test Case ID: STTL-116717
2016-01-28 00:19:43,472 DEBUG [EBPB_EMML11STTL-116717] Executing Init_Selendroid function with APK as parameter and clear data value with 1
2016-01-28 00:19:53,997 DEBUG [EBPB_EMML11STTL-116717] Exiting Init_Selendroid function
2016-01-28 00:19:54,012 DEBUG [EBPB_EMML11STTL-116717] TestCase with Description "Set the alarm with Repeat value to true." Execution started
2016-01-28 00:19:54,012 DEBUG [EBPB_EMML11STTL-116717] In execute keyword function
2016-01-28 00:19:54,012 DEBUG [EBPB_EMML11STTL-116717] Executing wait function:
2016-01-28 00:19:54,012 DEBUG [EBPB_EMML11STTL-116717] Started Executing wait function
2016-01-28 00:19:57,012 DEBUG [EBPB_EMML11STTL-116717] Exiting from wait function
2016-01-28 00:19:57,012 DEBUG [EBPB_EMML11STTL-116717] TestStepResult of wait: Pass
2016-01-28 00:19:57,012 DEBUG [EBPB_EMML11STTL-116717] In execute keyword function
2016-01-28 00:19:57,012 DEBUG [EBPB_EMML11STTL-116717] Executing validate_PageTitle function:
2016-01-28 00:19:57,053 DEBUG [EBPB_EMML11STTL-116717] The title of the page is *********************************: Pocket Browser Tests
2016-01-28 00:19:57,053 DEBUG [EBPB_EMML11STTL-116717] The page title found is correct
2016-01-28 00:19:57,053 DEBUG [EBPB_EMML11STTL-116717] Result of validate_PageTitle: pass
2016-01-28 00:19:57,053 DEBUG [EBPB_EMML11STTL-116717] In execute keyword function
2016-01-28 00:19:57,053 DEBUG [EBPB_EMML11STTL-116717] Executing link_Click function:
2016-01-28 00:19:57,625 DEBUG [EBPB_EMML11STTL-116717] Executing Click function
2016-01-28 00:19:58,646 DEBUG [EBPB_EMML11STTL-116717] Exiting Click function
2016-01-28 00:19:58,646 DEBUG [EBPB_EMML11STTL-116717] EMML11_test_link clicked successfully
2016-01-28 00:19:58,646 DEBUG [EBPB_EMML11STTL-116717] TestStepResult of link_Click: Pass
2016-01-28 00:19:58,646 DEBUG [EBPB_EMML11STTL-116717] In execute keyword function
2016-01-28 00:19:58,646 DEBUG [EBPB_EMML11STTL-116717] Executing wait function:
2016-01-28 00:19:58,646 DEBUG [EBPB_EMML11STTL-116717] Started Executing wait function
2016-01-28 00:20:00,646 DEBUG [EBPB_EMML11STTL-116717] Exiting from wait function
2016-01-28 00:20:00,646 DEBUG [EBPB_EMML11STTL-116717] TestStepResult of wait: Pass
2016-01-28 00:20:00,646 DEBUG [EBPB_EMML11STTL-116717] In execute keyword function
2016-01-28 00:20:00,646 DEBUG [EBPB_EMML11STTL-116717] Executing validate_PageTitle function:
2016-01-28 00:20:00,683 DEBUG [EBPB_EMML11STTL-116717] The title of the page is *********************************: EMML1.1 Test Index Page
2016-01-28 00:20:00,683 DEBUG [EBPB_EMML11STTL-116717] The page title found is correct
2016-01-28 00:20:00,683 DEBUG [EBPB_EMML11STTL-116717] Result of validate_PageTitle: pass
2016-01-28 00:20:00,683 DEBUG [EBPB_EMML11STTL-116717] In execute keyword function
2016-01-28 00:20:00,683 DEBUG [EBPB_EMML11STTL-116717] Executing link_Click function:
2016-01-28 00:20:01,063 DEBUG [EBPB_EMML11STTL-116717] Executing Click function
2016-01-28 00:20:02,024 DEBUG [EBPB_EMML11STTL-116717] Exiting Click function
2016-01-28 00:20:02,024 DEBUG [EBPB_EMML11STTL-116717] alarm11_test_link clicked successfully
2016-01-28 00:20:02,024 DEBUG [EBPB_EMML11STTL-116717] TestStepResult of link_Click: Pass
2016-01-28 00:20:02,025 DEBUG [EBPB_EMML11STTL-116717] In execute keyword function
2016-01-28 00:20:02,025 DEBUG [EBPB_EMML11STTL-116717] Executing wait function:
2016-01-28 00:20:02,025 DEBUG [EBPB_EMML11STTL-116717] Started Executing wait function
2016-01-28 00:20:32,027 DEBUG [EBPB_EMML11STTL-116717] Exiting from wait function
2016-01-28 00:20:32,027 DEBUG [EBPB_EMML11STTL-116717] TestStepResult of wait: Pass
2016-01-28 00:20:32,027 DEBUG [EBPB_EMML11STTL-116717] In execute keyword function
2016-01-28 00:20:32,027 DEBUG [EBPB_EMML11STTL-116717] Executing CheckUITextContains function:
2016-01-28 00:20:32,027 DEBUG [EBPB_EMML11STTL-116717] Started executeCommandLine function
2016-01-28 00:20:36,047 DEBUG [EBPB_EMML11STTL-116717] Text is Present
2016-01-28 00:20:36,047 DEBUG [EBPB_EMML11STTL-116717] TestStepResult of CheckUITextContains: Pass
2016-01-28 00:20:36,047 DEBUG [EBPB_EMML11STTL-116717] In execute keyword function
2016-01-28 00:20:36,047 DEBUG [EBPB_EMML11STTL-116717] Executing ClickUIButtonText function:
2016-01-28 00:20:36,047 DEBUG [EBPB_EMML11STTL-116717] Entered ClickUIButtonText function
2016-01-28 00:20:36,047 DEBUG [EBPB_EMML11STTL-116717] Started executeCommandLine function
2016-01-28 00:20:40,068 DEBUG [EBPB_EMML11STTL-116717] Started executeCommandLine function
2016-01-28 00:20:44,518 DEBUG [EBPB_EMML11STTL-116717] Exiting ClickUIButtonText function
2016-01-28 00:20:44,518 DEBUG [EBPB_EMML11STTL-116717] TestStepResult of ClickUIButtonText: Pass
2016-01-28 00:20:44,518 DEBUG [EBPB_EMML11STTL-116717] allstep_result contains: PassPassPassPassPassPassPassnull
2016-01-28 00:20:44,518 DEBUG [EBPB_EMML11STTL-116717] allexpected_result contains: nullpassnullpassnull
2016-01-28 00:20:44,518 DEBUG [EBPB_EMML11STTL-116717] Testcase_Result contains: nullpassnullpassnullPassPassPassPassPassPassPassnull
2016-01-28 00:20:44,518 DEBUG [EBPB_EMML11STTL-116717] Test case with description Set the alarm with Repeat value to true. Pass
2016-01-28 00:20:45,634 DEBUG [EBPB_EMML11STTL-116717] Executing browser_Quit function
2016-01-28 00:20:45,634 DEBUG [EBPB_EMML11STTL-116717] Completed browser_Quit function
2016-01-28 00:20:45,634 DEBUG [EBPB_EMML11STTL-116717] Completed quitSelendroid function
2016-01-28 00:20:45,635 DEBUG [EBPB_EMML11STTL-116717] Row number:18
2016-01-28 00:20:45,662 DEBUG [EBPB_EMML11STTL-116717] Ending Test Case IDSTTL-116717
