2016-01-28 00:13:54,490 DEBUG [EBPB_EMML11STTL-116708] Executing Test Case ID: STTL-116708
2016-01-28 00:13:54,507 DEBUG [EBPB_EMML11STTL-116708] Executing Init_Selendroid function with APK as parameter and clear data value with 1
2016-01-28 00:14:05,076 DEBUG [EBPB_EMML11STTL-116708] Exiting Init_Selendroid function
2016-01-28 00:14:05,091 DEBUG [EBPB_EMML11STTL-116708] TestCase with Description "Keyhandling" Execution started
2016-01-28 00:14:05,091 DEBUG [EBPB_EMML11STTL-116708] In execute keyword function
2016-01-28 00:14:05,091 DEBUG [EBPB_EMML11STTL-116708] Executing wait function:
2016-01-28 00:14:05,091 DEBUG [EBPB_EMML11STTL-116708] Started Executing wait function
2016-01-28 00:14:08,091 DEBUG [EBPB_EMML11STTL-116708] Exiting from wait function
2016-01-28 00:14:08,091 DEBUG [EBPB_EMML11STTL-116708] TestStepResult of wait: Pass
2016-01-28 00:14:08,091 DEBUG [EBPB_EMML11STTL-116708] In execute keyword function
2016-01-28 00:14:08,091 DEBUG [EBPB_EMML11STTL-116708] Executing validate_PageTitle function:
2016-01-28 00:14:08,130 DEBUG [EBPB_EMML11STTL-116708] The title of the page is *********************************: Pocket Browser Tests
2016-01-28 00:14:08,130 DEBUG [EBPB_EMML11STTL-116708] The page title found is correct
2016-01-28 00:14:08,130 DEBUG [EBPB_EMML11STTL-116708] Result of validate_PageTitle: pass
2016-01-28 00:14:08,130 DEBUG [EBPB_EMML11STTL-116708] In execute keyword function
2016-01-28 00:14:08,130 DEBUG [EBPB_EMML11STTL-116708] Executing link_Click function:
2016-01-28 00:14:08,747 DEBUG [EBPB_EMML11STTL-116708] Executing Click function
2016-01-28 00:14:09,842 DEBUG [EBPB_EMML11STTL-116708] Exiting Click function
2016-01-28 00:14:09,842 DEBUG [EBPB_EMML11STTL-116708] EMML11_test_link clicked successfully
2016-01-28 00:14:09,842 DEBUG [EBPB_EMML11STTL-116708] TestStepResult of link_Click: Pass
2016-01-28 00:14:09,842 DEBUG [EBPB_EMML11STTL-116708] In execute keyword function
2016-01-28 00:14:09,842 DEBUG [EBPB_EMML11STTL-116708] Executing wait function:
2016-01-28 00:14:09,842 DEBUG [EBPB_EMML11STTL-116708] Started Executing wait function
2016-01-28 00:14:11,843 DEBUG [EBPB_EMML11STTL-116708] Exiting from wait function
2016-01-28 00:14:11,843 DEBUG [EBPB_EMML11STTL-116708] TestStepResult of wait: Pass
2016-01-28 00:14:11,843 DEBUG [EBPB_EMML11STTL-116708] In execute keyword function
2016-01-28 00:14:11,843 DEBUG [EBPB_EMML11STTL-116708] Executing validate_PageTitle function:
2016-01-28 00:14:11,880 DEBUG [EBPB_EMML11STTL-116708] The title of the page is *********************************: EMML1.1 Test Index Page
2016-01-28 00:14:11,880 DEBUG [EBPB_EMML11STTL-116708] The page title found is correct
2016-01-28 00:14:11,880 DEBUG [EBPB_EMML11STTL-116708] Result of validate_PageTitle: pass
2016-01-28 00:14:11,880 DEBUG [EBPB_EMML11STTL-116708] In execute keyword function
2016-01-28 00:14:11,880 DEBUG [EBPB_EMML11STTL-116708] Executing link_Click function:
2016-01-28 00:14:12,256 DEBUG [EBPB_EMML11STTL-116708] Executing Click function
2016-01-28 00:14:13,216 DEBUG [EBPB_EMML11STTL-116708] Exiting Click function
2016-01-28 00:14:13,216 DEBUG [EBPB_EMML11STTL-116708] Keycapture11_test_link clicked successfully
2016-01-28 00:14:13,216 DEBUG [EBPB_EMML11STTL-116708] TestStepResult of link_Click: Pass
2016-01-28 00:14:13,216 DEBUG [EBPB_EMML11STTL-116708] In execute keyword function
2016-01-28 00:14:13,216 DEBUG [EBPB_EMML11STTL-116708] Executing sendKeyEvents function:
2016-01-28 00:14:13,216 DEBUG [EBPB_EMML11STTL-116708] Entered sendKeyEvents function
2016-01-28 00:14:13,216 DEBUG [EBPB_EMML11STTL-116708] Volumeup
2016-01-28 00:14:13,216 DEBUG [EBPB_EMML11STTL-116708] Entered volumeup
2016-01-28 00:14:13,216 DEBUG [EBPB_EMML11STTL-116708] Started executeCommandLine function
2016-01-28 00:14:17,237 DEBUG [EBPB_EMML11STTL-116708] Exiting from executeCommandLine function
2016-01-28 00:14:17,237 DEBUG [EBPB_EMML11STTL-116708] pass
2016-01-28 00:14:17,237 DEBUG [EBPB_EMML11STTL-116708] TestStepResult of sendKeyEvents: pass
2016-01-28 00:14:17,237 DEBUG [EBPB_EMML11STTL-116708] In execute keyword function
2016-01-28 00:14:17,237 DEBUG [EBPB_EMML11STTL-116708] Executing validate_Result function:
2016-01-28 00:14:17,507 DEBUG [EBPB_EMML11STTL-116708] 24 Text found in KeyEvent fired for KeyValue:-24
2016-01-28 00:14:17,507 DEBUG [EBPB_EMML11STTL-116708] Result of validate_Result: Pass
2016-01-28 00:14:17,507 DEBUG [EBPB_EMML11STTL-116708] In execute keyword function
2016-01-28 00:14:17,507 DEBUG [EBPB_EMML11STTL-116708] Executing sendKeyEvents function:
2016-01-28 00:14:17,507 DEBUG [EBPB_EMML11STTL-116708] Entered sendKeyEvents function
2016-01-28 00:14:17,507 DEBUG [EBPB_EMML11STTL-116708] Volumedown
2016-01-28 00:14:17,507 DEBUG [EBPB_EMML11STTL-116708] Entered volumedown
2016-01-28 00:14:17,507 DEBUG [EBPB_EMML11STTL-116708] Started executeCommandLine function
2016-01-28 00:14:21,527 DEBUG [EBPB_EMML11STTL-116708] Exiting from executeCommandLine function
2016-01-28 00:14:21,527 DEBUG [EBPB_EMML11STTL-116708] pass
2016-01-28 00:14:21,527 DEBUG [EBPB_EMML11STTL-116708] TestStepResult of sendKeyEvents: pass
2016-01-28 00:14:21,527 DEBUG [EBPB_EMML11STTL-116708] In execute keyword function
2016-01-28 00:14:21,527 DEBUG [EBPB_EMML11STTL-116708] Executing validate_Result function:
2016-01-28 00:14:21,746 DEBUG [EBPB_EMML11STTL-116708] 25 Text found in KeyEvent fired for KeyValue:-25
2016-01-28 00:14:21,746 DEBUG [EBPB_EMML11STTL-116708] Result of validate_Result: Pass
2016-01-28 00:14:21,746 DEBUG [EBPB_EMML11STTL-116708] In execute keyword function
2016-01-28 00:14:21,746 DEBUG [EBPB_EMML11STTL-116708] Executing sendKeyEvents function:
2016-01-28 00:14:21,746 DEBUG [EBPB_EMML11STTL-116708] Entered sendKeyEvents function
2016-01-28 00:14:21,746 DEBUG [EBPB_EMML11STTL-116708] PTTKey
2016-01-28 00:14:21,746 DEBUG [EBPB_EMML11STTL-116708] Entered PTTKey
2016-01-28 00:14:21,746 DEBUG [EBPB_EMML11STTL-116708] Started executeCommandLine function
2016-01-28 00:14:25,768 DEBUG [EBPB_EMML11STTL-116708] Exiting from executeCommandLine function
2016-01-28 00:14:25,768 DEBUG [EBPB_EMML11STTL-116708] pass
2016-01-28 00:14:25,768 DEBUG [EBPB_EMML11STTL-116708] TestStepResult of sendKeyEvents: pass
2016-01-28 00:14:25,768 DEBUG [EBPB_EMML11STTL-116708] In execute keyword function
2016-01-28 00:14:25,768 DEBUG [EBPB_EMML11STTL-116708] Executing validate_Result function:
2016-01-28 00:14:25,944 DEBUG [EBPB_EMML11STTL-116708] 104 Text not found in KeyEvent fired for KeyValue:-25
2016-01-28 00:14:25,944 DEBUG [EBPB_EMML11STTL-116708] Result of validate_Result: Fail
2016-01-28 00:14:25,944 DEBUG [EBPB_EMML11STTL-116708] allstep_result contains: passpasspassPassPassPassPassnull
2016-01-28 00:14:25,944 DEBUG [EBPB_EMML11STTL-116708] allexpected_result contains: nullFailnullPassnullPassnullpassnullpassnull
2016-01-28 00:14:25,944 DEBUG [EBPB_EMML11STTL-116708] Testcase_Result contains: nullFailnullPassnullPassnullpassnullpassnullpasspasspassPassPassPassPassnull
2016-01-28 00:14:25,944 DEBUG [EBPB_EMML11STTL-116708] Test case with description Keyhandling Fail
2016-01-28 00:14:26,963 DEBUG [EBPB_EMML11STTL-116708] Executing browser_Quit function
2016-01-28 00:14:26,963 DEBUG [EBPB_EMML11STTL-116708] Completed browser_Quit function
2016-01-28 00:14:26,963 DEBUG [EBPB_EMML11STTL-116708] Completed quitSelendroid function
2016-01-28 00:14:26,964 DEBUG [EBPB_EMML11STTL-116708] Row number:9
