2016-01-28 00:08:49,221 DEBUG [EBPB_EMML11STTL-116701] Executing Test Case ID: STTL-116701
2016-01-28 00:09:24,291 DEBUG [EBPB_EMML11STTL-116701] Executing Init_Selendroid function with APK as parameter and clear data value with 1
2016-01-28 00:09:34,480 DEBUG [EBPB_EMML11STTL-116701] Exiting Init_Selendroid function
2016-01-28 00:09:34,495 DEBUG [EBPB_EMML11STTL-116701] TestCase with Description "Change Start page" Execution started
2016-01-28 00:09:34,495 DEBUG [EBPB_EMML11STTL-116701] In execute keyword function
2016-01-28 00:09:34,495 DEBUG [EBPB_EMML11STTL-116701] Executing wait function:
2016-01-28 00:09:34,495 DEBUG [EBPB_EMML11STTL-116701] Started Executing wait function
2016-01-28 00:09:37,495 DEBUG [EBPB_EMML11STTL-116701] Exiting from wait function
2016-01-28 00:09:37,495 DEBUG [EBPB_EMML11STTL-116701] TestStepResult of wait: Pass
2016-01-28 00:09:37,495 DEBUG [EBPB_EMML11STTL-116701] In execute keyword function
2016-01-28 00:09:37,495 DEBUG [EBPB_EMML11STTL-116701] Executing PullConfigxml function:
2016-01-28 00:09:37,495 DEBUG [EBPB_EMML11STTL-116701] Started executeCommandLine function
2016-01-28 00:09:41,516 DEBUG [EBPB_EMML11STTL-116701] TestStepResult of PullConfigxml: Pass
2016-01-28 00:09:41,516 DEBUG [EBPB_EMML11STTL-116701] In execute keyword function
2016-01-28 00:09:41,516 DEBUG [EBPB_EMML11STTL-116701] Executing ChangeConfigxml function:
2016-01-28 00:09:41,516 DEBUG [EBPB_EMML11STTL-116701] Executing ChangeConfigxml function
2016-01-28 00:09:41,518 DEBUG [EBPB_EMML11STTL-116701] TestStepResult of ChangeConfigxml: Pass
2016-01-28 00:09:41,518 DEBUG [EBPB_EMML11STTL-116701] In execute keyword function
2016-01-28 00:09:41,518 DEBUG [EBPB_EMML11STTL-116701] Executing ChangeConfigxml function:
2016-01-28 00:09:41,518 DEBUG [EBPB_EMML11STTL-116701] Executing ChangeConfigxml function
2016-01-28 00:09:41,520 DEBUG [EBPB_EMML11STTL-116701] TestStepResult of ChangeConfigxml: Pass
2016-01-28 00:09:41,520 DEBUG [EBPB_EMML11STTL-116701] In execute keyword function
2016-01-28 00:09:41,520 DEBUG [EBPB_EMML11STTL-116701] Executing ChangeConfigxml function:
2016-01-28 00:09:41,520 DEBUG [EBPB_EMML11STTL-116701] Executing ChangeConfigxml function
2016-01-28 00:09:41,521 DEBUG [EBPB_EMML11STTL-116701] TestStepResult of ChangeConfigxml: Pass
2016-01-28 00:09:41,521 DEBUG [EBPB_EMML11STTL-116701] In execute keyword function
2016-01-28 00:09:41,521 DEBUG [EBPB_EMML11STTL-116701] Executing ChangeConfigxml function:
2016-01-28 00:09:41,521 DEBUG [EBPB_EMML11STTL-116701] Executing ChangeConfigxml function
2016-01-28 00:09:41,523 DEBUG [EBPB_EMML11STTL-116701] TestStepResult of ChangeConfigxml: Pass
2016-01-28 00:09:41,523 DEBUG [EBPB_EMML11STTL-116701] In execute keyword function
2016-01-28 00:09:41,523 DEBUG [EBPB_EMML11STTL-116701] Executing PushConfigxml function:
2016-01-28 00:09:41,523 DEBUG [EBPB_EMML11STTL-116701] Started executeCommandLine function
2016-01-28 00:09:45,542 DEBUG [EBPB_EMML11STTL-116701] TestStepResult of PushConfigxml: Pass
2016-01-28 00:09:45,542 DEBUG [EBPB_EMML11STTL-116701] allstep_result contains: PassPassPassPassPassPassPassnull
2016-01-28 00:09:45,542 DEBUG [EBPB_EMML11STTL-116701] allexpected_result contains: null
2016-01-28 00:09:45,542 DEBUG [EBPB_EMML11STTL-116701] Testcase_Result contains: nullPassPassPassPassPassPassPassnull
2016-01-28 00:09:45,542 DEBUG [EBPB_EMML11STTL-116701] Test case with description Change Start page Pass
2016-01-28 00:09:46,626 DEBUG [EBPB_EMML11STTL-116701] Executing browser_Quit function
2016-01-28 00:09:46,626 DEBUG [EBPB_EMML11STTL-116701] Completed browser_Quit function
2016-01-28 00:09:46,626 DEBUG [EBPB_EMML11STTL-116701] Completed quitSelendroid function
2016-01-28 00:09:46,626 DEBUG [EBPB_EMML11STTL-116701] Row number:2
2016-01-28 00:09:46,651 DEBUG [EBPB_EMML11STTL-116701] Ending Test Case IDSTTL-116701
