2016-01-28 00:17:57,379 DEBUG [EBPB_EMML11STTL-116714] Executing Test Case ID: STTL-116714
2016-01-28 00:17:57,384 DEBUG [EBPB_EMML11STTL-116714] Executing Init_Selendroid function with APK as parameter and clear data value with 1
2016-01-28 00:18:07,198 DEBUG [EBPB_EMML11STTL-116714] Exiting Init_Selendroid function
2016-01-28 00:18:07,212 DEBUG [EBPB_EMML11STTL-116714] TestCase with Description "Minimizebutton " Execution started
2016-01-28 00:18:07,212 DEBUG [EBPB_EMML11STTL-116714] In execute keyword function
2016-01-28 00:18:07,212 DEBUG [EBPB_EMML11STTL-116714] Executing wait function:
2016-01-28 00:18:07,212 DEBUG [EBPB_EMML11STTL-116714] Started Executing wait function
2016-01-28 00:18:10,212 DEBUG [EBPB_EMML11STTL-116714] Exiting from wait function
2016-01-28 00:18:10,212 DEBUG [EBPB_EMML11STTL-116714] TestStepResult of wait: Pass
2016-01-28 00:18:10,212 DEBUG [EBPB_EMML11STTL-116714] In execute keyword function
2016-01-28 00:18:10,212 DEBUG [EBPB_EMML11STTL-116714] Executing validate_PageTitle function:
2016-01-28 00:18:10,251 DEBUG [EBPB_EMML11STTL-116714] The title of the page is *********************************: Pocket Browser Tests
2016-01-28 00:18:10,251 DEBUG [EBPB_EMML11STTL-116714] The page title found is correct
2016-01-28 00:18:10,251 DEBUG [EBPB_EMML11STTL-116714] Result of validate_PageTitle: pass
2016-01-28 00:18:10,251 DEBUG [EBPB_EMML11STTL-116714] In execute keyword function
2016-01-28 00:18:10,251 DEBUG [EBPB_EMML11STTL-116714] Executing link_Click function:
2016-01-28 00:18:10,839 DEBUG [EBPB_EMML11STTL-116714] Executing Click function
2016-01-28 00:18:11,921 DEBUG [EBPB_EMML11STTL-116714] Exiting Click function
2016-01-28 00:18:11,921 DEBUG [EBPB_EMML11STTL-116714] EMML11_test_link clicked successfully
2016-01-28 00:18:11,921 DEBUG [EBPB_EMML11STTL-116714] TestStepResult of link_Click: Pass
2016-01-28 00:18:11,921 DEBUG [EBPB_EMML11STTL-116714] In execute keyword function
2016-01-28 00:18:11,921 DEBUG [EBPB_EMML11STTL-116714] Executing wait function:
2016-01-28 00:18:11,921 DEBUG [EBPB_EMML11STTL-116714] Started Executing wait function
2016-01-28 00:18:13,921 DEBUG [EBPB_EMML11STTL-116714] Exiting from wait function
2016-01-28 00:18:13,921 DEBUG [EBPB_EMML11STTL-116714] TestStepResult of wait: Pass
2016-01-28 00:18:13,921 DEBUG [EBPB_EMML11STTL-116714] In execute keyword function
2016-01-28 00:18:13,921 DEBUG [EBPB_EMML11STTL-116714] Executing validate_PageTitle function:
2016-01-28 00:18:13,962 DEBUG [EBPB_EMML11STTL-116714] The title of the page is *********************************: EMML1.1 Test Index Page
2016-01-28 00:18:13,962 DEBUG [EBPB_EMML11STTL-116714] The page title found is correct
2016-01-28 00:18:13,962 DEBUG [EBPB_EMML11STTL-116714] Result of validate_PageTitle: pass
2016-01-28 00:18:13,962 DEBUG [EBPB_EMML11STTL-116714] In execute keyword function
2016-01-28 00:18:13,962 DEBUG [EBPB_EMML11STTL-116714] Executing link_Click function:
2016-01-28 00:18:14,315 DEBUG [EBPB_EMML11STTL-116714] Executing Click function
2016-01-28 00:18:15,270 DEBUG [EBPB_EMML11STTL-116714] Exiting Click function
2016-01-28 00:18:15,270 DEBUG [EBPB_EMML11STTL-116714] CandA_test_link clicked successfully
2016-01-28 00:18:15,270 DEBUG [EBPB_EMML11STTL-116714] TestStepResult of link_Click: Pass
2016-01-28 00:18:15,270 DEBUG [EBPB_EMML11STTL-116714] In execute keyword function
2016-01-28 00:18:15,270 DEBUG [EBPB_EMML11STTL-116714] Executing wait function:
2016-01-28 00:18:15,270 DEBUG [EBPB_EMML11STTL-116714] Started Executing wait function
2016-01-28 00:18:17,270 DEBUG [EBPB_EMML11STTL-116714] Exiting from wait function
2016-01-28 00:18:17,270 DEBUG [EBPB_EMML11STTL-116714] TestStepResult of wait: Pass
2016-01-28 00:18:17,270 DEBUG [EBPB_EMML11STTL-116714] In execute keyword function
2016-01-28 00:18:17,270 DEBUG [EBPB_EMML11STTL-116714] Executing link_Click function:
2016-01-28 00:18:17,686 DEBUG [EBPB_EMML11STTL-116714] Executing Click function
2016-01-28 00:18:18,644 DEBUG [EBPB_EMML11STTL-116714] Exiting Click function
2016-01-28 00:18:18,644 DEBUG [EBPB_EMML11STTL-116714] minimize_test_link clicked successfully
2016-01-28 00:18:18,644 DEBUG [EBPB_EMML11STTL-116714] TestStepResult of link_Click: Pass
2016-01-28 00:18:18,644 DEBUG [EBPB_EMML11STTL-116714] In execute keyword function
2016-01-28 00:18:18,644 DEBUG [EBPB_EMML11STTL-116714] Executing wait function:
2016-01-28 00:18:18,644 DEBUG [EBPB_EMML11STTL-116714] Started Executing wait function
2016-01-28 00:18:20,644 DEBUG [EBPB_EMML11STTL-116714] Exiting from wait function
2016-01-28 00:18:20,644 DEBUG [EBPB_EMML11STTL-116714] TestStepResult of wait: Pass
2016-01-28 00:18:20,644 DEBUG [EBPB_EMML11STTL-116714] In execute keyword function
2016-01-28 00:18:20,644 DEBUG [EBPB_EMML11STTL-116714] Executing validate_isIconDisplayed function:
2016-01-28 00:18:20,644 DEBUG [EBPB_EMML11STTL-116714] Entered validate_isIconDisplayed function
2016-01-28 00:18:21,121 DEBUG [EBPB_EMML11STTL-116714] Result of validate_isIconDisplayed: Pass
2016-01-28 00:18:21,121 DEBUG [EBPB_EMML11STTL-116714] In execute keyword function
2016-01-28 00:18:21,121 DEBUG [EBPB_EMML11STTL-116714] Executing SwitchApp function:
2016-01-28 00:18:21,174 DEBUG [EBPB_EMML11STTL-116714] Successfully switched to NATIVE_APP
2016-01-28 00:18:21,174 DEBUG [EBPB_EMML11STTL-116714] TestStepResult of SwitchApp: Pass
2016-01-28 00:18:21,174 DEBUG [EBPB_EMML11STTL-116714] In execute keyword function
2016-01-28 00:18:21,174 DEBUG [EBPB_EMML11STTL-116714] Executing ClickNativeIcon function:
2016-01-28 00:18:22,076 DEBUG [EBPB_EMML11STTL-116714] [[AppiumTouchActionExtension: selendroid on ANDROID (cd9b7e33-e5a2-0e6a-fbd7-e09adee3ed64)] -> xpath: (//Button[@id='minimize_button'])[1]]Clicked successfully
2016-01-28 00:18:22,076 DEBUG [EBPB_EMML11STTL-116714] TestStepResult of ClickNativeIcon: pass
2016-01-28 00:18:22,076 DEBUG [EBPB_EMML11STTL-116714] In execute keyword function
2016-01-28 00:18:22,076 DEBUG [EBPB_EMML11STTL-116714] Executing wait function:
2016-01-28 00:18:22,076 DEBUG [EBPB_EMML11STTL-116714] Started Executing wait function
2016-01-28 00:18:25,076 DEBUG [EBPB_EMML11STTL-116714] Exiting from wait function
2016-01-28 00:18:25,076 DEBUG [EBPB_EMML11STTL-116714] TestStepResult of wait: Pass
2016-01-28 00:18:25,076 DEBUG [EBPB_EMML11STTL-116714] In execute keyword function
2016-01-28 00:18:25,076 DEBUG [EBPB_EMML11STTL-116714] Executing validate_AppMinimized function:
2016-01-28 00:18:25,076 DEBUG [EBPB_EMML11STTL-116714] Started Executing validate_AppMinimized function
2016-01-28 00:18:25,076 DEBUG [EBPB_EMML11STTL-116714] Started Executing Validate_App_launched_Device function
2016-01-28 00:18:25,076 DEBUG [EBPB_EMML11STTL-116714] Entered CheckUIButtonExists function
2016-01-28 00:18:25,076 DEBUG [EBPB_EMML11STTL-116714] Started executeCommandLine function
2016-01-28 00:18:29,096 DEBUG [EBPB_EMML11STTL-116714] Exiting from executeCommandLine function
2016-01-28 00:18:29,096 DEBUG [EBPB_EMML11STTL-116714] Button is not Present
2016-01-28 00:18:29,096 DEBUG [EBPB_EMML11STTL-116714] Exiting from CheckUIButtonExists function
2016-01-28 00:18:29,096 DEBUG [EBPB_EMML11STTL-116714] Started executeCommandLine function
2016-01-28 00:18:33,117 DEBUG [EBPB_EMML11STTL-116714] Exiting from executeCommandLine function
2016-01-28 00:18:33,117 DEBUG [EBPB_EMML11STTL-116714] Started executeCommandLine function
2016-01-28 00:18:37,137 DEBUG [EBPB_EMML11STTL-116714] Exiting from executeCommandLine function
2016-01-28 00:18:37,137 DEBUG [EBPB_EMML11STTL-116714] Given App is not in Foreground
2016-01-28 00:18:37,137 DEBUG [EBPB_EMML11STTL-116714] Exiting Validate_App_launched_Device function
2016-01-28 00:18:37,137 DEBUG [EBPB_EMML11STTL-116714] Not in com.symbol.enterprisebrowser screen
2016-01-28 00:18:37,137 DEBUG [EBPB_EMML11STTL-116714] Exiting validate_AppMinimized function
2016-01-28 00:18:37,137 DEBUG [EBPB_EMML11STTL-116714] Result of validate_AppMinimized: Pass
2016-01-28 00:18:37,137 DEBUG [EBPB_EMML11STTL-116714] In execute keyword function
2016-01-28 00:18:37,137 DEBUG [EBPB_EMML11STTL-116714] Executing launch_App_Device function:
2016-01-28 00:18:37,137 DEBUG [EBPB_EMML11STTL-116714] Started Executing Launch_App_Device function
2016-01-28 00:18:37,137 DEBUG [EBPB_EMML11STTL-116714] Started executeCommandLine function
2016-01-28 00:18:41,157 DEBUG [EBPB_EMML11STTL-116714] Exiting from executeCommandLine function
2016-01-28 00:18:42,158 DEBUG [EBPB_EMML11STTL-116714] Successfully launched the App
2016-01-28 00:18:42,158 DEBUG [EBPB_EMML11STTL-116714] Exiting Launch_App_Device function
2016-01-28 00:18:42,158 DEBUG [EBPB_EMML11STTL-116714] TestStepResult of launch_App_Device: Pass
2016-01-28 00:18:42,158 DEBUG [EBPB_EMML11STTL-116714] In execute keyword function
2016-01-28 00:18:42,158 DEBUG [EBPB_EMML11STTL-116714] Executing SwitchApp function:
2016-01-28 00:18:42,274 DEBUG [EBPB_EMML11STTL-116714] Successfully switched to WEBVIEW
2016-01-28 00:18:42,274 DEBUG [EBPB_EMML11STTL-116714] TestStepResult of SwitchApp: Pass
2016-01-28 00:18:42,274 DEBUG [EBPB_EMML11STTL-116714] In execute keyword function
2016-01-28 00:18:42,274 DEBUG [EBPB_EMML11STTL-116714] Executing ClickRunTest function:
2016-01-28 00:18:42,561 DEBUG [EBPB_EMML11STTL-116714] Executing Click function
2016-01-28 00:18:43,478 DEBUG [EBPB_EMML11STTL-116714] Exiting Click function
2016-01-28 00:18:43,478 DEBUG [EBPB_EMML11STTL-116714] Back_xpath Button clicked Successfully
2016-01-28 00:18:43,478 DEBUG [EBPB_EMML11STTL-116714] TestStepResult of ClickRunTest: pass
2016-01-28 00:18:43,478 DEBUG [EBPB_EMML11STTL-116714] In execute keyword function
2016-01-28 00:18:43,478 DEBUG [EBPB_EMML11STTL-116714] Executing wait function:
2016-01-28 00:18:43,478 DEBUG [EBPB_EMML11STTL-116714] Started Executing wait function
2016-01-28 00:18:45,478 DEBUG [EBPB_EMML11STTL-116714] Exiting from wait function
2016-01-28 00:18:45,478 DEBUG [EBPB_EMML11STTL-116714] TestStepResult of wait: Pass
2016-01-28 00:18:45,478 DEBUG [EBPB_EMML11STTL-116714] In execute keyword function
2016-01-28 00:18:45,478 DEBUG [EBPB_EMML11STTL-116714] Executing validate_isIconDisplayed function:
2016-01-28 00:18:45,478 DEBUG [EBPB_EMML11STTL-116714] Entered validate_isIconDisplayed function
2016-01-28 00:18:46,106 DEBUG [EBPB_EMML11STTL-116714] Result of validate_isIconDisplayed: Pass
2016-01-28 00:18:46,106 DEBUG [EBPB_EMML11STTL-116714] allstep_result contains: PasspassPassPassPasspassPassPassPassPassPassPassPassPassnull
2016-01-28 00:18:46,106 DEBUG [EBPB_EMML11STTL-116714] allexpected_result contains: nullPassnullPassnullPassnullpassnullpassnull
2016-01-28 00:18:46,106 DEBUG [EBPB_EMML11STTL-116714] Testcase_Result contains: nullPassnullPassnullPassnullpassnullpassnullPasspassPassPassPasspassPassPassPassPassPassPassPassPassnull
2016-01-28 00:18:46,107 DEBUG [EBPB_EMML11STTL-116714] Test case with description Minimizebutton  Pass
2016-01-28 00:18:47,114 DEBUG [EBPB_EMML11STTL-116714] Executing browser_Quit function
2016-01-28 00:18:47,114 DEBUG [EBPB_EMML11STTL-116714] Completed browser_Quit function
2016-01-28 00:18:47,114 DEBUG [EBPB_EMML11STTL-116714] Completed quitSelendroid function
2016-01-28 00:18:47,115 DEBUG [EBPB_EMML11STTL-116714] Row number:0
2016-01-28 00:18:47,129 DEBUG [EBPB_EMML11STTL-116714] Ending Test Case IDSTTL-116714
