2016-01-28 00:10:33,650 DEBUG [EBPB_EMML11STTL-116703] Executing Test Case ID: STTL-116703
2016-01-28 00:10:33,655 DEBUG [EBPB_EMML11STTL-116703] Executing Init_Selendroid function with APK as parameter and clear data value with 1
2016-01-28 00:10:43,479 DEBUG [EBPB_EMML11STTL-116703] Exiting Init_Selendroid function
2016-01-28 00:10:43,494 DEBUG [EBPB_EMML11STTL-116703] TestCase with Description "Signal" Execution started
2016-01-28 00:10:43,494 DEBUG [EBPB_EMML11STTL-116703] In execute keyword function
2016-01-28 00:10:43,494 DEBUG [EBPB_EMML11STTL-116703] Executing wait function:
2016-01-28 00:10:43,494 DEBUG [EBPB_EMML11STTL-116703] Started Executing wait function
2016-01-28 00:10:46,494 DEBUG [EBPB_EMML11STTL-116703] Exiting from wait function
2016-01-28 00:10:46,494 DEBUG [EBPB_EMML11STTL-116703] TestStepResult of wait: Pass
2016-01-28 00:10:46,494 DEBUG [EBPB_EMML11STTL-116703] In execute keyword function
2016-01-28 00:10:46,494 DEBUG [EBPB_EMML11STTL-116703] Executing validate_PageTitle function:
2016-01-28 00:10:46,536 DEBUG [EBPB_EMML11STTL-116703] The title of the page is *********************************: Pocket Browser Tests
2016-01-28 00:10:46,537 DEBUG [EBPB_EMML11STTL-116703] The page title found is correct
2016-01-28 00:10:46,537 DEBUG [EBPB_EMML11STTL-116703] Result of validate_PageTitle: pass
2016-01-28 00:10:46,537 DEBUG [EBPB_EMML11STTL-116703] In execute keyword function
2016-01-28 00:10:46,537 DEBUG [EBPB_EMML11STTL-116703] Executing link_Click function:
2016-01-28 00:10:47,178 DEBUG [EBPB_EMML11STTL-116703] Executing Click function
2016-01-28 00:10:48,241 DEBUG [EBPB_EMML11STTL-116703] Exiting Click function
2016-01-28 00:10:48,241 DEBUG [EBPB_EMML11STTL-116703] EMML11_test_link clicked successfully
2016-01-28 00:10:48,241 DEBUG [EBPB_EMML11STTL-116703] TestStepResult of link_Click: Pass
2016-01-28 00:10:48,241 DEBUG [EBPB_EMML11STTL-116703] In execute keyword function
2016-01-28 00:10:48,241 DEBUG [EBPB_EMML11STTL-116703] Executing wait function:
2016-01-28 00:10:48,241 DEBUG [EBPB_EMML11STTL-116703] Started Executing wait function
2016-01-28 00:10:50,241 DEBUG [EBPB_EMML11STTL-116703] Exiting from wait function
2016-01-28 00:10:50,241 DEBUG [EBPB_EMML11STTL-116703] TestStepResult of wait: Pass
2016-01-28 00:10:50,241 DEBUG [EBPB_EMML11STTL-116703] In execute keyword function
2016-01-28 00:10:50,241 DEBUG [EBPB_EMML11STTL-116703] Executing validate_PageTitle function:
2016-01-28 00:10:50,260 DEBUG [EBPB_EMML11STTL-116703] The title of the page is *********************************: EMML1.1 Test Index Page
2016-01-28 00:10:50,260 DEBUG [EBPB_EMML11STTL-116703] The page title found is correct
2016-01-28 00:10:50,260 DEBUG [EBPB_EMML11STTL-116703] Result of validate_PageTitle: pass
2016-01-28 00:10:50,260 DEBUG [EBPB_EMML11STTL-116703] In execute keyword function
2016-01-28 00:10:50,260 DEBUG [EBPB_EMML11STTL-116703] Executing link_Click function:
2016-01-28 00:10:50,680 DEBUG [EBPB_EMML11STTL-116703] Executing Click function
2016-01-28 00:10:51,659 DEBUG [EBPB_EMML11STTL-116703] Exiting Click function
2016-01-28 00:10:51,659 DEBUG [EBPB_EMML11STTL-116703] signal11_test_link clicked successfully
2016-01-28 00:10:51,659 DEBUG [EBPB_EMML11STTL-116703] TestStepResult of link_Click: Pass
2016-01-28 00:10:51,659 DEBUG [EBPB_EMML11STTL-116703] In execute keyword function
2016-01-28 00:10:51,659 DEBUG [EBPB_EMML11STTL-116703] Executing wait function:
2016-01-28 00:10:51,659 DEBUG [EBPB_EMML11STTL-116703] Started Executing wait function
2016-01-28 00:10:53,660 DEBUG [EBPB_EMML11STTL-116703] Exiting from wait function
2016-01-28 00:10:53,660 DEBUG [EBPB_EMML11STTL-116703] TestStepResult of wait: Pass
2016-01-28 00:10:53,660 DEBUG [EBPB_EMML11STTL-116703] In execute keyword function
2016-01-28 00:10:53,660 DEBUG [EBPB_EMML11STTL-116703] Executing TakeScreenshot function:
2016-01-28 00:10:54,357 DEBUG [EBPB_EMML11STTL-116703] Started Executing Validate_App_launched_Device function
2016-01-28 00:10:54,357 DEBUG [EBPB_EMML11STTL-116703] Entered CheckUIButtonExists function
2016-01-28 00:10:54,357 DEBUG [EBPB_EMML11STTL-116703] Started executeCommandLine function
2016-01-28 00:10:58,366 DEBUG [EBPB_EMML11STTL-116703] Exiting from executeCommandLine function
2016-01-28 00:10:58,366 DEBUG [EBPB_EMML11STTL-116703] Button is not Present
2016-01-28 00:10:58,366 DEBUG [EBPB_EMML11STTL-116703] Exiting from CheckUIButtonExists function
2016-01-28 00:10:58,366 DEBUG [EBPB_EMML11STTL-116703] Started executeCommandLine function
2016-01-28 00:11:02,375 DEBUG [EBPB_EMML11STTL-116703] Given App is in Foreground
2016-01-28 00:11:02,375 DEBUG [EBPB_EMML11STTL-116703] Exiting Validate_App_launched_Device function
2016-01-28 00:11:02,486 DEBUG [EBPB_EMML11STTL-116703] TestStepResult of TakeScreenshot: pass
2016-01-28 00:11:02,486 DEBUG [EBPB_EMML11STTL-116703] In execute keyword function
2016-01-28 00:11:02,486 DEBUG [EBPB_EMML11STTL-116703] Executing wait function:
2016-01-28 00:11:02,486 DEBUG [EBPB_EMML11STTL-116703] Started Executing wait function
2016-01-28 00:11:04,487 DEBUG [EBPB_EMML11STTL-116703] Exiting from wait function
2016-01-28 00:11:04,487 DEBUG [EBPB_EMML11STTL-116703] TestStepResult of wait: Pass
2016-01-28 00:11:04,487 DEBUG [EBPB_EMML11STTL-116703] In execute keyword function
2016-01-28 00:11:04,487 DEBUG [EBPB_EMML11STTL-116703] Executing validate_Screenshot function:
2016-01-28 00:11:04,692 DEBUG [EBPB_EMML11STTL-116703] Match found with reference image
2016-01-28 00:11:04,692 DEBUG [EBPB_EMML11STTL-116703] Result of validate_Screenshot: Pass
2016-01-28 00:11:04,692 DEBUG [EBPB_EMML11STTL-116703] In execute keyword function
2016-01-28 00:11:04,692 DEBUG [EBPB_EMML11STTL-116703] Executing link_Click function:
2016-01-28 00:11:05,068 DEBUG [EBPB_EMML11STTL-116703] Executing Click function
2016-01-28 00:11:06,021 DEBUG [EBPB_EMML11STTL-116703] Exiting Click function
2016-01-28 00:11:06,021 DEBUG [EBPB_EMML11STTL-116703] hidesignal_link clicked successfully
2016-01-28 00:11:06,021 DEBUG [EBPB_EMML11STTL-116703] TestStepResult of link_Click: Pass
2016-01-28 00:11:06,021 DEBUG [EBPB_EMML11STTL-116703] In execute keyword function
2016-01-28 00:11:06,021 DEBUG [EBPB_EMML11STTL-116703] Executing TakeScreenshot function:
2016-01-28 00:11:06,598 DEBUG [EBPB_EMML11STTL-116703] Started Executing Validate_App_launched_Device function
2016-01-28 00:11:06,598 DEBUG [EBPB_EMML11STTL-116703] Entered CheckUIButtonExists function
2016-01-28 00:11:06,598 DEBUG [EBPB_EMML11STTL-116703] Started executeCommandLine function
2016-01-28 00:11:10,607 DEBUG [EBPB_EMML11STTL-116703] Exiting from executeCommandLine function
2016-01-28 00:11:10,607 DEBUG [EBPB_EMML11STTL-116703] Button is not Present
2016-01-28 00:11:10,607 DEBUG [EBPB_EMML11STTL-116703] Exiting from CheckUIButtonExists function
2016-01-28 00:11:10,607 DEBUG [EBPB_EMML11STTL-116703] Started executeCommandLine function
2016-01-28 00:11:14,630 DEBUG [EBPB_EMML11STTL-116703] Given App is in Foreground
2016-01-28 00:11:14,630 DEBUG [EBPB_EMML11STTL-116703] Exiting Validate_App_launched_Device function
2016-01-28 00:11:14,755 DEBUG [EBPB_EMML11STTL-116703] TestStepResult of TakeScreenshot: pass
2016-01-28 00:11:14,756 DEBUG [EBPB_EMML11STTL-116703] In execute keyword function
2016-01-28 00:11:14,756 DEBUG [EBPB_EMML11STTL-116703] Executing link_Click function:
2016-01-28 00:11:15,110 DEBUG [EBPB_EMML11STTL-116703] Executing Click function
2016-01-28 00:11:16,044 DEBUG [EBPB_EMML11STTL-116703] Exiting Click function
2016-01-28 00:11:16,044 DEBUG [EBPB_EMML11STTL-116703] signalcallback_link clicked successfully
2016-01-28 00:11:16,044 DEBUG [EBPB_EMML11STTL-116703] TestStepResult of link_Click: Pass
2016-01-28 00:11:16,045 DEBUG [EBPB_EMML11STTL-116703] In execute keyword function
2016-01-28 00:11:16,045 DEBUG [EBPB_EMML11STTL-116703] Executing wait function:
2016-01-28 00:11:16,045 DEBUG [EBPB_EMML11STTL-116703] Started Executing wait function
2016-01-28 00:11:18,045 DEBUG [EBPB_EMML11STTL-116703] Exiting from wait function
2016-01-28 00:11:18,045 DEBUG [EBPB_EMML11STTL-116703] TestStepResult of wait: Pass
2016-01-28 00:11:18,045 DEBUG [EBPB_EMML11STTL-116703] In execute keyword function
2016-01-28 00:11:18,045 DEBUG [EBPB_EMML11STTL-116703] Executing validate_Result function:
2016-01-28 00:11:18,323 DEBUG [EBPB_EMML11STTL-116703] Signal Text found in Signal: 100
ESSID:"ard"
MAC: 40:83:de:7e:5e:f4
AdapterName: wlan0
DHCPServer: 10.233.92.20
DHCPStatic:
Gateway: 10.233.82.254
IPAddress: 10.233.82.34
RSSI: -38
SubnetMask: 255.255.255.0
Wins:
2016-01-28 00:11:18,323 DEBUG [EBPB_EMML11STTL-116703] Result of validate_Result: Pass
2016-01-28 00:11:18,323 DEBUG [EBPB_EMML11STTL-116703] In execute keyword function
2016-01-28 00:11:18,324 DEBUG [EBPB_EMML11STTL-116703] Executing validate_Result function:
2016-01-28 00:11:18,486 DEBUG [EBPB_EMML11STTL-116703] ESSID Text found in Signal: 100
ESSID:"ard"
MAC: 40:83:de:7e:5e:f4
AdapterName: wlan0
DHCPServer: 10.233.92.20
DHCPStatic:
Gateway: 10.233.82.254
IPAddress: 10.233.82.34
RSSI: -38
SubnetMask: 255.255.255.0
Wins:
2016-01-28 00:11:18,486 DEBUG [EBPB_EMML11STTL-116703] Result of validate_Result: Pass
2016-01-28 00:11:18,486 DEBUG [EBPB_EMML11STTL-116703] In execute keyword function
2016-01-28 00:11:18,486 DEBUG [EBPB_EMML11STTL-116703] Executing validate_Result function:
2016-01-28 00:11:18,663 DEBUG [EBPB_EMML11STTL-116703] IPAddress Text found in Signal: 100
ESSID:"ard"
MAC: 40:83:de:7e:5e:f4
AdapterName: wlan0
DHCPServer: 10.233.92.20
DHCPStatic:
Gateway: 10.233.82.254
IPAddress: 10.233.82.34
RSSI: -38
SubnetMask: 255.255.255.0
Wins:
2016-01-28 00:11:18,663 DEBUG [EBPB_EMML11STTL-116703] Result of validate_Result: Pass
2016-01-28 00:11:18,663 DEBUG [EBPB_EMML11STTL-116703] In execute keyword function
2016-01-28 00:11:18,663 DEBUG [EBPB_EMML11STTL-116703] Executing validate_Screenshot function:
2016-01-28 00:11:18,856 DEBUG [EBPB_EMML11STTL-116703] Match found with reference image
2016-01-28 00:11:18,856 DEBUG [EBPB_EMML11STTL-116703] Result of validate_Screenshot: Pass
2016-01-28 00:11:18,856 DEBUG [EBPB_EMML11STTL-116703] allstep_result contains: PassPasspassPassPasspassPassPassPassPassPassnull
2016-01-28 00:11:18,856 DEBUG [EBPB_EMML11STTL-116703] allexpected_result contains: nullPassnullPassPassPassnullPassnullpassnullpassnull
2016-01-28 00:11:18,856 DEBUG [EBPB_EMML11STTL-116703] Testcase_Result contains: nullPassnullPassPassPassnullPassnullpassnullpassnullPassPasspassPassPasspassPassPassPassPassPassnull
2016-01-28 00:11:18,856 DEBUG [EBPB_EMML11STTL-116703] Test case with description Signal Pass
2016-01-28 00:11:19,943 DEBUG [EBPB_EMML11STTL-116703] Executing browser_Quit function
2016-01-28 00:11:19,943 DEBUG [EBPB_EMML11STTL-116703] Completed browser_Quit function
2016-01-28 00:11:19,943 DEBUG [EBPB_EMML11STTL-116703] Completed quitSelendroid function
2016-01-28 00:11:19,943 DEBUG [EBPB_EMML11STTL-116703] Row number:4
2016-01-28 00:11:19,990 DEBUG [EBPB_EMML11STTL-116703] Ending Test Case IDSTTL-116703
