2016-01-28 00:11:20,006 DEBUG [EBPB_EMML11STTL-116704] Executing Test Case ID: STTL-116704
2016-01-28 00:11:20,014 DEBUG [EBPB_EMML11STTL-116704] Executing Init_Selendroid function with APK as parameter and clear data value with 1
2016-01-28 00:11:29,768 DEBUG [EBPB_EMML11STTL-116704] Exiting Init_Selendroid function
2016-01-28 00:11:29,782 DEBUG [EBPB_EMML11STTL-116704] TestCase with Description "FileManagement" Execution started
2016-01-28 00:11:29,782 DEBUG [EBPB_EMML11STTL-116704] In execute keyword function
2016-01-28 00:11:29,782 DEBUG [EBPB_EMML11STTL-116704] Executing wait function:
2016-01-28 00:11:29,782 DEBUG [EBPB_EMML11STTL-116704] Started Executing wait function
2016-01-28 00:11:32,783 DEBUG [EBPB_EMML11STTL-116704] Exiting from wait function
2016-01-28 00:11:32,783 DEBUG [EBPB_EMML11STTL-116704] TestStepResult of wait: Pass
2016-01-28 00:11:32,783 DEBUG [EBPB_EMML11STTL-116704] In execute keyword function
2016-01-28 00:11:32,783 DEBUG [EBPB_EMML11STTL-116704] Executing validate_PageTitle function:
2016-01-28 00:11:32,826 DEBUG [EBPB_EMML11STTL-116704] The title of the page is *********************************: Pocket Browser Tests
2016-01-28 00:11:32,826 DEBUG [EBPB_EMML11STTL-116704] The page title found is correct
2016-01-28 00:11:32,826 DEBUG [EBPB_EMML11STTL-116704] Result of validate_PageTitle: pass
2016-01-28 00:11:32,826 DEBUG [EBPB_EMML11STTL-116704] In execute keyword function
2016-01-28 00:11:32,826 DEBUG [EBPB_EMML11STTL-116704] Executing link_Click function:
2016-01-28 00:11:33,433 DEBUG [EBPB_EMML11STTL-116704] Executing Click function
2016-01-28 00:11:34,511 DEBUG [EBPB_EMML11STTL-116704] Exiting Click function
2016-01-28 00:11:34,511 DEBUG [EBPB_EMML11STTL-116704] EMML11_test_link clicked successfully
2016-01-28 00:11:34,511 DEBUG [EBPB_EMML11STTL-116704] TestStepResult of link_Click: Pass
2016-01-28 00:11:34,511 DEBUG [EBPB_EMML11STTL-116704] In execute keyword function
2016-01-28 00:11:34,511 DEBUG [EBPB_EMML11STTL-116704] Executing wait function:
2016-01-28 00:11:34,511 DEBUG [EBPB_EMML11STTL-116704] Started Executing wait function
2016-01-28 00:11:36,511 DEBUG [EBPB_EMML11STTL-116704] Exiting from wait function
2016-01-28 00:11:36,511 DEBUG [EBPB_EMML11STTL-116704] TestStepResult of wait: Pass
2016-01-28 00:11:36,511 DEBUG [EBPB_EMML11STTL-116704] In execute keyword function
2016-01-28 00:11:36,511 DEBUG [EBPB_EMML11STTL-116704] Executing validate_PageTitle function:
2016-01-28 00:11:36,551 DEBUG [EBPB_EMML11STTL-116704] The title of the page is *********************************: EMML1.1 Test Index Page
2016-01-28 00:11:36,551 DEBUG [EBPB_EMML11STTL-116704] The page title found is correct
2016-01-28 00:11:36,551 DEBUG [EBPB_EMML11STTL-116704] Result of validate_PageTitle: pass
2016-01-28 00:11:36,551 DEBUG [EBPB_EMML11STTL-116704] In execute keyword function
2016-01-28 00:11:36,551 DEBUG [EBPB_EMML11STTL-116704] Executing link_Click function:
2016-01-28 00:11:36,967 DEBUG [EBPB_EMML11STTL-116704] Executing Click function
2016-01-28 00:11:37,956 DEBUG [EBPB_EMML11STTL-116704] Exiting Click function
2016-01-28 00:11:37,956 DEBUG [EBPB_EMML11STTL-116704] File11_test_link clicked successfully
2016-01-28 00:11:37,956 DEBUG [EBPB_EMML11STTL-116704] TestStepResult of link_Click: Pass
2016-01-28 00:11:37,956 DEBUG [EBPB_EMML11STTL-116704] In execute keyword function
2016-01-28 00:11:37,956 DEBUG [EBPB_EMML11STTL-116704] Executing wait function:
2016-01-28 00:11:37,956 DEBUG [EBPB_EMML11STTL-116704] Started Executing wait function
2016-01-28 00:11:45,957 DEBUG [EBPB_EMML11STTL-116704] Exiting from wait function
2016-01-28 00:11:45,957 DEBUG [EBPB_EMML11STTL-116704] TestStepResult of wait: Pass
2016-01-28 00:11:45,957 DEBUG [EBPB_EMML11STTL-116704] In execute keyword function
2016-01-28 00:11:45,957 DEBUG [EBPB_EMML11STTL-116704] Executing validate_Result function:
2016-01-28 00:11:46,226 DEBUG [EBPB_EMML11STTL-116704] OK: File Sent Text not found in TransferMessageError Code: 2
2016-01-28 00:11:46,226 DEBUG [EBPB_EMML11STTL-116704] Result of validate_Result: Fail
2016-01-28 00:11:46,226 DEBUG [EBPB_EMML11STTL-116704] allstep_result contains: PassPassPassPassPassnull
2016-01-28 00:11:46,226 DEBUG [EBPB_EMML11STTL-116704] allexpected_result contains: nullFailnullpassnullpassnull
2016-01-28 00:11:46,226 DEBUG [EBPB_EMML11STTL-116704] Testcase_Result contains: nullFailnullpassnullpassnullPassPassPassPassPassnull
2016-01-28 00:11:46,226 DEBUG [EBPB_EMML11STTL-116704] Test case with description FileManagement Fail
2016-01-28 00:11:47,252 DEBUG [EBPB_EMML11STTL-116704] Executing browser_Quit function
2016-01-28 00:11:47,252 DEBUG [EBPB_EMML11STTL-116704] Completed browser_Quit function
2016-01-28 00:11:47,252 DEBUG [EBPB_EMML11STTL-116704] Completed quitSelendroid function
2016-01-28 00:11:47,252 DEBUG [EBPB_EMML11STTL-116704] Row number:5
