2016-01-28 05:24:05,412 DEBUG [EBRE22_SignatureSTTL-116721] Executing Test Case ID: STTL-116721
2016-01-28 05:24:05,418 DEBUG [EBRE22_SignatureSTTL-116721] Executing Init_Selendroid function with APK as parameter and clear data value with 1
2016-01-28 05:24:14,340 DEBUG [EBRE22_SignatureSTTL-116721] Exiting Init_Selendroid function
2016-01-28 05:24:14,354 DEBUG [EBRE22_SignatureSTTL-116721] TestCase with Description "signatureCaptureEvent and display the signature" Execution started
2016-01-28 05:24:14,354 DEBUG [EBRE22_SignatureSTTL-116721] In execute keyword function
2016-01-28 05:24:14,354 DEBUG [EBRE22_SignatureSTTL-116721] Executing wait function:
2016-01-28 05:24:14,354 DEBUG [EBRE22_SignatureSTTL-116721] Started Executing wait function
2016-01-28 05:24:18,354 DEBUG [EBRE22_SignatureSTTL-116721] Exiting from wait function
2016-01-28 05:24:18,354 DEBUG [EBRE22_SignatureSTTL-116721] TestStepResult of wait: Pass
2016-01-28 05:24:18,354 DEBUG [EBRE22_SignatureSTTL-116721] In execute keyword function
2016-01-28 05:24:18,354 DEBUG [EBRE22_SignatureSTTL-116721] Executing validate_PageTitle function:
2016-01-28 05:24:18,395 DEBUG [EBRE22_SignatureSTTL-116721] The title of the page is *********************************: RE 2.2 Tests
2016-01-28 05:24:18,395 DEBUG [EBRE22_SignatureSTTL-116721] The page title found is correct
2016-01-28 05:24:18,395 DEBUG [EBRE22_SignatureSTTL-116721] Result of validate_PageTitle: pass
2016-01-28 05:24:18,395 DEBUG [EBRE22_SignatureSTTL-116721] In execute keyword function
2016-01-28 05:24:18,395 DEBUG [EBRE22_SignatureSTTL-116721] Executing link_Click function:
2016-01-28 05:24:19,064 DEBUG [EBRE22_SignatureSTTL-116721] Executing Click function
2016-01-28 05:24:20,351 DEBUG [EBRE22_SignatureSTTL-116721] Exiting Click function
2016-01-28 05:24:20,351 DEBUG [EBRE22_SignatureSTTL-116721] signature_test_link clicked successfully
2016-01-28 05:24:20,351 DEBUG [EBRE22_SignatureSTTL-116721] TestStepResult of link_Click: Pass
2016-01-28 05:24:20,351 DEBUG [EBRE22_SignatureSTTL-116721] In execute keyword function
2016-01-28 05:24:20,351 DEBUG [EBRE22_SignatureSTTL-116721] Executing wait function:
2016-01-28 05:24:20,351 DEBUG [EBRE22_SignatureSTTL-116721] Started Executing wait function
2016-01-28 05:24:22,352 DEBUG [EBRE22_SignatureSTTL-116721] Exiting from wait function
2016-01-28 05:24:22,352 DEBUG [EBRE22_SignatureSTTL-116721] TestStepResult of wait: Pass
2016-01-28 05:24:22,352 DEBUG [EBRE22_SignatureSTTL-116721] In execute keyword function
2016-01-28 05:24:22,352 DEBUG [EBRE22_SignatureSTTL-116721] Executing validate_PageTitle function:
2016-01-28 05:24:22,387 DEBUG [EBRE22_SignatureSTTL-116721] The title of the page is *********************************: Signature
2016-01-28 05:24:22,387 DEBUG [EBRE22_SignatureSTTL-116721] The page title found is correct
2016-01-28 05:24:22,387 DEBUG [EBRE22_SignatureSTTL-116721] Result of validate_PageTitle: pass
2016-01-28 05:24:22,388 DEBUG [EBRE22_SignatureSTTL-116721] In execute keyword function
2016-01-28 05:24:22,388 DEBUG [EBRE22_SignatureSTTL-116721] Executing SelectTestToRun function:
2016-01-28 05:24:26,786 DEBUG [EBRE22_SignatureSTTL-116721] Successfull in selecting clicking the category
2016-01-28 05:24:26,786 DEBUG [EBRE22_SignatureSTTL-116721] TestStepResult of SelectTestToRun: pass
2016-01-28 05:24:26,787 DEBUG [EBRE22_SignatureSTTL-116721] In execute keyword function
2016-01-28 05:24:26,787 DEBUG [EBRE22_SignatureSTTL-116721] Executing validate_Text_Exists function:
2016-01-28 05:24:27,055 DEBUG [EBRE22_SignatureSTTL-116721] VT187-2706 Testcase Text found
2016-01-28 05:24:27,055 DEBUG [EBRE22_SignatureSTTL-116721] Result of validate_Text_Exists: Pass
2016-01-28 05:24:27,055 DEBUG [EBRE22_SignatureSTTL-116721] In execute keyword function
2016-01-28 05:24:27,055 DEBUG [EBRE22_SignatureSTTL-116721] Executing ClickRunTest function:
2016-01-28 05:24:27,425 DEBUG [EBRE22_SignatureSTTL-116721] Executing Click function
2016-01-28 05:24:28,399 DEBUG [EBRE22_SignatureSTTL-116721] Exiting Click function
2016-01-28 05:24:28,399 DEBUG [EBRE22_SignatureSTTL-116721] runtest_top_xpath Button clicked Successfully
2016-01-28 05:24:28,399 DEBUG [EBRE22_SignatureSTTL-116721] TestStepResult of ClickRunTest: pass
2016-01-28 05:24:28,399 DEBUG [EBRE22_SignatureSTTL-116721] In execute keyword function
2016-01-28 05:24:28,399 DEBUG [EBRE22_SignatureSTTL-116721] Executing wait function:
2016-01-28 05:24:28,399 DEBUG [EBRE22_SignatureSTTL-116721] Started Executing wait function
2016-01-28 05:24:30,399 DEBUG [EBRE22_SignatureSTTL-116721] Exiting from wait function
2016-01-28 05:24:30,399 DEBUG [EBRE22_SignatureSTTL-116721] TestStepResult of wait: Pass
2016-01-28 05:24:30,399 DEBUG [EBRE22_SignatureSTTL-116721] In execute keyword function
2016-01-28 05:24:30,399 DEBUG [EBRE22_SignatureSTTL-116721] Executing ClickRunTest function:
2016-01-28 05:24:30,840 DEBUG [EBRE22_SignatureSTTL-116721] Executing Click function
2016-01-28 05:24:31,829 DEBUG [EBRE22_SignatureSTTL-116721] Exiting Click function
2016-01-28 05:24:31,829 DEBUG [EBRE22_SignatureSTTL-116721] captureButton_xpath Button clicked Successfully
2016-01-28 05:24:31,829 DEBUG [EBRE22_SignatureSTTL-116721] TestStepResult of ClickRunTest: pass
2016-01-28 05:24:31,829 DEBUG [EBRE22_SignatureSTTL-116721] In execute keyword function
2016-01-28 05:24:31,830 DEBUG [EBRE22_SignatureSTTL-116721] Executing TakeScreenshot function:
2016-01-28 05:24:33,211 DEBUG [EBRE22_SignatureSTTL-116721] TestStepResult of TakeScreenshot: pass
2016-01-28 05:24:33,211 DEBUG [EBRE22_SignatureSTTL-116721] In execute keyword function
2016-01-28 05:24:33,211 DEBUG [EBRE22_SignatureSTTL-116721] Executing validate_Screenshot function:
2016-01-28 05:24:33,407 DEBUG [EBRE22_SignatureSTTL-116721] Match found with reference image
2016-01-28 05:24:33,407 DEBUG [EBRE22_SignatureSTTL-116721] Result of validate_Screenshot: Pass
2016-01-28 05:24:33,407 DEBUG [EBRE22_SignatureSTTL-116721] allstep_result contains: passpassPasspasspassPassPassPassnull
2016-01-28 05:24:33,407 DEBUG [EBRE22_SignatureSTTL-116721] allexpected_result contains: nullPassnullPassnullpassnullpassnull
2016-01-28 05:24:33,407 DEBUG [EBRE22_SignatureSTTL-116721] Testcase_Result contains: nullPassnullPassnullpassnullpassnullpasspassPasspasspassPassPassPassnull
2016-01-28 05:24:33,407 DEBUG [EBRE22_SignatureSTTL-116721] Test case with description signatureCaptureEvent and display the signature Pass
2016-01-28 05:24:34,433 DEBUG [EBRE22_SignatureSTTL-116721] Executing browser_Quit function
2016-01-28 05:24:34,433 DEBUG [EBRE22_SignatureSTTL-116721] Completed browser_Quit function
2016-01-28 05:24:34,433 DEBUG [EBRE22_SignatureSTTL-116721] Completed quitSelendroid function
2016-01-28 05:24:34,434 DEBUG [EBRE22_SignatureSTTL-116721] Row number:22
2016-01-28 05:24:34,468 DEBUG [EBRE22_SignatureSTTL-116721] Ending Test Case IDSTTL-116721
