2016-01-28 05:23:25,447 DEBUG [EBRE22_SignatureSTTL-116720] Executing Test Case ID: STTL-116720
2016-01-28 05:23:25,453 DEBUG [EBRE22_SignatureSTTL-116720] Executing Init_Selendroid function with APK as parameter and clear data value with 1
2016-01-28 05:23:35,998 DEBUG [EBRE22_SignatureSTTL-116720] Exiting Init_Selendroid function
2016-01-28 05:23:36,013 DEBUG [EBRE22_SignatureSTTL-116720] TestCase with Description "Vectortransfer Event with JSON Object type" Execution started
2016-01-28 05:23:36,013 DEBUG [EBRE22_SignatureSTTL-116720] In execute keyword function
2016-01-28 05:23:36,013 DEBUG [EBRE22_SignatureSTTL-116720] Executing wait function:
2016-01-28 05:23:36,013 DEBUG [EBRE22_SignatureSTTL-116720] Started Executing wait function
2016-01-28 05:23:40,013 DEBUG [EBRE22_SignatureSTTL-116720] Exiting from wait function
2016-01-28 05:23:40,013 DEBUG [EBRE22_SignatureSTTL-116720] TestStepResult of wait: Pass
2016-01-28 05:23:40,013 DEBUG [EBRE22_SignatureSTTL-116720] In execute keyword function
2016-01-28 05:23:40,013 DEBUG [EBRE22_SignatureSTTL-116720] Executing validate_PageTitle function:
2016-01-28 05:23:40,054 DEBUG [EBRE22_SignatureSTTL-116720] The title of the page is *********************************: RE 2.2 Tests
2016-01-28 05:23:40,054 DEBUG [EBRE22_SignatureSTTL-116720] The page title found is correct
2016-01-28 05:23:40,054 DEBUG [EBRE22_SignatureSTTL-116720] Result of validate_PageTitle: pass
2016-01-28 05:23:40,054 DEBUG [EBRE22_SignatureSTTL-116720] In execute keyword function
2016-01-28 05:23:40,054 DEBUG [EBRE22_SignatureSTTL-116720] Executing link_Click function:
2016-01-28 05:23:40,711 DEBUG [EBRE22_SignatureSTTL-116720] Executing Click function
2016-01-28 05:23:42,051 DEBUG [EBRE22_SignatureSTTL-116720] Exiting Click function
2016-01-28 05:23:42,051 DEBUG [EBRE22_SignatureSTTL-116720] signature_test_link clicked successfully
2016-01-28 05:23:42,051 DEBUG [EBRE22_SignatureSTTL-116720] TestStepResult of link_Click: Pass
2016-01-28 05:23:42,051 DEBUG [EBRE22_SignatureSTTL-116720] In execute keyword function
2016-01-28 05:23:42,051 DEBUG [EBRE22_SignatureSTTL-116720] Executing wait function:
2016-01-28 05:23:42,051 DEBUG [EBRE22_SignatureSTTL-116720] Started Executing wait function
2016-01-28 05:23:44,051 DEBUG [EBRE22_SignatureSTTL-116720] Exiting from wait function
2016-01-28 05:23:44,051 DEBUG [EBRE22_SignatureSTTL-116720] TestStepResult of wait: Pass
2016-01-28 05:23:44,051 DEBUG [EBRE22_SignatureSTTL-116720] In execute keyword function
2016-01-28 05:23:44,051 DEBUG [EBRE22_SignatureSTTL-116720] Executing validate_PageTitle function:
2016-01-28 05:23:44,087 DEBUG [EBRE22_SignatureSTTL-116720] The title of the page is *********************************: Signature
2016-01-28 05:23:44,087 DEBUG [EBRE22_SignatureSTTL-116720] The page title found is correct
2016-01-28 05:23:44,087 DEBUG [EBRE22_SignatureSTTL-116720] Result of validate_PageTitle: pass
2016-01-28 05:23:44,087 DEBUG [EBRE22_SignatureSTTL-116720] In execute keyword function
2016-01-28 05:23:44,088 DEBUG [EBRE22_SignatureSTTL-116720] Executing SelectTestToRun function:
2016-01-28 05:23:48,407 DEBUG [EBRE22_SignatureSTTL-116720] Successfull in selecting clicking the category
2016-01-28 05:23:48,407 DEBUG [EBRE22_SignatureSTTL-116720] TestStepResult of SelectTestToRun: pass
2016-01-28 05:23:48,407 DEBUG [EBRE22_SignatureSTTL-116720] In execute keyword function
2016-01-28 05:23:48,407 DEBUG [EBRE22_SignatureSTTL-116720] Executing validate_Text_Exists function:
2016-01-28 05:23:48,684 DEBUG [EBRE22_SignatureSTTL-116720] VT187-0888 Testcase Text found
2016-01-28 05:23:48,684 DEBUG [EBRE22_SignatureSTTL-116720] Result of validate_Text_Exists: Pass
2016-01-28 05:23:48,684 DEBUG [EBRE22_SignatureSTTL-116720] In execute keyword function
2016-01-28 05:23:48,684 DEBUG [EBRE22_SignatureSTTL-116720] Executing ClickRunTest function:
2016-01-28 05:23:48,995 DEBUG [EBRE22_SignatureSTTL-116720] Executing Click function
2016-01-28 05:23:49,984 DEBUG [EBRE22_SignatureSTTL-116720] Exiting Click function
2016-01-28 05:23:49,984 DEBUG [EBRE22_SignatureSTTL-116720] runtest_top_xpath Button clicked Successfully
2016-01-28 05:23:49,984 DEBUG [EBRE22_SignatureSTTL-116720] TestStepResult of ClickRunTest: pass
2016-01-28 05:23:49,984 DEBUG [EBRE22_SignatureSTTL-116720] In execute keyword function
2016-01-28 05:23:49,984 DEBUG [EBRE22_SignatureSTTL-116720] Executing wait function:
2016-01-28 05:23:49,984 DEBUG [EBRE22_SignatureSTTL-116720] Started Executing wait function
2016-01-28 05:23:51,985 DEBUG [EBRE22_SignatureSTTL-116720] Exiting from wait function
2016-01-28 05:23:51,985 DEBUG [EBRE22_SignatureSTTL-116720] TestStepResult of wait: Pass
2016-01-28 05:23:51,985 DEBUG [EBRE22_SignatureSTTL-116720] In execute keyword function
2016-01-28 05:23:51,985 DEBUG [EBRE22_SignatureSTTL-116720] Executing SwitchApp function:
2016-01-28 05:23:52,087 DEBUG [EBRE22_SignatureSTTL-116720] Successfully switched to NATIVE_APP
2016-01-28 05:23:52,087 DEBUG [EBRE22_SignatureSTTL-116720] TestStepResult of SwitchApp: Pass
2016-01-28 05:23:52,087 DEBUG [EBRE22_SignatureSTTL-116720] In execute keyword function
2016-01-28 05:23:52,087 DEBUG [EBRE22_SignatureSTTL-116720] Executing wait function:
2016-01-28 05:23:52,087 DEBUG [EBRE22_SignatureSTTL-116720] Started Executing wait function
2016-01-28 05:23:54,087 DEBUG [EBRE22_SignatureSTTL-116720] Exiting from wait function
2016-01-28 05:23:54,087 DEBUG [EBRE22_SignatureSTTL-116720] TestStepResult of wait: Pass
2016-01-28 05:23:54,087 DEBUG [EBRE22_SignatureSTTL-116720] In execute keyword function
2016-01-28 05:23:54,087 DEBUG [EBRE22_SignatureSTTL-116720] Executing DrawSignature function:
2016-01-28 05:23:54,938 DEBUG [EBRE22_SignatureSTTL-116720] Started executeCommandLine function
2016-01-28 05:23:58,957 DEBUG [EBRE22_SignatureSTTL-116720] Exiting from executeCommandLine function
2016-01-28 05:23:58,957 DEBUG [EBRE22_SignatureSTTL-116720] Signature drawn successfully
2016-01-28 05:23:58,957 DEBUG [EBRE22_SignatureSTTL-116720] TestStepResult of DrawSignature: Pass
2016-01-28 05:23:58,957 DEBUG [EBRE22_SignatureSTTL-116720] In execute keyword function
2016-01-28 05:23:58,957 DEBUG [EBRE22_SignatureSTTL-116720] Executing wait function:
2016-01-28 05:23:58,957 DEBUG [EBRE22_SignatureSTTL-116720] Started Executing wait function
2016-01-28 05:24:00,957 DEBUG [EBRE22_SignatureSTTL-116720] Exiting from wait function
2016-01-28 05:24:00,957 DEBUG [EBRE22_SignatureSTTL-116720] TestStepResult of wait: Pass
2016-01-28 05:24:00,957 DEBUG [EBRE22_SignatureSTTL-116720] In execute keyword function
2016-01-28 05:24:00,957 DEBUG [EBRE22_SignatureSTTL-116720] Executing SwitchApp function:
2016-01-28 05:24:01,086 DEBUG [EBRE22_SignatureSTTL-116720] Successfully switched to WEBVIEW
2016-01-28 05:24:01,086 DEBUG [EBRE22_SignatureSTTL-116720] TestStepResult of SwitchApp: Pass
2016-01-28 05:24:01,086 DEBUG [EBRE22_SignatureSTTL-116720] In execute keyword function
2016-01-28 05:24:01,086 DEBUG [EBRE22_SignatureSTTL-116720] Executing wait function:
2016-01-28 05:24:01,086 DEBUG [EBRE22_SignatureSTTL-116720] Started Executing wait function
2016-01-28 05:24:03,087 DEBUG [EBRE22_SignatureSTTL-116720] Exiting from wait function
2016-01-28 05:24:03,087 DEBUG [EBRE22_SignatureSTTL-116720] TestStepResult of wait: Pass
2016-01-28 05:24:03,087 DEBUG [EBRE22_SignatureSTTL-116720] In execute keyword function
2016-01-28 05:24:03,087 DEBUG [EBRE22_SignatureSTTL-116720] Executing validate_Result function:
2016-01-28 05:24:03,614 DEBUG [EBRE22_SignatureSTTL-116720] 0x Text found in X Y X Y X Y
0xFFFF 0xFFFF 0x0 0x46 0x0 0x46
0x14 0x46 0x1F 0x46 0x29 0x46
0x33 0x46 0x3D 0x46 0x48 0x46
0x52 0x46 0x5D 0x46 0x66 0x46
0x71 0x46 0x7B 0x46 0x85 0x46
0x90 0x46 0x9A 0x46 0xA5 0x46
0xAF 0x46 0xB9 0x46 0xB9 0x46
0xFFFF 0xFFFF undefined undefined undefined undefined
2016-01-28 05:24:03,614 DEBUG [EBRE22_SignatureSTTL-116720] Result of validate_Result: Pass
2016-01-28 05:24:03,614 DEBUG [EBRE22_SignatureSTTL-116720] In execute keyword function
2016-01-28 05:24:03,614 DEBUG [EBRE22_SignatureSTTL-116720] Executing validate_Result function:
2016-01-28 05:24:04,022 DEBUG [EBRE22_SignatureSTTL-116720] X Text found in X Y X Y X Y
0xFFFF 0xFFFF 0x0 0x46 0x0 0x46
0x14 0x46 0x1F 0x46 0x29 0x46
0x33 0x46 0x3D 0x46 0x48 0x46
0x52 0x46 0x5D 0x46 0x66 0x46
0x71 0x46 0x7B 0x46 0x85 0x46
0x90 0x46 0x9A 0x46 0xA5 0x46
0xAF 0x46 0xB9 0x46 0xB9 0x46
0xFFFF 0xFFFF undefined undefined undefined undefined
2016-01-28 05:24:04,022 DEBUG [EBRE22_SignatureSTTL-116720] Result of validate_Result: Pass
2016-01-28 05:24:04,022 DEBUG [EBRE22_SignatureSTTL-116720] In execute keyword function
2016-01-28 05:24:04,022 DEBUG [EBRE22_SignatureSTTL-116720] Executing validate_Result function:
2016-01-28 05:24:04,381 DEBUG [EBRE22_SignatureSTTL-116720] Y Text found in X Y X Y X Y
0xFFFF 0xFFFF 0x0 0x46 0x0 0x46
0x14 0x46 0x1F 0x46 0x29 0x46
0x33 0x46 0x3D 0x46 0x48 0x46
0x52 0x46 0x5D 0x46 0x66 0x46
0x71 0x46 0x7B 0x46 0x85 0x46
0x90 0x46 0x9A 0x46 0xA5 0x46
0xAF 0x46 0xB9 0x46 0xB9 0x46
0xFFFF 0xFFFF undefined undefined undefined undefined
2016-01-28 05:24:04,381 DEBUG [EBRE22_SignatureSTTL-116720] Result of validate_Result: Pass
2016-01-28 05:24:04,381 DEBUG [EBRE22_SignatureSTTL-116720] allstep_result contains: PassPassPassPassPassPassPasspasspassPassPassPassnull
2016-01-28 05:24:04,381 DEBUG [EBRE22_SignatureSTTL-116720] allexpected_result contains: nullPassPassPassnullPassnullpassnullpassnull
2016-01-28 05:24:04,381 DEBUG [EBRE22_SignatureSTTL-116720] Testcase_Result contains: nullPassPassPassnullPassnullpassnullpassnullPassPassPassPassPassPassPasspasspassPassPassPassnull
2016-01-28 05:24:04,381 DEBUG [EBRE22_SignatureSTTL-116720] Test case with description Vectortransfer Event with JSON Object type Pass
2016-01-28 05:24:05,359 DEBUG [EBRE22_SignatureSTTL-116720] Executing browser_Quit function
2016-01-28 05:24:05,359 DEBUG [EBRE22_SignatureSTTL-116720] Completed browser_Quit function
2016-01-28 05:24:05,359 DEBUG [EBRE22_SignatureSTTL-116720] Completed quitSelendroid function
2016-01-28 05:24:05,360 DEBUG [EBRE22_SignatureSTTL-116720] Row number:21
2016-01-28 05:24:05,397 DEBUG [EBRE22_SignatureSTTL-116720] Ending Test Case IDSTTL-116720
