2016-01-28 05:13:14,951 DEBUG [EBRE22_SignatureSTTL-116702] Executing Test Case ID: STTL-116702
2016-01-28 05:13:14,957 DEBUG [EBRE22_SignatureSTTL-116702] Executing Init_Selendroid function with APK as parameter and clear data value with 1
2016-01-28 05:13:25,572 DEBUG [EBRE22_SignatureSTTL-116702] Exiting Init_Selendroid function
2016-01-28 05:13:25,587 DEBUG [EBRE22_SignatureSTTL-116702] TestCase with Description "SignatureCapture Visible" Execution started
2016-01-28 05:13:25,587 DEBUG [EBRE22_SignatureSTTL-116702] In execute keyword function
2016-01-28 05:13:25,587 DEBUG [EBRE22_SignatureSTTL-116702] Executing wait function:
2016-01-28 05:13:25,587 DEBUG [EBRE22_SignatureSTTL-116702] Started Executing wait function
2016-01-28 05:13:29,587 DEBUG [EBRE22_SignatureSTTL-116702] Exiting from wait function
2016-01-28 05:13:29,587 DEBUG [EBRE22_SignatureSTTL-116702] TestStepResult of wait: Pass
2016-01-28 05:13:29,587 DEBUG [EBRE22_SignatureSTTL-116702] In execute keyword function
2016-01-28 05:13:29,587 DEBUG [EBRE22_SignatureSTTL-116702] Executing validate_PageTitle function:
2016-01-28 05:13:29,628 DEBUG [EBRE22_SignatureSTTL-116702] The title of the page is *********************************: RE 2.2 Tests
2016-01-28 05:13:29,629 DEBUG [EBRE22_SignatureSTTL-116702] The page title found is correct
2016-01-28 05:13:29,629 DEBUG [EBRE22_SignatureSTTL-116702] Result of validate_PageTitle: pass
2016-01-28 05:13:29,629 DEBUG [EBRE22_SignatureSTTL-116702] In execute keyword function
2016-01-28 05:13:29,629 DEBUG [EBRE22_SignatureSTTL-116702] Executing link_Click function:
2016-01-28 05:13:30,288 DEBUG [EBRE22_SignatureSTTL-116702] Executing Click function
2016-01-28 05:13:31,596 DEBUG [EBRE22_SignatureSTTL-116702] Exiting Click function
2016-01-28 05:13:31,596 DEBUG [EBRE22_SignatureSTTL-116702] signature_test_link clicked successfully
2016-01-28 05:13:31,596 DEBUG [EBRE22_SignatureSTTL-116702] TestStepResult of link_Click: Pass
2016-01-28 05:13:31,597 DEBUG [EBRE22_SignatureSTTL-116702] In execute keyword function
2016-01-28 05:13:31,597 DEBUG [EBRE22_SignatureSTTL-116702] Executing wait function:
2016-01-28 05:13:31,597 DEBUG [EBRE22_SignatureSTTL-116702] Started Executing wait function
2016-01-28 05:13:33,597 DEBUG [EBRE22_SignatureSTTL-116702] Exiting from wait function
2016-01-28 05:13:33,597 DEBUG [EBRE22_SignatureSTTL-116702] TestStepResult of wait: Pass
2016-01-28 05:13:33,597 DEBUG [EBRE22_SignatureSTTL-116702] In execute keyword function
2016-01-28 05:13:33,597 DEBUG [EBRE22_SignatureSTTL-116702] Executing validate_PageTitle function:
2016-01-28 05:13:33,634 DEBUG [EBRE22_SignatureSTTL-116702] The title of the page is *********************************: Signature
2016-01-28 05:13:33,634 DEBUG [EBRE22_SignatureSTTL-116702] The page title found is correct
2016-01-28 05:13:33,634 DEBUG [EBRE22_SignatureSTTL-116702] Result of validate_PageTitle: pass
2016-01-28 05:13:33,634 DEBUG [EBRE22_SignatureSTTL-116702] In execute keyword function
2016-01-28 05:13:33,634 DEBUG [EBRE22_SignatureSTTL-116702] Executing SelectTestToRun function:
2016-01-28 05:13:34,277 DEBUG [EBRE22_SignatureSTTL-116702] Successfull in selecting clicking the category
2016-01-28 05:13:34,277 DEBUG [EBRE22_SignatureSTTL-116702] TestStepResult of SelectTestToRun: pass
2016-01-28 05:13:34,277 DEBUG [EBRE22_SignatureSTTL-116702] In execute keyword function
2016-01-28 05:13:34,277 DEBUG [EBRE22_SignatureSTTL-116702] Executing validate_Text_Exists function:
2016-01-28 05:13:34,557 DEBUG [EBRE22_SignatureSTTL-116702] VT187-0815 Testcase Text found
2016-01-28 05:13:34,557 DEBUG [EBRE22_SignatureSTTL-116702] Result of validate_Text_Exists: Pass
2016-01-28 05:13:34,557 DEBUG [EBRE22_SignatureSTTL-116702] In execute keyword function
2016-01-28 05:13:34,557 DEBUG [EBRE22_SignatureSTTL-116702] Executing ClickRunTest function:
2016-01-28 05:13:34,905 DEBUG [EBRE22_SignatureSTTL-116702] Executing Click function
2016-01-28 05:13:35,898 DEBUG [EBRE22_SignatureSTTL-116702] Exiting Click function
2016-01-28 05:13:35,898 DEBUG [EBRE22_SignatureSTTL-116702] runtest_top_xpath Button clicked Successfully
2016-01-28 05:13:35,898 DEBUG [EBRE22_SignatureSTTL-116702] TestStepResult of ClickRunTest: pass
2016-01-28 05:13:35,898 DEBUG [EBRE22_SignatureSTTL-116702] In execute keyword function
2016-01-28 05:13:35,898 DEBUG [EBRE22_SignatureSTTL-116702] Executing validate_isIconDisplayed function:
2016-01-28 05:13:35,898 DEBUG [EBRE22_SignatureSTTL-116702] Entered validate_isIconDisplayed function
2016-01-28 05:13:36,321 DEBUG [EBRE22_SignatureSTTL-116702] Result of validate_isIconDisplayed: Pass
2016-01-28 05:13:36,321 DEBUG [EBRE22_SignatureSTTL-116702] allstep_result contains: passpassPassPassPassnull
2016-01-28 05:13:36,321 DEBUG [EBRE22_SignatureSTTL-116702] allexpected_result contains: nullPassnullPassnullpassnullpassnull
2016-01-28 05:13:36,321 DEBUG [EBRE22_SignatureSTTL-116702] Testcase_Result contains: nullPassnullPassnullpassnullpassnullpasspassPassPassPassnull
2016-01-28 05:13:36,321 DEBUG [EBRE22_SignatureSTTL-116702] Test case with description SignatureCapture Visible Pass
2016-01-28 05:13:37,281 DEBUG [EBRE22_SignatureSTTL-116702] Executing browser_Quit function
2016-01-28 05:13:37,281 DEBUG [EBRE22_SignatureSTTL-116702] Completed browser_Quit function
2016-01-28 05:13:37,281 DEBUG [EBRE22_SignatureSTTL-116702] Completed quitSelendroid function
2016-01-28 05:13:37,281 DEBUG [EBRE22_SignatureSTTL-116702] Row number:3
2016-01-28 05:13:37,319 DEBUG [EBRE22_SignatureSTTL-116702] Ending Test Case IDSTTL-116702
