2016-01-28 05:14:01,688 DEBUG [EBRE22_SignatureSTTL-116704] Executing Test Case ID: STTL-116704
2016-01-28 05:14:01,694 DEBUG [EBRE22_SignatureSTTL-116704] Executing Init_Selendroid function with APK as parameter and clear data value with 1
2016-01-28 05:14:11,863 DEBUG [EBRE22_SignatureSTTL-116704] Exiting Init_Selendroid function
2016-01-28 05:14:11,878 DEBUG [EBRE22_SignatureSTTL-116704] TestCase with Description "SignatureCapture with left" Execution started
2016-01-28 05:14:11,878 DEBUG [EBRE22_SignatureSTTL-116704] In execute keyword function
2016-01-28 05:14:11,878 DEBUG [EBRE22_SignatureSTTL-116704] Executing wait function:
2016-01-28 05:14:11,878 DEBUG [EBRE22_SignatureSTTL-116704] Started Executing wait function
2016-01-28 05:14:15,878 DEBUG [EBRE22_SignatureSTTL-116704] Exiting from wait function
2016-01-28 05:14:15,878 DEBUG [EBRE22_SignatureSTTL-116704] TestStepResult of wait: Pass
2016-01-28 05:14:15,878 DEBUG [EBRE22_SignatureSTTL-116704] In execute keyword function
2016-01-28 05:14:15,878 DEBUG [EBRE22_SignatureSTTL-116704] Executing validate_PageTitle function:
2016-01-28 05:14:15,922 DEBUG [EBRE22_SignatureSTTL-116704] The title of the page is *********************************: RE 2.2 Tests
2016-01-28 05:14:15,922 DEBUG [EBRE22_SignatureSTTL-116704] The page title found is correct
2016-01-28 05:14:15,922 DEBUG [EBRE22_SignatureSTTL-116704] Result of validate_PageTitle: pass
2016-01-28 05:14:15,922 DEBUG [EBRE22_SignatureSTTL-116704] In execute keyword function
2016-01-28 05:14:15,922 DEBUG [EBRE22_SignatureSTTL-116704] Executing link_Click function:
2016-01-28 05:14:16,666 DEBUG [EBRE22_SignatureSTTL-116704] Executing Click function
2016-01-28 05:14:17,899 DEBUG [EBRE22_SignatureSTTL-116704] Exiting Click function
2016-01-28 05:14:17,899 DEBUG [EBRE22_SignatureSTTL-116704] signature_test_link clicked successfully
2016-01-28 05:14:17,899 DEBUG [EBRE22_SignatureSTTL-116704] TestStepResult of link_Click: Pass
2016-01-28 05:14:17,899 DEBUG [EBRE22_SignatureSTTL-116704] In execute keyword function
2016-01-28 05:14:17,899 DEBUG [EBRE22_SignatureSTTL-116704] Executing wait function:
2016-01-28 05:14:17,899 DEBUG [EBRE22_SignatureSTTL-116704] Started Executing wait function
2016-01-28 05:14:19,900 DEBUG [EBRE22_SignatureSTTL-116704] Exiting from wait function
2016-01-28 05:14:19,900 DEBUG [EBRE22_SignatureSTTL-116704] TestStepResult of wait: Pass
2016-01-28 05:14:19,900 DEBUG [EBRE22_SignatureSTTL-116704] In execute keyword function
2016-01-28 05:14:19,900 DEBUG [EBRE22_SignatureSTTL-116704] Executing validate_PageTitle function:
2016-01-28 05:14:19,940 DEBUG [EBRE22_SignatureSTTL-116704] The title of the page is *********************************: Signature
2016-01-28 05:14:19,940 DEBUG [EBRE22_SignatureSTTL-116704] The page title found is correct
2016-01-28 05:14:19,940 DEBUG [EBRE22_SignatureSTTL-116704] Result of validate_PageTitle: pass
2016-01-28 05:14:19,940 DEBUG [EBRE22_SignatureSTTL-116704] In execute keyword function
2016-01-28 05:14:19,940 DEBUG [EBRE22_SignatureSTTL-116704] Executing SelectTestToRun function:
2016-01-28 05:14:22,584 DEBUG [EBRE22_SignatureSTTL-116704] Successfull in selecting clicking the category
2016-01-28 05:14:22,585 DEBUG [EBRE22_SignatureSTTL-116704] TestStepResult of SelectTestToRun: pass
2016-01-28 05:14:22,585 DEBUG [EBRE22_SignatureSTTL-116704] In execute keyword function
2016-01-28 05:14:22,585 DEBUG [EBRE22_SignatureSTTL-116704] Executing validate_Text_Exists function:
2016-01-28 05:14:22,824 DEBUG [EBRE22_SignatureSTTL-116704] VT187-0821 Testcase Text found
2016-01-28 05:14:22,824 DEBUG [EBRE22_SignatureSTTL-116704] Result of validate_Text_Exists: Pass
2016-01-28 05:14:22,824 DEBUG [EBRE22_SignatureSTTL-116704] In execute keyword function
2016-01-28 05:14:22,824 DEBUG [EBRE22_SignatureSTTL-116704] Executing ClickRunTest function:
2016-01-28 05:14:23,155 DEBUG [EBRE22_SignatureSTTL-116704] Executing Click function
2016-01-28 05:14:24,343 DEBUG [EBRE22_SignatureSTTL-116704] Exiting Click function
2016-01-28 05:14:24,343 DEBUG [EBRE22_SignatureSTTL-116704] runtest_top_xpath Button clicked Successfully
2016-01-28 05:14:24,343 DEBUG [EBRE22_SignatureSTTL-116704] TestStepResult of ClickRunTest: pass
2016-01-28 05:14:24,344 DEBUG [EBRE22_SignatureSTTL-116704] In execute keyword function
2016-01-28 05:14:24,344 DEBUG [EBRE22_SignatureSTTL-116704] Executing validate_isIconDisplayed function:
2016-01-28 05:14:24,344 DEBUG [EBRE22_SignatureSTTL-116704] Entered validate_isIconDisplayed function
2016-01-28 05:14:24,749 DEBUG [EBRE22_SignatureSTTL-116704] Result of validate_isIconDisplayed: Pass
2016-01-28 05:14:24,749 DEBUG [EBRE22_SignatureSTTL-116704] In execute keyword function
2016-01-28 05:14:24,749 DEBUG [EBRE22_SignatureSTTL-116704] Executing validate_Iconposition function:
2016-01-28 05:14:24,749 DEBUG [EBRE22_SignatureSTTL-116704] Entered validate_Iconposition function
2016-01-28 05:14:25,807 DEBUG [EBRE22_SignatureSTTL-116704] Result of validate_Iconposition: Pass
2016-01-28 05:14:25,807 DEBUG [EBRE22_SignatureSTTL-116704] allstep_result contains: passpassPassPassPassnull
2016-01-28 05:14:25,807 DEBUG [EBRE22_SignatureSTTL-116704] allexpected_result contains: nullPassPassnullPassnullpassnullpassnull
2016-01-28 05:14:25,807 DEBUG [EBRE22_SignatureSTTL-116704] Testcase_Result contains: nullPassPassnullPassnullpassnullpassnullpasspassPassPassPassnull
2016-01-28 05:14:25,807 DEBUG [EBRE22_SignatureSTTL-116704] Test case with description SignatureCapture with left Pass
2016-01-28 05:14:26,723 DEBUG [EBRE22_SignatureSTTL-116704] Executing browser_Quit function
2016-01-28 05:14:26,723 DEBUG [EBRE22_SignatureSTTL-116704] Completed browser_Quit function
2016-01-28 05:14:26,723 DEBUG [EBRE22_SignatureSTTL-116704] Completed quitSelendroid function
2016-01-28 05:14:26,724 DEBUG [EBRE22_SignatureSTTL-116704] Row number:5
2016-01-28 05:14:26,756 DEBUG [EBRE22_SignatureSTTL-116704] Ending Test Case IDSTTL-116704
