2016-01-28 05:21:25,611 DEBUG [EBRE22_SignatureSTTL-116717] Executing Test Case ID: STTL-116717
2016-01-28 05:21:25,617 DEBUG [EBRE22_SignatureSTTL-116717] Executing Init_Selendroid function with APK as parameter and clear data value with 1
2016-01-28 05:21:36,180 DEBUG [EBRE22_SignatureSTTL-116717] Exiting Init_Selendroid function
2016-01-28 05:21:36,195 DEBUG [EBRE22_SignatureSTTL-116717] TestCase with Description "SignatureCapture Destination(url)" Execution started
2016-01-28 05:21:36,195 DEBUG [EBRE22_SignatureSTTL-116717] In execute keyword function
2016-01-28 05:21:36,195 DEBUG [EBRE22_SignatureSTTL-116717] Executing wait function:
2016-01-28 05:21:36,195 DEBUG [EBRE22_SignatureSTTL-116717] Started Executing wait function
2016-01-28 05:21:40,195 DEBUG [EBRE22_SignatureSTTL-116717] Exiting from wait function
2016-01-28 05:21:40,195 DEBUG [EBRE22_SignatureSTTL-116717] TestStepResult of wait: Pass
2016-01-28 05:21:40,195 DEBUG [EBRE22_SignatureSTTL-116717] In execute keyword function
2016-01-28 05:21:40,195 DEBUG [EBRE22_SignatureSTTL-116717] Executing validate_PageTitle function:
2016-01-28 05:21:40,232 DEBUG [EBRE22_SignatureSTTL-116717] The title of the page is *********************************: RE 2.2 Tests
2016-01-28 05:21:40,232 DEBUG [EBRE22_SignatureSTTL-116717] The page title found is correct
2016-01-28 05:21:40,232 DEBUG [EBRE22_SignatureSTTL-116717] Result of validate_PageTitle: pass
2016-01-28 05:21:40,232 DEBUG [EBRE22_SignatureSTTL-116717] In execute keyword function
2016-01-28 05:21:40,232 DEBUG [EBRE22_SignatureSTTL-116717] Executing link_Click function:
2016-01-28 05:21:40,947 DEBUG [EBRE22_SignatureSTTL-116717] Executing Click function
2016-01-28 05:21:42,282 DEBUG [EBRE22_SignatureSTTL-116717] Exiting Click function
2016-01-28 05:21:42,282 DEBUG [EBRE22_SignatureSTTL-116717] signature_test_link clicked successfully
2016-01-28 05:21:42,282 DEBUG [EBRE22_SignatureSTTL-116717] TestStepResult of link_Click: Pass
2016-01-28 05:21:42,282 DEBUG [EBRE22_SignatureSTTL-116717] In execute keyword function
2016-01-28 05:21:42,282 DEBUG [EBRE22_SignatureSTTL-116717] Executing wait function:
2016-01-28 05:21:42,282 DEBUG [EBRE22_SignatureSTTL-116717] Started Executing wait function
2016-01-28 05:21:44,282 DEBUG [EBRE22_SignatureSTTL-116717] Exiting from wait function
2016-01-28 05:21:44,282 DEBUG [EBRE22_SignatureSTTL-116717] TestStepResult of wait: Pass
2016-01-28 05:21:44,282 DEBUG [EBRE22_SignatureSTTL-116717] In execute keyword function
2016-01-28 05:21:44,282 DEBUG [EBRE22_SignatureSTTL-116717] Executing validate_PageTitle function:
2016-01-28 05:21:44,318 DEBUG [EBRE22_SignatureSTTL-116717] The title of the page is *********************************: Signature
2016-01-28 05:21:44,318 DEBUG [EBRE22_SignatureSTTL-116717] The page title found is correct
2016-01-28 05:21:44,318 DEBUG [EBRE22_SignatureSTTL-116717] Result of validate_PageTitle: pass
2016-01-28 05:21:44,318 DEBUG [EBRE22_SignatureSTTL-116717] In execute keyword function
2016-01-28 05:21:44,318 DEBUG [EBRE22_SignatureSTTL-116717] Executing SelectTestToRun function:
2016-01-28 05:21:48,546 DEBUG [EBRE22_SignatureSTTL-116717] Successfull in selecting clicking the category
2016-01-28 05:21:48,546 DEBUG [EBRE22_SignatureSTTL-116717] TestStepResult of SelectTestToRun: pass
2016-01-28 05:21:48,546 DEBUG [EBRE22_SignatureSTTL-116717] In execute keyword function
2016-01-28 05:21:48,546 DEBUG [EBRE22_SignatureSTTL-116717] Executing validate_Text_Exists function:
2016-01-28 05:21:48,801 DEBUG [EBRE22_SignatureSTTL-116717] VT187-0880 Testcase Text found
2016-01-28 05:21:48,801 DEBUG [EBRE22_SignatureSTTL-116717] Result of validate_Text_Exists: Pass
2016-01-28 05:21:48,802 DEBUG [EBRE22_SignatureSTTL-116717] In execute keyword function
2016-01-28 05:21:48,802 DEBUG [EBRE22_SignatureSTTL-116717] Executing ClickRunTest function:
2016-01-28 05:21:49,168 DEBUG [EBRE22_SignatureSTTL-116717] Executing Click function
2016-01-28 05:21:50,159 DEBUG [EBRE22_SignatureSTTL-116717] Exiting Click function
2016-01-28 05:21:50,159 DEBUG [EBRE22_SignatureSTTL-116717] runtest_top_xpath Button clicked Successfully
2016-01-28 05:21:50,159 DEBUG [EBRE22_SignatureSTTL-116717] TestStepResult of ClickRunTest: pass
2016-01-28 05:21:50,159 DEBUG [EBRE22_SignatureSTTL-116717] In execute keyword function
2016-01-28 05:21:50,159 DEBUG [EBRE22_SignatureSTTL-116717] Executing wait function:
2016-01-28 05:21:50,159 DEBUG [EBRE22_SignatureSTTL-116717] Started Executing wait function
2016-01-28 05:21:52,161 DEBUG [EBRE22_SignatureSTTL-116717] Exiting from wait function
2016-01-28 05:21:52,161 DEBUG [EBRE22_SignatureSTTL-116717] TestStepResult of wait: Pass
2016-01-28 05:21:52,161 DEBUG [EBRE22_SignatureSTTL-116717] In execute keyword function
2016-01-28 05:21:52,161 DEBUG [EBRE22_SignatureSTTL-116717] Executing ClickRunTest function:
2016-01-28 05:21:52,536 DEBUG [EBRE22_SignatureSTTL-116717] Executing Click function
2016-01-28 05:21:53,574 DEBUG [EBRE22_SignatureSTTL-116717] Exiting Click function
2016-01-28 05:21:53,574 DEBUG [EBRE22_SignatureSTTL-116717] captureButton_xpath Button clicked Successfully
2016-01-28 05:21:53,574 DEBUG [EBRE22_SignatureSTTL-116717] TestStepResult of ClickRunTest: pass
2016-01-28 05:21:53,574 DEBUG [EBRE22_SignatureSTTL-116717] In execute keyword function
2016-01-28 05:21:53,574 DEBUG [EBRE22_SignatureSTTL-116717] Executing wait function:
2016-01-28 05:21:53,574 DEBUG [EBRE22_SignatureSTTL-116717] Started Executing wait function
2016-01-28 05:22:05,575 DEBUG [EBRE22_SignatureSTTL-116717] Exiting from wait function
2016-01-28 05:22:05,575 DEBUG [EBRE22_SignatureSTTL-116717] TestStepResult of wait: Pass
2016-01-28 05:22:05,575 DEBUG [EBRE22_SignatureSTTL-116717] In execute keyword function
2016-01-28 05:22:05,575 DEBUG [EBRE22_SignatureSTTL-116717] Executing validate_PageTitle function:
2016-01-28 05:22:05,613 DEBUG [EBRE22_SignatureSTTL-116717] The title of the page is *********************************: Navigation Check
2016-01-28 05:22:05,613 DEBUG [EBRE22_SignatureSTTL-116717] The page title found is correct
2016-01-28 05:22:05,613 DEBUG [EBRE22_SignatureSTTL-116717] Result of validate_PageTitle: pass
2016-01-28 05:22:05,613 DEBUG [EBRE22_SignatureSTTL-116717] allstep_result contains: PasspassPasspasspassPassPassPassnull
2016-01-28 05:22:05,613 DEBUG [EBRE22_SignatureSTTL-116717] allexpected_result contains: nullpassnullPassnullpassnullpassnull
2016-01-28 05:22:05,613 DEBUG [EBRE22_SignatureSTTL-116717] Testcase_Result contains: nullpassnullPassnullpassnullpassnullPasspassPasspasspassPassPassPassnull
2016-01-28 05:22:05,613 DEBUG [EBRE22_SignatureSTTL-116717] Test case with description SignatureCapture Destination(url) Pass
2016-01-28 05:22:06,618 DEBUG [EBRE22_SignatureSTTL-116717] Executing browser_Quit function
2016-01-28 05:22:06,618 DEBUG [EBRE22_SignatureSTTL-116717] Completed browser_Quit function
2016-01-28 05:22:06,618 DEBUG [EBRE22_SignatureSTTL-116717] Completed quitSelendroid function
2016-01-28 05:22:06,618 DEBUG [EBRE22_SignatureSTTL-116717] Row number:18
2016-01-28 05:22:06,648 DEBUG [EBRE22_SignatureSTTL-116717] Ending Test Case IDSTTL-116717
