2016-01-28 05:18:52,075 DEBUG [EBRE22_SignatureSTTL-116713] Executing Test Case ID: STTL-116713
2016-01-28 05:18:52,082 DEBUG [EBRE22_SignatureSTTL-116713] Executing Init_Selendroid function with APK as parameter and clear data value with 1
2016-01-28 05:19:02,477 DEBUG [EBRE22_SignatureSTTL-116713] Exiting Init_Selendroid function
2016-01-28 05:19:02,492 DEBUG [EBRE22_SignatureSTTL-116713] TestCase with Description "SignatureCapture with Name" Execution started
2016-01-28 05:19:02,492 DEBUG [EBRE22_SignatureSTTL-116713] In execute keyword function
2016-01-28 05:19:02,492 DEBUG [EBRE22_SignatureSTTL-116713] Executing wait function:
2016-01-28 05:19:02,492 DEBUG [EBRE22_SignatureSTTL-116713] Started Executing wait function
2016-01-28 05:19:06,492 DEBUG [EBRE22_SignatureSTTL-116713] Exiting from wait function
2016-01-28 05:19:06,492 DEBUG [EBRE22_SignatureSTTL-116713] TestStepResult of wait: Pass
2016-01-28 05:19:06,492 DEBUG [EBRE22_SignatureSTTL-116713] In execute keyword function
2016-01-28 05:19:06,492 DEBUG [EBRE22_SignatureSTTL-116713] Executing validate_PageTitle function:
2016-01-28 05:19:06,532 DEBUG [EBRE22_SignatureSTTL-116713] The title of the page is *********************************: RE 2.2 Tests
2016-01-28 05:19:06,532 DEBUG [EBRE22_SignatureSTTL-116713] The page title found is correct
2016-01-28 05:19:06,532 DEBUG [EBRE22_SignatureSTTL-116713] Result of validate_PageTitle: pass
2016-01-28 05:19:06,532 DEBUG [EBRE22_SignatureSTTL-116713] In execute keyword function
2016-01-28 05:19:06,532 DEBUG [EBRE22_SignatureSTTL-116713] Executing link_Click function:
2016-01-28 05:19:07,207 DEBUG [EBRE22_SignatureSTTL-116713] Executing Click function
2016-01-28 05:19:08,563 DEBUG [EBRE22_SignatureSTTL-116713] Exiting Click function
2016-01-28 05:19:08,563 DEBUG [EBRE22_SignatureSTTL-116713] signature_test_link clicked successfully
2016-01-28 05:19:08,563 DEBUG [EBRE22_SignatureSTTL-116713] TestStepResult of link_Click: Pass
2016-01-28 05:19:08,563 DEBUG [EBRE22_SignatureSTTL-116713] In execute keyword function
2016-01-28 05:19:08,563 DEBUG [EBRE22_SignatureSTTL-116713] Executing wait function:
2016-01-28 05:19:08,563 DEBUG [EBRE22_SignatureSTTL-116713] Started Executing wait function
2016-01-28 05:19:10,563 DEBUG [EBRE22_SignatureSTTL-116713] Exiting from wait function
2016-01-28 05:19:10,563 DEBUG [EBRE22_SignatureSTTL-116713] TestStepResult of wait: Pass
2016-01-28 05:19:10,563 DEBUG [EBRE22_SignatureSTTL-116713] In execute keyword function
2016-01-28 05:19:10,563 DEBUG [EBRE22_SignatureSTTL-116713] Executing validate_PageTitle function:
2016-01-28 05:19:10,580 DEBUG [EBRE22_SignatureSTTL-116713] The title of the page is *********************************: Signature
2016-01-28 05:19:10,580 DEBUG [EBRE22_SignatureSTTL-116713] The page title found is correct
2016-01-28 05:19:10,581 DEBUG [EBRE22_SignatureSTTL-116713] Result of validate_PageTitle: pass
2016-01-28 05:19:10,581 DEBUG [EBRE22_SignatureSTTL-116713] In execute keyword function
2016-01-28 05:19:10,581 DEBUG [EBRE22_SignatureSTTL-116713] Executing SelectTestToRun function:
2016-01-28 05:19:14,061 DEBUG [EBRE22_SignatureSTTL-116713] Successfull in selecting clicking the category
2016-01-28 05:19:14,061 DEBUG [EBRE22_SignatureSTTL-116713] TestStepResult of SelectTestToRun: pass
2016-01-28 05:19:14,061 DEBUG [EBRE22_SignatureSTTL-116713] In execute keyword function
2016-01-28 05:19:14,061 DEBUG [EBRE22_SignatureSTTL-116713] Executing validate_Text_Exists function:
2016-01-28 05:19:14,344 DEBUG [EBRE22_SignatureSTTL-116713] VT187-0856 Testcase Text found
2016-01-28 05:19:14,344 DEBUG [EBRE22_SignatureSTTL-116713] Result of validate_Text_Exists: Pass
2016-01-28 05:19:14,344 DEBUG [EBRE22_SignatureSTTL-116713] In execute keyword function
2016-01-28 05:19:14,344 DEBUG [EBRE22_SignatureSTTL-116713] Executing ClickRunTest function:
2016-01-28 05:19:14,714 DEBUG [EBRE22_SignatureSTTL-116713] Executing Click function
2016-01-28 05:19:15,733 DEBUG [EBRE22_SignatureSTTL-116713] Exiting Click function
2016-01-28 05:19:15,733 DEBUG [EBRE22_SignatureSTTL-116713] runtest_top_xpath Button clicked Successfully
2016-01-28 05:19:15,733 DEBUG [EBRE22_SignatureSTTL-116713] TestStepResult of ClickRunTest: pass
2016-01-28 05:19:15,733 DEBUG [EBRE22_SignatureSTTL-116713] In execute keyword function
2016-01-28 05:19:15,733 DEBUG [EBRE22_SignatureSTTL-116713] Executing wait function:
2016-01-28 05:19:15,733 DEBUG [EBRE22_SignatureSTTL-116713] Started Executing wait function
2016-01-28 05:19:17,733 DEBUG [EBRE22_SignatureSTTL-116713] Exiting from wait function
2016-01-28 05:19:17,733 DEBUG [EBRE22_SignatureSTTL-116713] TestStepResult of wait: Pass
2016-01-28 05:19:17,733 DEBUG [EBRE22_SignatureSTTL-116713] In execute keyword function
2016-01-28 05:19:17,733 DEBUG [EBRE22_SignatureSTTL-116713] Executing ClickRunTest function:
2016-01-28 05:19:18,108 DEBUG [EBRE22_SignatureSTTL-116713] Executing Click function
2016-01-28 05:19:19,110 DEBUG [EBRE22_SignatureSTTL-116713] Exiting Click function
2016-01-28 05:19:19,110 DEBUG [EBRE22_SignatureSTTL-116713] captureButton_xpath Button clicked Successfully
2016-01-28 05:19:19,110 DEBUG [EBRE22_SignatureSTTL-116713] TestStepResult of ClickRunTest: pass
2016-01-28 05:19:19,110 DEBUG [EBRE22_SignatureSTTL-116713] In execute keyword function
2016-01-28 05:19:19,110 DEBUG [EBRE22_SignatureSTTL-116713] Executing validate_FileExists function:
2016-01-28 05:19:19,110 DEBUG [EBRE22_SignatureSTTL-116713] Started executeCommandLine function
2016-01-28 05:19:23,131 DEBUG [EBRE22_SignatureSTTL-116713] /sdcard/Android/data/com.symbol.enterprisebrowser/Motorola.bmp File Found
2016-01-28 05:19:23,131 DEBUG [EBRE22_SignatureSTTL-116713] Result of validate_FileExists: Pass
2016-01-28 05:19:23,131 DEBUG [EBRE22_SignatureSTTL-116713] allstep_result contains: passPasspasspassPassPassPassnull
2016-01-28 05:19:23,131 DEBUG [EBRE22_SignatureSTTL-116713] allexpected_result contains: nullPassnullPassnullpassnullpassnull
2016-01-28 05:19:23,131 DEBUG [EBRE22_SignatureSTTL-116713] Testcase_Result contains: nullPassnullPassnullpassnullpassnullpassPasspasspassPassPassPassnull
2016-01-28 05:19:23,131 DEBUG [EBRE22_SignatureSTTL-116713] Test case with description SignatureCapture with Name Pass
2016-01-28 05:19:24,105 DEBUG [EBRE22_SignatureSTTL-116713] Executing browser_Quit function
2016-01-28 05:19:24,105 DEBUG [EBRE22_SignatureSTTL-116713] Completed browser_Quit function
2016-01-28 05:19:24,105 DEBUG [EBRE22_SignatureSTTL-116713] Completed quitSelendroid function
2016-01-28 05:19:24,106 DEBUG [EBRE22_SignatureSTTL-116713] Row number:14
2016-01-28 05:19:24,140 DEBUG [EBRE22_SignatureSTTL-116713] Ending Test Case IDSTTL-116713
