2016-01-27 17:29:40,446 DEBUG [EBAutotoManual_Intent_JSSTTL-116704] Executing Test Case ID: STTL-116704
2016-01-27 17:29:40,502 DEBUG [EBAutotoManual_Intent_JSSTTL-116704] Executing Init_Selendroid function with APK as parameter and clear data value with 1
2016-01-27 17:29:50,600 DEBUG [EBAutotoManual_Intent_JSSTTL-116704] Exiting Init_Selendroid function
2016-01-27 17:29:50,658 DEBUG [EBAutotoManual_Intent_JSSTTL-116704] TestCase with Description "VT328_0049 Check for callback while starting an activity from target application using targetClass" Execution started
2016-01-27 17:29:50,659 DEBUG [EBAutotoManual_Intent_JSSTTL-116704] In execute keyword function
2016-01-27 17:29:50,659 DEBUG [EBAutotoManual_Intent_JSSTTL-116704] Executing wait function:
2016-01-27 17:29:50,659 DEBUG [EBAutotoManual_Intent_JSSTTL-116704] Started Executing wait function
2016-01-27 17:29:53,659 DEBUG [EBAutotoManual_Intent_JSSTTL-116704] Exiting from wait function
2016-01-27 17:29:53,659 DEBUG [EBAutotoManual_Intent_JSSTTL-116704] TestStepResult of wait: Pass
2016-01-27 17:29:53,659 DEBUG [EBAutotoManual_Intent_JSSTTL-116704] In execute keyword function
2016-01-27 17:29:53,659 DEBUG [EBAutotoManual_Intent_JSSTTL-116704] Executing validate_PageTitle function:
2016-01-27 17:29:53,680 DEBUG [EBAutotoManual_Intent_JSSTTL-116704] The title of the page is *********************************: Manual specs
2016-01-27 17:29:53,680 DEBUG [EBAutotoManual_Intent_JSSTTL-116704] The page title found is correct
2016-01-27 17:29:53,680 DEBUG [EBAutotoManual_Intent_JSSTTL-116704] Result of validate_PageTitle: pass
2016-01-27 17:29:53,680 DEBUG [EBAutotoManual_Intent_JSSTTL-116704] In execute keyword function
2016-01-27 17:29:53,680 DEBUG [EBAutotoManual_Intent_JSSTTL-116704] Executing validate_App_Exist_Device function:
2016-01-27 17:29:53,680 DEBUG [EBAutotoManual_Intent_JSSTTL-116704] Started Executing Validate_App_Exist_Device function
2016-01-27 17:29:53,680 DEBUG [EBAutotoManual_Intent_JSSTTL-116704] Started executeCommandLine function
2016-01-27 17:29:57,699 DEBUG [EBAutotoManual_Intent_JSSTTL-116704] App is installed
2016-01-27 17:29:57,699 DEBUG [EBAutotoManual_Intent_JSSTTL-116704] Result of validate_App_Exist_Device: Pass
2016-01-27 17:29:57,699 DEBUG [EBAutotoManual_Intent_JSSTTL-116704] In execute keyword function
2016-01-27 17:29:57,699 DEBUG [EBAutotoManual_Intent_JSSTTL-116704] Executing link_Click function:
2016-01-27 17:29:58,342 DEBUG [EBAutotoManual_Intent_JSSTTL-116704] Executing Click function
2016-01-27 17:29:59,431 DEBUG [EBAutotoManual_Intent_JSSTTL-116704] Exiting Click function
2016-01-27 17:29:59,432 DEBUG [EBAutotoManual_Intent_JSSTTL-116704] intent_auto_manual_test_link clicked successfully
2016-01-27 17:29:59,432 DEBUG [EBAutotoManual_Intent_JSSTTL-116704] TestStepResult of link_Click: Pass
2016-01-27 17:29:59,432 DEBUG [EBAutotoManual_Intent_JSSTTL-116704] In execute keyword function
2016-01-27 17:29:59,432 DEBUG [EBAutotoManual_Intent_JSSTTL-116704] Executing validate_PageTitle function:
2016-01-27 17:29:59,449 DEBUG [EBAutotoManual_Intent_JSSTTL-116704] The title of the page is *********************************: Intent Auto to Manual JS Test
2016-01-27 17:29:59,449 DEBUG [EBAutotoManual_Intent_JSSTTL-116704] The page title found is correct
2016-01-27 17:29:59,449 DEBUG [EBAutotoManual_Intent_JSSTTL-116704] Result of validate_PageTitle: pass
2016-01-27 17:29:59,449 DEBUG [EBAutotoManual_Intent_JSSTTL-116704] In execute keyword function
2016-01-27 17:29:59,449 DEBUG [EBAutotoManual_Intent_JSSTTL-116704] Executing SelectTestToRun function:
2016-01-27 17:30:02,330 DEBUG [EBAutotoManual_Intent_JSSTTL-116704] Successfull in selecting clicking the category
2016-01-27 17:30:02,330 DEBUG [EBAutotoManual_Intent_JSSTTL-116704] TestStepResult of SelectTestToRun: pass
2016-01-27 17:30:02,330 DEBUG [EBAutotoManual_Intent_JSSTTL-116704] In execute keyword function
2016-01-27 17:30:02,330 DEBUG [EBAutotoManual_Intent_JSSTTL-116704] Executing ClickRunTest function:
2016-01-27 17:30:02,682 DEBUG [EBAutotoManual_Intent_JSSTTL-116704] Executing Click function
2016-01-27 17:30:03,564 DEBUG [EBAutotoManual_Intent_JSSTTL-116704] Exiting Click function
2016-01-27 17:30:03,564 DEBUG [EBAutotoManual_Intent_JSSTTL-116704] runtest_top_xpath Button clicked Successfully
2016-01-27 17:30:03,564 DEBUG [EBAutotoManual_Intent_JSSTTL-116704] TestStepResult of ClickRunTest: pass
2016-01-27 17:30:03,564 DEBUG [EBAutotoManual_Intent_JSSTTL-116704] In execute keyword function
2016-01-27 17:30:03,564 DEBUG [EBAutotoManual_Intent_JSSTTL-116704] Executing validate_Text_Exists function:
2016-01-27 17:30:04,172 DEBUG [EBAutotoManual_Intent_JSSTTL-116704] VT328_0049 Testcase Text found
2016-01-27 17:30:04,172 DEBUG [EBAutotoManual_Intent_JSSTTL-116704] Result of validate_Text_Exists: Pass
2016-01-27 17:30:04,172 DEBUG [EBAutotoManual_Intent_JSSTTL-116704] In execute keyword function
2016-01-27 17:30:04,172 DEBUG [EBAutotoManual_Intent_JSSTTL-116704] Executing ClickRunTest function:
2016-01-27 17:30:04,515 DEBUG [EBAutotoManual_Intent_JSSTTL-116704] Executing Click function
2016-01-27 17:30:05,421 DEBUG [EBAutotoManual_Intent_JSSTTL-116704] Exiting Click function
2016-01-27 17:30:05,421 DEBUG [EBAutotoManual_Intent_JSSTTL-116704] runtest_bottom_xpath Button clicked Successfully
2016-01-27 17:30:05,421 DEBUG [EBAutotoManual_Intent_JSSTTL-116704] TestStepResult of ClickRunTest: pass
2016-01-27 17:30:05,422 DEBUG [EBAutotoManual_Intent_JSSTTL-116704] In execute keyword function
2016-01-27 17:30:05,422 DEBUG [EBAutotoManual_Intent_JSSTTL-116704] Executing wait function:
2016-01-27 17:30:05,422 DEBUG [EBAutotoManual_Intent_JSSTTL-116704] Started Executing wait function
2016-01-27 17:30:10,423 DEBUG [EBAutotoManual_Intent_JSSTTL-116704] Exiting from wait function
2016-01-27 17:30:10,423 DEBUG [EBAutotoManual_Intent_JSSTTL-116704] TestStepResult of wait: Pass
2016-01-27 17:30:10,423 DEBUG [EBAutotoManual_Intent_JSSTTL-116704] In execute keyword function
2016-01-27 17:30:10,423 DEBUG [EBAutotoManual_Intent_JSSTTL-116704] Executing validate_App_Launched_Device function:
2016-01-27 17:30:10,423 DEBUG [EBAutotoManual_Intent_JSSTTL-116704] Started Executing Validate_App_launched_Device function
2016-01-27 17:30:10,423 DEBUG [EBAutotoManual_Intent_JSSTTL-116704] Entered CheckUIButtonExists function
2016-01-27 17:30:10,423 DEBUG [EBAutotoManual_Intent_JSSTTL-116704] Started executeCommandLine function
2016-01-27 17:30:14,442 DEBUG [EBAutotoManual_Intent_JSSTTL-116704] Exiting from executeCommandLine function
2016-01-27 17:30:14,442 DEBUG [EBAutotoManual_Intent_JSSTTL-116704] Button is not Present
2016-01-27 17:30:14,442 DEBUG [EBAutotoManual_Intent_JSSTTL-116704] Exiting from CheckUIButtonExists function
2016-01-27 17:30:14,442 DEBUG [EBAutotoManual_Intent_JSSTTL-116704] Started executeCommandLine function
2016-01-27 17:30:18,461 DEBUG [EBAutotoManual_Intent_JSSTTL-116704] Given App is in Foreground
2016-01-27 17:30:18,461 DEBUG [EBAutotoManual_Intent_JSSTTL-116704] Exiting Validate_App_launched_Device function
2016-01-27 17:30:18,461 DEBUG [EBAutotoManual_Intent_JSSTTL-116704] Result of validate_App_Launched_Device: Pass
2016-01-27 17:30:18,461 DEBUG [EBAutotoManual_Intent_JSSTTL-116704] In execute keyword function
2016-01-27 17:30:18,461 DEBUG [EBAutotoManual_Intent_JSSTTL-116704] Executing ClickUIButtonText function:
2016-01-27 17:30:18,461 DEBUG [EBAutotoManual_Intent_JSSTTL-116704] Entered ClickUIButtonText function
2016-01-27 17:30:18,461 DEBUG [EBAutotoManual_Intent_JSSTTL-116704] Started executeCommandLine function
2016-01-27 17:30:22,482 DEBUG [EBAutotoManual_Intent_JSSTTL-116704] Started executeCommandLine function
2016-01-27 17:30:26,501 DEBUG [EBAutotoManual_Intent_JSSTTL-116704] Exiting ClickUIButtonText function
2016-01-27 17:30:26,501 DEBUG [EBAutotoManual_Intent_JSSTTL-116704] TestStepResult of ClickUIButtonText: Pass
2016-01-27 17:30:26,501 DEBUG [EBAutotoManual_Intent_JSSTTL-116704] In execute keyword function
2016-01-27 17:30:26,501 DEBUG [EBAutotoManual_Intent_JSSTTL-116704] Executing validate_Result function:
2016-01-27 17:30:26,771 DEBUG [EBAutotoManual_Intent_JSSTTL-116704] CallbackStatus : true Text found in Results
CallbackStatus : true
Callbackdata : {"data":{"reply":"intent reply"},"action":"android.intent.action.MAIN","responseCode":-1,"intentType":"startActivity"}
2016-01-27 17:30:26,772 DEBUG [EBAutotoManual_Intent_JSSTTL-116704] Result of validate_Result: Pass
2016-01-27 17:30:26,772 DEBUG [EBAutotoManual_Intent_JSSTTL-116704] In execute keyword function
2016-01-27 17:30:26,772 DEBUG [EBAutotoManual_Intent_JSSTTL-116704] Executing validate_Result function:
2016-01-27 17:30:26,930 DEBUG [EBAutotoManual_Intent_JSSTTL-116704] "reply":"intent reply" Text found in Results
CallbackStatus : true
Callbackdata : {"data":{"reply":"intent reply"},"action":"android.intent.action.MAIN","responseCode":-1,"intentType":"startActivity"}
2016-01-27 17:30:26,930 DEBUG [EBAutotoManual_Intent_JSSTTL-116704] Result of validate_Result: Pass
2016-01-27 17:30:26,930 DEBUG [EBAutotoManual_Intent_JSSTTL-116704] In execute keyword function
2016-01-27 17:30:26,930 DEBUG [EBAutotoManual_Intent_JSSTTL-116704] Executing validate_Result function:
2016-01-27 17:30:27,066 DEBUG [EBAutotoManual_Intent_JSSTTL-116704] "action":"android.intent.action.MAIN" Text found in Results
CallbackStatus : true
Callbackdata : {"data":{"reply":"intent reply"},"action":"android.intent.action.MAIN","responseCode":-1,"intentType":"startActivity"}
2016-01-27 17:30:27,066 DEBUG [EBAutotoManual_Intent_JSSTTL-116704] Result of validate_Result: Pass
2016-01-27 17:30:27,066 DEBUG [EBAutotoManual_Intent_JSSTTL-116704] In execute keyword function
2016-01-27 17:30:27,066 DEBUG [EBAutotoManual_Intent_JSSTTL-116704] Executing validate_Result function:
2016-01-27 17:30:27,222 DEBUG [EBAutotoManual_Intent_JSSTTL-116704] "intentType":"startActivity" Text found in Results
CallbackStatus : true
Callbackdata : {"data":{"reply":"intent reply"},"action":"android.intent.action.MAIN","responseCode":-1,"intentType":"startActivity"}
2016-01-27 17:30:27,222 DEBUG [EBAutotoManual_Intent_JSSTTL-116704] Result of validate_Result: Pass
2016-01-27 17:30:27,222 DEBUG [EBAutotoManual_Intent_JSSTTL-116704] allstep_result contains: PassPasspasspasspassPassPassnull
2016-01-27 17:30:27,222 DEBUG [EBAutotoManual_Intent_JSSTTL-116704] allexpected_result contains: nullPassPassPassPassnullPassnullPassnullpassnullpassPassnull
2016-01-27 17:30:27,222 DEBUG [EBAutotoManual_Intent_JSSTTL-116704] Testcase_Result contains: nullPassPassPassPassnullPassnullPassnullpassnullpassPassnullPassPasspasspasspassPassPassnull
2016-01-27 17:30:27,222 DEBUG [EBAutotoManual_Intent_JSSTTL-116704] Test case with description VT328_0049 Check for callback while starting an activity from target application using targetClass Pass
2016-01-27 17:30:28,234 DEBUG [EBAutotoManual_Intent_JSSTTL-116704] Executing browser_Quit function
2016-01-27 17:30:28,234 DEBUG [EBAutotoManual_Intent_JSSTTL-116704] Completed browser_Quit function
2016-01-27 17:30:28,234 DEBUG [EBAutotoManual_Intent_JSSTTL-116704] Completed quitSelendroid function
2016-01-27 17:30:28,235 DEBUG [EBAutotoManual_Intent_JSSTTL-116704] Row number:5
2016-01-27 17:30:28,319 DEBUG [EBAutotoManual_Intent_JSSTTL-116704] Ending Test Case IDSTTL-116704
