2016-01-27 17:27:07,012 DEBUG [EBAutotoManual_Intent_JSSTTL-116701] Executing Test Case ID: STTL-116701
2016-01-27 17:27:42,091 DEBUG [EBAutotoManual_Intent_JSSTTL-116701] Executing Init_Selendroid function with APK as parameter and clear data value with 1
2016-01-27 17:27:52,370 DEBUG [EBAutotoManual_Intent_JSSTTL-116701] Exiting Init_Selendroid function
2016-01-27 17:27:52,402 DEBUG [EBAutotoManual_Intent_JSSTTL-116701] TestCase with Description "Change Start page" Execution started
2016-01-27 17:27:52,402 DEBUG [EBAutotoManual_Intent_JSSTTL-116701] In execute keyword function
2016-01-27 17:27:52,402 DEBUG [EBAutotoManual_Intent_JSSTTL-116701] Executing wait function:
2016-01-27 17:27:52,402 DEBUG [EBAutotoManual_Intent_JSSTTL-116701] Started Executing wait function
2016-01-27 17:27:55,402 DEBUG [EBAutotoManual_Intent_JSSTTL-116701] Exiting from wait function
2016-01-27 17:27:55,402 DEBUG [EBAutotoManual_Intent_JSSTTL-116701] TestStepResult of wait: Pass
2016-01-27 17:27:55,402 DEBUG [EBAutotoManual_Intent_JSSTTL-116701] In execute keyword function
2016-01-27 17:27:55,402 DEBUG [EBAutotoManual_Intent_JSSTTL-116701] Executing PullConfigxml function:
2016-01-27 17:27:55,402 DEBUG [EBAutotoManual_Intent_JSSTTL-116701] Started executeCommandLine function
2016-01-27 17:27:59,422 DEBUG [EBAutotoManual_Intent_JSSTTL-116701] TestStepResult of PullConfigxml: Pass
2016-01-27 17:27:59,422 DEBUG [EBAutotoManual_Intent_JSSTTL-116701] In execute keyword function
2016-01-27 17:27:59,422 DEBUG [EBAutotoManual_Intent_JSSTTL-116701] Executing ChangeConfigxml function:
2016-01-27 17:27:59,422 DEBUG [EBAutotoManual_Intent_JSSTTL-116701] Executing ChangeConfigxml function
2016-01-27 17:27:59,426 DEBUG [EBAutotoManual_Intent_JSSTTL-116701] TestStepResult of ChangeConfigxml: Pass
2016-01-27 17:27:59,426 DEBUG [EBAutotoManual_Intent_JSSTTL-116701] In execute keyword function
2016-01-27 17:27:59,426 DEBUG [EBAutotoManual_Intent_JSSTTL-116701] Executing ChangeConfigxml function:
2016-01-27 17:27:59,426 DEBUG [EBAutotoManual_Intent_JSSTTL-116701] Executing ChangeConfigxml function
2016-01-27 17:27:59,428 DEBUG [EBAutotoManual_Intent_JSSTTL-116701] TestStepResult of ChangeConfigxml: Pass
2016-01-27 17:27:59,428 DEBUG [EBAutotoManual_Intent_JSSTTL-116701] In execute keyword function
2016-01-27 17:27:59,428 DEBUG [EBAutotoManual_Intent_JSSTTL-116701] Executing ChangeConfigxml function:
2016-01-27 17:27:59,428 DEBUG [EBAutotoManual_Intent_JSSTTL-116701] Executing ChangeConfigxml function
2016-01-27 17:27:59,430 DEBUG [EBAutotoManual_Intent_JSSTTL-116701] TestStepResult of ChangeConfigxml: Pass
2016-01-27 17:27:59,430 DEBUG [EBAutotoManual_Intent_JSSTTL-116701] In execute keyword function
2016-01-27 17:27:59,430 DEBUG [EBAutotoManual_Intent_JSSTTL-116701] Executing ChangeConfigxml function:
2016-01-27 17:27:59,430 DEBUG [EBAutotoManual_Intent_JSSTTL-116701] Executing ChangeConfigxml function
2016-01-27 17:27:59,432 DEBUG [EBAutotoManual_Intent_JSSTTL-116701] TestStepResult of ChangeConfigxml: Pass
2016-01-27 17:27:59,432 DEBUG [EBAutotoManual_Intent_JSSTTL-116701] In execute keyword function
2016-01-27 17:27:59,432 DEBUG [EBAutotoManual_Intent_JSSTTL-116701] Executing ChangeConfigxml function:
2016-01-27 17:27:59,432 DEBUG [EBAutotoManual_Intent_JSSTTL-116701] Executing ChangeConfigxml function
2016-01-27 17:27:59,435 DEBUG [EBAutotoManual_Intent_JSSTTL-116701] TestStepResult of ChangeConfigxml: Pass
2016-01-27 17:27:59,435 DEBUG [EBAutotoManual_Intent_JSSTTL-116701] In execute keyword function
2016-01-27 17:27:59,435 DEBUG [EBAutotoManual_Intent_JSSTTL-116701] Executing PushConfigxml function:
2016-01-27 17:27:59,435 DEBUG [EBAutotoManual_Intent_JSSTTL-116701] Started executeCommandLine function
2016-01-27 17:28:03,456 DEBUG [EBAutotoManual_Intent_JSSTTL-116701] TestStepResult of PushConfigxml: Pass
2016-01-27 17:28:03,456 DEBUG [EBAutotoManual_Intent_JSSTTL-116701] allstep_result contains: PassPassPassPassPassPassPassPassnull
2016-01-27 17:28:03,456 DEBUG [EBAutotoManual_Intent_JSSTTL-116701] allexpected_result contains: null
2016-01-27 17:28:03,456 DEBUG [EBAutotoManual_Intent_JSSTTL-116701] Testcase_Result contains: nullPassPassPassPassPassPassPassPassnull
2016-01-27 17:28:03,456 DEBUG [EBAutotoManual_Intent_JSSTTL-116701] Test case with description Change Start page Pass
2016-01-27 17:28:04,430 DEBUG [EBAutotoManual_Intent_JSSTTL-116701] Executing browser_Quit function
2016-01-27 17:28:04,430 DEBUG [EBAutotoManual_Intent_JSSTTL-116701] Completed browser_Quit function
2016-01-27 17:28:04,430 DEBUG [EBAutotoManual_Intent_JSSTTL-116701] Completed quitSelendroid function
2016-01-27 17:28:04,430 DEBUG [EBAutotoManual_Intent_JSSTTL-116701] Row number:2
2016-01-27 17:28:04,556 DEBUG [EBAutotoManual_Intent_JSSTTL-116701] Ending Test Case IDSTTL-116701
