2016-01-27 17:30:28,357 DEBUG [EBAutotoManual_Intent_JSSTTL-116705] Executing Test Case ID: STTL-116705
2016-01-27 17:30:28,369 DEBUG [EBAutotoManual_Intent_JSSTTL-116705] Executing Init_Selendroid function with APK as parameter and clear data value with 1
2016-01-27 17:30:38,320 DEBUG [EBAutotoManual_Intent_JSSTTL-116705] Exiting Init_Selendroid function
2016-01-27 17:30:38,356 DEBUG [EBAutotoManual_Intent_JSSTTL-116705] TestCase with Description "VT328_0050 Check for callback while launching browser from test application" Execution started
2016-01-27 17:30:38,356 DEBUG [EBAutotoManual_Intent_JSSTTL-116705] In execute keyword function
2016-01-27 17:30:38,356 DEBUG [EBAutotoManual_Intent_JSSTTL-116705] Executing wait function:
2016-01-27 17:30:38,356 DEBUG [EBAutotoManual_Intent_JSSTTL-116705] Started Executing wait function
2016-01-27 17:30:41,357 DEBUG [EBAutotoManual_Intent_JSSTTL-116705] Exiting from wait function
2016-01-27 17:30:41,357 DEBUG [EBAutotoManual_Intent_JSSTTL-116705] TestStepResult of wait: Pass
2016-01-27 17:30:41,357 DEBUG [EBAutotoManual_Intent_JSSTTL-116705] In execute keyword function
2016-01-27 17:30:41,357 DEBUG [EBAutotoManual_Intent_JSSTTL-116705] Executing validate_PageTitle function:
2016-01-27 17:30:41,376 DEBUG [EBAutotoManual_Intent_JSSTTL-116705] The title of the page is *********************************: Manual specs
2016-01-27 17:30:41,376 DEBUG [EBAutotoManual_Intent_JSSTTL-116705] The page title found is correct
2016-01-27 17:30:41,376 DEBUG [EBAutotoManual_Intent_JSSTTL-116705] Result of validate_PageTitle: pass
2016-01-27 17:30:41,376 DEBUG [EBAutotoManual_Intent_JSSTTL-116705] In execute keyword function
2016-01-27 17:30:41,376 DEBUG [EBAutotoManual_Intent_JSSTTL-116705] Executing validate_App_Exist_Device function:
2016-01-27 17:30:41,376 DEBUG [EBAutotoManual_Intent_JSSTTL-116705] Started Executing Validate_App_Exist_Device function
2016-01-27 17:30:41,376 DEBUG [EBAutotoManual_Intent_JSSTTL-116705] Started executeCommandLine function
2016-01-27 17:30:45,397 DEBUG [EBAutotoManual_Intent_JSSTTL-116705] App is installed
2016-01-27 17:30:45,397 DEBUG [EBAutotoManual_Intent_JSSTTL-116705] Result of validate_App_Exist_Device: Pass
2016-01-27 17:30:45,398 DEBUG [EBAutotoManual_Intent_JSSTTL-116705] In execute keyword function
2016-01-27 17:30:45,398 DEBUG [EBAutotoManual_Intent_JSSTTL-116705] Executing link_Click function:
2016-01-27 17:30:45,988 DEBUG [EBAutotoManual_Intent_JSSTTL-116705] Executing Click function
2016-01-27 17:30:47,062 DEBUG [EBAutotoManual_Intent_JSSTTL-116705] Exiting Click function
2016-01-27 17:30:47,062 DEBUG [EBAutotoManual_Intent_JSSTTL-116705] intent_auto_manual_test_link clicked successfully
2016-01-27 17:30:47,063 DEBUG [EBAutotoManual_Intent_JSSTTL-116705] TestStepResult of link_Click: Pass
2016-01-27 17:30:47,063 DEBUG [EBAutotoManual_Intent_JSSTTL-116705] In execute keyword function
2016-01-27 17:30:47,063 DEBUG [EBAutotoManual_Intent_JSSTTL-116705] Executing validate_PageTitle function:
2016-01-27 17:30:47,074 DEBUG [EBAutotoManual_Intent_JSSTTL-116705] The title of the page is *********************************: Intent Auto to Manual JS Test
2016-01-27 17:30:47,075 DEBUG [EBAutotoManual_Intent_JSSTTL-116705] The page title found is correct
2016-01-27 17:30:47,075 DEBUG [EBAutotoManual_Intent_JSSTTL-116705] Result of validate_PageTitle: pass
2016-01-27 17:30:47,075 DEBUG [EBAutotoManual_Intent_JSSTTL-116705] In execute keyword function
2016-01-27 17:30:47,075 DEBUG [EBAutotoManual_Intent_JSSTTL-116705] Executing SelectTestToRun function:
2016-01-27 17:30:50,079 DEBUG [EBAutotoManual_Intent_JSSTTL-116705] Successfull in selecting clicking the category
2016-01-27 17:30:50,079 DEBUG [EBAutotoManual_Intent_JSSTTL-116705] TestStepResult of SelectTestToRun: pass
2016-01-27 17:30:50,079 DEBUG [EBAutotoManual_Intent_JSSTTL-116705] In execute keyword function
2016-01-27 17:30:50,080 DEBUG [EBAutotoManual_Intent_JSSTTL-116705] Executing ClickRunTest function:
2016-01-27 17:30:50,439 DEBUG [EBAutotoManual_Intent_JSSTTL-116705] Executing Click function
2016-01-27 17:30:51,378 DEBUG [EBAutotoManual_Intent_JSSTTL-116705] Exiting Click function
2016-01-27 17:30:51,378 DEBUG [EBAutotoManual_Intent_JSSTTL-116705] runtest_top_xpath Button clicked Successfully
2016-01-27 17:30:51,378 DEBUG [EBAutotoManual_Intent_JSSTTL-116705] TestStepResult of ClickRunTest: pass
2016-01-27 17:30:51,379 DEBUG [EBAutotoManual_Intent_JSSTTL-116705] In execute keyword function
2016-01-27 17:30:51,379 DEBUG [EBAutotoManual_Intent_JSSTTL-116705] Executing validate_Text_Exists function:
2016-01-27 17:30:52,043 DEBUG [EBAutotoManual_Intent_JSSTTL-116705] VT328_0050 Testcase Text found
2016-01-27 17:30:52,044 DEBUG [EBAutotoManual_Intent_JSSTTL-116705] Result of validate_Text_Exists: Pass
2016-01-27 17:30:52,044 DEBUG [EBAutotoManual_Intent_JSSTTL-116705] In execute keyword function
2016-01-27 17:30:52,044 DEBUG [EBAutotoManual_Intent_JSSTTL-116705] Executing ClickRunTest function:
2016-01-27 17:30:52,328 DEBUG [EBAutotoManual_Intent_JSSTTL-116705] Executing Click function
2016-01-27 17:30:53,275 DEBUG [EBAutotoManual_Intent_JSSTTL-116705] Exiting Click function
2016-01-27 17:30:53,275 DEBUG [EBAutotoManual_Intent_JSSTTL-116705] runtest_bottom_xpath Button clicked Successfully
2016-01-27 17:30:53,275 DEBUG [EBAutotoManual_Intent_JSSTTL-116705] TestStepResult of ClickRunTest: pass
2016-01-27 17:30:53,275 DEBUG [EBAutotoManual_Intent_JSSTTL-116705] In execute keyword function
2016-01-27 17:30:53,275 DEBUG [EBAutotoManual_Intent_JSSTTL-116705] Executing wait function:
2016-01-27 17:30:53,275 DEBUG [EBAutotoManual_Intent_JSSTTL-116705] Started Executing wait function
2016-01-27 17:30:58,275 DEBUG [EBAutotoManual_Intent_JSSTTL-116705] Exiting from wait function
2016-01-27 17:30:58,275 DEBUG [EBAutotoManual_Intent_JSSTTL-116705] TestStepResult of wait: Pass
2016-01-27 17:30:58,275 DEBUG [EBAutotoManual_Intent_JSSTTL-116705] In execute keyword function
2016-01-27 17:30:58,275 DEBUG [EBAutotoManual_Intent_JSSTTL-116705] Executing validate_App_Launched_Device function:
2016-01-27 17:30:58,275 DEBUG [EBAutotoManual_Intent_JSSTTL-116705] Started Executing Validate_App_launched_Device function
2016-01-27 17:30:58,275 DEBUG [EBAutotoManual_Intent_JSSTTL-116705] Entered CheckUIButtonExists function
2016-01-27 17:30:58,275 DEBUG [EBAutotoManual_Intent_JSSTTL-116705] Started executeCommandLine function
2016-01-27 17:31:02,296 DEBUG [EBAutotoManual_Intent_JSSTTL-116705] Exiting from executeCommandLine function
2016-01-27 17:31:02,296 DEBUG [EBAutotoManual_Intent_JSSTTL-116705] Button is not Present
2016-01-27 17:31:02,296 DEBUG [EBAutotoManual_Intent_JSSTTL-116705] Exiting from CheckUIButtonExists function
2016-01-27 17:31:02,296 DEBUG [EBAutotoManual_Intent_JSSTTL-116705] Started executeCommandLine function
2016-01-27 17:31:06,316 DEBUG [EBAutotoManual_Intent_JSSTTL-116705] Given App is in Foreground
2016-01-27 17:31:06,316 DEBUG [EBAutotoManual_Intent_JSSTTL-116705] Exiting Validate_App_launched_Device function
2016-01-27 17:31:06,316 DEBUG [EBAutotoManual_Intent_JSSTTL-116705] Result of validate_App_Launched_Device: Pass
2016-01-27 17:31:06,316 DEBUG [EBAutotoManual_Intent_JSSTTL-116705] In execute keyword function
2016-01-27 17:31:06,316 DEBUG [EBAutotoManual_Intent_JSSTTL-116705] Executing press_Key function:
2016-01-27 17:31:06,316 DEBUG [EBAutotoManual_Intent_JSSTTL-116705] Started executeCommandLine function
2016-01-27 17:31:10,337 DEBUG [EBAutotoManual_Intent_JSSTTL-116705] Exiting from executeCommandLine function
2016-01-27 17:31:10,337 DEBUG [EBAutotoManual_Intent_JSSTTL-116705] pressed on the back key
2016-01-27 17:31:10,337 DEBUG [EBAutotoManual_Intent_JSSTTL-116705] Back works
2016-01-27 17:31:11,337 DEBUG [EBAutotoManual_Intent_JSSTTL-116705] TestStepResult of press_Key: pass
2016-01-27 17:31:11,337 DEBUG [EBAutotoManual_Intent_JSSTTL-116705] In execute keyword function
2016-01-27 17:31:11,337 DEBUG [EBAutotoManual_Intent_JSSTTL-116705] Executing validate_Result function:
2016-01-27 17:31:11,605 DEBUG [EBAutotoManual_Intent_JSSTTL-116705] CallbackStatus : true Text found in Results
CallbackStatus : true
Callbackdata : {"responseCode":0,"intentType":"startActivity"}
2016-01-27 17:31:11,605 DEBUG [EBAutotoManual_Intent_JSSTTL-116705] Result of validate_Result: Pass
2016-01-27 17:31:11,605 DEBUG [EBAutotoManual_Intent_JSSTTL-116705] In execute keyword function
2016-01-27 17:31:11,606 DEBUG [EBAutotoManual_Intent_JSSTTL-116705] Executing validate_Result function:
2016-01-27 17:31:11,752 DEBUG [EBAutotoManual_Intent_JSSTTL-116705] "intentType":"startActivity" Text found in Results
CallbackStatus : true
Callbackdata : {"responseCode":0,"intentType":"startActivity"}
2016-01-27 17:31:11,752 DEBUG [EBAutotoManual_Intent_JSSTTL-116705] Result of validate_Result: Pass
2016-01-27 17:31:11,752 DEBUG [EBAutotoManual_Intent_JSSTTL-116705] allstep_result contains: passPasspasspasspassPassPassnull
2016-01-27 17:31:11,752 DEBUG [EBAutotoManual_Intent_JSSTTL-116705] allexpected_result contains: nullPassPassnullPassnullPassnullpassnullpassPassnull
2016-01-27 17:31:11,752 DEBUG [EBAutotoManual_Intent_JSSTTL-116705] Testcase_Result contains: nullPassPassnullPassnullPassnullpassnullpassPassnullpassPasspasspasspassPassPassnull
2016-01-27 17:31:11,752 DEBUG [EBAutotoManual_Intent_JSSTTL-116705] Test case with description VT328_0050 Check for callback while launching browser from test application Pass
2016-01-27 17:31:12,755 DEBUG [EBAutotoManual_Intent_JSSTTL-116705] Executing browser_Quit function
2016-01-27 17:31:12,755 DEBUG [EBAutotoManual_Intent_JSSTTL-116705] Completed browser_Quit function
2016-01-27 17:31:12,755 DEBUG [EBAutotoManual_Intent_JSSTTL-116705] Completed quitSelendroid function
2016-01-27 17:31:12,756 DEBUG [EBAutotoManual_Intent_JSSTTL-116705] Row number:6
2016-01-27 17:31:12,848 DEBUG [EBAutotoManual_Intent_JSSTTL-116705] Ending Test Case IDSTTL-116705
