2016-01-27 20:34:23,827 DEBUG [EBManual_ScreenOrientation_JSSTTL-116705] Executing Test Case ID: STTL-116705
2016-01-27 20:34:23,832 DEBUG [EBManual_ScreenOrientation_JSSTTL-116705] Executing Init_Selendroid function with APK as parameter and clear data value with 1
2016-01-27 20:34:33,685 DEBUG [EBManual_ScreenOrientation_JSSTTL-116705] Exiting Init_Selendroid function
2016-01-27 20:34:33,699 DEBUG [EBManual_ScreenOrientation_JSSTTL-116705] TestCase with Description "ScreenOrientation Upsidedown" Execution started
2016-01-27 20:34:33,699 DEBUG [EBManual_ScreenOrientation_JSSTTL-116705] In execute keyword function
2016-01-27 20:34:33,699 DEBUG [EBManual_ScreenOrientation_JSSTTL-116705] Executing wait function:
2016-01-27 20:34:33,699 DEBUG [EBManual_ScreenOrientation_JSSTTL-116705] Started Executing wait function
2016-01-27 20:34:36,699 DEBUG [EBManual_ScreenOrientation_JSSTTL-116705] Exiting from wait function
2016-01-27 20:34:36,699 DEBUG [EBManual_ScreenOrientation_JSSTTL-116705] TestStepResult of wait: Pass
2016-01-27 20:34:36,699 DEBUG [EBManual_ScreenOrientation_JSSTTL-116705] In execute keyword function
2016-01-27 20:34:36,699 DEBUG [EBManual_ScreenOrientation_JSSTTL-116705] Executing validate_PageTitle function:
2016-01-27 20:34:36,739 DEBUG [EBManual_ScreenOrientation_JSSTTL-116705] The title of the page is *********************************: Manual specs
2016-01-27 20:34:36,739 DEBUG [EBManual_ScreenOrientation_JSSTTL-116705] The page title found is correct
2016-01-27 20:34:36,739 DEBUG [EBManual_ScreenOrientation_JSSTTL-116705] Result of validate_PageTitle: pass
2016-01-27 20:34:36,739 DEBUG [EBManual_ScreenOrientation_JSSTTL-116705] In execute keyword function
2016-01-27 20:34:36,739 DEBUG [EBManual_ScreenOrientation_JSSTTL-116705] Executing link_Click function:
2016-01-27 20:34:37,493 DEBUG [EBManual_ScreenOrientation_JSSTTL-116705] Executing Click function
2016-01-27 20:34:38,873 DEBUG [EBManual_ScreenOrientation_JSSTTL-116705] Exiting Click function
2016-01-27 20:34:38,873 DEBUG [EBManual_ScreenOrientation_JSSTTL-116705] ScreenOrientation_test_link clicked successfully
2016-01-27 20:34:38,873 DEBUG [EBManual_ScreenOrientation_JSSTTL-116705] TestStepResult of link_Click: Pass
2016-01-27 20:34:38,873 DEBUG [EBManual_ScreenOrientation_JSSTTL-116705] In execute keyword function
2016-01-27 20:34:38,873 DEBUG [EBManual_ScreenOrientation_JSSTTL-116705] Executing wait function:
2016-01-27 20:34:38,873 DEBUG [EBManual_ScreenOrientation_JSSTTL-116705] Started Executing wait function
2016-01-27 20:34:40,874 DEBUG [EBManual_ScreenOrientation_JSSTTL-116705] Exiting from wait function
2016-01-27 20:34:40,874 DEBUG [EBManual_ScreenOrientation_JSSTTL-116705] TestStepResult of wait: Pass
2016-01-27 20:34:40,874 DEBUG [EBManual_ScreenOrientation_JSSTTL-116705] In execute keyword function
2016-01-27 20:34:40,874 DEBUG [EBManual_ScreenOrientation_JSSTTL-116705] Executing validate_PageTitle function:
2016-01-27 20:34:40,910 DEBUG [EBManual_ScreenOrientation_JSSTTL-116705] The title of the page is *********************************: ScreenOrientation JS Test
2016-01-27 20:34:40,910 DEBUG [EBManual_ScreenOrientation_JSSTTL-116705] The page title found is correct
2016-01-27 20:34:40,910 DEBUG [EBManual_ScreenOrientation_JSSTTL-116705] Result of validate_PageTitle: pass
2016-01-27 20:34:40,910 DEBUG [EBManual_ScreenOrientation_JSSTTL-116705] In execute keyword function
2016-01-27 20:34:40,910 DEBUG [EBManual_ScreenOrientation_JSSTTL-116705] Executing SelectTestToRun function:
2016-01-27 20:34:43,721 DEBUG [EBManual_ScreenOrientation_JSSTTL-116705] Successfull in selecting clicking the category
2016-01-27 20:34:43,722 DEBUG [EBManual_ScreenOrientation_JSSTTL-116705] TestStepResult of SelectTestToRun: pass
2016-01-27 20:34:43,722 DEBUG [EBManual_ScreenOrientation_JSSTTL-116705] In execute keyword function
2016-01-27 20:34:43,722 DEBUG [EBManual_ScreenOrientation_JSSTTL-116705] Executing ClickRunTest function:
2016-01-27 20:34:44,064 DEBUG [EBManual_ScreenOrientation_JSSTTL-116705] Executing Click function
2016-01-27 20:34:45,116 DEBUG [EBManual_ScreenOrientation_JSSTTL-116705] Exiting Click function
2016-01-27 20:34:45,116 DEBUG [EBManual_ScreenOrientation_JSSTTL-116705] runtest_top_xpath Button clicked Successfully
2016-01-27 20:34:45,116 DEBUG [EBManual_ScreenOrientation_JSSTTL-116705] TestStepResult of ClickRunTest: pass
2016-01-27 20:34:45,116 DEBUG [EBManual_ScreenOrientation_JSSTTL-116705] In execute keyword function
2016-01-27 20:34:45,116 DEBUG [EBManual_ScreenOrientation_JSSTTL-116705] Executing validate_Text_Exists function:
2016-01-27 20:34:45,538 DEBUG [EBManual_ScreenOrientation_JSSTTL-116705] VT281-0903 Testcase Text found
2016-01-27 20:34:45,538 DEBUG [EBManual_ScreenOrientation_JSSTTL-116705] Result of validate_Text_Exists: Pass
2016-01-27 20:34:45,538 DEBUG [EBManual_ScreenOrientation_JSSTTL-116705] In execute keyword function
2016-01-27 20:34:45,538 DEBUG [EBManual_ScreenOrientation_JSSTTL-116705] Executing validate_screenOrientation function:
2016-01-27 20:34:45,538 DEBUG [EBManual_ScreenOrientation_JSSTTL-116705] Started executeCommandLine function
2016-01-27 20:34:49,559 DEBUG [EBManual_ScreenOrientation_JSSTTL-116705] Screen rotated successfully with specified orientation
2016-01-27 20:34:49,559 DEBUG [EBManual_ScreenOrientation_JSSTTL-116705] Result of validate_screenOrientation: Pass
2016-01-27 20:34:49,559 DEBUG [EBManual_ScreenOrientation_JSSTTL-116705] allstep_result contains: passpassPassPassPassnull
2016-01-27 20:34:49,559 DEBUG [EBManual_ScreenOrientation_JSSTTL-116705] allexpected_result contains: nullPassnullPassnullpassnullpassnull
2016-01-27 20:34:49,559 DEBUG [EBManual_ScreenOrientation_JSSTTL-116705] Testcase_Result contains: nullPassnullPassnullpassnullpassnullpasspassPassPassPassnull
2016-01-27 20:34:49,559 DEBUG [EBManual_ScreenOrientation_JSSTTL-116705] Test case with description ScreenOrientation Upsidedown Pass
2016-01-27 20:34:50,503 DEBUG [EBManual_ScreenOrientation_JSSTTL-116705] Executing browser_Quit function
2016-01-27 20:34:50,503 DEBUG [EBManual_ScreenOrientation_JSSTTL-116705] Completed browser_Quit function
2016-01-27 20:34:50,503 DEBUG [EBManual_ScreenOrientation_JSSTTL-116705] Completed quitSelendroid function
2016-01-27 20:34:50,504 DEBUG [EBManual_ScreenOrientation_JSSTTL-116705] Row number:6
2016-01-27 20:34:50,535 DEBUG [EBManual_ScreenOrientation_JSSTTL-116705] Ending Test Case IDSTTL-116705
