2016-01-28 00:53:51,691 DEBUG [EBPB_GenericSTTL-116701] Executing Test Case ID: STTL-116701
2016-01-28 00:54:26,764 DEBUG [EBPB_GenericSTTL-116701] Executing Init_Selendroid function with APK as parameter and clear data value with 1
2016-01-28 00:54:37,400 DEBUG [EBPB_GenericSTTL-116701] Exiting Init_Selendroid function
2016-01-28 00:54:37,412 DEBUG [EBPB_GenericSTTL-116701] TestCase with Description "Change Start page" Execution started
2016-01-28 00:54:37,412 DEBUG [EBPB_GenericSTTL-116701] In execute keyword function
2016-01-28 00:54:37,412 DEBUG [EBPB_GenericSTTL-116701] Executing wait function:
2016-01-28 00:54:37,412 DEBUG [EBPB_GenericSTTL-116701] Started Executing wait function
2016-01-28 00:54:40,412 DEBUG [EBPB_GenericSTTL-116701] Exiting from wait function
2016-01-28 00:54:40,412 DEBUG [EBPB_GenericSTTL-116701] TestStepResult of wait: Pass
2016-01-28 00:54:40,412 DEBUG [EBPB_GenericSTTL-116701] In execute keyword function
2016-01-28 00:54:40,412 DEBUG [EBPB_GenericSTTL-116701] Executing PullConfigxml function:
2016-01-28 00:54:40,412 DEBUG [EBPB_GenericSTTL-116701] Started executeCommandLine function
2016-01-28 00:54:44,433 DEBUG [EBPB_GenericSTTL-116701] TestStepResult of PullConfigxml: Pass
2016-01-28 00:54:44,433 DEBUG [EBPB_GenericSTTL-116701] In execute keyword function
2016-01-28 00:54:44,433 DEBUG [EBPB_GenericSTTL-116701] Executing ChangeConfigxml function:
2016-01-28 00:54:44,433 DEBUG [EBPB_GenericSTTL-116701] Executing ChangeConfigxml function
2016-01-28 00:54:44,435 DEBUG [EBPB_GenericSTTL-116701] TestStepResult of ChangeConfigxml: Pass
2016-01-28 00:54:44,435 DEBUG [EBPB_GenericSTTL-116701] In execute keyword function
2016-01-28 00:54:44,435 DEBUG [EBPB_GenericSTTL-116701] Executing ChangeConfigxml function:
2016-01-28 00:54:44,435 DEBUG [EBPB_GenericSTTL-116701] Executing ChangeConfigxml function
2016-01-28 00:54:44,437 DEBUG [EBPB_GenericSTTL-116701] TestStepResult of ChangeConfigxml: Pass
2016-01-28 00:54:44,437 DEBUG [EBPB_GenericSTTL-116701] In execute keyword function
2016-01-28 00:54:44,437 DEBUG [EBPB_GenericSTTL-116701] Executing ChangeConfigxml function:
2016-01-28 00:54:44,437 DEBUG [EBPB_GenericSTTL-116701] Executing ChangeConfigxml function
2016-01-28 00:54:44,438 DEBUG [EBPB_GenericSTTL-116701] TestStepResult of ChangeConfigxml: Pass
2016-01-28 00:54:44,438 DEBUG [EBPB_GenericSTTL-116701] In execute keyword function
2016-01-28 00:54:44,438 DEBUG [EBPB_GenericSTTL-116701] Executing ChangeConfigxml function:
2016-01-28 00:54:44,438 DEBUG [EBPB_GenericSTTL-116701] Executing ChangeConfigxml function
2016-01-28 00:54:44,440 DEBUG [EBPB_GenericSTTL-116701] TestStepResult of ChangeConfigxml: Pass
2016-01-28 00:54:44,440 DEBUG [EBPB_GenericSTTL-116701] In execute keyword function
2016-01-28 00:54:44,440 DEBUG [EBPB_GenericSTTL-116701] Executing PushConfigxml function:
2016-01-28 00:54:44,440 DEBUG [EBPB_GenericSTTL-116701] Started executeCommandLine function
2016-01-28 00:54:48,459 DEBUG [EBPB_GenericSTTL-116701] TestStepResult of PushConfigxml: Pass
2016-01-28 00:54:48,459 DEBUG [EBPB_GenericSTTL-116701] allstep_result contains: PassPassPassPassPassPassPassnull
2016-01-28 00:54:48,459 DEBUG [EBPB_GenericSTTL-116701] allexpected_result contains: null
2016-01-28 00:54:48,459 DEBUG [EBPB_GenericSTTL-116701] Testcase_Result contains: nullPassPassPassPassPassPassPassnull
2016-01-28 00:54:48,459 DEBUG [EBPB_GenericSTTL-116701] Test case with description Change Start page Pass
2016-01-28 00:54:49,407 DEBUG [EBPB_GenericSTTL-116701] Executing browser_Quit function
2016-01-28 00:54:49,407 DEBUG [EBPB_GenericSTTL-116701] Completed browser_Quit function
2016-01-28 00:54:49,407 DEBUG [EBPB_GenericSTTL-116701] Completed quitSelendroid function
2016-01-28 00:54:49,408 DEBUG [EBPB_GenericSTTL-116701] Row number:2
2016-01-28 00:54:49,432 DEBUG [EBPB_GenericSTTL-116701] Ending Test Case IDSTTL-116701
