2016-01-28 05:07:40,376 DEBUG [EBRE22_SignalSTTL-116706] Executing Test Case ID: STTL-116706
2016-01-28 05:07:40,382 DEBUG [EBRE22_SignalSTTL-116706] Executing Init_Selendroid function with APK as parameter and clear data value with 1
2016-01-28 05:07:50,452 DEBUG [EBRE22_SignalSTTL-116706] Exiting Init_Selendroid function
2016-01-28 05:07:50,465 DEBUG [EBRE22_SignalSTTL-116706] TestCase with Description "Signal Visible with Layout Left" Execution started
2016-01-28 05:07:50,465 DEBUG [EBRE22_SignalSTTL-116706] In execute keyword function
2016-01-28 05:07:50,465 DEBUG [EBRE22_SignalSTTL-116706] Executing wait function:
2016-01-28 05:07:50,465 DEBUG [EBRE22_SignalSTTL-116706] Started Executing wait function
2016-01-28 05:07:53,466 DEBUG [EBRE22_SignalSTTL-116706] Exiting from wait function
2016-01-28 05:07:53,466 DEBUG [EBRE22_SignalSTTL-116706] TestStepResult of wait: Pass
2016-01-28 05:07:53,466 DEBUG [EBRE22_SignalSTTL-116706] In execute keyword function
2016-01-28 05:07:53,466 DEBUG [EBRE22_SignalSTTL-116706] Executing validate_PageTitle function:
2016-01-28 05:07:53,508 DEBUG [EBRE22_SignalSTTL-116706] The title of the page is *********************************: RE 2.2 Tests
2016-01-28 05:07:53,509 DEBUG [EBRE22_SignalSTTL-116706] The page title found is correct
2016-01-28 05:07:53,509 DEBUG [EBRE22_SignalSTTL-116706] Result of validate_PageTitle: pass
2016-01-28 05:07:53,509 DEBUG [EBRE22_SignalSTTL-116706] In execute keyword function
2016-01-28 05:07:53,509 DEBUG [EBRE22_SignalSTTL-116706] Executing link_Click function:
2016-01-28 05:07:54,221 DEBUG [EBRE22_SignalSTTL-116706] Executing Click function
2016-01-28 05:07:55,476 DEBUG [EBRE22_SignalSTTL-116706] Exiting Click function
2016-01-28 05:07:55,477 DEBUG [EBRE22_SignalSTTL-116706] RE22_signal_test_link clicked successfully
2016-01-28 05:07:55,477 DEBUG [EBRE22_SignalSTTL-116706] TestStepResult of link_Click: Pass
2016-01-28 05:07:55,477 DEBUG [EBRE22_SignalSTTL-116706] In execute keyword function
2016-01-28 05:07:55,477 DEBUG [EBRE22_SignalSTTL-116706] Executing validate_PageTitle function:
2016-01-28 05:07:55,514 DEBUG [EBRE22_SignalSTTL-116706] The title of the page is *********************************: Signal Test
2016-01-28 05:07:55,514 DEBUG [EBRE22_SignalSTTL-116706] The page title found is correct
2016-01-28 05:07:55,514 DEBUG [EBRE22_SignalSTTL-116706] Result of validate_PageTitle: pass
2016-01-28 05:07:55,514 DEBUG [EBRE22_SignalSTTL-116706] In execute keyword function
2016-01-28 05:07:55,514 DEBUG [EBRE22_SignalSTTL-116706] Executing SelectTestToRun function:
2016-01-28 05:07:58,385 DEBUG [EBRE22_SignalSTTL-116706] Successfull in selecting clicking the category
2016-01-28 05:07:58,386 DEBUG [EBRE22_SignalSTTL-116706] TestStepResult of SelectTestToRun: pass
2016-01-28 05:07:58,386 DEBUG [EBRE22_SignalSTTL-116706] In execute keyword function
2016-01-28 05:07:58,386 DEBUG [EBRE22_SignalSTTL-116706] Executing ClickRunTest function:
2016-01-28 05:07:58,711 DEBUG [EBRE22_SignalSTTL-116706] Executing Click function
2016-01-28 05:07:59,721 DEBUG [EBRE22_SignalSTTL-116706] Exiting Click function
2016-01-28 05:07:59,721 DEBUG [EBRE22_SignalSTTL-116706] toprun_xpath Button clicked Successfully
2016-01-28 05:07:59,721 DEBUG [EBRE22_SignalSTTL-116706] TestStepResult of ClickRunTest: pass
2016-01-28 05:07:59,721 DEBUG [EBRE22_SignalSTTL-116706] In execute keyword function
2016-01-28 05:07:59,721 DEBUG [EBRE22_SignalSTTL-116706] Executing wait function:
2016-01-28 05:07:59,721 DEBUG [EBRE22_SignalSTTL-116706] Started Executing wait function
2016-01-28 05:08:02,722 DEBUG [EBRE22_SignalSTTL-116706] Exiting from wait function
2016-01-28 05:08:02,722 DEBUG [EBRE22_SignalSTTL-116706] TestStepResult of wait: Pass
2016-01-28 05:08:02,722 DEBUG [EBRE22_SignalSTTL-116706] In execute keyword function
2016-01-28 05:08:02,722 DEBUG [EBRE22_SignalSTTL-116706] Executing TakeScreenshot function:
2016-01-28 05:08:03,548 DEBUG [EBRE22_SignalSTTL-116706] Started Executing Validate_App_launched_Device function
2016-01-28 05:08:03,548 DEBUG [EBRE22_SignalSTTL-116706] Entered CheckUIButtonExists function
2016-01-28 05:08:03,548 DEBUG [EBRE22_SignalSTTL-116706] Started executeCommandLine function
2016-01-28 05:08:07,557 DEBUG [EBRE22_SignalSTTL-116706] Exiting from executeCommandLine function
2016-01-28 05:08:07,557 DEBUG [EBRE22_SignalSTTL-116706] Button is not Present
2016-01-28 05:08:07,557 DEBUG [EBRE22_SignalSTTL-116706] Exiting from CheckUIButtonExists function
2016-01-28 05:08:07,557 DEBUG [EBRE22_SignalSTTL-116706] Started executeCommandLine function
2016-01-28 05:08:11,578 DEBUG [EBRE22_SignalSTTL-116706] Given App is in Foreground
2016-01-28 05:08:11,578 DEBUG [EBRE22_SignalSTTL-116706] Exiting Validate_App_launched_Device function
2016-01-28 05:08:11,733 DEBUG [EBRE22_SignalSTTL-116706] TestStepResult of TakeScreenshot: pass
2016-01-28 05:08:11,733 DEBUG [EBRE22_SignalSTTL-116706] In execute keyword function
2016-01-28 05:08:11,733 DEBUG [EBRE22_SignalSTTL-116706] Executing validate_Screenshot function:
2016-01-28 05:08:11,892 DEBUG [EBRE22_SignalSTTL-116706] Match found with reference image
2016-01-28 05:08:11,892 DEBUG [EBRE22_SignalSTTL-116706] Result of validate_Screenshot: Pass
2016-01-28 05:08:11,892 DEBUG [EBRE22_SignalSTTL-116706] In execute keyword function
2016-01-28 05:08:11,892 DEBUG [EBRE22_SignalSTTL-116706] TestStepResult of : Function <> not found in the keyword class
2016-01-28 05:08:11,892 DEBUG [EBRE22_SignalSTTL-116706] allstep_result contains: Function <> not found in the keyword classpassPasspasspassPassPassnull
2016-01-28 05:08:11,892 DEBUG [EBRE22_SignalSTTL-116706] allexpected_result contains: nullPassnullpassnullpassnull
2016-01-28 05:08:11,892 DEBUG [EBRE22_SignalSTTL-116706] Testcase_Result contains: nullPassnullpassnullpassnullFunction <> not found in the keyword classpassPasspasspassPassPassnull
2016-01-28 05:08:11,893 DEBUG [EBRE22_SignalSTTL-116706] Test case with description Signal Visible with Layout Left Pass
2016-01-28 05:08:12,853 DEBUG [EBRE22_SignalSTTL-116706] Executing browser_Quit function
2016-01-28 05:08:12,853 DEBUG [EBRE22_SignalSTTL-116706] Completed browser_Quit function
2016-01-28 05:08:12,853 DEBUG [EBRE22_SignalSTTL-116706] Completed quitSelendroid function
2016-01-28 05:08:12,853 DEBUG [EBRE22_SignalSTTL-116706] Row number:7
2016-01-28 05:08:12,881 DEBUG [EBRE22_SignalSTTL-116706] Ending Test Case IDSTTL-116706
