2016-01-28 05:10:11,224 DEBUG [EBRE22_SignalSTTL-116711] Executing Test Case ID: STTL-116711
2016-01-28 05:10:11,230 DEBUG [EBRE22_SignalSTTL-116711] Executing Init_Selendroid function with APK as parameter and clear data value with 1
2016-01-28 05:10:21,175 DEBUG [EBRE22_SignalSTTL-116711] Exiting Init_Selendroid function
2016-01-28 05:10:21,187 DEBUG [EBRE22_SignalSTTL-116711] TestCase with Description "Signal Event with Wlan radio disable" Execution started
2016-01-28 05:10:21,187 DEBUG [EBRE22_SignalSTTL-116711] In execute keyword function
2016-01-28 05:10:21,187 DEBUG [EBRE22_SignalSTTL-116711] Executing wait function:
2016-01-28 05:10:21,187 DEBUG [EBRE22_SignalSTTL-116711] Started Executing wait function
2016-01-28 05:10:24,187 DEBUG [EBRE22_SignalSTTL-116711] Exiting from wait function
2016-01-28 05:10:24,187 DEBUG [EBRE22_SignalSTTL-116711] TestStepResult of wait: Pass
2016-01-28 05:10:24,187 DEBUG [EBRE22_SignalSTTL-116711] In execute keyword function
2016-01-28 05:10:24,187 DEBUG [EBRE22_SignalSTTL-116711] Executing validate_PageTitle function:
2016-01-28 05:10:24,227 DEBUG [EBRE22_SignalSTTL-116711] The title of the page is *********************************: RE 2.2 Tests
2016-01-28 05:10:24,227 DEBUG [EBRE22_SignalSTTL-116711] The page title found is correct
2016-01-28 05:10:24,227 DEBUG [EBRE22_SignalSTTL-116711] Result of validate_PageTitle: pass
2016-01-28 05:10:24,227 DEBUG [EBRE22_SignalSTTL-116711] In execute keyword function
2016-01-28 05:10:24,227 DEBUG [EBRE22_SignalSTTL-116711] Executing link_Click function:
2016-01-28 05:10:24,925 DEBUG [EBRE22_SignalSTTL-116711] Executing Click function
2016-01-28 05:10:26,212 DEBUG [EBRE22_SignalSTTL-116711] Exiting Click function
2016-01-28 05:10:26,212 DEBUG [EBRE22_SignalSTTL-116711] RE22_signal_test_link clicked successfully
2016-01-28 05:10:26,212 DEBUG [EBRE22_SignalSTTL-116711] TestStepResult of link_Click: Pass
2016-01-28 05:10:26,212 DEBUG [EBRE22_SignalSTTL-116711] In execute keyword function
2016-01-28 05:10:26,212 DEBUG [EBRE22_SignalSTTL-116711] Executing validate_PageTitle function:
2016-01-28 05:10:26,252 DEBUG [EBRE22_SignalSTTL-116711] The title of the page is *********************************: Signal Test
2016-01-28 05:10:26,252 DEBUG [EBRE22_SignalSTTL-116711] The page title found is correct
2016-01-28 05:10:26,252 DEBUG [EBRE22_SignalSTTL-116711] Result of validate_PageTitle: pass
2016-01-28 05:10:26,252 DEBUG [EBRE22_SignalSTTL-116711] In execute keyword function
2016-01-28 05:10:26,252 DEBUG [EBRE22_SignalSTTL-116711] Executing SelectTestToRun function:
2016-01-28 05:10:29,695 DEBUG [EBRE22_SignalSTTL-116711] Successfull in selecting clicking the category
2016-01-28 05:10:29,695 DEBUG [EBRE22_SignalSTTL-116711] TestStepResult of SelectTestToRun: pass
2016-01-28 05:10:29,695 DEBUG [EBRE22_SignalSTTL-116711] In execute keyword function
2016-01-28 05:10:29,695 DEBUG [EBRE22_SignalSTTL-116711] Executing ClickRunTest function:
2016-01-28 05:10:30,073 DEBUG [EBRE22_SignalSTTL-116711] Executing Click function
2016-01-28 05:10:31,084 DEBUG [EBRE22_SignalSTTL-116711] Exiting Click function
2016-01-28 05:10:31,084 DEBUG [EBRE22_SignalSTTL-116711] toprun_xpath Button clicked Successfully
2016-01-28 05:10:31,084 DEBUG [EBRE22_SignalSTTL-116711] TestStepResult of ClickRunTest: pass
2016-01-28 05:10:31,084 DEBUG [EBRE22_SignalSTTL-116711] In execute keyword function
2016-01-28 05:10:31,084 DEBUG [EBRE22_SignalSTTL-116711] Executing wait function:
2016-01-28 05:10:31,084 DEBUG [EBRE22_SignalSTTL-116711] Started Executing wait function
2016-01-28 05:10:34,085 DEBUG [EBRE22_SignalSTTL-116711] Exiting from wait function
2016-01-28 05:10:34,085 DEBUG [EBRE22_SignalSTTL-116711] TestStepResult of wait: Pass
2016-01-28 05:10:34,085 DEBUG [EBRE22_SignalSTTL-116711] In execute keyword function
2016-01-28 05:10:34,085 DEBUG [EBRE22_SignalSTTL-116711] Executing validate_Result function:
2016-01-28 05:10:34,341 DEBUG [EBRE22_SignalSTTL-116711] Signal: Text not found in 
2016-01-28 05:10:34,342 DEBUG [EBRE22_SignalSTTL-116711] Result of validate_Result: Fail
2016-01-28 05:10:34,342 DEBUG [EBRE22_SignalSTTL-116711] In execute keyword function
2016-01-28 05:10:34,342 DEBUG [EBRE22_SignalSTTL-116711] Executing validate_Result function:
2016-01-28 05:10:34,482 DEBUG [EBRE22_SignalSTTL-116711] ESSID:"ard" Text not found in 
2016-01-28 05:10:34,482 DEBUG [EBRE22_SignalSTTL-116711] Result of validate_Result: Fail
2016-01-28 05:10:34,482 DEBUG [EBRE22_SignalSTTL-116711] In execute keyword function
2016-01-28 05:10:34,482 DEBUG [EBRE22_SignalSTTL-116711] Executing validate_Result function:
2016-01-28 05:10:34,596 DEBUG [EBRE22_SignalSTTL-116711] MAC: Text not found in 
2016-01-28 05:10:34,596 DEBUG [EBRE22_SignalSTTL-116711] Result of validate_Result: Fail
2016-01-28 05:10:34,596 DEBUG [EBRE22_SignalSTTL-116711] In execute keyword function
2016-01-28 05:10:34,596 DEBUG [EBRE22_SignalSTTL-116711] Executing validate_Result function:
2016-01-28 05:10:34,797 DEBUG [EBRE22_SignalSTTL-116711] AdapterName: wlan0 Text not found in 
2016-01-28 05:10:34,797 DEBUG [EBRE22_SignalSTTL-116711] Result of validate_Result: Fail
2016-01-28 05:10:34,797 DEBUG [EBRE22_SignalSTTL-116711] In execute keyword function
2016-01-28 05:10:34,797 DEBUG [EBRE22_SignalSTTL-116711] Executing validate_Result function:
2016-01-28 05:10:34,924 DEBUG [EBRE22_SignalSTTL-116711] DHCPServer: Text not found in 
2016-01-28 05:10:34,924 DEBUG [EBRE22_SignalSTTL-116711] Result of validate_Result: Fail
2016-01-28 05:10:34,924 DEBUG [EBRE22_SignalSTTL-116711] In execute keyword function
2016-01-28 05:10:34,924 DEBUG [EBRE22_SignalSTTL-116711] Executing validate_Result function:
2016-01-28 05:10:35,106 DEBUG [EBRE22_SignalSTTL-116711] DHCPStatic: Text not found in 
2016-01-28 05:10:35,106 DEBUG [EBRE22_SignalSTTL-116711] Result of validate_Result: Fail
2016-01-28 05:10:35,106 DEBUG [EBRE22_SignalSTTL-116711] In execute keyword function
2016-01-28 05:10:35,106 DEBUG [EBRE22_SignalSTTL-116711] Executing validate_Result function:
2016-01-28 05:10:35,270 DEBUG [EBRE22_SignalSTTL-116711] Gateway: 10.233 Text not found in 
2016-01-28 05:10:35,270 DEBUG [EBRE22_SignalSTTL-116711] Result of validate_Result: Fail
2016-01-28 05:10:35,270 DEBUG [EBRE22_SignalSTTL-116711] In execute keyword function
2016-01-28 05:10:35,271 DEBUG [EBRE22_SignalSTTL-116711] Executing validate_Result function:
2016-01-28 05:10:35,464 DEBUG [EBRE22_SignalSTTL-116711] IPAddress: 10.233 Text not found in 
2016-01-28 05:10:35,464 DEBUG [EBRE22_SignalSTTL-116711] Result of validate_Result: Fail
2016-01-28 05:10:35,464 DEBUG [EBRE22_SignalSTTL-116711] In execute keyword function
2016-01-28 05:10:35,464 DEBUG [EBRE22_SignalSTTL-116711] Executing validate_Result function:
2016-01-28 05:10:35,631 DEBUG [EBRE22_SignalSTTL-116711] RSSI: Text found in Signal: 100
ESSID:"ard"
MAC: 40:83:de:7e:5e:f4
AdapterName: wlan0
DHCPServer: 10.233.92.20
DHCPStatic:
Gateway: 10.233.82.254
IPAddress: 10.233.82.34
RSSI: -38
SubnetMask: 255.255.255.0
Wins:
Count: 1
2016-01-28 05:10:35,631 DEBUG [EBRE22_SignalSTTL-116711] Result of validate_Result: Pass
2016-01-28 05:10:35,631 DEBUG [EBRE22_SignalSTTL-116711] In execute keyword function
2016-01-28 05:10:35,631 DEBUG [EBRE22_SignalSTTL-116711] Executing validate_Result function:
2016-01-28 05:10:35,822 DEBUG [EBRE22_SignalSTTL-116711] SubnetMask: 255.255 Text found in Signal: 100
ESSID:"ard"
MAC: 40:83:de:7e:5e:f4
AdapterName: wlan0
DHCPServer: 10.233.92.20
DHCPStatic:
Gateway: 10.233.82.254
IPAddress: 10.233.82.34
RSSI: -38
SubnetMask: 255.255.255.0
Wins:
Count: 1
2016-01-28 05:10:35,822 DEBUG [EBRE22_SignalSTTL-116711] Result of validate_Result: Pass
2016-01-28 05:10:35,822 DEBUG [EBRE22_SignalSTTL-116711] In execute keyword function
2016-01-28 05:10:35,822 DEBUG [EBRE22_SignalSTTL-116711] Executing validate_Result function:
2016-01-28 05:10:35,990 DEBUG [EBRE22_SignalSTTL-116711] Wins: Text found in Signal: 100
ESSID:"ard"
MAC: 40:83:de:7e:5e:f4
AdapterName: wlan0
DHCPServer: 10.233.92.20
DHCPStatic:
Gateway: 10.233.82.254
IPAddress: 10.233.82.34
RSSI: -38
SubnetMask: 255.255.255.0
Wins:
Count: 1
2016-01-28 05:10:35,990 DEBUG [EBRE22_SignalSTTL-116711] Result of validate_Result: Pass
2016-01-28 05:10:35,990 DEBUG [EBRE22_SignalSTTL-116711] In execute keyword function
2016-01-28 05:10:35,990 DEBUG [EBRE22_SignalSTTL-116711] Executing validate_Result function:
2016-01-28 05:10:36,172 DEBUG [EBRE22_SignalSTTL-116711] Count: Text found in Signal: 100
ESSID:"ard"
MAC: 40:83:de:7e:5e:f4
AdapterName: wlan0
DHCPServer: 10.233.92.20
DHCPStatic:
Gateway: 10.233.82.254
IPAddress: 10.233.82.34
RSSI: -38
SubnetMask: 255.255.255.0
Wins:
Count: 1
2016-01-28 05:10:36,172 DEBUG [EBRE22_SignalSTTL-116711] Result of validate_Result: Pass
2016-01-28 05:10:36,172 DEBUG [EBRE22_SignalSTTL-116711] In execute keyword function
2016-01-28 05:10:36,172 DEBUG [EBRE22_SignalSTTL-116711] Executing wait function:
2016-01-28 05:10:36,172 DEBUG [EBRE22_SignalSTTL-116711] Started Executing wait function
2016-01-28 05:10:38,172 DEBUG [EBRE22_SignalSTTL-116711] Exiting from wait function
2016-01-28 05:10:38,172 DEBUG [EBRE22_SignalSTTL-116711] TestStepResult of wait: Pass
2016-01-28 05:10:38,172 DEBUG [EBRE22_SignalSTTL-116711] In execute keyword function
2016-01-28 05:10:38,172 DEBUG [EBRE22_SignalSTTL-116711] Executing wifi_Mode function:
2016-01-28 05:10:38,172 DEBUG [EBRE22_SignalSTTL-116711] Started executeCommandLine function
2016-01-28 05:10:42,193 DEBUG [EBRE22_SignalSTTL-116711] Turning off WiFi
2016-01-28 05:10:42,193 DEBUG [EBRE22_SignalSTTL-116711] Started executeCommandLine function
2016-01-28 05:10:47,215 DEBUG [EBRE22_SignalSTTL-116711] Started executeCommandLine function
2016-01-28 05:11:01,237 DEBUG [EBRE22_SignalSTTL-116711] TestStepResult of wifi_Mode: pass
2016-01-28 05:11:01,237 DEBUG [EBRE22_SignalSTTL-116711] In execute keyword function
2016-01-28 05:11:01,237 DEBUG [EBRE22_SignalSTTL-116711] Executing press_Key function:
2016-01-28 05:11:01,237 DEBUG [EBRE22_SignalSTTL-116711] Started executeCommandLine function
2016-01-28 05:11:05,258 DEBUG [EBRE22_SignalSTTL-116711] Exiting from executeCommandLine function
2016-01-28 05:11:05,258 DEBUG [EBRE22_SignalSTTL-116711] pressed on the home key
2016-01-28 05:11:05,258 DEBUG [EBRE22_SignalSTTL-116711] home works
2016-01-28 05:11:06,258 DEBUG [EBRE22_SignalSTTL-116711] TestStepResult of press_Key: pass
2016-01-28 05:11:06,258 DEBUG [EBRE22_SignalSTTL-116711] In execute keyword function
2016-01-28 05:11:06,258 DEBUG [EBRE22_SignalSTTL-116711] Executing launch_App_Device function:
2016-01-28 05:11:06,258 DEBUG [EBRE22_SignalSTTL-116711] Started Executing Launch_App_Device function
2016-01-28 05:11:06,258 DEBUG [EBRE22_SignalSTTL-116711] Started executeCommandLine function
2016-01-28 05:11:10,278 DEBUG [EBRE22_SignalSTTL-116711] Exiting from executeCommandLine function
2016-01-28 05:11:11,279 DEBUG [EBRE22_SignalSTTL-116711] Successfully launched the App
2016-01-28 05:11:11,279 DEBUG [EBRE22_SignalSTTL-116711] Exiting Launch_App_Device function
2016-01-28 05:11:11,279 DEBUG [EBRE22_SignalSTTL-116711] TestStepResult of launch_App_Device: Pass
2016-01-28 05:11:11,279 DEBUG [EBRE22_SignalSTTL-116711] In execute keyword function
2016-01-28 05:11:11,279 DEBUG [EBRE22_SignalSTTL-116711] Executing wait function:
2016-01-28 05:11:11,279 DEBUG [EBRE22_SignalSTTL-116711] Started Executing wait function
2016-01-28 05:11:13,279 DEBUG [EBRE22_SignalSTTL-116711] Exiting from wait function
2016-01-28 05:11:13,279 DEBUG [EBRE22_SignalSTTL-116711] TestStepResult of wait: Pass
2016-01-28 05:11:13,279 DEBUG [EBRE22_SignalSTTL-116711] In execute keyword function
2016-01-28 05:11:13,279 DEBUG [EBRE22_SignalSTTL-116711] Executing validate_Result function:
2016-01-28 05:11:13,471 DEBUG [EBRE22_SignalSTTL-116711] Signal: 0 Text found in Signal: 0
ESSID:
MAC: 00:00:00:00:00:00
AdapterName:
DHCPServer:
DHCPStatic:
Gateway:
IPAddress:
RSSI: 0
SubnetMask:
Wins:
Count: 8
2016-01-28 05:11:13,471 DEBUG [EBRE22_SignalSTTL-116711] Result of validate_Result: Pass
2016-01-28 05:11:13,471 DEBUG [EBRE22_SignalSTTL-116711] In execute keyword function
2016-01-28 05:11:13,471 DEBUG [EBRE22_SignalSTTL-116711] Executing validate_Result function:
2016-01-28 05:11:13,627 DEBUG [EBRE22_SignalSTTL-116711] ESSID: Text found in Signal: 0
ESSID:
MAC: 00:00:00:00:00:00
AdapterName:
DHCPServer:
DHCPStatic:
Gateway:
IPAddress:
RSSI: 0
SubnetMask:
Wins:
Count: 8
2016-01-28 05:11:13,627 DEBUG [EBRE22_SignalSTTL-116711] Result of validate_Result: Pass
2016-01-28 05:11:13,627 DEBUG [EBRE22_SignalSTTL-116711] In execute keyword function
2016-01-28 05:11:13,627 DEBUG [EBRE22_SignalSTTL-116711] Executing validate_Result function:
2016-01-28 05:11:13,765 DEBUG [EBRE22_SignalSTTL-116711] MAC: 00:00:00 Text found in Signal: 0
ESSID:
MAC: 00:00:00:00:00:00
AdapterName:
DHCPServer:
DHCPStatic:
Gateway:
IPAddress:
RSSI: 0
SubnetMask:
Wins:
Count: 8
2016-01-28 05:11:13,765 DEBUG [EBRE22_SignalSTTL-116711] Result of validate_Result: Pass
2016-01-28 05:11:13,765 DEBUG [EBRE22_SignalSTTL-116711] In execute keyword function
2016-01-28 05:11:13,765 DEBUG [EBRE22_SignalSTTL-116711] Executing validate_Result function:
2016-01-28 05:11:13,949 DEBUG [EBRE22_SignalSTTL-116711] AdapterName: Text found in Signal: 0
ESSID:
MAC: 00:00:00:00:00:00
AdapterName:
DHCPServer:
DHCPStatic:
Gateway:
IPAddress:
RSSI: 0
SubnetMask:
Wins:
Count: 8
2016-01-28 05:11:13,949 DEBUG [EBRE22_SignalSTTL-116711] Result of validate_Result: Pass
2016-01-28 05:11:13,949 DEBUG [EBRE22_SignalSTTL-116711] In execute keyword function
2016-01-28 05:11:13,949 DEBUG [EBRE22_SignalSTTL-116711] Executing validate_Result function:
2016-01-28 05:11:14,125 DEBUG [EBRE22_SignalSTTL-116711] DHCPServer: Text found in Signal: 0
ESSID:
MAC: 00:00:00:00:00:00
AdapterName:
DHCPServer:
DHCPStatic:
Gateway:
IPAddress:
RSSI: 0
SubnetMask:
Wins:
Count: 8
2016-01-28 05:11:14,125 DEBUG [EBRE22_SignalSTTL-116711] Result of validate_Result: Pass
2016-01-28 05:11:14,125 DEBUG [EBRE22_SignalSTTL-116711] In execute keyword function
2016-01-28 05:11:14,125 DEBUG [EBRE22_SignalSTTL-116711] Executing validate_Result function:
2016-01-28 05:11:14,292 DEBUG [EBRE22_SignalSTTL-116711] DHCPStatic: Text found in Signal: 0
ESSID:
MAC: 00:00:00:00:00:00
AdapterName:
DHCPServer:
DHCPStatic:
Gateway:
IPAddress:
RSSI: 0
SubnetMask:
Wins:
Count: 8
2016-01-28 05:11:14,292 DEBUG [EBRE22_SignalSTTL-116711] Result of validate_Result: Pass
2016-01-28 05:11:14,292 DEBUG [EBRE22_SignalSTTL-116711] In execute keyword function
2016-01-28 05:11:14,292 DEBUG [EBRE22_SignalSTTL-116711] Executing validate_Result function:
2016-01-28 05:11:14,425 DEBUG [EBRE22_SignalSTTL-116711] Gateway: Text found in Signal: 0
ESSID:
MAC: 00:00:00:00:00:00
AdapterName:
DHCPServer:
DHCPStatic:
Gateway:
IPAddress:
RSSI: 0
SubnetMask:
Wins:
Count: 8
2016-01-28 05:11:14,425 DEBUG [EBRE22_SignalSTTL-116711] Result of validate_Result: Pass
2016-01-28 05:11:14,425 DEBUG [EBRE22_SignalSTTL-116711] In execute keyword function
2016-01-28 05:11:14,425 DEBUG [EBRE22_SignalSTTL-116711] Executing validate_Result function:
2016-01-28 05:11:14,624 DEBUG [EBRE22_SignalSTTL-116711] IPAddress: Text found in Signal: 0
ESSID:
MAC: 00:00:00:00:00:00
AdapterName:
DHCPServer:
DHCPStatic:
Gateway:
IPAddress:
RSSI: 0
SubnetMask:
Wins:
Count: 8
2016-01-28 05:11:14,624 DEBUG [EBRE22_SignalSTTL-116711] Result of validate_Result: Pass
2016-01-28 05:11:14,624 DEBUG [EBRE22_SignalSTTL-116711] In execute keyword function
2016-01-28 05:11:14,624 DEBUG [EBRE22_SignalSTTL-116711] Executing validate_Result function:
2016-01-28 05:11:14,798 DEBUG [EBRE22_SignalSTTL-116711] RSSI: 0 Text found in Signal: 0
ESSID:
MAC: 00:00:00:00:00:00
AdapterName:
DHCPServer:
DHCPStatic:
Gateway:
IPAddress:
RSSI: 0
SubnetMask:
Wins:
Count: 8
2016-01-28 05:11:14,798 DEBUG [EBRE22_SignalSTTL-116711] Result of validate_Result: Pass
2016-01-28 05:11:14,798 DEBUG [EBRE22_SignalSTTL-116711] In execute keyword function
2016-01-28 05:11:14,798 DEBUG [EBRE22_SignalSTTL-116711] Executing validate_Result function:
2016-01-28 05:11:14,950 DEBUG [EBRE22_SignalSTTL-116711] SubnetMask: Text found in Signal: 0
ESSID:
MAC: 00:00:00:00:00:00
AdapterName:
DHCPServer:
DHCPStatic:
Gateway:
IPAddress:
RSSI: 0
SubnetMask:
Wins:
Count: 8
2016-01-28 05:11:14,950 DEBUG [EBRE22_SignalSTTL-116711] Result of validate_Result: Pass
2016-01-28 05:11:14,950 DEBUG [EBRE22_SignalSTTL-116711] In execute keyword function
2016-01-28 05:11:14,950 DEBUG [EBRE22_SignalSTTL-116711] Executing validate_Result function:
2016-01-28 05:11:15,088 DEBUG [EBRE22_SignalSTTL-116711] Wins: Text found in Signal: 0
ESSID:
MAC: 00:00:00:00:00:00
AdapterName:
DHCPServer:
DHCPStatic:
Gateway:
IPAddress:
RSSI: 0
SubnetMask:
Wins:
Count: 8
2016-01-28 05:11:15,088 DEBUG [EBRE22_SignalSTTL-116711] Result of validate_Result: Pass
2016-01-28 05:11:15,088 DEBUG [EBRE22_SignalSTTL-116711] In execute keyword function
2016-01-28 05:11:15,088 DEBUG [EBRE22_SignalSTTL-116711] Executing validate_Result function:
2016-01-28 05:11:15,295 DEBUG [EBRE22_SignalSTTL-116711] Count: Text found in Signal: 0
ESSID:
MAC: 00:00:00:00:00:00
AdapterName:
DHCPServer:
DHCPStatic:
Gateway:
IPAddress:
RSSI: 0
SubnetMask:
Wins:
Count: 8
2016-01-28 05:11:15,295 DEBUG [EBRE22_SignalSTTL-116711] Result of validate_Result: Pass
2016-01-28 05:11:15,295 DEBUG [EBRE22_SignalSTTL-116711] In execute keyword function
2016-01-28 05:11:15,295 DEBUG [EBRE22_SignalSTTL-116711] Executing wifi_Mode function:
2016-01-28 05:11:15,295 DEBUG [EBRE22_SignalSTTL-116711] Started executeCommandLine function
2016-01-28 05:11:19,316 DEBUG [EBRE22_SignalSTTL-116711] Turning on WiFi
2016-01-28 05:11:19,316 DEBUG [EBRE22_SignalSTTL-116711] Started executeCommandLine function
2016-01-28 05:11:24,339 DEBUG [EBRE22_SignalSTTL-116711] Started executeCommandLine function
2016-01-28 05:11:38,360 DEBUG [EBRE22_SignalSTTL-116711] TestStepResult of wifi_Mode: pass
2016-01-28 05:11:38,360 DEBUG [EBRE22_SignalSTTL-116711] In execute keyword function
2016-01-28 05:11:38,360 DEBUG [EBRE22_SignalSTTL-116711] Executing press_Key function:
2016-01-28 05:11:38,360 DEBUG [EBRE22_SignalSTTL-116711] Started executeCommandLine function
2016-01-28 05:11:42,382 DEBUG [EBRE22_SignalSTTL-116711] Exiting from executeCommandLine function
2016-01-28 05:11:42,382 DEBUG [EBRE22_SignalSTTL-116711] pressed on the home key
2016-01-28 05:11:42,382 DEBUG [EBRE22_SignalSTTL-116711] home works
2016-01-28 05:11:43,382 DEBUG [EBRE22_SignalSTTL-116711] TestStepResult of press_Key: pass
2016-01-28 05:11:43,382 DEBUG [EBRE22_SignalSTTL-116711] In execute keyword function
2016-01-28 05:11:43,382 DEBUG [EBRE22_SignalSTTL-116711] Executing launch_App_Device function:
2016-01-28 05:11:43,382 DEBUG [EBRE22_SignalSTTL-116711] Started Executing Launch_App_Device function
2016-01-28 05:11:43,382 DEBUG [EBRE22_SignalSTTL-116711] Started executeCommandLine function
2016-01-28 05:11:47,402 DEBUG [EBRE22_SignalSTTL-116711] Exiting from executeCommandLine function
2016-01-28 05:11:48,402 DEBUG [EBRE22_SignalSTTL-116711] Successfully launched the App
2016-01-28 05:11:48,402 DEBUG [EBRE22_SignalSTTL-116711] Exiting Launch_App_Device function
2016-01-28 05:11:48,402 DEBUG [EBRE22_SignalSTTL-116711] TestStepResult of launch_App_Device: Pass
2016-01-28 05:11:48,402 DEBUG [EBRE22_SignalSTTL-116711] In execute keyword function
2016-01-28 05:11:48,402 DEBUG [EBRE22_SignalSTTL-116711] Executing wait function:
2016-01-28 05:11:48,402 DEBUG [EBRE22_SignalSTTL-116711] Started Executing wait function
2016-01-28 05:11:51,403 DEBUG [EBRE22_SignalSTTL-116711] Exiting from wait function
2016-01-28 05:11:51,403 DEBUG [EBRE22_SignalSTTL-116711] TestStepResult of wait: Pass
2016-01-28 05:11:51,403 DEBUG [EBRE22_SignalSTTL-116711] allstep_result contains: PassPasspasspassPassPasspasspassPassPasspasspassPassPassnull
2016-01-28 05:11:51,403 DEBUG [EBRE22_SignalSTTL-116711] allexpected_result contains: nullPassPassPassPassPassPassPassPassPassPassPassPassnullFailFailFailFailFailFailFailFailPassPassPassPassnullpassnullpassnull
2016-01-28 05:11:51,403 DEBUG [EBRE22_SignalSTTL-116711] Testcase_Result contains: nullPassPassPassPassPassPassPassPassPassPassPassPassnullFailFailFailFailFailFailFailFailPassPassPassPassnullpassnullpassnullPassPasspasspassPassPasspasspassPassPasspasspassPassPassnull
2016-01-28 05:11:51,403 DEBUG [EBRE22_SignalSTTL-116711] Test case with description Signal Event with Wlan radio disable Fail
2016-01-28 05:11:52,395 DEBUG [EBRE22_SignalSTTL-116711] Executing browser_Quit function
2016-01-28 05:11:52,395 DEBUG [EBRE22_SignalSTTL-116711] Completed browser_Quit function
2016-01-28 05:11:52,395 DEBUG [EBRE22_SignalSTTL-116711] Completed quitSelendroid function
2016-01-28 05:11:52,395 DEBUG [EBRE22_SignalSTTL-116711] Row number:12
