2016-01-28 03:26:40,903 DEBUG [EBRE22_FileManagementSTTL-116703] Executing Test Case ID: STTL-116703
2016-01-28 03:26:40,909 DEBUG [EBRE22_FileManagementSTTL-116703] Executing Init_Selendroid function with APK as parameter and clear data value with 1
2016-01-28 03:26:50,043 DEBUG [EBRE22_FileManagementSTTL-116703] Exiting Init_Selendroid function
2016-01-28 03:26:50,056 DEBUG [EBRE22_FileManagementSTTL-116703] TestCase with Description "Note: Run this test with Javascript object.

Device File Transfer to HTTP" Execution started
2016-01-28 03:26:50,056 DEBUG [EBRE22_FileManagementSTTL-116703] In execute keyword function
2016-01-28 03:26:50,056 DEBUG [EBRE22_FileManagementSTTL-116703] Executing wait function:
2016-01-28 03:26:50,056 DEBUG [EBRE22_FileManagementSTTL-116703] Started Executing wait function
2016-01-28 03:26:52,056 DEBUG [EBRE22_FileManagementSTTL-116703] Exiting from wait function
2016-01-28 03:26:52,056 DEBUG [EBRE22_FileManagementSTTL-116703] TestStepResult of wait: Pass
2016-01-28 03:26:52,056 DEBUG [EBRE22_FileManagementSTTL-116703] In execute keyword function
2016-01-28 03:26:52,056 DEBUG [EBRE22_FileManagementSTTL-116703] Executing validate_PageTitle function:
2016-01-28 03:26:52,097 DEBUG [EBRE22_FileManagementSTTL-116703] The title of the page is *********************************: RE 2.2 Tests
2016-01-28 03:26:52,097 DEBUG [EBRE22_FileManagementSTTL-116703] The page title found is correct
2016-01-28 03:26:52,097 DEBUG [EBRE22_FileManagementSTTL-116703] Result of validate_PageTitle: pass
2016-01-28 03:26:52,097 DEBUG [EBRE22_FileManagementSTTL-116703] In execute keyword function
2016-01-28 03:26:52,098 DEBUG [EBRE22_FileManagementSTTL-116703] Executing link_Click function:
2016-01-28 03:26:52,706 DEBUG [EBRE22_FileManagementSTTL-116703] Executing Click function
2016-01-28 03:26:53,701 DEBUG [EBRE22_FileManagementSTTL-116703] Exiting Click function
2016-01-28 03:26:53,701 DEBUG [EBRE22_FileManagementSTTL-116703] filemanagement_test_link clicked successfully
2016-01-28 03:26:53,701 DEBUG [EBRE22_FileManagementSTTL-116703] TestStepResult of link_Click: Pass
2016-01-28 03:26:53,701 DEBUG [EBRE22_FileManagementSTTL-116703] In execute keyword function
2016-01-28 03:26:53,701 DEBUG [EBRE22_FileManagementSTTL-116703] Executing wait function:
2016-01-28 03:26:53,701 DEBUG [EBRE22_FileManagementSTTL-116703] Started Executing wait function
2016-01-28 03:26:55,701 DEBUG [EBRE22_FileManagementSTTL-116703] Exiting from wait function
2016-01-28 03:26:55,701 DEBUG [EBRE22_FileManagementSTTL-116703] TestStepResult of wait: Pass
2016-01-28 03:26:55,701 DEBUG [EBRE22_FileManagementSTTL-116703] In execute keyword function
2016-01-28 03:26:55,701 DEBUG [EBRE22_FileManagementSTTL-116703] Executing validate_PageTitle function:
2016-01-28 03:26:55,739 DEBUG [EBRE22_FileManagementSTTL-116703] The title of the page is *********************************: PB and RE2.2 Semi Auto Frame Work : FileManagement
2016-01-28 03:26:55,739 DEBUG [EBRE22_FileManagementSTTL-116703] The page title found is correct
2016-01-28 03:26:55,739 DEBUG [EBRE22_FileManagementSTTL-116703] Result of validate_PageTitle: pass
2016-01-28 03:26:55,740 DEBUG [EBRE22_FileManagementSTTL-116703] In execute keyword function
2016-01-28 03:26:55,740 DEBUG [EBRE22_FileManagementSTTL-116703] Executing SelectTestToRun function:
2016-01-28 03:26:58,297 DEBUG [EBRE22_FileManagementSTTL-116703] Successfull in selecting clicking the category
2016-01-28 03:26:58,297 DEBUG [EBRE22_FileManagementSTTL-116703] TestStepResult of SelectTestToRun: pass
2016-01-28 03:26:58,297 DEBUG [EBRE22_FileManagementSTTL-116703] In execute keyword function
2016-01-28 03:26:58,297 DEBUG [EBRE22_FileManagementSTTL-116703] Executing ClickRunTest function:
2016-01-28 03:26:58,677 DEBUG [EBRE22_FileManagementSTTL-116703] Executing Click function
2016-01-28 03:26:59,695 DEBUG [EBRE22_FileManagementSTTL-116703] Exiting Click function
2016-01-28 03:26:59,695 DEBUG [EBRE22_FileManagementSTTL-116703] runtest_top_xpath Button clicked Successfully
2016-01-28 03:26:59,695 DEBUG [EBRE22_FileManagementSTTL-116703] TestStepResult of ClickRunTest: pass
2016-01-28 03:26:59,695 DEBUG [EBRE22_FileManagementSTTL-116703] In execute keyword function
2016-01-28 03:26:59,695 DEBUG [EBRE22_FileManagementSTTL-116703] Executing validate_Text_Exists function:
2016-01-28 03:26:59,990 DEBUG [EBRE22_FileManagementSTTL-116703] VT187-0307 Testcase Text found
2016-01-28 03:26:59,990 DEBUG [EBRE22_FileManagementSTTL-116703] Result of validate_Text_Exists: Pass
2016-01-28 03:26:59,990 DEBUG [EBRE22_FileManagementSTTL-116703] In execute keyword function
2016-01-28 03:26:59,990 DEBUG [EBRE22_FileManagementSTTL-116703] Executing wait function:
2016-01-28 03:26:59,990 DEBUG [EBRE22_FileManagementSTTL-116703] Started Executing wait function
2016-01-28 03:27:19,992 DEBUG [EBRE22_FileManagementSTTL-116703] Exiting from wait function
2016-01-28 03:27:19,992 DEBUG [EBRE22_FileManagementSTTL-116703] TestStepResult of wait: Pass
2016-01-28 03:27:19,992 DEBUG [EBRE22_FileManagementSTTL-116703] In execute keyword function
2016-01-28 03:27:19,992 DEBUG [EBRE22_FileManagementSTTL-116703] Executing validate_Result function:
2016-01-28 03:27:20,263 DEBUG [EBRE22_FileManagementSTTL-116703] Sent Text not found in Error Code: IO Exception
2016-01-28 03:27:20,263 DEBUG [EBRE22_FileManagementSTTL-116703] Result of validate_Result: Fail
2016-01-28 03:27:20,263 DEBUG [EBRE22_FileManagementSTTL-116703] allstep_result contains: PasspasspassPassPassPassnull
2016-01-28 03:27:20,263 DEBUG [EBRE22_FileManagementSTTL-116703] allexpected_result contains: nullFailnullPassnullpassnullpassnull
2016-01-28 03:27:20,263 DEBUG [EBRE22_FileManagementSTTL-116703] Testcase_Result contains: nullFailnullPassnullpassnullpassnullPasspasspassPassPassPassnull
2016-01-28 03:27:20,263 DEBUG [EBRE22_FileManagementSTTL-116703] Test case with description Note: Run this test with Javascript object.

Device File Transfer to HTTP Fail
2016-01-28 03:27:21,251 DEBUG [EBRE22_FileManagementSTTL-116703] Executing browser_Quit function
2016-01-28 03:27:21,251 DEBUG [EBRE22_FileManagementSTTL-116703] Completed browser_Quit function
2016-01-28 03:27:21,251 DEBUG [EBRE22_FileManagementSTTL-116703] Completed quitSelendroid function
2016-01-28 03:27:21,251 DEBUG [EBRE22_FileManagementSTTL-116703] Row number:4
