2016-01-28 03:26:01,067 DEBUG [EBRE22_FileManagementSTTL-116702] Executing Test Case ID: STTL-116702
2016-01-28 03:26:01,072 DEBUG [EBRE22_FileManagementSTTL-116702] Executing Init_Selendroid function with APK as parameter and clear data value with 1
2016-01-28 03:26:11,496 DEBUG [EBRE22_FileManagementSTTL-116702] Exiting Init_Selendroid function
2016-01-28 03:26:11,510 DEBUG [EBRE22_FileManagementSTTL-116702] TestCase with Description "Note: Run this test with Javascript object.

HTTP Server to device FileTransfer" Execution started
2016-01-28 03:26:11,510 DEBUG [EBRE22_FileManagementSTTL-116702] In execute keyword function
2016-01-28 03:26:11,510 DEBUG [EBRE22_FileManagementSTTL-116702] Executing wait function:
2016-01-28 03:26:11,510 DEBUG [EBRE22_FileManagementSTTL-116702] Started Executing wait function
2016-01-28 03:26:13,511 DEBUG [EBRE22_FileManagementSTTL-116702] Exiting from wait function
2016-01-28 03:26:13,511 DEBUG [EBRE22_FileManagementSTTL-116702] TestStepResult of wait: Pass
2016-01-28 03:26:13,511 DEBUG [EBRE22_FileManagementSTTL-116702] In execute keyword function
2016-01-28 03:26:13,511 DEBUG [EBRE22_FileManagementSTTL-116702] Executing validate_PageTitle function:
2016-01-28 03:26:13,553 DEBUG [EBRE22_FileManagementSTTL-116702] The title of the page is *********************************: RE 2.2 Tests
2016-01-28 03:26:13,553 DEBUG [EBRE22_FileManagementSTTL-116702] The page title found is correct
2016-01-28 03:26:13,553 DEBUG [EBRE22_FileManagementSTTL-116702] Result of validate_PageTitle: pass
2016-01-28 03:26:13,553 DEBUG [EBRE22_FileManagementSTTL-116702] In execute keyword function
2016-01-28 03:26:13,553 DEBUG [EBRE22_FileManagementSTTL-116702] Executing link_Click function:
2016-01-28 03:26:14,184 DEBUG [EBRE22_FileManagementSTTL-116702] Executing Click function
2016-01-28 03:26:15,250 DEBUG [EBRE22_FileManagementSTTL-116702] Exiting Click function
2016-01-28 03:26:15,250 DEBUG [EBRE22_FileManagementSTTL-116702] filemanagement_test_link clicked successfully
2016-01-28 03:26:15,250 DEBUG [EBRE22_FileManagementSTTL-116702] TestStepResult of link_Click: Pass
2016-01-28 03:26:15,250 DEBUG [EBRE22_FileManagementSTTL-116702] In execute keyword function
2016-01-28 03:26:15,250 DEBUG [EBRE22_FileManagementSTTL-116702] Executing wait function:
2016-01-28 03:26:15,250 DEBUG [EBRE22_FileManagementSTTL-116702] Started Executing wait function
2016-01-28 03:26:17,250 DEBUG [EBRE22_FileManagementSTTL-116702] Exiting from wait function
2016-01-28 03:26:17,250 DEBUG [EBRE22_FileManagementSTTL-116702] TestStepResult of wait: Pass
2016-01-28 03:26:17,250 DEBUG [EBRE22_FileManagementSTTL-116702] In execute keyword function
2016-01-28 03:26:17,250 DEBUG [EBRE22_FileManagementSTTL-116702] Executing validate_PageTitle function:
2016-01-28 03:26:17,289 DEBUG [EBRE22_FileManagementSTTL-116702] The title of the page is *********************************: PB and RE2.2 Semi Auto Frame Work : FileManagement
2016-01-28 03:26:17,289 DEBUG [EBRE22_FileManagementSTTL-116702] The page title found is correct
2016-01-28 03:26:17,289 DEBUG [EBRE22_FileManagementSTTL-116702] Result of validate_PageTitle: pass
2016-01-28 03:26:17,289 DEBUG [EBRE22_FileManagementSTTL-116702] In execute keyword function
2016-01-28 03:26:17,289 DEBUG [EBRE22_FileManagementSTTL-116702] Executing SelectTestToRun function:
2016-01-28 03:26:17,985 DEBUG [EBRE22_FileManagementSTTL-116702] Successfull in selecting clicking the category
2016-01-28 03:26:17,985 DEBUG [EBRE22_FileManagementSTTL-116702] TestStepResult of SelectTestToRun: pass
2016-01-28 03:26:17,985 DEBUG [EBRE22_FileManagementSTTL-116702] In execute keyword function
2016-01-28 03:26:17,985 DEBUG [EBRE22_FileManagementSTTL-116702] Executing ClickRunTest function:
2016-01-28 03:26:18,269 DEBUG [EBRE22_FileManagementSTTL-116702] Executing Click function
2016-01-28 03:26:19,299 DEBUG [EBRE22_FileManagementSTTL-116702] Exiting Click function
2016-01-28 03:26:19,299 DEBUG [EBRE22_FileManagementSTTL-116702] runtest_top_xpath Button clicked Successfully
2016-01-28 03:26:19,299 DEBUG [EBRE22_FileManagementSTTL-116702] TestStepResult of ClickRunTest: pass
2016-01-28 03:26:19,299 DEBUG [EBRE22_FileManagementSTTL-116702] In execute keyword function
2016-01-28 03:26:19,299 DEBUG [EBRE22_FileManagementSTTL-116702] Executing validate_Text_Exists function:
2016-01-28 03:26:19,611 DEBUG [EBRE22_FileManagementSTTL-116702] VT187-0306 Testcase Text found
2016-01-28 03:26:19,611 DEBUG [EBRE22_FileManagementSTTL-116702] Result of validate_Text_Exists: Pass
2016-01-28 03:26:19,611 DEBUG [EBRE22_FileManagementSTTL-116702] In execute keyword function
2016-01-28 03:26:19,611 DEBUG [EBRE22_FileManagementSTTL-116702] Executing wait function:
2016-01-28 03:26:19,611 DEBUG [EBRE22_FileManagementSTTL-116702] Started Executing wait function
2016-01-28 03:26:39,612 DEBUG [EBRE22_FileManagementSTTL-116702] Exiting from wait function
2016-01-28 03:26:39,612 DEBUG [EBRE22_FileManagementSTTL-116702] TestStepResult of wait: Pass
2016-01-28 03:26:39,612 DEBUG [EBRE22_FileManagementSTTL-116702] In execute keyword function
2016-01-28 03:26:39,612 DEBUG [EBRE22_FileManagementSTTL-116702] Executing validate_Result function:
2016-01-28 03:26:39,832 DEBUG [EBRE22_FileManagementSTTL-116702] Received Text found in OK: File Received
2016-01-28 03:26:39,832 DEBUG [EBRE22_FileManagementSTTL-116702] Result of validate_Result: Pass
2016-01-28 03:26:39,832 DEBUG [EBRE22_FileManagementSTTL-116702] allstep_result contains: PasspasspassPassPassPassnull
2016-01-28 03:26:39,832 DEBUG [EBRE22_FileManagementSTTL-116702] allexpected_result contains: nullPassnullPassnullpassnullpassnull
2016-01-28 03:26:39,832 DEBUG [EBRE22_FileManagementSTTL-116702] Testcase_Result contains: nullPassnullPassnullpassnullpassnullPasspasspassPassPassPassnull
2016-01-28 03:26:39,832 DEBUG [EBRE22_FileManagementSTTL-116702] Test case with description Note: Run this test with Javascript object.

HTTP Server to device FileTransfer Pass
2016-01-28 03:26:40,858 DEBUG [EBRE22_FileManagementSTTL-116702] Executing browser_Quit function
2016-01-28 03:26:40,858 DEBUG [EBRE22_FileManagementSTTL-116702] Completed browser_Quit function
2016-01-28 03:26:40,858 DEBUG [EBRE22_FileManagementSTTL-116702] Completed quitSelendroid function
2016-01-28 03:26:40,858 DEBUG [EBRE22_FileManagementSTTL-116702] Row number:3
2016-01-28 03:26:40,889 DEBUG [EBRE22_FileManagementSTTL-116702] Ending Test Case IDSTTL-116702
