2016-01-28 03:30:45,721 DEBUG [EBRE22_FileManagementSTTL-116709] Executing Test Case ID: STTL-116709
2016-01-28 03:30:45,726 DEBUG [EBRE22_FileManagementSTTL-116709] Executing Init_Selendroid function with APK as parameter and clear data value with 1
2016-01-28 03:30:56,196 DEBUG [EBRE22_FileManagementSTTL-116709] Exiting Init_Selendroid function
2016-01-28 03:30:56,210 DEBUG [EBRE22_FileManagementSTTL-116709] TestCase with Description "Note: Run this test with Javascript object.

Create Folder Set to false" Execution started
2016-01-28 03:30:56,210 DEBUG [EBRE22_FileManagementSTTL-116709] In execute keyword function
2016-01-28 03:30:56,210 DEBUG [EBRE22_FileManagementSTTL-116709] Executing wait function:
2016-01-28 03:30:56,210 DEBUG [EBRE22_FileManagementSTTL-116709] Started Executing wait function
2016-01-28 03:30:58,210 DEBUG [EBRE22_FileManagementSTTL-116709] Exiting from wait function
2016-01-28 03:30:58,210 DEBUG [EBRE22_FileManagementSTTL-116709] TestStepResult of wait: Pass
2016-01-28 03:30:58,210 DEBUG [EBRE22_FileManagementSTTL-116709] In execute keyword function
2016-01-28 03:30:58,210 DEBUG [EBRE22_FileManagementSTTL-116709] Executing validate_PageTitle function:
2016-01-28 03:30:58,254 DEBUG [EBRE22_FileManagementSTTL-116709] The title of the page is *********************************: RE 2.2 Tests
2016-01-28 03:30:58,254 DEBUG [EBRE22_FileManagementSTTL-116709] The page title found is correct
2016-01-28 03:30:58,254 DEBUG [EBRE22_FileManagementSTTL-116709] Result of validate_PageTitle: pass
2016-01-28 03:30:58,254 DEBUG [EBRE22_FileManagementSTTL-116709] In execute keyword function
2016-01-28 03:30:58,254 DEBUG [EBRE22_FileManagementSTTL-116709] Executing link_Click function:
2016-01-28 03:30:58,871 DEBUG [EBRE22_FileManagementSTTL-116709] Executing Click function
2016-01-28 03:30:59,929 DEBUG [EBRE22_FileManagementSTTL-116709] Exiting Click function
2016-01-28 03:30:59,929 DEBUG [EBRE22_FileManagementSTTL-116709] filemanagement_test_link clicked successfully
2016-01-28 03:30:59,929 DEBUG [EBRE22_FileManagementSTTL-116709] TestStepResult of link_Click: Pass
2016-01-28 03:30:59,929 DEBUG [EBRE22_FileManagementSTTL-116709] In execute keyword function
2016-01-28 03:30:59,929 DEBUG [EBRE22_FileManagementSTTL-116709] Executing wait function:
2016-01-28 03:30:59,929 DEBUG [EBRE22_FileManagementSTTL-116709] Started Executing wait function
2016-01-28 03:31:01,929 DEBUG [EBRE22_FileManagementSTTL-116709] Exiting from wait function
2016-01-28 03:31:01,929 DEBUG [EBRE22_FileManagementSTTL-116709] TestStepResult of wait: Pass
2016-01-28 03:31:01,929 DEBUG [EBRE22_FileManagementSTTL-116709] In execute keyword function
2016-01-28 03:31:01,929 DEBUG [EBRE22_FileManagementSTTL-116709] Executing validate_PageTitle function:
2016-01-28 03:31:01,965 DEBUG [EBRE22_FileManagementSTTL-116709] The title of the page is *********************************: PB and RE2.2 Semi Auto Frame Work : FileManagement
2016-01-28 03:31:01,965 DEBUG [EBRE22_FileManagementSTTL-116709] The page title found is correct
2016-01-28 03:31:01,965 DEBUG [EBRE22_FileManagementSTTL-116709] Result of validate_PageTitle: pass
2016-01-28 03:31:01,965 DEBUG [EBRE22_FileManagementSTTL-116709] In execute keyword function
2016-01-28 03:31:01,965 DEBUG [EBRE22_FileManagementSTTL-116709] Executing SelectTestToRun function:
2016-01-28 03:31:05,147 DEBUG [EBRE22_FileManagementSTTL-116709] Successfull in selecting clicking the category
2016-01-28 03:31:05,147 DEBUG [EBRE22_FileManagementSTTL-116709] TestStepResult of SelectTestToRun: pass
2016-01-28 03:31:05,147 DEBUG [EBRE22_FileManagementSTTL-116709] In execute keyword function
2016-01-28 03:31:05,147 DEBUG [EBRE22_FileManagementSTTL-116709] Executing ClickRunTest function:
2016-01-28 03:31:05,506 DEBUG [EBRE22_FileManagementSTTL-116709] Executing Click function
2016-01-28 03:31:06,509 DEBUG [EBRE22_FileManagementSTTL-116709] Exiting Click function
2016-01-28 03:31:06,509 DEBUG [EBRE22_FileManagementSTTL-116709] runtest_top_xpath Button clicked Successfully
2016-01-28 03:31:06,509 DEBUG [EBRE22_FileManagementSTTL-116709] TestStepResult of ClickRunTest: pass
2016-01-28 03:31:06,509 DEBUG [EBRE22_FileManagementSTTL-116709] In execute keyword function
2016-01-28 03:31:06,509 DEBUG [EBRE22_FileManagementSTTL-116709] Executing validate_Text_Exists function:
2016-01-28 03:31:06,791 DEBUG [EBRE22_FileManagementSTTL-116709] VT187-0356 Testcase Text found
2016-01-28 03:31:06,791 DEBUG [EBRE22_FileManagementSTTL-116709] Result of validate_Text_Exists: Pass
2016-01-28 03:31:06,791 DEBUG [EBRE22_FileManagementSTTL-116709] In execute keyword function
2016-01-28 03:31:06,791 DEBUG [EBRE22_FileManagementSTTL-116709] Executing wait function:
2016-01-28 03:31:06,791 DEBUG [EBRE22_FileManagementSTTL-116709] Started Executing wait function
2016-01-28 03:31:26,792 DEBUG [EBRE22_FileManagementSTTL-116709] Exiting from wait function
2016-01-28 03:31:26,792 DEBUG [EBRE22_FileManagementSTTL-116709] TestStepResult of wait: Pass
2016-01-28 03:31:26,792 DEBUG [EBRE22_FileManagementSTTL-116709] In execute keyword function
2016-01-28 03:31:26,792 DEBUG [EBRE22_FileManagementSTTL-116709] Executing validate_Result function:
2016-01-28 03:31:27,060 DEBUG [EBRE22_FileManagementSTTL-116709] Exception Text found in Error Code: IO Exception
2016-01-28 03:31:27,061 DEBUG [EBRE22_FileManagementSTTL-116709] Result of validate_Result: Pass
2016-01-28 03:31:27,061 DEBUG [EBRE22_FileManagementSTTL-116709] allstep_result contains: PasspasspassPassPassPassnull
2016-01-28 03:31:27,061 DEBUG [EBRE22_FileManagementSTTL-116709] allexpected_result contains: nullPassnullPassnullpassnullpassnull
2016-01-28 03:31:27,061 DEBUG [EBRE22_FileManagementSTTL-116709] Testcase_Result contains: nullPassnullPassnullpassnullpassnullPasspasspassPassPassPassnull
2016-01-28 03:31:27,061 DEBUG [EBRE22_FileManagementSTTL-116709] Test case with description Note: Run this test with Javascript object.

Create Folder Set to false Pass
2016-01-28 03:31:28,067 DEBUG [EBRE22_FileManagementSTTL-116709] Executing browser_Quit function
2016-01-28 03:31:28,067 DEBUG [EBRE22_FileManagementSTTL-116709] Completed browser_Quit function
2016-01-28 03:31:28,067 DEBUG [EBRE22_FileManagementSTTL-116709] Completed quitSelendroid function
2016-01-28 03:31:28,067 DEBUG [EBRE22_FileManagementSTTL-116709] Row number:10
2016-01-28 03:31:28,095 DEBUG [EBRE22_FileManagementSTTL-116709] Ending Test Case IDSTTL-116709
