2016-01-28 03:29:23,009 DEBUG [EBRE22_FileManagementSTTL-116707] Executing Test Case ID: STTL-116707
2016-01-28 03:29:23,015 DEBUG [EBRE22_FileManagementSTTL-116707] Executing Init_Selendroid function with APK as parameter and clear data value with 1
2016-01-28 03:29:32,039 DEBUG [EBRE22_FileManagementSTTL-116707] Exiting Init_Selendroid function
2016-01-28 03:29:32,053 DEBUG [EBRE22_FileManagementSTTL-116707] TestCase with Description "Note: Run this test with Javascript object.

File transfer with fully qualified FTP URL to device" Execution started
2016-01-28 03:29:32,053 DEBUG [EBRE22_FileManagementSTTL-116707] In execute keyword function
2016-01-28 03:29:32,053 DEBUG [EBRE22_FileManagementSTTL-116707] Executing wait function:
2016-01-28 03:29:32,053 DEBUG [EBRE22_FileManagementSTTL-116707] Started Executing wait function
2016-01-28 03:29:34,054 DEBUG [EBRE22_FileManagementSTTL-116707] Exiting from wait function
2016-01-28 03:29:34,054 DEBUG [EBRE22_FileManagementSTTL-116707] TestStepResult of wait: Pass
2016-01-28 03:29:34,054 DEBUG [EBRE22_FileManagementSTTL-116707] In execute keyword function
2016-01-28 03:29:34,054 DEBUG [EBRE22_FileManagementSTTL-116707] Executing validate_PageTitle function:
2016-01-28 03:29:34,098 DEBUG [EBRE22_FileManagementSTTL-116707] The title of the page is *********************************: RE 2.2 Tests
2016-01-28 03:29:34,098 DEBUG [EBRE22_FileManagementSTTL-116707] The page title found is correct
2016-01-28 03:29:34,098 DEBUG [EBRE22_FileManagementSTTL-116707] Result of validate_PageTitle: pass
2016-01-28 03:29:34,098 DEBUG [EBRE22_FileManagementSTTL-116707] In execute keyword function
2016-01-28 03:29:34,098 DEBUG [EBRE22_FileManagementSTTL-116707] Executing link_Click function:
2016-01-28 03:29:34,664 DEBUG [EBRE22_FileManagementSTTL-116707] Executing Click function
2016-01-28 03:29:35,693 DEBUG [EBRE22_FileManagementSTTL-116707] Exiting Click function
2016-01-28 03:29:35,694 DEBUG [EBRE22_FileManagementSTTL-116707] filemanagement_test_link clicked successfully
2016-01-28 03:29:35,694 DEBUG [EBRE22_FileManagementSTTL-116707] TestStepResult of link_Click: Pass
2016-01-28 03:29:35,694 DEBUG [EBRE22_FileManagementSTTL-116707] In execute keyword function
2016-01-28 03:29:35,694 DEBUG [EBRE22_FileManagementSTTL-116707] Executing wait function:
2016-01-28 03:29:35,694 DEBUG [EBRE22_FileManagementSTTL-116707] Started Executing wait function
2016-01-28 03:29:37,694 DEBUG [EBRE22_FileManagementSTTL-116707] Exiting from wait function
2016-01-28 03:29:37,694 DEBUG [EBRE22_FileManagementSTTL-116707] TestStepResult of wait: Pass
2016-01-28 03:29:37,694 DEBUG [EBRE22_FileManagementSTTL-116707] In execute keyword function
2016-01-28 03:29:37,694 DEBUG [EBRE22_FileManagementSTTL-116707] Executing validate_PageTitle function:
2016-01-28 03:29:37,726 DEBUG [EBRE22_FileManagementSTTL-116707] The title of the page is *********************************: PB and RE2.2 Semi Auto Frame Work : FileManagement
2016-01-28 03:29:37,726 DEBUG [EBRE22_FileManagementSTTL-116707] The page title found is correct
2016-01-28 03:29:37,726 DEBUG [EBRE22_FileManagementSTTL-116707] Result of validate_PageTitle: pass
2016-01-28 03:29:37,727 DEBUG [EBRE22_FileManagementSTTL-116707] In execute keyword function
2016-01-28 03:29:37,727 DEBUG [EBRE22_FileManagementSTTL-116707] Executing SelectTestToRun function:
2016-01-28 03:29:40,802 DEBUG [EBRE22_FileManagementSTTL-116707] Successfull in selecting clicking the category
2016-01-28 03:29:40,802 DEBUG [EBRE22_FileManagementSTTL-116707] TestStepResult of SelectTestToRun: pass
2016-01-28 03:29:40,802 DEBUG [EBRE22_FileManagementSTTL-116707] In execute keyword function
2016-01-28 03:29:40,802 DEBUG [EBRE22_FileManagementSTTL-116707] Executing ClickRunTest function:
2016-01-28 03:29:41,109 DEBUG [EBRE22_FileManagementSTTL-116707] Executing Click function
2016-01-28 03:29:42,125 DEBUG [EBRE22_FileManagementSTTL-116707] Exiting Click function
2016-01-28 03:29:42,125 DEBUG [EBRE22_FileManagementSTTL-116707] runtest_top_xpath Button clicked Successfully
2016-01-28 03:29:42,126 DEBUG [EBRE22_FileManagementSTTL-116707] TestStepResult of ClickRunTest: pass
2016-01-28 03:29:42,126 DEBUG [EBRE22_FileManagementSTTL-116707] In execute keyword function
2016-01-28 03:29:42,126 DEBUG [EBRE22_FileManagementSTTL-116707] Executing validate_Text_Exists function:
2016-01-28 03:29:42,357 DEBUG [EBRE22_FileManagementSTTL-116707] VT187-0318 Testcase Text found
2016-01-28 03:29:42,357 DEBUG [EBRE22_FileManagementSTTL-116707] Result of validate_Text_Exists: Pass
2016-01-28 03:29:42,357 DEBUG [EBRE22_FileManagementSTTL-116707] In execute keyword function
2016-01-28 03:29:42,357 DEBUG [EBRE22_FileManagementSTTL-116707] Executing wait function:
2016-01-28 03:29:42,357 DEBUG [EBRE22_FileManagementSTTL-116707] Started Executing wait function
2016-01-28 03:30:02,358 DEBUG [EBRE22_FileManagementSTTL-116707] Exiting from wait function
2016-01-28 03:30:02,358 DEBUG [EBRE22_FileManagementSTTL-116707] TestStepResult of wait: Pass
2016-01-28 03:30:02,358 DEBUG [EBRE22_FileManagementSTTL-116707] In execute keyword function
2016-01-28 03:30:02,358 DEBUG [EBRE22_FileManagementSTTL-116707] Executing validate_Result function:
2016-01-28 03:30:02,579 DEBUG [EBRE22_FileManagementSTTL-116707] Received Text found in OK: File Received
2016-01-28 03:30:02,579 DEBUG [EBRE22_FileManagementSTTL-116707] Result of validate_Result: Pass
2016-01-28 03:30:02,579 DEBUG [EBRE22_FileManagementSTTL-116707] allstep_result contains: PasspasspassPassPassPassnull
2016-01-28 03:30:02,579 DEBUG [EBRE22_FileManagementSTTL-116707] allexpected_result contains: nullPassnullPassnullpassnullpassnull
2016-01-28 03:30:02,579 DEBUG [EBRE22_FileManagementSTTL-116707] Testcase_Result contains: nullPassnullPassnullpassnullpassnullPasspasspassPassPassPassnull
2016-01-28 03:30:02,579 DEBUG [EBRE22_FileManagementSTTL-116707] Test case with description Note: Run this test with Javascript object.

File transfer with fully qualified FTP URL to device Pass
2016-01-28 03:30:03,502 DEBUG [EBRE22_FileManagementSTTL-116707] Executing browser_Quit function
2016-01-28 03:30:03,502 DEBUG [EBRE22_FileManagementSTTL-116707] Completed browser_Quit function
2016-01-28 03:30:03,502 DEBUG [EBRE22_FileManagementSTTL-116707] Completed quitSelendroid function
2016-01-28 03:30:03,502 DEBUG [EBRE22_FileManagementSTTL-116707] Row number:8
2016-01-28 03:30:03,542 DEBUG [EBRE22_FileManagementSTTL-116707] Ending Test Case IDSTTL-116707
