2016-01-28 03:35:19,678 DEBUG [EBRE22_FileManagementSTTL-116715] Executing Test Case ID: STTL-116715
2016-01-28 03:35:19,684 DEBUG [EBRE22_FileManagementSTTL-116715] Executing Init_Selendroid function with APK as parameter and clear data value with 1
2016-01-28 03:35:29,192 DEBUG [EBRE22_FileManagementSTTL-116715] Exiting Init_Selendroid function
2016-01-28 03:35:29,205 DEBUG [EBRE22_FileManagementSTTL-116715] TestCase with Description "Note: Run this test with Javascript object.

FTP Server to Device File Transfer-large file(4mb)" Execution started
2016-01-28 03:35:29,205 DEBUG [EBRE22_FileManagementSTTL-116715] In execute keyword function
2016-01-28 03:35:29,205 DEBUG [EBRE22_FileManagementSTTL-116715] Executing wait function:
2016-01-28 03:35:29,205 DEBUG [EBRE22_FileManagementSTTL-116715] Started Executing wait function
2016-01-28 03:35:31,205 DEBUG [EBRE22_FileManagementSTTL-116715] Exiting from wait function
2016-01-28 03:35:31,205 DEBUG [EBRE22_FileManagementSTTL-116715] TestStepResult of wait: Pass
2016-01-28 03:35:31,205 DEBUG [EBRE22_FileManagementSTTL-116715] In execute keyword function
2016-01-28 03:35:31,205 DEBUG [EBRE22_FileManagementSTTL-116715] Executing validate_PageTitle function:
2016-01-28 03:35:31,224 DEBUG [EBRE22_FileManagementSTTL-116715] The title of the page is *********************************: RE 2.2 Tests
2016-01-28 03:35:31,224 DEBUG [EBRE22_FileManagementSTTL-116715] The page title found is correct
2016-01-28 03:35:31,224 DEBUG [EBRE22_FileManagementSTTL-116715] Result of validate_PageTitle: pass
2016-01-28 03:35:31,224 DEBUG [EBRE22_FileManagementSTTL-116715] In execute keyword function
2016-01-28 03:35:31,224 DEBUG [EBRE22_FileManagementSTTL-116715] Executing link_Click function:
2016-01-28 03:35:31,937 DEBUG [EBRE22_FileManagementSTTL-116715] Executing Click function
2016-01-28 03:35:32,949 DEBUG [EBRE22_FileManagementSTTL-116715] Exiting Click function
2016-01-28 03:35:32,949 DEBUG [EBRE22_FileManagementSTTL-116715] filemanagement_test_link clicked successfully
2016-01-28 03:35:32,949 DEBUG [EBRE22_FileManagementSTTL-116715] TestStepResult of link_Click: Pass
2016-01-28 03:35:32,950 DEBUG [EBRE22_FileManagementSTTL-116715] In execute keyword function
2016-01-28 03:35:32,950 DEBUG [EBRE22_FileManagementSTTL-116715] Executing wait function:
2016-01-28 03:35:32,950 DEBUG [EBRE22_FileManagementSTTL-116715] Started Executing wait function
2016-01-28 03:35:34,950 DEBUG [EBRE22_FileManagementSTTL-116715] Exiting from wait function
2016-01-28 03:35:34,950 DEBUG [EBRE22_FileManagementSTTL-116715] TestStepResult of wait: Pass
2016-01-28 03:35:34,950 DEBUG [EBRE22_FileManagementSTTL-116715] In execute keyword function
2016-01-28 03:35:34,950 DEBUG [EBRE22_FileManagementSTTL-116715] Executing validate_PageTitle function:
2016-01-28 03:35:34,988 DEBUG [EBRE22_FileManagementSTTL-116715] The title of the page is *********************************: PB and RE2.2 Semi Auto Frame Work : FileManagement
2016-01-28 03:35:34,988 DEBUG [EBRE22_FileManagementSTTL-116715] The page title found is correct
2016-01-28 03:35:34,988 DEBUG [EBRE22_FileManagementSTTL-116715] Result of validate_PageTitle: pass
2016-01-28 03:35:34,988 DEBUG [EBRE22_FileManagementSTTL-116715] In execute keyword function
2016-01-28 03:35:34,988 DEBUG [EBRE22_FileManagementSTTL-116715] Executing SelectTestToRun function:
2016-01-28 03:35:38,751 DEBUG [EBRE22_FileManagementSTTL-116715] Successfull in selecting clicking the category
2016-01-28 03:35:38,751 DEBUG [EBRE22_FileManagementSTTL-116715] TestStepResult of SelectTestToRun: pass
2016-01-28 03:35:38,751 DEBUG [EBRE22_FileManagementSTTL-116715] In execute keyword function
2016-01-28 03:35:38,751 DEBUG [EBRE22_FileManagementSTTL-116715] Executing ClickRunTest function:
2016-01-28 03:35:39,093 DEBUG [EBRE22_FileManagementSTTL-116715] Executing Click function
2016-01-28 03:35:40,094 DEBUG [EBRE22_FileManagementSTTL-116715] Exiting Click function
2016-01-28 03:35:40,094 DEBUG [EBRE22_FileManagementSTTL-116715] runtest_top_xpath Button clicked Successfully
2016-01-28 03:35:40,094 DEBUG [EBRE22_FileManagementSTTL-116715] TestStepResult of ClickRunTest: pass
2016-01-28 03:35:40,095 DEBUG [EBRE22_FileManagementSTTL-116715] In execute keyword function
2016-01-28 03:35:40,095 DEBUG [EBRE22_FileManagementSTTL-116715] Executing validate_Text_Exists function:
2016-01-28 03:35:40,383 DEBUG [EBRE22_FileManagementSTTL-116715] VT187-0377 Testcase Text found
2016-01-28 03:35:40,383 DEBUG [EBRE22_FileManagementSTTL-116715] Result of validate_Text_Exists: Pass
2016-01-28 03:35:40,383 DEBUG [EBRE22_FileManagementSTTL-116715] In execute keyword function
2016-01-28 03:35:40,383 DEBUG [EBRE22_FileManagementSTTL-116715] Executing wait function:
2016-01-28 03:35:40,383 DEBUG [EBRE22_FileManagementSTTL-116715] Started Executing wait function
2016-01-28 03:36:20,385 DEBUG [EBRE22_FileManagementSTTL-116715] Exiting from wait function
2016-01-28 03:36:20,385 DEBUG [EBRE22_FileManagementSTTL-116715] TestStepResult of wait: Pass
2016-01-28 03:36:20,385 DEBUG [EBRE22_FileManagementSTTL-116715] In execute keyword function
2016-01-28 03:36:20,385 DEBUG [EBRE22_FileManagementSTTL-116715] Executing validate_Result function:
2016-01-28 03:36:20,655 DEBUG [EBRE22_FileManagementSTTL-116715] Received Text found in OK: File Received
2016-01-28 03:36:20,655 DEBUG [EBRE22_FileManagementSTTL-116715] Result of validate_Result: Pass
2016-01-28 03:36:20,655 DEBUG [EBRE22_FileManagementSTTL-116715] allstep_result contains: PasspasspassPassPassPassnull
2016-01-28 03:36:20,655 DEBUG [EBRE22_FileManagementSTTL-116715] allexpected_result contains: nullPassnullPassnullpassnullpassnull
2016-01-28 03:36:20,655 DEBUG [EBRE22_FileManagementSTTL-116715] Testcase_Result contains: nullPassnullPassnullpassnullpassnullPasspasspassPassPassPassnull
2016-01-28 03:36:20,655 DEBUG [EBRE22_FileManagementSTTL-116715] Test case with description Note: Run this test with Javascript object.

FTP Server to Device File Transfer-large file(4mb) Pass
2016-01-28 03:36:21,653 DEBUG [EBRE22_FileManagementSTTL-116715] Executing browser_Quit function
2016-01-28 03:36:21,653 DEBUG [EBRE22_FileManagementSTTL-116715] Completed browser_Quit function
2016-01-28 03:36:21,653 DEBUG [EBRE22_FileManagementSTTL-116715] Completed quitSelendroid function
2016-01-28 03:36:21,653 DEBUG [EBRE22_FileManagementSTTL-116715] Row number:16
2016-01-28 03:36:21,681 DEBUG [EBRE22_FileManagementSTTL-116715] Ending Test Case IDSTTL-116715
