2016-01-27 19:53:39,486 DEBUG [EBManual_Notification_JSSTTL-116711] Executing Test Case ID: STTL-116711
2016-01-27 19:53:39,494 DEBUG [EBManual_Notification_JSSTTL-116711] Executing Init_Selendroid function with APK as parameter and clear data value with 1
2016-01-27 19:53:49,927 DEBUG [EBManual_Notification_JSSTTL-116711] Exiting Init_Selendroid function
2016-01-27 19:53:49,947 DEBUG [EBManual_Notification_JSSTTL-116711] TestCase with Description "should display a popup when types is only EB.Notification.TYPE_DIALOG when application is in background" Execution started
2016-01-27 19:53:49,947 DEBUG [EBManual_Notification_JSSTTL-116711] In execute keyword function
2016-01-27 19:53:49,947 DEBUG [EBManual_Notification_JSSTTL-116711] Executing wait function:
2016-01-27 19:53:49,947 DEBUG [EBManual_Notification_JSSTTL-116711] Started Executing wait function
2016-01-27 19:53:52,948 DEBUG [EBManual_Notification_JSSTTL-116711] Exiting from wait function
2016-01-27 19:53:52,948 DEBUG [EBManual_Notification_JSSTTL-116711] TestStepResult of wait: Pass
2016-01-27 19:53:52,948 DEBUG [EBManual_Notification_JSSTTL-116711] In execute keyword function
2016-01-27 19:53:52,948 DEBUG [EBManual_Notification_JSSTTL-116711] Executing validate_PageTitle function:
2016-01-27 19:53:52,970 DEBUG [EBManual_Notification_JSSTTL-116711] The title of the page is *********************************: Manual specs
2016-01-27 19:53:52,970 DEBUG [EBManual_Notification_JSSTTL-116711] The page title found is correct
2016-01-27 19:53:52,970 DEBUG [EBManual_Notification_JSSTTL-116711] Result of validate_PageTitle: pass
2016-01-27 19:53:52,970 DEBUG [EBManual_Notification_JSSTTL-116711] In execute keyword function
2016-01-27 19:53:52,970 DEBUG [EBManual_Notification_JSSTTL-116711] Executing link_Click function:
2016-01-27 19:53:53,606 DEBUG [EBManual_Notification_JSSTTL-116711] Executing Click function
2016-01-27 19:53:54,704 DEBUG [EBManual_Notification_JSSTTL-116711] Exiting Click function
2016-01-27 19:53:54,704 DEBUG [EBManual_Notification_JSSTTL-116711] notification_test_link clicked successfully
2016-01-27 19:53:54,704 DEBUG [EBManual_Notification_JSSTTL-116711] TestStepResult of link_Click: Pass
2016-01-27 19:53:54,705 DEBUG [EBManual_Notification_JSSTTL-116711] In execute keyword function
2016-01-27 19:53:54,705 DEBUG [EBManual_Notification_JSSTTL-116711] Executing validate_PageTitle function:
2016-01-27 19:53:54,721 DEBUG [EBManual_Notification_JSSTTL-116711] The title of the page is *********************************: Notification JS Test
2016-01-27 19:53:54,721 DEBUG [EBManual_Notification_JSSTTL-116711] The page title found is correct
2016-01-27 19:53:54,721 DEBUG [EBManual_Notification_JSSTTL-116711] Result of validate_PageTitle: pass
2016-01-27 19:53:54,721 DEBUG [EBManual_Notification_JSSTTL-116711] In execute keyword function
2016-01-27 19:53:54,721 DEBUG [EBManual_Notification_JSSTTL-116711] Executing SelectTestToRun function:
2016-01-27 19:54:00,452 DEBUG [EBManual_Notification_JSSTTL-116711] Successfull in selecting clicking the category
2016-01-27 19:54:00,452 DEBUG [EBManual_Notification_JSSTTL-116711] TestStepResult of SelectTestToRun: pass
2016-01-27 19:54:00,452 DEBUG [EBManual_Notification_JSSTTL-116711] In execute keyword function
2016-01-27 19:54:00,452 DEBUG [EBManual_Notification_JSSTTL-116711] Executing ClickRunTest function:
2016-01-27 19:54:00,803 DEBUG [EBManual_Notification_JSSTTL-116711] Executing Click function
2016-01-27 19:54:01,823 DEBUG [EBManual_Notification_JSSTTL-116711] Exiting Click function
2016-01-27 19:54:01,823 DEBUG [EBManual_Notification_JSSTTL-116711] runtest_top_xpath Button clicked Successfully
2016-01-27 19:54:01,824 DEBUG [EBManual_Notification_JSSTTL-116711] TestStepResult of ClickRunTest: pass
2016-01-27 19:54:01,824 DEBUG [EBManual_Notification_JSSTTL-116711] In execute keyword function
2016-01-27 19:54:01,824 DEBUG [EBManual_Notification_JSSTTL-116711] Executing validate_Text_Exists function:
2016-01-27 19:54:02,495 DEBUG [EBManual_Notification_JSSTTL-116711] VT307-0029 Testcase Text found
2016-01-27 19:54:02,495 DEBUG [EBManual_Notification_JSSTTL-116711] Result of validate_Text_Exists: Pass
2016-01-27 19:54:02,495 DEBUG [EBManual_Notification_JSSTTL-116711] In execute keyword function
2016-01-27 19:54:02,495 DEBUG [EBManual_Notification_JSSTTL-116711] Executing ClickRunTest function:
2016-01-27 19:54:02,849 DEBUG [EBManual_Notification_JSSTTL-116711] Executing Click function
2016-01-27 19:54:03,942 DEBUG [EBManual_Notification_JSSTTL-116711] Exiting Click function
2016-01-27 19:54:03,942 DEBUG [EBManual_Notification_JSSTTL-116711] runtest_bottom_xpath Button clicked Successfully
2016-01-27 19:54:03,942 DEBUG [EBManual_Notification_JSSTTL-116711] TestStepResult of ClickRunTest: pass
2016-01-27 19:54:03,942 DEBUG [EBManual_Notification_JSSTTL-116711] In execute keyword function
2016-01-27 19:54:03,942 DEBUG [EBManual_Notification_JSSTTL-116711] Executing wait function:
2016-01-27 19:54:03,942 DEBUG [EBManual_Notification_JSSTTL-116711] Started Executing wait function
2016-01-27 19:54:08,942 DEBUG [EBManual_Notification_JSSTTL-116711] Exiting from wait function
2016-01-27 19:54:08,942 DEBUG [EBManual_Notification_JSSTTL-116711] TestStepResult of wait: Pass
2016-01-27 19:54:08,942 DEBUG [EBManual_Notification_JSSTTL-116711] In execute keyword function
2016-01-27 19:54:08,942 DEBUG [EBManual_Notification_JSSTTL-116711] Executing launch_App_Device function:
2016-01-27 19:54:08,942 DEBUG [EBManual_Notification_JSSTTL-116711] Started Executing Launch_App_Device function
2016-01-27 19:54:08,942 DEBUG [EBManual_Notification_JSSTTL-116711] Started executeCommandLine function
2016-01-27 19:54:12,964 DEBUG [EBManual_Notification_JSSTTL-116711] Exiting from executeCommandLine function
2016-01-27 19:54:13,964 DEBUG [EBManual_Notification_JSSTTL-116711] Successfully launched the App
2016-01-27 19:54:13,964 DEBUG [EBManual_Notification_JSSTTL-116711] Exiting Launch_App_Device function
2016-01-27 19:54:13,964 DEBUG [EBManual_Notification_JSSTTL-116711] TestStepResult of launch_App_Device: Pass
2016-01-27 19:54:13,964 DEBUG [EBManual_Notification_JSSTTL-116711] In execute keyword function
2016-01-27 19:54:13,964 DEBUG [EBManual_Notification_JSSTTL-116711] Executing CheckUITextContains function:
2016-01-27 19:54:13,964 DEBUG [EBManual_Notification_JSSTTL-116711] Started executeCommandLine function
2016-01-27 19:54:17,986 DEBUG [EBManual_Notification_JSSTTL-116711] Text is Present
2016-01-27 19:54:17,986 DEBUG [EBManual_Notification_JSSTTL-116711] TestStepResult of CheckUITextContains: Pass
2016-01-27 19:54:17,986 DEBUG [EBManual_Notification_JSSTTL-116711] In execute keyword function
2016-01-27 19:54:17,986 DEBUG [EBManual_Notification_JSSTTL-116711] Executing ClickUIButtonText function:
2016-01-27 19:54:17,986 DEBUG [EBManual_Notification_JSSTTL-116711] Entered ClickUIButtonText function
2016-01-27 19:54:17,986 DEBUG [EBManual_Notification_JSSTTL-116711] Started executeCommandLine function
2016-01-27 19:54:22,007 DEBUG [EBManual_Notification_JSSTTL-116711] Started executeCommandLine function
2016-01-27 19:54:26,475 DEBUG [EBManual_Notification_JSSTTL-116711] Exiting ClickUIButtonText function
2016-01-27 19:54:26,476 DEBUG [EBManual_Notification_JSSTTL-116711] TestStepResult of ClickUIButtonText: Pass
2016-01-27 19:54:26,476 DEBUG [EBManual_Notification_JSSTTL-116711] allstep_result contains: PassPassPassPasspasspasspassPassPassnull
2016-01-27 19:54:26,476 DEBUG [EBManual_Notification_JSSTTL-116711] allexpected_result contains: nullPassnullpassnullpassnull
2016-01-27 19:54:26,476 DEBUG [EBManual_Notification_JSSTTL-116711] Testcase_Result contains: nullPassnullpassnullpassnullPassPassPassPasspasspasspassPassPassnull
2016-01-27 19:54:26,476 DEBUG [EBManual_Notification_JSSTTL-116711] Test case with description should display a popup when types is only EB.Notification.TYPE_DIALOG when application is in background Pass
2016-01-27 19:54:27,454 DEBUG [EBManual_Notification_JSSTTL-116711] Executing browser_Quit function
2016-01-27 19:54:27,454 DEBUG [EBManual_Notification_JSSTTL-116711] Completed browser_Quit function
2016-01-27 19:54:27,454 DEBUG [EBManual_Notification_JSSTTL-116711] Completed quitSelendroid function
2016-01-27 19:54:27,454 DEBUG [EBManual_Notification_JSSTTL-116711] Row number:12
2016-01-27 19:54:27,517 DEBUG [EBManual_Notification_JSSTTL-116711] Ending Test Case IDSTTL-116711
