2016-01-27 20:10:20,694 DEBUG [EBManual_Notification_JSSTTL-116730] Executing Test Case ID: STTL-116730
2016-01-27 20:10:20,701 DEBUG [EBManual_Notification_JSSTTL-116730] Executing Init_Selendroid function with APK as parameter and clear data value with 1
2016-01-27 20:10:30,971 DEBUG [EBManual_Notification_JSSTTL-116730] Exiting Init_Selendroid function
2016-01-27 20:10:30,989 DEBUG [EBManual_Notification_JSSTTL-116730] TestCase with Description "showPopup with Message, title and predefined icon" Execution started
2016-01-27 20:10:30,989 DEBUG [EBManual_Notification_JSSTTL-116730] In execute keyword function
2016-01-27 20:10:30,989 DEBUG [EBManual_Notification_JSSTTL-116730] Executing wait function:
2016-01-27 20:10:30,989 DEBUG [EBManual_Notification_JSSTTL-116730] Started Executing wait function
2016-01-27 20:10:35,989 DEBUG [EBManual_Notification_JSSTTL-116730] Exiting from wait function
2016-01-27 20:10:35,989 DEBUG [EBManual_Notification_JSSTTL-116730] TestStepResult of wait: Pass
2016-01-27 20:10:35,989 DEBUG [EBManual_Notification_JSSTTL-116730] In execute keyword function
2016-01-27 20:10:35,989 DEBUG [EBManual_Notification_JSSTTL-116730] Executing validate_PageTitle function:
2016-01-27 20:10:36,031 DEBUG [EBManual_Notification_JSSTTL-116730] The title of the page is *********************************: Manual specs
2016-01-27 20:10:36,031 DEBUG [EBManual_Notification_JSSTTL-116730] The page title found is correct
2016-01-27 20:10:36,031 DEBUG [EBManual_Notification_JSSTTL-116730] Result of validate_PageTitle: pass
2016-01-27 20:10:36,031 DEBUG [EBManual_Notification_JSSTTL-116730] In execute keyword function
2016-01-27 20:10:36,031 DEBUG [EBManual_Notification_JSSTTL-116730] Executing link_Click function:
2016-01-27 20:10:36,662 DEBUG [EBManual_Notification_JSSTTL-116730] Executing Click function
2016-01-27 20:10:37,844 DEBUG [EBManual_Notification_JSSTTL-116730] Exiting Click function
2016-01-27 20:10:37,844 DEBUG [EBManual_Notification_JSSTTL-116730] notification_test_link clicked successfully
2016-01-27 20:10:37,844 DEBUG [EBManual_Notification_JSSTTL-116730] TestStepResult of link_Click: Pass
2016-01-27 20:10:37,845 DEBUG [EBManual_Notification_JSSTTL-116730] In execute keyword function
2016-01-27 20:10:37,845 DEBUG [EBManual_Notification_JSSTTL-116730] Executing validate_PageTitle function:
2016-01-27 20:10:37,860 DEBUG [EBManual_Notification_JSSTTL-116730] The title of the page is *********************************: Notification JS Test
2016-01-27 20:10:37,860 DEBUG [EBManual_Notification_JSSTTL-116730] The page title found is correct
2016-01-27 20:10:37,860 DEBUG [EBManual_Notification_JSSTTL-116730] Result of validate_PageTitle: pass
2016-01-27 20:10:37,861 DEBUG [EBManual_Notification_JSSTTL-116730] In execute keyword function
2016-01-27 20:10:37,861 DEBUG [EBManual_Notification_JSSTTL-116730] Executing SelectTestToRun function:
2016-01-27 20:10:40,933 DEBUG [EBManual_Notification_JSSTTL-116730] Successfull in selecting clicking the category
2016-01-27 20:10:40,934 DEBUG [EBManual_Notification_JSSTTL-116730] TestStepResult of SelectTestToRun: pass
2016-01-27 20:10:40,934 DEBUG [EBManual_Notification_JSSTTL-116730] In execute keyword function
2016-01-27 20:10:40,934 DEBUG [EBManual_Notification_JSSTTL-116730] Executing ClickRunTest function:
2016-01-27 20:10:41,271 DEBUG [EBManual_Notification_JSSTTL-116730] Executing Click function
2016-01-27 20:10:42,298 DEBUG [EBManual_Notification_JSSTTL-116730] Exiting Click function
2016-01-27 20:10:42,298 DEBUG [EBManual_Notification_JSSTTL-116730] runtest_top_xpath Button clicked Successfully
2016-01-27 20:10:42,298 DEBUG [EBManual_Notification_JSSTTL-116730] TestStepResult of ClickRunTest: pass
2016-01-27 20:10:42,298 DEBUG [EBManual_Notification_JSSTTL-116730] In execute keyword function
2016-01-27 20:10:42,298 DEBUG [EBManual_Notification_JSSTTL-116730] Executing wait function:
2016-01-27 20:10:42,298 DEBUG [EBManual_Notification_JSSTTL-116730] Started Executing wait function
2016-01-27 20:10:44,298 DEBUG [EBManual_Notification_JSSTTL-116730] Exiting from wait function
2016-01-27 20:10:44,298 DEBUG [EBManual_Notification_JSSTTL-116730] TestStepResult of wait: Pass
2016-01-27 20:10:44,298 DEBUG [EBManual_Notification_JSSTTL-116730] In execute keyword function
2016-01-27 20:10:44,298 DEBUG [EBManual_Notification_JSSTTL-116730] Executing validate_Text_Exists function:
2016-01-27 20:10:44,554 DEBUG [EBManual_Notification_JSSTTL-116730] VT307-0056 Testcase Text found
2016-01-27 20:10:44,554 DEBUG [EBManual_Notification_JSSTTL-116730] Result of validate_Text_Exists: Pass
2016-01-27 20:10:44,554 DEBUG [EBManual_Notification_JSSTTL-116730] In execute keyword function
2016-01-27 20:10:44,554 DEBUG [EBManual_Notification_JSSTTL-116730] Executing CheckUITextContains function:
2016-01-27 20:10:44,554 DEBUG [EBManual_Notification_JSSTTL-116730] Started executeCommandLine function
2016-01-27 20:10:48,575 DEBUG [EBManual_Notification_JSSTTL-116730] Text is Present
2016-01-27 20:10:48,575 DEBUG [EBManual_Notification_JSSTTL-116730] TestStepResult of CheckUITextContains: Pass
2016-01-27 20:10:48,575 DEBUG [EBManual_Notification_JSSTTL-116730] In execute keyword function
2016-01-27 20:10:48,575 DEBUG [EBManual_Notification_JSSTTL-116730] Executing CheckUITextContains function:
2016-01-27 20:10:48,575 DEBUG [EBManual_Notification_JSSTTL-116730] Started executeCommandLine function
2016-01-27 20:10:52,596 DEBUG [EBManual_Notification_JSSTTL-116730] Text is Present
2016-01-27 20:10:52,596 DEBUG [EBManual_Notification_JSSTTL-116730] TestStepResult of CheckUITextContains: Pass
2016-01-27 20:10:52,596 DEBUG [EBManual_Notification_JSSTTL-116730] In execute keyword function
2016-01-27 20:10:52,596 DEBUG [EBManual_Notification_JSSTTL-116730] Executing UIAutomatorScreenshot function:
2016-01-27 20:10:52,596 DEBUG [EBManual_Notification_JSSTTL-116730] Started executeCommandLine function
2016-01-27 20:10:56,616 DEBUG [EBManual_Notification_JSSTTL-116730] Exiting from executeCommandLine function
2016-01-27 20:10:56,616 DEBUG [EBManual_Notification_JSSTTL-116730] Started executeCommandLine function
2016-01-27 20:11:00,636 DEBUG [EBManual_Notification_JSSTTL-116730] Exiting from executeCommandLine function
2016-01-27 20:11:00,689 DEBUG [EBManual_Notification_JSSTTL-116730] Started executeCommandLine function
2016-01-27 20:11:04,714 DEBUG [EBManual_Notification_JSSTTL-116730] Started executeCommandLine function
2016-01-27 20:11:08,736 DEBUG [EBManual_Notification_JSSTTL-116730] Exiting from executeCommandLine function
2016-01-27 20:11:08,736 DEBUG [EBManual_Notification_JSSTTL-116730] TestStepResult of UIAutomatorScreenshot: pass
2016-01-27 20:11:08,736 DEBUG [EBManual_Notification_JSSTTL-116730] In execute keyword function
2016-01-27 20:11:08,736 DEBUG [EBManual_Notification_JSSTTL-116730] Executing validate_Screenshot function:
2016-01-27 20:11:08,760 DEBUG [EBManual_Notification_JSSTTL-116730] Match found with reference image
2016-01-27 20:11:08,760 DEBUG [EBManual_Notification_JSSTTL-116730] Result of validate_Screenshot: Pass
2016-01-27 20:11:08,760 DEBUG [EBManual_Notification_JSSTTL-116730] In execute keyword function
2016-01-27 20:11:08,760 DEBUG [EBManual_Notification_JSSTTL-116730] Executing ClickUIButtonText function:
2016-01-27 20:11:08,760 DEBUG [EBManual_Notification_JSSTTL-116730] Entered ClickUIButtonText function
2016-01-27 20:11:08,760 DEBUG [EBManual_Notification_JSSTTL-116730] Started executeCommandLine function
2016-01-27 20:11:12,780 DEBUG [EBManual_Notification_JSSTTL-116730] Started executeCommandLine function
2016-01-27 20:11:17,246 DEBUG [EBManual_Notification_JSSTTL-116730] Exiting ClickUIButtonText function
2016-01-27 20:11:17,246 DEBUG [EBManual_Notification_JSSTTL-116730] TestStepResult of ClickUIButtonText: Pass
2016-01-27 20:11:17,246 DEBUG [EBManual_Notification_JSSTTL-116730] allstep_result contains: PasspassPassPassPasspasspassPassPassnull
2016-01-27 20:11:17,246 DEBUG [EBManual_Notification_JSSTTL-116730] allexpected_result contains: nullPassnullPassnullpassnullpassnull
2016-01-27 20:11:17,246 DEBUG [EBManual_Notification_JSSTTL-116730] Testcase_Result contains: nullPassnullPassnullpassnullpassnullPasspassPassPassPasspasspassPassPassnull
2016-01-27 20:11:17,246 DEBUG [EBManual_Notification_JSSTTL-116730] Test case with description showPopup with Message, title and predefined icon Pass
2016-01-27 20:11:18,313 DEBUG [EBManual_Notification_JSSTTL-116730] Executing browser_Quit function
2016-01-27 20:11:18,313 DEBUG [EBManual_Notification_JSSTTL-116730] Completed browser_Quit function
2016-01-27 20:11:18,313 DEBUG [EBManual_Notification_JSSTTL-116730] Completed quitSelendroid function
2016-01-27 20:11:18,315 DEBUG [EBManual_Notification_JSSTTL-116730] Row number:31
2016-01-27 20:11:18,350 DEBUG [EBManual_Notification_JSSTTL-116730] Ending Test Case IDSTTL-116730
