2016-01-27 20:01:20,027 DEBUG [EBManual_Notification_JSSTTL-116720] Executing Test Case ID: STTL-116720
2016-01-27 20:01:20,034 DEBUG [EBManual_Notification_JSSTTL-116720] Executing Init_Selendroid function with APK as parameter and clear data value with 1
2016-01-27 20:01:29,579 DEBUG [EBManual_Notification_JSSTTL-116720] Exiting Init_Selendroid function
2016-01-27 20:01:29,598 DEBUG [EBManual_Notification_JSSTTL-116720] TestCase with Description "should display a question(?) icon in notification bar with message" Execution started
2016-01-27 20:01:29,598 DEBUG [EBManual_Notification_JSSTTL-116720] In execute keyword function
2016-01-27 20:01:29,598 DEBUG [EBManual_Notification_JSSTTL-116720] Executing wait function:
2016-01-27 20:01:29,598 DEBUG [EBManual_Notification_JSSTTL-116720] Started Executing wait function
2016-01-27 20:01:34,598 DEBUG [EBManual_Notification_JSSTTL-116720] Exiting from wait function
2016-01-27 20:01:34,598 DEBUG [EBManual_Notification_JSSTTL-116720] TestStepResult of wait: Pass
2016-01-27 20:01:34,598 DEBUG [EBManual_Notification_JSSTTL-116720] In execute keyword function
2016-01-27 20:01:34,598 DEBUG [EBManual_Notification_JSSTTL-116720] Executing validate_PageTitle function:
2016-01-27 20:01:34,636 DEBUG [EBManual_Notification_JSSTTL-116720] The title of the page is *********************************: Manual specs
2016-01-27 20:01:34,636 DEBUG [EBManual_Notification_JSSTTL-116720] The page title found is correct
2016-01-27 20:01:34,636 DEBUG [EBManual_Notification_JSSTTL-116720] Result of validate_PageTitle: pass
2016-01-27 20:01:34,636 DEBUG [EBManual_Notification_JSSTTL-116720] In execute keyword function
2016-01-27 20:01:34,636 DEBUG [EBManual_Notification_JSSTTL-116720] Executing link_Click function:
2016-01-27 20:01:35,274 DEBUG [EBManual_Notification_JSSTTL-116720] Executing Click function
2016-01-27 20:01:36,357 DEBUG [EBManual_Notification_JSSTTL-116720] Exiting Click function
2016-01-27 20:01:36,357 DEBUG [EBManual_Notification_JSSTTL-116720] notification_test_link clicked successfully
2016-01-27 20:01:36,357 DEBUG [EBManual_Notification_JSSTTL-116720] TestStepResult of link_Click: Pass
2016-01-27 20:01:36,357 DEBUG [EBManual_Notification_JSSTTL-116720] In execute keyword function
2016-01-27 20:01:36,358 DEBUG [EBManual_Notification_JSSTTL-116720] Executing validate_PageTitle function:
2016-01-27 20:01:36,375 DEBUG [EBManual_Notification_JSSTTL-116720] The title of the page is *********************************: Notification JS Test
2016-01-27 20:01:36,375 DEBUG [EBManual_Notification_JSSTTL-116720] The page title found is correct
2016-01-27 20:01:36,375 DEBUG [EBManual_Notification_JSSTTL-116720] Result of validate_PageTitle: pass
2016-01-27 20:01:36,376 DEBUG [EBManual_Notification_JSSTTL-116720] In execute keyword function
2016-01-27 20:01:36,376 DEBUG [EBManual_Notification_JSSTTL-116720] Executing SelectTestToRun function:
2016-01-27 20:01:42,464 DEBUG [EBManual_Notification_JSSTTL-116720] Successfull in selecting clicking the category
2016-01-27 20:01:42,464 DEBUG [EBManual_Notification_JSSTTL-116720] TestStepResult of SelectTestToRun: pass
2016-01-27 20:01:42,464 DEBUG [EBManual_Notification_JSSTTL-116720] In execute keyword function
2016-01-27 20:01:42,464 DEBUG [EBManual_Notification_JSSTTL-116720] Executing ClickRunTest function:
2016-01-27 20:01:42,994 DEBUG [EBManual_Notification_JSSTTL-116720] Executing Click function
2016-01-27 20:01:44,020 DEBUG [EBManual_Notification_JSSTTL-116720] Exiting Click function
2016-01-27 20:01:44,020 DEBUG [EBManual_Notification_JSSTTL-116720] runtest_top_xpath Button clicked Successfully
2016-01-27 20:01:44,020 DEBUG [EBManual_Notification_JSSTTL-116720] TestStepResult of ClickRunTest: pass
2016-01-27 20:01:44,020 DEBUG [EBManual_Notification_JSSTTL-116720] In execute keyword function
2016-01-27 20:01:44,020 DEBUG [EBManual_Notification_JSSTTL-116720] Executing wait function:
2016-01-27 20:01:44,020 DEBUG [EBManual_Notification_JSSTTL-116720] Started Executing wait function
2016-01-27 20:01:46,020 DEBUG [EBManual_Notification_JSSTTL-116720] Exiting from wait function
2016-01-27 20:01:46,020 DEBUG [EBManual_Notification_JSSTTL-116720] TestStepResult of wait: Pass
2016-01-27 20:01:46,020 DEBUG [EBManual_Notification_JSSTTL-116720] In execute keyword function
2016-01-27 20:01:46,020 DEBUG [EBManual_Notification_JSSTTL-116720] Executing validate_Text_Exists function:
2016-01-27 20:01:46,296 DEBUG [EBManual_Notification_JSSTTL-116720] VT307-0034 Testcase Text found
2016-01-27 20:01:46,296 DEBUG [EBManual_Notification_JSSTTL-116720] Result of validate_Text_Exists: Pass
2016-01-27 20:01:46,296 DEBUG [EBManual_Notification_JSSTTL-116720] In execute keyword function
2016-01-27 20:01:46,296 DEBUG [EBManual_Notification_JSSTTL-116720] Executing ClickRunTest function:
2016-01-27 20:01:46,671 DEBUG [EBManual_Notification_JSSTTL-116720] Executing Click function
2016-01-27 20:01:47,570 DEBUG [EBManual_Notification_JSSTTL-116720] Exiting Click function
2016-01-27 20:01:47,570 DEBUG [EBManual_Notification_JSSTTL-116720] runtest_bottom_xpath Button clicked Successfully
2016-01-27 20:01:47,570 DEBUG [EBManual_Notification_JSSTTL-116720] TestStepResult of ClickRunTest: pass
2016-01-27 20:01:47,570 DEBUG [EBManual_Notification_JSSTTL-116720] In execute keyword function
2016-01-27 20:01:47,570 DEBUG [EBManual_Notification_JSSTTL-116720] Executing wait function:
2016-01-27 20:01:47,570 DEBUG [EBManual_Notification_JSSTTL-116720] Started Executing wait function
2016-01-27 20:01:49,569 DEBUG [EBManual_Notification_JSSTTL-116720] Exiting from wait function
2016-01-27 20:01:49,569 DEBUG [EBManual_Notification_JSSTTL-116720] TestStepResult of wait: Pass
2016-01-27 20:01:49,569 DEBUG [EBManual_Notification_JSSTTL-116720] In execute keyword function
2016-01-27 20:01:49,569 DEBUG [EBManual_Notification_JSSTTL-116720] Executing SwipeNotification function:
2016-01-27 20:01:49,569 DEBUG [EBManual_Notification_JSSTTL-116720] Entered SwipeNotification function
2016-01-27 20:01:49,609 DEBUG [EBManual_Notification_JSSTTL-116720] Started executeCommandLine function
2016-01-27 20:01:53,630 DEBUG [EBManual_Notification_JSSTTL-116720] Started executeCommandLine function
2016-01-27 20:01:57,651 DEBUG [EBManual_Notification_JSSTTL-116720] TestStepResult of SwipeNotification: Pass
2016-01-27 20:01:57,651 DEBUG [EBManual_Notification_JSSTTL-116720] In execute keyword function
2016-01-27 20:01:57,651 DEBUG [EBManual_Notification_JSSTTL-116720] Executing UIAutomatorScreenshot function:
2016-01-27 20:01:57,651 DEBUG [EBManual_Notification_JSSTTL-116720] Started executeCommandLine function
2016-01-27 20:02:01,670 DEBUG [EBManual_Notification_JSSTTL-116720] Exiting from executeCommandLine function
2016-01-27 20:02:01,670 DEBUG [EBManual_Notification_JSSTTL-116720] Started executeCommandLine function
2016-01-27 20:02:05,690 DEBUG [EBManual_Notification_JSSTTL-116720] Exiting from executeCommandLine function
2016-01-27 20:02:05,743 DEBUG [EBManual_Notification_JSSTTL-116720] Started executeCommandLine function
2016-01-27 20:02:09,762 DEBUG [EBManual_Notification_JSSTTL-116720] Started executeCommandLine function
2016-01-27 20:02:13,782 DEBUG [EBManual_Notification_JSSTTL-116720] Exiting from executeCommandLine function
2016-01-27 20:02:13,782 DEBUG [EBManual_Notification_JSSTTL-116720] TestStepResult of UIAutomatorScreenshot: pass
2016-01-27 20:02:13,782 DEBUG [EBManual_Notification_JSSTTL-116720] In execute keyword function
2016-01-27 20:02:13,782 DEBUG [EBManual_Notification_JSSTTL-116720] Executing validate_Screenshot function:
2016-01-27 20:02:13,801 DEBUG [EBManual_Notification_JSSTTL-116720] Match found with reference image
2016-01-27 20:02:13,801 DEBUG [EBManual_Notification_JSSTTL-116720] Result of validate_Screenshot: Pass
2016-01-27 20:02:13,801 DEBUG [EBManual_Notification_JSSTTL-116720] In execute keyword function
2016-01-27 20:02:13,801 DEBUG [EBManual_Notification_JSSTTL-116720] Executing TapNotification function:
2016-01-27 20:02:13,801 DEBUG [EBManual_Notification_JSSTTL-116720] Entered TapNotification function
2016-01-27 20:02:13,801 DEBUG [EBManual_Notification_JSSTTL-116720] Started executeCommandLine function
2016-01-27 20:02:17,815 DEBUG [EBManual_Notification_JSSTTL-116720] Exiting TapNotification function
2016-01-27 20:02:17,815 DEBUG [EBManual_Notification_JSSTTL-116720] TestStepResult of TapNotification: Pass
2016-01-27 20:02:17,815 DEBUG [EBManual_Notification_JSSTTL-116720] allstep_result contains: PasspassPassPasspassPasspasspassPassPassnull
2016-01-27 20:02:17,815 DEBUG [EBManual_Notification_JSSTTL-116720] allexpected_result contains: nullPassnullPassnullpassnullpassnull
2016-01-27 20:02:17,815 DEBUG [EBManual_Notification_JSSTTL-116720] Testcase_Result contains: nullPassnullPassnullpassnullpassnullPasspassPassPasspassPasspasspassPassPassnull
2016-01-27 20:02:17,815 DEBUG [EBManual_Notification_JSSTTL-116720] Test case with description should display a question(?) icon in notification bar with message Pass
2016-01-27 20:02:18,804 DEBUG [EBManual_Notification_JSSTTL-116720] Executing browser_Quit function
2016-01-27 20:02:18,804 DEBUG [EBManual_Notification_JSSTTL-116720] Completed browser_Quit function
2016-01-27 20:02:18,804 DEBUG [EBManual_Notification_JSSTTL-116720] Completed quitSelendroid function
2016-01-27 20:02:18,805 DEBUG [EBManual_Notification_JSSTTL-116720] Row number:21
2016-01-27 20:02:18,853 DEBUG [EBManual_Notification_JSSTTL-116720] Ending Test Case IDSTTL-116720
