2016-01-27 20:06:15,516 DEBUG [EBManual_Notification_JSSTTL-116725] Executing Test Case ID: STTL-116725
2016-01-27 20:06:15,523 DEBUG [EBManual_Notification_JSSTTL-116725] Executing Init_Selendroid function with APK as parameter and clear data value with 1
2016-01-27 20:06:25,634 DEBUG [EBManual_Notification_JSSTTL-116725] Exiting Init_Selendroid function
2016-01-27 20:06:25,652 DEBUG [EBManual_Notification_JSSTTL-116725] TestCase with Description "should display a info icon in notification bar with buttons and with type Rho.Notification.TYPE_NOTIFICATION_DIALOG" Execution started
2016-01-27 20:06:25,652 DEBUG [EBManual_Notification_JSSTTL-116725] In execute keyword function
2016-01-27 20:06:25,652 DEBUG [EBManual_Notification_JSSTTL-116725] Executing wait function:
2016-01-27 20:06:25,652 DEBUG [EBManual_Notification_JSSTTL-116725] Started Executing wait function
2016-01-27 20:06:30,652 DEBUG [EBManual_Notification_JSSTTL-116725] Exiting from wait function
2016-01-27 20:06:30,652 DEBUG [EBManual_Notification_JSSTTL-116725] TestStepResult of wait: Pass
2016-01-27 20:06:30,652 DEBUG [EBManual_Notification_JSSTTL-116725] In execute keyword function
2016-01-27 20:06:30,652 DEBUG [EBManual_Notification_JSSTTL-116725] Executing validate_PageTitle function:
2016-01-27 20:06:30,693 DEBUG [EBManual_Notification_JSSTTL-116725] The title of the page is *********************************: Manual specs
2016-01-27 20:06:30,693 DEBUG [EBManual_Notification_JSSTTL-116725] The page title found is correct
2016-01-27 20:06:30,693 DEBUG [EBManual_Notification_JSSTTL-116725] Result of validate_PageTitle: pass
2016-01-27 20:06:30,693 DEBUG [EBManual_Notification_JSSTTL-116725] In execute keyword function
2016-01-27 20:06:30,693 DEBUG [EBManual_Notification_JSSTTL-116725] Executing link_Click function:
2016-01-27 20:06:31,347 DEBUG [EBManual_Notification_JSSTTL-116725] Executing Click function
2016-01-27 20:06:32,440 DEBUG [EBManual_Notification_JSSTTL-116725] Exiting Click function
2016-01-27 20:06:32,440 DEBUG [EBManual_Notification_JSSTTL-116725] notification_test_link clicked successfully
2016-01-27 20:06:32,440 DEBUG [EBManual_Notification_JSSTTL-116725] TestStepResult of link_Click: Pass
2016-01-27 20:06:32,440 DEBUG [EBManual_Notification_JSSTTL-116725] In execute keyword function
2016-01-27 20:06:32,440 DEBUG [EBManual_Notification_JSSTTL-116725] Executing validate_PageTitle function:
2016-01-27 20:06:32,457 DEBUG [EBManual_Notification_JSSTTL-116725] The title of the page is *********************************: Notification JS Test
2016-01-27 20:06:32,457 DEBUG [EBManual_Notification_JSSTTL-116725] The page title found is correct
2016-01-27 20:06:32,457 DEBUG [EBManual_Notification_JSSTTL-116725] Result of validate_PageTitle: pass
2016-01-27 20:06:32,457 DEBUG [EBManual_Notification_JSSTTL-116725] In execute keyword function
2016-01-27 20:06:32,457 DEBUG [EBManual_Notification_JSSTTL-116725] Executing SelectTestToRun function:
2016-01-27 20:06:39,486 DEBUG [EBManual_Notification_JSSTTL-116725] Successfull in selecting clicking the category
2016-01-27 20:06:39,486 DEBUG [EBManual_Notification_JSSTTL-116725] TestStepResult of SelectTestToRun: pass
2016-01-27 20:06:39,486 DEBUG [EBManual_Notification_JSSTTL-116725] In execute keyword function
2016-01-27 20:06:39,486 DEBUG [EBManual_Notification_JSSTTL-116725] Executing ClickRunTest function:
2016-01-27 20:06:39,828 DEBUG [EBManual_Notification_JSSTTL-116725] Executing Click function
2016-01-27 20:06:40,793 DEBUG [EBManual_Notification_JSSTTL-116725] Exiting Click function
2016-01-27 20:06:40,793 DEBUG [EBManual_Notification_JSSTTL-116725] runtest_top_xpath Button clicked Successfully
2016-01-27 20:06:40,793 DEBUG [EBManual_Notification_JSSTTL-116725] TestStepResult of ClickRunTest: pass
2016-01-27 20:06:40,793 DEBUG [EBManual_Notification_JSSTTL-116725] In execute keyword function
2016-01-27 20:06:40,793 DEBUG [EBManual_Notification_JSSTTL-116725] Executing wait function:
2016-01-27 20:06:40,793 DEBUG [EBManual_Notification_JSSTTL-116725] Started Executing wait function
2016-01-27 20:06:42,793 DEBUG [EBManual_Notification_JSSTTL-116725] Exiting from wait function
2016-01-27 20:06:42,793 DEBUG [EBManual_Notification_JSSTTL-116725] TestStepResult of wait: Pass
2016-01-27 20:06:42,793 DEBUG [EBManual_Notification_JSSTTL-116725] In execute keyword function
2016-01-27 20:06:42,793 DEBUG [EBManual_Notification_JSSTTL-116725] Executing validate_Text_Exists function:
2016-01-27 20:06:43,079 DEBUG [EBManual_Notification_JSSTTL-116725] VT307-0044 Testcase Text found
2016-01-27 20:06:43,079 DEBUG [EBManual_Notification_JSSTTL-116725] Result of validate_Text_Exists: Pass
2016-01-27 20:06:43,079 DEBUG [EBManual_Notification_JSSTTL-116725] In execute keyword function
2016-01-27 20:06:43,080 DEBUG [EBManual_Notification_JSSTTL-116725] Executing ClickRunTest function:
2016-01-27 20:06:43,427 DEBUG [EBManual_Notification_JSSTTL-116725] Executing Click function
2016-01-27 20:06:44,410 DEBUG [EBManual_Notification_JSSTTL-116725] Exiting Click function
2016-01-27 20:06:44,410 DEBUG [EBManual_Notification_JSSTTL-116725] runtest_bottom_xpath Button clicked Successfully
2016-01-27 20:06:44,410 DEBUG [EBManual_Notification_JSSTTL-116725] TestStepResult of ClickRunTest: pass
2016-01-27 20:06:44,410 DEBUG [EBManual_Notification_JSSTTL-116725] In execute keyword function
2016-01-27 20:06:44,410 DEBUG [EBManual_Notification_JSSTTL-116725] Executing wait function:
2016-01-27 20:06:44,410 DEBUG [EBManual_Notification_JSSTTL-116725] Started Executing wait function
2016-01-27 20:06:46,410 DEBUG [EBManual_Notification_JSSTTL-116725] Exiting from wait function
2016-01-27 20:06:46,410 DEBUG [EBManual_Notification_JSSTTL-116725] TestStepResult of wait: Pass
2016-01-27 20:06:46,410 DEBUG [EBManual_Notification_JSSTTL-116725] In execute keyword function
2016-01-27 20:06:46,410 DEBUG [EBManual_Notification_JSSTTL-116725] Executing SwipeNotification function:
2016-01-27 20:06:46,410 DEBUG [EBManual_Notification_JSSTTL-116725] Entered SwipeNotification function
2016-01-27 20:06:46,471 DEBUG [EBManual_Notification_JSSTTL-116725] Started executeCommandLine function
2016-01-27 20:06:50,492 DEBUG [EBManual_Notification_JSSTTL-116725] Started executeCommandLine function
2016-01-27 20:06:54,512 DEBUG [EBManual_Notification_JSSTTL-116725] TestStepResult of SwipeNotification: Pass
2016-01-27 20:06:54,512 DEBUG [EBManual_Notification_JSSTTL-116725] In execute keyword function
2016-01-27 20:06:54,512 DEBUG [EBManual_Notification_JSSTTL-116725] Executing TapNotification function:
2016-01-27 20:06:54,512 DEBUG [EBManual_Notification_JSSTTL-116725] Entered TapNotification function
2016-01-27 20:06:54,512 DEBUG [EBManual_Notification_JSSTTL-116725] Started executeCommandLine function
2016-01-27 20:06:58,532 DEBUG [EBManual_Notification_JSSTTL-116725] Exiting TapNotification function
2016-01-27 20:06:58,532 DEBUG [EBManual_Notification_JSSTTL-116725] TestStepResult of TapNotification: Pass
2016-01-27 20:06:58,532 DEBUG [EBManual_Notification_JSSTTL-116725] In execute keyword function
2016-01-27 20:06:58,532 DEBUG [EBManual_Notification_JSSTTL-116725] Executing CheckUITextContains function:
2016-01-27 20:06:58,532 DEBUG [EBManual_Notification_JSSTTL-116725] Started executeCommandLine function
2016-01-27 20:07:02,553 DEBUG [EBManual_Notification_JSSTTL-116725] Text is Present
2016-01-27 20:07:02,553 DEBUG [EBManual_Notification_JSSTTL-116725] TestStepResult of CheckUITextContains: Pass
2016-01-27 20:07:02,553 DEBUG [EBManual_Notification_JSSTTL-116725] In execute keyword function
2016-01-27 20:07:02,553 DEBUG [EBManual_Notification_JSSTTL-116725] Executing ClickUIButtonText function:
2016-01-27 20:07:02,553 DEBUG [EBManual_Notification_JSSTTL-116725] Entered ClickUIButtonText function
2016-01-27 20:07:02,553 DEBUG [EBManual_Notification_JSSTTL-116725] Started executeCommandLine function
2016-01-27 20:07:06,573 DEBUG [EBManual_Notification_JSSTTL-116725] Started executeCommandLine function
2016-01-27 20:07:11,009 DEBUG [EBManual_Notification_JSSTTL-116725] Exiting ClickUIButtonText function
2016-01-27 20:07:11,010 DEBUG [EBManual_Notification_JSSTTL-116725] TestStepResult of ClickUIButtonText: Pass
2016-01-27 20:07:11,010 DEBUG [EBManual_Notification_JSSTTL-116725] In execute keyword function
2016-01-27 20:07:11,010 DEBUG [EBManual_Notification_JSSTTL-116725] Executing validate_Result function:
2016-01-27 20:07:11,267 DEBUG [EBManual_Notification_JSSTTL-116725] "button_title":"ok" Text found in {"button_title":"ok","button_id":"accept","button_index":"0"}
2016-01-27 20:07:11,267 DEBUG [EBManual_Notification_JSSTTL-116725] Result of validate_Result: Pass
2016-01-27 20:07:11,267 DEBUG [EBManual_Notification_JSSTTL-116725] In execute keyword function
2016-01-27 20:07:11,268 DEBUG [EBManual_Notification_JSSTTL-116725] Executing validate_Result function:
2016-01-27 20:07:11,468 DEBUG [EBManual_Notification_JSSTTL-116725] "button_id":"accept" Text found in {"button_title":"ok","button_id":"accept","button_index":"0"}
2016-01-27 20:07:11,468 DEBUG [EBManual_Notification_JSSTTL-116725] Result of validate_Result: Pass
2016-01-27 20:07:11,468 DEBUG [EBManual_Notification_JSSTTL-116725] In execute keyword function
2016-01-27 20:07:11,468 DEBUG [EBManual_Notification_JSSTTL-116725] Executing validate_Result function:
2016-01-27 20:07:11,614 DEBUG [EBManual_Notification_JSSTTL-116725] "button_index":"0" Text found in {"button_title":"ok","button_id":"accept","button_index":"0"}
2016-01-27 20:07:11,614 DEBUG [EBManual_Notification_JSSTTL-116725] Result of validate_Result: Pass
2016-01-27 20:07:11,614 DEBUG [EBManual_Notification_JSSTTL-116725] allstep_result contains: PassPassPassPassPasspassPasspasspassPassPassnull
2016-01-27 20:07:11,614 DEBUG [EBManual_Notification_JSSTTL-116725] allexpected_result contains: nullPassPassPassnullPassnullpassnullpassnull
2016-01-27 20:07:11,614 DEBUG [EBManual_Notification_JSSTTL-116725] Testcase_Result contains: nullPassPassPassnullPassnullpassnullpassnullPassPassPassPassPasspassPasspasspassPassPassnull
2016-01-27 20:07:11,614 DEBUG [EBManual_Notification_JSSTTL-116725] Test case with description should display a info icon in notification bar with buttons and with type Rho.Notification.TYPE_NOTIFICATION_DIALOG Pass
2016-01-27 20:07:12,597 DEBUG [EBManual_Notification_JSSTTL-116725] Executing browser_Quit function
2016-01-27 20:07:12,597 DEBUG [EBManual_Notification_JSSTTL-116725] Completed browser_Quit function
2016-01-27 20:07:12,597 DEBUG [EBManual_Notification_JSSTTL-116725] Completed quitSelendroid function
2016-01-27 20:07:12,598 DEBUG [EBManual_Notification_JSSTTL-116725] Row number:26
2016-01-27 20:07:12,632 DEBUG [EBManual_Notification_JSSTTL-116725] Ending Test Case IDSTTL-116725
