2016-01-27 20:07:12,646 DEBUG [EBManual_Notification_JSSTTL-116726] Executing Test Case ID: STTL-116726
2016-01-27 20:07:12,653 DEBUG [EBManual_Notification_JSSTTL-116726] Executing Init_Selendroid function with APK as parameter and clear data value with 1
2016-01-27 20:07:22,832 DEBUG [EBManual_Notification_JSSTTL-116726] Exiting Init_Selendroid function
2016-01-27 20:07:22,850 DEBUG [EBManual_Notification_JSSTTL-116726] TestCase with Description "should display application icon in notification bar with message and buttons when no icon param provided (default behavior) and with type Rho.Notification.TYPE_NOTIFICATION_DIALOG" Execution started
2016-01-27 20:07:22,850 DEBUG [EBManual_Notification_JSSTTL-116726] In execute keyword function
2016-01-27 20:07:22,850 DEBUG [EBManual_Notification_JSSTTL-116726] Executing wait function:
2016-01-27 20:07:22,850 DEBUG [EBManual_Notification_JSSTTL-116726] Started Executing wait function
2016-01-27 20:07:27,850 DEBUG [EBManual_Notification_JSSTTL-116726] Exiting from wait function
2016-01-27 20:07:27,850 DEBUG [EBManual_Notification_JSSTTL-116726] TestStepResult of wait: Pass
2016-01-27 20:07:27,850 DEBUG [EBManual_Notification_JSSTTL-116726] In execute keyword function
2016-01-27 20:07:27,850 DEBUG [EBManual_Notification_JSSTTL-116726] Executing validate_PageTitle function:
2016-01-27 20:07:27,894 DEBUG [EBManual_Notification_JSSTTL-116726] The title of the page is *********************************: Manual specs
2016-01-27 20:07:27,894 DEBUG [EBManual_Notification_JSSTTL-116726] The page title found is correct
2016-01-27 20:07:27,894 DEBUG [EBManual_Notification_JSSTTL-116726] Result of validate_PageTitle: pass
2016-01-27 20:07:27,894 DEBUG [EBManual_Notification_JSSTTL-116726] In execute keyword function
2016-01-27 20:07:27,894 DEBUG [EBManual_Notification_JSSTTL-116726] Executing link_Click function:
2016-01-27 20:07:28,579 DEBUG [EBManual_Notification_JSSTTL-116726] Executing Click function
2016-01-27 20:07:29,667 DEBUG [EBManual_Notification_JSSTTL-116726] Exiting Click function
2016-01-27 20:07:29,667 DEBUG [EBManual_Notification_JSSTTL-116726] notification_test_link clicked successfully
2016-01-27 20:07:29,667 DEBUG [EBManual_Notification_JSSTTL-116726] TestStepResult of link_Click: Pass
2016-01-27 20:07:29,667 DEBUG [EBManual_Notification_JSSTTL-116726] In execute keyword function
2016-01-27 20:07:29,667 DEBUG [EBManual_Notification_JSSTTL-116726] Executing validate_PageTitle function:
2016-01-27 20:07:29,683 DEBUG [EBManual_Notification_JSSTTL-116726] The title of the page is *********************************: Notification JS Test
2016-01-27 20:07:29,683 DEBUG [EBManual_Notification_JSSTTL-116726] The page title found is correct
2016-01-27 20:07:29,683 DEBUG [EBManual_Notification_JSSTTL-116726] Result of validate_PageTitle: pass
2016-01-27 20:07:29,683 DEBUG [EBManual_Notification_JSSTTL-116726] In execute keyword function
2016-01-27 20:07:29,683 DEBUG [EBManual_Notification_JSSTTL-116726] Executing SelectTestToRun function:
2016-01-27 20:07:38,060 DEBUG [EBManual_Notification_JSSTTL-116726] Successfull in selecting clicking the category
2016-01-27 20:07:38,060 DEBUG [EBManual_Notification_JSSTTL-116726] TestStepResult of SelectTestToRun: pass
2016-01-27 20:07:38,060 DEBUG [EBManual_Notification_JSSTTL-116726] In execute keyword function
2016-01-27 20:07:38,060 DEBUG [EBManual_Notification_JSSTTL-116726] Executing ClickRunTest function:
2016-01-27 20:07:38,414 DEBUG [EBManual_Notification_JSSTTL-116726] Executing Click function
2016-01-27 20:07:39,435 DEBUG [EBManual_Notification_JSSTTL-116726] Exiting Click function
2016-01-27 20:07:39,435 DEBUG [EBManual_Notification_JSSTTL-116726] runtest_top_xpath Button clicked Successfully
2016-01-27 20:07:39,435 DEBUG [EBManual_Notification_JSSTTL-116726] TestStepResult of ClickRunTest: pass
2016-01-27 20:07:39,435 DEBUG [EBManual_Notification_JSSTTL-116726] In execute keyword function
2016-01-27 20:07:39,435 DEBUG [EBManual_Notification_JSSTTL-116726] Executing wait function:
2016-01-27 20:07:39,435 DEBUG [EBManual_Notification_JSSTTL-116726] Started Executing wait function
2016-01-27 20:07:41,435 DEBUG [EBManual_Notification_JSSTTL-116726] Exiting from wait function
2016-01-27 20:07:41,435 DEBUG [EBManual_Notification_JSSTTL-116726] TestStepResult of wait: Pass
2016-01-27 20:07:41,435 DEBUG [EBManual_Notification_JSSTTL-116726] In execute keyword function
2016-01-27 20:07:41,435 DEBUG [EBManual_Notification_JSSTTL-116726] Executing validate_Text_Exists function:
2016-01-27 20:07:41,779 DEBUG [EBManual_Notification_JSSTTL-116726] VT307-0045 Testcase Text found
2016-01-27 20:07:41,779 DEBUG [EBManual_Notification_JSSTTL-116726] Result of validate_Text_Exists: Pass
2016-01-27 20:07:41,780 DEBUG [EBManual_Notification_JSSTTL-116726] In execute keyword function
2016-01-27 20:07:41,780 DEBUG [EBManual_Notification_JSSTTL-116726] Executing ClickRunTest function:
2016-01-27 20:07:42,154 DEBUG [EBManual_Notification_JSSTTL-116726] Executing Click function
2016-01-27 20:07:43,090 DEBUG [EBManual_Notification_JSSTTL-116726] Exiting Click function
2016-01-27 20:07:43,090 DEBUG [EBManual_Notification_JSSTTL-116726] runtest_bottom_xpath Button clicked Successfully
2016-01-27 20:07:43,090 DEBUG [EBManual_Notification_JSSTTL-116726] TestStepResult of ClickRunTest: pass
2016-01-27 20:07:43,090 DEBUG [EBManual_Notification_JSSTTL-116726] In execute keyword function
2016-01-27 20:07:43,090 DEBUG [EBManual_Notification_JSSTTL-116726] Executing wait function:
2016-01-27 20:07:43,090 DEBUG [EBManual_Notification_JSSTTL-116726] Started Executing wait function
2016-01-27 20:07:45,090 DEBUG [EBManual_Notification_JSSTTL-116726] Exiting from wait function
2016-01-27 20:07:45,090 DEBUG [EBManual_Notification_JSSTTL-116726] TestStepResult of wait: Pass
2016-01-27 20:07:45,090 DEBUG [EBManual_Notification_JSSTTL-116726] In execute keyword function
2016-01-27 20:07:45,090 DEBUG [EBManual_Notification_JSSTTL-116726] Executing SwipeNotification function:
2016-01-27 20:07:45,090 DEBUG [EBManual_Notification_JSSTTL-116726] Entered SwipeNotification function
2016-01-27 20:07:45,131 DEBUG [EBManual_Notification_JSSTTL-116726] Started executeCommandLine function
2016-01-27 20:07:49,143 DEBUG [EBManual_Notification_JSSTTL-116726] Started executeCommandLine function
2016-01-27 20:07:53,163 DEBUG [EBManual_Notification_JSSTTL-116726] TestStepResult of SwipeNotification: Pass
2016-01-27 20:07:53,163 DEBUG [EBManual_Notification_JSSTTL-116726] In execute keyword function
2016-01-27 20:07:53,163 DEBUG [EBManual_Notification_JSSTTL-116726] Executing TapNotification function:
2016-01-27 20:07:53,163 DEBUG [EBManual_Notification_JSSTTL-116726] Entered TapNotification function
2016-01-27 20:07:53,163 DEBUG [EBManual_Notification_JSSTTL-116726] Started executeCommandLine function
2016-01-27 20:07:57,184 DEBUG [EBManual_Notification_JSSTTL-116726] Exiting TapNotification function
2016-01-27 20:07:57,184 DEBUG [EBManual_Notification_JSSTTL-116726] TestStepResult of TapNotification: Pass
2016-01-27 20:07:57,184 DEBUG [EBManual_Notification_JSSTTL-116726] In execute keyword function
2016-01-27 20:07:57,184 DEBUG [EBManual_Notification_JSSTTL-116726] Executing CheckUITextContains function:
2016-01-27 20:07:57,184 DEBUG [EBManual_Notification_JSSTTL-116726] Started executeCommandLine function
2016-01-27 20:08:01,204 DEBUG [EBManual_Notification_JSSTTL-116726] Text is Present
2016-01-27 20:08:01,204 DEBUG [EBManual_Notification_JSSTTL-116726] TestStepResult of CheckUITextContains: Pass
2016-01-27 20:08:01,204 DEBUG [EBManual_Notification_JSSTTL-116726] In execute keyword function
2016-01-27 20:08:01,204 DEBUG [EBManual_Notification_JSSTTL-116726] Executing ClickUIButtonText function:
2016-01-27 20:08:01,204 DEBUG [EBManual_Notification_JSSTTL-116726] Entered ClickUIButtonText function
2016-01-27 20:08:01,204 DEBUG [EBManual_Notification_JSSTTL-116726] Started executeCommandLine function
2016-01-27 20:08:05,225 DEBUG [EBManual_Notification_JSSTTL-116726] Started executeCommandLine function
2016-01-27 20:08:09,724 DEBUG [EBManual_Notification_JSSTTL-116726] Exiting ClickUIButtonText function
2016-01-27 20:08:09,724 DEBUG [EBManual_Notification_JSSTTL-116726] TestStepResult of ClickUIButtonText: Pass
2016-01-27 20:08:09,724 DEBUG [EBManual_Notification_JSSTTL-116726] In execute keyword function
2016-01-27 20:08:09,724 DEBUG [EBManual_Notification_JSSTTL-116726] Executing validate_Result function:
2016-01-27 20:08:10,059 DEBUG [EBManual_Notification_JSSTTL-116726] "button_title":"ok" Text found in {"button_title":"ok","button_id":"accept","button_index":"0"}
2016-01-27 20:08:10,059 DEBUG [EBManual_Notification_JSSTTL-116726] Result of validate_Result: Pass
2016-01-27 20:08:10,059 DEBUG [EBManual_Notification_JSSTTL-116726] In execute keyword function
2016-01-27 20:08:10,059 DEBUG [EBManual_Notification_JSSTTL-116726] Executing validate_Result function:
2016-01-27 20:08:10,226 DEBUG [EBManual_Notification_JSSTTL-116726] "button_id":"accept" Text found in {"button_title":"ok","button_id":"accept","button_index":"0"}
2016-01-27 20:08:10,226 DEBUG [EBManual_Notification_JSSTTL-116726] Result of validate_Result: Pass
2016-01-27 20:08:10,226 DEBUG [EBManual_Notification_JSSTTL-116726] In execute keyword function
2016-01-27 20:08:10,226 DEBUG [EBManual_Notification_JSSTTL-116726] Executing validate_Result function:
2016-01-27 20:08:10,358 DEBUG [EBManual_Notification_JSSTTL-116726] "button_index":"0" Text found in {"button_title":"ok","button_id":"accept","button_index":"0"}
2016-01-27 20:08:10,358 DEBUG [EBManual_Notification_JSSTTL-116726] Result of validate_Result: Pass
2016-01-27 20:08:10,358 DEBUG [EBManual_Notification_JSSTTL-116726] allstep_result contains: PassPassPassPassPasspassPasspasspassPassPassnull
2016-01-27 20:08:10,358 DEBUG [EBManual_Notification_JSSTTL-116726] allexpected_result contains: nullPassPassPassnullPassnullpassnullpassnull
2016-01-27 20:08:10,358 DEBUG [EBManual_Notification_JSSTTL-116726] Testcase_Result contains: nullPassPassPassnullPassnullpassnullpassnullPassPassPassPassPasspassPasspasspassPassPassnull
2016-01-27 20:08:10,358 DEBUG [EBManual_Notification_JSSTTL-116726] Test case with description should display application icon in notification bar with message and buttons when no icon param provided (default behavior) and with type Rho.Notification.TYPE_NOTIFICATION_DIALOG Pass
2016-01-27 20:08:11,341 DEBUG [EBManual_Notification_JSSTTL-116726] Executing browser_Quit function
2016-01-27 20:08:11,341 DEBUG [EBManual_Notification_JSSTTL-116726] Completed browser_Quit function
2016-01-27 20:08:11,341 DEBUG [EBManual_Notification_JSSTTL-116726] Completed quitSelendroid function
2016-01-27 20:08:11,342 DEBUG [EBManual_Notification_JSSTTL-116726] Row number:27
2016-01-27 20:08:11,380 DEBUG [EBManual_Notification_JSSTTL-116726] Ending Test Case IDSTTL-116726
