2016-01-27 20:04:19,427 DEBUG [EBManual_Notification_JSSTTL-116723] Executing Test Case ID: STTL-116723
2016-01-27 20:04:19,444 DEBUG [EBManual_Notification_JSSTTL-116723] Executing Init_Selendroid function with APK as parameter and clear data value with 1
2016-01-27 20:04:29,712 DEBUG [EBManual_Notification_JSSTTL-116723] Exiting Init_Selendroid function
2016-01-27 20:04:29,730 DEBUG [EBManual_Notification_JSSTTL-116723] TestCase with Description "should display a alert(!) icon in notification bar with buttons with type Rho.Notification.TYPE_NOTIFICATION_DIALOG" Execution started
2016-01-27 20:04:29,730 DEBUG [EBManual_Notification_JSSTTL-116723] In execute keyword function
2016-01-27 20:04:29,730 DEBUG [EBManual_Notification_JSSTTL-116723] Executing wait function:
2016-01-27 20:04:29,730 DEBUG [EBManual_Notification_JSSTTL-116723] Started Executing wait function
2016-01-27 20:04:34,730 DEBUG [EBManual_Notification_JSSTTL-116723] Exiting from wait function
2016-01-27 20:04:34,730 DEBUG [EBManual_Notification_JSSTTL-116723] TestStepResult of wait: Pass
2016-01-27 20:04:34,730 DEBUG [EBManual_Notification_JSSTTL-116723] In execute keyword function
2016-01-27 20:04:34,730 DEBUG [EBManual_Notification_JSSTTL-116723] Executing validate_PageTitle function:
2016-01-27 20:04:34,769 DEBUG [EBManual_Notification_JSSTTL-116723] The title of the page is *********************************: Manual specs
2016-01-27 20:04:34,769 DEBUG [EBManual_Notification_JSSTTL-116723] The page title found is correct
2016-01-27 20:04:34,769 DEBUG [EBManual_Notification_JSSTTL-116723] Result of validate_PageTitle: pass
2016-01-27 20:04:34,770 DEBUG [EBManual_Notification_JSSTTL-116723] In execute keyword function
2016-01-27 20:04:34,770 DEBUG [EBManual_Notification_JSSTTL-116723] Executing link_Click function:
2016-01-27 20:04:35,350 DEBUG [EBManual_Notification_JSSTTL-116723] Executing Click function
2016-01-27 20:04:36,466 DEBUG [EBManual_Notification_JSSTTL-116723] Exiting Click function
2016-01-27 20:04:36,466 DEBUG [EBManual_Notification_JSSTTL-116723] notification_test_link clicked successfully
2016-01-27 20:04:36,466 DEBUG [EBManual_Notification_JSSTTL-116723] TestStepResult of link_Click: Pass
2016-01-27 20:04:36,466 DEBUG [EBManual_Notification_JSSTTL-116723] In execute keyword function
2016-01-27 20:04:36,466 DEBUG [EBManual_Notification_JSSTTL-116723] Executing validate_PageTitle function:
2016-01-27 20:04:36,483 DEBUG [EBManual_Notification_JSSTTL-116723] The title of the page is *********************************: Notification JS Test
2016-01-27 20:04:36,483 DEBUG [EBManual_Notification_JSSTTL-116723] The page title found is correct
2016-01-27 20:04:36,483 DEBUG [EBManual_Notification_JSSTTL-116723] Result of validate_PageTitle: pass
2016-01-27 20:04:36,483 DEBUG [EBManual_Notification_JSSTTL-116723] In execute keyword function
2016-01-27 20:04:36,483 DEBUG [EBManual_Notification_JSSTTL-116723] Executing SelectTestToRun function:
2016-01-27 20:04:43,309 DEBUG [EBManual_Notification_JSSTTL-116723] Successfull in selecting clicking the category
2016-01-27 20:04:43,309 DEBUG [EBManual_Notification_JSSTTL-116723] TestStepResult of SelectTestToRun: pass
2016-01-27 20:04:43,309 DEBUG [EBManual_Notification_JSSTTL-116723] In execute keyword function
2016-01-27 20:04:43,309 DEBUG [EBManual_Notification_JSSTTL-116723] Executing ClickRunTest function:
2016-01-27 20:04:43,674 DEBUG [EBManual_Notification_JSSTTL-116723] Executing Click function
2016-01-27 20:04:44,748 DEBUG [EBManual_Notification_JSSTTL-116723] Exiting Click function
2016-01-27 20:04:44,748 DEBUG [EBManual_Notification_JSSTTL-116723] runtest_top_xpath Button clicked Successfully
2016-01-27 20:04:44,748 DEBUG [EBManual_Notification_JSSTTL-116723] TestStepResult of ClickRunTest: pass
2016-01-27 20:04:44,748 DEBUG [EBManual_Notification_JSSTTL-116723] In execute keyword function
2016-01-27 20:04:44,748 DEBUG [EBManual_Notification_JSSTTL-116723] Executing wait function:
2016-01-27 20:04:44,748 DEBUG [EBManual_Notification_JSSTTL-116723] Started Executing wait function
2016-01-27 20:04:46,748 DEBUG [EBManual_Notification_JSSTTL-116723] Exiting from wait function
2016-01-27 20:04:46,748 DEBUG [EBManual_Notification_JSSTTL-116723] TestStepResult of wait: Pass
2016-01-27 20:04:46,748 DEBUG [EBManual_Notification_JSSTTL-116723] In execute keyword function
2016-01-27 20:04:46,748 DEBUG [EBManual_Notification_JSSTTL-116723] Executing validate_Text_Exists function:
2016-01-27 20:04:47,013 DEBUG [EBManual_Notification_JSSTTL-116723] VT307-0042 Testcase Text found
2016-01-27 20:04:47,013 DEBUG [EBManual_Notification_JSSTTL-116723] Result of validate_Text_Exists: Pass
2016-01-27 20:04:47,013 DEBUG [EBManual_Notification_JSSTTL-116723] In execute keyword function
2016-01-27 20:04:47,013 DEBUG [EBManual_Notification_JSSTTL-116723] Executing ClickRunTest function:
2016-01-27 20:04:47,362 DEBUG [EBManual_Notification_JSSTTL-116723] Executing Click function
2016-01-27 20:04:48,310 DEBUG [EBManual_Notification_JSSTTL-116723] Exiting Click function
2016-01-27 20:04:48,310 DEBUG [EBManual_Notification_JSSTTL-116723] runtest_bottom_xpath Button clicked Successfully
2016-01-27 20:04:48,311 DEBUG [EBManual_Notification_JSSTTL-116723] TestStepResult of ClickRunTest: pass
2016-01-27 20:04:48,311 DEBUG [EBManual_Notification_JSSTTL-116723] In execute keyword function
2016-01-27 20:04:48,311 DEBUG [EBManual_Notification_JSSTTL-116723] Executing wait function:
2016-01-27 20:04:48,311 DEBUG [EBManual_Notification_JSSTTL-116723] Started Executing wait function
2016-01-27 20:04:50,311 DEBUG [EBManual_Notification_JSSTTL-116723] Exiting from wait function
2016-01-27 20:04:50,311 DEBUG [EBManual_Notification_JSSTTL-116723] TestStepResult of wait: Pass
2016-01-27 20:04:50,311 DEBUG [EBManual_Notification_JSSTTL-116723] In execute keyword function
2016-01-27 20:04:50,311 DEBUG [EBManual_Notification_JSSTTL-116723] Executing SwipeNotification function:
2016-01-27 20:04:50,311 DEBUG [EBManual_Notification_JSSTTL-116723] Entered SwipeNotification function
2016-01-27 20:04:50,353 DEBUG [EBManual_Notification_JSSTTL-116723] Started executeCommandLine function
2016-01-27 20:04:54,373 DEBUG [EBManual_Notification_JSSTTL-116723] Started executeCommandLine function
2016-01-27 20:04:58,392 DEBUG [EBManual_Notification_JSSTTL-116723] TestStepResult of SwipeNotification: Pass
2016-01-27 20:04:58,392 DEBUG [EBManual_Notification_JSSTTL-116723] In execute keyword function
2016-01-27 20:04:58,392 DEBUG [EBManual_Notification_JSSTTL-116723] Executing TapNotification function:
2016-01-27 20:04:58,392 DEBUG [EBManual_Notification_JSSTTL-116723] Entered TapNotification function
2016-01-27 20:04:58,392 DEBUG [EBManual_Notification_JSSTTL-116723] Started executeCommandLine function
2016-01-27 20:05:02,412 DEBUG [EBManual_Notification_JSSTTL-116723] Exiting TapNotification function
2016-01-27 20:05:02,412 DEBUG [EBManual_Notification_JSSTTL-116723] TestStepResult of TapNotification: Pass
2016-01-27 20:05:02,412 DEBUG [EBManual_Notification_JSSTTL-116723] In execute keyword function
2016-01-27 20:05:02,412 DEBUG [EBManual_Notification_JSSTTL-116723] Executing wait function:
2016-01-27 20:05:02,412 DEBUG [EBManual_Notification_JSSTTL-116723] Started Executing wait function
2016-01-27 20:05:04,412 DEBUG [EBManual_Notification_JSSTTL-116723] Exiting from wait function
2016-01-27 20:05:04,412 DEBUG [EBManual_Notification_JSSTTL-116723] TestStepResult of wait: Pass
2016-01-27 20:05:04,412 DEBUG [EBManual_Notification_JSSTTL-116723] In execute keyword function
2016-01-27 20:05:04,412 DEBUG [EBManual_Notification_JSSTTL-116723] Executing CheckUITextContains function:
2016-01-27 20:05:04,412 DEBUG [EBManual_Notification_JSSTTL-116723] Started executeCommandLine function
2016-01-27 20:05:08,432 DEBUG [EBManual_Notification_JSSTTL-116723] Text is Present
2016-01-27 20:05:08,432 DEBUG [EBManual_Notification_JSSTTL-116723] TestStepResult of CheckUITextContains: Pass
2016-01-27 20:05:08,432 DEBUG [EBManual_Notification_JSSTTL-116723] In execute keyword function
2016-01-27 20:05:08,432 DEBUG [EBManual_Notification_JSSTTL-116723] Executing ClickUIButtonText function:
2016-01-27 20:05:08,432 DEBUG [EBManual_Notification_JSSTTL-116723] Entered ClickUIButtonText function
2016-01-27 20:05:08,432 DEBUG [EBManual_Notification_JSSTTL-116723] Started executeCommandLine function
2016-01-27 20:05:12,453 DEBUG [EBManual_Notification_JSSTTL-116723] Started executeCommandLine function
2016-01-27 20:05:16,914 DEBUG [EBManual_Notification_JSSTTL-116723] Exiting ClickUIButtonText function
2016-01-27 20:05:16,914 DEBUG [EBManual_Notification_JSSTTL-116723] TestStepResult of ClickUIButtonText: Pass
2016-01-27 20:05:16,914 DEBUG [EBManual_Notification_JSSTTL-116723] In execute keyword function
2016-01-27 20:05:16,914 DEBUG [EBManual_Notification_JSSTTL-116723] Executing validate_Result function:
2016-01-27 20:05:17,205 DEBUG [EBManual_Notification_JSSTTL-116723] "button_title":"ok" Text found in {"button_title":"ok","button_id":"accept","button_index":"0"}
2016-01-27 20:05:17,205 DEBUG [EBManual_Notification_JSSTTL-116723] Result of validate_Result: Pass
2016-01-27 20:05:17,205 DEBUG [EBManual_Notification_JSSTTL-116723] In execute keyword function
2016-01-27 20:05:17,205 DEBUG [EBManual_Notification_JSSTTL-116723] Executing validate_Result function:
2016-01-27 20:05:17,357 DEBUG [EBManual_Notification_JSSTTL-116723] "button_id":"accept" Text found in {"button_title":"ok","button_id":"accept","button_index":"0"}
2016-01-27 20:05:17,357 DEBUG [EBManual_Notification_JSSTTL-116723] Result of validate_Result: Pass
2016-01-27 20:05:17,357 DEBUG [EBManual_Notification_JSSTTL-116723] In execute keyword function
2016-01-27 20:05:17,357 DEBUG [EBManual_Notification_JSSTTL-116723] Executing validate_Result function:
2016-01-27 20:05:17,540 DEBUG [EBManual_Notification_JSSTTL-116723] "button_index":"0" Text found in {"button_title":"ok","button_id":"accept","button_index":"0"}
2016-01-27 20:05:17,540 DEBUG [EBManual_Notification_JSSTTL-116723] Result of validate_Result: Pass
2016-01-27 20:05:17,540 DEBUG [EBManual_Notification_JSSTTL-116723] In execute keyword function
2016-01-27 20:05:17,540 DEBUG [EBManual_Notification_JSSTTL-116723] TestStepResult of : Function <> not found in the keyword class
2016-01-27 20:05:17,540 DEBUG [EBManual_Notification_JSSTTL-116723] allstep_result contains: Function <> not found in the keyword classPassPassPassPassPassPasspassPasspasspassPassPassnull
2016-01-27 20:05:17,540 DEBUG [EBManual_Notification_JSSTTL-116723] allexpected_result contains: nullPassPassPassnullPassnullpassnullpassnull
2016-01-27 20:05:17,540 DEBUG [EBManual_Notification_JSSTTL-116723] Testcase_Result contains: nullPassPassPassnullPassnullpassnullpassnullFunction <> not found in the keyword classPassPassPassPassPassPasspassPasspasspassPassPassnull
2016-01-27 20:05:17,540 DEBUG [EBManual_Notification_JSSTTL-116723] Test case with description should display a alert(!) icon in notification bar with buttons with type Rho.Notification.TYPE_NOTIFICATION_DIALOG Pass
2016-01-27 20:05:18,544 DEBUG [EBManual_Notification_JSSTTL-116723] Executing browser_Quit function
2016-01-27 20:05:18,544 DEBUG [EBManual_Notification_JSSTTL-116723] Completed browser_Quit function
2016-01-27 20:05:18,544 DEBUG [EBManual_Notification_JSSTTL-116723] Completed quitSelendroid function
2016-01-27 20:05:18,545 DEBUG [EBManual_Notification_JSSTTL-116723] Row number:24
2016-01-27 20:05:18,586 DEBUG [EBManual_Notification_JSSTTL-116723] Ending Test Case IDSTTL-116723
