2016-01-27 19:55:57,213 DEBUG [EBManual_Notification_JSSTTL-116714] Executing Test Case ID: STTL-116714
2016-01-27 19:55:57,221 DEBUG [EBManual_Notification_JSSTTL-116714] Executing Init_Selendroid function with APK as parameter and clear data value with 1
2016-01-27 19:56:07,425 DEBUG [EBManual_Notification_JSSTTL-116714] Exiting Init_Selendroid function
2016-01-27 19:56:07,462 DEBUG [EBManual_Notification_JSSTTL-116714] TestCase with Description "should not display any notification in notification bar when app is in foreground when types is only notification." Execution started
2016-01-27 19:56:07,462 DEBUG [EBManual_Notification_JSSTTL-116714] In execute keyword function
2016-01-27 19:56:07,462 DEBUG [EBManual_Notification_JSSTTL-116714] Executing wait function:
2016-01-27 19:56:07,462 DEBUG [EBManual_Notification_JSSTTL-116714] Started Executing wait function
2016-01-27 19:56:12,463 DEBUG [EBManual_Notification_JSSTTL-116714] Exiting from wait function
2016-01-27 19:56:12,463 DEBUG [EBManual_Notification_JSSTTL-116714] TestStepResult of wait: Pass
2016-01-27 19:56:12,463 DEBUG [EBManual_Notification_JSSTTL-116714] In execute keyword function
2016-01-27 19:56:12,463 DEBUG [EBManual_Notification_JSSTTL-116714] Executing validate_PageTitle function:
2016-01-27 19:56:12,502 DEBUG [EBManual_Notification_JSSTTL-116714] The title of the page is *********************************: Manual specs
2016-01-27 19:56:12,502 DEBUG [EBManual_Notification_JSSTTL-116714] The page title found is correct
2016-01-27 19:56:12,502 DEBUG [EBManual_Notification_JSSTTL-116714] Result of validate_PageTitle: pass
2016-01-27 19:56:12,502 DEBUG [EBManual_Notification_JSSTTL-116714] In execute keyword function
2016-01-27 19:56:12,502 DEBUG [EBManual_Notification_JSSTTL-116714] Executing link_Click function:
2016-01-27 19:56:13,167 DEBUG [EBManual_Notification_JSSTTL-116714] Executing Click function
2016-01-27 19:56:14,335 DEBUG [EBManual_Notification_JSSTTL-116714] Exiting Click function
2016-01-27 19:56:14,335 DEBUG [EBManual_Notification_JSSTTL-116714] notification_test_link clicked successfully
2016-01-27 19:56:14,335 DEBUG [EBManual_Notification_JSSTTL-116714] TestStepResult of link_Click: Pass
2016-01-27 19:56:14,335 DEBUG [EBManual_Notification_JSSTTL-116714] In execute keyword function
2016-01-27 19:56:14,335 DEBUG [EBManual_Notification_JSSTTL-116714] Executing validate_PageTitle function:
2016-01-27 19:56:14,347 DEBUG [EBManual_Notification_JSSTTL-116714] The title of the page is *********************************: Notification JS Test
2016-01-27 19:56:14,347 DEBUG [EBManual_Notification_JSSTTL-116714] The page title found is correct
2016-01-27 19:56:14,347 DEBUG [EBManual_Notification_JSSTTL-116714] Result of validate_PageTitle: pass
2016-01-27 19:56:14,347 DEBUG [EBManual_Notification_JSSTTL-116714] In execute keyword function
2016-01-27 19:56:14,347 DEBUG [EBManual_Notification_JSSTTL-116714] Executing SelectTestToRun function:
2016-01-27 19:56:20,334 DEBUG [EBManual_Notification_JSSTTL-116714] Successfull in selecting clicking the category
2016-01-27 19:56:20,334 DEBUG [EBManual_Notification_JSSTTL-116714] TestStepResult of SelectTestToRun: pass
2016-01-27 19:56:20,334 DEBUG [EBManual_Notification_JSSTTL-116714] In execute keyword function
2016-01-27 19:56:20,334 DEBUG [EBManual_Notification_JSSTTL-116714] Executing ClickRunTest function:
2016-01-27 19:56:20,718 DEBUG [EBManual_Notification_JSSTTL-116714] Executing Click function
2016-01-27 19:56:21,878 DEBUG [EBManual_Notification_JSSTTL-116714] Exiting Click function
2016-01-27 19:56:21,878 DEBUG [EBManual_Notification_JSSTTL-116714] runtest_top_xpath Button clicked Successfully
2016-01-27 19:56:21,878 DEBUG [EBManual_Notification_JSSTTL-116714] TestStepResult of ClickRunTest: pass
2016-01-27 19:56:21,878 DEBUG [EBManual_Notification_JSSTTL-116714] In execute keyword function
2016-01-27 19:56:21,878 DEBUG [EBManual_Notification_JSSTTL-116714] Executing validate_Text_Exists function:
2016-01-27 19:56:22,394 DEBUG [EBManual_Notification_JSSTTL-116714] VT307-0032 Testcase Text found
2016-01-27 19:56:22,394 DEBUG [EBManual_Notification_JSSTTL-116714] Result of validate_Text_Exists: Pass
2016-01-27 19:56:22,394 DEBUG [EBManual_Notification_JSSTTL-116714] In execute keyword function
2016-01-27 19:56:22,394 DEBUG [EBManual_Notification_JSSTTL-116714] Executing ClickRunTest function:
2016-01-27 19:56:22,685 DEBUG [EBManual_Notification_JSSTTL-116714] Executing Click function
2016-01-27 19:56:23,758 DEBUG [EBManual_Notification_JSSTTL-116714] Exiting Click function
2016-01-27 19:56:23,758 DEBUG [EBManual_Notification_JSSTTL-116714] runtest_bottom_xpath Button clicked Successfully
2016-01-27 19:56:23,758 DEBUG [EBManual_Notification_JSSTTL-116714] TestStepResult of ClickRunTest: pass
2016-01-27 19:56:23,758 DEBUG [EBManual_Notification_JSSTTL-116714] In execute keyword function
2016-01-27 19:56:23,758 DEBUG [EBManual_Notification_JSSTTL-116714] Executing wait function:
2016-01-27 19:56:23,758 DEBUG [EBManual_Notification_JSSTTL-116714] Started Executing wait function
2016-01-27 19:56:28,758 DEBUG [EBManual_Notification_JSSTTL-116714] Exiting from wait function
2016-01-27 19:56:28,758 DEBUG [EBManual_Notification_JSSTTL-116714] TestStepResult of wait: Pass
2016-01-27 19:56:28,758 DEBUG [EBManual_Notification_JSSTTL-116714] In execute keyword function
2016-01-27 19:56:28,758 DEBUG [EBManual_Notification_JSSTTL-116714] Executing SwipeNotificationAndVerify function:
2016-01-27 19:56:28,758 DEBUG [EBManual_Notification_JSSTTL-116714] Entered SwipeNotificationAndVerify function
2016-01-27 19:56:28,798 DEBUG [EBManual_Notification_JSSTTL-116714] Started executeCommandLine function
2016-01-27 19:56:32,820 DEBUG [EBManual_Notification_JSSTTL-116714] Started executeCommandLine function
2016-01-27 19:56:46,103 DEBUG [EBManual_Notification_JSSTTL-116714] Exiting from executeCommandLine function
2016-01-27 19:56:47,103 DEBUG [EBManual_Notification_JSSTTL-116714] Started executeCommandLine function
2016-01-27 19:57:00,454 DEBUG [EBManual_Notification_JSSTTL-116714] Exiting from executeCommandLine function
2016-01-27 19:57:01,455 DEBUG [EBManual_Notification_JSSTTL-116714] Text is not Present
2016-01-27 19:57:01,455 DEBUG [EBManual_Notification_JSSTTL-116714] Exiting from SwipeNotificationAndVerify function
2016-01-27 19:57:01,455 DEBUG [EBManual_Notification_JSSTTL-116714] TestStepResult of SwipeNotificationAndVerify: Pass
2016-01-27 19:57:01,455 DEBUG [EBManual_Notification_JSSTTL-116714] In execute keyword function
2016-01-27 19:57:01,455 DEBUG [EBManual_Notification_JSSTTL-116714] Executing press_Key function:
2016-01-27 19:57:01,455 DEBUG [EBManual_Notification_JSSTTL-116714] Started executeCommandLine function
2016-01-27 19:57:05,476 DEBUG [EBManual_Notification_JSSTTL-116714] Exiting from executeCommandLine function
2016-01-27 19:57:05,476 DEBUG [EBManual_Notification_JSSTTL-116714] pressed on the home key
2016-01-27 19:57:05,476 DEBUG [EBManual_Notification_JSSTTL-116714] home works
2016-01-27 19:57:06,476 DEBUG [EBManual_Notification_JSSTTL-116714] TestStepResult of press_Key: pass
2016-01-27 19:57:06,476 DEBUG [EBManual_Notification_JSSTTL-116714] In execute keyword function
2016-01-27 19:57:06,476 DEBUG [EBManual_Notification_JSSTTL-116714] Executing validate_PageTitle function:
2016-01-27 19:57:06,514 DEBUG [EBManual_Notification_JSSTTL-116714] The title of the page is *********************************: Notification JS Test
2016-01-27 19:57:06,514 DEBUG [EBManual_Notification_JSSTTL-116714] The page title found is correct
2016-01-27 19:57:06,514 DEBUG [EBManual_Notification_JSSTTL-116714] Result of validate_PageTitle: pass
2016-01-27 19:57:06,514 DEBUG [EBManual_Notification_JSSTTL-116714] allstep_result contains: passPassPasspasspasspassPassPassnull
2016-01-27 19:57:06,514 DEBUG [EBManual_Notification_JSSTTL-116714] allexpected_result contains: nullpassnullPassnullpassnullpassnull
2016-01-27 19:57:06,514 DEBUG [EBManual_Notification_JSSTTL-116714] Testcase_Result contains: nullpassnullPassnullpassnullpassnullpassPassPasspasspasspassPassPassnull
2016-01-27 19:57:06,514 DEBUG [EBManual_Notification_JSSTTL-116714] Test case with description should not display any notification in notification bar when app is in foreground when types is only notification. Pass
2016-01-27 19:57:07,395 DEBUG [EBManual_Notification_JSSTTL-116714] Executing browser_Quit function
2016-01-27 19:57:07,395 DEBUG [EBManual_Notification_JSSTTL-116714] Completed browser_Quit function
2016-01-27 19:57:07,395 DEBUG [EBManual_Notification_JSSTTL-116714] Completed quitSelendroid function
2016-01-27 19:57:07,396 DEBUG [EBManual_Notification_JSSTTL-116714] Row number:15
2016-01-27 19:57:07,435 DEBUG [EBManual_Notification_JSSTTL-116714] Ending Test Case IDSTTL-116714
