2016-01-27 19:46:06,201 DEBUG [EBManual_Notification_JSSTTL-116701] Executing Test Case ID: STTL-116701
2016-01-27 19:46:41,298 DEBUG [EBManual_Notification_JSSTTL-116701] Executing Init_Selendroid function with APK as parameter and clear data value with 1
2016-01-27 19:46:51,784 DEBUG [EBManual_Notification_JSSTTL-116701] Exiting Init_Selendroid function
2016-01-27 19:46:51,804 DEBUG [EBManual_Notification_JSSTTL-116701] TestCase with Description "Change Start page" Execution started
2016-01-27 19:46:51,805 DEBUG [EBManual_Notification_JSSTTL-116701] In execute keyword function
2016-01-27 19:46:51,805 DEBUG [EBManual_Notification_JSSTTL-116701] Executing wait function:
2016-01-27 19:46:51,805 DEBUG [EBManual_Notification_JSSTTL-116701] Started Executing wait function
2016-01-27 19:46:54,805 DEBUG [EBManual_Notification_JSSTTL-116701] Exiting from wait function
2016-01-27 19:46:54,805 DEBUG [EBManual_Notification_JSSTTL-116701] TestStepResult of wait: Pass
2016-01-27 19:46:54,805 DEBUG [EBManual_Notification_JSSTTL-116701] In execute keyword function
2016-01-27 19:46:54,805 DEBUG [EBManual_Notification_JSSTTL-116701] Executing PullConfigxml function:
2016-01-27 19:46:54,805 DEBUG [EBManual_Notification_JSSTTL-116701] Started executeCommandLine function
2016-01-27 19:46:58,825 DEBUG [EBManual_Notification_JSSTTL-116701] TestStepResult of PullConfigxml: Pass
2016-01-27 19:46:58,825 DEBUG [EBManual_Notification_JSSTTL-116701] In execute keyword function
2016-01-27 19:46:58,825 DEBUG [EBManual_Notification_JSSTTL-116701] Executing ChangeConfigxml function:
2016-01-27 19:46:58,825 DEBUG [EBManual_Notification_JSSTTL-116701] Executing ChangeConfigxml function
2016-01-27 19:46:58,827 DEBUG [EBManual_Notification_JSSTTL-116701] TestStepResult of ChangeConfigxml: Pass
2016-01-27 19:46:58,827 DEBUG [EBManual_Notification_JSSTTL-116701] In execute keyword function
2016-01-27 19:46:58,827 DEBUG [EBManual_Notification_JSSTTL-116701] Executing ChangeConfigxml function:
2016-01-27 19:46:58,827 DEBUG [EBManual_Notification_JSSTTL-116701] Executing ChangeConfigxml function
2016-01-27 19:46:58,829 DEBUG [EBManual_Notification_JSSTTL-116701] TestStepResult of ChangeConfigxml: Pass
2016-01-27 19:46:58,829 DEBUG [EBManual_Notification_JSSTTL-116701] In execute keyword function
2016-01-27 19:46:58,829 DEBUG [EBManual_Notification_JSSTTL-116701] Executing ChangeConfigxml function:
2016-01-27 19:46:58,829 DEBUG [EBManual_Notification_JSSTTL-116701] Executing ChangeConfigxml function
2016-01-27 19:46:58,831 DEBUG [EBManual_Notification_JSSTTL-116701] TestStepResult of ChangeConfigxml: Pass
2016-01-27 19:46:58,831 DEBUG [EBManual_Notification_JSSTTL-116701] In execute keyword function
2016-01-27 19:46:58,831 DEBUG [EBManual_Notification_JSSTTL-116701] Executing PushConfigxml function:
2016-01-27 19:46:58,831 DEBUG [EBManual_Notification_JSSTTL-116701] Started executeCommandLine function
2016-01-27 19:47:02,852 DEBUG [EBManual_Notification_JSSTTL-116701] TestStepResult of PushConfigxml: Pass
2016-01-27 19:47:02,852 DEBUG [EBManual_Notification_JSSTTL-116701] allstep_result contains: PassPassPassPassPassPassnull
2016-01-27 19:47:02,852 DEBUG [EBManual_Notification_JSSTTL-116701] allexpected_result contains: null
2016-01-27 19:47:02,852 DEBUG [EBManual_Notification_JSSTTL-116701] Testcase_Result contains: nullPassPassPassPassPassPassnull
2016-01-27 19:47:02,852 DEBUG [EBManual_Notification_JSSTTL-116701] Test case with description Change Start page Pass
2016-01-27 19:47:03,942 DEBUG [EBManual_Notification_JSSTTL-116701] Executing browser_Quit function
2016-01-27 19:47:03,942 DEBUG [EBManual_Notification_JSSTTL-116701] Completed browser_Quit function
2016-01-27 19:47:03,942 DEBUG [EBManual_Notification_JSSTTL-116701] Completed quitSelendroid function
2016-01-27 19:47:03,942 DEBUG [EBManual_Notification_JSSTTL-116701] Row number:2
2016-01-27 19:47:03,978 DEBUG [EBManual_Notification_JSSTTL-116701] Ending Test Case IDSTTL-116701
