2016-01-27 20:12:11,738 DEBUG [EBManual_Notification_JSSTTL-116732] Executing Test Case ID: STTL-116732
2016-01-27 20:12:11,745 DEBUG [EBManual_Notification_JSSTTL-116732] Executing Init_Selendroid function with APK as parameter and clear data value with 1
2016-01-27 20:12:21,600 DEBUG [EBManual_Notification_JSSTTL-116732] Exiting Init_Selendroid function
2016-01-27 20:12:21,618 DEBUG [EBManual_Notification_JSSTTL-116732] TestCase with Description "showPopup with all null parameters and only button" Execution started
2016-01-27 20:12:21,618 DEBUG [EBManual_Notification_JSSTTL-116732] In execute keyword function
2016-01-27 20:12:21,618 DEBUG [EBManual_Notification_JSSTTL-116732] Executing wait function:
2016-01-27 20:12:21,618 DEBUG [EBManual_Notification_JSSTTL-116732] Started Executing wait function
2016-01-27 20:12:24,618 DEBUG [EBManual_Notification_JSSTTL-116732] Exiting from wait function
2016-01-27 20:12:24,618 DEBUG [EBManual_Notification_JSSTTL-116732] TestStepResult of wait: Pass
2016-01-27 20:12:24,618 DEBUG [EBManual_Notification_JSSTTL-116732] In execute keyword function
2016-01-27 20:12:24,618 DEBUG [EBManual_Notification_JSSTTL-116732] Executing validate_PageTitle function:
2016-01-27 20:12:24,660 DEBUG [EBManual_Notification_JSSTTL-116732] The title of the page is *********************************: Manual specs
2016-01-27 20:12:24,660 DEBUG [EBManual_Notification_JSSTTL-116732] The page title found is correct
2016-01-27 20:12:24,660 DEBUG [EBManual_Notification_JSSTTL-116732] Result of validate_PageTitle: pass
2016-01-27 20:12:24,660 DEBUG [EBManual_Notification_JSSTTL-116732] In execute keyword function
2016-01-27 20:12:24,660 DEBUG [EBManual_Notification_JSSTTL-116732] Executing link_Click function:
2016-01-27 20:12:25,293 DEBUG [EBManual_Notification_JSSTTL-116732] Executing Click function
2016-01-27 20:12:26,381 DEBUG [EBManual_Notification_JSSTTL-116732] Exiting Click function
2016-01-27 20:12:26,381 DEBUG [EBManual_Notification_JSSTTL-116732] notification_test_link clicked successfully
2016-01-27 20:12:26,381 DEBUG [EBManual_Notification_JSSTTL-116732] TestStepResult of link_Click: Pass
2016-01-27 20:12:26,381 DEBUG [EBManual_Notification_JSSTTL-116732] In execute keyword function
2016-01-27 20:12:26,381 DEBUG [EBManual_Notification_JSSTTL-116732] Executing validate_PageTitle function:
2016-01-27 20:12:26,400 DEBUG [EBManual_Notification_JSSTTL-116732] The title of the page is *********************************: Notification JS Test
2016-01-27 20:12:26,400 DEBUG [EBManual_Notification_JSSTTL-116732] The page title found is correct
2016-01-27 20:12:26,400 DEBUG [EBManual_Notification_JSSTTL-116732] Result of validate_PageTitle: pass
2016-01-27 20:12:26,400 DEBUG [EBManual_Notification_JSSTTL-116732] In execute keyword function
2016-01-27 20:12:26,400 DEBUG [EBManual_Notification_JSSTTL-116732] Executing SelectTestToRun function:
2016-01-27 20:12:29,777 DEBUG [EBManual_Notification_JSSTTL-116732] Successfull in selecting clicking the category
2016-01-27 20:12:29,777 DEBUG [EBManual_Notification_JSSTTL-116732] TestStepResult of SelectTestToRun: pass
2016-01-27 20:12:29,777 DEBUG [EBManual_Notification_JSSTTL-116732] In execute keyword function
2016-01-27 20:12:29,777 DEBUG [EBManual_Notification_JSSTTL-116732] Executing ClickRunTest function:
2016-01-27 20:12:30,186 DEBUG [EBManual_Notification_JSSTTL-116732] Executing Click function
2016-01-27 20:12:31,231 DEBUG [EBManual_Notification_JSSTTL-116732] Exiting Click function
2016-01-27 20:12:31,231 DEBUG [EBManual_Notification_JSSTTL-116732] runtest_top_xpath Button clicked Successfully
2016-01-27 20:12:31,231 DEBUG [EBManual_Notification_JSSTTL-116732] TestStepResult of ClickRunTest: pass
2016-01-27 20:12:31,231 DEBUG [EBManual_Notification_JSSTTL-116732] In execute keyword function
2016-01-27 20:12:31,231 DEBUG [EBManual_Notification_JSSTTL-116732] Executing validate_Text_Exists function:
2016-01-27 20:12:31,765 DEBUG [EBManual_Notification_JSSTTL-116732] VT307-0058 Testcase Text found
2016-01-27 20:12:31,765 DEBUG [EBManual_Notification_JSSTTL-116732] Result of validate_Text_Exists: Pass
2016-01-27 20:12:31,765 DEBUG [EBManual_Notification_JSSTTL-116732] In execute keyword function
2016-01-27 20:12:31,765 DEBUG [EBManual_Notification_JSSTTL-116732] Executing ClickUIButtonText function:
2016-01-27 20:12:31,765 DEBUG [EBManual_Notification_JSSTTL-116732] Entered ClickUIButtonText function
2016-01-27 20:12:31,765 DEBUG [EBManual_Notification_JSSTTL-116732] Started executeCommandLine function
2016-01-27 20:12:35,785 DEBUG [EBManual_Notification_JSSTTL-116732] Started executeCommandLine function
2016-01-27 20:12:40,286 DEBUG [EBManual_Notification_JSSTTL-116732] Exiting ClickUIButtonText function
2016-01-27 20:12:40,286 DEBUG [EBManual_Notification_JSSTTL-116732] TestStepResult of ClickUIButtonText: Pass
2016-01-27 20:12:40,286 DEBUG [EBManual_Notification_JSSTTL-116732] allstep_result contains: PasspasspassPassPassnull
2016-01-27 20:12:40,286 DEBUG [EBManual_Notification_JSSTTL-116732] allexpected_result contains: nullPassnullpassnullpassnull
2016-01-27 20:12:40,286 DEBUG [EBManual_Notification_JSSTTL-116732] Testcase_Result contains: nullPassnullpassnullpassnullPasspasspassPassPassnull
2016-01-27 20:12:40,286 DEBUG [EBManual_Notification_JSSTTL-116732] Test case with description showPopup with all null parameters and only button Pass
2016-01-27 20:12:41,342 DEBUG [EBManual_Notification_JSSTTL-116732] Executing browser_Quit function
2016-01-27 20:12:41,342 DEBUG [EBManual_Notification_JSSTTL-116732] Completed browser_Quit function
2016-01-27 20:12:41,342 DEBUG [EBManual_Notification_JSSTTL-116732] Completed quitSelendroid function
2016-01-27 20:12:41,343 DEBUG [EBManual_Notification_JSSTTL-116732] Row number:33
2016-01-27 20:12:41,389 DEBUG [EBManual_Notification_JSSTTL-116732] Ending Test Case IDSTTL-116732
