2016-01-27 19:55:12,454 DEBUG [EBManual_Notification_JSSTTL-116713] Executing Test Case ID: STTL-116713
2016-01-27 19:55:12,462 DEBUG [EBManual_Notification_JSSTTL-116713] Executing Init_Selendroid function with APK as parameter and clear data value with 1
2016-01-27 19:55:22,807 DEBUG [EBManual_Notification_JSSTTL-116713] Exiting Init_Selendroid function
2016-01-27 19:55:22,826 DEBUG [EBManual_Notification_JSSTTL-116713] TestCase with Description "should display a notification in notification bar when app is in background when types is only EB.TYPE_NOTIFICATION." Execution started
2016-01-27 19:55:22,826 DEBUG [EBManual_Notification_JSSTTL-116713] In execute keyword function
2016-01-27 19:55:22,827 DEBUG [EBManual_Notification_JSSTTL-116713] Executing wait function:
2016-01-27 19:55:22,827 DEBUG [EBManual_Notification_JSSTTL-116713] Started Executing wait function
2016-01-27 19:55:27,827 DEBUG [EBManual_Notification_JSSTTL-116713] Exiting from wait function
2016-01-27 19:55:27,827 DEBUG [EBManual_Notification_JSSTTL-116713] TestStepResult of wait: Pass
2016-01-27 19:55:27,827 DEBUG [EBManual_Notification_JSSTTL-116713] In execute keyword function
2016-01-27 19:55:27,827 DEBUG [EBManual_Notification_JSSTTL-116713] Executing validate_PageTitle function:
2016-01-27 19:55:27,867 DEBUG [EBManual_Notification_JSSTTL-116713] The title of the page is *********************************: Manual specs
2016-01-27 19:55:27,868 DEBUG [EBManual_Notification_JSSTTL-116713] The page title found is correct
2016-01-27 19:55:27,868 DEBUG [EBManual_Notification_JSSTTL-116713] Result of validate_PageTitle: pass
2016-01-27 19:55:27,868 DEBUG [EBManual_Notification_JSSTTL-116713] In execute keyword function
2016-01-27 19:55:27,868 DEBUG [EBManual_Notification_JSSTTL-116713] Executing link_Click function:
2016-01-27 19:55:28,520 DEBUG [EBManual_Notification_JSSTTL-116713] Executing Click function
2016-01-27 19:55:29,632 DEBUG [EBManual_Notification_JSSTTL-116713] Exiting Click function
2016-01-27 19:55:29,632 DEBUG [EBManual_Notification_JSSTTL-116713] notification_test_link clicked successfully
2016-01-27 19:55:29,632 DEBUG [EBManual_Notification_JSSTTL-116713] TestStepResult of link_Click: Pass
2016-01-27 19:55:29,632 DEBUG [EBManual_Notification_JSSTTL-116713] In execute keyword function
2016-01-27 19:55:29,632 DEBUG [EBManual_Notification_JSSTTL-116713] Executing validate_PageTitle function:
2016-01-27 19:55:29,649 DEBUG [EBManual_Notification_JSSTTL-116713] The title of the page is *********************************: Notification JS Test
2016-01-27 19:55:29,649 DEBUG [EBManual_Notification_JSSTTL-116713] The page title found is correct
2016-01-27 19:55:29,649 DEBUG [EBManual_Notification_JSSTTL-116713] Result of validate_PageTitle: pass
2016-01-27 19:55:29,649 DEBUG [EBManual_Notification_JSSTTL-116713] In execute keyword function
2016-01-27 19:55:29,649 DEBUG [EBManual_Notification_JSSTTL-116713] Executing SelectTestToRun function:
2016-01-27 19:55:35,632 DEBUG [EBManual_Notification_JSSTTL-116713] Successfull in selecting clicking the category
2016-01-27 19:55:35,632 DEBUG [EBManual_Notification_JSSTTL-116713] TestStepResult of SelectTestToRun: pass
2016-01-27 19:55:35,632 DEBUG [EBManual_Notification_JSSTTL-116713] In execute keyword function
2016-01-27 19:55:35,632 DEBUG [EBManual_Notification_JSSTTL-116713] Executing ClickRunTest function:
2016-01-27 19:55:35,994 DEBUG [EBManual_Notification_JSSTTL-116713] Executing Click function
2016-01-27 19:55:37,062 DEBUG [EBManual_Notification_JSSTTL-116713] Exiting Click function
2016-01-27 19:55:37,062 DEBUG [EBManual_Notification_JSSTTL-116713] runtest_top_xpath Button clicked Successfully
2016-01-27 19:55:37,062 DEBUG [EBManual_Notification_JSSTTL-116713] TestStepResult of ClickRunTest: pass
2016-01-27 19:55:37,062 DEBUG [EBManual_Notification_JSSTTL-116713] In execute keyword function
2016-01-27 19:55:37,062 DEBUG [EBManual_Notification_JSSTTL-116713] Executing validate_Text_Exists function:
2016-01-27 19:55:37,680 DEBUG [EBManual_Notification_JSSTTL-116713] VT307-0031 Testcase Text found
2016-01-27 19:55:37,681 DEBUG [EBManual_Notification_JSSTTL-116713] Result of validate_Text_Exists: Pass
2016-01-27 19:55:37,681 DEBUG [EBManual_Notification_JSSTTL-116713] In execute keyword function
2016-01-27 19:55:37,681 DEBUG [EBManual_Notification_JSSTTL-116713] Executing ClickRunTest function:
2016-01-27 19:55:38,041 DEBUG [EBManual_Notification_JSSTTL-116713] Executing Click function
2016-01-27 19:55:39,008 DEBUG [EBManual_Notification_JSSTTL-116713] Exiting Click function
2016-01-27 19:55:39,008 DEBUG [EBManual_Notification_JSSTTL-116713] runtest_bottom_xpath Button clicked Successfully
2016-01-27 19:55:39,009 DEBUG [EBManual_Notification_JSSTTL-116713] TestStepResult of ClickRunTest: pass
2016-01-27 19:55:39,009 DEBUG [EBManual_Notification_JSSTTL-116713] In execute keyword function
2016-01-27 19:55:39,009 DEBUG [EBManual_Notification_JSSTTL-116713] Executing wait function:
2016-01-27 19:55:39,009 DEBUG [EBManual_Notification_JSSTTL-116713] Started Executing wait function
2016-01-27 19:55:44,010 DEBUG [EBManual_Notification_JSSTTL-116713] Exiting from wait function
2016-01-27 19:55:44,010 DEBUG [EBManual_Notification_JSSTTL-116713] TestStepResult of wait: Pass
2016-01-27 19:55:44,010 DEBUG [EBManual_Notification_JSSTTL-116713] In execute keyword function
2016-01-27 19:55:44,010 DEBUG [EBManual_Notification_JSSTTL-116713] Executing SwipeNotificationAndTap function:
2016-01-27 19:55:44,010 DEBUG [EBManual_Notification_JSSTTL-116713] Entered SwipeNotificationAndTap function
2016-01-27 19:55:44,028 DEBUG [EBManual_Notification_JSSTTL-116713] Started executeCommandLine function
2016-01-27 19:55:48,048 DEBUG [EBManual_Notification_JSSTTL-116713] Started executeCommandLine function
2016-01-27 19:55:52,069 DEBUG [EBManual_Notification_JSSTTL-116713] Started executeCommandLine function
2016-01-27 19:55:56,090 DEBUG [EBManual_Notification_JSSTTL-116713] Exiting SwipeNotificationAndTap function
2016-01-27 19:55:56,090 DEBUG [EBManual_Notification_JSSTTL-116713] TestStepResult of SwipeNotificationAndTap: Pass
2016-01-27 19:55:56,090 DEBUG [EBManual_Notification_JSSTTL-116713] In execute keyword function
2016-01-27 19:55:56,090 DEBUG [EBManual_Notification_JSSTTL-116713] Executing validate_PageTitle function:
2016-01-27 19:55:56,132 DEBUG [EBManual_Notification_JSSTTL-116713] The title of the page is *********************************: Notification JS Test
2016-01-27 19:55:56,132 DEBUG [EBManual_Notification_JSSTTL-116713] The page title found is correct
2016-01-27 19:55:56,132 DEBUG [EBManual_Notification_JSSTTL-116713] Result of validate_PageTitle: pass
2016-01-27 19:55:56,132 DEBUG [EBManual_Notification_JSSTTL-116713] allstep_result contains: PassPasspasspasspassPassPassnull
2016-01-27 19:55:56,132 DEBUG [EBManual_Notification_JSSTTL-116713] allexpected_result contains: nullpassnullPassnullpassnullpassnull
2016-01-27 19:55:56,132 DEBUG [EBManual_Notification_JSSTTL-116713] Testcase_Result contains: nullpassnullPassnullpassnullpassnullPassPasspasspasspassPassPassnull
2016-01-27 19:55:56,132 DEBUG [EBManual_Notification_JSSTTL-116713] Test case with description should display a notification in notification bar when app is in background when types is only EB.TYPE_NOTIFICATION. Pass
2016-01-27 19:55:57,153 DEBUG [EBManual_Notification_JSSTTL-116713] Executing browser_Quit function
2016-01-27 19:55:57,153 DEBUG [EBManual_Notification_JSSTTL-116713] Completed browser_Quit function
2016-01-27 19:55:57,153 DEBUG [EBManual_Notification_JSSTTL-116713] Completed quitSelendroid function
2016-01-27 19:55:57,153 DEBUG [EBManual_Notification_JSSTTL-116713] Row number:14
2016-01-27 19:55:57,195 DEBUG [EBManual_Notification_JSSTTL-116713] Ending Test Case IDSTTL-116713
