2016-01-27 19:57:55,885 DEBUG [EBManual_Notification_JSSTTL-116716] Executing Test Case ID: STTL-116716
2016-01-27 19:57:55,892 DEBUG [EBManual_Notification_JSSTTL-116716] Executing Init_Selendroid function with APK as parameter and clear data value with 1
2016-01-27 19:58:05,825 DEBUG [EBManual_Notification_JSSTTL-116716] Exiting Init_Selendroid function
2016-01-27 19:58:05,843 DEBUG [EBManual_Notification_JSSTTL-116716] TestCase with Description "Should allow to interact with application from notification area without activating the application when types is only notificationDialog." Execution started
2016-01-27 19:58:05,843 DEBUG [EBManual_Notification_JSSTTL-116716] In execute keyword function
2016-01-27 19:58:05,843 DEBUG [EBManual_Notification_JSSTTL-116716] Executing wait function:
2016-01-27 19:58:05,843 DEBUG [EBManual_Notification_JSSTTL-116716] Started Executing wait function
2016-01-27 19:58:10,844 DEBUG [EBManual_Notification_JSSTTL-116716] Exiting from wait function
2016-01-27 19:58:10,844 DEBUG [EBManual_Notification_JSSTTL-116716] TestStepResult of wait: Pass
2016-01-27 19:58:10,844 DEBUG [EBManual_Notification_JSSTTL-116716] In execute keyword function
2016-01-27 19:58:10,844 DEBUG [EBManual_Notification_JSSTTL-116716] Executing validate_PageTitle function:
2016-01-27 19:58:10,885 DEBUG [EBManual_Notification_JSSTTL-116716] The title of the page is *********************************: Manual specs
2016-01-27 19:58:10,885 DEBUG [EBManual_Notification_JSSTTL-116716] The page title found is correct
2016-01-27 19:58:10,885 DEBUG [EBManual_Notification_JSSTTL-116716] Result of validate_PageTitle: pass
2016-01-27 19:58:10,885 DEBUG [EBManual_Notification_JSSTTL-116716] In execute keyword function
2016-01-27 19:58:10,885 DEBUG [EBManual_Notification_JSSTTL-116716] Executing link_Click function:
2016-01-27 19:58:11,536 DEBUG [EBManual_Notification_JSSTTL-116716] Executing Click function
2016-01-27 19:58:12,638 DEBUG [EBManual_Notification_JSSTTL-116716] Exiting Click function
2016-01-27 19:58:12,638 DEBUG [EBManual_Notification_JSSTTL-116716] notification_test_link clicked successfully
2016-01-27 19:58:12,638 DEBUG [EBManual_Notification_JSSTTL-116716] TestStepResult of link_Click: Pass
2016-01-27 19:58:12,639 DEBUG [EBManual_Notification_JSSTTL-116716] In execute keyword function
2016-01-27 19:58:12,639 DEBUG [EBManual_Notification_JSSTTL-116716] Executing validate_PageTitle function:
2016-01-27 19:58:12,655 DEBUG [EBManual_Notification_JSSTTL-116716] The title of the page is *********************************: Notification JS Test
2016-01-27 19:58:12,655 DEBUG [EBManual_Notification_JSSTTL-116716] The page title found is correct
2016-01-27 19:58:12,655 DEBUG [EBManual_Notification_JSSTTL-116716] Result of validate_PageTitle: pass
2016-01-27 19:58:12,655 DEBUG [EBManual_Notification_JSSTTL-116716] In execute keyword function
2016-01-27 19:58:12,655 DEBUG [EBManual_Notification_JSSTTL-116716] Executing SelectTestToRun function:
2016-01-27 19:58:19,244 DEBUG [EBManual_Notification_JSSTTL-116716] Successfull in selecting clicking the category
2016-01-27 19:58:19,244 DEBUG [EBManual_Notification_JSSTTL-116716] TestStepResult of SelectTestToRun: pass
2016-01-27 19:58:19,244 DEBUG [EBManual_Notification_JSSTTL-116716] In execute keyword function
2016-01-27 19:58:19,244 DEBUG [EBManual_Notification_JSSTTL-116716] Executing ClickRunTest function:
2016-01-27 19:58:19,529 DEBUG [EBManual_Notification_JSSTTL-116716] Executing Click function
2016-01-27 19:58:20,539 DEBUG [EBManual_Notification_JSSTTL-116716] Exiting Click function
2016-01-27 19:58:20,539 DEBUG [EBManual_Notification_JSSTTL-116716] runtest_top_xpath Button clicked Successfully
2016-01-27 19:58:20,539 DEBUG [EBManual_Notification_JSSTTL-116716] TestStepResult of ClickRunTest: pass
2016-01-27 19:58:20,539 DEBUG [EBManual_Notification_JSSTTL-116716] In execute keyword function
2016-01-27 19:58:20,539 DEBUG [EBManual_Notification_JSSTTL-116716] Executing wait function:
2016-01-27 19:58:20,539 DEBUG [EBManual_Notification_JSSTTL-116716] Started Executing wait function
2016-01-27 19:58:22,540 DEBUG [EBManual_Notification_JSSTTL-116716] Exiting from wait function
2016-01-27 19:58:22,540 DEBUG [EBManual_Notification_JSSTTL-116716] TestStepResult of wait: Pass
2016-01-27 19:58:22,540 DEBUG [EBManual_Notification_JSSTTL-116716] In execute keyword function
2016-01-27 19:58:22,540 DEBUG [EBManual_Notification_JSSTTL-116716] Executing validate_Text_Exists function:
2016-01-27 19:58:22,844 DEBUG [EBManual_Notification_JSSTTL-116716] VT307-0038 Testcase Text found
2016-01-27 19:58:22,844 DEBUG [EBManual_Notification_JSSTTL-116716] Result of validate_Text_Exists: Pass
2016-01-27 19:58:22,844 DEBUG [EBManual_Notification_JSSTTL-116716] In execute keyword function
2016-01-27 19:58:22,844 DEBUG [EBManual_Notification_JSSTTL-116716] Executing ClickRunTest function:
2016-01-27 19:58:23,167 DEBUG [EBManual_Notification_JSSTTL-116716] Executing Click function
2016-01-27 19:58:24,174 DEBUG [EBManual_Notification_JSSTTL-116716] Exiting Click function
2016-01-27 19:58:24,174 DEBUG [EBManual_Notification_JSSTTL-116716] runtest_bottom_xpath Button clicked Successfully
2016-01-27 19:58:24,174 DEBUG [EBManual_Notification_JSSTTL-116716] TestStepResult of ClickRunTest: pass
2016-01-27 19:58:24,174 DEBUG [EBManual_Notification_JSSTTL-116716] In execute keyword function
2016-01-27 19:58:24,174 DEBUG [EBManual_Notification_JSSTTL-116716] Executing wait function:
2016-01-27 19:58:24,174 DEBUG [EBManual_Notification_JSSTTL-116716] Started Executing wait function
2016-01-27 19:58:26,174 DEBUG [EBManual_Notification_JSSTTL-116716] Exiting from wait function
2016-01-27 19:58:26,174 DEBUG [EBManual_Notification_JSSTTL-116716] TestStepResult of wait: Pass
2016-01-27 19:58:26,174 DEBUG [EBManual_Notification_JSSTTL-116716] In execute keyword function
2016-01-27 19:58:26,174 DEBUG [EBManual_Notification_JSSTTL-116716] Executing launch_App_Device function:
2016-01-27 19:58:26,174 DEBUG [EBManual_Notification_JSSTTL-116716] Started Executing Launch_App_Device function
2016-01-27 19:58:26,174 DEBUG [EBManual_Notification_JSSTTL-116716] Started executeCommandLine function
2016-01-27 19:58:30,195 DEBUG [EBManual_Notification_JSSTTL-116716] Exiting from executeCommandLine function
2016-01-27 19:58:31,196 DEBUG [EBManual_Notification_JSSTTL-116716] Successfully launched the App
2016-01-27 19:58:31,196 DEBUG [EBManual_Notification_JSSTTL-116716] Exiting Launch_App_Device function
2016-01-27 19:58:31,196 DEBUG [EBManual_Notification_JSSTTL-116716] TestStepResult of launch_App_Device: Pass
2016-01-27 19:58:31,196 DEBUG [EBManual_Notification_JSSTTL-116716] In execute keyword function
2016-01-27 19:58:31,196 DEBUG [EBManual_Notification_JSSTTL-116716] Executing CheckUITextContains function:
2016-01-27 19:58:31,196 DEBUG [EBManual_Notification_JSSTTL-116716] Started executeCommandLine function
2016-01-27 19:58:35,215 DEBUG [EBManual_Notification_JSSTTL-116716] Text is Present
2016-01-27 19:58:35,215 DEBUG [EBManual_Notification_JSSTTL-116716] TestStepResult of CheckUITextContains: Pass
2016-01-27 19:58:35,215 DEBUG [EBManual_Notification_JSSTTL-116716] In execute keyword function
2016-01-27 19:58:35,215 DEBUG [EBManual_Notification_JSSTTL-116716] Executing ClickUIButtonText function:
2016-01-27 19:58:35,215 DEBUG [EBManual_Notification_JSSTTL-116716] Entered ClickUIButtonText function
2016-01-27 19:58:35,215 DEBUG [EBManual_Notification_JSSTTL-116716] Started executeCommandLine function
2016-01-27 19:58:39,236 DEBUG [EBManual_Notification_JSSTTL-116716] Started executeCommandLine function
2016-01-27 19:58:43,718 DEBUG [EBManual_Notification_JSSTTL-116716] Exiting ClickUIButtonText function
2016-01-27 19:58:43,718 DEBUG [EBManual_Notification_JSSTTL-116716] TestStepResult of ClickUIButtonText: Pass
2016-01-27 19:58:43,718 DEBUG [EBManual_Notification_JSSTTL-116716] In execute keyword function
2016-01-27 19:58:43,718 DEBUG [EBManual_Notification_JSSTTL-116716] Executing validate_Result function:
2016-01-27 19:58:44,001 DEBUG [EBManual_Notification_JSSTTL-116716] "button_title":"yes" Text found in {"button_title":"yes","button_id":"accept","button_index":"0"}
2016-01-27 19:58:44,001 DEBUG [EBManual_Notification_JSSTTL-116716] Result of validate_Result: Pass
2016-01-27 19:58:44,001 DEBUG [EBManual_Notification_JSSTTL-116716] In execute keyword function
2016-01-27 19:58:44,001 DEBUG [EBManual_Notification_JSSTTL-116716] Executing validate_Result function:
2016-01-27 19:58:44,144 DEBUG [EBManual_Notification_JSSTTL-116716] "button_id":"accept" Text found in {"button_title":"yes","button_id":"accept","button_index":"0"}
2016-01-27 19:58:44,144 DEBUG [EBManual_Notification_JSSTTL-116716] Result of validate_Result: Pass
2016-01-27 19:58:44,144 DEBUG [EBManual_Notification_JSSTTL-116716] In execute keyword function
2016-01-27 19:58:44,144 DEBUG [EBManual_Notification_JSSTTL-116716] Executing validate_Result function:
2016-01-27 19:58:44,292 DEBUG [EBManual_Notification_JSSTTL-116716] "button_index":"0" Text found in {"button_title":"yes","button_id":"accept","button_index":"0"}
2016-01-27 19:58:44,292 DEBUG [EBManual_Notification_JSSTTL-116716] Result of validate_Result: Pass
2016-01-27 19:58:44,292 DEBUG [EBManual_Notification_JSSTTL-116716] allstep_result contains: PassPassPassPasspassPasspasspassPassPassnull
2016-01-27 19:58:44,292 DEBUG [EBManual_Notification_JSSTTL-116716] allexpected_result contains: nullPassPassPassnullPassnullpassnullpassnull
2016-01-27 19:58:44,292 DEBUG [EBManual_Notification_JSSTTL-116716] Testcase_Result contains: nullPassPassPassnullPassnullpassnullpassnullPassPassPassPasspassPasspasspassPassPassnull
2016-01-27 19:58:44,292 DEBUG [EBManual_Notification_JSSTTL-116716] Test case with description Should allow to interact with application from notification area without activating the application when types is only notificationDialog. Pass
2016-01-27 19:58:45,252 DEBUG [EBManual_Notification_JSSTTL-116716] Executing browser_Quit function
2016-01-27 19:58:45,253 DEBUG [EBManual_Notification_JSSTTL-116716] Completed browser_Quit function
2016-01-27 19:58:45,253 DEBUG [EBManual_Notification_JSSTTL-116716] Completed quitSelendroid function
2016-01-27 19:58:45,253 DEBUG [EBManual_Notification_JSSTTL-116716] Row number:17
2016-01-27 19:58:45,293 DEBUG [EBManual_Notification_JSSTTL-116716] Ending Test Case IDSTTL-116716
