2016-01-27 19:47:58,652 DEBUG [EBManual_Notification_JSSTTL-116703] Executing Test Case ID: STTL-116703
2016-01-27 19:47:58,660 DEBUG [EBManual_Notification_JSSTTL-116703] Executing Init_Selendroid function with APK as parameter and clear data value with 1
2016-01-27 19:48:09,070 DEBUG [EBManual_Notification_JSSTTL-116703] Exiting Init_Selendroid function
2016-01-27 19:48:09,090 DEBUG [EBManual_Notification_JSSTTL-116703] TestCase with Description "showStatus" Execution started
2016-01-27 19:48:09,090 DEBUG [EBManual_Notification_JSSTTL-116703] In execute keyword function
2016-01-27 19:48:09,090 DEBUG [EBManual_Notification_JSSTTL-116703] Executing wait function:
2016-01-27 19:48:09,090 DEBUG [EBManual_Notification_JSSTTL-116703] Started Executing wait function
2016-01-27 19:48:12,091 DEBUG [EBManual_Notification_JSSTTL-116703] Exiting from wait function
2016-01-27 19:48:12,091 DEBUG [EBManual_Notification_JSSTTL-116703] TestStepResult of wait: Pass
2016-01-27 19:48:12,091 DEBUG [EBManual_Notification_JSSTTL-116703] In execute keyword function
2016-01-27 19:48:12,091 DEBUG [EBManual_Notification_JSSTTL-116703] Executing validate_PageTitle function:
2016-01-27 19:48:12,131 DEBUG [EBManual_Notification_JSSTTL-116703] The title of the page is *********************************: Manual specs
2016-01-27 19:48:12,131 DEBUG [EBManual_Notification_JSSTTL-116703] The page title found is correct
2016-01-27 19:48:12,131 DEBUG [EBManual_Notification_JSSTTL-116703] Result of validate_PageTitle: pass
2016-01-27 19:48:12,131 DEBUG [EBManual_Notification_JSSTTL-116703] In execute keyword function
2016-01-27 19:48:12,131 DEBUG [EBManual_Notification_JSSTTL-116703] Executing link_Click function:
2016-01-27 19:48:12,771 DEBUG [EBManual_Notification_JSSTTL-116703] Executing Click function
2016-01-27 19:48:13,875 DEBUG [EBManual_Notification_JSSTTL-116703] Exiting Click function
2016-01-27 19:48:13,875 DEBUG [EBManual_Notification_JSSTTL-116703] notification_test_link clicked successfully
2016-01-27 19:48:13,875 DEBUG [EBManual_Notification_JSSTTL-116703] TestStepResult of link_Click: Pass
2016-01-27 19:48:13,875 DEBUG [EBManual_Notification_JSSTTL-116703] In execute keyword function
2016-01-27 19:48:13,875 DEBUG [EBManual_Notification_JSSTTL-116703] Executing validate_PageTitle function:
2016-01-27 19:48:13,891 DEBUG [EBManual_Notification_JSSTTL-116703] The title of the page is *********************************: Notification JS Test
2016-01-27 19:48:13,891 DEBUG [EBManual_Notification_JSSTTL-116703] The page title found is correct
2016-01-27 19:48:13,891 DEBUG [EBManual_Notification_JSSTTL-116703] Result of validate_PageTitle: pass
2016-01-27 19:48:13,892 DEBUG [EBManual_Notification_JSSTTL-116703] In execute keyword function
2016-01-27 19:48:13,892 DEBUG [EBManual_Notification_JSSTTL-116703] Executing SelectTestToRun function:
2016-01-27 19:48:16,794 DEBUG [EBManual_Notification_JSSTTL-116703] Successfull in selecting clicking the category
2016-01-27 19:48:16,794 DEBUG [EBManual_Notification_JSSTTL-116703] TestStepResult of SelectTestToRun: pass
2016-01-27 19:48:16,794 DEBUG [EBManual_Notification_JSSTTL-116703] In execute keyword function
2016-01-27 19:48:16,794 DEBUG [EBManual_Notification_JSSTTL-116703] Executing ClickRunTest function:
2016-01-27 19:48:17,114 DEBUG [EBManual_Notification_JSSTTL-116703] Executing Click function
2016-01-27 19:48:18,121 DEBUG [EBManual_Notification_JSSTTL-116703] Exiting Click function
2016-01-27 19:48:18,121 DEBUG [EBManual_Notification_JSSTTL-116703] runtest_top_xpath Button clicked Successfully
2016-01-27 19:48:18,121 DEBUG [EBManual_Notification_JSSTTL-116703] TestStepResult of ClickRunTest: pass
2016-01-27 19:48:18,121 DEBUG [EBManual_Notification_JSSTTL-116703] In execute keyword function
2016-01-27 19:48:18,121 DEBUG [EBManual_Notification_JSSTTL-116703] Executing validate_Text_Exists function:
2016-01-27 19:48:18,685 DEBUG [EBManual_Notification_JSSTTL-116703] VT307-0018 Testcase Text found
2016-01-27 19:48:18,685 DEBUG [EBManual_Notification_JSSTTL-116703] Result of validate_Text_Exists: Pass
2016-01-27 19:48:18,685 DEBUG [EBManual_Notification_JSSTTL-116703] In execute keyword function
2016-01-27 19:48:18,685 DEBUG [EBManual_Notification_JSSTTL-116703] Executing CheckUITextContains function:
2016-01-27 19:48:18,685 DEBUG [EBManual_Notification_JSSTTL-116703] Started executeCommandLine function
2016-01-27 19:48:22,707 DEBUG [EBManual_Notification_JSSTTL-116703] Text is Present
2016-01-27 19:48:22,707 DEBUG [EBManual_Notification_JSSTTL-116703] TestStepResult of CheckUITextContains: Pass
2016-01-27 19:48:22,707 DEBUG [EBManual_Notification_JSSTTL-116703] In execute keyword function
2016-01-27 19:48:22,707 DEBUG [EBManual_Notification_JSSTTL-116703] Executing ClickUIButtonText function:
2016-01-27 19:48:22,707 DEBUG [EBManual_Notification_JSSTTL-116703] Entered ClickUIButtonText function
2016-01-27 19:48:22,707 DEBUG [EBManual_Notification_JSSTTL-116703] Started executeCommandLine function
2016-01-27 19:48:26,727 DEBUG [EBManual_Notification_JSSTTL-116703] Started executeCommandLine function
2016-01-27 19:48:31,209 DEBUG [EBManual_Notification_JSSTTL-116703] Exiting ClickUIButtonText function
2016-01-27 19:48:31,210 DEBUG [EBManual_Notification_JSSTTL-116703] TestStepResult of ClickUIButtonText: Pass
2016-01-27 19:48:31,210 DEBUG [EBManual_Notification_JSSTTL-116703] allstep_result contains: PassPasspasspassPassPassnull
2016-01-27 19:48:31,210 DEBUG [EBManual_Notification_JSSTTL-116703] allexpected_result contains: nullPassnullpassnullpassnull
2016-01-27 19:48:31,210 DEBUG [EBManual_Notification_JSSTTL-116703] Testcase_Result contains: nullPassnullpassnullpassnullPassPasspasspassPassPassnull
2016-01-27 19:48:31,210 DEBUG [EBManual_Notification_JSSTTL-116703] Test case with description showStatus Pass
2016-01-27 19:48:32,331 DEBUG [EBManual_Notification_JSSTTL-116703] Executing browser_Quit function
2016-01-27 19:48:32,331 DEBUG [EBManual_Notification_JSSTTL-116703] Completed browser_Quit function
2016-01-27 19:48:32,331 DEBUG [EBManual_Notification_JSSTTL-116703] Completed quitSelendroid function
2016-01-27 19:48:32,331 DEBUG [EBManual_Notification_JSSTTL-116703] Row number:4
2016-01-27 19:48:32,372 DEBUG [EBManual_Notification_JSSTTL-116703] Ending Test Case IDSTTL-116703
